number of sites to be analyzed:  41
Successfully loaded parameter value from ./save/MG94_Force_ENSG00000182885_ENSG00000205336_nonclock_save.txt
log likelihood =  -892.642998624
Edge derivatives =  [0.0018508968178749807, -0.0019107840918938274, -0.0004419156223351983, 0.0030430311341934635, 0.0015377640460251807, 0.004092473073278535, -0.0026259114026364605, -0.000729901892702195, 0.0016998356320575905, -0.004040915645601384, -0.000729901892702306, 3.7772357885685446e-16, 0.00033194919812001844, -0.001674123350903104, 3.8668902650287593e-16, -0.0007299018927023615, 0.0003504494499083806, 0.0004502671548641153]
other derivatives: [-0.01766693  0.00546834  0.01123226  0.00676437  0.00325144  0.        ]
Current x array =  [ -0.70680484  -0.88051937  -0.4921206    0.76867402  -1.21564032
   0.33647224   0.13147445  -9.          -2.33574719  -1.20415703
  -2.57379583  -2.1227799   -3.97205622  -3.46664938  -3.82311931
   0.98592022  -3.46664938  -2.30258509  -4.34167245 -10.73907779
  -2.30258509  -3.46664938  -4.34290306  -4.35326969]
log likelihood =  -892.713756495
Edge derivatives =  [-0.013626989196981465, -0.001908529945978069, -0.04034331525053361, -0.008661994938464868, -0.021006766230213636, -0.01127655666351697, 0.0006623410289779835, -0.0011479785410910825, -0.003037239553435135, 0.20409339776934987, -0.0011479785410912213, 4.2871357578368637e-19, -0.0006952638097402902, -0.0016724372047797274, 2.2026802933712064e-19, -0.0011479785410911103, -0.0007933422692700254, -0.0004655909457190015]
other derivatives: [ 5.39470193 -0.62298113 -3.5879907  -0.23239863 -0.02008846  0.        ]
Current x array =  [ -0.72447178  -0.87505103  -0.48088834   0.77543839  -1.21238887
   0.33647224   0.13332535  -9.          -2.33618911  -1.201114
  -2.57225806  -2.11868743  -3.97468213  -3.46737928  -3.82141948
   0.9818793   -3.46737928  -2.30258509  -4.3413405  -10.74075191
  -2.30258509  -3.46737928  -4.34255261  -4.35281942]
log likelihood =  -892.642997424
Edge derivatives =  [0.0018150415808718678, -0.001910774097796329, -0.0006045442719175287, 0.003006849270463352, 0.0014487017541619795, 0.004032573610103646, -0.002611205770558657, -0.0007306851138375037, 0.0016814561153907642, -0.0031323134714400513, -0.0007306851138375314, -8.956138158508955e-21, 0.00032823742914243545, -0.0016741156472409062, -8.93648511407737e-21, -0.0007306851138375314, 0.0003462680829119068, 0.00044702785976827655]
other derivatives: [ 0.00509317  0.00294449 -0.00308091  0.00582077  0.00325144  0.        ]
Current x array =  [ -0.70687706  -0.88049702  -0.49207468   0.76870167  -1.21562703
   0.33647224   0.13148201  -9.          -2.335749    -1.20414459
  -2.57378954  -2.12276317  -3.97206695  -3.46665236  -3.82311236
   0.9859037   -3.46665236  -2.30258509  -4.34167109 -10.73908463
  -2.30258509  -3.46665236  -4.34290163  -4.35326784]
  status: 0
 success: True
    nfev: 3
     fun: 892.6429974236947
       x: array([ -0.70687706,  -0.88049702,  -0.49207468,   0.76870167,
        -1.21562703,   0.33647224,   0.13148201,  -9.        ,
        -2.335749  ,  -1.20414459,  -2.57378954,  -2.12276317,
        -3.97206695,  -3.46665236,  -3.82311236,   0.9859037 ,
        -3.46665236,  -2.30258509,  -4.34167109, -10.73908463,
        -2.30258509,  -3.46665236,  -4.34290163,  -4.35326784])
 message: 'CONVERGENCE: REL_REDUCTION_OF_F_<=_FACTR*EPSMCH'
     jac: array([ -5.09317033e-03,  -2.94448910e-03,   3.08091330e-03,
        -5.82076609e-03,  -3.25144356e-03,  -0.00000000e+00,
        -1.81504158e-03,   1.91077410e-03,   6.04544272e-04,
        -3.00684927e-03,  -1.44870175e-03,  -4.03257361e-03,
         2.61120577e-03,   7.30685114e-04,  -1.68145612e-03,
         3.13231347e-03,   7.30685114e-04,   8.95613816e-21,
        -3.28237429e-04,   1.67411565e-03,   8.93648511e-21,
         7.30685114e-04,  -3.46268083e-04,  -4.47027860e-04])
     nit: 1
