number of sites to be analyzed:  112
log likelihood =  -2254.01245625
Edge derivatives =  [151.24150981209937, -0.8709426884857502, 0.3635309141815354, 4.717255040148877, 28.203104140999976, 9.57007130473717, -15.248985906937582, -16.76644997435333, -19.03188882842982, -11.549070506603464, -16.766449974353325, -9.648016586063308e-16, -14.577717285577563, -11.476051414531451, -9.613465089044824e-16, -16.766449974353325, -22.13710604419809, -13.270899842294378]
other derivatives: [  8.07362994   8.51759978  -8.96134225  45.18674359 -47.38585631   0.        ]
Current x array =  [-0.66129386 -0.73022245 -0.60032165  0.18232156 -0.10536052  0.33647224
 -2.30258509 -2.30258509 -2.30258509 -2.30258509 -2.30258509 -2.30258509
 -2.30258509 -2.30258509 -2.30258509 -2.30258509 -2.30258509 -2.30258509
 -2.30258509 -2.30258509 -2.30258509 -2.30258509 -2.30258509 -2.30258509]
log likelihood =  -2093.13448079
Edge derivatives =  [130.92729155146188, -2.787750510868507, -2.213153038348086, 2.6265337412373624, 26.67299801550559, 8.492694841610392, -13.381140682737108, -14.906830677105065, -16.707023505520596, -10.10270808013726, -14.906830677105063, -2.7003074316790125e-16, -12.752740528718538, -10.047459687118744, -2.884191313117187e-16, -14.906830677105066, -19.480751700891492, -11.621857969432366]
other derivatives: [  6.12981239   5.51131052  13.42582436  23.30880307 -25.81923582   0.        ]
Current x array =  [-0.65780697 -0.72634239 -0.65143811  0.44007161 -0.37565455  0.33647224
 -1.43988722 -2.30755304 -2.30051147 -2.27567736 -2.14171155 -2.24799637
 -2.38956695 -2.39822273 -2.41114504 -2.36846224 -2.39822273 -2.30258509
 -2.38573796 -2.36804573 -2.30258509 -2.39822273 -2.42885753 -2.37828374]
log likelihood =  -2578.33507912
Edge derivatives =  [-3.9048256114129004e-13, -2.1066799553987047e-15, -2.611984164983668, -3.574655311959635, -13.361707258326131, -4.394145372072411, -5.403677785211672, -6.355951760372469, -6.928396095534894, -5.14006407007265, -6.355951760372471, 6.367182071720654e-16, -5.752794325444378, -3.4080428440843566, 7.049426071374056e-16, -6.3559517603724665, -8.702040440030325, -4.8216413275930385]
other derivatives: [  4.34828962e+01   4.30935415e+01  -4.90413922e+03   4.35961738e+00
  -3.38563950e+00   0.00000000e+00]
Current x array =  [-0.67546848 -0.8306308  -0.05        0.98636053 -1.07388137  0.33647224
  5.20855635 -2.53110627 -2.5148051  -2.20104649 -0.69623313 -1.80835302
 -3.07632731 -3.17100576 -3.26885213 -2.88570206 -3.17100576 -2.30258509
 -3.03868172 -2.88280109 -2.30258509 -3.17100576 -3.43086427 -2.9738181 ]
log likelihood =  -2000.69382412
Edge derivatives =  [-154.7391425887104, -4.3970646290052455, -1.2378604637752753, 0.18966549958107826, 18.33618651753649, 5.656842016189036, -8.525456574390892, -10.151114188848716, -11.083103957623885, -6.812233662633455, -10.151114188848716, -1.7317826031860347e-16, -8.505188584078425, -6.070727309281152, -1.752325544106598e-16, -10.151114188848718, -13.320776850087963, -7.495594327933061]
other derivatives: [  -1.99725037   10.20207492 -156.15289612   35.17729965  -53.82262316
    0.        ]
Current x array =  [-0.66464265 -0.76670599 -0.41865856  0.65150632 -0.64589503  0.33647224
  1.13331469 -2.39407669 -2.3834513  -2.24679236 -1.58225612 -2.07783759
 -2.65536947 -2.69731931 -2.74311048 -2.56865383 -2.69731931 -2.30258509
 -2.63845217 -2.56727574 -2.30258509 -2.69731931 -2.81667246 -2.60877831]
log likelihood =  -1941.36937466
Edge derivatives =  [28.62543009755721, -5.198968822615227, -2.704635475228299, 1.5712860934567772, 23.141386608318296, 6.761699431739182, -10.597383087793277, -12.245037619679593, -13.445980657169473, -8.24027820606489, -12.245037619679588, -4.353871578455332e-17, -10.315200169855576, -7.807890805056342, -4.3676588804353496e-17, -12.245037619679591, -15.905558120360531, -9.271957721547196]
other derivatives: [  1.89645561   7.5588332  -34.52219062  20.32836619 -21.63010322   0.        ]
Current x array =  [-0.66137293 -0.74739883 -0.53000421  0.55037057 -0.51663066  0.33647224
 -0.09752725 -2.35268976 -2.34377862 -2.26060895 -1.84986093 -2.15922979
 -2.52822792 -2.55425218 -2.58432116 -2.47289601 -2.55425218 -2.30258509
 -2.51757116 -2.47197787 -2.30258509 -2.55425218 -2.6311686  -2.49852564]
log likelihood =  -1946.65069132
Edge derivatives =  [-83.5223360165393, -5.042722047563661, -2.18671901617872, 0.07629981410191575, 15.293124534713542, 1.5923070224698634, -8.169290629596041, -9.40156617763496, -10.260642455803024, -5.841656431856907, -9.40156617763496, 1.609598308093004e-15, -7.444953398475841, -6.139596013681776, 1.5814381753586697e-15, -9.40156617763496, -12.174465856175106, -6.8717225454319735]
other derivatives: [  11.4161594   -28.80176453  133.1158046    13.79307832   -8.63601599
    0.        ]
Current x array =  [-0.67253135 -0.68059281 -0.96490238  0.74511293 -0.74529262  0.33647224
  0.64512086 -2.46857605 -2.42320592 -2.24666556 -1.38581587 -2.02759694
 -2.73293626 -2.79184283 -2.84352769 -2.63102651 -2.79184283 -2.30258509
 -2.7157595  -2.62295137 -2.30258509 -2.79184283 -2.93772448 -2.67716336]
log likelihood =  -1922.37258572
Edge derivatives =  [-18.584986033105633, -5.321350911168546, -2.3271050101036197, 1.1770870017929003, 20.339204510385237, 4.560642781397903, -9.216098173736725, -10.683086264872319, -11.695140171677798, -6.877563482665008, -10.683086264872323, 0.0, -8.723054658106019, -6.803051980852954, 0.0, -10.683086264872324, -13.882474622205255, -7.908858014360873]
other derivatives: [  4.50254447  -6.37526227  56.30524811  15.58835265 -13.05502337   0.        ]
Current x array =  [-0.66654591 -0.71642795 -0.73162047  0.640652   -0.62263702  0.33647224
  0.2467601  -2.40641397 -2.38060065 -2.25414488 -1.63473233 -2.09820556
 -2.62312952 -2.66439783 -2.7044878  -2.54620439 -2.66439783 -2.30258509
 -2.60945012 -2.54196831 -2.30258509 -2.66439783 -2.77328613 -2.58134105]
log likelihood =  -1906.6970926
Edge derivatives =  [-31.108444074556523, -4.90359214448395, -1.6989462210709516, 1.3622796638433374, 17.577668245675838, 3.149033994262248, -7.865841143593646, -9.251579528086074, -10.162606127835337, -5.832509419786418, -9.251579528086072, -1.804528006905553e-15, -7.48074158523907, -5.577286197562962, -1.8451777976585695e-15, -9.251579528086072, -12.226916283311345, -6.680469500118093]
other derivatives: [ -6.24263521  -5.90621312  24.25888397  10.40195912 -10.22099241   0.        ]
Current x array =  [-0.65308303 -0.72424199 -0.63457316  0.7458873  -0.72677382  0.33647224
  0.36689782 -2.45195308 -2.40698595 -2.2462207  -1.45300859 -2.05080904
 -2.70448885 -2.75867009 -2.80756546 -2.60815833 -2.75867009 -2.30258509
 -2.68748057 -2.60202019 -2.30258509 -2.75867009 -2.89533227 -2.65185576]
log likelihood =  -1882.73850516
Edge derivatives =  [-8.510558894810387, -3.5500377880850857, -0.4175199058372675, 2.1089527004949815, 3.8258324166046167, -1.6263313412172036, -4.354941659808298, -5.463617020982992, -6.204923522641711, -2.910546060733673, -5.463617020982991, 1.5921790480869816e-16, -4.1002103897699484, -2.3021863450957163, 1.5690061303112554e-16, -5.463617020982991, -8.056020780091218, -3.3422303682198877]
other derivatives: [ 49.49936283   4.47021193 -35.23882697 -15.99335064  13.57147994   0.        ]
Current x array =  [-0.73299353 -0.76184075 -0.50458924  1.07769649 -1.07333141  0.33647224
  0.3577533  -2.6113716  -2.48815068 -2.21360461 -0.84487023 -1.9065342
 -2.9752324  -3.07465906 -3.15343252 -2.81355271 -3.07465906 -2.30258509
 -2.94747612 -2.79847144 -2.30258509 -3.07465906 -3.30750755 -2.88532185]
log likelihood =  -1886.01197669
Edge derivatives =  [2.454993079843815, -3.2352688831094936, -0.004412729393682063, 1.9297417540034614, -7.518859646006338, -3.858933527557256, -2.8479146310127237, -3.896399848160182, -4.530270606516017, -1.274941508985117, -3.896399848160182, 3.375325037622463e-16, -2.285783937666844, -1.086754968551298, 4.574127044072471e-16, -3.896399848160182, -6.289601875683681, -1.796780092918714]
other derivatives: [-148.86954887   -0.24483597   -0.8020379   -17.82611889   20.60062343
    0.        ]
Current x array =  [-0.48416382 -0.7584776  -0.56327558  1.14453267 -1.15659862  0.33647224
  0.29571395 -2.71170748 -2.53333766 -2.18795452 -0.52144652 -1.84337487
 -3.13291336 -3.26083936 -3.35814806 -2.93099349 -3.26083936 -2.30258509
 -3.0983117  -2.90849927 -2.30258509 -3.26083936 -3.55494393 -3.019075  ]
log likelihood =  -1877.09102277
Edge derivatives =  [-4.199179163997663, -3.4242175724131108, -0.3182491141506386, 1.9118029346624077, -1.1797779922544196, -2.839982995846089, -3.6920120773365643, -4.7587767860954395, -5.442070891202563, -2.211759897633308, -4.758776786095436, -3.586498328736743e-16, -3.30378332418902, -1.787545187302815, -3.122049691738449e-16, -4.758776786095437, -7.232916596714292, -2.6705372844404964]
other derivatives: [-20.41567768   2.43383056 -17.07887805 -17.7650918   17.03854196   0.        ]
Current x array =  [-0.61962314 -0.76030845 -0.53132758  1.10814801 -1.11126915  0.33647224
  0.32948728 -2.65708607 -2.50873852 -2.20191806 -0.69751375 -1.8777579
 -3.04707411 -3.15948548 -3.24670386 -2.86706042 -3.15948548 -2.30258509
 -3.01619898 -2.8486017  -2.30258509 -3.15948548 -3.42024312 -2.94626171]
log likelihood =  -1873.60430607
Edge derivatives =  [-4.754438089731825, -3.36728995585385, -0.2709499416453877, 1.8960152900299247, -4.258879834129765, -3.528423490094087, -3.2953307908180953, -4.347173649986937, -4.997057614844376, -1.8107142617574, -4.347173649986937, 2.632798589693544e-17, -2.860788975569702, -1.468307936377268, 3.555562501014548e-17, -4.34717364998694, -6.756402159027215, -2.2698669169621803]
other derivatives: [-11.00997906   1.34123184   4.23374331 -15.45320174  15.8213652    0.        ]
Current x array =  [-0.63300659 -0.75519057 -0.5716938   1.07015699 -1.07931087  0.33647224
  0.31861966 -2.68926635 -2.52465944 -2.19610595 -0.62136454 -1.8665588
 -3.08931989 -3.21032845 -3.30250631 -2.8977398  -3.21032845 -2.30258509
 -3.05623513 -2.87693828 -2.30258509 -3.21032845 -3.48871585 -2.98142885]
log likelihood =  -1866.51544431
Edge derivatives =  [-4.013815923664971, -3.2532145220193116, -0.25885988224621015, 1.7525438421988546, -13.364623569373247, -4.956786575489127, -2.17788117642333, -3.2225574752438786, -3.7919759584694788, -0.788228398881447, -3.222557475243881, -4.405724929990531e-17, -1.7035589715011208, -0.5840866875177898, -4.4203240191569846e-17, -3.22255747524388, -5.487909796990235, -1.2041528168527194]
other derivatives: [ -5.0283461   -1.49543666  17.22874003  -2.46827767   5.27193151   0.        ]
Current x array =  [-0.6453918  -0.73928889 -0.61185758  0.882844   -0.90680254  0.33647224
  0.23921524 -2.79227475 -2.57057291 -2.17354438 -0.44310286 -1.85536595
 -3.2148963  -3.36371921 -3.47169116 -2.98594737 -3.36371921 -2.30258509
 -3.17390849 -2.95737375 -2.30258509 -3.36371921 -3.69953896 -3.08353378]
log likelihood =  -1861.57818325
Edge derivatives =  [1.4480485937772043, -3.012886069042566, -0.35710534318784093, 1.3354560201511558, -9.402025784500678, -3.8772249657114073, -1.3627498151458834, -2.347901599029649, -2.8780514525328456, -0.1454538884455438, -2.347901599029648, -3.5624534760697133e-16, -0.903266844630669, -0.007568599822709118, -3.669384113907885e-16, -2.3479015990296497, -4.521830731212981, -0.4873231678072629]
other derivatives: [  1.52585926   1.77715265  14.97012363   3.48386493  -1.39705207   0.        ]
Current x array =  [-0.65450168 -0.73998389 -0.61744852  0.78954945 -0.78613077  0.33647224
  0.16543279 -2.8956235  -2.6006251  -2.13639483 -0.5398642  -1.91669285
 -3.31499362 -3.49428377 -3.61910539 -3.04639164 -3.49428377 -2.30258509
 -3.26357324 -3.00993412 -2.30258509 -3.49428377 -3.89419346 -3.15721873]
log likelihood =  -1857.62251079
Edge derivatives =  [3.537251238792479, -2.4451058770483423, -0.5633892633995757, 0.10879988503366217, -3.030308789872412, -2.139526873462324, 0.14713356080958945, -0.80550242565556, -1.3783929480938035, 0.9393519392493019, -0.8055024256555597, -1.5361711098970095e-15, 0.4316724758416063, 1.0446142714878643, -1.6005088469930078e-15, -0.805502425655562, -2.965933818491813, 0.7439228129939872]
other derivatives: [  0.95496944 -33.70887498  -2.96583949   4.6858986   -4.62891876   0.        ]
Current x array =  [-0.6545555  -0.64442323 -0.58269659  0.77111364 -0.71703301  0.33647224
  0.13264632 -3.12726786 -2.66163854 -2.05278741 -0.6884222  -2.04575659
 -3.52118275 -3.77088707 -3.9354993  -3.16267778 -3.77088707 -2.30258509
 -3.44433719 -3.10989434 -2.30258509 -3.77088707 -4.32267511 -3.30269298]
log likelihood =  -1855.24667875
Edge derivatives =  [2.641541871040134, -1.993111538111063, -0.45598333725568063, -0.6363055271838718, 1.381680317730706, -0.748398749854251, 1.1110164540874867, 0.18194644960196063, -0.36623675721301646, 1.7513858550426347, 0.18194644960196052, 1.0001311082392661e-15, 1.4615185711869378, 1.8521467595942038, 1.0217738687518242e-15, 0.1819464496019611, -2.0999600027981447, 1.6774321190774901]
other derivatives: [  0.10120402  13.00920758  -9.3576773    3.33332082  -6.28115231   0.        ]
Current x array =  [-0.65077738 -0.76767608 -0.56760562  0.80155548 -0.70995671  0.33647224
  0.15159431 -3.3083364  -2.71136743 -1.99132044 -0.78053659 -2.13709992
 -3.68345449 -3.98924181 -4.18622667 -3.25445213 -3.98924181 -2.30258509
 -3.58708467 -3.18926628 -2.30258509 -3.98924181 -4.66254626 -3.41765772]
log likelihood =  -1854.58670821
Edge derivatives =  [1.1094807103325108, -1.9938839477178611, -0.4308310462563919, -0.47961903637094716, 0.5966559998562373, -1.0135566761654482, 1.0506668114394098, 0.13120370410248383, -0.4281777907837423, 1.6725001359798672, 0.13120370410248372, 6.98500933595022e-16, 1.37697818116468, 1.7670983107025156, 6.381045340443609e-16, 0.13120370410248483, -2.1285493955044945, 1.5895307651909274]
other derivatives: [ 1.04325864  3.58284069 -5.96585323  0.41939074 -2.7166152   0.        ]
Current x array =  [-0.65168264 -0.74052493 -0.5723072   0.83849265 -0.75820789  0.33647224
  0.17347326 -3.30292992 -2.70974204 -1.99771837 -0.75593293 -2.129171
 -3.6704987  -3.97581496 -4.17276892 -3.24375391 -3.97581496 -2.30258509
 -3.57421939 -3.17930912 -2.30258509 -3.97581496 -4.64923054 -3.40589061]
log likelihood =  -1854.30084511
Edge derivatives =  [-0.07722283916159262, -1.932767561163008, -0.39639921563009395, -0.45795607857235254, 0.8221405825959174, -0.9771327816056973, 1.0733142443206687, 0.1863527165206917, -0.3785720704892499, 1.6259725301021846, 0.18635271652069127, -1.5052982788392924e-16, 1.3778513679904807, 1.683590700240121, -5.2691753400898146e-17, 0.18635271652069096, -2.0447615261017384, 1.5512858677450727]
other derivatives: [-0.03219611 -1.95682333 -1.16169758 -1.10915153 -0.37282462  0.        ]
Current x array =  [-0.64973753 -0.72551652 -0.58138928  0.85680985 -0.78953405  0.33647224
  0.18838801 -3.33152116 -2.71643121 -1.99687221 -0.75760455 -2.14373433
 -3.67348358 -3.99002048 -4.19368681 -3.23668898 -3.99002048 -2.30258509
 -3.57310417 -3.17083705 -2.30258509 -3.99002048 -4.68990378 -3.40119815]
log likelihood =  -1854.0735743
Edge derivatives =  [-0.9145862336984791, -1.8405178194730758, -0.3383038492465352, -0.44013326751479437, 1.2087257517915642, -0.844752763866232, 1.114220208329372, 0.2771625174056767, -0.28762757352886476, 1.5563645513098263, 0.27716251740567655, 5.695454560381203e-16, 1.3902700448270955, 1.5668018906325716, 5.512488978298648e-16, 0.2771625174056782, -1.9154566521706122, 1.5049888398000126]
other derivatives: [-0.46643436 -3.84675332  2.75006187 -1.69447958  1.18764092  0.        ]
Current x array =  [-0.64870666 -0.72069232 -0.58932697  0.86250251 -0.81146361  0.33647224
  0.19847084 -3.37752649 -2.72725508 -1.99478915 -0.76293911 -2.16825603
 -3.67947424 -4.01373389 -4.2280501  -3.22690419 -4.01373389 -2.30258509
 -3.57271756 -3.15878916 -2.30258509 -4.01373389 -4.75549725 -3.39518772]
log likelihood =  -1853.60713263
Edge derivatives =  [-2.2114464147403976, -1.6409850934747752, -0.18250648996450763, -0.31434484819898123, 1.6585824114673544, -0.5844519447923794, 1.1495084621471705, 0.44329532933168264, -0.11604692902814542, 1.2928256307173573, 0.4432953293316826, -5.961138478360999e-16, 1.3416438026202542, 1.19831306966871, -5.536814953074357e-16, 0.44329532933168453, -1.6520122295851727, 1.311136555214571]
other derivatives: [-1.7609409  -5.1168854   7.25844984 -1.58504463  3.2400294   0.        ]
Current x array =  [-0.64647618 -0.71769657 -0.59884564  0.85751124 -0.84368226  0.33647224
  0.21267809 -3.48652905 -2.75207371 -1.99425008 -0.76473488 -2.22585753
 -3.68159821 -4.05877128 -4.29932717 -3.19352001 -4.05877128 -2.30258509
 -3.55958312 -3.12068454 -2.30258509 -4.05877128 -4.90380338 -3.36975702]
log likelihood =  -1852.85088641
Edge derivatives =  [-1.9276861579616547, -1.3307400442071382, 0.11631067026832156, 0.03940623079052613, 1.261048614757764, -0.3048680944786909, 1.1158118006951374, 0.663429904444624, 0.1086429783527684, 0.6577265326419186, 0.6634299044446242, 6.190507156321209e-15, 1.1219098126941316, 0.3970741100349099, 6.193167183291182e-15, 0.6634299044446289, -1.2784982152108422, 0.8249697642560833]
other derivatives: [-1.85921181 -5.46078809  8.52621724 -1.08566383  5.38864242  0.        ]
Current x array =  [-0.64601762 -0.71698711 -0.60106213  0.84492926 -0.87773527  0.33647224
  0.21691951 -3.68259037 -2.79432535 -1.99940082 -0.73805182 -2.32375497
 -3.66582837 -4.12122186 -4.41126449 -3.11979405 -4.12122186 -2.30258509
 -3.51691726 -3.04053945 -2.30258509 -4.12122186 -5.16015028 -3.30801436]
log likelihood =  -1852.61195291
Edge derivatives =  [-12.239602353860544, -0.9296791988011398, 0.23276995279471518, 0.129513826114811, 1.6522642342988783, 0.21582694585688156, 0.5591822345938807, 0.78777290716797, 0.2995816408925433, -0.8823438177927593, 0.7877729071679695, 4.580590375687587e-16, 0.22324925287540684, -1.3571086449921161, 4.732570908647805e-16, 0.7877729071679801, -0.8047959767399288, -0.5287556660642447]
other derivatives: [-14.82374046  -4.10495886  15.64769718  -0.03278728  -3.46462912   0.        ]
Current x array =  [-0.63110363 -0.71849595 -0.62336995  0.86471252 -0.75939248  0.33647224
  0.27271884 -4.06696705 -2.84505086 -1.99660513 -0.72708397 -2.51426847
 -3.56199387 -4.16411861 -4.56507316 -2.96339178 -4.16411861 -2.30258509
 -3.3735953  -2.88999842 -2.30258509 -4.16411861 -5.62509389 -3.15608917]
log likelihood =  -1852.32230262
Edge derivatives =  [-4.655465052262805, -0.8110130107810554, 0.4206198793429817, 0.5245627601963858, 0.8405979193480027, 0.2775945348214214, 0.5147239042506757, 0.8527090959658029, 0.34953246753899475, -1.284566547515114, 0.8527090959658026, -9.050241443825691e-16, -0.019048848333608988, -1.6793225863520729, -8.968023008025526e-16, 0.8527090959658139, -0.7148088570920988, -0.8245273295533321]
other derivatives: [ 27.11467459  -4.03904323   4.05789251  -2.65890776   0.66127086   0.        ]
Current x array =  [-0.68938678 -0.71795429 -0.59094403  0.8807482  -0.80776909  0.33647224
  0.24046001 -4.16062043 -2.86060756 -2.00058513 -0.69380307 -2.55462427
 -3.53958116 -4.17666212 -4.60413618 -2.92616889 -4.17666212 -2.30258509
 -3.34119426 -2.8535371  -2.30258509 -4.17666212 -5.73930554 -3.12082863]
log likelihood =  -1851.63939241
Edge derivatives =  [-2.4548200124343103, -0.9085643711114512, 0.3644419300250574, 0.36035390555474983, 0.540873361648065, 0.190999546864972, 0.62240076001296, 0.7957917286356297, 0.30103692443710794, -0.8382358981975451, 0.7957917286356293, -1.6590844751145131e-15, 0.23506907062144983, -1.2173269398399746, -1.6070042731820033e-15, 0.7957917286356404, -0.8140280937385698, -0.45738156848555445]
other derivatives: [ 3.31040155 -2.15231921  1.33245521 -1.1986458   0.61165792  0.        ]
Current x array =  [-0.65442116 -0.72380218 -0.58688043  0.85875893 -0.8101405   0.33647224
  0.21749898 -4.05619163 -2.84577309 -2.00106413 -0.69736206 -2.50279594
 -3.56478877 -4.16167848 -4.55952883 -2.96833255 -4.16167848 -2.30258509
 -3.37781749 -2.8947083  -2.30258509 -4.16167848 -5.61115538 -3.16095072]
log likelihood =  -1851.56544464
Edge derivatives =  [-1.2631669267860972, -0.8977572353336617, 0.37349414713573564, 0.3553086977916988, 0.23641674284961844, 0.20783276023709368, 0.5558706121460196, 0.7716430308850222, 0.2922807059569437, -0.9116987500492315, 0.771643030885022, 8.087819998806092e-16, 0.16067840125719984, -1.284116031013647, 8.267624510238877e-16, 0.7716430308850312, -0.8057756429705627, -0.5354072232722586]
other derivatives: [-0.42221018 -0.40456598  0.01530225 -0.67834662 -0.17514594  0.        ]
Current x array =  [-0.64940141 -0.72830943 -0.58489495  0.85162011 -0.79830967  0.33647224
  0.20618322 -4.06828845 -2.84548979 -2.00197378 -0.69097965 -2.50682564
 -3.55436522 -4.15494378 -4.55745834 -2.96169452 -4.15494378 -2.30258509
 -3.36741469 -2.88965659 -2.30258509 -4.15494378 -5.62148784 -3.15281968]
log likelihood =  -1851.51284946
Edge derivatives =  [0.16820388960412624, -0.8756179480616952, 0.37295032611328033, 0.33466087328530053, -0.08801654637463607, 0.23124586089425836, 0.4506334839293692, 0.7334001171670401, 0.2798544466896212, -1.0036540189194423, 0.7334001171670407, 2.877634542748251e-16, 0.039733907183107015, -1.3477023456208361, 3.326284760665208e-16, 0.7334001171670503, -0.7888812034518587, -0.644482780911555]
other derivatives: [-0.62025265  0.972409   -0.97534212 -0.34274308 -0.86322416  0.        ]
Current x array =  [-0.64918955 -0.73167658 -0.58339804  0.8461404  -0.78649167  0.33647224
  0.19398398 -4.09134328 -2.84437852 -2.0020033  -0.68346944 -2.5141168
 -3.53723532 -4.14382827 -4.55523815 -2.95324623 -4.14382827 -2.30258509
 -3.35095574 -2.88451253 -2.30258509 -4.14382827 -5.64263129 -3.14131923]
log likelihood =  -1851.42492081
Edge derivatives =  [0.9680764013909225, -0.8415745017441573, 0.3307226981339146, 0.2275638917714642, -0.2958278854950198, 0.2559608655236313, 0.30898224082427983, 0.6755638363234808, 0.26862275153838605, -1.0240697188219827, 0.6755638363234803, 1.4610184364729554e-17, -0.10627155025161669, -1.2940286248086823, 1.8413997324230436e-17, 0.6755638363234899, -0.7598716560490801, -0.7238015511469816]
other derivatives: [-0.43928594  1.00558282 -2.09540758  0.06975824 -1.3731551   0.        ]
Current x array =  [-0.64959559 -0.73137717 -0.58143023  0.84004084 -0.77850552  0.33647224
  0.186679   -4.12972917 -2.84071342 -1.99856337 -0.67839403 -2.52334236
 -3.51444471 -4.12726576 -4.55379683 -2.95117846 -4.12726576 -2.30258509
 -3.33178872 -2.88899008 -2.30258509 -4.12726576 -5.68016022 -3.13310472]
log likelihood =  -1851.17238149
Edge derivatives =  [3.214622329832186, -0.7078131074794003, 0.10579956911594852, -0.3406053697154797, -0.7557489683634353, 0.3358563087836451, -0.31834470500242984, 0.38871320566768847, 0.23400464687116956, -0.7916373366007969, 0.3887132056676885, 4.506828912915565e-16, -0.6288186173028049, -0.7171704958620687, 4.583523885669485e-16, 0.38871320566769346, -0.647210100315179, -0.8295578269278726]
other derivatives: [ 3.23282165  6.75786396  2.42421265  1.10792371 -1.93631422  0.        ]
Current x array =  [-0.6542707  -0.74726355 -0.59236843  0.82133549 -0.767331    0.33647224
  0.16846914 -4.29439854 -2.81849835 -1.97996619 -0.66556947 -2.55117073
 -3.42241938 -4.04870165 -4.5420108  -2.96989607 -4.04870165 -2.30258509
 -3.26396548 -2.93887145 -2.30258509 -4.04870165 -5.84015265 -3.121655  ]
log likelihood =  -1850.93446554
Edge derivatives =  [3.454223193461324, -0.5736288539236254, -0.0935120150210864, -0.8084929494787225, -0.8324464809906904, 0.42567881527981954, -0.870794514063958, 0.17493707027906888, 0.24088667878922834, -0.630633385415085, 0.17493707027906885, -2.11131641127355e-15, -1.160034639313225, -0.2328743042265506, -2.155050948906553e-15, 0.17493707027907193, -0.5212207059994828, -0.9435751570359611]
other derivatives: [ 1.3539875  -0.11896191 -6.44915872  1.300441   -1.10969722  0.        ]
Current x array =  [-0.65248236 -0.72778647 -0.57227345  0.8181928  -0.78390942  0.33647224
  0.16955208 -4.49775839 -2.80646099 -1.96185735 -0.65864383 -2.59751247
 -3.34237141 -3.99375019 -4.56153257 -2.98385346 -3.99375019 -2.30258509
 -3.20289907 -2.98036049 -2.30258509 -3.99375019 -6.05734017 -3.11050869]
log likelihood =  -1850.76781224
Edge derivatives =  [1.227292768208545, -0.5525925929761681, -0.14877863912825373, -0.9157274496000987, -0.33203998334493856, 0.4306124291420139, -0.9095534992614488, 0.14522911874032665, 0.25904654740627153, -0.43340461492942156, 0.14522911874032768, 1.1743174171720413e-16, -1.1302038178036489, -0.0023498572629663955, 1.3652294137564916e-16, 0.14522911874032962, -0.4968041312582556, -0.8131159310472811]
other derivatives: [ 0.09940777 -0.89521563 -2.0391326   1.020544   -0.53910298  0.        ]
Current x array =  [-0.65062279 -0.72611346 -0.58133783  0.8234361  -0.79380475  0.33647224
  0.18687425 -4.53979758 -2.80333261 -1.95802176 -0.66871907 -2.60263382
 -3.33820041 -3.98669507 -4.56867641 -3.00139793 -3.98669507 -2.30258509
 -3.20567942 -3.00225676 -2.30258509 -3.98669507 -6.1054998  -3.12397978]
log likelihood =  -1850.66383916
Edge derivatives =  [-1.137699282821087, -0.5106843810891112, -0.17145380058428755, -0.9388605183885963, 0.3275719281347976, 0.4485706679551579, -0.9277356027035272, 0.11681469581935337, 0.2994830838169406, -0.1492809426541625, 0.11681469581935272, -7.48085796750101e-16, -1.0558336705915377, 0.33194839372251383, -7.843541015991041e-16, 0.11681469581935403, -0.4538656324201282, -0.5978727549932794]
other derivatives: [ 0.73816864 -0.09476935  0.66481789  0.16966624  1.13082024  0.        ]
Current x array =  [-0.65111761 -0.72950828 -0.58563975  0.83569645 -0.8220904   0.33647224
  0.20981723 -4.61704355 -2.80152646 -1.95603566 -0.67989627 -2.61287579
 -3.33565853 -3.97920782 -4.5851444  -3.0275527  -3.97920782 -2.30258509
 -3.21341097 -3.0331523  -2.30258509 -3.97920782 -6.1956671  -3.14603001]
log likelihood =  -1850.60611752
Edge derivatives =  [-1.3793840470117995, -0.4888788172752515, -0.14183416874796623, -0.8049234748401575, 0.3809587833619191, 0.4542435219452332, -0.9310104466881779, 0.07543833596359974, 0.3029938131978263, -0.02559902878101676, 0.07543833596359903, -7.106562336384622e-17, -0.9993424787446598, 0.44621437816240883, -1.346005897887929e-16, 0.07543833596359936, -0.4322578518185583, -0.4846837559815127]
other derivatives: [-0.42489319 -1.40732936  2.1563892  -0.0892669   0.99234967  0.        ]
Current x array =  [-0.64946299 -0.72568265 -0.58921304  0.83978762 -0.81819998  0.33647224
  0.2108904  -4.66274652 -2.80068502 -1.96292217 -0.681522   -2.61473436
 -3.33599936 -3.96887965 -4.58694103 -3.03942815 -3.96887965 -2.30258509
 -3.22054629 -3.0445207  -2.30258509 -3.96887965 -6.24482095 -3.15834553]
log likelihood =  -1850.4415148
Edge derivatives =  [-1.728919122620408, -0.4169274343509046, 0.0499013958284666, -0.1108630742949546, 0.4857601360987103, 0.48498067993436145, -0.8472011101612887, -0.04301376614480929, 0.32210127638439645, 0.323581646421651, -0.04301376614480869, 5.031020102048625e-16, -0.7343043741298179, 0.7281388598969225, 4.843557038967977e-16, -0.04301376614480986, -0.36317841935093337, -0.09582542673610636]
other derivatives: [-0.71629529 -2.34776962  3.22083906 -1.17586296  0.18173978  0.        ]
Current x array =  [-0.64886567 -0.7224818  -0.59211832  0.85769102 -0.8019306   0.33647224
  0.21285308 -4.82392222 -2.80176162 -1.99493592 -0.68398066 -2.62001143
 -3.34831563 -3.93848178 -4.5946869  -3.07426411 -3.93848178 -2.30258509
 -3.25407793 -3.07138202 -2.30258509 -3.93848178 -6.41941994 -3.20094567]
log likelihood =  -1850.24779009
Edge derivatives =  [-1.6569391560142777, -0.3361063536671173, 0.26833603590495664, 0.604383055910944, 0.4258149986624059, 0.49045175899524723, -0.5876946982391967, -0.15514687042535233, 0.3464910988408344, 0.5617795440010016, -0.1551468704253525, -1.0985090896832141e-15, -0.3110004245687007, 0.7981352162945095, -1.115332927560363e-15, -0.15514687042535455, -0.2883112620550966, 0.31393073451246034]
other derivatives: [-0.23308075 -1.25746737  1.57003797 -0.57175384  0.14931629  0.        ]
Current x array =  [-0.64948154 -0.72523428 -0.58853453  0.84903596 -0.80331382  0.33647224
  0.21184507 -5.03678503 -2.80174502 -2.02860482 -0.68273701 -2.61935827
 -3.3844545  -3.90872153 -4.60152797 -3.09961667 -3.90872153 -2.30258509
 -3.30924453 -3.07593582 -2.30258509 -3.90872153 -6.65013375 -3.24711402]
log likelihood =  -1850.13589582
Edge derivatives =  [2.5124491147467594, -0.23706818907765495, 0.43909969296977935, 1.0842545613728847, -0.4732581058325542, 0.4831708929570665, -0.2420408329631456, -0.2916674248628123, 0.35542935638101986, 0.48667045781262236, -0.2916674248628122, -1.586463079592471e-17, 0.15448812775938842, 0.37129077024199136, -1.8990850019907293e-17, -0.291667424862816, -0.19986240490381546, 0.559208992655804]
other derivatives: [-7.5129492  -2.20061338  2.74485501 -0.96729309  1.10924248  0.        ]
Current x array =  [-0.63913667 -0.72217913 -0.59198971  0.84691824 -0.80839103  0.33647224
  0.18201845 -5.3766268  -2.79764627 -2.05564005 -0.66373931 -2.62034371
 -3.43721785 -3.87408554 -4.60973063 -3.09281985 -3.87408554 -2.30258509
 -3.37346906 -3.03346148 -2.30258509 -3.87408554 -7.0173207  -3.27665573]
log likelihood =  -1850.07510518
Edge derivatives =  [2.313785036406171, -0.20556685110976058, 0.4685101110279334, 1.2466184691074738, -0.5855308101866581, 0.4479749131390084, -0.007314501294537562, -0.30599503785876353, 0.36597911162075, 0.40625481385217843, -0.30599503785876364, -1.0358067348613347e-16, 0.3854939787025301, 0.138677597361783, -9.624505307216571e-17, -0.30599503785876736, -0.17190172851622035, 0.6655242605148745]
other derivatives: [ 6.92245976 -2.76218088  0.81467988 -0.17128059  1.22731763  0.        ]
Current x array =  [-0.65889675 -0.72004759 -0.58665968  0.83403297 -0.81113593  0.33647224
  0.18441662 -5.51372125 -2.79494483 -2.06190514 -0.66020468 -2.61600405
 -3.4706438  -3.86719394 -4.61278807 -3.08562015 -3.86719394 -2.30258509
 -3.4078631  -3.0078923  -2.30258509 -3.86719394 -7.16688732 -3.28824084]
log likelihood =  -1850.00963062
Edge derivatives =  [1.5493474186873073, -0.21594535605316637, 0.38077512054826185, 0.9785343433990461, -0.493876296382812, 0.4519879617492033, -0.08943656069213764, -0.2803826936727904, 0.36425516277297654, 0.3390408090252096, -0.28038269367279, -5.851922265617414e-16, 0.2741690056668447, 0.1257038995693625, -5.702471349782709e-16, -0.2803826936727937, -0.18090887722440105, 0.5517244586925818]
other derivatives: [ 1.87114892 -0.71968316  0.03610694  0.16052581  1.1926204   0.        ]
Current x array =  [-0.65206415 -0.72634824 -0.58497059  0.83147502 -0.81535091  0.33647224
  0.18985836 -5.46644677 -2.7935917  -2.04908996 -0.66181915 -2.61770169
 -3.45868403 -3.87401709 -4.61200311 -3.0785566  -3.87401709 -2.30258509
 -3.39081725 -3.00757788 -2.30258509 -3.87401709 -7.11586346 -3.27464133]
log likelihood =  -1849.97047854
Edge derivatives =  [0.987679736408312, -0.21048969018067457, 0.27843221426350406, 0.7022505134631188, -0.5251281217835997, 0.44586347066418386, -0.1004102656718904, -0.2742871611622057, 0.3625341430413234, 0.2156650927127252, -0.27428716116220614, -1.9573735872851197e-15, 0.23527082116573061, -0.011379779564759343, -1.977924570701434e-15, -0.2742871611622088, -0.17572743032064675, 0.45240997019317636]
other derivatives: [-0.49085429  0.38976395 -0.74498985  0.46486548  1.02386366  0.        ]
Current x array =  [-0.64904613 -0.72980689 -0.58325462  0.82891033 -0.81622534  0.33647224
  0.19362232 -5.49316596 -2.78979835 -2.03657956 -0.66074955 -2.61892087
 -3.45770773 -3.87545189 -4.61237532 -3.06620268 -3.87545189 -2.30258509
 -3.38483207 -2.99511524 -2.30258509 -3.87545189 -7.14490024 -3.26286181]
log likelihood =  -1849.91616018
Edge derivatives =  [0.11787578417252452, -0.1873013780962002, 0.09531048365019137, 0.24160369067618637, -0.5997563284910363, 0.43431532375435117, -0.07058768168413497, -0.29098400096467086, 0.3608383222722977, 0.001993027405328182, -0.29098400096467064, -1.3742506942945362e-15, 0.23334417028079601, -0.2928800003190547, -1.3201474732300924e-15, -0.2909840009646755, -0.15448809896462148, 0.32041784752868024]
other derivatives: [-2.18133209  1.17847776 -1.23377504  0.64565029  0.57730176  0.        ]
Current x array =  [-0.6470576  -0.73231036 -0.58220765  0.82910916 -0.8129194   0.33647224
  0.19932511 -5.61189492 -2.78105349 -2.01684452 -0.65857057 -2.62120088
 -3.46384432 -3.87105548 -4.61463605 -3.04525946 -3.87105548 -2.30258509
 -3.38421617 -2.9695987  -2.30258509 -3.87105548 -7.27372182 -3.24746469]
log likelihood =  -1849.86622696
Edge derivatives =  [-0.4750700371861628, -0.15649100796618653, -0.08083508045441573, -0.16918990871401163, -0.49612413968560887, 0.4430913719227148, -0.0046987618186928246, -0.3288864695773497, 0.36003560837239096, -0.15713798461187783, -0.32888646957735, -2.5054880560324363e-15, 0.28624842473684753, -0.5265999116139785, -2.429965400225869e-15, -0.32888646957735446, -0.1268278274827668, 0.24155543980271854]
other derivatives: [-1.95150278  1.16981482 -0.65560926  0.34747245  0.04026788  0.        ]
Current x array =  [-0.64750985 -0.73223443 -0.58354907  0.83543984 -0.80490912  0.33647224
  0.20302613 -5.79386687 -2.77070853 -2.00037733 -0.66110497 -2.62123936
 -3.47631308 -3.86146923 -4.61672025 -3.02993817 -3.86146923 -2.30258509
 -3.39155291 -2.94889333 -2.30258509 -3.86146923 -7.47106536 -3.23845748]
log likelihood =  -1849.8356185
Edge derivatives =  [-0.6500260796819821, -0.11798263449739396, -0.28490213878617954, -0.627602318484326, 0.19389839074629023, 0.5024670158000601, 0.07821875046806626, -0.35171216727782917, 0.3576730715232251, -0.21991603496348994, -0.35171216727782895, 1.7195149762032467e-15, 0.3126327412154446, -0.5279794661884869, 1.7141864327150814e-15, -0.351712167277836, -0.0931256199905759, 0.15086816148266152]
other derivatives: [-1.90025276 -1.87035312 -4.94417236 -0.33674041  0.21971118  0.        ]
Current x array =  [-0.64782099 -0.72392279 -0.57381918  0.84595711 -0.80747395  0.33647224
  0.20547019 -6.07740635 -2.75836884 -1.98166219 -0.67851221 -2.61274519
 -3.49158012 -3.85502066 -4.61662429 -3.02426254 -3.85502066 -2.30258509
 -3.39589342 -2.94855052 -2.30258509 -3.85502066 -7.78024013 -3.22836268]
log likelihood =  -1849.78318404
Edge derivatives =  [-0.2908800617471153, -0.09897335026198065, -0.34273234889708953, -0.7535343990585273, 0.5162733433931415, 0.5330752798920416, 0.12430866675543178, -0.37952652724491226, 0.36001768936295775, -0.19975850316200286, -0.3795265272449133, 2.7927967886795305e-20, 0.3702778736930803, -0.5046697423416608, 1.2089777850839862e-20, -0.37952652724491953, -0.07694894850520134, 0.1454843994690011]
other derivatives: [-0.01518856 -0.24999736 -0.20809239 -0.91865786  0.39269707  0.        ]
Current x array =  [-0.64987895 -0.72821444 -0.58404697  0.85222559 -0.80531343  0.33647224
  0.20336877 -6.25280035 -2.75247922 -1.97765071 -0.68689442 -2.6067798
 -3.50209314 -3.84820556 -4.61572964 -3.02522213 -3.84820556 -2.30258509
 -3.40240979 -2.95149427 -2.30258509 -3.84820556 -7.97082942 -3.22759721]
log likelihood =  -1849.76207992
Edge derivatives =  [-0.026854935401379752, -0.09286384982249343, -0.3006208280800611, -0.6253016237204126, 0.7011895643154704, 0.5439925973847982, 0.14853086147439917, -0.3776111001937773, 0.360901381430714, -0.10710277122963231, -0.3776111001937768, -3.379184854616032e-16, 0.39440762422504194, -0.3642492404142651, -3.4659338521924383e-16, -0.37761110019378524, -0.07179810618971405, 0.1811678313586082]
other derivatives: [ 0.96033546 -0.07196377  0.62045729 -0.90840331  0.63078005  0.        ]
Current x array =  [-0.65101777 -0.72861136 -0.58585663  0.85066714 -0.80746026  0.33647224
  0.20151241 -6.3161342  -2.75298736 -1.98326078 -0.6922751  -2.59996361
 -3.50669765 -3.84853364 -4.61337315 -3.03374107 -3.84853364 -2.30258509
 -3.40532652 -2.96428547 -2.30258509 -3.84853364 -8.04003535 -3.23158297]
log likelihood =  -1849.71286951
Edge derivatives =  [0.4408206081233786, -0.07751354773637138, -0.22892829910774343, -0.4068119443094066, 1.0368992368102892, 0.5479551091538247, 0.18541814129447173, -0.3513737641082065, 0.3561621218193205, 0.08264487943352783, -0.351373764108207, 5.338361624827423e-17, 0.3899159984775804, -0.011525654769374283, 3.7115654072567424e-17, -0.3513737641082128, -0.05887984440181098, 0.18775479561563965]
other derivatives: [ 2.01043804 -0.1151875   1.53370365 -0.58057594  0.95722044  0.        ]
Current x array =  [-0.65217484 -0.72827923 -0.58806554  0.84361695 -0.81042102  0.33647224
  0.19719101 -6.49755706 -2.75396719 -1.9929804  -0.7037028  -2.57819065
 -3.51466789 -3.85465211 -4.60446346 -3.05112712 -3.85465211 -2.30258509
 -3.40303428 -2.99772746 -2.30258509 -3.85465211 -8.23832655 -3.23225983]
log likelihood =  -1849.64147622
Edge derivatives =  [0.736011443938424, -0.056127991083559155, -0.16023942811065267, -0.1770832674909731, 0.9038385527796418, 0.4752294582582389, 0.23421270421222404, -0.3103273451076618, 0.33952226605296487, 0.22924767072459337, -0.3103273451076628, 1.573963634427319e-15, 0.34368509573180156, 0.33191884251998666, 1.5643337845260737e-15, -0.3103273451076708, -0.04128740815528132, 0.11257492108211606]
other derivatives: [ 2.53285179  0.71329396  1.17590844  0.05998118  0.43789896  0.        ]
Current x array =  [-0.65285568 -0.73032538 -0.58787678  0.8346794  -0.8025603   0.33647224
  0.19221997 -6.82311489 -2.7542964  -2.00358814 -0.705732   -2.54234033
 -3.5257094  -3.8642883  -4.58860719 -3.06429299 -3.8642883  -2.30258509
 -3.39419521 -3.03212682 -2.30258509 -3.8642883  -8.59315905 -3.22360962]
log likelihood =  -1849.70162325
Edge derivatives =  [-0.8764703893537493, -0.028509062101582605, -0.21283633335920416, -0.3072381267986906, 0.36031444859575606, 0.130471368257086, 0.13453190798683673, -0.1421150656142527, 0.2561345296959472, 0.34757120567870836, -0.1421150656142529, -1.689225355664515e-16, -0.12234324886227407, 0.9466865407484566, -1.6234909444411406e-16, -0.1421150656142547, -0.019382974574097163, -0.40889058603432527]
other derivatives: [-4.98976078 -6.95733888  6.4394726   0.8042889   0.92327355  0.        ]
Current x array =  [-0.64276575 -0.70981954 -0.60083802  0.82377114 -0.80823873  0.33647224
  0.19844236 -7.51758447 -2.75462136 -2.00031293 -0.70563823 -2.45430327
 -3.5175697  -3.90815625 -4.54326439 -3.071844   -3.90815625 -2.30258509
 -3.32483918 -3.1027381  -2.30258509 -3.90815625 -9.35096216 -3.16786714]
log likelihood =  -1849.60292891
Edge derivatives =  [0.12674282313743393, -0.04326656605109247, -0.1799484531421358, -0.2256540096282558, 0.6990423852556579, 0.34978538269969217, 0.19649881678189934, -0.2446630674440914, 0.3080924701971951, 0.2752419583025989, -0.24466306744409047, 2.979057895739467e-16, 0.1696003217792288, 0.5743611529214696, 2.8180624385175445e-16, -0.24466306744409577, -0.030877640831605928, -0.08379538124712584]
other derivatives: [-0.32105163 -2.16837179  3.21961124  0.34356162  0.62543677  0.        ]
Current x array =  [-0.6489797  -0.72244819 -0.59285576  0.83048906 -0.80474164  0.33647224
  0.19461026 -7.08989107 -2.75442123 -2.00232999 -0.70569598 -2.50852144
 -3.52258258 -3.8811399  -4.57118903 -3.06719366 -3.8811399  -2.30258509
 -3.36755252 -3.0592517  -2.30258509 -3.8811399  -8.88426441 -3.2021965 ]
log likelihood =  -1849.54817121
Edge derivatives =  [-0.12588070295985812, -0.029856271481115332, -0.21988014465123418, -0.30167565232271465, 0.25696131503267633, 0.2107802771040967, 0.20108795680261415, -0.18363263327574103, 0.2786444776545633, 0.2363254839549212, -0.18363263327574147, -1.311603825931516e-16, 0.009094514609364973, 0.7229280091931863, -1.6564663213442387e-16, -0.18363263327574503, -0.02055925434329892, -0.31992600622076667]
other derivatives: [ 0.79683105 -0.2851948   0.80235623  0.76647666 -0.13480985  0.        ]
Current x array =  [-0.65074092 -0.72783356 -0.58757013  0.82708381 -0.79629981  0.33647224
  0.19480427 -7.46301276 -2.75186507 -1.99866122 -0.69934219 -2.47011627
 -3.52603842 -3.89553374 -4.55207735 -3.06218862 -3.89553374 -2.30258509
 -3.34341982 -3.07580171 -2.30258509 -3.89553374 -9.29059997 -3.17599461]
log likelihood =  -1849.5303453
Edge derivatives =  [0.04137612391055328, -0.024478680501354804, -0.24428560015574274, -0.3572527359776996, -0.031152162984932508, 0.1447218126391406, 0.21019727252553147, -0.1690617448500994, 0.2608094770149906, 0.16130267549204735, -0.1690617448500989, 1.075270892898003e-15, -0.04250958134622936, 0.6717184292586401, 1.0598312474996536e-15, -0.16906174485010272, -0.01655297889453558, -0.4134072340872831]
other derivatives: [-1.31640263  0.63662355 -0.19954314  0.43160071 -0.47441517  0.        ]
Current x array =  [-0.64790782 -0.7306222  -0.58545084  0.83330007 -0.79134342  0.33647224
  0.19340643 -7.66250666 -2.75009479 -1.99659133 -0.69426002 -2.453867
 -3.52897457 -3.89907321 -4.54327144 -3.05464882 -3.89907321 -2.30258509
 -3.33594819 -3.07151921 -2.30258509 -3.89907321 -9.50741477 -3.16603217]
log likelihood =  -1849.51740282
Edge derivatives =  [-0.01762112640236046, -0.02113104459718076, -0.2679876937780985, -0.4173598487085441, -0.3276947445350604, 0.06859504129402255, 0.20172001264408893, -0.14597649213351654, 0.24046795360953616, 0.05707412316733668, -0.14597649213351688, -3.879205810514674e-28, -0.1176409633656502, 0.5761247134325981, -2.0278334476478585e-28, -0.14597649213352046, -0.014104965343687988, -0.5079049556413219]
other derivatives: [-0.28908289  0.18994797 -0.87393346  0.08037659 -0.5194579   0.        ]
Current x array =  [-0.64936983 -0.72951615 -0.58373392  0.83890822 -0.79034159  0.33647224
  0.19443811 -7.80973565 -2.74968032 -1.99357099 -0.68817139 -2.44061371
 -3.52759302 -3.90454356 -4.5348273  -3.04445498 -3.90454356 -2.30258509
 -3.32596869 -3.06225777 -2.30258509 -3.90454356 -9.66742343 -3.15594849]
log likelihood =  -1849.50138203
Edge derivatives =  [-0.023569284436463882, -0.018634280435852205, -0.23494606807712481, -0.3399408977496793, -0.47403564611837284, 0.016565508383369357, 0.20020101826673328, -0.13125267557017573, 0.21972158855236457, -0.036168521927445754, -0.1312526755701752, 4.506411437183473e-16, -0.14359807561131843, 0.41740165088935954, 4.474199271239055e-16, -0.13125267557017883, -0.012308634364700423, -0.5108355623957799]
other derivatives: [-0.71565864  0.30070169 -0.58566911 -0.37282462 -0.31764102  0.        ]
Current x array =  [-0.64870401 -0.73006706 -0.58411449  0.84535268 -0.79260896  0.33647224
  0.19550899 -7.93535417 -2.75170562 -1.99650526 -0.68539479 -2.42994326
 -3.52671377 -3.90813229 -4.52621784 -3.03579452 -3.90813229 -2.30258509
 -3.32298536 -3.04662988 -2.30258509 -3.90813229 -9.80368419 -3.15566751]
log likelihood =  -1849.47085675
Edge derivatives =  [0.06259982179339144, -0.01476859677027154, -0.06524178034195312, 0.07774721748741326, -0.5764521054167098, -0.07603130839655876, 0.1934583009986254, -0.0857010240660508, 0.16938818907571285, -0.1598234601466582, -0.0857010240660508, 7.179708564677677e-18, -0.17490609860934314, 0.1088004187335248, -7.523045153954577e-18, -0.08570102406605298, -0.009560066914510713, -0.3973513827319389]
other derivatives: [ 0.80376594 -0.40022314 -0.09590622 -0.58466867 -0.02582965  0.        ]
Current x array =  [ -0.65066655  -0.72814564  -0.58493253   0.84736473  -0.79532603
   0.33647224   0.19527922  -8.16845065  -2.76172976  -2.01312528
  -0.68569855  -2.40515793  -3.52200429  -3.91952481  -4.50348393
  -3.02534487  -3.91952481  -2.30258509  -3.32092609  -3.01622807
  -2.30258509  -3.91952481 -10.05640634  -3.16772389]
log likelihood =  -1849.45409858
Edge derivatives =  [-0.08185295568832568, -0.012230429350758465, 0.05164144497336204, 0.35930746352165166, -0.29423032046132036, -0.10044595915001708, 0.19591641671606827, -0.05768267015782052, 0.13563182415016384, -0.17851730350182116, -0.05768267015782047, -8.645080556234512e-16, -0.15606727561442116, -0.04797306294421354, -8.211599266379431e-16, -0.057682670157821914, -0.007776624231920652, -0.2549238759222024]
other derivatives: [-0.08369625  0.09179075  0.33796823 -0.42236934  0.13890258  0.        ]
Current x array =  [ -0.64935329  -0.72960263  -0.58587817   0.84466796  -0.79796582
   0.33647224   0.19581602  -8.35876489  -2.76833455  -2.02471404
  -0.69512521  -2.38664884  -3.5202128   -3.92685431  -4.4858839
  -3.02482432  -3.92685431  -2.30258509  -3.32485508  -3.00105179
  -2.30258509  -3.92685431 -10.26291801  -3.18309908]
log likelihood =  -1849.44540821
Edge derivatives =  [0.09610333971997329, -0.010546033974975099, 0.0993625981317639, 0.4685651437350096, 0.043366326844624936, -0.0962471499011706, 0.19661329601362285, -0.03609337066359539, 0.11171054814261713, -0.13226245392433084, -0.036093370663595775, -5.018236406078813e-16, -0.12951228464013573, -0.06719601715748612, -4.840403168136987e-16, -0.0360933706635957, -0.006611084303044552, -0.12953715636572824]
other derivatives: [-0.26434464 -0.39244696 -0.46504738 -0.13105819  0.19829258  0.        ]
Current x array =  [ -0.64911663  -0.7281267   -0.58417611   0.83982654  -0.79874157
   0.33647224   0.19360215  -8.50830391  -2.77166611  -2.02888341
  -0.70590469  -2.37274325  -3.51844858  -3.93259916  -4.47189733
  -3.03053902  -3.93259916  -2.30258509  -3.32990238  -2.99866508
  -2.30258509  -3.93259916 -10.42536426  -3.19685925]
log likelihood =  -1849.44521023
Edge derivatives =  [0.028484463118348423, -0.008274451254304949, 0.0921335025045426, 0.4220989382824938, 0.3173505798778338, -0.1290348067141927, 0.18031056313193372, -0.0025239457281696492, 0.07988235929717022, -0.06316558896038901, -0.0025239457281703293, -9.549713572704248e-17, -0.11560733147108208, -0.03399353649155666, -5.872104636142003e-17, -0.0025239457281679353, -0.005062078149390949, -0.027711375948382314]
other derivatives: [ 1.16569936  0.91633865  1.67030976  0.37953214 -0.07387371  0.        ]
Current x array =  [ -0.65094194  -0.73155801  -0.58925359   0.8320631   -0.79397683
   0.33647224   0.1920079   -8.75380137  -2.77304511  -2.02620893
  -0.71633557  -2.35084328  -3.5150847   -3.94179984  -4.45140851
  -3.03821979  -3.94179984  -2.30258509  -3.33231266  -3.00187761
  -2.30258509  -3.94179984 -10.6921798   -3.20798946]
log likelihood =  -1849.44140939
Edge derivatives =  [0.06197089332151182, -0.009328714734254749, 0.09570716605792821, 0.4451758521012571, 0.18266873500850017, -0.11247718330005183, 0.1884022208795433, -0.0190695318544652, 0.09575431918795307, -0.09721645878059622, -0.01906953185446566, 1.7424030068193447e-15, -0.12245370754623425, -0.05037176101692574, 1.7151122434457186e-15, -0.01906953185446701, -0.005776267287740321, -0.07788725907957758]
other derivatives: [ 0.45979505  0.27171154  0.62018444  0.12691999  0.06100436  0.        ]
Current x array =  [ -0.65003955  -0.72986166  -0.58674342   0.83590113  -0.79633239
   0.33647224   0.19279606  -8.632434    -2.77236337  -2.02753112
  -0.71117882  -2.36167004  -3.51674771  -3.93725127  -4.46153763
  -3.03442262  -3.93725127  -2.30258509  -3.33112109  -3.00028942
  -2.30258509  -3.93725127 -10.56027334  -3.20248698]
log likelihood =  -1849.43749677
Edge derivatives =  [0.03008670806825571, -0.008917264340422011, 0.05352183017974696, 0.3264664574292983, 0.26215780323341326, -0.10823705841819069, 0.17764938422723733, -0.014328984891615416, 0.08979927734556653, -0.07843088621685526, -0.01432898489161618, -9.626938489791124e-16, -0.11349342116586833, -0.036100303130361944, -1.0140754043738868e-15, -0.014328984891615958, -0.005495337059142124, -0.05164384985085675]
other derivatives: [ 0.03458354  0.15995738  0.21921096  0.22951099 -0.03908553  0.        ]
Current x array =  [ -0.64952443  -0.72952813  -0.58591082   0.83473619  -0.79521799
   0.33647224   0.19257259  -8.67837134  -2.77127918  -2.02207367
  -0.71373135  -2.35923224  -3.51457193  -3.93871699  -4.45731751
  -3.03682375  -3.93871699  -2.30258509  -3.33286135  -3.0014178
  -2.30258509  -3.93871699 -10.61017685  -3.20543681]
log likelihood =  -1849.43233892
Edge derivatives =  [0.0021328828190081434, -0.008115299965019881, -0.0478897846117424, 0.034271192821444196, 0.28958785715775803, -0.1160757431606151, 0.14719598796874905, -0.004240082122378343, 0.0759840941478637, -0.06323626394448921, -0.004240082122378953, 5.357187204765898e-17, -0.10203331382220103, -0.03467301342789854, 8.225074524571006e-17, -0.004240082122379273, -0.004955646397836297, -0.016001656315159596]
other derivatives: [-0.24904239 -0.01082299 -0.24044766  0.24392648 -0.18587798  0.        ]
Current x array =  [ -0.64923819  -0.72905668  -0.58489267   0.83502722  -0.79329236
   0.33647224   0.1924107   -8.77365355  -2.76874838  -2.00869822
  -0.71514615  -2.35512294  -3.50865621  -3.94181649  -4.44839216
  -3.03952384  -3.94181649  -2.30258509  -3.33553108  -3.00106723
  -2.30258509  -3.94181649 -10.71360293  -3.20944871]
log likelihood =  -1849.42939506
Edge derivatives =  [0.09596317765631232, -0.007749225874963764, -0.08456913083853969, -0.09324029092396222, 0.23521348515133478, -0.1219943400613675, 0.12116097391868762, 0.00012565825535824915, 0.06617676576133222, -0.04735836627284706, 0.00012565825535787445, 1.0237042527831723e-15, -0.0749575618780175, -0.049833346114805555, 1.0118701356186354e-15, 0.00012565825535860303, -0.004717290080440981, 0.03225962542282655]
other derivatives: [-0.01325589  0.09442829 -0.31407126  0.09285941 -0.08735697  0.        ]
Current x array =  [ -0.64954795  -0.72942158  -0.58456237   0.83700283  -0.7945378
   0.33647224   0.19231912  -8.81919584  -2.76884679  -2.00242254
  -0.71350864  -2.3553471   -3.50306822  -3.94328802  -4.44210755
  -3.04211278  -3.94328802  -2.30258509  -3.34026049  -2.998944
  -2.30258509  -3.94328802 -10.76287369  -3.21481712]
log likelihood =  -1849.43225174
Edge derivatives =  [-0.2834714830827216, -0.006936543686588827, -0.12533311377687012, -0.26867131450982484, -0.053323336136319455, -0.1806615781051782, 0.05251544852551287, 0.014771084274381348, 0.0359735177327289, -0.015526692072705614, 0.01477108427438157, 5.98958851019221e-16, -0.03414714067400731, -0.08015165101159046, 6.4352792854274e-16, 0.01477108427438105, -0.004176300183844358, 0.10495825696114895]
other derivatives: [-1.34064067 -1.30035005  1.20921868 -0.00839009  0.02289653  0.        ]
Current x array =  [ -0.64780061  -0.72564111  -0.58791687   0.83873126  -0.7957922
   0.33647224   0.19501294  -8.93199263  -2.77162675  -1.99382936
  -0.7064294   -2.35418994  -3.48945007  -3.94846945  -4.42619898
  -3.04715031  -3.94846945  -2.30258509  -3.3480459   -2.99556557
  -2.30258509  -3.94846945 -10.8849909   -3.22330171]
log likelihood =  -1849.42805781
Edge derivatives =  [-0.040613204926654954, -0.007445453183914245, -0.09926562022700004, -0.15627068376846007, 0.13140690373867114, -0.14316650139186726, 0.0965390155903956, 0.005432184358610731, 0.05535498151686653, -0.035815715317422864, 0.005432184358610509, -4.439564960651504e-17, -0.060155686465704114, -0.060746169243742695, -4.4395095838450014e-17, 0.00543218435860951, -0.004514372061900358, 0.05858566605656164]
other derivatives: [-0.49139999 -0.40656687  0.23703706  0.05622951 -0.04743015  0.        ]
Current x array =  [ -0.64891726  -0.72805703  -0.58577316   0.8376267   -0.79499057
   0.33647224   0.19329144  -8.8599094   -2.7698502   -1.99932086
  -0.71095342  -2.35492942  -3.4981528   -3.94515824  -4.43636541
  -3.04393105  -3.94515824  -2.30258509  -3.3430706   -2.99772457
  -2.30258509  -3.94515824 -10.80695142  -3.2178796 ]
log likelihood =  -1849.42638204
Edge derivatives =  [0.001590679531683497, -0.0072977453015800635, -0.09203851733001792, -0.16277067393185585, 0.0180119216462144, -0.15208098129936737, 0.07452383621932787, 0.008021355493349314, 0.04800405372405722, -0.023701920602563473, 0.008021355493349813, -4.9903793429543095e-17, -0.03569287782773347, -0.07445384815456545, -4.7040464098148056e-17, 0.008021355493349341, -0.004423042259428686, 0.0938013399317513]
other derivatives: [ 0.01391527 -0.10636541  0.17421371 -0.07628387  0.0693035   0.        ]
Current x array =  [ -0.64958025  -0.72897927  -0.58544497   0.8393764   -0.79675999
   0.33647224   0.19374559  -8.87885472  -2.77163248  -1.99825528
  -0.70744191  -2.35697036  -3.49324804  -3.94604987  -4.431854
  -3.04587723  -3.94604987  -2.30258509  -3.34725382  -2.99576886
  -2.30258509  -3.94604987 -10.8273165   -3.22177002]
log likelihood =  -1849.42546975
Edge derivatives =  [-0.004269694608305966, -0.007276853468236242, -0.07120955911391788, -0.12174076715758911, -0.05726303940871841, -0.15501794555714898, 0.06071737249839181, 0.009014523181502691, 0.044239476419260244, -0.010203801106964769, 0.00901452318150292, -5.092285872155694e-17, -0.021448438053328064, -0.06686379582325772, -3.331911121963491e-18, 0.009014523181503892, -0.004411898989266873, 0.10665056415047001]
other derivatives: [ 0.08667485  0.0540922   0.14576926 -0.08456027  0.09506493  0.        ]
Current x array =  [ -0.64967637  -0.72945275  -0.58533815   0.83952193  -0.79732985
   0.33647224   0.1940204   -8.88126245  -2.7734432   -1.99959817
  -0.70511665  -2.35922961  -3.49028203  -3.94648975  -4.42952913
  -3.04754621  -3.94648975  -2.30258509  -3.34962222  -2.99616761
  -2.30258509  -3.94648975 -10.82981378  -3.22319461]
log likelihood =  -1849.42385977
Edge derivatives =  [-0.06206340485862827, -0.007267556887143059, -0.03057949457169623, -0.03993375324975726, -0.134080874619182, -0.14380662804111294, 0.0291356774987407, 0.009498070819068512, 0.03659126412028378, 0.024247202014860122, 0.009498070819068297, -4.561180071092162e-16, 0.0070257040395974996, -0.02473170184322873, -4.837314414463408e-16, 0.009498070819067478, -0.004409178971275449, 0.11419160854661603]
other derivatives: [ 0.49228674 -0.01232365  0.03035439 -0.0295131   0.07078143  0.        ]
Current x array =  [ -0.65025939  -0.72921547  -0.58507308   0.83884974  -0.79727236
   0.33647224   0.19457061  -8.88202396  -2.77724384  -2.0022797
  -0.7021811   -2.366284    -3.48375478  -3.9470493   -4.42487677
  -3.05158086  -3.9470493   -2.30258509  -3.35441659  -2.99951728
  -2.30258509  -3.9470493  -10.83040567  -3.22402002]
log likelihood =  -1849.42333512
Edge derivatives =  [0.02905259098201854, -0.00723091508002303, 0.007370787957121358, 0.02075972928919223, -0.18532600634300522, -0.1150287934665065, -0.012853630557929221, 0.008894135159965143, 0.028058540374661944, 0.0675388153132846, 0.008894135159965087, 2.7415722083143164e-27, 0.0380387792829672, 0.0442020703296849, 2.4888243519048612e-27, 0.008894135159964386, -0.0043884423086941555, 0.10180931124813376]
other derivatives: [-0.62743766  0.50677045 -0.04208687  0.03394689 -0.02862635  0.        ]
Current x array =  [ -0.64873493  -0.73064533  -0.5850551    0.83818416  -0.7961685
   0.33647224   0.19380517  -8.88663291  -2.78122798  -2.00414655
  -0.69979286  -2.3757915   -3.47598106  -3.9476035   -4.41925026
  -3.05651455  -3.9476035   -2.30258509  -3.35940309  -3.00564248
  -2.30258509  -3.9476035  -10.83514949  -3.22265165]
log likelihood =  -1849.42233971
Edge derivatives =  [-0.007555132742360774, -0.007240386387033573, 0.0006178766336733393, 0.012314483690468891, -0.1240273553188666, -0.10997444345141792, -0.007024043740883258, 0.008628492702775423, 0.02886330304215602, 0.062240815793835225, 0.008628492702775013, -1.5857251597161788e-15, 0.031058285388804854, 0.04533846961506788, -1.5705236059873526e-15, 0.008628492702776075, -0.004393150384775059, 0.09215774748987653]
other derivatives: [-0.0488626   0.07287326 -0.05704806  0.05516085 -0.04197318  0.        ]
Current x array =  [ -0.64954185  -0.72935842  -0.5850267    0.83779377  -0.79573888
   0.33647224   0.19392295  -8.88561051  -2.78065786  -2.0038915
  -0.70144704  -2.37545352  -3.47706737  -3.94742314  -4.42004199
  -3.05584164  -3.94742314  -2.30258509  -3.35836319  -3.00581645
  -2.30258509  -3.94742314 -10.83408297  -3.22156719]
log likelihood =  -1849.42198652
Edge derivatives =  [0.0009217307355118519, -0.00722886974842718, -0.0064118567807783244, -0.005473642594644168, -0.07105131579548424, -0.0995551935981619, -0.008167257658148491, 0.0081442420502787, 0.02841941316113858, 0.06030198801796734, 0.00814424205027909, 6.197429482578057e-16, 0.02791889607977159, 0.05279631236023703, 6.429410280001351e-16, 0.008144242050279096, -0.00438491369017366, 0.07842552230511234]
other derivatives: [ 0.04538379 -0.09001724 -0.05218226  0.05584297 -0.06484697  0.        ]
Current x array =  [ -0.64967635  -0.72886072  -0.58506582   0.83774462  -0.79523102
   0.33647224   0.19375916  -8.8873516   -2.78039034  -2.00315345
  -0.70271922  -2.37650927  -3.4770061   -3.94731514  -4.4199333
  -3.05560088  -3.94731514  -2.30258509  -3.35789526  -3.00658468
  -2.30258509  -3.94731514 -10.83597277  -3.22003273]
log likelihood =  -1849.42148601
Edge derivatives =  [0.011971781160836957, -0.007193987329395265, -0.014385838310332966, -0.03245421728091788, 0.003552235878484633, -0.07923224884510732, -0.016155481533393933, 0.007383291328787768, 0.025756299770247744, 0.056680538683644546, 0.0073832913287879345, -3.814114976257253e-16, 0.026663199664250084, 0.06213206108810995, -3.681187959370169e-16, 0.007383291328787796, -0.004362398461065266, 0.054812090739918634]
other derivatives: [ 0.05418315 -0.18585524 -0.02457909  0.02189608 -0.07260041  0.        ]
Current x array =  [ -0.64968701  -0.72856111  -0.58514079   0.8381789   -0.79493571
   0.33647224   0.19370871  -8.892169    -2.78046822  -2.00187411
  -0.70420722  -2.3797877   -3.47574344  -3.94722396  -4.4186871
  -3.05528769  -3.94722396  -2.30258509  -3.35778315  -3.00748948
  -2.30258509  -3.94722396 -10.84113142  -3.2173878 ]
log likelihood =  -1849.42080037
Edge derivatives =  [-0.018886240461869278, -0.007079614252794723, -0.017533042023274298, -0.0576841201226537, 0.07229232974139171, -0.05240745558146158, -0.033081152296543966, 0.007718277896683841, 0.01802401241651745, 0.0482438629401636, 0.007718277896683175, -3.2209117181318533e-15, 0.026775114765042587, 0.06506559598148025, -3.242798437820525e-15, 0.007718277896684091, -0.004289462352617447, 0.021738231875915004]
other derivatives: [ 0.13844783 -0.07012204  0.18064839 -0.00043201 -0.0404043   0.        ]
Current x array =  [ -0.64978834  -0.72888388  -0.5855745    0.8384011   -0.79541898
   0.33647224   0.19414284  -8.90786327  -2.78137236  -2.00039965
  -0.7050754   -2.38584703  -3.47283375  -3.9475288   -4.41486769
  -3.05464062  -3.9475288   -2.30258509  -3.35799188  -3.00772821
  -2.30258509  -3.9475288  -10.85796827  -3.21365577]
log likelihood =  -1849.42083844
Edge derivatives =  [-0.0425300027596152, -0.006786083652660559, -0.030923679233869295, -0.1255486162152073, 0.1297769821537763, -0.01573135966430557, -0.06252648466927055, 0.009969609513588988, 0.00020616888893369364, 0.02189379839828702, 0.009969609513588967, 5.899728893552997e-16, 0.0267766898447781, 0.039868793975219946, 6.065685108498303e-16, 0.009969609513588787, -0.004102223106194947, -0.019548176867561662]
other derivatives: [-0.35843186 -0.23926532 -0.51181814 -0.09119958  0.06309619  0.        ]
Current x array =  [ -0.64916318  -0.72850638  -0.58391491   0.83978456  -0.7975232
   0.33647224   0.1949766   -8.94939294  -2.78287465  -1.99662656
  -0.70505902  -2.39565287  -3.46728328  -3.94849055  -4.40653898
  -3.05277384  -3.94849055  -2.30258509  -3.35887339  -3.00501379
  -2.30258509  -3.94849055 -10.90262258  -3.20905482]
log likelihood =  -1849.42042819
Edge derivatives =  [-0.03042943427862206, -0.006934856280520815, -0.02406418136120507, -0.09074483462535235, 0.10036217105858264, -0.034424292727953554, -0.04742225440674325, 0.008818530318742857, 0.009353380858566553, 0.03539449279599832, 0.008818530318742183, -1.4612986024437199e-15, 0.02677888069810644, 0.052783652706702405, -1.5075486509373851e-15, 0.00881853031874319, -0.004197067542461895, 0.001620336154830107]
other derivatives: [-0.10377335 -0.15263595 -0.15659225 -0.04470166  0.0101636   0.        ]
Current x array =  [ -0.64948334  -0.72869971  -0.58476482   0.83907606  -0.79644558
   0.33647224   0.19454961  -8.92812471  -2.7821053   -1.99855884
  -0.70506741  -2.39063109  -3.47012579  -3.94799802  -4.41080429
  -3.05372986  -3.94799802  -2.30258509  -3.35842195  -3.0064039
  -2.30258509  -3.94799802 -10.87975416  -3.21141106]
log likelihood =  -1849.42005177
Edge derivatives =  [-0.033204136091169414, -0.006847198043550735, -0.017323075030622165, -0.08434151139725185, 0.08468111363595965, -0.02740138899167445, -0.05540373985543235, 0.00990312701637084, 0.0033544924374436062, 0.026644088546705844, 0.009903127016371402, 1.052158378386057e-15, 0.026607704280588687, 0.040249324326557076, 9.36911834016302e-16, 0.009903127016369924, -0.00414200073529454, -0.009368426164039725]
other derivatives: [-0.03251444  0.02389697 -0.00375167 -0.0437467   0.05929905  0.        ]
Current x array =  [ -0.64956571  -0.72921996  -0.58506765   0.83894861  -0.7972763
   0.33647224   0.19478609  -8.94041043  -2.78301203  -1.99856099
  -0.70415709  -2.39382104  -3.46863809  -3.94838161  -4.40795395
  -3.05300548  -3.94838161  -2.30258509  -3.35854341  -3.00517465
  -2.30258509  -3.94838161 -10.89293078  -3.21015333]
log likelihood =  -1849.4197178
Edge derivatives =  [-0.02497286270191139, -0.006765735188550779, -0.007751804092699835, -0.06499176776919277, 0.042337933578628084, -0.02658366604549668, -0.056274566294753935, 0.011094086047958966, -0.0020479928140575768, 0.012536152713910217, 0.011094086047959459, -1.3965011904630518e-15, 0.021920855610537207, 0.01746304312842495, -1.3421470252159225e-15, 0.011094086047959001, -0.004090782030563267, -0.016814467221400398]
other derivatives: [ 0.01446097  0.14847501  0.04470166 -0.02132765  0.09201813  0.        ]
Current x array =  [ -0.64962663  -0.72959362  -0.58515458   0.83855157  -0.79791967
   0.33647224   0.19486424  -8.95199032  -2.78371829  -1.9992378
  -0.70274623  -2.39596975  -3.46840069  -3.9487078   -4.40565275
  -3.05166593  -3.9487078   -2.30258509  -3.35795971  -3.00304944
  -2.30258509  -3.9487078  -10.90534977  -3.20929735]
log likelihood =  -1849.41941142
Edge derivatives =  [-0.03994994752646483, -0.006670540211929071, 0.00359030818228058, -0.03734406036740556, -0.015355014078798634, -0.027195082200143106, -0.05263274332227379, 0.011863893677014702, -0.008778275076616857, -0.008209178610582318, 0.01186389367701475, 8.867298801802788e-17, 0.012786379581237198, -0.01642779362370922, 8.864628175599684e-17, 0.011863893677013973, -0.004029523892929742, -0.026106301045314084]
other derivatives: [-0.14631496  0.03196874  0.18326318  0.00720775  0.08899406  0.        ]
Current x array =  [ -0.64941911  -0.72926616  -0.58549475   0.83815324  -0.79792532
   0.33647224   0.19493672  -8.96610221  -2.78438177  -2.00042117
  -0.70100824  -2.39851661  -3.46904013  -3.94893764  -4.40318017
  -3.04960219  -3.94893764  -2.30258509  -3.35672627  -3.00004041
  -2.30258509  -3.94893764 -10.92046379  -3.20828671]
log likelihood =  -1849.41928751
Edge derivatives =  [0.037224219059069745, -0.006586949196644999, 0.0118135820555971, -0.009242157901426684, -0.04602202334983718, -0.022990447769808728, -0.03957577023953439, 0.012377578761005967, -0.012787183389435436, -0.03138460581460431, 0.012377578761005245, 1.4223975343303433e-17, -0.002279995070866875, -0.0464458483479611, 7.124750612815685e-18, 0.012377578761006133, -0.0039769730867664855, -0.036708093167924394]
other derivatives: [ 0.23744633  0.15829755 -0.10766144  0.04088179  0.01321041  0.        ]
Current x array =  [ -0.64996125  -0.72957869  -0.58488304   0.83772778  -0.79685721
   0.33647224   0.19430827  -8.97831379  -2.7843622   -2.00167402
  -0.70005919  -2.40015025  -3.47135676  -3.94888764  -4.40187858
  -3.04717714  -3.94888764  -2.30258509  -3.35450361  -2.99735922
  -2.30258509  -3.94888764 -10.93354776  -3.20706198]
log likelihood =  -1849.41914406
Edge derivatives =  [0.012307760402335898, -0.006618187825306595, 0.008705651554558574, -0.016142238012361226, -0.029746186941029984, -0.02320194248641136, -0.040593373076572625, 0.011683849506997974, -0.011094521409517232, -0.023888509068602223, 0.011683849506998197, 1.879430090014108e-18, 0.0008341461589432692, -0.03573171486805292, 4.505887265645392e-17, 0.011683849506997503, -0.0039960854007217075, -0.03338397176058057]
other derivatives: [ 0.04176854  0.01798526 -0.01682565  0.02821707  0.00616183  0.        ]
Current x array =  [ -0.64969476  -0.72917706  -0.58510655   0.83794709  -0.79664928
   0.33647224   0.19440176  -8.97388865  -2.78419464  -2.00146357
  -0.7005885   -2.39963658  -3.47124144  -3.94875608  -4.4026208
  -3.04790088  -3.94875608  -2.30258509  -3.35492687  -2.99839279
  -2.30258509  -3.94875608 -10.92878885  -3.20746825]
log likelihood =  -1849.41909806
Edge derivatives =  [0.008674896397035423, -0.006624870778950185, 0.007352471371805919, -0.017336552444338987, -0.01632452914686605, -0.021255956041151186, -0.03868625441461455, 0.011167366191746055, -0.01046749829474048, -0.021976915186259258, 0.011167366191746048, 1.041615425272099e-16, 0.00034139964366772246, -0.031685297593115516, 1.1875699482204297e-16, 0.011167366191745534, -0.003999945739714437, -0.03311166364893006]
other derivatives: [-0.01753051 -0.03992682 -0.00679847  0.02078195 -0.01418812  0.        ]
Current x array =  [ -0.64961582  -0.72900111  -0.58515008   0.83809137  -0.79627867
   0.33647224   0.19436088  -8.97301644  -2.78402087  -2.00148514
  -0.70096246  -2.39966093  -3.47164413  -3.94861945  -4.40295145
  -3.04804435  -3.94861945  -2.30258509  -3.35481251  -2.99882029
  -2.30258509  -3.94861945 -10.92783806  -3.2075141 ]
log likelihood =  -1849.41903121
Edge derivatives =  [0.007573994686598369, -0.006616398784022623, 0.006859779692295079, -0.014926304850132688, 0.0009655595727015021, -0.01730955837966025, -0.034175085908201126, 0.010484801079806906, -0.010313874483350916, -0.02134765221130297, 0.01048480107980674, 2.019064057170374e-15, -0.0018455970587762521, -0.029211853044523797, 1.9984787962487127e-15, 0.010484801079806969, -0.003994251252119821, -0.03275146915402026]
other derivatives: [-0.07057679 -0.06536993 -0.00709406  0.00795808 -0.03858531  0.        ]
Current x array =  [ -0.6495432   -0.72891514  -0.58517301   0.83832326  -0.79584836
   0.33647224   0.19431657  -8.97438465  -2.78378673  -2.00168562
  -0.70137322  -2.40010277  -3.47253895  -3.94841694  -4.40310182
  -3.04802582  -3.94841694  -2.30258509  -3.35441779  -2.99913653
  -2.30258509  -3.94841694 -10.92927415  -3.20756652]
log likelihood =  -1849.41889439
Edge derivatives =  [-0.006474543782526586, -0.006566289103356901, 0.006514853056416192, -0.008656369315708956, 0.034863925210321056, -0.00794143899597631, -0.023978633318138848, 0.009147535453916486, -0.011491851758881042, -0.02012941107869516, 0.009147535453915945, -2.2053308790366815e-16, -0.006244953579368176, -0.02602627544788863, -1.9905382079208274e-16, 0.00914753545391643, -0.003962266626400355, -0.029284322358698017]
other derivatives: [-0.00534328 -0.15882051  0.01787157 -0.03690275 -0.04670255  0.        ]
Current x array =  [ -0.6496255   -0.72863742  -0.58523554   0.83898104  -0.79557785
   0.33647224   0.19446584  -8.98197441  -2.78336822  -2.00209224
  -0.70199489  -2.40186339  -3.47447791  -3.94800383  -4.40271072
  -3.04800091  -3.94800383  -2.30258509  -3.3536562   -2.99957901
  -2.30258509  -3.94800383 -10.93732631  -3.2079656 ]
log likelihood =  -1849.41881785
Edge derivatives =  [-0.009075928309449054, -0.006473984675993865, 0.011032820585927583, 0.020209271308155086, 0.0674310045757503, 0.005325382038316673, 0.0038404944453161657, 0.006293087993486456, -0.012226880831227704, -0.019965306706889965, 0.006293087993485991, 4.998425064230501e-16, -0.01791747030778778, -0.02683667717902763, 5.82643664275606e-16, 0.006293087993486053, -0.0039038041807324497, -0.015466765228257018]
other derivatives: [-0.36184247  0.05154561 -0.04095    -0.06932623 -0.09026735  0.        ]
Current x array =  [ -0.64912464  -0.72923472  -0.58515758   0.83961546  -0.79500002
   0.33647224   0.19448099  -8.99603742  -2.78231109  -2.0037692
  -0.70250969  -2.40430149  -3.47981472  -3.94706643  -4.4026066
  -3.04761444  -3.94706643  -2.30258509  -3.35152225  -2.99990522
  -2.30258509  -3.94706643 -10.95220309  -3.20951846]
log likelihood =  -1849.41862933
Edge derivatives =  [-0.017906898394085248, -0.006446900083152082, 0.010543388188865896, 0.014890842735319487, 0.06088850574247012, 0.005884832950308644, -0.00021306520396480177, 0.006746649422316182, -0.014158962647303895, -0.01999992839876019, 0.006746649422315877, -9.92042066757819e-16, -0.01577362586650477, -0.027766903634960927, -9.180845059728186e-16, 0.006746649422315634, -0.0038861178348447017, -0.016051937410682227]
other derivatives: [-0.09458745 -0.02839897  0.00075033 -0.07628387 -0.036448    0.        ]
Current x array =  [ -0.64948523  -0.72902028  -0.58519889   0.83957937  -0.79578517
   0.33647224   0.19471161  -9.          -2.78256733  -2.00338784
  -0.70214693  -2.4052545   -3.47895884  -3.94721113  -4.40163872
  -3.04770685  -3.94721113  -2.30258509  -3.35195062  -2.9997184
  -2.30258509  -3.94721113 -10.95672777  -3.2094357 ]
log likelihood =  -1849.41854747
Edge derivatives =  [-0.018738315173613854, -0.006445665956895572, 0.009558880902100136, 0.009417638183203236, 0.0474464968716512, 0.0031252685943914255, -0.0031411287040446836, 0.0070092319543557866, -0.014077115450593827, -0.016373628433248896, 0.0070092319543559115, 1.468736727415705e-17, -0.012257919007860323, -0.024463186888046495, 2.9441801474215057e-17, 0.007009231954355724, -0.003885196662435248, -0.012265939854673669]
other derivatives: [ 0.03972218  0.00252385  0.01091394 -0.06330083  0.00975433  0.        ]
Current x array =  [ -0.64966375  -0.72912695  -0.58518081   0.83929051  -0.79655451
   0.33647224   0.19483261  -9.          -2.7826457   -2.00306061
  -0.70175628  -2.40516396  -3.47833559  -3.9472898   -4.40147063
  -3.04813092  -3.9472898   -2.30258509  -3.35250484  -2.99993107
  -2.30258509  -3.9472898  -10.95694495  -3.20983678]
log likelihood =  -1849.41849092
Edge derivatives =  [-0.015690356347669274, -0.006445067548205157, 0.008387773563385992, 0.00711109286885292, 0.035504737844980205, 0.0010282996775491937, -0.001605243075260325, 0.006612054447705747, -0.013225471448358679, -0.011370100352978349, 0.006612054447705455, 2.742022817171267e-16, -0.010200188651725228, -0.018749122145094374, 2.700767128366887e-16, 0.006612054447705705, -0.00388470001662792, -0.0061928113279998]
other derivatives: [ 0.06973551  0.02614797  0.00466116 -0.04138201  0.0306045   0.        ]
Current x array =  [ -0.64970361  -0.72920292  -0.5851549    0.83892809  -0.79694446
   0.33647224   0.19483612  -9.          -2.78247137  -2.00298516
  -0.7014536   -2.40504403  -3.47859045  -3.94717159  -4.40170483
  -3.04861339  -3.94717159  -2.30258509  -3.3527649   -3.0004464
  -2.30258509  -3.94717159 -10.95706433  -3.21050519]
log likelihood =  -1849.41841691
Edge derivatives =  [-0.0010716721898404984, -0.006445110085772377, 0.004857511568157322, 0.0034228236112028854, 0.015886255047810216, -0.001319054748466053, 0.00505598544194745, 0.0049899025669715505, -0.010886038281512512, -0.001467020872250105, 0.004989902566970544, 3.0787340366440316e-16, -0.008059832407077853, -0.005094604139147446, 2.651152803400487e-16, 0.00498990256697051, -0.0038842254208724114, 0.004301893410829524]
other derivatives: [ 0.06459686  0.01184617  0.01743956  0.00140972  0.02085017  0.        ]
Current x array =  [ -0.6496997   -0.72915114  -0.58520847   0.8382928   -0.7968422
   0.33647224   0.19462966  -9.          -2.7818568   -2.0030088
  -0.70101776  -2.40497348  -3.47985751  -3.94671022  -4.40259377
  -3.0494851   -3.94671022  -2.30258509  -3.35292471  -3.00178413
  -2.30258509  -3.94671022 -10.95718904  -3.21168   ]
log likelihood =  -1849.4184783
Edge derivatives =  [-0.009428444406796523, -0.00644493922959756, 0.00020861715261823177, -0.008529179752189031, -0.009354563082959177, -0.0037332901504341376, 0.0018764875094352332, 0.004118855045123139, -0.009948177446489691, 0.003124528464715573, 0.00411885504512214, -2.219572900458334e-16, -0.003400387065511476, 0.003876620769657918, -2.2199685182516503e-16, 0.004118855045121744, -0.0038831501532419705, 0.004931392420867528]
other derivatives: [-0.06009486 -0.08733423 -0.23942448  0.01077751  0.0152113   0.        ]
Current x array =  [ -0.64955609  -0.72888708  -0.58462932   0.83826804  -0.79696042
   0.33647224   0.19470866  -9.          -2.78167427  -2.00248193
  -0.7003508   -2.40523529  -3.47919426  -3.94651919  -4.40289462
  -3.05003555  -3.94651919  -2.30258509  -3.35369609  -3.00251845
  -2.30258509  -3.94651919 -10.95747852  -3.21176074]
log likelihood =  -1849.41841047
Edge derivatives =  [-0.003034666348204023, -0.006445069617150964, 0.003763412012766157, 0.0006103822287195637, 0.009947048546513293, -0.0018873416441981677, 0.004307876330396421, 0.004784954806692741, -0.010665175662704945, -0.0003856193404533914, 0.004784954806692832, 2.1402567193870314e-15, -0.006962375251400893, -0.0029819442126288315, 2.191736658654663e-15, 0.004784954806692027, -0.0038839721818672724, 0.004450277507904624]
other derivatives: [ 0.03526566 -0.01132321 -0.04288268  0.00361524  0.01955414  0.        ]
Current x array =  [ -0.6496659   -0.72908897  -0.58507213   0.83828697  -0.79687003
   0.33647224   0.19464826  -9.          -2.78181383  -2.00288476
  -0.70086075  -2.40503511  -3.47970137  -3.94666525  -4.40266459
  -3.04961468  -3.94666525  -2.30258509  -3.3531063   -3.00195699
  -2.30258509  -3.94666525 -10.95725719  -3.21169901]
log likelihood =  -1849.41840077
Edge derivatives =  [-0.0002807949053868497, -0.006445337724911283, 0.00250473047941302, -0.000835791470552183, 0.004717451150849483, -0.0022152038384151973, 0.0059900511144806295, 0.0041704133104426555, -0.009932622106800425, 0.001908336066865468, 0.004170413310441656, -8.668248558267769e-16, -0.006394119355621508, 0.0007280434247613488, -8.77210003786527e-16, 0.004170413310442558, -0.0038838509324290353, 0.0061633837406727815]
other derivatives: [-0.00038654 -0.01518856 -0.0208729   0.0093678   0.00727596  0.        ]
Current x array =  [ -0.64961807  -0.72907241  -0.5851361    0.83822074  -0.79667513
   0.33647224   0.19458239  -9.          -2.78161758  -2.0028922
  -0.70074713  -2.40508116  -3.48004799  -3.94650198  -4.40297488
  -3.0498052   -3.94650198  -2.30258509  -3.35313836  -3.00233549
  -2.30258509  -3.94650198 -10.95729342  -3.21189613]
log likelihood =  -1849.4183949
Edge derivatives =  [-0.0003830508019657033, -0.006445444805398464, 0.0014870530543204113, -0.002924385672087859, 0.0010281766695220962, -0.002285925568029659, 0.0056453776930374885, 0.003778329692659982, -0.009519411626623387, 0.0027409164161456556, 0.0037783296926595655, 7.153155727572181e-17, -0.005440270692266547, 0.0026546830772807284, 5.783802617322261e-17, 0.003778329692660426, -0.003883548843053953, 0.005742211992366741]
other derivatives: [-0.01634817 -0.011255   -0.00811724  0.00582077 -0.00088676  0.        ]
Current x array =  [ -0.64959678  -0.72908027  -0.58516988   0.83829455  -0.79653531
   0.33647224   0.19457078  -9.          -2.78153144  -2.00282786
  -0.70064813  -2.40518153  -3.48000406  -3.94640811  -4.4031466
  -3.04988466  -3.94640811  -2.30258509  -3.35326434  -3.00251667
  -2.30258509  -3.94640811 -10.95737326  -3.21185173]
log likelihood =  -1849.41838842
Edge derivatives =  [0.00036530354700512954, -0.006445397366202358, 0.00018264665110441503, -0.005946073375173666, -0.003575523261816871, -0.002144323838915635, 0.004018126606195174, 0.0032201673789002336, -0.008930556201712389, 0.003288381118840361, 0.0032201673789004764, -5.392896455640909e-16, -0.003562548516999775, 0.0047915535324838665, -5.032604377647079e-16, 0.003220167378900428, -0.003882797107683497, 0.003985562736442683]
other derivatives: [-0.01434728  0.00245564 -0.00043201 -0.00331966 -0.01020908  0.        ]
Current x array =  [ -0.64959972  -0.72911574  -0.58518875   0.83845104  -0.79637856
   0.33647224   0.19456878  -9.          -2.78144792  -2.00271494
  -0.70050576  -2.40537921  -3.47971875  -3.94627804  -4.40338947
  -3.04995218  -3.94627804  -2.30258509  -3.35353744  -3.0026949
  -2.30258509  -3.94627804 -10.95756633  -3.21165578]
log likelihood =  -1849.4183872
Edge derivatives =  [-0.0044784441763729265, -0.0064454006796956466, -0.0006179040546184372, -0.009148810256965734, -0.007976707535568006, -0.002330877521548716, -0.000121575530393922, 0.002715049811636283, -0.00854878855390883, 0.0028849189949002596, 0.0027150498116363386, -1.3319742626697295e-16, -0.0005610206149695846, 0.0050330618534105, -1.3319253917508464e-16, 0.0027150498116373725, -0.003881413778498423, 0.000658445125419807]
other derivatives: [-0.0512955  -0.02878551  0.04208687 -0.01018634 -0.0005457   0.        ]
Current x array =  [ -0.64954906  -0.72903193  -0.58527763   0.83853564  -0.79650388
   0.33647224   0.19462791  -9.          -2.78148171  -2.00257238
  -0.70035665  -2.40564196  -3.47895471  -3.94618898  -4.40357119
  -3.04995941  -3.94618898  -2.30258509  -3.35401563  -3.00267294
  -2.30258509  -3.94618898 -10.95792809  -3.21128995]
  status: 0
 success: True
    nfev: 90
     fun: 1849.418387197817
       x: array([ -0.64954906,  -0.72903193,  -0.58527763,   0.83853564,
        -0.79650388,   0.33647224,   0.19462791,  -9.        ,
        -2.78148171,  -2.00257238,  -0.70035665,  -2.40564196,
        -3.47895471,  -3.94618898,  -4.40357119,  -3.04995941,
        -3.94618898,  -2.30258509,  -3.35401563,  -3.00267294,
        -2.30258509,  -3.94618898, -10.95792809,  -3.21128995])
 message: 'CONVERGENCE: REL_REDUCTION_OF_F_<=_FACTR*EPSMCH'
     jac: array([  5.12955012e-02,   2.87855073e-02,  -4.20868673e-02,
         1.01863407e-02,   5.45696821e-04,  -0.00000000e+00,
         4.47844418e-03,   6.44540068e-03,   6.17904055e-04,
         9.14881026e-03,   7.97670754e-03,   2.33087752e-03,
         1.21575530e-04,  -2.71504981e-03,   8.54878855e-03,
        -2.88491899e-03,  -2.71504981e-03,   1.33197426e-16,
         5.61020615e-04,  -5.03306185e-03,   1.33192539e-16,
        -2.71504981e-03,   3.88141378e-03,  -6.58445125e-04])
     nit: 80
