number of sites to be analyzed:  87
Successfully loaded parameter value from ./save/MG94_Force_ENSG00000169900_ENSG00000103490_nonclock_save.txt
log likelihood =  -1118.36968313
Edge derivatives =  [-0.0016170625255599314, 0.0007980637704834148, -0.0004982697383889151, 0.003541434207544797, -1.3505445748328734e-05, -0.0011851479826385375, -0.0005390208408499672, 0.0016412232601119917, -0.002059470039402971, -0.006258266284044467, -1.327184087440182e-05, -0.006295509998742094, -0.0026889848903443037, -0.0026973288914555957]
other derivatives: [-0.00147793 -0.00250111  0.00832188 -0.00056843  0.00254659  0.        ]
Current x array =  [ -0.59246909  -0.90207846  -0.47248245   0.6611993   -1.11986051
   0.33647224  -0.90844009  -0.29857718  -3.38602246  -2.22168877
 -16.27377046  -3.16929234  -3.99312097  -3.75901197  -4.42674849
  -3.16608372 -16.33098098  -2.26375263  -4.42865714  -4.42889673]
log likelihood =  -1118.38367114
Edge derivatives =  [0.13366979705390336, -0.013794341801001142, 0.007581042815286099, -0.033960825341014356, -1.3489778317720294e-05, 0.016245453255791548, 0.004722369072119564, -0.0009565499744849798, 0.004597426790097416, 0.045988137239429946, -1.3254371518571453e-05, 0.11911851469605148, 0.005165369209195303, 0.005171279298024106]
other derivatives: [ 0.55874807  0.47136837 -2.89771833  0.17812454 -0.25474947  0.        ]
Current x array =  [ -0.59394702  -0.90457957  -0.46416057   0.66063087  -1.11731393
   0.33647224  -0.91005715  -0.29777912  -3.38652073  -2.21814733
 -16.27378396  -3.17047749  -3.99366     -3.75737074  -4.42880796
  -3.17234199 -16.33099425  -2.27004814  -4.43134613  -4.43159406]
log likelihood =  -1118.3696824
Edge derivatives =  [-0.0006361500865817993, 0.000704506403558014, -0.00043959041398232424, 0.0032766032708761994, -1.350533075127999e-05, -0.001058704790780754, -0.0005006984181836135, 0.0016234088600420443, -0.002011280607004548, -0.005880968158335803, -1.327171311603514e-05, -0.005389843249134052, -0.002632178440377664, -0.002640419852077351]
other derivatives: [ 0.00259206  0.00086402 -0.01225544  0.00070486  0.00068212  0.        ]
Current x array =  [ -0.59247969  -0.90209639  -0.47242278   0.66119522  -1.11984225
   0.33647224  -0.90845168  -0.29857146  -3.38602603  -2.22166337
 -16.27377055  -3.16930084  -3.99312484  -3.7590002   -4.42676325
  -3.16612859 -16.33098107  -2.26379777  -4.42867642  -4.42891607]
  status: 0
 success: True
    nfev: 3
     fun: 1118.369682401928
       x: array([ -0.59247969,  -0.90209639,  -0.47242278,   0.66119522,
        -1.11984225,   0.33647224,  -0.90845168,  -0.29857146,
        -3.38602603,  -2.22166337, -16.27377055,  -3.16930084,
        -3.99312484,  -3.7590002 ,  -4.42676325,  -3.16612859,
       -16.33098107,  -2.26379777,  -4.42867642,  -4.42891607])
 message: 'CONVERGENCE: REL_REDUCTION_OF_F_<=_FACTR*EPSMCH'
     jac: array([ -2.59205990e-03,  -8.64019967e-04,   1.22554411e-02,
        -7.04858394e-04,  -6.82121026e-04,  -0.00000000e+00,
         6.36150087e-04,  -7.04506404e-04,   4.39590414e-04,
        -3.27660327e-03,   1.35053308e-05,   1.05870479e-03,
         5.00698418e-04,  -1.62340886e-03,   2.01128061e-03,
         5.88096816e-03,   1.32717131e-05,   5.38984325e-03,
         2.63217844e-03,   2.64041985e-03])
     nit: 1
