number of sites to be analyzed:  224
Successfully loaded parameter value from ./save/MG94_Force_ENSG00000099194_ENSG00000145284_nonclock_save.txt
log likelihood =  -2268.58847227
Edge derivatives =  [0.002580637159707244, -0.004439454722252323, 0.002561868744776763, 0.008716040749468287, 0.005243772850109097, 0.005425813708172463, -0.0018255449831366924, -0.003940997442400408, 0.005037747995627843, -0.00028922108239496855, -0.0029365474205035017, 0.006216025382343338, -0.008139042515679406, 0.003864470508748264]
other derivatives: [ 0.08685674  0.02664819 -0.00623004 -0.00127329  0.00277396  0.        ]
Current x array =  [-0.76977935 -0.78140894 -0.62056132  0.60620344 -1.771768    0.33647224
 -0.22846563 -1.39165075 -3.67940216 -3.30771627 -5.02863925 -3.86102965
 -6.01862706 -4.95834894 -4.47973611 -4.15005164 -6.0529761  -4.75704327
 -4.8248683  -5.08352283]
log likelihood =  -2272.3171756
Edge derivatives =  [-3.661606835437301, -0.3337888756102662, -0.07854392929039997, -0.2950445700067305, -0.016711901770485878, -0.12398594217179686, -0.006168141765113689, -0.01769825516205745, -0.10089566525625679, -0.05117400257954262, -0.008472868326110524, 0.004180470293623173, -0.05310613249401802, 0.020196886483747515]
other derivatives: [-85.64916243 -12.29673217   1.04328137   2.53526196  -1.58343028   0.        ]
Current x array =  [-0.68292261 -0.75476074 -0.62679136  0.60493015 -1.76899404  0.33647224
 -0.22588499 -1.3960902  -3.67684029 -3.29900023 -5.02339548 -3.85560384
 -6.02045261 -4.96228994 -4.47469836 -4.15034086 -6.05591264 -4.75082724
 -4.83300734 -5.07965836]
log likelihood =  -2268.58846686
Edge derivatives =  [-0.0017215252341222786, -0.0048575323850624935, 0.0024670031385094493, 0.008354708740254409, 0.005217337112545686, 0.005272171574307451, -0.0018306652827594048, -0.003956774082264839, 0.004915149037118399, -0.0003493992392949105, -0.0029429238565939425, 0.006210731056231448, -0.0081888265458958, 0.0038811475691737304]
other derivatives: [-0.00472937  0.01209628 -0.00509317  0.00122782  0.00050022  0.        ]
Current x array =  [-0.76967415 -0.78137666 -0.62056886  0.6062019  -1.77176464  0.33647224
 -0.22846251 -1.39165612 -3.67939905 -3.30770571 -5.0286329  -3.86102308
 -6.01862928 -4.95835371 -4.47973001 -4.15005199 -6.05297965 -4.75703574
 -4.82487816 -5.08351815]
log likelihood =  -2268.58846627
Edge derivatives =  [-0.0018565799228807967, -0.004831614856006111, 0.0023951675511956344, 0.0081828552145723, 0.005194791785687658, 0.005188459817538939, -0.0018297911427094466, -0.003948357138814614, 0.004871364164203588, -0.0003648940854820322, -0.0029413923611169694, 0.0061839870374981905, -0.008169101949144865, 0.0038719012195455125]
other derivatives: [-0.00500222  0.00582077 -0.00040927  0.00118234  0.00109139  0.        ]
Current x array =  [-0.76967327 -0.78135996 -0.62057551  0.60620329 -1.77176382  0.33647224
 -0.2284644  -1.39166235 -3.67939587 -3.30769492 -5.02862617 -3.86101628
 -6.01863163 -4.95835881 -4.47972367 -4.15005243 -6.05298345 -4.75702774
 -4.82488871 -5.08351315]
  status: 0
 success: True
    nfev: 4
     fun: 2268.5884662742583
       x: array([-0.76967327, -0.78135996, -0.62057551,  0.60620329, -1.77176382,
        0.33647224, -0.2284644 , -1.39166235, -3.67939587, -3.30769492,
       -5.02862617, -3.86101628, -6.01863163, -4.95835881, -4.47972367,
       -4.15005243, -6.05298345, -4.75702774, -4.82488871, -5.08351315])
 message: 'CONVERGENCE: REL_REDUCTION_OF_F_<=_FACTR*EPSMCH'
     jac: array([ 0.00500222, -0.00582077,  0.00040927, -0.00118234, -0.00109139,
       -0.        ,  0.00185658,  0.00483161, -0.00239517, -0.00818286,
       -0.00519479, -0.00518846,  0.00182979,  0.00394836, -0.00487136,
        0.00036489,  0.00294139, -0.00618399,  0.0081691 , -0.0038719 ])
     nit: 2
