number of sites to be analyzed:  55
Successfully loaded parameter value from ./save/MG94_Force_ENSG00000126768_ENSG00000134375_nonclock_save.txt
log likelihood =  -673.492481662
Edge derivatives =  [-0.0018532070046973492, -7.163528575152043e-05, -0.0011033397299037712, -0.00021261963756247226, 6.9350969327895e-05, -0.000238801426058588, 0.00041236424381734665, -0.001263020535018887, -7.990773920642939e-05, -7.801909981531178e-05, -0.0012630205350190448, 5.930062995487187e-16, 0.0021406689397367937, -0.0012602475164928129, 6.073471831565325e-16, -0.0012630205350187343, -0.0014443505803693364, -0.001292340977638598]
other derivatives: [ 0.00158025  0.00109139  0.00102318 -0.00383125  0.0009436   0.        ]
Current x array =  [ -0.77624365  -0.83982805  -0.55453058   1.00751583  -2.05920184
   0.33647224   0.03139106  -9.          -3.095953    -2.07875717
  -3.16203398  -2.45918272  -4.18433071  -4.9392598  -14.11743941
 -14.15076056  -4.9392598   -2.30258509  -3.99211569  -3.29582295
  -2.30258509  -4.9392598   -4.71672467  -3.294021  ]
log likelihood =  -673.493165425
Edge derivatives =  [0.020137881263030122, -7.123752387882474e-05, 0.0001387419105232865, 0.00027583051807844594, -0.000690572345819776, -0.002037806693574673, 0.00016028987411273454, -0.0007143268980133281, -7.99211820948519e-05, -7.803038463221448e-05, -0.0007143268980133351, 1.4489687326659814e-15, -0.0024494087432496772, 0.0028137245202389666, 1.4905174372415773e-15, -0.0007143268980133507, -0.00035786089095055443, 0.00294253639504978]
other derivatives: [-0.3947207  -0.10905978 -0.27658871  0.084367   -0.01379021  0.        ]
Current x array =  [ -0.77466341  -0.83873666  -0.5535074    1.00368458  -2.05825824
   0.33647224   0.02953785  -9.          -3.09705634  -2.07896979
  -3.16196463  -2.45942153  -4.18391835  -4.94052282 -14.11751932
 -14.15083858  -4.94052282  -2.30258509  -3.98997502  -3.2970832
  -2.30258509  -4.94052282  -4.71816903  -3.29531334]
log likelihood =  -673.492481108
Edge derivatives =  [-0.0012495020322204897, -7.162501478220951e-05, -0.0010691055852681472, -0.00019927432947597357, 4.832051762571066e-05, -0.00028854029977409823, 0.0004054041936378469, -0.0012478551651981026, -7.990811075730023e-05, -7.8019411548884e-05, -0.00124785516519795, 9.141197163751934e-16, 0.002014027276610035, -0.0011476720173180105, 9.455556191249315e-16, -0.0012478551651977955, -0.0014143257669546397, -0.0011753282971440626]
other derivatives: [-0.00931095 -0.00193268 -0.00662794 -0.00140972  0.00051159  0.        ]
Current x array =  [ -0.7762      -0.8397979   -0.55450232   1.00741     -2.05917577
   0.33647224   0.03133987  -9.          -3.09598348  -2.07876304
  -3.16203207  -2.45918932  -4.18431932  -4.93929468 -14.11744162
 -14.15076271  -4.93929468  -2.30258509  -3.99205656  -3.29585776
  -2.30258509  -4.93929468  -4.71676457  -3.2940567 ]
  status: 0
 success: True
    nfev: 3
     fun: 673.4924811084604
       x: array([ -0.7762    ,  -0.8397979 ,  -0.55450232,   1.00741   ,
        -2.05917577,   0.33647224,   0.03133987,  -9.        ,
        -3.09598348,  -2.07876304,  -3.16203207,  -2.45918932,
        -4.18431932,  -4.93929468, -14.11744162, -14.15076271,
        -4.93929468,  -2.30258509,  -3.99205656,  -3.29585776,
        -2.30258509,  -4.93929468,  -4.71676457,  -3.2940567 ])
 message: 'CONVERGENCE: REL_REDUCTION_OF_F_<=_FACTR*EPSMCH'
     jac: array([  9.31095201e-03,   1.93267624e-03,   6.62794264e-03,
         1.40971679e-03,  -5.11590770e-04,  -0.00000000e+00,
         1.24950203e-03,   7.16250148e-05,   1.06910559e-03,
         1.99274329e-04,  -4.83205176e-05,   2.88540300e-04,
        -4.05404194e-04,   1.24785517e-03,   7.99081108e-05,
         7.80194115e-05,   1.24785517e-03,  -9.14119716e-16,
        -2.01402728e-03,   1.14767202e-03,  -9.45555619e-16,
         1.24785517e-03,   1.41432577e-03,   1.17532830e-03])
     nit: 1
