number of sites to be analyzed:  260
log likelihood =  -4122.4527412
Edge derivatives =  [195.3002208353942, 19.319048895461272, -63.82468319169816, -62.33484437776871, -89.14571383345859, -78.56569131050142, -88.05874787532899, -86.2226498960524, -87.410327562903, -79.73200996479575, -91.81323068113657, -87.80597362574137, -92.78967191762824, -90.82944590660848]
other derivatives: [  37.5165655    26.76024451  -45.98532541   48.62913556 -462.22294259
 -550.83692132]
Current x array =  [-0.83172179 -1.09137368 -0.43534559  0.18232156 -0.10536052  0.33647224
 -2.30258509 -2.30258509 -2.30258509 -2.30258509 -2.30258509 -2.30258509
 -2.30258509 -2.30258509 -2.30258509 -2.30258509 -2.30258509 -2.30258509
 -2.30258509 -2.30258509]
log likelihood =  -3609.83015916
Edge derivatives =  [198.97324053583142, 19.579104348687917, -33.21635266668021, -31.800433784923975, -53.579325877744424, -43.401496281968264, -52.11985197097482, -51.155246237127116, -51.72855545351763, -44.24799747576261, -54.74376534961202, -51.939037203680144, -55.2147932857452, -53.458251180069276]
other derivatives: [  43.2365141    15.58910299   67.03776307   37.89800758 -142.75865396
 -176.29736249]
Current x array =  [-0.83074793 -1.09007634 -0.49263366  0.24290326 -0.68119339 -0.34975508
 -2.05928197 -2.27851761 -2.38209727 -2.38024124 -2.41364196 -2.40046147
 -2.41228783 -2.41000044 -2.41148003 -2.40191446 -2.41696513 -2.41197293
 -2.41818157 -2.41573954]
log likelihood =  -3358.48735181
Edge derivatives =  [172.946186272476, 13.713442140058797, -23.307383317131823, -21.570624464733452, -39.4851861615789, -30.63821328139107, -38.28078941377969, -37.31598002672122, -37.53580707892496, -31.237218749782752, -40.1410471938728, -38.03902040445061, -40.55605078508539, -39.01000651669634]
other derivatives: [ -48.85573617   -0.81954568 -287.20546652   36.68737918  -69.48725968
  -83.61121218]
Current x array =  [-0.74478411 -1.07356782 -0.2868762   0.34842551 -1.03831381 -0.79366527
 -1.49658285 -2.22316229 -2.47151629 -2.4656705  -2.55987601 -2.51799785
 -2.55434447 -2.54945783 -2.55246833 -2.52179622 -2.56627165 -2.55352911
 -2.56874578 -2.56137038]
log likelihood =  -3056.22488149
Edge derivatives =  [7.292206180602533, -5.636923990109375, -12.215404078036833, -9.06581429598827, -22.508903437757127, -15.269993376554144, -21.12237372986158, -21.125915436288977, -20.893001431495627, -15.112752560695176, -22.62020295121964, -21.191950457797002, -22.966775204115073, -21.629529245398842]
other derivatives: [ -71.53744264  -27.32385838  225.48588277   10.16960596   27.52822184
  -14.1833425 ]
Current x array =  [-0.71097858 -1.05845292 -0.53609698  0.62957423 -1.8378416  -1.78351591
 -0.0425328  -2.08758994 -2.69001523 -2.67271579 -2.92175129 -2.80571526
 -2.90557021 -2.89368097 -2.90001818 -2.81526524 -2.93528165 -2.90327039
 -2.94101854 -2.92085139]
log likelihood =  -3014.88674175
Edge derivatives =  [-33.14402302847335, -6.042629694494316, -8.051857949474115, -4.563817164816014, -17.670745187826984, -11.19289141306993, -16.519228473534298, -16.478739717684682, -16.116148857004987, -10.939044780897483, -17.966017551403702, -16.57815162516159, -18.313082652405352, -17.0179843865899]
other derivatives: [ 99.54660527 -10.78669811  15.25490916  16.89641067   4.91181709
  -8.72100827]
Current x array =  [-0.89712668 -1.11690936 -0.36758221  0.7184708  -1.96927056 -2.03797504
  0.31057119 -2.06906987 -2.76474911 -2.73826711 -3.04977741 -2.90215166
 -3.02845769 -3.01478027 -3.02132957 -2.91268355 -3.06512769 -3.02589104
 -3.07236154 -3.04654613]
log likelihood =  -3003.4221838
Edge derivatives =  [-43.42579132061596, -6.192558558727441, -7.064606570985233, -3.7995326509188923, -16.47563448472958, -10.208578163496549, -15.303285240737175, -15.317743998631384, -14.923140766044215, -9.881841283590898, -16.742086767551196, -15.38126304525548, -17.074998615560762, -15.810911976537097]
other derivatives: [ 30.90717655  -7.25422069 -34.18781489  16.89909368  -0.69967427
  -7.38828021]
Current x array =  [-0.8166434  -1.13700278 -0.34361715  0.76053106 -2.00980498 -2.11740326
  0.38252484 -2.0676819  -2.79231543 -2.76028459 -3.10093773 -2.93886833
 -3.07721554 -3.06296863 -3.06927449 -2.94948638 -3.11712591 -3.07461479
 -3.12507281 -3.09654605]
log likelihood =  -2991.53413577
Edge derivatives =  [-42.901839836608104, -5.92170722230241, -5.6656605323367515, -2.641055870043567, -14.601455976556771, -8.586008868761397, -13.381532994751451, -13.447936961241707, -13.067915266486972, -8.182366704311056, -14.778573693310523, -13.44842644188108, -15.078337604219277, -13.867470523567587]
other derivatives: [-61.15383258   3.38704922 -18.75168891  14.19780347   3.12443262
  -5.65837581]
Current x array =  [-0.72668706 -1.17426276 -0.34632037  0.83983255 -2.06700059 -2.23588958
  0.41205661 -2.07488187 -2.83927094 -2.79530773 -3.1929389  -3.00259502
 -3.1642679  -3.14934069 -3.15475301 -3.01281733 -3.21059909 -3.16175561
 -3.21996799 -3.18601328]
log likelihood =  -2976.3641118
Edge derivatives =  [-34.619544556780994, -5.196831952661064, -3.561531490338606, -0.6676760727322698, -11.78867537610029, -6.113543545332605, -10.56598273570712, -10.62267873593299, -10.282973854783199, -5.663430732700617, -11.886573704169676, -10.58727607980561, -12.152780699339944, -11.001294477933394]
other derivatives: [-85.07463463  16.58204383 -52.20340427   7.14740054  10.28047336
  -3.81305654]
Current x array =  [-0.70174806 -1.22248881 -0.32831753  0.97023166 -2.13910929 -2.41847624
  0.42287586 -2.09182659 -2.91506543 -2.85015712 -3.34489227 -3.10612819
 -3.30754383 -3.29165151 -3.29536963 -3.11533014 -3.36485184 -3.30519971
 -3.37664459 -3.33335205]
log likelihood =  -2949.3638618
Edge derivatives =  [-5.548389584052023, -3.6912458867842917, -0.4608573027939977, 2.4910252078195647, -7.298577525711786, -1.852409962396283, -6.013754538394218, -5.9765032922979415, -5.771804255220104, -1.4340816192925598, -7.160576899848992, -5.924472980414942, -7.397235540057001, -6.287723791677372]
other derivatives: [-52.79330253  14.31553756   9.83804966 -15.79783202  31.72849574
  -1.63354343]
Current x array =  [-0.71670796 -1.22239169 -0.34899718  1.21632824 -2.17660874 -2.77937773
  0.32919746 -2.14694081 -3.07074567 -2.95257105 -3.67916787 -3.32400513
 -3.62003133 -3.60247572 -3.60170568 -3.32937026 -3.70379518 -3.61795566
 -3.72131049 -3.65530959]
log likelihood =  -2935.13325866
Edge derivatives =  [2.5639307777391562, -3.290793690252383, 1.0072236600410767, 4.058887135004891, -4.8810066846255475, 0.5359869575699365, -3.53929928026407, -3.3961729780080274, -3.292550491158542, 0.9021932134906144, -4.572632479935248, -3.383945921785381, -4.812988782348312, -3.696050701448278]
other derivatives: [-10.51948857   4.7381036   -2.37173481 -26.23623914  30.63755685
  -0.85469765]
Current x array =  [-0.75209405 -1.18254999 -0.34477026  1.29070627 -2.05955131 -3.0398337
  0.24018623 -2.20204074 -3.1754246  -3.00753476 -3.93276823 -3.47535752
 -3.85336899 -3.8343325  -3.82966909 -3.47634057 -3.95984048 -3.85098542
 -3.98231831 -3.89609136]
log likelihood =  -2920.28722037
Edge derivatives =  [7.189866067935758, -3.09964567632107, 1.8889653789340792, 4.8444361198518395, -2.78599673221982, 2.6694690755733115, -1.3411262316650252, -1.0560704789508486, -1.1204768515871883, 2.96351829600438, -2.2505540917248554, -1.1139289349953827, -2.5052903580881396, -1.3691672126719783]
other derivatives: [ 20.82329047   0.14533725   9.31408977 -28.00638867  18.01927283
  -0.35220182]
Current x array =  [-0.78191582 -1.13961116 -0.36356996  1.21175014 -1.75610907 -3.33088557
  0.06444989 -2.29338158 -3.2846895  -3.04102424 -4.2438431  -3.63808947
 -4.13327528 -4.11181494 -4.1019753  -3.63166818 -4.27157216 -4.12967665
 -4.3012037  -4.18524932]
log likelihood =  -2911.89196591
Edge derivatives =  [6.359609401857716, -2.6160757367223684, 1.9582446633217314, 4.246344219499711, -1.6050434613870004, 3.7227235748425658, -0.09227961625273665, 0.3370732744169479, 0.09281283924345485, 3.9237628767987554, -0.8646856516057884, 0.17540637828136496, -1.1490773298227082, -0.018061277567073243]
other derivatives: [ 12.45816748  -6.29961505  -4.08531378  -8.9729383    0.09135874
  -0.12673809]
Current x array =  [-0.78025691 -1.086347   -0.37849495  0.94287744 -1.46247765 -3.53540246
 -0.07700013 -2.39440399 -3.34546078 -3.01997907 -4.49164951 -3.72686264
 -4.34446708 -4.31837331 -4.30567961 -3.71219037 -4.51420267 -4.33782273
 -4.55151295 -4.40320895]
log likelihood =  -2910.8387044
Edge derivatives =  [-2.444778435642003, -2.7177972312546848, 1.3052196503967208, 3.1668167892637795, -1.432777370632331, 3.190558267628963, -0.006781852069358475, 0.3797212972788993, 0.12400890671921341, 3.3795462715410047, -0.7392979672139839, 0.2499013714042092, -0.9924333782008855, 0.056023118906505534]
other derivatives: [  6.95354174  13.1147317    5.68106771   0.99253157  -3.57081262
  -0.09104042]
Current x array =  [-0.77586593 -1.14797687 -0.38793962  0.84464511 -1.45468224 -3.54313279
 -0.04867828 -2.43822348 -3.32224047 -2.96193813 -4.52741578 -3.68164362
 -4.357554   -4.32561359 -4.31599183 -3.66356468 -4.53965128 -4.34723786
 -4.58125817 -4.41580742]
log likelihood =  -2910.2182399
Edge derivatives =  [-1.9021025872619748, -2.5617701014994045, 0.9270716870476363, 2.498041642382876, -1.471122990730752, 2.847337920933867, -0.08232558823968752, 0.3207666593963521, 0.0400237981707447, 2.995485278539935, -0.7452007327456994, 0.16276649551143996, -1.0051932289104808, -0.000943979611084559]
other derivatives: [-5.31158548  3.95821189 -3.06099537  3.65007509 -2.27560122 -0.10845724]
Current x array =  [-0.76594383 -1.11621802 -0.38387973  0.8139107  -1.4677053  -3.52985136
 -0.05108925 -2.45733018 -3.30512229 -2.93117248 -4.52855416 -3.64961308
 -4.34849964 -4.31372846 -4.30599135 -3.63009606 -4.53542033 -4.33630343
 -4.57882954 -4.40603405]
log likelihood =  -2909.86932023
Edge derivatives =  [-1.1134875413960614, -2.3781000350887735, 0.45784725793674164, 1.711677879466217, -1.505053843934754, 2.36766703022204, -0.17600713259185216, 0.23016792405055728, -0.07118536034711953, 2.472618477396749, -0.7662562786910664, 0.0549676033460942, -1.024974223886844, -0.0820924105691653]
other derivatives: [-8.68444658 -1.09266693 -2.56086423  4.5482011   0.09245014 -0.12742021]
Current x array =  [-0.76333633 -1.10046977 -0.38371888  0.80143643 -1.49311366 -3.51248145
 -0.04748381 -2.48099897 -3.2838498  -2.89364497 -4.52863848 -3.60745482
 -4.33526948 -4.29657541 -4.29161249 -3.58630855 -4.52814947 -4.32057674
 -4.57395907 -4.39168226]
log likelihood =  -2909.390117
Edge derivatives =  [1.4828546925288741, -1.9403047813821714, -0.3304898032402363, 0.2425743276323195, -1.4198738693506718, 1.4865095858355954, -0.21230929915451022, 0.1969675082534607, -0.14156713290726253, 1.5030843032008427, -0.6707035572273886, -0.003274622908662511, -0.9197558107858614, -0.09899049731912343]
other derivatives: [ -6.25745997  -2.85053829 -12.13970791   5.07111508   1.90821083
  -0.16439117]
Current x array =  [-0.76625932 -1.09577355 -0.37698278  0.79580043 -1.51360128 -3.50445425
 -0.05055621 -2.5401453  -3.25361407 -2.82413502 -4.55865759 -3.5345709
 -4.33318784 -4.28532482 -4.28650746 -3.50970243 -4.54150937 -4.31289202
 -4.59334929 -4.38775207]
log likelihood =  -2909.13867892
Edge derivatives =  [3.3332937675533363, -1.368576395307416, -1.4449197305541033, -2.1615261225417464, -1.16373918935846, 0.1665611836629131, -0.10565142945874033, 0.29621401817619075, -0.12553742104684265, 0.016035473399312702, -0.3647114211853815, 0.06040583668899939, -0.6068897911533627, 0.03413973748718471]
other derivatives: [  0.26552698  -7.26872713  24.16340976   2.08337951   4.76375135
  -0.13501449]
Current x array =  [-0.77030895 -1.08113099 -0.39830096  0.81254167 -1.52323426 -3.5278394
 -0.0491334  -2.64726058 -3.22196762 -2.72321513 -4.64256082 -3.43314063
 -4.3589642  -4.29464346 -4.30663733 -3.40199657 -4.59614515 -4.32887437
 -4.65913695 -4.41096029]
log likelihood =  -2908.73674097
Edge derivatives =  [3.323482122402583, -1.3592337573893083, -1.2609065281698792, -1.8821162411357333, -1.0568820448833147, 0.326793504286762, 0.012622217948115327, 0.41861020645225305, 0.007902881714929165, 0.18495575929781943, -0.2656044127283123, 0.1864834836413516, -0.5049802653984545, 0.14751806269179973]
other derivatives: [ 0.40467967 -1.81398718  3.85039129  1.74068191  2.82016117 -0.13938006]
Current x array =  [-0.7708688  -1.09958163 -0.3849744   0.82817695 -1.51441716 -3.54904983
 -0.04914825 -2.65331209 -3.23175674 -2.72961303 -4.66382337 -3.44378383
 -4.37711511 -4.31204846 -4.32436167 -3.41248151 -4.61643831 -4.34673606
 -4.68016629 -4.42945781]
log likelihood =  -2908.60807448
Edge derivatives =  [2.9182725276474484, -1.3109387751786155, -1.154151487674666, -1.8128019359202474, -0.9088137664230009, 0.3967332146539704, 0.1664106413017828, 0.5754104592411737, 0.1598647528348369, 0.24416800063827687, -0.1096102050165868, 0.34096566052667404, -0.34934549414099403, 0.3000295378844372]
other derivatives: [ 0.83350642  1.1578777  -1.75432433  0.37089194  1.16488081 -0.11905286]
Current x array =  [-0.77095189 -1.10961384 -0.38139977  0.84869373 -1.50023371 -3.5798711
 -0.04835294 -2.6732607  -3.24244786 -2.7290914  -4.70129141 -3.44762109
 -4.4038653  -4.3359016  -4.34996488 -3.41554176 -4.64917806 -4.3719906
 -4.7151563  -4.45634114]
log likelihood =  -2908.53548788
Edge derivatives =  [0.5737631373149199, -1.3226491150232824, -1.1641401605161805, -1.9178043737163073, -0.8050698517559565, 0.247532708545189, 0.2471639878561859, 0.6493632922860157, 0.2289243757046135, 0.07230443643167855, 0.0005164175797194512, 0.4124369744095515, -0.23757597883361362, 0.38128073008665864]
other derivatives: [-0.10268195  1.06183506 -1.77478796 -0.54665179 -0.10604708 -0.09799805]
Current x array =  [-0.77000265 -1.10963248 -0.38127273  0.86323976 -1.49392238 -3.59861724
 -0.03691581 -2.69995705 -3.24767876 -2.7228084  -4.73258191 -3.4359076
 -4.41936674 -4.34663508 -4.36425959 -3.40322377 -4.67196945 -4.38500146
 -4.74118433 -4.47114601]
log likelihood =  -2908.46112283
Edge derivatives =  [-0.9315110658784764, -1.2678193210110495, -0.8170441508568662, -1.3070156196062708, -0.6645895044564016, 0.2908098548088085, 0.34667105623182665, 0.7321841333217926, 0.3203150308899389, 0.1303917428442699, 0.1261038571231575, 0.4995876102787461, -0.10791423340738829, 0.47836458808029064]
other derivatives: [ 5.5532837   0.59940248 -0.33214747 -0.77225195 -1.32445166 -0.05793481]
Current x array =  [-0.77552253 -1.1066112  -0.38247326  0.86497597 -1.48062647 -3.62488157
 -0.03215867 -2.73126649 -3.26976667 -2.74440737 -4.77237633 -3.43691833
 -4.43863965 -4.35906632 -4.38282107 -3.40559725 -4.69887141 -4.40122529
 -4.77259315 -4.48903823]
log likelihood =  -2908.35101647
Edge derivatives =  [-2.495339269251202, -1.1477734982509489, -0.48463961078433443, -0.7441451977511884, -0.5216064006608974, 0.016256136663692966, 0.3967117950776621, 0.7357300353560893, 0.3474967310851378, -0.13888662314144815, 0.23934511251299082, 0.5212056141778747, 0.021021475199341173, 0.5199750811885321]
other derivatives: [-0.14779289  0.03665264  2.19874892 -1.06206244 -1.48575054 -0.02355591]
Current x array =  [-0.76985031 -1.10526675 -0.38414367  0.87136077 -1.48238109 -3.64469473
 -0.02225616 -2.78581634 -3.29175845 -2.76373383 -4.81981941 -3.41511364
 -4.44963852 -4.35765344 -4.39272449 -3.38587399 -4.72254725 -4.40647541
 -4.8041072  -4.4968606 ]
log likelihood =  -2908.24800596
Edge derivatives =  [-1.9128674615303125, -0.931171541883444, -0.12190698751028366, -0.0959272049606729, -0.40711216110681037, -0.34874161455271957, 0.38606241032497796, 0.6669123652934471, 0.31484891105746105, -0.48468426347868754, 0.30788271062754574, 0.4767468995200588, 0.11034457526388658, 0.5006804099509583]
other derivatives: [ -1.03150342e+00  -1.29093678e+00   2.41802809e+00  -4.03906597e-01
  -3.92810762e-01  -1.04591891e-03]
Current x array =  [-0.76913144 -1.10080873 -0.38426537  0.86284606 -1.49166574 -3.6537805
 -0.02072884 -2.8451194  -3.31349176 -2.78717114 -4.86087149 -3.38738126
 -4.44983266 -4.34359184 -4.39224689 -3.36128002 -4.73556056 -4.40021179
 -4.82598238 -4.49293353]
log likelihood =  -2908.17554289
Edge derivatives =  [0.15785682645127352, -0.6901903729492208, 0.31457806236367497, 0.686706564241194, -0.3078878190533767, -0.3948811823452194, 0.32557068867490085, 0.5229729573138842, 0.2613078889886678, -0.45313722430008607, 0.30587555977826447, 0.3852946249222124, 0.14507144246431658, 0.42065234463270984]
other derivatives: [-3.44284672  0.57680154  2.89032869  0.7854851   0.43646651  0.01714398]
Current x array =  [-0.76668793 -1.10625707 -0.38511771  0.84737211 -1.49309365 -3.65783376
 -0.02943279 -2.89757007 -3.33641584 -2.81851339 -4.89234749 -3.38285325
 -4.44032956 -4.31935296 -4.38408624 -3.36233475 -4.73467311 -4.38492066
 -4.83458544 -4.47832267]
log likelihood =  -2908.11955826
Edge derivatives =  [0.8900835674766325, -0.541816502624378, 0.3579256151906138, 0.7656764050786067, -0.26777562921042003, -0.6555130393295733, 0.1994459226326751, 0.32283466494387375, 0.1471514808253675, -0.6712356129073164, 0.2583583583955806, 0.22706658629993415, 0.13104652827681768, 0.28224934217769976]
other derivatives: [ 0.62395884 -1.02436388  0.18117134  1.07402229  1.31467459  0.01564331]
Current x array =  [-0.77088356 -1.10100355 -0.3829516   0.84292437 -1.50228255 -3.64761654
 -0.02804053 -2.94583815 -3.33957115 -2.82011554 -4.90959772 -3.36463403
 -4.42001081 -4.28586628 -4.36499763 -3.34804322 -4.7218309  -4.35925175
 -4.83033309 -4.45306673]
log likelihood =  -2908.0758255
Edge derivatives =  [1.0395765453743606, -0.48637774386299315, 0.34399274434971366, 0.7390918993042024, -0.2532760781586928, -0.644002921544829, 0.09985369926210329, 0.16892373573603536, 0.07224547418511677, -0.6171143721529067, 0.19339161895318147, 0.11119246798046103, 0.09448965213259297, 0.1696665203319513]
other derivatives: [ 1.33773028 -0.42487045 -0.99716999  0.88934939  1.2874807   0.01255103]
Current x array =  [-0.77152705 -1.10323618 -0.38199109  0.84590304 -1.50323052 -3.63921827
 -0.0270127  -2.96952805 -3.33845704 -2.81848328 -4.91419739 -3.36573855
 -4.40357034 -4.26203358 -4.35022201 -3.35212021 -4.70722012 -4.34023158
 -4.82084635 -4.43334887]
log likelihood =  -2908.0030897
Edge derivatives =  [1.008025259701415, -0.35485726359875125, 0.20035167823403857, 0.3820440862747925, -0.17630510580714326, -0.5044594443890373, -0.10338529524161154, -0.17051932497248495, -0.0628066169231617, -0.3890546572882976, 0.07554113287133482, -0.13327390318953405, 0.04707569772991483, -0.06731199698654965]
other derivatives: [-0.10891199  0.02696652 -5.43523129  0.12501005 -0.03051355  0.01018634]
Current x array =  [-0.77018921 -1.1050176  -0.37941305  0.85764573 -1.49146813 -3.62961597
 -0.02655354 -3.03970931 -3.33376426 -2.80251259 -4.94129004 -3.37613966
 -4.37258829 -4.21173855 -4.32304519 -3.3688586  -4.68174426 -4.30245738
 -4.80950271 -4.39386274]
log likelihood =  -2907.99658524
Edge derivatives =  [0.3184512512795772, -0.3108882286514875, 0.12597316032269784, 0.20994631714242074, -0.12317873957215526, -0.47082814115980565, -0.17503015105629066, -0.31029339899252184, -0.11424868634922687, -0.32630775097420606, 0.04031349514063835, -0.22544264328434294, 0.04565802030662976, -0.15836418666473742]
other derivatives: [ 2.60065462  1.9485924   3.56894816 -0.78612175 -0.22473614  0.02332854]
Current x array =  [-0.7720361  -1.1112903  -0.38444183  0.86670973 -1.48905459 -3.62832571
 -0.02129986 -3.07827749 -3.33258042 -2.79414457 -4.96004637 -3.3785112
 -4.36193166 -4.19175876 -4.3135527  -3.37339524 -4.67436862 -4.2883364
 -4.8091779  -4.37910585]
log likelihood =  -2907.98157622
Edge derivatives =  [0.18571190844087404, -0.32842406493363563, 0.16001301006445762, 0.2606244147110276, -0.120568678698253, -0.43128290090402405, -0.1303480085597686, -0.24276669226351144, -0.07398436426787658, -0.29768308869919646, 0.0722305668830289, -0.17436083481852727, 0.06592065523287258, -0.10762958156158126]
other derivatives: [ 0.67243491  0.92340997 -0.54515112 -0.50026756 -0.6474238   0.02401066]
Current x array =  [-0.77054973 -1.10777189 -0.38232907  0.8646511  -1.48521945 -3.63378265
 -0.02268944 -3.0709884  -3.33468036 -2.79653337 -4.96100857 -3.38105124
 -4.36933075 -4.20142608 -4.32047716 -3.37513187 -4.68130709 -4.29656383
 -4.81457022 -4.38758927]
log likelihood =  -2907.97732488
Edge derivatives =  [0.11635750434106262, -0.32473984371697157, 0.16693194826145896, 0.25750521467786336, -0.10925420981682725, -0.39729964264850676, -0.11494225570264553, -0.22490602391717648, -0.058645524634743706, -0.2669769947220064, 0.08600690717278091, -0.15890881839912857, 0.0781920796067469, -0.09195702540027041]
other derivatives: [ 0.02041816  0.3949026  -0.77693585 -0.42227839 -0.80394784  0.02783054]
Current x array =  [-0.77000791 -1.10586503 -0.38238064  0.86364407 -1.48296754 -3.63685087
 -0.02316775 -3.07387964 -3.33573703 -2.79644935 -4.96517249 -3.3832162
 -4.3721318  -4.20402782 -4.32313087 -3.37707419 -4.68428831 -4.29927651
 -4.81787799 -4.39030377]
log likelihood =  -2907.96889568
Edge derivatives =  [-0.09145619478169764, -0.30470800648716656, 0.16168966971270576, 0.20885033138639625, -0.0741526562885148, -0.2930946234537989, -0.0947408986091387, -0.2102065427329773, -0.033334313236635243, -0.16857224729368592, 0.10560424476185327, -0.14138887172779097, 0.10158480500434877, -0.07574527521349986]
other derivatives: [-0.57211764 -0.26193447 -0.30790943 -0.29617695 -1.00894795  0.03760761]
Current x array =  [-0.76952201 -1.10343705 -0.38290835  0.86195038 -1.4800066  -3.64273656
 -0.02289843 -3.08805256 -3.33716979 -2.79402496 -4.97747018 -3.38990978
 -4.37602004 -4.20606379 -4.32680896 -3.38337103 -4.68844014 -4.30247953
 -4.82409028 -4.39313689]
log likelihood =  -2907.95641954
Edge derivatives =  [-0.2479761430837809, -0.266415308615461, 0.10600271159282729, 0.04848365376195693, -0.023448886575754994, -0.12369137482338474, -0.07311419640686315, -0.19614557615385364, -0.001732667282017996, -0.01779099328881674, 0.12116752445921417, -0.12239573755521647, 0.12655462784569474, -0.0629509372755522]
other derivatives: [-1.31185516 -0.56852514  0.19613253 -0.11023076 -0.88029992  0.04897629]
Current x array =  [-0.76885008 -1.102482   -0.38323706  0.86012446 -1.48157564 -3.64906467
 -0.02113139 -3.11210171 -3.33624463 -2.78617435 -4.9948802  -3.40082554
 -4.37995608 -4.20761314 -4.33018186 -3.39299668 -4.69140211 -4.30557197
 -4.83041612 -4.39514687]
log likelihood =  -2907.94791615
Edge derivatives =  [-0.0942554534186325, -0.21213241975391045, 0.06058065383511675, -0.08774745829316247, 0.0408744065327479, 0.12035542178397178, -0.021390396354348366, -0.13434124403923944, 0.05761600650857037, 0.18812844209110496, 0.14820870117571888, -0.06694222142532308, 0.16048568311919909, -0.020647402284209453]
other derivatives: [ 0.85897227 -0.31186573 -0.98871169  0.14447323 -0.53441909  0.06220944]
Current x array =  [-0.77098687 -1.10331036 -0.38226185  0.85745475 -1.48571792 -3.65826672
 -0.01962055 -3.1396682  -3.33554401 -2.77854294 -5.01584805 -3.41663154
 -4.38845817 -4.21552711 -4.33711741 -3.4059705  -4.69649478 -4.31394745
 -4.83872236 -4.40173709]
log likelihood =  -2907.94388174
Edge derivatives =  [0.06486244935407459, -0.16674328486118947, 0.02028294909614818, -0.17643790523960207, 0.06273316524955318, 0.09793092892235217, -0.05917199051469038, -0.19932402472193791, 0.022004690617621208, 0.15685977688428215, 0.12358242416909673, -0.11575642862513225, 0.1525551796383506, -0.07044112537752509]
other derivatives: [-0.62382242 -0.47270987  1.20062396  0.2267825   0.37302925  0.06539267]
Current x array =  [-0.7694262  -1.10342233 -0.38322831  0.85657283 -1.49592873 -3.65449442
 -0.01650529 -3.16563907 -3.33354206 -2.77390714 -5.02555726 -3.4144773
 -4.38218197 -4.20550476 -4.33034254 -3.40353342 -4.69008485 -4.30617898
 -4.83611781 -4.39305761]
log likelihood =  -2907.94176088
Edge derivatives =  [-0.06094373331589753, -0.18162823695205282, 0.03033089775936698, -0.14315730796610887, 0.05359737160569582, 0.07001862956460411, -0.053706325932882534, -0.18629883975455042, 0.024309054509498027, 0.1289815557943284, 0.12506995696914378, -0.10722519714786145, 0.1504425737647268, -0.06235683018684173]
other derivatives: [-0.17967068 -0.00832188  0.23505891  0.13719728  0.12396413  0.06284608]
Current x array =  [-0.76985522 -1.10492931 -0.38263118  0.85818933 -1.49417549 -3.65417832
 -0.01648499 -3.15934503 -3.33367915 -2.77545444 -5.02197407 -3.41275024
 -4.38294525 -4.20747819 -4.33100665 -3.4017701  -4.69060368 -4.30739401
 -4.83557434 -4.39445362]
log likelihood =  -2907.94086702
Edge derivatives =  [-0.0709746014233048, -0.18394328148771744, 0.03814031254299151, -0.1166189043177276, 0.05002967340011375, 0.042839510279988974, -0.04945566596466759, -0.17614301333186697, 0.023875170693269863, 0.09675270605864701, 0.1255538325615753, -0.10137540012964141, 0.14910087648697956, -0.05730843759843755]
other derivatives: [ 0.1542503   0.17071216 -0.11878001  0.08590177  0.11773409  0.06157279]
Current x array =  [-0.77016311 -1.10556206 -0.3823536   0.85897721 -1.4945121  -3.65375905
 -0.01625211 -3.15838519 -3.33372466 -2.77657957 -5.02086239 -3.41086859
 -4.38351859 -4.20889703 -4.33118126 -3.39956253 -4.69060646 -4.30825875
 -4.83514552 -4.39526724]
log likelihood =  -2907.93939839
Edge derivatives =  [-0.06696631127189867, -0.17762411211504775, 0.04864571750043806, -0.08208406152643437, 0.05207976893298359, 0.007980055902268038, -0.04136005579044884, -0.1595097399784038, 0.023144895846004463, 0.04877278925956616, 0.12627199994563165, -0.0916485120233794, 0.1489049864612049, -0.04995729797605247]
other derivatives: [ 0.45247361  0.33078322 -0.51491043  0.00354703  0.15356818  0.06157279]
Current x array =  [-0.77042565 -1.10617553 -0.38201501  0.86021021 -1.49536253 -3.65359067
 -0.01568784 -3.16296641 -3.3338158  -2.77799101 -5.02231371 -3.40834328
 -4.3847375  -4.21115941 -4.33138885 -3.39621051 -4.69040208 -4.30982465
 -4.83495125 -4.39645595]
log likelihood =  -2907.93682941
Edge derivatives =  [-0.05368540537390476, -0.15653043327838395, 0.0639185390281315, -0.03409911299564218, 0.06466789118437014, -0.03259380637166563, -0.023228003689842555, -0.1261177333176321, 0.02429410575211474, -0.020192394735208785, 0.12835686378289654, -0.07111911575624105, 0.15113058121300438, -0.035119865840232814]
other derivatives: [ 0.61941137  0.42314241 -0.76111064 -0.12519195  0.20918378  0.06543814]
Current x array =  [-0.77053873 -1.10657871 -0.38175722  0.86200178 -1.49626825 -3.65424128
 -0.01476001 -3.17751905 -3.33400731 -2.78001993 -5.02853954 -3.40525389
 -4.3876716  -4.21576988 -4.33211643 -3.39132208 -4.69007301 -4.31333111
 -4.83533808 -4.39893352]
log likelihood =  -2907.93231254
Edge derivatives =  [-0.11413170504930614, -0.11582135765718013, 0.06570583648524733, -0.005024967219196874, 0.08965320438328045, -0.06837436679342641, -0.003625920642708596, -0.08518251089232756, 0.01795911323970888, -0.0970939200044616, 0.1192220579190002, -0.04825737175838721, 0.14653033970363227, -0.02332375816362397]
other derivatives: [ 0.55888449  0.41563908 -0.55201781 -0.19435902  0.1461558   0.07303242]
Current x array =  [-0.77044241 -1.10649882 -0.38188642  0.8630031  -1.49556364 -3.65438496
 -0.01356751 -3.20833794 -3.33310575 -2.7817898  -5.04059269 -3.4024989
 -4.39103342 -4.22160199 -4.3317057  -3.38593729 -4.68680716 -4.31768944
 -4.83404153 -4.40106891]
log likelihood =  -2907.9859066
Edge derivatives =  [0.9808932959847843, 0.018810276198126828, 0.030086739468862395, -0.03743448010601376, 0.13711351139731312, -0.1083280368201164, -0.02773427313041617, -0.08398683682638157, -0.040899675316832904, -0.1803799719277644, 0.04034212512028291, -0.06950199886643171, 0.09343050923843087, -0.06927591932748652]
other derivatives: [ -5.57688509  -1.37961251 -11.78582352   0.35374796   0.40076884
   0.07457857]
Current x array =  [-0.76527007 -1.10147141 -0.37541164  0.86070235 -1.50002576 -3.64554736
 -0.01527384 -3.29344609 -3.32687705 -2.78191969 -5.06551702 -3.39926753
 -4.38735849 -4.22104956 -4.32070896 -3.38019189 -4.66636509 -4.31598996
 -4.82000844 -4.39348109]
log likelihood =  -2907.93161709
Edge derivatives =  [-0.0013117799285603526, -0.10097391738441605, 0.06211006479887808, -0.008295756492842948, 0.0945748301174034, -0.07242181012337102, -0.0060728459540670375, -0.08505110358260987, 0.012003840279120773, -0.10552124628867118, 0.11129429738442162, -0.05041989131615152, 0.1411661059319136, -0.027975701301320138]
other derivatives: [-0.06034497  0.23369466 -1.67674443 -0.13933459  0.17216735  0.0727141 ]
Current x array =  [-0.76991635 -1.1059875  -0.3812279   0.8627691  -1.49601747 -3.65348613
 -0.01374105 -3.21699395 -3.33247226 -2.78180301 -5.04312764 -3.40217025
 -4.39065966 -4.2215458  -4.33058726 -3.38535295 -4.68472808 -4.3175166
 -4.83261428 -4.40029718]
log likelihood =  -2907.92752316
Edge derivatives =  [0.015950803882572417, -0.04985550026615432, 0.04654414073196865, -0.01231359390834691, 0.12474629385860078, -0.07793585448626242, 0.00894330923967537, -0.04750018114049927, -0.0003839135180126359, -0.15076635478067751, 0.09024711015923174, -0.03150271826557626, 0.12817670492398753, -0.0231125191841162]
other derivatives: [-0.11623342  0.00991349 -0.54737939 -0.12323653  0.077398    0.08362804]
Current x array =  [-0.76982217 -1.10498461 -0.38203732  0.86211608 -1.49379301 -3.65282322
 -0.01326213 -3.25652604 -3.33043259 -2.78271049 -5.05757932 -3.40157942
 -4.39341394 -4.22710441 -4.32901522 -3.38216389 -4.67875536 -4.32157693
 -4.82931575 -4.40140086]
log likelihood =  -2907.92581754
Edge derivatives =  [0.12872385485888183, -0.02953629104867815, 0.032665342461041594, -0.026418043592051965, 0.1306969432271607, -0.05823654063306838, 0.008367877923565081, -0.038700637266521246, -0.00834197461377506, -0.13178480173270388, 0.07279957787817631, -0.028764008418629687, 0.1138897682636533, -0.026310223311010128]
other derivatives: [-0.21195774 -0.13983481 -0.00818545 -0.04074536  0.00059117  0.08735697]
Current x array =  [-0.76973386 -1.10427298 -0.38250733  0.86065772 -1.49181655 -3.65120855
 -0.01408153 -3.27007944 -3.32887146 -2.78295151 -5.06046496 -3.40305255
 -4.39339988 -4.22863665 -4.32766398 -3.38347818 -4.67463417 -4.32244745
 -4.82579712 -4.40104186]
log likelihood =  -2907.92423392
Edge derivatives =  [0.1740054856205489, -0.01884278504002551, 0.015358438575112848, -0.040624817123523435, 0.12651468721375345, -0.03645664169691755, -0.0007113258162094911, -0.039867649378791836, -0.019922804675700536, -0.09279180101515222, 0.04816622750097681, -0.03314084644456081, 0.09132510983740455, -0.03547063377848102]
other derivatives: [-0.27048372 -0.21368578  0.29549483  0.08881216 -0.11341399  0.08858478]
Current x array =  [-0.76970902 -1.10381516 -0.38284435  0.85880076 -1.48983296 -3.64783125
 -0.01483791 -3.27780227 -3.32681096 -2.78334332 -5.05875194 -3.40487372
 -4.39184669 -4.22883682 -4.32550652 -3.38624705 -4.6692517  -4.32201864
 -4.82021603 -4.3996717 ]
log likelihood =  -2907.92214195
Edge derivatives =  [0.1587781409033388, -0.015875783819018892, 0.0013337601488297712, -0.03075943335424358, 0.11026293417656967, -0.02335836903458839, -0.013852066058050966, -0.040621690536881444, -0.033763342303249066, -0.044244138864434596, 0.014770514324157828, -0.03783068623747786, 0.05720032472927836, -0.04500577415618009]
other derivatives: [-0.12823875 -0.22528184  0.30909177  0.15843398 -0.20172592  0.08822099]
Current x array =  [-0.7698719  -1.10366199 -0.38292745  0.85786108 -1.48868659 -3.64191577
 -0.01508212 -3.28156966 -3.32418879 -2.78492307 -5.05189041 -3.40625659
 -4.38937083 -4.22919102 -4.32283359 -3.38970676 -4.66214263 -4.3213499
 -4.81171034 -4.398197  ]
log likelihood =  -2907.94468867
Edge derivatives =  [-0.16391394975148776, -0.040174481212678595, -0.010809365339762969, 0.07540344436891547, 0.026778048941066696, -0.09070421688456888, -0.037231533197850095, -0.014877703327431095, -0.07124280274666789, -0.018203509925311348, -0.08137727674117559, -0.02865628405916309, -0.05294455465456233, -0.05130511521840374]
other derivatives: [-5.80480446  1.64759513  2.91397555 -0.07426024 -0.48912625  0.08199095]
Current x array =  [-0.76410968 -1.11041465 -0.3847479   0.86238187 -1.48682724 -3.62090611
 -0.01448836 -3.27523033 -3.31687533 -2.79348398 -5.01937697 -3.40358771
 -4.38381348 -4.23513961 -4.31688573 -3.39245743 -4.64284598 -4.32238721
 -4.78460981 -4.3977932 ]
log likelihood =  -2907.92159972
Edge derivatives =  [0.11650079578043704, -0.019077278459303175, -0.0002214964656347268, -0.016478870343300894, 0.09935554229812288, -0.03225535068654821, -0.0169461107095682, -0.037165256025913355, -0.0387180724785767, -0.04074898976394074, 0.002107829701823688, -0.03660124313830368, 0.04274721870998839, -0.045830022760242575]
other derivatives: [-0.87720764  0.0250111   0.65670065  0.12737473 -0.23965185  0.08744792]
Current x array =  [-0.76910628 -1.1045592  -0.38316933  0.85846175 -1.48843954 -3.63912426
 -0.01500323 -3.28072736 -3.32321707 -2.78606054 -5.04757042 -3.40590198
 -4.38863243 -4.22998139 -4.32204331 -3.39007224 -4.65957873 -4.32148773
 -4.80810956 -4.39814335]
log likelihood =  -2907.91935169
Edge derivatives =  [0.08204673700905141, -0.02095008395799773, -0.01036302076721378, 0.025650947282841008, 0.0690396855940171, -0.03389134707494004, -0.0339007820714879, -0.03415075643547652, -0.056150309899229756, 0.011215031126946495, -0.043575851580150496, -0.04002232641641475, -0.007170803547867425, -0.0549766421049019]
other derivatives: [-0.23101165  0.06634764  0.24224391  0.10372787 -0.25561349  0.08490133]
Current x array =  [-0.76974207 -1.10470343 -0.38286133  0.85878348 -1.48865904 -3.62980096
 -0.01463425 -3.28212692 -3.31977139 -2.78922519 -5.03504429 -3.40641816
 -4.38520793 -4.23095546 -4.31863301 -3.39378951 -4.64994848 -4.32081923
 -4.79569686 -4.39666456]
log likelihood =  -2907.91847848
Edge derivatives =  [0.06569794849366861, -0.024711808304967033, -0.008047712113315744, 0.05866483652683732, 0.05267977080591659, -0.048640885245209, -0.037674352566233006, -0.028238174034236452, -0.06060314346614552, 0.014493446136807447, -0.058676998463133664, -0.03767677954796653, -0.026519834902557615, -0.05394990163068649]
other derivatives: [ 0.02460183  0.0136879   0.13296813  0.00582077 -0.11827979  0.08349161]
Current x array =  [-0.76996521 -1.10469457 -0.38265887  0.86001662 -1.49059581 -3.62539907
 -0.01385338 -3.2807828  -3.31865656 -2.79095728 -5.02854123 -3.40555542
 -4.38419831 -4.23193779 -4.31777014 -3.39401406 -4.64672515 -4.32101161
 -4.79082189 -4.39676691]
log likelihood =  -2907.91806613
Edge derivatives =  [-0.19445627612267413, -0.029837107624427775, -0.00454802010921275, 0.08493602109630896, 0.04763968446164903, -0.06208267978866992, -0.025987910933291794, -0.003949179561644811, -0.05473609849458991, -0.01023621771142276, -0.060878919219580815, -0.020682005948855064, -0.03340342236030512, -0.039546236047789216]
other derivatives: [ 0.24506335  0.16834747 -0.33905962 -0.0385171  -0.15729711  0.08417373]
Current x array =  [-0.77018638 -1.10531052 -0.38228285  0.86118483 -1.49152288 -3.62294234
 -0.0121615  -3.28477662 -3.31825861 -2.79213064 -5.02674492 -3.40464178
 -4.38585985 -4.23552095 -4.31883916 -3.39228635 -4.64605242 -4.32365462
 -4.78901309 -4.39914686]
log likelihood =  -2907.9176664
Edge derivatives =  [-0.13813270867651384, -0.03371188782981625, -0.003455489483935814, 0.0839587768098056, 0.040571450950082584, -0.05893354726615199, -0.0251226262882247, -0.0039132772483467144, -0.05026480662717519, -0.00743451156559255, -0.05713000628423483, -0.019189481377886047, -0.03303385882533438, -0.03579400673755888]
other derivatives: [ 0.11755219  0.00709406 -0.11800694 -0.07071321  0.0007276   0.08280949]
Current x array =  [-0.7700488  -1.10489083 -0.38235254  0.86141949 -1.49311204 -3.62180783
 -0.01205445 -3.28015782 -3.31846504 -2.79189043 -5.02375518 -3.40481706
 -4.38589205 -4.23549751 -4.31955305 -3.39243229 -4.64695453 -4.32372741
 -4.78906554 -4.3996977 ]
log likelihood =  -2907.9172246
Edge derivatives =  [-0.061501555295986665, -0.031905192484284604, -0.005861426492880378, 0.07235480877195077, 0.0383937586110948, -0.04733462816650122, -0.018119846543038713, 0.004779125309892253, -0.04206867422661472, -0.008991381451344774, -0.051100555646244265, -0.011059559080001495, -0.030355090669796938, -0.026791164891815503]
other derivatives: [ 0.02414708 -0.03824425  0.03410605 -0.06693881  0.09185896  0.08294592]
Current x array =  [-0.76994688 -1.10477743 -0.38242648  0.86124885 -1.49383405 -3.62084903
 -0.01220551 -3.27969174 -3.31866485 -2.79122494 -5.02272659 -3.40555658
 -4.38700294 -4.23675816 -4.32094437 -3.39227894 -4.64826586 -4.32495133
 -4.7897078  -4.40117892]
log likelihood =  -2907.91643808
Edge derivatives =  [0.05973466141365524, -0.023847681131248043, -0.018960882018410452, 0.03647155588776488, 0.03232876167627923, -0.009008791866536733, 0.0015510723155204818, 0.03456161738621421, -0.021671482692795688, -0.006318276847379928, -0.043120500078764105, 0.014245794617581554, -0.03138824706060103, -0.0017014891854300364]
other derivatives: [-0.28658178 -0.13492354 -0.07112249  0.00723048  0.18480932  0.08412826]
Current x array =  [-0.76966607 -1.10446696 -0.38239211  0.86031767 -1.49441634 -3.6166271
 -0.01254421 -3.28391103 -3.31846841 -2.78961037 -5.01998753 -3.40817921
 -4.39013968 -4.24124248 -4.32436976 -3.39240826 -4.64998604 -4.32894968
 -4.78947418 -4.40541406]
log likelihood =  -2907.91895119
Edge derivatives =  [-0.023229012873682064, -0.022949395065054626, -0.03732797752033176, -0.009201504451085696, 0.022679326097125637, 0.03181949055528216, 0.030860925568867523, 0.07558040985356533, 0.007367517035973107, -0.0158648606670153, -0.02736303869620209, 0.05082809767500639, -0.029092164921491435, 0.035516138870281516]
other derivatives: [ 0.98407327  0.24679139  2.794377   -0.05175025  0.26916496  0.08913048]
Current x array =  [-0.77070881 -1.10550267 -0.38409434  0.8598886  -1.49425214 -3.6107246
 -0.01197543 -3.28720393 -3.31867909 -2.78747877 -5.01544318 -3.41103648
 -4.39484541 -4.24758143 -4.32970341 -3.39171814 -4.65360068 -4.3346858
 -4.79010838 -4.41177932]
log likelihood =  -2907.91630696
Edge derivatives =  [0.0447099150834831, -0.023680895557207537, -0.02229932560565831, 0.028181980047761124, 0.03057981598593072, -0.0015728975371107623, 0.006891364947438264, 0.04204277609529736, -0.016377637019754778, -0.008049619007199027, -0.040249471667514025, 0.020914869613930125, -0.03096968400346755, 0.005085397170568107]
other derivatives: [-0.0554337  -0.06566552  0.45197339 -0.00391083  0.19986146  0.08517418]
Current x array =  [-0.76985571 -1.10465532 -0.38270168  0.86023964 -1.49438648 -3.61555365
 -0.01244077 -3.28450989 -3.31850673 -2.78922271 -5.01916108 -3.40869885
 -4.39099548 -4.2423953  -4.32533975 -3.39228275 -4.65064341 -4.32999287
 -4.78958952 -4.40657166]
log likelihood =  -2907.91608579
Edge derivatives =  [0.048683596099300286, -0.01993989548632382, -0.029949712834818343, 0.01433133021303154, 0.02791788792874885, 0.014207976293313954, 0.012705190232197239, 0.05336257315643206, -0.011116315941079206, -0.0018720841764788693, -0.04222129119379904, 0.029807109983797347, -0.03577600695809336, 0.012751872767169537]
other derivatives: [-0.08285497 -0.0383352   0.25938789  0.04615686  0.14920261  0.08590177]
Current x array =  [-0.76985031 -1.10468857 -0.38263079  0.85970957 -1.49378598 -3.61331653
 -0.01258628 -3.28800287 -3.31806839 -2.78879963 -5.01799384 -3.40987285
 -4.39192045 -4.24418354 -4.32619531 -3.39273434 -4.65023838 -4.3314595
 -4.78845138 -4.40791925]
log likelihood =  -2907.91582643
Edge derivatives =  [0.04380438531831887, -0.02043443351980543, -0.03630699184340133, -0.002018971301333966, 0.022791675138150114, 0.02711671533003794, 0.015155470541876694, 0.056992781209247806, -0.006040096436060818, 0.006300536807097731, -0.04177457121991464, 0.03409708621494326, -0.038373527974220535, 0.01763736090661301]
other derivatives: [-0.04411049  0.02110028  0.06270966  0.0648015   0.07385097  0.08581083]
Current x array =  [-0.76990225 -1.10483557 -0.38255088  0.85954329 -1.49296599 -3.61088721
 -0.01281508 -3.28820594 -3.31797229 -2.78815007 -5.01573268 -3.41089153
 -4.39233012 -4.24483201 -4.32703163 -3.39337293 -4.65051672 -4.33211489
 -4.78788328 -4.40879796]
log likelihood =  -2907.91549247
Edge derivatives =  [0.0034679904965602137, -0.026647656043888517, -0.043439093480545074, -0.02442063905594964, 0.010749566138242423, 0.04154443086344799, 0.01508309494072944, 0.054953947373821734, 0.0010082958190529845, 0.0205117464907211, -0.03962251009224284, 0.03591236079376231, -0.0415786549245549, 0.022318288207172382]
other derivatives: [ 0.04251888  0.06393748 -0.14902071  0.04979483 -0.03651621  0.08431016]
Current x array =  [-0.77000214 -1.10493552 -0.38246181  0.85976446 -1.49187521 -3.60653611
 -0.01302713 -3.28498917 -3.31814253 -2.78716584 -5.0105745  -3.4121213
 -4.39233316 -4.24470458 -4.32821719 -3.39450718 -4.65141187 -4.33227674
 -4.78722415 -4.40965983]
log likelihood =  -2907.91524818
Edge derivatives =  [-0.02787633275713919, -0.03408531989883889, -0.04413891632682386, -0.034788522606000905, -0.00013947404162200847, 0.04524750228258011, 0.01266711507182619, 0.04782737778427496, 0.005501959079011957, 0.028441416503002262, -0.035903290445077514, 0.03370418839748345, -0.041985619570404954, 0.023663726958765355]
other derivatives: [ 0.04438334  0.06571099 -0.17730599  0.00691216 -0.08571988  0.08262759]
Current x array =  [-0.77000352 -1.1049494  -0.38245249  0.86027149 -1.49142697 -3.6030026
 -0.01310547 -3.28040855 -3.3186636  -2.78658253 -5.0060138  -3.41254198
 -4.39195559 -4.24375672 -4.32902914 -3.39518093 -4.65261546 -4.33176921
 -4.78721915 -4.40992314]
log likelihood =  -2907.9145173
Edge derivatives =  [-0.01305938366144399, -0.03678901442758425, -0.0325491099809294, -0.0218300188730957, -0.019095574217500397, 0.034819234152463976, 0.011143266022414566, 0.04123232146225055, 0.010920273580175784, 0.02446940289476217, -0.03186921054528092, 0.03285004369297907, -0.045727056437492045, 0.02763628118110538]
other derivatives: [ 0.24861038  0.02937668 -0.29613147 -0.03678906 -0.14547368  0.08085408]
Current x array =  [-0.77020606 -1.10478626 -0.3824049   0.86066276 -1.49063335 -3.59288648
 -0.0133306  -3.28006705 -3.32004782 -2.78698288 -4.99847905 -3.41210628
 -4.39176932 -4.24298968 -4.33033312 -3.39513737 -4.65406808 -4.33149196
 -4.78648354 -4.41070367]
log likelihood =  -2907.91387184
Edge derivatives =  [-0.26727235783181724, -0.04331088045344362, 0.016324191231756158, 0.051474181744767755, -0.07630533065527956, -0.02453479886983055, 0.0107067046303925, 0.028034540686520046, 0.022702907578725798, -0.01665042090925767, -0.023984012884563213, 0.03440302034018631, -0.060769422856559646, 0.040731230453358636]
other derivatives: [-0.84610292  0.21773303  0.12705641 -0.0851287  -0.45283741  0.07867129]
Current x array =  [-0.76914334 -1.10531775 -0.3828775   0.86155947 -1.48755692 -3.55718158
 -0.01275638 -3.28997396 -3.32477015 -2.79000383 -4.97690767 -3.40901252
 -4.39191113 -4.2419547  -4.3340448  -3.39315709 -4.65757726 -4.33151536
 -4.7834497  -4.41345939]
log likelihood =  -2907.91259004
Edge derivatives =  [-0.057264659134097395, -0.03329332271759118, 0.04315582490614332, 0.10471203457980294, -0.08494401737964091, -0.05399710673699046, 0.01590725436015678, 0.03343912391033435, 0.02688952075369805, -0.04830535472820899, -0.016595170818702695, 0.03909148534635301, -0.058820313387948145, 0.047910572003271625]
other derivatives: [ 0.32682692 -0.0084583  -0.40440682 -0.11036718 -0.19113031  0.07735252]
Current x array =  [-0.77028606 -1.10462049 -0.38239141  0.86149187 -1.49012761 -3.54873074
 -0.01260791 -3.29476698 -3.32646935 -2.79173285 -4.97371852 -3.40685379
 -4.39271189 -4.24254669 -4.33512059 -3.39090735 -4.65912856 -4.33211753
 -4.78383775 -4.41455897]
log likelihood =  -2907.91220565
Edge derivatives =  [-0.003314847716343161, -0.024763152469970427, 0.041515009722293175, 0.10963081549287373, -0.0735786105191569, -0.054809668362539074, 0.017998658686552246, 0.040332490876855774, 0.02212622213026826, -0.05304677065020805, -0.021001386757142367, 0.040978691877556, -0.05897077061400842, 0.04608424891927188]
other derivatives: [ 0.11359589 -0.0433829  -0.22359927 -0.05939    -0.11241355  0.07930794]
Current x array =  [-0.77007573 -1.10451022 -0.38250252  0.86084966 -1.49075602 -3.55191637
 -0.01259503 -3.29980994 -3.32580357 -2.79212663 -4.97829347 -3.40663451
 -4.39303209 -4.24347505 -4.3342355  -3.39045021 -4.65776973 -4.33258429
 -4.78371275 -4.41421735]
log likelihood =  -2907.91180266
Edge derivatives =  [0.05949026603966079, -0.014231859125973759, 0.048137192857237915, 0.1273492073165158, -0.07102158423919053, -0.06811561226408776, 0.01841499910402954, 0.04262673730019723, 0.017411543675712494, -0.06433517154989393, -0.02496782999775187, 0.04079235039567507, -0.06155513132012436, 0.04386218742719107]
other derivatives: [-0.11209522 -0.04479261 -0.02009983 -0.00045475 -0.03965397  0.08103598]
Current x array =  [-0.7698526  -1.10449677 -0.38264319  0.86010737 -1.49127863 -3.54778557
 -0.01253928 -3.30818496 -3.3259148  -2.79300824 -4.97958259 -3.40571153
 -4.3931188  -4.24383624 -4.33361278 -3.38967783 -4.65679528 -4.3326686
 -4.78308674 -4.41388144]
log likelihood =  -2907.91130056
Edge derivatives =  [0.113486800165084, -0.004214895961432652, 0.05371470401708678, 0.1397311320453063, -0.07374582487556643, -0.0828699723696411, 0.01563031653677266, 0.03869063345162801, 0.012194923887279635, -0.07118813989401339, -0.0291988184367339, 0.03677254742205223, -0.0654379198635043, 0.039021692988031265]
other derivatives: [-0.26793714 -0.02778506  0.16589183  0.06593837  0.02737579  0.08121788]
Current x array =  [-0.76970185 -1.104537   -0.38277591  0.85927613 -1.49179496 -3.53913324
 -0.01240456 -3.31758045 -3.3262346  -2.79360503 -4.9787562  -3.40480243
 -4.39270818 -4.24333461 -4.33292652 -3.3892997  -4.65598797 -4.33207474
 -4.78220502 -4.41313353]
log likelihood =  -2907.91029375
Edge derivatives =  [0.14468555069117334, 0.0078680700066001, 0.05266231825603042, 0.13434280868639664, -0.08283748144349062, -0.09747464702986372, 0.007021456068380519, 0.024209926894536125, 0.004356733404622514, -0.06861327881017093, -0.03535018099671072, 0.02519249877604312, -0.07152325347292837, 0.027598441374794384]
other derivatives: [-0.38376129  0.00886757  0.42696229  0.17089405  0.11641532  0.08103598]
Current x array =  [-0.76959772 -1.10464159 -0.38295437  0.85802651 -1.49268016 -3.52101552
 -0.01191261 -3.33208027 -3.32662313 -2.79337124 -4.97536086 -3.40408686
 -4.39140574 -4.24136889 -4.33177154 -3.3897208  -4.65510365 -4.33019946
 -4.78089225 -4.41133332]
log likelihood =  -2907.90892501
Edge derivatives =  [0.12420398980964975, 0.02014025701177323, 0.042173518707994406, 0.1009528041228388, -0.10152606154347012, -0.11233024109200518, -0.012177781184287657, -0.009357278474417453, -0.007901329907362663, -0.05219611231688824, -0.04317718468007664, -0.0006405077594725077, -0.07905010991254467, 0.003960609655185202]
other derivatives: [-0.81899998 -0.05402399 -0.17271304  0.29922376  0.19495019  0.07730705]
Current x array =  [-0.76925034 -1.10452229 -0.38260536  0.856979   -1.49417486 -3.48811486
 -0.01078331 -3.35336692 -3.32718364 -2.7917598  -4.96821302 -3.40363628
 -4.38851029 -4.23669548 -4.32972838 -3.39137218 -4.65438935 -4.32594839
 -4.77940107 -4.40756896]
log likelihood =  -2907.90956807
Edge derivatives =  [0.013990335165665613, 0.028970611218247795, -0.0014920024676276789, -0.012208588245165908, -0.14420675440530395, -0.10195269472108592, -0.04491823833409421, -0.0696205380523339, -0.021125872809915774, 0.0037499423893013473, -0.05243077946699283, -0.04287721104974986, -0.09229729649058192, -0.031295120378572905]
other derivatives: [ 0.47384674  0.05520633  2.46895979  0.24792826  0.32268872  0.07212293]
Current x array =  [-0.77037357 -1.10473746 -0.38416639  0.85653968 -1.49498471 -3.43104409
 -0.00890402 -3.38134006 -3.32771816 -2.78672137 -4.95147963 -3.40553042
 -4.38366224 -4.22865961 -4.32771631 -3.3962427  -4.65462526 -4.31893739
 -4.77697767 -4.40215477]
log likelihood =  -2907.90807593
Edge derivatives =  [0.07726199251338661, 0.024194775178913375, 0.023463138988918747, 0.052506944047358034, -0.11974726039741031, -0.10779482626335098, -0.02620897709686428, -0.035178753004784694, -0.01355785500299192, -0.028020655643870115, -0.0471232693105092, -0.01874179595537479, -0.08472365474958479, -0.011144816881567734]
other derivatives: [-0.26234375 -0.00691216  0.96688382  0.27730493  0.25033842  0.07539711]
Current x array =  [-0.76973336 -1.10461482 -0.38327664  0.85679008 -1.49452312 -3.46357293
 -0.00997516 -3.36539611 -3.32741349 -2.78959315 -4.96101722 -3.40445081
 -4.3864255  -4.23323984 -4.32886314 -3.39346664 -4.6544908  -4.32293348
 -4.77835895 -4.40524072]
log likelihood =  -2907.90720417
Edge derivatives =  [-0.017369131827272066, 0.020456989559648323, 0.0067563164305433215, 0.012396047345237055, -0.12451341673109435, -0.0935806405413708, -0.03365236261207653, -0.04832177248264108, -0.01503137589581939, -0.008123212890791251, -0.04770082024987085, -0.028435261736541456, -0.08437595235160496, -0.019556603605696905]
other derivatives: [-0.16293598 -0.00522959  0.38926373  0.25015652  0.17266757  0.07248673]
Current x array =  [-0.76986396 -1.10466669 -0.38290831  0.8574456  -1.4943504  -3.45539602
 -0.00945245 -3.36733659 -3.32706244 -2.78776264 -4.95890117 -3.40563366
 -4.38531407 -4.23138063 -4.32832918 -3.39503734 -4.65475821 -4.32130004
 -4.77856385 -4.40388588]
log likelihood =  -2907.90651234
Edge derivatives =  [-0.12832516356428714, 0.013900174876755593, -0.016605560006140385, -0.03860468493641736, -0.12222491694170157, -0.0655577224383931, -0.03837627326253455, -0.0558548500451759, -0.014865378015542139, 0.01586689702214837, -0.04701911359532978, -0.034798042747142516, -0.08095297577068755, -0.025778695395566997]
other derivatives: [ 0.1243734   0.00868567 -0.19222171  0.14724719  0.047703    0.07057679]
Current x array =  [-0.77015708 -1.10476252 -0.38251555  0.8589659  -1.49368066 -3.45321735
 -0.00902288 -3.36558458 -3.32616358 -2.78551486 -4.95931655 -3.40765712
 -4.38463255 -4.23027331 -4.3278922  -3.39681204 -4.65509886 -4.32024115
 -4.7794612  -4.40286149]
log likelihood =  -2907.9061858
Edge derivatives =  [-0.12345250782247807, 0.015325082620769773, -0.02348381168774552, -0.052369767976612414, -0.11993372205213829, -0.05602137281515303, -0.039146557628988735, -0.056272359456517325, -0.015948310617336245, 0.02052163907534936, -0.04759572211920825, -0.03632964543790579, -0.08002030998933873, -0.028125292247688127]
other derivatives: [ 0.20349944 -0.00045475 -0.28448994  0.07994458  0.01437002  0.07048584]
Current x array =  [-0.77022241 -1.10474486 -0.38244525  0.85977286 -1.49333639 -3.45038153
 -0.00896282 -3.36819384 -3.32586227 -2.78497495 -4.96012626 -3.40835413
 -4.38457329 -4.23024076 -4.3276193  -3.39720203 -4.65501581 -4.32005351
 -4.77974106 -4.40251545]
log likelihood =  -2907.90505304
Edge derivatives =  [-0.04184722285656306, 0.02959736855672331, -0.03523398409982209, -0.0711896568747271, -0.10957974272419352, -0.034171894451894946, -0.039073875387604685, -0.052189462173112565, -0.02302575854234269, 0.01935195625828283, -0.05124352811492493, -0.03963933064459446, -0.07764643814777172, -0.036250228548531924]
other derivatives: [ 0.32282514 -0.02473826 -0.37448444 -0.13146746 -0.03669811  0.07007657]
Current x array =  [-0.77028261 -1.10470209 -0.38235367  0.86223162 -1.49254125 -3.43321398
 -0.00864599 -3.38730129 -3.32531187 -2.78443899 -4.96414967 -3.4100118
 -4.38486862 -4.23100539 -4.32640654 -3.39741592 -4.65431224 -4.31986885
 -4.78055755 -4.40140817]
log likelihood =  -2907.90398192
Edge derivatives =  [-0.22341299889774657, 0.037729088621356474, -0.03953877856283229, -0.07372367136081298, -0.0971380122345626, -0.007586776425436023, -0.035418375580356876, -0.043338170111150306, -0.02902761354860947, 0.011630892020034797, -0.0527394591085544, -0.039526927705076334, -0.07283301551536153, -0.04159330859699152]
other derivatives: [-0.09645191  0.10149961 -0.1638     -0.22150743 -0.21927917  0.07130438]
Current x array =  [-0.76984714 -1.10507872 -0.38255674  0.86363782 -1.49089497 -3.41059566
 -0.0074953  -3.41039809 -3.32527692 -2.78475481 -4.96897854 -3.41210217
 -4.38581191 -4.23266892 -4.32560168 -3.39730467 -4.65421019 -4.32034732
 -4.78209599 -4.40091025]
log likelihood =  -2907.90306668
Edge derivatives =  [-0.03264993316908116, 0.07262085828602477, -0.01673766114355381, -0.004606721574067135, -0.07057554744164962, 0.0019290035706695657, -0.02326642726137275, -0.01458583856763206, -0.04302807538893916, -0.03311610625087509, -0.058854897271001363, -0.03182297591036667, -0.06854140820242773, -0.04572734901136246]
other derivatives: [ 0.71031536  0.13951649 -0.32759999 -0.23278517 -0.20409061  0.07385097]
Current x array =  [-0.77059894 -1.10498852 -0.38249232  0.86349156 -1.49017524 -3.37217314
 -0.00695293 -3.4593206  -3.3259998  -2.78834049 -4.97969941 -3.4128997
 -4.38831485 -4.23720818 -4.32393216 -3.39464989 -4.6526511  -4.3224656
 -4.7835679  -4.40074389]
log likelihood =  -2907.90194826
Edge derivatives =  [0.009543905299192579, 0.07744087527206844, -0.017922836809736484, -0.014756928237277006, -0.06898346236018671, 0.020587302869589402, -0.023764730533228487, -0.01683671211522712, -0.04426838628625711, -0.026949391872069253, -0.055434707234687276, -0.03525162056991282, -0.06322893583224654, -0.04918488575110108]
other derivatives: [-0.27548595 -0.0766704   0.2188699  -0.1803528  -0.11127668  0.0732598 ]
Current x array =  [-0.76964635 -1.10430428 -0.38290894  0.86276537 -1.49068182 -3.35534111
 -0.00681205 -3.46992799 -3.32642742 -2.7880705  -4.9803675  -3.41433776
 -4.38846586 -4.2371348  -4.32391301 -3.39531143 -4.65373174 -4.32212454
 -4.78514418 -4.40039326]
log likelihood =  -2907.90138536
Edge derivatives =  [0.0073578047969311555, 0.07692114305427, -0.013170019977392394, -0.008547071185891458, -0.06776777374813699, 0.028432127396148185, -0.021419079251613547, -0.014638261030792202, -0.041041968881450924, -0.02385172077937535, -0.05104347857340141, -0.03281080036627916, -0.059218868856758825, -0.0458148098653529]
other derivatives: [-0.42464308 -0.11527845  0.39317456 -0.06762093 -0.05816219  0.07348717]
Current x array =  [-0.76952419 -1.10413366 -0.38305731  0.86137028 -1.49110835 -3.3525854
 -0.00684993 -3.46941589 -3.32681965 -2.78830317 -4.98066211 -3.41485224
 -4.388866   -4.23748753 -4.32450603 -3.39550495 -4.65473104 -4.32251486
 -4.78615944 -4.40096832]
log likelihood =  -2907.90025535
Edge derivatives =  [-0.0304378921420122, 0.0731507962317337, -0.009290591615283922, -0.010229787092123188, -0.06175159156423064, 0.0630025906530142, -0.014942051984542022, -0.008389462309002036, -0.030272100899186718, -0.005257686843137044, -0.03782242411026879, -0.025875765216176388, -0.045775707299844606, -0.03674206120679087]
other derivatives: [-0.49499249 -0.0604814   0.48567017  0.16316335  0.00718501  0.0725322 ]
Current x array =  [-0.76950507 -1.10422005 -0.38318868  0.85865604 -1.49180973 -3.34429486
 -0.0068233  -3.46704558 -3.32750364 -2.78807653 -4.98219352 -3.4172066
 -4.38999215 -4.23846477 -4.3262149  -3.39677006 -4.65779824 -4.32357175
 -4.78955249 -4.40252434]
log likelihood =  -2907.89886404
Edge derivatives =  [0.01451782171497673, 0.06646291849670904, -0.007834107619544298, -0.01999150243959802, -0.050699604950086116, 0.1079051711749444, -0.005507997823722077, 0.001306505450064055, -0.01291369580383133, 0.025730027420957147, -0.0167316632865248, -0.014765891255116272, -0.0238985183583938, -0.021885982877568575]
other derivatives: [-0.3137302  -0.12373675  0.5756192   0.21755113  0.11018528  0.07012204]
Current x array =  [-0.76968523 -1.10399133 -0.38324173  0.85780401 -1.49266495 -3.33603623
 -0.00704002 -3.45885081 -3.32821892 -2.78736676 -4.98549745 -3.42017981
 -4.39167469 -4.2398631  -4.32889928 -3.39881348 -4.66257029 -4.3252777
 -4.79504309 -4.40503416]
log likelihood =  -2907.90125204
Edge derivatives =  [0.2679674190514315, 0.060902865701534664, 0.02489468625399538, 0.03249263542141609, -0.011281324670861508, 0.1594412098503747, 0.02694431480136329, 0.047228768761272466, 0.02332988012364743, 0.04539910961615333, 0.024875590795889153, 0.02517368144367403, 0.022607089717373668, 0.019802454816258162]
other derivatives: [-1.56874194  0.1852186  -2.71938916  0.35915946  0.10559233  0.06393748]
Current x array =  [-0.76860441 -1.10519516 -0.38130379  0.85749951 -1.49340044 -3.32654091
 -0.00845819 -3.44618058 -3.32990346 -2.78917209 -4.99969034 -3.42327587
 -4.39721487 -4.24635537 -4.33458473 -3.39984796 -4.67135116 -4.33170244
 -4.80656915 -4.41208765]
log likelihood =  -2907.89835534
Edge derivatives =  [0.08958344569447496, 0.06485236066997237, 0.001840848729525238, -0.004473165686859404, -0.03898926766897694, 0.12314359297929348, 0.004096068497100924, 0.014900649131744423, -0.0021890149142265447, 0.0315487892331949, -0.004406265679986986, -0.0029428011174696504, -0.010108848662350595, -0.009542480219619148]
other derivatives: [-0.68362169 -0.03201421 -0.39367478  0.25970621  0.10877557  0.06853043]
Current x array =  [-0.76936607 -1.10434682 -0.38266947  0.85771409 -1.49288214 -3.33323232
 -0.0074588  -3.45510936 -3.32871636 -2.78789986 -4.98968853 -3.42109406
 -4.39331067 -4.24178023 -4.33057816 -3.39911895 -4.66516323 -4.32717489
 -4.79844667 -4.40711701]
log likelihood =  -2907.8973037
Edge derivatives =  [0.0755652653319614, 0.0572338072580256, -0.0008909014755568156, -0.018075175201046678, -0.020698630475627637, 0.17333660172633275, 0.01574391863795331, 0.02931585714113385, 0.014737028062532853, 0.061879976432903605, 0.017999980405401156, 0.010172526802254653, 0.015842156395937255, 0.005654455030413612]
other derivatives: [-0.16902959 -0.0079126   0.06798473  0.12532837  0.13028512  0.06625669]
Current x array =  [-0.76979904 -1.10440835 -0.38290466  0.85899159 -1.49285982 -3.32011693
 -0.00727881 -3.45104093 -3.32924979 -2.78713779 -4.99590344 -3.42448412
 -4.39550645 -4.2439472  -4.3332422  -3.40121384 -4.67026846 -4.32936325
 -4.80509998 -4.40981676]
log likelihood =  -2907.89692407
Edge derivatives =  [-0.0320006320137084, 0.052642153257552164, -0.0042913920951476725, -0.026195452663191662, -0.01711293752836766, 0.17968924634035055, 0.016676965096415634, 0.029921712746359568, 0.01714170656524351, 0.06740024907895852, 0.0229655467719062, 0.010707525298739279, 0.022134050742529613, 0.006825920853912024]
other derivatives: [-0.04120011 -0.05798029 -0.01050466  0.02764864  0.05707079  0.06434675]
Current x array =  [-0.76991537 -1.10425967 -0.38284301  0.86024718 -1.4923936  -3.31253028
 -0.00673569 -3.45269422 -3.32940608 -2.78678499 -4.99725295 -3.42500234
 -4.39583446 -4.24410557 -4.33366892 -3.40171461 -4.67152661 -4.32954076
 -4.80681101 -4.41012955]
log likelihood =  -2907.89634209
Edge derivatives =  [-0.029469276244878384, 0.0492222881532771, 7.158736967367851e-05, -0.01804158344118209, -0.011698494565140246, 0.1582391386371817, 0.01923243446184141, 0.03223798771242841, 0.020461284656636484, 0.0617645065586921, 0.03042873030459873, 0.014346412920134527, 0.03101208666836905, 0.011670938781910035]
other derivatives: [ 0.1027729   0.11382326  0.17298589 -0.12873898 -0.00231921  0.06107257]
Current x array =  [-0.76999127 -1.10484025 -0.38292715  0.86204703 -1.491717   -3.30431293
 -0.00672612 -3.45211928 -3.32992461 -2.78714    -4.99959992 -3.42357857
 -4.39647743 -4.24449513 -4.33450656 -3.40141662 -4.67333967 -4.33020775
 -4.80916    -4.41109466]
log likelihood =  -2907.89541877
Edge derivatives =  [-0.14691817450637767, 0.0418867489673497, 0.0006163866206726626, -0.02200312783209965, -0.013325643148545325, 0.11493777472691585, 0.015069740599944637, 0.022737934337338242, 0.01985701971131365, 0.05248193268599144, 0.03741312158079489, 0.009390401886446784, 0.03854409736116758, 0.010364530499157275]
other derivatives: [ 0.06111804 -0.02983143 -0.03992682 -0.22951099 -0.11741577  0.05502443]
Current x array =  [-0.76996599 -1.10435625 -0.382831    0.86332843 -1.49079871 -3.28600564
 -0.00624142 -3.45471808 -3.33076283 -2.78705286 -4.99962907 -3.42085997
 -4.39624815 -4.2432591  -4.33495891 -3.40109215 -4.67537842 -4.32961379
 -4.81138581 -4.41116225]
log likelihood =  -2907.89398465
Edge derivatives =  [-0.15231447071728865, 0.03457482110811707, 0.00782046552192514, -0.01879176720340474, -0.016148898923835746, 0.02767154330315083, 0.008759623187431138, 0.006349819506549184, 0.019353103248587217, 0.030596566393474314, 0.05048832968455141, 0.00244648182627126, 0.05223766707522966, 0.010105270358398387]
other derivatives: [-0.07694325 -0.02073648 -0.00959517 -0.2491106  -0.18640094  0.04215508]
Current x array =  [-0.76983723 -1.10430184 -0.38294019  0.86345738 -1.48995257 -3.25278053
 -0.00628864 -3.45802587 -3.3325095  -2.78733082 -4.99961475 -3.41532096
 -4.39596584 -4.24113243 -4.3359953  -3.40008746 -4.67918086 -4.32877232
 -4.81537915 -4.41161076]
log likelihood =  -2907.89572159
Edge derivatives =  [0.5804041103208059, 0.06114732858767162, 0.002834341980407315, -0.03810858245227125, -0.01762017675911757, -0.03633027398159293, -0.009937438583945784, -0.02454891594370956, -0.00029664375355325373, 0.0010739810432657954, 0.05168967458490298, -0.02559611830589684, 0.060737521567335584, -0.015786068228122233]
other derivatives: [ 1.30976332 -0.48503352 -0.98279997 -0.29722287  0.19904292  0.01118678]
Current x array =  [-0.77120047 -1.10266351 -0.38229673  0.8628816  -1.49223197 -3.17036291
 -0.00729856 -3.49905177 -3.33417774 -2.78687317 -5.00027167 -3.41188277
 -4.39430314 -4.23714697 -4.33398085 -3.39928024 -4.6809621  -4.32507941
 -4.81864385 -4.40822396]
log likelihood =  -2907.89354791
Edge derivatives =  [0.07588013182243736, 0.04334908435856967, 0.006433061498882189, -0.024522839765346707, -0.016579670923543628, 0.007988571539612993, 0.0030220563369650483, -0.003158859580612676, 0.01332268852746888, 0.02161146441586302, 0.05092325885305227, -0.006193452255736941, 0.05491999381433549, 0.0021434897125943743]
other derivatives: [ 0.35397534 -0.16511876 -0.31027412 -0.26388989 -0.06639311  0.03315108]
Current x array =  [-0.77026036 -1.10379332 -0.38274047  0.86327867 -1.49066007 -3.22719914
 -0.00660211 -3.47075979 -3.33302731 -2.78718877 -4.99981865 -3.41425379
 -4.39544976 -4.23989539 -4.33537004 -3.39983691 -4.67973374 -4.32762609
 -4.81639247 -4.41055954]
log likelihood =  -2907.89287534
Edge derivatives =  [0.06290784678310013, 0.03921636253399865, 0.009375285237178219, -0.028327056093755104, -0.018571310678908902, -0.03236430912995465, -0.0010795051650316738, -0.014676807241519253, 0.013077743386037101, 0.012530059733932425, 0.058881855723202446, -0.011406371562515664, 0.0635056044078853, 0.0009157659386795081]
other derivatives: [-0.13596946 -0.0944965   0.04747562 -0.11473276 -0.03487912  0.02387424]
Current x array =  [-0.76980671 -1.10394428 -0.38307178  0.86147064 -1.49087195 -3.2023141
 -0.00655193 -3.4744549  -3.33414731 -2.78716283 -4.99949853 -3.41184293
 -4.39524317 -4.23848552 -4.33601775 -3.39958577 -4.68220395 -4.32695857
 -4.81895712 -4.4107072 ]
log likelihood =  -2907.89273042
Edge derivatives =  [-0.009415623723468047, 0.03747682152820108, 0.011611014105243109, -0.022165990123227425, -0.022181474022399374, -0.04418719021979209, -0.0028767725312388685, -0.017905140824193394, 0.011513612402201931, 0.007078629520190879, 0.05599077968726528, -0.012930531494024879, 0.05953140413191882, -0.00037077716096671487]
other derivatives: [ 0.05343281  0.07034942 -0.0734417   0.02664819 -0.05629772  0.02401066]
Current x array =  [-0.7700242  -1.1044208  -0.38302425  0.85995478 -1.49099026 -3.20368229
 -0.00638997 -3.47325875 -3.33420846 -2.78738994 -4.99803892 -3.41106825
 -4.39486919 -4.23799269 -4.33578934 -3.39919703 -4.6815791  -4.32662467
 -4.81789559 -4.41044552]
log likelihood =  -2907.89265397
Edge derivatives =  [0.012029467862862409, 0.037895509235311806, 0.011022812587235184, -0.023416890711389124, -0.02030194768663692, -0.028817409758429877, -0.0015711111535473485, -0.015780558751725675, 0.012751871229464279, 0.011830237687503395, 0.056555891785593414, -0.011665383445249717, 0.060405589522580266, 0.0005458119340107856]
other derivatives: [-0.02410161  0.01587068  0.03128662  0.04079084 -0.00659384  0.02378329]
Current x array =  [-0.76994808 -1.1042559  -0.38308484  0.85972644 -1.49141535 -3.20238364
 -0.00637925 -3.47336317 -3.33414514 -2.7873391  -4.99862266 -3.41208623
 -4.39507242 -4.2383152  -4.33591362 -3.39951011 -4.68167595 -4.32684578
 -4.81812178 -4.41060102]
log likelihood =  -2907.89255642
Edge derivatives =  [0.015240075648001006, 0.03710128145040047, 0.011364965341888758, -0.02087836718626636, -0.01860246268964611, -0.014647035586726836, -0.00012352113069926882, -0.01315408962397616, 0.013992100952432487, 0.01507111588226727, 0.05603970031935407, -0.009787337071499234, 0.05988206747433969, 0.0019559033761138434]
other derivatives: [-0.03556124 -0.02082743  0.09154064  0.0385171   0.03055902  0.02360139]
Current x array =  [-0.76993382 -1.10415577 -0.38310688  0.85972102 -1.4918004  -3.20254626
 -0.00631494 -3.47207876 -3.33403231 -2.78744761 -4.99915855 -3.41300481
 -4.39526858 -4.2386916  -4.33602235 -3.39969535 -4.68148003 -4.32715486
 -4.81796422 -4.41082079]
log likelihood =  -2907.89225576
Edge derivatives =  [0.017940237522546032, 0.031955630718468755, 0.015926906535225646, -0.004614650695996675, -0.013965207664472073, 0.015352404089402, 0.004150522523158704, -0.005652515998366237, 0.018047419166484745, 0.018576507215049276, 0.053943193537205114, -0.003157736661008312, 0.05715628006821799, 0.007688017664797944]
other derivatives: [-0.1249191  -0.06339178 -0.01546141  0.03597052  0.10622898  0.02237357]
Current x array =  [-0.76984845 -1.10408161 -0.38300723  0.85980726 -1.49274353 -3.20178208
 -0.00622952 -3.46549359 -3.33382195 -2.78817646 -5.0007607  -3.41493663
 -4.39587787 -4.23976878 -4.33650876 -3.39984369 -4.68078141 -4.32825592
 -4.81720681 -4.41176413]
log likelihood =  -2907.89451069
Edge derivatives =  [-0.15979822277825062, 0.009814488387345839, 0.02356988533532843, 0.04243216809495595, -0.012613710892497867, 0.05743722905547462, 0.006578219494201346, 0.0007655207347769463, 0.01822501191911824, 0.00870995117976324, 0.03609546022732517, 0.005566373619554969, 0.034572783480661215, 0.01543814201385724]
other derivatives: [ 1.23086465 -0.29522198  2.59483386 -0.07999006  0.32359821  0.01914486]
Current x array =  [-0.77102978 -1.10321451 -0.3844828   0.85986594 -1.49440587 -3.19542157
 -0.00534576 -3.44528695 -3.33317427 -2.79065536 -5.00145456 -3.41768657
 -4.39616583 -4.2408727  -4.33674257 -3.39905136 -4.67636362 -4.32997156
 -4.81149982 -4.41315667]
log likelihood =  -2907.89213549
Edge derivatives =  [-0.014562488130609785, 0.02796658282854921, 0.01733147463201122, 0.004039867107881401, -0.013716102273703365, 0.023088287371695687, 0.004597619686754775, -0.004472742147261507, 0.018080952660112677, 0.01677058323317547, 0.05067546938544941, -0.0015542538640599159, 0.053021983097169934, 0.009112624731083381]
other derivatives: [ 0.1245553  -0.10600161  0.46520654  0.01477929  0.1461558   0.02223715]
Current x array =  [-0.77006526 -1.10392247 -0.38327805  0.85981803 -1.49304863 -3.20061471
 -0.00606732 -3.46178499 -3.33370307 -2.78863142 -5.00088805 -3.41544133
 -4.39593072 -4.23997138 -4.33655167 -3.39969827 -4.6799706  -4.3285708
 -4.81615938 -4.41201971]
log likelihood =  -2907.891793
Edge derivatives =  [-0.03904830291090389, 0.018941943970146268, 0.02456094599510182, 0.026809590627319718, -0.011329194123159836, 0.028021504427368726, 0.006438894609101013, -0.0015828118951982384, 0.020511590996539243, 0.009974758268001163, 0.04772383411767314, 0.00316341601688358, 0.04884962690030903, 0.014163123541787927]
other derivatives: [ 0.07953531 -0.11418706  0.22882887  0.0082764   0.17707862  0.01614353]
Current x array =  [-0.77003179 -1.10393772 -0.38311979  0.85998515 -1.49364621 -3.19305617
 -0.00597005 -3.45413892 -3.33378274 -2.78973457 -5.00198807 -3.415787
 -4.39629254 -4.24044508 -4.3370554  -3.39926593 -4.67924931 -4.3294467
 -4.81514738 -4.41296813]
log likelihood =  -2907.89135357
Edge derivatives =  [-0.054917432337477035, 0.008229891095975612, 0.03256277984338811, 0.056652960535471364, -0.012676339689201725, 0.018988549726852266, 0.005834214354979991, -0.0011177455645078951, 0.01894606187854478, -0.00799028336864821, 0.036760410661202406, 0.006489026277191064, 0.03528154802846292, 0.01715071870231059]
other derivatives: [ 0.03174137 -0.04465619 -0.01123226  0.00140972  0.16370905  0.00914042]
Current x array =  [-0.76999181 -1.10418393 -0.38297671  0.86014769 -1.49373944 -3.18755836
 -0.00615821 -3.44350765 -3.33359615 -2.79131526 -5.00196462 -3.41522394
 -4.39621338 -4.24059236 -4.3370095  -3.39808679 -4.67668198 -4.33014024
 -4.81174509 -4.41358455]
log likelihood =  -2907.89101143
Edge derivatives =  [-0.0521300084435522, 0.0018583483785536911, 0.032667069631301004, 0.06952202869606686, -0.017382647075371457, 0.0043378083164783005, 0.001952798961923765, -0.0041998272793473505, 0.012326069589644273, -0.027270591437012243, 0.020926566509366088, 0.00511222515565897, 0.016978182431507498, 0.01442646523198923]
other derivatives: [-0.01382432 -0.02441993 -0.11264092 -0.00536602  0.09958967  0.004502  ]
Current x array =  [-0.76995615 -1.10421463 -0.3829527   0.86018477 -1.49302012 -3.18481611
 -0.00658318 -3.43676543 -3.3330233  -2.79230029 -5.00081139 -3.4143498
 -4.39560463 -4.24026213 -4.33614722 -3.39687326 -4.67307094 -4.33012383
 -4.80719557 -4.41324669]
log likelihood =  -2907.89078866
Edge derivatives =  [0.0810510593059468, 0.001993258804887557, 0.01784467051758662, 0.044970440854375376, -0.016079294345541395, 0.01497992888445579, 0.00016360083289499242, -0.0034718736971897195, 0.007598515073284927, -0.027252419610185666, 0.008930749915044407, 0.0043622076625577655, 0.005327772674338042, 0.010730398929709822]
other derivatives: [-0.00295586  0.09772521  0.02323759 -0.05279617  0.04501999 -0.00081855]
Current x array =  [-0.76993469 -1.10455446 -0.38307847  0.86049302 -1.49187337 -3.1776893
 -0.00749253 -3.43514804 -3.33202214 -2.79171    -5.00162738 -3.41527984
 -4.39545474 -4.2405596  -4.33540316 -3.39706272 -4.67047622 -4.33024489
 -4.80442846 -4.41282414]
log likelihood =  -2907.8907351
Edge derivatives =  [-0.05204982340855557, -0.0016325346288092457, 0.001999253567933096, 0.014811900063568723, -0.018056752690078694, 0.016408833222089816, -0.003414290640377106, -0.006448565047260917, 0.0023560331979454244, -0.024040454021486135, 0.000789204182071384, -0.00011492587438831359, -0.002810322674931181, 0.004815444948921173]
other derivatives: [-0.0426553  -0.09717951 -0.06789378  0.00409273 -0.07185008 -0.00241016]
Current x array =  [-0.76995266 -1.10382107 -0.38310377  0.85985451 -1.49080694 -3.17365247
 -0.00725951 -3.43684614 -3.33129596 -2.7907343  -5.00118937 -3.41555989
 -4.39501213 -4.2402686  -4.33457557 -3.3974446  -4.66876394 -4.3297404
 -4.80255283 -4.41195765]
log likelihood =  -2907.89068242
Edge derivatives =  [0.004081021232824722, 0.0012498088374559777, 0.003914331216274491, 0.01548437167705291, -0.01643136865700575, 0.018166246364364494, -0.0018012533337323465, -0.004820462731830916, 0.004528748020751157, -0.01928378083219441, 0.004853382288482644, 0.0012351844660664912, 0.001877115940940012, 0.0063047023949869205]
other derivatives: [-0.03242349 -0.00281943  0.02032721 -0.00136424 -0.02369234 -0.00131877]
Current x array =  [-0.76994063 -1.10415848 -0.38313129  0.85990137 -1.4912219  -3.17521007
 -0.00734546 -3.43768828 -3.33147183 -2.79061329 -5.00160287 -3.41562072
 -4.39522762 -4.2404487  -4.33485386 -3.39770468 -4.66966072 -4.32985554
 -4.80366821 -4.41215267]
log likelihood =  -2907.89067371
Edge derivatives =  [0.022719969661360584, 0.0021776138366725734, 0.002536457238002221, 0.01172389690045439, -0.015555889601754438, 0.01950892348387287, -0.001334940237009214, -0.003976062332366994, 0.005015446684986907, -0.015666983526860134, 0.005568548643896526, 0.001529824833347966, 0.00291219919117797, 0.00635406855223632]
other derivatives: [ 0.05361471  0.01164153 -0.0214186   0.00050022 -0.01041371 -0.00122782]
Current x array =  [-0.7700228  -1.10420751 -0.38309521  0.85986164 -1.49135237 -3.1752245
 -0.00736903 -3.4381059  -3.33143829 -2.79040776 -5.00186678 -3.41570194
 -4.39529946 -4.24054899 -4.33487778 -3.39793329 -4.66981494 -4.3298805
 -4.80391511 -4.41214548]
log likelihood =  -2907.89066491
Edge derivatives =  [0.025635853584436208, 0.002296917188608562, 0.0007134740204676887, 0.007199383588534891, -0.014624214813371736, 0.02107173723224856, -0.0008477255092571787, -0.0030633247330884156, 0.005383765537878268, -0.01188574074457506, 0.005855456583001958, 0.0018980003015329067, 0.0034926089252884547, 0.0063978786839703344]
other derivatives: [ 0.02755769  0.01618901  0.00163709  0.00641194  0.00077307 -0.00140972]
Current x array =  [-0.76999677 -1.10422911 -0.38310748  0.85979753 -1.4914749  -3.17490986
 -0.00734914 -3.4382144  -3.33137672 -2.790199   -5.00219292 -3.41580609
 -4.39538093 -4.24067768 -4.33489555 -3.3981804  -4.66987905 -4.32993409
 -4.80405927 -4.41215065]
log likelihood =  -2907.89064989
Edge derivatives =  [0.013201158695687831, 0.001496386042305231, -0.002824903855957281, -0.00024404479583373107, -0.01339812592219719, 0.02055248988560343, -0.00042899380065697726, -0.0017272438268336465, 0.00521981270083572, -0.006115821797368304, 0.004737369685225465, 0.0022198186770957737, 0.002698099424027333, 0.005914251616379842]
other derivatives: [ 0.0037744   0.01555236 -0.00059117  0.01564331  0.00904947 -0.00172804]
Current x array =  [-0.76997639 -1.10423393 -0.38310287  0.8597244  -1.49163247 -3.17423662
 -0.00726537 -3.43787894 -3.33121365 -2.78987969 -5.00268374 -3.41577766
 -4.39545587 -4.24086758 -4.33480364 -3.39855895 -4.66962068 -4.3299934
 -4.80386164 -4.41207196]
log likelihood =  -2907.89063045
Edge derivatives =  [0.009318146862345444, 0.0004794520903547636, -0.005914004905907502, -0.006723347612593633, -0.011845108143613184, 0.01398366981760564, -6.624284674740244e-05, -6.029646102710673e-05, 0.0043927677075856555, 0.000566983306522606, 0.0027853786401932402, 0.002407293637134718, 0.0011053551632346642, 0.00494937288973938]
other derivatives: [-0.02510205 -0.00422915 -0.01004992  0.00445652  0.01914486 -0.00254659]
Current x array =  [-0.76994797 -1.10418762 -0.38308807  0.85987219 -1.49179452 -3.17343891
 -0.00720441 -3.4371648  -3.33107398 -2.78960116 -5.00340389 -3.41533499
 -4.39553531 -4.24109743 -4.33461661 -3.39898775 -4.66916335 -4.33004686
 -4.80346638 -4.41191715]
log likelihood =  -2907.89062184
Edge derivatives =  [-0.04418859568524125, -0.0015654427975694482, -0.007344488477954672, -0.009417049721861415, -0.01042222893399299, 0.0032407241620710375, 4.153831644639755e-05, 0.0010848245012554242, 0.0029267505743348146, 0.005872828076973341, 0.0006395110566136224, 0.0021066941126413885, -0.0006499363975757712, 0.003406120336663661]
other derivatives: [ 0.02605702  0.02514753  0.04383764  0.00063665  0.00059117 -0.00263753]
Current x array =  [-0.7699957  -1.1042825  -0.38311525  0.85997298 -1.49177539 -3.17328979
 -0.0069761  -3.43663267 -3.33104256 -2.78946701 -5.00407476 -3.41461406
 -4.3955661  -4.24125287 -4.3343497  -3.39932206 -4.66867024 -4.33001358
 -4.80302544 -4.41166261]
log likelihood =  -2907.89061902
Edge derivatives =  [-0.02354878067374433, -0.0005634320452668415, -0.006135090520222097, -0.008180410795926157, -0.01013139566453272, -0.002094357378960812, -1.946454288129923e-05, 0.00124987316637281, 0.0023454300868685635, 0.006652429266878021, 0.0005213363136433932, 0.001698469072133578, -0.000586766551698651, 0.0026819192139878115]
other derivatives: [-0.05547918  0.02137313 -0.12460077 -0.00654836 -0.00572982 -0.00281943]
Current x array =  [-0.7699219  -1.10428628 -0.38301298  0.86012143 -1.49172555 -3.17400637
 -0.00706652 -3.4369973  -3.33111631 -2.78949151 -5.00424656 -3.41424335
 -4.39555748 -4.24125606 -4.33424258 -3.39936113 -4.66863088 -4.32994313
 -4.80303107 -4.41153195]
  status: 0
 success: True
    nfev: 107
     fun: 2907.8906190215434
       x: array([-0.7699219 , -1.10428628, -0.38301298,  0.86012143, -1.49172555,
       -3.17400637, -0.00706652, -3.4369973 , -3.33111631, -2.78949151,
       -5.00424656, -3.41424335, -4.39555748, -4.24125606, -4.33424258,
       -3.39936113, -4.66863088, -4.32994313, -4.80303107, -4.41153195])
 message: 'CONVERGENCE: REL_REDUCTION_OF_F_<=_FACTR*EPSMCH'
     jac: array([  5.54791768e-02,  -2.13731255e-02,   1.24600774e-01,
         6.54836185e-03,   5.72981662e-03,   2.81943358e-03,
         2.35487807e-02,   5.63432045e-04,   6.13509052e-03,
         8.18041080e-03,   1.01313957e-02,   2.09435738e-03,
         1.94645429e-05,  -1.24987317e-03,  -2.34543009e-03,
        -6.65242927e-03,  -5.21336314e-04,  -1.69846907e-03,
         5.86766552e-04,  -2.68191921e-03])
     nit: 99
