number of sites to be analyzed:  157
Successfully loaded parameter value from ./save/MG94_Force_ENSG00000132141_ENSG00000146731_nonclock_save.txt
log likelihood =  -1664.39648516
Edge derivatives =  [0.002387591969374936, 0.003443599862846869, -0.00018225088123399041, -7.02505738988321e-05, -0.0005976524352021293, -0.0016478857845223134, -0.0013817310702162189, 0.006135546705810846, 0.005506049320896343, -0.0018717575189600155, -1.055261604755343e-05, 0.00045615595941057505, 0.0009613498521672641, 0.0022628265786957015]
other derivatives: [ 0.0155751  -0.01903118  0.00923137  0.00482032 -0.00404725  0.        ]
Current x array =  [ -0.6009031   -0.55198882  -0.99670547   0.8351266   -1.78014335
   0.33647224  -0.9189197   -0.78711549  -3.56978057  -3.72945071
  -5.69175617  -4.12151033  -5.6719533   -2.29502296  -4.4775559
  -3.00762757 -17.18184763  -4.19575053  -4.25597797  -4.44314953]
log likelihood =  -1664.61274547
Edge derivatives =  [-0.08253988806539367, 0.014877204470037209, 0.012880756547664303, -0.0052130780149588565, 0.0033958320647729722, 0.0077820748304004775, 0.011800299627790172, -0.1449829993505702, 0.00020973624665263785, 0.04250625409425102, -1.0542158680589308e-05, -0.008502050344849993, 0.012452902365238865, -0.013721320287655981]
other derivatives: [-14.02613634  10.34916295  -1.52201665  -0.31950549   0.22319      0.        ]
Current x array =  [ -0.585328    -0.57102     -0.98747409   0.83994692  -1.7841906
   0.33647224  -0.91653211  -0.78367189  -3.56996282  -3.72952096
  -5.69235382  -4.12315822  -5.67333503  -2.28888741  -4.47204985
  -3.00949932 -17.18185819  -4.19529438  -4.25501662  -4.4408867 ]
log likelihood =  -1664.39648437
Edge derivatives =  [0.0022354386819769534, 0.003470508273317463, -0.0001561363803014651, -7.95121612891872e-05, -0.0005900133553957514, -0.0016293694712844718, -0.0013568250864989815, 0.005850500727686475, 0.005496495517198701, -0.0017855944112361993, -1.0552595140813113e-05, 0.0004393091814358929, 0.0009838212214731586, 0.002232485164853734]
other derivatives: [-0.01057288  0.0015234   0.00645741  0.00425189 -0.00352429  0.        ]
Current x array =  [ -0.60087336  -0.55202516  -0.99668784   0.8351358   -1.78015107
   0.33647224  -0.91891514  -0.78710892  -3.56978092  -3.72945084
  -5.69175731  -4.12151348  -5.67195593  -2.29501125  -4.47754539
  -3.00763114 -17.18184765  -4.19574966  -4.25597613  -4.44314521]
  status: 0
 success: True
    nfev: 3
     fun: 1664.3964843717702
       x: array([ -0.60087336,  -0.55202516,  -0.99668784,   0.8351358 ,
        -1.78015107,   0.33647224,  -0.91891514,  -0.78710892,
        -3.56978092,  -3.72945084,  -5.69175731,  -4.12151348,
        -5.67195593,  -2.29501125,  -4.47754539,  -3.00763114,
       -17.18184765,  -4.19574966,  -4.25597613,  -4.44314521])
 message: 'CONVERGENCE: REL_REDUCTION_OF_F_<=_FACTR*EPSMCH'
     jac: array([  1.05728759e-02,  -1.52340363e-03,  -6.45741238e-03,
        -4.25188773e-03,   3.52429197e-03,  -0.00000000e+00,
        -2.23543868e-03,  -3.47050827e-03,   1.56136380e-04,
         7.95121613e-05,   5.90013355e-04,   1.62936947e-03,
         1.35682509e-03,  -5.85050073e-03,  -5.49649552e-03,
         1.78559441e-03,   1.05525951e-05,  -4.39309181e-04,
        -9.83821221e-04,  -2.23248516e-03])
     nit: 1
