number of sites to be analyzed:  224
log likelihood =  -3365.51057834
Edge derivatives =  [157.28768711423228, 30.527945907482618, -64.85615901990417, -58.09655883073063, -76.04468837941474, -71.7763123289299, -78.02878933034442, -77.68082451501614, -74.70152649609648, -73.32594337746646, -78.78365668652053, -76.17321491673955, -76.76444510595643, -77.58194294063989]
other derivatives: [   7.17259354   10.79547474  -13.36411515   43.14565558 -320.46054912
 -451.65593292]
Current x array =  [-0.80536537 -0.76611178 -0.65842086  0.18232156 -0.10536052  0.33647224
 -2.30258509 -2.30258509 -2.30258509 -2.30258509 -2.30258509 -2.30258509
 -2.30258509 -2.30258509 -2.30258509 -2.30258509 -2.30258509 -2.30258509
 -2.30258509 -2.30258509]
log likelihood =  -2935.8929691
Edge derivatives =  [156.27203040310076, 30.613980944016113, -38.91244778328758, -33.335162847422694, -47.60772245094308, -43.09317471914265, -49.428527575222695, -48.6275834974653, -46.32793968678403, -44.88627285382993, -49.887266130335824, -47.38245989473849, -47.926955018231226, -48.48524816389985]
other derivatives: [   8.82942004    3.17149897   14.65386958   30.6792117  -131.50684026
 -158.38108993]
Current x array =  [-0.80417091 -0.76497939 -0.67955356  0.25054786 -0.61210534 -0.37773207
 -2.0538658  -2.2543112  -2.40514225 -2.39445328 -2.42283469 -2.4160851
 -2.42597215 -2.42542192 -2.42071075 -2.41853553 -2.42716583 -2.42303793
 -2.42397284 -2.42526555]
log likelihood =  -2661.11725138
Edge derivatives =  [126.99327419629115, 22.5848975740182, -27.152017129347247, -23.36269340545756, -33.7273283034044, -29.49953116243703, -35.32711969596189, -34.311502973038785, -32.64956938173626, -31.15285061811836, -35.56528959818572, -33.30879598072133, -33.89738845011213, -34.222532433623556]
other derivatives: [ -9.9646968   -0.29003786 -30.78916961  15.56795723 -62.99878805
 -71.30593076]
Current x array =  [-0.77627347 -0.77203391 -0.60159379  0.37178897 -1.05183104 -0.86854084
 -1.39941854 -2.12593557 -2.55294097 -2.5195714  -2.60561004 -2.57979151
 -2.61628342 -2.61210853 -2.59815903 -2.58990177 -2.61922523 -2.60466026
 -2.60784995 -2.61132989]
log likelihood =  -2581.88700042
Edge derivatives =  [-142.0070567834087, -11.209750298962351, -15.276525650136383, -15.649924589826368, -20.593343664867653, -17.561426757234152, -21.960833257420063, -20.674808404629346, -19.588572676166766, -18.574510509455976, -21.860348342164706, -20.367751582243596, -20.345291215032322, -21.03978201183553]
other derivatives: [  1.69344366e+02   3.68768269e+00   3.82622193e+02   2.65117706e-02
  -3.80930942e+01  -8.53269739e+00]
Current x array =  [-1.01605824 -0.82237209 -1.2310914   0.56080807 -1.76588993 -1.62952288
  0.4810225  -1.80106375 -2.93148318 -2.84532908 -3.0790057  -2.98819151
 -3.11384274 -3.0930162  -3.05544801 -3.02365231 -3.11969277 -3.0708061
 -3.08331523 -3.09102369]
log likelihood =  -2399.05943972
Edge derivatives =  [-59.13996495011295, -4.361121858981832, -10.657174047152138, -10.259022812847371, -16.12504085681752, -12.739113113165939, -17.495518752022814, -16.281334610482627, -15.32382869460683, -13.974098558360039, -17.50310384986424, -15.577395648038927, -16.234876442117272, -16.260510878703272]
other derivatives: [ -98.75475371   -5.35828804 -111.65570868    5.1407369   -31.79839041
  -12.77658157]
Current x array =  [-0.6891099  -0.81645382 -0.48963587  0.56923245 -1.85596999 -1.65684995
  0.26256546 -1.81205303 -2.97054037 -2.88336871 -3.13093847 -3.03265112
 -3.1690243  -3.14536027 -3.10500945 -3.07073131 -3.1747916  -3.12216232
 -3.1348215  -3.14401513]
log likelihood =  -2381.8575298
Edge derivatives =  [-41.6600086127866, -3.3730583269629184, -10.478520925397003, -9.88483141296139, -15.825251188015182, -12.507949767310775, -17.181562226940276, -15.951487565517896, -14.87746115391365, -13.712148269338636, -17.169429480353227, -15.382899567818907, -15.796358972698952, -16.061914257175623]
other derivatives: [ 12.385226     2.83130248  32.05650501  -0.77752702 -17.407001   -12.8310603 ]
Current x array =  [-0.80711781 -0.82341847 -0.62295296  0.57364017 -1.88829808 -1.66585312
  0.18322519 -1.81896829 -2.98149951 -2.8941521  -3.14800883 -3.04588968
 -3.18764679 -3.16256479 -3.12118379 -3.08535722 -3.19339842 -3.13858777
 -3.15200711 -3.1612056 ]
log likelihood =  -2369.55876458
Edge derivatives =  [-34.88935595365737, -2.4632795684169886, -9.148811010478521, -8.583265222826544, -14.415003582407168, -11.135181780823677, -15.739608460454013, -14.52405709873454, -13.46425398243687, -12.323887677555964, -15.732066228192082, -13.969323416646436, -14.371617264129057, -14.635024359509945]
other derivatives: [ 32.46782398   4.063304    13.99362191  -3.24716893  -9.2776645
 -10.49907041]
Current x array =  [-0.83079174 -0.82702959 -0.60047818  0.59133005 -1.99274016 -1.74941185
  0.19363804 -1.8053248  -3.02990085 -2.93797209 -3.21358225 -3.1006334
 -3.25752609 -3.2289583  -3.18388106 -3.14414069 -3.26347167 -3.20282746
 -3.21771676 -3.22770057]
log likelihood =  -2331.16530055
Edge derivatives =  [-8.35077232877602, 1.9488755933656219, -2.140810806429887, -2.022820073428407, -7.174415228742507, -4.030603891421794, -8.406227504715998, -7.218749862849511, -6.212303867609038, -5.128985011849354, -8.415786340768877, -6.629156124700719, -7.098569053723479, -7.255169731146403]
other derivatives: [-80.03021321   0.18308128  65.98875189 -10.86332304  40.37219696
  -1.3387762 ]
Current x array =  [-0.68393708 -0.8284157  -0.66220398  0.68302007 -2.69438431 -2.36828898
  0.25851915 -1.69863563 -3.40090107 -3.27350558 -3.72710519 -3.52410746
 -3.80667727 -3.74869239 -3.67314528 -3.60108868 -3.81410287 -3.70499882
 -3.73197063 -3.74848972]
log likelihood =  -2315.06179952
Edge derivatives =  [-0.5703654281704023, 2.888399744338563, -0.4127545111277535, 0.0482103186764818, -5.261357523017117, -2.058208830500268, -6.481320005200316, -5.259584559136065, -4.250140211265186, -3.1679458210854397, -6.49402281172659, -4.712978506261391, -5.140009656419729, -5.331203563337387]
other derivatives: [ 53.10871529  -1.8018909  -34.49022188 -10.60075192  40.77928679
  -0.62864274]
Current x array =  [-0.84114152 -0.81225065 -0.5418015   0.63588273 -2.67276929 -2.58756538
  0.24001894 -1.65693301 -3.51446611 -3.37638974 -3.90900744 -3.6634259
 -4.00532158 -3.93259294 -3.84283336 -3.75583077 -4.01328951 -3.88076713
 -3.91364571 -3.93295534]
log likelihood =  -2308.61885017
Edge derivatives =  [-2.851071279634701, 2.5436588898074253, -0.2098724480882558, 0.32017284470923013, -4.922921430544234, -1.7563867205945634, -6.130626451842358, -4.91421057930193, -3.9186873363475496, -2.8459936770220793, -6.143102798683031, -4.371385518003065, -4.798903460133709, -4.981893832608829]
other derivatives: [ 40.21235327  -1.89811544 -27.95836735  -8.28918019  37.1166152
  -0.52300493]
Current x array =  [-0.8237812  -0.81001838 -0.55121105  0.60604613 -2.59829159 -2.62446381
  0.20678273 -1.64841142 -3.53713298 -3.396755   -3.95339553 -3.6939687
 -4.0551085  -3.97732013 -3.88312116 -3.79129258 -4.06315709 -3.92298595
 -3.95778225 -3.97793728]
log likelihood =  -2278.97634538
Edge derivatives =  [7.476484823982225, 2.379532807619454, 1.4703478881204592, 3.2368449681606264, -1.9636969101803394, 1.0518729302427752, -3.144242983863542, -1.895602566901662, -0.9654622811258611, 0.07911860755395686, -3.156620531531802, -1.3747020262726588, -1.80882335196671, -1.9573367733794191]
other derivatives: [-43.96979421   3.38377504 -16.87321856  18.89975465  -3.77308425
  -0.23983375]
Current x array =  [-0.73005928 -0.78589551 -0.60840734  0.30502024 -1.76039028 -3.0458489
 -0.26737361 -1.5593611  -3.78511301 -3.61575357 -4.45542956 -4.03262787
 -4.62086645 -4.48293761 -4.33637805 -4.18769772 -4.62984914 -4.39908791
 -4.45652829 -4.48658656]
log likelihood =  -2274.91365819
Edge derivatives =  [-8.924892959120921, -0.10686609794700666, 2.051740029161638, 3.6009581797074763, -1.4717597403074532, 1.5354088005347288, -2.6717410881082695, -1.40680690367833, -0.43042970395249996, 0.5698145322603637, -2.6846084211043406, -0.9016558186468477, -1.2948339825831319, -1.4927757463546545]
other derivatives: [ -3.44298314  -9.19590093   1.85755198  10.52876542  -0.76292963
   0.08094503]
Current x array =  [-0.77254366 -0.76110102 -0.62290707  0.41941241 -1.84123943 -3.17935537
 -0.13576705 -1.51486881 -3.8398006  -3.65231002 -4.5599603  -4.10001741
 -4.73992539 -4.58807513 -4.42940779 -4.26784791 -4.74926942 -4.49758484
 -4.55993839 -4.59249042]
log likelihood =  -2273.44186436
Edge derivatives =  [-5.329151481736254, -0.044293381035417995, 2.4637380968898617, 4.0983609182482095, -0.9960238173507081, 2.0292312376138018, -2.2121884324629884, -0.9263241698854519, 0.08033239827931872, 1.0651287554247713, -2.226189701820427, -0.42772413677229704, -0.7991481932350568, -1.0274701112079072]
other derivatives: [ 6.77355274 -2.79010237  6.38769961  7.42597877  0.33633114  0.09440555]
Current x array =  [-0.7815723  -0.77394234 -0.63002812  0.46959928 -1.82540689 -3.29876466
 -0.16410215 -1.48621817 -3.89452222 -3.69123503 -4.67520941 -4.17230062
 -4.8720668  -4.70396898 -4.5313495  -4.35495151 -4.88173245 -4.60581396
 -4.67393881 -4.70929181]
log likelihood =  -2272.31101699
Edge derivatives =  [0.8813862810843945, 0.19400214187030607, 2.6749932817925424, 4.342767887957987, -0.5395901491348205, 2.41900514454482, -1.7508983262353748, -0.46526310415321576, 0.544814757696053, 1.494961365430324, -1.7683681255308927, 0.030886188244750264, -0.3319273344776472, -0.5673505314319705]
other derivatives: [ 7.40888026 -3.6772235   5.94623089  2.06227924  1.53231667  0.05929905]
Current x array =  [-0.77834278 -0.76908155 -0.63085097  0.56145573 -1.7926417  -3.42550849
 -0.21496025 -1.45435285 -3.93606131 -3.7052578  -4.80452516 -4.23556141
 -5.02753069 -4.83350554 -4.63929193 -4.44046707 -5.03762902 -4.72383011
 -4.80062032 -4.84046633]
log likelihood =  -2272.2947968
Edge derivatives =  [0.3064530615338309, 0.011017180512818678, 2.136225683995783, 3.5282361298621, -0.39471899142003564, 2.2214525630758666, -1.5178024330357756, -0.30269311732487847, 0.6468914744933263, 1.4577636339018192, -1.5385809804298678, 0.13842595953906323, -0.1547905324936985, -0.41605236546758145]
other derivatives: [  1.7549155   26.27721187   0.44633452  -2.94503479   0.43833097
   0.03155947]
Current x array =  [-0.76908557 -0.85241234 -0.61938374  0.65972742 -1.77998903 -3.46106239
 -0.20044515 -1.43943545 -3.88621174 -3.60871563 -4.85265451 -4.19698738
 -5.11090169 -4.87994104 -4.65658616 -4.42938075 -5.12152387 -4.75549314
 -4.84332663 -4.88959238]
log likelihood =  -2271.88904763
Edge derivatives =  [0.6663792214043327, 0.11455630841524798, 2.4119643818078798, 3.9514549847203972, -0.4639761280372082, 2.3232104171038155, -1.631184474127045, -0.381695641334574, 0.5976174365304974, 1.4786530262185713, -1.650185327318096, 0.08654184271178995, -0.24117620407185, -0.48948378792875313]
other derivatives: [  4.64042387  12.04984983   3.22979758  -0.42668944   1.01404112
   0.04451977]
Current x array =  [-0.77372671 -0.8106341  -0.62513288  0.61045849 -1.7863325  -3.44323729
 -0.20772236 -1.44691435 -3.91120403 -3.65711745 -4.82852466 -4.21632663
 -5.06910329 -4.85666041 -4.64791563 -4.43493892 -5.07946284 -4.73961874
 -4.82191564 -4.86496283]
log likelihood =  -2271.37725161
Edge derivatives =  [1.1677597725239366, -0.019962398465895453, 2.1312382276812856, 3.5311038003424717, -0.37877795849894513, 2.228303457784145, -1.5058860614140264, -0.29206264509707114, 0.647186445494597, 1.468310572732669, -1.5275359385937308, 0.16291991762401442, -0.1551988947796676, -0.3919499249358173]
other derivatives: [ 0.52441465  7.62070158  0.07635208 -2.49046934 -0.42264219  0.02737579]
Current x array =  [-0.76832719 -0.79831534 -0.62107367  0.65249653 -1.75293095 -3.46538983
 -0.21972683 -1.43845789 -3.89013663 -3.61313995 -4.85995052 -4.20232709
 -5.11897039 -4.88725579 -4.66326696 -4.43539317 -5.12959338 -4.762478
 -4.85054252 -4.89697329]
log likelihood =  -2270.65857861
Edge derivatives =  [2.305929671793501, -0.12153209413989667, 1.1119868556571995, 1.9800226312824118, -0.3706070325627738, 1.6796133188040374, -1.3689333476576184, -0.26721614698169166, 0.5557281399279281, 1.1767105573180803, -1.3955375460727326, 0.12640242224553797, -0.12992416238707458, -0.35990458152176674]
other derivatives: [-2.57523425  1.66496648  3.73884177 -4.87184479 -2.98291525 -0.03637979]
Current x array =  [-0.76403069 -0.78190281 -0.62768545  0.69737195 -1.69436763 -3.4547581
 -0.24373207 -1.43654919 -3.80188775 -3.47191653 -4.87720397 -4.12036011
 -5.17738507 -4.90171284 -4.64371105 -4.38386403 -5.18860476 -4.76002747
 -4.86057186 -4.91481388]
log likelihood =  -2270.66929679
Edge derivatives =  [-4.497109494874139, -0.7302630450796208, 0.07627329420858828, -0.0710240206710494, -0.33326371504229796, 1.0234987141267522, -1.1846131920211602, -0.21214932359226332, 0.43644975101722133, 0.8505903124642652, -1.218950533284026, 0.13334333111272462, -0.09669358608904338, -0.27216270125401953]
other derivatives: [ -1.47265382e+01  -9.44264684e+00  -2.45704086e+01  -5.26706572e+00
  -2.71361387e+00  -3.63797881e-04]
Current x array =  [-0.75299497 -0.76022767 -0.5853144   0.72130101 -1.74438271 -3.45790771
 -0.18014771 -1.42936124 -3.70556536 -3.31142946 -4.8985159  -4.02063725
 -5.25090182 -4.91898809 -4.61779147 -4.31949838 -5.2630976  -4.75609015
 -4.87175446 -4.93653636]
log likelihood =  -2270.34119172
Edge derivatives =  [-1.055873258737354, -0.42492084376521577, 0.6077644038076584, 1.0013509678095642, -0.3501430317192833, 1.3612729937559929, -1.2750554989967233, -0.23894440708200435, 0.4976289974769304, 1.017665931387796, -1.3053751343423932, 0.13036141037766039, -0.11247536316669707, -0.31553902496954567]
other derivatives: [-8.57148734 -3.73674993 -9.68916538 -5.08334779 -2.8024715  -0.01864464]
Current x array =  [-0.75853021 -0.77109937 -0.60656664  0.70929881 -1.71929642 -3.45632795
 -0.21204    -1.43296653 -3.75387822 -3.39192568 -4.88782638 -4.0706557
 -5.21402769 -4.91032326 -4.63079207 -4.35178255 -5.22573389 -4.75806501
 -4.86614556 -4.92564092]
log likelihood =  -2269.95438114
Edge derivatives =  [-0.951773022832736, -0.40614064261637184, -0.0379963146052119, -0.12096841636513414, -0.37578642040979854, 0.9511538284888716, -1.2164452390971205, -0.24912679782156383, 0.41026074057323475, 0.7878788689852415, -1.2484718510493207, 0.07057111595720351, -0.11786812484134854, -0.32926476909515495]
other derivatives: [-5.18207344 -3.37204256 -5.03209776 -4.20454853 -3.14621502 -0.05115908]
Current x array =  [-0.76280367 -0.77189743 -0.61318421  0.69113386 -1.71411066 -3.44031459
 -0.21582583 -1.4367596  -3.69883729 -3.30749758 -4.88762547 -4.01274666
 -5.23901636 -4.90798363 -4.60768242 -4.3104427  -5.25118238 -4.74554913
 -4.86088934 -4.92547083]
log likelihood =  -2269.49449183
Edge derivatives =  [-0.9379222979683043, -0.3294941152541357, -0.6437967628299848, -1.3694350051084698, -0.3108377898647028, 0.5270565964738951, -1.0536746665686019, -0.16007648862994528, 0.40012483625597667, 0.5965584708186619, -1.0864943193790957, 0.09245529343847628, -0.020261804108698645, -0.2514204351050477]
other derivatives: [ 0.01264198 -1.51362656  1.28857209 -1.80125426 -1.33363756 -0.06234586]
Current x array =  [-0.76955785 -0.77719048 -0.62153384  0.63957261 -1.7503896  -3.45283952
 -0.21046661 -1.43671352 -3.64771173 -3.21854412 -4.91732255 -3.95141514
 -5.31078876 -4.93399356 -4.59923076 -4.27350458 -5.32391421 -4.75465562
 -4.881589   -4.9551432 ]
log likelihood =  -2269.31768949
Edge derivatives =  [0.17356554896411525, -0.19829420493631295, -0.6483735068877927, -1.514013004594719, -0.1682136649082684, 0.5111645338627246, -0.8879319388959941, -0.0038751772590398083, 0.5203178183581684, 0.6596589259467488, -0.9197364489527298, 0.22133250423114406, 0.14138191059641464, -0.10642755680235459]
other derivatives: [ 5.51394805  0.25206646 -0.59867489  0.09831638 -0.42018655 -0.05143193]
Current x array =  [-0.77665255 -0.78127561 -0.61923947  0.60212235 -1.7673111  -3.49579618
 -0.21530612 -1.43024497 -3.64829462 -3.20404883 -4.96799925 -3.94315239
 -5.39076827 -4.98205694 -4.62362763 -4.27960202 -5.40468233 -4.79105477
 -4.92562314 -5.00580889]
log likelihood =  -2269.30735433
Edge derivatives =  [-2.340934746633348, -0.5910481228020799, -0.4780532327888488, -1.464676650434268, 0.04144798506762999, 0.5747060859252258, -0.6717932665333504, 0.21748583483728787, 0.7099877285180467, 0.7989499011276702, -0.7019238829002197, 0.42011355192820204, 0.36776456795901985, 0.10293010252002474]
other derivatives: [ -6.23967935e+00   4.92309482e-01   7.57027010e+00   1.68479346e+00
   9.89984983e-01   2.91038305e-03]
Current x array =  [-0.76318721 -0.78321133 -0.63083211  0.57445191 -1.80447848 -3.57191542
 -0.19721116 -1.41572381 -3.66509166 -3.20521427 -5.0478114  -3.94664562
 -5.50980278 -5.05824676 -4.66837667 -4.30075933 -5.52483715 -4.85177622
 -4.99621933 -5.08557468]
log likelihood =  -2269.24370516
Edge derivatives =  [-1.1288387636745376, -0.4017720977584581, -0.5594334983734479, -1.4878888533376944, -0.05723520355992287, 0.5442959973603458, -0.772703782676439, 0.11296040765168582, 0.6198077059526557, 0.7323150596155478, -0.8036037669484056, 0.32597332889565694, 0.2606393789135801, 0.00428025178967535]
other derivatives: [-0.510272    0.37953214  3.66476343  0.92295522  0.31645868 -0.02228262]
Current x array =  [-0.76968033 -0.78227791 -0.62524203  0.58779485 -1.78655602 -3.53521002
 -0.20593672 -1.42272605 -3.65699197 -3.20465228 -5.00932524 -3.94496115
 -5.45240324 -5.02150733 -4.64679827 -4.29055708 -5.46689739 -4.82249578
 -4.9621772  -5.04711088]
log likelihood =  -2269.19579748
Edge derivatives =  [-0.40661674273282566, -0.36363594306351965, -0.4250985325229801, -1.283000918208599, 0.023811415794286347, 0.6274649755035621, -0.6971601374137197, 0.19689792992579655, 0.699995804516685, 0.8153613859363824, -0.7275037425844609, 0.4071940620661131, 0.3458940650241365, 0.08436467984423641]
other derivatives: [ 0.85146894  0.38976395  1.05669642  0.79057827  0.49276423 -0.01568878]
Current x array =  [-0.77113881 -0.78199571 -0.62168794  0.59010611 -1.78621817 -3.56454519
 -0.21055039 -1.417597   -3.66961331 -3.21606985 -5.03951077 -3.95331279
 -5.49462417 -5.05048939 -4.66631923 -4.30339096 -5.50948035 -4.84683844
 -4.98934897 -5.07725477]
log likelihood =  -2269.15224323
Edge derivatives =  [0.5033883163872419, -0.2680174527604023, -0.3298592257593523, -1.0922699638379982, 0.07796564244848492, 0.6354627203164498, -0.6362724277211859, 0.251941279215426, 0.7309343758727996, 0.8371513122859732, -0.6657298724189696, 0.4519146758188478, 0.39953270591681117, 0.1371378260411559]
other derivatives: [-0.51222742  0.30881893 -1.36192284  0.73823685  0.30154297 -0.01550688]
Current x array =  [-0.76943036 -0.78135016 -0.61887096  0.59296368 -1.77903565 -3.58444857
 -0.21863409 -1.41646574 -3.67860631 -3.22815626 -5.06123982 -3.95269766
 -5.53070808 -5.07018576 -4.67507913 -4.30569591 -5.54603258 -4.86138171
 -5.0066906  -5.09857741]
log likelihood =  -2269.090191
Edge derivatives =  [0.8407820497024917, -0.23912976459041335, -0.20729490194579506, -0.8248589876647814, 0.14853031425576194, 0.5842842865161797, -0.5456378474829121, 0.3228950600754505, 0.7501788849761457, 0.8235416906588383, -0.5734347639295835, 0.4966102001980579, 0.46952899567678036, 0.20227215541534893]
other derivatives: [-0.50740709 -0.44078661 -2.48428478  0.11268639  0.01268745 -0.00891305]
Current x array =  [-0.76914839 -0.77913612 -0.6175108   0.60532065 -1.77001024 -3.61233072
 -0.22275728 -1.41613269 -3.68985453 -3.24646959 -5.09159311 -3.94404465
 -5.58754839 -5.09642618 -4.68143927 -4.30102795 -5.60375199 -4.87839513
 -5.02847454 -5.12798789]
log likelihood =  -2268.99150191
Edge derivatives =  [2.539179006136495, 0.1747512172403482, -0.1916636335208538, -0.5460289422381412, 0.18139673450536828, 0.16066300938720696, -0.421921506189364, 0.35314635782153553, 0.5968120499609045, 0.5360368924370029, -0.445647926128528, 0.4402133922800187, 0.48971002277689785, 0.2248348600250888]
other derivatives: [-6.73389877  1.59420779 -5.12068254  0.27566784 -1.086255   -0.02041816]
Current x array =  [-0.76186994 -0.78342352 -0.61543671  0.60865545 -1.74601441 -3.62599805
 -0.23949629 -1.43179118 -3.68861087 -3.26901085 -5.11352508 -3.88737616
 -5.67165605 -5.10687901 -4.64724076 -4.24597171 -5.68999106 -4.86887046
 -5.02786044 -5.14681679]
log likelihood =  -2268.85423126
Edge derivatives =  [1.4681479507336253, 0.1964778289634947, -0.016201786359538978, -0.08063751056094112, 0.21922775576263587, -0.12314616156274033, -0.3293897350428808, 0.38021798531758255, 0.48457136851235943, 0.3264316765885401, -0.34965160947043045, 0.39758817884398423, 0.5120193179464373, 0.24170167179853136]
other derivatives: [ -3.15380930e+00  -9.94532456e-01  -3.24916982e+00  -3.45426088e-01
  -9.70612746e-01   1.13686838e-03]
Current x array =  [-0.76589664 -0.7771075  -0.6174559   0.61740815 -1.7481514  -3.6443251
 -0.23022854 -1.4419396  -3.6998902  -3.30585879 -5.13256922 -3.85112674
 -5.73982742 -5.11625194 -4.62228205 -4.207049   -5.75994681 -4.86311576
 -5.02809706 -5.16315235]
log likelihood =  -2268.75188086
Edge derivatives =  [-0.2324033596099146, 0.2528531373058919, 0.039456718860090945, 0.2066759532611015, 0.18562852765739307, -0.5548831763804993, -0.2816774956386832, 0.3297511213539887, 0.25802696845945405, -0.03252468788258832, -0.2984174925298073, 0.2606716961632374, 0.45105886174625826, 0.18519115116210716]
other derivatives: [-0.05770744 -0.4375579  -0.47957656 -0.45451998 -0.61381797  0.01837179]
Current x array =  [-0.76966492 -0.77928795 -0.62023799  0.61666864 -1.76093484 -3.63455352
 -0.21287313 -1.45846328 -3.69726795 -3.33195064 -5.12215196 -3.79965599
 -5.77725316 -5.09508803 -4.57027717 -4.14615249 -5.79917167 -4.82898264
 -4.99749583 -5.14962091]
log likelihood =  -2268.73134772
Edge derivatives =  [-0.24767677495299356, 0.33264618689826164, -0.02169032987246581, 0.1552327860191342, 0.1384102048598029, -0.6900594246508325, -0.2936137935128816, 0.27183444554017966, 0.14758585431898352, -0.18055528138195678, -0.3094543112931472, 0.17824760793900135, 0.38425597106092657, 0.13198638546533725]
other derivatives: [ 0.13315002 -0.81299731  0.45220077 -0.15716068 -0.13073986  0.01418812]
Current x array =  [-0.77001646 -0.77863911 -0.62135072  0.60919027 -1.7701409  -3.61683281
 -0.21021735 -1.46386326 -3.68909333 -3.33001421 -5.10320036 -3.78501957
 -5.76843679 -5.07292102 -4.5449458  -4.12354706 -5.79076916 -4.80605926
 -4.97288544 -5.12989568]
log likelihood =  -2268.73095649
Edge derivatives =  [-0.1384981985588538, 0.2974291844830868, 0.05834205578862868, 0.32300042735713336, 0.10597254732364193, -0.5724555895594525, -0.2993987615159979, 0.21783036392881694, 0.08355841485617826, -0.22387307016123065, -0.313093696159123, 0.10949841900238913, 0.31890548729970525, 0.08385373487463332]
other derivatives: [ 2.27651071  3.823925    2.75485945 -0.18299033  0.19026629  0.00886757]
Current x array =  [-0.77222954 -0.790431   -0.62425901  0.60710944 -1.77616959 -3.60666503
 -0.20860606 -1.46009555 -3.69392701 -3.3421348  -5.08674723 -3.7981928
 -5.76448119 -5.0515842  -4.52700155 -4.11739089 -5.78738646 -4.78766359
 -4.94784087 -5.11292688]
log likelihood =  -2268.72129779
Edge derivatives =  [-0.19109379901295676, 0.31516508941503335, 0.018742832254069922, 0.24021106676044893, 0.12217556258725608, -0.6304990321467178, -0.29652577334876035, 0.24478365304424082, 0.11551591635861144, -0.20231150228554842, -0.31127687944364624, 0.14375058566770868, 0.35156189675271676, 0.10782127324462006]
other derivatives: [ 1.21617632  1.54277586  1.61526259 -0.17007551  0.03133209  0.01150511]
Current x array =  [-0.77113197 -0.78458283 -0.62281665  0.60814143 -1.77317967 -3.61170772
 -0.20940518 -1.46196414 -3.69152975 -3.33612361 -5.09490713 -3.79165956
 -5.76644296 -5.06216615 -4.53590097 -4.12044403 -5.78906411 -4.79678689
 -4.96026168 -5.12134253]
log likelihood =  -2268.70769075
Edge derivatives =  [-0.1815672531895166, 0.2982587859798591, 0.01759621678884174, 0.2361761198172507, 0.10015981655779413, -0.5858599326832904, -0.304755193011437, 0.21146436083040454, 0.07707996657766344, -0.22948121807837174, -0.3189106632725549, 0.10804918796967244, 0.3095497729472078, 0.08172657920300039]
other derivatives: [ 0.44683475  1.32058631  0.95360519  0.03074092  0.21718733  0.00800355]
Current x array =  [-0.7703493  -0.78418166 -0.62181257  0.6044666  -1.77757988 -3.60384001
 -0.20863406 -1.46000142 -3.69049546 -3.33609596 -5.0843839  -3.79718704
 -5.76032553 -5.04963959 -4.52632617 -4.11701212 -5.78315088 -4.78628016
 -4.94627674 -5.11071488]
log likelihood =  -2268.67442337
Edge derivatives =  [0.45130342276404867, 0.2279639184430702, 0.08470455608061464, 0.33221334432189353, 0.07240680542311918, -0.36503617126297344, -0.29223228024606385, 0.14673009925837782, 0.0012224757179446592, -0.2611361889939106, -0.3040764679956722, 0.03409210219074442, 0.21736265899977478, 0.03786742251601885]
other derivatives: [-0.6315986   0.49976734 -0.03938112  0.46138666  0.64746928 -0.0041382 ]
Current x array =  [-0.76919283 -0.78210203 -0.62061953  0.59581619 -1.78399326 -3.59635115
 -0.21309671 -1.44894726 -3.69530798 -3.34323675 -5.06848847 -3.82359878
 -5.77083017 -5.02532757 -4.50578627 -4.11430179 -5.79470748 -4.76601956
 -4.9150834  -5.09450233]
log likelihood =  -2268.64851089
Edge derivatives =  [-0.002370975925907959, -0.015614694499264503, 0.2014871915537803, 0.5016308951192234, 0.07320171905592805, -0.12309620507893948, -0.2513184567179716, 0.10908822378425409, -0.05132727999750483, -0.26556363027252067, -0.26063847490998915, -0.015565491080830357, 0.15087576278698922, 0.020657902635433448]
other derivatives: [-1.74345587  0.04361027 -1.04873834  0.59139893  0.40454324 -0.0048658 ]
Current x array =  [-0.76807177 -0.78106836 -0.61914995  0.59532692 -1.7830566  -3.60135626
 -0.21192389 -1.43533133 -3.70535686 -3.35581195 -5.06432377 -3.85294893
 -5.80400624 -5.0110088  -4.49043137 -4.11545827 -5.82929634 -4.75389894
 -4.8919961  -5.09009753]
log likelihood =  -2268.63323695
Edge derivatives =  [1.1794028664799254, -0.0922648270436862, 0.2519710875094517, 0.5795245150472981, 0.08268507675884725, 0.08985878767893696, -0.18811061471465465, 0.0802335900739401, -0.10518351650101947, -0.2811012276028795, -0.19501471488060035, -0.06428808353107027, 0.09035763650899413, 0.013327679351902225]
other derivatives: [ 1.62935976 -0.68794179 -2.07755875  0.56957106  0.10700205 -0.02119123]
Current x array =  [-0.77192767 -0.7785283  -0.61821857  0.59472885 -1.77226835 -3.61067815
 -0.22388596 -1.42256646 -3.71141402 -3.36030429 -5.06565714 -3.8794881
 -5.85688082 -4.99994517 -4.47398727 -4.11521847 -5.8840142  -4.74373278
 -4.86981212 -5.09156124]
log likelihood =  -2268.62139808
Edge derivatives =  [0.43624219914558615, -0.29579764706847933, 0.2765460313487621, 0.5851834337578395, 0.09976218549289045, 0.18415545025025376, -0.16311724311512713, 0.08749303292929772, -0.08803247593133279, -0.24248281086087287, -0.16941637224320702, -0.056067625993044067, 0.09046449722346746, 0.0260385877031879]
other derivatives: [-0.87316039 -0.97761585  1.18266144  0.32464413 -0.21304913 -0.01668923]
Current x array =  [-0.76882804 -0.77787227 -0.6229172   0.60032895 -1.76779982 -3.62024981
 -0.22206586 -1.41669961 -3.71544062 -3.36094995 -5.07210598 -3.8923338
 -5.87923354 -5.00306642 -4.47641714 -4.12269328 -5.9069113  -4.74767673
 -4.86975543 -5.09849749]
log likelihood =  -2268.61419449
Edge derivatives =  [0.13495884701805794, -0.27799619252664237, 0.24755777694834769, 0.5389052187408037, 0.10481150170530834, 0.12667996544862636, -0.16203863633188542, 0.1004770636570757, -0.07601787307278655, -0.2415807655633611, -0.16869473292666023, -0.042291426975411044, 0.10870971205818081, 0.03518091594604356]
other derivatives: [-0.23610482 -0.59267222  0.51722964  0.19667823 -0.39012775 -0.01218723]
Current x array =  [-0.76962129 -0.77891448 -0.6217825   0.60331586 -1.76618814 -3.62180639
 -0.2194228  -1.41989742 -3.71296439 -3.35722249 -5.07524626 -3.88476926
 -5.87977178 -5.00756762 -4.47951491 -4.12220716 -5.90731958 -4.75128587
 -4.87527593 -5.10185228]
log likelihood =  -2268.6026517
Edge derivatives =  [-0.19553438625413772, -0.2657059250020685, 0.15382705614826236, 0.36200426425069593, 0.10330461926937591, 0.07408571250664313, -0.15171469889519973, 0.10300764465118196, -0.0702326062435379, -0.2369979138257008, -0.15856338305808887, -0.03767713598804891, 0.11081468939546751, 0.03972689486957112]
other derivatives: [ 0.73387127 -0.19877007 -0.03878995 -0.0295131  -0.61918399 -0.01095941]
Current x array =  [-0.77079693 -0.78001605 -0.62074458  0.60789381 -1.76357597 -3.62284492
 -0.21668327 -1.42323441 -3.70559602 -3.34312723 -5.07640466 -3.8783261
 -5.88835437 -5.00841144 -4.48008917 -4.12304049 -5.91608083 -4.7528245
 -4.87548682 -5.10400552]
log likelihood =  -2268.59028727
Edge derivatives =  [-0.1806535852803861, -0.2258082331121693, 0.03780829817634167, 0.12933188140153995, 0.10046049813237251, 0.052284980307791135, -0.11622027133625672, 0.0917524091182721, -0.09085786895452083, -0.2445609400185216, -0.12261016721616623, -0.05266432635633784, 0.08588356980574806, 0.0408582418145936]
other derivatives: [ 0.18130777  0.44428816 -0.90881258 -0.27598617 -0.75406206 -0.01373337]
Current x array =  [-0.77011762 -0.78175194 -0.61941835  0.6130461  -1.76137369 -3.62670839
 -0.21647931 -1.42542114 -3.69672942 -3.32475259 -5.07708929 -3.87596223
 -5.91955315 -5.00409326 -4.47338712 -4.12272128 -5.94824704 -4.750031
 -4.8661885  -5.10628983]
log likelihood =  -2268.58442347
Edge derivatives =  [-0.6225993977427347, -0.22845234445902018, -0.1155997045326664, -0.20612365173346178, 0.07547205525812316, 0.053005595202200884, -0.08827857846352044, 0.050133584901490835, -0.12554696074122562, -0.2420745534658993, -0.09397641716637557, -0.09172264883091095, 0.024713150652530498, 0.018889069697507133]
other derivatives: [ 1.89220373 -0.42464308  0.49590199 -0.53883014 -0.32046046 -0.0129603 ]
Current x array =  [-0.77210219 -0.77998674 -0.62080689  0.61498099 -1.76924316 -3.62422804
 -0.21088882 -1.4282247  -3.68437201 -3.29955357 -5.06812848 -3.87737178
 -5.94507731 -4.98935809 -4.46234836 -4.12495195 -5.9748819  -4.74086758
 -4.84595077 -5.09987435]
log likelihood =  -2268.57657029
Edge derivatives =  [-0.05733386087758374, -0.18213475656823402, -0.0895265471727129, -0.17397422292814982, 0.0850131824157867, 0.10665838073633825, -0.06842117227337113, 0.0518412911290509, -0.12437801932269854, -0.2217849928474357, -0.07372307803245938, -0.08958461154023249, 0.018602409154936016, 0.026827043505307693]
other derivatives: [-0.03533387  0.06475602 -0.19017534 -0.42846295 -0.23082976 -0.01687113]
Current x array =  [-0.7697655  -0.78109167 -0.62017667  0.6136237  -1.7690427  -3.62990559
 -0.21530616 -1.42637567 -3.6870576  -3.30130697 -5.07129995 -3.88382643
 -5.96357424 -4.98957132 -4.46150595 -4.12820046 -5.99390915 -4.74183892
 -4.84340556 -5.1035489 ]
log likelihood =  -2268.57385688
Edge derivatives =  [0.20360366567261257, -0.15743163618916345, -0.059806196419482954, -0.13109702097897138, 0.08981175112798902, 0.1408273271032951, -0.06057778378201008, 0.05276680813569766, -0.11806493254084494, -0.20083235808335653, -0.06565928622217809, -0.08583139081940327, 0.016789255591286238, 0.030413207895520284]
other derivatives: [-0.57666512  0.02014531 -0.10877557 -0.3081368  -0.05311449 -0.0172804 ]
Current x array =  [-0.76910264 -0.78092739 -0.62043027  0.6111014  -1.77110323 -3.63277975
 -0.21698191 -1.42560463 -3.68967054 -3.30417893 -5.07248621 -3.88798765
 -5.97098951 -4.98967506 -4.46226624 -4.13139951 -6.00154815 -4.74294673
 -4.84253887 -5.10511822]
log likelihood =  -2268.57076892
Edge derivatives =  [0.2773721817141023, -0.13066920560790263, -0.030568474730176647, -0.09402966131713433, 0.09527285638539536, 0.16672831037787342, -0.04866820209123672, 0.05456662524982153, -0.10546883256810052, -0.16577459642960932, -0.05344496799350291, -0.07786195952011347, 0.016015126837764522, 0.03577106864957952]
other derivatives: [-0.74269337  0.00868567  0.0509317  -0.12018972  0.11436896 -0.01432454]
Current x array =  [-0.76894005 -0.78088851 -0.62072919  0.60739907 -1.77394999 -3.63693304
 -0.21703818 -1.42617062 -3.69223125 -3.30650452 -5.07390917 -3.89106995
 -5.9822652  -4.98992526 -4.46408908 -4.13660185 -6.01316159 -4.74526245
 -4.84168675 -5.10751146]
log likelihood =  -2268.56664635
Edge derivatives =  [0.17793730345494785, -0.047329887101440635, -0.013520643778732092, -0.07332149257786608, 0.1031669928582914, 0.1295207364827766, -0.028845328605498894, 0.06449365436431213, -0.07465170570946447, -0.1021402433411629, -0.03332881012686003, -0.05193512822841785, 0.02717925208527501, 0.049486930830968945]
other derivatives: [-0.80226528 -0.54769771 -0.2237357   0.17776074  0.11614247 -0.00623004]
Current x array =  [-0.76903655 -0.77945267 -0.62049726  0.60253423 -1.77484161 -3.64438037
 -0.21604225 -1.43183043 -3.69392716 -3.30773988 -5.07709858 -3.8862253
 -6.00127196 -4.99295891 -4.47035969 -4.14566014 -6.03267051 -4.75255437
 -4.84435986 -5.11326051]
log likelihood =  -2268.57234508
Edge derivatives =  [0.39280813708709417, 0.10778206546429503, 0.011054053109408647, -0.022412542284724515, 0.11130584071161168, 0.06408238059677966, 0.0009611946673737568, 0.0783646318513397, -0.025335613607823024, -0.008997163419877288, -0.002786969034647857, -0.016954860074829582, 0.04701479502719105, 0.06529504019968116]
other derivatives: [  1.33713911e+00   1.65750862e+00   1.81362338e+00   3.86535248e-01
   1.79397830e-01   1.22781785e-03]
Current x array =  [-0.77141801 -0.78472144 -0.62357309  0.59739917 -1.77467265 -3.65541948
 -0.21669759 -1.44046531 -3.69641873 -3.31042687 -5.08111004 -3.8774483
 -6.03058147 -4.99690172 -4.47958562 -4.15878552 -6.06278779 -4.76345129
 -4.84793579 -5.12144392]
log likelihood =  -2268.5651463
Edge derivatives =  [0.24553200162439426, 0.0014649923925128816, -0.005804414249374789, -0.057346486362540625, 0.10572923695989496, 0.10911869043799825, -0.019420162343380388, 0.06884951352475706, -0.05915553571795692, -0.07285296309272724, -0.02366832884084327, -0.04093529667792628, 0.03340244714652862, 0.05445534092838381]
other derivatives: [-0.13128556  0.14592842  0.41641215  0.24283509  0.13606041 -0.00404725]
Current x array =  [-0.76978178 -0.78110142 -0.62145978  0.60092732 -1.77478874 -3.64783483
 -0.21624732 -1.43453254 -3.69470685 -3.30858072 -5.07835388 -3.88347872
 -6.01044376 -4.99419273 -4.47324675 -4.14976745 -6.04209508 -4.75596433
 -4.84547888 -5.11582134]
log likelihood =  -2268.56399536
Edge derivatives =  [0.05382242298399875, 0.0246826153481359, -0.02639052516163555, -0.097554291759373, 0.10477116027645933, 0.07403657344709477, -0.011079408299200769, 0.06929782690916378, -0.051593307831394354, -0.05457685721797183, -0.015238110579011414, -0.03407383944472575, 0.03381760921323474, 0.05738228927457262]
other derivatives: [-0.043201   -0.01437002  0.24583642  0.23946995  0.05297807 -0.00068212]
Current x array =  [-0.76994588 -0.780743   -0.6211749   0.60139168 -1.77417426 -3.64988832
 -0.21473823 -1.43749438 -3.69311395 -3.30560102 -5.07852568 -3.87920729
 -6.01864537 -4.99426916 -4.47475901 -4.15243974 -6.05054169 -4.7580687
 -4.84533521 -5.11728181]
log likelihood =  -2268.56315794
Edge derivatives =  [0.10128562644450279, 0.05299065997596558, -0.027726591135180282, -0.09725252363922467, 0.09924234299413642, 0.05772261370446903, -0.004749139892861772, 0.06314595295703747, -0.04687826336852748, -0.03434975858522822, -0.008667405812964738, -0.031255274071491125, 0.02683703225451291, 0.055201448692900446]
other derivatives: [  6.96127245e-01  -7.94443622e-02  -4.02724254e-01   1.44154910e-01
   6.68478606e-02   4.54747351e-04]
Current x array =  [-0.77080841 -0.78057802 -0.62017292  0.60291183 -1.7741003  -3.65085779
 -0.21445686 -1.43879516 -3.69287663 -3.3055018  -5.07626848 -3.87721229
 -6.02490939 -4.99193917 -4.47553313 -4.15538359 -6.05708873 -4.75890375
 -4.84294464 -5.11655009]
log likelihood =  -2268.56234471
Edge derivatives =  [-0.03033810399595105, 0.04868852486782782, -0.03021615309681436, -0.0976681975554052, 0.09494508581656498, 0.03907108170083955, -0.004003740973688306, 0.059969611419271755, -0.04318280448181494, -0.024889206328204135, -0.007821449707404624, -0.028772551028266227, 0.02471967641396707, 0.05325061518011621]
other derivatives: [ 0.5756192  -0.08935785 -0.25315785  0.07671588  0.0212367   0.00154614]
Current x array =  [-0.77065691 -0.78058779 -0.62033813  0.604303   -1.77364759 -3.65083667
 -0.21354807 -1.43967256 -3.6926103  -3.30566417 -5.07470252 -3.87507878
 -6.02575389 -4.9909061  -4.47653907 -4.15680824 -6.05801047 -4.75964354
 -4.84241061 -5.11583301]
log likelihood =  -2268.56076109
Edge derivatives =  [-0.1891101305376135, 0.03801294524124035, -0.01224500621525524, -0.05193539376643372, 0.08108336283304234, 0.011484878569609683, -0.0037243472285703404, 0.04760276545966797, -0.032504737098025635, 0.005609330468143868, -0.007137261107632591, -0.02295240490752415, 0.015017171907541116, 0.045126384321979934]
other derivatives: [ 0.19931576  0.01091394 -0.04833964 -0.09249561 -0.00482032  0.00331966]
Current x array =  [-0.77014862 -0.78089683 -0.62053774  0.60753546 -1.77338095 -3.6504192
 -0.2122969  -1.44035818 -3.69376956 -3.30949137 -5.06892117 -3.87206611
 -6.02632709 -4.98671921 -4.47935289 -4.16139124 -6.05880918 -4.76119837
 -4.83983335 -5.11253412]
log likelihood =  -2268.56000319
Edge derivatives =  [-0.14455441429530935, 0.03641666687901547, 0.005514156006572721, -0.011131912892944872, 0.06971644261510561, 0.00435330952717998, -0.0029129436763804186, 0.035966542559596144, -0.026199152798464728, 0.027312991269229068, -0.0059563928802185, -0.020563755959965, 0.004454892087644373, 0.03760740193172009]
other derivatives: [  3.14685167e-02  -9.09494702e-05   6.90306479e-02  -1.64618541e-01
   3.68345354e-02   3.00133252e-03]
Current x array =  [-0.76989572 -0.78086292 -0.6206973   0.60867246 -1.77360919 -3.65005756
 -0.21254526 -1.43997973 -3.69500141 -3.31277722 -5.06396277 -3.87146769
 -6.02737929 -4.98272376 -4.48091694 -4.16472964 -6.06008236 -4.76180776
 -4.83686444 -5.10951129]
log likelihood =  -2268.55927417
Edge derivatives =  [-0.09099077753337126, 0.022378229133801317, 0.02640444522508344, 0.04006055140329608, 0.053841764701028264, 6.975595972049525e-05, -0.004266649715425002, 0.020533225948458265, -0.019859104694103215, 0.04658280763777125, -0.0068331942338881345, -0.018388008553330993, -0.008792837315666359, 0.02676581839045906]
other derivatives: [-0.2015895   0.13237695 -0.0988166  -0.12246346  0.00782165  0.00177351]
Current x array =  [-0.7696289  -0.78116426 -0.62050809  0.60815041 -1.77319428 -3.64881984
 -0.21317474 -1.43862743 -3.69634499 -3.31685157 -5.05697409 -3.87117121
 -6.02626868 -4.97737099 -4.48261488 -4.16759611 -6.05920267 -4.76212831
 -4.83321062 -5.10491292]
log likelihood =  -2268.55944285
Edge derivatives =  [0.0029092372759899066, -0.0156611818765561, 0.04013387649726112, 0.08335558948362864, 0.031456833620276604, -0.004679661720006265, -0.009011854696523323, -0.0009400895452006744, -0.017069711450265673, 0.05486163448288567, -0.011020596158441254, -0.02031801126080403, -0.026687066610918957, 0.00996131840161208]
other derivatives: [ 0.39353836 -0.38548933  0.53883014 -0.12432793  0.01682565 -0.00113687]
Current x array =  [-0.77029306 -0.7797708  -0.62146038  0.60749725 -1.7723815  -3.64605474
 -0.21456234 -1.43605416 -3.6971406  -3.32070673 -5.04753317 -3.87116013
 -6.02204706 -4.97024283 -4.48377496 -4.1690412  -6.05520462 -4.76149692
 -4.82845506 -5.09821263]
log likelihood =  -2268.5590102
Edge derivatives =  [-0.04977400258817255, 0.005732077003019628, 0.03242683949472612, 0.059072594210617245, 0.04405892932797719, -0.0020157767521955805, -0.006345431030497055, 0.011135141790297787, -0.018634587190124285, 0.05021568831337781, -0.008667431083287672, -0.01923395158095875, -0.016630252185297387, 0.019410708807444534]
other derivatives: [ 0.05939    -0.0944965   0.1810804  -0.12319106  0.01168701  0.00050022]
Current x array =  [-0.7699202  -0.7805531  -0.62092576  0.60786394 -1.7728378  -3.64760707
 -0.21378334 -1.43749881 -3.69669394 -3.31854243 -5.05283334 -3.87116635
 -6.0244171  -4.97424461 -4.48312369 -4.16822992 -6.05744914 -4.76185139
 -4.83112485 -5.1019742 ]
log likelihood =  -2268.55874577
Edge derivatives =  [0.00968937619240906, 0.006731786473040263, 0.03062345948943488, 0.05889913603166145, 0.03933832424986072, -0.0034902343075169477, -0.005936981270997576, 0.006939857987591047, -0.017639556567033234, 0.05105154908286445, -0.008123515071111002, -0.01864254564525516, -0.02014070442402905, 0.01657223433478333]
other derivatives: [-0.01341505 -0.05293259  0.00945874 -0.03606146 -0.01750777 -0.00031832]
Current x array =  [-0.76987197 -0.78062628 -0.6207459   0.60648277 -1.77245751 -3.64732506
 -0.21441811 -1.43706515 -3.69647028 -3.3185385  -5.05083456 -3.87099697
 -6.02485236 -4.97275055 -4.48337951 -4.16830446 -6.05797736 -4.76190327
 -4.83011617 -5.10073926]
log likelihood =  -2268.55855594
Edge derivatives =  [0.034856397303441145, 0.004389413384112001, 0.01916491836058756, 0.03972994139359209, 0.03497862459286952, -0.007151721193719391, -0.005943402072678413, 0.0035900211231175852, -0.018635189500318845, 0.044861375590030936, -0.008052886995447879, -0.019200258898659388, -0.022685488645161286, 0.01395976774144156]
other derivatives: [-0.0077307  -0.02710294 -0.06966729  0.02373781 -0.0467935  -0.00150067]
Current x array =  [-0.76991032 -0.78067851 -0.62066608  0.60550801 -1.7721229  -3.64677499
 -0.21477174 -1.43672756 -3.69548494 -3.31712895 -5.0491605  -3.87056709
 -6.02485308 -4.97158341 -4.48319868 -4.16733619 -6.0580435  -4.76167194
 -4.82939853 -5.09963268]
log likelihood =  -2268.55835049
Edge derivatives =  [0.054484624893603284, 0.0035477690084298186, 0.001700614834792686, 0.008647751389725344, 0.02723122752202519, -0.014302196672579516, -0.005361608177590805, -0.002143487005332745, -0.018794322324235217, 0.03688223243876457, -0.0073304895611722015, -0.01907742981855271, -0.026695051833481146, 0.009634397630336557]
other derivatives: [-0.01496119  0.00477485 -0.0597538   0.03788045 -0.02983143 -0.00277396]
Current x array =  [-0.76990849 -0.78077536 -0.62066762  0.60515666 -1.77244276 -3.6460556
 -0.21485466 -1.43649253 -3.69396167 -3.31489108 -5.04620935 -3.86975062
 -6.02545171 -4.96961296 -4.48323308 -4.16609743 -6.05877973 -4.76159995
 -4.82828673 -5.09782896]
log likelihood =  -2268.55826373
Edge derivatives =  [-0.1238538627330118, -0.041208872128872726, -0.0042763502339337005, -0.0012306823119425866, 0.014678333588155453, -0.00380907727481411, -0.009751884715480552, -0.008533059754772709, -0.01674382921181599, 0.010969505391601969, -0.011452405570560827, -0.015976600550789487, -0.026243438027224612, 0.0022715718633695764]
other derivatives: [ 0.11450538  0.08899406 -0.10345502  0.06739356 -0.05375114 -0.00291038]
Current x array =  [-0.77010813 -0.78106262 -0.62049731  0.6047327  -1.77316653 -3.64414638
 -0.21355779 -1.43477376 -3.69324535 -3.31434957 -5.04086954 -3.87096621
 -6.02109183 -4.96741553 -4.48421417 -4.16193698 -6.05453317 -4.76190843
 -4.82888216 -5.09426827]
log likelihood =  -2268.55815432
Edge derivatives =  [-0.021533114281962584, -0.01851008192606074, -0.011826203200967682, -0.018153199534797576, 0.014312885500363453, -0.005954560878406481, -0.007693159832085085, -0.008406105169133855, -0.017135644349868855, 0.008335443687777135, -0.009405053285118032, -0.015213606292294955, -0.026179995044304284, 0.0029634740102031333]
other derivatives: [-0.10641088 -0.12969394 -0.15961632  0.01414264  0.02023626 -0.00341061]
Current x array =  [-0.7698135  -0.78051932 -0.6204309   0.60546419 -1.77372035 -3.64451812
 -0.21405197 -1.43546089 -3.69271751 -3.31312569 -5.04087301 -3.8707511
 -6.02314247 -4.96750267 -4.48417209 -4.1615939  -6.05666011 -4.76213533
 -4.82896894 -5.09454362]
log likelihood =  -2268.55808021
Edge derivatives =  [0.02038564139213095, -0.00652792524436098, -0.007649858693972188, -0.01031417616407175, 0.015862368244830272, -0.006811347707153265, -0.0065127144555910624, -0.007148411026189962, -0.015443255212082582, 0.014110045705877237, -0.008217786193401584, -0.014383189404652323, -0.025142904277569125, 0.004114263656699072]
other derivatives: [ 0.00500222  0.02551133  0.00163709 -0.01246008  0.04270078 -0.00318323]
Current x array =  [-0.76990932 -0.78088876 -0.62066289  0.60576543 -1.77375671 -3.64504534
 -0.21423302 -1.43596679 -3.69310928 -3.31363571 -5.04151467 -3.87062252
 -6.02431601 -4.96790583 -4.48443145 -4.16246523 -6.05784767 -4.76247245
 -4.82914451 -5.09513541]
log likelihood =  -2268.55804776
Edge derivatives =  [0.0037910804730868497, -0.008591492844742893, -0.005247995118797481, -0.005964586919849767, 0.014953027271683208, -0.004515879111985279, -0.006699770791130562, -0.007113077002672357, -0.014250682079188946, 0.012295458499527385, -0.008364631886546823, -0.013113987111468349, -0.0240463885907857, 0.003839902565094171]
other derivatives: [-0.00604814  0.03260539  0.01355147 -0.01327862  0.04029062 -0.00327418]
Current x array =  [-0.76989727 -0.78091036 -0.62067469  0.60579598 -1.77378942 -3.64505129
 -0.21411237 -1.43595487 -3.69331356 -3.31397623 -5.04108009 -3.87088776
 -6.02413793 -4.96791664 -4.48478201 -4.16215483 -6.05769253 -4.7627602
 -4.82953516 -5.09494353]
log likelihood =  -2268.55804785
Edge derivatives =  [-0.0030138455426875765, 0.009284614090538407, 0.00888844710639881, 0.017895484971208006, 0.006487743512655146, 0.010617776966791389, -0.004284375767465251, -0.006207201237510579, -0.0014158817871320912, -6.705839104296715e-05, -0.005543873533777881, 0.0006269282504496139, -0.013523112810922295, 0.002766274862654238]
other derivatives: [ 0.40008672  0.02992238 -0.26871021 -0.06070877  0.06180016 -0.00113687]
Current x array =  [-0.77036318 -0.7808965  -0.62022162  0.60654178 -1.77406828 -3.64604209
 -0.21362021 -1.4370515  -3.69462972 -3.31571462 -5.03718991 -3.87251552
 -6.0265266  -4.96810508 -4.48824451 -4.15989628 -6.06043211 -4.766007
 -4.83308228 -5.09379192]
log likelihood =  -2268.55796403
Edge derivatives =  [0.0003924507459951432, 0.0003489838381814103, 0.0018196640238278688, 0.005965705741078853, 0.010728289184615214, 0.003049841553814058, -0.005491864357274291, -0.006660149964142516, -0.007828187652853162, 0.00612079179900921, -0.006953847837438891, -0.006241711019980845, -0.0187812154276511, 0.0033035681940276973]
other derivatives: [ 0.1970875   0.03133209 -0.12751116 -0.03678906  0.05115908 -0.00195541]
Current x array =  [-0.77013012 -0.78090343 -0.62044825  0.60616872 -1.77392879 -3.64554647
 -0.2138664  -1.43650294 -3.69397135 -3.31484504 -5.03913585 -3.87170128
 -6.02533174 -4.96801082 -4.4865125  -4.16102605 -6.05906172 -4.76438289
 -4.83130794 -5.09436798]
log likelihood =  -2268.55785114
Edge derivatives =  [-0.030718057981704683, 0.003009624779856779, 0.006325127097180468, 0.013261591388203472, 0.004848403979748964, 0.010588376879073044, -0.004223636972950346, -0.00700259149660597, -0.0012619488881763091, -0.0036707000532902236, -0.005432176622306119, 0.001145483372533976, -0.013485109683621628, 0.001967911633953528]
other derivatives: [-0.00973159  0.03265086 -0.00318323 -0.01864464  0.03874447 -0.00127329]
Current x array =  [-0.7698896  -0.78090164 -0.62064643  0.60597045 -1.77382739 -3.64598496
 -0.21373806 -1.43696912 -3.69448044 -3.31547689 -5.03657314 -3.87259067
 -6.02666958 -4.96789538 -4.48840632 -4.1593988  -6.06061368 -4.76615831
 -4.83321172 -5.09347639]
log likelihood =  -2268.55781316
Edge derivatives =  [-0.016544741914821137, 0.010431429833890463, 0.004654883499463459, 0.009566405782207646, 0.003992248560246136, 0.010520972874722898, -0.0027837592536055196, -0.00639655582178342, 0.0005372444457479881, -0.00526362947258144, -0.003929956622874651, 0.0033198600580825076, -0.011657246599188532, 0.0023818944580836464]
other derivatives: [-0.02564775  0.0163709   0.0046839  -0.00281943  0.0257387  -0.00077307]
Current x array =  [-0.76987604 -0.78084464 -0.62068343  0.60573811 -1.77354377 -3.64640015
 -0.21390717 -1.43738991 -3.69443713 -3.31518573 -5.03623996 -3.87257186
 -6.02812002 -4.96809057 -4.48887249 -4.15912908 -6.06214648 -4.76673198
 -4.83379407 -5.09359241]
log likelihood =  -2268.55778276
Edge derivatives =  [-0.0074913454333892515, 0.014689498969228248, 0.0010893671263319353, 0.0023505355298205355, 0.0037304933275263685, 0.006934969892281446, -0.0007472281026013102, -0.005117396620544601, 0.0018297773227322033, -0.004221451546193416, -0.0018347171682401315, 0.004984171973207765, -0.009546032378983604, 0.003319016402816694]
other derivatives: [-0.01668923  0.0080945  -0.01105036  0.00404725 -0.00804903 -0.00109139]
Current x array =  [-0.76989246 -0.78080317 -0.62068823  0.60571895 -1.77292313 -3.64698368
 -0.21412487 -1.43767418 -3.69427167 -3.31460947 -5.03622858 -3.87214794
 -6.03016731 -4.96851856 -4.48919744 -4.15929018 -6.06429546 -4.76718725
 -4.83445391 -5.09393571]
log likelihood =  -2268.55784161
Edge derivatives =  [0.0026166843166709475, 0.00488569608229579, -0.0028701292736780723, -0.005225035261690485, 0.001512275329289629, 0.005477883879202609, -0.0006889097615509908, -0.0050677841959286055, 0.0016921206200883627, -0.00878656625594453, -0.0016996958900094665, 0.005230744684562789, -0.007788054877103409, 0.002389362628127568]
other derivatives: [ 0.18458195 -0.13815225  0.19354047 -0.00190994  0.00259206 -0.00163709]
Current x array =  [-0.7701196  -0.78042261 -0.6209758   0.60559588 -1.77287767 -3.64691871
 -0.21433974 -1.43708632 -3.69400606 -3.31410523 -5.0354131  -3.87203585
 -6.0302669  -4.96858062 -4.48930738 -4.15863441 -6.06447801 -4.76719349
 -4.83512934 -5.09347963]
log likelihood =  -2268.55778018
Edge derivatives =  [-0.005769869297284069, 0.013022688472742905, 0.00041581193455316606, 0.0010620382341149093, 0.003353242722148911, 0.006687129822244824, -0.0007372995630923907, -0.005108936202692276, 0.0018064059466609515, -0.004997898771889874, -0.0018117370274491483, 0.005026132453900038, -0.009246796782157842, 0.0031608919450423975]
other derivatives: [ 0.0178261  -0.01641638  0.02396519  0.00322871 -0.00591172 -0.00077307]
Current x array =  [-0.7699311  -0.78073843 -0.62073715  0.60569801 -1.7729154  -3.64697263
 -0.21416142 -1.43757416 -3.69422648 -3.31452368 -5.03608983 -3.87212887
 -6.03018426 -4.96852912 -4.48921615 -4.15917861 -6.06432652 -4.76718831
 -4.83456882 -5.09385811]
  status: 0
 success: True
    nfev: 71
     fun: 2268.5577801766312
       x: array([-0.7699311 , -0.78073843, -0.62073715,  0.60569801, -1.7729154 ,
       -3.64697263, -0.21416142, -1.43757416, -3.69422648, -3.31452368,
       -5.03608983, -3.87212887, -6.03018426, -4.96852912, -4.48921615,
       -4.15917861, -6.06432652, -4.76718831, -4.83456882, -5.09385811])
 message: 'CONVERGENCE: REL_REDUCTION_OF_F_<=_FACTR*EPSMCH'
     jac: array([-0.0178261 ,  0.01641638, -0.02396519, -0.00322871,  0.00591172,
        0.00077307,  0.00576987, -0.01302269, -0.00041581, -0.00106204,
       -0.00335324, -0.00668713,  0.0007373 ,  0.00510894, -0.00180641,
        0.0049979 ,  0.00181174, -0.00502613,  0.0092468 , -0.00316089])
     nit: 62
