number of sites to be analyzed:  260
log likelihood =  -3583.5866503
Edge derivatives =  [208.6014392895221, 23.888047119477378, -23.29933324662758, -22.557157147979318, -46.564740762886544, -34.73527344675272, -43.987869406774884, -44.48353994450268, -43.952245512292585, -35.70844775818046, -46.589212092362985, -44.408156793122025, -47.0783842586168, -45.15955018130831]
other derivatives: [  42.65166353   28.83471097  -49.92098184   51.95165613 -102.19914657
    0.        ]
Current x array =  [-0.83172179 -1.09137368 -0.43534559  0.18232156 -0.10536052  0.33647224
 -2.30258509 -2.30258509 -2.30258509 -2.30258509 -2.30258509 -2.30258509
 -2.30258509 -2.30258509 -2.30258509 -2.30258509 -2.30258509 -2.30258509
 -2.30258509 -2.30258509]
log likelihood =  -3350.08779069
Edge derivatives =  [170.9224221656555, 17.40762039789914, -21.987980966497908, -21.151148874833655, -38.57257566050967, -28.580832871407694, -36.623400635222815, -36.56324495020943, -36.454490268038796, -29.20364232945037, -38.50740378759218, -36.66320013403255, -38.91954991576617, -37.31263525060154]
other derivatives: [  47.59990588   20.48805072  167.28558876   28.31343409  -61.55646588
    0.        ]
Current x array =  [-0.82895224 -1.08768421 -0.61221013  0.36638055 -0.46744083  0.33647224
 -1.56353319 -2.21795238 -2.38513206 -2.38250261 -2.46755884 -2.42564834
 -2.45842927 -2.46018537 -2.45830305 -2.42909619 -2.46764554 -2.4599183
 -2.46937862 -2.4625804 ]
log likelihood =  -3285.29715009
Edge derivatives =  [-399.4539197162445, -8.305295242810509, -5.241840710229023, -4.226468472205039, -13.733931908968664, -8.542132742491034, -12.9575958380245, -12.500513426688494, -12.309538932418812, -8.028683658014076, -14.149410347137886, -12.892349782416622, -14.550084867955217, -13.375997250492212]
other derivatives: [ -74.3466444    -6.261007   -548.49697335   45.44508556 -296.92409953
    0.        ]
Current x array =  [-0.70914648 -1.0630832  -0.26657291  1.1164339  -1.97506413  0.33647224
  1.76196927 -1.8490053  -2.77245216 -2.75673702 -3.21218463 -2.98005065
 -3.16286441 -3.16996582 -3.16140422 -2.99805553 -3.21219419 -3.16938369
 -3.22178773 -3.18420955]
log likelihood =  -3053.36152141
Edge derivatives =  [-75.6939362407405, -9.45647025270243, -14.287266773703907, -11.29346947349709, -23.231518185039178, -16.82396404488358, -22.21716980979832, -21.814185218606838, -21.76485268786477, -16.576361661243592, -23.504454371136024, -22.124088536306385, -23.884349683186034, -22.63457569690309]
other derivatives: [-25.81027729  -9.45055945  75.37691999  15.22412276 -51.31673788   0.        ]
Current x array =  [-0.76721612 -1.07500726 -0.43410266  0.75288436 -1.24432176  0.33647224
  0.15010406 -2.0278333  -2.58471879 -2.57534626 -2.85126581 -2.71133282
 -2.82142593 -2.82593648 -2.82061231 -2.72228193 -2.85131276 -2.82550706
 -2.85709635 -2.83443717]
log likelihood =  -3033.12432571
Edge derivatives =  [-0.20678305536569075, -5.267629050351682, -9.162739710906626, -5.701005327578895, -16.806108077645757, -11.626787586121129, -16.15868036700305, -15.550069620029836, -15.478328790683538, -11.458619832013074, -17.277237786082875, -16.06669783836686, -17.676234532733893, -16.562568331427514]
other derivatives: [ 145.34175534   -5.71967576 -506.60983106   -2.78369043   -6.65881998
    0.        ]
Current x array =  [ -9.43861860e-01  -1.12884818e+00  -2.20345937e-01   9.56078734e-01
  -1.78072553e+00   3.36472237e-01  -2.22387821e-03  -2.04840605e+00
  -2.71645018e+00  -2.68609327e+00  -3.08433390e+00  -2.88200950e+00
  -3.04322232e+00  -3.04634143e+00  -3.03947072e+00  -2.89312278e+00
  -3.08632514e+00  -3.04769168e+00  -3.09545585e+00  -3.06126012e+00]
log likelihood =  -2999.47164808
Edge derivatives =  [19.001174093668258, -3.6493754842640382, -8.018943189773182, -4.455814554904292, -15.663518458109467, -10.011166322492182, -14.786541837910251, -14.330797192999473, -14.322134024130696, -9.778130932753465, -15.9325030942125, -14.654262720800089, -16.282469263360504, -15.13746642534756]
other derivatives: [ 129.31886886    0.4245976    66.69220056  -12.87658051   24.74521352
    0.        ]
Current x array =  [-0.92516336 -1.13939431 -0.38638652  0.98281707 -1.84957217  0.33647224
  0.00565971 -2.04909267 -2.73427934 -2.70077197 -3.11729309 -2.90603594
 -3.0745766  -3.07749447 -3.07034724 -2.9172454  -3.11963142 -3.07914437
 -3.12926257 -3.09339469]
log likelihood =  -2988.21569193
Edge derivatives =  [-19.246699320414358, -5.366368139346179, -7.191029234492796, -3.7797730875864732, -14.660282500768137, -9.20811111916029, -13.777769591529202, -13.400295319130507, -13.333835576798597, -8.870368795812245, -14.956510057425614, -13.682575002413826, -15.30189853133547, -14.164989591219525]
other derivatives: [ 79.74390428  -5.1544248   49.75991033  -6.69706424  11.92611307   0.        ]
Current x array =  [-0.86647872 -1.13707957 -0.37632116  1.02320997 -1.92752808  0.33647224
  0.24602956 -2.02430011 -2.75927888 -2.72439094 -3.16592137 -2.94181974
 -3.12054729 -3.12370328 -3.116153   -2.95394762 -3.16828741 -3.12539628
 -3.17846616 -3.14048976]
log likelihood =  -2973.96120576
Edge derivatives =  [5.401307577033559, -3.9170946848704817, -4.48298063817747, -1.447256328377699, -11.718110861599417, -6.460525948549495, -10.705401800853739, -10.426429642828081, -10.336306110739768, -6.030087585796175, -11.901272958894676, -10.617200360840142, -12.20062462918355, -11.113445629167856]
other derivatives: [-77.8613412    0.49330993  -5.02222974 -10.21076059  36.96486601   0.        ]
Current x array =  [-0.69784176 -1.18002221 -0.34042338  1.11187153 -2.16656014  0.33647224
  0.21575735 -2.03800661 -2.84737827 -2.79327793 -3.32871429 -3.05678884
 -3.27490887 -3.2763871  -3.26781386 -3.06835872 -3.3328445  -3.27974807
 -3.34570681 -3.29860257]
log likelihood =  -2967.23272064
Edge derivatives =  [1.716993318874757, -3.7291130299750233, -3.5604883388965716, -0.4079908586444856, -10.532507673161469, -5.3803738617566115, -9.545028881377055, -9.259366669513875, -9.166307759043654, -4.940033629299664, -10.715394321300895, -9.440672473558093, -11.00735862123078, -9.921878616893553]
other derivatives: [-11.21602509   3.14366844  -8.98694452 -11.76135811  37.89450602   0.        ]
Current x array =  [-0.75736926 -1.18951628 -0.33532083  1.14222181 -2.22709351  0.33647224
  0.28952114 -2.03760176 -2.88379427 -2.82147859 -3.3996369  -3.10586782
 -3.34174011 -3.34262306 -3.33355703 -3.1172122  -3.40438069 -3.3465979
 -3.41840359 -3.367185  ]
log likelihood =  -2959.02858728
Edge derivatives =  [-4.892962391691072, -3.6572038439514216, -2.2208955486797337, 0.9219207744793673, -8.751896575098893, -3.7255312492782138, -7.741427563250921, -7.474729365549955, -7.38262575160529, -3.2658485349487796, -8.871544737681603, -7.612583106383732, -9.14078324962715, -8.06591736143072]
other derivatives: [ 23.79870239   7.37682058 -16.90973477 -11.535667    35.40235411   0.        ]
Current x array =  [-0.79311007 -1.20214485 -0.33145448  1.16418386 -2.25276884  0.33647224
  0.35811327 -2.04847553 -2.94634006 -2.86480152 -3.52744223 -3.19055839
 -3.46154959 -3.4608385  -3.45087035 -3.20057687 -3.53358467 -3.46618641
 -3.5499743  -3.49034946]
log likelihood =  -2940.718432
Edge derivatives =  [-16.53631478113524, -4.06437229176567, -0.35419056294474444, 2.747925356623089, -5.839821052567018, -0.8964250138241749, -4.712699448833249, -4.460977081164055, -4.414741920443327, -0.4600467843903553, -5.736952312638656, -4.53422127887179, -5.975576588223877, -4.907581918270893]
other derivatives: [ 60.44670045   8.8485649  -12.91105036 -10.72130544  24.07036845   0.        ]
Current x array =  [-0.83410986 -1.19023118 -0.33999536  1.13499361 -2.10237948  0.33647224
  0.34124761 -2.10251089 -3.07115862 -2.93620436 -3.80362297 -3.36170848
 -3.71795489 -3.71263801 -3.70062832 -3.36636605 -3.81306451 -3.72137493
 -3.83525489 -3.75450655]
log likelihood =  -2917.3602726
Edge derivatives =  [-6.636710875680772, -3.826612057766102, 1.0932027347798514, 3.881007008535353, -3.0631750209608044, 2.0848522677226944, -1.7155929157002314, -1.3466544585676914, -1.4859045756870248, 2.3725927140312697, -2.5636046758534494, -1.4626182660411227, -2.8143198061398014, -1.7210047605646626]
other derivatives: [ 69.52009244   2.79119377  -5.03973752  -8.34384082   6.6096618    0.        ]
Current x array =  [-0.84276634 -1.12669114 -0.36499502  0.96807768 -1.63866105  0.33647224
  0.04529054 -2.23608945 -3.23279575 -2.99871921 -4.20189422 -3.58178302
 -4.08090082 -4.06673453 -4.05213782 -3.57499826 -4.21434785 -4.08089646
 -4.24622879 -4.12882054]
log likelihood =  -2914.50299241
Edge derivatives =  [-6.028925079825117, -2.4643669516307942, 1.1412349747189663, 2.6390192331287143, -1.331916090227646, 2.783215569900733, 0.022495301668239587, 0.3665841680381607, 0.1292856390114822, 2.9858818036575654, -0.7317077295280308, 0.27024757635804425, -0.9518437852374037, 0.03967283922293054]
other derivatives: [-31.08580131  34.47994459 -41.52739166  16.27972779 -10.32653927   0.        ]
Current x array =  [-0.74498443 -1.2270845  -0.36618415  0.70472506 -1.420741    0.33647224
 -0.06643236 -2.43172799 -3.30366571 -2.93201849 -4.53928055 -3.64288634
 -4.35063479 -4.31800854 -4.30891538 -3.62253892 -4.53265902 -4.34040667
 -4.57894821 -4.40443104]
log likelihood =  -2910.96421184
Edge derivatives =  [1.5369291742297415, -2.5022635759497556, 1.323844901929406, 3.2575753661881426, -1.715410609238395, 2.895704170338995, -0.33037898549335, 0.07101125384283705, -0.18032743869932522, 3.0932940059559755, -1.0667022112299276, -0.0786726849834965, -1.32127612447781, -0.2866799021533214]
other derivatives: [  9.50722097   9.15542842 -13.76192813   3.9477527   -1.4298621    0.        ]
Current x array =  [-0.77997924 -1.13458678 -0.37519317  0.8105493  -1.47427156  0.33647224
 -0.07163018 -2.37501424 -3.29694189 -2.96452909 -4.4625007  -3.64591826
 -4.29406462 -4.26715247 -4.25583653 -3.62924118 -4.46298786 -4.28710833
 -4.50515487 -4.34701437]
log likelihood =  -2910.60015957
Edge derivatives =  [-0.421903366324939, -2.5805493477742725, 1.2743605426027558, 3.170809045938106, -1.680389727535066, 2.8862290867979805, -0.29346148810134304, 0.11217771941009282, -0.1477505435660058, 3.071017758219357, -1.009572139291166, -0.050300216094072245, -1.2723716793817628, -0.2454160354804642]
other derivatives: [ 1.72440195  2.51829988 -5.94777703  2.74458216 -0.15879777  0.        ]
Current x array =  [-0.77235019 -1.11361231 -0.37938314  0.82385761 -1.49020735  0.33647224
 -0.05680821 -2.38015719 -3.29678908 -2.95921248 -4.4727028  -3.64310604
 -4.30052826 -4.2726674  -4.26190206 -3.62599291 -4.47161089 -4.29298204
 -4.51446812 -4.35351058]
log likelihood =  -2910.32675306
Edge derivatives =  [0.31987624950334703, -2.3793614683902757, 1.10558237345455, 2.781048979451258, -1.5642268653311633, 2.808620349713907, -0.18757804120193142, 0.2279931401414535, -0.058971199482548586, 2.9613164171696185, -0.8587180560464905, 0.04682891906494109, -1.128320408724921, -0.12712464978998297]
other derivatives: [-7.23762241 -2.54858605  2.66900315  2.54840415  0.17353159  0.        ]
Current x array =  [-0.76371045 -1.09633289 -0.38581674  0.82082392 -1.48230105  0.33647224
 -0.06301704 -2.40531938 -3.29604048 -2.94031684 -4.50407608 -3.63446756
 -4.32088499 -4.28995727 -4.28072658 -3.61557921 -4.498624   -4.31152024
 -4.5436437  -4.37406476]
log likelihood =  -2910.06492594
Edge derivatives =  [-0.08593937226968668, -2.2191314197961316, 0.8061383250033123, 2.204166979083745, -1.4622663624511365, 2.5701158333103797, -0.11858462741103724, 0.3017460043560882, -0.0073131908235404795, 2.685737291534628, -0.7340840084596019, 0.10438412988933331, -1.0059501173637782, -0.047556355430325964]
other derivatives: [-13.62354851  -5.86910573   2.82921064   2.57955435   0.31468517   0.        ]
Current x array =  [-0.75805879 -1.08613305 -0.38626202  0.82123415 -1.48406805  0.33647224
 -0.05984565 -2.43594629 -3.28829888 -2.91082384 -4.53227357 -3.61264621
 -4.33466056 -4.29961338 -4.29277296 -3.59170069 -4.52034019 -4.32281869
 -4.56810913 -4.38762773]
log likelihood =  -2909.48186488
Edge derivatives =  [-0.5085604599975445, -1.6916463275448972, -0.14755616191260873, 0.2430216954473776, -1.1388215951631624, 1.7282742968407867, 0.10367742328856387, 0.5191480740696797, 0.14549876945342632, 1.7263240226219267, -0.36430018078610527, 0.29587896744166003, -0.6309687085497051, 0.19563999386073913]
other derivatives: [-21.15789357  -5.03650881  19.6162091    2.72925718   0.96861186   0.        ]
Current x array =  [-0.75035437 -1.08877976 -0.39726989  0.81723776 -1.48758573  0.33647224
 -0.05338481 -2.5360273  -3.26388673 -2.8166593  -4.62270011 -3.54091771
 -4.37790017 -4.32919099 -4.33042332 -3.51347198 -4.58920721 -4.35796047
 -4.64604641 -4.43001651]
log likelihood =  -2909.07253057
Edge derivatives =  [-0.009433737009738152, -1.2488859935744636, -1.149869917534313, -1.9764096342360682, -0.8766160947990145, 0.6595064340325683, 0.2636013961888147, 0.7003818861097239, 0.2674868881715625, 0.49590008949949016, -0.03292082269979428, 0.42719290702646684, -0.30388032495549855, 0.38858121156679354]
other derivatives: [-19.31016413 -11.73807505  -7.70960469   1.11194822   1.02895683   0.        ]
Current x array =  [-0.75359087 -1.07078023 -0.37831244  0.84571919 -1.50347896  0.33647224
 -0.04210885 -2.63873575 -3.2342572  -2.71668554 -4.70841152 -3.4556157
 -4.41212941 -4.3483557  -4.35907542 -3.42170945 -4.65038857 -4.38333929
 -4.71711514 -4.46284154]
log likelihood =  -2908.73582336
Edge derivatives =  [0.4887144602772803, -1.1740999701300687, -1.1868531222889427, -2.054335359240492, -0.8383160681853365, 0.5601793576382266, 0.2805055870945327, 0.7066162015006272, 0.2744306868711, 0.39490243982171214, -0.014572867427940592, 0.4460649553834882, -0.27534730105326805, 0.40158223497910106]
other derivatives: [-7.8618541  -4.24993232  1.67433427  1.10908331  0.79380698  0.        ]
Current x array =  [-0.76316048 -1.09279136 -0.38341799  0.84249226 -1.49843732  0.33647224
 -0.04428103 -2.64884081 -3.23400827 -2.71233121 -4.71616667 -3.44872759
 -4.41455661 -4.34902642 -4.3610586  -3.4145671  -4.65518937 -4.38488452
 -4.7230337  -4.4649885 ]
log likelihood =  -2908.65022031
Edge derivatives =  [0.23356606961398235, -1.1763024776601076, -1.1589037010025767, -1.9464981501935683, -0.8293711188550034, 0.48451921596623904, 0.26496270030529134, 0.682522862919741, 0.25987179555963913, 0.32441131976516535, -0.02733174716174909, 0.43153980758605, -0.2794987309060231, 0.38268513269982557]
other derivatives: [ 0.64142114  0.02364686  0.26625457  0.75156095  0.51536517  0.        ]
Current x array =  [-0.77089665 -1.10658611 -0.3816595   0.84815013 -1.50028937  0.33647224
 -0.04063021 -2.65221406 -3.2346629  -2.71458454 -4.71597643 -3.4434108
 -4.41099184 -4.34419623 -4.35749767 -3.40962108 -4.65250033 -4.38077643
 -4.72108918 -4.46099086]
log likelihood =  -2908.63275258
Edge derivatives =  [0.22374934655095347, -1.1630439797395182, -1.1308688748641218, -1.8880868337610157, -0.8192787946793976, 0.4454161570224166, 0.26271491532799446, 0.6759335594100645, 0.2562512343571218, 0.2853723595949548, -0.023034654978878088, 0.42752180783619625, -0.2724770858422077, 0.3799362660311681]
other derivatives: [ 1.88711056  0.57298166 -0.26543603  0.48376023  0.3725745   0.        ]
Current x array =  [-0.7720102  -1.10842476 -0.38117988  0.85156552 -1.49938954  0.33647224
 -0.04012972 -2.6563186  -3.23623165 -2.71646473 -4.71890707 -3.44051072
 -4.41076408 -4.34284286 -4.35718036 -3.40692067 -4.65334834 -4.3800491
 -4.72263097 -4.4604912 ]
log likelihood =  -2908.55194673
Edge derivatives =  [0.10591387571278021, -1.0816737501969809, -0.9126389911135883, -1.46044329071821, -0.7573623248462307, 0.23425538880498842, 0.2513466404768619, 0.6350013524897032, 0.23427443459500422, 0.07819949751131057, 0.006995553569625022, 0.40243618773720236, -0.22720010276636782, 0.365195663312456]
other derivatives: [ 4.56238922  2.22889867 -1.72913133 -0.92645678 -0.43532964  0.        ]
Current x array =  [-0.77417283 -1.11407241 -0.37986534  0.86921274 -1.49228201  0.33647224
 -0.03828231 -2.68204354 -3.24833635 -2.73187154 -4.73839117 -3.42485074
 -4.41021819 -4.33509926 -4.35614284 -3.3927415  -4.65947355 -4.37636416
 -4.73319652 -4.45820645]
log likelihood =  -2908.46772347
Edge derivatives =  [-0.1522390724853544, -0.9733029789079206, -0.6030461994713301, -0.8832425405770393, -0.671703430711104, 0.012485958977556458, 0.247583803499067, 0.5913431619281743, 0.21587507683231127, -0.1323594499776232, 0.05660164734851117, 0.37827617335640534, -0.16064624331606123, 0.3572006661062994]
other derivatives: [ 4.71909516  2.43931026 -1.69375198 -1.78883965 -1.06469997  0.        ]
Current x array =  [-0.77408156 -1.11462326 -0.379898    0.87964661 -1.48523678  0.33647224
 -0.0365697  -2.71638744 -3.26593118 -2.75373272 -4.76637527 -3.40813571
 -4.41160892 -4.32692347 -4.35697127 -3.37816233 -4.66956122 -4.37364066
 -4.74922422 -4.45729969]
log likelihood =  -2908.37576569
Edge derivatives =  [2.499156849087889, -0.5193140322381624, 0.2168012389389397, 0.5576924029303518, -0.4327407977849206, -0.49100119629722655, 0.21199610173715638, 0.417762893214646, 0.15739193484822112, -0.5600125772285625, 0.15921124996913902, 0.2844467349792673, 0.00225700448945065, 0.2988237669367554]
other derivatives: [-0.15502337  6.37155608 -7.33189154  0.20945663  0.0304226   0.        ]
Current x array =  [-0.769405   -1.12752642 -0.37710848  0.85874797 -1.4920776   0.33647224
 -0.04497703 -2.81661047 -3.31126751 -2.80848427 -4.84312519 -3.37004839
 -4.40866697 -4.29525812 -4.35361444 -3.3476076  -4.68990629 -4.35878832
 -4.78770245 -4.44675081]
log likelihood =  -2908.37877562
Edge derivatives =  [2.048474111006996, -0.33295725198297305, 0.5483249076103907, 1.1523351984694694, -0.2832474538380914, -0.9124432195368875, 0.1981160258537795, 0.32605701078333094, 0.11683069340023736, -0.9558081700215708, 0.2697375237496286, 0.21928804714656835, 0.13050599283201614, 0.2842432382758645]
other derivatives: [ 11.55881364  -2.72802936   5.28439159  -1.0293661    1.54209374   0.        ]
Current x array =  [-0.78074072 -1.09565828 -0.38403745  0.86156186 -1.49798217  0.33647224
 -0.03651922 -2.8908477  -3.33622602 -2.83101689 -4.90239808 -3.338228
 -4.41100106 -4.2776178  -4.35517812 -3.31985187 -4.71005186 -4.35254177
 -4.82058254 -4.44406054]
log likelihood =  -2908.30182198
Edge derivatives =  [2.291003702612611, -0.42272337861973686, 0.3827983479074266, 0.8548289136283583, -0.3573652432329802, -0.6969134955551604, 0.20502300891387726, 0.3731582864020186, 0.13755441111534103, -0.7538270392335376, 0.21435701656403677, 0.2524022555754293, 0.06644775161002281, 0.29181207525169717]
other derivatives: [ 5.70003067  1.93522283 -1.02450031 -0.40508894  0.78339326  0.        ]
Current x array =  [-0.77501929 -1.11174295 -0.38054022  0.86014162 -1.49500198  0.33647224
 -0.04078809 -2.85337826 -3.32362881 -2.81964409 -4.87248152 -3.35428857
 -4.40982299 -4.28652132 -4.35438889 -3.3338609  -4.69988387 -4.35569457
 -4.80398711 -4.44541839]
log likelihood =  -2908.2693762
Edge derivatives =  [1.068893845271064, -0.5110197105001191, 0.24516526635501942, 0.5962663323970929, -0.38667177468014546, -0.5848651151211005, 0.21163143697415515, 0.3984678105749297, 0.1504186386794347, -0.6514127318164877, 0.20137480020517826, 0.2663232819473676, 0.045306912578445116, 0.30135160987207305]
other derivatives: [ 2.64417395  0.40536179 -0.26388989 -0.13505996  0.42900865  0.        ]
Current x array =  [-0.77233812 -1.10678542 -0.3813435   0.85807423 -1.49387792  0.33647224
 -0.03683644 -2.83988699 -3.31641728 -2.8096718  -4.86282929 -3.36228335
 -4.41072627 -4.29130853 -4.35549638 -3.34087353 -4.69736257 -4.35826373
 -4.79911199 -4.4472844 ]
log likelihood =  -2908.25580314
Edge derivatives =  [0.14572176786396085, -0.5377556595813517, 0.23358386973263345, 0.5627215462591335, -0.37807460138437393, -0.5485572989433574, 0.2067290742097509, 0.38538009699373066, 0.14980178938965197, -0.6079492612599865, 0.20033060886875723, 0.25814639048759147, 0.04730454529799549, 0.2944917136786848]
other derivatives: [-0.17039383 -0.40486157  0.31600393  0.26966518  0.20495463  0.        ]
Current x array =  [-0.76983971 -1.10414428 -0.38201639  0.85455637 -1.49358436  0.33647224
 -0.03337609 -2.8436168  -3.31643486 -2.80843581 -4.86596018 -3.36473028
 -4.41013999 -4.28949238 -4.35517714 -3.34375945 -4.69716997 -4.35727138
 -4.79985234 -4.44621317]
log likelihood =  -2908.24830442
Edge derivatives =  [-0.3244548985741742, -0.5344552809670915, 0.23931459121515852, 0.5614857153923124, -0.3608146686680168, -0.5423966510446607, 0.1980424494260536, 0.363274885810675, 0.14529298236082996, -0.5923773533283234, 0.20142587858753672, 0.24450130990282773, 0.05444140834647732, 0.2830039751130105]
other derivatives: [-1.34095899 -0.63168955  0.49249138  0.51359166  0.12946657  0.        ]
Current x array =  [-0.76882029 -1.1034272  -0.38223727  0.8525011  -1.49415618  0.33647224
 -0.03113448 -2.85156195 -3.31742931 -2.80806635 -4.87181491 -3.36500977
 -4.40894937 -4.2859083  -4.35423568 -3.34472307 -4.69730893 -4.35518437
 -4.80167726 -4.44420651]
log likelihood =  -2908.22799134
Edge derivatives =  [-1.253361565801161, -0.5053640763985114, 0.23718983450514713, 0.5223608946323733, -0.30857071039831746, -0.5207672880582208, 0.16702464641235526, 0.2908811630596305, 0.12970842282464082, -0.5422218418310647, 0.20074771022803387, 0.19910625663050538, 0.07362415329776734, 0.2432083995110537]
other derivatives: [-2.98459781 -0.88220986  0.42696229  0.95710675  0.0165528   0.        ]
Current x array =  [-0.76744392 -1.102736   -0.38229173  0.84917725 -1.49632209  0.33647224
 -0.02585579 -2.87621802 -3.31932239 -2.80510166 -4.88936392 -3.36604668
 -4.40449668 -4.27404723 -4.35060688 -3.34783464 -4.69679902 -4.3479735
 -4.80644787 -4.43715694]
log likelihood =  -2908.19376253
Edge derivatives =  [-1.9956139122529168, -0.42548612147201814, 0.18880550215288272, 0.36199311426487085, -0.22019862883687294, -0.4507494652223393, 0.10548998553769107, 0.15445552922586256, 0.09965393233968502, -0.4228741896722239, 0.19054165513818672, 0.11354282476468151, 0.10077130586959654, 0.16489982176779952]
other derivatives: [-4.12533154 -0.6611117   1.60594027  1.23445716  0.07066774  0.        ]
Current x array =  [-0.76639005 -1.10372439 -0.38290106  0.84758324 -1.49998886  0.33647224
 -0.01991133 -2.91945238 -3.32020753 -2.79595848 -4.91930487 -3.37010965
 -4.39547353 -4.25209764 -4.34318356 -3.35544712 -4.69406534 -4.33420962
 -4.81313253 -4.42339842]
log likelihood =  -2908.26293313
Edge derivatives =  [-2.9704932684829255, -0.25785194823487445, 0.053757092902968956, -0.06683445371427013, -0.03070931943131662, -0.2649382002017538, -0.03597661628083794, -0.1487195074072326, 0.04547963197157613, -0.1432558260392064, 0.17563339930425012, -0.0834226908811817, 0.1639646514433594, -0.009796890726239613]
other derivatives: [ -4.09472705  -4.50741027 -17.24083631   1.42640602  -0.61795618   0.        ]
Current x array =  [-0.76773761 -1.09243744 -0.37143823  0.85305094 -1.50440198  0.33647224
 -0.00998478 -3.01930527 -3.32072182 -2.77203944 -4.98906763 -3.38094155
 -4.37601825 -4.20355903 -4.32713335 -3.37372684 -4.68841723 -4.30406688
 -4.82905845 -4.39308099]
log likelihood =  -2908.17859839
Edge derivatives =  [-2.2703252345202336, -0.3706652039147685, 0.14882536364531213, 0.23621764223481154, -0.16188937355269978, -0.394855756383934, 0.06367055061518155, 0.06587469548740266, 0.08380347506414725, -0.3385621705350179, 0.18622741333506898, 0.055532779548346255, 0.1198123387037251, 0.11349303447487419]
other derivatives: [-4.11600922 -1.79734343 -3.87167347  1.29057298 -0.12860255  0.        ]
Current x array =  [-0.76679176 -1.10035977 -0.37948401  0.84921315 -1.5013044   0.33647224
 -0.01695225 -2.94921833 -3.32036084 -2.78882826 -4.94010101 -3.37333862
 -4.38967395 -4.23762838 -4.33839903 -3.36089627 -4.69238165 -4.32522413
 -4.81788001 -4.41436085]
log likelihood =  -2908.14108621
Edge derivatives =  [-1.8916655134011968, -0.2492568314480369, 0.07285876602998224, 0.004200389480286115, -0.06744518791364137, -0.3016343118635122, -0.01340028951474868, -0.10205225032953316, 0.044398576976268936, -0.19309024698686258, 0.16678327082491679, -0.048628127884773775, 0.14541870092458176, 0.015091263637339158]
other derivatives: [-3.07491064 -0.59158083 -0.98939381  0.91213224  0.20700099  0.        ]
Current x array =  [-0.76740392 -1.10459058 -0.38076956  0.85335941 -1.50444071  0.33647224
 -0.01498094 -2.9989718  -3.31999113 -2.77649947 -4.97367961 -3.37897234
 -4.37836036 -4.2116466  -4.32890982 -3.37039323 -4.68772973 -4.3085663
 -4.8241215  -4.39748511]
log likelihood =  -2908.1236015
Edge derivatives =  [-0.8256835231788286, -0.16882656070893917, 0.005317926115339572, -0.17031399825131988, -0.02957915254574791, -0.2226917173965135, -0.05123498973850049, -0.17571777152253665, 0.025716616682907582, -0.0987940581081215, 0.14964181242986963, -0.09604085301904991, 0.14895480158977312, -0.03255729803334655]
other derivatives: [-0.94000825  0.10031727  0.16384547  0.22387212  0.40040504  0.        ]
Current x array =  [-0.7690826  -1.10693279 -0.38111556  0.85976936 -1.50333121  0.33647224
 -0.01816665 -3.02006086 -3.31775362 -2.76842526 -4.98715123 -3.38419993
 -4.37288534 -4.20049128 -4.32411959 -3.37679687 -4.6839047  -4.30108553
 -4.82497019 -4.38948975]
log likelihood =  -2908.11952616
Edge derivatives =  [-0.12156469420973703, -0.14286407660692832, -0.012087001053955077, -0.2074148302305967, -0.030719762765785148, -0.18933618049584966, -0.05349913410140826, -0.17341109078248612, 0.024170858859952054, -0.07321475509373294, 0.14233055086670438, -0.09640471787151328, 0.14243602582287085, -0.03542083069096434]
other derivatives: [ 0.09026735  0.20604602  0.06780283 -0.10377335  0.39744918  0.        ]
Current x array =  [-0.76994336 -1.10716735 -0.38101391  0.8623922  -1.50078162  0.33647224
 -0.02164109 -3.01995452 -3.31651452 -2.7672727  -4.98643997 -3.38661575
 -4.37261366 -4.20092896 -4.32362489 -3.3786528  -4.68237814 -4.30111792
 -4.82340308 -4.38910903]
log likelihood =  -2908.11773209
Edge derivatives =  [0.12528502522807367, -0.1395433736599191, -0.021097444216050934, -0.21878819456669757, -0.03768662521406711, -0.1582296905662002, -0.04956754838722234, -0.15881859242535604, 0.02558051719514916, -0.05369602997996825, 0.1361839238638488, -0.08904193165005334, 0.13392528740173368, -0.031028195535436762]
other derivatives: [ 0.42314241  0.12141754 -0.06534719 -0.18685569  0.26971065  0.        ]
Current x array =  [-0.77025056 -1.10671535 -0.38102467  0.86275707 -1.49810452  0.33647224
 -0.02361493 -3.01655792 -3.31550016 -2.76743176 -4.98358208 -3.38894614
 -4.37322671 -4.20331258 -4.32383667 -3.3801149  -4.68112996 -4.30242553
 -4.82138517 -4.3899708 ]
log likelihood =  -2908.11528431
Edge derivatives =  [0.3682168069679193, -0.12698891241360716, -0.003593751860605121, -0.1755515262771868, -0.03806929628376145, -0.11698640279274637, -0.0466074027617846, -0.14666253893530018, 0.022540446119541212, -0.032086131032324425, 0.12650520826663267, -0.08410367105736809, 0.12429286394495451, -0.030420507141050986]
other derivatives: [ 0.12951205  0.02455636 -0.25315785 -0.18753781  0.03578862  0.        ]
Current x array =  [-0.76997935 -1.10612443 -0.38113649  0.86223495 -1.49397207  0.33647224
 -0.02602319 -3.01751102 -3.31557442 -2.77012816 -4.98334919 -3.39196337
 -4.37376882 -4.20548647 -4.32345978 -3.38174173 -4.6790152  -4.30358675
 -4.81917406 -4.39031379]
log likelihood =  -2908.11688417
Edge derivatives =  [-0.22435226207043568, -0.1306380517065146, 0.028602148425638102, -0.08082639499863647, -0.026473438613988327, -0.025979708439198224, -0.04363413310318756, -0.13277046384337687, 0.015517890413466264, 0.02557234037154417, 0.11009947738160811, -0.08082893012888512, 0.1105964181091175, -0.033618210032962385]
other derivatives: [ 2.16682565 -0.86211003  1.07493179  0.02764864 -0.42505235  0.        ]
Current x array =  [-0.77208097 -1.10243719 -0.38224626  0.85853959 -1.48824491  0.33647224
 -0.0251083  -3.02510884 -3.31630072 -2.77524065 -4.98729241 -3.39826878
 -4.37447227 -4.20802465 -4.32235593 -3.38568105 -4.67499421 -4.30500257
 -4.81610394 -4.39006232]
log likelihood =  -2908.1141849
Edge derivatives =  [0.13761981461315625, -0.12840114705118988, 0.00893854250210191, -0.13858396461289912, -0.03354281648598591, -0.08147610910593373, -0.0454459419774879, -0.14124861992060161, 0.01980762560056653, -0.009598963536168861, 0.12012729995187293, -0.08282762376864064, 0.11896371191957014, -0.031664076985134126]
other derivatives: [ 0.92459231 -0.32014214  0.26534508 -0.10372787 -0.14374564  0.        ]
Current x array =  [-0.77079798 -1.10468817 -0.38156877  0.86079552 -1.49174121  0.33647224
 -0.02566682 -3.02047054 -3.31585733 -2.77211959 -4.98488516 -3.39441947
 -4.37404283 -4.20647515 -4.3230298  -3.38327618 -4.67744894 -4.30413825
 -4.81797818 -4.39021584]
log likelihood =  -2908.11257127
Edge derivatives =  [0.11942666568682453, -0.11628556203661265, 0.03474406880840816, -0.08128199017535503, -0.02432193672951867, -0.04545069313449518, -0.04661232545041743, -0.1416200134831667, 0.0141006564252667, 0.011190613090128212, 0.11059483742875578, -0.08469940295063827, 0.11348259177922122, -0.03764279632945226]
other derivatives: [ 0.21468622 -0.15993464  0.03328751  0.02050911 -0.32741809  0.        ]
Current x array =  [-0.77014468 -1.10507251 -0.38160467  0.85958438 -1.4895326   0.33647224
 -0.02624612 -3.0265139  -3.31656188 -2.77496544 -4.98818178 -3.39694157
 -4.37388811 -4.20665051 -4.32196897 -3.38474172 -4.67524776 -4.30410942
 -4.81668445 -4.38936718]
log likelihood =  -2908.11149422
Edge derivatives =  [0.008226130305400758, -0.10708650829952492, 0.05813207623665205, -0.02820283792626825, -0.013415616246408428, -0.020647643685656178, -0.04802725779497899, -0.1444856734635051, 0.00913848721738188, 0.025252700212371568, 0.1035983369522656, -0.08748428645883825, 0.11084553353951505, -0.04365395369588916]
other derivatives: [-0.21655069 -0.03783498  0.          0.13919816 -0.3642981   0.        ]
Current x array =  [-0.76975125 -1.10544825 -0.38164334  0.8585483  -1.48947747  0.33647224
 -0.02567723 -3.03327701 -3.31730629 -2.77727769 -4.99214649 -3.39855489
 -4.37363194 -4.20627244 -4.32093967 -3.3856301  -4.67348489 -4.30380952
 -4.81598783 -4.38839328]
log likelihood =  -2908.11010686
Edge derivatives =  [-0.073702643468604, -0.09432813568760226, 0.08861272057741791, 0.04738467820815956, -0.0005194078623204802, 0.012484969620663491, -0.04669990785748289, -0.14060802984692644, 0.004018057453451317, 0.041141399597040273, 0.09361778438838138, -0.08661564914276917, 0.10563478667974222, -0.048208675064882384]
other derivatives: [-0.44105946  0.07830749 -0.01687113  0.24169822 -0.28753675  0.        ]
Current x array =  [-0.76953955 -1.1058667  -0.38161703  0.85769269 -1.49071175  0.33647224
 -0.0247418  -3.04164171 -3.31800114 -2.78050006 -4.99678674 -3.40063871
 -4.37368713 -4.20680175 -4.31973607 -3.38653628 -4.6708665  -4.30405722
 -4.81454025 -4.38759551]
log likelihood =  -2908.10790744
Edge derivatives =  [-0.026355314151286002, -0.07125183169780355, 0.11027122991693657, 0.12059537641195156, 0.015660805022568634, 0.0770176403917698, -0.04152024128154049, -0.12250149563215601, -0.0029296128485840275, 0.07376533445287098, 0.07256353755828912, -0.07914204379465059, 0.09079406288731061, -0.05194353693607703]
other derivatives: [ -6.09725248e-01  -1.36424205e-04   2.85444912e-01   1.48747858e-01
  -7.02584657e-02   0.00000000e+00]
Current x array =  [-0.76931407 -1.10578795 -0.38166839  0.85885095 -1.49304121  0.33647224
 -0.0236586  -3.05391617 -3.31738018 -2.78389176 -5.00278175 -3.40481088
 -4.37421151 -4.20940234 -4.31785479 -3.38849296 -4.66547218 -4.30545845
 -4.81058238 -4.38691359]
log likelihood =  -2908.11571315
Edge derivatives =  [-0.2712858962337391, -0.053818504850577625, 0.15381350230178747, 0.29179477511307617, 0.03530114528813871, 0.17324481975571585, -0.015870695041692688, -0.05038164975612093, -0.00518140070552181, 0.10401986793748767, 0.03225990050318703, -0.04122517013589541, 0.05566744985210599, -0.03928897398229483]
other derivatives: [ 1.34100446  0.42659849 -4.93487278  0.29854164 -0.08417373  0.        ]
Current x array =  [-0.77141431 -1.10743881 -0.37823001  0.85948162 -1.49677905  0.33647224
 -0.02058837 -3.07094081 -3.31536777 -2.7915379  -5.00923616 -3.4111385
 -4.37738683 -4.21958839 -4.31569913 -3.39006947 -4.65502179 -4.31151655
 -4.8010889  -4.38870168]
log likelihood =  -2908.10726876
Edge derivatives =  [-0.07844199458450585, -0.06739648640699775, 0.11966905737964932, 0.15775326646024132, 0.01991534625749807, 0.09786260264480873, -0.035971576273927844, -0.10686208615758659, -0.0034050979852500787, 0.08032240624156084, 0.0639130396557502, -0.07093002124911098, 0.08324733291880347, -0.04920075168248465]
other derivatives: [-0.18753781  0.09235919 -0.83136911  0.1808985  -0.07262315  0.        ]
Current x array =  [-0.76976721 -1.10614413 -0.38092655  0.85898702 -1.49384767  0.33647224
 -0.02299618 -3.05758932 -3.31694599 -2.78554145 -5.00417432 -3.40617609
 -4.3748966  -4.21160003 -4.31738969 -3.3888331  -4.66321746 -4.30676551
 -4.80853411 -4.38729938]
log likelihood =  -2908.1060789
Edge derivatives =  [0.044688063175702286, -0.056985612489195564, 0.11350830817888834, 0.17062420945917095, 0.022381969415221734, 0.13146212822369696, -0.027578987524474668, -0.08191442501641626, -0.004561789420434229, 0.09351715882769387, 0.04991828944474411, -0.05789636250694101, 0.06994629321897033, -0.04435670014540699]
other derivatives: [ 0.03674359  0.00763976 -0.23924258 -0.01909939  0.13419594  0.        ]
Current x array =  [-0.76988463 -1.1060304  -0.38112254  0.86101897 -1.49570105  0.33647224
 -0.02256044 -3.06160345 -3.31533638 -2.78642772 -5.00512789 -3.40839075
 -4.37594674 -4.21525556 -4.31679464 -3.38958007 -4.65968711 -4.30890247
 -4.80503552 -4.38805226]
log likelihood =  -2908.10543236
Edge derivatives =  [0.08042536979771531, -0.05761900822044019, 0.0947909076933889, 0.1480391055514064, 0.01807209927961213, 0.13736617328536127, -0.02065374003347838, -0.06216045995164992, -0.0030831197785433292, 0.0919058545680072, 0.04316940702167513, -0.046667562248285055, 0.061267384155400645, -0.037408004603014036]
other derivatives: [ 0.24751898  0.00813998  0.0170985  -0.13510544  0.18012543  0.        ]
Current x array =  [-0.77004009 -1.10609323 -0.381207    0.86222513 -1.49609217  0.33647224
 -0.02246436 -3.06087815 -3.31373357 -2.7857821  -5.00360443 -3.40885222
 -4.37689039 -4.21821167 -4.31694158 -3.38945804 -4.65805346 -4.31069622
 -4.80280305 -4.38920757]
log likelihood =  -2908.10450772
Edge derivatives =  [-0.011941742610372286, -0.06553114546847226, 0.054720828483319175, 0.09151914355505866, 0.008623587738480269, 0.1358124754349858, -0.008657679357255556, -0.02807980093378583, -0.00011681777001875532, 0.08214956237821493, 0.032612308105104335, -0.027056826332771327, 0.046476093851042066, -0.024324529686966218]
other derivatives: [ 0.24847395 -0.06766641  0.10950316 -0.23096618  0.1540684   0.        ]
Current x array =  [-0.77002692 -1.10591204 -0.38122152  0.86342173 -1.49615687  0.33647224
 -0.02198559 -3.0588325  -3.31074604 -2.78401105 -5.00044483 -3.40890582
 -4.37858558 -4.22337512 -4.31738548 -3.38882961 -4.65552476 -4.31388638
 -4.79905721 -4.39142408]
log likelihood =  -2908.10918375
Edge derivatives =  [0.5349481716824911, -0.032671172121177275, -0.005254553092978495, 0.031016171825406696, -0.0017475047375001915, 0.10584923444210007, 0.01948846924183992, 0.052754012712617836, -0.004227152358516364, 0.03478304006973412, -0.004628747924846639, 0.020528154987452384, 0.00442078281392071, 0.002357799328654136]
other derivatives: [ 1.83599695  1.48111212  1.77928996 -0.10736585  0.06416485  0.        ]
Current x array =  [-0.77133636 -1.11054811 -0.38231634  0.86083132 -1.49290965  0.33647224
 -0.02530476 -3.06334619 -3.30474721 -2.78345407 -4.99723081 -3.40734826
 -4.38253924 -4.2358918  -4.31714419 -3.38566638 -4.64688148 -4.32170151
 -4.7884219  -4.39611619]
log likelihood =  -2908.10410477
Edge derivatives =  [0.10815245554848996, -0.05831794113072884, 0.0416080049459233, 0.07824369003621898, 0.0063506342751441305, 0.12924144413257185, -0.002468899440098097, -0.010235035368009678, -0.0010188432246572149, 0.07176963377374215, 0.02446563417068058, -0.016572851621827887, 0.037280909451878, -0.018451448712762036]
other derivatives: [ 0.5972197   0.27343958  0.47702997 -0.20399966  0.13424142  0.        ]
Current x array =  [-0.77031446 -1.10693008 -0.38146193  0.8628529  -1.49544381  0.33647224
 -0.02271445 -3.05982367 -3.30942875 -2.78388874 -4.99973906 -3.4085638
 -4.37945377 -4.22612368 -4.31733249 -3.38813499 -4.65362677 -4.31560252
 -4.79672178 -4.39245443]
log likelihood =  -2908.10327002
Edge derivatives =  [0.020451923229673152, -0.06058150140344637, 0.01115949205012877, 0.035206084194471354, 0.0006038004621537266, 0.12001926718970578, 0.006530356440887841, 0.016350346928503165, -0.0007989455266731484, 0.05861734030012766, 0.01397615399006099, -0.0015208037512172562, 0.02399146604278381, -0.008909989793583133]
other derivatives: [ 0.25852387  0.16916601  0.26034286 -0.1459739   0.05056791  0.        ]
Current x array =  [-0.77003402 -1.10655807 -0.38139712  0.8623571  -1.49479048  0.33647224
 -0.02261799 -3.06025543 -3.3070873  -2.78273372 -4.99818919 -3.40807926
 -4.3807864  -4.23022323 -4.31746213 -3.38728475 -4.65110804 -4.31819084
 -4.79341781 -4.39412733]
log likelihood =  -2908.10271515
Edge derivatives =  [-0.018048170147112907, -0.0555554994052319, -0.004240551308901816, 0.015148629558332155, -0.00016296744566497712, 0.10417541642379345, 0.011239069225440056, 0.0316548849054205, -0.0033102682186376027, 0.044087215892783596, 0.004975477427959417, 0.006937003329328999, 0.014210458363691971, -0.004315185490182897]
other derivatives: [-0.13847057  0.09185896 -0.01427907  0.0050477  -0.02150955  0.        ]
Current x array =  [-0.76971769 -1.10621569 -0.38133985  0.8607371  -1.49406263  0.33647224
 -0.02279407 -3.06333617 -3.30574814 -2.78240915 -4.99857709 -3.40706814
 -4.38152924 -4.2325976  -4.317225   -3.38630621 -4.64890557 -4.31976751
 -4.79099899 -4.39497312]
log likelihood =  -2908.10252884
Edge derivatives =  [-0.042533875833109525, -0.050442877493057744, -0.004296717418938473, 0.017434942816656362, 0.0023083081388214077, 0.09534823658144617, 0.010875301254893582, 0.0325427045989211, -0.006039252495391903, 0.038686243883042315, 0.0013248006210039506, 0.007079022925090616, 0.01128702000201448, -0.005041511784273846]
other derivatives: [-0.12091732  0.01055014 -0.03424248  0.09672476 -0.05447873  0.        ]
Current x array =  [-0.76976996 -1.10585715 -0.3813855   0.8596215  -1.49360908  0.33647224
 -0.02284353 -3.06630777 -3.30563324 -2.78267    -4.99984812 -3.40645497
 -4.38153102 -4.2327407  -4.31689468 -3.38592049 -4.64797745 -4.31993654
 -4.79029081 -4.39488608]
log likelihood =  -2908.10244898
Edge derivatives =  [0.23911262002564232, -0.027073877144082756, -1.0875452056580137e-05, 0.023652129688648438, 0.008762207783351645, 0.07294630794259252, 0.007245362932006987, 0.027501522623726266, -0.012065535329007376, 0.02944804124626864, -0.006257737024715854, 0.004121507358178032, 0.006318119935866919, -0.009260097754507056]
other derivatives: [-0.5622951   0.00923137 -0.39794941  0.129603   -0.00636646  0.        ]
Current x array =  [-0.76934893 -1.10584578 -0.38121074  0.85913986 -1.49336912  0.33647224
 -0.02398671 -3.07352464 -3.30564642 -2.78308101 -5.00302844 -3.40485885
 -4.38106839 -4.23192189 -4.31603002 -3.38523559 -4.64609416 -4.31965062
 -4.78903054 -4.39422849]
log likelihood =  -2908.10214518
Edge derivatives =  [0.13483544421157745, -0.031033061905616374, -0.001682897531057756, 0.019778268383639275, 0.008668989132080704, 0.06652359105324955, 0.005877559188691459, 0.0241003735416676, -0.012101353913293325, 0.027798577545332215, -0.00479093051423134, 0.0023062693207368846, 0.007548927978525997, -0.00982629999379683]
other derivatives: [-0.15847945 -0.07535164 -0.1891749   0.11905286 -0.03306013  0.        ]
Current x array =  [-0.7697426  -1.10552233 -0.38132207  0.859167   -1.49324246  0.33647224
 -0.02352505 -3.07344076 -3.30578415 -2.78283758 -5.00304136 -3.40440803
 -4.38090347 -4.23138804 -4.3160914  -3.38511955 -4.64641931 -4.31937791
 -4.78935238 -4.39412813]
log likelihood =  -2908.10192892
Edge derivatives =  [0.09421129986843563, -0.02951488751011795, -0.002233710969863273, 0.018423493325704726, 0.010358242490659315, 0.05493964014333494, 0.0035631001775240888, 0.01921640892797529, -0.013397105445802599, 0.02492973428697516, -0.005623700070276811, -0.0001101851531681089, 0.007242629880707278, -0.011482052380230378]
other derivatives: [ 0.11596057 -0.12009878 -0.02878551  0.0694854  -0.03028617  0.        ]
Current x array =  [-0.76999335 -1.10537686 -0.38138133  0.8596828  -1.49336014  0.33647224
 -0.0231491  -3.07537647 -3.30590493 -2.78268188 -5.00389328 -3.40357706
 -4.38059141 -4.2305983  -4.31592427 -3.38489436 -4.64618003 -4.3190213
 -4.78926134 -4.39384523]
log likelihood =  -2908.10170013
Edge derivatives =  [0.06673713402085679, -0.023404251251658972, -0.003638593853041494, 0.01507800105050594, 0.013936304222125013, 0.03157174976691367, -0.0003286343801564666, 0.011472946643108606, -0.016454885321688793, 0.017867031455990834, -0.008928384078950125, -0.0037208423857327047, 0.00521382412808561, -0.014468147322968347]
other derivatives: [ 0.23701432 -0.13851604  0.20204425 -0.00322871 -0.02023626  0.        ]
Current x array =  [-0.77008267 -1.10534903 -0.38147519  0.86050966 -1.49356829  0.33647224
 -0.02268753 -3.07984335 -3.30599181 -2.78243727 -5.00575624 -3.4019218
 -4.38006272 -4.22935461 -4.31551434 -3.3843637  -4.64533711 -4.31851377
 -4.78872293 -4.3933539 ]
log likelihood =  -2908.10157496
Edge derivatives =  [0.010706823417965472, -0.017251431493757657, -0.006202501508453279, 0.012103854246487439, 0.017933610128920596, 0.005769909820131966, -0.003341433470936645, 0.006301886476424698, -0.019230939665460356, 0.008706660853510961, -0.014084239164622564, -0.00553149023543411, 0.0013750479190205965, -0.016563785858782498]
other derivatives: [ 0.33714969 -0.05338734 -0.17262209 -0.04438334 -0.04793037  0.        ]
Current x array =  [-0.77018182 -1.10568842 -0.38119816  0.86131273 -1.49383506  0.33647224
 -0.02205956 -3.08518423 -3.3058807  -2.78219187 -5.00778413 -3.40011519
 -4.37963746 -4.22845767 -4.31506135 -3.38368667 -4.64404187 -4.31826539
 -4.78769244 -4.39299768]
log likelihood =  -2908.10150897
Edge derivatives =  [-0.022363178457671662, -0.013015026772460608, -0.008083538886378278, 0.008543938916491717, 0.020089295487864034, -0.008232298256684326, -0.00470889276193329, 0.003779898792987159, -0.021379413098442223, 0.0030475692374188207, -0.01750345383915267, -0.006266126432383112, -0.0012755519516209311, -0.01765866666849064]
other derivatives: [-0.0298769  -0.01923581  0.21354936 -0.04979483 -0.0338332   0.        ]
Current x array =  [-0.76980599 -1.10583371 -0.38143765  0.86143042 -1.49401665  0.33647224
 -0.02175859 -3.08844159 -3.30578388 -2.78208471 -5.00900587 -3.39914123
 -4.37945066 -4.22808273 -4.31480377 -3.38327608 -4.64321985 -4.31821164
 -4.7870183  -4.39284424]
log likelihood =  -2908.10148182
Edge derivatives =  [-0.007609394789241275, -0.0146654438911593, -0.007223463185339965, 0.010217737251290132, 0.019071408015375504, -0.0012755170851252856, -0.003654552643112652, 0.0057739483054896415, -0.020269070611036364, 0.0052477731836953895, -0.016256803158598444, -0.00532724104241385, -0.0004431422487184526, -0.016774696671987138]
other derivatives: [-0.00077307 -0.00868567  0.03246896 -0.02760316 -0.03765308  0.        ]
Current x array =  [-0.76984659 -1.10585861 -0.38133597  0.86120167 -1.49398485  0.33647224
 -0.02190846 -3.08707756 -3.3057929  -2.78215679 -5.00843793 -3.39962815
 -4.37959113 -4.22839013 -4.31494181 -3.38343735 -4.64352545 -4.31832943
 -4.78722818 -4.39298169]
log likelihood =  -2908.10147482
Edge derivatives =  [-0.007299136241170401, -0.015007595852306155, -0.007269571565937716, 0.010130736191957312, 0.018781925586389768, -7.274079716965143e-05, -0.003275069592810133, 0.006442192638445664, -0.01984486580384091, 0.005354178307989524, -0.01602096880796942, -0.004862787103031365, -0.00040373267015683667, -0.016318350880374234]
other derivatives: [-0.0124146   0.00163709 -0.01869012 -0.01696208 -0.03610694  0.        ]
Current x array =  [-0.76983948 -1.10589498 -0.38130673  0.86110049 -1.4940329   0.33647224
 -0.02191663 -3.08684894 -3.3057817  -2.78214832 -5.00828824 -3.39971175
 -4.37964059 -4.22848921 -4.31500043 -3.38344409 -4.64358094 -4.31839121
 -4.78723364 -4.39305359]
log likelihood =  -2908.10146137
Edge derivatives =  [-0.007651221166284694, -0.015217276363465745, -0.007954416051826674, 0.008669917725326215, 0.018247515991165038, 0.0004432817854853055, -0.002609553154552833, 0.007502251608228705, -0.01894410124208882, 0.004714083015591675, -0.015704250602925844, -0.00388779180818501, -0.0005850368766473837, -0.015242311440542323]
other derivatives: [-0.0253749   0.02073648 -0.07121344  0.00209184 -0.025193    0.        ]
Current x array =  [-0.76983203 -1.10596348 -0.38127316  0.86091811 -1.49421034  0.33647224
 -0.02188824 -3.08670261 -3.30574804 -2.78206496 -5.00804185 -3.39974365
 -4.37972739 -4.22863811 -4.31513807 -3.38339191 -4.64364746 -4.31852245
 -4.78717417 -4.39322295]
log likelihood =  -2908.10144361
Edge derivatives =  [-0.008585232954940514, -0.015194143431820725, -0.009135441350569568, 0.005515382066023589, 0.017513540973744884, -0.0005903315795530301, -0.0020516843319296693, 0.007960638247236654, -0.01756790809574708, 0.0033571793624358193, -0.01506773638582258, -0.002901749546145655, -0.0007759585780469265, -0.013759600721313558]
other derivatives: [-0.0257387   0.02482921 -0.08521965  0.01537046 -0.00109139  0.        ]
Current x array =  [-0.76983456 -1.1059914  -0.38125431  0.86079012 -1.49453061  0.33647224
 -0.0217986  -3.08674188 -3.30574129 -2.7818747  -5.00773912 -3.39965906
 -4.37980078 -4.22868359 -4.31536487 -3.383281   -4.64377858 -4.31864721
 -4.78710504 -4.39345464]
log likelihood =  -2908.10141021
Edge derivatives =  [0.005964985721976679, -0.013576961273065513, -0.01028520491089753, 0.00016186245418323142, 0.01630786899733335, -0.003483137850182269, -0.0015912210951767002, 0.007209824812197875, -0.014878918369215254, 0.0004208254377917192, -0.013731002313657273, -0.0016639239518879308, -0.0012087846750566573, -0.011056011235398573]
other derivatives: [ 0.00081855  0.020691   -0.05707079  0.020691    0.02833076  0.        ]
Current x array =  [-0.76985844 -1.10598982 -0.38125802  0.86071428 -1.49483689  0.33647224
 -0.02174822 -3.08739724 -3.30586273 -2.78154254 -5.00728058 -3.39944077
 -4.37988086 -4.22853899 -4.31585567 -3.38305536 -4.64406968 -4.31880763
 -4.78697445 -4.39389496]
log likelihood =  -2908.10136983
Edge derivatives =  [-0.05450679985628104, -0.01360176386247218, -0.012502220657775537, -0.014309482381737487, 0.012604959588798188, -0.011366310626623535, -0.001130129467562118, 0.002962013833897839, -0.007442284935741023, -0.007086567034414279, -0.008819646217492576, 0.0003262081842435975, -0.0012946322789567123, -0.004264866506990223]
other derivatives: [-0.05879883 -0.06730261 -0.07089511  0.04079084  0.03715286  0.        ]
Current x array =  [-0.76982053 -1.10571921 -0.38124672  0.86055877 -1.49515229  0.33647224
 -0.02135761 -3.08878106 -3.30637709 -2.78065689 -5.00590685 -3.39887482
 -4.38002171 -4.22785436 -4.31725958 -3.38251426 -4.64519338 -4.31906148
 -4.78693712 -4.39502803]
log likelihood =  -2908.10135044
Edge derivatives =  [-0.004654608082653389, -0.009018017698256775, -0.012723135892567253, -0.023369884167846938, 0.009498108640844553, -0.015733820418174504, -0.0001607849788773097, 0.00016191594606898563, -0.0005920992282914261, -0.013059665020759587, -0.0050054260976172965, 0.0030395994498965094, -0.0019833770535217406, 0.0022893981773207013]
other derivatives: [ 0.1888111   0.05211405  0.19199433  0.02391971  0.05215952  0.        ]
Current x array =  [-0.77002898 -1.10608542 -0.38138778  0.86060056 -1.4950986   0.33647224
 -0.02149388 -3.09033267 -3.3068792  -2.78004898 -5.00460732 -3.39857353
 -4.38021873 -4.22741118 -4.31856238 -3.38208526 -4.6461117  -4.31940398
 -4.78674376 -4.39613414]
log likelihood =  -2908.1013106
Edge derivatives =  [-0.010759363080978468, -0.009904798747932, -0.011286135036191691, -0.019017763132801693, 0.010522582433392443, -0.013962922170158487, -0.0008962306646533962, -6.397781635463645e-05, -0.0028146256523309404, -0.010738711755562264, -0.005949503253009872, 0.0015563467620598147, -0.001532879522919025, -0.0001128428467578671]
other derivatives: [ 0.05929905  0.00354703  0.09149517  0.01664375  0.02678462  0.        ]
Current x array =  [-0.76991244 -1.10592613 -0.38134458  0.86072523 -1.49482305  0.33647224
 -0.02156758 -3.08998443 -3.30683319 -2.78031892 -5.00505166 -3.3987071
 -4.38011357 -4.22740367 -4.31816782 -3.38226659 -4.64590267 -4.31921446
 -4.78688309 -4.39574657]
log likelihood =  -2908.10129237
Edge derivatives =  [-0.0028407740177893714, -0.009363214832863648, -0.009673369095629103, -0.018307837415305672, 0.010003102296981205, -0.013320463504832444, -0.0011467334426199897, -0.0014519906880959, -0.0018706747640693452, -0.010717481515380392, -0.004976418619639936, 0.0012569079906059773, -0.0012306809076098602, 0.00043167087845999083]
other derivatives: [-0.00663931 -0.0133241   0.04106369  0.00604814  0.00336513  0.        ]
Current x array =  [-0.76985114 -1.10586422 -0.38132847  0.86084729 -1.49451102  0.33647224
 -0.02168484 -3.09016046 -3.30702547 -2.78033684 -5.00485098 -3.39876368
 -4.38010545 -4.22721415 -4.31836764 -3.38228506 -4.64615429 -4.31917573
 -4.78697986 -4.39585678]
log likelihood =  -2908.10128318
Edge derivatives =  [0.007935269091849939, -0.008730055570413009, -0.008018232632283379, -0.018389972532407234, 0.008759560520646713, -0.011973903000723984, -0.0009050798902698401, -0.002566853287420595, 0.00038607105959071256, -0.01108992267940391, -0.003226644176877222, 0.001728013090214222, -0.0009530832529558997, 0.0022574630544260205]
other derivatives: [ -1.64163794e-02  -1.19598553e-02   9.14042175e-03  -4.54747351e-05
  -1.19143806e-02   0.00000000e+00]
Current x array =  [-0.7698424  -1.10585914 -0.38131754  0.86090633 -1.49429076  0.33647224
 -0.02178756 -3.09030729 -3.30727914 -2.78027973 -5.00431425 -3.39886527
 -4.38016822 -4.22705823 -4.31879344 -3.38226923 -4.64658836 -4.31923389
 -4.78706166 -4.39617507]
log likelihood =  -2908.10127445
Edge derivatives =  [0.009225902087720894, -0.0082664426958457, -0.005808188480121906, -0.01611660009973269, 0.007738908154309278, -0.010438532875304246, -0.0005383965103836832, -0.003177552259946363, 0.002302836497609515, -0.010704569081401216, -0.0019082486543944045, 0.002281707529914804, -0.0008765869775239146, 0.0037995057572118747]
other derivatives: [-0.01482476  0.00150067 -0.0088221  -0.00350155 -0.01568878  0.        ]
Current x array =  [-0.76984265 -1.10590383 -0.3813069   0.86096168 -1.49424901  0.33647224
 -0.02178826 -3.09058228 -3.30750522 -2.78031661 -5.00384337 -3.3989722
 -4.38023106 -4.22696981 -4.31913548 -3.38229412 -4.6469147  -4.31929438
 -4.78708125 -4.39643573]
log likelihood =  -2908.10126031
Edge derivatives =  [-0.0018171710332349766, -0.008343227280671925, 0.001592550571502649, -0.004106309740843445, 0.005644176003003721, -0.0023893575189620764, 0.0004018608480143779, -0.003625451423142842, 0.005581896698829469, -0.006219968899595807, 0.0008600991819313827, 0.0030113193806407534, -0.000323086795934735, 0.0060883506953899325]
other derivatives: [ 0.02514753 -0.00914042  0.00400178 -0.00786713 -0.02187335  0.        ]
Current x array =  [-0.76988088 -1.10586102 -0.38131725  0.86099639 -1.49415949  0.33647224
 -0.02175041 -3.09078895 -3.30803166 -2.78073396 -5.00278751 -3.39952585
 -4.38037269 -4.22692662 -4.31969878 -3.38259702 -4.647608   -4.31935902
 -4.78723203 -4.3968195 ]
log likelihood =  -2908.10127107
Edge derivatives =  [0.04228116918633218, -0.004866996483890537, 0.006666572445352764, 0.0038004603841166607, 0.003914437909335787, 0.00027582123080092946, 0.0015734503823473314, -0.003410649068587457, 0.008840495341740955, -0.0037276293018047024, 0.0023650223295368297, 0.0045771649934465, -0.000923116834561824, 0.008695729843305595]
other derivatives: [-0.04015419  0.07030394 -0.05061338 -0.00582077  0.0338332   0.        ]
Current x array =  [-0.76980627 -1.10617315 -0.38125499  0.86104727 -1.49479294  0.33647224
 -0.02170154 -3.09202157 -3.30836096 -2.78091538 -5.00191599 -3.39968389
 -4.38050309 -4.22692668 -4.32019984 -3.38272443 -4.6479759  -4.31949906
 -4.78703459 -4.39722405]
log likelihood =  -2908.101255
Edge derivatives =  [0.014270281338269242, -0.007074255172147936, 0.003443777355524452, -0.001221754881489595, 0.005013401161326515, -0.0014170299409665965, 0.0008292468941713677, -0.0035470636875742055, 0.0067708267143666186, -0.005310707112210308, 0.0014091901028006407, 0.0035825446332423683, -0.0005419600496585075, 0.0070396450794888744]
other derivatives: [ 0.00140972  0.01987246 -0.01605258 -0.00700311 -0.00204636  0.        ]
Current x array =  [-0.76985366 -1.10597488 -0.38129454  0.86101495 -1.49439057  0.33647224
 -0.02173258 -3.0912386  -3.30815179 -2.78080014 -5.00246958 -3.3995835
 -4.38042026 -4.22692664 -4.31988156 -3.3826435  -4.64774221 -4.31941011
 -4.78716001 -4.39696708]
  status: 0
 success: True
    nfev: 75
     fun: 2908.1012549965717
       x: array([-0.76985366, -1.10597488, -0.38129454,  0.86101495, -1.49439057,
        0.33647224, -0.02173258, -3.0912386 , -3.30815179, -2.78080014,
       -5.00246958, -3.3995835 , -4.38042026, -4.22692664, -4.31988156,
       -3.3826435 , -4.64774221, -4.31941011, -4.78716001, -4.39696708])
 message: 'CONVERGENCE: REL_REDUCTION_OF_F_<=_FACTR*EPSMCH'
     jac: array([-0.00140972, -0.01987246,  0.01605258,  0.00700311,  0.00204636,
       -0.        , -0.01427028,  0.00707426, -0.00344378,  0.00122175,
       -0.0050134 ,  0.00141703, -0.00082925,  0.00354706, -0.00677083,
        0.00531071, -0.00140919, -0.00358254,  0.00054196, -0.00703965])
     nit: 67
