number of sites to be analyzed:  91
log likelihood =  -2678.45031023
Edge derivatives =  [97.84146184684074, 12.314157107747114, 11.137264233175744, 16.761880392651793, -12.896762822892416, 8.662655512895515, -13.041914643165082, -9.728213920776751, -14.358556956452894, 0.09234343700724573, -9.728213920776753, 2.413741809364235e-16, -7.463622315644905, 2.193331829864551, 2.8815556938905074e-16, -9.728213920776753, -1.8629824006199998, 143.58152418523025]
other derivatives: [ 27.00658115 -39.79466783  -5.99898158  33.48191058 -42.26858437   0.        ]
Current x array =  [-0.57557964 -0.57817781 -0.69068836  0.18232156 -0.10536052  0.33647224
 -2.30258509 -2.30258509 -2.30258509 -2.30258509 -2.30258509 -2.30258509
 -2.30258509 -2.30258509 -2.30258509 -2.30258509 -2.30258509 -2.30258509
 -2.30258509 -2.30258509 -2.30258509 -2.30258509 -2.30258509 -2.30258509]
log likelihood =  -2507.35202683
Edge derivatives =  [90.74036328657905, 10.259772755625724, 9.396645391825787, 14.05712923274678, -11.815830489333155, 8.03997183018112, -11.997877395707905, -8.889090560025432, -13.351009248821882, 0.21611678261082148, -8.889090560025432, -9.985016421368838e-16, -8.4838578797287, 2.0647129308835406, -9.612419959721199e-16, -8.889090560025432, -3.4994901369624554, 128.61182847367297]
other derivatives: [ 15.2298071   28.27609933   2.65536073  10.56564543 -19.22271622   0.        ]
Current x array =  [-0.57281872 -0.78722329 -0.72220163  0.35820547 -0.32740173  0.33647224
 -1.78861384 -2.23789756 -2.2440799  -2.21453321 -2.37033311 -2.25707927
 -2.37109561 -2.3536884  -2.37801207 -2.3021     -2.3536884  -2.30258509
 -2.34179227 -2.2910633  -2.30258509 -2.3536884  -2.31237153 -1.54833659]
log likelihood =  -4531.9950734
Edge derivatives =  [-193.00689987694065, -2.4237898557199595, -48.8959453201646, -61.78767006609333, -23.186210371025425, -54.80461792380675, -25.70925995682557, -23.648176661996096, -25.228321153450285, -35.792939530337875, -23.6481766619961, 1.9694822741698188e-16, -28.410584819985594, -38.08653847752328, 4.9928657581167427e-17, -23.648176661996096, -36.91098814514526, -3.560019001618628e-10]
other derivatives: [-11359.26195275 -18193.99094529     56.37548384    257.65648388
   -115.63415683      0.        ]
Current x array =  [-0.05       -0.05       -0.75271114  1.22183599 -1.57838985  0.33647224
  2.37016298 -1.74618124 -1.79615096 -1.54271173 -2.91455537 -1.88870612
 -2.92278301 -2.76355413 -2.98927024 -2.29461133 -2.76355413 -2.30258509
 -2.70169537 -2.19700028 -2.30258509 -2.76355413 -2.43994786  4.43039257]
log likelihood =  -2286.81230843
Edge derivatives =  [22.74834380465848, 0.4243012002664165, 6.7373827380579385, 7.2505409785668515, -8.578047600014838, 3.4961284386838947, -8.695617726646137, -6.046638688359481, -10.583495946346428, -1.2548728631688981, -6.046638688359481, -3.858329016004408e-16, -7.836059781543131, 3.4536442446710987, -3.863430637037868e-16, -6.046638688359482, -6.535456060415037, -59.877055633614944]
other derivatives: [-259.4385478  -103.18635759   20.00101631   -4.7120011     2.61111381
    0.        ]
Current x array =  [-0.37443132 -0.50747851 -0.73377869  0.6859164  -0.80209834  0.33647224
 -0.21053551 -2.0513122  -2.07410998 -1.95960563 -2.57684224 -2.11729738
 -2.58043744 -2.50921496 -2.60995846 -2.29925837 -2.50921496 -2.30258509
 -2.47836014 -2.25537039 -2.30258509 -2.50921496 -2.3607813   0.72033599]
log likelihood =  -2443.41824678
Edge derivatives =  [-25.88121380942372, -0.4300059039227767, 5.145544507152598, 7.591992437533548, -6.658291951908294, 6.248696828764018, -5.588410755069135, -4.409672288014382, -7.853012978737895, 1.2242422995011297, -4.409672288014379, -8.60677956171088e-16, -4.545922675643627, 3.6394989740570334, -8.337308853967562e-16, -4.409672288014379, -4.103568680923265, -121.68828023116407]
other derivatives: [ 272.48888728   63.9215159   -29.29946277   54.49974196  -18.16051736
    0.        ]
Current x array =  [-1.34645253 -0.83265945 -0.65861426  0.75536851 -0.92632242  0.33647224
  0.37340202 -1.99140283 -1.99668419 -1.85377979 -2.67318635 -2.06026475
 -2.67814624 -2.58027146 -2.72174118 -2.30273227 -2.58027146 -2.30258509
 -2.55127871 -2.23161152 -2.30258509 -2.58027146 -2.40115657  1.22429758]
log likelihood =  -2265.32005812
Edge derivatives =  [12.352742694997422, -0.1713110619937242, 6.510797739131699, 6.960429539288326, -8.108564017120209, 4.176372555839145, -7.589158672097433, -5.693060417625923, -9.935358786536034, -0.9576448546003647, -5.693060417625923, 5.178335850101563e-17, -7.127167262333158, 3.775571547517792, 3.00172616277606e-17, -5.693060417625921, -6.195428334610414, -73.45583150226179]
other derivatives: [ 33.57567948 -37.48900781  12.06658453  -6.58251338   1.24468897   0.        ]
Current x array =  [-0.60372078 -0.58418523 -0.7160482   0.70229941 -0.83140148  0.33647224
 -0.07279086 -2.03718022 -2.05584606 -1.93464244 -2.59956879 -2.10384399
 -2.6034859  -2.52597643 -2.63632681 -2.30007783 -2.52597643 -2.30258509
 -2.49556085 -2.24976593 -2.30258509 -2.52597643 -2.3703054   0.83921517]
log likelihood =  -2252.28299044
Edge derivatives =  [38.591382033977524, 2.231387992818297, 6.940023107347336, 8.154533790817338, -8.75599259484931, 5.265764368411891, -8.338898263618201, -6.3360273614735805, -10.455663376646362, -0.42457998442334777, -6.3360273614735805, -1.6222170902005133e-15, -7.534815915233025, 3.163192922711162, -1.6236008673629984e-15, -6.336027361473579, -5.518172517167953, -3.50442739109486]
other derivatives: [ 24.12025424   2.65304152   5.20890353 -12.26690074   9.70826477   0.        ]
Current x array =  [-0.59115433 -0.65754582 -0.70640017  0.62128507 -0.72039919  0.33647224
 -0.42763741 -2.08014073 -2.09094707 -1.98896647 -2.55710793 -2.13323728
 -2.55999325 -2.49374883 -2.58913397 -2.30125161 -2.49374883 -2.30258509
 -2.46863993 -2.2556318  -2.30258509 -2.49374883 -2.36305679  0.27432444]
log likelihood =  -2238.69258975
Edge derivatives =  [7.864288535930334, -0.507829196775995, 5.6720076484102036, 6.26678946055449, -7.806158178590845, 3.8507259308924433, -7.468460376370578, -5.468850371633508, -9.446949872482048, -0.7733277927405002, -5.468850371633508, 8.418648306328617e-16, -6.86040747153738, 3.1309571068661435, 8.315138815027227e-16, -5.468850371633507, -5.162174267209496, -13.215422928683441]
other derivatives: [ -2.81611392  28.2468136  -11.76285878  -5.25005817   3.7171958    0.        ]
Current x array =  [-0.56069568 -0.71475069 -0.65198286  0.57407871 -0.70858196  0.33647224
 -0.0495621  -2.05109497 -2.02687285 -1.90978081 -2.6372954  -2.08537415
 -2.63770168 -2.55202972 -2.68405645 -2.30510726 -2.55202972 -2.30258509
 -2.53450522 -2.22904563 -2.30258509 -2.55202972 -2.40822828  0.34148411]
log likelihood =  -2233.12695735
Edge derivatives =  [-19.867347120986523, -2.2373479815318245, 3.941723550369055, 3.8246485940675297, -6.692263088866107, 2.399682477036606, -6.425437012649964, -4.515985460106582, -8.238398103684037, -0.6532538340876062, -4.51598546010658, -4.914634899139569e-16, -5.942647782820203, 2.5491000526272902, -4.647522347409575e-16, -4.515985460106582, -4.223691132342723, -2.106550303827047]
other derivatives: [  9.3163635  -17.37798812  12.64002094   3.28000169  -0.38544385   0.        ]
Current x array =  [-0.57133125 -0.62096821 -0.71949799  0.52604998 -0.69012564  0.33647224
  0.21614413 -2.03885498 -1.94591975 -1.81576204 -2.74281953 -2.02906821
 -2.73907024 -2.62710412 -2.81050104 -2.31362308 -2.62710412 -2.30258509
 -2.62300939 -2.18950179 -2.30258509 -2.62710412 -2.47224636  0.25196576]
log likelihood =  -2230.09757841
Edge derivatives =  [-13.489535706326684, -1.8884306254062415, 3.586546024570165, 3.3994633847790245, -6.418300534248301, 2.0497462627708245, -6.090045789112572, -4.2024362432211095, -7.832917041342615, -0.7337048207026737, -4.202436243221108, 4.4136474080809536e-17, -5.655263363137643, 2.453019930369359, 4.419992746173883e-17, -4.2024362432211095, -3.9452438829402987, 3.045915180938098]
other derivatives: [ 0.41209205 -4.38571988  1.44304977  2.66941242 -0.72172952  0.        ]
Current x array =  [-0.56129059 -0.64498704 -0.68732409  0.51692423 -0.66996745  0.33647224
  0.15542199 -2.04878399 -1.92516723 -1.79546255 -2.77597818 -2.01590182
 -2.77072982 -2.64969606 -2.8513037  -2.31689877 -2.64969606 -2.30258509
 -2.65312812 -2.17630345 -2.30258509 -2.64969606 -2.49464648  0.20997543]
log likelihood =  -2224.22726672
Edge derivatives =  [-2.474428356640492, -1.1670944715480243, 1.6227559182967892, 0.9300117033223744, -5.25354599257982, 0.3829809712172974, -4.743709722778329, -2.9225021726464018, -6.260051860251883, -0.8920984108427336, -2.922502172646401, 5.799058946685663e-16, -4.484373238355344, 1.7626879906782036, 5.511130921469245e-16, -2.9225021726464018, -2.810656380558291, 10.08669651027349]
other derivatives: [-13.10263542   7.40437827 -11.0763267    1.83595148  -1.73909029   0.        ]
Current x array =  [-0.54653906 -0.66967363 -0.65250239  0.50532803 -0.63401954  0.33647224
  0.04395872 -2.07646102 -1.82886493 -1.69633014 -2.92670662 -1.95463239
 -2.91458624 -2.75218876 -3.03485279 -2.3317851  -2.75218876 -2.30258509
 -2.78570023 -2.11831688 -2.30258509 -2.75218876 -2.59005951  0.15055262]
log likelihood =  -2218.98020203
Edge derivatives =  [4.2111250297746015, -0.59490289348246, -1.4366746260722265, -2.9363789083103677, -3.7679955089501767, -1.9405842246848133, -3.042938422626613, -1.197219612981195, -4.338379386657643, -0.9485103910196444, -1.197219612981196, -1.522221561216621e-16, -2.9917315823144044, 0.5219126235684409, -1.8322899472344507e-16, -1.197219612981196, -1.2454374360989826, 8.163785293106235]
other derivatives: [-17.39063009  14.5303602   -7.71387931   0.48839865  -1.79284143   0.        ]
Current x array =  [-0.54236144 -0.68523981 -0.66045191  0.51189089 -0.62527488  0.33647224
 -0.02582985 -2.10980623 -1.69333927 -1.55999125 -3.16053958 -1.8725489
 -3.13559093 -2.9060171  -3.31762618 -2.35720775 -2.9060171  -2.30258509
 -2.98812243 -2.03258478 -2.30258509 -2.9060171  -2.73088545  0.16608787]
log likelihood =  -2218.76710311
Edge derivatives =  [1.6778601117038652, -0.6456086626656977, -2.6134960383293215, -4.276641910188873, -2.1695584660216376, -3.4584962232937944, -1.03751467560701, 0.8183662807864606, -2.318762793624104, -1.3868857183987802, 0.818366280786463, 1.852312864383294e-15, -1.3890322704476943, -0.24520664643502132, 1.8993271866889435e-15, 0.8183662807864617, -0.28409096157006825, 1.491844700383489]
other derivatives: [  6.22594598 -23.36914804 -54.80928849  -3.56380951   4.71832209   0.        ]
Current x array =  [-0.56261133 -0.60585245 -0.55122874  0.56339314 -0.70269437  0.33647224
  0.01376497 -2.150414   -1.60292506 -1.50857654 -3.49887366 -1.84462358
 -3.44093742 -3.09225988 -3.72075432 -2.40602264 -3.09225988 -2.30258509
 -3.2686304  -1.9393236  -2.30258509 -3.09225988 -2.8991838   0.23433692]
log likelihood =  -2217.14476054
Edge derivatives =  [3.1065615694014292, -0.6110622800805229, -1.9703039597565108, -3.564425076077157, -2.8593230641763605, -2.6682718607186584, -1.9453754136935968, -0.13226339737382073, -3.210144314496268, -1.1362940558170112, -0.13226339737382053, 3.522079116125121e-17, -2.1137220394144727, 0.19014631913778213, 2.410172671319548e-17, -0.1322633973738201, -0.6962968736051606, 4.981309721415416]
other derivatives: [ -5.14883141  -3.25389919 -29.26026355  -1.55869202   1.56337592   0.        ]
Current x array =  [-0.55258968 -0.64514117 -0.60528317  0.53790473 -0.66437955  0.33647224
 -0.00583046 -2.13031726 -1.64767095 -1.53402162 -3.33143249 -1.85844379
 -3.28982177 -3.00008853 -3.52124664 -2.38186421 -3.00008853 -2.30258509
 -3.12980731 -1.98547846 -2.30258509 -3.00008853 -2.81589313  0.20056054]
log likelihood =  -2214.94745963
Edge derivatives =  [2.268617465905019, -0.5672362423697979, -3.3335035119974483, -5.077998760805154, -2.0622684108443514, -3.400482346951839, -1.1321798865840007, 0.8160936868502916, -2.2737761229833984, -0.8538365354216407, 0.8160936868502914, 1.951677957326042e-20, -1.3415902011869483, -0.8788958939537503, 1.9862957542371955e-20, 0.8160936868502913, 0.39085578171028695, 0.598190212258509]
other derivatives: [-2.67255018 -0.92509254 -5.74373189 -2.16696208  2.42948772  0.        ]
Current x array =  [-0.55600455 -0.64922447 -0.66458631  0.5482965  -0.67987504  0.33647224
  0.00596512 -2.15368533 -1.58615639 -1.48957234 -3.51597692 -1.83438132
 -3.45712204 -3.10411565 -3.74162996 -2.40838926 -3.10411565 -2.30258509
 -3.28434382 -1.93070454 -2.30258509 -3.10411565 -2.91229176  0.23764727]
log likelihood =  -2214.27741722
Edge derivatives =  [0.14476357919082172, -0.6670118040030532, -2.852783822252297, -4.356482493565437, -1.7117000540164147, -3.024740592580144, -0.8457723067976509, 1.1077603193623908, -1.9242378499987287, -0.6974270381843709, 1.1077603193623908, 4.4688630341017955e-17, -1.0656956221107348, -1.081922622325068, 2.9472631760905736e-17, 1.107760319362392, 0.7176952452243329, -1.079915937683056]
other derivatives: [ 1.45760168 -2.69551492  0.05393304 -1.41089913  2.2268523   0.        ]
Current x array =  [-0.56008734 -0.64570689 -0.68095737  0.54505947 -0.68128289  0.33647224
  0.02845889 -2.16571474 -1.59196141 -1.51567841 -3.59765611 -1.85299643
 -3.52570526 -3.13562076 -3.83764133 -2.42417024 -3.13562076 -2.30258509
 -3.34946947 -1.91799983 -2.30258509 -3.13562076 -2.94323801  0.25057647]
log likelihood =  -2213.37633626
Edge derivatives =  [-1.9682319784245603, -0.7400251730415821, -1.0254207195883258, -1.9781546915265253, -1.1549560843733784, -1.7420988057725368, -0.4804642878832538, 1.4333009662593275, -1.4287582311767064, -0.39220589500869374, 1.433300966259328, 2.0033042495824607e-15, -0.6999728210485285, -1.0915639421299996, 1.9626866500780717e-15, 1.433300966259328, 1.1265389504186187, -2.4283036171248353]
other derivatives: [ 5.87970135 -3.86912689  5.44428076  0.18994797  1.06128937  0.        ]
Current x array =  [-0.56400336 -0.6436756  -0.69739303  0.53334758 -0.66925302  0.33647224
  0.04955455 -2.19136443 -1.63243714 -1.60230008 -3.73020688 -1.91338898
 -3.63056156 -3.16765983 -3.99255722 -2.45411163 -3.16765983 -2.30258509
 -3.45214041 -1.91127869 -2.30258509 -3.16765983 -2.97884403  0.25856837]
log likelihood =  -2213.16270649
Edge derivatives =  [-1.8428662715245463, -0.7273826283792695, 0.6859198425823541, 0.1461827986304034, -0.7009600997965677, -0.5702761177261566, -0.29755703953382484, 1.5902970165998653, -1.0541288271893032, -0.16095466723752838, 1.5902970165998647, 9.090385496902614e-16, -0.48578708262491377, -0.8457315197659885, 9.28787156137406e-16, 1.5902970165998656, 1.3345901818477781, -2.2857823269840427]
other derivatives: [-20.89027475  -9.54864845   6.36650839  -0.0988166    0.23105713   0.        ]
Current x array =  [-0.53600284 -0.63094674 -0.7002621   0.53318683 -0.65838235  0.33647224
  0.04916071 -2.22081451 -1.67040745 -1.68766028 -3.84743995 -1.97854371
 -3.71841978 -3.17575984 -4.13083859 -2.48237932 -3.17575984 -2.30258509
 -3.54112966 -1.91671697 -2.30258509 -3.17575984 -2.99356405  0.25565618]
log likelihood =  -2212.72746651
Edge derivatives =  [-0.7458821594576031, -0.6088707337867187, 1.5932863982430105, 1.1674120775279202, -0.5923954038321457, 0.08277161941331679, -0.23629694120325495, 1.5772101979688289, -0.9710155422824839, -0.0586089921917273, 1.5772101979688282, 6.297355799679483e-16, -0.43495730328393617, -0.5802244734374504, 6.28632433223587e-16, 1.5772101979688273, 1.360234413780687, -1.5155748238090996]
other derivatives: [-0.40690793 -1.77928996  3.6865913   0.67134351 -0.36548045  0.        ]
Current x array =  [-0.55638827 -0.64780938 -0.69300267  0.52605061 -0.64547239  0.33647224
  0.03806645 -2.23082642 -1.69336648 -1.72784556 -3.87482753 -2.00727908
 -3.73620275 -3.16933476 -4.16282185 -2.49088915 -3.16933476 -2.30258509
 -3.56084083 -1.92391124 -2.30258509 -3.16933476 -2.99093619  0.24852769]
log likelihood =  -2212.64699054
Edge derivatives =  [0.07644882156623828, -0.5531742517501185, 1.6652725235801613, 1.2649656217582625, -0.5957989071742484, 0.16359532973303287, -0.25952595079734486, 1.523231562889638, -0.973073508553651, -0.07044810453814573, 1.5232315628896413, -6.131002550819932e-16, -0.45657418670952105, -0.43419339706119864, -6.637524150919375e-16, 1.523231562889639, 1.2954869558257078, -0.467278892766098]
other derivatives: [ 0.46647983 -0.18335413  0.77661753  0.47416506 -0.39735824  0.        ]
Current x array =  [-0.55727332 -0.65128731 -0.6843616   0.52649246 -0.64213115  0.33647224
  0.0300343  -2.23359614 -1.6940991  -1.73132726 -3.87347508 -2.0118536
 -3.73306228 -3.16006648 -4.16186377 -2.49131552 -3.16006648 -2.30258509
 -3.5591443  -1.92875173 -2.30258509 -3.16006648 -2.98330887  0.2403998 ]
log likelihood =  -2212.53309978
Edge derivatives =  [1.0995109241667216, -0.4762521637743649, 1.6969900208690978, 1.3550674008198922, -0.5569658011183197, 0.2981454526937241, -0.28776079599255155, 1.4388492049915829, -0.9283836239232228, -0.07015039672233864, 1.4388492049915815, -1.7876651815698582e-16, -0.4744668290425959, -0.18133566161670223, -1.4747712693911534e-16, 1.438849204991584, 1.2040680782068036, 0.9674272995177817]
other derivatives: [-0.69685484  1.12672751 -2.29042598 -0.01195986 -0.36152414  0.        ]
Current x array =  [-0.5560177  -0.6540573  -0.67536319  0.52918878 -0.63863558  0.33647224
  0.02048214 -2.24269709 -1.6892731  -1.7359942  -3.88738777 -2.02201093
 -3.74030972 -3.14311632 -4.18042804 -2.49504147 -3.14311632 -2.30258509
 -3.5690979  -1.93663723 -2.30258509 -3.14311632 -2.97005497  0.22941534]
log likelihood =  -2212.33060163
Edge derivatives =  [2.2174945869734706, -0.3727741793532693, 1.5449597368702173, 1.3094740559253237, -0.4608919779083481, 0.4691787474619711, -0.32878526875215563, 1.2764105292442594, -0.8129020560989512, -0.06298288079278053, 1.2764105292442585, 2.226623715066698e-16, -0.49510227859184863, 0.25678228664263203, 2.793449361708133e-16, 1.2764105292442602, 1.0336984267305578, 2.586985808548457]
other derivatives: [-1.9818799   2.00202521 -5.08648554 -0.69253474 -0.27944225  0.        ]
Current x array =  [-0.55463955 -0.65585659 -0.66716999  0.53393295 -0.63514055  0.33647224
  0.01073248 -2.26277835 -1.67084134 -1.73792528 -3.925078   -2.03914232
 -3.76348068 -3.10970167 -4.23024106 -2.50368117 -3.10970167 -2.30258509
 -3.59748076 -1.94942385 -2.30258509 -3.10970167 -2.94416441  0.21723527]
log likelihood =  -2211.90422941
Edge derivatives =  [3.131104922044377, -0.23109002999016034, 0.9023993132949053, 0.9605228513864925, -0.22078350520732526, 0.7569149262495154, -0.37727477352027206, 0.878627952080631, -0.5257772645584928, -0.0440442757729079, 0.8786279520806306, -4.3269433989287466e-16, -0.516779936441032, 1.1290538377701171, -4.310276874310789e-16, 0.8786279520806299, 0.6197750820524465, 4.003582939360554]
other derivatives: [-3.43698048  3.07340997 -7.62024683 -1.46283128 -0.27389433  0.        ]
Current x array =  [-0.55314027 -0.65798525 -0.65931533  0.5402484  -0.63120822  0.33647224
  0.00506188 -2.31326391 -1.61761949 -1.73525418 -4.0300461  -2.07550713
 -3.83292889 -3.03211117 -4.36833555 -2.52628604 -3.03211117 -2.30258509
 -3.67891629 -1.9721183  -2.30258509 -3.03211117 -2.88481723  0.20719929]
log likelihood =  -2211.41991268
Edge derivatives =  [2.3249247273453713, -0.16119285200029168, 0.08869042061988935, 0.5620176479425893, 0.07096936243176111, 1.0120914169830066, -0.35758424903169755, 0.2524692478096652, -0.18807489485618745, -0.0215514751094647, 0.25246924780966423, 6.142995681776172e-16, -0.5179623774526033, 1.7630860037060254, 6.557838020486476e-16, 0.25246924780966623, -0.006270652940190621, 3.455550542264004]
other derivatives: [-1.40853444  1.01967998 -6.25582288 -0.7633389  -0.34715413  0.        ]
Current x array =  [-0.55507638 -0.65362592 -0.66180185  0.5353697  -0.63343084  0.33647224
  0.01770634 -2.38474708 -1.55233193 -1.73573899 -4.18076148 -2.11697739
 -3.93968692 -2.92741373 -4.56820979 -2.55869539 -2.92741373 -2.30258509
 -3.80259451 -1.97867877 -2.30258509 -2.92741373 -2.80727012  0.21297059]
log likelihood =  -2213.06391104
Edge derivatives =  [-2.4961924532885624, -0.2723476450644767, -3.0935420512776113, -1.6366224436666759, 0.3625481325152641, 0.2292393547958515, -0.05598633900365049, 0.17537790871437542, 0.21954609950782408, 0.12193331064897273, 0.17537790871437436, 7.397019279162916e-16, -0.3201998730947256, 0.2513432043368137, 7.702155818667353e-16, 0.1753779087143747, 0.17766429618579244, -3.759745355805142]
other derivatives: [-27.72521839  33.9075541   -1.88697413  -3.18887032   1.54009285   0.        ]
Current x array =  [-0.53234407 -0.72611968 -0.66973336  0.55182123 -0.67279731  0.33647224
  0.07327219 -2.48065393 -1.4267641  -1.66804404 -4.46309426 -2.09801053
 -4.17989683 -2.8881935  -4.93672335 -2.60819568 -2.8881935  -2.30258509
 -4.05618408 -1.89377117 -2.30258509 -2.8881935  -2.79629228  0.27206065]
log likelihood =  -2211.35406507
Edge derivatives =  [1.584945788678032, -0.17733730742490952, -0.3776142473471681, 0.22014446341887517, 0.13219160764258545, 0.8720657599335192, -0.30221137464136894, 0.2488900810848301, -0.1066493772701113, -0.003562150123631813, 0.24889008108483157, -9.425051360083331e-16, -0.47955200528687864, 1.5440348251704097, -9.994756274564417e-16, 0.24889008108483066, 0.02451550368413237, 2.3199245462508946]
other derivatives: [-5.49848664  6.68901521 -5.56115083 -1.17302079 -0.00686668  0.        ]
Current x array =  [-0.55136245 -0.6654697  -0.66309767  0.5380575  -0.6398624   0.33647224
  0.0267845  -2.40041601 -1.53181709 -1.72467922 -4.22688804 -2.11387865
 -3.97893159 -2.92100606 -4.62841627 -2.56678257 -2.92100606 -2.30258509
 -3.84402511 -1.96480686 -2.30258509 -2.92100606 -2.8054766   0.22262452]
log likelihood =  -2211.1570735
Edge derivatives =  [-0.08526693742689334, -0.21541234072047113, -0.6711263408982598, 0.05244933646787164, 0.25527940159257495, 0.8427133361011944, -0.21545982167564248, 0.05107996019264685, 0.0375829341166545, 0.009357189294300822, 0.051079960192646975, 5.850044428803155e-16, -0.43306760510915415, 1.365710101164302, 6.665448866325827e-16, 0.05107996019264886, -0.17886424252067162, 0.3243860938194707]
other derivatives: [-1.52526809  1.82535587 -1.89197635 -0.15847945  0.11445991  0.        ]
Current x array =  [-0.55526253 -0.65507177 -0.67252556  0.53226636 -0.6474986   0.33647224
  0.04578049 -2.43481751 -1.50612686 -1.72532634 -4.31120313 -2.12419057
 -4.046364   -2.8863273  -4.7395829  -2.58398643 -2.8863273  -2.30258509
 -3.91849247 -1.94661353 -2.30258509 -2.8863273  -2.78339247  0.23957484]
log likelihood =  -2211.11657978
Edge derivatives =  [-0.6389276333661306, -0.23396830033283583, -0.6079592809230026, 0.01612871893275547, 0.26494058750505106, 0.6620566008161752, -0.16608759225406122, 0.11660241312563988, 0.05669119637411704, 0.007874810564624496, 0.11660241312564004, 8.21579014752304e-16, -0.40052337689495565, 0.9611839296847026, 7.546962113882672e-16, 0.11660241312563978, -0.10353823059200086, -0.567983740158255]
other derivatives: [ 0.09245014  0.22828317  0.30863703  0.10486474  0.26007001  0.        ]
Current x array =  [-0.5569142  -0.65177663 -0.67864213  0.53115395 -0.65147847  0.33647224
  0.05160626 -2.43848154 -1.50777035 -1.72301864 -4.32363002 -2.11532869
 -4.06162715 -2.89235209 -4.75689317 -2.58603116 -2.89235209 -2.30258509
 -3.9345107  -1.92847697 -2.30258509 -2.89235209 -2.79094261  0.2468995 ]
log likelihood =  -2211.09843658
Edge derivatives =  [-0.6322298184380408, -0.2264119243280212, -0.5547447948853068, -0.024747214070424794, 0.2605416883583214, 0.4824920261659096, -0.13407195471497385, 0.15477796709548006, 0.06256301579184059, -0.000755560376105302, 0.15477796709548033, 8.123874448134152e-16, -0.38001170769014486, 0.6254910416114592, 8.418391572778061e-16, 0.154777967095481, -0.05029950642634769, -0.7490003329730754]
other derivatives: [ 0.64378582 -0.27093847  1.02545528  0.12178134  0.31427589  0.        ]
Current x array =  [-0.55751001 -0.65076378 -0.68060902  0.53134408 -0.65245211  0.33647224
  0.05167682 -2.440767   -1.51044145 -1.71966081 -4.32735112 -2.10601364
 -4.06947942 -2.89621756 -4.76376981 -2.58658425 -2.89621756 -2.30258509
 -3.94366082 -1.91407647 -2.30258509 -2.89621756 -2.79632122  0.24845921]
log likelihood =  -2211.07054132
Edge derivatives =  [-0.2710875010198251, -0.18952245711385485, -0.3455010813774731, 0.0029960170338434455, 0.26432674569424025, 0.19200436589781042, -0.07840343948170518, 0.1467364029502042, 0.08246562707390326, -0.007259465595696762, 0.1467364029502046, 4.232911156857312e-16, -0.3444502581373041, 0.04186138198826772, 4.3142712810779885e-16, 0.1467364029502021, -0.0030973445889469625, -0.5860802834182315]
other derivatives: [ 0.26061571 -0.68707777  1.34468792  0.19890649  0.08631105  0.        ]
Current x array =  [-0.55715076 -0.6499652  -0.68129955  0.53070867 -0.64925795  0.33647224
  0.04820292 -2.45080686 -1.51772271 -1.71774287 -4.33965535 -2.09241727
 -4.08875713 -2.89386446 -4.78555265 -2.58976612 -2.89386446 -2.30258509
 -3.96853507 -1.88880063 -2.30258509 -2.89386446 -2.80003213  0.24695267]
log likelihood =  -2211.14308912
Edge derivatives =  [0.16068090612094182, -0.11982570419301819, -0.054656028518934585, 0.0263392260559705, 0.25560814984982033, -0.12450235616316854, -0.003255475257584836, 0.11883319497091696, 0.11119134184702409, -0.014434333091719598, 0.11883319497091713, 1.1391856477784218e-15, -0.28954558912407846, -0.4154907343400277, 1.2563544064689497e-15, 0.11883319497091684, 0.045067000231484036, 0.18510650046163368]
other derivatives: [ 11.62593435   3.26244844  -1.05937943  -0.25411282   0.28462637   0.        ]
Current x array =  [-0.56946412 -0.65881882 -0.67428794  0.53627232 -0.6475307   0.33647224
  0.04564202 -2.46754793 -1.52634481 -1.71275691 -4.35336156 -2.07690442
 -4.11499572 -2.88679422 -4.81493633 -2.59461319 -2.88679422 -2.30258509
 -4.00710743 -1.86618972 -2.30258509 -2.88679422 -2.80279622  0.24197441]
log likelihood =  -2211.06706321
Edge derivatives =  [-0.1942849993519945, -0.1771937025885218, -0.293903654711001, 0.007395755486205191, 0.2628200013068687, 0.1368810857436284, -0.06504719848615823, 0.14199115414865543, 0.08761906918448835, -0.008520474292476266, 0.14199115414865454, -1.420791337597052e-15, -0.33457991939181875, -0.03716627376683418, -1.3426449501389085e-15, 0.1419911541486539, 0.005441984120569579, -0.44961795174543373]
other derivatives: [ 2.29429133  0.01668923  0.9264113   0.11837074  0.12132659  0.        ]
Current x array =  [-0.55931009 -0.65151781 -0.68006996  0.53168434 -0.64895505  0.33647224
  0.04775383 -2.45374266 -1.51923472 -1.71686851 -4.34205894 -2.08969687
 -4.09335845 -2.89262459 -4.79070551 -2.59061612 -2.89262459 -2.30258509
 -3.9752993  -1.88483548 -2.30258509 -2.89262459 -2.80051685  0.24607966]
log likelihood =  -2211.05676428
Edge derivatives =  [0.15014491867738838, -0.1484785221406839, -0.1544419860923838, 0.054025418239374234, 0.26961121950352823, 0.009679292870117512, -0.04141843363351498, 0.0880402903338445, 0.10221384360041619, -0.006965506320784215, 0.0880402903338448, -2.328681125787112e-16, -0.31905108827131523, -0.2859711182898762, -1.8867062977937528e-16, 0.088040290333845, -0.0033887211487419744, -0.05986892838688851]
other derivatives: [ 0.87070475 -0.14360921  0.39117367  0.09422365 -0.09404175  0.        ]
Current x array =  [-0.55783784 -0.65117812 -0.67837026  0.53161626 -0.64554539  0.33647224
  0.04450164 -2.46234172 -1.52342638 -1.71725082 -4.35060193 -2.0846712
 -4.10548886 -2.88548669 -4.80636523 -2.59334398 -2.88548669 -2.30258509
 -3.99254952 -1.87381993 -2.30258509 -2.88548669 -2.79839784  0.24282068]
log likelihood =  -2211.05282692
Edge derivatives =  [0.19281818311550886, -0.14209072185165306, -0.08520600662230748, 0.08571527322343375, 0.2712633712440141, -0.002098260954630504, -0.03958142521921404, 0.04741322322600165, 0.10659034116812097, -0.0009303025666844433, 0.04741322322600168, -1.8104097782538466e-16, -0.3149452647402953, -0.2715613769773185, -2.0212813871823263e-16, 0.04741322322600393, -0.016692969018205425, 0.14258808333104755]
other derivatives: [ 0.23414941 -0.06939445 -0.16352715  0.01959961 -0.12114469  0.        ]
Current x array =  [-0.55716891 -0.65131505 -0.67674609  0.53218213 -0.64481631  0.33647224
  0.04435064 -2.46639189 -1.52560962 -1.71789177 -4.3514037  -2.0845822
 -4.10875835 -2.88066043 -4.81044449 -2.59437914 -2.88066043 -2.30258509
 -3.9994204  -1.87407286 -2.30258509 -2.88066043 -2.79596884  0.24126969]
log likelihood =  -2211.04847786
Edge derivatives =  [0.16526330509936454, -0.1381944596233088, 0.025531503073287443, 0.13208500209206542, 0.26857426243904964, -0.001134361801501782, -0.04226292054552697, -0.0044851453659713325, 0.10735723887336295, 0.01386805997072657, -0.0044851453659720125, -5.642304273205718e-16, -0.30911121341883274, -0.1930813339263503, -5.344212074802768e-16, -0.004485145365973164, -0.02017131888657421, 0.35282604669741846]
other derivatives: [-0.33155629  0.13533281 -0.62364052 -0.09927135 -0.09877112  0.        ]
Current x array =  [-0.55656308 -0.65172533 -0.67546569  0.53319047 -0.6446514   0.33647224
  0.04503673 -2.47108374 -1.52993851 -1.71862944 -4.3475012  -2.08471082
 -4.11031121 -2.87512466 -4.81060362 -2.59507529 -2.87512466 -2.30258509
 -4.0069466  -1.8773564  -2.30258509 -2.87512466 -2.793373    0.23969411]
log likelihood =  -2211.0429586
Edge derivatives =  [0.07549573084391048, -0.13491268002189666, 0.17773561580139813, 0.17674202014636942, 0.25866127526842986, -0.017229020696914177, -0.044846391910940295, -0.05581780164866104, 0.10419448651031007, 0.03444827390369645, -0.055817801648663595, 1.4236093868230727e-17, -0.29747399015202114, -0.09440418440308074, -1.5241882652850705e-17, -0.05581780164865993, -0.0004983173452227929, 0.43781399115346553]
other derivatives: [-0.66443135  0.33069227 -0.77898221 -0.20959305 -0.04097274  0.        ]
Current x array =  [-0.55618294 -0.65213448 -0.67511839  0.53425837 -0.64513719  0.33647224
  0.04644195 -2.47676374 -1.53679003 -1.71851322 -4.33789593 -2.08352702
 -4.11090151 -2.8702176  -4.80650243 -2.59525201 -2.8702176  -2.30258509
 -4.01673019 -1.88197583 -2.30258509 -2.8702176  -2.79190331  0.23909745]
log likelihood =  -2211.03203261
Edge derivatives =  [-0.05932457844831679, -0.12314453430374547, 0.37955480493756844, 0.1672588577564722, 0.22928424988754442, -0.0990323986692, -0.0420654035465723, -0.11710746326169738, 0.09688871993116578, 0.05577674603061694, -0.11710746326169508, 5.456116470436913e-16, -0.2663581067475878, 0.06032945543560997, 5.292826055255675e-16, -0.11710746326169327, 0.05954000930257243, 0.2264697029531597]
other derivatives: [-0.82745828  0.37630343 -0.92313712 -0.23878783  0.03983587  0.        ]
Current x array =  [-0.55591864 -0.65227647 -0.67484302  0.53478423 -0.64649312  0.33647224
  0.04866924 -2.48886981 -1.54750126 -1.71436749 -4.31534927 -2.07904567
 -4.11337255 -2.86466797 -4.79660352 -2.59470631 -2.86466797 -2.30258509
 -4.04010297 -1.88930829 -2.30258509 -2.86466797 -2.79159705  0.24081205]
log likelihood =  -2211.03630394
Edge derivatives =  [0.5217278900537072, -0.051607617246472934, 0.5741649667429287, 0.010329330478521359, 0.13430487941518668, -0.18475089643057846, -0.06087305110850939, -0.23303102198545514, 0.053429422890210604, 0.12184888784507653, -0.23303102198545497, -9.016233842074966e-16, -0.20007961395251012, 0.30343833812235704, -8.713683445374432e-16, -0.2330310219854561, 0.2373282857824151, 1.66675123250041]
other derivatives: [-0.86520231  1.33800313  2.03008312 -0.43523869  0.02910383  0.        ]
Current x array =  [-0.55573275 -0.65454212 -0.68422069  0.53569758 -0.64367735  0.33647224
  0.04396383 -2.51640065 -1.56492779 -1.70268685 -4.24587259 -2.07213214
 -4.11089485 -2.85745082 -4.75637643 -2.58977987 -2.85745082 -2.30258509
 -4.09144562 -1.9050129  -2.30258509 -2.85745082 -2.78909785  0.22873958]
log likelihood =  -2211.02462644
Edge derivatives =  [0.19834935902063172, -0.09110799510511552, 0.46681864835263875, 0.09865170007763668, 0.18865109182469958, -0.13693209106355655, -0.0503521943448073, -0.16830309623044384, 0.07797407119437672, 0.08501431595603987, -0.16830309623044354, 7.344833673042551e-18, -0.23628133845691285, 0.16889765404208873, -7.986728194314308e-18, -0.1683030962304439, 0.13842256530381913, 0.8659939672410983]
other derivatives: [-0.84291969  0.80444806  0.39817678 -0.3259629   0.03601599  0.        ]
Current x array =  [-0.55583632 -0.65327987 -0.67899617  0.53518874 -0.64524608  0.33647224
  0.04658532 -2.50106257 -1.55521906 -1.70919441 -4.28457969 -2.07598383
 -4.11227524 -2.86147166 -4.7787879  -2.59252451 -2.86147166 -2.30258509
 -4.06284142 -1.89626349 -2.30258509 -2.86147166 -2.79049021  0.23546544]
log likelihood =  -2211.01065
Edge derivatives =  [0.008820992696317032, -0.07944283625483597, 0.5363148047911983, -0.0462923710540023, 0.12982166519956836, -0.25816159979550013, -0.040887359979751084, -0.16222198398801113, 0.05938465768942036, 0.06503734499990829, -0.16222198398801202, 1.289093653375117e-16, -0.1932011885931435, 0.3132138489529075, 1.368795606579414e-16, -0.1622219839880092, 0.223003314708408, 0.3984782958084796]
other derivatives: [-0.07526069 -0.18671926  0.00341061 -0.15252226  0.10827534  0.        ]
Current x array =  [-0.55644375 -0.65132452 -0.67797839  0.53426212 -0.64720764  0.33647224
  0.04941495 -2.51575738 -1.56232349 -1.69991824 -4.2464039  -2.07027629
 -4.11349752 -2.8630823  -4.75759653 -2.58929485 -2.8630823  -2.30258509
 -4.09434013 -1.90311136 -2.30258509 -2.8630823  -2.79283383  0.23923487]
log likelihood =  -2211.00343018
Edge derivatives =  [-0.18643706676220412, -0.07154613528650339, 0.38569782674912806, -0.3067844092081058, 0.06402337034348818, -0.3907106964797723, -0.029230021237806054, -0.07429830059767467, 0.03413215338415429, 0.0206648153576742, -0.07429830059767523, 1.368632938184812e-15, -0.15550936335496, 0.26773533827544865, 1.3722862375726262e-15, -0.07429830059767625, 0.3339333520526781, -0.4772330306984729]
other derivatives: [ -7.47513695e-01   1.37106326e+00   2.06227924e-01  -5.00222086e-04
   1.41881173e-01   0.00000000e+00]
Current x array =  [-0.55576394 -0.65456726 -0.67855594  0.53279936 -0.64946422  0.33647224
  0.05202035 -2.52796824 -1.56147705 -1.68818857 -4.2074331  -2.06409836
 -4.11493516 -2.8734393  -4.73429506 -2.58452936 -2.8734393  -2.30258509
 -4.12465476 -1.90236777 -2.30258509 -2.8734393  -2.79784825  0.24596227]
log likelihood =  -2210.99419605
Edge derivatives =  [0.03781643057114975, -0.04836809561465875, 0.28816714296077006, -0.42718270417891624, 0.032476456224691995, -0.45600004166032404, -0.01250437203830166, -0.045838416739913346, 0.027995313199809885, -0.03284060322035437, -0.04583841673991576, -6.860849431225039e-17, -0.13435847828304928, 0.11432121269670575, -9.704316909334909e-17, -0.04583841673991554, 0.32036015958465214, -0.34023385097615977]
other derivatives: [ 0.7001745  -1.04878382  0.29458533  0.27362148 -0.06107257  0.        ]
Current x array =  [-0.55710865 -0.64968005 -0.67877915  0.53110668 -0.6468778   0.33647224
  0.05002715 -2.53965458 -1.55728432 -1.68439021 -4.18940853 -2.06337835
 -4.12110013 -2.87541653 -4.72849643 -2.58283466 -2.87541653 -2.30258509
 -4.15033621 -1.89514376 -2.30258509 -2.87541653 -2.79505646  0.24478752]
log likelihood =  -2210.98890255
Edge derivatives =  [0.1298028604840742, -0.047614849208139125, 0.19347086433346916, -0.4206777119968077, 0.039811464291666265, -0.3958327521445094, -0.01675891508360606, -0.032411872441392264, 0.027978721722728937, -0.046040730702897825, -0.03241187244139307, 3.2309933565769095e-21, -0.14266506757585426, 0.06001934146814614, 3.230055032437018e-21, -0.03241187244139386, 0.28426249391189884, -0.10380230283259806]
other derivatives: [ 0.50299604 -0.8031293   0.28176146  0.23214852 -0.1078206   0.        ]
Current x array =  [-0.55694497 -0.65015715 -0.67870837  0.53127865 -0.64581819  0.33647224
  0.04898494 -2.53863785 -1.55205714 -1.68667054 -4.19234906 -2.06705791
 -4.12093528 -2.87629925 -4.72996136 -2.5827902  -2.87629925 -2.30258509
 -4.14818133 -1.89248453 -2.30258509 -2.87629925 -2.79234333  0.24291301]
log likelihood =  -2210.97349123
Edge derivatives =  [0.3332991680261968, -0.030371153209293823, -0.028856262495836726, -0.3993594357694885, 0.021999899980928852, -0.24204862873555957, -0.019445683982047192, -0.008606015004993611, 0.01766530835276989, -0.10300691201646245, -0.008606015004993306, 1.1571855819246368e-15, -0.14377150027458258, -0.14225779547438228, 1.1288028513022078e-15, -0.008606015004992251, 0.17563087642393138, 0.4336766103029672]
other derivatives: [ 0.69676389  0.19858817 -0.15279511  0.0385171  -0.20322659  0.        ]
Current x array =  [-0.55722599 -0.65218445 -0.67738348  0.5329848  -0.64311658  0.33647224
  0.04786464 -2.55296543 -1.53853943 -1.69337246 -4.17442557 -2.07873341
 -4.12772157 -2.87642525 -4.7251555  -2.58209329 -2.87642525 -2.30258509
 -4.17811725 -1.88256388 -2.30258509 -2.87642525 -2.77835753  0.23889531]
log likelihood =  -2210.98327123
Edge derivatives =  [0.27388244008439094, -0.03258467606802136, -0.3038729358239377, -0.32316653886286806, -0.008500090149908678, -0.008351814907522792, -0.03198453143510882, 0.007524011755913093, -0.0015955696583232724, -0.15300505931655115, 0.007524011755911025, -7.4286905013327e-16, -0.14389118987186122, -0.3900715315796292, -7.343386301683659e-16, 0.007524011755910137, 0.030601291452519552, 0.6007413867255873]
other derivatives: [-6.29433998 -0.89480636  0.5748916  -0.22273525 -0.33182914  0.        ]
Current x array =  [-0.55006482 -0.64947816 -0.67934404  0.53512442 -0.64160986  0.33647224
  0.04993387 -2.57715963 -1.52221663 -1.70566346 -4.14018268 -2.09683611
 -4.13769496 -2.87613508 -4.71342862 -2.58165587 -2.87613508 -2.30258509
 -4.22921469 -1.87208528 -2.30258509 -2.87613508 -2.75681052  0.23768837]
log likelihood =  -2210.96872711
Edge derivatives =  [0.3116975928464319, -0.03114522979085712, -0.12757061478295567, -0.3711051947213687, 0.01120425249875328, -0.15662768135091934, -0.024051801599400527, -0.002566446695795463, 0.01068565647706534, -0.1216300117465223, -0.0025664466957941307, -6.044178703015869e-17, -0.14367884401715902, -0.2317794132781355, -9.547851864266078e-17, -0.002566446695796795, 0.12360578874353619, 0.4945611582959937]
other derivatives: [-1.82640179 -0.19772415  0.11291377 -0.05729817 -0.24951987  0.        ]
Current x array =  [-0.55461724 -0.65119857 -0.67809769  0.53376424 -0.6425677   0.33647224
  0.04861844 -2.56177914 -1.53259319 -1.69784995 -4.16195122 -2.08532805
 -4.13135478 -2.87631954 -4.72088351 -2.58193394 -2.87631954 -2.30258509
 -4.19673156 -1.87874662 -2.30258509 -2.87631954 -2.77050816  0.23845563]
log likelihood =  -2210.95968027
Edge derivatives =  [0.25104929306649454, -0.01782948807174891, -0.15593928308745336, -0.33252539926597147, -0.029516258163218137, -0.07965284227084393, -0.02164971731195508, -0.017217564004151226, -0.002613874625775366, -0.15157171407812114, -0.017217564004149866, 1.7610761187335966e-16, -0.12931489097122142, -0.2985433904528622, 1.7620686795123293e-16, -0.017217564004149186, 0.061767180500492125, 0.574508622048544]
other derivatives: [-1.09394023  0.29031071 -0.31659511 -0.19281288 -0.22782842  0.        ]
Current x array =  [-0.55535357 -0.65221985 -0.67687961  0.5354953  -0.64221723  0.33647224
  0.05069631 -2.582217   -1.52874238 -1.70207099 -4.13212709 -2.09250619
 -4.13949176 -2.87317111 -4.71082267 -2.58147729 -2.87317111 -2.30258509
 -4.23891531 -1.87513663 -2.30258509 -2.87317111 -2.75838614  0.23816996]
log likelihood =  -2210.95054699
Edge derivatives =  [-0.05302361122391741, -0.013831810372306533, -0.11873678802901394, -0.18474014801647232, -0.06782813081920501, 0.05813771105018209, -0.02105030823798284, -0.04943327051206424, -0.0143419563529648, -0.15479342080453484, -0.04943327051206624, 2.1073348322448257e-16, -0.11777485555303169, -0.33368930209689196, 2.4840848004121173e-16, -0.049433270512064115, -0.031163105407183977, 0.20877411857989592]
other derivatives: [ 0.125101    0.43723958  0.09549694 -0.24524525 -0.1195076   0.        ]
Current x array =  [-0.55655938 -0.65254199 -0.67811527  0.536922   -0.64374675  0.33647224
  0.05557306 -2.60684652 -1.52527704 -1.7122001  -4.10036993 -2.10342004
 -4.15033965 -2.8678601  -4.70195512 -2.58294605 -2.8678601  -2.30258509
 -4.29009755 -1.87277485 -2.30258509 -2.8678601  -2.74175909  0.24150367]
log likelihood =  -2210.94772066
Edge derivatives =  [-0.11683066383360408, -0.002059985880773295, 0.038027012321142084, -0.10694801754551408, -0.106042689488899, 0.05041474659321421, -0.017123113037429107, -0.08991786964138575, -0.022589816640955915, -0.1321392335303009, -0.08991786964138702, 1.831648110854669e-15, -0.1009177814490519, -0.21304430412524172, 1.867688626458581e-15, -0.08991786964138514, -0.032638671598612945, 0.03445582079672316]
other derivatives: [ 0.02596607  0.07407834 -0.42518877 -0.16457307 -0.00673026  0.        ]
Current x array =  [-0.5563032  -0.65185053 -0.67672063  0.53618041 -0.64548534  0.33647224
  0.05728472 -2.62269062 -1.53080597 -1.71459255 -4.07675028 -2.10420737
 -4.15596383 -2.8634423  -4.69338136 -2.58417984 -2.8634423  -2.30258509
 -4.32271208 -1.87777734 -2.30258509 -2.8634423  -2.73608974  0.24304451]
log likelihood =  -2210.94564008
Edge derivatives =  [-0.10549367844821961, -0.001127322718956214, 0.03820894626572502, -0.022576722305421293, -0.09238248087284001, 0.08702264998794229, -0.017331082387272184, -0.07730524771604504, -0.018286792746701672, -0.09054590372780325, -0.07730524771604555, -6.438411949583561e-16, -0.10242143691475267, -0.1437894418301947, -5.652254467097406e-16, -0.07730524771604463, -0.03966463590375621, -0.26589957883570237]
other derivatives: [ 0.23637767 -0.12873898  0.20736479  0.04224603  0.06220944  0.        ]
Current x array =  [-0.55646176 -0.65147547 -0.67858446  0.53399384 -0.64703251  0.33647224
  0.05707123 -2.62200949 -1.52911752 -1.71971721 -4.08197263 -2.10593207
 -4.15694911 -2.8648021  -4.6962983  -2.58704446 -2.8648021  -2.30258509
 -4.32328397 -1.88064389 -2.30258509 -2.8648021  -2.73488946  0.24530772]
log likelihood =  -2210.9444513
Edge derivatives =  [-0.023425754960914646, 0.0020736854630058962, 0.026737686097129676, -0.009102583682023324, -0.08760596034553386, 0.07378231557825446, -0.015584844995148676, -0.06399263976628679, -0.016275810067435434, -0.06712217971363643, -0.0639926397662858, -2.034949117492702e-16, -0.10058244971862967, -0.09297233327791954, -2.1917664283460448e-16, -0.06399263976628751, -0.02624690411319286, -0.2282633708280326]
other derivatives: [ 0.08299139 -0.17930688  0.14529178  0.11837074  0.07116796  0.        ]
Current x array =  [-0.5562704  -0.65139466 -0.67843609  0.53296839 -0.64717095  0.33647224
  0.05609905 -2.62070795 -1.52863383 -1.72050779 -4.0852223  -2.10480189
 -4.15691427 -2.86645353 -4.69739158 -2.58847771 -2.86645353 -2.30258509
 -4.32214643 -1.88284275 -2.30258509 -2.86645353 -2.73610507  0.24492272]
log likelihood =  -2210.94206065
Edge derivatives =  [0.11723094403088397, 0.011186682004710437, -0.002624149777456064, 0.026139115020829995, -0.09051959444740951, 0.030142992053618978, -0.007216171347946929, -0.03278855428395666, -0.014649282790934092, 0.008217633483788345, -0.03278855428395211, -6.76650098274062e-18, -0.0876252169414231, 0.02811177003635995, -2.465861938254487e-17, -0.032788554283953636, 0.012404576395672468, 0.024283079923854478]
other derivatives: [-0.08722054 -0.15393198  0.17030288  0.17057573  0.05361471  0.        ]
Current x array =  [-0.55602937 -0.65150316 -0.67864996  0.53213013 -0.64651068  0.33647224
  0.05477762 -2.62466857 -1.52724309 -1.72311215 -4.08474441 -2.1017771
 -4.16051133 -2.87038624 -4.69755192 -2.59298176 -2.87038624 -2.30258509
 -4.33617992 -1.88833029 -2.30258509 -2.87038624 -2.73649184  0.24278053]
log likelihood =  -2210.94081314
Edge derivatives =  [0.06926624864837483, 0.0071178419761337985, -0.07578190701067511, 0.04852865472710122, -0.08426590050997032, -0.01201448774822178, 0.005449584918297806, 0.018568081357484334, -0.00974672686100951, 0.05310128444255072, 0.01856808135748321, -1.5006267021671343e-15, -0.07926476866444829, 0.06844143630126476, -1.501761049587092e-15, 0.018568081357481808, 0.021198094075579987, -0.1540235967923138]
other derivatives: [-0.17680577 -0.12655619 -0.2962679   0.15511432 -0.07603376  0.        ]
Current x array =  [-0.55594923 -0.65154297 -0.67729687  0.53278295 -0.64497813  0.33647224
  0.05536575 -2.62755626 -1.52317971 -1.72589084 -4.0893911  -2.09965047
 -4.16512973 -2.87560972 -4.70066611 -2.59696424 -2.87560972 -2.30258509
 -4.35015097 -1.88963935 -2.30258509 -2.87560972 -2.73586272  0.24411211]
log likelihood =  -2210.93982301
Edge derivatives =  [0.014630566910650344, 0.009404935326902474, -0.06010148016771011, 0.05652889261597338, -0.09467434364188229, -0.03000947525309991, 0.01093899224879111, 0.021623100650030508, -0.011761809113907395, 0.08122705334338137, 0.021623100650030716, 7.587706807720163e-16, -0.06965084481431691, 0.07401122898192353, 6.972384552575488e-16, 0.021623100650031812, 0.041078012395338453, -0.04536397103477263]
other derivatives: [-0.15629666  0.20636435 -0.04706635  0.00463842 -0.02219167  0.        ]
Current x array =  [-0.5559786  -0.65222644 -0.67810325  0.53436835 -0.64520858  0.33647224
  0.05644073 -2.63433953 -1.52394706 -1.72635144 -4.08356269 -2.0984981
 -4.16915932 -2.87620516 -4.6990811  -2.59818366 -2.87620516 -2.30258509
 -4.3682523  -1.8903307  -2.30258509 -2.87620516 -2.73385512  0.24338801]
log likelihood =  -2210.93938337
Edge derivatives =  [-0.043073977299475874, 0.010393842375808857, -0.06860948789493759, 0.05307370915066323, -0.10321361168455945, -0.03238928272701383, 0.01790601546956409, 0.030221611215575275, -0.013411442178146708, 0.08480981405161192, 0.030221611215576816, -3.745848512907506e-16, -0.06166267027578144, 0.028573579271511107, -4.0213375937491254e-16, 0.030221611215575886, 0.03594351236020846, 0.10565061937378317]
other derivatives: [  3.37695383e-01  -2.61525201e-01   7.44421413e-02  -1.36014933e-01
  -4.54747351e-05   0.00000000e+00]
Current x array =  [-0.55647442 -0.65126051 -0.67850801  0.53625285 -0.64494898  0.33647224
  0.05755186 -2.64125286 -1.52319918 -1.72675948 -4.07855253 -2.09876137
 -4.173432   -2.8769313  -4.69793434 -2.59845027 -2.8769313  -2.30258509
 -4.38721365 -1.88848498 -2.30258509 -2.8769313  -2.73046627  0.24242131]
log likelihood =  -2210.93895812
Edge derivatives =  [-0.08675815226979738, 0.008948480964748998, -0.05479901217131378, 0.052070676189033716, -0.10149062143038483, -0.03189722940680367, 0.018395364157409146, 0.02816325641894772, -0.013044991206865149, 0.08029091696159554, 0.028163256418947943, -5.068816725880978e-16, -0.061519280577933946, 0.011405637539551039, -4.791446220160301e-16, 0.028163256418947, 0.037138288152445714, 0.012005389008533207]
other derivatives: [ 0.21104825  0.00873115  0.06139089 -0.15156729  0.00709406  0.        ]
Current x array =  [-0.55636113 -0.6518107  -0.67845772  0.53640902 -0.6451972   0.33647224
  0.05803698 -2.64164603 -1.5238852  -1.72640289 -4.07941475 -2.09869347
 -4.17388838 -2.87670929 -4.69844852 -2.59804114 -2.87670929 -2.30258509
 -4.3890299  -1.88782455 -2.30258509 -2.87670929 -2.73013513  0.24316557]
log likelihood =  -2210.93833522
Edge derivatives =  [-0.13088287857702552, 0.00806602683885646, -0.032876687373925684, 0.047588659896521945, -0.09620445548337617, -0.03245315610902105, 0.020657875771632427, 0.02852345447654464, -0.011694109146028735, 0.0724659386897597, 0.02852345447654553, -1.244558056547379e-15, -0.05983543024090605, -0.022060775242765784, -1.3114805809672392e-15, 0.028523454476550192, 0.04036347387742889, -0.09582444965905257]
other derivatives: [ 0.01268745  0.20268089  0.04993126 -0.14788384  0.0176442   0.        ]
Current x array =  [-0.5561618  -0.65221347 -0.67841677  0.53636991 -0.64556735  0.33647224
  0.05852397 -2.64241231 -1.5250584  -1.72562583 -4.08236668 -2.09839699
 -4.17503209 -2.87680322 -4.6998522  -2.59725478 -2.87680322 -2.30258509
 -4.39386202 -1.8865833  -2.30258509 -2.87680322 -2.72939967  0.24401079]
log likelihood =  -2210.93718102
Edge derivatives =  [-0.15673005301261023, 0.010787475602156323, 0.015858204414301358, 0.037253550592995066, -0.0837028941405855, -0.03738315876228668, 0.02752845432724205, 0.03367779469747938, -0.008176939360308964, 0.060475138089087666, 0.03367779469747838, -8.245746691522669e-17, -0.05342131510900712, -0.08081383887568344, -6.816957637657956e-17, 0.03367779469748158, 0.052385897573102164, -0.22292287788137455]
other derivatives: [-0.04151843  0.41086423  0.01305125 -0.08712959  0.04547474  0.        ]
Current x array =  [-0.55608241 -0.65269831 -0.67833426  0.53571106 -0.64628364  0.33647224
  0.05885285 -2.64458602 -1.52775458 -1.72380151 -4.08984875 -2.09731696
 -4.17803878 -2.87759467 -4.7031693  -2.59566362 -2.87759467 -2.30258509
 -4.40735146 -1.88455282 -2.30258509 -2.87759467 -2.7276525   0.24497533]
log likelihood =  -2210.93803087
Edge derivatives =  [-0.18377376525853673, 0.015920480852291523, 0.05350042208248418, 0.011236407103992985, -0.06698804110895137, -0.0281669483435478, 0.04101247341686888, 0.04549142095286279, -0.004150658329332523, 0.046652424605502923, 0.04549142095286028, 4.52178880679663e-16, -0.03739304623079538, -0.2194692826202042, 3.1743287767178185e-16, 0.04549142095286267, 0.06278761777344197, -0.17941164570410595]
other derivatives: [-2.26013981 -0.02110028  0.26125235 -0.12651071  0.02978595  0.        ]
Current x array =  [-0.55373162 -0.65179008 -0.67914462  0.53602213 -0.64636514  0.33647224
  0.05960679 -2.65566281 -1.53055811 -1.7216107  -4.09846723 -2.09680199
 -4.18761169 -2.87952182 -4.70791523 -2.59287439 -2.87952182 -2.30258509
 -4.4518291  -1.88018009 -2.30258509 -2.87952182 -2.71985661  0.24456604]
log likelihood =  -2210.93659527
Edge derivatives =  [-0.16720539972106702, 0.012813282189159517, 0.030604133515680254, 0.02713742503857386, -0.07716867621857194, -0.033836116320823756, 0.032825011386911296, 0.0383012077496039, -0.00659773151545138, 0.0550415311191611, 0.03830120774960494, -1.9967411739094623e-17, -0.046935945181818206, -0.13471792105897462, -1.617404606408152e-17, 0.03830120774960524, 0.056697425917008576, -0.2059723967970173]
other derivatives: [-0.90321919  0.24297151  0.11000338 -0.10245458  0.0394266   0.        ]
Current x array =  [-0.55516643 -0.65234442 -0.67865002  0.53583227 -0.6463154   0.33647224
  0.05914662 -2.6489021  -1.52884697 -1.72294786 -4.09320695 -2.0971163
 -4.18176887 -2.87834558 -4.70501855 -2.5945768  -2.87834558 -2.30258509
 -4.42468218 -1.88284899 -2.30258509 -2.87834558 -2.72461483  0.24481585]
log likelihood =  -2210.93532121
Edge derivatives =  [-0.11159655461033308, 0.020959837755321127, 0.07669837737396046, 0.020946094630424295, -0.06145011164890221, -0.03419817532846514, 0.04172991686916512, 0.049007736597592166, -0.0019379676089439045, 0.04833130758930118, 0.04900773659759325, 2.1175258886793593e-16, -0.03799518985652669, -0.17693460120092253, 1.6543220946908508e-16, 0.04900773659759558, 0.07020424859030922, -0.22880862311986894]
other derivatives: [-0.50436029  0.23751454  0.07439667  0.02719389  0.07048584  0.        ]
Current x array =  [-0.55551202 -0.65244987 -0.6786245   0.53443012 -0.64692886  0.33647224
  0.0586346  -2.65189159 -1.53140641 -1.72134319 -4.10287539 -2.09597416
 -4.18569761 -2.87984628 -4.7091363  -2.59305597 -2.87984628 -2.30258509
 -4.44306287 -1.88160917 -2.30258509 -2.87984628 -2.72203533  0.2449184 ]
log likelihood =  -2210.93414057
Edge derivatives =  [-0.007784165870717785, 0.03151871551431332, 0.105543183379879, 0.01039071934842739, -0.04880690995627149, -0.023609015050942234, 0.04929421804560255, 0.05544399683137789, 0.0016865231293709398, 0.04115127224189602, 0.05544399683137827, 1.675970861730086e-17, -0.028212101138196694, -0.19640877468813284, -8.069708790005173e-18, 0.05544399683137803, 0.07823728707056579, -0.07463590399457742]
other derivatives: [-0.11259544  0.11200427 -0.04201866  0.10304575  0.08672032  0.        ]
Current x array =  [-0.55584184 -0.65230958 -0.67840608  0.53356547 -0.64696437  0.33647224
  0.05773806 -2.6564366  -1.53328166 -1.71987517 -4.11075049 -2.09542055
 -4.19006421 -2.88094548 -4.71242689 -2.59124339 -2.88094548 -2.30258509
 -4.4656922  -1.88140061 -2.30258509 -2.88094548 -2.71808556  0.2436494 ]
log likelihood =  -2210.93323795
Edge derivatives =  [0.08332614797332316, 0.038672455856767415, 0.10209500437344787, -0.0026122475853315175, -0.03799800504212032, -0.007633472557239729, 0.05244724452650941, 0.05721013261528668, 0.004730509404108282, 0.0384384612938804, 0.057210132615288886, -1.8858865879930434e-15, -0.021568950676199974, -0.17399446919120853, -1.8392894823967255e-15, 0.05721013261528787, 0.0815207105032362, 0.052017453443533146]
other derivatives: [ 0.11568773 -0.06639311 -0.03192326  0.14929356  0.04501999  0.        ]
Current x array =  [-0.55602848 -0.65202602 -0.67854827  0.53315804 -0.64626469  0.33647224
  0.056854   -2.65948467 -1.53372789 -1.71900158 -4.11740593 -2.09527927
 -4.19297141 -2.88158291 -4.71500388 -2.58976622 -2.88158291 -2.30258509
 -4.48276549 -1.8828995  -2.30258509 -2.88158291 -2.71453646  0.24253367]
log likelihood =  -2210.93210756
Edge derivatives =  [0.14192447097178312, 0.0431886915900035, 0.08325783473011256, -0.02627098731807609, -0.02475761669080767, 0.02148373758326355, 0.0522693876094069, 0.04891065338694228, 0.008174695965405852, 0.027534359564426625, 0.04891065338694234, 2.495233578325726e-16, -0.01577991344470195, -0.1218907176347544, 1.8135897688261824e-16, 0.048910653386943864, 0.07822389745301125, 0.16495226298580157]
other derivatives: [ 0.24542715 -0.20295374 -0.03692548  0.1283297  -0.02060005  0.        ]
Current x array =  [-0.55613333 -0.65181604 -0.67867202  0.53358765 -0.64520621  0.33647224
  0.05632498 -2.66252488 -1.53379404 -1.71776961 -4.12547342 -2.09554409
 -4.1956089  -2.88127651 -4.71791665 -2.58719551 -2.88127651 -2.30258509
 -4.50201576 -1.88580386 -2.30258509 -2.88127651 -2.70951693  0.2415297 ]
log likelihood =  -2210.93068508
Edge derivatives =  [0.11114316513046246, 0.0421898575339674, 0.05109174048846643, -0.06012032077854079, -0.0035482327540277414, 0.05869251293682676, 0.04776281682188297, 0.026764595802310914, 0.01362343977525804, 0.005522512514738065, 0.026764595802312482, -8.724940653132563e-16, -0.011308457654511474, -0.03207662785028548, -8.949925586916005e-16, 0.026764595802313745, 0.06799564155129187, 0.1217958632721221]
other derivatives: [ 0.28908289 -0.2968136   0.03706191  0.06989467 -0.07166818  0.        ]
Current x array =  [-0.55616453 -0.65169084 -0.67905983  0.53459547 -0.64459949  0.33647224
  0.05668237 -2.66444478 -1.53374573 -1.71602747 -4.13866767 -2.09549376
 -4.1976335  -2.87979375 -4.72247661 -2.58287356 -2.87979375 -2.30258509
 -4.52397095 -1.89063976 -2.30258509 -2.87979375 -2.70242516  0.24176741]
log likelihood =  -2210.93166702
Edge derivatives =  [0.0019736226059821615, 0.03869356639107647, -0.031250714940231905, -0.06354224202995706, 0.007852042400559232, 0.0662823209707962, 0.04425858273567197, 0.0068036781505045885, 0.015203667484005406, -0.00538329994600828, 0.0068036781505022015, -2.82116469946991e-16, -0.005891397449458338, 0.016112341926450446, -2.438261781761794e-16, 0.006803678150504935, 0.034295022778686346, 0.4655540922125969]
other derivatives: [-0.0766704   0.55879354 -0.60867933 -0.30622687  0.07198651  0.        ]
Current x array =  [-0.55582137 -0.65348887 -0.67743641  0.53828233 -0.64544078  0.33647224
  0.05859858 -2.67182857 -1.53098402 -1.71685533 -4.14704705 -2.09373052
 -4.20233855 -2.87850031 -4.72551933 -2.578832   -2.87850031 -2.30258509
 -4.56472927 -1.89395689 -2.30258509 -2.87850031 -2.68976054  0.23940748]
log likelihood =  -2210.93029626
Edge derivatives =  [0.07328813416786745, 0.04097922785387932, 0.022566930030762822, -0.061289247872084895, 0.0004370655708665454, 0.061283814129562963, 0.046555024723259106, 0.01985435367134794, 0.014183364445450708, 0.001698996530305058, 0.019854353671347635, 1.0720527214313525e-15, -0.009299899790013715, -0.015233030204865106, 1.0850678689077472e-15, 0.01985435367134772, 0.056652915115249114, 0.24134167222511915]
other derivatives: [ 0.1623448   0.00095497 -0.18690116 -0.06061782 -0.0217824   0.        ]
Current x array =  [-0.55604529 -0.6523156  -0.67849574  0.53587655 -0.64489181  0.33647224
  0.0573482  -2.66701043 -1.53278612 -1.71631513 -4.14157926 -2.09488108
 -4.19926837 -2.87934432 -4.72353386 -2.58146924 -2.87934432 -2.30258509
 -4.53813328 -1.89179236 -2.30258509 -2.87934432 -2.69802457  0.2409474 ]
log likelihood =  -2210.92977648
Edge derivatives =  [-0.0037217539367640495, 0.03612442264392273, -0.0015179470986160792, -0.06671149989927128, 0.007251186512523794, 0.06574126629295246, 0.041723745259096695, 0.0055595659556150895, 0.015691447415584436, -0.005295712341766984, 0.005559565955614035, -3.648580743185601e-16, -0.010154341107329268, 0.026270176823289138, -3.2490209331580483e-16, 0.0055595659556154226, 0.047087720954468476, 0.09846007051704841]
other derivatives: [ 0.08735697 -0.00618456 -0.01327862 -0.08644747 -0.02219167  0.        ]
Current x array =  [-0.55597904 -0.65230636 -0.67905201  0.53636997 -0.64514729  0.33647224
  0.05810775 -2.66639138 -1.53213482 -1.71635247 -4.14597933 -2.09435372
 -4.19876121 -2.87819792 -4.72484665 -2.57985642 -2.87819792 -2.30258509
 -4.54279527 -1.89397997 -2.30258509 -2.87819792 -2.69520732  0.24205053]
log likelihood =  -2210.92951231
Edge derivatives =  [-0.02029020762666983, 0.03363781506898746, -0.017659820863813347, -0.051850020253197404, 0.008950683379036612, 0.05034087633274567, 0.037545238316077284, -0.002705976892146064, 0.015852874397598506, -0.0050078454833427655, -0.0027059768921459393, 4.703833393150426e-16, -0.012277646166432753, 0.05925076502744919, 4.602657856796579e-16, -0.0027059768921462862, 0.037081190696292954, -0.022139126201073722]
other derivatives: [-0.10722943 -0.00441105 -0.08876668 -0.03506102 -0.01409717  0.        ]
Current x array =  [-0.55577116 -0.65231849 -0.6788477   0.53581816 -0.6455788   0.33647224
  0.05816219 -2.66449692 -1.53136664 -1.71738865 -4.14756312 -2.09324177
 -4.19708911 -2.87751038 -4.72494746 -2.5794814  -2.87751038 -2.30258509
 -4.54100457 -1.89549992 -2.30258509 -2.87751038 -2.69403874  0.24294904]
log likelihood =  -2210.92930601
Edge derivatives =  [-0.044334823851652994, 0.03210682512403458, -0.028871087813932994, -0.03137819237027284, 0.00760144185445415, 0.030539524881861874, 0.03531737534771166, -0.007271388614577601, 0.01474072221500737, 0.0010848203253066846, -0.007271388614576588, 1.302590142527618e-16, -0.013403030608857593, 0.05124097503806374, 1.3595787574238409e-16, -0.007271388614580737, 0.02861231041293158, -0.054464621680642145]
other derivatives: [-0.1286935   0.08617462  0.03569767 -0.02401066  0.02073648  0.        ]
Current x array =  [-0.55575011 -0.65251857 -0.67923768  0.535653   -0.64613072  0.33647224
  0.05841739 -2.66413255 -1.53069235 -1.71878769 -4.14713469 -2.09195171
 -4.1963415  -2.87723223 -4.7245049  -2.5794755  -2.87723223 -2.30258509
 -4.54280015 -1.89541261 -2.30258509 -2.87723223 -2.692401    0.24320772]
log likelihood =  -2210.92911466
Edge derivatives =  [-0.06268201857030142, 0.030499727431038022, -0.03801508022152733, 0.002350110146500217, 0.0038339664786450726, -0.0015589556731963328, 0.03381791573189601, -0.010762441985088411, 0.012820364636614442, 0.007329276546656355, -0.010762441985088966, 5.840734742121657e-16, -0.014390403793184656, 0.030144111974653498, 6.988890348103409e-16, -0.010762441985086107, 0.010951296509213976, -0.04964072877940606]
other derivatives: [-0.07767085 -0.04497451  0.00532054 -0.018008    0.05361471  0.        ]
Current x array =  [-0.55579036 -0.65226634 -0.67918842  0.53561397 -0.64657788  0.33647224
  0.05866538 -2.66418708 -1.52980903 -1.72096133 -4.14550131 -2.09012916
 -4.19552113 -2.87703425 -4.72350847 -2.57959255 -2.87703425 -2.30258509
 -4.54697289 -1.89473267 -2.30258509 -2.87703425 -2.68976006  0.24321026]
log likelihood =  -2210.92923126
Edge derivatives =  [0.02701982771431355, 0.03777923827507072, -0.013714582851743207, 0.034461210770247774, 0.011446488359301073, -0.029467263483187317, 0.03723870611169863, -0.007977425199852964, 0.013124920240148268, 0.01317369625810949, -0.007977425199848495, -1.4230532537215984e-15, -0.010067566566590698, -0.03696160272866478, -1.464602122005397e-15, -0.007977425199854879, 0.002341571565331463, -0.03752459044062406]
other derivatives: [-0.46229616  0.18912942  0.10300027  0.09154064  0.02623892  0.        ]
Current x array =  [-0.55535225 -0.65285071 -0.67959705  0.53429561 -0.64644532  0.33647224
  0.05775777 -2.66716703 -1.53118417 -1.722152   -4.15105352 -2.08738551
 -4.19778442 -2.87816006 -4.72536501 -2.5782907  -2.87816006 -2.30258509
 -4.56974911 -1.89300158 -2.30258509 -2.87816006 -2.68382786  0.24289056]
log likelihood =  -2210.92903325
Edge derivatives =  [-0.027648685751201107, 0.033345531483784885, -0.028508682358406645, 0.014895030638689355, 0.00681461395132189, -0.012448716807083954, 0.035159461456743396, -0.009668615675228712, 0.012942015091464806, 0.009596479816956383, -0.009668615675228698, -2.185538362309683e-15, -0.012657710590515611, 0.003969637250347435, -2.2009867693395227e-15, -0.009668615675230266, 0.007685993305593941, -0.04490593022981204]
other derivatives: [-0.22760105  0.04652065  0.04342837  0.02482921  0.04306457  0.        ]
Current x array =  [-0.55561929 -0.65249452 -0.67934798  0.53509919 -0.64652612  0.33647224
  0.05831099 -2.66535067 -1.53034598 -1.72142625 -4.14766929 -2.08905784
 -4.19640488 -2.87747384 -4.72423339 -2.57908422 -2.87747384 -2.30258509
 -4.55586637 -1.89405673 -2.30258509 -2.87747384 -2.6874437   0.24308543]
log likelihood =  -2210.9289938
Edge derivatives =  [-0.003170932981497232, 0.03512177590210429, -0.023377374529161776, 0.027735627725130385, 0.007556252623517709, -0.020427260025578847, 0.03553752024937471, -0.009728963544788513, 0.0126840141787944, 0.009891393396810999, -0.009728963544789582, 3.491839906081431e-16, -0.011897288993815616, -0.005031129307524529, 3.341040099373318e-16, -0.009728963544789013, 1.0120963065463062e-05, -0.04636043044304072]
other derivatives: [ 0.24247129  0.10927579 -0.00181899  0.04820322  0.01714398  0.        ]
Current x array =  [-0.55610011 -0.65267467 -0.67926091  0.53499249 -0.64615239  0.33647224
  0.05804956 -2.66562767 -1.5304778  -1.72202774 -4.14862199 -2.08829974
 -4.19636862 -2.87763073 -4.72436909 -2.57871533 -2.87763073 -2.30258509
 -4.56120451 -1.89384864 -2.30258509 -2.87763073 -2.68556869  0.2430475 ]
log likelihood =  -2210.92893859
Edge derivatives =  [-0.0012843614240867773, 0.03501870210424405, -0.022601863091694763, 0.022686763274009092, 0.007921587278943605, -0.016085181606459276, 0.03584729360180694, -0.00931949671362968, 0.012876614214950857, 0.008607657773263916, -0.009319496713626599, 1.8463613882711412e-16, -0.011597892675256152, -0.0048357911176224455, 1.1202247016898559e-16, -0.009319496713624573, 0.0014525119142224374, -0.02338828020843664]
other derivatives: [ 0.06052687  0.01791705 -0.01059561  0.03369678  0.0131422   0.        ]
Current x array =  [-0.55590932 -0.65247178 -0.67923056  0.53513241 -0.64606689  0.33647224
  0.05804301 -2.66586832 -1.53059285 -1.72173171 -4.1486802  -2.08857798
 -4.19661381 -2.87766251 -4.72445429 -2.57866356 -2.87766251 -2.30258509
 -4.56144024 -1.8938558  -2.30258509 -2.87766251 -2.68574195  0.24287447]
log likelihood =  -2210.92891629
Edge derivatives =  [0.004209996626223178, 0.03513443736127878, -0.021050192892582364, 0.021038501769219398, 0.00858995491916419, -0.01352820581277156, 0.03588236071667437, -0.009427906383181, 0.012978005082084278, 0.007564790006040045, -0.009427906383180723, -1.1068369710822592e-15, -0.01127841279326899, -0.0051475138448315305, -1.1240819067057565e-15, -0.00942790638318064, 0.0009619618765945304, -0.010427226643695553]
other derivatives: [ 0.01646185 -0.02733032 -0.01282388  0.02487468  0.00177351  0.        ]
Current x array =  [-0.5558628  -0.65237806 -0.67923172  0.53525452 -0.64588871  0.33647224
  0.05798448 -2.66597041 -1.53073766 -1.7215998  -4.14905975 -2.08864259
 -4.1966759  -2.87770077 -4.72456482 -2.57849082 -2.87770077 -2.30258509
 -4.56271244 -1.89389993 -2.30258509 -2.87770077 -2.68543091  0.24276236]
log likelihood =  -2210.92886955
Edge derivatives =  [0.013252132170801012, 0.03491984431351835, -0.017714323262244425, 0.021397609241459836, 0.009141191162676362, -0.010781094276571312, 0.03525810481256587, -0.009917599651378728, 0.012786754496263753, 0.006622693392371204, -0.009917599651377118, -5.866279796654901e-16, -0.011138035733543963, -0.005782672181364912, -5.46754744454354e-16, -0.009917599651379741, -0.001099183062766157, 0.002810659282806771]
other derivatives: [-0.0219643  -0.0723503  -0.00950422  0.00823093 -0.02255547  0.        ]
Current x array =  [-0.55582594 -0.65228567 -0.67925761  0.53548977 -0.64552825  0.33647224
  0.05786094 -2.66563799 -1.53099997 -1.72154085 -4.14938823 -2.08864168
 -4.19625754 -2.87776905 -4.7245066  -2.57823129 -2.87776905 -2.30258509
 -4.56420321 -1.89398482 -2.30258509 -2.87776905 -2.68483666  0.24263147]
log likelihood =  -2210.92876323
Edge derivatives =  [0.02582626517625919, 0.03361427160147433, -0.009633254891146525, 0.025797541250849876, 0.009058330595598286, -0.0073468033900278285, 0.032802855949711884, -0.010953344620410532, 0.011814476740537174, 0.0061503469004137445, -0.010953344620411587, -1.7252180910760289e-16, -0.01165718379029549, -0.005626166035636426, -2.0091664979546072e-16, -0.01095334462041124, -0.005733078945597686, 0.012670223832896399]
other derivatives: [-0.07607923 -0.10595613  0.00181899 -0.01891749 -0.06375558  0.        ]
Current x array =  [-0.55577947 -0.65221649 -0.67931707  0.53586635 -0.64494164  0.33647224
  0.05762094 -2.66391852 -1.53157104 -1.72158699 -4.14934851 -2.0885402
 -4.19442634 -2.87792428 -4.7239246  -2.57785491 -2.87792428 -2.30258509
 -4.56487981 -1.89419131 -2.30258509 -2.87792428 -2.68393567  0.24249963]
log likelihood =  -2210.92855059
Edge derivatives =  [0.035612779720815724, 0.030368851668339164, 0.005887470042705956, 0.033582490323041725, 0.00913939664700221, -0.000770276350946203, 0.026969197770022442, -0.012831538915611021, 0.009755694081431232, 0.005151040286271252, -0.012831538915611035, -4.4441644990113003e-17, -0.012802820639013203, -0.001326066471276477, -4.447107308717946e-17, -0.01283153891561048, -0.01455511273563248, 0.02997726740643558]
other derivatives: [-0.13819772 -0.10945769  0.00668479 -0.0550699  -0.10040822  0.        ]
Current x array =  [-0.55572612 -0.65222097 -0.67938901  0.53630895 -0.64441633  0.33647224
  0.05728322 -2.6597056  -1.53279229 -1.72153199 -4.1495604  -2.0881939
 -4.19010185 -2.87830629 -4.72268842 -2.5769858  -2.87830629 -2.30258509
 -4.56591678 -1.89479417 -2.30258509 -2.87830629 -2.68208508  0.24229163]
log likelihood =  -2210.92821696
Edge derivatives =  [0.05121935483076162, 0.024826887753412012, 0.038946244571154365, 0.035037694593532454, 0.012255007225811302, 0.014339065983030502, 0.015615253053911222, -0.013344849766857222, 0.006519651451678973, -7.597892368430004e-05, -0.013344849766857222, 8.609219557248372e-16, -0.013586579329597222, 0.007338377535587026, 9.010985157531319e-16, -0.013344849766858194, -0.02760748935423779, 0.02242008363219128]
other derivatives: [-0.06198206 -0.25697773  0.1193257  -0.03028617 -0.12423698  0.        ]
Current x array =  [-0.55579034 -0.65198397 -0.67984535  0.53611668 -0.6442658   0.33647224
  0.0565603  -2.65054448 -1.53572394 -1.7204076  -4.15211584 -2.08730869
 -4.18112659 -2.87954662 -4.72082657 -2.57475345 -2.87954662 -2.30258509
 -4.57056658 -1.89611059 -2.30258509 -2.87954662 -2.67825703  0.24220183]
log likelihood =  -2210.92812857
Edge derivatives =  [0.008610335491194387, 0.012117199005550618, 0.05485398257441221, 0.03956171999080493, 0.011147951684197795, 0.022070612555287333, -0.002972223907819725, -0.014933161969582887, 0.00042049243135113684, -0.009000770088309934, -0.014933161969581735, -1.053445207225062e-15, -0.016985873207883945, 0.030460909458568497, -1.037498204537911e-15, -0.014933161969580527, -0.05230769572916097, 0.06103323973375385]
other derivatives: [-0.39767656  0.07626113 -0.2620709  -0.10227268 -0.06575647  0.        ]
Current x array =  [-0.55546001 -0.65270915 -0.67886813  0.53656064 -0.64507468  0.33647224
  0.05637417 -2.63702536 -1.53826552 -1.71939342 -4.15277858 -2.08577554
 -4.16759077 -2.88086179 -4.71704307 -2.57209902 -2.88086179 -2.30258509
 -4.57306196 -1.89802416 -2.30258509 -2.88086179 -2.67339226  0.24189551]
log likelihood =  -2210.92779726
Edge derivatives =  [0.009222984229979692, 0.01601280736149429, 0.045812126450262114, 0.029620361731277023, 0.012101352161499095, 0.01791536909923766, 0.0022703701063492045, -0.012564586952067483, 0.002405184733458906, -0.006061658580426954, -0.012564586952068149, -1.0801191701089114e-15, -0.015474576588739943, 0.02201838248055127, -1.063301535835638e-15, -0.012564586952068843, -0.04033279860251543, 0.02388397994354685]
other derivatives: [-0.11773409 -0.02805791 -0.01009539 -0.03064997 -0.03537934  0.        ]
Current x array =  [-0.55573026 -0.65250538 -0.67956326  0.5358258  -0.64559054  0.33647224
  0.05650348 -2.64025147 -1.53753109 -1.7192014  -4.15320785 -2.08600122
 -4.17110878 -2.88073218 -4.71826951 -2.57279457 -2.88073218 -2.30258509
 -4.57232805 -1.89743006 -2.30258509 -2.88073218 -2.67514586  0.24220688]
log likelihood =  -2210.92772765
Edge derivatives =  [-0.0007731462620665375, 0.01637903257619592, 0.03829012253608077, 0.023338864456181163, 0.01210352569093431, 0.012722138352784906, 0.002904248373536398, -0.010663020222318034, 0.0027005319249680006, -0.0062788088459658775, -0.010663020222316244, -1.1218356042138095e-16, -0.01499031536923497, 0.019302402232485527, -1.0159180673089958e-16, -0.010663020222317604, -0.03715147993828033, 0.004937616784248533]
other derivatives: [-0.00177351 -0.01600711  0.02441993  0.00513865  0.00291038  0.        ]
Current x array =  [-0.55583998 -0.6525434  -0.67965529  0.53538038 -0.64618394  0.33647224
  0.0566126  -2.64026567 -1.53723754 -1.7189436  -4.15346897 -2.08576555
 -4.17130372 -2.88087031 -4.71843756 -2.57286477 -2.88087031 -2.30258509
 -4.57250023 -1.89725353 -2.30258509 -2.88087031 -2.67552166  0.24238752]
log likelihood =  -2210.92768888
Edge derivatives =  [-0.010513213956143574, 0.01562749579997301, 0.030160934893094904, 0.015599335648524448, 0.011687989019580174, 0.008718804039677092, 0.002230420618454545, -0.00877905896532509, 0.002516442887128458, -0.007720569658083765, -0.00877905896532398, 1.4290130584595112e-15, -0.014770851729585893, 0.01833164532457099, 1.311680755948114e-15, -0.008779058965323064, -0.03541409672805615, -0.005131954113811288]
other derivatives: [ 0.03742571  0.0077307   0.01846274  0.01946319  0.02937668  0.        ]
Current x array =  [-0.55587771 -0.65259788 -0.67963209  0.53517233 -0.64658697  0.33647224
  0.05667387 -2.6393311  -1.53704524 -1.71856758 -4.15353229 -2.0855236
 -4.17054843 -2.88108314 -4.71826672 -2.57278672 -2.88108314 -2.30258509
 -4.57257068 -1.8971843  -2.30258509 -2.88108314 -2.67571603  0.24249373]
log likelihood =  -2210.92762517
Edge derivatives =  [-0.015333756687398448, 0.014245888436100036, 0.015777813929618856, 0.00012165004877817687, 0.010541253886312347, 0.0032879764910600795, 0.0010581845098501345, -0.005049457318731854, 0.002072885991463387, -0.011356854110074449, -0.0050494573187336855, 3.83544321126578e-15, -0.014244893658912738, 0.016030076087148848, 3.777815324212434e-15, -0.005049457318734324, -0.0319809201753756, -0.0070388292977596745]
other derivatives: [ 0.10186341  0.01978151 -0.01291482  0.02119123  0.04233698  0.        ]
Current x array =  [-0.55594848 -0.65262348 -0.6795284   0.53512776 -0.64678314  0.33647224
  0.05663519 -2.63752046 -1.53670652 -1.71783073 -4.1533585  -2.08525085
 -4.16907052 -2.88148159 -4.71783204 -2.57267131 -2.88148159 -2.30258509
 -4.57264205 -1.89699835 -2.30258509 -2.88148159 -2.67623179  0.24253809]
log likelihood =  -2210.92762452
Edge derivatives =  [-0.020951395326677225, 0.011111652413569859, -0.020501602516982187, -0.03481559280822355, 0.008005402043518024, -0.012121749272128085, -0.001482453767945681, 0.003353281366567623, 0.0011341969003230944, -0.016082090858060782, 0.0033532813665684003, -6.486841550909221e-18, -0.01323597160185758, 0.003485727451999432, 3.052279378228986e-17, 0.003353281366568636, -0.01835148003199108, -0.04680301296427203]
other derivatives: [-0.2491106   0.08499228  0.08180905  0.03919922  0.05106813  0.        ]
Current x array =  [-0.55560294 -0.65273258 -0.67975282  0.53479172 -0.64710783  0.33647224
  0.05645441 -2.63369691 -1.5357727  -1.71633625 -4.15266731 -2.08463693
 -4.16618721 -2.88237657 -4.71693416 -2.57277621 -2.88237657 -2.30258509
 -4.57160944 -1.89631573 -2.30258509 -2.88237657 -2.67817739  0.24285385]
log likelihood =  -2210.92758188
Edge derivatives =  [-0.018145860727881657, 0.012677386917687355, -0.002420574689859123, -0.017401961841869595, 0.009268944624932215, -0.004444784766002907, -0.00021522049618116768, -0.0008316649647692326, 0.0016020776198261907, -0.013728006341290538, -0.0008316649647683305, 1.091770135443501e-15, -0.013738794759214919, 0.00973758203877828, 1.0925016456365942e-15, -0.0008316649647716473, -0.0251363314206845, -0.02699002178412635]
other derivatives: [-0.07407834  0.05275069  0.03478817  0.03019522  0.04692993  0.        ]
Current x array =  [-0.55577509 -0.65267822 -0.67964101  0.53495914 -0.64694606  0.33647224
  0.05654448 -2.63560191 -1.53623795 -1.71708084 -4.15301168 -2.0849428
 -4.16762375 -2.88193067 -4.7173815  -2.57272395 -2.88193067 -2.30258509
 -4.57212391 -1.89665583 -2.30258509 -2.88193067 -2.67720804  0.24269653]
log likelihood =  -2210.92752668
Edge derivatives =  [-0.00900712188456071, 0.011071645216567352, -0.015341439227339881, -0.032016164738170816, 0.007580161463492052, -0.009018007266424405, -0.001596521173969901, 0.0032398448071804115, 0.000898967801358376, -0.018067219797467643, 0.00323984480718309, -3.8842310503804486e-17, -0.013076789945056993, 0.006209408234664093, -2.6460002374218143e-17, 0.0032398448071841723, -0.02178396677932931, -0.014193890368995765]
other derivatives: [ 0.03142304  0.04010872 -0.01309672  0.00709406  0.02032721  0.        ]
Current x array =  [-0.55589961 -0.65264719 -0.67949002  0.53527211 -0.64654257  0.33647224
  0.05632659 -2.63337717 -1.53593682 -1.71639946 -4.15249203 -2.08476284
 -4.16576504 -2.8823646  -4.71672372 -2.57264658 -2.8823646  -2.30258509
 -4.57228683 -1.89638585 -2.30258509 -2.8823646  -2.67782378  0.24260059]
log likelihood =  -2210.92750281
Edge derivatives =  [-0.0007408722565015458, 0.010943801921668432, -0.016438594366186443, -0.03285293199670236, 0.007109955172395925, -0.010316452902371182, -0.001209998457177841, 0.004457684919162139, 0.0009014920236237421, -0.018518515193313823, 0.00445768491916039, -8.933441030127025e-16, -0.01262759516573948, 0.003622115688758809, -8.694547526218179e-16, 0.004457684919161417, -0.019344775292090638, -0.003473761300374134]
other derivatives: [ 0.01346052 -0.01227818 -0.01696208 -0.00268301  0.00050022  0.        ]
Current x array =  [-0.55588539 -0.65252962 -0.67946771  0.53541856 -0.64624354  0.33647224
  0.05622057 -2.6331511  -1.5358217  -1.71640978 -4.15219013 -2.08483467
 -4.16570388 -2.88242565 -4.71662969 -2.57282384 -2.88242565 -2.30258509
 -4.57229341 -1.89618717 -2.30258509 -2.88242565 -2.67831162  0.24251212]
log likelihood =  -2210.92747586
Edge derivatives =  [0.011063696565006387, 0.01047621029776808, -0.012806243992469324, -0.027706894868103737, 0.006425031563852292, -0.010489533443079457, -0.001264686403408849, 0.005602451483864776, 0.0006201572313918359, -0.017329493343787, 0.005602451483864346, -2.7255722892857798e-17, -0.012094021792226139, -0.0003240742771401517, -3.5197019917543246e-17, 0.0056024514838638045, -0.01510316853183405, 0.011946854665225048]
other derivatives: [-0.00345608  0.01118678  0.0079126  -0.02182787 -0.03160494  0.        ]
Current x array =  [-0.55588096 -0.65256705 -0.6795288   0.53565962 -0.64575641  0.33647224
  0.05604585 -2.63241135 -1.53583708 -1.71669296 -4.15161115 -2.08497506
 -4.16525448 -2.88249273 -4.71634657 -2.57315785 -2.88249273 -2.30258509
 -4.57226695 -1.8959249  -2.30258509 -2.88249273 -2.67899723  0.24237171]
log likelihood =  -2210.92743847
Edge derivatives =  [0.012928735414414694, 0.009537877496007555, -0.0044216314173110005, -0.015376778472735997, 0.0054882960571837405, -0.013825039804497563, -0.0002769477728611393, 0.0080580140555091, 0.0006743294817725051, -0.015263889382865131, 0.008058014055510265, -1.1878052531201299e-16, -0.010967929411733912, -0.004246824070895494, -1.0715573087870381e-16, 0.008058014055505977, -0.008143865188258687, 0.017184106171133084]
other derivatives: [-0.06139089 -0.10059011 -0.00982254 -0.01850822 -0.03938112  0.        ]
Current x array =  [-0.5558203  -0.65231778 -0.67944289  0.53563098 -0.64564359  0.33647224
  0.05598562 -2.63157695 -1.53575403 -1.71734364 -4.15071629 -2.0852132
 -4.16503243 -2.88252107 -4.71607427 -2.57394456 -2.88252107 -2.30258509
 -4.57199883 -1.89546249 -2.30258509 -2.88252107 -2.68045144  0.2423579 ]
log likelihood =  -2210.92739755
Edge derivatives =  [0.009493226071088434, 0.008364765029637837, 0.0036621711311959904, -0.0036654401072836462, 0.004736275623903104, -0.015011228131039, -0.0005100077682990804, 0.009554753902081436, 0.0003812798283174927, -0.012736396586599669, 0.009554753902083116, -1.1576754864263673e-15, -0.010307552320842989, -0.0059360605650499165, -1.1295451788149994e-15, 0.009554753902082352, -0.0029304326753027132, 0.016090396096275272]
other derivatives: [-0.05479706 -0.06825758 -0.01000444 -0.01587068 -0.0336513   0.        ]
Current x array =  [-0.55583067 -0.65237614 -0.679422    0.53556297 -0.64571531  0.33647224
  0.05596388 -2.63028321 -1.53581284 -1.71789517 -4.15001527 -2.08536204
 -4.16425396 -2.88256324 -4.7156881  -2.57451158 -2.88256324 -2.30258509
 -4.57183772 -1.89520403 -2.30258509 -2.88256324 -2.6814043   0.24238945]
log likelihood =  -2210.92734462
Edge derivatives =  [-0.0005120955069596311, 0.005826834065685994, 0.014570481227344223, 0.014043899171930496, 0.0034437898345748424, -0.014048338753121004, -0.0019955811898077457, 0.011243434928444943, -0.00029164052351265263, -0.007663049610177469, 0.011243434928444249, -6.395936523399351e-16, -0.009296720807838142, -0.004252998740556235, -5.721508146219596e-16, 0.011243434928448176, 0.004277116620719834, 0.007431672731663896]
other derivatives: [ 0.00295586 -0.01614353  0.01227818 -0.00795808 -0.00154614  0.        ]
Current x array =  [-0.55589422 -0.65247353 -0.67945233  0.53537101 -0.64614867  0.33647224
  0.05594736 -2.62729286 -1.53583014 -1.71872103 -4.14879608 -2.08576348
 -4.1623153  -2.88253645 -4.71485986 -2.57555597 -2.88253645 -2.30258509
 -4.57199284 -1.89492272 -2.30258509 -2.88253645 -2.68283988  0.24252596]
log likelihood =  -2210.9273284
Edge derivatives =  [-0.0028668506716346687, 0.004895347189165802, 0.016601324739851986, 0.018792552911095606, 0.003005997663160457, -0.011538661781919729, -0.00266550035024625, 0.01115326612600026, -0.0004908514978710123, -0.006159791653268687, 0.011153266126000538, -5.760321084390315e-16, -0.009015367654646663, -0.0007034335410828207, -6.311637258431911e-16, 0.011153266126003036, 0.00498242974433985, 0.002568511183845601]
other derivatives: [-0.0172804   0.03592504 -0.03979039 -0.0043201   0.00691216  0.        ]
Current x array =  [-0.55587566 -0.65257525 -0.67928087  0.53527555 -0.64627344  0.33647224
  0.05592674 -2.62617796 -1.53572328 -1.71895385 -4.14831811 -2.08610838
 -4.16167044 -2.8823805  -4.71456648 -2.57603861 -2.8823805  -2.30258509
 -4.57248214 -1.89486953 -2.30258509 -2.8823805  -2.68326271  0.24259289]
log likelihood =  -2210.92730468
Edge derivatives =  [-0.004567629675161999, 0.003953755593861928, 0.013967127647095678, 0.018637727951302363, 0.00244838364450551, -0.007922260162457812, -0.003517473104637979, 0.010809019468917394, -0.0006653815675988113, -0.004345202789658248, 0.010809019468922071, -1.6235464221877594e-15, -0.008617040791728162, 0.0032867532449278314, -1.6040609075288164e-15, 0.010809019468926373, 0.00582286159028389, -0.006905199445385035]
other derivatives: [ 0.03142304  0.04815774 -0.02946763  0.00613909  0.01418812  0.        ]
Current x array =  [-0.55592824 -0.65259626 -0.67928532  0.53513527 -0.64639574  0.33647224
  0.05587788 -2.62484381 -1.53543977 -1.71901095 -4.14776651 -2.08657195
 -4.16094323 -2.88215998 -4.7142401  -2.57662469 -2.88215998 -2.30258509
 -4.57314731 -1.89479393 -2.30258509 -2.88215998 -2.6837741   0.24269743]
log likelihood =  -2210.92725664
Edge derivatives =  [-0.0031101971059823708, 0.002557696869728017, 0.005072211183099473, 0.01381215731788088, 0.0017290456649963273, 0.0036034981915606112, -0.005047842102483175, 0.00786822162801859, -0.0007883475061639875, -0.00072189869675654, 0.007868221628015704, -4.579575030117263e-18, -0.008067993284241088, 0.013708203789258577, -4.589683710223388e-18, 0.007868221628016175, 0.003864960055214889, -0.013988736131764767]
other derivatives: [ 0.05557013  0.04806679 -0.0214186   0.0169166   0.01573426  0.        ]
Current x array =  [-0.55595923 -0.65258208 -0.67925545  0.53498084 -0.64645133  0.33647224
  0.05575994 -2.62283557 -1.53472221 -1.71896686 -4.14677234 -2.08779758
 -4.1601105  -2.881421   -4.71377998 -2.57783693 -2.881421   -2.30258509
 -4.57513675 -1.89472794 -2.30258509 -2.881421   -2.68440142  0.24280937]
log likelihood =  -2210.92721914
Edge derivatives =  [-0.01092285316054964, 0.0009399096736458085, -0.0007673552117616333, 0.008976833720462318, 0.001135659159779475, 0.013974780897661687, -0.005993426579177931, 0.0015384112578799708, -0.000853501544627891, 0.003647865753162838, 0.001538411257879041, 1.4878551701632001e-15, -0.0077885706878454836, 0.014871931514449765, 1.502404751807221e-15, 0.0015384112578765013, -0.0007380379877734711, 0.008881193549166388]
other derivatives: [-0.00768523  0.04097274  0.00040927 -0.01336957  0.02769411  0.        ]
Current x array =  [-0.55590634 -0.65254037 -0.67926643  0.53525283 -0.6465369   0.33647224
  0.05581383 -2.62150929 -1.53411093 -1.71889535 -4.14580128 -2.08898257
 -4.16004335 -2.88029016 -4.71351014 -2.57907105 -2.88029016 -2.30258509
 -4.57780735 -1.89430984 -2.30258509 -2.88029016 -2.68462057  0.24272637]
log likelihood =  -2210.92721072
Edge derivatives =  [-0.0022897931328227927, 0.002072796780368251, -0.0028320204828159445, 0.003679447693776261, 0.0010115954262811533, 0.016527957645756625, -0.004417941507009051, -0.0022309777602751574, -0.0003175423479125847, 0.003577391952686859, -0.0022309777602753933, -1.1803770216485365e-15, -0.007586619929565101, 0.011962866048753018, -1.1735787966982143e-15, -0.0022309777602740055, -0.005279467120383213, 0.0074718968348779224]
other derivatives: [ 0.12682904 -0.01928129 -0.02523848 -0.00914042 -0.00331966  0.        ]
Current x array =  [-0.5560481  -0.65241527 -0.67916528  0.53532024 -0.64611176  0.33647224
  0.05575349 -2.62244618 -1.53376992 -1.71875005 -4.14554386 -2.08951051
 -4.16139835 -2.87958276 -4.71380826 -2.57956241 -2.87958276 -2.30258509
 -4.57926118 -1.89393385 -2.30258509 -2.87958276 -2.68456468  0.24274025]
log likelihood =  -2210.92719775
Edge derivatives =  [-0.004075754691324873, 0.0022348583126923782, -0.003125545245437733, 0.0027118701262824896, 0.0012142331167341591, 0.013855153726575087, -0.004251069683051497, -0.002218048508512954, -0.00029101345355450614, 0.003223551730690055, -0.0022180485085132595, -1.357976272468798e-15, -0.0077679615129977, 0.008489090607394778, -1.3485763545933428e-15, -0.0022180485085118856, -0.004737512980494879, 0.0007525801105752183]
other derivatives: [ 0.0041382  -0.01377884  0.0005457  -0.00741238 -0.00372893  0.        ]
Current x array =  [-0.55592047 -0.65242447 -0.6792454   0.53528107 -0.64614452  0.33647224
  0.0557843  -2.62285305 -1.53385767 -1.71869394 -4.14573243 -2.08927692
 -4.16164476 -2.87966523 -4.71392162 -2.57936233 -2.87966523 -2.30258509
 -4.57900237 -1.89389957 -2.30258509 -2.87966523 -2.68444069  0.24277474]
log likelihood =  -2210.92719573
Edge derivatives =  [-0.0037118534573506445, 0.0024283306774371474, -0.0022290847178315643, 0.003002964334294478, 0.0012163809155093797, 0.012054274202322024, -0.003960034322631149, -0.0022272346363562123, -0.0002564277660724902, 0.002985028338525708, -0.0022272346363543527, -1.9518686770880558e-15, -0.007776437719590603, 0.006037560973783329, -2.0080180764495108e-15, -0.002227234636354672, -0.004399604230334558, -0.0016285582118551467]
other derivatives: [-0.01459739 -0.00941327  0.00304681 -0.00613909 -0.00591172  0.        ]
Current x array =  [-0.55590112 -0.65243386 -0.67925413  0.53526802 -0.64612587  0.33647224
  0.05578819 -2.62307335 -1.53390686 -1.71869752 -4.14577519 -2.08916404
 -4.16183137 -2.87967911 -4.71398056 -2.57930578 -2.87967911 -2.30258509
 -4.57893347 -1.89382476 -2.30258509 -2.87967911 -2.68443404  0.24278623]
  status: 0
 success: True
    nfev: 100
     fun: 2210.927195733608
       x: array([-0.55590112, -0.65243386, -0.67925413,  0.53526802, -0.64612587,
        0.33647224,  0.05578819, -2.62307335, -1.53390686, -1.71869752,
       -4.14577519, -2.08916404, -4.16183137, -2.87967911, -4.71398056,
       -2.57930578, -2.87967911, -2.30258509, -4.57893347, -1.89382476,
       -2.30258509, -2.87967911, -2.68443404,  0.24278623])
 message: 'CONVERGENCE: REL_REDUCTION_OF_F_<=_FACTR*EPSMCH'
     jac: array([  1.45973900e-02,   9.41327016e-03,  -3.04680725e-03,
         6.13908924e-03,   5.91171556e-03,  -0.00000000e+00,
         3.71185346e-03,  -2.42833068e-03,   2.22908472e-03,
        -3.00296433e-03,  -1.21638092e-03,  -1.20542742e-02,
         3.96003432e-03,   2.22723464e-03,   2.56427766e-04,
        -2.98502834e-03,   2.22723464e-03,   1.95186868e-15,
         7.77643772e-03,  -6.03756097e-03,   2.00801808e-15,
         2.22723464e-03,   4.39960423e-03,   1.62855821e-03])
     nit: 88
