number of sites to be analyzed:  200
Successfully loaded parameter value from ./save/MG94_Force_ENSG00000134107_ENSG00000123095_nonclock_save.txt
log likelihood =  -2085.08378836
Edge derivatives =  [-5.276540516874581e-16, -4.768074306447484e-16, -0.00317362246174558, -0.0031736224617451986, 0.00046227831555967214, -0.003307292256379664, -0.0021904721240353572, -0.001211593318852209, -0.0026031213858075004, 0.0020219532179689415, -0.0012115933188518585, -4.364007856991632e-15, -4.78320857137576e-05, 0.004597094255201377, -4.333920982777199e-15, -0.001211593318851529, -0.008473326678159008, -0.004201396508129354]
other derivatives: [-0.00572982 -0.01759872 -0.00200089  0.00213731 -0.00422915  0.        ]
Current x array =  [ -0.67878619  -0.65590359  -0.59526977   0.66473985  -1.47305483
   0.33647224  -2.30258509  -2.30258509  -3.06016389  -3.06016389
  -0.08436925  -3.4097017   -4.1474392   -4.75548536  -5.35423552
  -3.23956657  -4.75548536  -2.30258509 -15.91196885  -4.36439553
  -2.30258509  -4.75548536  -5.27657497  -4.87423329]
log likelihood =  -2085.184526
Edge derivatives =  [9.500803675486732e-17, 1.0072353432213084e-15, 0.05493001791711664, 0.05493001791712737, 0.6808926132419661, 0.027926265494911486, 0.01993801771476389, 0.01301502336532881, 0.008270147052092194, 0.006602721704021097, 0.013015023365331804, -2.7241810926998047e-18, -4.770114921019425e-05, -0.005652172953767798, 2.1531517677846475e-17, 0.013015023365330919, 0.013458423628590998, 0.015886257324185842]
other derivatives: [ 5.66428753  9.2870323   1.45837475 -0.1497483   0.17266757  0.        ]
Current x array =  [ -0.684516    -0.67350231  -0.59727066   0.66687717  -1.47728398
   0.33647224  -2.30258509  -2.30258509  -3.06333752  -3.06333752
  -0.08390698  -3.413009    -4.14962967  -4.75669696  -5.35683864
  -3.23754462  -4.75669696  -2.30258509 -15.91201668  -4.35979844
  -2.30258509  -4.75669696  -5.2850483   -4.87843469]
log likelihood =  -2085.08378768
Edge derivatives =  [-5.428296501856649e-16, 1.0617573075658642e-16, -0.0030206053838450903, -0.003020605383846277, 0.0022930436758554773, -0.003224917760118594, -0.0021317022993194157, -0.0011738840360079258, -0.0025744072757785327, 0.0020378624589488803, -0.0011738840360074922, 1.788865645881478e-15, -4.783173418476392e-05, 0.004572101725285497, 1.8040055859210573e-15, -0.0011738840360079224, -0.00841591022847806, -0.004148591211018286]
other derivatives: [ 0.00923137  0.00713953  0.00186446  0.00186446 -0.0037744   0.        ]
Current x array =  [ -0.67880096  -0.65594896  -0.59527493   0.66474536  -1.47306573
   0.33647224  -2.30258509  -2.30258509  -3.06017207  -3.06017207
  -0.08436806  -3.40971023  -4.14744485  -4.75548849  -5.35424223
  -3.23956136  -4.75548849  -2.30258509 -15.91196897  -4.36438368
  -2.30258509  -4.75548849  -5.27659681  -4.87424412]
  status: 0
 success: True
    nfev: 3
     fun: 2085.083787679429
       x: array([ -0.67880096,  -0.65594896,  -0.59527493,   0.66474536,
        -1.47306573,   0.33647224,  -2.30258509,  -2.30258509,
        -3.06017207,  -3.06017207,  -0.08436806,  -3.40971023,
        -4.14744485,  -4.75548849,  -5.35424223,  -3.23956136,
        -4.75548849,  -2.30258509, -15.91196897,  -4.36438368,
        -2.30258509,  -4.75548849,  -5.27659681,  -4.87424412])
 message: 'CONVERGENCE: REL_REDUCTION_OF_F_<=_FACTR*EPSMCH'
     jac: array([ -9.23137122e-03,  -7.13953341e-03,  -1.86446414e-03,
        -1.86446414e-03,   3.77440301e-03,  -0.00000000e+00,
         5.42829650e-16,  -1.06175731e-16,   3.02060538e-03,
         3.02060538e-03,  -2.29304368e-03,   3.22491776e-03,
         2.13170230e-03,   1.17388404e-03,   2.57440728e-03,
        -2.03786246e-03,   1.17388404e-03,  -1.78886565e-15,
         4.78317342e-05,  -4.57210173e-03,  -1.80400559e-15,
         1.17388404e-03,   8.41591023e-03,   4.14859121e-03])
     nit: 1
