number of sites to be analyzed:  30
log likelihood =  -521.98519736
Edge derivatives =  [31.283579905815486, 1.1311826835793475, 0.8588805850788009, 13.104092841163947, -4.590142925607405, -4.027274386043467, -4.930170946426108, -5.074921394616614, -5.90443762804266, -4.919559815037236, -5.074921394616613, 9.084320393710248e-17, -5.936247401039965, -5.937226626101192, 1.0048253038527267e-16, -5.074921394616614, -5.937752159075613, -5.937752159075613]
other derivatives: [  8.13005272 -17.34791795  -0.84669409  12.14779104 -17.22823981   0.        ]
Current x array =  [-0.72098198 -0.42789214 -0.6008487   0.18232156 -0.10536052  0.33647224
 -2.30258509 -2.30258509 -2.30258509 -2.30258509 -2.30258509 -2.30258509
 -2.30258509 -2.30258509 -2.30258509 -2.30258509 -2.30258509 -2.30258509
 -2.30258509 -2.30258509 -2.30258509 -2.30258509 -2.30258509 -2.30258509]
log likelihood =  -486.929306281
Edge derivatives =  [27.71128878775502, 0.7165220435740277, 0.42485172525614023, 10.877458724459883, -4.055813150001001, -3.5916403440166795, -4.336092852659321, -4.477962486063925, -5.20397694116653, -4.3288544715628605, -4.477962486063925, -5.531662006969918e-17, -5.233360023313797, -5.233989245987162, -6.080411467795943e-17, -4.477962486063926, -5.234516013911927, -5.234516013911927]
other derivatives: [  3.68955284  22.46486019   0.20354491   6.01798433 -11.94862307   0.        ]
Current x array =  [-0.706798   -0.79461208 -0.61874708  0.43911532 -0.46955056  0.33647224
 -1.64127735 -2.27867287 -2.2844291  -2.02557594 -2.39961673 -2.38771818
 -2.40680463 -2.40986453 -2.42739978 -2.40658032 -2.40986453 -2.30258509
 -2.42807221 -2.42809291 -2.30258509 -2.40986453 -2.42810402 -2.42810402]
log likelihood =  -435.52890564
Edge derivatives =  [-6.66485177558083, -0.6714577996006592, 0.21612954448788785, 1.976825688331658, -2.7011966127849134, -2.1966930831753753, -2.8041432424433568, -2.901760038831755, -3.4727081422286528, -2.794014546981663, -2.901760038831755, 5.448031838218781e-17, -3.4979392460702377, -3.498857672218032, 3.8560289848438226e-17, -2.901760038831755, -3.499614858093269, -3.499614858093269]
other derivatives: [ -6.43325393  36.83227874  -5.69488066  -2.27549322  -1.73010903   0.        ]
Current x array =  [-0.68749804 -0.88565876 -0.64817906  1.11153149 -1.51872264  0.33647224
  0.43216612 -2.21168894 -2.23690531 -1.17748737 -2.70356183 -2.65532024
 -2.73270096 -2.74573673 -2.81800578 -2.73183383 -2.74573673 -2.30258509
 -2.82082027 -2.82089921 -2.30258509 -2.74573673 -2.82094686 -2.82094686]
log likelihood =  -429.706791941
Edge derivatives =  [3.1116405461013787, -0.18541999966219558, 0.4275272588506608, -0.638485052297063, -1.8654051693914657, -1.2021149913554043, -2.033890490686845, -2.054993970255305, -2.5771033516019943, -1.9470182188914702, -2.054993970255305, 3.7908948144883355e-19, -2.5913259622926446, -2.5922253186422783, 3.6674733685652433e-19, -2.054993970255305, -2.592602302983848, -2.592602302983848]
other derivatives: [ 21.92055035 -37.38281862  23.79242687  -2.8658576    3.64312882   0.        ]
Current x array =  [-0.8924149  -0.34943028 -1.00861531  1.27309189 -1.90286274  0.33647224
  0.36726743 -2.22788685 -2.2044025  -0.91226092 -2.89989288 -2.81671429
 -2.93886943 -2.95829233 -3.07091388 -2.93725519 -2.95829233 -2.30258509
 -3.0754071  -3.07555545 -2.30258509 -2.95829233 -3.07564838 -3.07564838]
log likelihood =  -422.338520126
Edge derivatives =  [-0.6920732777586247, -0.30794316686352147, 0.2484531769756923, 0.31027804171999207, -1.9945997774875384, -1.4770701412939506, -2.126735842129894, -2.213260336561269, -2.7257592452118873, -2.089338700542202, -2.2132603365612686, 8.841072254241064e-17, -2.7429036848830632, -2.7435990991343377, 8.842686850505233e-17, -2.2132603365612686, -2.744041060530578, -2.744041060530578]
other derivatives: [ 5.59277282  9.03533532  7.92772425 -1.95649363  1.96388896  0.        ]
Current x array =  [-0.74472195 -0.57034276 -0.7889349   1.21826255 -1.7926073   0.33647224
  0.47011968 -2.22234976 -2.21198289 -0.97115893 -2.85759579 -2.78115179
 -2.89494952 -2.9128649  -3.01713551 -2.89316325 -2.9128649  -2.30258509
 -3.0212481  -3.02138022 -2.30258509 -2.9128649  -3.02146224 -3.02146224]
log likelihood =  -420.493146084
Edge derivatives =  [-1.7422396319862734, -0.2859640144262338, 0.0732500041333675, -0.5188814577326595, -1.8635404958023294, -1.3837020008608205, -1.9778173422813272, -2.091062242786131, -2.574832647987112, -1.954053251886378, -2.091062242786131, -4.2978846219675406e-17, -2.5913243484913955, -2.5919109512916574, -4.3606202966185315e-17, -2.091062242786131, -2.5923312706057566, -2.5923312706057566]
other derivatives: [-0.55101737  2.01844159  2.3261407  -1.15741159  1.9228537   0.        ]
Current x array =  [-0.69793057 -0.52222343 -0.73845695  1.25246265 -1.86509431  0.33647224
  0.58176817 -2.22205934 -2.20464845 -0.90115264 -2.90522069 -2.81986201
 -2.9456348  -2.9651838  -3.07962035 -2.94340544 -2.9651838  -2.30258509
 -3.08411281 -3.08425923 -2.30258509 -2.9651838  -3.08435016 -3.08435016]
log likelihood =  -418.104590683
Edge derivatives =  [-1.8390797351980859, -0.2048568708014547, -0.16166280881234985, -2.3477959157354134, -1.4916988540976641, -1.0672157933768758, -1.59555696710986, -1.7321844442422636, -2.1678649904664846, -1.5758939836743917, -1.7321844442422636, 8.39594067530072e-17, -2.181623494541153, -2.1819369979790793, 1.0792473955596474e-16, -1.7321844442422636, -2.182253809659036, -2.182253809659036]
other derivatives: [ -1.88796321 -12.86387601  -2.56435442  -0.40627697   1.8731896    0.        ]
Current x array =  [-0.69360316 -0.44653394 -0.70726162  1.33907151 -2.0389695   0.33647224
  0.78720454 -2.22503182 -2.18751606 -0.74211597 -3.03810493 -2.92709403
 -3.08665021 -3.11146715 -3.25481115 -3.08336355 -3.11146715 -2.30258509
 -3.26039152 -3.26057826 -2.30258509 -3.11146715 -3.2606955  -3.2606955 ]
log likelihood =  -415.659781443
Edge derivatives =  [-1.53092884079704, -0.12884492223349528, -0.30585286010226176, -3.922774020510637, -1.0784768237852924, -0.7070900992752898, -1.1807652534796784, -1.3327591469047118, -1.738609684748457, -1.161390778099481, -1.3327591469047118, 2.7899012732889803e-18, -1.7485145744748447, -1.7485563300740221, 1.7675893775308607e-17, -1.3327591469047115, -1.748716706136446, -1.748716706136446]
other derivatives: [ -1.10298402 -14.47901923  -3.86241368  -0.1212527    1.50842538   0.        ]
Current x array =  [-0.70135642 -0.43726239 -0.70276349  1.43072631 -2.21975451  0.33647224
  1.00797651 -2.23026112 -2.1701132  -0.58574214 -3.20182626 -3.05805088
 -3.2605582  -3.29263842 -3.47269841 -3.25588759 -3.29263842 -2.30258509
 -3.47963474 -3.47986905 -2.30258509 -3.29263842 -3.48001879 -3.48001879]
log likelihood =  -415.197239274
Edge derivatives =  [-5.825551888486686, -0.07736445496978227, 0.041495092410606726, -1.2480930847421, -0.33456375325468757, 0.14388048253669203, -0.3096860205458524, -0.5157673655710414, -0.8928423828311025, -0.3237122448995874, -0.5157673655710415, 3.7697022626014485e-16, -0.8920990586639727, -0.8919076103367011, 3.7712311037290247e-16, -0.5157673655710415, -0.891784294165425, -0.891784294165425]
other derivatives: [-41.10901841 -13.61457862  16.59556119   0.23370603  -1.24112489   0.        ]
Current x array =  [-0.50675286 -0.43688158 -0.91784179  1.6177066  -2.59610551  0.33647224
  1.52003452 -2.25002852 -2.16642376 -0.7393986  -3.68810888 -3.42737957
 -3.78462969 -3.8524884  -4.16834228 -3.7740447  -3.8524884  -2.30258509
 -4.17929613 -4.17962384 -2.30258509 -3.8524884  -4.17985187 -4.17985187]
log likelihood =  -412.987903547
Edge derivatives =  [-3.5150543591536736, -0.0933176599862396, -0.1336279148084812, -2.534564166005762, -0.6418659721908124, -0.24181727974544037, -0.6819086105871167, -0.8592650261360459, -1.2338451474977028, -0.6805646566471957, -0.8592650261360458, 3.7330007224511067e-16, -1.2367569926255935, -1.2366125799744292, 3.5879959972576824e-16, -0.8592650261360456, -1.236556324212194, -1.236556324212194]
other derivatives: [-18.02962402 -13.9563042    8.5831573    0.26732891   0.06223217   0.        ]
Current x array =  [-0.60028913 -0.43706461 -0.81446433  1.52783446 -2.41521228  0.33647224
  1.27391366 -2.24052731 -2.16819709 -0.66554357 -3.45437697 -3.24986161
 -3.53273455 -3.58339632 -3.83398082 -3.52499231 -3.58339632 -2.30258509
 -3.84300364 -3.84328647 -2.30258509 -3.58339632 -3.84347687 -3.84347687]
log likelihood =  -409.295550878
Edge derivatives =  [-2.432756603824425, -0.05322793014838138, 0.34385814659924924, -1.2693483128235787, -0.14596245696497206, 0.29048576001319104, -0.1721856593426773, -0.35971235027518755, -0.7577342327595158, -0.15766021361253083, -0.3597123502751877, 2.66389717599042e-16, -0.7587365757812541, -0.7585222373487054, 2.8852012428168183e-16, -0.3597123502751876, -0.7584236618164937, -0.7584236618164937]
other derivatives: [ 1.16395995  0.3931234   2.73152523 -1.84755891  1.6152967   0.        ]
Current x array =  [-0.7012876  -0.49603253 -0.75810668  1.64790126 -2.66953182  0.33647224
  1.55520906 -2.2563763  -2.15561866 -0.66378947 -3.78114492 -3.498935
 -3.88295938 -3.95577093 -4.29403255 -3.87160845 -3.95577093 -2.30258509
 -4.30573931 -4.30609436 -2.30258509 -3.95577093 -4.30634055 -4.30634055]
log likelihood =  -408.31880145
Edge derivatives =  [-1.337658007416814, -0.03359692632353411, 0.6439253226270975, -0.02275993605511853, -0.08128382273957141, 0.40687528240164683, -0.06492917455527038, -0.2625635655368629, -0.6606817009384819, -0.05581881118625806, -0.2625635655368627, -1.114445936579154e-16, -0.661068876495414, -0.6608603697170158, -6.701312412361771e-17, -0.26256356553686266, -0.6607554169919496, -0.6607554169919496]
other derivatives: [ 0.11038424  2.84093744 -0.28322233 -2.05006359  2.90395406  0.        ]
Current x array =  [-0.68961573 -0.50907432 -0.73156613  1.61416379 -2.64787496  0.33647224
  1.47909889 -2.26691182 -2.15596898 -0.79626628 -3.87206666 -3.55958753
 -3.98137064 -4.06440915 -4.43539185 -3.96850512 -4.06440915 -2.30258509
 -4.44786631 -4.44823441 -2.30258509 -4.06440915 -4.44849392 -4.44849392]
log likelihood =  -406.533725424
Edge derivatives =  [-1.1246221515981787, -0.051555049616288894, 1.3977934792549265, 2.287882088390318, 0.013811517201036533, 0.6167644146538371, 0.11787050876919053, -0.09016564110714756, -0.492604771399869, 0.1197891987242202, -0.09016564110714737, 4.330144393534967e-17, -0.4918326109080689, -0.49165429082588785, 4.383068445759201e-17, -0.0901656411071472, -0.49154768694274165, -0.49154768694274165]
other derivatives: [ 0.22569679  4.60893261 -1.95027496 -1.20940058  3.33985781  0.        ]
Current x array =  [-0.68438138 -0.52172352 -0.71400825  1.44749105 -2.42754518  0.33647224
  1.20602007 -2.29316633 -2.1348001  -1.11842556 -4.05300994 -3.66132177
 -4.17602225 -4.28660209 -4.7371247  -4.15966882 -4.28660209 -2.30258509
 -4.75112323 -4.75150944 -2.30258509 -4.28660209 -4.75179158 -4.75179158]
log likelihood =  -402.900423442
Edge derivatives =  [-0.9979514706853003, -0.24744394947485956, 0.7333476683457504, 2.6999094847482734, 0.06175077873684397, 0.7528557005041572, 0.27716058228021023, 0.07496533091678573, -0.3309942533187725, 0.27238756281080556, 0.07496533091678567, -4.492537474014295e-17, -0.3292431444278239, -0.3291177599577538, -4.4622856035965004e-17, 0.0749653309167859, -0.329029046993173, -0.329029046993173]
other derivatives: [ -7.98496558e-01   9.70254632e+00  -9.03241926e-03  -1.66587029e+00
   3.52495704e+00   0.00000000e+00]
Current x array =  [-0.66722643 -0.57250184 -0.70906213  1.16874368 -1.80554081  0.33647224
  0.4704889  -2.34088262 -1.9314696  -1.32733188 -4.26456927 -3.70210147
 -4.38961969 -4.55796604 -5.15223384 -4.36859889 -4.55796604 -2.30258509
 -5.16792315 -5.16830974 -2.30258509 -4.55796604 -5.16860641 -5.16860641]
log likelihood =  -580.146255633
Edge derivatives =  [28.335729722727578, 3.107641290262239, -9.065399994553582, 18.964937802434367, 0.7746029129660381, 0.15042662688704622, 0.6174300235944433, 0.4208985708480218, -0.07053986898954133, 0.6005252213161959, 0.42089857084802157, -1.1841920983886402e-16, -0.06918941122574464, -0.06916823293677074, -1.0361648213734779e-16, 0.42089857084802434, -0.06914689865673156, -0.06914689865673156]
other derivatives: [-11.4075533   13.67357072  -1.07535243  18.96934236 -27.35692988   0.        ]
Current x array =  [-0.60487812 -0.75286693 -0.59648917 -0.46476734  1.82091083  0.33647224
 -3.71389991 -2.59526083 -0.93888295 -2.35774705 -4.98523192 -3.59797057
 -5.07822334 -5.52642021 -6.77781124 -5.03776245 -5.52642021 -2.30258509
 -6.79910698 -6.7994132  -2.30258509 -5.52642021 -6.79972194 -6.79972194]
log likelihood =  -402.403149274
Edge derivatives =  [-0.05327389279055492, -0.28169783922382213, 0.4445354090620112, 2.882986087436866, 0.06081253673411635, 0.7573201497069031, 0.290960948083258, 0.09063936700252787, -0.31516218832986076, 0.28550205231056724, 0.09063936700252774, -5.094203877585822e-17, -0.3133209047852394, -0.3132020124876974, -3.660098836903883e-17, 0.09063936700252807, -0.31311628453488416, -0.31311628453488416]
other derivatives: [-0.71404997  9.98821861  0.38353392 -1.72875616  3.21545599  0.        ]
Current x array =  [-0.66522093 -0.57830347 -0.7054411   1.11620009 -1.68889221  0.33647224
  0.33589367 -2.34906496 -1.89954202 -1.36047626 -4.28775014 -3.698752
 -4.41176935 -4.58911738 -5.20452224 -4.39012323 -4.58911738 -2.30258509
 -5.22039188 -5.22077588 -2.30258509 -4.58911738 -5.22107295 -5.22107295]
log likelihood =  -402.522615291
Edge derivatives =  [-3.0767006891592534, -0.656712477015844, -1.4338786052239407, 2.01274897399317, 0.04818548316130305, 0.7399437912396896, 0.369654244735074, 0.18438604094104427, -0.22226167287147083, 0.3596746042436959, 0.18438604094104452, 3.031602132373328e-16, -0.22039726494747974, -0.2203203885406343, 3.1808545350396403e-16, 0.18438604094104463, -0.2202585822922655, -0.2202585822922655]
other derivatives: [ 2.6223745   7.613761   -3.74910769  3.53429073 -5.04753075  0.        ]
Current x array =  [-0.69135308 -0.57506184 -0.62349575  0.76149553 -1.04962224  0.33647224
  0.13014502 -2.41519679 -1.79362861 -1.30388    -4.43920176 -3.63577583
 -4.53925397 -4.78877782 -5.56810556 -4.51442346 -4.78877782 -2.30258509
 -5.58499126 -5.58534102 -2.30258509 -4.78877782 -5.58563139 -5.58563139]
log likelihood =  -401.536181687
Edge derivatives =  [-2.196019440780111, -0.4995325762791749, -0.4404417498745427, 2.4221443885289413, 0.05383723353635436, 0.7520242498024213, 0.33059886497885077, 0.1382939781906325, -0.26572796377308966, 0.32276894689866076, 0.1382939781906328, 1.999468763984095e-16, -0.26385951616895637, -0.2637631589920991, 1.9987812143375038e-16, 0.138293978190633, -0.26368979495448885, -0.26368979495448885]
other derivatives: [ 0.81953999  8.78824835 -1.4694308   0.75405069 -0.80936502  0.        ]
Current x array =  [-0.67796553 -0.57672253 -0.66547651  0.94321134 -1.37712143  0.33647224
  0.23555044 -2.38131733 -1.84788825 -1.33287437 -4.36161281 -3.66803864
 -4.47394336 -4.68649141 -5.38184115 -4.45074422 -4.68649141 -2.30258509
 -5.39820632 -5.39857362 -2.30258509 -4.68649141 -5.39886742 -5.39886742]
log likelihood =  -401.337423591
Edge derivatives =  [1.370692875340588, -0.4074575789839714, -0.7903345699718873, 1.5383143417830292, 0.02496040227093182, 0.8499570480099454, 0.37816041143858187, 0.19475431950980038, -0.22036526992484873, 0.37460738838200597, 0.1947543195098005, -3.9968645094792794e-16, -0.2186619177362275, -0.21858282480039057, -3.9966260555964233e-16, 0.19475431950980063, -0.21852059905777957, -0.21852059905777957]
other derivatives: [ 10.48362037  -4.32601723   4.37315748   0.16018475  -0.38563712   0.        ]
Current x array =  [-0.73106094 -0.4780436  -0.73178003  0.94540373 -1.34593634  0.33647224
  0.09926511 -2.42150649 -1.83823036 -1.23707436 -4.45327529 -3.66161669
 -4.55227444 -4.79618296 -5.56656812 -4.52801924 -4.79618296 -2.30258509
 -5.58356672 -5.58393003 -2.30258509 -4.79618296 -5.58422743 -5.58422743]
log likelihood =  -400.717414027
Edge derivatives =  [-0.4939092327921657, -0.43083442308636755, -1.1434234161298968, 0.5354844189535072, 0.015460750394247602, 0.781294917994256, 0.3475224981648621, 0.1650112657645617, -0.23906860023525853, 0.3417238090161337, 0.16501126576456182, -2.967820918880573e-16, -0.23732058259328173, -0.23723526524510377, -3.2600772373289913e-16, 0.16501126576456235, -0.23716917175244945, -0.23716917175244945]
other derivatives: [ 2.39124347 -0.04802132  1.38441578  0.21721576 -0.43570481  0.        ]
Current x array =  [-0.68227315 -0.50622201 -0.69527078  0.97558886 -1.37729318  0.33647224
  0.17240443 -2.41262968 -1.83212001 -1.14321088 -4.40828975 -3.63765434
 -4.50411675 -4.74019267 -5.48910948 -4.48070821 -4.74019267 -2.30258509
 -5.50573436 -5.50609573 -2.30258509 -4.74019267 -5.50638838 -5.50638838]
log likelihood =  -400.628541018
Edge derivatives =  [-0.21054282802790453, -0.4136884027827155, -1.3546918586545973, 0.024208989596404717, -0.003933604835266667, 0.7440973347777108, 0.3340195769495387, 0.15580597547523692, -0.24150495590260482, 0.3274556743610013, 0.15580597547523706, -1.2515680467116622e-16, -0.2397551306093776, -0.2396702300334024, -1.4026988117216364e-16, 0.15580597547523745, -0.2396043619061876, -0.2396043619061876]
other derivatives: [-0.34508503 -0.25114559  0.41471822  0.19642243 -0.42480224  0.        ]
Current x array =  [-0.66497694 -0.50469642 -0.68247777  0.97595919 -1.36372231  0.33647224
  0.14913289 -2.42061264 -1.83895103 -1.0951096  -4.39683536 -3.61050976
 -4.48511741 -4.72543136 -5.48172719 -4.46197666 -4.72543136 -2.30258509
 -5.49822005 -5.49857604 -2.30258509 -4.72543136 -5.4988648  -5.4988648 ]
log likelihood =  -400.548154232
Edge derivatives =  [-0.2411338063478889, -0.39690221574995455, -1.360809966479461, -0.4019786295992159, -0.02632881488575714, 0.7039668089548062, 0.3196421863969704, 0.14772026182584327, -0.24210657970505817, 0.3128239197291851, 0.1477202618258432, -9.569675347409643e-17, -0.2403979446731448, -0.24031440098656082, -1.2554322107307196e-16, 0.14772026182584336, -0.24024947185427226, -0.24024947185427226]
other derivatives: [-1.21868311 -1.36257654 -0.25725626  0.17301431 -0.25544864  0.        ]
Current x array =  [-0.65924729 -0.49757297 -0.6751779   0.98053216 -1.37214816  0.33647224
  0.1494209  -2.43450387 -1.87320488 -1.05073962 -4.38767433 -3.57648058
 -4.46432783 -4.71122116 -5.48030856 -4.44154113 -4.71122116 -2.30258509
 -5.49666548 -5.4970149  -2.30258509 -4.71122116 -5.49729925 -5.49729925]
log likelihood =  -400.324825543
Edge derivatives =  [0.6155655086684575, -0.3246502538303842, -1.2196083138323355, -1.1592278373918803, -0.10510875474947567, 0.5313840318153915, 0.26403538501769797, 0.11906137394322551, -0.24272246694015895, 0.25693579081853113, 0.11906137394322554, -2.9444742481045374e-17, -0.24109676615861017, -0.2410194269335856, -1.473017019094636e-17, 0.11906137394322573, -0.24095834509389885, -0.24095834509389885]
other derivatives: [-2.88552542 -1.75125479 -0.76699962  0.20046969 -0.06284608  0.        ]
Current x array =  [-0.6473787  -0.49599763 -0.66605839  0.9631774  -1.3513179   0.33647224
  0.09750112 -2.48903083 -2.00953798 -0.96253483 -4.35459769 -3.44690552
 -4.38721906 -4.66002918 -5.48012724 -4.36555426 -4.66002918 -2.30258509
 -5.49598584 -5.49630842 -2.30258509 -4.66002918 -5.49657555 -5.49657555]
log likelihood =  -400.015578209
Edge derivatives =  [0.4070744920963234, -0.26673786414130696, -0.6497927989390752, -1.0902674334693865, -0.19339642943172672, 0.26319934821598795, 0.19707227872987546, 0.09139114643556207, -0.23340883610607502, 0.18919826976932808, 0.09139114643556212, 0.0, -0.2320121986595569, -0.2319453584656572, 0.0, 0.09139114643556209, -0.23189138276773882, -0.23189138276773882]
other derivatives: [-2.21806999 -3.59008823 -2.86306658  0.31204763  0.3096261   0.        ]
Current x array =  [-0.64869199 -0.48535074 -0.64436239  0.95371211 -1.35808524  0.33647224
  0.10361185 -2.57656265 -2.2531274  -0.92375334 -4.33955009 -3.27534595
 -4.29965243 -4.61309641 -5.52032768 -4.27948059 -4.61309641 -2.30258509
 -5.53565962 -5.53594934 -2.30258509 -4.61309641 -5.53619579 -5.53619579]
log likelihood =  -399.68784023
Edge derivatives =  [0.5450825950436248, -0.18508540158606374, -0.16948080377531263, -1.0799101163246803, -0.29967054656788683, -0.24855286035935398, 0.09875293950157726, 0.0654523141364028, -0.20962822562668923, 0.09279233325900077, 0.06545231413640319, -5.0941255185594705e-17, -0.2083921128870166, -0.2083427109083255, -3.6575347755755633e-17, 0.06545231413640323, -0.20830006925351033, -0.20830006925351033]
other derivatives: [-2.38331381 -1.66966174  1.34522224  0.63149059 -0.26083171  0.        ]
Current x array =  [-0.64671283 -0.49843044 -0.6849093   0.92725793 -1.31425256  0.33647224
  0.09067291 -2.72103433 -2.61021565 -0.87554313 -4.34484384 -3.01983714
 -4.1847387  -4.56718654 -5.62798363 -4.16665426 -4.56718654 -2.30258509
 -5.64265237 -5.64289065 -2.30258509 -4.56718654 -5.64310607 -5.64310607]
log likelihood =  -399.530535688
Edge derivatives =  [0.5215881590738307, -0.16760765041217077, 0.13861619089836963, 0.14360475430505926, -0.290221785903616, -0.3872038439858846, 0.10035913416185355, 0.08518802825852219, -0.18625623758460919, 0.09435756968155017, 0.08518802825852251, 4.4405720612170315e-17, -0.1852337210920506, -0.18519220777919498, 4.440570602692629e-17, 0.08518802825852254, -0.18515550234332592, -0.18515550234332592]
other derivatives: [ 2.75292109  0.85804572 -0.83333589  0.21820483  0.0243574   0.        ]
Current x array =  [-0.67533177 -0.51641109 -0.66201301  0.93951523 -1.31487955  0.33647224
  0.10523044 -2.78930404 -2.75896071 -0.92473337 -4.40076285 -2.95591491
 -4.18140156 -4.59620624 -5.74105562 -4.1637783  -4.59620624 -2.30258509
 -5.75577725 -5.75600233 -2.30258509 -4.59620624 -5.75621109 -5.75621109]
log likelihood =  -399.469051662
Edge derivatives =  [-0.012959334301883702, -0.18043541880324768, 0.18079775262845224, 0.38057536870313524, -0.2797541398003317, -0.3682083556158825, 0.11657537597244548, 0.10078692286236034, -0.17632900711211577, 0.11043549999703192, 0.10078692286236039, -2.4371920026864095e-16, -0.17531848505194983, -0.17527936710904105, -2.439736263365239e-16, 0.10078692286236053, -0.17524439015193488, -0.17524439015193488]
other derivatives: [ 2.46010927 -0.52625637  0.35996095  0.30135539 -0.12551595  0.        ]
Current x array =  [-0.67356646 -0.50596362 -0.67576864  0.94519951 -1.31829357  0.33647224
  0.12807478 -2.80659365 -2.78461456 -0.93735156 -4.4342578  -2.95817984
 -4.20006125 -4.62425662 -5.79653963 -4.18234151 -4.62425662 -2.30258509
 -5.81141465 -5.81163867 -2.30258509 -4.62425662 -5.81184803 -5.81184803]
log likelihood =  -399.377525621
Edge derivatives =  [-0.470849497179596, -0.1788723733801032, 0.17904823405998405, 0.2863838052871957, -0.26159097917763513, -0.37192175567598457, 0.14253155923522212, 0.13033116325419059, -0.1556859588863078, 0.136069977726004, 0.13033116325419072, 5.107040286780221e-16, -0.15473957261027693, -0.15470607016516774, 5.106949332308159e-16, 0.1303311632541908, -0.15467523741436798, -0.15467523741436798]
other derivatives: [ 1.72086629 -1.01606474  1.13632268  0.30685214 -0.41628709  0.        ]
Current x array =  [-0.66900307 -0.5019849  -0.68393254  0.95553506 -1.30749457  0.33647224
  0.14510637 -2.85213298 -2.83853577 -0.9255366  -4.50561306 -2.94844771
 -4.23049243 -4.67946935 -5.92215798 -4.21271859 -4.67946935 -2.30258509
 -5.93729707 -5.9375143  -2.30258509 -4.67946935 -5.93772207 -5.93772207]
log likelihood =  -399.21708036
Edge derivatives =  [-0.31695864333423107, -0.13158799432153992, 0.19700294563636983, 0.21437739223226177, -0.2135145686052923, -0.33348271909746763, 0.20937455977918862, 0.1998061604044926, -0.11312445701829864, 0.2020292453082949, 0.19980616040449248, 3.649746021025659e-17, -0.11235514736977914, -0.11233248742120923, 5.15277468813859e-17, 0.199806160404493, -0.11231014205005764, -0.11231014205005764]
other derivatives: [ 0.18451374 -1.12922862  1.42788963 -0.09658834 -0.41479211  0.        ]
Current x array =  [-0.65794974 -0.49914818 -0.68641885  0.98648023 -1.29893082  0.33647224
  0.14647695 -2.96521796 -2.95657765 -0.90660848 -4.69315923 -2.94356883
 -4.31200139 -4.82144497 -6.24317562 -4.2940741  -4.82144497 -2.30258509
 -6.25902345 -6.25922555 -2.30258509 -4.82144497 -6.25943058 -6.25943058]
log likelihood =  -399.137660523
Edge derivatives =  [-0.5297749210106729, -0.10912237081723489, 0.14781788441065086, -0.35801501430054694, -0.18089368837349598, -0.2890491761895738, 0.23618205027711459, 0.23438007257364235, -0.09020581536777135, 0.2283266308442274, 0.2343800725736423, -2.8328984360756784e-17, -0.08956485050738658, -0.08954805120261221, -1.4180278499630912e-17, 0.23438007257364274, -0.08953059578693548, -0.08953059578693548]
other derivatives: [-0.32072194  0.33319338  0.70004944 -0.13530439 -0.3499224   0.        ]
Current x array =  [-0.65539454 -0.50916965 -0.67824982  0.99230414 -1.30590205  0.33647224
  0.16125725 -3.05504217 -3.03590315 -0.8612806  -4.83134631 -2.9469578
 -4.3446432  -4.89884991 -6.46905512 -4.32729085 -4.89884991 -2.30258509
 -6.48527881 -6.48546665 -2.30258509 -4.89884991 -6.48566653 -6.48566653]
log likelihood =  -399.084988557
Edge derivatives =  [0.06919212139099376, -0.07146601850207894, 0.18270309254936568, -0.35435741535207266, -0.1560147135683071, -0.2417599004297855, 0.2538305862119133, 0.261879252548469, -0.07209764674370414, 0.2456282192419038, 0.26187925254846856, 8.203310290205738e-17, -0.0715694354378853, -0.07155712546592642, 9.654246572765367e-17, 0.261879252548469, -0.07154355910170511, -0.07154355910170511]
other derivatives: [ 0.51202846 -0.46040327 -0.27481519 -0.17373054 -0.10045937  0.        ]
Current x array =  [-0.65861521 -0.5035909  -0.6671612   0.98607477 -1.3047133   0.33647224
  0.14232164 -3.14915798 -3.11936719 -0.8536224  -4.9707733  -2.95231207
 -4.36691498 -4.96610753 -6.69326298 -4.35034615 -4.96610753 -2.30258509
 -6.70981862 -6.70999081 -2.30258509 -4.96610753 -6.71018445 -6.71018445]
log likelihood =  -399.064033122
Edge derivatives =  [0.2128334492472719, -0.04482577683382241, 0.23426062493873906, 0.19075016798919248, -0.13797031890317477, -0.21306254339386854, 0.24288076423073543, 0.2649818743648066, -0.06403464545499879, 0.23357546006628033, 0.2649818743648066, -5.996867157425323e-16, -0.06355899154138624, -0.06354879717059576, -6.439732242383711e-16, 0.26498187436480686, -0.06353711725516434, -0.06353711725516434]
other derivatives: [-1.66133418  1.14294494 -1.7141474   0.03632863  0.2397428   0.        ]
Current x array =  [-0.64625456 -0.51431578 -0.65171351  0.96537539 -1.31534231  0.33647224
  0.13490975 -3.21178051 -3.17767085 -0.87894654 -5.05205823 -2.95991761
 -4.35092716 -4.97594918 -6.81289736 -4.33549808 -4.97594918 -2.30258509
 -6.82951134 -6.82967188 -2.30258509 -4.97594918 -6.82985924 -6.82985924]
log likelihood =  -399.023652921
Edge derivatives =  [0.43892165884380197, -0.03914756858596292, 0.22562312701314902, -0.06294574026411615, -0.13396218346747235, -0.18020239554077855, 0.23491110641400098, 0.26451880125124094, -0.061466985408100576, 0.2261997802264269, 0.2645188012512411, -4.439634633343456e-17, -0.061008467294133395, -0.06099899181172099, -4.4402814463695277e-17, 0.26451880125124155, -0.060987948996160314, -0.060987948996160314]
other derivatives: [-0.3966079   0.76434503 -1.09343432  0.16094077  0.19964546  0.        ]
Current x array =  [-0.65344418 -0.51239457 -0.65801497  0.95329844 -1.31260577  0.33647224
  0.12650413 -3.23325504 -3.1819224  -0.86462442 -5.08093971 -2.96804509
 -4.3401197  -4.97370542 -6.85319195 -4.32523547 -4.97370542 -2.30258509
 -6.86980084 -6.86995629 -2.30258509 -4.97370542 -6.87014072 -6.87014072]
log likelihood =  -398.961842445
Edge derivatives =  [0.5851276050317882, -0.032638353438959856, 0.22251158079965147, -0.30171174746395585, -0.12207747372146176, -0.07903132844157174, 0.20021349380582099, 0.25190931177018683, -0.05757798477049144, 0.1921726025645559, 0.2519093117701867, 2.4426483766432295e-16, -0.05714803608669003, -0.0571397747085313, 2.442499088853847e-16, 0.25190931177018683, -0.05712982957632529, -0.05712982957632529]
other derivatives: [ 0.92385335  0.27233682 -0.20805828  0.61521064  0.19129516  0.        ]
Current x array =  [-0.66182184 -0.51034885 -0.66765749  0.9184319  -1.31633189  0.33647224
  0.11903023 -3.2766216  -3.17820174 -0.85263693 -5.13789962 -2.99962424
 -4.29447816 -4.94143712 -6.91788519 -4.28129506 -4.94143712 -2.30258509
 -6.93437662 -6.9345213  -2.30258509 -4.94143712 -6.93469845 -6.93469845]
log likelihood =  -398.902685989
Edge derivatives =  [0.4695503663965661, -0.03081286983342354, 0.2272614357254885, -0.3246404853648542, -0.10798617543270385, 0.03682399974024085, 0.14767042688713977, 0.22910168664461486, -0.054321061364798424, 0.1399753447058573, 0.2291016866446147, -2.2220454263003025e-17, -0.05391988458488888, -0.05391272982511555, -2.219670426620014e-17, 0.22910168664461478, -0.053903803784578264, -0.053903803784578264]
other derivatives: [ 1.35276537 -0.05734364  0.33506922  1.05213189  0.19852564  0.        ]
Current x array =  [-0.66534764 -0.5090013  -0.67408882  0.88837415 -1.32353282  0.33647224
  0.12127995 -3.32333925 -3.16779897 -0.85310954 -5.19747635 -3.03936178
 -4.22913371 -4.88725444 -6.97594442 -4.21821152 -4.88725444 -2.30258509
 -6.99223606 -6.99236885 -2.30258509 -4.88725444 -6.99253727 -6.99253727]
log likelihood =  -398.781117145
Edge derivatives =  [0.287793507254159, -0.025768340107535898, 0.22839752470832314, -0.3110040100688695, -0.08398452502221337, 0.2201878061785245, 0.030079227510036704, 0.17761568321803942, -0.047969362447705714, 0.02334984254736225, 0.1776156832180394, -7.480600015084821e-23, -0.04763308746522578, -0.04762794047075292, -7.475152318949204e-23, 0.17761568321803983, -0.0476208970252134, -0.0476208970252134]
other derivatives: [ 1.64120593 -0.65008976  0.70450028  1.17688614  0.19221034  0.        ]
Current x array =  [-0.66781937 -0.50506859 -0.67882187  0.88252543 -1.32885226  0.33647224
  0.13092292 -3.42163032 -3.15124877 -0.85540386 -5.32113865 -3.10467953
 -4.09667514 -4.77540717 -7.10022717 -4.09052342 -4.77540717 -2.30258509
 -7.11611396 -7.11622209 -2.30258509 -4.77540717 -7.11637248 -7.11637248]
log likelihood =  -398.700532437
Edge derivatives =  [0.633774079004005, -0.00021618502053161008, 0.29341587481758813, 0.2788420147263714, -0.04426629424771687, 0.4378840784068829, -0.15385129032273323, 0.11802980099092059, -0.03102413427985344, -0.15545030198507043, 0.11802980099092086, -3.179561227587887e-16, -0.03081642003923915, -0.030814774128365724, -3.0330792026124916e-16, 0.11802980099092089, -0.030811264495167228, -0.030811264495167228]
other derivatives: [ 2.36177016  2.93790663  2.35265247  0.21361757  0.15714932  0.        ]
Current x array =  [-0.67205288 -0.5290229  -0.69749945  0.93839987 -1.31748934  0.33647224
  0.13649423 -3.67684459 -3.20570406 -0.87951469 -5.66570216 -3.17545901
 -3.91691136 -4.65631202 -7.53399837 -3.91968613 -4.65631202 -2.30258509
 -7.54958208 -7.54963552 -2.30258509 -4.65631202 -7.54975102 -7.54975102]
log likelihood =  -398.606994109
Edge derivatives =  [0.0903848706760268, -0.005722174745217315, 0.2156027546434231, -0.19363462448298474, -0.04174198188881188, 0.4798431636996964, -0.23124983358329454, 0.08398396631470852, -0.028120467973666054, -0.23175210308232316, 0.08398396631470864, -2.2192138597231074e-17, -0.027941250314386566, -0.027940190879474674, -2.2209917921093067e-17, 0.0839839663147088, -0.027937304255230826, -0.027937304255230826]
other derivatives: [-0.26034854 -1.2341161   0.89350465  0.05416609 -0.01807052  0.        ]
Current x array =  [-0.65565753 -0.49764737 -0.68069759  0.97240842 -1.31134207  0.33647224
  0.1564894  -3.74319173 -3.19569041 -0.8562659  -5.75399936 -3.19204846
 -3.85346537 -4.60091964 -7.63584228 -3.85914538 -4.60091964 -2.30258509
 -7.65125225 -7.65129019 -2.30258509 -4.60091964 -7.65139501 -7.65139501]
log likelihood =  -398.584641419
Edge derivatives =  [0.1327724726158806, -0.004917189834723012, 0.2268810345355664, -0.08620673868681383, -0.04430604227389033, 0.417125401255007, -0.17366898061655944, 0.11126563665704495, -0.02782536872333152, -0.17485566893797877, 0.11126563665704492, 3.1064370716209974e-16, -0.027645037584222484, -0.0276438670230462, 3.1077964579545456e-16, 0.1112656366570455, -0.02764089289798967, -0.02764089289798967]
other derivatives: [-0.06920686 -0.25223699  0.15625687 -0.10301733  0.03716991  0.        ]
Current x array =  [-0.65640185 -0.50406508 -0.67236142  0.98033719 -1.30970846  0.33647224
  0.15657528 -3.73336165 -3.22101357 -0.85850374 -5.74561643 -3.16452242
 -3.90173228 -4.64896305 -7.64575019 -3.90613037 -4.64896305 -2.30258509
 -7.66135526 -7.66139763 -2.30258509 -4.64896305 -7.66150674 -7.66150674]
log likelihood =  -398.574161321
Edge derivatives =  [0.051459982793987474, -0.005630774418765673, 0.22800088684263511, -0.038868484893641864, -0.04399614306707404, 0.3846636117987598, -0.1619983019546492, 0.11676019053706224, -0.026493498904916972, -0.1626841548928272, 0.11676019053706203, -1.1811189956988536e-16, -0.02632136466870034, -0.02632033438614407, -1.0348496538259584e-16, 0.11676019053706241, -0.026317536545233368, -0.026317536545233368]
other derivatives: [-0.09459313  0.17854518 -0.16647732 -0.24226097 -0.00512728  0.        ]
Current x array =  [-0.65616515 -0.50673628 -0.66871449  0.99070989 -1.30585391  0.33647224
  0.16091049 -3.75362243 -3.23264953 -0.85934505 -5.77661313 -3.14894498
 -3.91178611 -4.65895301 -7.69461629 -3.91646821 -4.65895301 -2.30258509
 -7.7102871  -7.71032626 -2.30258509 -4.65895301 -7.71043402 -7.71043402]
log likelihood =  -398.553376266
Edge derivatives =  [-0.11746064162791117, -0.006745238267965836, 0.22694157080763613, 0.013421635012155875, -0.04324846553536656, 0.31166831678806606, -0.14832618916788226, 0.12090400120606286, -0.02350683678772566, -0.14733350662333136, 0.12090400120606291, 1.6253912304394628e-16, -0.023352795404731997, -0.023352104662351863, 1.4788938654184628e-16, 0.12090400120606327, -0.023349732208189526, -0.023349732208189526]
other derivatives: [-0.21103119  0.69684916 -0.47118078 -0.40516284 -0.11391421  0.        ]
Current x array =  [-0.65553817 -0.50991279 -0.66522719  1.00420259 -1.29870909  0.33647224
  0.16852176 -3.80758153 -3.24828428 -0.86005347 -5.85779638 -3.1144328
 -3.92397535 -4.66662235 -7.81411739 -3.92976799 -4.66662235 -2.30258509
 -7.82988578 -7.82991538 -2.30258509 -4.66662235 -7.83001828 -7.83001828]
log likelihood =  -398.513787393
Edge derivatives =  [-0.2986489308325049, -0.006615447309818794, 0.23298159014261127, 0.11188286043107343, -0.04098413755374566, 0.164244446838341, -0.14351081539115945, 0.11444189821006472, -0.018297564260811115, -0.1383337515130777, 0.11444189821006466, -6.630953486624758e-17, -0.018176989662180034, -0.018176868158944114, -6.64529949977415e-17, 0.11444189821006458, -0.01817524887451293, -0.01817524887451293]
other derivatives: [ 0.1133742   0.98910959 -0.98797273 -0.52307314 -0.21100277  0.        ]
Current x array =  [-0.65761776 -0.51170147 -0.65977105  1.01417531 -1.29189741  0.33647224
  0.17714737 -3.92842688 -3.26255832 -0.86335474 -6.03681748 -3.0487681
 -3.92875435 -4.65464938 -8.06438663 -3.93751029 -4.65464938 -2.30258509
 -8.08025324 -8.08025994 -2.30258509 -4.65464938 -8.08035005 -8.08035005]
log likelihood =  -398.498648716
Edge derivatives =  [-0.231172826954158, 0.005159235159640694, 0.19978875674024826, -0.0836297955370216, -0.03732610750161864, -0.2671489875435092, -0.09595342647641619, 0.11146604569828457, -0.010920769487508817, -0.08278088243592543, 0.11146604569828457, 3.0308960343769178e-16, -0.010841625947051145, -0.010842046127853416, 3.1805762474735997e-16, 0.11146604569828485, -0.010841340764503571, -0.010841340764503571]
other derivatives: [-3.30337002  2.44219791  0.24959377 -0.38592702 -0.37865675  0.        ]
Current x array =  [-0.63972726 -0.52109232 -0.67208654  1.00668862 -1.28293028  0.33647224
  0.17226177 -4.17034597 -3.28206398 -0.85204481 -6.40008146 -2.88928289
 -3.97548822 -4.65020277 -8.58230218 -3.98919898 -4.65020277 -2.30258509
 -8.59845592 -8.59841717 -2.30258509 -4.65020277 -8.59848279 -8.59848279]
log likelihood =  -398.431181198
Edge derivatives =  [-0.2351362563476173, 0.0010812181149357676, 0.2252239575709431, -0.007074052648331108, -0.03430845543422113, -0.27165713126108343, -0.14648432729710784, 0.07895698394592879, -0.009726621896526035, -0.12969252443787388, 0.07895698394592879, 1.1080895880247388e-16, -0.009659779880622032, -0.009660309593750143, 1.109312130276184e-16, 0.07895698394592893, -0.009659786652355853, -0.009659786652355853]
other derivatives: [-0.10264785  0.94237294 -0.52535825 -0.3290495  -0.29261855  0.        ]
Current x array =  [-0.65756011 -0.51156299 -0.66477179  1.00041041 -1.28785627  0.33647224
  0.17562517 -4.24144167 -3.26154624 -0.85723198 -6.49889553 -2.88499355
 -3.92890125 -4.59155094 -8.69657885 -3.94531164 -4.59155094 -2.30258509
 -8.71257028 -8.71251544 -2.30258509 -4.59155094 -8.7125701  -8.7125701 ]
log likelihood =  -398.411918753
Edge derivatives =  [-0.11718371301521688, 0.002323990983746079, 0.2272621582297119, -0.06743736021288754, -0.03287652327701278, -0.24562560693657753, -0.1838152903712438, 0.05356737295304654, -0.009300683821856687, -0.16505855744507889, 0.053567372953046526, -1.1184731277169437e-16, -0.009237709050850864, -0.009238294248695924, -1.1143292863864736e-16, 0.05356737295304684, -0.00923785162589157, -0.00923785162589157]
other derivatives: [ 0.37386485  0.17526531 -0.3060336  -0.09516725 -0.19656454  0.        ]
Current x array =  [-0.66068465 -0.5068633  -0.66756268  0.9825535  -1.29529975  0.33647224
  0.17067078 -4.27480617 -3.23794768 -0.85664028 -6.54398289 -2.89241407
 -3.89648444 -4.54865532 -8.7413058  -3.91424733 -4.54865532 -2.30258509
 -8.75715618 -8.75709283 -2.30258509 -4.54865532 -8.75714124 -8.75714124]
log likelihood =  -398.401589725
Edge derivatives =  [0.0223715007404533, 0.004700513156494607, 0.2255060130117878, -0.1287890526747365, -0.03184863350657401, -0.2713820386000619, -0.19313009047234767, 0.036397339736275305, -0.008719100384520936, -0.17293735720752404, 0.03639733973627535, 6.562721237438715e-17, -0.008659946684061894, -0.008660567591624863, 6.615133347694067e-17, 0.036397339736275514, -0.008660199988642606, -0.008660199988642606]
other derivatives: [ 0.26170142 -0.25029863 -0.00289901  0.12163355 -0.08757866  0.        ]
Current x array =  [-0.66046614 -0.5043241  -0.67119388  0.96574572 -1.30329011  0.33647224
  0.1648658  -4.31176046 -3.214769   -0.85596942 -6.59833609 -2.88323004
 -3.88914399 -4.52072732 -8.80611155 -3.90762178 -4.52072732 -2.30258509
 -8.82189744 -8.82182575 -2.30258509 -4.52072732 -8.82186865 -8.82186865]
log likelihood =  -398.391340561
Edge derivatives =  [0.07770381460253595, 0.006178252443203918, 0.2246219131294314, -0.1182831155421708, -0.030872168078255595, -0.25875337116447344, -0.19325140026185417, 0.021266085246388625, -0.00847406550055336, -0.17317471345911323, 0.021266085246388625, 2.2418221255751565e-17, -0.008416749060987971, -0.008417390385261993, 2.231733603988566e-17, 0.021266085246388605, -0.00841706026361533, -0.00841706026361533]
other derivatives: [-0.12050236 -0.36946517  0.06612595  0.25454483  0.03091714  0.        ]
Current x array =  [-0.65865068 -0.50361509 -0.67236254  0.95552613 -1.31191405  0.33647224
  0.16262623 -4.3298079  -3.18537466 -0.85939166 -6.62649796 -2.8869984
 -3.88939849 -4.49681263 -8.83486313 -3.90760834 -4.49681263 -2.30258509
 -8.85058386 -8.85050767 -2.30258509 -4.49681263 -8.85054733 -8.85054733]
log likelihood =  -398.365220559
Edge derivatives =  [0.23759934378783748, 0.00900164511450429, 0.22803774863411755, -0.03569675078117268, -0.02799363858192836, -0.2845939461036373, -0.14807593195650115, -0.0064050108757241625, -0.007380856849009284, -0.12890111646403588, -0.0064050108757241625, 2.8114976329773444e-16, -0.007330662834356234, -0.007331328891895575, 2.5164992467390104e-16, -0.006405010875724083, -0.007331108347124942, -0.007331108347124942]
other derivatives: [-0.45837396 -0.47454591  0.56028284  0.42374495  0.29613716  0.        ]
Current x array =  [-0.65757069 -0.5028959  -0.67892946  0.94014305 -1.33160338  0.33647224
  0.15893811 -4.39877747 -3.10667012 -0.87118365 -6.73873399 -2.87667004
 -3.92977347 -4.45363327 -8.97302785 -3.94617056 -4.45363327 -2.30258509
 -8.98869823 -8.98860737 -2.30258509 -4.45363327 -8.98863784 -8.98863784]
log likelihood =  -398.335454588
Edge derivatives =  [0.06220009629711212, 0.00853881878696142, 0.19806925459352243, 0.06143180197500081, -0.023357341615275726, -0.16253573331958454, -0.1039194719270034, -0.06270717397685827, -0.006551351339995638, -0.08911331348131811, -0.0627071739768582, -1.257858997609439e-16, -0.006508200720734796, -0.006508895420545245, -1.405668126203942e-16, -0.06270717397685939, -0.006508772213051134, -0.006508772213051134]
other derivatives: [-1.80967277 -0.70367037 -0.12421424  0.5207653   0.51676352  0.        ]
Current x array =  [-0.6511118  -0.50093992 -0.67267031  0.93561368 -1.3500459   0.33647224
  0.16540421 -4.46606605 -2.96774415 -0.89085583 -6.8524469  -2.91560763
 -3.97056378 -4.37296225 -9.09295929 -3.98292989 -4.37296225 -2.30258509
 -9.10843972 -9.10833299 -2.30258509 -4.37296225 -9.10835226 -9.10835226]
log likelihood =  -398.302551864
Edge derivatives =  [0.0761916338761712, 0.00728291679910559, 0.1717658239081175, 0.0975252826017492, -0.019418152423503993, -0.12043619683170653, -0.03787999275428486, -0.09748314519271425, -0.00549476515307814, -0.02511272110877146, -0.09748314519271406, 1.6237248799737277e-16, -0.005458912289845329, -0.00545959194193151, 1.922013391253085e-16, -0.09748314519271706, -0.005459548794053575, -0.005459548794053575]
other derivatives: [-0.86018304  0.56712111  0.53130975  0.35741436  0.53533995  0.        ]
Current x array =  [-0.65775465 -0.50954872 -0.68053099  0.94255541 -1.35564853  0.33647224
  0.16909867 -4.55105132 -2.8550133  -0.90369281 -6.99442728 -2.92569115
 -4.03353207 -4.32309086 -9.26717197 -4.04207884 -4.32309086 -2.30258509
 -9.28260354 -9.28247905 -2.30258509 -4.32309086 -9.28248724 -9.28248724]
log likelihood =  -398.275395999
Edge derivatives =  [-0.1570187054242749, 0.0036303695579571376, 0.1407475498370748, 0.08386241119039384, -0.017657007594359578, -0.12581585029914077, 0.03058033511544852, -0.09233868774503577, -0.004843170605162884, 0.041487890691266543, -0.09233868774503574, -8.88032812465419e-17, -0.004811479014538056, -0.004812119872021173, -8.880338538788429e-17, -0.09233868774503892, -0.004812102113799733, -0.004812102113799733]
other derivatives: [-0.59042122  0.18073365  0.52776272 -0.01998615  0.26223006  0.        ]
Current x array =  [-0.6590845  -0.50594144 -0.68014726  0.97459594 -1.33989981  0.33647224
  0.17875746 -4.60179153 -2.80363491 -0.90916366 -7.08432746 -2.9226472
 -4.10458862 -4.32973556 -9.39336942 -4.10959865 -4.32973556 -2.30258509
 -9.40891896 -9.40878577 -2.30258509 -4.32973556 -9.40878972 -9.40878972]
log likelihood =  -398.276852724
Edge derivatives =  [0.13277662017944475, 0.004998808573719384, 0.09833771293171353, -0.10884365346542146, -0.016480277509972774, -0.053175285913462794, 0.06367671103221809, -0.08369297541538893, -0.004748960590244417, 0.07145220353601624, -0.08369297541538886, 1.1113215435774391e-16, -0.004718795954369405, -0.0047194263393247225, 1.1106826356366545e-16, -0.08369297541539181, -0.004719408942558295, -0.004719408942558295]
other derivatives: [ 0.81014377  1.25361908 -1.13652732 -0.25955273  0.1298929   0.        ]
Current x array =  [-0.66711001 -0.51394737 -0.66081185  0.98324442 -1.31674792  0.33647224
  0.16417788 -4.60556156 -2.75983606 -0.90257938 -7.09907764 -2.94667976
 -4.13907301 -4.34058476 -9.41185659 -4.14063954 -4.34058476 -2.30258509
 -9.4274383  -9.42730472 -2.30258509 -4.34058476 -9.42730867 -9.42730867]
log likelihood =  -398.26753213
Edge derivatives =  [-0.016683083918369535, 0.004290372614643166, 0.12120094446139475, -0.00724522222804691, -0.017092761769069403, -0.0906351300572947, 0.04662077111041298, -0.08814152074405172, -0.00479755506576727, 0.056010647870626554, -0.0881415207440521, -2.65876871334463e-16, -0.004766599244516356, -0.00476723503025113, -2.661679337718243e-16, -0.08814152074405501, -0.004767217446899744, -0.004767217446899744]
other derivatives: [ 0.08650431  0.70098736 -0.25856934 -0.13565113  0.19945219  0.        ]
Current x array =  [-0.66292894 -0.5097765  -0.67088507  0.9787388  -1.32880942  0.33647224
  0.17177344 -4.60359748 -2.78265407 -0.90600961 -7.0913932  -2.93415945
 -4.12110758 -4.33493262 -9.40222527 -4.12446808 -4.33493262 -2.30258509
 -9.41779023 -9.41765685 -2.30258509 -4.33493262 -9.4176608  -9.4176608 ]
log likelihood =  -398.263049705
Edge derivatives =  [-0.02865478067320107, 0.0037727228786332157, 0.11385665524254077, -0.04635564346190485, -0.01739805355622915, -0.07085827947053562, 0.05997308043452036, -0.07530020312656369, -0.0049281107681415325, 0.06827742814724387, -0.07530020312656391, -2.2233523803226516e-17, -0.004896114318524641, -0.004896747437420247, -2.221906923991893e-17, -0.07530020312656642, -0.004896715707417523, -0.004896715707417523]
other derivatives: [ 0.08599841  0.2451543  -0.1725823  -0.18908963  0.08149073  0.        ]
Current x array =  [-0.66259277 -0.50640664 -0.67136464  0.98417305 -1.32023472  0.33647224
  0.17039751 -4.58611135 -2.7819023  -0.90474153 -7.06849478 -2.94130988
 -4.13586557 -4.35271687 -9.3757315  -4.13796378 -4.35271687 -2.30258509
 -9.39134174 -9.39121243 -2.30258509 -4.35271687 -9.39121918 -9.39121918]
log likelihood =  -398.260011907
Edge derivatives =  [-0.007885619352530071, 0.003650136889004475, 0.10162253614779077, -0.08841349680717248, -0.01749626528574217, -0.03933235666932383, 0.06853296645405114, -0.06869564621361193, -0.005055698065707711, 0.07557255377081153, -0.06869564621361171, -9.176289270232887e-16, -0.005022726699778066, -0.0050233609571223616, -9.028881295148927e-16, -0.06869564621361426, -0.005023319014439251, -0.005023319014439251]
other derivatives: [ 0.10632561 -0.0632383  -0.08149641 -0.13121166 -0.00443947  0.        ]
Current x array =  [-0.66269863 -0.50435182 -0.67195612  0.98047439 -1.31391666  0.33647224
  0.16660827 -4.57140317 -2.76950626 -0.90489029 -7.04986327 -2.95241802
 -4.145397   -4.36206932 -9.35044676 -4.14611908 -4.36206932 -2.30258509
 -9.36606658 -9.3659403  -2.30258509 -4.36206932 -9.36594893 -9.36594893]
log likelihood =  -398.25753044
Edge derivatives =  [0.012232806774654853, 0.003766056062046436, 0.089274618077846, -0.10793904034083174, -0.01748162178586095, -0.005553502379499781, 0.07331337480846577, -0.061284770058507264, -0.005190068865936091, 0.07883187386187775, -0.061284770058507076, -2.126474113182658e-17, -0.005155983439416822, -0.005156619261889327, -2.1747170987337255e-17, -0.06128477005850991, -0.005156567022135488, -0.005156567022135488]
other derivatives: [-0.04949356 -0.04754952  0.04292247 -0.03794298 -0.09806058  0.        ]
Current x array =  [-0.66194347 -0.50456149 -0.67280436  0.97373815 -1.30705309  0.33647224
  0.16198763 -4.55669712 -2.75562672 -0.90659635 -7.03131658 -2.96452309
 -4.15062767 -4.37260676 -9.32449793 -4.14991641 -4.37260676 -2.30258509
 -9.34012172 -9.3399984  -2.30258509 -4.37260676 -9.34000881 -9.34000881]
log likelihood =  -398.25726091
Edge derivatives =  [0.06793169675082589, 0.003432927671621638, 0.08475653730332736, -0.04343571203422025, -0.01705543531552562, 0.03190862358312706, 0.07153841826280562, -0.06364976419358012, -0.005188993024996088, 0.07532226494933036, -0.06364976419358012, -3.164247004853234e-21, -0.005155159456829954, -0.005155799552380209, -3.277091122372806e-21, -0.06364976419358245, -0.005155752058135711, -0.005155752058135711]
other derivatives: [ 0.62585741 -0.60716729  0.01047056  0.17640218 -0.05813945  0.        ]
Current x array =  [-0.66625905 -0.50121368 -0.67270397  0.95689937 -1.30981871  0.33647224
  0.15732452 -4.5576321  -2.71848887 -0.91623117 -7.0375799  -2.97725524
 -4.14825581 -4.36920457 -9.32448438 -4.14588743 -4.36920457 -2.30258509
 -9.34006186 -9.3399377  -2.30258509 -4.36920457 -9.33994719 -9.33994719]
log likelihood =  -398.253552096
Edge derivatives =  [0.0390656305744333, 0.0036711400476255257, 0.08495187021645474, -0.025801078124722154, -0.017098624455525457, 0.022932597274290298, 0.0728310600974186, -0.055654390326653716, -0.005199704489698451, 0.07630546094390515, -0.05565439032665381, 9.030308738944748e-16, -0.005165515766401314, -0.005166151832982992, 8.734283549433706e-16, -0.05565439032665642, -0.005166099699243397, -0.005166099699243397]
other derivatives: [ 0.13712338 -0.13097861  0.06241407  0.13138788 -0.10530243  0.        ]
Current x array =  [-0.66340387 -0.504249   -0.67296956  0.96045368 -1.30638485  0.33647224
  0.15774658 -4.55450523 -2.72535141 -0.91635131 -7.03357302 -2.97446906
 -4.14965041 -4.38050434 -9.32262202 -4.14713311 -4.38050434 -2.30258509
 -9.33823056 -9.33810743 -2.30258509 -4.38050434 -9.3381178  -9.3381178 ]
log likelihood =  -398.250896311
Edge derivatives =  [0.007889995126667715, 0.003634120881837525, 0.08797350547687842, 0.03764136622799291, -0.0168858585704759, 0.010156384878826613, 0.07273464859903549, -0.05000748318351801, -0.0051040756460645, 0.07569907743986341, -0.050007483183517894, -3.330017921495745e-16, -0.005070394845473453, -0.005071025330548184, -3.7738718797428247e-16, -0.050007483183520024, -0.005070976926543479, -0.005070976926543479]
other derivatives: [-0.09781616  0.18076207  0.05064749  0.10743406 -0.10314807  0.        ]
Current x array =  [-0.66213603 -0.50623965 -0.67285128  0.96213699 -1.30668037  0.33647224
  0.15905451 -4.56181056 -2.72115746 -0.92053697 -7.04654251 -2.96999865
 -4.14936063 -4.38844873 -9.3411926  -4.14647847 -4.38844873 -2.30258509
 -9.3568215  -9.35669716 -2.30258509 -4.38844873 -9.35670698 -9.35670698]
log likelihood =  -398.24661756
Edge derivatives =  [-0.03021760099607479, 0.003412102001673154, 0.09193682567158501, 0.17682042004102388, -0.01629870427057305, -0.012551290043181063, 0.07271935104675412, -0.038918711770271563, -0.004853078521971079, 0.07421664074498682, -0.03891871177027158, -3.1836609958708614e-16, -0.004820947116417593, -0.004821564747405359, -3.0351221144599335e-16, -0.03891871177027348, -0.004821528164119616, -0.004821528164119616]
other derivatives: [-0.26015528  0.50269477 -0.00828209  0.08720349 -0.06911591  0.        ]
Current x array =  [-0.66143603 -0.50824433 -0.67243264  0.9631457  -1.30930205  0.33647224
  0.16102511 -4.58263203 -2.69966248 -0.93163482 -7.08389833 -2.96182305
 -4.14890275 -4.40415024 -9.39151143 -4.14477236 -4.40415024 -2.30258509
 -9.40717451 -9.4070464  -2.30258509 -4.40415024 -9.40705424 -9.40705424]
log likelihood =  -398.241467071
Edge derivatives =  [-0.012900512543716852, 0.0035528604059580455, 0.07979863809524355, 0.2750111629205601, -0.015447513880406253, -0.03202810514593121, 0.07237540482251048, -0.027543438854258046, -0.004506354285133575, 0.07171254780700481, -0.02754343885425802, 3.996709495981126e-16, -0.004476521629914984, -0.004477122297057178, 3.9965349558372015e-16, -0.027543438854259243, -0.004477103515073723, -0.004477103515073723]
other derivatives: [-0.30753426  0.60900902 -0.07658514  0.06435243  0.00718501  0.        ]
Current x array =  [-0.66149722 -0.50874293 -0.67212836  0.96384516 -1.31474825  0.33647224
  0.16180652 -4.61443551 -2.65803148 -0.94319175 -7.14113819 -2.95450665
 -4.14806054 -4.4204773  -9.4654732  -4.14191943 -4.4204773  -2.30258509
 -9.48116397 -9.4810298  -2.30258509 -4.4204773  -9.48103423 -9.48103423]
log likelihood =  -398.231703016
Edge derivatives =  [-0.023104989595773034, 0.003463748600043083, 0.02085058024647853, 0.1541860941402165, -0.014266407404416278, -0.0967596438062348, 0.04041337736329831, -0.005929913631173699, -0.003891118270100216, 0.03679990583739056, -0.005929913631173605, 1.1047343530698677e-16, -0.003865428499801777, -0.003865996900856584, 1.1074318360546661e-16, -0.005929913631173581, -0.003866009258195347, -0.003866009258195347]
other derivatives: [-0.2930733   0.95246833  0.00426326 -0.01512603  0.10982717  0.        ]
Current x array =  [-0.66236514 -0.51101676 -0.6738084   0.969314   -1.3257119   0.33647224
  0.16679583 -4.68055904 -2.59776894 -0.94271746 -7.25471286 -2.93117763
 -4.11225008 -4.45201728 -9.61171836 -4.1043406  -4.45201728 -2.30258509
 -9.62744185 -9.62729482 -2.30258509 -4.45201728 -9.62729183 -9.62729183]
log likelihood =  -398.250857241
Edge derivatives =  [-0.08324577327727284, 0.004257703273859401, -0.10261055457120771, -0.035492630272215886, -0.013051414601042819, -0.08406647297541996, 0.0028942190103172782, -0.0029984493560918507, -0.0035048605334424073, -0.0056038134939263955, -0.002998449356092007, -2.9595790452179953e-16, -0.003482197809287788, -0.0034827493295091585, -2.812049198523453e-16, -0.0029984493560919444, -0.003482786114806705, -0.003482786114806705]
other derivatives: [-2.03463628 -0.44224748 -1.4361035   0.18632136  0.22367317  0.        ]
Current x array =  [-0.65296342 -0.50114949 -0.65899155  0.96072706 -1.33301099  0.33647224
  0.16524013 -4.73244711 -2.50951159 -0.94582873 -7.3481696  -2.93732342
 -4.07331343 -4.45960447 -9.71817417 -4.06308292 -4.45960447 -2.30258509
 -9.73382952 -9.73367115 -2.30258509 -4.45960447 -9.73366078 -9.73366078]
log likelihood =  -398.23012097
Edge derivatives =  [-0.035446894655909916, 0.0036485381803827953, -0.004007252593512391, 0.11419159664013595, -0.013994479195680974, -0.09393263254124191, 0.032445264467458504, -0.005280644675437839, -0.0038038651885865596, 0.027785537983177906, -0.005280644675437648, 1.4826128981590968e-16, -0.0037788639649266502, -0.0037794289198839538, 1.1856516449593554e-16, -0.005280644675437984, -0.0037794470329576553, -0.0037794470329576553]
other derivatives: [-0.66578991  0.65649033 -0.30195224  0.02818865  0.13493491  0.        ]
Current x array =  [-0.66032764 -0.50887837 -0.67059735  0.96745307 -1.32729373  0.33647224
  0.16645868 -4.69180401 -2.57864218 -0.94339172 -7.27496642 -2.93250952
 -4.10381189 -4.45366154 -9.63478902 -4.0953994  -4.45366154 -2.30258509
 -9.65049775 -9.65034825 -2.30258509 -4.45366154 -9.65034367 -9.65034367]
log likelihood =  -398.226521096
Edge derivatives =  [-0.009410334083645333, 0.0033515202852709572, -0.03527740962032133, 0.006215744588296934, -0.013743253979273055, -0.08746296077509828, 0.021333705735745768, 0.0008018762357257514, -0.0037150777897680216, 0.015506133628771127, 0.0008018762357257167, -2.2982310994584774e-16, -0.003690749427176069, -0.0036913090801054013, -2.1483091011791599e-16, 0.0008018762357259734, -0.003691331680207307, -0.003691331680207307]
other derivatives: [-0.28927047  0.42563784 -0.16941613  0.0255568   0.11428369  0.        ]
Current x array =  [-0.66269614 -0.50739242 -0.67210945  0.96764617 -1.32716663  0.33647224
  0.16589333 -4.70202849 -2.55630409 -0.93989102 -7.29531026 -2.93422236
 -4.09177207 -4.46267834 -9.65817953 -4.08258613 -4.46267834 -2.30258509
 -9.67388263 -9.67373101 -2.30258509 -4.46267834 -9.67372509 -9.67372509]
log likelihood =  -398.224978942
Edge derivatives =  [-0.013461409012440861, 0.002924321077437228, -0.043324011529275744, -0.059147610909398685, -0.013769648970433973, -0.07985846152508007, 0.013978152837473438, 0.001409775805058116, -0.0037123081261124465, 0.00820821853368825, 0.0014097758050581367, 5.1770899004399204e-17, -0.003688042526421787, -0.003688602592203886, 3.7016351181722375e-17, 0.0014097758050584629, -0.003688625941077491, -0.003688625941077491]
other derivatives: [-0.04808953 -0.00021032  0.01039098  0.00730438  0.06963887  0.        ]
Current x array =  [-0.66399774 -0.50446681 -0.67401964  0.9699628  -1.32511465  0.33647224
  0.16611669 -4.70268904 -2.55521016 -0.93630112 -7.29707076 -2.93667838
 -4.08413857 -4.46368149 -9.6589553  -4.0752002  -4.46368149 -2.30258509
 -9.67465003 -9.67449818 -2.30258509 -4.46368149 -9.67449205 -9.67449205]
log likelihood =  -398.22474665
Edge derivatives =  [-0.0168398404483463, 0.0027841440816223804, -0.04248250108673596, -0.054644285749161026, -0.013744480171159246, -0.07482991296219847, 0.013320768863488708, 0.0018114876470566726, -0.0037161020836331475, 0.007532931853191486, 0.001811487647056749, -2.207461435530695e-17, -0.0036918239027075622, -0.0036923840798773946, -2.2147990311766012e-17, 0.0018114876470565963, -0.0036924072010718913, -0.0036924072010718913]
other derivatives: [ 0.01252829 -0.06866685  0.01053309  0.00306386  0.05029506  0.        ]
Current x array =  [-0.66431103 -0.50399175 -0.67395346  0.97039921 -1.32363367  0.33647224
  0.16589893 -4.70205368 -2.55525761 -0.9367365  -7.29656054 -2.93840236
 -4.0834336  -4.46433639 -9.65794694 -4.0745349  -4.46433639 -2.30258509
 -9.67364117 -9.67348945 -2.30258509 -4.46433639 -9.67348339 -9.67348339]
log likelihood =  -398.22421669
Edge derivatives =  [-0.028921266310391436, 0.0024808432234786236, -0.039067606755795126, -0.02502725588161081, -0.013594608614511861, -0.06299941925545431, 0.010433174316628133, 0.0036732075603905442, -0.0037020501915360675, 0.004570395503022247, 0.003673207560390586, 8.646835352289827e-16, -0.0036778724813743657, -0.0036784312851022, 8.652748648658998e-16, 0.0036732075603906414, -0.003678454737603855, -0.003678454737603855]
other derivatives: [ 0.08722623 -0.15262458 -0.0002899  -0.01105036 -0.00146656  0.        ]
Current x array =  [-0.66466284 -0.5033635  -0.6736323   0.97168825 -1.31953513  0.33647224
  0.16535263 -4.7032391  -2.55492112 -0.93905148 -7.30015716 -2.94250236
 -4.08033922 -4.46732255 -9.66179425 -4.0716115  -4.46732255 -2.30258509
 -9.67749005 -9.67733812 -2.30258509 -4.46732255 -9.67733195 -9.67733195]
log likelihood =  -398.223615375
Edge derivatives =  [-0.013916886889119184, 0.0025323599339019823, -0.038057749852304076, 0.0021727478666987987, -0.013305883114096825, -0.046467351311105326, 0.004048831170123505, 0.0039045859546045017, -0.00365946242190751, -0.001748192155487202, 0.003904585954604519, 8.783828305335509e-17, -0.003635580785246951, -0.0036361374409266747, 8.830997442593872e-17, 0.0039045859546050464, -0.0036361634680462597, -0.0036361634680462597]
other derivatives: [ 0.10712142 -0.14199486  0.01062972 -0.01675176 -0.02987122  0.        ]
Current x array =  [-0.66475732 -0.50339223 -0.67359346  0.9718167  -1.31683398  0.33647224
  0.16407758 -4.70869908 -2.55209726 -0.94147475 -7.31092137 -2.94813029
 -4.07358863 -4.46778069 -9.67340059 -4.06529529 -4.46778069 -2.30258509
 -9.6890879  -9.68893479 -2.30258509 -4.46778069 -9.68892783 -9.68892783]
log likelihood =  -398.222691728
Edge derivatives =  [-0.0424351983658568, 0.002328990410568264, -0.01675053223611932, 0.09590678166694094, -0.012685511885271162, -0.025930531103570867, -0.008520648107372845, 0.0057313940918000544, -0.0035303744897907667, -0.013150783727872987, 0.005731394091800061, 3.5522657417900394e-16, -0.00350738208076004, -0.0035079301322999716, 3.553145872738102e-16, 0.005731394091800252, -0.003507961913535125, -0.003507961913535125]
other derivatives: [ 0.1758508  -0.03152536 -0.14117632 -0.03054197 -0.02760885  0.        ]
Current x array =  [-0.66506414 -0.50409947 -0.6719155   0.97257071 -1.31606149  0.33647224
  0.16520153 -4.72478686 -2.56046113 -0.94609742 -7.34087337 -2.95504127
 -4.06024767 -4.47066476 -9.70923825 -4.05387414 -4.47066476 -2.30258509
 -9.72492453 -9.72476828 -2.30258509 -4.47066476 -9.72475941 -9.72475941]
log likelihood =  -398.222295255
Edge derivatives =  [-0.03967656148780857, 0.002783417964296534, -0.015547565424464685, 0.09192322956969307, -0.012062290543875868, 0.004226543796149909, -0.026698643054309436, 0.007634992066196531, -0.0034020723709213578, -0.02994469514570026, 0.007634992066196462, 2.815461537856646e-16, -0.0033797723070567278, -0.003380311889550495, 2.518292083672676e-16, 0.007634992066196552, -0.003380349728291071, -0.003380349728291071]
other derivatives: [-0.23766233  0.06567689  0.14774173 -0.0342709  -0.05385346  0.        ]
Current x array =  [-0.66264128 -0.50459823 -0.67488891  0.97340133 -1.31487     0.33647224
  0.16487488 -4.7416547  -2.56639176 -0.94526259 -7.37353033 -2.96542516
 -4.04181124 -4.47390492 -9.74656434 -4.03761315 -4.47390492 -2.30258509
 -9.76224045 -9.76208081 -2.30258509 -4.47390492 -9.7620698  -9.7620698 ]
log likelihood =  -398.221665327
Edge derivatives =  [-0.029454496434058786, 0.0028559824313255976, -0.011970677672298195, 0.08384547463600373, -0.01219760040538247, -0.007187889404801973, -0.022584655948671453, 0.006545794828956109, -0.003413985777187903, -0.02567345330168692, 0.006545794828956172, 4.2896879881156977e-16, -0.0033916665456248454, -0.003392206902913875, 3.699898612046619e-16, 0.006545794828956293, -0.0033922440903714365, -0.0033922440903714365]
other derivatives: [-0.08548113  0.08678285  0.01074909 -0.03051923 -0.00276259  0.        ]
Current x array =  [-0.66352372 -0.50484646 -0.67358939  0.97256416 -1.31810995  0.33647224
  0.16547799 -4.74017082 -2.56941763 -0.94386557 -7.36970077 -2.96133949
 -4.04588047 -4.47203333 -9.74288338 -4.04162072 -4.47203333 -2.30258509
 -9.75856289 -9.75840358 -2.30258509 -4.47203333 -9.75839281 -9.75839281]
log likelihood =  -398.221272396
Edge derivatives =  [-0.015168397079879353, 0.0030818116887938157, -0.005442573419170191, 0.06919678573309268, -0.012201674177072429, -0.010836646543086859, -0.02249369591741448, 0.005262640543852108, -0.0033965262110140317, -0.024727359474148555, 0.005262640543851976, -4.431650935619092e-17, -0.0033743334368423216, -0.0033748725396120964, -4.435937658964305e-17, 0.005262640543852327, -0.0033749104115097296, -0.0033749104115097296]
other derivatives: [-0.0262105   0.08149641 -0.0439627  -0.02389697  0.04361027  0.        ]
Current x array =  [-0.66381928 -0.50488632 -0.67314138  0.9717078  -1.32110861  0.33647224
  0.1658954  -4.7426309  -2.57775958 -0.94138233 -7.37354666 -2.9599428
 -4.04595069 -4.46996531 -9.74792574 -4.04246412 -4.46996531 -2.30258509
 -9.76360636 -9.7634466  -2.30258509 -4.46996531 -9.76343557 -9.76343557]
log likelihood =  -398.220783095
Edge derivatives =  [-0.005196036426748596, 0.003320754391134659, 0.0037444033773835483, 0.042955120447114525, -0.012092537297415266, -0.006504142140461189, -0.024261844202486692, 0.003209890440265699, -0.0033571425040616505, -0.024835710930352976, 0.0032098904402657544, 1.489366423795292e-17, -0.003335180040002911, -0.0033357162520213147, 2.9640475039626745e-17, 0.0032098904402658897, -0.0033357557574913606, -0.0033357557574913606]
other derivatives: [-0.00184173  0.04758363 -0.06646701 -0.00338787  0.06638743  0.        ]
Current x array =  [-0.66386622 -0.50475938 -0.67291329  0.97009676 -1.32238896  0.33647224
  0.1658524  -4.7479723  -2.59256562 -0.93744401 -7.38347139 -2.96132822
 -4.04421065 -4.46682296 -9.75959376 -4.04235344 -4.46682296 -2.30258509
 -9.77527328 -9.77511252 -2.30258509 -4.46682296 -9.77510086 -9.77510086]
log likelihood =  -398.2202505
Edge derivatives =  [-0.0072208286262882004, 0.0033742599954394567, 0.013675821200023738, 0.0038211982276700196, -0.01188965455564629, 0.0007632943913285228, -0.024126580420733332, 0.0006716587338009387, -0.003299667695856869, -0.022367952828649822, 0.0006716587338010636, -5.908565858853588e-17, -0.0032780183501089698, -0.003278549882867294, -2.9557028103823644e-17, 0.0006716587338011538, -0.003278591521498294, -0.003278591521498294]
other derivatives: [ 0.08284928  0.13354793 -0.03011564  0.01361968  0.03491323  0.        ]
Current x array =  [-0.66426502 -0.50550413 -0.67308848  0.96876215 -1.31990601  0.33647224
  0.16538392 -4.75530314 -2.61230722 -0.93215533 -7.3987632  -2.96365546
 -4.04439906 -4.46287116 -9.77683425 -4.04473154 -4.46287116 -2.30258509
 -9.79251209 -9.79234995 -2.30258509 -4.46287116 -9.79233743 -9.79233743]
log likelihood =  -398.220487138
Edge derivatives =  [-0.012388792447081909, 0.0037340403237505855, 0.02744591650643241, -0.007404095639384434, -0.011619513662611072, 0.010678474139225569, -0.020450025674710576, -0.00348539166526432, -0.0032108991274720352, -0.015738305077797728, -0.0034853916652642196, -8.131018470929231e-17, -0.0031897326414873587, -0.003190256700884818, -5.179120148281198e-17, -0.003485391665264098, -0.0031903014281972515, -0.0031903014281972515]
other derivatives: [-0.24715519 -0.21740902 -0.21091751  0.06741061 -0.0084583   0.        ]
Current x array =  [-0.66201721 -0.50310448 -0.67075528  0.96616276 -1.31509544  0.33647224
  0.16332176 -4.76679173 -2.63796194 -0.92878523 -7.42340413 -2.967535
 -4.04864289 -4.45732094 -9.80470897 -4.05184978 -4.45732094 -2.30258509
 -9.82038641 -9.82022213 -2.30258509 -4.45732094 -9.82020828 -9.82020828]
log likelihood =  -398.219993227
Edge derivatives =  [-0.009475589312323923, 0.00352464418537191, 0.019581148176652782, -0.0007084533117277525, -0.01177569358916532, 0.004926951797409526, -0.022583083647308155, -0.0010672410314171155, -0.003262158811277072, -0.019582791019299436, -0.0010672410314170565, 1.8507070384220676e-16, -0.0032407131056425634, -0.003241241503391153, 1.7023360773030202e-16, -0.0010672410314174902, -0.003241284461135158, -0.003241284461135158]
other derivatives: [-0.05509264 -0.0131422  -0.1057856   0.03608989  0.01678586  0.        ]
Current x array =  [-0.66332275 -0.50449821 -0.67211041  0.9676725  -1.31788944  0.33647224
  0.16451947 -4.76011909 -2.62306153 -0.9307426  -7.40909253 -2.96528174
 -4.04617805 -4.46054454 -9.78851917 -4.04771546 -4.46054454 -2.30258509
 -9.80419684 -9.80403381 -2.30258509 -4.46054454 -9.80402073 -9.80402073]
log likelihood =  -398.219692152
Edge derivatives =  [-0.002129294260854453, 0.0035281798424673548, 0.023582731285482623, 0.007114076189433438, -0.011593903991143958, 0.010354663212738466, -0.023722314173687788, -0.0012935012717631353, -0.0032143779413484636, -0.01996974790134564, -0.0012935012717631977, 1.4757715940186704e-16, -0.003193215774545796, -0.00319374038501729, 1.6255518887552266e-16, -0.0012935012717633122, -0.003193785169517252, -0.003193785169517252]
other derivatives: [-0.01086278 -0.01859917 -0.03306582  0.03317382 -0.01284093  0.        ]
Current x array =  [-0.66353067 -0.50445424 -0.67275629  0.96779842 -1.31555366  0.33647224
  0.1637767  -4.76643218 -2.62683953 -0.9309005  -7.42204578 -2.96706973
 -4.04505148 -4.46021042 -9.80329601 -4.04734699 -4.46021042 -2.30258509
 -9.8189718  -9.81880753 -2.30258509 -4.46021042 -9.81879368 -9.81879368]
log likelihood =  -398.219220587
Edge derivatives =  [0.007354047258519569, 0.0035799134919669703, 0.028795550703540968, 0.028327064964358162, -0.01129314105572132, 0.01294930328359882, -0.02229165333512877, -0.0016153840245714361, -0.0031262205494624424, -0.017496245815566403, -0.0016153840245715333, 4.663082053615337e-16, -0.003105585782135924, -0.003106103040017694, 4.662938252226727e-16, -0.0016153840245714847, -0.003106150920448148, -0.003106150920448148]
other derivatives: [-0.02702905  0.0401883   0.06501182  0.01605258 -0.06228902  0.        ]
Current x array =  [-0.66336927 -0.50479094 -0.67357847  0.96890824 -1.31155199  0.33647224
  0.16267715 -4.77807086 -2.6311027  -0.93191507 -7.44634694 -2.96784424
 -4.04657329 -4.45975762 -9.83117343 -4.04983911 -4.45975762 -2.30258509
 -9.84684782 -9.84668127 -2.30258509 -4.45975762 -9.84666602 -9.84666602]
log likelihood =  -398.218687659
Edge derivatives =  [0.015254384322470255, 0.003508790423446163, 0.03392425481366332, 0.05765548593563363, -0.01095793803218855, 0.01264815874084911, -0.020781387323495715, -0.0014687793945086965, -0.003016706364993749, -0.01518078493514309, -0.0014687793945084397, 1.0311079261287981e-16, -0.002996788363476279, -0.0029972963238145867, 1.1815922727298207e-16, -0.001468779394508464, -0.0029973479382540236, -0.0029973479382540236]
other derivatives: [ 0.05159109 -0.03743139  0.138931   -0.01310809 -0.09317205  0.        ]
Current x array =  [-0.66373657 -0.50416248 -0.67427688  0.97099401 -1.30899701  0.33647224
  0.16227462 -4.79306399 -2.63175121 -0.93388008 -7.47726281 -2.96751688
 -4.04814731 -4.45999895 -9.86685571 -4.0521468  -4.45999895 -2.30258509
 -9.88252821 -9.88235872 -2.30258509 -4.45999895 -9.88234166 -9.88234166]
log likelihood =  -398.217562523
Edge derivatives =  [0.03169794173942167, 0.003655452458175477, 0.04004438863948677, 0.088984589981844, -0.01028313974164782, 0.005269063774193866, -0.014489191438391561, -0.002173420432326406, -0.0027918521611188206, -0.007088765540628955, -0.0021734204323261425, -2.9519373598411446e-17, -0.002773402423707717, -0.0027738901840705615, -1.4768308390686098e-17, -0.0021734204323264894, -0.0027739487926000863, -0.0027739487926000863]
other derivatives: [ 0.01683702  0.03615241  0.19035156 -0.06992877 -0.12593659  0.        ]
Current x array =  [-0.6634275  -0.50449709 -0.67466962  0.9748329  -1.30577844  0.33647224
  0.16184659 -4.82554679 -2.63516042 -0.93544202 -7.54449255 -2.96452964
 -4.05463731 -4.45893357 -9.94436414 -4.06022238 -4.45893357 -2.30258509
 -9.96003264 -9.95985678 -2.30258509 -4.45893357 -9.9598358  -9.9598358 ]
log likelihood =  -398.215228456
Edge derivatives =  [0.002281751014786365, 0.003270972897233876, 0.03982910848488587, 0.09815729947398305, -0.00893612259966703, -0.00728682957728706, -0.007388004293607746, -0.0014403915116638216, -0.0023481198767369314, 0.002801432816406692, -0.0014403915116638737, 1.1112371869097764e-16, -0.002332637868981151, -0.0023330816182741652, 1.1107001406183348e-16, -0.0014403915116640194, -0.0023331515524506194, -0.0023331515524506194]
other derivatives: [ 0.12763053 -0.15597266  0.27625333 -0.14539978 -0.1556316   0.        ]
Current x array =  [ -0.66400597  -0.50296465  -0.67565951   0.98113277  -1.30432466
   0.33647224   0.16428276  -4.89834172  -2.63171697  -0.93648642
  -7.69488747  -2.95919306  -4.06198058  -4.46001685 -10.11745452
  -4.07012858  -4.46001685  -2.30258509 -10.13310997 -10.13291975
  -2.30258509  -4.46001685 -10.1328899  -10.1328899 ]
log likelihood =  -398.211338582
Edge derivatives =  [-0.029878204083338245, 0.003276508436641063, 0.038574262685560856, 0.09639666697296922, -0.006883685485181477, -0.02011047922895705, -0.0005402037407268925, -0.000802999101606458, -0.001725750277467648, 0.014870679253587923, -0.000802999101606805, 3.55847918394336e-16, -0.0017143904038847432, -0.0017147605548053174, 3.555202899416448e-16, -0.0008029991016066801, -0.00171483911570577, -0.00171483911570577]
other derivatives: [-0.06940581  0.00530918  0.24922997 -0.21931328 -0.14077273  0.        ]
Current x array =  [ -0.66291199  -0.50382343  -0.67549134   0.98700491  -1.30572058
   0.33647224   0.16775768  -5.02837362  -2.63250135  -0.93573284
  -7.96253439  -2.95346377  -4.06901618  -4.46094736 -10.42543147
  -4.08235745  -4.46094736  -2.30258509 -10.44106084 -10.44084495
  -2.30258509  -4.46094736 -10.44079923 -10.44079923]
log likelihood =  -398.206387379
Edge derivatives =  [-0.050795639319420216, 0.002921906157977213, 0.03145400304656522, 0.06718416588251652, -0.0045484665843446015, -0.028236068552984536, 0.007121304520769166, 0.001876484825548138, -0.0010640748372996438, 0.02914782815423476, 0.001876484825548249, -1.5559414589416129e-16, -0.0010571481651780361, -0.0010574190258342462, -1.5548767554148927e-16, 0.0018764848255484294, -0.0010574938371567494, -0.0010574938371567494]
other derivatives: [ 0.26928433 -0.0300588  -0.14054535 -0.24058977 -0.08164989  0.        ]
Current x array =  [ -0.66505783  -0.5036453   -0.67158652   0.98832444  -1.30936383
   0.33647224   0.17109885  -5.23209101  -2.62381296  -0.93440484
  -8.38358764  -2.94899465  -4.07660282  -4.46477191 -10.90867638
  -4.09673564  -4.46477191  -2.30258509 -10.92425979 -10.9240036
  -2.30258509  -4.46477191 -10.92393291 -10.92393291]
log likelihood =  -398.202037033
Edge derivatives =  [-0.09792206288471797, 0.002794186358763775, 0.003947935339151356, -0.01716257373287755, -0.0028014098731064504, -0.034110713754307395, 0.004297497052188608, 0.00671715397654319, -0.0006033521171207692, 0.032756877179296574, 0.006717153976543416, -3.644696420635146e-22, -0.0005994201407072543, -0.0005996022864590416, -3.6433863588547375e-22, 0.006717153976543867, -0.0005996624013880103, -0.0005996624013880103]
other derivatives: [-0.26473117 -0.07086669  0.01104468 -0.15517116  0.05554739  0.        ]
Current x array =  [ -0.66249251  -0.50331467  -0.6740115    0.98378626  -1.3229293
   0.33647224   0.17631735  -5.4723434   -2.60396918  -0.93129993
  -8.87759367  -2.94585415  -4.07362875  -4.47223526 -11.47622144
  -4.10056758  -4.47223526  -2.30258509 -11.49174625 -11.49144242
  -2.30258509  -4.47223526 -11.4913422  -11.4913422 ]
log likelihood =  -398.199827426
Edge derivatives =  [-0.06218844235846338, 0.0027545935723300346, 0.00565166296477046, -0.0359578765507953, -0.002162321814402026, -0.01646101910544026, 0.00014445245990854158, 0.007959759647966205, -0.00045223185598015767, 0.03276471701440088, 0.007959759647966164, -3.406056340406026e-16, -0.00044928839198612834, -0.0004494357728268612, -3.257678838296454e-16, 0.007959759647966882, -0.00044948756837588237, -0.00044948756837588237]
other derivatives: [-0.07991616  0.02607976 -0.12448709 -0.06850769  0.07511289  0.        ]
Current x array =  [ -0.6637141   -0.50425511  -0.67247815   0.97635481  -1.32313163
   0.33647224   0.17434489  -5.59430542  -2.60724761  -0.92970258
  -9.12900471  -2.95138316  -4.06909585  -4.47403761 -11.76440481
  -4.10044078  -4.47403761  -2.30258509 -11.77989823 -11.77957025
  -2.30258509  -4.47403761 -11.77945504 -11.77945504]
log likelihood =  -398.198494723
Edge derivatives =  [-0.025928338073302637, 0.002623029277806218, 0.0052703790018465944, -0.033748965190828206, -0.001620538347571169, 0.0029333012842937684, -0.006577200245776786, 0.01031122070389131, -0.0003278767841421336, 0.02959839178622274, 0.010311220703891826, -1.7047550972781696e-16, -0.0003257413719300075, -0.00032585702345387473, -1.8515375406339235e-16, 0.010311220703892378, -0.00032590003628038544, -0.00032590003628038544]
other derivatives: [ 0.03309424  0.02932552 -0.08203642  0.01649028  0.05416041  0.        ]
Current x array =  [ -0.66452327  -0.50445456  -0.67275409   0.96944759  -1.32091776
   0.33647224   0.17162116  -5.73046112  -2.60494434  -0.93066471
  -9.40939326  -2.95768366  -4.06206199  -4.47768174 -12.08597609
  -4.09714326  -4.47768174  -2.30258509 -12.10143422 -12.10107924
  -2.30258509  -4.47768174 -12.10094726 -12.10094726]
log likelihood =  -398.198207402
Edge derivatives =  [-0.0018897082398180165, 0.0025504270276337157, 0.00637199872899678, -0.010812001305012309, -0.0013020316393843863, 0.015788521923589302, -0.010726085681227397, 0.01116609461639808, -0.0002564801972883141, 0.02665918546146734, 0.01116609461639808, 1.3304089949798203e-16, -0.0002548101277095967, -0.00025490585027526517, 1.3313747456695485e-16, 0.011166094616399225, -0.0002549427571246426, -0.0002549427571246426]
other derivatives: [ -1.53710289e-01  -1.21377752e-01  -1.22759047e-01   5.29610134e-02
   5.11590770e-05   0.00000000e+00]
Current x array =  [ -0.66337844  -0.50336739  -0.67196642   0.96703915  -1.31560092
   0.33647224   0.16871205  -5.83441589  -2.60541716  -0.93293673
  -9.6238463   -2.96232433  -4.05802593  -4.47948493 -12.33192398
  -4.09445461  -4.47948493  -2.30258509 -12.34735596 -12.34698036
  -2.30258509  -4.47948493 -12.3468356  -12.3468356 ]
log likelihood =  -398.19782108
Edge derivatives =  [0.01647713406491652, 0.002393832498244133, 0.006104534665816869, 0.00113448347219669, -0.0011025139704907152, 0.01688336867148786, -0.011873000211869517, 0.012701913205792528, -0.00021219003467876682, 0.026321852086603346, 0.012701913205792378, 1.5211101426820417e-17, -0.00021081021890573005, -0.0002108927623008425, 2.977778525093937e-17, 0.01270191320579363, -0.0002109253724340586, -0.0002109253724340586]
other derivatives: [ 0.01852527  0.01972467  0.04824301  0.04039862 -0.00557634  0.        ]
Current x array =  [ -0.66448827  -0.50433827  -0.67383951   0.96720956  -1.3155694
   0.33647224   0.16865207  -5.91448282  -2.60030004  -0.93425759
  -9.78864277  -2.96229377  -4.0566824   -4.48154407 -12.5212792
  -4.09387913  -4.48154407  -2.30258509 -12.53669202 -12.53630054
  -2.30258509  -4.48154407 -12.53614593 -12.53614593]
log likelihood =  -398.19770201
Edge derivatives =  [0.009075145409909835, 0.0023092723515637957, 0.004637251287740226, 0.002990138302959078, -0.0010344418165251943, 0.013135334724000441, -0.010664361634679053, 0.013034002970577885, -0.0001967270587159469, 0.027611233085361318, 0.013034002970578148, 1.181812429475295e-16, -0.00019545001606183893, -0.00019552778058404038, 1.0349810271008083e-16, 0.013034002970579332, -0.00019555877950373473, -0.00019555877950373473]
other derivatives: [ 0.01385274  0.00658247  0.04819753  0.02207798 -0.00431442  0.        ]
Current x array =  [ -0.66446504  -0.50419673  -0.67388083   0.96870049  -1.31583592
   0.33647224   0.16933714  -5.94636923  -2.59808733  -0.93462605
  -9.85445767  -2.96095044  -4.05791545  -4.48204982 -12.59693575
  -4.09520376  -4.48204982  -2.30258509 -12.61234164 -12.61194384
  -2.30258509  -4.48204982 -12.61178533 -12.61178533]
log likelihood =  -398.19745493
Edge derivatives =  [0.0010673640656378713, 0.002085197628935646, -0.0019784685264402704, 0.007238945061278201, -0.0008082569038431112, 0.00888477774921638, -0.01084500487440471, 0.014067866595360311, -0.00014806731514562058, 0.024414525316947183, 0.01406786659536051, 1.4791801837271052e-16, -0.00014711466833827676, -0.00014717670515500332, 1.6274778000539353e-16, 0.014067866595361536, -0.00014720221012307983, -0.00014720221012307983]
other derivatives: [-0.02737579  0.08841994 -0.03518039 -0.01068088 -0.00027853  0.        ]
Current x array =  [ -0.66430705  -0.5046722   -0.67302363   0.97109104  -1.31601918
   0.33647224   0.17031215  -6.06617253  -2.58989394  -0.93589912
 -10.1018622   -2.95936716  -4.05764839  -4.48364874 -12.88103041
  -4.09188253  -4.48364874  -2.30258509 -12.89640749 -12.89598589
  -2.30258509  -4.48364874 -12.89581262 -12.89581262]
log likelihood =  -398.197306632
Edge derivatives =  [-0.00019268258219359846, 0.0019409943765676958, -0.004624206544586437, 0.0049977882892108805, -0.000696094829397889, 0.006692948265057397, -0.011547330746977894, 0.014299598035490687, -0.0001242897261914772, 0.02083330249859282, 0.014299598035490652, 2.4232288766490266e-27, -0.00012349491978996897, -0.00012354881040937496, 2.1024089193937415e-27, 0.014299598035491835, -0.00012357134523435266, -0.00012357134523435266]
other derivatives: [ 0.01468834 -0.02281695 -0.02936531 -0.02232809  0.00160298  0.        ]
Current x array =  [ -0.66455798  -0.50387044  -0.67314629   0.97215808  -1.31631783
   0.33647224   0.17079374  -6.14000693  -2.58608511  -0.93635204
 -10.25426101  -2.95854088  -4.05695031  -4.48403593 -13.05606962
  -4.08821081  -4.48403593  -2.30258509 -13.07142878 -13.0709925
  -2.30258509  -4.48403593 -13.07081012 -13.07081012]
log likelihood =  -398.197176528
Edge derivatives =  [0.0022218162625432802, 0.0018661214087340094, -0.006363894854863408, 0.002812593596223101, -0.0006280802964419238, 0.006814065937729791, -0.013147315739155549, 0.013987379032550543, -0.00011036974063346856, 0.015054076791955882, 0.01398737903255055, 2.664362281655649e-16, -0.00010966776333956463, -0.00010971671588356635, 2.664561530565921e-16, 0.013987379032551733, -0.00010973740753783826, -0.00010973740753783826]
other derivatives: [ 0.01254534 -0.04577032 -0.02332285 -0.0234877   0.00069917  0.        ]
Current x array =  [ -0.66456929  -0.50370401  -0.67321892   0.9722821   -1.31627268
   0.33647224   0.17080773  -6.19008242  -2.58420738  -0.93652356
 -10.35770369  -2.95855251  -4.0553326   -4.48357347 -13.17483624
  -4.08231133  -4.48357347  -2.30258509 -13.19018255 -13.18973628
  -2.30258509  -4.48357347 -13.18954771 -13.18954771]
log likelihood =  -398.196850328
Edge derivatives =  [-0.025774386206434796, 0.001683935631000837, -0.0075419342181127155, -0.0002442437039315015, -0.0005216621940507201, 0.0016911652620169582, -0.013043929200505885, 0.011200168722583073, -8.886000908917241e-05, 0.0015371531777453977, 0.011200168722583014, 3.6981270079501086e-16, -8.830249809800518e-05, -8.834352094308766e-05, 3.8476216911352325e-16, 0.011200168722583989, -8.836117872343402e-05, -8.836117872343402e-05]
other derivatives: [-0.04300773 -0.03309992  0.00854357 -0.01580815 -0.01987246  0.        ]
Current x array =  [ -0.66432155  -0.50379918  -0.67353656   0.97227249  -1.31548233
   0.33647224   0.17166064  -6.2810227   -2.58441346  -0.93637088
 -10.54659526  -2.95677707  -4.05554881  -4.47929057 -13.39158162
  -4.06866168  -4.47929057  -2.30258509 -13.40690482 -13.40644036
  -2.30258509  -4.47929057 -13.40624051 -13.40624051]
log likelihood =  -398.196668719
Edge derivatives =  [0.020710439036956685, 0.0017434565703269439, -0.0027090971926753173, -0.0028183594442892645, -0.0004972097256448736, -0.0028817743964590498, -0.01170510886247424, 0.007198625964587216, -8.364318239733142e-05, -0.01163544069910774, 0.007198625964587119, 1.72049313093e-20, -8.312562346397038e-05, -8.316466444650749e-05, 1.714015963571102e-20, 0.007198625964587743, -8.3181550234377e-05, -8.3181550234377e-05]
other derivatives: [ 0.02971774 -0.02926299 -0.01509193 -0.01337526  0.01214175  0.        ]
Current x array =  [ -0.66471324  -0.5038838   -0.67333149   0.97123424  -1.31679612
   0.33647224   0.17047644  -6.30581832  -2.58867361  -0.93546733
 -10.59934918  -2.95511605  -4.0569863   -4.4730266  -13.45193707
  -4.05543339  -4.4730266   -2.30258509 -13.4672528  -13.46678324
  -2.30258509  -4.4730266  -13.46658023 -13.46658023]
log likelihood =  -398.196583997
Edge derivatives =  [0.000602429958773465, 0.0017653572969674328, -0.0008965716399601115, -0.006570659303852755, -0.0005203510823556938, -0.00757633668273508, -0.007781131616170729, 0.005243438452590801, -8.787861959981736e-05, -0.010212527796301257, 0.005243438452591228, 1.1055391634253554e-16, -8.733440383729629e-05, -8.737505571090645e-05, 1.1077678121993459e-16, 0.005243438452591714, -8.739256934035308e-05, -8.739256934035308e-05]
other derivatives: [-0.08279244  0.00609361  0.04204139 -0.00213163  0.00912337  0.        ]
Current x array =  [ -0.66407267  -0.50412624  -0.67395843   0.97083479  -1.31721066
   0.33647224   0.1711265   -6.28457909  -2.59285822  -0.93461069
 -10.55646349  -2.95354787  -4.06111955  -4.47003869 -13.40259356
  -4.05689825  -4.47003869  -2.30258509 -13.41791507 -13.41744971
  -2.30258509  -4.47003869 -13.41724929 -13.41724929]
log likelihood =  -398.196515392
Edge derivatives =  [-0.005954200416536659, 0.0017727417552241063, 0.0018874503514398865, -0.0019388783238725726, -0.0005402056467863931, -0.007942259164402568, -0.005775065220915237, 0.004685062137618812, -9.17578209007791e-05, -0.007265159112288012, 0.004685062137618882, -2.2630065676653892e-17, -9.118882095695679e-05, -9.12309331594506e-05, -2.2394556382645714e-17, 0.004685062137619184, -9.12490125559185e-05, -9.12490125559185e-05]
other derivatives: [-0.04053504  0.01030571  0.0198213   0.00280806  0.00133582  0.        ]
Current x array =  [ -0.66429802  -0.50418505  -0.67368041   0.97048401  -1.31657502
   0.33647224   0.17110646  -6.2661925   -2.59544847  -0.93454855
 -10.51889459  -2.95342601  -4.06318063  -4.46916292 -13.35938473
  -4.05981833  -4.46916292  -2.30258509 -13.3747112  -13.37424949
  -2.30258509  -4.46916292 -13.37405134 -13.37405134]
log likelihood =  -398.196471425
Edge derivatives =  [-0.00658960143550627, 0.0017649500027700203, 0.005116366185229468, 0.004026193904549724, -0.0005404072341434575, -0.009767249517444843, -0.0024138090970814916, 0.0036265880203017638, -9.169939116421665e-05, -0.004145118950172794, 0.0036265880203016944, 1.038519880530802e-16, -9.113101012239642e-05, -9.117309493348017e-05, 7.415071966500709e-17, 0.0036265880203025097, -9.119116211298466e-05, -9.119116211298466e-05]
other derivatives: [ 0.00179057  0.01134595 -0.00110276  0.0020691  -0.00441673  0.        ]
Current x array =  [ -0.66451325  -0.50420827  -0.67341922   0.97046289  -1.31594347
   0.33647224   0.1709965   -6.26611885  -2.59820914  -0.93453926
 -10.5195263   -2.95278719  -4.06666551  -4.46751523 -13.36000299
  -4.06292023  -4.46751523  -2.30258509 -13.3753303  -13.3748686
  -2.30258509  -4.46751523 -13.37467046 -13.37467046]
log likelihood =  -398.1964545
Edge derivatives =  [-0.0024855779308738946, 0.0017458081911247093, 0.005583491838223847, 0.005520870411521384, -0.0005215694831416406, -0.010573098556835775, -0.0007683917941488441, 0.0032047323170498014, -8.79751747149627e-05, -0.002892203379139688, 0.0032047323170498847, -2.517008688782652e-16, -8.743048294315756e-05, -8.747116013769633e-05, -2.368765746403536e-16, 0.003204732317050381, -8.748868032911065e-05, -8.748868032911065e-05]
other derivatives: [ 0.01146532  0.00820819 -0.00449063 -0.00160867 -0.00402451  0.        ]
Current x array =  [ -0.66456061  -0.50417953  -0.67337901   0.97066224  -1.31583754
   0.33647224   0.1709113   -6.28340545  -2.59835317  -0.93461275
 -10.55566965  -2.95248981  -4.06837793  -4.46685848 -13.40145758
  -4.0641707   -4.46685848  -2.30258509 -13.41678115 -13.41631601
  -2.30258509  -4.46685848 -13.41611574 -13.41611574]
log likelihood =  -398.19642445
Edge derivatives =  [-0.0008612314938030718, 0.001679069812795921, 0.004361993314955591, 0.002392356105228921, -0.0004706629906052411, -0.010272889612782832, 0.0021470443166060754, 0.0022493887549903113, -7.816000080958897e-05, -0.0014301847279867656, 0.002249388754990242, 6.071410887771983e-16, -7.767770576444302e-05, -7.771461181217703e-05, 6.366108450235909e-16, 0.002249388754990568, -7.773065265702779e-05, -7.773065265702779e-05]
other derivatives: [ 0.00276827 -0.01733156 -0.02379466 -0.00356977 -0.00263753  0.        ]
Current x array =  [ -0.66451318  -0.50399304  -0.67317702   0.97085328  -1.31583854
   0.33647224   0.17094921  -6.33279611  -2.59740229  -0.93457326
 -10.65881065  -2.95256387  -4.07142751  -4.46541407 -13.51976375
  -4.06565489  -4.46541407  -2.30258509 -13.53507603 -13.53460103
  -2.30258509  -4.46541407 -13.53439465 -13.53439465]
log likelihood =  -398.196419748
Edge derivatives =  [0.00188699415680596, 0.0015501511389067295, 0.001333246124481876, -0.002595434388954043, -0.0003918246152555123, -0.008721206672192325, 0.005235983591086922, 0.001596777580273774, -6.339667785316082e-05, 2.0480862148338635e-05, 0.0015967775802737567, -3.758940876753621e-17, -6.300737427906372e-05, -6.303841187013908e-05, -5.2089490436303613e-17, 0.001596777580274076, -6.30521061852916e-05, -6.30521061852916e-05]
other derivatives: [ 0.05388756  0.02222009  0.02289653 -0.01462581 -0.00181899  0.        ]
Current x array =  [ -0.66486829  -0.50425205  -0.67372119   0.97151201  -1.31615776
   0.33647224   0.17131049  -6.42041084  -2.59366659  -0.9346934
 -10.84117128  -2.95291583  -4.07458886  -4.46429022 -13.72902277
  -4.06703054  -4.46429022  -2.30258509 -13.74431464 -13.74382215
  -2.30258509  -4.46429022 -13.74360494 -13.74360494]
log likelihood =  -398.196394185
Edge derivatives =  [0.0031411052495552705, 0.0015803446574547885, 0.0008507906915308366, -0.0037743899124793034, -0.0004033860471499942, -0.007006983103822181, 0.003988948764319222, 0.0017531729177428894, -6.560215308234494e-05, -0.0008581345438460619, 0.0017531729177430178, 4.739439213102633e-16, -6.519892712826848e-05, -6.52308589581815e-05, 4.590230676902605e-16, 0.001753172917743264, -6.5244914808974e-05, -6.5244914808974e-05]
other derivatives: [ 0.01173817 -0.00703153 -0.00387104 -0.00756586  0.00070486  0.        ]
Current x array =  [ -0.66461237  -0.50405111  -0.67342447   0.97108358  -1.31620428
   0.33647224   0.17109377  -6.40609689  -2.59375377  -0.93467221
 -10.81142998  -2.95357396  -4.07331245  -4.46460742 -13.69487958
  -4.06620052  -4.46460742  -2.30258509 -13.71017451 -13.70968487
  -2.30258509  -4.46460742 -13.70946941 -13.70946941]
log likelihood =  -398.19638759
Edge derivatives =  [0.0024462145353216502, 0.0015786828045248821, 8.850838765030872e-06, -0.004853280082179001, -0.00040082866363969863, -0.005215836564282025, 0.003272069240019059, 0.0018611157780343487, -6.520701877318436e-05, -0.0014646626239012417, 0.001861115778034314, -3.363444308738285e-19, -6.480618113654812e-05, -6.483795413575386e-05, -1.4650537843369206e-19, 0.0018611157780345292, -6.485194619524949e-05, -6.485194619524949e-05]
other derivatives: [-0.00398472 -0.0074067  -0.00891873 -0.00383125  0.00142677  0.        ]
Current x array =  [ -0.66453158  -0.50405057  -0.67337078   0.97084254  -1.31627662
   0.33647224   0.17106516  -6.40863339  -2.59309122  -0.93471523
 -10.81671224  -2.95419809  -4.07256015  -4.4647917  -13.70093375
  -4.06560367  -4.4647917   -2.30258509 -13.71622783 -13.71573767
  -2.30258509  -4.4647917  -13.7155219  -13.7155219 ]
log likelihood =  -398.196381947
Edge derivatives =  [0.0011157381139438038, 0.0015661847434650592, -0.0006916391785940189, -0.004907721402892695, -0.00039351974812891526, -0.002699777820696303, 0.0027788454891826027, 0.0018393183222946662, -6.395633679608013e-05, -0.0018738504448629137, 0.0018393183222946904, 4.144102387786147e-16, -6.356319591090061e-05, -6.359446293392533e-05, 3.848801202881245e-16, 0.0018393183222947009, -6.360825085968835e-05, -6.360825085968835e-05]
other derivatives: [-0.00985096 -0.00837872 -0.00456453  0.00111413  0.0011255   0.        ]
Current x array =  [ -0.66451312  -0.50404883  -0.67341987   0.97051228  -1.3163281
   0.33647224   0.17105592  -6.41668434  -2.59229167  -0.93484731
 -10.83361875  -2.9550532   -4.07203563  -4.46476588 -13.72030595
  -4.0651972   -4.46476588  -2.30258509 -13.73559786 -13.73510608
  -2.30258509  -4.46476588 -13.7348893  -13.7348893 ]
log likelihood =  -398.196383415
Edge derivatives =  [0.0034836905170287924, 0.0015512322826807807, -0.0003322683998441926, 0.0013292081512728537, -0.0003795926344084837, 0.00015235487162702788, 0.0028555490481405564, 0.0015219949450906052, -6.154257596375403e-05, -0.0017159139568118029, 0.0015219949450904144, -1.2584496327145775e-16, -6.116446096052314e-05, -6.119474443550078e-05, -1.405996053830895e-16, 0.0015219949450906017, -6.120813390278529e-05, -6.120813390278529e-05]
other derivatives: [-0.01529088  0.03522587 -0.01569447  0.00198952  0.00114824  0.        ]
Current x array =  [ -0.66449598  -0.50434794  -0.67328425   0.97031     -1.31617896
   0.33647224   0.17091587  -6.43259084  -2.59180509  -0.93529598
 -10.86719777  -2.95601226  -4.07208225  -4.46426904 -13.75876526
  -4.06534354  -4.46426904  -2.30258509 -13.77405325 -13.77355825
  -2.30258509  -4.46426904 -13.77333948 -13.77333948]
log likelihood =  -398.196379919
Edge derivatives =  [0.002141208222732255, 0.0015597205761837185, -0.0005361595502238331, -0.002210880763513723, -0.0003874379963372002, -0.001466361464802085, 0.002812009299414303, 0.0017021657239273402, -6.290147087650071e-05, -0.001805561311905738, 0.0017021657239273402, 1.9186799115845187e-16, -6.251489752969155e-05, -6.25457356677905e-05, 1.6258779337183324e-16, 0.001702165723927361, -6.25593500459229e-05, -6.25593500459229e-05]
other derivatives: [-0.01221565  0.01047056 -0.00937348  0.0014893   0.00114255  0.        ]
Current x array =  [ -0.66450571  -0.50417814  -0.67336124   0.97042484  -1.31626363
   0.33647224   0.17099538  -6.42356067  -2.59208132  -0.93504127
 -10.84813485  -2.9554678   -4.07205579  -4.4645511  -13.73693178
  -4.06526047  -4.4645511   -2.30258509 -13.752222   -13.75172883
  -2.30258509  -4.4645511  -13.75151119 -13.75151119]
log likelihood =  -398.196377183
Edge derivatives =  [0.0005764762981184668, 0.0015484728806665488, -0.0003601691180294096, -0.0006657586959166184, -0.00038287049346857676, -6.778560030616665e-05, 0.0028656095823337835, 0.0015110915658626545, -6.211035426250796e-05, -0.0017053689575042934, 0.0015110915658626163, 8.175315529238947e-17, -6.172864403861687e-05, -6.175915943418127e-05, 5.203999611805782e-17, 0.0015110915658628418, -6.177264299847718e-05, -6.177264299847718e-05]
other derivatives: [-0.00644036  0.00478053 -0.00118803  0.00420073 -0.00023874  0.        ]
Current x array =  [ -0.66454427  -0.50414242  -0.67344973   0.97025361  -1.31622725
   0.33647224   0.17101511  -6.42874207  -2.59194976  -0.93517535
 -10.85919959  -2.95593601  -4.0721078   -4.46425769 -13.74958867
  -4.06535963  -4.46425769  -2.30258509 -13.76487758 -13.76438336
  -2.30258509  -4.46425769 -13.76416506 -13.76416506]
log likelihood =  -398.19637564
Edge derivatives =  [0.0003958012483526452, 0.0015452445684569277, 0.00011637393898949674, 0.0011800299724175067, -0.00038191830637807647, 0.0005877441696942598, 0.0028911833928054256, 0.001345782450290222, -6.196342859038388e-05, -0.001537920791572691, 0.0013457824502902394, 4.3679767060002796e-16, -6.15825952861237e-05, -6.16130503452762e-05, 4.515247142881387e-16, 0.0013457824502900555, -6.162650938846706e-05, -6.162650938846706e-05]
other derivatives: [ 0.00185878  0.00116529  0.00135287  0.00418936 -0.00082991  0.        ]
Current x array =  [ -0.66458955  -0.5041181   -0.67347628   0.97024782  -1.31618239
   0.33647224   0.17101734  -6.42961181  -2.59210876  -0.93527393
 -10.86129297  -2.95615396  -4.07213144  -4.46400224 -13.75195426
  -4.06552409  -4.46400224  -2.30258509 -13.76724294 -13.76674852
  -2.30258509  -4.46400224 -13.7665301  -13.7665301 ]
log likelihood =  -398.196374144
Edge derivatives =  [0.00025201407508479434, 0.0015457411561322879, 0.0007734631631139757, 0.0032545818851603125, -0.0003826984215544998, 0.0010330293450268313, 0.0029317044502760042, 0.0011201118083273495, -6.21327979561716e-05, -0.001233595964845173, 0.0011201118083274536, 2.1782165283606815e-17, -6.175082876067594e-05, -6.17813523919535e-05, 2.1958163187756244e-17, 0.001120111808327457, -6.17948391585762e-05, -6.17948391585762e-05]
other derivatives: [ 0.00641762 -0.00154614  0.0035584   0.00296723 -0.00155751  0.        ]
Current x array =  [ -0.6646087   -0.50409665  -0.67349785   0.97033385  -1.31611426
   0.33647224   0.17102544  -6.42829387  -2.59249972  -0.93535181
 -10.85895879  -2.9563046   -4.07217478  -4.46365804 -13.74922523
  -4.06582859  -4.46365804  -2.30258509 -13.7645142  -13.76402002
  -2.30258509  -4.46365804 -13.76380175 -13.76380175]
log likelihood =  -398.196372055
Edge derivatives =  [0.00039715071542523184, 0.001550029170473218, 0.0012102687955777881, 0.003991337376301141, -0.0003852077732665318, 0.0017601140311146596, 0.0026029799288799123, 0.0008948384340605742, -6.263792937813591e-05, -0.001038401994010646, 0.0008948384340607511, 2.296091080970082e-16, -6.225268767764607e-05, -6.228341674420508e-05, 2.1477570432918678e-16, 0.0008948384340609974, -6.229698674841255e-05, -6.229698674841255e-05]
other derivatives: [ 0.01102194 -0.00408704  0.00200657  0.00080149 -0.00143245  0.        ]
Current x array =  [ -0.66462713  -0.50407643  -0.67348064   0.9704872   -1.31609711
   0.33647224   0.17104817  -6.4246501   -2.59285371  -0.93534106
 -10.85196513  -2.95655357  -4.07183105  -4.46331623 -13.7411285
  -4.06602264  -4.46331623  -2.30258509 -13.75641822 -13.75592473
  -2.30258509  -4.46331623 -13.75570688 -13.75570688]
log likelihood =  -398.19637093
Edge derivatives =  [-0.001510336319702682, 0.0015517250620749083, 0.0014104747523372603, 0.0031750153141638093, -0.0003856514297619854, 0.0028103639649515594, 0.0021691151413257316, 0.00027188785023418705, -6.278163469067722e-05, -0.00033132811654204217, 0.000271887850234135, 2.8837061753223387e-16, -6.239507096385925e-05, -6.242585703712424e-05, 2.8852056065309533e-16, 0.0002718878502344854, -6.243944997653528e-05, -6.243944997653528e-05]
other derivatives: [-0.00674163  0.00019895  0.01638796 -0.0045361  -0.00235332  0.        ]
Current x array =  [ -0.66451533  -0.50409012  -0.67363761   0.9709333   -1.31611082
   0.33647224   0.17120455  -6.42305993  -2.59341982  -0.93519361
 -10.85013267  -2.9569142   -4.07139307  -4.46237511 -13.73885165
  -4.06673915  -4.46237511  -2.30258509 -13.75414153 -13.75364825
  -2.30258509  -4.46237511 -13.75343053 -13.75343053]
log likelihood =  -398.196368012
Edge derivatives =  [-0.00044428021387682426, 0.0015651767363846836, 0.0013494297899395956, 0.0015246144582022336, -0.00039322022879774394, 0.003106439442944822, 0.0013620147310592287, 0.00037207061705985325, -6.421108980649594e-05, -0.0006670158130776815, 0.0003720706170600649, 2.897416650873536e-17, -6.381556411147609e-05, -6.384693115733528e-05, 1.4518617642173722e-17, 0.0003720706170601308, -6.386075927899284e-05, -6.386075927899284e-05]
other derivatives: [ 0.00450768 -0.00285354  0.00033538 -0.00430873 -0.00052864  0.        ]
Current x array =  [ -0.66457646  -0.50407789  -0.6734659    0.97088598  -1.31617098
   0.33647224   0.1711661   -6.41353744  -2.59353994  -0.93505915
 -10.83053033  -2.9570234   -4.07054465  -4.46253009 -13.71633285
  -4.06639677  -4.46253009  -2.30258509 -13.7316248  -13.7311334
  -2.30258509  -4.46253009 -13.73091684 -13.73091684]
log likelihood =  -398.196367255
Edge derivatives =  [-0.0005512505695240422, 0.001566900092313939, 0.001021468489233946, 0.000150642592549044, -0.0003940210066967409, 0.0028012468182617434, 0.0012291250863896847, 0.0004505338192367127, -6.434597758268812e-05, -0.0007827379128706805, 0.0004505338192366294, 2.965989080068057e-17, -6.394959474480097e-05, -6.398101661360445e-05, 1.4816941645886134e-17, 0.00045053381923682717, -6.399486692769036e-05, -6.399486692769036e-05]
other derivatives: [ 0.00195541 -0.00101181 -0.0011255  -0.00329692 -0.00014779  0.        ]
Current x array =  [ -0.66456567  -0.50409354  -0.67345132   0.97081531  -1.31621284
   0.33647224   0.1711629   -6.41267574  -2.59341298  -0.93498827
 -10.82869599  -2.95692139  -4.07040747  -4.46265018 -13.71423484
  -4.06628093  -4.46265018  -2.30258509 -13.72952697 -13.72903574
  -2.30258509  -4.46265018 -13.72881929 -13.72881929]
  status: 0
 success: True
    nfev: 113
     fun: 398.19636725479245
       x: array([ -0.66456567,  -0.50409354,  -0.67345132,   0.97081531,
        -1.31621284,   0.33647224,   0.1711629 ,  -6.41267574,
        -2.59341298,  -0.93498827, -10.82869599,  -2.95692139,
        -4.07040747,  -4.46265018, -13.71423484,  -4.06628093,
        -4.46265018,  -2.30258509, -13.72952697, -13.72903574,
        -2.30258509,  -4.46265018, -13.72881929, -13.72881929])
 message: 'CONVERGENCE: REL_REDUCTION_OF_F_<=_FACTR*EPSMCH'
     jac: array([ -1.95541361e-03,   1.01181286e-03,   1.12549969e-03,
         3.29691829e-03,   1.47792889e-04,  -0.00000000e+00,
         5.51250570e-04,  -1.56690009e-03,  -1.02146849e-03,
        -1.50642593e-04,   3.94021007e-04,  -2.80124682e-03,
        -1.22912509e-03,  -4.50533819e-04,   6.43459776e-05,
         7.82737913e-04,  -4.50533819e-04,  -2.96598908e-17,
         6.39495947e-05,   6.39810166e-05,  -1.48169416e-17,
        -4.50533819e-04,   6.39948669e-05,   6.39948669e-05])
     nit: 105
