number of sites to be analyzed:  154
log likelihood =  -2331.28819071
Edge derivatives =  [117.4740018996934, 5.344450201583789, -4.63622560373145, 3.9463238266408536, -18.996832406377894, -15.963834347199617, -25.237324310966564, -25.02951105891325, -28.83944940997978, -14.269378401642467, -25.02951105891325, -9.733774210884122e-17, -27.102166215680324, -24.26401311557803, -6.822784552307316e-17, -25.02951105891325, -28.19696667255422, -27.20792737891849]
other derivatives: [ -13.187082      3.32106538  -15.20184014   54.95821824 -144.57014004
    0.        ]
Current x array =  [-0.71581104 -0.75243771 -0.63344599  0.18232156 -0.10536052  0.33647224
 -2.30258509 -2.30258509 -2.30258509 -2.30258509 -2.30258509 -2.30258509
 -2.30258509 -2.30258509 -2.30258509 -2.30258509 -2.30258509 -2.30258509
 -2.30258509 -2.30258509 -2.30258509 -2.30258509 -2.30258509 -2.30258509]
log likelihood =  -2144.05792428
Edge derivatives =  [104.56897522578105, 3.286640308026213, -4.448546341829977, 2.3566180922342266, -16.609024603050777, -12.47962340727853, -21.15748569280281, -21.15597364040606, -24.411514851317392, -11.757812154573138, -21.155973640406064, 1.0959805909763573e-16, -22.919599337538763, -20.559040615053977, 8.171731568498019e-17, -21.155973640406064, -23.952304379793883, -23.09347960225873]
other derivatives: [  29.22683962   -8.91855052   39.01991477   29.10423973 -103.53464859
    0.        ]
Current x array =  [-0.77782537 -0.74913439 -0.70493504  0.44077122 -0.78522434  0.33647224
 -1.75014512 -2.27745198 -2.32438767 -2.28402688 -2.39192069 -2.37765754
 -2.42126758 -2.42029031 -2.43820714 -2.36968909 -2.42029031 -2.30258509
 -2.43003729 -2.41669043 -2.30258509 -2.42029031 -2.43518576 -2.43053465]
log likelihood =  -2778.99966646
Edge derivatives =  [-39.886532294485484, -0.21402605978162823, 7.758907969450825, 11.26228901366734, -1.1999077010329076, 7.703740475934532, -2.938450969309249, -3.4879018141335947, -6.078839681065055, 5.859149487059053, -3.4879018141335925, 2.0677477973876845e-16, -3.382228827587191, -3.3167847731876456, 2.587597259543053e-16, -3.4879018141335933, -5.359441893112574, -4.563128920022939]
other derivatives: [-7566.4333508     22.52868399 -3400.98058587    69.83595995    24.10815796
     0.        ]
Current x array =  [-0.05       -1.0599029  -0.05        1.4155687  -4.1234108   0.33647224
  1.54881206 -2.16956303 -2.46381221 -2.20637693 -2.91676429 -2.7763103
 -3.09248206 -3.09093293 -3.21194418 -2.74332314 -3.09093293 -2.30258509
 -3.15655141 -3.06825961 -2.30258509 -3.09093293 -3.19411362 -3.16230657]
log likelihood =  -1923.76999941
Edge derivatives =  [35.75358779945492, -0.397399768001001, -1.755162229670092, 0.8200888474183147, -11.085358382287751, -4.078192235796627, -13.129046737288446, -13.15151131231021, -15.814405670490116, -5.761073450820668, -13.151511312310204, 1.6843551273672587e-16, -14.32702915437867, -13.05489676042961, 2.1785978941786004e-16, -13.151511312310207, -15.545292585610305, -14.792983645118483]
other derivatives: [-283.60409488   -2.75497314  -96.1722435     5.62383775  -25.95024853
    0.        ]
Current x array =  [-0.45966447 -0.88498344 -0.41863735  0.86689328 -2.24447604  0.33647224
 -0.30804207 -2.2302895  -2.38533559 -2.25008305 -2.62135033 -2.55192423
 -2.71468165 -2.7134544  -2.77643782 -2.53301913 -2.7134544  -2.30258509
 -2.74762499 -2.70151677 -2.30258509 -2.7134544  -2.76694278 -2.75042074]
log likelihood =  -1869.87284461
Edge derivatives =  [5.4400629413419495, 0.3813770872334584, 1.2975299288453197, 2.97771450891196, -6.667925226662022, 0.7861343366789351, -8.351473909019363, -8.144593993974187, -10.354064883270162, -1.594873224507129, -8.144593993974182, -9.876132388716066e-16, -9.044162788483952, -8.04541656618998, -1.0333639786823189e-15, -8.144593993974183, -10.219626899979971, -9.495804839165872]
other derivatives: [ 155.63462057   22.17768724  -37.17489108  -15.5414682     6.82664449
    0.        ]
Current x array =  [-1.08131873 -1.00772263 -0.42079689  1.20885098 -3.45487876  0.33647224
  0.93071936 -2.19536238 -2.43859925 -2.22148586 -2.83538443 -2.70011453
 -2.98469701 -2.98342389 -3.08995351 -2.67833473 -2.98342389 -2.30258509
 -3.04034376 -2.96470864 -2.30258509 -2.98342389 -3.07460182 -3.04644225]
log likelihood =  -1845.81303268
Edge derivatives =  [3.093957204743314, 0.16521919174691818, 0.7406597060832155, 2.176924781378867, -6.959031850395135, 0.15833790244452395, -8.481024880116228, -8.309364215540812, -10.558623252984374, -1.9697902020898201, -8.309364215540812, -4.757051404696055e-16, -9.256066663047305, -8.12415532051326, -4.90514895240966e-16, -8.309364215540812, -10.32799556744529, -9.640588230773224]
other derivatives: [ 83.83262866  10.34179604  53.69849987 -14.99688551   5.51679022   0.        ]
Current x array =  [-0.89088236 -0.96993259 -0.50757508  1.17941544 -3.41538661  0.33647224
  0.90603473 -2.19573245 -2.43526788 -2.2176654  -2.84048332 -2.69529251
 -2.99103967 -2.98943718 -3.09834561 -2.67728277 -2.98943718 -2.30258509
 -3.04718777 -2.97075855 -2.30258509 -2.98943718 -3.08291414 -3.05391754]
log likelihood =  -1837.21860301
Edge derivatives =  [-6.46017238428891, -0.13196535472385784, 0.29803790163130167, 1.3691790296037838, -6.745142575173203, 0.10959915409356681, -8.048301425418707, -8.067724010048218, -10.185278985034026, -1.9521109872893545, -8.067724010048218, 7.327214547276068e-16, -8.771436853074405, -7.8150274586972515, 7.534760623752278e-16, -8.067724010048218, -9.874833591761183, -9.208586787308535]
other derivatives: [-88.62755294  -4.51902906 -13.49640115  -7.57715952  -0.10718395   0.        ]
Current x array =  [-0.62477163 -0.93781803 -0.43383221  1.155246   -3.50273204  0.33647224
  1.03438912 -2.19213801 -2.43730634 -2.20705395 -2.88455422 -2.70770615
 -3.04555583 -3.04336675 -3.16414599 -2.69727727 -3.04336675 -2.30258509
 -3.10648861 -3.02351927 -2.30258509 -3.04336675 -3.1474696  -3.11495706]
log likelihood =  -1831.05969561
Edge derivatives =  [-2.8116850973810705, 0.10746756827466636, 0.48755685357329814, 1.6467313865745747, -6.414635997162931, 0.43271650413719964, -7.750661965997695, -7.713130931576113, -9.792718362312955, -1.6609181191114915, -7.713130931576114, -7.972242550299211e-17, -8.425376185344787, -7.444233405140033, -8.377296842142029e-17, -7.713130931576113, -9.505022158970942, -8.838640998115618]
other derivatives: [  0.38285179   2.03356194  -4.62168828 -11.71094937   2.43544491   0.        ]
Current x array =  [-0.73933472 -0.95589217 -0.44300512  1.1804616  -3.59609935  0.33647224
  1.11862191 -2.18950572 -2.44125502 -2.2046179  -2.90278225 -2.71866359
 -3.06839537 -3.06629066 -3.19104078 -2.70870711 -3.06629066 -2.30258509
 -3.13125153 -3.04576692 -2.30258509 -3.06629066 -3.17375851 -3.14013694]
log likelihood =  -1827.9147542
Edge derivatives =  [-2.688012015972717, 0.2133241893617405, 0.5897894910935203, 1.7463981688151642, -5.872639138056412, 0.812637934338961, -7.149269010731503, -7.126085404926497, -9.142977848528167, -1.224146490821909, -7.1260854049264974, -5.780562482494963e-16, -7.778714669096965, -6.791500753204561, -6.50838199563115e-16, -7.126085404926497, -8.825324133974352, -8.169882795138811]
other derivatives: [  7.40139967   3.55648808  -1.42711087 -12.17583758   3.50930804   0.        ]
Current x array =  [-0.75071723 -0.96250832 -0.44486955  1.19544368 -3.74082402  0.33647224
  1.26879597 -2.18476641 -2.44655314 -2.19690151 -2.94400992 -2.73618537
 -3.11973063 -3.11748822 -3.25238644 -2.73059732 -3.11748822 -2.30258509
 -3.18696145 -3.09555219 -2.30258509 -3.11748822 -3.23376916 -3.19718551]
log likelihood =  -1814.0627963
Edge derivatives =  [-4.893689856575056, 0.3686825581588992, 0.3934262815976619, 1.66971424773875, -3.189435747001041, 2.4004002770757333, -4.040343475608651, -4.158847473002383, -5.875949826189653, 0.812284202216667, -4.158847473002383, -8.056636472871611e-16, -4.49041020828825, -3.4787906287517165, -8.856565878429525e-16, -4.158847473002383, -5.3878361319044705, -4.783586499774132]
other derivatives: [ 19.85897597 -10.26205609 -13.75058218 -10.85822987   4.30366072   0.        ]
Current x array =  [-0.77022537 -0.91781645 -0.43101479  1.16711352 -4.46953508  0.33647224
  2.04932543 -2.15277194 -2.46577665 -2.13447132 -3.20209623 -2.80954881
 -3.44268857 -3.440223   -3.64685818 -2.84420479 -3.440223   -2.30258509
 -3.53785327 -3.40478375 -2.30258509 -3.440223   -3.61665317 -3.55821905]
log likelihood =  -1825.35064557
Edge derivatives =  [-7.468317920870279, 0.4319439608153088, -0.5259633174877955, 0.38493827739431685, -1.0975568047060589, 3.2678736830713038, -1.4888615599505475, -1.5144798262163504, -3.3050797809196335, 2.0606562962684385, -1.5144798262163504, 1.2538127852069938e-15, -1.84622441149361, -0.6940802106652794, 1.2284963151993156e-15, -1.5144798262163512, -2.6091571163303757, -2.0359076825438036]
other derivatives: [-35.48632321  75.27967227  61.86276096   0.23014763   3.87738055   0.        ]
Current x array =  [-0.69257592 -1.3358841  -0.51247703  0.91064949 -5.07726617  0.33647224
  2.61421015 -2.11198069 -2.47827363 -2.03689493 -3.50293272 -2.80805316
 -3.82228485 -3.82420147 -4.13943071 -2.91453688 -3.82420147 -2.30258509
 -3.9539395  -3.75509478 -2.30258509 -3.82420147 -4.08375807 -3.99006217]
log likelihood =  -1810.86965711
Edge derivatives =  [-5.288782103167354, 0.4011249258996404, 0.21671030903516447, 1.468338120179073, -2.4228972584751465, 2.755443006214972, -3.133035011016868, -3.2259180332071873, -4.9300196920803705, 1.2827787328943983, -3.225918033207187, -2.3030406706048666e-16, -3.538179692016948, -2.4922471018221093, -2.5849573227342716e-16, -3.2259180332071877, -4.377273200006298, -3.7929920685023375]
other derivatives: [  5.04826403  23.85836524  13.1786237   -7.68088739   4.56370799   0.        ]
Current x array =  [-0.7468412  -1.04371772 -0.45554718  1.08987925 -4.65255359  0.33647224
  2.21944074 -2.14048763 -2.46954012 -2.10508615 -3.29269328 -2.80909839
 -3.55700417 -3.55585831 -3.79519664 -2.86538533 -3.55585831 -2.30258509
 -3.66315784 -3.51028009 -2.30258509 -3.55585831 -3.75732204 -3.68826882]
log likelihood =  -1807.11470869
Edge derivatives =  [-6.59780772708575, 0.37586637360649017, -0.06928480730042072, 1.0957945866039427, -1.668689925307501, 3.038768206533037, -2.169177897904891, -2.3218161509948025, -3.9873045943385184, 1.7918382589064805, -2.3218161509948017, -6.913085116775601e-16, -2.562857744162798, -1.5078364906897632, -7.68801483007251e-16, -2.3218161509948025, -3.382683875185139, -2.8033173283555817]
other derivatives: [ -2.88753199  10.87337296   4.54219844  -3.61112598   4.0923851    0.        ]
Current x array =  [-0.73706656 -0.99165117 -0.44701133  1.00368547 -4.85247835  0.33647224
  2.42464828 -2.12667907 -2.4723171  -2.07098745 -3.40137079 -2.81194961
 -3.69366719 -3.69332627 -3.97040842 -2.89434067 -3.69332627 -2.30258509
 -3.81254255 -3.63754371 -2.30258509 -3.69332627 -3.92445321 -3.84329869]
log likelihood =  -1803.75524359
Edge derivatives =  [-5.205785695614362, 0.3971315629689356, -0.4331868177995473, 0.4897205931395584, -1.2064262520016371, 2.675020135386973, -1.453047174152032, -1.636734800940133, -3.243790653015462, 1.753600582045789, -1.6367348009401335, -7.071553586757723e-17, -1.8180243312052973, -0.8251104996972997, -4.685060122560777e-17, -1.636734800940133, -2.612132461083388, -2.0534539393898346]
other derivatives: [-12.41633072  -2.14345164  -2.16509761   1.7838147    5.53975497   0.        ]
Current x array =  [-0.72654539 -0.94465123 -0.44012577  0.86636635 -4.864216    0.33647224
  2.3919303  -2.11388232 -2.47108098 -2.03323818 -3.49100509 -2.76472865
 -3.80703953 -3.80944629 -4.13356637 -2.88321317 -3.80944629 -2.30258509
 -3.93910547 -3.73591524 -2.30258509 -3.80944629 -4.07415556 -3.97711487]
log likelihood =  -1800.13174439
Edge derivatives =  [-3.721885574155964, 0.43799074830050816, -0.7935058960863504, -0.23014185630068326, -0.9643415131918776, 1.5456308671657641, -0.9121844048154528, -1.0881660751784346, -2.615850149586511, 1.1388342074125115, -1.0881660751784357, 1.658893345806258e-24, -1.2082442494570476, -0.36620221549919996, 1.814033130741005e-24, -1.0881660751784352, -1.9754864769614462, -1.4524702402164618]
other derivatives: [-14.65575679  -8.36271283 -10.40805273   8.29916189   6.12292297   0.        ]
Current x array =  [-0.72622172 -0.92318427 -0.43207754  0.69465283 -4.63750117  0.33647224
  2.11862514 -2.1001818  -2.46790141 -1.99246453 -3.56571018 -2.66126712
 -3.90106364 -3.90866779 -4.29455386 -2.82815372 -3.90866779 -2.30258509
 -4.04773626 -3.80737985 -2.30258509 -3.90866779 -4.21409745 -4.0955141 ]
log likelihood =  -1794.95219972
Edge derivatives =  [-3.052845073500321, 0.35267071281784756, -1.252245840654624, -1.4199149316139577, -0.9460912266490473, -1.3897866755786616, -0.5003628321262008, -0.6143803532885411, -2.006976777965404, -0.6406103029625712, -0.6143803532885407, 9.921432866079803e-16, -0.6883710900713632, -0.10023751377622965, 1.0088803874593518e-15, -0.6143803532885403, -1.3757533411209426, -0.9205681921923511]
other derivatives: [-13.08146693 -14.63213266   5.35021627  13.5971959    3.8474127    0.        ]
Current x array =  [-0.73012071 -0.89958879 -0.44974629  0.55756277 -3.99430288  0.33647224
  1.45324707 -2.08000245 -2.4690701  -1.9498148  -3.64225837 -2.47376083
 -3.99069036 -4.00802323 -4.49586694 -2.71063998 -4.00802323 -2.30258509
 -4.15732392 -3.85809691 -2.30258509 -4.00802323 -4.37645072 -4.22192606]
log likelihood =  -1792.0909498
Edge derivatives =  [0.983918822265829, -0.5477426624179054, -1.696634984529761, -2.8502103455088927, -0.8634627529819557, -5.696056483844653, -0.08121398978423143, -0.12639562012386962, -1.4010792112493884, -3.1287338942607583, -0.12639562012386965, -8.035544865926091e-16, -0.06354853492138568, 0.0483420759214997, -8.2108638072863015e-16, -0.12639562012386982, -0.7482326519131729, -0.355794412027657]
other derivatives: [  3.53059022   9.73216174 -68.42265066  15.53987659  -1.35858045   0.        ]
Current x array =  [-0.74237363 -0.95279774 -0.39653653  0.56662993 -3.12189261  0.33647224
  0.53129108 -2.04961096 -2.48751298 -1.91878356 -3.7477207  -2.26505595
 -4.10431975 -4.13521525 -4.77139077 -2.57490975 -4.13521525 -2.30258509
 -4.297615   -3.91674561 -2.30258509 -4.13521525 -4.59327553 -4.38685718]
log likelihood =  -1788.15423007
Edge derivatives =  [-2.5502402406374727, -0.5228572890487162, -1.513742384607454, -2.372448970888565, -0.8922864186811623, -4.819786128445535, -0.22731317860885508, -0.2501759373596939, -1.5091355549747043, -2.7761743166024284, -0.25017593735969396, 1.5049015888301638e-15, -0.29283753789687417, -0.01633402439142981, 1.5755354060407615e-15, -0.25017593735969346, -0.8815017169840875, -0.4980963784029481]
other derivatives: [ 8.18524768  0.65340373  3.19114406  8.60422915  0.69262569  0.        ]
Current x array =  [-0.74631543 -0.92590692 -0.46035101  0.70323372 -3.21845767  0.33647224
  0.66009776 -2.05332826 -2.49565782 -1.94123262 -3.72965988 -2.31912507
 -4.07806082 -4.10722405 -4.72743662 -2.60560229 -4.10722405 -2.30258509
 -4.2669633  -3.89743329 -2.30258509 -4.10722405 -4.55436041 -4.35379518]
log likelihood =  -1787.32535645
Edge derivatives =  [1.7021405872303215, -0.9387134188726066, -1.5712340311524207, -2.4683124771444627, -0.8857269568273265, -5.728791378195922, -0.2767670997047634, -0.27792066746904376, -1.4656271591723489, -3.4280742060166554, -0.27792066746904376, 3.4474095586357598e-16, -0.33867199870884696, -0.1261958688264094, 3.874552090534858e-16, -0.2779206674690432, -0.8526555099301735, -0.5014964689179939]
other derivatives: [ 11.91801857   2.10227427   9.7309794    1.55241651  -1.02361355   0.        ]
Current x array =  [-0.7427166  -0.91740603 -0.47601861  0.8409262  -2.97988431  0.33647224
  0.42933311 -2.04824126 -2.5101014  -1.956163   -3.74074684 -2.30051902
 -4.08123767 -4.11336324 -4.76791201 -2.58695482 -4.11336324 -2.30258509
 -4.27420717 -3.88872234 -2.30258509 -4.11336324 -4.57942147 -4.36704259]
log likelihood =  -1791.16795045
Edge derivatives =  [-5.181291861757329, -0.5657963833923367, -0.4393055359097618, -0.26450001928371625, -0.8174983505020053, -1.8336622689369055, -0.5296185286503298, -0.5958293157646211, -1.6849485513515605, -1.5859239089987582, -0.59582931576462, 2.1787951803109236e-16, -0.636285888265222, -0.4508821987770112, 2.3915527534640143e-16, -0.5958293157646206, -1.1173350790233794, -0.7897936390419454]
other derivatives: [-77.06298675  -7.2016519   -4.85426881  -6.18265403  -0.47978119   0.        ]
Current x array =  [-0.63098041 -0.91276481 -0.44688435  1.16336267 -3.24336196  0.33647224
  0.77458711 -2.07281447 -2.55632062 -2.04107637 -3.71510979 -2.49735124
 -4.03019925 -4.05918612 -4.69769082 -2.70089177 -4.05918612 -2.30258509
 -4.21593159 -3.85003176 -2.30258509 -4.05918612 -4.51061104 -4.30551747]
log likelihood =  -1786.72191144
Edge derivatives =  [-0.624575793272574, -0.8269793610685866, -1.2989339974299186, -1.8806456932584446, -0.8870187118469179, -4.6080003864115495, -0.3520168992486185, -0.36692518275909686, -1.5261266355844332, -2.9306973608259836, -0.3669251827590968, 1.375649314810279e-15, -0.4203745439784605, -0.2200652806224108, 1.3567010106260376e-15, -0.3669251827590972, -0.9252270528096398, -0.5810921432980914]
other derivatives: [-9.49958121 -0.8805273   6.87152806 -0.85005922 -0.6930577   0.        ]
Current x array =  [-0.71245773 -0.91614916 -0.46812886  0.92824404 -3.05123573  0.33647224
  0.52283008 -2.05489585 -2.52261785 -1.97915808 -3.73380417 -2.35382243
 -4.06741614 -4.09869173 -4.74889567 -2.61780967 -4.09869173 -2.30258509
 -4.25842577 -3.87824468 -2.30258509 -4.09869173 -4.56078717 -4.3503812 ]
log likelihood =  -1786.1732386
Edge derivatives =  [-0.9688195097637387, -0.611017320016762, -1.0346777273959957, -1.445054795953131, -0.6705041824506973, -3.654897716303201, -0.09730743568538933, -0.12377453466576825, -1.3418782020512963, -2.313021629861697, -0.12377453466576852, 2.0512093526610424e-18, -0.16955380459489874, 0.05163981494073561, 2.3117478822573956e-17, -0.12377453466576901, -0.7192153895232014, -0.3517816387388987]
other derivatives: [ 1.52836037  0.92297796  2.83519057 -1.72251475  0.43071395  0.        ]
Current x array =  [-0.72870648 -0.92630042 -0.45813428  0.96458694 -3.13905968  0.33647224
  0.61430844 -2.05208051 -2.53598979 -1.98187828 -3.78257124 -2.38631592
 -4.12269494 -4.15467    -4.82888049 -2.64740894 -4.15467    -2.30258509
 -4.31944016 -3.92816495 -2.30258509 -4.15467    -4.63292251 -4.41497414]
log likelihood =  -1785.80365747
Edge derivatives =  [-0.8096959480226169, -0.5877298580923135, -0.8435395912845345, -1.1826562415125836, -0.3896886453240408, -3.0258730830107217, 0.220492621015135, 0.17202674992158368, -1.1037636118145624, -1.8450009769245734, 0.17202674992158334, 7.370941757819063e-16, 0.13022780498645473, 0.3635523306395505, 7.160651792802498e-16, 0.17202674992158262, -0.45194276024073765, -0.06543646758681197]
other derivatives: [ 0.07908056  1.68388397 -2.77275376 -1.50614596  0.62059371  0.        ]
Current x array =  [-0.72637483 -0.92909609 -0.45146019  0.96939251 -3.14848566  0.33647224
  0.62126112 -2.04881288 -2.55454977 -1.98397561 -3.84920109 -2.4100069
 -4.19612209 -4.23033881 -4.94996374 -2.6724932  -4.23033881 -2.30258509
 -4.40226485 -3.98976223 -2.30258509 -4.23033881 -4.73748325 -4.50478557]
log likelihood =  -1785.4944525
Edge derivatives =  [-0.4583608875979248, -0.6557880297608111, -0.5393521804515748, -0.6699451259479053, -0.0999505880632201, -2.09028611870228, 0.43571831951921186, 0.35625275709801885, -0.9168374696225281, -1.2665985793386723, 0.35625275709801874, 2.4200491194829218e-17, 0.3062251248708982, 0.552892819359063, 3.707624435680995e-17, 0.3562527570980183, -0.2616736490001911, 0.12581000555808847]
other derivatives: [ 1.06292646 -1.7034381  -4.5175284  -1.75623427  0.40204213  0.        ]
Current x array =  [-0.72679028 -0.91394944 -0.45107159  0.97283959 -3.11034579  0.33647224
  0.58468472 -2.05347936 -2.58005003 -2.0017553  -3.9020971  -2.45827967
 -4.24570827 -4.28262411 -5.05482869 -2.70788158 -4.28262411 -2.30258509
 -4.46041144 -4.02731927 -2.30258509 -4.28262411 -4.82057084 -4.5710228 ]
log likelihood =  -1785.61054676
Edge derivatives =  [0.974018107981645, -0.8003068112966607, -0.07647886126874837, 0.061006131152455845, 0.4122380577997642, -0.5866673980511009, 0.7229680961991556, 0.6247804529497681, -0.6644615186619174, -0.29171802481218867, 0.6247804529497692, -3.497780715642164e-16, 0.5084149685215817, 0.8292773672925915, -3.199765987931145e-16, 0.6247804529497692, 0.008251424054894502, 0.38966418914641954]
other derivatives: [-8.96932306  9.78466232  7.53279892  0.78148332  0.34181085  0.        ]
Current x array =  [-0.70865266 -0.9486371  -0.47206954  0.90327251 -3.032098    0.33647224
  0.48164973 -2.07169305 -2.61978599 -2.02879001 -3.9778911  -2.54146229
 -4.31051101 -4.35310758 -5.22270882 -2.76675382 -4.35310758 -2.30258509
 -4.54042937 -4.07203969 -2.30258509 -4.35310758 -4.94618337 -4.66555499]
log likelihood =  -1785.34517393
Edge derivatives =  [0.11546663660019041, -0.7160446704645548, -0.33833691102500957, -0.352272151213475, 0.12130194412678216, -1.4291805602679115, 0.5614135027046344, 0.4733712174993549, -0.8036058451353395, -0.8410328275116123, 0.47337121749935324, 1.6179147675622092e-15, 0.3956520662758725, 0.672745519834043, 1.6420368593037957e-15, 0.47337121749935424, -0.1420213756733674, 0.24187404712250235]
other derivatives: [-3.16777005  3.31574483  1.05005711 -0.68907866  0.40188297  0.        ]
Current x array =  [-0.71905774 -0.92873771 -0.46002357  0.94318132 -3.0769867   0.33647224
  0.54075819 -2.06124434 -2.59699052 -2.01328091 -3.93441008 -2.49374261
 -4.27333539 -4.31267307 -5.12640041 -2.73298036 -4.31267307 -2.30258509
 -4.49452518 -4.04638476 -2.30258509 -4.31267307 -4.87412276 -4.61132436]
log likelihood =  -1785.19177062
Edge derivatives =  [0.19837673211435947, -0.7762411957799098, -0.12392365892664788, 0.05036000429970017, 0.24207863368359742, -0.7442702959929758, 0.5500602807869611, 0.4441365840868256, -0.7700436432110586, -0.46807865234366197, 0.4441365840868264, -1.138944064136447e-16, 0.35740273403954637, 0.633170332717488, -8.553407728534787e-17, 0.4441365840868255, -0.13183667397313809, 0.2339730271916319]
other derivatives: [-1.55139332 -0.07821654  1.0328904  -0.53510121  0.04881713  0.        ]
Current x array =  [-0.72098117 -0.91354534 -0.4620191   0.93301941 -3.04369175  0.33647224
  0.51066779 -2.07353838 -2.61098986 -2.03206069 -3.93714564 -2.53706583
 -4.26518943 -4.30597043 -5.14490468 -2.75782602 -4.30597043 -2.30258509
 -4.48876168 -4.0349231  -2.30258509 -4.30597043 -4.87967246 -4.60914002]
log likelihood =  -1785.06905058
Edge derivatives =  [0.00582942195799685, -0.78217709598899, 0.10213641762735277, 0.49379443974872456, 0.2987164718832136, 0.06379609542700203, 0.42061136128551396, 0.3067680480903709, -0.792635493741781, -0.04639080138252316, 0.3067680480903721, 7.977383581917053e-16, 0.21143189787647096, 0.4673587059864175, 7.301815263900314e-16, 0.30676804809037134, -0.1981572048022595, 0.13173997060684073]
other derivatives: [ 0.21066171 -1.24575763  1.13916485 -0.23860594 -0.23451321  0.        ]
Current x array =  [-0.72335273 -0.90757113 -0.46343224  0.92235015 -3.02695219  0.33647224
  0.49865106 -2.09611243 -2.6221027  -2.05327047 -3.91466406 -2.59042701
 -4.22580061 -4.26808493 -5.1274108  -2.78569036 -4.26808493 -2.30258509
 -4.45005622 -3.99623039 -2.30258509 -4.26808493 -4.84888583 -4.5725703 ]
log likelihood =  -1784.99452793
Edge derivatives =  [0.3043323970518548, -0.7310886276905307, 0.11313932185882405, 0.5121275091065228, 0.2763364269744306, 0.44811426815631816, 0.29208883071645675, 0.18406052305136109, -0.7987147579800686, 0.18809624668002556, 0.18406052305136142, 6.337690930122188e-16, 0.08986233962001598, 0.3039898895506519, 6.256662011480533e-16, 0.18406052305136153, -0.2454800628045074, 0.04488229559622345]
other derivatives: [ 0.27648639 -0.82648057  0.33123797  0.10777512  0.07923973  0.        ]
Current x array =  [-0.72339898 -0.90844028 -0.46314688  0.9115673  -3.02819198  0.33647224
  0.4926087  -2.12635102 -2.62432304 -2.05385952 -3.89004576 -2.61743078
 -4.18907001 -4.23436339 -5.12425395 -2.80091232 -4.23436339 -2.30258509
 -4.41727721 -3.96028422 -2.30258509 -4.23436339 -4.82702972 -4.54188628]
log likelihood =  -1784.89186398
Edge derivatives =  [-1.2097580491547233, -0.6545400461863117, -0.00796976804410468, 0.2398657358932599, 0.2149128643773249, 0.8007632551608123, 0.12559010741730822, 0.04561704285338243, -0.7172048210482296, 0.48084529326062597, 0.04561704285338211, 1.8344358456965207e-16, -0.030605188078497818, 0.0682932588068568, 1.81720607098172e-16, 0.045617042853382236, -0.231943444832237, -0.021633240653146174]
other derivatives: [ 0.56961653  0.77384357 -0.99132649  0.69553607 -1.40155407  0.        ]
Current x array =  [-0.72439375 -0.91392771 -0.46208825  0.90453699 -3.01037267  0.33647224
  0.50462667 -2.2004257  -2.63015227 -2.03813226 -3.86025769 -2.64341787
 -4.14242041 -4.19728853 -5.18669789 -2.82020086 -4.19728853 -2.30258509
 -4.38748487 -3.91128304 -2.30258509 -4.19728853 -4.83338749 -4.51885267]
log likelihood =  -1784.81936018
Edge derivatives =  [-1.157122020258905, -0.48710981237272527, -0.21796298452618013, -0.2581880631538588, 0.11930049030095832, 0.9798641807434336, -0.044899760843694764, -0.07918444884314968, -0.5942902153566529, 0.7336285078614977, -0.07918444884315047, -2.282068384576234e-17, -0.1383601759096319, -0.16973917610726072, -2.2534173996483063e-17, -0.07918444884315032, -0.17692474360010468, -0.06244732728990287]
other derivatives: [ 1.64820904 -0.33285232  7.49537321  0.55888449 -0.04408776  0.        ]
Current x array =  [-0.72563259 -0.91092012 -0.47147224  0.90108219 -3.04469832  0.33647224
  0.52429102 -2.30002478 -2.63560648 -2.00879493 -3.82896228 -2.65929665
 -4.09533606 -4.16322275 -5.28803444 -2.83693867 -4.16322275 -2.30258509
 -4.36459789 -3.86171774 -2.30258509 -4.16322275 -4.85864784 -4.50430707]
log likelihood =  -1784.6861022
Edge derivatives =  [-0.48052516221953523, -0.3976571533524545, -0.46983435093953074, -0.8993543491446188, 0.06575050218146775, 0.7791929156775476, -0.07455836215255357, -0.07652694896000677, -0.46021964662475406, 0.7609235329851383, -0.07652694896000659, -5.7725849068629325e-19, -0.09748628390672495, -0.26831238468263097, -3.205008992044914e-19, -0.07652694896000586, -0.055611999636060325, 0.001456925379268753]
other derivatives: [-1.03148068  0.5949687   0.38837698  1.19885044 -0.07837571  0.        ]
Current x array =  [-0.721968   -0.9133166  -0.46438427  0.88721648 -3.03089489  0.33647224
  0.50342088 -2.37897851 -2.64077181 -1.97606625 -3.82348041 -2.64613613
 -4.08337607 -4.16319124 -5.41466022 -2.83735316 -4.16319124 -2.30258509
 -4.37640863 -3.84346332 -2.30258509 -4.16319124 -4.91684045 -4.52469367]
log likelihood =  -1784.61551731
Edge derivatives =  [-0.1533372249642979, -0.33718866585733026, -0.6277376317405304, -1.354257630394022, 0.0553185865314897, 0.43519790628712995, 0.003915759290884693, 0.021246027151220915, -0.3503914721525339, 0.671943470082816, 0.02124602715122065, 5.546260069376352e-16, 0.022492304310479404, -0.21584600901705034, 5.571912013211467e-16, 0.02124602715122067, 0.0776999112004395, 0.11952998356503942]
other derivatives: [-0.08321877  0.32925982 -1.45732884  1.01754267 -0.02644356  0.        ]
Current x array =  [-0.7231613  -0.91207891 -0.46220918  0.89128626 -3.02676259  0.33647224
  0.49841992 -2.43012395 -2.64712539 -1.9518114  -3.83694662 -2.62176879
 -4.09886106 -4.18719672 -5.53275547 -2.83028977 -4.18719672 -2.30258509
 -4.41046528 -3.85322637 -2.30258509 -4.18719672 -4.98520334 -4.56494862]
log likelihood =  -1784.59957693
Edge derivatives =  [-0.5089568017806818, -0.28408754627892824, -0.5725092225690425, -1.3582724659329926, 0.014249071403109333, 0.13954616359626143, -0.008781364206327802, 0.041214774900169476, -0.2497774738606087, 0.539743247050759, 0.04121477490016938, 5.838432970127897e-16, 0.0795331950821248, -0.27491540164568007, 5.943694480442969e-16, 0.04121477490016945, 0.191996526716655, 0.1872894528493623]
other derivatives: [-8.73601493 -2.69619704 -1.99204351  0.10586518 -0.18010269  0.        ]
Current x array =  [-0.71079229 -0.90276972 -0.46197142  0.91708618 -3.02006152  0.33647224
  0.49948099 -2.51469685 -2.66770033 -1.94767678 -3.83706774 -2.60656178
 -4.09422238 -4.19420106 -5.67617696 -2.82286009 -4.19420106 -2.30258509
 -4.42998434 -3.84589642 -2.30258509 -4.19420106 -5.05118646 -4.59151175]
log likelihood =  -1784.53367045
Edge derivatives =  [-0.15508306211032297, -0.25351361233100106, -0.5221392809609039, -1.2791492646645812, 0.03856152540304428, 0.1557398465542013, 0.017788388746203483, 0.07617978756479961, -0.2211304509603431, 0.5640329015441337, 0.07617978756479994, 1.246356242795406e-19, 0.11528782933261345, -0.24879427064951953, 6.622600289002923e-20, 0.07617978756479948, 0.2309874152620083, 0.2242353428582635]
other derivatives: [-1.91309937 -0.92879873 -0.61600076 -0.15147634 -0.11925749  0.        ]
Current x array =  [-0.71967963 -0.90780076 -0.46314745  0.91871003 -3.01683629  0.33647224
  0.49683371 -2.53112948 -2.67341459 -1.94752801 -3.8424691  -2.60552213
 -4.09908378 -4.20152022 -5.71429886 -2.82315975 -4.20152022 -2.30258509
 -4.44028644 -3.8492973  -2.30258509 -4.20152022 -5.07246214 -4.60378156]
log likelihood =  -1784.50954558
Edge derivatives =  [0.0404682669494445, -0.2300483125534135, -0.39263331941091456, -1.008149236996193, 0.04666891904491793, 0.23099496940828879, -0.008507527718131212, 0.061431479715138425, -0.2041532214416037, 0.5806252961218843, 0.061431479715138605, 9.788636555188242e-16, 0.10741601502954913, -0.2829724166346633, 1.0035355646387622e-15, 0.06143147971513809, 0.24608697176623617, 0.22320324524534338]
other derivatives: [ 0.36723122 -0.18471837  0.12119017 -0.47641606 -0.08008101  0.        ]
Current x array =  [-0.72238935 -0.90985644 -0.46396626  0.92396051 -3.01297861  0.33647224
  0.49397158 -2.55389731 -2.68253961 -1.95663428 -3.83926835 -2.61063783
 -4.09223066 -4.19717956 -5.7439143  -2.82389146 -4.19717956 -2.30258509
 -4.43838733 -3.84302065 -2.30258509 -4.19717956 -5.08141287 -4.60330217]
log likelihood =  -1784.4864585
Edge derivatives =  [0.30972873325604877, -0.19511803699619334, -0.1802846006512988, -0.5604391550512469, 0.038845768505510234, 0.27077936504987876, -0.06530821115904242, 0.024767655195990248, -0.18250975398862054, 0.541270710477971, 0.02476765519599052, 1.6898225016411012e-17, 0.0869639024625553, -0.3515853972240208, 1.9728194348674356e-17, 0.024767655195990515, 0.26343592847074676, 0.21085125388357265]
other derivatives: [ 1.32395144  0.37025529  0.29019702 -0.94207735  0.00952696  0.        ]
Current x array =  [-0.72312212 -0.91140924 -0.46423388  0.93266931 -3.00845371  0.33647224
  0.48987714 -2.59305575 -2.6973275  -1.97270089 -3.8310769  -2.61447661
 -4.07850069 -4.18744894 -5.79015296 -2.82091484 -4.18744894 -2.30258509
 -4.43246064 -3.83154973 -2.30258509 -4.18744894 -5.09236088 -4.59905814]
log likelihood =  -1784.45788965
Edge derivatives =  [0.19138468505272543, -0.17745691499144198, 0.02969780871651438, -0.12259299980943994, 0.0331716436285345, 0.16380485115059207, -0.09671896112349797, 0.008141426407372549, -0.16088699586171842, 0.37369599363938377, 0.008141426407372292, -7.531562970353098e-17, 0.08434632969600545, -0.37020529943965647, -6.042199501958029e-17, 0.00814142640737239, 0.2832042879768811, 0.2062149465948947]
other derivatives: [ 1.07957021  0.62498202  0.87211447 -0.66279426 -0.17780621  0.        ]
Current x array =  [-0.72259539 -0.91161807 -0.46561182  0.92523693 -2.99948663  0.33647224
  0.48379507 -2.63039891 -2.71126419 -1.98963387 -3.82559443 -2.60888603
 -4.0706569  -4.18227829 -5.83973128 -2.80898693 -4.18227829 -2.30258509
 -4.43028977 -3.82869256 -2.30258509 -4.18227829 -5.10401345 -4.59708057]
log likelihood =  -1784.53215246
Edge derivatives =  [-0.0815875083255424, -0.062346747363445705, 0.4047136352129588, 0.6616417323979616, -0.08573949951481763, 0.07030473039054679, -0.2597920259981877, -0.12019866532769594, -0.10441490926817741, 0.038523540068351014, -0.12019866532769552, 9.399309031690597e-17, 0.028021860069605744, -0.5094900619886173, 9.194256042303228e-17, -0.12019866532769594, 0.31233929930769044, 0.14169187874211303]
other derivatives: [ 3.08787094 -5.10990503 -5.90698619 -0.22475888  0.67570909  0.        ]
Current x array =  [-0.72722319 -0.89342888 -0.45635809  0.91872021 -3.03632773  0.33647224
  0.51358142 -2.76006285 -2.74060515 -2.01524272 -3.79329285 -2.60330973
 -4.03019122 -4.149988   -5.98186041 -2.78391352 -4.149988   -2.30258509
 -4.4066718  -3.80727716 -2.30258509 -4.149988   -5.12216119 -4.57306563]
log likelihood =  -1784.44728033
Edge derivatives =  [0.11853783958211883, -0.14456795193680272, 0.12927255979128544, 0.08510868426703658, 0.0028378873992519274, 0.13973563792809301, -0.13851451607557666, -0.024900947432347796, -0.14453152220485005, 0.28728459463326894, -0.02490094743234833, 2.305109876824008e-16, 0.06984181527584638, -0.4061538560969034, 2.569577802393925e-16, -0.02490094743234835, 0.29093041290514476, 0.18957917136015873]
other derivatives: [ 1.60891886 -0.84651219 -0.86415639 -0.54787961  0.05084075  0.        ]
Current x array =  [-0.72380415 -0.90686714 -0.46319478  0.92353479 -3.00910937  0.33647224
  0.49157514 -2.66426657 -2.71892792 -1.99632279 -3.8171574  -2.60742953
 -4.06008744 -4.1738442  -5.8768548  -2.80243786 -4.1738442  -2.30258509
 -4.42412086 -3.82309895 -2.30258509 -4.1738442  -5.10875356 -4.59080797]
log likelihood =  -1784.43165006
Edge derivatives =  [-0.022079040448984344, -0.13083860008608744, 0.2385256331319222, 0.3030652218882577, -0.005842331361430041, -0.034472767220385336, -0.14088106763983319, -0.020619923626285237, -0.12982690181774428, 0.08081508886819044, -0.020619923626285095, 2.488899683994339e-16, 0.08130938438911196, -0.3759731834566795, 2.3695748005415754e-16, -0.020619923626284998, 0.30671436362172655, 0.19128444403913664]
other derivatives: [ 0.03433342 -0.23071607 -0.10134045  0.08844836  0.01398348  0.        ]
Current x array =  [-0.72163582 -0.90879109 -0.46473097  0.90919621 -3.00720942  0.33647224
  0.48847726 -2.69226593 -2.72638632 -2.00487697 -3.81475431 -2.596527
 -4.05895928 -4.1734932  -5.91764578 -2.78778839 -4.1734932  -2.30258509
 -4.42524819 -3.82836629 -2.30258509 -4.1734932  -5.1175623  -4.59071309]
log likelihood =  -1784.42749496
Edge derivatives =  [-0.0513914730184406, -0.12426225884094382, 0.21738305034295263, 0.2540996057014861, -0.012527829553256018, -0.07827702412995935, -0.13360863223031666, -0.01602304621223465, -0.12563281905830526, 0.026485279344954815, -0.01602304621223416, -8.506284505047632e-16, 0.08613936561440932, -0.35100866864144203, -8.389222965007389e-16, -0.016023046212233716, 0.3081849337650332, 0.1905894550002959]
other derivatives: [-0.35179255 -0.13967565 -0.13114914  0.22209861  0.06109531  0.        ]
Current x array =  [-0.72118611 -0.90928881 -0.46466104  0.90665792 -3.00982807  0.33647224
  0.49013152 -2.6991008  -2.725512   -2.00272679 -3.81460864 -2.59335646
 -4.06043586 -4.17434728 -5.92805939 -2.7839093  -4.17434728 -2.30258509
 -4.42582092 -3.83276208 -2.30258509 -4.17434728 -5.11826309 -4.59027643]
log likelihood =  -1784.41519345
Edge derivatives =  [-0.1222362866105966, -0.10246559480252072, 0.12774598801168582, 0.059937290686375655, -0.03615859490201273, -0.14970993801217744, -0.11570779875530743, -0.013234820410672924, -0.11470338204546056, -0.127440133194896, -0.013234820410673264, 8.644093374530257e-16, 0.08588187318316795, -0.2606957201331225, 7.575761963461317e-16, -0.01323482041067314, 0.2978995429294473, 0.17085309143194172]
other derivatives: [-0.81363396  0.07717063  0.09019914  0.44458375  0.22312179  0.        ]
Current x array =  [-0.72075591 -0.91062977 -0.46462394  0.90262746 -3.0184706   0.33647224
  0.49647885 -2.72089268 -2.72020495 -1.99499884 -3.81250693 -2.58758982
 -4.06422973 -4.17435379 -5.95584798 -2.77305269 -4.17435379 -2.30258509
 -4.42312757 -3.84882605 -2.30258509 -4.17435379 -5.11169159 -4.58281707]
log likelihood =  -1784.40653618
Edge derivatives =  [-0.14962384444738808, -0.08591112387253742, 0.055904205140820576, -0.06965068744294789, -0.05179680995927105, -0.15074705651584963, -0.08698910690647899, -0.020016025745985665, -0.10819801366010243, -0.3075232609278271, -0.020016025745984642, 7.949015918206255e-17, 0.07030369789194851, -0.1125649438922213, 3.5585898414761184e-18, -0.020016025745984493, 0.25386512764874886, 0.1168742184560565]
other derivatives: [-0.97718384  1.14623617 -3.21615516  0.71172508 -0.08890311  0.        ]
Current x array =  [-0.72078322 -0.91448811 -0.46078772  0.89929632 -3.01427197  0.33647224
  0.49590207 -2.74164948 -2.71140008 -1.99256848 -3.81021909 -2.58554616
 -4.0715973  -4.1725525  -5.97618907 -2.76041417 -4.1725525  -2.30258509
 -4.41347095 -3.87691744 -2.30258509 -4.1725525  -5.0853744  -4.56358192]
log likelihood =  -1784.38969403
Edge derivatives =  [-0.3043738891559009, -0.07022506882060134, -0.014403364707058594, -0.20904207152599366, -0.0778434444874479, -0.16013964182236967, -0.08556703603178553, -0.0386109180347108, -0.09702716094470894, -0.4387447060871428, -0.03861091803471117, -1.1037312840647939e-16, 0.04286832650809563, -0.02466918182045256, -9.220925929394375e-17, -0.03861091803471175, 0.22606355078395896, 0.07086601491292371]
other derivatives: [-0.85876763  0.48651145 -0.64283086  0.43992259  0.01869012  0.        ]
Current x array =  [-0.72082053 -0.91247919 -0.46350209  0.90431892 -3.01792793  0.33647224
  0.50076668 -2.77102607 -2.70638871 -1.98849754 -3.80508848 -2.58531835
 -4.07224483 -4.1678631  -6.00703964 -2.75208849 -4.1678631  -2.30258509
 -4.4043311  -3.89342191 -2.30258509 -4.1678631  -5.06974393 -4.54803915]
log likelihood =  -1784.37988609
Edge derivatives =  [-0.3000018331184351, -0.06411524406552244, -0.014829208900414712, -0.19039510118449274, -0.08533579789101454, -0.09133955324619845, -0.09200972161166236, -0.0616719087361841, -0.09146368829684821, -0.4663816265869798, -0.0616719087361841, 6.280652957917766e-16, 0.011441591738079824, 0.026424102880951088, 7.1071727874330665e-16, -0.061671908736183924, 0.19591378833406342, 0.027089097805112882]
other derivatives: [-0.14233592  0.1440867   0.35240646  0.01255103 -0.06325536  0.        ]
Current x array =  [-0.72151436 -0.91104503 -0.46464798  0.91262874 -3.01268945  0.33647224
  0.49885258 -2.78967591 -2.70429243 -1.99123709 -3.80120292 -2.59037175
 -4.07144101 -4.16261081 -6.02300677 -2.75065741 -4.16261081 -2.30258509
 -4.39488463 -3.90351044 -2.30258509 -4.16261081 -5.0533064  -4.53376291]
log likelihood =  -1784.3747026
Edge derivatives =  [-0.18316842618635265, -0.06106886419868573, 0.0071851170726227875, -0.1258320472825001, -0.08056411336581282, -0.010663446234843485, -0.09242275693026232, -0.0768614792799794, -0.08728434890499703, -0.4328436956072821, -0.0768614792799796, 1.40871237104088e-15, -0.01224878240324219, 0.06456981261121844, 1.4093110130654577e-15, -0.07686147927998009, 0.17011785764344248, -0.0063359780086704506]
other derivatives: [-0.14240413 -0.00304681  0.23019311 -0.26507223 -0.12973942  0.        ]
Current x array =  [-0.72123315 -0.91017548 -0.46470909  0.91796515 -3.00628901  0.33647224
  0.49386774 -2.8020286  -2.70323866 -1.99576865 -3.79947553 -2.59603182
 -4.07186901 -4.15935886 -6.03339861 -2.75296794 -4.15935886 -2.30258509
 -4.38787808 -3.91116281 -2.30258509 -4.15935886 -5.0394208  -4.52307147]
log likelihood =  -1784.44159822
Edge derivatives =  [0.5134401039744636, -0.035102603929575975, 0.14003069888683461, 0.1988499382253659, -0.03743376292757504, -0.011174474472052137, -0.029975028947638312, -0.06015897838879067, -0.06285911259800006, -0.3494607058236996, -0.060158978388791085, -2.391179128734981e-16, -0.037827909705932916, 0.2548361471780142, -2.41071553421317e-16, -0.0601589783887906, 0.09992797155483274, -0.07634363401916622]
other derivatives: [ 9.63193543  1.09944267  2.18806235  0.11687007 -0.09501946  0.        ]
Current x array =  [-0.734627   -0.91065245 -0.46792498  0.89843568 -2.98701354  0.33647224
  0.4711405  -2.83846678 -2.69909982 -2.01350751 -3.80191032 -2.59461843
 -4.0864062  -4.16113151 -6.07637642 -2.75551141 -4.16113151 -2.30258509
 -4.37614932 -3.94609512 -2.30258509 -4.16113151 -4.99882232 -4.49833925]
log likelihood =  -1784.37317029
Edge derivatives =  [-0.09449976964738971, -0.057708462919532896, 0.024240130054849165, -0.08333569310412697, -0.07502481581320318, -0.010787914458892517, -0.08429096445634199, -0.07470660351792988, -0.08404679707415569, -0.4220917525531549, -0.0747066035179296, 4.830247265138791e-16, -0.015563363552163024, 0.08964331637444656, 4.670690379835635e-16, -0.07470660351792993, 0.16115378410585135, -0.01534687764384551]
other derivatives: [ 1.14584964  0.13883437  0.4888534  -0.21675532 -0.12466899  0.        ]
Current x array =  [-0.72297132 -0.91023738 -0.46512643  0.91543074 -3.00378757  0.33647224
  0.49091834 -2.80675731 -2.70270155 -1.99807069 -3.7997915  -2.5958484
 -4.07375555 -4.1595889  -6.03897599 -2.75329802 -4.1595889  -2.30258509
 -4.38635599 -3.9156961  -2.30258509 -4.1595889  -5.03415219 -4.51986188]
log likelihood =  -1784.36956386
Edge derivatives =  [0.04875205925800685, -0.057138285125579384, 0.04030428454250448, -0.03671166606122908, -0.06415789947934121, 0.04261866762936671, -0.07601327383317256, -0.07781519868878407, -0.08105019286044236, -0.3461849558393384, -0.07781519868878335, 6.384751933642893e-16, -0.027596871382516402, 0.11619299327066757, 6.89797605896594e-16, -0.07781519868878373, 0.1425313781797559, -0.03368007723755988]
other derivatives: [ 0.85940428 -0.01100489  0.10293206 -0.28510385 -0.11586963  0.        ]
Current x array =  [-0.72241801 -0.9093728  -0.46494391  0.91621841 -2.99971574  0.33647224
  0.4859757  -2.81160128 -2.70142516 -2.00146084 -3.80028281 -2.59952802
 -4.07591856 -4.15912511 -6.04284629 -2.75811507 -4.15912511 -2.30258509
 -4.38289144 -3.92084811 -2.30258509 -4.15912511 -5.02409342 -4.51405498]
log likelihood =  -1784.36414239
Edge derivatives =  [0.18196618214930282, -0.054107063866848326, 0.04803806154978019, -0.003486079067747422, -0.04812168343416731, 0.08305896571932658, -0.05453507911291705, -0.072266098446063, -0.07434309511247812, -0.18902993640238597, -0.07226609844606276, -8.272920100753106e-17, -0.03888099188302105, 0.15534002104734837, -7.351811188698718e-17, -0.07226609844606269, 0.11607030069747465, -0.054020729774984996]
other derivatives: [ 0.29203875 -0.25331701 -0.13503723 -0.15809292 -0.02112301  0.        ]
Current x array =  [-0.72156104 -0.90817329 -0.4650155   0.91265768 -2.99800636  0.33647224
  0.48148935 -2.81935864 -2.69832635 -2.00477054 -3.80218889 -2.60215218
 -4.08095893 -4.16050318 -6.05099211 -2.76772895 -4.16050318 -2.30258509
 -4.37957373 -3.92799181 -2.30258509 -4.16050318 -5.00955937 -4.50744459]
log likelihood =  -1784.36041066
Edge derivatives =  [0.2009437273269028, -0.04969978489251178, 0.04573003756344071, 0.004587721320520155, -0.03504524025694784, 0.09824848245577453, -0.03390148379422596, -0.0600643185980845, -0.06782223790532384, -0.009009296261490274, -0.06006431859808424, 8.400705201853573e-16, -0.043493819701435565, 0.17255333989531135, 8.263935999716919e-16, -0.06006431859808376, 0.09690654179899591, -0.06258016770067354]
other derivatives: [-0.17223556 -0.01818989  0.17375896 -0.00022737  0.05818492  0.        ]
Current x array =  [-0.72086538 -0.90891927 -0.46552169  0.90924195 -2.99927136  0.33647224
  0.4810036  -2.82614935 -2.69530787 -2.00629312 -3.80464678 -2.60281055
 -4.08568627 -4.16311175 -6.05947265 -2.77871812 -4.16311175 -2.30258509
 -4.37856104 -3.93060412 -2.30258509 -4.16311175 -4.99893611 -4.50455588]
log likelihood =  -1784.35921698
Edge derivatives =  [0.13738786209881404, -0.03756144011432224, 0.028927464068812456, -0.0253608683873065, -0.03592162092875441, 0.06101604106413616, -0.016464474090382517, -0.04475762081275672, -0.056070731466105674, 0.1647619953768329, -0.04475762081275754, -3.228200624439072e-16, -0.03737049992456246, 0.16018733178016842, -3.4439269593348166e-16, -0.04475762081275747, 0.0909158751920877, -0.057495067475319614]
other derivatives: [ 0.10536496 -0.92011305 -0.50345079  0.14192665  0.23685516  0.        ]
Current x array =  [-0.721576   -0.90604864 -0.46443675  0.90695597 -3.0069581   0.33647224
  0.48670933 -2.8402417  -2.69318174 -2.00490424 -3.80674432 -2.59984407
 -4.0890628  -4.16665413 -6.07982259 -2.78923401 -4.16665413 -2.30258509
 -4.38031496 -3.92782181 -2.30258509 -4.16665413 -4.99543008 -4.50608361]
log likelihood =  -1784.35644042
Edge derivatives =  [0.009665291938406373, -0.03542476885947987, 0.021103924546115427, -0.03734546860947949, -0.03776525181039076, 0.0442924688835815, -0.012285924585003612, -0.041003867753132806, -0.054800523671727726, 0.1576965167261073, -0.041003867753133263, 7.48741291889316e-17, -0.03885653721714325, 0.16671833154157278, 6.839935800787314e-17, -0.041003867753132736, 0.08432731406237702, -0.06165129568778706]
other derivatives: [-0.08990355 -0.17496404  0.1826038   0.16152626  0.12992132  0.        ]
Current x array =  [-0.72121228 -0.90880299 -0.46518762  0.90729966 -3.0065594   0.33647224
  0.48868855 -2.84558483 -2.69196934 -2.0047838  -3.80684845 -2.59846132
 -4.09020602 -4.16715176 -6.08633124 -2.78852964 -4.16715176 -2.30258509
 -4.37975659 -3.92897551 -2.30258509 -4.16715176 -4.99181282 -4.5046601 ]
log likelihood =  -1784.35506146
Edge derivatives =  [-0.09715651214421595, -0.03187718756029827, 0.016674610119188693, -0.045295095273846425, -0.0434706276817885, 0.02163642087001913, -0.012937497897100608, -0.03907430884228677, -0.05302229329624552, 0.1358038363502545, -0.03907430884228638, 3.7718661825319107e-16, -0.0376075000571547, 0.15745631537832505, 3.827919292308803e-16, -0.03907430884228626, 0.08355889556321493, -0.060886351138733065]
other derivatives: [ 0.02703473  0.13023964  0.34649474  0.10948042  0.05061338  0.        ]
Current x array =  [-0.72136859 -0.91007675 -0.46520796  0.90927402 -3.00714592  0.33647224
  0.49155336 -2.85176791 -2.69173371 -2.00434926 -3.80660559 -2.59676287
 -4.09005722 -4.16741542 -6.09445677 -2.78696383 -4.16741542 -2.30258509
 -4.3799871  -3.92733709 -2.30258509 -4.16741542 -4.99142165 -4.5049221 ]
log likelihood =  -1784.35323386
Edge derivatives =  [-0.2067599037057093, -0.024066280428226387, 0.01623848324103465, -0.04121997565570057, -0.05000698710726451, -0.01805827185063584, -0.01006500335640145, -0.033496424714639275, -0.047698518500069606, 0.12328317353246865, -0.03349642471463933, 9.682570539029562e-17, -0.0355637836561611, 0.13858354556373384, 8.188688968449797e-17, -0.0334964247146389, 0.07840412462838141, -0.06029255031874575]
other derivatives: [ 0.22243967  0.30099727  0.39096903  0.01737135 -0.01618901  0.        ]
Current x array =  [-0.72163934 -0.91092482 -0.46502868  0.91229353 -3.00825623  0.33647224
  0.49518013 -2.86555141 -2.69112692 -2.00464072 -3.80685019 -2.593903
 -4.09060576 -4.16851916 -6.11273124 -2.78588616 -4.16851916 -2.30258509
 -4.38040702 -3.92398768 -2.30258509 -4.16851916 -4.98873184 -4.50520862]
log likelihood =  -1784.35033816
Edge derivatives =  [-0.24000038985632255, -0.010992283127155264, 0.02239463279778689, -0.01693776657779164, -0.05420070929064087, -0.08702421393629792, 0.0014110103430352537, -0.021420129388884598, -0.03825934268832768, 0.0766630369679917, -0.02142012938888403, 1.2331104787677133e-17, -0.03182341372796892, 0.11440161523170961, 2.885818641096231e-17, -0.02142012938888375, 0.06316476562790806, -0.061783384369346744]
other derivatives: [ 0.29701823  0.36643542  0.21093456 -0.05779839 -0.0400405   0.        ]
Current x array =  [-0.72171132 -0.91130621 -0.4646885   0.91454755 -3.00868625  0.33647224
  0.49705966 -2.89004286 -2.68944535 -2.00657377 -3.80823037 -2.58909334
 -4.09295952 -4.17109604 -6.14537078 -2.78243567 -4.17109604 -2.30258509
 -4.38094332 -3.91988271 -2.30258509 -4.17109604 -4.98066695 -4.50488154]
log likelihood =  -1784.35547662
Edge derivatives =  [-0.3224915917412403, 0.005317253329491118, 0.018995028088715754, 0.0034967938002185284, -0.04425045476199443, -0.15966342312193257, 0.026609764325544735, 0.001859876971807617, -0.018326440009057046, 0.004240369476119277, 0.0018598769718078667, 6.87835076404688e-17, -0.03446342462563228, 0.059709445298453546, 5.664161276659029e-17, 0.0018598769718078424, 0.023312909798857667, -0.06594538037185652]
other derivatives: [ 0.17219008 -0.66722805  3.53709311 -0.38724011  0.09163159  0.        ]
Current x array =  [-0.72115489 -0.90755387 -0.46874124  0.91954371 -3.00759608  0.33647224
  0.49680609 -2.94006632 -2.68465895 -2.01062571 -3.81257303 -2.58525617
 -4.09772357 -4.17633514 -6.21183838 -2.77793263 -4.17633514 -2.30258509
 -4.38168598 -3.90952085 -2.30258509 -4.17633514 -4.96019093 -4.50435644]
log likelihood =  -1784.34938825
Edge derivatives =  [-0.26302199922626723, -0.0062066148295086675, 0.021499054802669587, -0.011064947328955355, -0.051365269964299576, -0.10748515871488759, 0.008547605577174228, -0.01482382462304652, -0.03237719995408803, 0.05626205484362856, -0.01482382462304634, -7.575149438964863e-16, -0.032575570086459366, 0.0990249488954589, -7.847915379080674e-16, -0.014823824623046829, 0.05199468494458155, -0.0629548957005663]
other derivatives: [ 0.26197995  0.0755108   1.15660441 -0.1510216  -0.0024329   0.        ]
Current x array =  [-0.72155409 -0.91024593 -0.46583366  0.91595929 -3.0083782   0.33647224
  0.49698801 -2.90417778 -2.68809288 -2.00771871 -3.80945746 -2.58800908
 -4.09430568 -4.17257643 -6.16415225 -2.78116326 -4.17257643 -2.30258509
 -4.38115317 -3.9169548  -2.30258509 -4.17257643 -4.97488112 -4.50473317]
log likelihood =  -1784.34668622
Edge derivatives =  [-0.13618383885024166, 0.007950038734012524, 0.03501832667655429, 0.034868645982637975, -0.04610696156233997, -0.1582370714828976, 0.027807406739348485, 0.00022684512075070093, -0.021835222719012254, 0.005091227054648595, 0.00022684512075075644, 2.519486276788055e-16, -0.029647104086080976, 0.07790481883534112, 2.5784052252643273e-16, 0.0002268451207506593, 0.025697565979989498, -0.06829443440209565]
other derivatives: [ 0.13819772  0.01100489  0.28442173 -0.17066668  0.02530669  0.        ]
Current x array =  [-0.72131608 -0.90989515 -0.46492325  0.91627167 -3.0065895   0.33647224
  0.4945218  -2.93259943 -2.6852933  -2.01149439 -3.81216875 -2.58432554
 -4.0982895  -4.17599077 -6.20182644 -2.77739164 -4.17599077 -2.30258509
 -4.38119815 -3.91358084 -2.30258509 -4.17599077 -4.96114629 -4.50320019]
log likelihood =  -1784.3457185
Edge derivatives =  [-0.026905429871059816, 0.011675604512848235, 0.03830894965381926, 0.04970698782809041, -0.0366865003086505, -0.1486724289676814, 0.03721569649180999, 0.006192831519955307, -0.01799537621620936, -0.0031704118471211906, 0.00619283151995487, 6.471625500617658e-16, -0.029406699222662043, 0.07195111355106414, 6.460727968631336e-16, 0.006192831519954967, 0.012962107633460755, -0.07012057059451308]
other derivatives: [-0.002251   -0.10231815 -0.01850822 -0.13087629  0.06884875  0.        ]
Current x array =  [-0.72107199 -0.90927459 -0.46476801  0.9147357  -3.00486414  0.33647224
  0.49132362 -2.94123094 -2.68371855 -2.01315134 -3.81390855 -2.58483681
 -4.10012214 -4.17742529 -6.21340071 -2.77677766 -4.17742529 -2.30258509
 -4.38119934 -3.91249489 -2.30258509 -4.17742529 -4.95450854 -4.50268177]
log likelihood =  -1784.3448794
Edge derivatives =  [0.059085497576846, 0.012438567362312686, 0.03528586738838406, 0.04922276108396337, -0.023661979647782053, -0.10758661437646179, 0.04307318311692153, 0.009716740043999198, -0.015593325921073934, -0.005378496657777454, 0.00971674004399974, 9.056748012874335e-16, -0.029406039174812694, 0.06402093760020358, 8.831234895067603e-16, 0.009716740043999809, 0.003858742557571215, -0.06880257625362873]
other derivatives: [-0.08096777 -0.18083028 -0.13328645 -0.06889422  0.08924417  0.        ]
Current x array =  [-0.72091609 -0.90871785 -0.46487296  0.91259242 -3.00259981  0.33647224
  0.48786358 -2.94491345 -2.68226915 -2.01397906 -3.81565675 -2.58740075
 -4.100984   -4.17831743 -6.21868061 -2.7767008  -4.17831743 -2.30258509
 -4.38149626 -3.91079736 -2.30258509 -4.17831743 -4.94973512 -4.50315477]
log likelihood =  -1784.34384804
Edge derivatives =  [0.028879312530102563, 0.012267848925150445, 0.018522816841241088, 0.019030517993800067, -0.008544287858360665, -0.03528973184836133, 0.043903113470653024, 0.011891403295718111, -0.01272675923962812, -0.004783322782712762, 0.011891403295718719, 6.842967938108554e-16, -0.02768538894391199, 0.04202120585273058, 6.76163995118596e-16, 0.011891403295718979, -0.0016875264318051246, -0.060696777833716756]
other derivatives: [-0.15074875 -0.17296315 -0.12446435  0.01443823  0.03019522  0.        ]
Current x array =  [-0.7208194  -0.90855222 -0.46506885  0.91057973 -3.00036526  0.33647224
  0.48625469 -2.9490622  -2.68057669 -2.01332358 -3.81756029 -2.5918311
 -4.10024529 -4.1788472  -6.22535238 -2.77686695 -4.1788472  -2.30258509
 -4.38274577 -3.90622177 -2.30258509 -4.1788472  -4.94675478 -4.5058368 ]
log likelihood =  -1784.3492391
Edge derivatives =  [0.35881500050302995, 0.024036287727965996, 0.005493953286125244, -0.00032460073202503215, 0.014822087121971687, 0.06703694823557176, 0.04233990858476701, 0.018029473514699468, -0.0060066520677404065, 0.031102199582402346, 0.01802947351469906, 6.17180051236415e-16, -0.02046815142847072, 0.002984544744222689, 6.454588669038641e-16, 0.01802947351469851, -0.008227904348352648, -0.04060254767588749]
other derivatives: [ 2.76404535  0.23976554  0.32673597 -0.03051355  0.23505891  0.        ]
Current x array =  [-0.72471818 -0.90933915 -0.46557715  0.90854791 -3.00045004  0.33647224
  0.48255435 -2.95826987 -2.67801613 -2.01256822 -3.82065561 -2.59744256
 -4.09807925 -4.17974615 -6.24057499 -2.77881201 -4.17974615 -2.30258509
 -4.38585032 -3.8976899  -2.30258509 -4.17974615 -4.94272445 -4.51206203]
log likelihood =  -1784.34372424
Edge derivatives =  [0.07183628352737115, 0.013805097149107005, 0.016822474450323907, 0.016500200536104848, -0.005504339200230437, -0.021939896558942545, 0.043697956217034595, 0.01268974594963954, -0.011844853268087235, -0.00011563142869519538, 0.012689745949640913, 2.9685949157386147e-16, -0.02674695322475404, 0.03695969341134624, 3.2947704644969143e-16, 0.012689745949641246, -0.00253783081637869, -0.05807514257581581]
other derivatives: [ 0.23042048 -0.11916654 -0.06580194  0.00861746  0.05682068  0.        ]
Current x array =  [-0.72132683 -0.90865464 -0.46513501  0.91031529 -3.0003763   0.33647224
  0.48577309 -2.95026058 -2.68024343 -2.01322527 -3.81796315 -2.59256144
 -4.09996338 -4.1789642  -6.22733362 -2.7771201  -4.1789642  -2.30258509
 -4.38314983 -3.90511134 -2.30258509 -4.1789642  -4.94623023 -4.50664702]
log likelihood =  -1784.34325977
Edge derivatives =  [-0.015338994397502859, 0.013198467373287342, -0.0006642921243348726, -0.018847577018195893, 0.0025852402906587357, 0.032336738731580036, 0.0396250251370905, 0.012515567344028027, -0.010353670927644531, 0.0016484196947352814, 0.012515567344028193, 1.9738465523044265e-16, -0.024477985612216098, 0.015024186270933527, 1.9035202457905978e-16, 0.012515567344028575, -0.0020476794750113395, -0.04880546463601195]
other derivatives: [ 0.08765255 -0.03146852  0.02919478  0.0514774  -0.01571152  0.        ]
Current x array =  [-0.72114705 -0.90896385 -0.46529016  0.909765   -2.99957909  0.33647224
  0.48635769 -2.95248181 -2.67934906 -2.01183605 -3.81892166 -2.59587948
 -4.09828088 -4.17890154 -6.23146159 -2.77735255 -4.17890154 -2.30258509
 -4.38452515 -3.90065554 -2.30258509 -4.17890154 -4.94640392 -4.50971652]
log likelihood =  -1784.3430654
Edge derivatives =  [0.0007228189237302729, 0.01408906779033553, -0.006989948504528776, -0.03252076712619792, 0.0033365398500056487, 0.046844945505296096, 0.03405512619643921, 0.011069833256848939, -0.01025757139034247, 0.007432081211452779, 0.011069833256849664, -4.38565256773889e-17, -0.022414251090580886, 0.003850068408980313, -4.410415331219386e-17, 0.011069833256849484, 0.0002957770231106476, -0.042348953709564874]
other derivatives: [-0.00661657  0.0670525   0.07973995  0.01853095  0.00943601  0.        ]
Current x array =  [-0.72098397 -0.909381   -0.46530843  0.91060771 -3.00037707  0.33647224
  0.48684836 -2.95274755 -2.67919815 -2.01111483 -3.81903301 -2.59675612
 -4.09670366 -4.178524   -6.23270238 -2.77776511 -4.178524   -2.30258509
 -4.38550147 -3.89844007 -2.30258509 -4.178524   -4.94759841 -4.51187353]
log likelihood =  -1784.34293247
Edge derivatives =  [-0.02618518223295352, 0.013925626837119922, -0.014006488590429564, -0.04818220381770846, 0.0021159062248660987, 0.059228354271062614, 0.024678259759610542, 0.007580887830556462, -0.010334768605517663, 0.015582080709121371, 0.0075808878305571, 9.753372444694819e-16, -0.01910292548936033, -0.01036325580420925, 9.685321100661351e-16, 0.007580887830557149, 0.004933856020245318, -0.03307926971662206]
other derivatives: [ 0.00322871 -0.04290541 -0.02517027 -0.02444267  0.00966338  0.        ]
Current x array =  [-0.7210307  -0.90910395 -0.46509298  0.91188128 -3.00134515  0.33647224
  0.48819733 -2.95185028 -2.67925306 -2.01017491 -3.81892471 -2.59756641
 -4.09418637 -4.17775713 -6.23284275 -2.77838683 -4.17775713 -2.30258509
 -4.38689697 -3.89571035 -2.30258509 -4.17775713 -4.95000036 -4.51499715]
log likelihood =  -1784.34278178
Edge derivatives =  [-0.013549342603185188, 0.016223819551441906, -0.007331639216700422, -0.032202446318156275, -0.00023584889656885766, 0.034450326225922825, 0.0193696855455167, 0.00765984888245903, -0.00963939471287683, 0.010567887394342446, 0.007659848882459321, -3.820213919520007e-16, -0.015237286404193778, -0.018730620218018267, -4.124681941457184e-16, 0.007659848882459876, 0.004217649973828392, -0.02660227435204833]
other derivatives: [-0.03190053  0.12548753  0.00238742 -0.04692993  0.02032721  0.        ]
Current x array =  [-0.72094369 -0.90976023 -0.46508587  0.91251201 -3.00181382  0.33647224
  0.48862104 -2.95520562 -2.67916195 -2.01094277 -3.81905285 -2.59592884
 -4.09281218 -4.17762433 -6.23860831 -2.7779456  -4.17762433 -2.30258509
 -4.38807891 -3.89417387 -2.30258509 -4.17762433 -4.94958514 -4.51716425]
log likelihood =  -1784.34261992
Edge derivatives =  [-0.0010399348670069308, 0.01624424677492627, 0.0002224208087070051, -0.015425093906259457, -0.0012173212112947668, 0.016232312173566132, 0.015173938223994262, 0.0067193158338999005, -0.009674463131004576, 0.008905488812538387, 0.0067193158339007054, -1.0525469774247088e-15, -0.012490142335767195, -0.01999515478536754, -1.058454170849775e-15, 0.006719315833900886, 0.004275395008589899, -0.022047776783682943]
other derivatives: [-0.02000888  0.09683845 -0.0208729  -0.03392415  0.02910383  0.        ]
Current x array =  [-0.72096308 -0.90963634 -0.46508024  0.91210249 -3.00173455  0.33647224
  0.48827474 -2.95512845 -2.67924964 -2.01175198 -3.81910797 -2.59484092
 -4.09177452 -4.17735826 -6.23959585 -2.77779872 -4.17735826 -2.30258509
 -4.38889106 -3.89393334 -2.30258509 -4.17735826 -4.94956127 -4.51867731]
log likelihood =  -1784.34244869
Edge derivatives =  [-0.013840524645553298, 0.01543063748481706, 0.011643019713526784, 0.013129458156805246, -0.0008308119086538057, -0.018145327461787777, 0.0050393827070016675, 0.004860732741295514, -0.008667994102850593, -0.003590271282612356, 0.004860732741294917, -2.53737521492018e-15, -0.005261305199919998, -0.026235683518483707, -2.5887743023965654e-15, 0.004860732741294952, 0.0021560045453477283, -0.008865674892932558]
other derivatives: [ 0.0058435  -0.06973551  0.18299033 -0.00886757  0.0122327   0.        ]
Current x array =  [-0.72099538 -0.90894087 -0.46542247  0.91112591 -3.00044941  0.33647224
  0.48715721 -2.95683861 -2.67881367 -2.01353039 -3.81971274 -2.5929256
 -4.08906541 -4.17684689 -6.24542687 -2.77699635 -4.17684689 -2.30258509
 -4.39129942 -3.89268267 -2.30258509 -4.17684689 -4.94836347 -4.52314359]
log likelihood =  -1784.34254595
Edge derivatives =  [0.006283904861273282, 0.014745907886850306, 0.017791268220459636, 0.026598764520845336, -0.0009518822711595543, -0.024396937868354868, 0.0006308944002754585, 0.0028691905819389386, -0.009343932039945997, -0.005122460155593256, 0.0028691905819389664, -8.434498496527182e-16, -0.0016870751450051777, -0.023465936495239995, -8.107626633494372e-16, 0.002869190581938987, 0.003055834652496042, -0.00415329687076707]
other derivatives: [ 0.04965841 -0.02323759 -0.47352842  0.05002221 -0.02405613  0.        ]
Current x array =  [-0.72111764 -0.90904943 -0.46469249  0.91005058 -2.9995765   0.33647224
  0.4863615  -2.95436079 -2.67886941 -2.01415065 -3.81975432 -2.59243257
 -4.08797484 -4.1763968  -6.24360992 -2.77680896 -4.1763968  -2.30258509
 -4.39209099 -3.89327213 -2.30258509 -4.1763968  -4.94872938 -4.52466173]
log likelihood =  -1784.3424105
Edge derivatives =  [-0.006864331212573127, 0.015193533177847584, 0.013776418063516205, 0.01780459478453339, -0.0008724326788563386, -0.020312287359944545, 0.00351110057136874, 0.004170341626698309, -0.00890221338382489, -0.004120770271103247, 0.004170341626698694, -8.347297635265621e-16, -0.004021265229715746, -0.025274240977199467, -7.922373419516653e-16, 0.004170341626699017, 0.0024682919207265116, -0.007230127109111532]
other derivatives: [ 0.0210548  -0.0535465  -0.04440608  0.01159606 -0.00034106  0.        ]
Current x array =  [-0.72103778 -0.90897852 -0.46516927  0.91075292 -3.00014664  0.33647224
  0.48688121 -2.95597916 -2.678833   -2.01374553 -3.81972717 -2.59275459
 -4.08868713 -4.17669077 -6.24479664 -2.77693135 -4.17669077 -2.30258509
 -4.39157398 -3.89288713 -2.30258509 -4.17669077 -4.94849039 -4.52367017]
log likelihood =  -1784.34239441
Edge derivatives =  [-0.0008698656750971701, 0.014954976717613309, 0.011739442373498499, 0.012972278779829122, -0.00047335702227709053, -0.013635662626155565, 0.0038020333012097167, 0.003919270846939275, -0.0091456002074908, -0.0019041322498272173, 0.003919270846939698, 8.896899351471554e-16, -0.004552574022073538, -0.024374739327016583, 8.740927168578377e-16, 0.003919270846939455, 0.0030610187107898423, -0.0078165542542873]
other derivatives: [ 0.00716227 -0.03828973 -0.05356924  0.0103455   0.00402451  0.        ]
Current x array =  [-0.72101559 -0.90903303 -0.46515807  0.91077871 -3.00021702  0.33647224
  0.48683881 -2.95514727 -2.67885167 -2.01348425 -3.81967943 -2.5931679
 -4.08876578 -4.1766467  -6.24354865 -2.77709247 -4.1766467  -2.30258509
 -4.39143874 -3.89303543 -2.30258509 -4.1766467  -4.94880098 -4.52346765]
log likelihood =  -1784.34234665
Edge derivatives =  [-0.0045721226263593095, 0.012959193402439458, 0.00893156511094137, 0.005377719268945896, -0.0014403736523319333, -0.007193462310879972, 0.0008178299794517133, 0.0013569107461876354, -0.01057368739790876, 0.003230624547714722, 0.0013569107461881141, 2.1229272143958304e-16, -0.0045137493563731194, -0.017122991062562886, 1.8169216171453206e-16, 0.0013569107461880309, 0.006324732993043697, -0.00693148134654468]
other derivatives: [ 0.01289209  0.00948148 -0.02739853  0.00818545 -0.00397904  0.        ]
Current x array =  [-0.72102484 -0.90920986 -0.46518017  0.91085631 -3.00019385  0.33647224
  0.48687265 -2.95064621 -2.67906977 -2.01298641 -3.81927912 -2.59362453
 -4.08817615 -4.17607121 -6.23820656 -2.77747719 -4.17607121 -2.30258509
 -4.39149306 -3.89433096 -2.30258509 -4.17607121 -4.95047795 -4.52374179]
log likelihood =  -1784.34231445
Edge derivatives =  [0.0261098326799738, 0.012146474217014955, 0.005676435567093782, -0.00035524483624937986, -0.00029604871558884527, -0.0013099244857413678, -0.0022318489887667575, -0.00023387162725527558, -0.01079321798395964, 0.00397348646523854, -0.00023387162725468924, -1.6458988955356074e-15, -0.0026663155395168503, -0.013090870552022422, -1.6686336242054843e-15, -0.00023387162725479332, 0.006640115410392661, -0.0030940165359485614]
other derivatives: [-0.02651177  0.00941327 -0.00907221  0.00495675  0.01232365  0.        ]
Current x array =  [-0.72094927 -0.90917213 -0.46523759  0.91072963 -2.99995946  0.33647224
  0.48614638 -2.94866862 -2.67870426 -2.01288467 -3.81939599 -2.59404463
 -4.08736769 -4.17571455 -6.23740346 -2.77756352 -4.17571455 -2.30258509
 -4.39216713 -3.89500417 -2.30258509 -4.17571455 -4.95061837 -4.52504435]
log likelihood =  -1784.34229978
Edge derivatives =  [0.03410993733365597, 0.011835099956481163, 0.003614670098393419, -0.0024020732217996388, 0.0007587910931225184, 0.0013081175120424615, -0.004648059715784303, -0.001025852433193128, -0.010475289524641163, 0.0021425682719296013, -0.0010258524331928018, -3.445551968779903e-16, -0.0003821597445104498, -0.010099209984917104, -3.4793638909893034e-16, -0.0010258524331931348, 0.005888985221396092, 0.0009513659986630611]
other derivatives: [ 0.11825705  0.03092282  0.04190497  0.0003638   0.00713953  0.        ]
Current x array =  [-0.72113922 -0.90920513 -0.46530716  0.91067551 -2.99957287  0.33647224
  0.48581034 -2.94800285 -2.67820833 -2.01298779 -3.8196121  -2.59419183
 -4.08667864 -4.17550392 -6.23860572 -2.77743563 -4.17550392 -2.30258509
 -4.39291658 -3.89548665 -2.30258509 -4.17550392 -4.95018413 -4.52640409]
log likelihood =  -1784.34227475
Edge derivatives =  [0.023920430624772226, 0.011483012480250455, 0.0028186675738499922, -0.0026141124915895764, 0.0007225851750904955, -0.0017925075074458202, -0.005399471595113576, -0.0012576482861106526, -0.010245816993155576, -0.0008184272934914638, -0.0012576482861108053, 1.3319337626170536e-15, 0.0006931631643543532, -0.007987485004506568, 1.382805986860924e-15, -0.0012576482861099726, 0.004977320538892648, 0.0024342922823558065]
other derivatives: [ 0.03258265  0.01646185  0.03944933  0.00125056 -0.00434284  0.        ]
Current x array =  [-0.72101988 -0.90915967 -0.46531739  0.91071696 -2.99932282  0.33647224
  0.48574911 -2.94815397 -2.67793428 -2.01314418 -3.81971113 -2.59401524
 -4.08647475 -4.17545906 -6.23987422 -2.77724839 -4.17545906 -2.30258509
 -4.39324183 -3.89589675 -2.30258509 -4.17545906 -4.94972135 -4.52693213]
log likelihood =  -1784.3422531
Edge derivatives =  [0.007776032434739122, 0.011452403173736853, 0.0010531423191515454, -0.0037938933532551122, 0.0007990809751290337, -0.004551483380295984, -0.005051536572062979, -0.0009260327676878892, -0.009623351127770312, -0.00539633177559784, -0.0009260327676873376, 1.5627092840930672e-15, 0.001869439412770374, -0.0049031348736901514, 1.569090298267873e-15, -0.0009260327676881668, 0.0029962257601968013, 0.0035583664834975097]
other derivatives: [-0.02667093  0.00270575  0.02935394 -0.00216005 -0.02139586  0.        ]
Current x array =  [-0.72093891 -0.90912389 -0.46530787  0.91089731 -2.99906229  0.33647224
  0.48583666 -2.94906631 -2.67745321 -2.01333907 -3.81989309 -2.59381896
 -4.0865154  -4.17554368 -6.24255363 -2.7769372  -4.17554368 -2.30258509
 -4.39355537 -3.89650744 -2.30258509 -4.17554368 -4.94871301 -4.52734799]
log likelihood =  -1784.34223742
Edge derivatives =  [0.0015112368464675896, 0.01169047466358133, -0.0011865084514594143, -0.006462077577911202, 0.0009110833714479696, -0.0036466627554584824, -0.00406716145821057, -0.0005012010325006616, -0.009071730143243186, -0.007664521526689505, -0.000501201032500502, 5.970563776354081e-16, 0.002494507770052244, -0.0018526861206532436, 5.759044188913314e-16, -0.0005012010325002661, 0.0014096809351461705, 0.0038290374047299652]
other derivatives: [-0.03578862 -0.0056616   0.01007265 -0.01002718 -0.02617071  0.        ]
Current x array =  [-0.72092719 -0.90911186 -0.46527179  0.91114854 -2.99909123  0.33647224
  0.48602165 -2.94971216 -2.67703977 -2.01339011 -3.82001566 -2.59382452
 -4.08671731 -4.17564886 -6.24464108 -2.77676821 -4.17564886 -2.30258509
 -4.39369157 -3.8971032  -2.30258509 -4.17564886 -4.94790726 -4.52746214]
log likelihood =  -1784.34221136
Edge derivatives =  [-0.004240229464815393, 0.012205012984080596, -0.0025274523692179196, -0.005697541539709056, 0.001225563540811228, -0.0031174474696036847, -0.002660908590495746, 0.0002194525527691102, -0.008160777856834677, -0.009233607983040848, 0.0002194525527688812, -1.4898359777587851e-16, 0.003873108176729173, 0.004288271106566474, -1.819704442132369e-16, 0.0002194525527682359, -0.0011719935768215936, 0.004776022180181021]
other derivatives: [-0.03658442  0.01641638  0.0046839  -0.0093678  -0.02319211  0.        ]
Current x array =  [-0.7209282  -0.90922202 -0.46524055  0.91124668 -2.99944149  0.33647224
  0.48640268 -2.95032142 -2.67637188 -2.01369101 -3.8202005  -2.59373699
 -4.0869902  -4.17578012 -6.24818642 -2.77658473 -4.17578012 -2.30258509
 -4.39398869 -3.89825669 -2.30258509 -4.17578012 -4.9465604  -4.52778819]
log likelihood =  -1784.3423691
Edge derivatives =  [-0.0036377528058122444, 0.010727669677108304, -0.013014147973976986, -0.02413459819175237, 0.0008526290081660656, 0.023846534625878962, 0.0007733075937181658, -0.0014513059833197554, -0.007624563261598796, 0.0054402236895749745, -0.0014513059833195507, -4.4385951066342945e-17, 0.0033376843489766536, 0.024401594087540626, -4.438788538269629e-17, -0.0014513059833199948, -0.0013200493523063805, 0.0026229481016618976]
other derivatives: [ 0.06691607 -0.24379005 -0.12842065 -0.02710294  0.02571596  0.        ]
Current x array =  [-0.72113935 -0.90840458 -0.46497518  0.91176736 -3.00136679  0.33647224
  0.4877053  -2.94488829 -2.67548941 -2.01301066 -3.8198524  -2.5952921
 -4.08782423 -4.17550568 -6.2469512  -2.77750289 -4.17550568 -2.30258509
 -4.3936348  -3.90201231 -2.30258509 -4.17550568 -4.9465164  -4.52706759]
log likelihood =  -1784.34219977
Edge derivatives =  [-0.004125008806377117, 0.011899720479931737, -0.004698963536603026, -0.009515223800069805, 0.001148079749963761, 0.0024735314770938377, -0.001948947900813864, -0.00012651548024972953, -0.008049601694446998, -0.006191836056011812, -0.00012651548024988218, 4.520979785699534e-16, 0.003762342559157278, 0.008461774416350126, 4.904124771258355e-16, -0.00012651548025005566, -0.0012025856860708051, 0.0043302083361247135]
other derivatives: [-0.01516582 -0.03744844 -0.02273737 -0.01291482 -0.01298304  0.        ]
Current x array =  [-0.72097194 -0.90905267 -0.46518557  0.91135455 -2.99984036  0.33647224
  0.48667254 -2.94919582 -2.67618905 -2.01355006 -3.82012839 -2.59405917
 -4.08716299 -4.17572326 -6.24793052 -2.77677495 -4.17572326 -2.30258509
 -4.39391537 -3.89903475 -2.30258509 -4.17572326 -4.94655128 -4.52763891]
log likelihood =  -1784.34218488
Edge derivatives =  [-0.0028350394559337744, 0.012203995238207706, -0.0034939981826345168, -0.005460481613188628, 0.00128449197495651, 0.0027332471746356612, -0.0012611043184788222, 0.00020658492943614187, -0.00766630268704852, -0.004299938910715895, 0.00020658492943473675, -1.6247583039099513e-16, 0.004322595410861087, 0.011646687220890448, -1.4793921552480817e-16, 0.00020658492943548615, -0.0021305671432048767, 0.0046904217587727115]
other derivatives: [ 0.00497948 -0.00732143 -0.01132321 -0.00459295 -0.00211458  0.        ]
Current x array =  [-0.72100295 -0.90917914 -0.46518105  0.91120514 -3.00029046  0.33647224
  0.48695143 -2.9489692  -2.67595195 -2.01380993 -3.82016041 -2.59399404
 -4.0873033  -4.17575284 -6.24937254 -2.77682842 -4.17575284 -2.30258509
 -4.3940064  -3.89960895 -2.30258509 -4.17575284 -4.94604266 -4.52773872]
log likelihood =  -1784.34217667
Edge derivatives =  [-0.0002679159435556855, 0.012157533940203405, -0.0019429946270412002, -0.00192134563316404, 0.001326937029571422, 0.0031546053640924, -0.0011210678325766048, 0.00019707084576309208, -0.007593625517853532, -0.0013353497478032494, 0.00019707084576322045, -1.0561448964085804e-16, 0.004282537270706991, 0.012411404383618867, -1.2008959297061474e-16, 0.00019707084576275902, -0.002088477992148516, 0.0047037019691148416]
other derivatives: [ 0.01584795  0.00552518  0.01373337  0.00250111  0.00800355  0.        ]
Current x array =  [-0.7210198  -0.90923242 -0.46520306  0.91103834 -3.00059883  0.33647224
  0.48707716 -2.94830433 -2.67594765 -2.01395997 -3.8201188  -2.59399479
 -4.08733527 -4.17571884 -6.24954579 -2.77698753 -4.17571884 -2.30258509
 -4.39397618 -3.89972544 -2.30258509 -4.17571884 -4.94604399 -4.52772352]
log likelihood =  -1784.34217131
Edge derivatives =  [0.008666913301646595, 0.01187403482086879, 0.0002735218738721401, 0.0028058249122428214, 0.0013505296041882511, 0.004198000518557968, -0.0018529124538121354, -0.0002905868271433701, -0.007675955453945987, 0.003218251867432187, -0.000290586827143377, -8.470690690544592e-18, 0.004473290217239266, 0.012420578593872737, -4.798152983597332e-18, -0.00029058682714300926, -0.001520285582251587, 0.005346958089923054]
other derivatives: [ 0.02796696  0.02767138 -0.05120455  0.01487024  0.01614353  0.        ]
Current x array =  [-0.72104435 -0.9093131  -0.46512427  0.91077715 -3.00082421  0.33647224
  0.48706932 -2.94685151 -2.67599909 -2.0141365  -3.82004591 -2.59402986
 -4.08715475 -4.17557502 -6.24917923 -2.77724468 -4.17557502 -2.30258509
 -4.39400856 -3.89970218 -2.30258509 -4.17557502 -4.94630635 -4.52791167]
log likelihood =  -1784.34216103
Edge derivatives =  [0.003075340534496984, 0.011398988745859403, 0.0016591662467613788, 0.005720891517557308, 0.001204034016067751, 0.003853064327450348, -0.0018047902818822611, -0.00043275378695873876, -0.007656200026217712, 0.0062922802960563295, -0.0004327537869586, 7.760778861996844e-16, 0.003995841674675801, 0.011992463111456408, 7.457420014231107e-16, -0.00043275378695844385, -0.001218989865828586, 0.005031201208592975]
other derivatives: [ 0.02005436  0.02032721  0.01700755  0.018008    0.01987246  0.        ]
Current x array =  [-0.72103405 -0.90929467 -0.46520156  0.91069539 -3.00098874  0.33647224
  0.48719113 -2.94590783 -2.67605906 -2.01425356 -3.81996459 -2.59402548
 -4.08718301 -4.17552044 -6.2491354  -2.77743669 -4.17552044 -2.30258509
 -4.39389094 -3.89959885 -2.30258509 -4.17552044 -4.94645811 -4.52779841]
log likelihood =  -1784.34214538
Edge derivatives =  [-0.005214797916209157, 0.010584126167421482, 0.0027627953517227605, 0.008495501888384854, 0.0010009513239846723, 0.003250058622286195, -0.002159864880838549, -0.0008108903106244583, -0.007563508755943126, 0.009396476175738577, -0.0008108903106243855, 1.9777653679932128e-16, 0.003680919401059954, 0.011081429999827669, 1.1645315775267473e-16, -0.0008108903106246734, -0.0010071859093192682, 0.005178667467980895]
other derivatives: [ 0.00236469  0.00707132  0.05582024  0.01900844  0.01609806  0.        ]
Current x array =  [-0.72101199 -0.90925489 -0.46524801  0.91068145 -3.00098367  0.33647224
  0.48725499 -2.94453697 -2.67604633 -2.01440977 -3.81989309 -2.59401362
 -4.08710769 -4.17541629 -6.24944845 -2.77763562 -4.17541629 -2.30258509
 -4.3938343  -3.89941437 -2.30258509 -4.17541629 -4.94657036 -4.52785143]
log likelihood =  -1784.34210597
Edge derivatives =  [-0.026408523790990124, 0.008110151429558352, 0.005217536506965617, 0.016151592512991086, 0.0003980484818669819, 0.0015880887568114482, -0.0033417964089023193, -0.001989963648730105, -0.007033357710941874, 0.017754141827713177, -0.0019899636487299525, 1.5309652712210178e-15, 0.003254166552248576, 0.008651773853582047, 1.4869244024277797e-15, -0.001989963648729772, -0.0010068931951631704, 0.006306811304423125]
other derivatives: [-0.03988134 -0.02030447  0.09497398  0.01828084 -0.00063665  0.        ]
Current x array =  [-0.7209612  -0.90917949 -0.46529282  0.91077678 -3.00083684  0.33647224
  0.4873874  -2.94023723 -2.67578986 -2.01493914 -3.81973997 -2.5939539
 -4.08682857 -4.17509334 -6.25151381 -2.77815429 -4.17509334 -2.30258509
 -4.39379133 -3.89893903 -2.30258509 -4.17509334 -4.94658216 -4.52825088]
log likelihood =  -1784.34207152
Edge derivatives =  [-0.033125156649774556, 0.005918818840812495, 0.006415034130402203, 0.02213378923207776, -0.0002328315251217683, -0.0008676878511597597, -0.004472461170463932, -0.0030297177356778462, -0.006235403281551767, 0.023180445371370872, -0.003029717735677756, -6.319725208800892e-16, 0.0032949820511196347, 0.006585575785999401, -5.18389086167507e-16, -0.0030297177356778913, -0.0016786832122906697, 0.007968154959846627]
other derivatives: [ 0.01498393 -0.0276259   0.10923031  0.00643468 -0.01475655  0.        ]
Current x array =  [-0.72103709 -0.90915962 -0.46530128  0.91103914 -3.00058703  0.33647224
  0.48735458 -2.93597639 -2.67531015 -2.01546472 -3.81965286 -2.59380646
 -4.08653328 -4.17478994 -6.25474628 -2.7784649  -4.17478994 -2.30258509
 -4.39385909 -3.89853974 -2.30258509 -4.17478994 -4.94624126 -4.52883066]
log likelihood =  -1784.34209007
Edge derivatives =  [-0.03655186181654502, 0.0017819139809074902, 0.004075074622583538, 0.026474119324290862, -0.0016916279445747182, -0.004816846704144104, -0.005170097614033031, -0.004665458153573356, -0.004191659346867355, 0.028628172009692587, -0.004665458153572645, 7.117830876351904e-16, 0.00420781853409186, 0.007171318662533274, 6.78831725247431e-16, -0.004665458153572999, -0.005079845845320308, 0.011271121268177947]
other derivatives: [-0.27860096 -0.04383764 -0.04333742 -0.01120952 -0.02792149  0.        ]
Current x array =  [-0.72063083 -0.90919759 -0.46511261  0.91173454 -3.00058246  0.33647224
  0.48737825 -2.92779354 -2.67375226 -2.01644668 -3.81960324 -2.59350384
 -4.08628095 -4.17432405 -6.2638902  -2.77871314 -4.17432405 -2.30258509
 -4.39413041 -3.89871756 -2.30258509 -4.17432405 -4.94454799 -4.53003701]
log likelihood =  -1784.34205063
Edge derivatives =  [-0.03456758375783142, 0.004183133686883807, 0.005431939608062125, 0.023966610436838315, -0.0008472063737994112, -0.0025314196111044657, -0.004766231900436523, -0.003718701240645071, -0.005369378133345179, 0.025475129992111878, -0.0037187012406455708, 2.9075843817244955e-17, 0.0036795099644639645, 0.006832293447174863, 1.4362942074212472e-17, -0.003718701240645071, -0.003110705164933914, 0.009359982181582294]
other derivatives: [-0.10870735 -0.03453806  0.04499725 -0.00097771 -0.02028173  0.        ]
Current x array =  [-0.72086595 -0.90917561 -0.4652218   0.91133208 -3.00058511  0.33647224
  0.48736455 -2.9325293  -2.67465388 -2.01587838 -3.81963196 -2.59367898
 -4.08642698 -4.17459368 -6.25859823 -2.77856947 -4.17459368 -2.30258509
 -4.39397339 -3.89861465 -2.30258509 -4.17459368 -4.94552795 -4.52933884]
log likelihood =  -1784.34202589
Edge derivatives =  [-0.019952177747069477, 0.003557161234032564, 0.004254438482015316, 0.023561674812791006, -0.0012086339021155426, -0.0038872334905379613, -0.005003161450569213, -0.003999480242379443, -0.004843461597653361, 0.024561765624955267, -0.003999480242378877, 2.7180094823192465e-16, 0.00392973175832971, 0.006002405786604541, 3.1918068278939847e-16, -0.0039994802423787695, -0.0038718229293674203, 0.010217907989918312]
other derivatives: [-0.03376499 -0.01930403  0.0103455  -0.01475655 -0.01928129  0.        ]
Current x array =  [-0.72096275 -0.90922425 -0.46517264  0.91157238 -3.00047299  0.33647224
  0.48717568 -2.93066744 -2.67426923 -2.01601727 -3.81963575 -2.59356091
 -4.08633568 -4.17449476 -6.26087915 -2.77847922 -4.17449476 -2.30258509
 -4.39403903 -3.89846779 -2.30258509 -4.17449476 -4.94513646 -4.52963649]
log likelihood =  -1784.34200698
Edge derivatives =  [0.00012157753570773977, 0.003585145747787684, 0.001900964622401094, 0.020142797295384263, -0.001513165290050321, -0.004836637378530156, -0.0043703379421451485, -0.0037751601919136374, -0.004360495448723755, 0.020744936511333023, -0.0037751601919133147, 3.3592317503593347e-16, 0.0040551941020756654, 0.005926563497103091, 3.2465741306817347e-16, -0.003775160191914602, -0.0048036968409898104, 0.010302457488984482]
other derivatives: [ 0.01532499  0.00131877 -0.02428351 -0.02576144 -0.00879936  0.        ]
Current x array =  [-0.72102221 -0.90929914 -0.46512179  0.91175534 -3.0005586   0.33647224
  0.48702593 -2.92981029 -2.67390754 -2.01598529 -3.81966598 -2.59344638
 -4.08644897 -4.17451984 -6.26302237 -2.77819948 -4.17451984 -2.30258509
 -4.39403053 -3.89847093 -2.30258509 -4.17451984 -4.94465694 -4.52966745]
log likelihood =  -1784.34198929
Edge derivatives =  [0.014883665292443116, 0.003599724610356344, -0.0008418932599817686, 0.015551167654663162, -0.0018773450832334296, -0.005433476200251197, -0.0031058476074025745, -0.0033233699319585204, -0.0038635341204931208, 0.016400232918832636, -0.0033233699319589784, -1.474122081200235e-16, 0.003770029007573776, 0.005781318397671369, -9.636704875819898e-17, -0.003323369931958857, -0.005665201828565792, 0.009633833703166162]
other derivatives: [ 0.03647074  0.01182343 -0.03428795 -0.03167315  0.00391083  0.        ]
Current x array =  [-0.72104776 -0.90934833 -0.46509831  0.91184158 -3.00079448  0.33647224
  0.48700177 -2.92899678 -2.67358709 -2.01587571 -3.81966881 -2.59335225
 -4.08671599 -4.17459616 -6.26512599 -2.77788507 -4.17459616 -2.30258509
 -4.3938895  -3.89845928 -2.30258509 -4.17459616 -4.94421486 -4.52943916]
log likelihood =  -1784.34195575
Edge derivatives =  [0.018901169396484008, 0.002976974849441663, -0.006001927312266314, 0.006613752921573124, -0.002604792904495931, -0.005839427582412696, -0.00025818655999644904, -0.002390584885775409, -0.0028483595387539047, 0.008603282029531645, -0.00239058488577518, -1.0095986951044719e-16, 0.002678983401590642, 0.004686395446668677, -1.6616546694549283e-16, -0.002390584885775062, -0.007023549093192583, 0.007643025743894971]
other derivatives: [ 0.05104539  0.01684839 -0.03001333 -0.02783054  0.01425633  0.        ]
Current x array =  [-0.7210778  -0.90940084 -0.46508132  0.91176454 -3.00123769  0.33647224
  0.48721902 -2.9268261  -2.67304742 -2.01563474 -3.81962601 -2.5932207
 -4.08732531 -4.17474893 -6.26922266 -2.77731271 -4.17474893 -2.30258509
 -4.39345403 -3.89827374 -2.30258509 -4.17474893 -4.94351334 -4.52875158]
log likelihood =  -1784.34191844
Edge derivatives =  [0.003573081722994864, 0.0013042675841670338, -0.009962114842597736, -0.002588632203011587, -0.0025513669488778853, -0.004164299482036324, 0.0019706037774375983, -0.0014932997617479356, -0.0020540342416628123, -0.0024408518336103135, -0.001493299761747155, -5.25554827531934e-16, 0.0006937755046528618, -0.0008054467730256726, -5.451144582560127e-16, -0.0014932997617465756, -0.0068614568794886765, 0.004690594587604683]
other derivatives: [  2.42380338e-02   2.58296495e-02  -1.49157131e-02  -4.29736247e-03
   6.82121026e-05   0.00000000e+00]
Current x array =  [-0.72105938 -0.909442   -0.46511075  0.91127108 -3.00112347  0.33647224
  0.48721295 -2.92384967 -2.67302902 -2.01520604 -3.81960872 -2.59327237
 -4.08775323 -4.17490227 -6.27253481 -2.77656789 -4.17490227 -2.30258509
 -4.3928069  -3.89725317 -2.30258509 -4.17490227 -4.94359134 -4.52772632]
log likelihood =  -1784.34193895
Edge derivatives =  [0.00884728574100535, -0.00016895602166946445, -0.005338651045530662, 0.004393599993822134, -0.0026632880797127917, -0.0008082116110483678, 0.003536651982514339, -0.0014173187546987036, -0.001691923436076531, 0.0018847765106362324, -0.0014173187546988944, 3.034715470451955e-24, -0.0017963952176423617, -0.005591122736906446, 2.259576776664243e-24, -0.001417318754698603, -0.004911175408785532, 0.0010607793231991527]
other derivatives: [ 0.02576144 -0.08126335 -0.11823431  0.02432898  0.02362412  0.        ]
Current x array =  [-0.72110477 -0.90908572 -0.46497956  0.91062599 -3.001867    0.33647224
  0.48741134 -2.9198479  -2.67366586 -2.01523902 -3.81938022 -2.59345995
 -4.08809457 -4.17490128 -6.27302173 -2.77679951 -4.17490128 -2.30258509
 -4.39197225 -3.89636614 -2.30258509 -4.17490128 -4.94458336 -4.52645026]
log likelihood =  -1784.34191291
Edge derivatives =  [0.005235084470917251, 0.0008410990922624127, -0.008503740720514782, -0.0003872064373447448, -0.0025865385042029634, -0.0031060525647618603, 0.002464413043464158, -0.0014693024077158667, -0.0019398541078929354, -0.001076911703379757, -0.0014693024077156308, 5.539101815483667e-16, -9.104249729173855e-05, -0.0023136722945322277, 5.277467110486314e-16, -0.0014693024077157418, -0.006246365027509498, 0.003546792388890725]
other derivatives: [ 0.02467004 -0.00802629 -0.0475211   0.00461569  0.00738964  0.        ]
Current x array =  [-0.72107369 -0.90932968 -0.46506939  0.91106772 -3.00135787  0.33647224
  0.48727549 -2.92258811 -2.67322978 -2.01521643 -3.81953669 -2.5933315
 -4.08786084 -4.17490196 -6.27268831 -2.77664091 -4.17490196 -2.30258509
 -4.39254377 -3.89697353 -2.30258509 -4.17490196 -4.94390408 -4.52732404]
log likelihood =  -1784.34190794
Edge derivatives =  [-0.001158901774738208, -0.00020658131295315033, -0.0074580810044830165, 0.0009787216045673286, -0.0022627373599954786, -0.0020893935011581516, 0.002449320161752245, -0.0014810380827174272, -0.0017773857825231915, -0.0013267217802543918, -0.0014810380827175798, 3.1052177294997956e-16, -0.0009066637457525277, -0.004499204251352709, 3.3227404616978225e-16, -0.0014810380827175937, -0.005635930895442169, 0.0027851121862849694]
other derivatives: [-0.00388809 -0.00609361  0.03108198  0.01043645  0.0048658   0.        ]
Current x array =  [-0.7210317  -0.90933439 -0.46517256  0.91090896 -3.00129281  0.33647224
  0.48721462 -2.92088094 -2.67341783 -2.01522684 -3.81951737 -2.59341898
 -4.08783232 -4.17487509 -6.27338703 -2.77662622 -4.17487509 -2.30258509
 -4.39234401 -3.89654174 -2.30258509 -4.17487509 -4.94421925 -4.52706111]
log likelihood =  -1784.34190644
Edge derivatives =  [-0.0013349473317778582, 1.1805100932089224e-05, -0.006926614919001137, 0.0014131890700164185, -0.002100583796358975, -0.0016225576934191799, 0.0022077221488725034, -0.0014839757739089458, -0.0019519015260907394, -0.0012136489633314262, -0.001483975773909598, 1.4921830141816396e-15, -0.0008242580642660383, -0.004525840192443491, 1.4224221348035631e-15, -0.001483975773909088, -0.005341376996176803, 0.0027741869552063217]
other derivatives: [-0.00695763 -0.00268301  0.01055014  0.01161879  0.00241016  0.        ]
Current x array =  [-0.72102792 -0.90934172 -0.46515212  0.91089264 -3.00122     0.33647224
  0.48718002 -2.92139888 -2.67355276 -2.01519149 -3.81953457 -2.59345478
 -4.08778114 -4.17488831 -6.27268807 -2.77664342 -4.17488831 -2.30258509
 -4.39236962 -3.89654059 -2.30258509 -4.17488831 -4.94437096 -4.52705616]
  status: 0
 success: True
    nfev: 101
     fun: 1784.3419064398481
       x: array([-0.72102792, -0.90934172, -0.46515212,  0.91089264, -3.00122   ,
        0.33647224,  0.48718002, -2.92139888, -2.67355276, -2.01519149,
       -3.81953457, -2.59345478, -4.08778114, -4.17488831, -6.27268807,
       -2.77664342, -4.17488831, -2.30258509, -4.39236962, -3.89654059,
       -2.30258509, -4.17488831, -4.94437096, -4.52705616])
 message: 'CONVERGENCE: REL_REDUCTION_OF_F_<=_FACTR*EPSMCH'
     jac: array([  6.95763447e-03,   2.68300937e-03,  -1.05501385e-02,
        -1.16187948e-02,  -2.41016096e-03,  -0.00000000e+00,
         1.33494733e-03,  -1.18051009e-05,   6.92661492e-03,
        -1.41318907e-03,   2.10058380e-03,   1.62255769e-03,
        -2.20772215e-03,   1.48397577e-03,   1.95190153e-03,
         1.21364896e-03,   1.48397577e-03,  -1.49218301e-15,
         8.24258064e-04,   4.52584019e-03,  -1.42242213e-15,
         1.48397577e-03,   5.34137700e-03,  -2.77418696e-03])
     nit: 88
