number of sites to be analyzed:  994
log likelihood =  -19475.6112964
Edge derivatives =  [1215.9859310182146, 269.4944791762618, -273.2982442597925, -249.0025339129534, -355.720127278859, -337.48167011454564, -361.9418603606173, -372.0376255090453, -374.88175036824936, -339.81317194343063, -391.1190306460774, -365.32826485056904, -378.051267642587, -385.49419606308953]
other derivatives: [  103.25820767   -68.81346053   111.27885955   310.82781788 -2325.60887525
 -2584.96656897]
Current x array =  [-0.68375702 -0.45251047 -1.07092301  0.18232156 -0.10536052  0.33647224
 -2.30258509 -2.30258509 -2.30258509 -2.30258509 -2.30258509 -2.30258509
 -2.30258509 -2.30258509 -2.30258509 -2.30258509 -2.30258509 -2.30258509
 -2.30258509 -2.30258509]
log likelihood =  -17051.2321791
Edge derivatives =  [1239.7975979527457, 256.56884558645527, -129.4081630315161, -107.14421233296262, -194.04755995958897, -172.7966846173263, -197.95213428418765, -208.45045568921194, -209.86971838459257, -175.29240583351816, -224.762125698106, -200.6089215501183, -211.94206770245322, -218.93603805691282]
other derivatives: [ 134.90571291   29.69973139   86.10877558  219.75538402 -477.00195864
 -765.32705862]
Current x array =  [-0.68359459 -0.47014705 -1.07066135  0.26198533 -0.7014036  -0.32604305
 -1.99093337 -2.23351487 -2.3726302  -2.36640332 -2.39375456 -2.38908013
 -2.39534916 -2.39793666 -2.3986656  -2.38967768 -2.40282714 -2.39621708
 -2.39947793 -2.40138552]
log likelihood =  -15689.4004851
Edge derivatives =  [1114.098826517137, 194.66756970046808, -98.41104301053447, -79.03320645774491, -148.29610350935434, -124.70375349894444, -150.09686632907298, -158.86706378646664, -160.53337348367506, -128.416656954906, -173.96294151938557, -151.89578243313, -162.01889602031753, -168.55460335293867]
other derivatives: [-164.61617633  -27.81634976   41.23958206  140.85089788  -49.87941793
 -391.84105844]
Current x array =  [-0.62966183 -0.45348938 -1.04522758  0.38230743 -0.95667219 -0.73970838
 -1.31018783 -2.09270241 -2.44316199 -2.42471926 -2.49971039 -2.48335826
 -2.50344036 -2.51179297 -2.513296   -2.48532657 -2.52562881 -2.50576427
 -2.51524215 -2.52098789]
log likelihood =  -15151.0225204
Edge derivatives =  [-1103.1046503510197, -35.68100690309454, -25.81808276882901, -17.31083799432942, -62.32720241732369, -35.64474300160159, -60.25396949018719, -65.6046553615595, -68.2810110210068, -42.007399278687814, -79.31045990013224, -60.414482814200646, -69.16064235058855, -74.3102224553776]
other derivatives: [ 1801.67553481   591.36564232   330.36303648   657.16849349  -459.82396841
    15.66149876]
Current x array =  [-1.34623352 -0.59247144 -1.02264849  0.75890956 -1.35778661 -2.12878339
  1.75345434 -1.57588657 -2.74238273 -2.67038689 -2.93599307 -2.85254855
 -2.94421892 -2.97620037 -2.98293997 -2.86565387 -3.0326818  -2.95132051
 -2.98903815 -3.01308036]
log likelihood =  -14065.9096951
Edge derivatives =  [-410.6222707208972, -33.989603539648485, -48.506413528829164, -38.16416135674054, -78.742930013221, -56.82758008053515, -78.4064331737081, -83.305999319104, -84.76955091799968, -62.089500313112836, -95.16302478212188, -78.81681196228841, -85.99804697848263, -91.05236735285827]
other derivatives: [-1335.43253469 -2071.31215575  -307.0308594     92.68624126   -17.14670361
   -66.98573998]
Current x array =  [-0.50534519 -0.30616609 -0.86960789  1.02006068 -1.29727181 -1.77603487
  0.90649701 -1.66154635 -2.71232167 -2.6416419  -2.90628081 -2.81372673
 -2.91212617 -2.94418711 -2.95189178 -2.82964639 -3.00349262 -2.91853443
 -2.95780483 -2.9827515 ]
log likelihood =  -13876.1444162
Edge derivatives =  [33.17690673712798, -10.317423677122228, -44.929613345015625, -30.506635015532165, -76.9550879221436, -52.71353134949366, -75.53051415835121, -80.74442566522225, -83.27093086335901, -57.780251520315325, -93.67150426698073, -76.05259221211269, -83.86071703542305, -89.09912316458308]
other derivatives: [ 289.97546906  727.86406236 -136.13662304  -57.27306416  143.66705727
  -95.8030796 ]
Current x array =  [-0.73297466 -0.64222669 -0.93925883  0.95330622 -1.2548479  -1.65242131
  0.54496661 -1.72589074 -2.68535631 -2.61986623 -2.86590795 -2.77942766
 -2.87130848 -2.90101115 -2.90820102 -2.79449316 -2.95637647 -2.8772122
 -2.9137769  -2.93705708]
log likelihood =  -13792.8264749
Edge derivatives =  [-95.72203424227175, -18.410512750224683, -41.91315274527884, -28.54398413687732, -73.35746957835872, -49.75751050813456, -72.09831642042505, -77.22479028751054, -79.58582861589694, -54.75669165860182, -89.91733385616206, -72.56991242721834, -80.24606869508126, -85.41433107080961]
other derivatives: [ 148.59178918  432.07819544 -114.79896784  -20.50983312   99.72372936
  -84.27323337]
Current x array =  [-0.7026267  -0.55553774 -0.94594733  0.97563262 -1.26389029 -1.72648744
  0.68223335 -1.70198244 -2.70454612 -2.63485231 -2.89557342 -2.80299317
 -2.90101985 -2.93248754 -2.94022457 -2.81919723 -2.9914336  -2.90721399
 -2.94607281 -2.9708477 ]
log likelihood =  -13730.5848303
Edge derivatives =  [-148.44249289488687, -22.05956570557704, -40.01549560487275, -28.11312953826875, -68.95103835085767, -47.49120641320518, -68.16374993104063, -73.06163572831382, -74.97881315460313, -52.24222702634243, -84.93533326681477, -68.50987542497083, -75.77308628432849, -80.65425402561202]
other derivatives: [ -1.47804712e+02  -4.87565194e+02  -6.98910299e+00  -3.35057848e-01
   8.17210093e+01  -7.40743417e+01]
Current x array =  [-0.64898665 -0.40491959 -0.9939467   1.01347838 -1.22657959 -1.80690965
  0.69161276 -1.69340289 -2.73998265 -2.66038986 -2.95564552 -2.84583421
 -2.96050056 -2.99607674 -3.0054162  -2.86560746 -3.06449862 -2.96714522
 -3.01185964 -3.04053857]
log likelihood =  -13696.5923752
Edge derivatives =  [-115.0958652682587, -20.279337492409056, -38.15169535561517, -26.135170726930472, -66.47135845302464, -45.25486571771323, -65.55559059195504, -70.40830163380654, -72.38922234453482, -49.82208426729921, -82.19578699954391, -65.89871165073205, -73.06935829522459, -77.91673131541836]
other derivatives: [-134.3933036  -220.2919859    11.06436684  -13.99257599   91.51372069
  -72.7659426 ]
Current x array =  [-0.64729913 -0.43713074 -1.00489689  1.02207035 -1.20577278 -1.82794498
  0.65883065 -1.69690782 -2.75198539 -2.66882252 -2.97640717 -2.86011103
 -2.98098707 -3.01802883 -3.02796798 -2.88129033 -3.08998286 -2.9877531
 -3.03463118 -3.06475775]
log likelihood =  -13550.5349627
Edge derivatives =  [-15.092892324595795, -14.42185726697512, -26.109405361319446, -14.42626017438915, -49.291356401248706, -30.559189664239376, -47.92841757809691, -52.445634144049144, -54.47264202105417, -34.151919539454035, -63.37102251839654, -48.13422303658699, -54.69854037110965, -59.17415233477533]
other derivatives: [ -72.37104001  229.89825084  147.15715224  -72.54184311  100.98538041
  -54.3126589 ]
Current x array =  [-0.65161417 -0.50256569 -1.09519061  1.09948753 -1.04364348 -2.05693243
  0.51935794 -1.70472334 -2.86247088 -2.74733826 -3.16521566 -2.99231581
 -3.16761943 -3.21781416 -3.23300108 -3.02552702 -3.32087983 -3.17560158
 -3.24159506 -3.28451092]
log likelihood =  -13414.0361644
Edge derivatives =  [64.94222738988772, -7.380108874946815, -9.611677821175775, 2.384459450753915, -27.823345034039423, -10.727795058970862, -25.745890502023187, -30.27172022108086, -32.42993565229414, -13.391781961752718, -40.82800518927676, -25.889949572232666, -32.199447014106575, -36.49774766182197]
other derivatives: [  82.74255379  395.53033275  138.2031769  -124.00960259   61.9007551
  -32.19738574]
Current x array =  [-0.68020476 -0.53322421 -1.11832114  1.18517692 -0.78980024 -2.44569096
  0.39498704 -1.70734482 -3.03853315 -2.87090944 -3.46700542 -3.20306776
 -3.46574079 -3.53748159 -3.56124447 -3.2553067  -3.69119312 -3.47565441
 -3.57276534 -3.63650404]
log likelihood =  -13441.6595654
Edge derivatives =  [4.8296396410838565, -9.198120147858845, 6.539279241675948, 18.993609990221042, -8.734122602363087, 8.14370603746829, -5.904362648510442, -10.75455567367938, -13.156060491371372, 6.415083526972993, -21.742006831594416, -6.245182928999637, -12.468082642533219, -17.18732621705343]
other derivatives: [-1372.54537549   567.55106925   -25.68813215   -68.01274139   -48.88970579
   -14.44277586]
Current x array =  [-0.49082119 -0.56756704 -1.00923756  1.11901639 -0.50301362 -2.92207638
  0.41098851 -1.70407121 -3.24119257 -2.9962188  -3.83587179 -3.44430811
 -3.82700894 -3.93021505 -3.96683535 -3.52151223 -4.15693686 -3.83933335
 -3.98117604 -4.07487507]
log likelihood =  -13375.1590953
Edge derivatives =  [31.024313006435012, -9.298879751469343, -2.242637056647199, 9.672859725243665, -18.62712743548078, -1.9875940521487385, -16.219344251238326, -20.80367381612285, -23.03887778567231, -4.162635920727708, -31.389779189715266, -16.428871100380338, -22.59860198028282, -27.001696109841884]
other derivatives: [-430.99353206  472.68677008   63.83743312 -100.32708815   12.45862222
  -23.25341484]
Current x array =  [-0.59685033 -0.54833971 -1.07030959  1.15605733 -0.66357528 -2.65536508
  0.40202986 -1.70590399 -3.12773075 -2.92606253 -3.62935659 -3.3092462
 -3.62474771 -3.71033751 -3.7397594  -3.37247319 -3.89618346 -3.63572241
 -3.75252138 -3.82944668]
log likelihood =  -13308.9517773
Edge derivatives =  [-33.413659868947626, -13.055520934346813, 8.21089223501112, 21.728056241345662, -6.408846366443551, 10.748933940809682, -3.402439996298702, -8.3760765932432, -10.86443525329782, 8.861044188158456, -19.492281753766605, -3.65019898697437, -10.211502343220468, -14.761727946193615]
other derivatives: [  72.05453585  336.49266697  -19.72039172  -60.82391337  -50.70487532
  -11.65462891]
Current x array =  [-0.67875454 -0.52062596 -1.02828844  1.11545158 -0.46193715 -3.03614799
  0.42220077 -1.70256009 -3.28043814 -3.02383102 -3.90233896 -3.49158263
 -3.89276113 -4.00066791 -4.03914391 -3.57264824 -4.23832929 -3.90556249
 -4.05408061 -4.15230894]
log likelihood =  -13292.7562156
Edge derivatives =  [4.248506012373303, -9.129233639506085, 10.091854574203582, 23.582037558146528, -3.591772721616048, 13.141188894060365, -0.6060749180750699, -5.675756352288963, -8.148378786724585, 11.434100090585982, -16.807928640439698, -0.8815883594324894, -7.470774694065358, -12.026565556347647]
other derivatives: [  55.80077413  151.99802874  -20.43416316  -42.81846486  -62.39715731
  -10.11794666]
Current x array =  [-0.67384203 -0.47931282 -1.03071264  1.07349506 -0.41696893 -3.1277093
  0.37287413 -1.71378925 -3.31707368 -3.03949938 -3.97819366 -3.53465914
 -3.96584335 -4.0820556  -4.12412459 -3.62159568 -4.33894209 -3.97920998
 -4.1393797  -4.24549707]
log likelihood =  -13285.0868542
Edge derivatives =  [-7.138712392786081, -9.611943119903296, 9.96158134310578, 22.924545232345853, -2.4216510359046772, 13.432189999878492, 0.40939981518339735, -4.592013237897095, -6.993949453304351, 11.922819679889242, -15.55568410536282, 0.13336400395461392, -6.336273722006668, -10.815943157096868]
other derivatives: [  0.74687705 -62.71729944 -11.78395905 -12.8224201  -60.83264452
  -8.74060788]
Current x array =  [-0.66238763 -0.43967686 -1.0340518   1.01539536 -0.43532021 -3.17374164
  0.36798644 -1.72378234 -3.32576881 -3.0308149  -4.01189433 -3.54405225
 -3.9964948  -4.11944071 -4.1645708  -3.63451903 -4.39149596 -4.01025885
 -4.17952845 -4.29186536]
log likelihood =  -13282.9662344
Edge derivatives =  [-11.020146380879776, -9.760367268971445, 9.334836255366275, 21.98170056899314, -2.423351223764353, 12.958451874239735, 0.3224664078373284, -4.587452894797582, -6.963904277477445, 11.545660141486513, -15.432336387454322, 0.06324069771684712, -6.308680897020098, -10.734875335889015]
other derivatives: [-19.95049388 -91.51444829  -5.38748282  -4.86343197 -53.00225894
  -8.38917913]
Current x array =  [-0.65852726 -0.43512029 -1.03681706  0.99582481 -0.46379004 -3.17575007
  0.36997594 -1.72853993 -3.3198195  -3.01887535 -4.01133935 -3.53629306
 -3.99457246 -4.1197909  -4.16602843 -3.62741104 -4.39681895 -4.00844739
 -4.18064763 -4.29501781]
log likelihood =  -13275.9590285
Edge derivatives =  [-9.314577621201838, -8.5040469439334, 7.0424728840940505, 18.377394258341273, -1.8522161632805436, 11.515148424126739, 0.6023489888882251, -3.9077851271498445, -6.23006762005875, 10.568520870813675, -14.296768481047856, 0.4231210736682794, -5.537767494409736, -9.751852349737298]
other derivatives: [-54.02653187 -99.93400454   9.77634045  18.39925972 -15.72661859
  -6.70970621]
Current x array =  [-0.65189296 -0.43455218 -1.04345558  0.92572713 -0.58396481 -3.20772623
  0.37169361 -1.75164976 -3.30022231 -2.96696713 -4.02420194 -3.50912025
 -4.00052101 -4.13813154 -4.19035024 -3.6042817  -4.44257366 -4.01504086
 -4.20341396 -4.32898603]
log likelihood =  -13270.4427776
Edge derivatives =  [3.375843561051748, -6.1215167002828865, 5.205833416350382, 14.937833449447789, -0.2052989148598614, 10.882595617710912, 2.105659661895841, -2.006264506795245, -4.294675515078009, 10.483621375785884, -11.9415056160234, 1.9905658620848303, -3.5193371665709092, -7.517656256910974]
other derivatives: [-30.47916834 -55.7545718    1.93540473  15.9125193   11.6902811
  -4.93491825]
Current x array =  [-0.65509616 -0.44183375 -1.03979477  0.91493121 -0.65557821 -3.29199291
  0.37283881 -1.78059706 -3.29371828 -2.9094972  -4.07182106 -3.49217432
 -4.03800854 -4.19561482 -4.25767689 -3.59405972 -4.54563965 -4.05353239
 -4.26855215 -4.41268406]
log likelihood =  -13265.9851438
Edge derivatives =  [-1.8618098570671744, -5.144427251630077, 3.1476026929341443, 10.175806247351641, 2.2989006379444574, 10.447191833415639, 4.571757956842688, 0.9166371863657213, -1.3535961058283177, 10.723405553120921, -8.611802319998853, 4.538786700168914, -0.4617085905014291, -4.243462047671834]
other derivatives: [  4.74374247  14.82967491  12.18122634   9.02382453  24.07487045
  -2.96859071]
Current x array =  [-0.66126331 -0.45433065 -1.04693593  0.92687287 -0.68595626 -3.43591478
  0.38820513 -1.82004732 -3.29640791 -2.8343342  -4.15570928 -3.47706827
 -4.10639355 -4.29519353 -4.37290141 -3.58887728 -4.71752313 -4.12341438
 -4.38030876 -4.55381356]
log likelihood =  -13264.1745635
Edge derivatives =  [1.8950203002989783, -4.0932572170492305, 1.762529398892999, 6.746566751258236, 3.448468363002375, 9.756640694029098, 5.739497210816979, 2.3304968523482565, 0.09235833988424125, 10.415072050850043, -6.928459897530255, 5.721053323004781, 1.0563137327535297, -2.5952972110858514]
other derivatives: [ 17.24711183  33.05995051  -3.47881723  -0.18681021  22.51927071
  -2.28701538]
Current x array =  [-0.66335052 -0.4573158  -1.03877017  0.94699651 -0.67434319 -3.51523469
  0.38962776 -1.84549468 -3.29653573 -2.7871777  -4.19949329 -3.46117914
 -4.13996075 -4.34856698 -4.43662163 -3.57799288 -4.81788099 -4.15779724
 -4.4414046  -4.63390916]
log likelihood =  -13262.0754476
Edge derivatives =  [-7.106630440266948, -4.073286706087226, -1.7191719048902117, -1.1420849131366817, 3.7530738226231675, 6.287430697789265, 5.906593687704155, 3.111507545336655, 1.0649829146955956, 7.499360918450423, -5.386906877219462, 5.938667442206058, 2.073588306217758, -1.2203747257822526]
other derivatives: [ 12.17285899  29.2688128   11.5005605  -12.11647032  16.78199624
  -1.84718374]
Current x array =  [-0.66300645 -0.45648475 -1.04767267  0.9825287  -0.65564638 -3.58482663
  0.40217019 -1.88579059 -3.27672014 -2.70301286 -4.22046497 -3.40283735
 -4.14391216 -4.38224098 -4.48689149 -3.52298594 -4.92419113 -4.16269364
 -4.48623464 -4.70791421]
log likelihood =  -13262.8611449
Edge derivatives =  [45.6610989129881, 1.7804156226435288, -4.592385926963779, -10.573556997360038, 4.220961856186064, 0.9495135600192093, 6.055030065242503, 4.200135045045065, 2.4651980816168426, 2.7947759082301435, -3.0756893181338922, 6.064712948364417, 3.585415680321706, 0.8442501597856064]
other derivatives: [  4.52455424  12.48281478 -51.58781278   5.90916898 -14.29234544
  -1.86428224]
Current x array =  [-0.66137111 -0.45316217 -1.01185787  0.93419505 -0.5555224  -3.69246346
  0.34431051 -1.96130182 -3.27062999 -2.61180139 -4.25120715 -3.3170942
 -4.14358412 -4.4326809  -4.56746901 -3.43778643 -5.1059044  -4.16352544
 -4.55586736 -4.82979532]
log likelihood =  -13260.883016
Edge derivatives =  [15.41014294322341, -1.5680697074764776, -2.992411478595671, -5.116474830948091, 3.963330170182037, 4.009289126024222, 5.972753128932137, 3.5987702034879185, 1.6972209990613558, 5.4962116473628, -4.321132040153031, 5.99739088679488, 2.7505877460115187, -0.2836349850280635]
other derivatives: [  8.76261765  21.92828106 -15.98691597  -4.43505996   3.52083589
  -1.85646059]
Current x array =  [-0.66229007 -0.45502925 -1.03198355  0.96135555 -0.61178584 -3.63197826
  0.37682405 -1.91886921 -3.27405227 -2.66305656 -4.23393196 -3.36527651
 -4.14376846 -4.40433681 -4.52218946 -3.48566325 -5.00379285 -4.16305802
 -4.51673811 -4.76130573]
log likelihood =  -13259.9288843
Edge derivatives =  [4.468941122201091, -2.3019501070694424, -5.472320614174817, -9.939167906557046, 2.3391459706272832, -0.7089133162176641, 3.901319139534211, 2.281025578416358, 0.7232077418778466, 0.8896971083109582, -4.520059627132494, 3.9600603931810707, 1.7032049000618148, -0.829282377263197]
other derivatives: [ 29.9549356   -9.39726306 -16.09932951  -6.31098374   4.15257091
  -2.26427801]
Current x array =  [-0.66610812 -0.45027611 -1.03082741  0.97045226 -0.61797945 -3.59306025
  0.39009992 -1.94171913 -3.24550679 -2.62462209 -4.18001271 -3.29702607
 -4.07899154 -4.35314696 -4.4806835  -3.41144    -4.99167334 -4.09819997
 -4.47001691 -4.7298085 ]
log likelihood =  -13260.9544088
Edge derivatives =  [1.1379425676259605, -2.610408240849246, -5.814652822220547, -10.119583256233101, 0.9376841166662406, -3.5596558003426684, 2.0455701101629677, 1.0349374646620377, -0.2227089422539431, -2.1720884751823677, -4.862591288418698, 2.134684842204449, 0.6635335208188125, -1.4845761307625578]
other derivatives: [-125.16211427   41.74471542    7.49496394   -3.76094249   -3.93938535
   -2.79287633]
Current x array =  [-0.64104663 -0.45894365 -1.0419264   0.96853418 -0.60243768 -3.55453799
  0.39027789 -1.95498761 -3.23833378 -2.62878498 -4.13460738 -3.26006235
 -4.02653037 -4.30752236 -4.44140323 -3.36709087 -4.97124662 -4.04539435
 -4.42651431 -4.69579468]
log likelihood =  -13259.6704979
Edge derivatives =  [3.34189076261954, -2.409292628909999, -5.582197438799368, -9.999846632279706, 1.9103184287180746, -1.5844670206517537, 3.3349931167731435, 1.8997037192128812, 0.4329093319971024, -0.04772181113080198, -4.626177059091763, 3.4033411632577004, 1.3848199951583275, -1.0307677232235046]
other derivatives: [-16.88185876   6.62857929  -8.72423698  -5.53736754   1.64000085
  -2.42271199]
Current x array =  [-0.65833475 -0.45296454 -1.03427001  0.96985732 -0.61315883 -3.58111173
  0.39015512 -1.94583464 -3.24328193 -2.6259133  -4.16592925 -3.28556096
 -4.06271956 -4.33899549 -4.46849987 -3.39768415 -4.98533755 -4.08182116
 -4.45652362 -4.71925837]
log likelihood =  -13259.4665621
Edge derivatives =  [2.802325484668058, -2.5733424843483594, -4.883835100926823, -8.142269143235888, 1.593094720445683, -1.3568401736491922, 2.9519856012998953, 1.5229769411981995, 0.08925516028201849, 0.005539501370475319, -4.922048568868931, 3.019976225757186, 1.0061430097081758, -1.3751721775326446]
other derivatives: [-10.49702405   1.93886081  -5.04514901  -0.81236067  -1.11995178
  -2.60406523]
Current x array =  [-0.65951129 -0.4523107  -1.03619811  0.96028473 -0.60724644 -3.56246926
  0.38774485 -1.9413735  -3.24725448 -2.6442481  -4.15394736 -3.28983777
 -4.05220457 -4.32473123 -4.45274077 -3.39969472 -4.96404135 -4.07105586
 -4.44078195 -4.70053931]
log likelihood =  -13259.122421
Edge derivatives =  [1.8640349983269997, -2.498049463967536, -3.918739449160423, -6.236625978882799, 1.5187235273654909, -1.5162653733455211, 2.6600142150671866, 1.4331454344410288, 0.12056720450866669, -0.37095323494276156, -4.692404628738712, 2.7387431405292935, 0.9831114391407331, -1.2439849895815578]
other derivatives: [ -7.0553142  -11.93948265   4.8758011    3.60323611  -3.49718903
  -2.51602614]
Current x array =  [-0.66016672 -0.44991671 -1.04198557  0.95233589 -0.60177769 -3.57195341
  0.38623872 -1.9511589  -3.2592329  -2.66103793 -4.15059575 -3.28831027
 -4.04403575 -4.32237797 -4.45526078 -3.39472528 -4.98317393 -4.06276548
 -4.44057342 -4.70844717]
log likelihood =  -13258.5927768
Edge derivatives =  [-1.6264988664205013, -2.328249310077912, -1.7471161322895505, -1.9971410370921565, 1.242361627869286, -2.279181759878412, 1.8033795403907849, 1.1971100952784361, 0.21677839495465967, -1.6922305282098447, -4.019363564723662, 1.9066022047724742, 0.9495389643883678, -0.8390173988744816]
other derivatives: [ 13.21895979   2.33158062  16.55425876   7.21192919  -9.2190021
  -2.26500561]
Current x array =  [-0.66403437 -0.45269249 -1.04902595  0.94759097 -0.58626302 -3.5989927
  0.38839312 -1.98013589 -3.2872049  -2.69648589 -4.13908362 -3.27716348
 -4.01833779 -4.31441813 -4.46174758 -3.37434197 -5.03894721 -4.03676357
 -4.43914594 -4.73115879]
log likelihood =  -13258.2371515
Edge derivatives =  [-5.602376753329153, -1.8532372208337171, 1.0281496090360849, 3.0890604589052706, 1.4133328074561244, -2.814798332294102, 1.143349245035699, 1.3303741622977947, 0.770383571112757, -2.888039604118595, -2.849510305231742, 1.2650470939440248, 1.3409048814654632, 0.06862367933965163]
other derivatives: [ -6.76027412 -46.26381269  15.81920515  12.08245521  -4.2913598
  -1.58779585]
Current x array =  [-0.66007185 -0.44406318 -1.04850279  0.93710621 -0.60285294 -3.66101982
  0.39339066 -2.02460005 -3.32810485 -2.73872096 -4.13955648 -3.2694831
 -3.99838078 -4.32142704 -4.48992312 -3.35597291 -5.14119335 -4.01655581
 -4.45620274 -4.78434361]
log likelihood =  -13257.86873
Edge derivatives =  [-3.0267202495835277, -1.5099883849297056, 1.0734748333376583, 3.0697114218496004, 1.3851637648108739, -3.216845706368072, 0.9860212521050844, 1.3607456143735819, 0.8763004262766412, -3.3580135622857457, -2.602507391041221, 1.1110214198083412, 1.4328183485616643, 0.2673239324910477]
other derivatives: [  2.37760105 -12.08936737   9.2873961    6.59583748  -2.71829776
  -1.49484549]
Current x array =  [-0.66173058 -0.44995076 -1.04498895  0.94698064 -0.6042594  -3.67323937
  0.39526783 -2.03499659 -3.33051846 -2.73546257 -4.1378459  -3.26223782
 -3.99230289 -4.32165192 -4.49487957 -3.34721368 -5.16297342 -4.01045466
 -4.4587806  -4.79510556]
log likelihood =  -13257.7384354
Edge derivatives =  [-0.7656885156519205, -1.1302240222664173, 1.1207502912839957, 2.9641269439755336, 1.4686922275198384, -3.55647369896495, 0.9105056966748887, 1.487235406929412, 1.0911321557365206, -3.7579338308375103, -2.2501951525691606, 1.0368082794128193, 1.6289272109284312, 0.577200679600594]
other derivatives: [ 2.21280061  4.83505573  0.62518666  1.1155862   0.78780431 -1.31676643]
Current x array =  [-0.66160309 -0.45279906 -1.04022812  0.95661974 -0.61144777 -3.6937694
  0.39778119 -2.04851939 -3.33453291 -2.73089531 -4.13950338 -3.25610118
 -3.98856664 -4.32597533 -4.5052226  -3.33965992 -5.19527598 -4.00671072
 -4.46615006 -4.81306861]
log likelihood =  -13257.7016221
Edge derivatives =  [-0.20190676856074663, -1.031507320379717, 1.1506629596045053, 2.9632413030777824, 1.469612182007064, -3.488711710797394, 0.8593240305659423, 1.4873064389476802, 1.132596765306338, -3.7233604942106666, -2.1523594341029653, 0.9843166576831085, 1.650638347061312, 0.6462983345212918]
other derivatives: [ 0.73669071  4.72227839 -1.0641088  -0.32523531  1.29693944 -1.27238309]
Current x array =  [-0.66130817 -0.45270267 -1.03935702  0.95954667 -0.61214009 -3.69970812
  0.39820191 -2.05257898 -3.33595949 -2.73010494 -4.13897372 -3.25691851
 -3.98685248 -4.32605477 -4.50712991 -3.34000138 -5.20477177 -4.00491749
 -4.46694474 -4.81723283]
log likelihood =  -13257.5009616
Edge derivatives =  [1.4434466831822341, -0.6226219051240834, 1.2637976545861462, 2.8751506591568816, 1.3180526422016912, -2.709306738551048, 0.40575708267391797, 1.3061490519082428, 1.2287163817920201, -3.1588238159486752, -1.681075302158007, 0.5211493517009556, 1.5918996305192397, 0.902504309152617]
other derivatives: [-4.52910172  1.07393134 -6.25659595 -5.33582352  2.29210855 -1.06629159]
Current x array =  [-0.66026692 -0.45176421 -1.0367933   0.97036529 -0.61226143 -3.72811926
  0.40010565 -2.07471728 -3.34268516 -2.725919   -4.13012951 -3.26781961
 -3.97318554 -4.31981754 -4.51078076 -3.34816624 -5.25298043 -3.99054582
 -4.46381085 -4.83292078]
log likelihood =  -13257.2636114
Edge derivatives =  [1.4209261927133232, -0.27979710862618745, 1.1774802394151271, 2.278092739830635, 0.975562291115355, -1.3524320434558714, -0.30803510762251646, 0.9118211059216997, 1.2288176873711731, -2.040694342164228, -1.1503932484792014, -0.20709329375631352, 1.348172227446358, 1.1113036504793026]
other derivatives: [-6.94817572 -1.17852323 -7.36581569 -7.45931175  3.12647899 -0.84910425]
Current x array =  [-0.65979287 -0.45124394 -1.0363948   0.9752152  -0.61362891 -3.76108568
  0.40287235 -2.10297463 -3.34815013 -2.71678924 -4.11327626 -3.28766577
 -3.95271102 -4.30572114 -4.50875524 -3.36520983 -5.3113683  -3.96888044
 -4.45259087 -4.84586459]
log likelihood =  -13257.0847739
Edge derivatives =  [7.5674572111800975, 0.5393462416943698, 0.6936084599594311, 0.676791961557614, 0.3567063207031287, 0.6642687431762379, -1.0222852813272707, 0.2533976564362658, 0.9819086207206325, 0.0037186590755898807, -0.6243713306645418, -0.9617935590467869, 0.7790390593183302, 1.1082458676198303]
other derivatives: [ -6.80611265   1.84900273 -16.62210707  -1.81444193  -1.51285349
  -0.73050614]
Current x array =  [-0.65981288 -0.45184929 -1.03106396  0.96144143 -0.60039074 -3.79570611
  0.39640916 -2.13374746 -3.34806865 -2.69950735 -4.0864593  -3.31808924
 -3.93285541 -4.28148005 -4.49332118 -3.39726971 -5.37331863 -3.94692287
 -4.42730972 -4.84535964]
log likelihood =  -13257.2910975
Edge derivatives =  [-5.802433573116021, -0.04433568553698819, -1.1008439887025239, -4.0299676158338, 0.28906109911235633, 1.7760753140828758, -0.9618994121248157, 0.2481007173969299, 1.2184162110810066, 1.4766821667206549, 0.049208039240714194, -0.9057591230063167, 0.7949157012184122, 1.4935666662218932]
other derivatives: [ 39.275983   -13.23260221   9.32504918  -2.84235284   1.19125616
  -0.36579877]
Current x array =  [-0.66803677 -0.44969206 -1.04635078  0.96965937 -0.61023126 -3.85374576
  0.41054491 -2.16471908 -3.33850034 -2.65289186 -4.0811642  -3.33592791
 -3.93420792 -4.28192459 -4.50168285 -3.42148058 -5.45718238 -3.94677351
 -4.42793414 -4.87012398]
log likelihood =  -13256.9981923
Edge derivatives =  [2.893274926724758, 0.33152415344211184, 0.06289846480008218, -0.9472733444143058, 0.3334488547112149, 1.0595805560123253, -1.00056311305766, 0.25201475698859666, 1.0655654579381948, 0.5270985633462664, -0.38046187919406416, -0.9411080956951836, 0.784957403942887, 1.2451783967398546]
other derivatives: [ 9.56661097 -3.42752173 -7.46240403 -2.18442437 -0.54296834 -0.59462764]
Current x array =  [-0.66270791 -0.45108989 -1.03644533  0.96433437 -0.60385487 -3.81613761
  0.40138532 -2.1446503  -3.34470035 -2.68309746 -4.08459529 -3.32436892
 -3.93333153 -4.28163654 -4.49626471 -3.40579258 -5.4028409  -3.94687029
 -4.42752953 -4.85407735]
log likelihood =  -13256.9782384
Edge derivatives =  [-0.8618637206289276, 0.04530847953284889, 0.032151775931941545, -0.9892150295969773, 0.36628333631997145, 0.9126905800968927, -0.9040787865627546, 0.30118879403395865, 1.0717958289154057, 0.4387645887727617, -0.3949100848841215, -0.8356549770718833, 0.8075640222910692, 1.2330382888041704]
other derivatives: [-11.29083103   4.3422915    3.64343578  -0.07767085  -1.16524461
  -0.58662408]
Current x array =  [-0.65935841 -0.45247372 -1.04242204  0.96123121 -0.6046476  -3.81644968
  0.40331634 -2.14312926 -3.34439172 -2.68345229 -4.0864577  -3.32262591
 -3.93660541 -4.28356895 -4.49687018 -3.40493737 -5.40175966 -3.95016797
 -4.42889255 -4.85388031]
log likelihood =  -13256.9582719
Edge derivatives =  [0.3130664311987632, 0.09175678325856358, 0.09343761225697493, -0.7834522409147118, 0.3995226795737383, 0.7827126549235154, -0.8217532701483564, 0.33366680800183546, 1.0529853569946528, 0.33004937107496624, -0.46509054139138695, -0.7529800052760223, 0.8192893985021722, 1.1902396041047496]
other derivatives: [-0.89530658 -0.05438778  0.25465852  0.32996468 -1.07102096 -0.62118488]
Current x array =  [-0.66105444 -0.45175206 -1.04056486  0.95978436 -0.60446121 -3.81109525
  0.40204723 -2.13918936 -3.34387714 -2.68572905 -4.08795175 -3.32048371
 -3.93876805 -4.2845552  -4.4961326  -3.40307112 -5.39286109 -3.95246322
 -4.42937089 -4.85098044]
log likelihood =  -13256.9555295
Edge derivatives =  [0.39363856038589906, 0.08783673046032336, 0.09414372225409257, -0.7572415526428985, 0.39784176973512275, 0.7451354869195163, -0.7915449058476274, 0.3347946136326592, 1.0357439593237634, 0.31425017580369674, -0.4838303359799784, -0.7225424968119905, 0.809116927915088, 1.1674240042817259]
other derivatives: [ 0.59244485 -0.28048817  0.07912604  0.7208655  -1.13195711 -0.62827894]
Current x array =  [-0.66130766 -0.45173624 -1.04045041  0.95885419 -0.60438959 -3.80978616
  0.40178017 -2.13810129 -3.34346773 -2.68617114 -4.08802045 -3.3199084
 -3.9396297  -4.28449882 -4.49531098 -3.40282875 -5.39056068 -3.95332178
 -4.42894085 -4.84950897]
log likelihood =  -13256.9454426
Edge derivatives =  [0.36537722776851256, 0.06902761922160944, 0.09387293371888061, -0.6792109669488287, 0.36224888809934563, 0.6404492582945817, -0.7158517379900775, 0.31173502467217995, 0.9633609993895751, 0.2900712882340022, -0.5198431717869695, -0.6471279095210041, 0.7487163367615716, 1.0891093128419955]
other derivatives: [ 3.36149242 -0.85983629 -0.14533725  1.75768946 -1.14760041 -0.64756023]
Current x array =  [-0.66177875 -0.45169691 -1.04026751  0.9564113  -0.60474607 -3.80744384
  0.40136047 -2.1359057  -3.34223206 -2.68748255 -4.08704796 -3.31835553
 -3.94185449 -4.28330215 -4.49175204 -3.40251664 -5.38618594 -3.95543162
 -4.42635395 -4.84448715]
log likelihood =  -13256.925041
Edge derivatives =  [0.25198723711169335, 0.055895941724510054, 0.0964553227534641, -0.5354271399517363, 0.25104769520114323, 0.48861924087852593, -0.6077625590692023, 0.22902718276434683, 0.8060470926707861, 0.3005444484676677, -0.5390496747922016, -0.5416735447818343, 0.5955716426689731, 0.9416494734974048]
other derivatives: [ 6.2829713  -1.1155862  -0.39581209  2.92566256 -0.7557901  -0.65756467]
Current x array =  [-0.66226808 -0.45173245 -1.04004567  0.95349458 -0.60638552 -3.8067928
  0.40115068 -2.13426213 -3.34020704 -2.68971128 -4.0833676  -3.31613999
 -3.94509972 -4.27953883 -4.48386966 -3.40282953 -5.38386794 -3.95828187
 -4.41974271 -4.83506933]
log likelihood =  -13256.8890685
Edge derivatives =  [0.07655336542554292, 0.06749223562544256, 0.09680313795858594, -0.30267679498880296, 0.0012972130549513405, 0.26278432705779936, -0.4504242784054625, 0.03703948059469645, 0.49995491544026455, 0.37134631221640735, -0.5062559739216782, -0.39228397426851996, 0.27601614410764086, 0.6799332946667571]
other derivatives: [ 7.6224751  -1.75459718 -0.5658876   3.60014383  0.3092282  -0.65101631]
Current x array =  [-0.66246848 -0.45168079 -1.03987406  0.95148335 -0.60985751 -3.81099071
  0.40144798 -2.13459319 -3.33696467 -2.69322868 -4.07474336 -3.31294085
 -3.94994847 -4.27121728 -4.46855191 -3.4042819  -5.38786952 -3.96218929
 -4.40604907 -4.81857037]
log likelihood =  -13256.9582059
Edge derivatives =  [1.7606646302459565, 0.2613149392556123, 0.17670920396235482, 0.19354385434525703, -0.3410638348906263, -0.008978063368539606, -0.16725517179973884, -0.19470578811638298, 0.07333202315511947, 0.42489220437007524, -0.344190779250899, -0.12695834288239582, -0.15445338492753452, 0.3411626056467988]
other derivatives: [ 19.71202437  31.19967005  -2.29047146  -0.28157956   0.91931724
  -0.59189915]
Current x array =  [-0.66474161 -0.45762925 -1.03916713  0.95840354 -0.60930196 -3.82725651
  0.40252262 -2.13911693 -3.33323989 -2.69824365 -4.06262047 -3.30790577
 -3.95755491 -4.25996638 -4.44698545 -3.40451602 -5.40679457 -3.96809947
 -4.38685677 -4.79676274]
log likelihood =  -13256.8787915
Edge derivatives =  [0.5289565419568987, 0.11923225943715339, 0.11826741506732374, -0.1705804048831655, -0.08852173226881244, 0.19147100528400565, -0.3752294946027521, -0.023699178429944994, 0.38831187450412763, 0.38587100437988975, -0.46308311357572224, -0.3218756844632925, 0.16325321796353842, 0.5912448676288107]
other derivatives: [ 10.83317329   7.0380338   -1.02099875   2.57859938   0.47220965
  -0.63064363]
Current x array =  [-0.66306854 -0.45325106 -1.03968745  0.95331013 -0.60971086 -3.81528453
  0.40173166 -2.13578736 -3.33598141 -2.69455253 -4.07154318 -3.3116117
 -3.95195641 -4.26824728 -4.46285883 -3.4043437  -5.39286532 -3.96374945
 -4.40098272 -4.81281363]
log likelihood =  -13256.8453356
Edge derivatives =  [-0.12247018670369503, 0.12579250543106016, 0.0912217886219969, -0.02554506945724623, -0.35939916238026404, -0.006058131611221689, -0.2403503784654194, -0.2328252095785053, 0.08001573319553823, 0.4636986044697829, -0.3642117198687239, -0.19823200191133847, -0.17187478035194292, 0.34821046892707375]
other derivatives: [ 6.197115    2.88709998 -0.37580321  1.80443749  1.34041329 -0.59644663]
Current x array =  [-0.6622341  -0.45246966 -1.04003488  0.95514919 -0.61225612 -3.82523537
  0.40283754 -2.13914885 -3.33317365 -2.6970831  -4.0621834  -3.30902865
 -3.95630401 -4.25959957 -4.44773206 -3.40609701 -5.40511491 -3.96697288
 -4.38697699 -4.79793265]
log likelihood =  -13256.8292769
Edge derivatives =  [-0.3497689517103054, 0.15390924296955089, 0.050492290103966816, -0.05796746481009628, -0.4640708061233282, -0.05232757778894953, -0.18398620555426656, -0.31154221036629015, -0.034032700393174846, 0.48375444809469526, -0.26790947378144936, -0.15082069830941017, -0.29961819198845413, 0.2722642654068351]
other derivatives: [ 1.89647835  0.43019099 -0.12660166  0.08312782  1.18743628 -0.56188583]
Current x array =  [-0.66148993 -0.45193691 -1.04026184  0.95946025 -0.61123288 -3.83451832
  0.40360347 -2.14279923 -3.33225747 -2.69700889 -4.05850072 -3.30850498
 -3.95807441 -4.25643559 -4.44215209 -3.4066574  -5.41704806 -3.96812571
 -4.38168152 -4.79335436]
log likelihood =  -13256.8237917
Edge derivatives =  [-0.40762404329078683, 0.1696649144381508, 0.025157681911284355, -0.12359822976414692, -0.4588729394691473, -0.046429540626322735, -0.15977826682903903, -0.30407967129331825, -0.036900412052631046, 0.4512594767162289, -0.21720830533713262, -0.1311919906100632, -0.29917897899448415, 0.27737996568775536]
other derivatives: [-0.42764441 -0.02655725  0.31941454 -0.90803951  0.59317244 -0.54442353]
Current x array =  [-0.66111064 -0.45179377 -1.04058486  0.96211367 -0.60911034 -3.8396356
  0.40379655 -2.14456355 -3.33224993 -2.69630989 -4.05866509 -3.30862199
 -3.95875507 -4.25673952 -4.4420228  -3.40620168 -5.42333146 -3.96860773
 -4.38170958 -4.79370162]
log likelihood =  -13256.8203937
Edge derivatives =  [-0.16437436613597933, 0.1931048931006332, 0.01872201541746652, -0.1390036381049351, -0.4270799100745549, -0.05971680256993809, -0.12003174974144, -0.27632324157457633, -0.03295654286852381, 0.383948903583229, -0.19594744748622986, -0.09526628870337722, -0.278790868245264, 0.2754050905466868]
other derivatives: [-1.79807103  0.16916601  0.10641088 -1.16961019 -0.04638423 -0.53641998]
Current x array =  [-0.6608903  -0.45179793 -1.04048708  0.96289982 -0.60705945 -3.84243161
  0.40343632 -2.14474421 -3.33215347 -2.69619712 -4.05981826 -3.30837988
 -3.95983211 -4.25774748 -4.44229527 -3.40512101 -5.42586788 -3.96957827
 -4.38254631 -4.79358784]
log likelihood =  -13256.8161871
Edge derivatives =  [-0.21474409757606328, 0.20596029126404874, 0.0009366807214184342, -0.17924958459916912, -0.3772684687959711, -0.061231622344051224, -0.059048546826152216, -0.23703812811256597, -0.03638034445020197, 0.2717551294019914, -0.15160500494921755, -0.04114669763666304, -0.2545176784004524, 0.26266256763769313]
other derivatives: [-1.38570613 -0.03983587  1.04100764 -1.11704139 -1.01535989 -0.52295945]
Current x array =  [-0.66099778 -0.45175354 -1.04106378  0.96326404 -0.60418696 -3.84822668
  0.40309136 -2.14528883 -3.33188325 -2.69592397 -4.06157545 -3.30831776
 -3.96152186 -4.25917091 -4.44225807 -3.4033769  -5.4313035  -3.97101975
 -4.38357206 -4.79281247]
log likelihood =  -13256.8120303
Edge derivatives =  [0.8446034402095162, 0.31480929078030895, -0.007958373517449435, -0.17930981822277284, -0.2725621802626903, -0.04855124714024009, 0.06768778777116602, -0.16329684123124893, -0.059751874846259115, 0.07452011269146475, -0.08166939259744335, 0.06968976205402631, -0.21444774136766837, 0.21256488494669268]
other derivatives: [-4.69808583  1.26547093 -1.84627424 -0.51004463 -1.83499651 -0.4978574 ]
Current x array =  [-0.6604196  -0.45196568 -1.03935462  0.96160112 -0.60174601 -3.85832647
  0.4017334  -2.14523044 -3.33106879 -2.69606328 -4.06492157 -3.30818116
 -3.96482435 -4.26157988 -4.44126181 -3.40002075 -5.43951733 -3.9738362
 -4.38502324 -4.78957372]
log likelihood =  -13256.8061136
Edge derivatives =  [0.8292036003985842, 0.34631085693566266, -0.014838589770052382, -0.19326207331697237, -0.25196984006823187, -0.006375350372576714, 0.09612297097827557, -0.1562042754829361, -0.08179276557434714, 0.018419261538401788, -0.016728372313644387, 0.09042087442810248, -0.2215613010592971, 0.1926192741145315]
other derivatives: [ 0.30504452 -1.19744072 -1.56887836 -0.65592758 -1.71203283 -0.4642061 ]
Current x array =  [-0.66125774 -0.4515457  -1.03960475  0.96203262 -0.601815   -3.86589222
  0.40186386 -2.14690538 -3.33091547 -2.69586499 -4.06531796 -3.30873638
 -3.96554064 -4.26174357 -4.44015645 -3.39912313 -5.44763947 -3.97420811
 -4.38467215 -4.78823421]
log likelihood =  -13256.8005555
Edge derivatives =  [0.6169018891848264, 0.357580755890923, -0.015487496882288523, -0.19801789938712308, -0.21607304962926577, 0.05522748037594148, 0.1082758159729861, -0.1414519897732264, -0.09145139697226948, -0.029636034935060063, 0.030533289008870857, 0.09649714307686727, -0.21347771680432542, 0.17650459475654812]
other derivatives: [ 2.5067493  -1.5104888  -0.96624717 -0.12587407 -1.26201485 -0.43910404]
Current x array =  [-0.66162701 -0.45152883 -1.03994687  0.96070897 -0.60330947 -3.87195105
  0.40204251 -2.14779257 -3.33081819 -2.69575389 -4.06617985 -3.30955698
 -3.96578546 -4.2621999  -4.43963312 -3.39830558 -5.45358125 -3.97419668
 -4.38492971 -4.78712591]
log likelihood =  -13256.7941714
Edge derivatives =  [0.14041523302704195, 0.3747750044675085, -0.021658010818011088, -0.2182509264093903, -0.126364374959276, 0.16969495345352936, 0.14409134362981074, -0.09631078020601401, -0.10202048086307032, -0.14533326633438137, 0.12689512095924785, 0.11962298426250681, -0.18131715324463962, 0.14678720606023232]
other derivatives: [ 2.51220627 -0.4809408   0.36961865  0.79908204 -0.55260898 -0.38071448]
Current x array =  [-0.66162833 -0.45175457 -1.04066056  0.95844636 -0.60581449 -3.88480513
  0.40240512 -2.14932539 -3.33059436 -2.6954448  -4.06856612 -3.31106064
 -3.96659784 -4.26370551 -4.4390346  -3.3963548  -5.46580664 -3.97449863
 -4.38610244 -4.78509945]
log likelihood =  -13256.7907633
Edge derivatives =  [0.03416777408350591, 0.39564789548509877, -0.015757110655878245, -0.20176809471253965, -0.04081192997927874, 0.21684534939161665, 0.17593725171199986, -0.04358755286687646, -0.08909012615830973, -0.22454438832219126, 0.1895763000196926, 0.14323843729799257, -0.13176754844746766, 0.13576314117225707]
other derivatives: [ 1.58215698 -0.38853614 -0.08130883  0.54769771 -0.05329639 -0.34870027]
Current x array =  [-0.66144876 -0.45175753 -1.04040782  0.95881946 -0.60715674 -3.89409246
  0.40271494 -2.14960149 -3.33054175 -2.69542422 -4.07104155 -3.31155029
 -3.96726389 -4.2655641  -4.43956549 -3.39493945 -5.47370191 -3.97489938
 -4.38800672 -4.78423362]
log likelihood =  -13256.7885567
Edge derivatives =  [-0.08374065229548311, 0.39326129440353935, 0.010910346056128006, -0.15698445217894252, 0.08928045214072866, 0.23481686795964535, 0.17701535183144856, 0.04699507226647761, -0.019488463476092864, -0.2934620287080182, 0.22607018136489318, 0.14159693579920857, -0.019359896586724736, 0.15887964811402622]
other derivatives: [-1.44918886  1.5961632   0.85947249 -0.03001333  0.14679244 -0.32050593]
Current x array =  [-0.66094473 -0.45206352 -1.04097457  0.96010299 -0.60754037 -3.90199239
  0.40287945 -2.14806782 -3.33097514 -2.6956193  -4.07522099 -3.31161294
 -3.96703976 -4.26905852 -4.4428577  -3.39368354 -5.47831127 -3.97470385
 -4.39260627 -4.7854846 ]
log likelihood =  -13256.7875589
Edge derivatives =  [0.007331232656922815, 0.3982352085430474, 0.021344674254300963, -0.12773181646740936, 0.11522685393179977, 0.22100564750385376, 0.17937905735933302, 0.0645078394147452, -0.007927494381919165, -0.30175707230169424, 0.2262180038029453, 0.14351636116139108, 0.0022295467755914684, 0.15791173666797953]
other derivatives: [-1.45537342 -0.16152626 -0.06075425 -0.10677468  0.23937901 -0.31322998]
Current x array =  [-0.66091729 -0.45174324 -1.04044699  0.96021898 -0.60774116 -3.90309629
  0.40278556 -2.14724167 -3.33099614 -2.69589897 -4.07605959 -3.31136637
 -3.96704442 -4.26974222 -4.4434143  -3.39351057 -5.47823012 -3.9747456
 -4.39349726 -4.78538555]
log likelihood =  -13256.7867242
Edge derivatives =  [0.12632130804557906, 0.39588260752037113, 0.038296590297899696, -0.08612809697415173, 0.13299285820967943, 0.19530061318447856, 0.16843567740173715, 0.07902087523574697, 0.011412611130821322, -0.2843478650632415, 0.21015223722260343, 0.1350645143229722, 0.026148806944680095, 0.16421453409426934]
other derivatives: [-0.76324795 -0.30249794 -0.62809704 -0.20736479  0.25338522 -0.32123353]
Current x array =  [-0.66102647 -0.45171704 -1.04013057  0.96037043 -0.60769016 -3.90234914
  0.40265585 -2.14593277 -3.33110871 -2.69627411 -4.07669541 -3.3109345
 -3.96667432 -4.27032497 -4.44433096 -3.39372503 -5.47606393 -3.97452069
 -4.39448617 -4.78572975]
log likelihood =  -13256.7851262
Edge derivatives =  [0.07180499951616426, 0.3637173465198261, 0.07989754227286644, 0.013275906830801654, 0.18922676787443915, 0.1260533901528909, 0.13021301586842954, 0.12229676735152828, 0.06812312587381364, -0.2430251674948647, 0.1724180358687724, 0.10395075531694739, 0.0978838021788045, 0.18078593388797115]
other derivatives: [ 0.08312782 -1.38443284 -0.86165528 -0.21045707  0.15279511 -0.3261448 ]
Current x array =  [-0.6611645  -0.45152504 -1.04000604  0.96044552 -0.60735699 -3.90167262
  0.40240463 -2.1422318  -3.33143428 -2.69724909 -4.07871671 -3.30984962
 -3.96549553 -4.27214826 -4.44706412 -3.3943015  -5.4710933  -3.97373117
 -4.39753517 -4.78668678]
log likelihood =  -13256.7838672
Edge derivatives =  [0.1255647718711015, 0.348719953706135, 0.11359651977252341, 0.09748856872361042, 0.2402894773779256, 0.0743980207727664, 0.10411841497834176, 0.16100375194261174, 0.1095963567541213, -0.2067859209596925, 0.15229802684558727, 0.08311329744155029, 0.15706329957258516, 0.18515893365350478]
other derivatives: [ 1.6136255   0.00509317 -0.87657099 -0.10786607  0.07930794 -0.33232936]
Current x array =  [-0.66143666 -0.45178453 -1.04000363  0.96013719 -0.60711712 -3.90313524
  0.4021102  -2.13899482 -3.33154766 -2.69804622 -4.08045268 -3.30895184
 -3.96461082 -4.27367268 -4.44901271 -3.39473854 -5.46839613 -3.9731168
 -4.3999836  -4.78683511]
log likelihood =  -13256.782671
Edge derivatives =  [-0.049096369497768855, 0.3231092651790768, 0.13257777929247372, 0.14843701451863, 0.26968237987912314, 0.030506231210917886, 0.0757721524174276, 0.18175483648663512, 0.13517632107107314, -0.16967999753176521, 0.14104700604160297, 0.059257064573705, 0.19345790599769402, 0.18297511350855666]
other derivatives: [  1.86282705e+00  -1.53158908e-01  -2.17005436e-01   9.93168214e-02
   1.09139364e-03  -3.30692274e-01]
Current x array =  [-0.66148926 -0.45176363 -1.04037704  0.95978438 -0.60699157 -3.90509684
  0.40195633 -2.13650523 -3.33156955 -2.69861697 -4.08144895 -3.30828526
 -3.96376923 -4.27456689 -4.45022513 -3.39530433 -5.46697977 -3.97246832
 -4.40154557 -4.78666292]
log likelihood =  -13256.7794457
Edge derivatives =  [-0.06266707333475985, 0.3085762428695425, 0.15509206002687184, 0.2313915818924166, 0.2987668293635495, -0.0636624312296274, 0.030558340418954673, 0.2005910130422786, 0.15204849085354175, -0.07890600344226262, 0.14744199242294367, 0.020924257881144437, 0.23107795989337543, 0.14948824398029337]
other derivatives: [ 2.29920261  0.27011993  0.74560376  0.26466296 -0.23137545 -0.31686795]
Current x array =  [-0.66158395 -0.45184068 -1.04094319  0.95951779 -0.60629537 -3.9132841
  0.40141874 -2.13182387 -3.33115924 -2.69964076 -4.08227193 -3.3068334
 -3.96239274 -4.27537336 -4.45092418 -3.39668572 -5.46789388 -3.9713133
 -4.4031237  -4.78449523]
log likelihood =  -13256.7735402
Edge derivatives =  [-0.11318591695157676, 0.2559295962554815, 0.19471642555024443, 0.42436104019803067, 0.2830542472765719, -0.3330971474015477, -0.09190338463162039, 0.1882880052513624, 0.15458133429851167, 0.21613289463134677, 0.12343924972312632, -0.08041195145770538, 0.257143886608616, 0.04816026514066851]
other derivatives: [-0.27121132  1.18725438  1.03646016  0.88130037 -0.92331902 -0.31686795]
Current x array =  [-0.66117371 -0.45200662 -1.04102992  0.95827222 -0.60455101 -3.92803467
  0.40007361 -2.11973228 -3.32974068 -2.7022248  -4.08143951 -3.30281344
 -3.95882193 -4.2750685  -4.4507556  -3.40126793 -5.46503539 -3.96839722
 -4.40420634 -4.77813217]
log likelihood =  -13256.770364
Edge derivatives =  [-0.49462484779136107, 0.27846125541982386, 0.1576645333362373, 0.4996037989949648, 0.3408773977073608, -0.4920468123521224, -0.14566280461896858, 0.20077863381598215, 0.07283031708191734, 0.4037435789584156, 0.3396510884405062, -0.13443968863032657, 0.2676972916484186, -0.18054127445277435]
other derivatives: [ 3.26672307  0.77416189  3.71019269  0.85456122 -0.6006303  -0.20481821]
Current x array =  [-0.66180029 -0.45194804 -1.04265814  0.95840149 -0.60519135 -3.98078025
  0.39926196 -2.10830977 -3.32647077 -2.70369785 -4.08167849 -3.30013169
 -3.95680015 -4.27526724 -4.44612549 -3.40402402 -5.49351328 -3.96592506
 -4.40429482 -4.76366691]
log likelihood =  -13256.76354
Edge derivatives =  [0.052486183380271334, 0.2978466364493102, 0.13977149692429813, 0.4611785929354362, 0.2668977447284039, -0.49039488787383245, -0.1430450054233572, 0.15453942645147753, 0.05172924226638564, 0.42457862998398943, 0.2828284297127431, -0.12869203545306007, 0.215666223930304, -0.17110462611794697]
other derivatives: [ 0.37434802  0.54369593  1.4077159   0.69157977 -0.52914402 -0.23374014]
Current x array =  [-0.66127297 -0.45188395 -1.04127946  0.95844192 -0.60533958 -3.97133089
  0.39899323 -2.10845229 -3.32635041 -2.70336043 -4.07937417 -3.30024768
 -3.95698461 -4.27347313 -4.4451824  -3.40437404 -5.48593431 -3.96625701
 -4.40211117 -4.76435407]
log likelihood =  -13256.760444
Edge derivatives =  [0.3556862493739792, 0.32043581152541945, 0.09704804122795635, 0.3954916181244012, 0.201769956664124, -0.4748302184528856, -0.13180419156246986, 0.10776003075253057, 0.003987546061145715, 0.4404866021879936, 0.28465743881590566, -0.11807996555205028, 0.15449185679688732, -0.20657200924822727]
other derivatives: [-0.87711669 -0.06966729 -0.46002242  0.36270649 -0.2235538  -0.23610482]
Current x array =  [-0.66102475 -0.45176091 -1.04018279  0.95888677 -0.6060838  -3.97329188
  0.39890884 -2.10746226 -3.3255139  -2.70282168 -4.07694936 -3.30048583
 -3.95729412 -4.27154053 -4.44282593 -3.40459449 -5.48610836 -3.96647755
 -4.3994442  -4.76220186]
log likelihood =  -13256.758908
Edge derivatives =  [0.2953252018408392, 0.31273908990492705, 0.0658556904724701, 0.35842436201753947, 0.1723323004676085, -0.47500016435545345, -0.13718721944935608, 0.08533834445790472, -0.022024358082296955, 0.46303221829573055, 0.2959345384594336, -0.12234870412785312, 0.12844535377885244, -0.2434853324018782]
other derivatives: [-0.81799953 -0.42746251 -1.09357643  0.13169483 -0.02783054 -0.23119355]
Current x array =  [-0.6610223  -0.45169641 -1.0398135   0.9593205  -0.60657117 -3.97919984
  0.39890573 -2.10490281 -3.32472074 -2.70257692 -4.07567543 -3.30045948
 -3.95708191 -4.27060404 -4.4414876  -3.40490534 -5.48757345 -3.96624482
 -4.3982717  -4.75991179]
log likelihood =  -13256.755337
Edge derivatives =  [0.12084634020913965, 0.2723331478596958, -0.0046098714986521835, 0.26800974422799356, 0.11403925746434407, -0.46314996735404307, -0.16451673856188648, 0.044032864371595384, -0.05883065913610021, 0.5010832727061905, 0.2991196774148395, -0.14370423066365912, 0.0898905562699435, -0.3138740986457347]
other derivatives: [-0.68521331  0.20991138 -1.50866981 -0.45074557  0.36488927 -0.21791493]
Current x array =  [-0.66103857 -0.45180513 -1.03956526  0.96047892 -0.60750845 -3.99211575
  0.3987842  -2.09715864 -3.32299813 -2.70194976 -4.07311608 -3.3005904
 -3.95617083 -4.26891355 -4.439557   -3.40539185 -5.48797598 -3.96544688
 -4.39650164 -4.7555347 ]
log likelihood =  -13256.7530126
Edge derivatives =  [-0.21112206806188283, 0.14213382589889684, -0.14902699355338653, 0.05792175279660643, -0.032511265788691346, -0.4465923567221029, -0.24432916629268892, -0.0521367213663748, -0.10734937579159316, 0.5570260351336767, 0.22141129768193613, -0.20427892986631963, 0.014716589854668352, -0.4248352890183057]
other derivatives: [ 4.16021066 -5.38530003 -2.29865691 -0.50858944  0.42164174 -0.23774192]
Current x array =  [-0.6618354  -0.45085915 -1.03909117  0.96074558 -0.60760276 -4.00973945
  0.39760897 -2.07842384 -3.31977563 -2.7006841  -4.06740808 -3.30101656
 -3.95385626 -4.2653464  -4.43717823 -3.40624812 -5.47779841 -3.96374466
 -4.39332564 -4.74879834]
log likelihood =  -13256.7467711
Edge derivatives =  [-0.32841518362487265, 0.11139214314426049, -0.1835640750558126, -0.014285390676941429, -0.03167826175523758, -0.3770406447294181, -0.24722183950165458, -0.04829554533848462, -0.09874250868675402, 0.5024097596032456, 0.21350692435925214, -0.20549123265424252, 0.024324658053983705, -0.428829290600547]
other derivatives: [ 1.94704626 -1.2871169  -1.19634933 -0.83746272  0.6351911  -0.23246685]
Current x array =  [-0.66149103 -0.45157034 -1.03970214  0.96135802 -0.60821058 -4.01448669
  0.39763204 -2.07477344 -3.31929751 -2.69994497 -4.06719455 -3.30198484
 -3.95368402 -4.26543102 -4.4375805  -3.40527665 -5.47673713 -3.96363859
 -4.39363814 -4.74849239]
log likelihood =  -13256.7419687
Edge derivatives =  [-0.517613972743049, 0.040689809563980564, -0.23240643299788039, -0.13410543420472745, -0.03373619543020867, -0.269163326007317, -0.2632246838455324, -0.04175412222378001, -0.06529631407393581, 0.3973998555859395, 0.15847714945717217, -0.21599654771013763, 0.04912647458466086, -0.41139663325042586]
other derivatives: [ 0.2410161   0.86129148  0.52441465 -0.7888957   0.62955223 -0.24974725]
Current x array =  [-0.66123598 -0.45195034 -1.04065154  0.96129446 -0.60833604 -4.01704189
  0.39723127 -2.06791939 -3.31884776 -2.69883634 -4.06697499 -3.30363745
 -3.95320976 -4.26578091 -4.43932658 -3.40356627 -5.46956752 -3.96345775
 -4.39469823 -4.74953667]
log likelihood =  -13256.7387212
Edge derivatives =  [-0.4768896517773964, -0.024123272766602144, -0.29108640554708715, -0.2669874551501232, -0.046847185174129446, -0.15591226526653482, -0.28358053106669834, -0.043152154139290966, -0.03896834889172719, 0.290554454326977, 0.1015012551960372, -0.23029018884865746, 0.0671125589549548, -0.41022705260995806]
other derivatives: [ 0.07239578  1.30748958  1.63290679 -0.52259566  0.49694791 -0.26011548]
Current x array =  [-0.6612278  -0.45203698 -1.04125441  0.96073131 -0.60801147 -4.02345435
  0.39629702 -2.05859283 -3.31805427 -2.69770582 -4.06623788 -3.30537564
 -3.95257606 -4.26583406 -4.44073576 -3.40181068 -5.46215982 -3.96314505
 -4.39546255 -4.74957865]
log likelihood =  -13256.734087
Edge derivatives =  [-0.5076066985057126, -0.06944170418710938, -0.3556329206357449, -0.40062234256661666, -0.002885289530380364, 0.03302310125566946, -0.27524032639817253, -0.014526860385344162, -0.027696778776707537, 0.09543930200164175, 0.14196962569343097, -0.2272549178688854, 0.10607230635544498, -0.45694947311443523]
other derivatives: [-0.81545295  0.291584    2.43035174 -0.03619789  0.25884219 -0.23155735]
Current x array =  [-0.66108532 -0.45186185 -1.04167399  0.95970124 -0.60743472 -4.05146812
  0.39490627 -2.04589669 -3.31676992 -2.69657005 -4.0666585  -3.30807702
 -3.95249563 -4.26688789 -4.44133086 -3.3985275  -5.46717739 -3.96295806
 -4.39694314 -4.74657054]
log likelihood =  -13256.755206
Edge derivatives =  [1.4565199087989944, -0.035755046245199, -0.3921862263460658, -0.6093583951054645, 0.06422953951887078, 0.6418770760477291, -0.16581060247563356, 0.05839478837752417, 0.06205382061726841, -0.49083858626719024, 0.07578376496349101, -0.13466721140848856, 0.18924687588090722, -0.3687681868722543]
other derivatives: [ 11.30156306  10.30748535  -0.29358489   0.97334123  -0.4287358
  -0.23210305]
Current x array =  [-0.66320849 -0.45375665 -1.04014118  0.95632373 -0.60482612 -4.07788339
  0.3913252  -2.02508139 -3.31691285 -2.69358605 -4.06733468 -3.31647634
 -3.95464847 -4.26908716 -4.44592547 -3.3883663  -5.45741084 -3.96505294
 -4.39980129 -4.7511438 ]
log likelihood =  -13256.7323511
Edge derivatives =  [-0.07889622498798221, -0.061424397544748, -0.36347682712175444, -0.44555229490194126, 0.011677655210885818, 0.16519977974966782, -0.251518035066651, 0.0012858719118571706, -0.00825129724363422, -0.030743149113260038, 0.12771884412188514, -0.20716915130060506, 0.12410302097135796, -0.43782814986355334]
other derivatives: [ 1.81480573  2.4710971   1.84190867  0.18262654  0.11168595 -0.23119355]
Current x array =  [-0.66154441 -0.45227156 -1.04134256  0.95897093 -0.60687067 -4.05717982
  0.39413195 -2.04139585 -3.31680083 -2.69592482 -4.06680471 -3.30989318
 -3.95296113 -4.26736343 -4.44232434 -3.39633037 -5.4650656  -3.96341103
 -4.39756115 -4.74755941]
log likelihood =  -13256.7300583
Edge derivatives =  [0.03583956194231863, -0.05685880398861179, -0.37472385115845436, -0.47074652878527457, 0.03289004350634661, 0.25905060179529527, -0.22725796754868471, 0.013201646622910321, -0.015305820595890307, -0.1338994433418068, 0.1670877657164573, -0.19037802770244966, 0.13109527963111844, -0.46175796578309347]
other derivatives: [ 0.81527105  0.89494279  1.07811502  0.47421054 -0.08185452 -0.21063897]
Current x array =  [-0.66135743 -0.45198846 -1.04087434  0.95830158 -0.60634992 -4.07216428
  0.39340333 -2.03655653 -3.31645061 -2.69568662 -4.06694608 -3.31121103
 -3.95347152 -4.26773071 -4.44199973 -3.3945954  -5.46998684 -3.96369922
 -4.39774579 -4.74601991]
log likelihood =  -13256.7286785
Edge derivatives =  [0.14278820397394376, -0.04718058241792551, -0.35069961704232916, -0.43201013165531366, 0.04548125874167608, 0.30056903668680474, -0.20452827196190423, 0.02264034598356082, -0.011436389892210937, -0.1863957756260557, 0.1765780869599945, -0.17286872684154747, 0.1355836579001108, -0.4517174830682794]
other derivatives: [ 0.102591    0.12660166  0.09840733  0.48585207 -0.18299033 -0.20481821]
Current x array =  [-0.66121931 -0.45184361 -1.04030162  0.95823463 -0.60602615 -4.07641625
  0.39317058 -2.03534125 -3.31684129 -2.69591931 -4.06717821 -3.31176969
 -3.95403125 -4.26802135 -4.44220222 -3.39369808 -5.47107266 -3.96413302
 -4.39787426 -4.74657148]
log likelihood =  -13256.727238
Edge derivatives =  [0.20721632340271146, -0.04643815180134465, -0.30347927903285776, -0.3546842506851133, 0.06137375406979295, 0.3435954338694083, -0.17510339292036511, 0.037154143336289205, 0.0037440024696683144, -0.24878115369676868, 0.1725343501899059, -0.14908839713463073, 0.1451674754345474, -0.4209533489771836]
other derivatives: [-0.44037733 -0.52805262 -0.81545295  0.31668606 -0.22646418 -0.19899744]
Current x array =  [-0.66111007 -0.4517123  -1.03977988  0.95858769 -0.60581495 -4.07900922
  0.39306213 -2.03408903 -3.31769923 -2.69640418 -4.06756809 -3.31234524
 -3.95478535 -4.2684971  -4.44296181 -3.39263639 -5.4703671  -3.96477948
 -4.39822053 -4.74836493]
log likelihood =  -13256.7254102
Edge derivatives =  [0.15126723657778862, -0.06253129256817536, -0.22711268699193238, -0.22423411952847874, 0.07969728178984337, 0.38230163771973186, -0.13599484459070466, 0.056321984750231105, 0.027742569429116008, -0.3195378888858399, 0.1595957536728254, -0.11653301610820942, 0.1574340131829799, -0.37293767799520994]
other derivatives: [-0.48257789 -1.23854988 -1.36569724 -0.01091394 -0.19808795 -0.19317667]
Current x array =  [-0.66108826 -0.45156837 -1.03948492  0.95933839 -0.6057441  -4.08228755
  0.3930544  -2.03202461 -3.31905315 -2.69728477 -4.06802203 -3.31284954
 -3.95581406 -4.26912189 -4.44414261 -3.39143591 -5.46848155 -3.96568637
 -4.39867648 -4.75119012]
log likelihood =  -13256.7226601
Edge derivatives =  [-0.04214524814107956, -0.12181642960336556, -0.12396373069893275, -0.03004673677984905, 0.07022461286464088, 0.38845019727512303, -0.09426162285919483, 0.062082010777068056, 0.04896520329868939, -0.3621136616490507, 0.12752799608516707, -0.07968083775573928, 0.1533092570290441, -0.3262950657141651]
other derivatives: [-0.02019078 -1.8362698  -1.55960151 -0.42618922 -0.1195076  -0.18571882]
Current x array =  [-0.66115717 -0.45144694 -1.03939147  0.96029965 -0.60579218 -4.0922355
  0.39279003 -2.02496661 -3.32057362 -2.69875143 -4.06732418 -3.31286147
 -3.95689311 -4.26914829 -4.44512063 -3.39063368 -5.46409789 -3.96668686
 -4.39839383 -4.75390424]
log likelihood =  -13256.71902
Edge derivatives =  [0.3243187957468635, -0.15186088243459225, 0.11456180311691982, 0.412599312917466, 0.04259009088034216, 0.25950858130515236, -0.01918906415908836, 0.06644738477337572, 0.08109837234965717, -0.3096106703222833, 0.06214877936129801, -0.012307375172565735, 0.131500995830734, -0.22585577379496902]
other derivatives: [-1.75587047 -0.3603418  -1.60962372 -0.49330993 -0.27903297 -0.18462742]
Current x array =  [-0.66086301 -0.45167286 -1.03937181  0.96027022 -0.60515943 -4.10358979
  0.39170136 -2.01626158 -3.3240615  -2.70231611 -4.06610332 -3.31081527
 -3.95897563 -4.26893504 -4.44652765 -3.39128362 -5.4554055  -3.96860851
 -4.39732319 -4.7599095 ]
log likelihood =  -13256.7184011
Edge derivatives =  [-0.10219260444549683, -0.22180081230929427, 0.2878906363871973, 0.7583773507619875, 0.028866695952169064, 0.10284151771723467, 0.04828953099525456, 0.06752970961344149, 0.07173953810356722, -0.23106465204422422, 0.08760270860944777, 0.04461355282178518, 0.0980242608648905, -0.2043159498034458]
other derivatives: [ 2.93130142 -3.99741111 -0.06220944 -0.04765752 -0.35488483 -0.14479156]
Current x array =  [-0.66165706 -0.45105484 -1.04031499  0.95955016 -0.60492591 -4.13269582
  0.39080415 -2.00557901 -3.32611819 -2.70531375 -4.06489446 -3.30839126
 -3.96079606 -4.26859895 -4.44579143 -3.39243526 -5.45851775 -3.96997622
 -4.39577345 -4.76107036]
log likelihood =  -13256.7158703
Edge derivatives =  [0.016233515500836182, -0.19299291930756127, 0.2119520194984824, 0.6163587755001843, 0.033906913630328384, 0.1253630124992403, 0.019676796226952224, 0.06502773637861478, 0.062248011891814364, -0.21846156875406764, 0.10208230799792369, 0.019991855406499767, 0.10484611462220429, -0.23484643806339167]
other derivatives: [ 0.21755113 -0.82145561 -0.01109584 -0.0336513  -0.32723619 -0.14679244]
Current x array =  [-0.66121422 -0.4516119  -1.04030165  0.9593724  -0.60510829 -4.1274473
  0.39103188 -2.00873545 -3.32496991 -2.70414289 -4.06520973 -3.30872084
 -3.95998728 -4.26857501 -4.445341   -3.39263883 -5.46048383 -3.96926359
 -4.39605958 -4.75923905]
log likelihood =  -13256.7154644
Edge derivatives =  [0.0017981310130394945, -0.18562672157876714, 0.18544990765638572, 0.5708974809175836, 0.02757939074726934, 0.09718559688483218, 0.007760215843086261, 0.0582590598757278, 0.05207440487245219, -0.177047200312052, 0.11049337354762587, 0.010106212028989085, 0.09854884063613392, -0.25071026430989285]
other derivatives: [-0.04783942  0.10768417  0.22810127  0.01818989 -0.2750312  -0.14842954]
Current x array =  [-0.66117747 -0.45178141 -1.0404296   0.95921407 -0.60531081 -4.12675751
  0.39113881 -2.00973994 -3.32450931 -2.70380053 -4.06504606 -3.30830663
 -3.9596661  -4.26831998 -4.44480188 -3.39330583 -5.46163617 -3.96896111
 -4.39579329 -4.75828474]
log likelihood =  -13256.7149907
Edge derivatives =  [-0.031931529093495614, -0.18849921731194746, 0.17110486986414492, 0.5454628682680613, 0.018259039120716025, 0.06054421943446965, 0.006251434646348378, 0.05121274439822937, 0.04180233117383735, -0.13375620437176372, 0.11928964123666597, 0.00899438738800816, 0.0876887764764984, -0.26132305984456494]
other derivatives: [-0.00527507  0.74960553  0.43728505  0.06530172 -0.18626451 -0.14388206]
Current x array =  [-0.6611898  -0.45190145 -1.04054097  0.95906389 -0.60558824 -4.13060175
  0.39109721 -2.00876826 -3.32422816 -2.70357904 -4.06463974 -3.30774218
 -3.95960462 -4.26799052 -4.44421678 -3.39396587 -5.46278564 -3.96886459
 -4.39529494 -4.75761381]
log likelihood =  -13256.7139834
Edge derivatives =  [-0.08737756163435029, -0.19950690528907428, 0.14000529445929044, 0.4790597338727683, -0.003309178765739107, -0.0162388871161382, 0.008759521517364435, 0.03619806469695669, 0.025118339967681216, -0.04837604753379077, 0.12815891285189418, 0.011485238114130922, 0.06358650777157347, -0.26961791765775267]
other derivatives: [-0.16279955  1.11358531  0.62937033  0.06330083  0.0509317  -0.13405952]
Current x array =  [-0.66116283 -0.45197154 -1.04063888  0.95896453 -0.606288   -4.13918561
  0.390973   -2.00603812 -3.32380025 -2.70292526 -4.0637041  -3.30657703
 -3.95964079 -4.26729364 -4.44322984 -3.39526578 -5.46392764 -3.96882802
 -4.39419799 -4.75705667]
log likelihood =  -13256.7142515
Edge derivatives =  [0.49416761580165436, -0.16829041508149434, 0.08859601825617246, 0.3178117287879607, -0.028019513995900858, -0.08534754768278796, 0.051349531007201535, 0.023898706443345668, 0.014168671380446264, 0.04841394382556208, 0.12867370531972974, 0.04730827880587479, 0.027778770587056134, -0.23104560035387622]
other derivatives: [ 3.47918103  3.87808541 -1.06701918 -0.04401954  0.35361154 -0.11859811]
Current x array =  [-0.66177547 -0.45249082 -1.03967716  0.95865227 -0.60682147 -4.15734541
  0.39018606 -1.99982676 -3.3236198  -2.70086436 -4.06229699 -3.30528296
 -3.96055896 -4.2663791  -4.44231883 -3.39645183 -5.46361538 -3.9695144
 -4.39234268 -4.7590974 ]
log likelihood =  -13256.713259
Edge derivatives =  [0.18020390891684723, -0.18502241091723554, 0.11640184695419573, 0.4050665295447083, -0.01462691754354073, -0.0479565927011842, 0.028350293206945966, 0.03055814842178299, 0.020096055617639746, -0.003860740642627869, 0.12839854512233675, 0.02796360304099873, 0.047150845574021535, -0.2518772513329879]
other derivatives: [ 1.51248969  2.3863322  -0.14770194  0.01509761  0.19081199 -0.12732926]
Current x array =  [-0.66144431 -0.45221012 -1.04019702  0.95882106 -0.6065331  -4.14752913
  0.39061144 -2.00318431 -3.32371734 -2.70197838 -4.0630576  -3.30598247
 -3.96006264 -4.26687346 -4.44281128 -3.39581071 -5.46378417 -3.96914337
 -4.39334557 -4.75799428]
log likelihood =  -13256.7117793
Edge derivatives =  [0.1355539042099737, -0.20239701561066714, 0.07492443116577838, 0.2896705868124404, -0.03724696111719561, -0.12781817834717418, 0.047340092336460346, 0.01595224803518907, 0.008022338962684424, 0.0741720808643419, 0.12988672410712915, 0.043621448010044965, 0.01756279204444723, -0.23475125280856146]
other derivatives: [ 0.52605174  1.41935743 -0.29012881  0.02146407  0.40454324 -0.11314114]
Current x array =  [-0.6612624  -0.45203517 -1.040088    0.95872336 -0.60717219 -4.16032105
  0.39029235 -1.99880409 -3.32352182 -2.70072192 -4.06199028 -3.30478495
 -3.96055495 -4.26615955 -4.44202922 -3.39697998 -5.46389684 -3.96949197
 -4.39199863 -4.75896924]
log likelihood =  -13256.7103234
Edge derivatives =  [0.045488368428850734, -0.22318724810184487, 0.049386578874002, 0.17755862960448576, -0.04149800222973676, -0.1542676105832338, 0.08666425020648533, 0.015574019357151837, 0.012717129806893246, 0.083749021308271, 0.12271217131472657, 0.07554874893716451, 0.00010971889276053734, -0.1821603665033813]
other derivatives: [ 0.1200533   0.07676135 -0.38817234  0.          0.44747139 -0.09949872]
Current x array =  [-0.66118182 -0.45179304 -1.04002022  0.95881912 -0.60727698 -4.17272121
  0.38998224 -1.99466375 -3.3239532  -2.69930218 -4.06154759 -3.30436635
 -3.96160907 -4.26598588 -4.44212859 -3.3970527  -5.46280488 -3.97033899
 -4.39116441 -4.76209393]
log likelihood =  -13256.7090745
Edge derivatives =  [0.03855322646521675, -0.22881936403050154, 0.012615917513984817, 0.020966072482554624, -0.0330580745598581, -0.1318880501712001, 0.12863381348812558, 0.022879464861961733, 0.02872555756931011, 0.04621715361724188, 0.10472348256021219, 0.10912054902502724, -0.006745391628631109, -0.10680462772783572]
other derivatives: [-0.1546141  -1.04082574 -0.53605618 -0.02346496  0.29558578 -0.09131327]
Current x array =  [-0.66113064 -0.4515898  -1.03992957  0.9589618  -0.60680603 -4.1805875
  0.38971341 -1.99244257 -3.32456004 -2.69738274 -4.06166432 -3.3046816
 -3.96275443 -4.26616187 -4.44285921 -3.39639339 -5.46030145 -3.97130259
 -4.39080471 -4.76664219]
log likelihood =  -13256.7083616
Edge derivatives =  [-0.005102591272288737, -0.23023570844253427, -0.015680094557948394, -0.09258141948712224, -0.024269733681702488, -0.09440492951513837, 0.14901740979389438, 0.028388157175591712, 0.041679180350498946, 0.005861517937436611, 0.08742447357573928, 0.1252112227792, -0.007290683375380334, -0.052941242826265555]
other derivatives: [ 0.04802132 -0.98061719 -0.23574103 -0.02237357  0.07603376 -0.08967618]
Current x array =  [-0.66117605 -0.4516013  -1.04010776  0.95907459 -0.60617384 -4.18283644
  0.38964525 -1.9922365  -3.32495106 -2.69603455 -4.06194092 -3.3052366
 -3.96332445 -4.26634616 -4.44349758 -3.39573314 -5.45799548 -3.9718035
 -4.39075888 -4.76992731]
log likelihood =  -13256.7079385
Edge derivatives =  [0.1690459691376196, -0.17905436666487629, -0.09067816328424014, -0.2739195641262696, -0.00959560594109965, -0.02341892320432691, 0.12128033953596515, 0.025139532300732667, 0.040439692238764285, -0.018863195796829046, 0.08052726623502025, 0.09939479162473228, -0.0021202666573749175, -0.030632206090622227]
other derivatives: [-0.79271558 -0.41454769 -0.55042619  0.04656613 -0.1553417  -0.09367795]
Current x array =  [-0.66103961 -0.45170074 -1.03991866  0.95895079 -0.60552714 -4.17701259
  0.38981805 -1.99703881 -3.32438666 -2.69431133 -4.06260327 -3.30631565
 -3.96255681 -4.26636637 -4.44350083 -3.39537431 -5.45715731 -3.97116033
 -4.39100586 -4.77132731]
log likelihood =  -13256.7074411
Edge derivatives =  [0.04661337143424116, -0.18585045280405266, -0.08004105313226864, -0.2613923388708603, -0.01075455054138974, -0.014253542121228611, 0.11589741626925006, 0.021025631520892173, 0.04024509181844323, -0.017887576407624506, 0.07085896711765437, 0.09482696941212702, -0.007180405608303374, -0.0112729900746521]
other derivatives: [-0.09331416  0.18117134  0.14224497  0.0347427  -0.18444553 -0.08731149]
Current x array =  [-0.66117293 -0.45181105 -1.04032843  0.95906241 -0.60543555 -4.17878694
  0.38990557 -1.99705084 -3.32465181 -2.69435015 -4.06252375 -3.30644915
 -3.96241183 -4.26620367 -4.44347015 -3.39539093 -5.45593994 -3.97104849
 -4.39078443 -4.77250817]
log likelihood =  -13256.7070622
Edge derivatives =  [-0.013616184066823522, -0.1773308047950272, -0.06930438859649707, -0.2253194426316391, -0.011231979431089778, -0.0033443341958134948, 0.09106042515737027, 0.013319558958590848, 0.0330975535855733, -0.0042666617536401, 0.0681125640245742, 0.07363094169317519, -0.009974739642492979, -0.012733735200141205]
other derivatives: [ 0.21627784  0.6009941   0.47784852  0.02219167 -0.14479156 -0.08258212]
Current x array =  [-0.66123088 -0.45188758 -1.04052962  0.95910496 -0.60555294 -4.17786602
  0.39009675 -1.99857838 -3.3246191  -2.69474773 -4.06251231 -3.30661588
 -3.96172374 -4.26596271 -4.44311653 -3.39562799 -5.45566034 -3.97047049
 -4.39067927 -4.77242417]
log likelihood =  -13256.7063957
Edge derivatives =  [-0.0918619220945831, -0.14487225342623478, -0.057168422642040244, -0.17264112823949287, -0.008928096119888762, 0.02847075778499045, 0.030630396816176422, -0.005054132531752641, 0.015065856521814832, 0.02666836427588426, 0.06361524285940837, 0.021273097824505614, -0.016476156870940874, -0.012563631902548056]
other derivatives: [ 0.74560376  0.74523996  0.74833224  0.01418812 -0.05038601 -0.07566996]
Current x array =  [-0.66132355 -0.45191786 -1.04070226  0.95914406 -0.60584352 -4.1758674
  0.39053167 -2.00275692 -3.32444582 -2.69536676 -4.06258632 -3.30709933
 -3.96003902 -4.2654031  -4.44222504 -3.39616369 -5.45522822 -3.96904414
 -4.39043037 -4.77244294]
log likelihood =  -13256.7062025
Edge derivatives =  [-0.16721313863022846, -0.11972076009552944, 0.021747993425356563, 0.0050627831075306245, -0.01413938211269583, 0.029483341518513808, -0.01606724890987419, -0.029241381073408682, -0.005742939092952846, 0.08829381718105689, 0.048897528973763385, -0.01957114039532458, -0.0398319715937477, 0.024610289962035847]
other derivatives: [-0.9955329   2.61916284  0.75342541 -0.18244464  0.25920599 -0.05238689]
Current x array =  [-0.66102648 -0.45223422 -1.04069613  0.95941384 -0.60670522 -4.18603997
  0.39078686 -2.0033701  -3.32521418 -2.6968643  -4.0620117  -3.30700818
 -3.95864291 -4.26441647 -4.44103244 -3.39703948 -5.45334379 -3.96784812
 -4.38930983 -4.77463574]
log likelihood =  -13256.7053548
Edge derivatives =  [-0.13083022581122972, -0.09172891611160623, 0.00815833495851176, -0.02843196074678056, -0.0039118250492209405, 0.0733997720367444, -0.03968535347160172, -0.03287605490001611, -0.0075565079499709305, 0.06968158380057832, 0.042368102405014665, -0.04107199861961257, -0.03687483712091256, 0.039950840130775656]
other derivatives: [ 0.43437467  0.86565706  0.43928594 -0.1376975   0.17425918 -0.05529728]
Current x array =  [-0.66125865 -0.45193036 -1.04054015  0.95938693 -0.60643503 -4.18298273
  0.39094777 -2.00644947 -3.32515813 -2.69655944 -4.06242122 -3.30769152
 -3.95799598 -4.26440097 -4.44099643 -3.39678916 -5.45253856 -3.96731514
 -4.38947886 -4.7755972 ]
log likelihood =  -13256.7051262
Edge derivatives =  [-0.09038211291672793, -0.08383850471601835, 0.008498338976861815, -0.04636639952597245, -0.0014003411711142055, 0.07946082204594224, -0.03442163679709127, -0.03347395250898162, -0.006077523763834023, 0.06395601376234739, 0.03642460082785049, -0.03745788418814487, -0.04065615249536834, 0.06316951358798661]
other derivatives: [ 0.37180143  0.12933015  0.11550583 -0.1378794   0.16261765 -0.04838512]
Current x array =  [-0.66123922 -0.45179677 -1.04035316  0.95939058 -0.60637244 -4.18615113
  0.39086146 -2.00611057 -3.32540071 -2.69626528 -4.06241373 -3.30776722
 -3.95812041 -4.26435434 -4.4410436  -3.39667108 -5.45171738 -3.96741926
 -4.38928914 -4.7770063 ]
log likelihood =  -13256.7050438
Edge derivatives =  [-0.061111999921010685, -0.07773466157710401, 0.01501683767235442, -0.040776093948819786, -0.0010585938043976562, 0.07831066147211763, -0.033420819688860716, -0.034905614788758366, -0.006721240775180017, 0.063812924669714, 0.03269260795283823, -0.03699401912474021, -0.043868618342741014, 0.0760342914940545]
other derivatives: [ 0.02328306 -0.14133548 -0.05602487 -0.12714736  0.15188562 -0.04820322]
Current x array =  [-0.66117498 -0.45174542 -1.04025216  0.95935066 -0.60634371 -4.18857945
  0.39079461 -2.00587732 -3.32557387 -2.69625453 -4.06235639 -3.30773873
 -3.95813396 -4.26428225 -4.44099334 -3.39665041 -5.45120949 -3.96743192
 -4.38913159 -4.77778701]
log likelihood =  -13256.7049944
Edge derivatives =  [-0.024570419948981792, -0.07240909785370693, 0.029677668836128726, -0.016968799747758737, -0.0022464154743671028, 0.07013847065491478, -0.030890594140150822, -0.03659656820260146, -0.007916284910527305, 0.06681093026454599, 0.028530986436026973, -0.034990437273623345, -0.04824487967201774, 0.0893649339088981]
other derivatives: [-0.22209861 -0.2066372  -0.1895387  -0.10604708  0.1546141  -0.04183676]
Current x array =  [-0.66113013 -0.45173086 -1.04017274  0.9592858  -0.60633285 -4.19204481
  0.39069199 -2.00526974 -3.32581706 -2.69640427 -4.06221921 -3.30759422
 -3.95818175 -4.26417895 -4.44090353 -3.39666724 -5.4506374  -3.96747529
 -4.38891249 -4.77858696]
log likelihood =  -13256.7049108
Edge derivatives =  [0.017693342200001516, -0.0669150252921058, 0.03570724763031029, -0.002042688042635049, -0.003295806804185175, 0.05950229896774387, -0.030073668832334213, -0.036147791387914754, -0.00920748256433948, 0.0643814954456341, 0.028393696250785666, -0.03393718511247376, -0.04808359209430198, 0.08821758533597723]
other derivatives: [-0.2912202  -0.19099389 -0.20336302 -0.03255991  0.1031367  -0.03929017]
Current x array =  [-0.66111942 -0.45173479 -1.04015986  0.95911865 -0.60618956 -4.1929871
  0.3906032  -2.00522821 -3.32583473 -2.69656391 -4.06217466 -3.30743142
 -3.95820052 -4.26418765 -4.44084576 -3.3966243  -5.4506133  -3.96750076
 -4.38891459 -4.77851383]
log likelihood =  -13256.7047061
Edge derivatives =  [0.04665064057767221, -0.048807814596807636, 0.05144285560401742, 0.04976137401731191, -0.007210333540510816, 0.025122864610518214, -0.03898983677973021, -0.03738120296397811, -0.017736435889885126, 0.059503821411010405, 0.027236299721138352, -0.03995273482628879, -0.04736676731725532, 0.08001619585475961]
other derivatives: [-0.10495569  0.07166818 -0.13387762  0.11041266 -0.04256435 -0.0338332 ]
Current x array =  [-0.66115707 -0.45178633 -1.04020045  0.95882241 -0.60580498 -4.19563497
  0.39053674 -2.00608677 -3.32572688 -2.69715573 -4.06202487 -3.30690228
 -3.95793322 -4.26413519 -4.44044515 -3.39653826 -5.45047199 -3.96731777
 -4.38893071 -4.77799569]
log likelihood =  -13256.7046097
Edge derivatives =  [0.022299644711930022, -0.04356844710139596, 0.057621508906010276, 0.07780624697987207, -0.011751483187878553, -0.013255569981841336, -0.037851169228984884, -0.03562587762208487, -0.02272371081381717, 0.046637318207165324, 0.026518212343652228, -0.0371590310471078, -0.04526410338174388, 0.0696604801627575]
other derivatives: [-0.34760888 -0.14824764  0.21591404  0.16407284 -0.1198714  -0.03001333]
Current x array =  [-0.66111998 -0.45174544 -1.04040287  0.95876744 -0.60559212 -4.1981778
  0.39048809 -2.00626091 -3.32557907 -2.69753199 -4.06187611 -3.3063462
 -3.9579731  -4.26420084 -4.44023301 -3.39635133 -5.45039724 -3.96739681
 -4.38902863 -4.77736789]
log likelihood =  -13256.7044864
Edge derivatives =  [0.133945415628547, -0.025631832471694732, 0.05448192631451798, 0.07894059022500174, -0.01428469731559523, -0.059333365334648946, -0.02133905730159895, -0.027433885888826153, -0.024599043953389493, 0.01945197715202518, 0.02493230683248512, -0.020647307918914906, -0.03959388679215915, 0.0653172545943872]
other derivatives: [ 0.39181032  0.1888111   0.12114469  0.13988029 -0.20227162 -0.02437446]
Current x array =  [-0.66124982 -0.45180812 -1.04036067  0.95880133 -0.60527399 -4.20276703
  0.39034457 -2.0060656  -3.32538014 -2.69756347 -4.0617431  -3.30561477
 -3.95838008 -4.26443122 -4.4401483  -3.39586609 -5.45010768 -3.96780541
 -4.38921538 -4.77705503]
log likelihood =  -13256.7043829
Edge derivatives =  [0.0940351631341938, -0.0263594799811257, 0.04635411340743988, 0.06643356891934747, -0.0148657738736242, -0.07018272236504822, -0.016969605411203223, -0.02493466711807746, -0.025041470923068396, 0.01122293521505513, 0.0246124828356939, -0.016138714158875557, -0.03730262240006695, 0.06172053097678121]
other derivatives: [ 0.3263267   0.15315891  0.15716068  0.0511136  -0.16134436 -0.02346496]
Current x array =  [-0.6612386  -0.45179951 -1.04038484  0.95900679 -0.60537442 -4.20380495
  0.39041775 -2.00610372 -3.32523375 -2.69746293 -4.06171431 -3.30545049
 -3.95849235 -4.26451225 -4.44012957 -3.39572877 -5.45005122 -3.96792071
 -4.38930344 -4.77682678]
log likelihood =  -13256.7041956
Edge derivatives =  [-0.08311981750544473, -0.027271467702310967, 0.003720468236194492, -0.0015521016529386339, -0.014367130385688709, -0.10579141909936202, 0.004806748232041733, -0.009827082087717952, -0.024268230300333888, -0.03371366206794324, 0.024882728773746438, 0.005907807484377296, -0.021354271970662805, 0.03849446697182424]
other derivatives: [-0.23082976  0.20027073  0.02255547 -0.07221388 -0.11295924 -0.01236913]
Current x array =  [-0.66114252 -0.45180741 -1.04029291  0.95932172 -0.60553362 -4.20648765
  0.39067511 -2.00674379 -3.32446254 -2.69694383 -4.06173809 -3.30490424
 -3.95905439 -4.26503519 -4.44020967 -3.39498209 -5.45000204 -3.96849371
 -4.38994499 -4.77537389]
log likelihood =  -13256.7041407
Edge derivatives =  [-0.03181466840460423, -0.015749092804977813, -0.006477562043964269, -0.02632841876889236, -0.00998392834348616, -0.08191384512479385, -0.0009732479968470251, -0.010132133640521148, -0.02359229731975461, -0.0371834926338771, 0.022248860679289835, 0.0005605248233624474, -0.019582723854291106, 0.04306653164306151]
other derivatives: [-0.08494681 -0.06220944  0.02855813 -0.09458745 -0.04001777 -0.01418812]
Current x array =  [-0.66116376 -0.45175991 -1.04030441  0.95934568 -0.60571862 -4.20574538
  0.39072952 -2.00767063 -3.32438946 -2.69670333 -4.06187949 -3.30526618
 -3.9588921  -4.26505467 -4.44024694 -3.39493466 -5.44967395 -3.96835978
 -4.39002674 -4.77565736]
log likelihood =  -13256.7041007
Edge derivatives =  [0.02954619173256301, 0.000829523220172948, -0.011639042870706877, -0.03323718779723765, -0.006601715954270726, -0.0673885256332202, -0.007213892867807881, -0.00952656471819615, -0.02472160670609052, -0.04204180648940692, 0.01944340349118596, -0.004528500693163705, -0.016315400955723217, 0.04276395956495416]
other derivatives: [-0.08058123 -0.02855813  0.01946319 -0.07057679  0.00254659 -0.01018634]
Current x array =  [-0.66116271 -0.45176508 -1.04030248  0.95925537 -0.60583088 -4.20588695
  0.39076451 -2.00877778 -3.32426155 -2.69666576 -4.06197382 -3.30547756
 -3.95870519 -4.26509687 -4.44019795 -3.39485424 -5.44931724 -3.9682215
 -4.39016096 -4.77563351]
log likelihood =  -13256.704405
Edge derivatives =  [-0.30350433423076306, 7.438403137428884e-05, -0.006379685539114895, 0.011946680947089588, -0.005993602946241738, -0.07655477227140002, -0.008731006626336711, -0.004003444143171865, -0.029091573960270296, -0.048583763453085016, 0.015807222686021888, -0.003618578728880141, -0.006257735127889307, 0.020742911617196325]
other derivatives: [  7.61610863e-01  -1.68365659e+00  -3.01224645e-01   1.56433089e-01
  -3.45607987e-02   1.09139364e-03]
Current x array =  [-0.66129527 -0.45148919 -1.0401061   0.95888369 -0.60587701 -4.20941862
  0.39105749 -2.01020422 -3.32388937 -2.69726221 -4.06190862 -3.30533568
 -3.95862395 -4.26531639 -4.44000038 -3.39474259 -5.44881456 -3.96823016
 -4.39058266 -4.77425801]
log likelihood =  -13256.7040879
Edge derivatives =  [-0.02562422522274488, 0.0007086688006216896, -0.010766709257429313, -0.025744854485508548, -0.006500170194465027, -0.06890674694186699, -0.007464882973446968, -0.008610930302200826, -0.025445570013143952, -0.043125114203394155, 0.01884103188369155, -0.004377291066254119, -0.014648144514937112, 0.03911705688591249]
other derivatives: [ 0.06020855 -0.30231604 -0.0347427  -0.03165042 -0.00400178 -0.00964064]
Current x array =  [-0.66118468 -0.45171936 -1.04026994  0.95919378 -0.60583853 -4.2064722
  0.39081306 -2.00901416 -3.32419987 -2.6967646  -4.06196302 -3.30545405
 -3.95869173 -4.26513325 -4.44016521 -3.39483574 -5.44923394 -3.96822294
 -4.39023084 -4.77540557]
  status: 0
 success: True
    nfev: 113
     fun: 13256.704087937076
       x: array([-0.66118468, -0.45171936, -1.04026994,  0.95919378, -0.60583853,
       -4.2064722 ,  0.39081306, -2.00901416, -3.32419987, -2.6967646 ,
       -4.06196302, -3.30545405, -3.95869173, -4.26513325, -4.44016521,
       -3.39483574, -5.44923394, -3.96822294, -4.39023084, -4.77540557])
 message: 'CONVERGENCE: REL_REDUCTION_OF_F_<=_FACTR*EPSMCH'
     jac: array([-0.06020855,  0.30231604,  0.0347427 ,  0.03165042,  0.00400178,
        0.00964064,  0.02562423, -0.00070867,  0.01076671,  0.02574485,
        0.00650017,  0.06890675,  0.00746488,  0.00861093,  0.02544557,
        0.04312511, -0.01884103,  0.00437729,  0.01464814, -0.03911706])
     nit: 104
