number of sites to be analyzed:  50
log likelihood =  -902.5958014
Edge derivatives =  [52.04958623092223, -1.8676219572379544, 2.829866622951615, 7.865098313555581, -7.507355170250804, 17.92430097675159, -9.10703497646091, -9.323007578358956, -8.430372639803714, -7.909872051139171, -9.323007578358954, 1.5704177514350131e-15, -9.842921026214416, -8.854974807612596, 1.5619475145677286e-15, -9.323007578358954, -9.873496350324691, -9.873496350324691]
other derivatives: [-13.84872803   4.11394012   0.57508487   7.88520538 -24.27748313   0.        ]
Current x array =  [-0.61256163 -0.68020667 -0.77147902  0.18232156 -0.10536052  0.33647224
 -2.30258509 -2.30258509 -2.30258509 -2.30258509 -2.30258509 -2.30258509
 -2.30258509 -2.30258509 -2.30258509 -2.30258509 -2.30258509 -2.30258509
 -2.30258509 -2.30258509 -2.30258509 -2.30258509 -2.30258509 -2.30258509]
log likelihood =  -843.254476614
Edge derivatives =  [45.21793291746633, -2.085633523497024, 1.5732312070985863, 5.201663770492039, -7.079330914623272, 15.958468850241006, -7.926384611235899, -8.20400624679782, -7.432474883348263, -6.711466990583088, -8.20400624679782, -2.2051869984415318e-17, -8.538953523420572, -7.677926490018541, -2.2040105237318782e-17, -8.20400624679782, -8.568918506211576, -8.568918506211576]
other derivatives: [ 37.64064331   2.28079671   0.83640543   5.52048505 -17.15560529   0.        ]
Current x array =  [-0.81138006 -0.67115915 -0.76322285  0.29552503 -0.45389874  0.33647224
 -1.55533835 -2.32939749 -2.26195828 -2.18967028 -2.41036398 -2.04525595
 -2.43332969 -2.43643029 -2.42361523 -2.41614269 -2.43643029 -2.30258509
 -2.44389439 -2.429711   -2.30258509 -2.43643029 -2.44433335 -2.44433335]
log likelihood =  -837.749414868
Edge derivatives =  [-84.096492308738, -0.44523439448554114, -1.7425645397969276, -3.0647230191013355, -3.2475386424186383, -12.547143437242502, -3.65133770197455, -3.9528374406943523, -3.5647055544737123, -2.323644158000527, -3.9528374406943527, -4.600625795175102e-16, -3.97029799443761, -3.351088340683769, -4.600491474381204e-16, -3.9528374406943527, -3.9796668882650246, -3.9796668882650246]
other derivatives: [-15.30514737 -16.31577788   0.83665554  21.03151928 -59.95468655   0.        ]
Current x array =  [-0.67065833 -0.63906548 -0.70901366  0.88994974 -2.28802597  0.33647224
  2.58809255 -2.48966166 -2.05883996 -1.60438832 -3.02193912 -0.60870367
 -3.15866657 -3.18121214 -3.09743715 -3.04180194 -3.18121214 -2.30258509
 -3.22714284 -3.13424468 -2.30258509 -3.18121214 -3.23010091 -3.23010091]
log likelihood =  -769.636205667
Edge derivatives =  [3.2389564094191896, -0.33315171335207816, -0.5762164714608419, -1.5807877332557103, -3.2515766101398533, -3.412766481716445, -3.6112440146247327, -3.8559645058228527, -3.4202674753344797, -2.432031312549774, -3.8559645058228535, -6.622838998254676e-17, -3.931543184855898, -3.319181316780684, -6.626224997145776e-17, -3.855964505822854, -3.942517849221209, -3.942517849221209]
other derivatives: [-29.1719175   29.86757863  -0.25711415  -9.1179345   18.65889772   0.        ]
Current x array =  [-0.59246247 -0.84566161 -0.69840179  1.13962146 -2.99138042  0.33647224
  1.20663306 -2.48992192 -2.09906951 -1.68787469 -3.03703378 -0.85660837
 -3.16995179 -3.19613901 -3.11086626 -3.03912973 -3.19613901 -2.30258509
 -3.23954031 -3.14233994 -2.30258509 -3.19613901 -3.24251197 -3.24251197]
log likelihood =  -761.162763692
Edge derivatives =  [-2.280219777636259, -0.5538018249269355, -0.33589536770791906, -1.131335083586591, -3.2840192515129285, -0.8004537922617994, -3.6423784059043687, -3.9163296061526585, -3.544799860629839, -2.3933403482391036, -3.916329606152658, 2.6538222196124363e-16, -3.97061952263099, -3.3701341063616894, 2.66424723032347e-16, -3.9163296061526576, -3.9813875704358246, -3.9813875704358246]
other derivatives: [  7.79219818 -31.14473657  -0.63921561  -5.69734766  14.44064992   0.        ]
Current x array =  [-0.72563327 -0.55126915 -0.70378984  0.99757432 -2.6493401   0.33647224
  0.99441356 -2.48387375 -2.12048771 -1.74658369 -3.02910652 -0.98010222
 -3.15612133 -3.18361439 -3.09890716 -3.0201888  -3.18361439 -2.30258509
 -3.22482251 -3.12701885 -2.30258509 -3.18361439 -3.22774262 -3.22774262]
log likelihood =  -757.0114687
Edge derivatives =  [-6.1587237678050535, -0.6942134634178149, -0.24684136827319958, -0.8948221092135403, -3.333306385665123, -0.06284938751678837, -3.6425427054918575, -3.937313126324318, -3.545720178631905, -2.4088451800882242, -3.937313126324318, 1.358759480441642e-16, -3.9782117835116795, -3.3792431103151817, 1.3482494724804905e-16, -3.937313126324318, -3.9891346928613634, -3.9891346928613634]
other derivatives: [  8.79107347  -8.77774937   0.85626652  -4.47214461  11.26203415   0.        ]
Current x array =  [-0.72843925 -0.6356232  -0.70898134  0.93298552 -2.47317077  0.33647224
  0.92477401 -2.48054647 -2.12694648 -1.76772553 -3.02153646 -1.02160037
 -3.14640561 -3.17421926 -3.09036618 -3.00918992 -3.17421926 -2.30258509
 -3.21448566 -3.11697321 -2.30258509 -3.17421926 -3.21736515 -3.21736515]
log likelihood =  -746.086409568
Edge derivatives =  [-11.993746213148363, -1.7638056069742039, -0.17303472556708785, 0.2741829897807394, -3.6938940247960774, 4.308821057347103, -3.827050250611922, -4.169420367196562, -3.7546236877129844, -2.6629700258291997, -4.169420367196563, 3.106007965430838e-16, -4.170860179155299, -3.5967517185374676, 3.101529766340342e-16, -4.169420367196562, -4.180347385434692, -4.180347385434692]
other derivatives: [ 12.16230885   9.4367806    1.79625204  -1.3275212    4.06723757   0.        ]
Current x array =  [-0.73155568 -0.73121404 -0.7179025   0.63358918 -1.67193918  0.33647224
  0.34599911 -2.46545288 -2.16728039 -1.8904736  -2.98824821 -1.26928349
 -3.10037472 -3.13081159 -3.05052826 -2.95383022 -3.13081159 -2.30258509
 -3.16564094 -3.06860721 -2.30258509 -3.13081159 -3.16832846 -3.16832846]
log likelihood =  -765.358992274
Edge derivatives =  [27.021860789929313, -2.109064292644391, 0.30284165128324825, 3.1039284079183855, -3.9398790195619693, 9.445453176694766, -3.841068989739994, -4.190137189731536, -3.78432071395779, -2.863953602269564, -4.190137189731536, 1.0020697056603888e-15, -4.192883703603483, -3.6644234845636108, 1.0006276036486338e-15, -4.190137189731536, -4.194220087329494, -4.194220087329494]
other derivatives: [  3.34711103  20.33599458  -3.22580718   9.20130105 -19.19797796   0.        ]
Current x array =  [-0.66759176 -0.81311258 -0.71785948  0.17044085 -0.42298964  0.33647224
 -0.7810424  -2.48026873 -2.23331747 -2.066439   -3.00174421 -1.55593799
 -3.0962455  -3.13652948 -3.05470064 -2.9163064  -3.13652948 -2.30258509
 -3.16298027 -3.05714237 -2.30258509 -3.13652948 -3.16550739 -3.16550739]
log likelihood =  -743.230975791
Edge derivatives =  [-4.014883377430911, -2.0751900656461393, -0.20207585528354122, 0.9064388246479664, -3.794076900378458, 5.549266444812371, -3.841885551598658, -4.190790361567366, -3.770634303310757, -2.7208390104671, -4.190790361567366, 6.311138318724201e-17, -4.183001848867903, -3.6220558514231236, 6.485819087814826e-17, -4.190790361567366, -4.190585840581119, -4.190585840581119]
other derivatives: [ 10.97253062  12.80538982   0.27102942   0.08484449   0.44279886   0.        ]
Current x array =  [-0.71518141 -0.75217943 -0.71789149  0.51502679 -1.35221775  0.33647224
  0.05748519 -2.46924562 -2.18418537 -1.93551938 -2.99170308 -1.34266483
 -3.09931767 -3.13227532 -3.05159636 -2.94422441 -3.13227532 -2.30258509
 -3.16495983 -3.0656723  -2.30258509 -3.13227532 -3.16760629 -3.16760629]
log likelihood =  -733.626494184
Edge derivatives =  [-2.9517917191397016, -2.032364667773971, -0.6333804427748209, 0.7494162305534557, -3.1311084663718565, 1.042569186644442, -3.0143603170521605, -3.349650076443399, -2.945272464457624, -1.963757365549438, -3.349650076443399, 6.550837867823404e-16, -3.3199791024079395, -2.7925788437812114, 6.551343235920452e-16, -3.349650076443399, -3.322248111144999, -3.322248111144999]
other derivatives: [-14.79719458  11.80353593   3.11914619   1.38193172  -1.82884605   0.        ]
Current x array =  [-0.62408818 -0.74168441 -0.737643    0.46203653 -1.23412325  0.33647224
 -0.00909267 -2.55001374 -2.1906471  -1.9052424  -3.20083624 -1.16800822
 -3.32350185 -3.37388021 -3.26909426 -3.10294615 -3.37388021 -2.30258509
 -3.40916769 -3.27622692 -2.30258509 -3.37388021 -3.4123242  -3.4123242 ]
log likelihood =  -720.836791802
Edge derivatives =  [-1.5305394020729841, -1.700859617099687, -0.8897182236347069, 0.17080967057721053, -1.9191916360831123, -10.7695260682611, -1.5754695122356785, -1.9170765738882587, -1.5041782759032132, -0.4698309582109686, -1.9170765738882585, -6.201196165458659e-16, -1.8749008248161316, -1.318607733710441, -6.20855866143e-16, -1.9170765738882585, -1.87333263987965, -1.87333263987965]
other derivatives: [-12.68820142   2.26785914   1.46459342   2.57197144  -3.37670372   0.        ]
Current x array =  [-0.6269867  -0.67735822 -0.72666529  0.42301149 -1.17274614  0.33647224
 -0.05588093 -2.74430265 -2.20999704 -1.82125751 -3.69541164 -0.78965242
 -3.85131726 -3.94252413 -3.77999958 -3.47788078 -3.94252413 -2.30258509
 -3.98432625 -3.77197446 -2.30258509 -3.94252413 -3.98867259 -3.98867259]
log likelihood =  -710.772777984
Edge derivatives =  [0.6056746288023306, -1.2669932094044194, -0.8062416669108754, -0.4471506053969082, -1.0550648970554137, 0.073792395483403, -0.667708311134168, -1.0126540072952652, -0.5491571017765962, 0.569361114713702, -1.0126540072952652, -2.32949690666206e-16, -0.9814272481887435, -0.3533180575214588, -2.3305630391163095e-16, -1.0126540072952663, -0.9792732796223705, -0.9792732796223705]
other derivatives: [-8.33850891 -9.25832637  0.64101187  0.52168616 -2.08460733  0.        ]
Current x array =  [-0.63208296 -0.60484323 -0.73059999  0.48357379 -1.18615658  0.33647224
 -0.09509702 -3.02400334 -2.27489735 -1.74029933 -4.27571357 -1.13108995
 -4.44274997 -4.59295772 -4.35091356 -3.85715473 -4.59295772 -2.30258509
 -4.63886004 -4.31739379 -2.30258509 -4.59295772 -4.64433912 -4.64433912]
log likelihood =  -707.332458664
Edge derivatives =  [0.9997014296359764, -0.940944588760146, -0.4815035234911351, -0.4722534793730111, -0.6622084041163612, 0.6560732050774505, -0.265303992987402, -0.6112070778889332, -0.10591120733170052, 1.0904739862381834, -0.6112070778889332, -3.218131501117741e-16, -0.5892077490657637, 0.09868926261012306, -3.218897585558273e-16, -0.6112070778889342, -0.5875293690284357, -0.5875293690284357]
other derivatives: [ 5.15497049 -5.7093871  -3.28042233 -0.65468839  0.69557018  0.        ]
Current x array =  [-0.67317463 -0.6215227  -0.70306277  0.51865564 -1.29680506  0.33647224
 -0.06948443 -3.26434185 -2.34274449 -1.70164029 -4.72703089 -1.13936475
 -4.88890682 -5.09455169 -4.77597723 -4.10219175 -5.09455169 -2.30258509
 -5.14313683 -4.71779186 -2.30258509 -5.09455169 -5.14943813 -5.14943813]
log likelihood =  -705.661582902
Edge derivatives =  [0.747542962882689, -0.7158842703681922, -0.34116374735426364, -0.6137296606742599, -0.4016076001013742, 0.6112486320055452, -0.006649622898027131, -0.3570301045594084, 0.18817386298555508, 1.493842887811024, -0.3570301045594084, -4.420369772078158e-17, -0.3433741333664124, 0.4084387756433341, -4.430673609776411e-17, -0.3570301045594092, -0.34207164397272677, -0.34207164397272677]
other derivatives: [-1.65036909 -3.96490805  2.63464699 -0.77919822  1.34833726  0.        ]
Current x array =  [-0.64867784 -0.62935059 -0.74639332  0.51888941 -1.32322146  0.33647224
 -0.06345023 -3.52875509 -2.41918806 -1.66868508 -5.21684443 -1.14092457
 -5.36939886 -5.63808094 -5.23225512 -4.35178789 -5.63808094 -2.30258509
 -5.68910447 -5.14500271 -2.30258509 -5.63808094 -5.69625917 -5.69625917]
log likelihood =  -705.192416258
Edge derivatives =  [1.73318154190919, -0.5705605794982122, -0.07108813143201256, -0.2520770954468062, -0.28011397636846097, 0.35350526008710936, 0.11796313040808228, -0.23546280984309187, 0.328396105906913, 1.7090554965241467, -0.23546280984309184, 5.773139480796149e-16, -0.22582161518966815, 0.5664175511606335, 5.773149154532491e-16, -0.2354628098430922, -0.22481376285169852, -0.22481376285169852]
other derivatives: [-0.96573558  0.50933977 -6.05922423 -0.04851017  0.30914862  0.        ]
Current x array =  [-0.64922191 -0.6548722  -0.6841189   0.48912879 -1.27768188  0.33647224
 -0.08676478 -3.74572015 -2.48618649 -1.6649243  -5.59075314 -1.12734738
 -5.72464771 -6.04994963 -5.56463845 -4.49408109 -6.04994963 -2.30258509
 -6.10199445 -5.44927122 -2.30258509 -6.04994963 -6.1097403  -6.1097403 ]
log likelihood =  -704.956839499
Edge derivatives =  [1.0146119016125026, -0.5254537203214253, 0.022072358345344933, -0.21822748206211762, -0.24304133210852322, -0.024842377981261876, 0.1462266223558245, -0.20454721948260318, 0.36451418128205504, 1.753307865237129, -0.20454721948260318, 1.9990614059333281e-16, -0.19613282309141183, 0.605908589259811, 1.9987294643272444e-16, -0.20454721948260354, -0.19522783352803155, -0.19522783352803155]
other derivatives: [ 2.27870487  1.15871899  0.16152626  0.15210162  0.15500063  0.        ]
Current x array =  [-0.66015082 -0.65892686 -0.72810119  0.48447541 -1.27551338  0.33647224
 -0.07348598 -3.82500164 -2.50911624 -1.66520623 -5.71998145 -1.11508412
 -5.84341866 -6.19159236 -5.67333863 -4.52401828 -6.19159236 -2.30258509
 -6.24396224 -5.54605185 -2.30258509 -6.19159236 -6.25190143 -6.25190143]
log likelihood =  -704.872020128
Edge derivatives =  [-0.4154365422562595, -0.5038773811942163, 0.03356100417799812, -0.16079549385269992, -0.22544189936645964, -0.1257752912134138, 0.15609855247678953, -0.18975475679015646, 0.3818035454193238, 1.7590941679817689, -0.18975475679015646, 2.220421899967234e-17, -0.1819400390002289, 0.6228627291494173, 2.22043131417258e-17, -0.18975475679015677, -0.18108209636624298, -0.18108209636624298]
other derivatives: [ 0.28289833  1.04842002  0.82911811  0.12721557  0.27158649  0.        ]
Current x array =  [-0.65405442 -0.65888325 -0.73228713  0.48983253 -1.29065062  0.33647224
 -0.04342024 -3.87249381 -2.52136948 -1.6659312  -5.79014579 -1.11176409
 -5.90431052 -6.26776983 -5.72681311 -4.52357918 -6.26776983 -2.30258509
 -6.32029084 -5.5911969  -2.30258509 -6.26776983 -6.32831993 -6.32831993]
log likelihood =  -704.715081145
Edge derivatives =  [-1.5714235848457356, -0.46757431914558567, 0.1272698499983518, 0.05947747838667744, -0.20080620943759517, 0.020439751099349035, 0.16723054551182784, -0.16911446222157583, 0.4010013412443965, 1.7303052881361045, -0.16911446222157578, 5.2163524797883285e-16, -0.16212067559623128, 0.6421079398913677, 5.217199119970914e-16, -0.16911446222157617, -0.16133513629172994, -0.16133513629172994]
other derivatives: [-0.46827608  0.31516265  1.34845095  0.35776111 -0.25953568  0.        ]
Current x array =  [-0.65176341 -0.65459185 -0.7361247   0.48635772 -1.27674498  0.33647224
 -0.02500667 -3.95620425 -2.54386194 -1.67733372 -5.89927175 -1.11815029
 -5.99037667 -6.38414209 -5.79765133 -4.48494359 -6.38414209 -2.30258509
 -6.43633856 -5.64426263 -2.30258509 -6.38414209 -6.44446552 -6.44446552]
log likelihood =  -704.217152037
Edge derivatives =  [-3.210125707453529, -0.3725871369840706, 0.392904566658397, 0.7335948718236065, -0.15202442310852105, 0.2968564309679822, 0.17146853545743018, -0.1291579438365965, 0.4345522834094667, 1.471018866665854, -0.1291579438365965, 1.5543139336663632e-16, -0.12384316452451496, 0.6639130236819494, 1.5543125285354691e-16, -0.12915794383659673, -0.1232202837268677, -0.1232202837268677]
other derivatives: [-3.23831273  0.4512799   2.2395966   0.37222208 -0.90997219  0.        ]
Current x array =  [ -6.43020599e-01  -6.55487158e-01  -7.42905651e-01   4.93604372e-01
  -1.25940155e+00   3.36472237e-01   2.43562428e-03  -4.19169574e+00
  -2.59778101e+00  -1.71550820e+00  -6.16087434e+00  -1.12958913e+00
  -6.16619639e+00  -6.65669577e+00  -5.92138639e+00  -4.25270056e+00
  -6.65669577e+00  -2.30258509e+00  -6.70699330e+00  -5.70829289e+00
  -2.30258509e+00  -6.65669577e+00  -6.71522700e+00  -6.71522700e+00]
log likelihood =  -703.549582805
Edge derivatives =  [-3.5603671046679946, -0.24792757879049535, 0.7719999904780934, 1.6053389187244524, -0.09922251629107712, 0.35690639565313376, 0.16465965833739707, -0.08508659668419127, 0.4781394595135843, 0.5649172924382709, -0.08508659668419126, -2.109136523710399e-16, -0.08176814119540866, 0.6735370725250024, -2.1092784639687602e-16, -0.08508659668419141, -0.08135533114899124, -0.08135533114899124]
other derivatives: [-2.33135324 -4.76676405  1.85083309  0.11806378 -1.06841753  0.        ]
Current x array =  [ -6.45406727e-01  -6.24586200e-01  -7.40556066e-01   5.06807537e-01
  -1.25092568e+00   3.36472237e-01   7.04488949e-03  -4.59885514e+00
  -2.67457103e+00  -1.76641889e+00  -6.57196949e+00  -1.13281670e+00
  -6.40962911e+00  -7.07797248e+00  -6.06462358e+00  -3.74421959e+00
  -7.07797248e+00  -2.30258509e+00  -7.12398810e+00  -5.73905351e+00
  -2.30258509e+00  -7.07797248e+00  -7.13225359e+00  -7.13225359e+00]
log likelihood =  -703.518891728
Edge derivatives =  [-2.0970210213102383, -0.18548049906920452, 0.8524960309891487, 1.808898892651294, -0.08138398664152201, 0.4584286038439327, 0.14142231294348895, -0.0704941417181865, 0.48162364413700004, -1.0755175485812696, -0.07049414171818652, -4.773982339348398e-16, -0.0678951450594019, 0.6281571978310927, -4.773970305709358e-16, -0.07049414171818666, -0.06756903226238681, -0.06756903226238681]
other derivatives: [-6.8099439   6.41584847  2.9071316  -0.17193997 -1.24817916  0.        ]
Current x array =  [-0.63171485 -0.69343877 -0.74807892  0.512332   -1.23161521  0.33647224
 -0.01807872 -4.86716298 -2.68936395 -1.77489335 -6.76819584 -1.13541882
 -6.45747784 -7.26563329 -6.02470685 -3.21091985 -7.26563329 -2.30258509
 -7.30722455 -5.60610019 -2.30258509 -7.26563329 -7.3152328  -7.3152328 ]
log likelihood =  -703.309908648
Edge derivatives =  [-2.797395652625045, -0.21420249398795269, 0.8144991721785977, 1.7143210128536546, -0.08976106871388158, 0.41805042269202186, 0.15218593674872397, -0.07737531083515256, 0.47968290390904555, -0.15064234764240111, -0.07737531083515255, -1.8871557251572394e-16, -0.07443333306071491, 0.651540589392101, -1.88726709815616e-16, -0.07737531083515273, -0.07406644357593428, -0.07406644357593428]
other derivatives: [-4.53545681  1.18515118  2.37434961 -0.02851266 -1.15487637  0.        ]
Current x array =  [ -6.38510648e-01  -6.59264629e-01  -7.44345044e-01   5.09590002e-01
  -1.24119973e+00   3.36472237e-01  -5.60891976e-03  -4.73399162e+00
  -2.68202166e+00  -1.77068715e+00  -6.67080126e+00  -1.13412729e+00
  -6.43372870e+00  -7.17249012e+00  -6.04451903e+00  -3.47561673e+00
  -7.17249012e+00  -2.30258509e+00  -7.21627735e+00  -5.67208996e+00
  -2.30258509e+00  -7.17249012e+00  -7.22441328e+00  -7.22441328e+00]
log likelihood =  -703.094063076
Edge derivatives =  [-0.9628580482818097, -0.21183734173532615, 0.7129607664457681, 1.3614925083959315, -0.0952662307131197, 0.08957639091275826, 0.14119133104721146, -0.08128357035254309, 0.4647851186742534, -0.3748095546492691, -0.0812835703525431, -3.4421437941850743e-16, -0.07821900363075399, 0.6257855757667512, -3.441916874091329e-16, -0.0812835703525432, -0.0778491353937874, -0.0778491353937874]
other derivatives: [-0.95609494  0.72469675  0.69674115 -0.18065975 -0.56278395  0.        ]
Current x array =  [-0.64937419 -0.65605588 -0.7316834   0.50757959 -1.2531004   0.33647224
 -0.03583073 -4.72540968 -2.65938123 -1.74637472 -6.62744965 -1.12016911
 -6.37617375 -7.1217587  -5.97787631 -3.4038108  -7.1217587  -2.30258509
 -7.16487052 -5.59896    -2.30258509 -7.1217587  -7.17287778 -7.17287778]
log likelihood =  -702.987409325
Edge derivatives =  [0.7672044002852847, -0.22833274334559278, 0.4581424294597374, 0.6740186304494069, -0.11266586100012524, -0.2286057941477977, 0.12058336319454607, -0.09552299596153781, 0.42839466424151246, -0.4117464330504682, -0.0955229959615378, -1.1130643753100083e-17, -0.09193642309717273, 0.5781369418890574, -1.111636278812681e-17, -0.09552299596153792, -0.09152543419827569, -0.09152543419827569]
other derivatives: [ 0.44956323  0.47457434 -0.62508434 -0.34256118  0.23344455  0.        ]
Current x array =  [-0.65369008 -0.6543459  -0.72161623  0.50492357 -1.27499319  0.33647224
 -0.06445268 -4.63239968 -2.61082801 -1.7035825  -6.47884047 -1.10723844
 -6.23809373 -6.9595272  -5.84512162 -3.39329932 -6.9595272  -2.30258509
 -7.00245654 -5.47820143 -2.30258509 -6.9595272  -7.01025499 -7.01025499]
log likelihood =  -702.944971059
Edge derivatives =  [0.5638313958343303, -0.22797994681705594, 0.3205363465028548, 0.3162449565477959, -0.1150083333198678, -0.1472852259659967, 0.11375284913971345, -0.0974528514697541, 0.41769774444235036, -0.509425186780538, -0.0974528514697541, 1.1103900359481702e-16, -0.09382511119266256, 0.5580932014279216, 1.1103066895815217e-16, -0.0974528514697543, -0.09341472046464473, -0.09341472046464473]
other derivatives: [ 0.91536094  0.21894948 -0.55509872 -0.19941808  0.24928113  0.        ]
Current x array =  [-0.65546248 -0.65318364 -0.72173606  0.49959481 -1.27788561  0.33647224
 -0.0606432  -4.63511572 -2.59192244 -1.68068549 -6.46256663 -1.11008039
 -6.2094325  -6.93946367 -5.8052879  -3.36446512 -6.93946367 -2.30258509
 -6.98201126 -5.43166857 -2.30258509 -6.93946367 -6.98974012 -6.98974012]
log likelihood =  -702.927100879
Edge derivatives =  [1.166758726945921, -0.21723719578153375, -0.14099342423938285, -0.9075554551645044, -0.11372162021239438, -0.042071398184501785, 0.10365331900711687, -0.0952548561483906, 0.39858811960398455, -0.6111952037791166, -0.09525485614839059, 9.881033855040802e-16, -0.09187148456598175, 0.5073065824228434, 9.881007963705378e-16, -0.09525485614839076, -0.0914779782483258, -0.0914779782483258]
other derivatives: [-5.08107405 -1.90169658  0.91129095  0.40038231 -0.1444505   0.        ]
Current x array =  [-0.63647213 -0.64043771 -0.73213762  0.47302156 -1.26045075  0.33647224
 -0.08290906 -4.6958594  -2.53780611 -1.60864824 -6.49304055 -1.11830009
 -6.18874728 -6.96530368 -5.73202558 -3.3389241  -6.96530368 -2.30258509
 -7.00665523 -5.32644988 -2.30258509 -6.96530368 -7.01427477 -7.01427477]
log likelihood =  -702.841576114
Edge derivatives =  [-0.24088020453053105, -0.21299161711721287, -0.13587489013282167, -0.9084090561137916, -0.10965173478817072, 0.12295554975387679, 0.10783820554449915, -0.09196771776999213, 0.40767390187135094, -0.5381647018739049, -0.09196771776999213, 2.1096517795156507e-16, -0.08865782373314929, 0.5169698891807539, 2.1095382090675504e-16, -0.09196771776999235, -0.08828071625043452, -0.08828071625043452]
other derivatives: [-0.25546569 -0.4844992   0.68483814  0.46982223 -0.15494379  0.        ]
Current x array =  [-0.6523044  -0.64993113 -0.72976057  0.47566215 -1.27006413  0.33647224
 -0.05079538 -4.71472048 -2.53911767 -1.60522693 -6.5229422  -1.12157914
 -6.21490741 -6.99809683 -5.75275686 -3.35710591 -6.99809683 -2.30258509
 -7.03962911 -5.3436958  -2.30258509 -6.99809683 -7.0472929  -7.0472929 ]
log likelihood =  -702.817234501
Edge derivatives =  [-0.491037365225777, -0.2040618791645184, -0.08822799405867593, -0.7828977414508852, -0.10347151915539161, 0.13022855285943935, 0.11254324464496646, -0.08661405968265759, 0.4198590553310772, -0.5383503895305134, -0.08661405968265759, 1.1141574014042901e-17, -0.0835024045776368, 0.5271111537479163, 1.1121923947234203e-17, -0.08661405968265774, -0.08314409322392761, -0.08314409322392761]
other derivatives: [ 0.03400373 -0.27357601  0.45945399  0.44010449 -0.19595063  0.        ]
Current x array =  [-0.65326246 -0.65126809 -0.72806381  0.47811658 -1.26990332  0.33647224
 -0.0453245  -4.75756282 -2.54714973 -1.61153672 -6.57888106 -1.12147745
 -6.25762782 -7.05780269 -5.78357629 -3.35630831 -7.05780269 -2.30258509
 -7.09921199 -5.36460072 -2.30258509 -7.05780269 -7.10692697 -7.10692697]
log likelihood =  -702.675469517
Edge derivatives =  [-0.4856912372555242, -0.14872254252981937, -0.13007085626595677, -0.9716499112334562, -0.07212101708635031, 0.2908181768874405, 0.12449187722608364, -0.059237610761997975, 0.47278455653536977, -0.38286156412524697, -0.059237610761997975, 5.549374058005832e-17, -0.057196282178382844, 0.5322937885251211, 5.550245482420534e-17, -0.05923761076199809, -0.056947843642834936, -0.056947843642834936]
other derivatives: [ 3.36676749  0.81889766  1.26611894  0.55939609 -0.65437007  0.        ]
Current x array =  [-0.66417286 -0.65776463 -0.73439344  0.4759259  -1.25045246  0.33647224
 -0.04715013 -5.06542544 -2.53960954 -1.6001212  -6.93886199 -1.12675897
 -6.48882253 -7.43630137 -5.8826243  -3.39905134 -7.43630137 -2.30258509
 -7.47600966 -5.3742159  -2.30258509 -7.43630137 -7.48393657 -7.48393657]
log likelihood =  -702.538467543
Edge derivatives =  [-0.10832672541134258, -0.11111745774134087, -0.13884626806176303, -0.8924114423551026, -0.0524875429664774, 0.2376071686566883, 0.12457337819997534, -0.04220035720713561, 0.5149988539265404, -0.25919093024341733, -0.0422003572071356, 2.664879144784075e-16, -0.04081568777344548, 0.524226250565464, 2.664707274545972e-16, -0.042200357207135684, -0.04063919815851806, -0.04063919815851806]
other derivatives: [ 2.24777068  1.10695737 -1.44980277  0.32979415 -0.63399739  0.        ]
Current x array =  [-0.66012827 -0.65929196 -0.71450128  0.48459799 -1.24831763  0.33647224
 -0.05279612 -5.34954557 -2.53081632 -1.60557996 -7.26179376 -1.12362387
 -6.68627511 -7.77436199 -5.94934776 -3.43482615 -7.77436199 -2.30258509
 -7.8123198  -5.35606802 -2.30258509 -7.77436199 -7.82040854 -7.82040854]
log likelihood =  -702.384353103
Edge derivatives =  [0.9394433180846452, -0.0739658292108327, -0.2024644724262896, -0.9175915699628718, -0.03457592235531998, 0.004331292768473993, 0.11323378350849808, -0.027295197895491993, 0.5566704634318892, -0.21468827821040182, -0.027295197895491997, -1.1102229799211433e-16, -0.02647950336652623, 0.47964297103772147, -1.1102229795279012e-16, -0.02729519789549204, -0.026369779641604665, -0.026369779641604665]
other derivatives: [ 1.19244987  0.65667791 -1.11958798 -0.06157279 -0.30942147  0.        ]
Current x array =  [-0.65633766 -0.65573943 -0.71724567  0.49656069 -1.25265608  0.33647224
 -0.07170883 -5.74159384 -2.50370844 -1.6118437  -7.68236219 -1.11547623
 -6.91815504 -8.21060754 -5.98403241 -3.44823985 -8.21060754 -2.30258509
 -8.24561233 -5.26729604 -2.30258509 -8.21060754 -8.25383133 -8.25383133]
log likelihood =  -702.180387385
Edge derivatives =  [1.2356897636001487, -0.042359533399419606, -0.5118125449007153, -1.2405943568768854, -0.02034726488948172, -0.26471487700167406, 0.08588216966650261, -0.015780093023917027, 0.5771595833063758, -0.27208904110042975, -0.015780093023917027, 2.775432006782891e-16, -0.015382614122830129, 0.31698119876119724, 2.7754947572785444e-16, -0.015780093023917054, -0.01532987686206014, -0.01532987686206014]
other derivatives: [-0.17569164 -0.43365844 -1.78697519 -0.11179964  0.29120883  0.        ]
Current x array =  [-0.65225724 -0.64925582 -0.71209154  0.49648048 -1.27559589  0.33647224
 -0.07508226 -6.28983956 -2.42541588 -1.60861604 -8.21922127 -1.10557792
 -7.15567367 -8.75897216 -5.89564355 -3.42975619 -8.75897216 -2.30258509
 -8.78892455 -4.99582868 -2.30258509 -8.75897216 -8.79713902 -8.79713902]
log likelihood =  -701.998616415
Edge derivatives =  [1.5878263336861607, -0.022907984678125628, -0.5472921727849291, -0.7455186440992589, -0.011251047767983496, -0.6306929140063722, 0.058206854573955344, -0.008708308787871755, 0.5797702443486339, -0.33797311387003137, -0.008708308787871754, 3.219646837640485e-16, -0.008529823996936746, 0.06439681712964807, 3.2196467922468813e-16, -0.008708308787871771, -0.008508327065688073, -0.008508327065688073]
other derivatives: [-0.56235194 -0.54837983  0.29165221 -0.35419134  1.19065362  0.        ]
Current x array =  [-0.6514067  -0.64819199 -0.72757918  0.50368797 -1.30818936  0.33647224
 -0.07698549 -6.88911974 -2.36666429 -1.663461   -8.80305997 -1.09258485
 -7.4073911  -9.35486217 -5.76663338 -3.40985584 -9.35486217 -2.30258509
 -9.37929969 -4.68226191 -2.30258509 -9.35486217 -9.38750233 -9.38750233]
log likelihood =  -701.870426609
Edge derivatives =  [0.47621342085877383, -0.016110264622330565, -0.5884224588913618, -0.4025276330008904, -0.007952073380881575, -0.409712488181341, 0.041645168215734246, -0.006173322695046059, 0.5485712738748313, -0.24925462163533366, -0.006173322695046059, 4.440892046439375e-17, -0.006063692662264356, -0.20515190293626123, 4.4408920682090234e-17, -0.006173322695046073, -0.0060524757148044655, -0.0060524757148044655]
other derivatives: [-0.77332061 -1.61065827 -0.30645424 -0.0223622   0.71740942  0.        ]
Current x array =  [-0.65142905 -0.64237408 -0.72328356  0.49739828 -1.29681288  0.33647224
 -0.05896387 -7.25552286 -2.32583987 -1.70394984 -9.14324276 -1.10091363
 -7.52754814 -9.69910073 -5.60974436 -3.43681307 -9.69910073 -2.30258509
 -9.71994095 -4.42860595 -2.30258509 -9.69910073 -9.72807785 -9.72807785]
log likelihood =  -701.950145493
Edge derivatives =  [-0.8436044065918763, -0.014241111789706737, -0.4937847237877445, 0.030394755102039095, -0.007104488295389349, 0.17539968991347976, 0.030525234959728056, -0.0056110606605003985, 0.4905570313944205, -0.1147946070786069, -0.005611060660500397, 2.2204461172892013e-16, -0.005517000179292136, -0.4202831635418873, 2.2204460813292387e-16, -0.0056110606605004115, -0.005506579493056037, -0.005506579493056037]
other derivatives: [-5.35834488  5.71134251  0.67285555  0.1358103  -0.03595915  0.        ]
Current x array =  [-0.63764914 -0.68908979 -0.73011833  0.49762933 -1.2753179   0.33647224
 -0.03570402 -7.3885552  -2.32188043 -1.73956933 -9.24178327 -1.12220759
 -7.52239747 -9.79415988 -5.43548713 -3.47893341 -9.79415988 -2.30258509
 -9.81337675 -4.26282836 -2.30258509 -9.79415988 -9.82140353 -9.82140353]
log likelihood =  -701.836899475
Edge derivatives =  [0.027120894162655507, -0.015425792580674802, -0.5545827166616496, -0.24619447582435444, -0.007644879187477635, -0.2000556288024904, 0.03756395963332666, -0.005969948685035696, 0.5298863083412322, -0.20112684333805048, -0.005969948685035696, 7.105407471034083e-16, -0.005865723666954298, -0.27626546098225463, 7.105417413190688e-16, -0.0059699486850357105, -0.00585479921327156, -0.00585479921327156]
other derivatives: [-2.34892923  1.07196456  0.03554987  0.03301466  0.45555453  0.        ]
Current x array =  [-0.64660818 -0.65871747 -0.72567469  0.49747911 -1.28929291  0.33647224
 -0.05082646 -7.30206392 -2.32445467 -1.71641124 -9.17771694 -1.10836328
 -7.52574619 -9.73235696 -5.54878086 -3.45154878 -9.73235696 -2.30258509
 -9.75262925 -4.37060903 -2.30258509 -9.73235696 -9.76072763 -9.76072763]
log likelihood =  -701.782028284
Edge derivatives =  [-0.536913911558403, -0.016927694176135454, -0.3787311759217119, 0.10516216926584937, -0.00840767013258569, 0.09439927564992212, 0.03485452658680502, -0.0066601546311637495, 0.4982751287517683, -0.11700205770026482, -0.0066601546311637495, -4.440839716910293e-17, -0.006540444937931487, -0.31168304583297346, -4.4408658959948654e-17, -0.006660154631163761, -0.006527085855262671, -0.006527085855262671]
other derivatives: [-0.73946467  0.32702019  0.12290684  0.20661446 -0.09270025  0.        ]
Current x array =  [-0.65178957 -0.6540975  -0.72683928  0.49502216 -1.26992577  0.33647224
 -0.04360079 -7.21799919 -2.34013801 -1.74217368 -9.07420285 -1.11929863
 -7.44847688 -9.6228278  -5.47093292 -3.47860998 -9.6228278  -2.30258509
 -9.64355269 -4.34278121 -2.30258509 -9.6228278  -9.6515774  -9.6515774 ]
log likelihood =  -701.745180556
Edge derivatives =  [-0.234611173252407, -0.02136751525737382, -0.20211258895764636, 0.3879170400829409, -0.010997468948392715, 0.30059270728513754, 0.031574595701918326, -0.008865275585732212, 0.4445262657519516, -0.07478393030613449, -0.008865275585732212, -5.652590872350304e-27, -0.00869467869865238, -0.3211980154269677, -5.645603949058046e-27, -0.008865275585732225, -0.00867418424703089, -0.00867418424703089]
other derivatives: [ 0.81582812  0.31305945 -0.16010517  0.22432687 -0.35713583  0.        ]
Current x array =  [-0.65651406 -0.65360976 -0.72535584  0.49439783 -1.25606138  0.33647224
 -0.05101385 -6.98344108 -2.36235916 -1.75919376 -8.8015078  -1.12659437
 -7.26974641 -9.33642646 -5.36094961 -3.49282171 -9.33642646 -2.30258509
 -9.35853796 -4.33479581 -2.30258509 -9.33642646 -9.36640929 -9.36640929]
log likelihood =  -701.724681889
Edge derivatives =  [-0.22733075797129076, -0.029402809079764593, -0.06114114902087517, 0.5546064398585862, -0.015581459255520949, 0.37625492191538656, 0.028048580543152523, -0.012799733822541232, 0.3870309583843057, -0.06469662287517294, -0.012799733822541232, 6.550291760154383e-16, -0.012533524452741113, -0.27627661635021794, 6.5503037963376e-16, -0.01279973382254125, -0.012498728582403912, -0.012498728582403912]
other derivatives: [-0.04758931 -0.22791937  0.12815917  0.22677114 -0.56804765  0.        ]
Current x array =  [-0.65343394 -0.6500683  -0.7277276   0.49466243 -1.24672342  0.33647224
 -0.05352677 -6.67045655 -2.39368496 -1.76403527 -8.45060024 -1.13024499
 -7.05579091 -8.96985274 -5.26339857 -3.49833619 -8.96985274 -2.30258509
 -8.99403562 -4.37011621 -2.30258509 -8.96985274 -9.00174848 -9.00174848]
log likelihood =  -701.708429491
Edge derivatives =  [0.38065062056798005, -0.034828596203558305, 0.007885516208371496, 0.5835196318229998, -0.019683404550069245, 0.1554431369065008, 0.016994990963770638, -0.01634201032391457, 0.3051071305930564, -0.08576210611645199, -0.016342010323914566, 3.330669822412167e-16, -0.015993076049989667, -0.31915572213666465, 3.330669437001022e-16, -0.01634201032391459, -0.01594701116121744, -0.01594701116121744]
other derivatives: [ 1.62083325  0.71141812 -0.72726607 -0.13308181 -0.05570655  0.        ]
Current x array =  [-0.65873315 -0.65580866 -0.72121975  0.50552039 -1.26299663  0.33647224
 -0.05918001 -6.4868266  -2.40998043 -1.75907712 -8.21956957 -1.12034603
 -6.88633873 -8.72443931 -5.11745358 -3.4916485  -8.72443931 -2.30258509
 -8.74938017 -4.33571983 -2.30258509 -8.72443931 -8.75690923 -8.75690923]
log likelihood =  -701.688688246
Edge derivatives =  [0.12006074446001913, -0.03271759259564778, -0.0668923152496847, 0.43199569069225396, -0.01833040339017029, 0.02359500400745773, 0.017368429137566897, -0.015149695587992135, 0.3127622272534757, -0.09084446769387856, -0.015149695587992134, 6.550307219963344e-16, -0.014835077306826384, -0.3245615753001838, 6.550311514046819e-16, -0.015149695587992168, -0.014792328259023855, -0.014792328259023855]
other derivatives: [ 0.09781616  0.27132501 -0.41924295 -0.15104433  0.04052936  0.        ]
Current x array =  [-0.65389326 -0.65331224 -0.72311948  0.50664721 -1.26908388  0.33647224
 -0.05407059 -6.55384626 -2.40582017 -1.74777866 -8.29307076 -1.11612701
 -6.92917845 -8.800945   -5.12655359 -3.49047034 -8.800945   -2.30258509
 -8.82542209 -4.33251027 -2.30258509 -8.800945   -8.8329794  -8.8329794 ]
log likelihood =  -701.672588779
Edge derivatives =  [-0.13231076792374352, -0.03160345781826246, -0.1499769411253252, 0.18736566510489827, -0.017690681864316184, -0.1588792006059685, 0.015954980768892763, -0.01455864847424089, 0.30664039948104843, -0.07939735546311255, -0.014558648474240894, -9.547889922035621e-16, -0.014264062557972574, -0.318260476804444, -9.547903947137319e-16, -0.014558648474240913, -0.014221968864617355, -0.014221968864617355]
other derivatives: [-0.93907602  0.01833769 -0.02264642 -0.23422899  0.15769501  0.        ]
Current x array =  [-0.65069315 -0.65208052 -0.72552134  0.5103898  -1.27591977  0.33647224
 -0.04833451 -6.59155253 -2.40836777 -1.7264693  -8.33216899 -1.1098496
 -6.94876873 -8.84123893 -5.1121692  -3.49479907 -8.84123893 -2.30258509
 -8.86542622 -4.33796136 -2.30258509 -8.84123893 -8.87299163 -8.87299163]
log likelihood =  -701.659283537
Edge derivatives =  [-0.3879698794710328, -0.030965350783736086, -0.22295229611894826, -0.0721785113944225, -0.017431359154466114, -0.25304500228491955, 0.013083897516244315, -0.014307316040250026, 0.28463035777797946, -0.04883877153511107, -0.014307316040250023, 9.991824391424778e-17, -0.01402520279048454, -0.32117645003113277, 9.991915670490886e-17, -0.014307316040250049, -0.01398271052773156, -0.01398271052773156]
other derivatives: [-1.09014309 -0.08863026  0.30714773 -0.24491555  0.1760327   0.        ]
Current x array =  [-0.65034216 -0.65176527 -0.72749079  0.51168203 -1.27883713  0.33647224
 -0.04297667 -6.61444827 -2.41335962 -1.70357536 -8.35012006 -1.10656135
 -6.94957974 -8.85871292 -5.07154411 -3.50527265 -8.85871292 -2.30258509
 -8.88263941 -4.33597452 -2.30258509 -8.85871292 -8.89018933 -8.89018933]
log likelihood =  -701.637957005
Edge derivatives =  [-0.3552738592917024, -0.02807724480562725, -0.29528661188767674, -0.38141004555098645, -0.016015692091455105, -0.24141447750706213, 0.007693813500482781, -0.013055638985179118, 0.23315607638680505, 0.021874113943147797, -0.01305563898517912, -4.4407082605857515e-17, -0.012815852527454487, -0.34920705459539175, -4.440800142344307e-17, -0.013055638985179148, -0.012775678411492384, -0.012775678411492384]
other derivatives: [-1.85482349 -0.33389824 -0.17217872 -0.16574404  0.23062512  0.        ]
Current x array =  [-0.64777436 -0.65048126 -0.7235581   0.5080976  -1.28170702  0.33647224
 -0.04355954 -6.71384978 -2.42457638 -1.67476761 -8.44087904 -1.1070348
 -6.97778736 -8.95012506 -4.98150022 -3.52930715 -8.95012506 -2.30258509
 -8.97309997 -4.31507588 -2.30258509 -8.95012506 -8.98062778 -8.98062778]
log likelihood =  -701.612075223
Edge derivatives =  [-0.19711944875748943, -0.02495755894337498, -0.33362260349369777, -0.8222543233696537, -0.014337547612329221, -0.0685099839864689, 0.0034668436182386784, -0.011618403359195225, 0.17036088820626055, 0.12002209081798633, -0.011618403359195225, 2.4424723500639656e-16, -0.011423039657239143, -0.31757499531287725, 2.4424815108241287e-16, -0.011618403359195248, -0.01138493226876106, -0.01138493226876106]
other derivatives: [-0.32031267 -0.06749588  1.17804575  0.16308377  0.15633077  0.        ]
Current x array =  [-0.65244314 -0.65212899 -0.73338112  0.49440491 -1.27861758  0.33647224
 -0.04799383 -6.83031329 -2.45188022 -1.63403073 -8.55481995 -1.11374504
 -7.02376492 -9.06631058 -4.88351987 -3.56326694 -9.06631058 -2.30258509
 -9.08833403 -4.33891895 -2.30258509 -9.06631058 -9.09586378 -9.09586378]
log likelihood =  -701.587258343
Edge derivatives =  [-0.017026928503378613, -0.022969024516691, -0.26376549509999425, -0.7006672768951029, -0.013156149374646162, 0.10425747416377407, 0.0025895088472508328, -0.010625422855542865, 0.14916522173894511, 0.16527648745335352, -0.010625422855542866, -1.665367836968609e-16, -0.010453866510142117, -0.31131051707432905, -1.6653511784351471e-16, -0.010625422855542882, -0.010418395466163032, -0.010418395466163032]
other derivatives: [-0.20561401 -0.09996484  0.28206841  0.31778882  0.04100684  0.        ]
Current x array =  [-0.65251768 -0.65172676 -0.72698839  0.48804591 -1.27301561  0.33647224
 -0.0525361  -6.91332174 -2.46491217 -1.63868918 -8.64096194 -1.11981033
 -7.0659301  -9.15512668 -4.8505372  -3.57865444 -9.15512668 -2.30258509
 -9.17653944 -4.3432134  -2.30258509 -9.15512668 -9.18408799 -9.18408799]
log likelihood =  -701.552524619
Edge derivatives =  [0.3064694879311568, -0.01882169310310617, -0.08043995148272845, -0.3250940110406264, -0.01060105257629095, 0.34157648287980447, 0.0021495647348640737, -0.008514948535985143, 0.12724114004616188, 0.2383478164320807, -0.008514948535985143, -4.662952398813847e-16, -0.00838930335880276, -0.27600786777039155, -4.6629445499830505e-16, -0.008514948535985162, -0.008359631659714642, -0.008359631659714642]
other derivatives: [ 0.30468073  0.26344651 -0.58416845  0.47421054 -0.13280896  0.        ]
Current x array =  [-0.6536607  -0.65344153 -0.72122992  0.48171516 -1.26359107  0.33647224
 -0.05997013 -7.11021405 -2.49304276 -1.65830676 -8.85357382 -1.12817754
 -7.18172179 -9.37578319 -4.81281124 -3.60366635 -9.37578319 -2.30258509
 -9.39587622 -4.36984545 -2.30258509 -9.37578319 -9.40349859 -9.40349859]
log likelihood =  -701.525636356
Edge derivatives =  [0.35355356429017903, -0.014806039439500944, 0.061289669423214704, -0.09024110557276532, -0.008139797190483886, 0.3133227890658792, 0.0016166873966378145, -0.006485368495447931, 0.11301214755794566, 0.28696914833134207, -0.006485368495447931, 3.663778430890388e-16, -0.006400734134448513, -0.21931723165505002, 3.6637572013118735e-16, -0.0064853684954479405, -0.006377000203655308, -0.006377000203655308]
other derivatives: [ 1.36330982 -0.71288468 -0.93699555  0.38367034 -0.12560122  0.        ]
Current x array =  [-0.65683812 -0.64730124 -0.71892577  0.48604524 -1.26282862  0.33647224
 -0.060216   -7.34939883 -2.52265621 -1.66804495 -9.11522973 -1.12692046
 -7.32966869 -9.64788471 -4.78565876 -3.62052261 -9.64788471 -2.30258509
 -9.66641488 -4.41530761 -2.30258509 -9.64788471 -9.6741383  -9.6741383 ]
log likelihood =  -701.49288693
Edge derivatives =  [0.47907097057237, -0.009689329614525368, 0.25166106856572323, 0.20311118629590375, -0.005146198947698108, 0.16515798483148414, -3.211559217900688e-05, -0.004041495757190379, 0.06611105455254047, 0.36481177183106284, -0.004041495757190379, 1.8873712038932225e-16, -0.00400211494648195, -0.12420876734965827, 1.887375172114407e-16, -0.004041495757190385, -0.003986041776301971, -0.003986041776301971]
other derivatives: [ 0.57923444  0.68394002 -0.81113285  0.09063115 -0.02540901  0.        ]
Current x array =  [ -0.65393297  -0.65554624  -0.7198509    0.49771936  -1.26517502
   0.33647224  -0.0597915   -7.76886964  -2.5760281   -1.67478612
  -9.57015545  -1.12114783  -7.58211109 -10.1202831   -4.71753069
  -3.64830371 -10.1202831   -2.30258509 -10.13600472  -4.49652363
  -2.30258509 -10.1202831  -10.14389108 -10.14389108]
log likelihood =  -701.474527798
Edge derivatives =  [-0.04280357960302761, -0.007019880737730608, 0.23472369728372136, 0.1192454890926915, -0.0035540693568132248, -0.03570048806224113, 0.0014219584609227085, -0.002747500501947304, 0.11382967545014248, 0.36367178697634756, -0.002747500501947304, 3.219663330272565e-16, -0.002725979680213264, -0.06623558877495164, 3.219655051617232e-16, -0.00274750050194731, -0.0027145415978717096, -0.0027145415978717096]
other derivatives: [ 0.73432602 -0.02377192 -0.30073579 -0.05712764  0.00756017  0.        ]
Current x array =  [ -0.65467316  -0.65153356  -0.72326536   0.50584858  -1.26980938
   0.33647224  -0.04858623  -8.09545517  -2.58340222  -1.66674639
  -9.93974698  -1.11395261  -7.80886684 -10.50674574  -4.76625826
  -3.64691449 -10.50674574  -2.30258509 -10.52047414  -4.5500328
  -2.30258509 -10.50674574 -10.52854065 -10.52854065]
log likelihood =  -701.466615274
Edge derivatives =  [-0.056486008305810076, -0.005975994493735465, 0.19960428399449368, 0.0016187305149283904, -0.002975587168440857, -0.07699440107525835, 0.0013481607318130897, -0.0022813566796535787, 0.11672204895964394, 0.3523510611671923, -0.002281356679653579, -1.3322676285085307e-16, -0.002266122431054177, -0.045479535497459186, -1.332267628763548e-16, -0.002281356679653583, -0.0022564050234548825, -0.0022564050234548825]
other derivatives: [-0.09753194 -0.14640591  0.11955308 -0.10180656  0.05255743  0.        ]
Current x array =  [ -0.65198437  -0.65080784  -0.72623289   0.50744952  -1.27176088
   0.33647224  -0.04835003  -8.2575929   -2.58470986  -1.65795065
 -10.11872098  -1.11287942  -7.91308239 -10.6931576   -4.76710766
  -3.64258011 -10.6931576   -2.30258509 -10.70582495  -4.57030311
  -2.30258509 -10.6931576  -10.71396487 -10.71396487]
log likelihood =  -701.459859714
Edge derivatives =  [-0.02180828092559528, -0.0049932883078137825, 0.1566228701427063, -0.11841787734403869, -0.002445330202490095, -0.11585138798896999, 0.0012114126953600042, -0.001857276903194965, 0.1214304472158282, 0.32141766024218643, -0.0018572769031949654, 7.660531203381895e-16, -0.0018470799226980817, -0.026673619643052742, 7.660535036597741e-16, -0.001857276903194969, -0.0018389898321586077, -0.0018389898321586077]
other derivatives: [-0.66622761 -0.11560815  0.38018015 -0.16439117  0.12058763  0.        ]
Current x array =  [ -0.65018699  -0.65102513  -0.72803224   0.50953245  -1.27428788
   0.33647224  -0.04865877  -8.43688339  -2.58107887  -1.65016934
 -10.3165108   -1.1116539   -8.02832066 -10.89915528  -4.76989688
  -3.63059451 -10.89915528  -2.30258509 -10.91064262  -4.58882563
  -2.30258509 -10.89915528 -10.91886316 -10.91886316]
log likelihood =  -701.449144418
Edge derivatives =  [0.04115983254301914, -0.00376890993291914, 0.10024176996854026, -0.25467095446990773, -0.0018033307729991292, -0.15162168246418917, 0.0008371916860280391, -0.0013504457068181323, 0.12296110679077366, 0.25574216930343824, -0.001350445706818132, 2.331468331855417e-16, -0.001345420255012096, -0.0035889367147484315, 2.331468341691971e-16, -0.0013504457068181349, -0.0013393582875489748, -0.0013393582875489748]
other derivatives: [-0.79571691  0.06657501  0.45981778 -0.24879228  0.20838797  0.        ]
Current x array =  [ -0.64985417  -0.65220541  -0.72846257   0.51239942  -1.27738689
   0.33647224  -0.04901096  -8.71613042  -2.57161262  -1.64251215
 -10.62287126  -1.11021417  -8.20478916 -11.21795531  -4.76749436
  -3.60538752 -11.21795531  -2.30258509 -11.22757522  -4.61162505
  -2.30258509 -11.21795531 -11.23591526 -11.23591526]
log likelihood =  -701.450862585
Edge derivatives =  [-0.293322164391719, -0.0028805619002365145, 0.031155139106199187, -0.24490278009137317, -0.0007759862705843594, 0.13241202556594533, -0.000493826639552543, -0.0005640945976121699, 0.056102097628302136, 0.03565718051274981, -0.0005640945976121698, 1.632027846778542e-15, -0.0005649663559785291, 0.04105154697240737, 1.6320278464846254e-15, -0.0005640945976121707, -0.0005622343163847296, -0.0005622343163847296]
other derivatives: [-4.13722319 -0.85502734  0.98324335  0.23701432 -0.20550033  0.        ]
Current x array =  [ -0.63946228  -0.64663957  -0.73252637   0.4950471   -1.26344622
   0.33647224  -0.04976165  -9.          -2.54627412  -1.65201516
 -11.46543295  -1.12282212  -8.67360934 -12.09272741  -4.68584404
  -3.52780641 -12.09272741  -2.30258509 -12.09697981  -4.65894742
  -2.30258509 -12.09272741 -12.10561163 -12.10561163]
log likelihood =  -701.438672464
Edge derivatives =  [-0.11988939155488576, -0.0033120258504713805, 0.06760533169596183, -0.24975683822644346, -0.0012021037042791313, -0.014739675678582476, 5.2180065111310635e-05, -0.0008874131652568548, 0.09206226000491677, 0.1523571608695342, -0.0008874131652568547, -4.773955516213621e-16, -0.0008863615467179742, 0.01813910387066246, -4.773957260903536e-16, -0.000887413165256856, -0.0008822212156578822, -0.0008822212156578822]
other derivatives: [-2.38742359 -0.37393875  0.71187287 -0.01460876  0.00906084  0.        ]
Current x array =  [ -0.64485595  -0.64952839  -0.73041716   0.50405341  -1.27068179
   0.33647224  -0.04937202  -8.85266426  -2.55942546  -1.64708285
 -11.02812139  -1.11627827  -8.43027941 -11.6386978   -4.72822269
  -3.56807304 -11.6386978   -2.30258509 -11.64573608  -4.63438587
  -2.30258509 -11.6386978  -11.65421646 -11.65421646]
log likelihood =  -701.42128028
Edge derivatives =  [-0.07408875675375104, -0.002846646687001976, 0.038420222087912986, -0.25417313000369324, -0.0007650169098709128, -0.01690879778249288, -0.0003825628191279372, -0.0005547997564502151, 0.07774078242231078, 0.017112439457721132, -0.0005547997564502151, -7.771560753249805e-16, -0.0005555256375156573, 0.047151000868033005, -7.771560962781353e-16, -0.0005547997564502162, -0.0005528459839294237, -0.0005528459839294237]
other derivatives: [-1.22861366  0.07030394  0.61119181 -0.07112249  0.04284857  0.        ]
Current x array =  [ -0.64870542  -0.65231072  -0.72964097   0.50627196  -1.2714573
   0.33647224  -0.04923885  -9.          -2.54271188  -1.65086205
 -11.47959712  -1.1155372   -8.68669692 -12.10802969  -4.70777395
  -3.51997505 -12.10802969  -2.30258509 -12.11225883  -4.66375547
  -2.30258509 -12.10802969 -12.1209065  -12.1209065 ]
log likelihood =  -701.413224509
Edge derivatives =  [0.03863850540809455, -0.0028392056226937824, 0.06161797708180827, -0.12633584668327175, -0.0005773701486833724, 0.026160325068906864, -0.0007745592447879826, -0.0004146820494794855, 0.045286247586928875, -0.07528989392011802, -0.0004146820494794855, -4.4408920932221085e-17, -0.0004158935004307451, 0.06137300773107915, -4.440892095807028e-17, -0.0004146820494794855, -0.00041385709645656626, -0.00041385709645656626]
other derivatives: [-0.32136995  0.1418357   0.10677468 -0.05509264  0.01977014  0.        ]
Current x array =  [ -0.65164248  -0.6526987   -0.72606368   0.50555027  -1.26952251
   0.33647224  -0.05129748  -9.          -2.53381714  -1.66251698
 -11.7598691   -1.11659641  -8.84036829 -12.39869827  -4.67009292
  -3.48831877 -12.39869827  -2.30258509 -12.40110349  -4.67819539
  -2.30258509 -12.39869827 -12.40984236 -12.40984236]
log likelihood =  -701.412093095
Edge derivatives =  [0.0706559066464938, -0.0028386681482930696, 0.08247549052291736, -0.060904978432765156, -0.0005441376233974487, 0.04797263421343834, -0.0008929620214495302, -0.0003903314580735044, 0.029794770483774557, -0.08457339662127507, -0.0003903314580735043, -1.4432911576484096e-16, -0.0003916255561505213, 0.06360530385403693, -1.4432905448170987e-16, -0.0003903314580735045, -0.0003897055688298927, -0.0003897055688298927]
other derivatives: [-0.05422862  0.06605205  0.03511786 -0.01598437 -0.00856062  0.        ]
Current x array =  [ -0.65248139  -0.6521871   -0.72563758   0.50405378  -1.26810604
   0.33647224  -0.05224953  -9.          -2.53377333  -1.66754347
 -11.81833212  -1.11736955  -8.87056768 -12.45911006  -4.65329124
  -3.48512657 -12.45911006  -2.30258509 -12.46111171  -4.68048025
  -2.30258509 -12.45911006 -12.46986566 -12.46986566]
log likelihood =  -701.411199014
Edge derivatives =  [0.07988348875194995, -0.002838874964026862, 0.09182593815749093, -0.020184122062022247, -0.0005461964762179013, 0.04463961102071856, -0.0009849097186881252, -0.0003921093842473454, 0.01845235691670129, -0.07998972703313491, -0.0003921093842473454, 2.553511298292649e-16, -0.00039342427228785304, 0.059645762726773965, 2.553512127448409e-16, -0.00039210938424734544, -0.000391500465054907, -0.000391500465054907]
other derivatives: [ 0.04401954 -0.01837179 -0.06325536  0.01233502 -0.01870148  0.        ]
Current x array =  [ -0.6527962   -0.65165582  -0.72496104   0.50297561  -1.2676611
   0.33647224  -0.05262236  -9.          -2.53236881  -1.67104119
 -11.81421718  -1.11724057  -8.86552352 -12.45448916  -4.64144472
  -3.48658309 -12.45448916  -2.30258509 -12.45647516  -4.67620523
  -2.30258509 -12.45448916 -12.46522121 -12.46522121]
log likelihood =  -701.409477479
Edge derivatives =  [0.0596026266266938, -0.002839302687773512, 0.08998053062902131, 0.029818752656751657, -0.0005788702356178897, 0.023549292288806534, -0.001188665069175139, -0.00041712706753767266, -0.0034942777505837276, -0.06700657813534322, -0.00041712706753767266, -8.88178416010717e-17, -0.00041844666277057816, 0.042701235255341946, -8.881784178448421e-17, -0.0004171270675376727, -0.0004164192535435943, -0.0004164192535435943]
other derivatives: [ 0.21387905 -0.06555183 -0.04235972  0.07415792 -0.03129799  0.        ]
Current x array =  [ -0.65340989  -0.65137531  -0.72517513   0.50066865  -1.26738362
   0.33647224  -0.05262621  -9.          -2.52421773  -1.6773088
 -11.75535585  -1.11651807  -8.82613444 -12.39251532  -4.61922675
  -3.49085774 -12.39251532  -2.30258509 -12.39476609  -4.65828072
  -2.30258509 -12.39251532 -12.40347547 -12.40347547]
log likelihood =  -701.408754871
Edge derivatives =  [0.005296522517195368, -0.002839302116126256, 0.06053257610791879, 0.06009648177824406, -0.0006600195763317399, -0.03940112134560536, -0.001416765712644783, -0.00047814578593480386, -0.0178686615055831, -0.04553799535313094, -0.00047814578593480375, 8.881757263920529e-17, -0.0004793555825017229, 0.014873508956549947, 8.881770730420672e-17, -0.0004781457859348037, -0.00047705878983507423, -0.00047705878983507423]
other derivatives: [-0.1106514  -0.0819341  -0.48946731  0.02332854  0.01347189  0.        ]
Current x array =  [ -0.65249122  -0.6513529   -0.72183776   0.50276384  -1.26957624
   0.33647224  -0.05113249  -9.          -2.5086843   -1.6838135
 -11.62458726  -1.11402589  -8.74667601 -12.25583718  -4.60533839
  -3.4979987  -12.25583718  -2.30258509 -12.2587985   -4.62947053
  -2.30258509 -12.25583718 -12.26744512 -12.26744512]
log likelihood =  -701.40768006
Edge derivatives =  [-0.03934130602829289, -0.0028401132771949432, 0.04636258112941774, 0.028260957852172253, -0.0006929719199004225, -0.0387250519833775, -0.0014236244090774384, -0.0005033892648761481, -0.016823719865587117, -0.03167455948838345, -0.0005033892648761482, -8.88178010236908e-17, -0.0005045428749457381, 0.007752054274782285, -8.881782149559484e-17, -0.0005033892648761482, -0.0005021363926003009, -0.0005021363926003009]
other derivatives: [ 0.11004886 -0.17209913 -0.04333742  0.03642526  0.00793534  0.        ]
Current x array =  [ -0.6532584   -0.65082039  -0.72512495   0.5024104   -1.2695745
   0.33647224  -0.05050946  -9.          -2.50560405  -1.68268997
 -11.57525361  -1.11422503  -8.71833088 -12.20449236  -4.60681679
  -3.50280566 -12.20449236  -2.30258509 -12.20775027  -4.62242935
  -2.30258509 -12.20449236 -12.21637735 -12.21637735]
log likelihood =  -701.407427851
Edge derivatives =  [-0.037142091683812106, -0.0028393702019207405, 0.03864591668005596, 0.012391944625764761, -0.0006898339778670968, -0.027875512343868092, -0.0013927053974605924, -0.0005009678020548982, -0.013151483831433684, -0.03422866406318606, -0.0005009678020548982, 1.004968334328387e-22, -0.0005021211199558596, 0.008349803143127405, 5.0248927523683005e-23, -0.0005009678020548981, -0.0004997229756734529, -0.0004997229756734529]
other derivatives: [ 0.01924718 -0.01014087  0.03116156  0.02056595  0.00865157  0.        ]
Current x array =  [ -0.6529764   -0.65180472  -0.72565901   0.50298611  -1.26954666
   0.33647224  -0.05047546  -9.          -2.50442086  -1.68179002
 -11.57980618  -1.11461249  -8.7217417  -12.20932216  -4.61046973
  -3.50195267 -12.20932216  -2.30258509 -12.212563    -4.62303183
  -2.30258509 -12.20932216 -12.22119355 -12.22119355]
log likelihood =  -701.407331382
Edge derivatives =  [-0.03285441313482895, -0.002838906347802925, 0.028745246167991234, -0.0030960278066076707, -0.000696713282908092, -0.02034290215454293, -0.0013787344162241471, -0.0005060698942652689, -0.010421654077885218, -0.03307475422646147, -0.0005060698942652689, 5.218048154426298e-16, -0.0005072031099776189, 0.0065617084807336815, 5.218048185072495e-16, -0.000506069894265269, -0.0005047806552468113, -0.0005047806552468113]
other derivatives: [-0.04760068  0.03157083  0.04260983  0.00093223  0.01357421  0.        ]
Current x array =  [ -0.65277361  -0.65206029  -0.72573455   0.50370759  -1.26966578
   0.33647224  -0.05048843  -9.          -2.5022479   -1.68122223
 -11.57003257  -1.11487262  -8.7166201  -12.19920247  -4.6132792
  -3.50236003 -12.19920247  -2.30258509 -12.20250771  -4.62123718
  -2.30258509 -12.19920247 -12.21113533 -12.21113533]
log likelihood =  -701.407246394
Edge derivatives =  [-0.011828389008588958, -0.002838063003066847, 0.019897429641561354, -0.015135949284436956, -0.0006997742839735316, -0.006239279784006069, -0.0013709029696335005, -0.0005082967901730647, -0.008971820817029758, -0.03171387515152174, -0.0005082967901730647, 3.108625014849612e-16, -0.0005094217357104757, 0.005061501732034936, 3.1086247419460446e-16, -0.0005082967901730647, -0.0005069883899706327, -0.0005069883899706327]
other derivatives: [-0.06125447  0.04273488  0.03276455 -0.01584795  0.01547278  0.        ]
Current x array =  [ -0.65273374  -0.6521168   -0.72567176   0.50427382  -1.26953071
   0.33647224  -0.0508727   -9.          -2.49987806  -1.68098928
 -11.56579834  -1.11536369  -8.71439711 -12.19480798  -4.61475694
  -3.50281425 -12.19480798  -2.30258509 -12.1981399   -4.61971919
  -2.30258509 -12.19480798 -12.20676606 -12.20676606]
log likelihood =  -701.407110162
Edge derivatives =  [0.005036894831653704, -0.0028376043387971506, 0.008443801326184192, -0.026585953726747436, -0.0006946119879083927, 0.015012024292182069, -0.0013494803889851908, -0.0005043136716222959, -0.007752315520759643, -0.028949084077841636, -0.000504313671622296, -2.1094247821281933e-16, -0.0005054525983053044, 0.004325301415260167, -2.1094242644388122e-16, -0.0005043136716222961, -0.0005030360277813263, -0.0005030360277813263]
other derivatives: [-0.0403702   0.05215952  0.00418368 -0.02195293  0.00025011  0.        ]
Current x array =  [ -0.65281216  -0.6521629   -0.72548353   0.5044898   -1.26873979
   0.33647224  -0.05132846  -9.          -2.49624038  -1.68117645
 -11.57334584  -1.11611885  -8.71884759 -12.20264381  -4.61591383
  -3.50369674 -12.20264381  -2.30258509 -12.20592899  -4.61894449
  -2.30258509 -12.20264381 -12.21455781 -12.21455781]
log likelihood =  -701.406994841
Edge derivatives =  [0.040727399047416624, -0.002838223171080722, -0.009836471867812974, -0.03108723176497813, -0.0006516911372271506, 0.04035718391724741, -0.0013166936967103702, -0.0004719961593843176, -0.008777979116584733, -0.03511663879594648, -0.00047199615938431773, -6.661328814757712e-17, -0.0004732506700126057, 0.007110542541174665, -6.661333481109557e-17, -0.0004719961593843177, -0.00047097599701599304, -0.00047097599701599304]
other derivatives: [-0.19971367 -0.03944933  0.02528395 -0.02231673 -0.02377192  0.        ]
Current x array =  [ -0.65231422  -0.65156287  -0.72570059   0.50442692  -1.26741052
   0.33647224  -0.05248285  -9.          -2.48913684  -1.68310972
 -11.63720062  -1.11716053  -8.75517689 -12.26896845  -4.61462228
  -3.5016772  -12.26896845  -2.30258509 -12.27185538  -4.62184898
  -2.30258509 -12.26896845 -12.28050708 -12.28050708]
log likelihood =  -701.406826074
Edge derivatives =  [0.04515307925052969, -0.002836704812021986, -0.01723477207146354, -0.032273514292120165, -0.0006335117960378332, 0.039785487118906726, -0.0012756429684482565, -0.0004582526711092315, -0.007315547664291669, -0.03354798023796279, -0.0004582526711092316, 6.106226032529602e-16, -0.00045954057010830603, 0.008790771096052512, 6.106226333955203e-16, -0.0004582526711092315, -0.00045732843705632707, -0.00045732843705632707]
other derivatives: [ 0.05733227 -0.01059561 -0.03408331 -0.01724629 -0.03271907  0.        ]
Current x array =  [ -0.65317229  -0.65174971  -0.72527937   0.50428326  -1.26702669
   0.33647224  -0.05253529  -9.          -2.48548046  -1.68401772
 -11.66550687  -1.11703163  -8.77159865 -12.29839327  -4.6158105
  -3.50203174 -12.29839327  -2.30258509 -12.301108    -4.62340441
  -2.30258509 -12.29839327 -12.30977034 -12.30977034]
log likelihood =  -701.406731486
Edge derivatives =  [0.029025325657764056, -0.0028371499448682624, -0.013421119886239202, -0.022288432435447814, -0.0006199265800392704, 0.025549530129054254, -0.001260554697469682, -0.0004480973276795746, -0.007637000645944653, -0.03521518525735906, -0.0004480973276795746, 2.775559327425696e-16, -0.0004494132251775099, 0.011294045225972497, 2.7755584444840107e-16, -0.0004480973276795746, -0.0004472470894854098, -0.0004472470894854098]
other derivatives: [ 0.08552661 -0.0195314  -0.02854676 -0.00474074 -0.03348077  0.        ]
Current x array =  [ -0.65327066  -0.65170499  -0.72531696   0.50387084  -1.2671538
   0.33647224  -0.05224371  -9.          -2.48581781  -1.68469681
 -11.68705584  -1.11652338  -8.78396103 -12.32080222  -4.6153705
  -3.50145093 -12.32080222  -2.30258509 -12.32338639  -4.62593454
  -2.30258509 -12.32080222 -12.33205698 -12.33205698]
log likelihood =  -701.406503906
Edge derivatives =  [-0.00964471653873289, -0.0028378705881567275, -0.012024012449526278, 0.004229354713139288, -0.0005811601159519424, -0.011076714329635529, -0.0012023070242578125, -0.00041916805636206316, -0.00782842080925929, -0.03347553467863405, -0.0004191680563620632, 0.0, -0.0004205659397237695, 0.01636762450671965, 0.0, -0.0004191680563620632, -0.00041853073461029265, -0.00041853073461029265]
other derivatives: [ 0.06768914  0.00147793 -0.01817853  0.0216005  -0.02481784  0.        ]
Current x array =  [ -0.65324909  -0.65185382  -0.7253908    0.50297419  -1.26789231
   0.33647224  -0.05150807  -9.          -2.4832492   -1.68752167
 -11.75127356  -1.11521321  -8.82077003 -12.38753853  -4.61485768
  -3.50197174 -12.38753853  -2.30258509 -12.38972975  -4.63109541
  -2.30258509 -12.38753853 -12.39842414 -12.39842414]
log likelihood =  -701.406296609
Edge derivatives =  [-0.020022333222807775, -0.002837970104665907, -0.007456208072893655, 0.012348864067063758, -0.0005451462358646118, -0.020159849514928663, -0.0010843285648597099, -0.0003921979374126912, -0.0021646486781372147, -0.022289250657170745, -0.00039219793741269125, 5.107025138658416e-16, -0.00039365414492452026, 0.02416642247801033, 5.107025525961765e-16, -0.0003921979374126912, -0.000391739907273528, -0.000391739907273528]
other derivatives: [  5.99811756e-02  -3.58909347e-02  -1.54614099e-02   3.16617843e-02
   5.68434189e-05   0.00000000e+00]
Current x array =  [ -0.65321073  -0.65162412  -0.72541337   0.50253656  -1.26905432
   0.33647224  -0.05116963  -9.          -2.48424842  -1.68784313
 -11.81512661  -1.1148826   -8.85876004 -12.45406677  -4.62030936
  -3.50567027 -12.45406677  -2.30258509 -12.45589158  -4.63910507
  -2.30258509 -12.45406677 -12.46461297 -12.46461297]
log likelihood =  -701.406110956
Edge derivatives =  [-0.000448464097291712, -0.0028368337585324773, -0.012207422263803891, 0.027354946282821813, -0.0004988526267248056, -0.012616936829012992, -0.0009762207212892083, -0.00035770803503210996, 0.0012196735416075168, -0.004101990093539079, -0.0003577080350321099, -1.3792953627076674e-25, -0.00035923783378516655, 0.028854833142937915, -6.916477775129942e-26, -0.0003577080350321099, -0.00035747812468267157, -0.00035747812468267157]
other derivatives: [-0.03358309  0.08481038 -0.01741682  0.01318767 -0.00146656  0.        ]
Current x array =  [ -0.65291462  -0.65232329  -0.72544087   0.50321314  -1.26877402
   0.33647224  -0.05153718  -9.          -2.48046144  -1.69015357
 -11.90361879  -1.11513922  -8.91024636 -12.54607118  -4.6232965
  -3.51167136 -12.54607118  -2.30258509 -12.54736518  -4.64391272
  -2.30258509 -12.54607118 -12.55612037 -12.55612037]
log likelihood =  -701.406044028
Edge derivatives =  [0.007646155563756585, -0.0028366673490812966, -0.014073103827116185, 0.019683174030642958, -0.0004919533707093845, 0.0003226380657372907, -0.0009530348608640228, -0.0003525967362701652, 0.00265991621353941, 0.0011160529878185, -0.0003525967362701652, 1.6986413286055029e-15, -0.0003541377738786259, 0.029165237031606308, 1.6986412781382702e-15, -0.0003525967362701652, -0.0003524006236097216, -0.0003524006236097216]
other derivatives: [-0.0152113   0.03167315  0.04546337 -0.00352429  0.00096634  0.        ]
Current x array =  [ -0.65296706  -0.65198416  -0.72592035   0.50383913  -1.26872197
   0.33647224  -0.05168686  -9.          -2.48049635  -1.68964568
 -11.91747482  -1.11563173  -8.91854833 -12.56049887  -4.62473902
  -3.51346091 -12.56049887  -2.30258509 -12.56171361  -4.64428193
  -2.30258509 -12.56049887 -12.57047455 -12.57047455]
log likelihood =  -701.405984223
Edge derivatives =  [0.01299338753202417, -0.0028368516823419746, -0.01354553965903113, 0.015615091659173574, -0.0004894129384516192, 0.010990298482850935, -0.0009462042166968796, -0.00035066885878601284, 0.002700615350186057, 0.006775017855839477, -0.00035066885878601284, -3.330662122516408e-17, -0.0003522166906450365, 0.028088856525480335, -3.330665598186498e-17, -0.00035066885878601284, -0.00035048761239201234, -0.00035048761239201234]
other derivatives: [-0.03601599 -0.01899707  0.00585487 -0.01938361 -0.00114824  0.        ]
Current x array =  [ -0.65288654  -0.651668    -0.72563144   0.5044613   -1.26853646
   0.33647224  -0.05176864  -9.          -2.48133166  -1.6890799
 -11.92276344  -1.11600809  -8.92163776 -12.56598129  -4.6247597
  -3.51537316 -12.56598129  -2.30258509 -12.56716472  -4.64317965
  -2.30258509 -12.56598129 -12.57592749 -12.57592749]
log likelihood =  -701.405907435
Edge derivatives =  [0.01672083331646368, -0.0028368588644272358, -0.012474062371975098, 0.014958135642176074, -0.0004827838258515501, 0.01694920163487046, -0.0009527249381839197, -0.0003457540461904488, 0.0007662575670279274, 0.010656668255036902, -0.0003457540461904489, -8.881777402621014e-17, -0.00034731597835864063, 0.026140234503541637, -8.881780799783334e-17, -0.00034575404619044886, -0.00034560919425679086, -0.00034560919425679086]
other derivatives: [-0.02811475 -0.04133653  0.00034106 -0.03204832 -0.00644604  0.        ]
Current x array =  [ -0.65290701  -0.65152575  -0.72559589   0.50498321  -1.26823011
   0.33647224  -0.05184093  -9.          -2.48183428  -1.68890301
 -11.9363992   -1.11621994  -8.92911255 -12.58008449  -4.62272231
  -3.51667469 -12.58008449  -2.30258509 -12.58117894  -4.64117398
  -2.30258509 -12.58008449 -12.58994562 -12.58994562]
log likelihood =  -701.405630488
Edge derivatives =  [0.024374953222888185, -0.002836997204826716, -0.008517900063064299, 0.012395010766906134, -0.0004425499781116549, 0.029771714398696858, -0.0009544476394048103, -0.0003159057472482201, -0.00705655054166315, 0.020382605869099915, -0.00031590574724822007, 6.285140228614896e-23, -0.00031752218032038226, 0.02148371157227363, 3.142589362127366e-23, -0.00031590574724822007, -0.0003159528789517574, -0.0003159528789517574]
other derivatives: [-0.00726459 -0.07549943 -0.01617764 -0.04580443 -0.01751914  0.        ]
Current x array =  [ -0.65295754  -0.65130909  -0.72547945   0.50556891  -1.267647
   0.33647224  -0.05201062  -9.          -2.48375862  -1.68814886
 -12.02345849  -1.11667924  -8.977738   -12.67031877  -4.61439404
  -3.51988953 -12.67031877  -2.30258509 -12.67086065  -4.6363892
  -2.30258509 -12.67031877 -12.67965554 -12.67965554]
log likelihood =  -701.405228611
Edge derivatives =  [0.013065489007903608, -0.0028375289549878438, -0.010947729243111881, -0.015565912046917596, -0.00037086735670651175, 0.03668426187975671, -0.0009080409467916896, -0.0002628573328396442, -0.0164596684534042, 0.029988622828224426, -0.0002628573328396442, 6.66133279817742e-17, -0.00026450889327164263, 0.016919623362050967, 6.661335472903939e-17, -0.0002628573328396442, -0.0002631863954523344, -0.0002631863954523344]
other derivatives: [-0.00555929 -0.05794618 -0.02416982 -0.04187086 -0.02239631  0.        ]
Current x array =  [ -0.65295375  -0.65144148  -0.72537748   0.50547558  -1.26758296
   0.33647224  -0.05176099  -9.          -2.48638229  -1.68510979
 -12.20056588  -1.1169175   -9.07790959 -12.8540767   -4.60421565
  -3.52299602 -12.8540767   -2.30258509 -12.85351422  -4.63171084
  -2.30258509 -12.8540767  -12.8623699  -12.8623699 ]
log likelihood =  -701.406880113
Edge derivatives =  [0.20546505422195982, -0.002833108183286531, 0.0005363785552335298, 0.09220504798236168, -0.00017913057675001968, -0.08974327227848544, -0.0007286137359629047, -0.00012350826889380315, -0.0507515556963992, 0.027531149814547545, -0.00012350826889380315, 2.2204460283836765e-16, -0.000124861951648931, 0.014411688806669126, 2.220446038814928e-16, -0.00012350826889380312, -0.0001242091180851711, -0.0001242091180851711]
other derivatives: [ 0.0924274  -0.43889941 -0.28285285  0.00111413  0.01801936  0.        ]
Current x array =  [ -0.65326376  -0.64901391  -0.72363574   0.50322494  -1.26800906
   0.33647224  -0.0558112   -9.          -2.47646446  -1.69669677
 -12.92834379  -1.11242141  -9.48925404 -13.60929939  -4.56845284
  -3.52174118 -13.60929939  -2.30258509 -13.60418591  -4.62918267
  -2.30258509 -13.60929939 -13.61329239 -13.61329239]
log likelihood =  -701.405066513
Edge derivatives =  [0.05695325775019777, -0.0028365292704328627, -0.008280144126916827, 0.009223809074865752, -0.00031416364664498545, 0.007914827107400324, -0.0008655339527106257, -0.00022127238965777776, -0.024066195266241347, 0.029477198269409685, -0.0002212723896577777, 3.885780827871171e-16, -0.00022289824931210231, 0.016348781102410392, 3.8857807070276344e-16, -0.00022127238965777773, -0.00022177214456489618, -0.00022177214456489618]
other derivatives: [ 0.01690523 -0.14454145 -0.08308234 -0.03199148 -0.01307399  0.        ]
Current x array =  [ -0.65302443  -0.65088797  -0.72498035   0.50496241  -1.26768012
   0.33647224  -0.05268448  -9.          -2.48412092  -1.68775173
 -12.36650636  -1.11589235  -9.17170014 -13.02627486  -4.59606138
  -3.5227099  -13.02627486  -2.30258509 -13.02467471  -4.63113439
  -2.30258509 -13.02627486 -13.03358757 -13.03358757]
log likelihood =  -701.404648286
Edge derivatives =  [0.03553660881451304, -0.002836707074953455, -0.009065421356480752, -0.013119205415088875, -0.0002503462586919718, 0.0025599237205433667, -0.0007828690986999789, -0.00017475446339124687, -0.03027098176469701, 0.02969352246885759, -0.0001747544633912469, 5.3497391064377934e-42, -0.00017629023558025605, 0.015789391903073664, 2.7186388571297847e-42, -0.0001747544633912469, -0.00017538650287013464, -0.00017538650287013464]
other derivatives: [ 0.02150955 -0.05700258 -0.02452225 -0.00992486 -0.00062528  0.        ]
Current x array =  [ -0.65303955  -0.65145565  -0.72535831   0.50411156  -1.26848115
   0.33647224  -0.0521536   -9.          -2.48668451  -1.68515567
 -12.59377111  -1.11569307  -9.30127869 -13.26224652  -4.58920639
  -3.52263119 -13.26224652  -2.30258509 -13.25924586  -4.6305596
  -2.30258509 -13.26224652 -13.26823976 -13.26823976]
log likelihood =  -701.40429526
Edge derivatives =  [-0.006274049474749854, -0.0028375901445712574, -0.00802084134995748, -0.020414165655757932, -0.00019085376241485602, -0.011807860102384993, -0.0006732546054655753, -0.00013182804367109128, -0.03208140932640541, 0.023196746229968312, -0.00013182804367109125, 4.4408920983988344e-17, -0.0001332069343465192, 0.019158541599294743, 4.440892098444993e-17, -0.00013182804367109128, -0.00013251185184614143, -0.00013251185184614143]
other derivatives: [-0.01650733  0.0216005   0.01316494  0.02423803  0.01469971  0.        ]
Current x array =  [ -0.65292812  -0.65197687  -0.7255838    0.5028483   -1.26958619
   0.33647224  -0.05125477  -9.          -2.48835091  -1.68399324
 -12.86512533  -1.11517806  -9.45687279 -13.54413146  -4.58668445
  -3.52028092 -13.54413146  -2.30258509 -13.53947204  -4.63400084
  -2.30258509 -13.54413146 -13.54856508 -13.54856508]
log likelihood =  -701.404114063
Edge derivatives =  [-0.009207422329147952, -0.0028357158371753056, -0.0038127734961880266, -0.015212412471252268, -0.00014527205716961336, -0.015033858615533635, -0.0005602259881299406, -9.928918590050437e-05, -0.028553159103923493, 0.017456217754035747, -9.928918590050436e-05, -1.9984014415341822e-16, -0.00010049018590739348, 0.024984881961821633, -1.9984014429302585e-16, -9.928918590050436e-05, -9.995643194251965e-05, -9.995643194251965e-05]
other derivatives: [ 0.21275355  0.1123226   0.01477929  0.03751666  0.03602736  0.        ]
Current x array =  [ -0.6536742   -0.65254448  -0.72558992   0.50230208  -1.2705538
   0.33647224  -0.05091807  -9.          -2.48888043  -1.68411825
 -13.13781817  -1.11494532  -9.61405295 -13.82751189  -4.58938059
  -3.51809934 -13.82751189  -2.30258509 -13.82119778  -4.63985883
  -2.30258509 -13.82751189 -13.83039239 -13.83039239]
log likelihood =  -701.40385093
Edge derivatives =  [-0.02631427471678427, -0.002837079090221136, -0.001336701213549979, -0.011359010525777202, -0.00011389823990826263, -0.024232860181015337, -0.0004828834269379166, -7.712226090933848e-05, -0.0264260157734545, 0.007810169990360286, -7.712226090933848e-05, 1.554311680901552e-16, -7.816970420497454e-05, 0.02837590400549758, 1.5543119576876366e-16, -7.712226090933848e-05, -7.774754443132037e-05, -7.774754443132037e-05]
other derivatives: [ 0.01608669  0.08369625  0.05037464  0.04422418  0.04913545  0.        ]
Current x array =  [ -0.65303368  -0.65237457  -0.72583377   0.50204319  -1.27125163
   0.33647224  -0.05060341  -9.          -2.4900489   -1.68411392
 -13.38108028  -1.11469132  -9.75406892 -14.0802776   -4.59107165
  -3.51485414 -14.0802776   -2.30258509 -14.0724841   -4.6434572
  -2.30258509 -14.0802776  -14.08176875 -14.08176875]
log likelihood =  -701.403610617
Edge derivatives =  [-0.020877359168375964, -0.0028373256328534575, 0.0023894227257337253, -0.005756162181377866, -9.090194792566429e-05, -0.018065327111706164, -0.0004152116183189252, -6.10192151262499e-05, -0.02241454075917504, 0.003225128480590575, -6.10192151262499e-05, -1.5543122419235436e-16, -6.193152303594503e-05, 0.030891840742223214, -1.5543122381991242e-16, -6.101921512624991e-05, -6.159176453337982e-05, -6.159176453337982e-05]
other derivatives: [-0.05566108  0.0295131   0.04840786  0.02490879  0.05402399  0.        ]
Current x array =  [ -0.65278785  -0.65202888  -0.72582927   0.50279285  -1.27132814
   0.33647224  -0.0506677   -9.          -2.49111455  -1.68428942
 -13.60652752  -1.11493257  -9.88412834 -14.31455188  -4.59465555
  -3.51328629 -14.31455188  -2.30258509 -14.30539153  -4.64610531
  -2.30258509 -14.31455188 -14.31476008 -14.31476008]
log likelihood =  -701.403288336
Edge derivatives =  [-0.002769247596536628, -0.002837248812008597, 0.009965764009970818, 0.0034166361788905975, -6.071372230132478e-05, 0.0040276605861579995, -0.0003157499680691979, -4.012063325388217e-05, -0.015245404726942535, 0.0005715598101381919, -4.012063325388217e-05, -1.3322677549661854e-16, -4.0819050350318035e-05, 0.03327469619944847, -1.332267692258101e-16, -4.012063325388217e-05, -4.058876735527608e-05, -4.058876735527608e-05]
other derivatives: [-0.10155645 -0.01178933 -0.02244178 -0.02336265  0.03863079  0.        ]
Current x array =  [ -0.65261069  -0.65174424  -0.72533232   0.50475187  -1.27035374
   0.33647224  -0.0509699   -9.          -2.49332056  -1.68438338
 -14.01008701  -1.11570094 -10.11688889 -14.73388167  -4.60110957
  -3.51228113 -14.73388167  -2.30258509 -14.72227344  -4.64856316
  -2.30258509 -14.73388167 -14.7317917  -14.7317917 ]
log likelihood =  -701.403178308
Edge derivatives =  [-0.0033311888652799437, -0.002838376531955089, 0.01700579653327819, 0.010907719751021672, -4.2939116966252286e-05, 0.007132007390752371, -0.00025182488928549344, -2.8008222397112763e-05, -0.011040258634368944, -0.000764646312486128, -2.8008222397112767e-05, 1.6653345459677426e-15, -2.8555623263373458e-05, 0.03218134194700035, 1.6653345414527398e-15, -2.8008222397112767e-05, -2.839079676365455e-05, -2.839079676365455e-05]
other derivatives: [ 0.00933369 -0.14455281  0.11382326 -0.04333742 -0.0048658   0.        ]
Current x array =  [ -0.65296523  -0.6509081   -0.72638419   0.50577549  -1.26836529
   0.33647224  -0.05129048  -9.          -2.49485981  -1.68481318
 -14.35610568  -1.11592104 -10.31601919 -15.09334951  -4.60491166
  -3.51181732 -15.09334951  -2.30258509 -15.07963487  -4.64749874
  -2.30258509 -15.09334951 -15.08928021 -15.08928021]
log likelihood =  -701.403028504
Edge derivatives =  [0.006059095616406052, -0.002838028778343597, 0.018296427996268183, 0.011196023042459091, -3.7799743847185055e-05, 0.012029620519326212, -0.00023279502029601408, -2.4527736644426292e-05, -0.010771488694644244, 0.0009306269490593627, -2.4527736644426292e-05, -6.661336396288685e-17, -2.502645924688157e-05, 0.031467329845499714, -6.661337272019896e-17, -2.45277366444263e-05, -2.488080596979845e-05, -2.488080596979845e-05]
other derivatives: [-0.00943601 -0.05821903  0.01780336 -0.0458499  -0.01793978  0.        ]
Current x array =  [ -0.65289547  -0.65143216  -0.72566875   0.50588792  -1.26778543
   0.33647224  -0.05146306  -9.          -2.49549392  -1.68451764
 -14.48378575  -1.1160427  -10.38931018 -15.22596814  -4.60495898
  -3.51228307 -15.22596814  -2.30258509 -15.2114735   -4.64667565
  -2.30258509 -15.22596814 -15.22116529 -15.22116529]
log likelihood =  -701.402927106
Edge derivatives =  [0.007123504950226511, -0.0028382505751989922, 0.01915742807734097, 0.007171289521779423, -3.1810172614643454e-05, 0.010760654642966827, -0.00021125471704654133, -2.0499281302794516e-05, -0.011974509074651519, 0.002916001543682517, -2.0499281302794516e-05, -3.919452727898797e-24, -2.0938317510839803e-05, 0.02915476815503042, -1.9597268284440125e-24, -2.0499281302794516e-05, -2.081515470379805e-05, -2.081515470379805e-05]
other derivatives: [-0.00229647  0.00115961 -0.02713705 -0.03486775 -0.03738023  0.        ]
Current x array =  [ -0.65291429  -0.65179984  -0.72532718   0.50551705  -1.26703845
   0.33647224  -0.0515836   -9.          -2.49639662  -1.68386277
 -14.65649717  -1.11598488 -10.48816855 -15.40532111  -4.60353436
  -3.51286135 -15.40532111  -2.30258509 -15.38976695  -4.64422816
  -2.30258509 -15.40532111 -15.39952086 -15.39952086]
log likelihood =  -701.402809558
Edge derivatives =  [0.009529107820200888, -0.002838622368214826, 0.02018633829999894, 0.0028632246447424237, -2.4840053695920583e-05, 0.005160029140049982, -0.00018277220901788199, -1.585237300760385e-05, -0.012805942943044463, 0.004143451059814118, -1.585237300760385e-05, -1.0103029540986528e-15, -1.6216531010325523e-05, 0.02547883142852112, -1.0103029532537713e-15, -1.5852373007603852e-05, -1.611970562213185e-05, -1.611970562213185e-05]
other derivatives: [ 0.00542286  0.03734613 -0.0401883  -0.01608669 -0.05441052  0.        ]
Current x array =  [ -0.65293464  -0.65202588  -0.72522287   0.50482335  -1.26640203
   0.33647224  -0.05177235  -9.          -2.49735659  -1.6832081
 -14.90400191  -1.11579975 -10.62993321 -15.66235463  -4.60246028
  -3.51320064 -15.66235463  -2.30258509 -15.6452834   -4.64041146
  -2.30258509 -15.66235463 -15.65512654 -15.65512654]
log likelihood =  -701.402556331
Edge derivatives =  [0.017369604920244752, -0.0028386280527806216, 0.021534853977162954, 1.1931222425543009e-05, -1.528019475652147e-05, -0.0012244302016952702, -0.00013447920140774374, -9.568621927387029e-06, -0.010922941671195827, 0.004932175295328883, -9.568621927387027e-06, 1.554312195829057e-16, -9.81755453186384e-06, 0.017704713796983903, 1.5543122151521313e-16, -9.56862192738703e-06, -9.75722079631368e-06, -9.75722079631368e-06]
other derivatives: [ 0.01097078  0.06413075 -0.04839649  0.00828777 -0.05537686  0.        ]
Current x array =  [ -0.65294436  -0.65219354  -0.72515312   0.50382915  -1.26641655
   0.33647224  -0.05198964  -9.          -2.49825472  -1.6826731
 -15.39005439  -1.11558163 -10.90877857 -16.16716884  -4.60396397
  -3.51338032 -16.16716884  -2.30258509 -16.14712476  -4.63243542
  -2.30258509 -16.16716884 -16.15714405 -16.15714405]
log likelihood =  -701.402205544
Edge derivatives =  [-0.03214004217604882, -0.0028390998482935377, 0.017840559623678337, -0.003658291834142513, -6.548124659689127e-06, 0.0038644655776312042, -7.62704372455474e-05, -3.969276918275516e-06, -0.0019356408636213296, 0.0052438772742811335, -3.969276918275516e-06, 7.216449677605153e-16, -4.093576046585013e-06, 0.002862768147574163, 7.216449668834335e-16, -3.969276918275515e-06, -4.067156289443568e-06, -4.067156289443568e-06]
other derivatives: [-0.0121986   0.09925998 -0.02395382  0.00554792 -0.0328555   0.        ]
Current x array =  [ -0.65289824  -0.65244644  -0.72529629   0.5040366   -1.26770261
   0.33647224  -0.05080125  -9.          -2.4974694   -1.68256406
 -16.23721728  -1.11572269 -11.39554139 -17.04710862  -4.6125111
  -3.51341686 -17.04710862  -2.30258509 -17.02189363  -4.6174217
  -2.30258509 -17.04710862 -17.03222144 -17.03222144]
log likelihood =  -701.403074493
Edge derivatives =  [0.09399760537962587, -0.002835180006371908, 0.009006385158282032, -0.014102105966975864, -3.411330170186759e-06, -0.025291339739408336, -4.872894497605661e-05, -2.0141099102800093e-06, 0.003953970870959934, 0.0032104477414459376, -2.0141099102800093e-06, -1.1102228418558877e-17, -2.0854185429828717e-06, -0.0119546714708248, -1.1102229332405024e-17, -2.0141099102800097e-06, -2.071491141753628e-06, -2.071491141753628e-06]
other derivatives: [ 0.28351224 -0.31006948 -0.30994443  0.03939249  0.05177299  0.        ]
Current x array =  [ -0.65381095  -0.64993358  -0.72322645   0.50199986  -1.27051421
   0.33647224  -0.05294924  -9.          -2.49397245  -1.68262682
 -16.89039849  -1.11455067 -11.77051912 -17.72551192  -4.61818747
  -3.51264535 -17.72551192  -2.30258509 -17.69630436  -4.60260687
  -2.30258509 -17.72551192 -17.70686913 -17.70686913]
log likelihood =  -701.402154626
Edge derivatives =  [-0.008065215480123067, -0.00283835117994677, 0.016166477447373206, -0.005642259563496843, -5.783203267170348e-06, -0.0016771878575227994, -7.005265853750563e-05, -3.4880630361073698e-06, -0.0008046207446247011, 0.004861313063989403, -3.4880630361073698e-06, 3.7747582768144278e-16, -3.600005893751138e-06, 5.721254834836764e-05, 3.774758280269978e-16, -3.4880630361073698e-06, -3.5766171286511816e-06, -3.5766171286511816e-06]
other derivatives: [ 0.04421281  0.02150955 -0.07829613  0.0120167  -0.01672333  0.        ]
Current x array =  [ -0.65307211  -0.65196773  -0.72490198   0.5036486   -1.26823822
   0.33647224  -0.05121045  -9.          -2.49680323  -1.68257602
 -16.36164888  -1.11549942 -11.46697498 -17.17634504  -4.61359245
  -3.51326989 -17.17634504  -2.30258509 -17.15036947  -4.61459946
  -2.30258509 -17.17634504 -17.16074242 -17.16074242]
log likelihood =  -701.402101314
Edge derivatives =  [-0.006720888846951878, -0.0028380290147138262, 0.014571229996774682, -0.0043754662545489875, -4.943015254820701e-06, -0.0020820016009097664, -6.237732608863486e-05, -2.9638117278540224e-06, 0.0024796764699684185, 0.0030310826508986866, -2.9638117278540216e-06, -4.4408920984994166e-17, -3.061832717819943e-06, -0.002471277381232234, -4.440892098500022e-17, -2.963811727854021e-06, -3.0417641075200615e-06, -3.0417641075200615e-06]
other derivatives: [  1.68142833e-02   6.21867002e-03  -2.17823981e-02   4.09272616e-03
  -1.13686838e-05   0.00000000e+00]
Current x array =  [ -0.65298893  -0.65186948  -0.72532202   0.50389842  -1.26887229
   0.33647224  -0.05115312  -9.          -2.49596146  -1.68298216
 -16.51847915  -1.11550147 -11.55732104 -17.33927298  -4.61688296
  -3.51269435 -17.33927298  -2.30258509 -17.31234358  -4.61212039
  -2.30258509 -17.33927298 -17.32277419 -17.32277419]
log likelihood =  -701.402090568
Edge derivatives =  [0.0003546405030101507, -0.0028378657963571583, 0.013164183973290028, -0.0037841533197091604, -4.980073141697131e-06, -0.002837678906049579, -6.2348960877452e-05, -2.987062688901637e-06, 0.003235210780483954, 0.002028079356459489, -2.987062688901637e-06, -3.774758277728542e-16, -3.085707330435604e-06, -0.002496159047037382, -3.7747582807270354e-16, -2.987062688901637e-06, -3.0654891177622936e-06, -3.0654891177622936e-06]
other derivatives: [-0.00892442 -0.00892442  0.00263753  0.0009436   0.0059913   0.        ]
Current x array =  [ -0.65290653  -0.65176973  -0.725509     0.50397397  -1.26905078
   0.33647224  -0.05128835  -9.          -2.49528071  -1.68326879
 -16.51097422  -1.1154931  -11.55311611 -17.33148954  -4.61767503
  -3.51238772 -17.33148954  -2.30258509 -17.30460741  -4.61212624
  -2.30258509 -17.33148954 -17.31503551 -17.31503551]
log likelihood =  -701.402085378
Edge derivatives =  [0.003457768241986181, -0.002837593580238518, 0.011816109743091024, -0.003508109930045078, -5.174966615323423e-06, -0.0023336733820871203, -6.371602449965938e-05, -3.1087265404084216e-06, 0.003455289010988929, 0.0014393586078350062, -3.108726540408421e-06, -3.1086244568493547e-16, -3.210630047211166e-06, -0.0022356179335823005, -3.1086244628998977e-16, -3.1087265404084208e-06, -3.1896384099403745e-06, -3.1896384099403745e-06]
other derivatives: [ 0.00406999 -0.01106173  0.01735998 -0.00123919  0.00972022  0.        ]
Current x array =  [ -0.65295226  -0.6517544   -0.72562243   0.50403627  -1.26916741
   0.33647224  -0.05133048  -9.          -2.49459154  -1.68351076
 -16.47253967  -1.11550995 -11.53109473 -17.29157259  -4.61791392
  -3.51219694 -17.29157259  -2.30258509 -17.26492581  -4.61239155
  -2.30258509 -17.29157259 -17.27534001 -17.27534001]
log likelihood =  -701.402076018
Edge derivatives =  [0.0068058134813359095, -0.0028375462414316492, 0.00835408073609073, -0.0036427680313930177, -5.5747208414320265e-06, -0.0012070032747790727, -6.67188649585594e-05, -3.358615259387665e-06, 0.003374771092053582, 0.0005876469452024413, -3.3586152593876644e-06, -1.665334534334399e-16, -3.4671349827302392e-06, -0.0017733085584602064, -1.6653345356360672e-16, -3.3586152593876636e-06, -3.4445580006298708e-06, -3.4445580006298708e-06]
other derivatives: [-0.01914486 -0.0219643   0.02373781 -0.00389946  0.01083436  0.        ]
Current x array =  [ -0.65288405  -0.65168373  -0.72567652   0.50412134  -1.2691703
   0.33647224  -0.05142266  -9.          -2.49314946  -1.68395246
 -16.39811844  -1.11556205 -11.48839313 -17.21427303  -4.617875
  -3.51193203 -17.21427303  -2.30258509 -17.18808104  -4.61286992
  -2.30258509 -17.21427303 -17.19846818 -17.19846818]
log likelihood =  -701.402063542
Edge derivatives =  [0.006422115335175893, -0.002837374734999799, 0.004177163308464349, -0.003892199094622739, -5.927564340385637e-06, 0.0015265220971865112, -6.943646044926672e-05, -3.5797974800506515e-06, 0.003107830875682765, -8.186020474551525e-05, -3.5797974800506515e-06, 2.2204459586831956e-17, -3.694071292988977e-06, -0.0016974896105666597, 2.220446003966757e-17, -3.579797480050652e-06, -3.670098581028605e-06, -3.670098581028605e-06]
other derivatives: [-0.00010232 -0.01689386  0.02305569 -0.00557066  0.00744649  0.        ]
Current x array =  [ -0.65295832  -0.65171534  -0.72567883   0.5042007   -1.26901741
   0.33647224  -0.05144467  -9.          -2.49132494  -1.68448216
 -16.33671317  -1.11565341 -11.45312308 -17.15048565  -4.61761686
  -3.51170014 -17.15048565  -2.30258509 -17.12466822  -4.61293368
  -2.30258509 -17.15048565 -17.1350329  -17.1350329 ]
log likelihood =  -701.402054395
Edge derivatives =  [0.003881779765596005, -0.0028374659247643068, 0.0004814335739308784, -0.00367460576864026, -5.964024722861434e-06, 0.0016791819604993208, -7.002608165372302e-05, -3.6025540282106615e-06, 0.0025357501844206036, -0.0003271385711633712, -3.6025540282106606e-06, -8.104628091112184e-16, -3.717418010117071e-06, -0.0023911694087505667, -8.10462808543791e-16, -3.6025540282106606e-06, -3.69330207695928e-06, -3.69330207695928e-06]
other derivatives: [-0.01124363 -0.00123919  0.00069349 -0.00234195  0.00135287  0.        ]
Current x array =  [ -0.65293346  -0.65181416  -0.72551555   0.5040997   -1.26879618
   0.33647224  -0.05145081  -9.          -2.48977234  -1.68494017
 -16.33061325  -1.11565439 -11.44952968 -17.14413251  -4.61702719
  -3.51160192 -17.14413251  -2.30258509 -17.11835064  -4.61222264
  -2.30258509 -17.14413251 -17.12871279 -17.12871279]
log likelihood =  -701.402052193
Edge derivatives =  [-0.0012787793775123069, -0.0028377111973496927, 0.0004729454644820108, -0.0035258325653343414, -5.798951095354562e-06, 0.0007056621723458001, -6.916159475562944e-05, -3.499056989944695e-06, 0.0019661596652265703, -9.19467569622523e-06, -3.499056989944695e-06, 8.215650393234038e-16, -3.611248204916742e-06, -0.0028011401132583304, 8.215650387730103e-16, -3.499056989944695e-06, -3.5877855950893155e-06, -3.5877855950893155e-06]
other derivatives: [ 0.00327418 -0.00179625 -0.00034106  0.00161435 -0.00520686  0.        ]
Current x array =  [ -0.65298372  -0.65181463  -0.72550761   0.503986    -1.26857332
   0.33647224  -0.051399    -9.          -2.48972907  -1.68496653
 -16.358679    -1.11562327 -11.46555485 -17.17327194  -4.61643578
  -3.51169796 -17.17327194  -2.30258509 -17.14731727  -4.6118046
  -2.30258509 -17.17327194 -17.15768941 -17.15768941]
log likelihood =  -701.402051079
Edge derivatives =  [-0.0012194563356761057, -0.0028376984914931314, 0.001076375030698462, -0.0027435281983926307, -5.586059474165101e-06, -0.00015182986107031837, -6.766491800316118e-05, -3.3657271709149945e-06, 0.00193315672463433, 0.00011359565580754127, -3.3657271709149954e-06, 3.108624466366808e-16, -3.47443832401433e-06, -0.00321194442457802, 3.108624467658622e-16, -3.365727170914995e-06, -3.451818067423553e-06, -3.451818067423553e-06]
other derivatives: [ 0.00358114  0.00360387 -0.00285354  0.00266027 -0.0052637   0.        ]
Current x array =  [ -0.65298381  -0.65184756  -0.72548835   0.50394657  -1.26857575
   0.33647224  -0.05139747  -9.          -2.48988827  -1.68497364
 -16.39608131  -1.11559055 -11.48700627 -17.21211781  -4.61638556
  -3.51173318 -17.21211781  -2.30258509 -17.1859343   -4.61139073
  -2.30258509 -17.21211781 -17.19632    -17.19632   ]
  status: 0
 success: True
    nfev: 101
     fun: 701.4020510788117
       x: array([ -0.65298381,  -0.65184756,  -0.72548835,   0.50394657,
        -1.26857575,   0.33647224,  -0.05139747,  -9.        ,
        -2.48988827,  -1.68497364, -16.39608131,  -1.11559055,
       -11.48700627, -17.21211781,  -4.61638556,  -3.51173318,
       -17.21211781,  -2.30258509, -17.1859343 ,  -4.61139073,
        -2.30258509, -17.21211781, -17.19632   , -17.19632   ])
 message: 'CONVERGENCE: REL_REDUCTION_OF_F_<=_FACTR*EPSMCH'
     jac: array([ -3.58113539e-03,  -3.60387276e-03,   2.85353963e-03,
        -2.66027200e-03,   5.26370059e-03,  -0.00000000e+00,
         1.21945634e-03,   2.83769849e-03,  -1.07637503e-03,
         2.74352820e-03,   5.58605947e-06,   1.51829861e-04,
         6.76649180e-05,   3.36572717e-06,  -1.93315672e-03,
        -1.13595656e-04,   3.36572717e-06,  -3.10862447e-16,
         3.47443832e-06,   3.21194442e-03,  -3.10862447e-16,
         3.36572717e-06,   3.45181807e-06,   3.45181807e-06])
     nit: 94
