number of sites to be analyzed:  207
log likelihood =  -4067.05199752
Edge derivatives =  [-3.4039463692935903, -3.4039463692935907, 249.742574850684, 7.264447537781244, -57.4269277463958, -44.06206940303486, -77.7339035394791, -71.29256098648484, -79.83444043258181, -73.75933047645523, -71.29256098648484, 5.003195501227172e-16, -78.56362348252628, -72.93662037839478, 4.959174091877144e-16, -71.29256098648483, -78.17476845934104, -77.93670179745601]
other derivatives: [ -26.83905223    9.8151304   -29.90473149   63.85371307 -499.61017794
 -536.86098909]
Current x array =  [-0.55517217 -0.83556036 -0.57917748  0.18232156 -0.10536052  0.33647224
 -2.30258509 -2.30258509 -2.30258509 -2.30258509 -2.30258509 -2.30258509
 -2.30258509 -2.30258509 -2.30258509 -2.30258509 -2.30258509 -2.30258509
 -2.30258509 -2.30258509 -2.30258509 -2.30258509 -2.30258509 -2.30258509]
log likelihood =  -3546.12638784
Edge derivatives =  [-2.704448565894807, -2.7044485658948068, 255.05025169919554, 7.801096698520346, -27.581829970988032, -14.813647198108377, -43.345064524784235, -38.90350551465873, -45.20724821774745, -39.31536018447909, -38.90350551465873, 1.5723523958554428e-16, -44.24744015400465, -38.780241069596265, 2.7660563748339563e-16, -38.90350551465873, -43.57970162638434, -43.49793209280038]
other derivatives: [  22.30735845   -0.74564923    5.29639692   46.90255082 -141.37726794
 -165.76918824]
Current x array =  [-0.58801056 -0.83459921 -0.61576682  0.2604485  -0.71664863 -0.32039337
 -2.30674992 -2.30674992 -1.99701752 -2.29369682 -2.37284867 -2.35649636
 -2.39769487 -2.38981369 -2.40026494 -2.39283186 -2.38981369 -2.30258509
 -2.39871006 -2.39182525 -2.30258509 -2.38981369 -2.39823428 -2.397943  ]
log likelihood =  -3250.78074712
Edge derivatives =  [-2.704393762809061, -2.7043937628090604, 218.0613698954766, 5.943239046976473, -20.4020089879738, -9.511421023800903, -32.11079370772829, -28.691175542856303, -33.88879905616402, -28.33839491749846, -28.691175542856303, 9.550412790811102e-16, -33.18237202463285, -27.951928747398693, 7.899674575590671e-16, -28.691175542856303, -32.38449430577525, -32.36892322848482]
other derivatives: [-85.77894732  -4.115509     2.39997462  26.05097507 -44.32399692
 -83.32694961]
Current x array =  [-0.52069297 -0.84694379 -0.59718509  0.38870501 -1.06933274 -0.73933146
 -2.31417601 -2.31417601 -1.28880938 -2.27199387 -2.44607712 -2.39436612
 -2.51415574 -2.49417254 -2.521866   -2.49810646 -2.49417254 -2.30258509
 -2.51768253 -2.49564695 -2.30258509 -2.49417254 -2.51532336 -2.51482247]
log likelihood =  -3281.44130262
Edge derivatives =  [2.0011863584276424, 2.001186358427641, -211.30831869675077, 4.016933680567827, -3.867381126498838, 1.7005498350241441, -12.431036957466823, -10.686453564378398, -14.149942346324877, -9.391131119057674, -10.686453564378398, -2.1880180575507012e-15, -13.708152685251846, -8.868375683614344, -2.1525395538830453e-15, -10.686453564378398, -12.784224835052228, -12.987366600099485]
other derivatives: [ 472.70073082   27.96136869  -20.23939487  135.36091501 -121.52258932
  -11.63703018]
Current x array =  [-1.49162262 -0.92200619 -0.57190126  0.75590287 -1.86469114 -2.01980641
 -2.34911658 -2.34911658  1.56145558 -2.19327885 -2.72585297 -2.53152051
 -2.95103605 -2.88520625 -2.98177119 -2.88617984 -2.88520625 -2.30258509
 -2.96808753 -2.87847815 -2.30258509 -2.88520625 -2.9557239  -2.95489251]
log likelihood =  -3037.51802271
Edge derivatives =  [-0.9981497856529186, -0.9981497856529178, 56.248910607713086, 4.098031072597151, -11.820887711088194, -4.021576993211345, -20.80331171094496, -18.52204634263896, -22.513830845172926, -17.560171309986696, -18.522046342638955, 2.8832931267055816e-16, -22.01333915018521, -17.072355853521003, 2.445781835339347e-16, -18.52204634263896, -21.143685837134914, -21.276776140323022]
other derivatives: [ 319.59671105    9.96351446   30.16803021   24.24585546   -1.39430085
  -39.29594641]
Current x array =  [-0.96410669 -0.88122403 -0.58563822  0.55640055 -1.43256485 -1.32411138
 -2.33013302 -2.33013302  0.01287771 -2.23604552 -2.57384791 -2.45700314
 -2.71367454 -2.67275367 -2.73190004 -2.67533563 -2.67275367 -2.30258509
 -2.72337792 -2.67048208 -2.30258509 -2.67275367 -2.71644982 -2.715798  ]
log likelihood =  -2938.91744209
Edge derivatives =  [-0.41406604054105856, -0.4140660405410588, -89.8517475217414, 1.8304266084231293, -8.596630794025298, -3.4610010748214823, -16.97328029565503, -15.299060011994072, -18.72182187829063, -13.98862175728778, -15.299060011994072, -9.951434185817845e-16, -18.28351798184096, -13.691845854749056, -9.89707036886325e-16, -15.299060011994072, -17.383870954497723, -17.480069123212555]
other derivatives: [-36.46332516  -2.43808245 -17.63760338  20.57968231 -44.85441423
 -22.77574822]
Current x array =  [-0.55959544 -0.87839137 -0.51754839  0.68353998 -1.58953537 -1.69839252
 -2.34083111 -2.34083111  0.78614127 -2.20961251 -2.66542579 -2.49829237
 -2.86034671 -2.80389555 -2.88794495 -2.80317111 -2.80389555 -2.30258509
 -2.87619184 -2.79603797 -2.30258509 -2.80389555 -2.86480651 -2.86441954]
log likelihood =  -2922.55512356
Edge derivatives =  [-0.6437709196822806, -0.6437709196822818, -41.53706213536099, 2.1658173569126262, -8.981424967532151, -3.2246381342633565, -16.934312643043594, -15.21184421448168, -18.605132786982345, -13.970497277007198, -15.211844214481681, 1.720875393802319e-15, -18.174831318672084, -13.66333544397009, 1.833095210255347e-15, -15.211844214481681, -17.293477253121466, -17.383042675730472]
other derivatives: [ -6.40684448  -1.70612111   4.12783265  10.05437298 -14.91116564
 -23.85049811]
Current x array =  [-0.57966954 -0.88055278 -0.54215036  0.69922038 -1.6015529  -1.65613552
 -2.34004729 -2.34004729  0.55320885 -2.20980062 -2.66503573 -2.49590652
 -2.86591085 -2.80890125 -2.89510929 -2.80631193 -2.80890125 -2.30258509
 -2.88309561 -2.79897648 -2.30258509 -2.80890125 -2.87079852 -2.87056454]
log likelihood =  -2903.42034246
Edge derivatives =  [-0.7025376235695752, -0.7025376235695752, -0.06388064577098641, 2.4366545942345104, -8.03674387511775, -1.8945262024758092, -14.947625199233526, -13.29584680886467, -16.384731811169534, -12.061423839157014, -13.295846808864674, -6.6658994744282135e-16, -15.97875662635724, -11.753892507954848, -5.931658974527415e-16, -13.295846808864672, -15.126876504178815, -15.213846456665607]
other derivatives: [ -0.41823114   4.22592166 -20.45971996  -0.81167855   9.79830475
 -20.06372597]
Current x array =  [-0.58096195 -0.89161806 -0.5167324   0.75864625 -1.6391025  -1.73949778
 -2.34371621 -2.34371621  0.37318004 -2.19720313 -2.71099878 -2.50995283
 -2.9550057  -2.8886653  -2.99321263 -2.87925002 -2.8886653  -2.30258509
 -2.97886463 -2.870267   -2.30258509 -2.8886653  -2.96179041 -2.96205157]
log likelihood =  -2877.07321378
Edge derivatives =  [-1.405152326204932, -1.4051523262049301, 36.52629500199582, 2.3189780043163863, -5.433005589700683, 0.6875065808348172, -9.984359274482362, -8.5126316594919, -10.99997215101774, -7.150659417084488, -8.51263165949189, 5.119746782741636e-16, -10.612576172700695, -6.896713592998334, 4.821237138843605e-16, -8.512631659491891, -9.756742419555499, -9.782599675258968]
other derivatives: [  1.14578143   0.42941792  82.37038855 -22.46688382  44.23272912
 -10.56705514]
Current x array =  [-0.57266413 -0.88090577 -0.67275393  0.9072765  -1.70842409 -2.08969429
 -2.35732828 -2.35732828  0.21226914 -2.15148211 -2.86700467 -2.55550863
 -3.24860851 -3.15070588 -3.31476322 -3.11988625 -3.15070588 -2.30258509
 -3.2926814  -3.10537143 -2.30258509 -3.15070588 -3.26026494 -3.26205373]
log likelihood =  -2852.07499409
Edge derivatives =  [-0.9457523932448368, -0.9457523932448362, 42.81918178035219, 2.264451051603041, -2.7833580564467937, 3.487909767383343, -6.1916297741939665, -4.7355271707037145, -7.0499347294846855, -3.2243274367617847, -4.735527170703711, 1.829412870685928e-16, -6.6295207535016365, -2.9742243026867006, 1.523695468928656e-16, -4.735527170703712, -5.726109372039074, -5.760730498830039]
other derivatives: [ 35.44137144  -3.5276571    1.73040462 -25.41000867  47.26175575
  -5.9816557 ]
Current x array =  [-0.60219032 -0.87208559 -0.54413283  0.97669508 -1.71564154 -2.44612721
 -2.37306196 -2.37306196  0.21636608 -2.10729525 -3.01145344 -2.59292441
 -3.51741188 -3.38936579 -3.6087515  -3.3377346  -3.38936579 -2.30258509
 -3.57920946 -3.31802873 -2.30258509 -3.38936579 -3.53204388 -3.53505676]
log likelihood =  -2834.6020184
Edge derivatives =  [-0.9208582380490392, -0.9208582380490372, 18.133287435483297, 1.5948930354005357, -1.0702719267245198, 5.353866366617424, -3.4711171902678886, -1.965421833980926, -4.264801663355023, -0.2868234770362762, -1.9654218339809228, 4.954917766331039e-16, -3.8301156823874765, -0.06350981591951457, 5.408142199419039e-16, -1.965421833980923, -2.8379298756584403, -2.856819983982685]
other derivatives: [ -6.54167707   7.19037416 -30.02610356 -19.93084879  33.21788427
  -3.2402113 ]
Current x array =  [-0.57227027 -0.89237249 -0.50895724  0.98453942 -1.66025917 -2.83509989
 -2.39077923 -2.39077923  0.33003809 -2.05816666 -3.15843143 -2.6181799
 -3.79403    -3.63223546 -3.91208876 -3.55608828 -3.63223546 -2.30258509
 -3.87395927 -3.53067749 -2.30258509 -3.63223546 -3.80984774 -3.81409565]
log likelihood =  -2824.48058777
Edge derivatives =  [-1.2828513666501908, -1.2828513666501926, -9.119969635135302, 0.8475411507164088, -0.039754456806327165, 6.435487207574597, -1.4227525652486013, 0.16382314828314515, -2.2469112006475545, 1.9798353948877248, 0.1638231482831437, 2.002616068629174e-16, -1.742658157247914, 2.1460846610002964, 1.8502975993681738e-16, 0.16382314828314387, -0.6731856514419693, -0.6727910747211476]
other derivatives: [ 19.11266736  -7.43953024  -2.05277502  -9.61972546  14.43331712
  -1.660419  ]
Current x array =  [-0.59047571 -0.85472625 -0.5502555   0.92320783 -1.51201039 -3.24003838
 -2.41215751 -2.41215751  0.38953975 -2.00496671 -3.30595891 -2.61871584
 -4.07870846 -3.87717236 -4.22664494 -3.76930031 -3.87717236 -2.30258509
 -4.17817735 -3.7373202  -2.30258509 -3.87717236 -4.09289553 -4.098416  ]
log likelihood =  -2821.25374647
Edge derivatives =  [-1.5256847032348393, -1.5256847032348386, -6.692965693652315, 0.37956824592047894, 0.004957538057209443, 6.2196252578335045, -0.7135608682505976, 0.9392240193307945, -1.4854613642243877, 2.7409732334675203, 0.9392240193307904, 3.625777038467219e-16, -0.9981891248014976, 2.887862399620746, 3.589627625406044e-16, 0.9392240193307894, 0.10555829350553055, 0.11573472919350995]
other derivatives: [ -5.73568286  10.27688086   3.3561264   -3.07618393   6.09275048
  -1.26274244]
Current x array =  [-0.57072719 -0.88514659 -0.56804074  0.8456413  -1.37949367 -3.42184699
 -2.42819812 -2.42819812  0.30997436 -1.97815623 -3.3705036  -2.58569486
 -4.21048252 -3.98343847 -4.37595305 -3.85201391 -3.98343847 -2.30258509
 -4.32032785 -3.81634139 -2.30258509 -3.98343847 -4.22014286 -4.22622309]
log likelihood =  -2820.20202274
Edge derivatives =  [-1.6701808721448888, -1.6701808721448868, 1.8013061251947695, 0.2444391659308699, -0.1639560765099392, 5.226022602596386, -0.4475627637752761, 1.1895979700779464, -1.2046623262547753, 2.919159449610235, 1.189597970077944, -2.909740360237616e-15, -0.6940654595548087, 3.024848645700596, -2.870350317484413e-15, 1.1895979700779438, 0.39004474412036394, 0.403107989439379]
other derivatives: [-4.50331754 -4.5654815  -1.42731551  1.92990228  0.63041625 -1.17761374]
Current x array =  [-0.57135865 -0.85051526 -0.56978019  0.78379078 -1.27274624 -3.50107597
 -2.44234157 -2.44234157  0.22815064 -1.96472002 -3.39679209 -2.53915801
 -4.26906134 -4.02298574 -4.44588444 -3.87226585 -4.02298574 -2.30258509
 -4.38476117 -3.83425403 -2.30258509 -4.02298574 -4.272631   -4.27891738]
log likelihood =  -2819.73404764
Edge derivatives =  [-1.5593993339371188, -1.5593993339371184, 1.985910315277854, 0.3245930001047972, -0.5411897174146201, 4.204757150067056, -0.588899842832651, 1.0004830034223753, -1.2743440863325177, 2.601173730446712, 1.0004830034223715, -2.440537710858012e-16, -0.7983336547665751, 2.6939869816150854, -2.037699098656886e-16, 1.0004830034223722, 0.24836399749500052, 0.2611161542081216]
other derivatives: [ 5.65919436  3.65007509 -0.46711648  2.51288839 -1.08375389 -1.29543878]
Current x array =  [-0.57839564 -0.86664596 -0.5711554   0.78155101 -1.25501652 -3.48007934
 -2.4526741  -2.4526741   0.22206239 -1.9664356  -3.38558329 -2.49738695
 -4.25017259 -3.99498469 -4.43031922 -3.83354785 -3.99498469 -2.30258509
 -4.36621544 -3.79514708 -2.30258509 -3.99498469 -4.24756611 -4.25366701]
log likelihood =  -2819.12321458
Edge derivatives =  [-1.3371360489948676, -1.3371360489948674, 0.4880476027624724, 0.5505718590633648, -1.3257167438922686, 1.8431878751877284, -0.9190489439703453, 0.5186355388738271, -1.4825970463694107, 1.824280584356937, 0.518635538873825, -8.601498762191021e-17, -1.0581080616668541, 1.871834234856222, -8.598700897741741e-17, 0.5186355388738252, -0.11249388001381991, -0.10104851499815684]
other derivatives: [ 4.19654498  6.22962943  0.97566044  1.94340828 -3.08700692 -1.5367732 ]
Current x array =  [-0.57784451 -0.87235205 -0.57289064  0.78970769 -1.24010117 -3.42959759
 -2.47452582 -2.47452582  0.22488393 -1.97119828 -3.36019401 -2.4117229
 -4.20392308 -3.92989021 -4.39034758 -3.74648276 -3.92989021 -2.30258509
 -4.32011147 -3.70746191 -2.30258509 -3.92989021 -4.1879218  -4.19358126]
log likelihood =  -2818.28558225
Edge derivatives =  [-0.9182302884393797, -0.9182302884393786, -4.414870775451731, 0.7107802498331467, -1.8167836590933064, -0.9792316536123704, -0.7430265310881965, 0.4454933418195965, -1.1746036665147528, 1.2463663862711511, 0.44549334181959466, -2.382095350615662e-16, -0.7997217792285856, 1.1925078329797254, -2.6795210138934805e-16, 0.4454933418195954, -0.002984322759509078, 0.005834124462035441]
other derivatives: [-9.45292413 -0.18576429  0.3650257   1.01344995 -3.62865649 -1.33281901]
Current x array =  [-0.56899356 -0.86060689 -0.57122122  0.80259741 -1.24948444 -3.52226463
 -2.53037671 -2.53037671  0.25044345 -1.94750624 -3.40665941 -2.29962615
 -4.25314336 -3.91921178 -4.46551896 -3.67849782 -3.91921178 -2.30258509
 -4.37708986 -3.63652673 -2.30258509 -3.91921178 -4.20563215 -4.21092462]
log likelihood =  -2817.80930592
Edge derivatives =  [-0.5359710134858743, -0.5359710134858727, -4.11747738542981, 0.8185061620079038, -2.051811161910168, -3.70549025773591, -0.4315020147025757, 0.5674442389845011, -0.7453917896153636, 0.8411814439223138, 0.567444238984497, 1.9176432729261524e-16, -0.4033848604489338, 0.6889866909720194, 1.2883799494143273e-16, 0.5674442389844983, 0.2734376579944178, 0.27934918275123743]
other derivatives: [ 1.47388164 -3.41706254  0.47125468 -0.12787496 -2.40006557 -1.05101208]
Current x array =  [-0.5769759  -0.85478093 -0.57024112  0.81531824 -1.25987956 -3.65265917
 -2.58995274 -2.58995274  0.25487554 -1.91609095 -3.47469479 -2.19885274
 -4.33205421 -3.93153751 -4.57415747 -3.62941333 -3.93153751 -2.30258509
 -4.46559506 -3.58427755 -2.30258509 -3.93153751 -4.25088421 -4.2559195 ]
log likelihood =  -2817.57070523
Edge derivatives =  [-0.3800188894874731, -0.38001888948747115, -0.8230761510364293, 0.7641934634310861, -1.8334086766646502, -3.741280258219031, -0.1879208574369508, 0.7351373890874272, -0.4722161862936894, 0.7987103665130685, 0.7351373890874241, 1.3320106108760927e-16, -0.14372073579385283, 0.6177891378039415, 9.983524702000007e-17, 0.7351373890874231, 0.4939715708385316, 0.4991622839672176]
other derivatives: [-5.12204679 -2.27792043 -0.01687113 -1.28366082  0.34128789 -0.83791747]
Current x array =  [-0.57215541 -0.85774478 -0.56936593  0.82114297 -1.27995448 -3.73955154
 -2.61945151 -2.61945151  0.24778627 -1.89377872 -3.52855237 -2.18568392
 -4.38858327 -3.95174501 -4.64671126 -3.62066585 -3.95174501 -2.30258509
 -4.52709779 -3.57475593 -2.30258509 -3.95174501 -4.2889951  -4.29397188]
log likelihood =  -2817.38031345
Edge derivatives =  [-0.2694529909852263, -0.26945299098522496, 1.1864845105552249, 0.676110428516669, -1.5132857650500966, -2.9027062314389327, -0.01834797461779919, 0.8198973498922764, -0.2822431330123353, 0.7183527511824384, 0.8198973498922735, -1.0101560007996972e-16, 0.027695316487548506, 0.5312409722107456, -9.51818956861894e-17, 0.8198973498922746, 0.626333541021719, 0.6307233734129344]
other derivatives: [-0.737964   -0.35306584 -1.10417204 -1.25251063  2.17719389 -0.69526322]
Current x array =  [-0.57497528 -0.86166185 -0.56752416  0.81847865 -1.29457076 -3.80265845
 -2.64208393 -2.64208393  0.2437165  -1.87393717 -3.57641773 -2.19855886
 -4.42809468 -3.96092689 -4.6987522  -3.60943498 -3.96092689 -2.30258509
 -4.56967332 -3.56401503 -2.30258509 -3.96092689 -4.31179122 -4.31669012]
log likelihood =  -2817.14628279
Edge derivatives =  [-0.1433918486869166, -0.14339184868691718, 2.9414889622411042, 0.49010440464312777, -1.0713574343330639, -1.6104729599374332, 0.13911507202128712, 0.7726714004860726, -0.08237887342048847, 0.3424189118201504, 0.7726714004860671, -1.6170681878359938e-15, 0.18875969712302731, 0.14959357721740052, -1.662948274222944e-15, 0.772671400486068, 0.6927383414038938, 0.696624533227841]
other derivatives: [  2.45563569e-03   1.26146915e+00   1.73063199e+00  -4.31327862e-01
   3.41178747e+00  -5.56974555e-01]
Current x array =  [-0.57498649 -0.86453695 -0.57223627  0.80617215 -1.30154066 -3.87555384
 -2.67758303 -2.67758303  0.23647548 -1.84395306 -3.64518218 -2.22262581
 -4.46880414 -3.95282167 -4.7584597  -3.57138593 -3.95282167 -2.30258509
 -4.61376329 -3.5278925  -2.30258509 -3.95282167 -4.32336606 -4.32803208]
log likelihood =  -2817.33870026
Edge derivatives =  [0.13475477138680092, 0.1347547713867972, -0.24190025607459203, 0.05118801855789734, -0.421638885580733, 0.6636058338899476, 0.33848832014345553, 0.5585604141405883, 0.2020023315423971, -0.5110117255478173, 0.5585604141405865, -1.4779908608580133e-15, 0.4056897408109461, -0.694166105432212, -1.4546678451074835e-15, 0.5585604141405873, 0.7113491127348931, 0.7113561172348397]
other derivatives: [  0.03069545   4.83842086 -24.16127245   2.07105586   0.32000571
  -0.3983132 ]
Current x array =  [-0.57595689 -0.87168441 -0.53755862  0.79453654 -1.2909411  -3.99224125
 -2.7416281  -2.7416281   0.24891933 -1.79045304 -3.76579899 -2.26407942
 -4.52535986 -3.91952194 -4.84952136 -3.49063777 -3.91952194 -2.30258509
 -4.67517291 -3.45237468 -2.30258509 -3.91952194 -4.32367341 -4.32782086]
log likelihood =  -2817.04562738
Edge derivatives =  [-0.03396184293789644, -0.03396184293789449, 1.7919971802369135, 0.3393591756718263, -0.8156468590889951, -0.7546395855794337, 0.2144529768458562, 0.6948675150996834, 0.026727443882282785, 0.036071325363656204, 0.6948675150996809, -2.590003398519897e-16, 0.270552858491877, -0.15364255596427856, -2.40252149721144e-16, 0.6948675150996798, 0.7001499856879208, 0.7026158833867131]
other derivatives: [  5.95719030e-03   2.59365152e+00  -7.46586011e+00   4.95492714e-01
   2.28542376e+00  -4.95765562e-01]
Current x array =  [-0.57534591 -0.86718429 -0.55939207  0.80186246 -1.2976147  -3.9187735
 -2.70130458 -2.70130458  0.24108454 -1.82413728 -3.68985723 -2.23797975
 -4.48975172 -3.94048784 -4.79218788 -3.54147776 -3.94048784 -2.30258509
 -4.6365087  -3.49992158 -2.30258509 -3.94048784 -4.3234799  -4.32795385]
log likelihood =  -2816.89877785
Edge derivatives =  [0.0053035133262645875, 0.005303513326264428, 0.776444743721364, 0.1776717669097164, -0.5573609426986451, 0.2020459574302823, 0.22607422351671233, 0.4855340894603133, 0.0752903389355668, -0.4465897800571189, 0.4855340894603113, 1.9762602896107043e-16, 0.28241841164421977, -0.6256265835122646, 1.8295296213804952e-16, 0.4855340894603114, 0.6081632514089476, 0.6104437143490776]
other derivatives: [ 1.99606802  1.89156708 -1.33845788  1.2066721   1.60825948 -0.46975401]
Current x array =  [-0.57648367 -0.86507545 -0.56860746  0.79434299 -1.29001975 -3.94236651
 -2.72379292 -2.72379292  0.24164186 -1.80554973 -3.73003533 -2.26061636
 -4.49526754 -3.91314179 -4.80944887 -3.49959485 -3.91314179 -2.30258509
 -4.64261126 -3.46089882 -2.30258509 -3.91314179 -4.30674456 -4.31095816]
log likelihood =  -2816.847406
Edge derivatives =  [-0.007502367302781601, -0.007502367302783211, -0.03384328800217279, 0.12315148952870408, -0.50591951476602, 0.44832448818359016, 0.16275108181057607, 0.3182735956236308, 0.03299458080303132, -0.6579758258528702, 0.31827359562363094, -8.90523937767184e-16, 0.21873246557669082, -0.8166651189656484, -9.561698620640287e-16, 0.3182735956236312, 0.4888262314527585, 0.4910501858286359]
other derivatives: [ 0.58230398  0.80235623  0.27321221  1.068247    0.51977622 -0.50395101]
Current x array =  [-0.57561178 -0.8626031  -0.57132676  0.79681558 -1.27858824 -3.93046014
 -2.72670464 -2.72670464  0.24165032 -1.80297245 -3.7345942  -2.26884826
 -4.48084246 -3.89251555 -4.7967455  -3.48320032 -3.89251555 -2.30258509
 -4.62696966 -3.4465728  -2.30258509 -3.89251555 -4.2856835  -4.28977621]
log likelihood =  -2816.81561446
Edge derivatives =  [-0.029339152642561754, -0.029339152642560748, -0.3233128651772686, 0.08546070304601175, -0.4866990321183972, 0.5337834074570104, 0.11232640681113115, 0.21037695920674965, -0.002775037996669283, -0.6900019172681181, 0.2103769592067496, 8.624863111689582e-16, 0.16735589987348337, -0.8172940905935506, 8.183525441146948e-16, 0.21037695920674848, 0.3968569911056581, 0.39891349521190506]
other derivatives: [ 0.59167178 -0.81899998  0.3216428   0.32905518 -0.14010766 -0.52764335]
Current x array =  [-0.57587134 -0.85928909 -0.5714627   0.80555686 -1.27025938 -3.92264799
 -2.72578476 -2.72578476  0.24145646 -1.80240051 -3.73701848 -2.27216015
 -4.46900116 -3.87945922 -4.78542919 -3.48183928 -3.87945922 -2.30258509
 -4.61373903 -3.44745461 -2.30258509 -3.87945922 -4.26973253 -4.27375889]
log likelihood =  -2816.78407758
Edge derivatives =  [-0.038212874436484856, -0.03821287443648567, -1.271735240915579, -0.008380733148705188, -0.4908331492126602, 0.41865170166161614, 0.07708064613232977, 0.09891544122442472, -0.004460253886443166, -0.6581177555893686, 0.09891544122442483, 7.599784475730264e-16, 0.13766444265491926, -0.7312564549496479, 7.772085264942368e-16, 0.09891544122442622, 0.3016346036188565, 0.30363084178961564]
other derivatives: [-2.22762537  0.85196916  0.91999937 -0.59803824 -1.19734977 -0.52659743]
Current x array =  [-0.57411916 -0.86268666 -0.57232967  0.81754364 -1.26031817 -3.9326842
 -2.72934876 -2.72934876  0.24408623 -1.79772574 -3.75205636 -2.26654447
 -4.4629123  -3.86561842 -4.78350352 -3.48583812 -3.86561842 -2.30258509
 -4.60630991 -3.45510192 -2.30258509 -3.86561842 -4.25346378 -4.25738736]
log likelihood =  -2816.74699312
Edge derivatives =  [-0.03971090674545983, -0.039710906745460066, -0.7514318073750097, -0.09667344522824034, -0.44535331363918673, 0.4272620408963905, 0.08478948531903688, 0.04788247158294498, 0.026059564789949672, -0.5325846151498089, 0.0478824715829431, 1.3559616741000692e-16, 0.14770711831818686, -0.5528625297343652, 1.575193998852499e-16, 0.047882471582943294, 0.2539421723306723, 0.25558812739223463]
other derivatives: [-1.48725121 -0.44992703  0.2359684  -1.43463694 -1.18548087 -0.4937192 ]
Current x array =  [-0.57484157 -0.8601462  -0.57128661  0.82635817 -1.25736107 -3.95582857
 -2.73425778 -2.73425778  0.24237437 -1.79104712 -3.77442697 -2.26305137
 -4.4657275  -3.85888543 -4.7916588  -3.49695779 -3.85888543 -2.30258509
 -4.6081796  -3.46979104 -2.30258509 -3.85888543 -4.24516735 -4.24901388]
log likelihood =  -2816.68097267
Edge derivatives =  [-0.012760603412716245, -0.012760603412715739, 0.14032389093915443, -0.2753223683489646, -0.3691591471637466, 0.2992170753809553, 0.1271696496792303, -0.02899748017721447, 0.1239771060589138, -0.2564792394002112, -0.02899748017721516, 2.8522457575169042e-15, 0.1996202786242937, -0.17349003905570828, 2.802120840544552e-15, -0.02899748017721522, 0.1811664106518521, 0.18215096810892883]
other derivatives: [ 0.27812348 -0.48116817 -0.3733021  -2.02512638 -0.90976755 -0.40154191]
Current x array =  [-0.57619443 -0.8601762  -0.57032931  0.83237937 -1.25690368 -4.0191782
 -2.74898132 -2.74898132  0.23975031 -1.77519002 -3.83045154 -2.24901906
 -4.47903553 -3.8476173  -4.81864287 -3.52094522 -3.8476173  -2.30258509
 -4.619896   -3.50086659 -2.30258509 -3.8476173  -4.23204684 -4.23571679]
log likelihood =  -2816.660085
Edge derivatives =  [0.027309753698999552, 0.027309753698998768, 0.7117746136854389, -0.4407906646062233, -0.24755059503981314, 0.3215656291774013, 0.19739449474514795, -0.10302585602500064, 0.24678614997406656, 0.12921593396496378, -0.10302585602499921, 1.3234229462009326e-15, 0.26823806275205003, 0.3206913717734472, 1.2834055232869395e-15, -0.10302585602499861, 0.09711297807241387, 0.09758529556425925]
other derivatives: [-9.20431376 -3.03507477 -1.21708581 -1.35428309  0.05420588 -0.27080205]
Current x array =  [-0.56945378 -0.8555143  -0.56961359  0.82211221 -1.26742993 -4.1059378
 -2.76727714 -2.76727714  0.23941991 -1.75767841 -3.90753382 -2.23666278
 -4.49731651 -3.83672347 -4.85398579 -3.55529518 -3.83672347 -2.30258509
 -4.63544214 -3.54297997 -2.30258509 -3.83672347 -4.21698946 -4.22044337]
log likelihood =  -2816.61387878
Edge derivatives =  [0.049396464536130204, 0.04939646453613, 0.14203771860557357, -0.4605194949400654, -0.2547595901821413, 0.1533773780405565, 0.19481158252040354, -0.13937960444732989, 0.2721418128523242, 0.19213661633467127, -0.1393796044473286, -1.3967948043277314e-16, 0.2736562655867082, 0.4120107296826733, -9.39446136251679e-17, -0.13937960444733064, 0.058811749733274576, 0.0588940516346875]
other derivatives: [ 0.82982297 -0.65297172 -0.33846845 -0.57966645 -0.25165718 -0.25383997]
Current x array =  [-0.57630524 -0.85989879 -0.57051599  0.81660583 -1.26640407 -4.12430987
 -2.77213156 -2.77213156  0.24122801 -1.7542496  -3.92470312 -2.22813897
 -4.4986292  -3.83089435 -4.8595413  -3.56071466 -3.83089435 -2.30258509
 -4.63592949 -3.55024074 -2.30258509 -3.83089435 -4.20974797 -4.21313017]
log likelihood =  -2816.60856637
Edge derivatives =  [0.05365141286846193, 0.05365141286846405, -0.1246540841939337, -0.41869426454587316, -0.2599733540616995, 0.1857510738947371, 0.18940593506748965, -0.1305665621521438, 0.2606107987472458, 0.13571633281508388, -0.13056656215214318, 1.367107654622758e-15, 0.2662130366404037, 0.33811067540957435, 1.282945046887247e-15, -0.13056656215214396, 0.06827157847535213, 0.06848149629969134]
other derivatives: [ 0.47198228 -0.09599717  0.10950316 -0.14397301 -0.27262104 -0.26248017]
Current x array =  [-0.5759482  -0.86097028 -0.57121772  0.81200766 -1.26760595 -4.11651128
 -2.77083368 -2.77083368  0.24201681 -1.75678025 -3.91820752 -2.22998186
 -4.49682545 -3.83207331 -4.85604391 -3.55542819 -3.83207331 -2.30258509
 -4.63428729 -3.54358229 -2.30258509 -3.83207331 -4.21129829 -4.21469736]
log likelihood =  -2816.60251687
Edge derivatives =  [0.06993870174874683, 0.06993870174874647, -0.06527035644039092, -0.362715662126449, -0.24876478140596986, 0.2147149821121641, 0.17595982784638872, -0.1563027070388624, 0.25258951848786054, 0.10132334431024026, -0.15630270703886207, -2.1305370162883054e-17, 0.2493209859789522, 0.2949004004080451, 2.137644028510901e-17, -0.156302707038862, 0.03951242077557819, 0.03962613840066368]
other derivatives: [ 0.00545697  0.13419594  0.47280082  0.26839189 -0.12969394 -0.25956979]
Current x array =  [-0.57551627 -0.86143896 -0.57181515  0.80709097 -1.26960911 -4.118646
 -2.771618   -2.771618    0.24167852 -1.75895114 -3.92328838 -2.22996849
 -4.49322233 -3.82880175 -4.85273741 -3.5524039  -3.82880175 -2.30258509
 -4.62979224 -3.53966857 -2.30258509 -3.82880175 -4.20630976 -4.20967689]
log likelihood =  -2816.59215219
Edge derivatives =  [0.10168316974002586, 0.10168316974002556, -0.15614961789775328, -0.20430239922415067, -0.25501037853650377, 0.13817889147042473, 0.14473031817137486, -0.17495460960166717, 0.22488001468467517, 0.040368208114063164, -0.17495460960166595, 5.505649665213486e-15, 0.2101597655192053, 0.19541835639594018, 5.416766277773959e-15, -0.1749546096016665, -0.0014501068603617155, -0.00159210487445886]
other derivatives: [-0.35511221  0.29585863  0.30659066  0.62987056 -0.009004   -0.26011548]
Current x array =  [-0.57520665 -0.86186896 -0.57153164  0.80303034 -1.27212845 -4.1194205
 -2.77043842 -2.77043842  0.24233539 -1.76684291 -3.92822463 -2.22691173
 -4.48480475 -3.82642196 -4.84290378 -3.54706818 -3.82642196 -2.30258509
 -4.61943109 -3.53087858 -2.30258509 -3.82642196 -4.19924605 -4.20258189]
log likelihood =  -2816.5960757
Edge derivatives =  [0.15588948501897956, 0.15588948501897767, 0.3674254785009811, 0.15531302839990255, -0.2492310270406847, -0.15781719746756517, 0.08586834501278347, -0.19041727133108124, 0.17994368952045306, 0.05425553358866908, -0.1904172713310837, 6.019025555237833e-16, 0.12271496522068666, 0.11800031144291855, 5.439234606353045e-16, -0.19041727133108308, -0.11258580334654712, -0.1130821026594172]
other derivatives: [-0.74619493 -0.22241693  5.84673217  0.29817784  1.11272129 -0.21759661]
Current x array =  [-0.5746589  -0.86117821 -0.57929129  0.80298365 -1.28049067 -4.15227251
 -2.76864035 -2.76864035  0.24210445 -1.78448259 -3.96556449 -2.21364121
 -4.46840342 -3.82456869 -4.82570218 -3.54957797 -3.82456869 -2.30258509
 -4.59634416 -3.52465045 -2.30258509 -3.82456869 -4.18095341 -4.18418817]
log likelihood =  -2816.58485894
Edge derivatives =  [0.1258704682745062, 0.12587046827450543, 0.07870187063852901, -0.04268711371069989, -0.2520992473482827, 0.00828983847041631, 0.11868774378415677, -0.18179205766387702, 0.20499705132047535, 0.04664870842815738, -0.18179205766387635, -2.9251928051285277e-16, 0.17145481210684382, 0.16105947797666523, -3.331627114100029e-16, -0.18179205766387568, -0.05069763643014939, -0.050994774789876705]
other derivatives: [-0.52959876  0.06525624  2.79460437  0.48221409  0.49185473 -0.2408342 ]
Current x array =  [-0.5749625  -0.86156106 -0.57499043  0.80300953 -1.27585583 -4.13406398
 -2.76963695 -2.76963695  0.24223245 -1.77470563 -3.94486853 -2.22099652
 -4.47749401 -3.82559588 -4.83523632 -3.5481869  -3.82559588 -2.30258509
 -4.6091403  -3.52810245 -2.30258509 -3.82559588 -4.19109227 -4.19438306]
log likelihood =  -2816.56974212
Edge derivatives =  [0.17789152188229984, 0.17789152188229745, 0.11323866210044486, 0.19607121107346825, -0.2639058533698432, -0.2124069171869909, 0.07656497777751017, -0.182383204998775, 0.17077757876897504, 0.03461180289364296, -0.18238320499877497, 2.3054691167169333e-17, 0.11446379757996238, 0.08472411908512877, 2.29972758137256e-17, -0.1823832049987757, -0.11155084722129886, -0.11248760470442218]
other derivatives: [-0.63059815  0.26202542  1.04992068  0.49412847  0.65138011 -0.22587301]
Current x array =  [-0.57496679 -0.86225979 -0.57220654  0.80317625 -1.27882896 -4.14891913
 -2.76755109 -2.76755109  0.24337424 -1.78705028 -3.96269991 -2.21180974
 -4.46613465 -3.8250352  -4.8223701  -3.54735975 -3.8250352  -2.30258509
 -4.5938555  -3.52131714 -2.30258509 -3.8250352  -4.18064205 -4.1838823 ]
log likelihood =  -2816.55857163
Edge derivatives =  [0.20217581209759725, 0.20217581209759622, -0.03767846511763362, 0.3400202026738106, -0.2645187938999653, -0.38638709060559084, 0.053080904323428955, -0.15806063959714123, 0.15019084825308432, 0.07674150540517044, -0.15806063959714262, 1.3233887638513527e-15, 0.07561059532904991, 0.07542937094953484, 1.3555970685832308e-15, -0.1580606395971419, -0.14865658824652928, -0.15005067732565655]
other derivatives: [-0.33578544 -0.11405064 -0.01027729  0.17539605  0.60272214 -0.20277184]
Current x array =  [-0.57530278 -0.86171383 -0.57046282  0.80726674 -1.27873966 -4.16970321
 -2.76517455 -2.76517455  0.24483227 -1.79526255 -3.98334577 -2.20400646
 -4.45920791 -3.82776481 -4.81442426 -3.55152726 -3.82776481 -2.30258509
 -4.58339761 -3.5205834  -2.30258509 -3.82776481 -4.17441015 -4.17761984]
log likelihood =  -2816.54696647
Edge derivatives =  [0.20448383703918238, 0.2044838370391803, -0.07925050205271683, 0.4084962652873322, -0.2437678809587829, -0.47693241592907865, 0.03671513926200885, -0.11424069130273258, 0.13543276723639686, 0.15470249988443008, -0.11424069130273043, 2.2321434554102027e-16, 0.038983689847334003, 0.1047592535015683, 1.5651943053653e-16, -0.11424069130273062, -0.17869853186382487, -0.18040255470652297]
other derivatives: [-0.36820893  0.09608812 -0.59949343 -0.32782737  0.38353392 -0.17003003]
Current x array =  [-0.57540656 -0.86227422 -0.56950692  0.81340707 -1.27578059 -4.20049999
 -2.76184304 -2.76184304  0.24518812 -1.80070626 -4.01261073 -2.19768962
 -4.45357445 -3.83295757 -4.80786373 -3.55921132 -3.83295757 -2.30258509
 -4.57364591 -3.52330224 -2.30258509 -3.83295757 -4.16949856 -4.17268291]
log likelihood =  -2816.55618025
Edge derivatives =  [0.1678728656431467, 0.16787286564314557, -0.13273842218565712, 0.4973566956561273, -0.13511206067122858, -0.25257146680902975, 0.028030735413694805, 0.03350143581398234, 0.09743592252211447, 0.2907761300245648, 0.033501435813981545, 1.2779879808566314e-15, -0.027508076064631994, 0.1202455022144118, 1.3059851675173453e-15, 0.03350143581398257, -0.1876449792323536, -0.18996744367795926]
other derivatives: [ 3.18545972 -5.00926944 -1.90962055 -0.11868906  0.44342414 -0.09326868]
Current x array =  [-0.57805047 -0.85214026 -0.56767841  0.81165668 -1.27476784 -4.26775243
 -2.75121652 -2.75121652  0.24540268 -1.80924635 -4.07625082 -2.19617448
 -4.44405184 -3.85120282 -4.79366005 -3.57236952 -3.85120282 -2.30258509
 -4.55558272 -3.52488418 -2.30258509 -3.85120282 -4.16769093 -4.17087696]
log likelihood =  -2816.53998349
Edge derivatives =  [0.19020057119226697, 0.19020057119226547, -0.09817937268608629, 0.4441646392725097, -0.19890769402264466, -0.38636629598726, 0.03343198439278777, -0.055322039559548924, 0.1205336883558852, 0.20894589680521147, -0.0553220395595477, -5.700809346126732e-16, 0.012801399455070729, 0.11104975988742041, -4.4082577949671643e-16, -0.05532203955954745, -0.18218222184962457, -0.18412931865167143]
other derivatives: [ 1.04455466 -1.91271283 -1.11822374 -0.24465407  0.40845407 -0.13887984]
Current x array =  [-0.57645399 -0.8582595  -0.56878253  0.81271363 -1.27537937 -4.22714306
 -2.75763318 -2.75763318  0.24527312 -1.80408955 -4.03782272 -2.19708938
 -4.44980192 -3.8401857  -4.80223673 -3.56442414 -3.8401857  -2.30258509
 -4.5664899  -3.52392895 -2.30258509 -3.8401857  -4.16878244 -4.17196746]
log likelihood =  -2816.52786773
Edge derivatives =  [0.15876536605811103, 0.1587653660581077, -0.0854919256951322, 0.41060449805943816, -0.159716597726478, -0.27380141674077774, 0.026861424215997895, 0.008087779950932232, 0.10505624530787872, 0.2563365978285693, 0.008087779950933786, 4.852462974422719e-16, -0.015607121163008088, 0.11655004266469401, 4.650326414520185e-16, 0.008087779950933294, -0.17997265758338957, -0.18183824015410097]
other derivatives: [ 0.66406756 -1.12754606 -0.84414751 -0.50208655  0.09163159 -0.11264092]
Current x array =  [-0.5762098  -0.85979436 -0.56926451  0.81598755 -1.27098336 -4.25260479
 -2.75225721 -2.75225721  0.2444016  -1.80566486 -4.06179345 -2.19742028
 -4.4458985  -3.8481403  -4.79590911 -3.56933643 -3.8481403  -2.30258509
 -4.55936527 -3.5245888  -2.30258509 -3.8481403  -4.16924659 -4.1724449 ]
log likelihood =  -2816.51531793
Edge derivatives =  [0.09393966433127024, 0.0939396643312706, 0.07502407621944879, 0.28678165082049445, -0.09063653000529848, 0.025607247843352887, 0.02010350110192833, 0.08716766261991893, 0.08159602797478183, 0.27107178727333625, 0.08716766261992023, 1.1386928240726814e-16, -0.05089519531497055, 0.09026117570577315, 1.1698586303582037e-16, 0.08716766261991857, -0.16246001951809588, -0.16406123454504526]
other derivatives: [ 0.24688234 -0.10563781 -0.25866029 -0.32655407 -0.17380444 -0.07953531]
Current x array =  [-0.57583204 -0.86171583 -0.57034769  0.81426884 -1.26710459 -4.28364687
 -2.74409241 -2.74409241  0.24236081 -1.80387653 -4.09223762 -2.20212327
 -4.44073772 -3.85809609 -4.78666618 -3.57125506 -3.85809609 -2.30258509
 -4.55070938 -3.52234134 -2.30258509 -3.85809609 -4.17209365 -4.17532656]
log likelihood =  -2816.51119431
Edge derivatives =  [0.04642461491020595, 0.046424614910205615, 0.007679770239481687, 0.17238978201854485, -0.05715140682006451, 0.19308945758776808, 0.017040826214325476, 0.11368211582981982, 0.06747649304459818, 0.24004748998596537, 0.1136821158298186, -3.574808106542389e-15, -0.06437185815033086, 0.05775111903765727, -3.4533272141818477e-15, 0.11368211582981794, -0.14389256088300453, -0.1452626270810676]
other derivatives: [-1.26869963 -0.08712959  0.01236913 -0.04029062 -0.22005224 -0.06457412]
Current x array =  [-0.57470393 -0.8617338  -0.57088927  0.81097524 -1.26710809 -4.29633562
 -2.73970476 -2.73970476  0.24218759 -1.80015748 -4.10534657 -2.20522621
 -4.43832752 -3.86154189 -4.78177414 -3.56856857 -3.86154189 -2.30258509
 -4.5475463  -3.51951157 -2.30258509 -3.86154189 -4.17511097 -4.17837425]
log likelihood =  -2816.51001458
Edge derivatives =  [0.0037697282579772576, 0.003769728257978139, 0.01028055091231006, 0.053019999946959245, -0.026943164889519193, 0.35460530538143487, 0.008804962908271756, 0.12326827849483589, 0.05380815314662684, 0.18228344753031012, 0.12326827849483298, 9.37188981106461e-17, -0.07794430761812493, 0.011752493933826123, 1.1988698239549734e-16, 0.12326827849483353, -0.1295149256056869, -0.13077797667844104]
other derivatives: [ 1.3382305   0.78125595  0.53951226  0.43469299 -0.17344064 -0.05425136]
Current x array =  [-0.57641993 -0.86336573 -0.571594    0.80618474 -1.2682303  -4.30650715
 -2.73595513 -2.73595513  0.24197258 -1.79555332 -4.11712631 -2.20793097
 -4.43525663 -3.86241882 -4.77641869 -3.56322729 -3.86241882 -2.30258509
 -4.54421615 -3.51517097 -2.30258509 -3.86241882 -4.1771524  -4.18044046]
log likelihood =  -2816.50760194
Edge derivatives =  [0.010873632393902509, 0.010873632393902717, -0.016784663525370946, 0.0652333478446018, -0.039013349705322886, 0.2836333747823587, 0.009760876210381506, 0.11025895548462769, 0.05648167591411875, 0.1794939793797028, 0.11025895548462625, 5.914716051904399e-17, -0.07246711820600928, 0.018241425595990186, 7.391964403592668e-17, 0.11025895548462553, -0.13117650857914293, -0.13246067747198242]
other derivatives: [-0.04552021  0.28126124  0.25556801  0.33428478 -0.10518306 -0.05752554]
Current x array =  [-0.5754836  -0.8624467  -0.57117717  0.8069683  -1.26921249 -4.30311507
 -2.7370588  -2.7370588   0.24246435 -1.79554227 -4.11361942 -2.20642867
 -4.43600837 -3.86085756 -4.77771818 -3.56293374 -3.86085756 -2.30258509
 -4.54556527 -3.51580766 -2.30258509 -3.86085756 -4.17694258 -4.18022759]
log likelihood =  -2816.50586915
Edge derivatives =  [0.008447033476209988, 0.008447033476209717, -0.05441743310645403, 0.05062257948023477, -0.0479198954550928, 0.212215574127679, 0.00605513448177503, 0.0957326657019278, 0.05471222431501647, 0.1613986804064118, 0.09573266570192913, 1.3315256086131222e-16, -0.07211107899685044, 0.015400851609379915, 1.3315318309686333e-16, 0.09573266570192844, -0.13226866109784882, -0.13359064953416103]
other derivatives: [-0.65724635  0.01136868  0.01496119  0.27380338 -0.01682565 -0.0565251 ]
Current x array =  [-0.57508391 -0.8619969  -0.5707554   0.80746735 -1.2706228  -4.30385733
 -2.73727026 -2.73727026  0.24315122 -1.79447547 -4.11465567 -2.20423699
 -4.43554998 -3.85897444 -4.77727782 -3.56125503 -3.85897444 -2.30258509
 -4.54561153 -3.51554497 -2.30258509 -3.85897444 -4.17673279 -4.18001859]
log likelihood =  -2816.50297712
Edge derivatives =  [-0.012802449966224427, -0.01280244996622331, -0.10156905888290291, -0.022972245627653626, -0.05797365598752634, 0.0888528009527143, -0.004815232430553075, 0.07117732029159164, 0.046540022478779634, 0.11371243669459719, 0.07117732029159125, -1.4892783936088497e-16, -0.07636490780943166, 0.004619992742306726, -5.921707386639744e-17, 0.07117732029159105, -0.12970895978454305, -0.1310727235630338]
other derivatives: [-1.04018909 -0.24060682 -0.27048372  0.13633326  0.13865247 -0.04893081]
Current x array =  [-0.57486891 -0.86165815 -0.57015141  0.80878768 -1.27306391 -4.31156034
 -2.73630685 -2.73630685  0.24438025 -1.79075905 -4.12306547 -2.19958664
 -4.43356718 -3.85569069 -4.77455145 -3.55693391 -3.85569069 -2.30258509
 -4.54447355 -3.51452407 -2.30258509 -3.85569069 -4.17704043 -4.18033722]
log likelihood =  -2816.50047374
Edge derivatives =  [-0.04759489397928338, -0.047594893979284826, -0.04145650653383387, -0.12278342648907545, -0.06038393239286372, -0.018653114936464932, -0.01847743431379545, 0.051692222743241284, 0.03301373738175322, 0.05506464019164514, 0.051692222743240854, 8.316591218250502e-16, -0.08409827275786581, -0.011735685408300452, 9.322240918432386e-16, 0.05169222274324236, -0.11929438700925633, -0.12056268893018304]
other derivatives: [-0.75674507 -0.35852281  0.11623342 -0.09354153  0.22409949 -0.03742571]
Current x array =  [-0.57510836 -0.86152415 -0.57054505  0.81103464 -1.2737558  -4.32430003
 -2.73416664 -2.73416664  0.24470301 -1.7865287  -4.13658352 -2.1949703
 -4.43078875 -3.85313104 -4.77002118 -3.5518256  -3.85313104 -2.30258509
 -4.54260651 -3.51311225 -2.30258509 -3.85313104 -4.17872714 -4.18205064]
log likelihood =  -2816.50123059
Edge derivatives =  [-0.08999434696346856, -0.08999434696346736, 0.01478664136950869, -0.26600092359981914, -0.0480975128679685, -0.043666177987982224, -0.0350513230881329, 0.03945599826496172, 0.012670462294807531, -0.03174673520067872, 0.03945599826496229, 2.0151112726082663e-16, -0.09327935759032219, -0.04106590913801291, 1.8943451104105735e-16, 0.03945599826496242, -0.08942013566749822, -0.09061439075953626]
other derivatives: [ 0.06102709  0.24519977 -1.77451511 -0.04652065  0.00750333 -0.02210072]
Current x array =  [-0.57578585 -0.86280562 -0.56775805  0.81150677 -1.27248688 -4.34342406
 -2.73038156 -2.73038156  0.24453951 -1.78115061 -4.15703399 -2.19148671
 -4.42698032 -3.85113218 -4.76265123 -3.54407517 -3.85113218 -2.30258509
 -4.54027662 -3.51026214 -2.30258509 -3.85113218 -4.18333527 -4.18671568]
log likelihood =  -2816.49958215
Edge derivatives =  [-0.06554396270953061, -0.06554396270953013, -0.017350961931441256, -0.18336244329844834, -0.05505512576829761, -0.028973374927351747, -0.02548519901546062, 0.04651663283276575, 0.024419797678058658, 0.018358239015503708, 0.04651663283276633, -2.5336700523119064e-15, -0.0879835260096258, -0.024143870847173524, -2.5088477793344903e-15, 0.046516632832766774, -0.10661030145486844, -0.10784658536788637]
other derivatives: [-0.40981831 -0.102591   -0.68248482 -0.07357812  0.13251338 -0.03092282]
Current x array =  [-0.57539547 -0.86206724 -0.56936392  0.81123473 -1.27321803 -4.33240476
 -2.73256253 -2.73256253  0.24463372 -1.78424948 -4.14525039 -2.19349396
 -4.42917475 -3.85228393 -4.76689781 -3.54854098 -3.85228393 -2.30258509
 -4.54161911 -3.51190438 -2.30258509 -3.85228393 -4.18068006 -4.18402768]
log likelihood =  -2816.49863891
Edge derivatives =  [-0.07776795068393805, -0.07776795068393788, -0.006545095404582035, -0.21135876691079533, -0.05143829653796211, -0.041585555449064504, -0.029894056484259333, 0.042041907521866456, 0.018208431470427066, -0.005994544180156769, 0.042041907521868836, 7.2255557355674e-16, -0.08988034771213013, -0.031904174875661974, 7.115016439385346e-16, 0.042041907521869946, -0.09690852064029937, -0.0980106689208844]
other derivatives: [ 0.12369128 -0.05193215 -0.19972504 -0.10722943  0.08253664 -0.02637535]
Current x array =  [-0.57576397 -0.86214024 -0.57005283  0.81160861 -1.27229685 -4.33778599
 -2.73167558 -2.73167558  0.24435076 -1.78335631 -4.15099434 -2.19255111
 -4.42823307 -3.85173309 -4.76482285 -3.546484   -3.85173309 -2.30258509
 -4.54124361 -3.51126571 -2.30258509 -3.85173309 -4.18231185 -4.18567902]
log likelihood =  -2816.49798291
Edge derivatives =  [-0.07897645613781981, -0.07897645613781912, -0.004294786451715993, -0.2087929995030041, -0.04802578925143142, -0.037776415362148374, -0.03139553527809128, 0.03932586672798935, 0.01485128577252044, -0.019883349722640054, 0.03932586672799051, -4.592648603028012e-16, -0.0885238597105034, -0.03451285229955278, -4.557450942891749e-16, 0.03932586672799109, -0.08691854860409398, -0.08787769829882289]
other derivatives: [ 0.46902642  0.08126335  0.10991243 -0.09240466 -0.01514309 -0.02478373]
Current x array =  [-0.57599556 -0.86235457 -0.57054713  0.81155978 -1.27090491 -4.34049849
 -2.73148396 -2.73148396  0.24389683 -1.78378104 -4.15394576 -2.19240105
 -4.42800738 -3.85142245 -4.76368307 -3.54533838 -3.85142245 -2.30258509
 -4.54167475 -3.51107076 -2.30258509 -3.85142245 -4.18400573 -4.18739122]
log likelihood =  -2816.49720759
Edge derivatives =  [-0.07223201935227073, -0.07223201935226953, -0.0035682308753195446, -0.183084936226052, -0.04546176137006546, -0.03946410305162762, -0.032032791900112954, 0.033630571759127086, 0.011964428490857501, -0.0336015105720231, 0.03363057175912804, 4.454190810347731e-16, -0.08403693743054182, -0.03328909363095041, 3.916550779387761e-16, 0.033630571759126766, -0.07327534736531016, -0.07405050986943966]
other derivatives: [ 0.58776095  0.19131221  0.30240699 -0.06511982 -0.14415491 -0.02382876]
Current x array =  [-0.57607089 -0.86252008 -0.57090692  0.81140809 -1.26916325 -4.34276422
 -2.73181541 -2.73181541  0.24333127 -1.78519491 -4.15647569 -2.19217142
 -4.42813298 -3.8507478  -4.7627109  -3.54421643 -3.8507478  -2.30258509
 -4.54288721 -3.51121325 -2.30258509 -3.8507478  -4.18632118 -4.18973112]
log likelihood =  -2816.49586536
Edge derivatives =  [-0.05314545371396149, -0.05314545371396, 0.05251124773388688, -0.1173966944056109, -0.0409325292725196, -0.04426586177220182, -0.03230330807399875, 0.02024924314306871, 0.007190439254488928, -0.0558768247632172, 0.020249243143069903, 2.334685139932635e-15, -0.07370865860873728, -0.027242411482155886, 2.4001433293827855e-15, 0.02024924314306955, -0.04774132264953902, -0.04823382454703068]
other derivatives: [ 0.57407306  0.10700205  0.35506673 -0.01455192 -0.24842848 -0.02055458]
Current x array =  [-0.57605378 -0.86230784 -0.57109469  0.81090964 -1.26750308 -4.34687872
 -2.7328378  -2.7328378   0.24252715 -1.78827717 -4.16115333 -2.1916025
 -4.42853611 -3.84907221 -4.76105823 -3.54235139 -3.84907221 -2.30258509
 -4.54552152 -3.5117461  -2.30258509 -3.84907221 -4.19059851 -4.19405397]
log likelihood =  -2816.50531576
Edge derivatives =  [-0.027225628667105248, -0.027225628667103888, -0.23588990370192242, -0.03935770648081033, -0.030728919671326294, -0.03811979597833426, -0.04251029221804829, -0.025900473837597783, -0.012960064154937443, -0.1470384933879807, -0.025900473837598574, 1.0343924532483505e-15, -0.055085913688190796, -0.03018006087329489, 1.0492899352092027e-15, -0.025900473837597464, 0.01943713106556965, 0.01980030823633306]
other derivatives: [ -3.19314495e+00   2.47573553e+00   1.09130269e+00   8.61746230e-02
  -1.72167347e-01  -3.18323146e-04]
Current x array =  [-0.57329756 -0.86733126 -0.57211168  0.80962738 -1.27034839 -4.36744159
 -2.73370406 -2.73370406  0.24440022 -1.7920698  -4.1845969  -2.18865063
 -4.42726282 -3.84288966 -4.75289135 -3.53457051 -3.84288966 -2.30258509
 -4.55048357 -3.51116811 -2.30258509 -3.84288966 -4.20171937 -4.20530265]
log likelihood =  -2816.49547826
Edge derivatives =  [-0.04884578122502331, -0.048845781225024434, 0.0051156502416928595, -0.10443412850222489, -0.03916163068635493, -0.04304778073572435, -0.033984775751297526, 0.012640898526745714, 0.0038775402617971227, -0.07090259299883028, 0.012640898526745693, 6.990492410940654e-16, -0.07061831687207361, -0.027713975297687453, 6.150054548135286e-16, 0.012640898526746193, -0.03656881447399429, -0.03691848968080744]
other derivatives: [-0.04570211  0.50054041  0.47707545  0.00236469 -0.23551365 -0.01714398]
Current x array =  [-0.57559776 -0.86313897 -0.57126295  0.81069749 -1.26797384 -4.35028086
 -2.73298113 -2.73298113  0.24283705 -1.78890466 -4.16503209 -2.19111411
 -4.42832544 -3.84804931 -4.75970702 -3.54106404 -3.84804931 -2.30258509
 -4.54634249 -3.51165047 -2.30258509 -3.84804931 -4.19243846 -4.19591507]
log likelihood =  -2816.49431394
Edge derivatives =  [-0.01894886965268404, -0.01894886965268474, 0.054537063959078425, -0.010436362329776766, -0.03599501842244499, -0.0438392093365606, -0.031831222556883976, -0.0033648660887838355, 0.0014314018558484604, -0.08452874002708965, -0.003364866088782323, 3.715370479232982e-15, -0.056390527910737204, -0.015515612369379872, 3.685304276977325e-15, -0.003364866088781976, -0.011283200489835409, -0.011420703909521962]
other derivatives: [-0.0779437   0.20772859  0.23846951  0.0648015  -0.21650521 -0.01473381]
Current x array =  [-0.57557242 -0.86255794 -0.57097118  0.80999513 -1.26793777 -4.3527087
 -2.73476138 -2.73476138  0.24255505 -1.79280636 -4.16806755 -2.19071621
 -4.42929752 -3.84596568 -4.75874749 -3.5398702  -3.84596568 -2.30258509
 -4.54982863 -3.51263763 -2.30258509 -3.84596568 -4.19662153 -4.20014212]
log likelihood =  -2816.49373294
Edge derivatives =  [-0.000561047612886327, -0.0005610476128846895, 0.005172778804742428, 0.044723721364032465, -0.03300816708912812, -0.02173677454200651, -0.02935893479767204, -0.011773094071955113, 0.0006889802421428601, -0.08333125262219798, -0.0117730940719575, 8.887378849284452e-17, -0.0471187313183042, -0.007655929956247934, 8.887290231587473e-17, -0.01177309407195741, 0.0016535186310152432, 0.0015660362511726277]
other derivatives: [ 0.15688784  0.11295924  0.07880772  0.07116796 -0.07639755 -0.01236913]
Current x array =  [-0.57573367 -0.86243144 -0.57065055  0.80991634 -1.26981843 -4.3541885
 -2.73585988 -2.73585988  0.24336809 -1.79477955 -4.17015079 -2.19088243
 -4.42998062 -3.84475242 -4.75816665 -3.53991423 -3.84475242 -2.30258509
 -4.55201002 -3.51318235 -2.30258509 -3.84475242 -4.19867501 -4.20221844]
log likelihood =  -2816.49388794
Edge derivatives =  [-0.010040745871157213, -0.010040745871154451, 0.05332088921932138, 0.022811384570680437, -0.026283148532361723, -0.01257257090300734, -0.03131393111273387, -0.017600664419321517, -0.006748321390306518, -0.09590218007404538, -0.017600664419319602, 1.6483581247167817e-15, -0.04503763842534343, -0.012627474744107345, 1.6173122869509126e-15, -0.01760066441932004, 0.013668957000583012, 0.01363996250782826]
other derivatives: [-0.65779204 -0.45351953 -0.14169927 -0.06903065  0.05334186 -0.00477485]
Current x array =  [-0.57519893 -0.86140383 -0.57027636  0.81109696 -1.27113867 -4.3610191
 -2.73515096 -2.73515096  0.24376395 -1.79375134 -4.17779227 -2.19022996
 -4.42936687 -3.84400103 -4.75568827 -3.53888982 -3.84400103 -2.30258509
 -4.55249291 -3.51276737 -2.30258509 -3.84400103 -4.20067538 -4.20424447]
log likelihood =  -2816.49359725
Edge derivatives =  [-0.0044095901634179785, -0.004409590163414724, 0.024707800163147164, 0.03583107524467408, -0.030259939288155804, -0.01798923258741414, -0.03015165242724139, -0.014137807848509633, -0.0023270257985895416, -0.08843334021754456, -0.014137807848509536, 1.1717173190370913e-15, -0.04627344720202009, -0.00967316132822478, 1.140126990353576e-15, -0.01413780784851041, 0.006534973074524726, 0.006471298953501226]
other derivatives: [-0.17371349 -0.11714292 -0.01091394  0.01418812 -0.02360139 -0.0093678 ]
Current x array =  [-0.57551657 -0.86201425 -0.57049863  0.81039566 -1.27035443 -4.35696164
 -2.73557206 -2.73557206  0.2435288  -1.79436211 -4.17325313 -2.19061754
 -4.42973145 -3.84444737 -4.75716046 -3.53949833 -3.84444737 -2.30258509
 -4.55220607 -3.51301387 -2.30258509 -3.84444737 -4.19948714 -4.20304098]
log likelihood =  -2816.49348891
Edge derivatives =  [-0.0025032826669353983, -0.0025032826669354885, -0.003501324110088855, 0.04003543847331298, -0.028617338020600562, 0.0029337217919360725, -0.028626813032697943, -0.012418968513226353, -0.0016382457583815867, -0.07968487198161545, -0.012418968513225909, 3.440767283177795e-16, -0.04475762142495152, -0.008383663070362153, 3.868097934052106e-16, -0.012418968513226207, 0.006304376834730549, 0.006208943089728237]
other derivatives: [-0.06903065 -0.07153176 -0.05557013  0.00400178  0.03901732 -0.00854925]
Current x array =  [-0.57558756 -0.86213071 -0.57038324  0.81051576 -1.2712434  -4.35678578
 -2.7356818  -2.7356818   0.24394716 -1.79438762 -4.17324493 -2.19109914
 -4.42997164 -3.84460172 -4.75722441 -3.54024084 -3.84460172 -2.30258509
 -4.55253025 -3.51307518 -2.30258509 -3.84460172 -4.19940264 -4.20295618]
log likelihood =  -2816.4933689
Edge derivatives =  [-0.0034176387248666396, -0.003417638724862948, -0.012104951731411184, 0.035754350172083504, -0.026661104887832895, 0.019062497089398667, -0.027100168822480838, -0.010238717717155336, -0.0015780242802450415, -0.06922946047124912, -0.010238717717155302, 1.6084661306508256e-15, -0.04272565560695482, -0.007545339259758192, 1.6469829130108678e-15, -0.010238717717155982, 0.0068832424427615994, 0.00678276748022294]
other derivatives: [-0.01268745 -0.03446985 -0.05638867 -0.01878107  0.06493792 -0.00818545]
Current x array =  [-0.57562788 -0.86221747 -0.57035719  0.8107659  -1.27157876 -4.35723545
 -2.73567244 -2.73567244  0.24412608 -1.79412254 -4.17396209 -2.19141811
 -4.43025405 -3.84483678 -4.75708218 -3.54117809 -3.84483678 -2.30258509
 -4.55301094 -3.513128   -2.30258509 -3.84483678 -4.19948205 -4.20303794]
log likelihood =  -2816.49303088
Edge derivatives =  [-0.00834920841958818, -0.008349208419587834, -0.04379105342946282, 0.01495733643503877, -0.020126375776810736, 0.056129890316448106, -0.022183452513635245, -0.004801224943392822, -0.003115083178545773, -0.03540483152840945, -0.004801224943396062, -5.4881735780600933e-17, -0.03349546229572917, -0.004551943001288583, -6.084357768176649e-17, -0.0048012249433950355, 0.013324862151861266, 0.01327736133440996]
other derivatives: [ 0.0907221   0.05693437 -0.09267751 -0.06575647  0.07457857 -0.00400178]
Current x array =  [-0.57570611 -0.8624173  -0.57027271  0.81138387 -1.27177652 -4.36051327
 -2.73560502 -2.73560502  0.24443838 -1.79305652 -4.17841086 -2.19184949
 -4.43130896 -3.84539845 -4.75600183 -3.54427655 -3.84539845 -2.30258509
 -4.55525889 -3.51334534 -2.30258509 -3.84539845 -4.20052831 -4.2041024 ]
log likelihood =  -2816.4929131
Edge derivatives =  [-0.008405200288586379, -0.008405200288585414, -0.02937926755364917, 0.011120651294077799, -0.01658115717576724, 0.06910382075141341, -0.014443210734585144, 0.0005890877993226171, -0.002453387011961891, 0.012087799567763957, 0.0005890877993241089, -2.1575995956182434e-16, -0.02018996795115482, 0.0031500724444497932, -2.3730321895267497e-16, 0.0005890877993252608, 0.017195109334536544, 0.01725518595313306]
other derivatives: [ 0.05907168 -0.03715286  0.38594408 -0.06775736  0.12664714 -0.00222826]
Current x array =  [-0.57565537 -0.86221743 -0.57098023  0.81120471 -1.27201758 -4.3620381
 -2.73621575 -2.73621575  0.24437797 -1.79254657 -4.18125853 -2.19192226
 -4.43318697 -3.84601754 -4.75569974 -3.54864366 -3.84601754 -2.30258509
 -4.55855538 -3.51403359 -2.30258509 -3.84601754 -4.2012057  -4.20479552]
log likelihood =  -2816.49267733
Edge derivatives =  [-0.01181896564862988, -0.01181896564863049, -0.008140593502809101, -0.005689642315724219, -0.015152416195741245, 0.06267337254153416, -0.013695761507816609, 0.0015615390396183856, -0.004201822095148779, 0.019105370433898705, 0.0015615390396158599, -1.5828901463172162e-15, -0.016540129926687862, 0.0034173185755599564, -1.5648273039803378e-15, 0.0015615390396158182, 0.021617952557932172, 0.021715310794150712]
other derivatives: [ 0.01127773  0.04433787  0.03228706 -0.05429683  0.03929017 -0.0001819 ]
Current x array =  [-0.57564006 -0.86237029 -0.57050969  0.81125351 -1.27110682 -4.36438646
 -2.73605049 -2.73605049  0.24407461 -1.79190165 -4.18413259 -2.19141182
 -4.43347207 -3.84607595 -4.75490973 -3.54931881 -3.84607595 -2.30258509
 -4.55946198 -3.51403764 -2.30258509 -3.84607595 -4.20193226 -4.20553346]
log likelihood =  -2816.49260576
Edge derivatives =  [-0.012085568251307625, -0.012085568251306675, 0.011095144547142333, -0.007435993020936088, -0.01575648382966051, 0.04183064034098272, -0.014231320061392577, -0.0009921508911190091, -0.005798867538623298, 0.014414827341773462, -0.000992150891115963, 7.060556510413e-16, -0.014587047741065222, 0.003382358231116489, 6.182479880584135e-16, -0.0009921508911171634, 0.025446727945785407, 0.02559812583104443]
other derivatives: [-0.00868567  0.02269189 -0.01668923 -0.02887646 -0.00527507  0.00100044]
Current x array =  [-0.57562859 -0.86231452 -0.57047231  0.81101772 -1.27054452 -4.36600387
 -2.73607783 -2.73607783  0.24380599 -1.79187811 -4.18602008 -2.19065776
 -4.43351451 -3.84574168 -4.75435789 -3.54893181 -3.84574168 -2.30258509
 -4.55996826 -3.5140379  -2.30258509 -3.84574168 -4.20258168 -4.20619164]
log likelihood =  -2816.49254465
Edge derivatives =  [-0.012259546550340089, -0.012259546550342837, -0.009977533394288474, -0.01215059146948852, -0.01763062132239522, 0.015610833781351752, -0.012323431613678017, 0.00016440475681214067, -0.005927985918090527, 0.02325025741242448, 0.00016440475681260558, 2.6135860842942656e-15, -0.010576184819568797, 0.004359165999375435, 2.5329409527834365e-15, 0.00016440475681282762, 0.024407205216342546, 0.024585130707597266]
other derivatives: [-0.09254109 -0.01264198 -0.03224159  0.02050911 -0.03019522  0.00163709]
Current x array =  [-0.57556572 -0.86223772 -0.57047342  0.81051886 -1.27038765 -4.36687191
 -2.73630032 -2.73630032  0.24379301 -1.79155424 -4.18750628 -2.18978033
 -4.43411449 -3.84584721 -4.75420236 -3.54973774 -3.84584721 -2.30258509
 -4.56096738 -3.51411485 -2.30258509 -3.84584721 -4.2024011  -4.20601367]
log likelihood =  -2816.49253433
Edge derivatives =  [-0.01501043622498785, -0.015010436224986962, 0.02935840349979596, -0.021903283131041618, -0.019148465189325406, -0.019132637193436608, -0.012022205045354086, 0.00010962363209319342, -0.007443890342305404, 0.020234821293961036, 0.00010962363209105624, 1.833222550987022e-15, -0.008506502910344348, 0.002385292254309515, 1.924721226972359e-15, 0.00010962363209247872, 0.023141587931793273, 0.023326417560263827]
other derivatives: [ 0.22614586 -0.15634214 -0.00527507  0.02928573 -0.01527951  0.00331966]
Current x array =  [-0.57579267 -0.86194871 -0.57050274  0.81039317 -1.27040099 -4.36880924
 -2.73628914 -2.73628914  0.24363846 -1.79101121 -4.19012704 -2.18853657
 -4.43434086 -3.84578796 -4.75367214 -3.54947155 -3.84578796 -2.30258509
 -4.56147259 -3.51392861 -2.30258509 -3.84578796 -4.20216817 -4.20578306]
log likelihood =  -2816.49248282
Edge derivatives =  [-0.012489425325500313, -0.012489425325498224, 0.003739251176178904, -0.015348747492700099, -0.02007903689146035, -0.019285402752323932, -0.01172361063309527, 6.360639448843575e-05, -0.006640586293950489, 0.02012644420223586, 6.36063944905868e-05, 8.197193121735641e-16, -0.008580743460305053, 0.002902812534271784, 9.551606124566843e-16, 6.360639448995536e-05, 0.021678060342007487, 0.021857487110071527]
other derivatives: [ 0.03151399 -0.07585186 -0.01273293  0.03992682 -0.00923137  0.00254659]
Current x array =  [-0.57565123 -0.86211993 -0.57048988  0.81027496 -1.27062696 -4.36809836
 -2.73644939 -2.73644939  0.24379308 -1.79126412 -4.1893923  -2.18859615
 -4.43442248 -3.84578145 -4.75393655 -3.54944296 -3.84578145 -2.30258509
 -4.56146065 -3.51396438 -2.30258509 -3.84578145 -4.20191972 -4.20553165]
log likelihood =  -2816.49245443
Edge derivatives =  [-0.011697123052011489, -0.011697123052012946, -0.0043866100957397625, -0.014436590825974094, -0.020721495522997443, -0.02443269032772344, -0.011338650692631666, 0.00043542095743377696, -0.006490165230296113, 0.01921951996894722, 0.00043542095743350634, 1.5818245443104704e-17, -0.008202012706933274, 0.002350614725217595, 3.0481553645358365e-18, 0.0004354209574320145, 0.019840493253768816, 0.020012453648935932]
other derivatives: [-0.03783498 -0.02028173 -0.0129603   0.03556124  0.00832188  0.00268301]
Current x array =  [-0.57560115 -0.8622437  -0.57047531  0.81030391 -1.27090346 -4.36820711
 -2.73653562 -2.73653562  0.24391858 -1.79124201 -4.18972977 -2.18839045
 -4.43454257 -3.84580674 -4.7539557  -3.54934783 -3.84580674 -2.30258509
 -4.56155866 -3.51390043 -2.30258509 -3.84580674 -4.20160027 -4.20521007]
log likelihood =  -2816.49242072
Edge derivatives =  [-0.011952493047112614, -0.011952493047110962, -0.003928390332668508, -0.017586416285688522, -0.021242795689645627, -0.03691514589095324, -0.010767226740381424, 0.000837528535232876, -0.00705544621327155, 0.016019725327634515, 0.0008375285352325013, -1.0700464473229202e-15, -0.007078228420917331, 0.0005658548671552549, -1.0459431792892906e-15, 0.0008375285352320641, 0.0172883091215145, 0.01745798585385288]
other derivatives: [-0.06716618  0.02928573 -0.00477485  0.01882654  0.0300588   0.00386535]
Current x array =  [-0.5755815  -0.86236229 -0.57046432  0.81046598 -1.27120388 -4.36926575
 -2.73661295 -2.73661295  0.24404226 -1.79100793 -4.19138844 -2.18782895
 -4.43475445 -3.84581643 -4.75371028 -3.54905458 -3.84581643 -2.30258509
 -4.56185201 -3.51372319 -2.30258509 -3.84581643 -4.20115627 -4.20476471]
log likelihood =  -2816.49237308
Edge derivatives =  [-0.01094857607995748, -0.010948576079958756, -0.031197282854378006, -0.01733725956876797, -0.02023313850329623, -0.037504551056126156, -0.009371737220591363, 0.001418999214163559, -0.007466624849422936, 0.013368329237796406, 0.001418999214162782, -2.462141761343343e-15, -0.005209733957662596, -0.0010924702195052871, -2.430898505789382e-15, 0.001418999214162213, 0.0138314289914215, 0.013998497440234226]
other derivatives: [-0.0516593   0.06157279 -0.00386535 -0.00045475  0.03424248  0.00522959]
Current x array =  [-0.5755961  -0.8624407  -0.57044476  0.81071846 -1.27135457 -4.37039501
 -2.73681942 -2.73681942  0.24425441 -1.7908992  -4.19340192 -2.18755258
 -4.43513937 -3.84585467 -4.75350082 -3.54881672 -3.84585467 -2.30258509
 -4.56234381 -3.51355924 -2.30258509 -3.84585467 -4.20056549 -4.20417164]
log likelihood =  -2816.49232411
Edge derivatives =  [-0.009381113836527816, -0.009381113836528995, 0.05801854777601678, -0.020846307664523445, -0.015062629743106227, -0.04791589824566289, -0.004962274790968755, 0.0015112269552366303, -0.010155911711622799, 0.0013194799018889647, 0.0015112269552382263, 3.8406417426492976e-15, 0.0019972957952336494, -0.006968540273766914, 3.908214996965207e-15, 0.001511226955238601, 0.004432838293923554, 0.004636493110289165]
other derivatives: [-0.26552698 -0.04633876  0.02582965 -0.07607923  0.06998562  0.00968612]
Current x array =  [-0.57545613 -0.86225924 -0.57048417  0.81136215 -1.27138135 -4.37538502
 -2.7374765  -2.7374765   0.24400621 -1.79040706 -4.20165102 -2.18633488
 -4.43644107 -3.8457882  -4.75242985 -3.54779923 -3.8457882  -2.30258509
 -4.56425837 -3.51303298 -2.30258509 -3.8457882  -4.19899405 -4.20259747]
log likelihood =  -2816.49224449
Edge derivatives =  [-0.0041905400006942845, -0.004190540000694354, 0.0018192828867417687, -0.011206491023105974, -0.01096051225065893, -0.022297368244485027, -0.0016751756043627206, 0.0024734907896395777, -0.009517713767595156, 0.004618082362587872, 0.0024734907896414096, 2.015356784695689e-15, 0.006430469626656603, -0.0059246012413024796, 2.0633923064765316e-15, 0.0024734907896424227, 0.0012560084822452328, 0.0014748343758454602]
other derivatives: [ 0.08180905  0.13646968  0.01987246 -0.04974936  0.01491571  0.01018634]
Current x array =  [-0.57569631 -0.8626037  -0.57047864  0.81131228 -1.27092378 -4.37632844
 -2.73803296 -2.73803296  0.24412678 -1.7906983  -4.20397434 -2.18672437
 -4.43728707 -3.84584686 -4.75239244 -3.54810557 -3.84584686 -2.30258509
 -4.56540595 -3.51307919 -2.30258509 -3.84584686 -4.19844328 -4.20204502]
log likelihood =  -2816.49220783
Edge derivatives =  [-0.0030356147270049483, -0.0030356147270053507, -0.007621425689156025, -0.0057247707822487, -0.010768463572096713, -0.013625367776432418, -0.001839397030995761, 0.002123001004108345, -0.00877982876613345, 0.006366114362601705, 0.0021230010041070196, -2.006463471311497e-15, 0.005496864576843646, -0.004585458559816097, -1.974159836984021e-15, 0.002123001004107637, 0.0018658024777799716, 0.002077290875700761]
other derivatives: [ 0.03319656  0.05143193  0.01814442 -0.03133209  0.00745786  0.009004  ]
Current x array =  [-0.57566058 -0.8624235  -0.57049322  0.81109891 -1.27084324 -4.37524276
 -2.73805975 -2.73805975  0.24410073 -1.7909695  -4.20251137 -2.18714921
 -4.4371812  -3.8458411  -4.75271343 -3.54825722 -3.8458411  -2.30258509
 -4.56516197 -3.51321428 -2.30258509 -3.8458411  -4.19855793 -4.20215825]
log likelihood =  -2816.4921899
Edge derivatives =  [-4.9020272749424054e-05, -4.902027274931997e-05, -0.005478412906496977, 0.002412285398691094, -0.008882736585006136, -0.0008513947802394339, -0.00066717465337, 0.0017959589627388403, -0.008177177894335334, 0.0061580702354757655, 0.0017959589627376052, 7.436387344487522e-17, 0.006446037687323547, -0.003729196714994956, 8.166649491264806e-17, 0.0017959589627381187, 0.00028778876221464966, 0.0004949012735341804]
other derivatives: [-0.00591172 -0.01414264 -0.01473381 -0.01227818 -0.00200089  0.00895852]
Current x array =  [-0.57563194 -0.86228371 -0.57046637  0.81090087 -1.27070513 -4.37501791
 -2.73832489 -2.73832489  0.24402352 -1.79127319 -4.20273429 -2.1874819
 -4.43744541 -3.84581058 -4.75291282 -3.54823956 -3.84581058 -2.30258509
 -4.56541107 -3.5132918  -2.30258509 -3.84581058 -4.19829937 -4.2018966 ]
log likelihood =  -2816.49218659
Edge derivatives =  [0.0009351234984126267, 0.0009351234984134316, -0.0025206452666824974, 0.005084963763267003, -0.008089527250302622, 0.0033711556718805102, -0.000205692820508991, 0.0015804274948784183, -0.007942182720086132, 0.00501499193415178, 0.0015804274948773012, 2.920924538838964e-15, 0.006758681042406945, -0.0035458047610923416, 2.942721814415746e-15, 0.0015804274948773567, -0.0006036357646475449, -0.00039707090910611614]
other derivatives: [-0.00927685 -0.0165528   0.01946319 -0.00618456 -0.00140972  0.00873115]
Current x array =  [-0.57562646 -0.86227566 -0.57052134  0.81081958 -1.27068384 -4.37503691
 -2.73843209 -2.73843209  0.24399018 -1.79136393 -4.20305449 -2.18756429
 -4.43756012 -3.84578571 -4.75298202 -3.54813989 -3.84578571 -2.30258509
 -4.56550019 -3.51330788 -2.30258509 -3.84578571 -4.1981535  -4.20174869]
  status: 0
 success: True
    nfev: 78
     fun: 2816.4921865887773
       x: array([-0.57562646, -0.86227566, -0.57052134,  0.81081958, -1.27068384,
       -4.37503691, -2.73843209, -2.73843209,  0.24399018, -1.79136393,
       -4.20305449, -2.18756429, -4.43756012, -3.84578571, -4.75298202,
       -3.54813989, -3.84578571, -2.30258509, -4.56550019, -3.51330788,
       -2.30258509, -3.84578571, -4.1981535 , -4.20174869])
 message: 'CONVERGENCE: REL_REDUCTION_OF_F_<=_FACTR*EPSMCH'
     jac: array([  9.27684596e-03,   1.65528036e-02,  -1.94631866e-02,
         6.18456397e-03,   1.40971679e-03,  -8.73114914e-03,
        -9.35123498e-04,  -9.35123498e-04,   2.52064527e-03,
        -5.08496376e-03,   8.08952725e-03,  -3.37115567e-03,
         2.05692821e-04,  -1.58042749e-03,   7.94218272e-03,
        -5.01499193e-03,  -1.58042749e-03,  -2.92092454e-15,
        -6.75868104e-03,   3.54580476e-03,  -2.94272181e-15,
        -1.58042749e-03,   6.03635765e-04,   3.97070909e-04])
     nit: 70
