number of sites to be analyzed:  132
Successfully loaded parameter value from ./save/MG94_Force_ENSG00000163754_ENSG00000056998_nonclock_save.txt
log likelihood =  -1634.97028357
Edge derivatives =  [0.004747200641027849, -0.002947153588547538, 0.010684211442176378, 0.00026712679710464565, -0.002858717794854783, 0.007765123685040343, -0.0012401066245794345, -0.0070681174025108056, 0.0025609964442990588, -0.006490322638561537, 0.003409849248189732, -0.0014801556605513674, -0.009464999693763748, -8.026535608457694e-05]
other derivatives: [ 0.01405169  0.00386535 -0.00086402 -0.00704858 -0.0093678   0.        ]
Current x array =  [ -0.67947927  -0.58863127  -0.64331155   0.55604628  -1.3890886
   0.33647224   0.20357903  -1.44004502  -3.10538762  -3.44513001
  -5.07297557  -2.89835242  -3.73592741  -5.54541104  -4.10101884
  -3.38804717  -4.5837409   -3.77678208  -5.53293387 -14.94215579]
log likelihood =  -1635.04719029
Edge derivatives =  [-0.5304499728625436, -0.043979409709645464, -0.07870266244189429, -0.05721386280218856, -0.00170920120287045, -0.10657789606080348, -0.0004094503966298735, -0.0017653120155088648, -0.020647646129984785, 0.04768691748402421, -0.010316166039401664, 0.0012458914588576037, -0.0011812643962142468, -8.037331448755577e-05]
other derivatives: [-10.03982106  -1.71837655   0.35313406   0.44476565   0.01305125   0.        ]
Current x array =  [ -0.66542757  -0.58476592  -0.64417557   0.5489977   -1.3984564
   0.33647224   0.20832623  -1.44299217  -3.09470341  -3.44486288
  -5.07583429  -2.8905873   -3.73716751  -5.55247916  -4.09845785
  -3.39453749  -4.58033105  -3.77826223  -5.54239887 -14.94223606]
log likelihood =  -1634.97028164
Edge derivatives =  [0.0020952344397490164, -0.0031512769578920657, 0.010244850664299199, -1.8849524790538752e-05, -0.0028528123830416138, 0.007200211870074719, -0.0012352166367912212, -0.007041445971855893, 0.002446137701439609, -0.00621879903366343, 0.0033420130146104426, -0.001465863778872159, -0.00942343175056937, -8.026588029753663e-05]
other derivatives: [-0.0349246  -0.00461569  0.00090949 -0.00493401 -0.00927685  0.        ]
Current x array =  [ -0.67940928  -0.58861202  -0.64331585   0.55601118  -1.38913526
   0.33647224   0.20360268  -1.44005969  -3.1053344   -3.44512868
  -5.07298981  -2.89831375  -3.73593358  -5.54544624  -4.10100609
  -3.3880795   -4.58372391  -3.77678945  -5.53298101 -14.94215619]
  status: 0
 success: True
    nfev: 3
     fun: 1634.9702816443044
       x: array([ -0.67940928,  -0.58861202,  -0.64331585,   0.55601118,
        -1.38913526,   0.33647224,   0.20360268,  -1.44005969,
        -3.1053344 ,  -3.44512868,  -5.07298981,  -2.89831375,
        -3.73593358,  -5.54544624,  -4.10100609,  -3.3880795 ,
        -4.58372391,  -3.77678945,  -5.53298101, -14.94215619])
 message: 'CONVERGENCE: REL_REDUCTION_OF_F_<=_FACTR*EPSMCH'
     jac: array([  3.49245965e-02,   4.61568561e-03,  -9.09494702e-04,
         4.93400876e-03,   9.27684596e-03,  -0.00000000e+00,
        -2.09523444e-03,   3.15127696e-03,  -1.02448507e-02,
         1.88495248e-05,   2.85281238e-03,  -7.20021187e-03,
         1.23521664e-03,   7.04144597e-03,  -2.44613770e-03,
         6.21879903e-03,  -3.34201301e-03,   1.46586378e-03,
         9.42343175e-03,   8.02658803e-05])
     nit: 1
