number of sites to be analyzed:  22
Successfully loaded parameter value from ./save/MG94_Force_ENSG00000147475_ENSG00000107566_nonclock_save.txt
log likelihood =  -451.233968803
Edge derivatives =  [-0.00044472708960263674, -0.00201925330860454, 0.0009831899511019149, -0.001289351660312854, -3.428380489004995e-06, -0.0007810290570944289, -1.6490570716992895e-06, -0.0005285109341593777, -0.00011300512443201266, -0.0002996694622294793, -0.000528510934159461, -2.6660872518239775e-16, 0.001021419224111919, -9.937079934252873e-06, -2.6653247936822113e-16, -0.0005285109341592945, -0.0006372412243580428, 1.2732334523146704e-05]
other derivatives: [  8.12860890e-04  -1.84172677e-03  -2.84217094e-05   3.97903932e-04
   7.73070497e-04   0.00000000e+00]
Current x array =  [ -0.68254984  -0.56508125  -0.80904786   0.64475591  -1.08699473
   0.33647224  -0.54695853  -9.          -2.42288755  -2.05909487
 -15.73261785  -0.7137383  -16.77579915  -4.83085349  -3.85760009
  -0.49010216  -4.83085349  -2.30258509  -3.87425521 -15.28847874
  -2.30258509  -4.83085349  -0.95646685  -3.7172857 ]
log likelihood =  -451.234227415
Edge derivatives =  [0.010667480477085656, -0.0020186687647065723, 0.000345168869695045, 0.0032059167824823875, -3.4247568582401633e-06, 0.014217159308952176, -1.6498700985426009e-06, -0.0003719659554926383, 0.000361484426979565, 0.005859878812870978, -0.0003719659554927736, 8.881465422694116e-17, 0.00047208376640806016, -9.935550310308474e-06, 8.881493305657801e-17, -0.0003719659554927354, 0.009679126805948846, -9.492173267289239e-05]
other derivatives: [-0.12926193  0.20664856 -0.00414957 -0.00923706 -0.01511467  0.        ]
Current x array =  [ -0.68173698  -0.56692298  -0.80907628   0.64515381  -1.08622166
   0.33647224  -0.54740326  -9.          -2.42190436  -2.06038422
 -15.73262128  -0.71451933 -16.77580079  -4.83138201  -3.8577131
  -0.49040183  -4.83138201  -2.30258509  -3.8732338  -15.28848868
  -2.30258509  -4.83138201  -0.95710409  -3.71727297]
log likelihood =  -451.233968699
Edge derivatives =  [-0.00022512520765860522, -0.002019241743936088, 0.0009707215286564042, -0.0012005397393393125, -3.428308961945542e-06, -0.0004847669508452057, -1.6490731051400831e-06, -0.0005254201543416978, -0.0001036142295287451, -0.0001777840200900549, -0.000525420154341566, 8.880828158850027e-17, 0.001010614564121548, -9.937049580803357e-06, 8.880848008701563e-17, -0.0005254201543416492, -0.00043343120468319896, 1.0623983135893411e-05]
other derivatives: [-0.00176215  0.00228511 -0.00011937  0.00021032  0.00044338  0.        ]
Current x array =  [ -0.68253381  -0.56511758  -0.80904842   0.64476375  -1.08697948
   0.33647224  -0.5469673   -9.          -2.42286816  -2.0591203
 -15.73261792  -0.71375371 -16.77579918  -4.83086392  -3.85760232
  -0.49010807  -4.83086392  -2.30258509  -3.87423507 -15.28847894
  -2.30258509  -4.83086392  -0.95647942  -3.71728545]
  status: 0
 success: True
    nfev: 3
     fun: 451.23396869866707
       x: array([ -0.68253381,  -0.56511758,  -0.80904842,   0.64476375,
        -1.08697948,   0.33647224,  -0.5469673 ,  -9.        ,
        -2.42286816,  -2.0591203 , -15.73261792,  -0.71375371,
       -16.77579918,  -4.83086392,  -3.85760232,  -0.49010807,
        -4.83086392,  -2.30258509,  -3.87423507, -15.28847894,
        -2.30258509,  -4.83086392,  -0.95647942,  -3.71728545])
 message: 'CONVERGENCE: REL_REDUCTION_OF_F_<=_FACTR*EPSMCH'
     jac: array([  1.76214598e-03,  -2.28510544e-03,   1.19371180e-04,
        -2.10320650e-04,  -4.43378667e-04,  -0.00000000e+00,
         2.25125208e-04,   2.01924174e-03,  -9.70721529e-04,
         1.20053974e-03,   3.42830896e-06,   4.84766951e-04,
         1.64907311e-06,   5.25420154e-04,   1.03614230e-04,
         1.77784020e-04,   5.25420154e-04,  -8.88082816e-17,
        -1.01061456e-03,   9.93704958e-06,  -8.88084801e-17,
         5.25420154e-04,   4.33431205e-04,  -1.06239831e-05])
     nit: 1
