number of sites to be analyzed:  994
log likelihood =  -16923.2506926
Edge derivatives =  [1290.7187181615516, 293.7239888420908, -75.88354345358802, -52.35625964573328, -149.11372837254524, -130.2378857706395, -152.99839614849745, -168.4384883457177, -168.5994351276257, -131.5511134721854, -184.70858265906136, -158.62565476572564, -170.7986795787952, -178.3285972001144]
other derivatives: [ 108.592576    -76.22620615  114.40206436  322.47407944 -180.50923245
    0.        ]
Current x array =  [-0.68375702 -0.45251047 -1.07092301  0.18232156 -0.10536052  0.33647224
 -2.30258509 -2.30258509 -2.30258509 -2.30258509 -2.30258509 -2.30258509
 -2.30258509 -2.30258509 -2.30258509 -2.30258509 -2.30258509 -2.30258509
 -2.30258509 -2.30258509]
log likelihood =  -15547.4405999
Edge derivatives =  [1142.5112041787645, 227.1153687715476, -81.57128891536588, -62.11240563790887, -133.1871103248713, -110.24245136041597, -134.67191709047063, -145.81517249248452, -147.1005088057392, -113.82520776768983, -161.06255628949944, -137.99445987276596, -148.58067131102754, -155.37532112978454]
other derivatives: [  92.28606359  183.76740627   99.15474948  204.7214366  -120.92204997
    0.        ]
Current x array =  [-0.68332581 -0.50437495 -1.07022837  0.40173362 -0.22817939  0.33647224
 -1.42437729 -2.10273466 -2.35421642 -2.33820841 -2.4040424  -2.39119923
 -2.40668553 -2.417191   -2.41730051 -2.39209275 -2.42826121 -2.41051433
 -2.41879688 -2.42392026]
log likelihood =  -17910.8906823
Edge derivatives =  [-2.4918959463993923e-11, 5.371284984551719e-14, -28.097127756184438, -32.00494916747651, -53.63532903619726, -40.19746136888339, -54.7655669885238, -58.09248143649844, -57.23226438963239, -47.31405053588051, -66.85465954875687, -54.2474142519977, -59.997193798325085, -63.582057834464024]
other derivatives: [  6.36326149e+01  -3.33277629e+04   4.16865078e+01   1.46035745e+01
   6.92678441e+01   0.00000000e+00]
Current x array =  [-0.69783926 -0.05       -1.05807805  1.14689362 -0.72901174  0.33647224
  5.83384015 -0.88613677 -2.97151156 -2.84128836 -3.25838695 -3.05687231
 -3.25702013 -3.32095188 -3.33709023 -3.09717911 -3.434704   -3.27054519
 -3.34477986 -3.39395874]
log likelihood =  -14827.1969907
Edge derivatives =  [-1326.5205488009465, -51.19068559081936, -51.41336282268018, -50.01636328533749, -89.4237414509413, -67.9252494712645, -89.76914332335431, -94.48154016918062, -96.00379936220477, -74.3667647827083, -107.02888814378232, -90.11539725938366, -97.78583119532972, -102.73120082881267]
other derivatives: [ -121.26620277 -1993.20893444   248.31460905   338.9432095   -284.94523576
     0.        ]
Current x array =  [-0.68916801 -0.32147245 -1.06533742  0.70168771 -0.42978269  0.33647224
  1.49732012 -1.61300961 -2.60270024 -2.54071645 -2.74794726 -2.65915694
 -2.74897624 -2.78098774 -2.78754944 -2.67591574 -2.83339116 -2.75670814
 -2.79153882 -2.81439615]
log likelihood =  -14037.5847217
Edge derivatives =  [219.3963445483842, 28.130534465454062, -69.55499912494896, -57.10709827472493, -109.10014727011571, -85.08766581060596, -109.19449776458261, -115.92708015274832, -117.82362719364595, -90.96957387835542, -129.6853892756942, -110.4320190158975, -119.18439220998764, -124.88094868439228]
other derivatives: [  74.73227015 -424.12939365  130.00098988  188.7057806  -117.4150384     0.        ]
Current x array =  [-0.68637053 -0.40905355 -1.0676794   0.55805758 -0.33324688  0.33647224
  0.09829339 -1.84750974 -2.48371615 -2.44374742 -2.58327172 -2.53084797
 -2.58507362 -2.60678717 -2.6102593  -2.54000983 -2.63939858 -2.59093656
 -2.61305493 -2.62742052]
log likelihood =  -14452.2919518
Edge derivatives =  [-964.8594212016851, -49.148602314816074, -45.95562146251459, -37.131982129192586, -81.03328419286667, -60.03421808504667, -80.07719341476592, -84.94179334809498, -87.54437415251495, -64.35117423016214, -97.3336481128022, -81.01807249899905, -88.04236576558789, -93.03097211885712]
other derivatives: [ -586.55587054  1650.31688084  -196.55672077   131.89601304  -227.53902158
     0.        ]
Current x array =  [-0.61415571 -0.94418874 -0.89998707  0.77905278 -0.49405584  0.33647224
  0.9683276  -1.77615369 -2.66939244 -2.60312886 -2.8276206  -2.71047911
 -2.82574028 -2.85784368 -2.86769132 -2.7366516  -2.92218669 -2.83132563
 -2.87234799 -2.89955585]
log likelihood =  -13919.8154249
Edge derivatives =  [-77.14684466630688, -3.3010752809562818, -59.352887669804474, -47.65686899054799, -97.30384049490536, -73.84557526785834, -96.85357067011333, -102.85264427642844, -105.12961580169049, -79.28252901750419, -116.23051169979819, -97.93695308365122, -106.10302021234747, -111.56710358118328]
other derivatives: [ -67.37318472  502.43106671   46.29782779  160.3482815  -124.20914572
    0.        ]
Current x array =  [-0.66366989 -0.57727261 -1.01496553  0.62752713 -0.38379697  0.33647224
  0.37178753 -1.82507906 -2.54208326 -2.49384877 -2.66008248 -2.58731479
 -2.66072688 -2.68570646 -2.69118273 -2.60182392 -2.72829266 -2.66650256
 -2.69456337 -2.71296591]
log likelihood =  -13841.3783585
Edge derivatives =  [-271.3414980066949, -19.285045541794055, -53.24699481941917, -42.67306057762243, -89.31321065201269, -67.22388888440602, -88.9979796733213, -94.67727105357939, -96.75020584715998, -72.35202933622698, -107.39011127075297, -89.93923750205587, -97.73861025171128, -102.92525710674094]
other derivatives: [   0.99225872  179.46040316   -8.26912583  153.73661881 -118.68705769
    0.        ]
Current x array =  [-0.67549569 -0.50763811 -0.98795225  0.70575974 -0.44080025  0.33647224
  0.53317633 -1.80061485 -2.58276742 -2.52733871 -2.72031899 -2.63308788
 -2.72056452 -2.74898467 -2.75580791 -2.65102308 -2.79942925 -2.72683208
 -2.75973474 -2.78137792]
log likelihood =  -13680.1366919
Edge derivatives =  [-229.29956674599927, -16.861716086625027, -40.716233952881865, -29.945583434787334, -71.57011592871176, -52.43697371747864, -71.36208398851478, -76.64349720553864, -78.39791423837762, -56.488023442474336, -87.97825357703883, -72.1538290422022, -79.17927642149881, -83.86865038264165]
other derivatives: [ -57.33127182 -271.73973649 -165.9787813    49.73881005  -49.26241672
    0.        ]
Current x array =  [-0.66408514 -0.43294263 -0.93197563  0.93770912 -0.61014363  0.33647224
  0.55311968 -1.78737356 -2.68130977 -2.60803282 -2.87341282 -2.74900058
 -2.87289062 -2.91033689 -2.92058446 -2.77584233 -2.98143478 -2.88048183
 -2.92609658 -2.95619937]
log likelihood =  -13520.6952169
Edge derivatives =  [-21.20548176572414, -0.45111167767518956, -18.452154481903133, -5.542407950536483, -43.0293539127342, -26.572285119016097, -42.60581392083335, -47.529342140589236, -49.34466851346743, -29.241441038659907, -57.999102457546776, -43.10983054755624, -49.62360765794642, -53.92928646484419]
other derivatives: [ 284.3376933   -83.28497643 -171.35225789 -160.176387    100.67542462
    0.        ]
Current x array =  [-0.72302554 -0.44423434 -0.95054023  1.3142718  -0.89842524  0.33647224
  0.53874195 -1.77766822 -2.87276847 -2.76314311 -3.17079445 -2.97168233
 -3.16840044 -3.22348994 -3.24075669 -3.01624894 -3.33592358 -3.17830488
 -3.24922923 -3.29625584]
log likelihood =  -13561.8280955
Edge derivatives =  [-7.083018816355668, 0.6797776949608925, -3.7820826834196914, 8.468189515021761, -24.711160671199764, -9.888021097729125, -24.38156732058545, -28.96273908225045, -30.68457613793616, -11.77795702297515, -39.46256586277411, -24.549152870483642, -30.741497409907375, -35.23686658116596]
other derivatives: [-1378.57896334  -167.05544112   125.0029527   -192.26463337   137.24529708
     0.        ]
Current x array =  [-0.47534727 -0.42504756 -1.10351903  1.45350756 -1.0263127   0.33647224
  0.57637371 -1.76249053 -3.0434351  -2.89233319 -3.44874327 -3.17429026
 -3.44436221 -3.51816329 -3.5428197  -3.2355272  -3.67352474 -3.45657497
 -3.55386196 -3.61847596]
log likelihood =  -13476.7291846
Edge derivatives =  [-28.73314770174429, -1.7062418291005035, -12.690736324793164, -0.31869300178864823, -35.163879558493264, -19.796606109409215, -34.80061827185293, -39.481444002206445, -41.232805242433216, -22.035170803375436, -49.79236552023135, -35.13279195950851, -41.402617381498416, -45.70993179884155]
other derivatives: [-252.58414098 -123.97613318  -26.80480975 -177.58702597  115.52820069
    0.        ]
Current x array =  [-0.61653572 -0.43598494 -1.0163138   1.37413653 -0.95341074  0.33647224
  0.55492181 -1.77114254 -2.94614697 -2.81868868 -3.29029916 -3.05879406
 -3.28705081 -3.3501854  -3.37062935 -3.11052811 -3.48107595 -3.29794772
 -3.38020675 -3.4347951 ]
log likelihood =  -13440.9888467
Edge derivatives =  [-31.186314532656723, -1.9033544660582964, -7.539865054226986, 5.1419178341946115, -28.89265558514383, -13.87410553255411, -28.38766584252341, -33.03162748442995, -34.873813684177364, -15.871681474503234, -43.3815029324065, -28.643674148981976, -34.91874501590508, -39.206131762303414]
other derivatives: [-144.32371245   -1.20398909   35.05774657 -179.16754587  121.23200577
    0.        ]
Current x array =  [-0.63465209 -0.45272976 -1.05074114  1.37525748 -0.96825566  0.33647224
  0.56421768 -1.77355487 -3.00579557 -2.86339438 -3.38517923 -3.12579716
 -3.38084679 -3.45020392 -3.47352672 -3.18372966 -3.59670748 -3.39218285
 -3.48386187 -3.54482203]
log likelihood =  -13350.4663556
Edge derivatives =  [-61.73009891909635, -4.701704820939458, 4.877575737245529, 18.37523855080338, -13.620812582916058, 0.8695740640255516, -12.644875595294845, -17.347461668004314, -19.453694742061217, -0.5545262560982698, -28.004374900588004, -12.776989360631504, -19.18010009556174, -23.519809666568996]
other derivatives: [  15.22967068  154.22810975  129.87002265 -115.5271093    99.23351172
    0.        ]
Current x array =  [-0.66411907 -0.47920691 -1.11069016  1.22835877 -0.90944094  0.33647224
  0.534299   -1.79333356 -3.1790758  -2.98511962 -3.6709436  -3.32070497
 -3.66273212 -3.7526161  -3.78569838 -3.39796538 -3.95106741 -3.67514638
 -3.79806317 -3.88019729]
log likelihood =  -13289.939956
Edge derivatives =  [-2.0272922759652516, 0.3259265640513763, 13.69760179005468, 28.402227501656476, -2.229363828963557, 12.510044183101227, -0.672354152545457, -5.673539515981015, -8.106155555438175, 11.566817843392332, -16.79738293247277, -0.883551993169309, -7.482209559954849, -12.029932622827575]
other derivatives: [   3.98758857  208.75013433   10.43281372  -35.43609637   58.11962183
    0.        ]
Current x array =  [-0.661669   -0.49098643 -1.04705125  1.00707662 -0.76131595  0.33647224
  0.41019598 -1.81960214 -3.33009222 -3.07194169 -3.94863677 -3.49749109
 -3.93569488 -4.05049377 -4.09507057 -3.59405809 -4.30980347 -3.94940946
 -4.10897906 -4.21592439]
log likelihood =  -13283.0704355
Edge derivatives =  [-28.216329531818683, -1.9402921001501798, 12.019470989939656, 24.52480266409786, 0.9345162679491577, 13.472703807215439, 2.539926828866554, -2.2113604263366016, -4.535948736470595, 12.942135366851424, -12.916898502542383, 2.4074236862736016, -3.8822372620139483, -8.172351369278257]
other derivatives: [ 141.50318748  -94.96961866  118.07806004   49.91234164  -21.98266884
    0.        ]
Current x array =  [-0.6871552  -0.43680868 -1.11435041  0.8665708  -0.56167406  0.33647224
  0.36354378 -1.82391231 -3.34537737 -3.02209638 -4.05624798 -3.52740465
 -4.03749803 -4.17601203 -4.23138589 -3.63338815 -4.48883147 -4.05254146
 -4.24422183 -4.37309919]
log likelihood =  -13274.8848705
Edge derivatives =  [0.6663497761917427, 0.71355881735986, 12.566687782381633, 25.706450603442086, 0.7757227769059598, 13.744769215122396, 2.4202816300190144, -2.4063752662863718, -4.779184077983083, 13.223141153405727, -13.158802049960757, 2.2183881432578128, -4.073339155837485, -8.441336277925764]
other derivatives: [  9.49694368   7.71869964  29.54893716  19.6372639   -0.06675691   0.        ]
Current x array =  [-0.66267904 -0.45262498 -1.05848641  0.91011989 -0.60953242  0.33647224
  0.36002619 -1.82392059 -3.34551603 -3.03006355 -4.04561523 -3.52580577
 -4.02752727 -4.16338674 -4.21754009 -3.63071285 -4.47023993 -4.04243472
 -4.23051856 -4.35692443]
log likelihood =  -13273.4360467
Edge derivatives =  [2.6884352960268423, 0.9138978176070095, 11.658780909828504, 24.449601504082164, 0.6479194159743318, 13.179694235947036, 2.2833465848363597, -2.4764382884253564, -4.817565909106666, 12.752176888623971, -13.063482951984025, 2.064849632824665, -4.097353344562621, -8.40767276804372]
other derivatives: [ -7.97808752 -10.5910658    1.73604349  10.90193109   0.6699338    0.        ]
Current x array =  [-0.65925762 -0.4490038  -1.04194757  0.92852974 -0.60815199  0.33647224
  0.36164023 -1.82198346 -3.33503356 -3.01236792 -4.04135846 -3.51517681
 -4.02242573 -4.16093659 -4.21631094 -3.62010236 -4.47338249 -4.03749085
 -4.22887488 -4.35756305]
log likelihood =  -13270.8566433
Edge derivatives =  [-4.427165382734844, 0.3144119697747015, 8.713982889702741, 19.98275300481271, 0.6141948338977529, 11.550842093725091, 2.228797685406414, -2.25543891180699, -4.507929059662166, 11.43483016588823, -12.3488946108012, 2.0091175853562597, -3.743248211817393, -7.853674005674919]
other derivatives: [-25.72851372 -38.90363587 -33.73606887   1.73731678  -8.8062734    0.        ]
Current x array =  [-0.65609417 -0.44402804 -1.02114252  0.95487102 -0.58008007  0.33647224
  0.36816267 -1.81692435 -3.30613486 -2.95313877 -4.04196621 -3.48631473
 -4.01956968 -4.16923753 -4.22983304 -3.59244424 -4.5058946  -4.0352529
 -4.24091496 -4.37949092]
log likelihood =  -13267.804673
Edge derivatives =  [-4.520232751303434, 0.2885181886067729, 4.06197224340273, 12.225109571127561, 0.6812940449384355, 8.921136767865201, 2.2632706318031945, -1.7378804337620466, -3.860720235546659, 9.2909953006282, -11.103837835547282, 2.0815098615485454, -3.0275267653257503, -6.822419405156624]
other derivatives: [-32.75781637 -32.19520295 -46.33238859  -6.68733264 -21.34856913   0.        ]
Current x array =  [-0.65531945 -0.4451605  -1.0140757   0.97896867 -0.54046378  0.33647224
  0.36698851 -1.81108728 -3.26340841 -2.85905513 -4.04795749 -3.44150344
 -4.01944262 -4.18830498 -4.2580545  -3.54975924 -4.56720496 -4.03612838
 -4.26652779 -4.42233792]
log likelihood =  -13268.3223377
Edge derivatives =  [-4.850836124088568, -0.35982482012813416, -4.7037609852012, -5.457932232899106, 1.8081577030955467, 3.3633053292156196, 3.2201502653125886, 0.3444038138697697, -1.435884614952747, 4.699227361201155, -7.561103724884939, 3.1532322132261674, -0.5304579472789884, -3.63036831233488]
other derivatives: [  44.15687727 -239.32279873  -39.68179954  -36.85236152    8.18617991
    0.        ]
Current x array =  [-0.66689924 -0.41208607 -1.02028611  1.04509523 -0.61311976  0.33647224
  0.38095802 -1.79760823 -3.2023458  -2.6722352  -4.09492385 -3.35611846
 -4.0484352  -4.26979888 -4.36575113 -3.46868458 -4.76839271 -4.06763558
 -4.36634734 -4.57075419]
log likelihood =  -13265.7339908
Edge derivatives =  [-4.771564127621037, -0.053233192643434984, -0.06516976987673148, 4.375970435934138, 1.2336256341484402, 6.349335465811866, 2.720762080165976, -0.7226806106719861, -2.6762354730735844, 7.179113751132029, -9.33355286837922, 2.598688598010793, -1.8097453974794204, -5.249371119064227]
other derivatives: [   4.38540155 -125.70963008  -43.31868695  -21.0107828    -7.30979082
    0.        ]
Current x array =  [-0.66080659 -0.42948801 -1.01701853  1.01030308 -0.5748922   0.33647224
  0.37360803 -1.80470016 -3.23447357 -2.77052954 -4.07021274 -3.40104333
 -4.0331809  -4.22692129 -4.3090871  -3.5113416  -4.66253881 -4.05105823
 -4.3138278  -4.49266574]
log likelihood =  -13262.5933821
Edge derivatives =  [6.354583743888915, 0.8617382121533814, -4.454338474682434, -5.304773023754226, 2.0014238724087647, 3.875275359644667, 3.5068615860585064, 0.6049518717278728, -1.2606086967580457, 5.2125380162328545, -7.448050273383165, 3.4526252861988023, -0.2977045856559758, -3.4674553126736356]
other derivatives: [  0.94987627 -41.2841473  -24.80355761 -18.51221896 -12.50773494   0.        ]
Current x array =  [-0.66109395 -0.44352338 -1.02711844  1.00175117 -0.55770277  0.33647224
  0.36203751 -1.80112256 -3.20307359 -2.67160053 -4.10064166 -3.35991985
 -4.05442516 -4.27571906 -4.37154079 -3.47326065 -4.774145   -4.07359161
 -4.37239161 -4.57674935]
log likelihood =  -13261.4579848
Edge derivatives =  [5.989111011901011, 0.6999813829239753, -4.989086850125145, -7.241220465668178, 2.554380030211212, 3.405119518737251, 4.041158416530966, 1.3539415411517506, -0.4887627892053776, 4.8350369813497895, -6.565225125700403, 4.032656672085571, 0.49525330600762973, -2.5911669331877]
other derivatives: [ -4.77430149  -5.25160431   3.08482413 -10.44754754  -6.23022061   0.        ]
Current x array =  [-0.66046701 -0.45004003 -1.04260369  0.98114877 -0.57961626  0.33647224
  0.36160197 -1.80077299 -3.20579759 -2.6509457  -4.12142382 -3.3520801
 -4.07069161 -4.30420318 -4.40651192 -3.46604834 -4.83210461 -4.09032745
 -4.40532251 -4.62156262]
log likelihood =  -13261.1120341
Edge derivatives =  [4.379559379950066, 0.5360795645746941, -4.455989128778932, -6.50284022448069, 2.7874156251699462, 3.3620259482036152, 4.237710012260369, 1.6699824011989175, -0.15581681138083228, 4.745570631175176, -6.15531752728114, 4.2489566443123605, 0.8289651043019493, -2.200292447242033]
other derivatives: [ 23.20757631  15.49742592   6.67150744  -4.75938577   1.13432179   0.        ]
Current x array =  [-0.66523768 -0.45423224 -1.04451293  0.96476221 -0.6032931   0.33647224
  0.36452031 -1.80082484 -3.21463589 -2.65448299 -4.12925938 -3.35004498
 -4.07585791 -4.31539328 -4.42129115 -3.46313673 -4.85919661 -4.09563274
 -4.41866645 -4.64122347]
log likelihood =  -13260.8985592
Edge derivatives =  [-2.3789475790420243, -0.11564261606081176, -4.1308314990755095, -6.146397069541879, 2.915236772893207, 3.0737186605767266, 4.305076429959481, 1.8787105744315278, 0.0977064958578102, 4.420506986234546, -5.802261541441258, 4.331920610199225, 1.07289073674211, -1.884584143429219]
other derivatives: [ -5.27961674   6.17856131  14.94991011   3.06317816   3.33275239   0.        ]
Current x array =  [-0.6603336  -0.45276754 -1.04834912  0.9485531  -0.61595926  0.33647224
  0.36840221 -1.80044013 -3.22198009 -2.65692247 -4.13475606 -3.3461371
 -4.07856956 -4.32432177 -4.43396204 -3.45810986 -4.88468587 -4.09848174
 -4.42978125 -4.65890167]
log likelihood =  -13260.6996691
Edge derivatives =  [-4.358246642378805, -0.27406462100814954, -3.910690384016258, -5.724189027249221, 2.8359413745995905, 2.7471896392782282, 4.1752651358499175, 1.8541184134600883, 0.11586991973038309, 4.047443972657081, -5.673773353208899, 4.202861674040108, 1.0829090613625827, -1.8055735542021791]
other derivatives: [-4.00705176  4.18240234  6.9179805   4.08945198  4.56184353  0.        ]
Current x array =  [-0.6604356  -0.45256597 -1.04335976  0.94577171 -0.62078034  0.33647224
  0.37075901 -1.7998352  -3.22496551 -2.65974584 -4.13194604 -3.34066248
 -4.07399174 -4.32321138 -4.43512187 -3.45124661 -4.89341848 -4.09394059
 -4.42980197 -4.66277434]
log likelihood =  -13260.1268215
Edge derivatives =  [-3.9666924182014096, -0.17641537412161662, -3.0497027329979627, -4.224138503164863, 2.4468954934393867, 1.151445797472059, 3.5394475155280363, 1.715184817484139, 0.189904446238227, 2.228691697252278, -5.097074975670653, 3.574465487051594, 1.1133410869517317, -1.4484345950696433]
other derivatives: [ -3.31765477  -5.72254066 -16.00583346   7.04512786   5.47825039   0.        ]
Current x array =  [-0.66022896 -0.45107519 -1.02964791  0.93713726 -0.62478537  0.33647224
  0.37054163 -1.7980838  -3.23744377 -2.67052757 -4.11910888 -3.31555458
 -4.05292321 -4.31837259 -4.44099061 -3.41982563 -4.93522225 -4.07302666
 -4.43029389 -4.68148319]
log likelihood =  -13259.6647137
Edge derivatives =  [-2.89911177865831, -0.07069452519947081, -2.0931285751224014, -2.561142747463182, 2.023815396172759, -0.4654368447807875, 2.82969860807349, 1.5454576908758353, 0.256591710386833, 0.32992719877977217, -4.530200852701429, 2.8826800549855522, 1.1198925073556338, -1.0953057291057973]
other derivatives: [  0.92441041 -11.89928298 -22.63732313   8.44083843   4.12474037   0.        ]
Current x array =  [-0.66088922 -0.45010912 -1.02575452  0.93384465 -0.62090768  0.33647224
  0.36865296 -1.79654448 -3.25149173 -2.68367979 -4.10559803 -3.29147184
 -4.0307944  -4.31302246 -4.4469863  -3.38902828 -4.9795422  -4.05100838
 -4.43047324 -4.70096941]
log likelihood =  -13259.1500986
Edge derivatives =  [-0.14681809621651531, 0.0300935680622864, 0.3218725855745471, 1.9064086153128268, 1.017497062162454, -3.5040823125726623, 1.0993849452785671, 1.0531298979684116, 0.32029678939511347, -3.483833261356444, -3.4322895061175456, 1.2021805903978464, 1.0075286011281446, -0.444799526044916]
other derivatives: [-19.69365258   8.11469363 -21.90536179  -4.67680366   9.46056389   0.        ]
Current x array =  [-0.65737984 -0.45313906 -1.02658613  0.96066255 -0.6307498   0.33647224
  0.37198458 -1.79220371 -3.28563286 -2.72007239 -4.07247804 -3.24772454
 -3.97924673 -4.29622699 -4.45503948 -3.33007504 -5.0727629  -3.99946967
 -4.42509675 -4.73788175]
log likelihood =  -13259.0651932
Edge derivatives =  [-9.375608324495822, -0.8115991416870387, 1.3818769721607238, 3.5775767806110905, 0.4973268808515586, -5.013575218789577, 0.14022921217482842, 0.8234928080202295, 0.4415398507187738, -5.474318425653802, -2.7648133956894148, 0.2782417588217554, 0.9950649461931467, 0.0037886391116791485]
other derivatives: [ 30.10791261 -20.34412319   6.19020284   8.02774593  -6.15455065   0.        ]
Current x array =  [-0.66659881 -0.44891748 -1.04248755  0.94321715 -0.59142667  0.33647224
  0.3695016  -1.79094606 -3.30435883 -2.73583886 -4.05729978 -3.22873888
 -3.95350243 -4.2908746  -4.46487245 -3.30308254 -5.13650378 -3.9736211
 -4.42659774 -4.76566051]
log likelihood =  -13258.7456289
Edge derivatives =  [-1.942631708607823, -0.1506548134767442, 0.3107723979130774, 1.57533291308966, 0.908875472479335, -3.794954980812517, 0.8505924080472829, 1.0337180594324056, 0.43902693174466406, -3.9025605774466983, -3.1203293773327636, 0.9684493086650301, 1.0648651143484364, -0.21553266390327852]
other derivatives: [ 2.63189577 -1.74404704 -0.45347406  1.21181074 -0.48949005  0.        ]
Current x array =  [-0.66166256 -0.45163428 -1.03899513  0.95340466 -0.60365724  0.33647224
  0.36717643 -1.79212197 -3.28920867 -2.71739735 -4.06988054 -3.24502258
 -3.97306341 -4.29746419 -4.46221885 -3.32538281 -5.10253948 -3.9931955
 -4.4289275  -4.75235417]
log likelihood =  -13258.7122212
Edge derivatives =  [-0.3495202257736987, -0.019222606969469036, 0.18985968450496526, 1.291796088088729, 0.9469685255669735, -3.5620354584820233, 0.8974587009296701, 1.053043238701332, 0.46207869102004456, -3.650987266191125, -3.1026631740686788, 1.0144941513365373, 1.0793908344205354, -0.2028090522951893]
other derivatives: [-0.57789293  1.84518285  1.65255187 -0.03237801 -0.08840289  0.        ]
Current x array =  [-0.66113142 -0.45215349 -1.04035941  0.95567058 -0.60383457  0.33647224
  0.36615411 -1.79224145 -3.28815477 -2.71462474 -4.07090288 -3.24836608
 -3.97441572 -4.29826594 -4.46301289 -3.32919335 -5.10425947 -3.99448981
 -4.4295841  -4.75318592]
log likelihood =  -13258.6332117
Edge derivatives =  [2.925351939918862, 0.24422885640408365, 0.0001836358961417664, 0.7242787487999653, 0.9813034195295502, -3.010616759168678, 0.8872437765016283, 1.0701230343521186, 0.5509167577125605, -3.1145679836845104, -2.9321964546282273, 1.0038384375131535, 1.1169411866840593, -0.09210000839725707]
other derivatives: [-4.48271749  5.99720806  6.90506567 -2.40070221  0.56988938  0.        ]
Current x array =  [-0.66049536 -0.45265754 -1.04377312  0.96013672 -0.60367052  0.33647224
  0.36380573 -1.79226745 -3.28803017 -2.70855631 -4.07125703 -3.25648762
 -3.9741507  -4.2994467  -4.46670536 -3.33750596 -5.12030172 -3.99399692
 -4.43137047 -4.75999181]
log likelihood =  -13258.516106
Edge derivatives =  [5.066927123409289, 0.41327758855926433, -0.1480296483067538, 0.10429891207813809, 0.9553214717762037, -2.263582422358924, 0.7356361349129207, 1.0521717681619944, 0.694825324985872, -2.444726526759763, -2.576276607771554, 0.8501601637944747, 1.1598926467627213, 0.13173539826860947]
other derivatives: [ -7.10169843   9.68975655  10.33222361  -3.88445187   0.45274646   0.        ]
Current x array =  [-0.66008757 -0.45315064 -1.04604684  0.96310407 -0.60198212  0.33647224
  0.3620523  -1.79192445 -3.29024465 -2.70107022 -4.06896746 -3.26751768
 -3.96964601 -4.29963251 -4.47291369 -3.34785453 -5.15418404 -3.98906923
 -4.43330757 -4.77358806]
log likelihood =  -13258.3047178
Edge derivatives =  [6.355926004627968, 0.47031805362702966, -0.30625153538960037, -0.9452800312349682, 0.7833496059097105, -0.6738410349146606, 0.21412389456483796, 0.9246900845896682, 1.000456372898325, -1.0628143947812176, -1.7149098187289546, 0.317042925631886, 1.201328116211323, 0.6630455442403302]
other derivatives: [ -6.28733687  -3.55830707  10.66418918  -7.31033651   2.02417141   0.        ]
Current x array =  [-0.66006358 -0.45054902 -1.04672242  0.97068189 -0.60453479  0.33647224
  0.36198408 -1.79044942 -3.29808903 -2.68703157 -4.05971883 -3.29164219
 -3.95446083 -4.29704176 -4.48617394 -3.36963101 -5.24108313 -3.97277178
 -4.43529912 -4.80646239]
log likelihood =  -13258.6907243
Edge derivatives =  [0.24916939601377142, -0.00283102914872245, -0.23523120834927697, -2.205357346037536, 0.35511818045009524, 1.8569435311061446, -0.8891569029685057, 0.7266277576237218, 1.5967395115882599, 1.0503696191650482, -0.1832197713872995, -0.8119329861406228, 1.3329865998198058, 1.7117204552808842]
other derivatives: [  4.54656401  66.97991921   7.192466     2.19388312  -5.51881385   0.        ]
Current x array =  [-0.66261938 -0.46412857 -1.04378752  0.95059673 -0.58870109  0.33647224
  0.36410497 -1.78761963 -3.31667125 -2.66552781 -4.03917869 -3.32870736
 -3.92134468 -4.29109555 -4.51230324 -3.40114513 -5.41611018 -3.937557
 -4.43906275 -4.87286983]
log likelihood =  -13258.2150524
Edge derivatives =  [4.559512673087069, 0.33000462778559975, -0.2811212646050697, -1.3146605901123207, 0.6576394560597549, 0.09983279657148064, -0.11266764612268981, 0.8659973211702999, 1.1814834055710208, -0.4190269171118176, -1.2245310226782427, -0.01534711449548598, 1.241644717715869, 0.9861909815912996]
other derivatives: [ -3.01952241  18.1446012    9.60353645  -4.45688784  -0.24538167   0.        ]
Current x array =  [-0.66083197 -0.45463164 -1.04584006  0.96464338 -0.59977447  0.33647224
  0.36262172 -1.78959866 -3.30367568 -2.68056657 -4.05354354 -3.30278564
 -3.94450463 -4.29525406 -4.49402958 -3.37910557 -5.29370413 -3.96218464
 -4.43643064 -4.82642745]
log likelihood =  -13258.1276309
Edge derivatives =  [0.9928840574172311, 0.011488872015695428, -0.11798362700821637, -1.1868481665507051, 0.48831973788261784, 0.3205438351997332, -0.44306753250876907, 0.758630674208451, 1.2531965330477026, -0.299989910490145, -0.9175153415676337, -0.3523007866863842, 1.214091837163348, 1.1721369254900689]
other derivatives: [-6.21821528  4.57039278  5.14082785 -2.05782271 -1.10576366  0.        ]
Current x array =  [-0.66019218 -0.45233763 -1.04289308  0.96075819 -0.59956145  0.33647224
  0.3647794  -1.78874959 -3.30907804 -2.68028013 -4.04715435 -3.30650488
 -3.93531186 -4.29207595 -4.49754498 -3.38117788 -5.32844538 -3.95257858
 -4.43532182 -4.83844204]
log likelihood =  -13258.0994499
Edge derivatives =  [-0.8565121417714797, -0.1381966697922713, 0.10635654627983807, -0.7314206705743209, 0.3685695614366361, 0.2539268633642781, -0.6227741324448597, 0.6802112039600468, 1.2437756836445928, -0.40824071882489854, -0.7992416269469385, -0.5348907737180381, 1.166501162066341, 1.225231215604276]
other derivatives: [ 4.96838766 -1.55851012 -1.66255631 -1.12086127 -0.19517756  0.        ]
Current x array =  [-0.66198033 -0.45143343 -1.03884955  0.95855557 -0.60299607  0.33647224
  0.36681667 -1.78824978 -3.3123955  -2.68352515 -4.04279215 -3.30526026
 -3.93005324 -4.28901331 -4.4970298  -3.37915728 -5.34170412 -3.94712956
 -4.43294459 -4.84149343]
log likelihood =  -13258.0933685
Edge derivatives =  [-1.503007537591288, -0.1910678411799877, 0.13402709636600216, -0.6348974160763728, 0.3633046952950615, 0.15643321846094313, -0.6036737023497001, 0.6750648318732759, 1.2185373579950165, -0.4852493631917294, -0.8289525649284435, -0.5148262255905384, 1.1509746761792274, 1.1946659298519413]
other derivatives: [ 1.18925527 -1.8710125  -1.18052412  0.01346052 -0.74523996  0.        ]
Current x array =  [-0.66135636 -0.45141014 -1.038988    0.95636178 -0.60218403  0.33647224
  0.36682645 -1.78835324 -3.31221939 -2.68479496 -4.04289542 -3.30385873
 -3.93072606 -4.28875637 -4.49593329 -3.3780401  -5.33833309 -3.94781855
 -4.43233865 -4.83961751]
log likelihood =  -13258.0866402
Edge derivatives =  [-1.3727730120392185, -0.17532266990779524, 0.15337967147539622, -0.552294160353999, 0.36122505995237786, 0.10878919804299778, -0.5633828204301417, 0.6662204696193608, 1.1849406230313297, -0.48963414983733067, -0.8558643072571483, -0.47413864293005864, 1.1242725155682523, 1.1546602981935497]
other derivatives: [-0.65974746 -1.32949936 -0.79980964  0.71031536 -0.69994712  0.        ]
Current x array =  [-0.66104447 -0.45151577 -1.03914752  0.9546851  -0.60259882  0.33647224
  0.36649265 -1.78852209 -3.3117622  -2.68592173 -4.04299436 -3.30315218
 -3.93195025 -4.28824554 -4.494261   -3.37802255 -5.33524529 -3.94900461
 -4.43119214 -4.83708744]
log likelihood =  -13258.0667024
Edge derivatives =  [-0.4101581033211614, -0.08243991514223205, 0.26921616124391795, -0.2152996807403556, 0.30847740874290164, 0.047765774056816104, -0.4927891522764507, 0.6005656787794331, 1.0770778241254118, -0.4057128520119032, -0.8617537762689544, -0.404024811664338, 1.0096779879544902, 1.055831513245844]
other derivatives: [-3.68872861 -0.26848284  0.1711669   2.15422915  0.14752004  0.        ]
Current x array =  [-0.66050854 -0.45171563 -1.03963681  0.95064294 -0.60543359  0.33647224
  0.36540623 -1.7889388  -3.31145648 -2.68982136 -4.0415002  -3.30228562
 -3.9342388  -4.28524434 -4.488701   -3.37951814 -5.33467837 -3.95097903
 -4.42621976 -4.83085531]
log likelihood =  -13258.0437707
Edge derivatives =  [0.4032577106510584, -0.0064694802505415455, 0.3905661610682442, 0.14016937796706322, 0.22540744467031137, 0.07681818483807376, -0.4171092371459275, 0.49932158161250134, 0.9423357973146291, -0.18309465744172038, -0.8137588788385097, -0.33151452630994876, 0.8475597084223698, 0.9485932775987601]
other derivatives: [-4.61623131  0.85201464  1.06210791  2.77614163  1.24709914  0.        ]
Current x array =  [-0.66032367 -0.45190657 -1.04015669  0.94849906 -0.60862062  0.33647224
  0.364829   -1.78933004 -3.31120398 -2.69380522 -4.03880971 -3.3027688
 -3.93669985 -4.28078477 -4.48155172 -3.38324192 -5.34034581 -3.95288672
 -4.41917303 -4.82410732]
log likelihood =  -13257.9964563
Edge derivatives =  [1.088145539462935, 0.07041464725957412, 0.5567154209446545, 0.7389222163342696, 0.05078610800821082, 0.13550328529993688, -0.2080026508436927, 0.27163135526396337, 0.6225692293083118, 0.3048518079266257, -0.6982828675221431, -0.13428408312085285, 0.47186836122593245, 0.6914411769438327]
other derivatives: [-4.95601853  2.44272087  1.52213033  2.71975296  1.84882083  0.        ]
Current x array =  [-0.66025009 -0.45215774 -1.04049804  0.94810431 -0.61010919  0.33647224
  0.3644697  -1.79019348 -3.30940659 -2.70096231 -4.03319223 -3.30371189
 -3.94326368 -4.27081315 -4.46483134 -3.39145811 -5.35396438 -3.95810608
 -4.40300837 -4.80806932]
log likelihood =  -13257.9523588
Edge derivatives =  [-0.42424733112454627, -0.05797867024472479, 0.5417216019551608, 0.923890114486798, -0.24834227769749428, 0.1363470146256556, -0.08694763908309544, -0.07973193803538607, 0.19994246960123457, 0.6456297379823291, -0.3964250690874844, -0.037807431948490476, -0.04408161856618227, 0.41151946530845107]
other derivatives: [ 0.7043127  -2.21007213  5.07807272  2.68028089  0.28267095  0.        ]
Current x array =  [-0.66128725 -0.45137897 -1.0426479   0.94972325 -0.60584316  0.33647224
  0.36518088 -1.79091794 -3.3064102  -2.70439793 -4.02380874 -3.30425231
 -3.94781595 -4.25662658 -4.44363774 -3.3979468  -5.39072675 -3.96047441
 -4.38151693 -4.79108076]
log likelihood =  -13257.9611574
Edge derivatives =  [0.4342783291730159, 0.040342855561219346, 0.550235206292545, 1.033928116972411, -0.5401050496909462, 0.28233491017415197, -0.13748533250917877, -0.3929457385512134, -0.09326708083697044, 0.939946043806812, -0.03679157958972634, -0.120755170887403, -0.4432470261780184, 0.28369629539906827]
other derivatives: [-10.72130544   0.15952537  -4.96202119  -1.81207724   1.00262696   0.        ]
Current x array =  [-0.65921817 -0.45159465 -1.03691103  0.95890141 -0.60630213  0.33647224
  0.36647235 -1.79097696 -3.30573612 -2.70507312 -4.01373958 -3.30632067
 -3.94656015 -4.24417644 -4.42872429 -3.40272241 -5.43543539 -3.95729412
 -4.36450951 -4.78307058]
log likelihood =  -13257.9365835
Edge derivatives =  [-0.04243926711573931, -0.014394143445408875, 0.5455562902524322, 0.9730181575304815, -0.37765091885436, 0.20140801602944736, -0.10938249446102864, -0.21852963662572536, 0.07007187939244615, 0.7768099721026667, -0.23428426472956912, -0.07459157524346656, -0.22080681902178845, 0.35478080069588125]
other derivatives: [-4.37485141 -1.15742296  0.62373147  0.67939254  0.6002665   0.        ]
Current x array =  [-0.66036688 -0.45147491 -1.04009603  0.95380588 -0.60604732  0.33647224
  0.36575535 -1.79094419 -3.30611036 -2.70469827 -4.01932978 -3.30517236
 -3.94725734 -4.25108851 -4.43700395 -3.40007109 -5.41061403 -3.95905975
 -4.3739517  -4.78751768]
log likelihood =  -13257.9279929
Edge derivatives =  [0.2253932381305247, 0.013582558138091089, 0.3912764383725573, 0.6709702314315819, -0.3410461174579765, 0.14259352105004827, -0.06364359722538468, -0.1977642950116026, 0.05644466363376446, 0.6564130497721976, -0.24899802022320067, -0.032434025914255135, -0.20931584428679964, 0.3283320409395104]
other derivatives: [-0.63919288  0.05984475  0.49494702 -0.3426976  -0.14260877  0.        ]
Current x array =  [-0.6610374  -0.45167947 -1.04012355  0.95638746 -0.60327002  0.33647224
  0.36563813 -1.7910284  -3.30414405 -2.70197002 -4.0206237  -3.30421708
 -3.94845571 -4.25178084 -4.43647777 -3.39808767 -5.40863442 -3.96019711
 -4.37439138 -4.78582208]
log likelihood =  -13257.9253335
Edge derivatives =  [-0.028864435514921793, -0.0072142565525678964, 0.28868514555498254, 0.45244460022056215, -0.31504581329918313, 0.07580908853908923, -0.06673515361993548, -0.1758479591864246, 0.06527309477675183, 0.5011735134769846, -0.25669105609093307, -0.03793787235084124, -0.18012502089497795, 0.32876178061788763]
other derivatives: [ 0.98989403 -0.43910404 -0.08112693 -0.62664185 -0.54569682  0.        ]
Current x array =  [-0.66132585 -0.45160874 -1.03979264  0.95727808 -0.60204112  0.33647224
  0.36585895 -1.79097556 -3.30315057 -2.69987371 -4.02155959 -3.30318501
 -3.94828022 -4.25265872 -4.43709685 -3.39554794 -5.4075684  -3.9600417
 -4.37558664 -4.7857894 ]
log likelihood =  -13257.9232292
Edge derivatives =  [-0.30057466235677144, -0.029086275203259154, 0.20290628308365372, 0.27610759970602294, -0.30282787807770817, 0.01708871830838754, -0.07009859230282006, -0.16972897876176735, 0.054899758949833205, 0.3616679989444319, -0.2481495938898468, -0.044626448778615796, -0.1735817763970771, 0.31641129976292015]
other derivatives: [ 1.69548002  0.49676601 -0.4458343  -0.55515557 -0.72523108  0.        ]
Current x array =  [-0.66146149 -0.4518045  -1.03954373  0.95721276 -0.60165875  0.33647224
  0.36608841 -1.79095166 -3.30219584 -2.69821639 -4.02204344 -3.30225873
 -3.94813307 -4.25286278 -4.43674853 -3.39327166 -5.40854005 -3.95980745
 -4.37581669 -4.78496927]
log likelihood =  -13257.9203236
Edge derivatives =  [-0.4460497499779045, -0.04334774979072126, -0.03999936632628911, -0.22759381286813196, -0.26910418244328815, -0.11841063916067421, -0.07135365564861576, -0.1617549349897781, 0.016228026324017895, 0.018535312988015917, -0.22123906356952794, -0.055775127336884396, -0.16902512770421801, 0.27056877418857994]
other derivatives: [ 1.28329702 -2.85126589 -0.67811925 -0.40454324 -0.73450792  0.        ]
Current x array =  [-0.66138037 -0.45123925 -1.03934556  0.95704657 -0.60178702  0.33647224
  0.3661207  -1.79096856 -3.29946185 -2.69377097 -4.02344768 -3.30033604
 -3.94815024 -4.25327295 -4.43535025 -3.38791989 -5.41181569 -3.95953237
 -4.37608407 -4.78216173]
log likelihood =  -13257.9179617
Edge derivatives =  [-0.2700829928763503, -0.0268959806518088, -0.09586965606182235, -0.33338895622591774, -0.27543360161830566, -0.13699156006720942, -0.07075505055557202, -0.18045078936894915, -0.024367441856842524, -0.06304727595770909, -0.18208142367062127, -0.06006629308411835, -0.1993849481745255, 0.23737240151472727]
other derivatives: [ 0.82272891  0.96661097 -0.2923116  -0.13951649 -0.37362042  0.        ]
Current x array =  [-0.66132316 -0.45193833 -1.03951913  0.95611097 -0.60293849  0.33647224
  0.36608681 -1.79101585 -3.29858897 -2.69283297 -4.02327354 -3.29998662
 -3.94817244 -4.25241231 -4.4334315  -3.38659631 -5.41668163 -3.95927493
 -4.37474153 -4.78006607]
log likelihood =  -13257.9171957
Edge derivatives =  [-0.05371773218384246, -0.008784843420149874, -0.0728322387445452, -0.2787948415315903, -0.28539067177149346, -0.11610132428388578, -0.06792250005590322, -0.19469055566374585, -0.04100283842474561, -0.025532445241364887, -0.1678783777638984, -0.05807235604208889, -0.22020702821727386, 0.22503781691853586]
other derivatives: [ 0.20099833  0.53005351 -0.04692993  0.01018634 -0.0691216   0.        ]
Current x array =  [-0.66120449 -0.45185473 -1.03966214  0.95559803 -0.60382442  0.33647224
  0.36591478 -1.7910613  -3.29870218 -2.69342277 -4.02293553 -3.30033069
 -3.94831604 -4.25185166 -4.43258864 -3.38724512 -5.41851332 -3.95932342
 -4.37389875 -4.77934134]
log likelihood =  -13257.9167242
Edge derivatives =  [0.07185204342668405, 0.0017381358622532567, -0.06029184732915104, -0.2422894898154181, -0.279901285443366, -0.10081854200403692, -0.05990843153157936, -0.19761606492553557, -0.053110823351007114, -0.012927868212846638, -0.1588668116990397, -0.05141526328315426, -0.22829426983010326, 0.21004718588349958]
other derivatives: [-0.23846951  0.04765752  0.10513759  0.09022187  0.11732482  0.        ]
Current x array =  [-0.66112054 -0.45176356 -1.03975281  0.95531423 -0.60436842  0.33647224
  0.36581321 -1.79110254 -3.29866818 -2.6938584  -4.02310844 -3.30057154
 -3.94857845 -4.25172379 -4.4319967  -3.38748394 -5.41966225 -3.9595069
 -4.37358347 -4.77844153]
log likelihood =  -13257.9160217
Edge derivatives =  [0.20367029458522534, 0.013336509932242988, -0.041964037884852666, -0.1830151653025159, -0.25598244318319996, -0.07561513948285387, -0.042577146723873055, -0.19157049428522863, -0.06830694416314574, -0.008974730186729118, -0.14723417971271216, -0.03683280949493491, -0.22922654628476538, 0.18316108977139656]
other derivatives: [-0.50276867 -0.48239599  0.18644641  0.16534614  0.343789    0.        ]
Current x array =  [-0.66106326 -0.4516635  -1.03980547  0.95502445 -0.60501862  0.33647224
  0.36572596 -1.79116371 -3.29854808 -2.69455991 -4.02386504 -3.30093173
 -3.94908692 -4.251914   -4.43126328 -3.38757972 -5.42110961 -3.95989751
 -4.37356258 -4.77679987]
log likelihood =  -13257.9147733
Edge derivatives =  [0.23549903732013444, 0.016123404613308676, -0.020996891879095043, -0.0901238848913176, -0.18940932131362176, -0.033719895764461924, 0.0017047857154846302, -0.16537786783341993, -0.09375394982103168, -0.0240594223569639, -0.13170468999958226, 0.0016135254306723287, -0.21614632796898609, 0.12441724749561367]
other derivatives: [-1.53886504 -0.90221874  0.55970304  0.18335413  0.44783519  0.        ]
Current x array =  [-0.66088106 -0.4515734  -1.04002793  0.95497064 -0.60531864  0.33647224
  0.36568961 -1.79128537 -3.29808192 -2.69576857 -4.02602012 -3.30150927
 -3.95035693 -4.25283342 -4.43007399 -3.38740124 -5.42302048 -3.96095502
 -4.37414696 -4.77322404]
log likelihood =  -13257.9134874
Edge derivatives =  [0.18613470549839395, 0.016548546038465478, 0.028787530293616873, 0.09242663644441344, -0.08566475022590148, 0.03670406510206031, 0.059160571541304684, -0.12635914743513688, -0.13621548328901328, -0.06095031042464727, -0.08923094335503638, 0.04810363626622556, -0.19547114413107924, 0.03130023503663326]
other derivatives: [ 0.41891326 -1.44027581 -0.00491127  0.21918822  0.67757355  0.        ]
Current x array =  [-0.66119593 -0.45148749 -1.03973433  0.95477183 -0.60595706  0.33647224
  0.36583753 -1.79143808 -3.29753094 -2.69786829 -4.02929095 -3.30237909
 -3.95190793 -4.25413881 -4.42804709 -3.38681241 -5.42820128 -3.96211119
 -4.37498782 -4.767466  ]
log likelihood =  -13257.9125223
Edge derivatives =  [0.11564925981417384, 0.012355404921853025, 0.017850359732779757, 0.10239754355716592, -0.026051053864320495, 0.05023325998829424, 0.09017027312354058, -0.09440808347879845, -0.14273385875104302, -0.10040949606796523, -0.08401218027893545, 0.07472756733607747, -0.16759919813798774, -0.005940939838231296]
other derivatives: [-1.06647349 -0.59117156 -0.15115802 -0.13351382  0.32177923  0.        ]
Current x array =  [-0.66095578 -0.45161397 -1.0396574   0.95572617 -0.60484186  0.33647224
  0.36590485 -1.79149846 -3.29699406 -2.6981447  -4.03123688 -3.30250471
 -3.95273202 -4.25531375 -4.42778806 -3.38617569 -5.42877858 -3.96283496
 -4.37614483 -4.76519046]
log likelihood =  -13257.9121379
Edge derivatives =  [-0.014562931438282689, 0.000963102230201518, 0.003285785562682504, 0.06861336947240386, -0.021255248490170575, 0.03846975012691078, 0.08711257557907817, -0.08749309173505158, -0.13508228433542935, -0.11457790040829419, -0.08721130256988677, 0.07212687527262354, -0.15714392898886054, -0.0019022339202223737]
other derivatives: [-0.09586074 -0.10768417  0.02200977 -0.21009328  0.08676579  0.        ]
Current x array =  [-0.66113519 -0.45170634 -1.03976739  0.95604101 -0.604132    0.33647224
  0.3659804  -1.79147793 -3.29690241 -2.69779485 -4.03140534 -3.30231536
 -3.95261649 -4.2555931  -4.4281705  -3.38593318 -5.42836697 -3.96275647
 -4.37657503 -4.7654151 ]
log likelihood =  -13257.91203
Edge derivatives =  [-0.09830831943721163, -0.005816159211191871, 0.001095454581429657, 0.06147046839266167, -0.01900867971154474, 0.03355389658336606, 0.08305133395039827, -0.08357244181659132, -0.12973058200281692, -0.1171528867337438, -0.08775867344208133, 0.0683519048117111, -0.15039649761125448, 0.0009078805612948715]
other derivatives: [ 0.25611371  0.02091838 -0.0511136  -0.18990249 -0.0170985   0.        ]
Current x array =  [-0.66119973 -0.45173519 -1.03972243  0.95604374 -0.60386507  0.33647224
  0.36602601 -1.79146313 -3.29692455 -2.69769954 -4.03147516 -3.30223085
 -3.95248005 -4.25575432 -4.42842875 -3.38587605 -5.42828791 -3.96264418
 -4.37684949 -4.76556978]
log likelihood =  -13257.9118631
Edge derivatives =  [-0.19711577216890797, -0.013545529680355939, 0.0013866184825307923, 0.057513099590579556, -0.01395560312541555, 0.02684096458100353, 0.07503649914799923, -0.07621156664453188, -0.12046026864883405, -0.11680924934940273, -0.08722533105072508, 0.060822716484628926, -0.13780719404053654, 0.004079191587153974]
other derivatives: [ 0.54642442  0.1375156  -0.16643753 -0.08676579 -0.1369699   0.        ]
Current x array =  [-0.66125326 -0.45176458 -1.03964704  0.95587617 -0.60358101  0.33647224
  0.36605587 -1.7914432  -3.29699529 -2.69762578 -4.03163246 -3.30211641
 -3.95222114 -4.25606207 -4.42887437 -3.38585889 -5.42834571 -3.96242436
 -4.37736781 -4.7657389 ]
log likelihood =  -13257.9115827
Edge derivatives =  [-0.218680253379412, -0.014298802543593683, 0.006695567507056521, 0.06117471978816036, 1.1295617141082737e-05, 0.018240203309852095, 0.061680110441895426, -0.060091247287073456, -0.10332801950321807, -0.10885212106993813, -0.08536243368391602, 0.048350139611672505, -0.11200617913575331, 0.005908339659373429]
other derivatives: [ 0.69194357  0.22228051 -0.22937456  0.07730705 -0.27193892  0.        ]
Current x array =  [-0.66128142 -0.45178631 -1.03960486  0.95554179 -0.60326493  0.33647224
  0.36598209 -1.79142384 -3.29713584 -2.69762597 -4.03207503 -3.30197193
 -3.95179426 -4.25673812 -4.42969762 -3.38595805 -5.42857938 -3.96206649
 -4.3784456  -4.76581705]
log likelihood =  -13257.9111319
Edge derivatives =  [-0.08623551793509254, -0.002704223914248599, 0.01656755597785669, 0.0702285446853015, 0.027115886825902602, 0.0061045103415242295, 0.0363978682481137, -0.030150406740937892, -0.0737486822229251, -0.08557909175993739, -0.07628813432571264, 0.024807548793302804, -0.06448262523391617, 0.0035253200219496073]
other derivatives: [ 0.71686372  0.92586561 -0.10859367  0.21227606 -0.24847395  0.        ]
Current x array =  [-0.66128959 -0.45191253 -1.03967313  0.95515569 -0.60333452  0.33647224
  0.36582973 -1.79139188 -3.29734964 -2.69764706 -4.03291944 -3.30175574
 -3.9509884  -4.25798208 -4.4310981  -3.38627622 -5.42973868 -3.9613699
 -4.3804267  -4.76560318]
log likelihood =  -13257.9111034
Edge derivatives =  [-0.13472637580612634, -0.009962642229915122, 0.013093174294663668, 0.03516516892595484, 0.07726014987016538, -0.0375354528205169, -0.018393824950264807, 0.029572195198917843, -0.007671043142439712, -0.059388925934873105, -0.06790327433083962, -0.02590746945322888, 0.03382464557034244, 0.007443963130988496]
other derivatives: [ 0.26175258 -1.51394488 -0.06730261  0.35397534 -0.37598511  0.        ]
Current x array =  [-0.66119903 -0.45147236 -1.03969686  0.95500036 -0.60301785  0.33647224
  0.36570712 -1.79129271 -3.29769564 -2.69724167 -4.03454372 -3.3011489
 -3.94932017 -4.26060135 -4.43431876 -3.38668038 -5.43086215 -3.95998255
 -4.38462799 -4.76577375]
log likelihood =  -13257.9108351
Edge derivatives =  [-0.11103686613001318, -0.006420406916609514, 0.014788347598858435, 0.0522624752785778, 0.05282817623328118, -0.016257154597530406, 0.008329434267975805, 0.0004836716242725067, -0.03985302677308905, -0.0721521294430365, -0.07198936907359449, -0.001174316843890938, -0.014044329825997001, 0.005534958755588515]
other derivatives: [ 0.48330548 -0.32214302 -0.08731149  0.28594513 -0.31486707  0.        ]
Current x array =  [-0.66124317 -0.45168692 -1.03968529  0.95507608 -0.60317222  0.33647224
  0.36576688 -1.79134105 -3.29752698 -2.69743928 -4.03375195 -3.30144471
 -3.95013337 -4.25932456 -4.43274882 -3.38648337 -5.4303145  -3.96065883
 -4.38258003 -4.7656906 ]
log likelihood =  -13257.9105973
Edge derivatives =  [0.05479320479896754, 0.006678498750833872, 0.018467517266129836, 0.05441414258837346, 0.059470088664691834, -0.019341103279967225, -0.00453348042777596, 0.009903953997413902, -0.028613351175706507, -0.05480537935240004, -0.0650603129730985, -0.012988638498495388, 0.002697409947046866, 0.004050920903839961]
other derivatives: [ 0.10040822  0.05948095 -0.04147296  0.20445441 -0.10004442  0.        ]
Current x array =  [-0.66117332 -0.45174696 -1.03972126  0.95510405 -0.60372766  0.33647224
  0.36571155 -1.79132294 -3.2976195  -2.69741528 -4.03393882 -3.30138934
 -3.9497362  -4.25972442 -4.43326429 -3.38673745 -5.43120652 -3.96030361
 -4.38327498 -4.76557034]
log likelihood =  -13257.9104991
Edge derivatives =  [0.0881188219724286, 0.007760383844060997, 0.016188230319254794, 0.04777582284379622, 0.05719006106616675, -0.02013772802261645, -0.010414296163327785, 0.010200107798730679, -0.025877662801749413, -0.04706851746041418, -0.0602691895092019, -0.01825884898403826, 0.005368689554831593, 0.0034990828662032625]
other derivatives: [-0.11823431  0.06421033  0.01582521  0.07694325  0.06111804  0.        ]
Current x array =  [-0.6611314  -0.45174101 -1.03975796  0.95533069 -0.60413965  0.33647224
  0.36577088 -1.79130638 -3.29763112 -2.69732765 -4.03385013 -3.30138488
 -3.94956606 -4.25975263 -4.43338125 -3.38686029 -5.43182909 -3.96014497
 -4.3833866  -4.76552917]
log likelihood =  -13257.9104549
Edge derivatives =  [0.030755861585990973, 0.0016796799317614491, 0.01215371273817123, 0.03935038890020612, 0.0545831619491024, -0.019073641725381202, -0.01224653588832661, 0.009801275158126347, -0.024812639916963045, -0.04253261356094418, -0.05674208269365198, -0.01958749903974212, 0.005909606641365653, 0.002348970253373439]
other derivatives: [-0.10841177  0.01946319  0.0509317   0.00109139  0.09949872  0.        ]
Current x array =  [-0.66113256 -0.45173177 -1.03978157  0.95551728 -0.60423954  0.33647224
  0.36585953 -1.79129482 -3.29760664 -2.69723699 -4.03375665 -3.30140718
 -3.94951304 -4.25974497 -4.43342379 -3.38693483 -5.43228416 -3.96009944
 -4.3834103  -4.76545565]
log likelihood =  -13257.9103837
Edge derivatives =  [0.0013312143357117057, -0.001497346073455058, 0.0027203820743654586, 0.014695261862324338, 0.042140395204373404, -0.01656352385031887, -0.01741455715828473, 0.006629535111594413, -0.02026339111899217, -0.025958652238108004, -0.05012984857850671, -0.022931969123302275, 0.005505832239252658, 0.003910822032721861]
other derivatives: [-0.10095391 -0.00545697 -0.03019522 -0.10022632  0.1207809   0.        ]
Current x array =  [-0.66113352 -0.45172542 -1.03973801  0.95575271 -0.60426775  0.33647224
  0.36592917 -1.79127747 -3.29758944 -2.69696085 -4.03332737 -3.30146009
 -3.94935898 -4.25964124 -4.43361805 -3.38719353 -5.43313406 -3.95998665
 -4.38338954 -4.76554019]
log likelihood =  -13257.9103625
Edge derivatives =  [-0.14795780396763658, -0.017015215304874806, -0.010003574278428413, -0.02075711919794082, 0.010407534382068873, -0.0038732110260437658, -0.02403293868158525, -0.005181247418879355, -0.01602817429914145, 0.014662537551354715, -0.03418651830842275, -0.02528842381440749, -0.0037269335891835648, 0.0038999109604749282]
other derivatives: [ 0.52204996 -0.28667273  0.36143319 -0.07330527  0.1540684   0.        ]
Current x array =  [-0.66124268 -0.45168214 -1.03996783  0.95577153 -0.60440791  0.33647224
  0.36605603 -1.79125705 -3.29759169 -2.69658872 -4.03226248 -3.30171161
 -3.94919887 -4.25922199 -4.43377313 -3.38787001 -5.43522513 -3.95989295
 -4.38302189 -4.76554396]
  status: 0
 success: True
    nfev: 71
     fun: 13257.910362478027
       x: array([-0.66124268, -0.45168214, -1.03996783,  0.95577153, -0.60440791,
        0.33647224,  0.36605603, -1.79125705, -3.29759169, -2.69658872,
       -4.03226248, -3.30171161, -3.94919887, -4.25922199, -4.43377313,
       -3.38787001, -5.43522513, -3.95989295, -4.38302189, -4.76554396])
 message: 'CONVERGENCE: REL_REDUCTION_OF_F_<=_FACTR*EPSMCH'
     jac: array([-0.52204996,  0.28667273, -0.36143319,  0.07330527, -0.1540684 ,
       -0.        ,  0.1479578 ,  0.01701522,  0.01000357,  0.02075712,
       -0.01040753,  0.00387321,  0.02403294,  0.00518125,  0.01602817,
       -0.01466254,  0.03418652,  0.02528842,  0.00372693, -0.00389991])
     nit: 62
