number of sites to be analyzed:  111
log likelihood =  -1858.3669991
Edge derivatives =  [40.903604366065224, 13.191014384506758, -13.62524556041851, 4.540326782599493, -26.620119647987675, -13.13714347842821, -32.19602626020142, -29.765593695442426, -32.77146345729162, -30.168807769911847, -29.765593695442423, 1.6846848736550479e-15, -32.984455971745795, -25.085275497434907, 1.776734020905912e-15, -29.765593695442426, -28.573875417749576, -23.21259257463239]
other derivatives: [  12.72583177   14.13973223   -4.6033847    41.54278486 -146.10393464
 -176.09211227]
Current x array =  [-0.60575314 -0.92981656 -0.56282856  0.18232156 -0.10536052  0.33647224
 -2.30258509 -2.30258509 -2.30258509 -2.30258509 -2.30258509 -2.30258509
 -2.30258509 -2.30258509 -2.30258509 -2.30258509 -2.30258509 -2.30258509
 -2.30258509 -2.30258509 -2.30258509 -2.30258509 -2.30258509 -2.30258509]
log likelihood =  -1692.01010315
Edge derivatives =  [38.66725804261218, 14.7914265329841, -5.883548123109845, 10.925585997870265, -16.141167101480796, -3.420224344948175, -20.799197036268097, -19.695821127415627, -20.653348534061355, -18.11421720898801, -19.695821127415627, -1.610109486911239e-15, -21.360402823900476, -13.589808642208494, -1.5959994957673246e-15, -19.695821127415623, -17.184769180693376, -10.96861668708697]
other derivatives: [ 14.38368145   4.69456154  12.72912868  32.70752131 -53.4978426
 -53.31648936]
Current x array =  [-0.6035864  -0.92638639 -0.58077597  0.34428614 -0.67498199 -0.35006539
 -2.14311251 -2.25115674 -2.3557064  -2.28488353 -2.40637006 -2.35380342
 -2.42810908 -2.41863345 -2.43035256 -2.42020548 -2.41863345 -2.30258509
 -2.43118296 -2.4003861  -2.30258509 -2.41863345 -2.41398725 -2.39308499]
log likelihood =  -1616.08740866
Edge derivatives =  [32.64668179722823, 13.115391062983296, -4.284445671172742, 11.294132712136541, -11.444171224706727, -0.45413184930079775, -15.178325818559976, -14.57156978656822, -14.825204680530467, -12.573513512642396, -14.571569786568222, 1.4502823614067381e-15, -15.738549367239896, -9.066933200413771, 1.4470908045756373e-15, -14.571569786568228, -12.146566875166094, -6.36472329590552]
other derivatives: [-53.22654033  -3.5421408  -31.83163244  18.89188752 -21.27515017
 -24.33966984]
Current x array =  [-0.50914292 -0.93329178 -0.4496151   0.63360866 -1.07836685 -0.72484102
 -1.79373578 -2.11531457 -2.40225267 -2.17989483 -2.5436827  -2.37619992
 -2.60692968 -2.58861344 -2.60720323 -2.57403944 -2.58861344 -2.30258509
 -2.61490026 -2.51360574 -2.30258509 -2.58861344 -2.55996989 -2.48181655]
log likelihood =  -1587.58779484
Edge derivatives =  [10.363630813433568, 8.647544052877914, -2.093440597112496, 10.559894772958044, -4.348420094212561, 4.511670805664425, -7.073994321991189, -6.776257565722654, -6.7964813941176585, -4.175770262818873, -6.776257565722656, -5.532217888842484e-16, -7.428011316610101, -1.6647347274680253, -5.779314429948343e-16, -6.7762575657226645, -4.673170228225648, 0.8386770122429691]
other derivatives: [ 163.67948774    7.44898898   60.17442047  -14.18238753   37.65071597
   -1.69452505]
Current x array =  [-0.98166785 -1.01779989 -0.58531551  1.31777247 -1.93071487 -1.5483341
 -0.85153125 -1.74283489 -2.52294845 -1.87607012 -2.89300024 -2.41277011
 -3.06619134 -3.0272171  -3.05883371 -2.96240849 -3.0272171  -2.30258509
 -3.08842261 -2.79587841 -2.30258509 -3.0272171  -2.93097807 -2.69286192]
log likelihood =  -1539.38042213
Edge derivatives =  [3.7528235524348914, 6.929320810978236, -3.34852967281144, 8.387243581736632, -4.726837215190004, 3.003726290852345, -7.314935328126582, -7.033539896240776, -6.937681492028695, -4.7149308420674565, -7.033539896240776, 1.9323945719336312e-16, -7.723066503977887, -2.348906822080714, 1.9557463745442005e-16, -7.033539896240782, -5.0700272892743925, -0.012692356679907563]
other derivatives: [ 49.03356512  -2.49490313  19.24361186 -11.36615992  25.33247425
  -2.29360921]
Current x array =  [-0.64880209 -1.00755523 -0.50350348  1.2731123  -1.80109888 -1.54154297
 -0.80386032 -1.70993275 -2.53077901 -1.83660235 -2.90886785 -2.3967185
 -3.09165803 -3.05194018 -3.08298037 -2.9776106  -3.05194018 -2.30258509
 -3.11537702 -2.80244735 -2.30258509 -3.05194018 -2.94793239 -2.6899989 ]
log likelihood =  -1533.27540124
Edge derivatives =  [-2.0151417649961916, 5.6477023421740435, -3.6662281181229295, 7.254643720651489, -4.099820974923599, 2.7633051100910277, -6.536709394963963, -6.285772343405441, -6.090390676648558, -4.1106258759670435, -6.2857723434054416, -1.5479994451722892e-16, -6.9766186798576015, -1.840342149790183, -1.5445876723638068e-16, -6.2857723434054495, -4.363879666106921, 0.3192315125107858]
other derivatives: [-75.03092547  -2.38180746 -10.39841209  -8.55675353  17.57521204
  -1.47133505]
Current x array =  [-0.47184484 -1.02822278 -0.4527269   1.27242804 -1.72974028 -1.61419365
 -0.69077284 -1.63818498 -2.55797552 -1.76266461 -2.96383454 -2.38238354
 -3.16992571 -3.12712373 -3.15846172 -3.03568307 -3.12712373 -2.30258509
 -3.19712533 -2.83883284 -2.30258509 -3.12712373 -3.00652161 -2.70734768]
log likelihood =  -1528.87110366
Edge derivatives =  [-4.60004374692205, 5.0572112214598635, -3.782825807815867, 6.590904094691323, -3.9697212191356153, 2.7274474034099985, -6.319597433721135, -6.078195420807933, -5.8843948071315335, -3.8601114890925725, -6.078195420807933, 4.479156238978079e-16, -6.7259193707077465, -1.695771256081152, 4.460866452566984e-16, -6.078195420807941, -4.185559789875347, 0.43079507537590034]
other derivatives: [-18.74682312  -0.20165771  -8.1682856   -9.60037596  18.12006758
  -1.13507213]
Current x array =  [-0.53844884 -1.03368798 -0.45128227  1.29462235 -1.7388607  -1.64748364
 -0.64418081 -1.61108225 -2.56813223 -1.73652937 -2.98641198 -2.37955923
 -3.20137948 -3.15727417 -3.18890558 -3.06013983 -3.15727417 -2.30258509
 -3.22984525 -2.85478818 -2.30258509 -3.15727417 -3.03050475 -2.71668517]
log likelihood =  -1524.12525
Edge derivatives =  [-10.444808868020804, 3.575347551177862, -4.072738783387397, 4.779254068067645, -3.571667192782436, 2.491856308519134, -5.707993988511635, -5.504603895641985, -5.300107947784696, -3.2857130651255955, -5.504603895641985, 4.488944590354113e-17, -6.08920858393574, -1.271790740829333, 4.487136899244298e-17, -5.504603895641989, -3.6534221716316515, 0.6729461495276174]
other derivatives: [  5.0300514    4.10052508  -8.60804903  -8.74501893  14.0510565
  -0.46456989]
Current x array =  [-0.57399223 -1.04858726 -0.45023431  1.30141343 -1.68069175 -1.71037168
 -0.55169687 -1.54086064 -2.59747615 -1.66342658 -3.04164479 -2.36475019
 -3.2806373  -3.23342004 -3.26500605 -3.11847112 -3.23342004 -2.30258509
 -3.31273229 -2.89053727 -2.30258509 -3.23342004 -3.08917359 -2.7330024 ]
log likelihood =  -1516.63081868
Edge derivatives =  [-19.483732160287726, 0.3298775922620151, -4.6657518648863, -0.26718696913253703, -2.9158604770027328, 1.559562730294542, -4.559764391002223, -4.4686069461152425, -4.311985841675099, -2.317772111183381, -4.468606946115243, 5.128336998361384e-16, -4.961867324025912, -0.49950553083294824, 4.782427506781333e-16, -4.468606946115248, -2.674098070697198, 0.8760468742041241]
other derivatives: [ 25.65654995   7.29878593   3.19955689  -4.79849405   2.91790911
   0.38198777]
Current x array =  [-0.61261099 -1.04359818 -0.4837343   1.24891852 -1.47236989 -1.80106657
 -0.46759665 -1.40148459 -2.6715881  -1.51075207 -3.15415648 -2.32190341
 -3.44655486 -3.39312834 -3.42302981 -3.23374272 -3.39312834 -2.30258509
 -3.48718231 -2.9554574  -2.30258509 -3.39312834 -3.20768072 -2.75296516]
log likelihood =  -1510.50941384
Edge derivatives =  [-16.521286586060338, -1.9684445372718404, -4.696259566789105, -4.955756127589108, -2.3496894044164525, 0.3390354571261436, -3.5478047203446033, -3.562922448234452, -3.4592665777131164, -1.5466802991844661, -3.5629224482344526, -1.8010997780912083e-16, -4.019664665496021, -0.0004246193662675868, -1.6786184825822642e-16, -3.5629224482344557, -1.8343313296059525, 0.7275231572047102]
other derivatives: [ 34.19395398   0.96031272 -24.66561      0.61202172  -8.02765499
   0.28680915]
Current x array =  [-0.63370502 -0.99165722 -0.44303111  1.14359143 -1.24063344 -1.83616475
 -0.59888982 -1.29286668 -2.77360867 -1.39766519 -3.26455003 -2.26995122
 -3.6137658  -3.5552192  -3.58175461 -3.33958631 -3.5552192  -2.30258509
 -3.66529305 -3.00458388 -2.30258509 -3.5552192  -3.31987074 -2.75398892]
log likelihood =  -1506.10482126
Edge derivatives =  [-4.813250948083862, -4.645340126556506, -3.7546057432783395, -11.669413226629679, -1.365804319284769, -1.549962186966818, -2.141448177665892, -2.3075691500936752, -2.4514228334506045, -0.4906232618146244, -2.307569150093675, 4.43583998427188e-17, -2.785731204685269, 0.9723221796713881, 4.435921066242997e-17, -2.3075691500936784, -0.6366658154367694, 0.5755019473336679]
other derivatives: [ 27.07590738  -5.28145847  30.7361006    3.94456947 -12.62546903
   0.34558525]
Current x array =  [-0.61870607 -0.93887798 -0.59427699  1.04056714 -1.02627414 -1.89488047
 -0.86224119 -1.15132523 -2.94988893 -1.27860325 -3.44104703 -2.19919768
 -3.87924118 -3.81348519 -3.83506045 -3.50509135 -3.81348519 -2.30258509
 -3.94977395 -3.07810611 -2.30258509 -3.81348519 -3.49516002 -2.75572758]
log likelihood =  -1501.7558695
Edge derivatives =  [-2.578201342285603, -3.654873387355722, -3.3156858802910154, -8.30207749894499, -1.1568603433999223, -1.0835537824510075, -2.00275450545009, -2.111794742859411, -2.2144457824294164, -0.3146639846953495, -2.111794742859411, -1.853287403120903e-15, -2.610068554392217, 1.032850736645302, -1.914438287454954e-15, -2.111794742859414, -0.5028987328772241, 0.7744964899312408]
other derivatives: [  6.87084594  -2.12808118  12.26769655   1.84641067  -8.73342287
   0.45456545]
Current x array =  [-0.58508066 -0.96585106 -0.53351828  1.08302276 -1.12823519 -1.92111659
 -0.88241887 -1.16377722 -2.97672101 -1.32764783 -3.4604547  -2.20667964
 -3.90675725 -3.84113387 -3.86355251 -3.52077461 -3.84113387 -2.30258509
 -3.9811946  -3.08222643 -2.30258509 -3.84113387 -3.51124202 -2.75854654]
log likelihood =  -1499.0304011
Edge derivatives =  [1.6015920607704979, -3.1003143220631113, -2.443220770211583, -4.773760417362533, -0.557015051140782, -0.6963748643391652, -1.4351900174779224, -1.4897855859765792, -1.5925090014447807, 0.272693667899136, -1.4897855859765794, -1.392791683654024e-15, -2.0381887582609943, 1.431063434707911, -1.3958125476244024e-15, -1.4897855859765814, 0.04456185704231108, 1.125860658129838]
other derivatives: [-17.50245247  -0.89460173  -9.27957444  -1.04209903  -2.65151812
   0.79112397]
Current x array =  [-0.54995393 -0.98905758 -0.47438904  1.13978574 -1.25922246 -1.99814647
 -0.93657875 -1.14104132 -3.07228455 -1.37297211 -3.54790607 -2.20296219
 -4.03521174 -3.96742038 -3.99053793 -3.5988424  -3.96742038 -2.30258509
 -4.12243512 -3.11270339 -2.30258509 -3.96742038 -3.59251295 -2.76714102]
log likelihood =  -1498.16414735
Edge derivatives =  [2.7967980160140855, -3.225217142433466, -2.061515015645765, -3.8343411158816636, -0.26585224134652724, -0.6620367342068327, -1.1125229116460045, -1.1693666358558654, -1.3099901674246746, 0.5836890594065414, -1.1693666358558654, 3.214544637554262e-21, -1.7372653826507491, 1.6674292654408958, 3.256575530259737e-21, -1.1693666358558685, 0.3463062617093614, 1.2361606160966585]
other derivatives: [-13.45429155  -0.43094133  -5.8058049   -1.94404493  -0.25540885
   0.98395958]
Current x array =  [-0.55473047 -0.99397621 -0.48011784  1.15376941 -1.29550239 -2.03882961
 -0.95353742 -1.12270096 -3.13050899 -1.38484016 -3.60191044 -2.19741434
 -4.11652074 -4.04709462 -4.0705742  -3.64663037 -4.04709462 -2.30258509
 -4.21208133 -3.12997874 -2.30258509 -4.04709462 -3.64282516 -2.7699013 ]
log likelihood =  -1496.84508417
Edge derivatives =  [3.057110179028628, -3.203311778459085, -1.368190120286261, -1.4014484821238902, 0.23071356115315333, -0.629509925156936, -0.5182247738405299, -0.6086431495830079, -0.8433900652061712, 1.0811056611684942, -0.6086431495830079, -9.544619009034414e-16, -1.2040370355848677, 1.9193282470703776, -8.768047929804446e-16, -0.6086431495830094, 0.8568397565982075, 1.1647222469698584]
other derivatives: [-0.83139184  0.79239726  0.39738097 -1.47299488  1.81717041  1.37781626]
Current x array =  [-0.57124882 -0.99812872 -0.49400787  1.13913451 -1.31754893 -2.09925293
 -0.95360711 -1.12113644 -3.26190826 -1.43109232 -3.70668461 -2.19068939
 -4.28370268 -4.21173135 -4.23773029 -3.72973475 -4.21173135 -2.30258509
 -4.4024966  -3.14262232 -2.30258509 -4.21173135 -3.73381189 -2.75948657]
log likelihood =  -1496.28654669
Edge derivatives =  [1.9599147203075278, -2.8055314215831473, -1.0141120859259953, 0.3578500319825362, 0.48756168788064935, -0.555751267630495, -0.19525436803407673, -0.32019487005342817, -0.6248939093662698, 1.2932275176137356, -0.3201948700534279, -7.472382634697728e-17, -0.9296402890781775, 1.9081408815688152, -7.070727276054314e-17, -0.32019487005342867, 1.104987386300283, 0.9333159052474312]
other derivatives: [ 4.47009825  0.5286438   2.33578703 -0.36109213  1.90168521  1.62992819]
Current x array =  [-0.57875517 -0.99334166 -0.50025272  1.11540579 -1.31038047 -2.11991599
 -0.93070606 -1.1491611  -3.35017688 -1.46978216 -3.76471614 -2.19194592
 -4.38440026 -4.31181803 -4.34132555 -3.76751596 -4.31181803 -2.30258509
 -4.52276613 -3.13231649 -2.30258509 -4.31181803 -3.77823378 -2.74257182]
log likelihood =  -1495.75865681
Edge derivatives =  [0.36647487276560886, -1.7835048344012459, -0.7912762817615033, 1.7883416178856693, 0.6436168110442478, -0.36952162351983736, 0.03334542752557494, -0.12311891515235106, -0.5061134439069775, 1.332280028727405, -0.12311891515235082, 6.569696907220912e-16, -0.7328196926579347, 1.6019812776546853, 6.949501969091287e-16, -0.12311891515235043, 1.2093789435400126, 0.47031431918567457]
other derivatives: [ 4.61550371  0.42937245  2.32282673  0.94248662  0.9357791   1.84645614]
Current x array =  [-0.57927587 -0.98911577 -0.50304393  1.09105667 -1.28552015 -2.10475392
 -0.89796218 -1.21827967 -3.43492246 -1.50328242 -3.79921692 -2.20198694
 -4.46132286 -4.39048298 -4.42726605 -3.77347968 -4.39048298 -2.30258509
 -4.62615673 -3.09262456 -2.30258509 -4.39048298 -3.79228639 -2.71368705]
log likelihood =  -1495.32576774
Edge derivatives =  [1.2400250264901695, 1.24184668535221, -0.641552263694255, 2.56102981706121, 0.6073246448515209, 0.3592068263163265, 0.14885930732561284, -0.0328806410222387, -0.5736324096103091, 0.8801195355766791, -0.032880641022238706, 1.01143532811274e-15, -0.5862367434672632, 0.2728086580133, 1.0163718138220657e-15, -0.032880641022238116, 0.9349369028116381, -0.6137885978043742]
other derivatives: [ 22.27834557  -2.32769253  -3.46451543   0.24494966   1.78158643
   1.88726972]
Current x array =  [-0.60813057 -0.97032575 -0.48683543  1.10871894 -1.27772578 -1.95973389
 -0.89036274 -1.41124109 -3.55699571 -1.5144663  -3.77467783 -2.23895351
 -4.50075753 -4.44160858 -4.50614676 -3.68218208 -4.44160858 -2.30258509
 -4.7315957  -2.95319968 -2.30258509 -4.44160858 -3.71522617 -2.65373871]
log likelihood =  -1494.71019127
Edge derivatives =  [0.08780369784148834, 1.8724301953835145, -0.6559191244239793, 1.6091155176917413, 0.6887085702726374, 0.4085270098740743, 0.3233899392500666, 0.12536537362299524, -0.5169859556510523, 0.7556718480164899, 0.12536537362299463, 1.686671671562937e-15, -0.4358233744315539, -0.3475351049853517, 1.6981776797792518e-15, 0.12536537362299616, 0.9490791191460506, -1.1937920166759428]
other derivatives: [ 0.88534762 -2.69365046  1.67678991  0.28157956 -0.18544597  1.99381702]
Current x array =  [-0.57557483 -0.96910569 -0.50508348  1.10987271 -1.23661537 -1.90477524
 -0.86434236 -1.48063028 -3.65031523 -1.49025663 -3.7940321  -2.24854277
 -4.57131451 -4.51717258 -4.59732199 -3.66473158 -4.51717258 -2.30258509
 -4.84216836 -2.89501299 -2.30258509 -4.51717258 -3.70635596 -2.62739975]
log likelihood =  -1494.57474945
Edge derivatives =  [0.518905778878684, 1.9095144149829832, -0.7698364692516054, 0.5229943793653232, 0.5777112288946973, 0.4008615034532198, 0.23726704543877683, 0.05874568910710426, -0.5772295615555313, 0.6013926748528117, 0.05874568910710391, -1.0803305845097271e-15, -0.47892062189383083, -0.5132461652114484, -1.073040380669424e-15, 0.05874568910710433, 0.8017610632694854, -1.1838486854638905]
other derivatives: [-1.71191914 -1.8110768   0.66215762 -0.22007498 -0.53155418  1.85211775]
Current x array =  [-0.57195617 -0.97472791 -0.50211146  1.12286267 -1.23330706 -1.87244552
 -0.87039138 -1.48362189 -3.63768071 -1.46382498 -3.76948661 -2.25002517
 -4.54220387 -4.49040986 -4.57522984 -3.63865126 -4.49040986 -2.30258509
 -4.81755214 -2.88312673 -2.30258509 -4.49040986 -3.67914907 -2.63079223]
log likelihood =  -1494.39602328
Edge derivatives =  [0.6801209892413141, 1.9064469383720986, -0.8781688762264179, -0.6797929376949927, 0.4133679654356789, 0.38554643107092773, 0.142164879427973, -0.005701742311410744, -0.6447435946534431, 0.3436123979284617, -0.0057017423114104245, -8.935221650780406e-16, -0.4998009837488064, -0.8112812116225535, -8.90871188478142e-16, -0.005701742311410223, 0.5662114968366093, -1.1421969744768412]
other derivatives: [-1.93911092  0.75278876 -0.225441   -0.6280743  -0.79494384  1.64059202]
Current x array =  [-0.57136169 -0.98883721 -0.49885669  1.13620672 -1.23487484 -1.80440511
 -0.86807801 -1.4882694  -3.64600606 -1.43378262 -3.73563937 -2.25165247
 -4.5141453  -4.46784108 -4.56709837 -3.59554238 -4.46784108 -2.30258509
 -4.80868814 -2.86055283 -2.30258509 -4.46784108 -3.63451615 -2.63940832]
log likelihood =  -1494.10634123
Edge derivatives =  [0.6115552910509553, 1.5363810030708995, -0.9425460360174577, -2.4305695731307617, 0.20545822767199395, 0.19843156386118205, 0.08093067790028563, -0.04221448420977225, -0.714292462288629, -0.0808922587187196, -0.042214484209772245, 1.653232675992342e-15, -0.468398950500552, -1.1346633399941166, 1.681542361392541e-15, -0.0422144842097731, 0.2313486298692223, -0.924786002564778]
other derivatives: [-3.82099188 -0.91649781 -2.86570412 -1.19512151 -0.64146661  1.24266535]
Current x array =  [-0.5691995  -0.98130847 -0.49146925  1.14983013 -1.24445435 -1.66986034
 -0.85828245 -1.47102588 -3.70323884 -1.39151949 -3.69214937 -2.24753139
 -4.49955517 -4.46471105 -4.60024977 -3.53120772 -4.46471105 -2.30258509
 -4.84374482 -2.83363335 -2.30258509 -4.46471105 -3.56606606 -2.6677461 ]
log likelihood =  -1493.68077328
Edge derivatives =  [-0.4665950221504156, 0.6037801943794727, -0.8230852611255332, -3.1997708417870467, -0.07232623086427681, -0.2011717740326987, 0.12351193548607209, 0.04969945008298707, -0.6821844305896626, -0.7335138678931468, 0.0496994500829865, 9.124159828752523e-16, -0.2761101471743567, -1.592877648502377, 9.447397074714078e-16, 0.04969945008298734, -0.29761330698771554, -0.5147969033279141]
other derivatives: [-0.49358277  5.26108579 -2.29586021 -0.45679371 -0.87836725  0.40133727]
Current x array =  [-0.57262891 -1.0116369  -0.49206477  1.14219841 -1.25749029 -1.42506314
 -0.82408723 -1.43295961 -3.87760715 -1.37319408 -3.6501689  -2.23800522
 -4.53887641 -4.52628547 -4.74084324 -3.44510096 -4.52628547 -2.30258509
 -4.99391257 -2.80038356 -2.30258509 -4.52628547 -3.47079437 -2.72356519]
log likelihood =  -1493.36059876
Edge derivatives =  [0.29692035432509634, 0.041758623473710677, -0.5780450424440888, -1.5229771745502452, 0.016910464391707757, -0.3747569321422942, 0.2934179280395307, 0.20804743243985763, -0.5758727247601414, -0.7749944333301564, 0.2080474324398573, -2.0053752323786445e-21, -0.12356044148703559, -1.2593333604522523, -1.9741048374161995e-21, 0.20804743243985793, -0.2842033577190558, -0.09523749697479636]
other derivatives: [-3.6383426   1.90038918 -5.79891548 -0.6894652   1.23957307  0.16195827]
Current x array =  [-0.56838444 -0.99556325 -0.48319485  1.14024564 -1.29529106 -1.3256989
 -0.83007557 -1.38696365 -4.0096152  -1.40686599 -3.66428536 -2.23084132
 -4.6071365  -4.60570387 -4.8698851  -3.44418906 -4.60570387 -2.30258509
 -5.12757084 -2.82064251 -2.30258509 -4.60570387 -3.46004148 -2.76435649]
log likelihood =  -1493.338607
Edge derivatives =  [-0.6336052876734273, -1.1057903013883572, -0.4362512172670787, -0.7485706937783099, 0.029492370168506005, -0.7066633452267278, 0.397351212142312, 0.26508878639980266, -0.5397639861160806, -0.8115457090600628, 0.26508878639980266, 5.252619029193428e-16, -0.04025377441700435, -0.6774527333038913, 5.180597949476185e-16, 0.2650887863998042, -0.30562748074112356, 0.2722099478508895]
other derivatives: [  3.76271601e+00  -3.39387043e+00   9.72902399e+00  -5.02086550e-01
   1.80020834e+00   8.13997758e-03]
Current x array =  [-0.578072   -0.96259393 -0.52529034  1.12232224 -1.2846056  -1.24104757
 -0.81666155 -1.32931047 -4.10767744 -1.43507069 -3.66736307 -2.22587139
 -4.64354791 -4.6523374  -4.96792979 -3.45185915 -4.6523374  -2.30258509
 -5.21962832 -2.86432666 -2.30258509 -4.6523374  -3.45077971 -2.80733594]
log likelihood =  -1493.15134948
Edge derivatives =  [-0.4294609932221637, -0.555017813274371, -0.4146208508186406, 0.10349754565940472, 0.137287808817461, -0.4743120574956406, 0.42666321546820957, 0.3013404089938392, -0.5003563601428767, -0.6130613715680336, 0.30134040899383896, -4.642199299048953e-27, -0.03619511656886358, -0.7531521772085182, -3.1270673142444198e-27, 0.3013404089938405, -0.1402471134517005, 0.1007050311147891]
other derivatives: [ 0.3447667  -0.2527031   1.58854618  0.02978595  1.236549    0.34490313]
Current x array =  [-0.57360576 -0.97986703 -0.50351768  1.11882298 -1.28162566 -1.29539383
 -0.82062876 -1.35881265 -4.08842622 -1.4493429  -3.68662281 -2.23074033
 -4.65521279 -4.65912606 -4.95628153 -3.47228569 -4.65912606 -2.30258509
 -5.21116545 -2.85765538 -2.30258509 -4.65912606 -3.47654996 -2.78535363]
log likelihood =  -1493.12764051
Edge derivatives =  [-0.4488289061468762, -0.48031114518292084, -0.40542989208502456, 0.15679634824945587, 0.12512369293183645, -0.4399082906017119, 0.43356763539871385, 0.3085619712775298, -0.4941107441362601, -0.6527512302727785, 0.3085619712775294, -1.8212953006559508e-15, -0.024531128510443326, -0.7981258643852562, -1.820988268625387e-15, 0.30856197127753004, -0.17691365845706675, 0.0562833349164189]
other derivatives: [ 0.08101324 -0.13458248  0.27714577  0.15377282  0.87220542  0.26093403]
Current x array =  [-0.57345062 -0.97983609 -0.50061821  1.11763158 -1.27481026 -1.27667902
 -0.81939947 -1.36746547 -4.1064354  -1.45154211 -3.68463237 -2.23407239
 -4.65941231 -4.66545756 -4.97177586 -3.46888226 -4.66545756 -2.30258509
 -5.22625263 -2.85488938 -2.30258509 -4.66545756 -3.47096721 -2.78506873]
log likelihood =  -1493.06937726
Edge derivatives =  [-0.36834970241890874, -0.439440597491942, -0.37507517063691964, 0.37851891740278787, 0.09994037270075096, -0.3231370896343964, 0.43245742603240034, 0.30633558200549843, -0.47092828281764176, -0.6521646896817354, 0.3063355820054991, 1.1368701337499671e-15, -0.004516219485079624, -0.6511580133000628, 1.0569025663170828e-15, 0.3063355820054994, -0.22956482427098407, 0.017583662744012796]
other derivatives: [-0.01116405 -0.15561454 -1.72740329  0.46825335 -0.2502702   0.11254997]
Current x array =  [-0.57383631 -0.97743053 -0.49709704  1.11387063 -1.25054227 -1.23944333
 -0.82168281 -1.37960918 -4.144555   -1.4607698  -3.6793183  -2.24476031
 -4.65989216 -4.67161111 -5.00726301 -3.47454191 -4.67161111 -2.30258509
 -5.2530823  -2.86913748 -2.30258509 -4.67161111 -3.46458882 -2.78885186]
log likelihood =  -1493.01274699
Edge derivatives =  [0.22392023114516746, -0.32687477634323936, -0.3541594378781923, 0.4666436913804236, 0.03513692513090198, -0.13331269403472165, 0.38028834910375886, 0.2638090767518532, -0.4542192739288062, -0.618055453907103, 0.26380907675185294, 2.872797581882358e-16, -0.00515298004699139, -0.3728867586645704, 2.8792268854818903e-16, 0.26380907675185394, -0.31010910311630346, 0.02980009114619614]
other derivatives: [-0.88211891  0.19992967 -2.14938609  0.37998689 -0.87118224 -0.09024461]
Current x array =  [-0.57273682 -0.97796402 -0.4970829   1.11683711 -1.23419313 -1.2022731
 -0.8322744  -1.39115548 -4.17081084 -1.46685865 -3.66487065 -2.25894457
 -4.63884893 -4.65742664 -5.02986077 -3.48432984 -4.65742664 -2.30258509
 -5.25835307 -2.89495763 -2.30258509 -4.65742664 -3.45627499 -2.79532288]
log likelihood =  -1493.02192283
Edge derivatives =  [0.8129621727868376, -0.19731680608583296, -0.329544411417665, 0.539343667529895, -0.03822894046438497, 0.234760488347764, 0.2874622603100388, 0.1869978835031026, -0.40323664246070445, -0.35370395733887317, 0.1869978835031034, 1.184758158677865e-16, -0.012576400804717036, 0.30920573582018707, 1.1467533727867775e-16, 0.18699788350310387, -0.28447121717193485, 0.13936718159253034]
other derivatives: [ 9.30660917 -0.35861376 -3.68822839  0.15322712 -0.88689376 -0.18758328]
Current x array =  [-0.58816569 -0.97283536 -0.49238463  1.1235768  -1.22585895 -1.17335119
 -0.84138237 -1.40152687 -4.20327607 -1.47002922 -3.64865266 -2.27983225
 -4.59648448 -4.62606611 -5.06488987 -3.52629531 -4.62606611 -2.30258509
 -5.25429055 -2.95411525 -2.30258509 -4.62606611 -3.46387283 -2.80637745]
log likelihood =  -1492.9853785
Edge derivatives =  [0.4959286697660701, -0.2671201709482824, -0.342690590169275, 0.5002732529275093, 0.0014976539773307457, 0.03764483383954301, 0.33800311896840235, 0.22862657038620413, -0.4305759563836975, -0.49456346130761325, 0.22862657038620393, -7.021110884724279e-16, -0.00852639659162371, -0.052951320402131144, -7.063586938787867e-16, 0.22862657038620424, -0.2982402351367699, 0.08059533926354356]
other derivatives: [ 3.89454726 -0.05875336 -2.8607019   0.27359874 -0.87648004 -0.13417321]
Current x array =  [-0.57986857 -0.97559338 -0.4949112   1.11995243 -1.23034079 -1.1889044
 -0.83648442 -1.39594949 -4.18581738 -1.4683242  -3.65737414 -2.26859957
 -4.61926663 -4.64293073 -5.04605242 -3.50372772 -4.64293073 -2.30258509
 -5.25647523 -2.92230231 -2.30258509 -4.64293073 -3.45978697 -2.80043268]
log likelihood =  -1492.94022125
Edge derivatives =  [0.8874912378878189, -0.20477893363722982, -0.3327783638627721, 0.4844756731983648, -0.05274083019426071, 0.2100771651164857, 0.27230254956570515, 0.17531789769514985, -0.4107245480456721, -0.37729908517772986, 0.1753178976951493, 3.1591951306017023e-16, -0.019181761359325485, 0.305721323111414, 3.4666102568180815e-16, 0.17531789769515033, -0.31634704317666795, 0.14938325187222143]
other derivatives: [ 1.30075932  0.01302851 -1.08655058  0.00491127 -0.85394731 -0.22741915]
Current x array =  [-0.57584049 -0.97604123 -0.49999554  1.12432681 -1.22679761 -1.16903656
 -0.84285965 -1.40042958 -4.20077805 -1.47011539 -3.6449094  -2.28004506
 -4.59125144 -4.62115038 -5.06088759 -3.52333384 -4.62115038 -2.30258509
 -5.24937265 -2.95464984 -2.30258509 -4.62115038 -3.46021904 -2.80776174]
log likelihood =  -1492.91234585
Edge derivatives =  [0.7809696773438793, -0.15500312205758543, -0.33663498583823137, 0.37186908318067524, -0.07586740722542748, 0.29506968074421447, 0.23713244465315902, 0.14909362603413817, -0.39224255759046656, -0.2687401750907568, 0.14909362603413792, -4.933470929890926e-21, -0.024295069351045064, 0.4943478977708217, 3.63462204845697e-21, 0.14909362603413973, -0.2847834735915652, 0.1892414938696748]
other derivatives: [ 0.35690846  0.08085408  0.05484253 -0.14258603 -0.48380571 -0.22203039]
Current x array =  [-0.5742215  -0.9770931  -0.50271516  1.12657927 -1.23354801 -1.1642418
 -0.83879981 -1.40360497 -4.21062407 -1.46665464 -3.64036192 -2.28426483
 -4.57515279 -4.60893765 -5.07243094 -3.53956489 -4.60893765 -2.30258509
 -5.24579923 -2.97091254 -2.30258509 -4.60893765 -3.46564999 -2.81037523]
log likelihood =  -1492.87469139
Edge derivatives =  [0.2161745909693833, -0.0340824703726158, -0.3478989343361423, 0.09008192748940358, -0.10672297998847002, 0.38456000870401275, 0.19764015730471293, 0.12345578790503002, -0.35615428321787607, -0.09971706070498684, 0.12345578790503046, -5.251179241560224e-16, -0.02268547254801815, 0.6822500115198771, -4.734131114577927e-16, 0.12345578790503116, -0.21227748726390624, 0.20197172412907363]
other derivatives: [-0.50581548  0.10236363  0.74235231 -0.22632776  0.13103545 -0.2194156 ]
Current x array =  [-0.57271302 -0.97840833 -0.50389105  1.12801081 -1.24745095 -1.15319934
 -0.8231401  -1.41438937 -4.23957041 -1.45738808 -3.63637942 -2.28806971
 -4.55569906 -4.59689845 -5.10415888 -3.56572274 -4.59689845 -2.30258509
 -5.25251759 -2.98627304 -2.30258509 -4.59689845 -3.47616445 -2.81128088]
log likelihood =  -1492.84076552
Edge derivatives =  [-0.20298827889532722, 0.16193319533150602, -0.34411050931383835, -0.09157656770479106, -0.12197535476996763, 0.36753115347526266, 0.18134755255333124, 0.1155962145660581, -0.3213019757061531, 0.029548345980356702, 0.11559621456605772, 4.542802379547911e-16, -0.011957389896179952, 0.6656004709165488, 4.491609567074196e-16, 0.11559621456605888, -0.12995715580191816, 0.1206570520966124]
other derivatives: [-0.73812316  0.18733317  0.32212029 -0.15238584  0.40870418 -0.24901965]
Current x array =  [-0.57234262 -0.97929103 -0.50250019  1.12708325 -1.25470552 -1.13989983
 -0.81048921 -1.43219262 -4.28258403 -1.45074931 -3.63698669 -2.28693437
 -4.54448832 -4.5939072  -5.14855381 -3.58736831 -4.5939072  -2.30258509
 -5.27251071 -2.98298891 -2.30258509 -4.5939072  -3.48692926 -2.80666323]
log likelihood =  -1492.77836984
Edge derivatives =  [-0.6172390557360857, 0.28168648518525546, -0.3069314756699054, -0.2216491725857146, -0.13257527220782614, 0.08459011294868801, 0.14763666791602933, 0.09372891463092306, -0.26255917788992916, 0.26159507625368295, 0.0937289146309227, 1.4819293347887306e-17, 0.00819710293826414, 0.49746721527833354, 2.958464877202773e-17, 0.09372891463092359, 0.06078525952024902, 0.003000149301445043]
other derivatives: [-0.7030394  -0.12180408  0.24845122  0.04204139  0.52407358 -0.31873242]
Current x array =  [-0.57243342 -0.9773441  -0.50233442  1.12336891 -1.25824569 -1.12039241
 -0.79790814 -1.44743653 -4.38149015 -1.44444057 -3.64273278 -2.27338971
 -4.51824874 -4.58630478 -5.24986293 -3.62817766 -4.58630478 -2.30258509
 -5.31563006 -2.96351107 -2.30258509 -4.58630478 -3.51077409 -2.80202062]
log likelihood =  -1492.83270817
Edge derivatives =  [-0.25509243711049834, 0.6030502562194567, -0.2287079346818751, -0.021299090114547337, -0.0938631057056378, 0.009613386868506824, 0.08397374762123541, 0.08208140063640929, -0.18020284120803304, 0.49233315724917226, 0.08208140063640948, 1.5532751713026773e-16, 0.058690725535503474, -0.20822068669020108, 1.553573513879813e-16, 0.08208140063640923, 0.2757338343935806, -0.21179465946443551]
other derivatives: [ 3.61733328  6.15893896  4.19802291 -0.01032276  0.4939011  -0.36329766]
Current x array =  [-0.57715198 -1.00968951 -0.51179854  1.1301307  -1.25806075 -1.11406536
 -0.79830656 -1.47417695 -4.56575993 -1.44169502 -3.6642628  -2.26825357
 -4.47782035 -4.57889158 -5.43498364 -3.66518575 -4.57889158 -2.30258509
 -5.39489542 -2.89824972 -2.30258509 -4.57889158 -3.53691852 -2.79038194]
log likelihood =  -1492.7551738
Edge derivatives =  [-0.48415994863628375, 0.39664308256887915, -0.27639180318034295, -0.14352082943148892, -0.11852766034995409, 0.05949341067590869, 0.1262661538469247, 0.08983508169049569, -0.2310351717919099, 0.34396123681745444, 0.0898350816904957, -1.8875103150516685e-15, 0.0264943860060436, 0.2575034969567882, -1.8874538454340554e-15, 0.08983508169049671, 0.13738243135751713, -0.07186045753144542]
other derivatives: [ 0.82634415  2.13512976  1.65171059  0.02578417  0.51511506 -0.33242031]
Current x array =  [-0.57409203 -0.98871378 -0.50566114  1.12574574 -1.25818068 -1.1181684
 -0.79804819 -1.45683601 -4.44626251 -1.44347548 -3.65030076 -2.27158431
 -4.50403782 -4.58369898 -5.31493439 -3.64118631 -4.58369898 -2.30258509
 -5.34349249 -2.94057116 -2.30258509 -4.58369898 -3.51996407 -2.79792953]
log likelihood =  -1492.70357609
Edge derivatives =  [-0.2760884714561188, 0.4026897132105275, -0.22376612698885798, 0.007277502019999771, -0.07999481621681578, -0.2503914098847631, 0.09038373322087806, 0.06714667213374717, -0.189526433061887, 0.5354423523950889, 0.06714667213374716, 9.81171021292541e-18, 0.04412207958326507, -0.04499488393523285, -6.208112507746802e-18, 0.06714667213374836, 0.33993460801432085, -0.15614912256678742]
other derivatives: [ 0.03169589  0.99505542 -0.11721113  0.09911219  0.24267592 -0.34665391]
Current x array =  [-0.57346156 -0.98199921 -0.50158271  1.12471231 -1.25207966 -1.11580469
 -0.80126726 -1.4586287  -4.55391122 -1.44394686 -3.6629268  -2.25663345
 -4.47519204 -4.57479445 -5.42518508 -3.67536582 -4.57479445 -2.30258509
 -5.38675729 -2.90975168 -2.30258509 -4.57479445 -3.54405397 -2.7951628 ]
log likelihood =  -1492.6794816
Edge derivatives =  [-0.01653527321368431, 0.29860100690605146, -0.18911921970071133, 0.14875851048808442, -0.03304012607552317, -0.33932666364892156, 0.07907541782454439, 0.05938321791717137, -0.18044732412391476, 0.5591851420060361, 0.05938321791717119, -4.584487064797599e-16, 0.05527190744242312, -0.2724582858288985, -5.06852142774867e-16, 0.05938321791717219, 0.4080299156913148, -0.17851945358932914]
other derivatives: [ 0.62643721 -0.18999344  0.92616119  0.03904006 -0.07455583 -0.31855052]
Current x array =  [-0.57453687 -0.9745461  -0.50492284  1.12503819 -1.24151677 -1.12162267
 -0.80824664 -1.45160849 -4.61701646 -1.4467715  -3.67302337 -2.25315356
 -4.46211453 -4.57250946 -5.48862679 -3.67991863 -4.57250946 -2.30258509
 -5.41235327 -2.887858   -2.30258509 -4.57250946 -3.54953914 -2.79594194]
log likelihood =  -1492.65748561
Edge derivatives =  [0.6187181181649398, 0.16949202695006804, -0.15055537954166884, 0.40765656929851524, 0.012911088848223742, -0.16400633265576106, 0.022929211872578802, 0.03170386698495988, -0.16324325129015124, 0.5803825642651833, 0.031703866984960326, 2.1578353723111186e-16, 0.06714438702656578, -0.35721818836195046, 2.2997329486739176e-16, 0.03170386698496077, 0.4266912250953057, -0.11028801926362448]
other derivatives: [-0.85083229  0.0856744  -1.07374944 -0.06984919 -0.71213435 -0.29353941]
Current x array =  [-0.57276372 -0.97534248 -0.50042117  1.12987366 -1.22788198 -1.13051092
 -0.82295877 -1.43965401 -4.69404816 -1.4511201  -3.68110417 -2.26206044
 -4.43462987 -4.55956859 -5.56570651 -3.68126552 -4.55956859 -2.30258509
 -5.43476551 -2.87838684 -2.30258509 -4.55956859 -3.54854748 -2.80252031]
log likelihood =  -1492.63594027
Edge derivatives =  [0.6432657049841668, 0.05919508346485103, -0.1423786925793065, 0.4005370070233374, 0.04172324904172253, -0.007231334780172766, 0.014357916946979007, 0.03149430476844707, -0.16555074722651608, 0.5175686761232398, 0.03149430476844717, 1.2164197132483198e-15, 0.07170557759189707, -0.38020692468012557, 1.274426718517396e-15, 0.03149430476844725, 0.38861616095528245, -0.051535280265929254]
other derivatives: [-0.44735771 -0.06914433 -0.16127615 -0.17321327 -0.66397661 -0.2250772 ]
Current x array =  [-0.57325475 -0.97446202 -0.50269008  1.13180944 -1.22767316 -1.14193844
 -0.82457392 -1.43031192 -4.71497669 -1.44969004 -3.68550427 -2.26895269
 -4.42951669 -4.55765497 -5.58626955 -3.66769783 -4.55765497 -2.30258509
 -5.43979124 -2.87482259 -2.30258509 -4.55765497 -3.54038031 -2.80623105]
log likelihood =  -1492.58595889
Edge derivatives =  [0.4031582403627635, -0.2446887304889438, -0.12456216617471216, 0.19069962874074964, 0.11539656829541795, 0.5308729503291547, -0.04334624355008293, 0.019876193199696555, -0.16022856737111124, 0.348006374175616, 0.01987619319969685, -3.545099027954217e-16, 0.09064603816490542, -0.34845019853222375, -3.550238999144639e-16, 0.019876193199697655, 0.2629791856978466, 0.15178919470319124]
other derivatives: [ 0.29165221 -0.14790658  1.19357537 -0.39196948 -0.28703653 -0.02262368]
Current x array =  [-0.57404548 -0.97468077 -0.50545296  1.1368683  -1.23557373 -1.17511485
 -0.82118146 -1.40516241 -4.80681928 -1.43869561 -3.69819438 -2.29216068
 -4.40236178 -4.54547538 -5.6779097  -3.62920139 -4.54547538 -2.30258509
 -5.46221519 -2.871259   -2.30258509 -4.54547538 -3.51383282 -2.81880907]
log likelihood =  -1492.55622708
Edge derivatives =  [0.06570758334196325, -0.35178528449544394, -0.11235326740155828, -0.0026371331413437282, 0.14345025801007777, 0.6125363870919539, -0.08946732286357022, 0.011254631362352392, -0.14766602037191304, 0.2555216726878824, 0.011254631362352475, -5.460489349171632e-16, 0.10936840548765529, -0.3540232411145403, -5.727586502381244e-16, 0.011254631362352462, 0.19502043154335463, 0.21893783115344234]
other derivatives: [-0.03233254 -0.03637979  1.01815658 -0.21946107 -0.08553798  0.07123617]
Current x array =  [-0.57347543 -0.97577484 -0.5045479   1.13394139 -1.24305465 -1.1922849
 -0.81421009 -1.39695036 -4.89729478 -1.42934289 -3.70722751 -2.29371754
 -4.38057952 -4.53718024 -5.76916925 -3.60765864 -4.53718024 -2.30258509
 -5.48906088 -2.86643314 -2.30258509 -4.53718024 -3.49826155 -2.8225827 ]
log likelihood =  -1492.72997955
Edge derivatives =  [0.21940510652956124, -0.3661791966675991, -0.07164904825429254, -0.14451563439162562, 0.13836678804034766, 0.5083490428966544, -0.29085426024154626, -0.07446078134074571, -0.10373400017148719, 0.18178961924265802, -0.07446078134074509, 2.7053260810888984e-16, 0.15005041495891827, 0.12950159345691503, 2.7967855494793775e-16, -0.07446078134074668, 0.05808251770834491, 0.3562540266467425]
other derivatives: [ 15.16375505  -0.94012194  -4.13008365  -0.05152287   0.64101187
   0.18612809]
Current x array =  [-0.59695636 -0.97007205 -0.48840496  1.13454078 -1.25915844 -1.21947403
 -0.81309188 -1.39007885 -5.16224668 -1.41396945 -3.71789799 -2.28206379
 -4.29806899 -4.49334057 -6.04031764 -3.58173217 -4.49334057 -2.30258509
 -5.55245694 -2.89513644 -2.30258509 -4.49334057 -3.46743779 -2.83040475]
log likelihood =  -1492.54760239
Edge derivatives =  [0.0948815004939515, -0.3545213288016499, -0.10363387954998766, -0.022651597911400367, 0.14219659641610277, 0.5941696172758637, -0.12374404645196678, -0.0034416892124256686, -0.1385068954898056, 0.24370199392544659, -0.003441689212425745, -8.032542012104741e-16, 0.11694991454202007, -0.2662108670519192, -8.343631715344526e-16, -0.0034416892124248984, 0.17198567809406115, 0.24264474918987985]
other derivatives: [ 2.75874754 -0.19342679  0.13553745 -0.18990249  0.04692993  0.09340511]
Current x array =  [-0.57763751 -0.974764   -0.5016865   1.13404763 -1.2459091  -1.19710427
 -0.81401188 -1.39573236 -4.94425845 -1.42661789 -3.70911889 -2.29165187
 -4.36595424 -4.52940951 -5.81723126 -3.60306308 -4.52940951 -2.30258509
 -5.50029806 -2.8715209  -2.30258509 -4.52940951 -3.49279793 -2.82396918]
log likelihood =  -1492.5199901
Edge derivatives =  [-0.35024943606878967, -0.34684010359507206, -0.08993395405019981, -0.28531470016792926, 0.15289028498702506, 0.43689927342375373, -0.19735162584073238, -0.022199742890674255, -0.11790348356748477, 0.17827681851827437, -0.022199742890674074, 4.777477615664585e-16, 0.14248455301745064, -0.27232510360941103, 4.500019724468359e-16, -0.022199742890673786, 0.11460209179791109, 0.25285452430959643]
other derivatives: [ 0.86188265  0.04135927 -0.53587428  0.16948434  0.25374902  0.15311343]
Current x array =  [-0.57478831 -0.97678437 -0.49966209  1.12721139 -1.25573739 -1.20986855
 -0.80350751 -1.39647382 -5.08464335 -1.41487856 -3.71933166 -2.281034
 -4.33335018 -4.51707542 -5.95969151 -3.58612045 -4.51707542 -2.30258509
 -5.54418707 -2.86604429 -2.30258509 -4.51707542 -3.47826983 -2.82384762]
log likelihood =  -1492.50532464
Edge derivatives =  [-0.2790462601905427, -0.24574428870561305, -0.07936500618260227, -0.2905110276809202, 0.14072969227121612, 0.22022314922715447, -0.24126826754050268, -0.04037605678677048, -0.10652168098533256, 0.16346981038043307, -0.040376056786770184, -1.1369170040495418e-15, 0.1532730601263134, -0.19659276352602725, -1.1235713267163832e-15, -0.04037605678677141, 0.08476618178161516, 0.21290130091209236]
other derivatives: [ 0.06830305  0.01382432 -0.49778919  0.2149136   0.34087861  0.14883881]
Current x array =  [-0.5736185  -0.9768444  -0.49974672  1.12608332 -1.25782922 -1.21116018
 -0.80334998 -1.40304462 -5.16031349 -1.41286147 -3.72132072 -2.2697936
 -4.31541919 -4.50847226 -6.03708336 -3.58127674 -4.50847226 -2.30258509
 -5.56504796 -2.87037704 -2.30258509 -4.50847226 -3.47192882 -2.82097885]
log likelihood =  -1492.488384
Edge derivatives =  [-0.05557000828981984, -0.05992679259129202, -0.06573981056717307, -0.15130628147195924, 0.10876121917742534, -0.13743867028275436, -0.2836841822132862, -0.062047346607683546, -0.09463018454299482, 0.10680229920826506, -0.06204734660768345, 1.2330584839040853e-17, 0.16433471331131397, -0.045871268908300844, -4.906078623809175e-18, -0.06204734660768382, 0.012552234211756289, 0.10245637656089537]
other derivatives: [-0.4606818   0.06134542 -0.1734179   0.16505055  0.24836027  0.11787051]
Current x array =  [-0.57286706 -0.97693201 -0.50077254  1.12728486 -1.25458258 -1.20938685
 -0.80590554 -1.416576   -5.24959322 -1.41496033 -3.72003187 -2.25278838
 -4.29951324 -4.49915253 -6.12880806 -3.5696246  -4.49915253 -2.30258509
 -5.5856019  -2.88165843 -2.30258509 -4.49915253 -3.46043536 -2.81344347]
log likelihood =  -1492.4808864
Edge derivatives =  [-0.12188547197797872, 0.014528712654789666, -0.06290380340462644, -0.028245169298800166, 0.08489738459698502, -0.2384918812813171, -0.25403336391210496, -0.05374969958129694, -0.09563864316513063, -0.03566675876693634, -0.05374969958129583, -2.940380532842284e-16, 0.16457936843485688, 0.06350075894925442, -3.0236771638818204e-16, -0.053749699581297106, -0.08884402371137377, -0.0012229860525647673]
other derivatives: [-0.98034434 -0.66072516 -0.75294793  0.08374172  0.01914486  0.10602434]
Current x array =  [-0.57239685 -0.97309036 -0.49962119  1.12943811 -1.24896495 -1.20821483
 -0.80454537 -1.42403453 -5.26731051 -1.41833562 -3.71459755 -2.24895006
 -4.31227408 -4.50248106 -6.14774551 -3.54612121 -4.50248106 -2.30258509
 -5.58145607 -2.89129187 -2.30258509 -4.50248106 -3.44624611 -2.80628964]
log likelihood =  -1492.47674589
Edge derivatives =  [-0.07804985724846236, 0.06051523168347439, -0.05806389175585415, 0.08956329394930829, 0.06019105968704995, -0.27384814032403604, -0.2401477315930294, -0.04877828139911039, -0.09188773839834252, -0.14318868726347384, -0.04877828139911088, 1.0306609381164823e-16, 0.17100935303253936, 0.0725444689626302, 1.0710615868878001e-16, -0.04877828139911104, -0.1676714303144704, -0.09144485567853602]
other derivatives: [ 0.17121238  0.74148829  0.30577212  0.10509211 -0.36316123  0.07528342]
Current x array =  [-0.57379868 -0.97951711 -0.50250209  1.13087627 -1.24091382 -1.20608485
 -0.80550111 -1.42993343 -5.30596166 -1.42141383 -3.71138504 -2.24833543
 -4.32006747 -4.50410624 -6.18776498 -3.52819868 -4.50410624 -2.30258509
 -5.58477517 -2.89319287 -2.30258509 -4.50410624 -3.4360535  -2.80049045]
log likelihood =  -1492.47328939
Edge derivatives =  [-0.07483041532655754, 0.033652412829884015, -0.060895833330740924, 0.06411213414134043, 0.06718753772668548, -0.1784292169313075, -0.2243453425938112, -0.043410337814534225, -0.09531549899213042, -0.11943129907507977, -0.043410337814533656, -1.984492175967273e-18, 0.1660975014414882, 0.05489845429189319, -9.928412830822552e-19, -0.043410337814534156, -0.14016738093809797, -0.06603143482552276]
other derivatives: [ 0.04652065  0.2117531   0.05666152  0.05045422 -0.24472229  0.08003553]
Current x array =  [-0.57371031 -0.9769617  -0.50182458  1.13134539 -1.24274563 -1.20507256
 -0.80569862 -1.42726459 -5.27786834 -1.42125694 -3.71051433 -2.25294163
 -4.32597854 -4.50673041 -6.15921042 -3.53274588 -4.50673041 -2.30258509
 -5.57676629 -2.89193147 -2.30258509 -4.50673041 -3.44008326 -2.80232069]
log likelihood =  -1492.46947311
Edge derivatives =  [-0.05255423518766644, 0.038736838706247, -0.06245254721300539, 0.03616625479555835, 0.0649713440814805, -0.08098653166749126, -0.20116687670669578, -0.03616022896375436, -0.09677379275595328, -0.11608315087961865, -0.03616022896375383, 1.149640832120768e-21, 0.16289263544203164, 0.035140770347456635, 1.1369089056404555e-21, -0.03616022896375503, -0.12264082684530436, -0.06617102851888598]
other derivatives: [ 0.09401901 -0.11923476  0.03497007 -0.00575255 -0.11243628  0.07032668]
Current x array =  [-0.57380633 -0.97539293 -0.50170356  1.13194849 -1.244716   -1.20183388
 -0.80573108 -1.4271296  -5.2666393  -1.42089714 -3.708087   -2.25786069
 -4.33539276 -4.50997726 -6.14838329 -3.53382764 -4.50997726 -2.30258509
 -5.57000034 -2.89060032 -2.30258509 -4.50997726 -3.44263919 -2.80260422]
log likelihood =  -1492.46070949
Edge derivatives =  [0.11398645329021873, 0.09178084483559684, -0.0620137483647263, 0.0005743085296483486, 0.04608392700301618, 0.1437113174341013, -0.1483718622496317, -0.021930335168492018, -0.09394425854686717, -0.11551356845114734, -0.021930335168492406, 9.852411482987573e-19, 0.1595468653796015, -0.010206298565563043, -1.0576409434684298e-17, -0.02193033516849323, -0.08539733589695682, -0.08651305447717243]
other derivatives: [-0.145792   -0.28890099 -0.72343482 -0.11036718  0.09756604  0.01884928]
Current x array =  [-0.57351683 -0.97487074 -0.49962194  1.13393987 -1.24835889 -1.19091251
 -0.80727594 -1.42967166 -5.28009153 -1.42007453 -3.70050457 -2.26950381
 -4.358421   -4.51595951 -6.1645524  -3.53436021 -4.51595951 -2.30258509
 -5.55886645 -2.88755381 -2.30258509 -4.51595951 -3.44782486 -2.80238345]
log likelihood =  -1492.45412091
Edge derivatives =  [0.07825447998247403, 0.17681532429009583, -0.055208265008248096, -0.21432650974655298, 0.010718280833008222, 0.37004794726261675, -0.08618520091964506, -0.01011252227298972, -0.08364166407407514, -0.19868858546585413, -0.010112522272989664, -7.579541911774446e-18, 0.16572510394273118, -0.06891640672698215, -5.921940807036494e-17, -0.01011252227298896, -0.07890208170245656, -0.14111127717238486]
other derivatives: [ 0.6085429  -1.0763415   1.09391749 -0.22926088  0.66265784 -0.03324203]
Current x array =  [-0.57438278 -0.97099575 -0.50396259  1.1342727  -1.25690654 -1.17801752
 -0.80316133 -1.43598861 -5.39589591 -1.41377735 -3.69099932 -2.28151715
 -4.38502367 -4.52019023 -6.28712001 -3.5205314  -4.52019023 -2.30258509
 -5.5626587  -2.88155999 -2.30258509 -4.52019023 -3.44572395 -2.80076269]
log likelihood =  -1492.44368851
Edge derivatives =  [0.19051341527756738, 0.2111934841835429, -0.051036107555998356, -0.17660935910885778, -0.006183623322117152, 0.3631929089893049, -0.08518205585156044, -0.014039192146916624, -0.07689731559759487, -0.19262281378267682, -0.014039192146916457, 7.670659891194275e-18, 0.17031437353363493, -0.07384451356444993, -1.839903088612237e-17, -0.014039192146917068, -0.07082136935515099, -0.15419075031359897]
other derivatives: [ 0.14922534 -0.4221647   0.07646577 -0.17462298  0.51331881 -0.06975824]
Current x array =  [-0.57374669 -0.97434307 -0.5013923   1.13453798 -1.25532431 -1.173335
 -0.80460835 -1.43865096 -5.44643043 -1.41399293 -3.68852478 -2.28149709
 -4.38676269 -4.51813532 -6.34009096 -3.52075628 -4.51813532 -2.30258509
 -5.5678069  -2.88115672 -2.30258509 -4.51813532 -3.44651046 -2.80064553]
log likelihood =  -1492.43209412
Edge derivatives =  [0.2773967369971808, 0.27247738031093083, -0.04184192649150419, -0.1647616919651398, -0.04243907950547953, 0.2771651639310646, -0.08951158203642816, -0.028097317023782736, -0.06321218160210083, -0.200040187777064, -0.028097317023782584, 4.444597269507911e-17, 0.18270632006259924, -0.0750414291970094, 4.4457842859816745e-17, -0.028097317023782112, -0.0654687822940834, -0.1814926969930532]
other derivatives: [-0.30713636  0.43453383 -0.53262283 -0.0629143   0.31891432 -0.1313083 ]
Current x array =  [-0.57303634 -0.97854738 -0.49995071  1.1338808  -1.25296263 -1.16493689
 -0.80471995 -1.44463293 -5.58671454 -1.41288024 -3.68425853 -2.27799513
 -4.38649733 -4.51166171 -6.48649976 -3.51815404 -4.51166171 -2.30258509
 -5.58592728 -2.88027299 -2.30258509 -4.51166171 -3.44556735 -2.80060836]
log likelihood =  -1492.42236893
Edge derivatives =  [0.20753494494790992, 0.28648355927584424, -0.03426343723355852, -0.17659387204008925, -0.07608762538343478, 0.17734652586240254, -0.08822635825789621, -0.0436641708995852, -0.05180242307837852, -0.19319882016375883, -0.04366417089958516, -5.744731349341439e-16, 0.1940901556860996, -0.08242382787162733, -5.759518744604597e-16, -0.04366417089958621, -0.04385262886304544, -0.1812044855618648]
other derivatives: [ 0.22560016  0.71361228 -0.76070137  0.0595719   0.17537332 -0.17939783]
Current x array =  [-0.57380397 -0.97953066 -0.49943281  1.13238809 -1.25088102 -1.15665614
 -0.80217912 -1.44830476 -5.73988402 -1.41150532 -3.6801211  -2.27392982
 -4.38760896 -4.50519806 -6.64663649 -3.51843199 -4.50519806 -2.30258509
 -5.60411106 -2.87853448 -2.30258509 -4.50519806 -3.44643536 -2.80282767]
log likelihood =  -1492.44609804
Edge derivatives =  [-0.30371757704868296, 0.15693658494915436, -0.021966610480671618, -0.2412899428682811, -0.1476318773338528, 0.08322050389786007, -0.03555570695008747, -0.07008650912382502, -0.032119582232732334, -0.16755494096685244, -0.07008650912382548, 8.545443087542951e-16, 0.21589348043587733, -0.20954888466708518, 8.045764789562564e-16, -0.07008650912382604, 0.041023573116257636, -0.10525062697847577]
other derivatives: [-6.90758952  1.13568603  1.02165814  0.26143425 -0.40968189 -0.28553586]
Current x array =  [-0.56347631 -0.98145909 -0.50557256  1.12908656 -1.24162944 -1.13343766
 -0.79158822 -1.4483395  -6.14431602 -1.41001444 -3.66716532 -2.27355667
 -4.4118561  -4.49567432 -7.07121302 -3.52282151 -4.49567432 -2.30258509
 -5.63842396 -2.86731242 -2.30258509 -4.49567432 -3.45423306 -2.81483626]
log likelihood =  -1492.41690656
Edge derivatives =  [0.05778565316954187, 0.24740120697710044, -0.029683539505470584, -0.18870622189761832, -0.09770026614659753, 0.1490680651316535, -0.07209296714321939, -0.05139209821336821, -0.044701059989116575, -0.18416683030300302, -0.05139209821336835, 4.3527663606984005e-16, 0.20084774091690766, -0.11834080209893114, 4.2858276798327976e-16, -0.05139209821336843, -0.01669638474639476, -0.15967366445997827]
other derivatives: [-1.89234015  0.8418283  -0.22089353  0.12148575  0.00193268 -0.20916104]
Current x array =  [-0.5706952  -0.98011115 -0.50128096  1.13139429 -1.24809616 -1.14966706
 -0.79899112 -1.44831522 -5.86162363 -1.41105654 -3.67622123 -2.27381749
 -4.39490769 -4.50233128 -6.77443988 -3.51975329 -4.50233128 -2.30258509
 -5.61443971 -2.87515648 -2.30258509 -4.50233128 -3.44878257 -2.80644243]
log likelihood =  -1492.40703978
Edge derivatives =  [-0.15213134154771157, 0.2014734717422948, -0.02426722087814227, -0.19966857696852447, -0.13008477246406078, 0.06785115990408064, -0.05488202317592923, -0.06591249821099525, -0.036489778345531146, -0.16134106640257262, -0.06591249821099522, -5.381562787140047e-16, 0.21021183972679153, -0.14070609964051967, -5.3571825070323565e-16, -0.06591249821099585, 0.025501974469449795, -0.12306473908212007]
other derivatives: [-0.53707936  0.57143552 -0.18646915  0.22521363 -0.12410055 -0.24970177]
Current x array =  [-0.57270713 -0.97800879 -0.50142688  1.12980664 -1.24554539 -1.14029995
 -0.79431455 -1.44878474 -6.0318441  -1.41032213 -3.67109606 -2.27103528
 -4.40221673 -4.49713524 -6.95312408 -3.52356535 -4.49713524 -2.30258509
 -5.62967585 -2.87229149 -2.30258509 -4.49713524 -3.45245154 -2.81172776]
log likelihood =  -1492.40145881
Edge derivatives =  [-0.266929919024364, 0.1285152646626297, -0.021113122828844408, -0.13983586030342154, -0.14183091008264012, 0.04357095537308439, -0.0332963747519816, -0.07161727100568394, -0.03248284257979456, -0.11192508391134681, -0.07161727100568416, 6.05134857925923e-16, 0.21273381722381884, -0.15687523581465226, 6.023360231917877e-16, -0.07161727100568394, 0.07594298477465022, -0.06505064204281205]
other derivatives: [ 0.09388259  0.15090791 -0.04990852  0.2252591  -0.17057573 -0.25772806]
Current x array =  [-0.57368766 -0.97544233 -0.50186853  1.1298237  -1.24382479 -1.13492902
 -0.79216645 -1.44546834 -6.12643631 -1.41163933 -3.66806893 -2.27072425
 -4.41092182 -4.49564783 -7.05315748 -3.53176125 -4.49564783 -2.30258509
 -5.63298182 -2.87033972 -2.30258509 -4.49564783 -3.45819606 -2.81775367]
log likelihood =  -1492.39673862
Edge derivatives =  [-0.2289368333393481, 0.04660488728534451, -0.01847811715615546, -0.003050698983830147, -0.13870163087679824, 0.04942708975661128, -0.010211822982380672, -0.07089385273859158, -0.03011547278787215, -0.039234078799815886, -0.07089385273859201, 6.5224951070340835e-18, 0.21122573950545984, -0.1570384011165785, -8.008880438029912e-18, -0.07089385273859192, 0.12836125279631783, 0.008274549102804979]
other derivatives: [ 0.39456154 -0.09122232  0.19751951  0.13028512 -0.15249952 -0.24151632]
Current x array =  [-0.57414026 -0.97402415 -0.50255169  1.1316818  -1.24278989 -1.13303409
 -0.79326183 -1.43958322 -6.1755405  -1.41467672 -3.66696205 -2.27151365
 -4.42012931 -4.49650234 -7.10592263 -3.54328335 -4.49650234 -2.30258509
 -5.6281137  -2.86982736 -2.30258509 -4.49650234 -3.46479526 -2.82428025]
log likelihood =  -1492.39168976
Edge derivatives =  [-0.11297039589432156, -0.0037955397669003355, -0.015853842263106876, 0.07743510787725238, -0.12326480336052624, 0.038599118359394946, 0.011304865400793257, -0.0661458915800384, -0.027719733013745994, 0.014570892335443855, -0.06614589158003865, -1.610551476017366e-16, 0.20959445300227278, -0.12001229092674415, -1.6934418320915084e-16, -0.06614589158003881, 0.15068002678901787, 0.07752687776476655]
other derivatives: [ 0.02964953 -0.63523657 -0.07732979 -0.01705303  0.01498393 -0.20304469]
Current x array =  [-0.57370999 -0.97157343 -0.50174019  1.13431162 -1.24509693 -1.13588692
 -0.79539301 -1.43397369 -6.23872647 -1.41546713 -3.6684059  -2.27059438
 -4.42816954 -4.49792565 -7.17322683 -3.55081954 -4.49792565 -2.30258509
 -5.62343733 -2.87156138 -2.30258509 -4.49792565 -3.46645306 -2.82962343]
log likelihood =  -1492.38574681
Edge derivatives =  [0.09503186500696081, -0.07665662481635888, -0.012993504107452966, 0.16738227750244872, -0.09865213336680533, 0.052459790804212175, 0.040197869379807884, -0.05348411986470309, -0.024589969927826853, 0.08815021403455098, -0.05348411986470375, 6.508588560167051e-17, 0.20728827883150883, -0.063846070925407, 3.2432450831272354e-17, -0.05348411986470328, 0.1623291469919573, 0.16567428796142042]
other derivatives: [ 0.12396413 -0.32475782  0.43971795 -0.20111202  0.21545929 -0.13883437]
Current x array =  [-0.57369259 -0.97352267 -0.50279249  1.13815987 -1.24800612 -1.14283689
 -0.79944819 -1.42562632 -6.31349372 -1.41590799 -3.67211705 -2.2703874
 -4.43993359 -4.50156761 -7.25320318 -3.56019345 -4.50156761 -2.30258509
 -5.61297579 -2.874754   -2.30258509 -4.50156761 -3.46675535 -2.83589913]
log likelihood =  -1492.37950953
Edge derivatives =  [0.2041575657742598, -0.09150100442453302, -0.01150170420768875, 0.07008042163301598, -0.07644951556681816, 0.10114759061622028, 0.07145797213968388, -0.036475816727023005, -0.021570311814608552, 0.1029441882051952, -0.03647581672702267, -1.8746936983450257e-15, 0.20577765857868366, -0.005371279753719704, -1.858658502949547e-15, -0.03647581672702198, 0.13046730446836138, 0.19161885427357492]
other derivatives: [-0.44501576 -0.32005119 -0.14449597 -0.26491307  0.36413894 -0.08794814]
Current x array =  [-0.5729014  -0.97414204 -0.5010361   1.13979677 -1.25166113 -1.15048468
 -0.80116464 -1.42191834 -6.41602628 -1.41172184 -3.6760205  -2.27155834
 -4.45364793 -4.50624322 -7.36206998 -3.55977392 -4.50624322 -2.30258509
 -5.60409645 -2.87806521 -2.30258509 -4.50624322 -3.46053457 -2.83717915]
log likelihood =  -1492.37251477
Edge derivatives =  [0.20476350716112057, -0.09567569716436952, -0.010508003917857828, -0.12555000421953277, -0.05664417900919654, 0.15417918454816393, 0.10606950835410975, -0.015529498523356507, -0.018391773459391227, 0.08952229556369663, -0.0155294985233565, 1.0012509987981739e-17, 0.20481606234495436, 0.05074619856322732, -6.245821849571502e-18, -0.015529498523355827, 0.06713621145518697, 0.1787339202080744]
other derivatives: [-0.50670224  0.09149517 -0.26875568 -0.20895641  0.39522092 -0.03653895]
Current x array =  [-0.5727361  -0.97658147 -0.50049514  1.13936108 -1.25364483 -1.15955803
 -0.80103248 -1.42029554 -6.54812389 -1.40538346 -3.68077494 -2.27294149
 -4.46990604 -4.51213964 -7.50206211 -3.55432942 -4.51213964 -2.30258509
 -5.59390171 -2.88143701 -2.30258509 -4.51213964 -3.4501068  -2.83543904]
log likelihood =  -1492.36369734
Edge derivatives =  [0.17761326450287884, -0.08004580865388866, -0.008589672946946646, -0.20255668908711, -0.02029712290311561, 0.13224948243284992, 0.14150038407520665, 0.008997667217548085, -0.015773257160101483, 0.05441407099029061, 0.00899766721754787, 5.308335249394828e-16, 0.19786901231768034, 0.12158157290352947, 5.429410928044352e-16, 0.008997667217547824, -0.03253078081110588, 0.10010156596242054]
other derivatives: [-0.46618425  0.02867182  0.12694272 -0.1059334   0.27912392  0.04813501]
Current x array =  [-0.5727974  -0.97615122 -0.50160862  1.13742886 -1.25115623 -1.17333284
 -0.80121108 -1.42123493 -6.69820136 -1.40220845 -3.68900132 -2.27085812
 -4.4858079  -4.52003152 -7.66135345 -3.54531223 -4.52003152 -2.30258509
 -5.57518803 -2.88603938 -2.30258509 -4.52003152 -3.43476991 -2.82869255]
log likelihood =  -1492.38234098
Edge derivatives =  [-0.35006857689810067, -0.17965634190817387, -0.004666954647150082, 0.13106859618237343, -0.00025071285010880295, -0.07176368634070701, 0.20792813677870678, 0.032600086850740936, -0.00896049581256925, 0.08529201151063899, 0.03260008685074105, -3.2409770644339724e-15, 0.19006174228592687, 0.11261013154840607, -3.308190646310578e-15, 0.032600086850740624, -0.10851979561112257, 0.038209421892463125]
other derivatives: [ 0.1484068   1.51612767 -3.52447387  0.45076831 -0.87591161  0.11878001]
Current x array =  [-0.57409973 -0.98271743 -0.49298026  1.13206791 -1.23438598 -1.18141276
 -0.79379212 -1.42163748 -7.1589967  -1.40807069 -3.69696641 -2.26105444
 -4.52034186 -4.52756195 -8.14950107 -3.54601999 -4.52756195 -2.30258509
 -5.5462148  -2.88508174 -2.30258509 -4.52756195 -3.4230358  -2.82564846]
log likelihood =  -1492.3606097
Edge derivatives =  [0.03682620013562754, -0.10701318440565083, -0.007231281151375204, -0.10742142402571231, -0.014881230345029799, 0.07702991012236154, 0.16008009275014373, 0.015568917774810592, -0.013494086491720982, 0.06350617847025032, 0.01556891777481064, -5.732767649479475e-16, 0.19584929063523326, 0.12024242058032472, -5.532503874501696e-16, 0.015568917774810669, -0.05233232567383728, 0.08263571467208627]
other derivatives: [-0.29804141  0.43733053 -0.85651664  0.04692993 -0.03471996  0.06812115]
Current x array =  [-0.57315297 -0.97794399 -0.49925282  1.13596516 -1.24657746 -1.1755389
 -0.79918548 -1.42134484 -6.82401213 -1.40380902 -3.69117603 -2.26818142
 -4.4952367  -4.52208755 -7.7946322  -3.54550547 -4.52208755 -2.30258509
 -5.56727748 -2.88577791 -2.30258509 -4.52208755 -3.43156615 -2.82786142]
log likelihood =  -1492.35674005
Edge derivatives =  [-0.02250553056649185, -0.08635294670167531, -0.00610276552995013, -0.03648754486445771, 0.0033542429757819694, 0.004041218341775454, 0.17106203445343335, 0.023464052663086585, -0.012636921746854593, 0.039358870191595285, 0.023464052663086314, 3.732140807083166e-17, 0.1895824328113555, 0.13579190632895108, 7.41345494006011e-17, 0.023464052663086092, -0.10058012693418447, 0.014790578417108374]
other derivatives: [-0.05588845  0.16966624 -0.193495    0.10750227 -0.16602826  0.10850272]
Current x array =  [-0.57352216 -0.97618354 -0.50117942  1.13445361 -1.24281149 -1.18130585
 -0.79864879 -1.42400489 -6.90356618 -1.40531512 -3.69556507 -2.26459315
 -4.49969959 -4.52516586 -7.87904956 -3.5406909  -4.52516586 -2.30258509
 -5.5559719  -2.8867774  -2.30258509 -4.52516586 -3.42453598 -2.82275527]
log likelihood =  -1492.35480526
Edge derivatives =  [-0.06446449656393916, -0.06905010008133289, -0.005448227431769583, 0.0400033068275536, 0.00599180877516519, -0.05275535434565237, 0.17204655606449518, 0.022607807191579777, -0.012042744345782922, 0.0329890980817715, 0.022607807191580367, 3.3335926297567843e-16, 0.1862972036215189, 0.11714913368569294, 3.22056859777622e-16, 0.02260780719157921, -0.10530887187098492, -0.011611175667474674]
other derivatives: [ 0.01202807 -0.00252385  0.03203695  0.11182237 -0.21439064  0.11082193]
Current x array =  [-0.57364737 -0.97512551 -0.50187229  1.13423668 -1.2412456  -1.18091041
 -0.79781463 -1.4261836  -6.95818778 -1.40712551 -3.69657569 -2.26205247
 -4.49995864 -4.52513796 -7.93684065 -3.53970156 -4.52513796 -2.30258509
 -5.55135922 -2.88528283 -2.30258509 -4.52513796 -3.42378549 -2.82117714]
log likelihood =  -1492.35077912
Edge derivatives =  [-0.08466904186063484, -0.013224785017750318, -0.004219883774098937, 0.1768679586464832, 0.009327123221897528, -0.15140872931231653, 0.1711586108661312, 0.020320776920095693, -0.010577172438461152, 0.02322001411258623, 0.02032077692009515, -4.034962166245595e-16, 0.17804603030566707, 0.0570921296322158, -4.016097122187913e-16, 0.02032077692009466, -0.10252365946810196, -0.05384597743310891]
other derivatives: [ 0.61509127 -0.25968347  0.25052032  0.05695711 -0.18756054  0.09968062]
Current x array =  [-0.57455933 -0.97364508 -0.50242484  1.13517482 -1.24063995 -1.17819734
 -0.79662527 -1.43117061 -7.09640801 -1.4100003  -3.69848914 -2.25744899
 -4.49971225 -4.52465557 -8.08312756 -3.53805631 -4.52465557 -2.30258509
 -5.53915797 -2.88046094 -2.30258509 -4.52465557 -3.42395141 -2.81886152]
log likelihood =  -1492.34820628
Edge derivatives =  [-0.17669418294355332, 0.08209833481372886, -0.002762966227200712, 0.37214158274916076, 0.010327678744776109, -0.30771446831348925, 0.1693042999037611, 0.015586506142616599, -0.008013572749798407, 0.009469057919139462, 0.01558650614261703, -1.4637803162175086e-16, 0.1612091934770922, -0.08956831912646779, -1.5096630949947578e-16, 0.015586506142616287, -0.08599415608050126, -0.12430561825837273]
other derivatives: [-1.35646587 -0.28940121  0.71336217 -0.01564331 -0.26111593  0.05654783]
Current x array =  [-0.57171605 -0.97364917 -0.50400255  1.13654072 -1.23876694 -1.17009036
 -0.79347357 -1.44057625 -7.38049677 -1.41451622 -3.7009335  -2.25075533
 -4.50066019 -4.52359069 -8.38391675 -3.5358904  -4.52359069 -2.30258509
 -5.5142669  -2.86954756 -2.30258509 -4.52359069 -3.42655453 -2.81545223]
log likelihood =  -1492.34300271
Edge derivatives =  [-0.08762948434081919, 0.09997955927472063, -0.0024714134366635955, 0.34661433413260956, 0.01299350834681181, -0.29370354786442465, 0.17500049686884925, 0.017624384201505115, -0.007150098352609733, 0.023142476374428678, 0.017624384201504962, 1.8593639590037238e-19, 0.15652955691940698, -0.11749902025966669, 9.145743501319716e-20, 0.017624384201504202, -0.07096827353478946, -0.09829936363595339]
other derivatives: [ 0.0713726  -0.29237981  0.43100954 -0.12012151 -0.06045866  0.04461072]
Current x array =  [-0.57376907 -0.97379261 -0.50283181  1.13877674 -1.24242656 -1.16844443
 -0.79414762 -1.44052277 -7.48597678 -1.41311432 -3.70191738 -2.25090176
 -4.50414093 -4.52399307 -8.49574016 -3.53747427 -4.52399307 -2.30258509
 -5.50520561 -2.867048   -2.30258509 -4.52399307 -3.42823242 -2.81755576]
log likelihood =  -1492.33952626
Edge derivatives =  [-0.003549957519163427, 0.12165200769533774, -0.0022902128537013876, 0.2419673943091034, 0.016808606014451735, -0.250384995860783, 0.18360388420805876, 0.022521129681210127, -0.00610550783212632, 0.03300506645872829, 0.022521129681210294, 3.887416724558999e-16, 0.15009145595126994, -0.15271993983486698, 3.608738252395765e-16, 0.02252112968120949, -0.06107289054746141, -0.07145667759234708]
other derivatives: [ 0.49149094 -0.1089802   0.07446488 -0.20750122  0.12548753  0.02753495]
Current x array =  [-0.5743455  -0.97513681 -0.50153899  1.14079001 -1.24664503 -1.16669558
 -0.79462223 -1.44055535 -7.63074693 -1.40980356 -3.70334124 -2.25238568
 -4.50994873 -4.52517664 -8.64923055 -3.53804994 -4.52517664 -2.30258509
 -5.492281   -2.86412961 -2.30258509 -4.52517664 -3.42932482 -2.81968152]
log likelihood =  -1492.33597475
Edge derivatives =  [0.03938078922888821, 0.14827223920023974, -0.002110241839961633, 0.09140907561898404, 0.020260010963766603, -0.20047759840424897, 0.18560797198476647, 0.025659979191387874, -0.005062606092115024, 0.030822921190305858, 0.025659979191387874, 3.550647316452798e-16, 0.13937864758513216, -0.20013817445035678, 3.3307674180705484e-16, 0.025659979191386493, -0.05053467409548062, -0.062034937847004756]
other derivatives: [ 0.40702162  0.02369234 -0.15702426 -0.22116637  0.21614142 -0.00088676]
Current x array =  [-0.57420517 -0.97610294 -0.500776    1.14114689 -1.24916494 -1.16354051
 -0.794536   -1.44189657 -7.81066889 -1.40591058 -3.70513607 -2.25452012
 -4.51325926 -4.52602445 -8.83997335 -3.53696088 -4.52602445 -2.30258509
 -5.47389889 -2.86061281 -2.30258509 -4.52602445 -3.43089374 -2.82083299]
log likelihood =  -1492.3289732
Edge derivatives =  [0.04354364391676646, 0.16411310864332368, -0.0017530677825821402, -0.14455251645123046, 0.021814507465732394, -0.08971094593270004, 0.16974257042520388, 0.023916524407448285, -0.003634138819014435, 0.017879861206582706, 0.02391652440744805, 9.290791963559918e-16, 0.11547933306319441, -0.26548906616177137, 8.97465964908574e-16, 0.023916524407446984, -0.017665152663178682, -0.05050602624426151]
other derivatives: [ 0.43100954  0.27780516 -0.12305463 -0.10059011  0.19138042 -0.06136816]
Current x array =  [-0.57418478 -0.97737679 -0.50088298  1.13863237 -1.24964735 -1.1555755
 -0.79391307 -1.4438978  -8.13021463 -1.40078841 -3.70763138 -2.26015552
 -4.51038364 -4.52557935 -9.17875934 -3.53431833 -4.52557935 -2.30258509
 -5.43684356 -2.85649132 -2.30258509 -4.52557935 -3.43652191 -2.82300242]
log likelihood =  -1492.35390501
Edge derivatives =  [0.32657253379673934, 0.17893331770426107, -0.00099739254542708, -0.658675288212951, 0.09693694655226787, 0.2822118474359446, 0.1373508970347766, 0.041358246331611656, -0.0019347836723207922, -0.0690727692966996, 0.041358246331611434, -1.3320367495310652e-15, 0.044003874043944936, -0.10604624872746735, -1.365487782770284e-15, 0.04135824633160883, -0.053424723546235134, -0.04348393825119458]
other derivatives: [-2.19840786 -2.38103439 -3.34964625  0.06896244  0.35631729 -0.04017693]
Current x array =  [-0.57118101 -0.96491505 -0.49302849  1.13302719 -1.25359481 -1.16092214
 -0.79941875 -1.44053462 -8.78154931 -1.38812529 -3.72170375 -2.27687328
 -4.50184301 -4.53177104 -9.87001103 -3.51691757 -4.53177104 -2.30258509
 -5.33934915 -2.86891806 -2.30258509 -4.53177104 -3.43203444 -2.823222  ]
log likelihood =  -1492.3261912
Edge derivatives =  [0.1131631109631317, 0.16790094404408978, -0.0015262584538613833, -0.26585603639013256, 0.0399366951893749, 0.0005517468751577159, 0.1620848755087119, 0.02818933335349757, -0.0031220858300914254, -0.002636732564653202, 0.028189333353497884, -1.9358639027643337e-16, 0.09915262877625622, -0.2263603900725099, -1.412844117621169e-16, 0.028189333353496184, -0.02593424248041238, -0.04905736938897637]
other derivatives: [-0.19820163 -0.35552148 -0.89057721 -0.05920811  0.23178472 -0.0557975 ]
Current x array =  [-0.57346171 -0.97437699 -0.49899224  1.13728308 -1.25059759 -1.15686255
 -0.79523841 -1.44308821 -8.28700439 -1.39774013 -3.71101889 -2.26417983
 -4.50832773 -4.52706981 -9.34515795 -3.5301296  -4.52706981 -2.30258509
 -5.41337463 -2.85948269 -2.30258509 -4.52706981 -3.43544168 -2.82305528]
log likelihood =  -1492.32008187
Edge derivatives =  [0.056045113223661236, 0.16184442304335211, -0.001167300309388958, -0.36455409113987347, 0.04411282478020587, 0.08970165542971373, 0.13262160811188686, 0.02294865443316332, -0.0022757932756474883, -0.029448564094588972, 0.022948654433163327, -4.643553593187987e-16, 0.06964960437563998, -0.249088887087835, -4.652388618468156e-16, 0.02294865443316243, -0.002121293338720867, -0.056953002901312236]
other derivatives: [-0.16359536 -0.16104877 -0.3717787   0.13073986  0.06152732 -0.09952146]
Current x array =  [-0.57344398 -0.97494854 -0.50061926  1.13317607 -1.24741986 -1.1501524
 -0.79435618 -1.44484957 -8.595036   -1.3964367  -3.71391801 -2.26926833
 -4.49891308 -4.52585507 -9.67175589 -3.52556016 -4.52585507 -2.30258509
 -5.37305572 -2.85908776 -2.30258509 -4.52585507 -3.4404602  -2.82376213]
log likelihood =  -1492.31426687
Edge derivatives =  [0.0344201712143416, 0.11902430203078584, -0.0008396037419412472, -0.26963886108884916, 0.056116895467519426, 0.1717042201229288, 0.10060449195796722, 0.021364110424651094, -0.0017385564968640831, -0.05277867991316726, 0.021364110424651066, 6.827167543381223e-16, 0.04150342786926625, -0.17245056454582133, 6.522772676892213e-16, 0.021364110424649974, 0.0008484431403033982, -0.04754956646798396]
other derivatives: [-0.15202204  0.01875833  0.01923581  0.21123014 -0.03954028 -0.09229097]
Current x array =  [-0.57339564 -0.97566382 -0.50183018  1.13153093 -1.24504247 -1.14949212
 -0.7945694  -1.44260193 -8.84250351 -1.39885031 -3.71712622 -2.27354299
 -4.48762823 -4.52546263 -9.93428565 -3.52047838 -4.52546263 -2.30258509
 -5.33523446 -2.86601791 -2.30258509 -4.52546263 -3.44236045 -2.8247863 ]
log likelihood =  -1492.30946856
Edge derivatives =  [-0.05756578920085509, 0.05522969961021762, -0.0005280935371667409, 0.006657336884110077, 0.06651176525560051, 0.15420449548255913, 0.06174247636122314, 0.01900611198251247, -0.0012519952563088206, -0.07214231450927987, 0.0190061119825124, -1.9562788185567226e-16, 0.006556503427380586, -0.06416967622661424, -2.421667661141645e-16, 0.019006111982510784, -0.0019115581223009964, -0.03670546112420833]
other derivatives: [-0.05072707  0.15813839 -0.06673417  0.17271304 -0.1779199  -0.06921255]
Current x array =  [ -0.57356592  -0.97631963  -0.50174046   1.13305981  -1.24199072
  -1.15067822  -0.79353844  -1.43924951  -9.13789998  -1.40503097
  -3.72014143  -2.27283295  -4.47365532  -4.5246808  -10.24758997
  -3.51551863  -4.5246808   -2.30258509  -5.29122871  -2.87550205
  -2.30258509  -4.5246808   -3.44358127  -2.82570429]
log likelihood =  -1492.33177692
Edge derivatives =  [0.2741436950316072, -0.11428036416421428, -0.0003884122083575188, -0.14925452912250936, 0.08700863733931198, 0.2603160628694521, 0.03663014122249297, 0.028740831359280097, -0.0009984112386361458, -0.04105538451137615, 0.02874083135927964, 7.136664057699785e-16, -0.024720303615368457, 0.2649093098504268, 7.564045249141706e-16, 0.02874083135927784, -0.011163807351336888, 0.1230626558953945]
other derivatives: [ 0.5315087  -0.90205958  3.13982582 -0.41356998  0.67514065  0.03983587]
Current x array =  [ -0.57402804  -0.97200318  -0.50935569   1.1418157   -1.25367694
  -1.16542888  -0.79994853  -1.41992533  -9.33102861  -1.39981895
  -3.72101285  -2.27651165  -4.4634759   -4.52704404 -10.45313182
  -3.51613182  -4.52704404  -2.30258509  -5.25118954  -2.90033517
  -2.30258509  -4.52704404  -3.44163249  -2.8355777 ]
log likelihood =  -1492.30872556
Edge derivatives =  [-0.00705165123035334, 0.03007455401256237, -0.0005044668062519202, -0.016683656354441023, 0.06964503330739175, 0.17049956824163237, 0.0579721611640938, 0.020504291821304584, -0.0012097031421053448, -0.06737679960467007, 0.020504291821305132, -1.334347150474142e-16, 0.001918047134193187, -0.01351178058482333, -1.3336349594350572e-16, 0.020504291821303592, -0.003278519987948064, -0.012243221495829765]
other derivatives: [ 0.03735749 -0.00250111  0.42668944  0.08358256 -0.04827143 -0.05238689]
Current x array =  [ -0.57363612  -0.97566392  -0.50289728   1.13438992  -1.24376597
  -1.15291898  -0.79451219  -1.43631399  -9.16723802  -1.40423922
  -3.72027381  -2.27339178  -4.47210898  -4.5250398  -10.2788137
  -3.51561178  -4.5250398   -2.30258509  -5.28514638  -2.87927443
  -2.30258509  -4.5250398   -3.44328524  -2.82720415]
log likelihood =  -1492.30773107
Edge derivatives =  [-0.02369447735585206, 0.007000708115522891, -0.0004622183471537787, 0.08716864439273819, 0.06773920166469746, 0.11760138973869583, 0.05108346573503956, 0.0200216287859219, -0.0011650161705633205, -0.06099063142820149, 0.020021628785921935, 1.1823938981352044e-16, -0.00172892348432605, 0.025482470544479274, 1.0353882212473095e-16, 0.020021628785920925, -0.005234793252548997, -0.0018703833184701424]
other derivatives: [-0.00718501  0.01098215  0.2055458   0.00904947 -0.0492264  -0.03806235]
Current x array =  [ -0.57360191  -0.9758696   -0.50226892   1.13629626  -1.24378019
  -1.15477886  -0.79432567  -1.43447523  -9.19206073  -1.40629028
  -3.71979372  -2.27066793  -4.46916346  -4.52467577 -10.30515744
  -3.51604111  -4.52467577  -2.30258509  -5.28060604  -2.88228739
  -2.30258509  -4.52467577  -3.44306454  -2.82773731]
log likelihood =  -1492.30697487
Edge derivatives =  [-0.02389776127335108, -0.009628238335141592, -0.0004601953125197232, 0.10129050555020513, 0.05827194335290015, 0.04761309785212933, 0.04558375925948402, 0.017914763053768035, -0.0011440793485938126, -0.04531624070358073, 0.017914763053768767, -1.7184821373910953e-21, -0.0028303864122779035, 0.041302017962203785, -1.2723507267217794e-21, 0.017914763053767536, 0.0020344598102294, 0.012894515285812813]
other derivatives: [-0.11855263  0.0105274   0.038699   -0.04542926 -0.0304226  -0.0368118 ]
Current x array =  [ -0.57346047  -0.97601673  -0.50175919   1.13760651  -1.24443906
  -1.15575844  -0.79433034  -1.43292835  -9.19874541  -1.4063955
  -3.7178745   -2.26716044  -4.46658641  -4.52374242 -10.31225301
  -3.51826307  -4.52374242  -2.30258509  -5.27974824  -2.88332863
  -2.30258509  -4.52374242  -3.44393632  -2.82870922]
log likelihood =  -1492.30697142
Edge derivatives =  [-0.014165433390370685, -0.024868281422908922, -0.0004635255038659153, 0.04835141384366648, 0.042255941578141616, -0.03500592399319008, 0.034790961434192705, 0.01397387789130346, -0.0010961413699141077, -0.026366839348812926, 0.013973877891303214, 2.124329663729955e-16, -0.0072935613414386435, 0.05355055377796977, 2.1733651917195377e-16, 0.01397387789130198, 0.01443802382069774, 0.02577272880252504]
other derivatives: [ 0.84521616 -0.08838015 -0.24458586 -0.05195488 -0.00511591 -0.04224603]
Current x array =  [ -0.574904    -0.97544632  -0.50082776   1.1378972   -1.2451911
  -1.15685407  -0.79455647  -1.4314601   -9.22869686  -1.40497932
  -3.71487233  -2.26297516  -4.46170576  -4.52219519 -10.3440339
  -3.5210742   -4.52219519  -2.30258509  -5.27557971  -2.88392547
  -2.30258509  -4.52219519  -3.44540415  -2.82959581]
log likelihood =  -1492.30667299
Edge derivatives =  [-0.01901803611802466, -0.017264416026612883, -0.0004619492278706896, 0.07475851798032807, 0.05024619736971745, 0.006231558312029151, 0.04017991267852554, 0.015939840141621513, -0.0011198100601238204, -0.0358080995924603, 0.015939840141621187, 4.440639027157608e-17, -0.005065247169227989, 0.04744500247903913, 4.440659904612038e-17, 0.015939840141620275, 0.008255356902134567, 0.01935227839091505]
other derivatives: [ 0.36532128 -0.03904006 -0.10318217 -0.04874892 -0.01780336 -0.03958576]
Current x array =  [ -0.57418418  -0.97573075  -0.50129222   1.13775224  -1.24481609
  -1.15630774  -0.79444371  -1.43219224  -9.21376156  -1.4056855
  -3.71636936  -2.26506215  -4.4641395   -4.52296672 -10.32818635
  -3.51967243  -4.52296672  -2.30258509  -5.27765835  -2.88362786
  -2.30258509  -4.52296672  -3.44467222  -2.82915371]
log likelihood =  -1492.30628342
Edge derivatives =  [-0.01528068406445604, -0.02452223002124765, -0.0004794883754998106, 0.027533539864261103, 0.03839927367845526, -0.049799631596156524, 0.0347156959033223, 0.012823280635049034, -0.0011066852707662454, -0.020305252154259032, 0.012823280635048853, -5.660532859039076e-16, -0.005778931651996808, 0.04284010235919383, -5.829626648129777e-16, 0.01282328063504791, 0.019712378204895506, 0.029722485889147415]
other derivatives: [ 0.04929461 -0.0257387  -0.11000338 -0.05636593 -0.01027729 -0.04774847]
Current x array =  [ -0.57372279  -0.97589475  -0.5012601    1.13788415  -1.24536088
  -1.15628579  -0.7945089   -1.43147088  -9.2178893   -1.40460873
  -3.71404214  -2.26237903  -4.46161963  -4.52177014 -10.33255808
  -3.5221569   -4.52177014  -2.30258509  -5.27772918  -2.88310036
  -2.30258509  -4.52177014  -3.44615165  -2.82995307]
log likelihood =  -1492.30611536
Edge derivatives =  [-0.00992658887327691, -0.022645627782884203, -0.0004838317779162947, -0.012926797405887314, 0.03301260389894581, -0.058864982412492634, 0.030651818147087433, 0.011019011171937914, -0.0010864750274558038, -0.015099698540197784, 0.0110190111719384, 5.280614635639959e-25, -0.007791008499204723, 0.03397794947146973, 5.081234318829944e-25, 0.011019011171937418, 0.025716798885584424, 0.03074243323000289]
other derivatives: [-0.01609806 -0.00968612 -0.05939    -0.02992238 -0.01234639 -0.0539103 ]
Current x array =  [ -0.57361683  -0.97596101  -0.50140212   1.1372384   -1.24549103
  -1.15599751  -0.79461824  -1.43157961  -9.23384661  -1.40376106
  -3.71299693  -2.2619889   -4.45993974  -4.52112481 -10.34947794
  -3.52302691  -4.52112481  -2.30258509  -5.27594077  -2.88236926
  -2.30258509  -4.52112481  -3.44699251  -2.83009628]
log likelihood =  -1492.30586864
Edge derivatives =  [-0.0011753262497981032, -0.014200035059337812, -0.000475107100461075, -0.03907091879993119, 0.02642723985591333, -0.057301689526150085, 0.024084458534668313, 0.00842398925385756, -0.0010562362677540224, -0.008268552829006043, 0.008423989253857948, 6.297554959650871e-16, -0.011215114475348039, 0.020763860824235647, 6.812264790252008e-16, 0.00842398925385729, 0.030588388338983488, 0.025812470072189397]
other derivatives: [-0.03744844  0.00038654  0.01234639  0.01355147 -0.00770797 -0.05466063]
Current x array =  [ -0.57356935  -0.97596247  -0.50160707   1.13617896  -1.24566304
  -1.15645206  -0.79481616  -1.43206533  -9.25906232  -1.40319991
  -3.7113376   -2.26209196  -4.45703249  -4.52015661 -10.37622224
  -3.52409067  -4.52015661  -2.30258509  -5.27291551  -2.88119928
  -2.30258509  -4.52015661  -3.44760684  -2.82972964]
log likelihood =  -1492.30550703
Edge derivatives =  [0.008736830141272911, -0.00011119755483340876, -0.0004583414912781392, -0.03675954551711058, 0.016805023480801706, -0.04323272889152957, 0.014759136134779156, 0.0048791913104367715, -0.0010290176776059908, 0.004397317625884259, 0.004879191310437122, 1.3875805282197034e-20, -0.0145644614609126, 0.005306115081485485, 1.3716010599075763e-20, 0.004879191310437479, 0.0307526064606259, 0.013596481055735382]
other derivatives: [-0.02378329  0.03051355  0.07762537  0.04722551  0.0079126  -0.04213234]
Current x array =  [ -0.57356789  -0.97607181  -0.50177609   1.13537339  -1.2459524
  -1.1589909   -0.79509036  -1.43268969  -9.27961733  -1.40312111
  -3.70824642  -2.26271166  -4.45250507  -4.51867864 -10.39804675
  -3.52591108  -4.51867864  -2.30258509  -5.27051763  -2.87959055
  -2.30258509  -4.51867864  -3.44733531  -2.82859725]
log likelihood =  -1492.30555694
Edge derivatives =  [0.02121006282333404, 0.009894644393778629, -0.00043395942725643925, -0.060523276282941296, 0.009118990299905497, 0.02321011285009339, -0.0002879160124032547, 0.0007166114569711821, -0.000981635871818545, 0.01505647669298986, 0.0007166114569712202, 6.463763562580241e-16, -0.022484493692927605, 0.002830325543453277, 6.228752207493319e-16, 0.0007166114569707796, 0.022774788708762525, -0.0025050598181238226]
other derivatives: [-0.2760089  -0.27469014 -0.20199877  0.06023129  0.01718945 -0.0133241 ]
Current x array =  [ -0.57328546  -0.97453698  -0.50109928   1.13494469  -1.24596213
  -1.1642804   -0.7956382   -1.43264792  -9.32608208  -1.40234278
  -3.7041473   -2.26579653  -4.44529913  -4.51690598 -10.44742805
  -3.52725161  -4.51690598  -2.30258509  -5.26391429  -2.87869021
  -2.30258509  -4.51690598  -3.44564204  -2.82696187]
log likelihood =  -1492.30535722
Edge derivatives =  [0.014535727691256217, 0.00453696688575389, -0.00044685953394874847, -0.04776684147112764, 0.013247777651871802, -0.0123548355592005, 0.007791796896379544, 0.002949059687065242, -0.00100675048585177, 0.009351620042867478, 0.002949059687065256, 1.888309376918818e-16, -0.018234656155138217, 0.004163450989442985, 2.3881745943444364e-16, 0.0029490596870654154, 0.027054296232766173, 0.006130689397322087]
other derivatives: [-0.14076704 -0.11107204 -0.05204583  0.05325091  0.01225544 -0.02867182]
Current x array =  [ -0.5734368   -0.97535943  -0.50146196   1.13517441  -1.24595692
  -1.16144597  -0.79534463  -1.4326703   -9.30118345  -1.40275985
  -3.70634386  -2.26414347  -4.44916051  -4.51785588 -10.42096656
  -3.52653327  -4.51785588  -2.30258509  -5.26745276  -2.87917267
  -2.30258509  -4.51785588  -3.4465494   -2.82783821]
log likelihood =  -1492.30513612
Edge derivatives =  [0.005962266681206474, 0.011680299408974859, -0.0004320615810444964, 0.0014067560190305084, 0.005844726574198655, 0.0034075804961959943, 0.0010418109228815184, 0.0006207709812107304, -0.0010014427652125645, 0.019476807150492922, 0.000620770981210314, 4.779548573000223e-16, -0.018780965993176357, -0.0026325649992600952, 4.497475259919002e-16, 0.0006207709812100712, 0.019040791520517603, -0.007015646602969272]
other derivatives: [-0.00964064  0.00250111  0.02617071  0.03922196  0.01218723 -0.00725322]
Current x array =  [ -0.57359812  -0.97590863  -0.50163286   1.13564983  -1.24580388
  -1.16499072  -0.79532593  -1.4329208   -9.30067393  -1.40364882
  -3.70355333  -2.26481126  -4.44563622  -4.51673747 -10.42046341
  -3.52785109  -4.51673747  -2.30258509  -5.26776662  -2.8782387
  -2.30258509  -4.51673747  -3.44511424  -2.82651639]
log likelihood =  -1492.30508742
Edge derivatives =  [-0.000471717757725143, 0.009477372071149792, -0.0004340648400375289, 0.01683857695929425, 0.006115137030889062, 0.007052333886013562, 0.0017184397064397838, 0.0008886931040262593, -0.0010123760439577916, 0.01850678793410797, 0.0008886931040264813, 1.3101233212702726e-15, -0.017511515468726063, -0.00029239893804899886, 1.2321415854558887e-15, 0.0008886931040263182, 0.014251311573644926, -0.008155060754272442]
other derivatives: [ 0.01195986  0.00877662  0.006753    0.01346052  0.00627551 -0.00195541]
Current x array =  [ -0.57363533  -0.97595616  -0.50156953   1.13630023  -1.24561755
  -1.16579153  -0.79524139  -1.43275438  -9.29086927  -1.40394183
  -3.70334689  -2.26496501  -4.44577434  -4.51678199 -10.41007896
  -3.52766622  -4.51678199  -2.30258509  -5.26919289  -2.87835707
  -2.30258509  -4.51678199  -3.44437268  -2.82634905]
log likelihood =  -1492.30504697
Edge derivatives =  [-0.004258288133412336, 0.0059040767144474815, -0.00044230079544892316, 0.015613962056676867, 0.005742176293833362, 0.008222531856922566, 0.002784221114660819, 0.0011225237626021796, -0.001028000933779387, 0.014937866039821876, 0.001122523762602197, 1.9992524453046406e-15, -0.015623602133097056, 0.00034141474962201546, 1.9652205085138507e-15, 0.0011225237626020824, 0.008387362635014814, -0.006986159324389313]
other derivatives: [ 0.01855369  0.00538876 -0.00923137 -0.01220997 -0.00256932  0.0005457 ]
Current x array =  [ -0.57365283  -0.97595535  -0.50151447   1.13694031  -1.2454116
  -1.16641348  -0.79521246  -1.43249067  -9.27906071  -1.40388722
  -3.70307173  -2.26501566  -4.4461021   -4.51683002 -10.39757736
  -3.52714738  -4.51683002  -2.30258509  -5.27131345  -2.87834763
  -2.30258509  -4.51683002  -3.44347316  -2.82637768]
log likelihood =  -1492.30500657
Edge derivatives =  [-0.004649466589964013, 0.0019540480436714414, -0.00044916421466360893, 0.010320233068674467, 0.0037797103875709254, 0.005149963901385474, 0.0032751107965055676, 0.0010031747031380815, -0.0010448869429794626, 0.009233253461258903, 0.0010031747031378595, 3.923633094966097e-17, -0.013328709730083954, -0.0001519992850284868, -2.4722570758324285e-17, 0.0010031747031380642, 0.0014790162604138568, -0.003652084906822478]
other derivatives: [ 0.01687113 -0.00136424 -0.00970886 -0.02044089 -0.00557066  0.00229647]
Current x array =  [ -0.5736527   -0.97592546  -0.50150379   1.13714344  -1.24537475
  -1.16709192  -0.79526858  -1.43213065  -9.26787135  -1.4037369
  -3.70244785  -2.26485521  -4.44612132  -4.51673977 -10.38574876
  -3.52632985  -4.51673977  -2.30258509  -5.27394416  -2.87821092
  -2.30258509  -4.51673977  -3.44238684  -2.82655259]
log likelihood =  -1492.30515663
Edge derivatives =  [-0.0027067076431800396, -5.394468364378069e-05, -0.00046179619275557224, -0.0020489599949764514, -0.003413616579062584, -0.001419300372413862, 0.0014678599771509732, 0.00010181620970772798, -0.0010581116077864928, -0.0005927930963767619, 0.00010181620970778696, 4.0056454654780294e-16, -0.008937127724653752, -0.008277491135793569, 4.444840365640598e-16, 0.00010181620970715552, -0.005640320564452031, 0.00232547152578777]
other derivatives: [-0.10802523  0.15197656 -0.31288891  0.01866738 -0.03847163 -0.00193268]
Current x array =  [ -0.57347998  -0.97673557  -0.50071792   1.13661984  -1.24543155
  -1.16754094  -0.79538483  -1.43184499  -9.25688865  -1.40335757
  -3.70088895  -2.26449014  -4.44528279  -4.51620516 -10.37419958
  -3.52487198  -4.51620516  -2.30258509  -5.27878159  -2.87747954
  -2.30258509  -4.51620516  -3.44128241  -2.8268738 ]
log likelihood =  -1492.30499857
Edge derivatives =  [-0.004288913993368837, 0.001586469300738358, -0.0004514672225735318, 0.008050722277620714, 0.0024594508667884554, 0.0039443565665295, 0.002943515259647419, 0.000837743563094611, -0.0010473044076258098, 0.007429514014200431, 0.000837743563094389, 2.1458341084162787e-16, -0.012519823171787571, -0.001643433370726921, 2.0718020795792057e-16, 0.0008377435630951523, 0.00017211054728641373, -0.002553567813842389]
other derivatives: [-0.00591172  0.02694378 -0.06530172 -0.0131422  -0.01152785  0.00163709]
Current x array =  [ -0.57362097  -0.97607426  -0.50135943   1.13704726  -1.24538518
  -1.16717439  -0.79528994  -1.43207818  -9.26585397  -1.40366722
  -3.7021615   -2.26478815  -4.44596729  -4.51664157 -10.38362732
  -3.52606206  -4.51664157  -2.30258509  -5.27483273  -2.87807657
  -2.30258509  -4.51664157  -3.44218397  -2.82661159]
log likelihood =  -1492.30496951
Edge derivatives =  [-0.0011506678459000108, -0.0018409773723803147, -0.00045643306507684914, -0.003317038389909488, -0.0006467864786990768, -0.001323991063946206, 0.00267994468546668, 0.00033545856690601894, -0.0010617325527308972, 0.0007803747366324082, 0.00033545856690650466, 7.937185949399828e-16, -0.010345217035499715, -0.0032782148335142314, 8.075967613619671e-16, 0.0003354585669062757, -0.006037639002649933, 0.0018338957601411465]
other derivatives: [-0.00325144  0.00763976 -0.02528395 -0.00779892 -0.00677574  0.0024329 ]
Current x array =  [ -0.57362072  -0.97596715  -0.50145676   1.13687366  -1.24550165
  -1.16775718  -0.79541483  -1.43171244  -9.25805348  -1.40339442
  -3.70131065  -2.2645277   -4.44563396  -4.51642238 -10.37540449
  -3.52513103  -4.51642238  -2.30258509  -5.27741864  -2.8778327
  -2.30258509  -4.51642238  -3.44118085  -2.82687244]
log likelihood =  -1492.30495927
Edge derivatives =  [0.0009405725830170519, -0.0017983348690413514, -0.00045556785682420993, -0.006726270494301412, -0.0021039194541633416, -0.0028141672034956156, 0.0019399997594805006, -6.578189558491612e-05, -0.0010613419205425362, -0.0012635018081369603, -6.578189558482939e-05, -4.260185626045197e-16, -0.009810168708921868, -0.004209382648879267, -4.574125005169177e-16, -6.578189558457959e-05, -0.00590213229917777, 0.002973571115420043]
other derivatives: [ 0.00447926  0.00322871 -0.01075477  0.00197815 -0.0015234   0.00150067]
Current x array =  [ -0.57362786  -0.97593579  -0.50149467   1.13661675  -1.24562896
  -1.16771414  -0.79545715  -1.43167599  -9.25929975  -1.40332175
  -3.70098954  -2.26446036  -4.44526007  -4.51627002 -10.37675453
  -3.52485601  -4.51627002  -2.30258509  -5.27808755  -2.87773622
  -2.30258509  -4.51627002  -3.44117553  -2.82695071]
log likelihood =  -1492.30495755
Edge derivatives =  [0.002007014490115533, -0.0005247953975490716, -0.00045180687671717663, -0.0033895554013845253, -0.003966123666244076, -0.004236226339351196, 0.0005481938990804479, -0.0007510997657995226, -0.0010575526009099752, -0.003249833012907183, -0.0007510997657991896, 1.2799515015606208e-15, -0.00901207350112649, -0.005255789141587225, 1.2839339419877634e-15, -0.0007510997658000083, -0.003774591478756917, 0.003094852116925617]
other derivatives: [-0.1087983   0.00636646  0.03526566  0.01232365  0.00611635  0.0001819 ]
Current x array =  [ -0.57345358  -0.97595914  -0.50163094   1.13631108  -1.24580541
  -1.16751203  -0.79546337  -1.4317383   -9.26254989  -1.40341855
  -3.70057067  -2.2644206   -4.44457715  -4.51601389 -10.38025452
  -3.52460193  -4.51601389  -2.30258509  -5.27912338  -2.87764901
  -2.30258509  -4.51601389  -3.44147229  -2.82695682]
  status: 0
 success: True
    nfev: 104
     fun: 1492.304957548705
       x: array([ -0.57345358,  -0.97595914,  -0.50163094,   1.13631108,
        -1.24580541,  -1.16751203,  -0.79546337,  -1.4317383 ,
        -9.26254989,  -1.40341855,  -3.70057067,  -2.2644206 ,
        -4.44457715,  -4.51601389, -10.38025452,  -3.52460193,
        -4.51601389,  -2.30258509,  -5.27912338,  -2.87764901,
        -2.30258509,  -4.51601389,  -3.44147229,  -2.82695682])
 message: 'CONVERGENCE: REL_REDUCTION_OF_F_<=_FACTR*EPSMCH'
     jac: array([  1.08798304e-01,  -6.36646291e-03,  -3.52656571e-02,
        -1.23236532e-02,  -6.11635187e-03,  -1.81898940e-04,
        -2.00701449e-03,   5.24795398e-04,   4.51806877e-04,
         3.38955540e-03,   3.96612367e-03,   4.23622634e-03,
        -5.48193899e-04,   7.51099766e-04,   1.05755260e-03,
         3.24983301e-03,   7.51099766e-04,  -1.27995150e-15,
         9.01207350e-03,   5.25578914e-03,  -1.28393394e-15,
         7.51099766e-04,   3.77459148e-03,  -3.09485212e-03])
     nit: 93
