number of sites to be analyzed:  151
log likelihood =  -3025.56086829
Edge derivatives =  [175.62909360338756, 15.672176045240255, 21.88879469368542, 53.87053359500863, -12.359231871592938, 8.631852814166558, -23.707303192563526, -22.331062250353963, -28.848413302245433, -27.449508018303607, -22.331062250353963, 1.029185033153552e-15, -23.040243440969572, -24.77031044204435, 1.0590625047875862e-15, -22.33106225035396, -25.0757951872406, -26.052870635655175]
other derivatives: [  9.40663085  20.38227649  -3.39309736  80.99082152 -53.10535016   0.        ]
Current x array =  [-0.76403399 -0.61876046 -0.77993761  0.18232156 -0.10536052  0.33647224
 -2.30258509 -2.30258509 -2.30258509 -2.30258509 -2.30258509 -2.30258509
 -2.30258509 -2.30258509 -2.30258509 -2.30258509 -2.30258509 -2.30258509
 -2.30258509 -2.30258509 -2.30258509 -2.30258509 -2.30258509 -2.30258509]
log likelihood =  -2821.49733019
Edge derivatives =  [155.9113122157658, 9.976670514906465, 17.781934721273956, 44.06187450259209, -11.48158716988355, 8.271433707181998, -20.73247786438372, -19.52840345350368, -25.157831131775424, -23.904680145222237, -19.52840345350368, 0.0, -19.94338358592399, -21.56752397760846, 0.0, -19.52840345350368, -21.86573637337115, -22.720765815990166]
other derivatives: [ 15.14104042  20.42993401  -0.52659743  40.76828191 -27.01849553   0.        ]
Current x array =  [-0.7608467  -0.61622164 -0.79508364  0.5438467  -0.34241107  0.33647224
 -1.51861559 -2.23262796 -2.20487835 -2.06211892 -2.35775398 -2.26405441
 -2.40840926 -2.40226602 -2.43135804 -2.42511364 -2.40226602 -2.30258509
 -2.40543165 -2.41315429 -2.30258509 -2.40226602 -2.41451791 -2.41887936]
log likelihood =  -4404.0907323
Edge derivatives =  [7.500241728820901e-13, -2.6209027043882044e-15, -91.27317458633418, -264.56605501526224, -31.743063475645346, -63.89029476291121, -25.512140081494675, -25.871270572545193, -24.942052695245327, -25.156819171572334, -25.87127057254519, 3.8727349244541674e-15, -25.769710288408746, -25.20018443126753, 3.772999979440791e-15, -25.871270572545196, -25.373714349296897, -25.223121953411905]
other derivatives: [ -5.37888845e+03  -1.20200216e+04  -6.49773028e+01  -3.55585144e+00
   4.22386620e+01   0.00000000e+00]
Current x array =  [-0.1731612  -0.05       -0.72242583  0.93448777 -0.6201723   0.33647224
  4.41536487 -1.9997111  -1.58961417 -0.52538014 -2.81376057 -1.92654306
 -3.18580516 -3.1344934  -3.37201483 -3.3176541  -3.1344934  -2.30258509
 -3.14545023 -3.21828106 -2.30258509 -3.1344934  -3.23200252 -3.26844575]
log likelihood =  -2647.51648717
Edge derivatives =  [-113.27800692464336, -7.366737163461022, 6.27617565869768, 13.278551215459522, -9.682053948669974, 4.69049791743734, -15.756205667334799, -14.500661918207426, -18.712342543548573, -17.51387884306097, -14.500661918207426, 2.656013638785685e-15, -14.616913173031147, -15.801517869902995, 2.593771717247994e-15, -14.500661918207426, -16.064471431826874, -16.7130715810021]
other derivatives: [-244.4573056  -214.33806978  -15.73371264   48.73636499  -32.03867891
    0.        ]
Current x array =  [-0.5527312  -0.41570707 -0.76935353  0.68218339 -0.44077392  0.33647224
  0.58276916 -2.15014573 -1.98699648 -1.5179177  -2.51923838 -2.14453241
 -2.68370641 -2.66156776 -2.76447034 -2.74118662 -2.66156776 -2.30258509
 -2.66749247 -2.6982717  -2.30258509 -2.66156776 -2.70401156 -2.71973405]
log likelihood =  -2638.70724675
Edge derivatives =  [-70.45845676434901, -5.991270500514687, 7.2102944292927456, 14.663193342367245, -7.190555995535176, 6.428031425431578, -12.606407345986392, -11.941502402233215, -16.000239900390607, -14.6857080285997, -11.941502402233214, -3.29523299985865e-16, -11.779337226745962, -13.09757815752554, -3.093455847445238e-16, -11.941502402233215, -13.3227849323976, -13.98653643575735]
other derivatives: [ 166.94943952  126.4274033     3.74966476   19.20675459  -18.5600129     0.        ]
Current x array =  [-1.11081588 -0.91820644 -0.81562497  0.98185033 -0.63661858  0.33647224
  0.55306038 -2.13536611 -1.94079598 -1.40987425 -2.55475128 -2.12504412
 -2.74932191 -2.7226212  -2.84349922 -2.81583485 -2.7226212  -2.30258509
 -2.73031518 -2.76563885 -2.30258509 -2.7226212  -2.77226719 -2.79069062]
log likelihood =  -2588.17295092
Edge derivatives =  [9.214908314847175, -3.9453527432998445, 9.01469470613589, 18.698550539221763, -8.203044331679894, 6.335564031771309, -14.001029408550528, -13.175232348432282, -17.35132102780623, -16.129727662873577, -13.17523234843228, -2.2879753801417016e-16, -13.120979580437345, -14.446651188580006, -1.593107612453966e-16, -13.175232348432278, -14.68439464628424, -15.3545511164987]
other derivatives: [ 91.32054402  74.24964679  -0.33069227   6.08692972  -6.66523192   0.        ]
Current x array =  [-0.88933657 -0.74302134 -0.8092754   0.92863757 -0.60613209  0.33647224
  0.08787343 -2.15862936 -1.98320684 -1.51785267 -2.52446379 -2.14523084
 -2.69742037 -2.67393463 -2.78150981 -2.75660066 -2.67393463 -2.30258509
 -2.68068178 -2.71205536 -2.30258509 -2.67393463 -2.71790239 -2.73432513]
log likelihood =  -2567.39155516
Edge derivatives =  [-17.215112444992354, -4.734837735077712, 5.722209087791136, 11.542771331774384, -8.057063301067352, 4.769667530271676, -13.207736418951992, -12.266904716503355, -16.173288450632143, -14.976168014372192, -12.266904716503358, -4.518147100950594e-21, -12.216943675363467, -13.405953362453376, -3.173845746787604e-21, -12.266904716503358, -13.649451240618994, -14.26828050896029]
other derivatives: [-96.02263162 -35.12436706   4.4465196   14.42303983  -9.53305062   0.        ]
Current x array =  [-0.64371725 -0.5430875  -0.81592904  0.91010875 -0.60378175  0.33647224
  0.20346451 -2.18304442 -1.93614628 -1.41815328 -2.57135455 -2.11074358
 -2.77456508 -2.74632043 -2.87609468 -2.84482754 -2.74632043 -2.30258509
 -2.75263544 -2.79121453 -2.30258509 -2.74632043 -2.79841335 -2.81838724]
log likelihood =  -2555.49653248
Edge derivatives =  [-26.9686468362897, -4.939419194382703, 4.775304288001604, 8.999872355440411, -7.375555090264126, 4.652540073246518, -12.187618147777718, -11.360821287836014, -15.154655176198178, -13.938903807046767, -11.360821287836018, -5.893185465864556e-16, -11.239315974857828, -12.426094916186331, -6.284387286561596e-16, -11.360821287836018, -12.662440623142023, -13.272667992870948]
other derivatives: [-7.33780325 -5.20221874  2.16623448  5.41963345 -5.4467364   0.        ]
Current x array =  [-0.74071229 -0.58260583 -0.81560366  0.99237963 -0.65996397  0.33647224
  0.28778497 -2.181814   -1.90745213 -1.35242874 -2.59658937 -2.09395914
 -2.81843421 -2.78738024 -2.92967616 -2.8950463  -2.78738024 -2.30258509
 -2.7940802  -2.8363447  -2.30258509 -2.78738024 -2.84424886 -2.86617072]
log likelihood =  -2543.50791552
Edge derivatives =  [-27.669241545572778, -4.665777550851927, 2.5063153129202806, 3.030849651000378, -6.441566958409455, 3.8415176514080303, -10.522994127421518, -9.824552221259262, -13.391919318678596, -12.168890539588757, -9.824552221259262, 4.08966416646005e-15, -9.613584852121845, -10.752453003923563, 4.1095418436637814e-15, -9.824552221259259, -10.982321498223898, -11.566799867958995]
other derivatives: [ 19.52789717  -5.58097781   0.5959464   -4.36070877   1.82121767   0.        ]
Current x array =  [-0.77654344 -0.58184552 -0.81742139  1.09341937 -0.7359218   0.33647224
  0.32428063 -2.19964055 -1.85297398 -1.23516377 -2.65268786 -2.05625684
 -2.91353437 -2.8763329  -3.04651566 -3.00384477 -2.8763329  -2.30258509
 -2.88307908 -2.93386983 -2.30258509 -2.8763329  -2.94341209 -2.96974491]
log likelihood =  -2521.98004056
Edge derivatives =  [-15.080228073926147, -3.7391322831035545, -3.141260775925665, -13.712346812722354, -4.383845120299319, 1.0971874685195462, -6.4471116660457986, -6.067324265669913, -9.19317599029942, -7.926428973974723, -6.06732426566991, 2.943882235898817e-16, -5.63815262111341, -6.6712173581727505, 3.355919864147661e-16, -6.06732426566991, -6.885948282644333, -7.431626596246473]
other derivatives: [ 18.07320587  49.60265869   1.17488526 -22.24960554  15.01402949   0.        ]
Current x array =  [-0.769878   -0.6751914  -0.82669251  1.26303919 -0.86281324  0.33647224
  0.30605912 -2.26836628 -1.71685946 -0.96542146 -2.82621429 -1.94523327
 -3.20448988 -3.14842939 -3.40860775 -3.33836273 -3.14842939 -2.30258509
 -3.15350819 -3.23216284 -2.30258509 -3.14842939 -3.24716056 -3.28791072]
log likelihood =  -2526.1828672
Edge derivatives =  [6.848084098864031, -2.1432085255274784, -9.319590385082586, -31.80371813480847, -2.5827387258989107, -3.6365954575804302, -2.8125444290117105, -2.3837896934872815, -5.4197243811995115, -4.096672102292999, -2.3837896934872815, -6.94976036745607e-18, -1.8706686171903204, -2.8186766191344206, 7.568930973280502e-18, -2.383789693487282, -3.0499626327446636, -3.6043816524322407]
other derivatives: [  83.36687642 -194.8172212    -8.9173227   -24.88018254   22.41185939
    0.        ]
Current x array =  [-0.87311408 -0.38233043 -0.81668031  1.26541078 -0.87394092  0.33647224
  0.16104558 -2.39216984 -1.57922452 -0.75845292 -3.07465208 -1.80153736
 -3.61149844 -3.5291809  -3.92425989 -3.81006258 -3.5291809  -2.30258509
 -3.52852185 -3.64954742 -2.30258509 -3.5291809  -3.67296811 -3.73570764]
log likelihood =  -2511.50400386
Edge derivatives =  [-2.9145872144717555, -2.9690605994672756, -5.745418182444645, -21.20706648839192, -3.3473326098302567, -0.7698349082221849, -4.487255371833543, -4.121021976191598, -7.14704997887709, -5.856907541319604, -4.121021976191598, 1.1586078301195145e-16, -3.6384725108927563, -4.6126687998863956, 1.140585281092395e-16, -4.121021976191597, -4.833797015180994, -5.375952386877951]
other derivatives: [ 53.0680154  -34.38453859  -4.08763299 -23.62157829  19.14454515   0.        ]
Current x array =  [-0.818367   -0.53763738 -0.82198988  1.2641531  -0.8680398   0.33647224
  0.23794763 -2.32651564 -1.65221364 -0.8682103  -2.94290316 -1.87774067
 -3.39565794 -3.32726476 -3.65080466 -3.55991567 -3.32726476 -2.30258509
 -3.32964855 -3.42820441 -2.30258509 -3.32726476 -3.44715833 -3.49823668]
log likelihood =  -2500.70065171
Edge derivatives =  [1.4323556456407691, -2.762836697000889, -7.668885434004017, -25.021595099565513, -2.7286633739914774, -2.5756187675615423, -3.1415670069601163, -2.807701890454847, -5.809596187215489, -4.485057468823182, -2.8077018904548456, -1.2484886636092655e-20, -2.2895219890362952, -3.2329157533025983, -1.0524141636947562e-20, -2.8077018904548448, -3.4526681485197708, -4.001589849569246]
other derivatives: [ 28.15872904 -14.50694072  -2.20347829 -17.64697117  14.68310984   0.        ]
Current x array =  [-0.77803746 -0.56357519 -0.82468962  1.19819059 -0.81902011  0.33647224
  0.1838061  -2.37987524 -1.6153271  -0.83799986 -3.03993854 -1.82703879
 -3.55171579 -3.47301824 -3.85124932 -3.74190642 -3.47301824 -2.30258509
 -3.47223599 -3.58810074 -2.30258509 -3.47301824 -3.61057085 -3.67066491]
log likelihood =  -2487.51977865
Edge derivatives =  [10.61788366864305, -2.3246720975113226, -7.8631682421264575, -18.520544967366103, -1.5119981700922105, -5.33400587469317, -1.1462573877599356, -0.734430359832154, -3.8333439529082844, -2.440908552165892, -0.7344303598321541, -4.03563754875262e-16, -0.2312808946950575, -1.1348968872712992, -3.903385497878003e-16, -0.7344303598321535, -1.352897179172792, -1.926438690626009]
other derivatives: [ -2.38148914e+01  -1.82772055e+00  -3.95539246e-01   2.37760105e+00
  -1.66892278e-02   0.00000000e+00]
Current x array =  [-0.7108607  -0.57713053 -0.82491283  0.99175172 -0.65955925  0.33647224
  0.07068479 -2.49812141 -1.60558885 -0.95410222 -3.2298575  -1.75913619
 -3.84718559 -3.74785788 -4.24312439 -4.09211575 -3.74785788 -2.30258509
 -3.73790774 -3.89072981 -2.30258509 -3.74785788 -3.92090816 -4.00067664]
log likelihood =  -2483.87033234
Edge derivatives =  [6.992961025107693, -2.363841065534238, -5.847633206119648, -10.939473807000251, -0.8757437277386623, -5.168198027463163, -0.5010369261025026, -0.03048013667470116, -3.1926424961820334, -1.7645447060317603, -0.030480136674700148, -1.4481315556263607e-15, 0.44927190294236374, -0.4464584118217246, -1.5011299440211997e-15, -0.030480136674700883, -0.6638386934978625, -1.2467853022034494]
other derivatives: [-13.70822247  -0.02655725   1.86819307   5.95359779  -3.23202585   0.        ]
Current x array =  [-0.72236756 -0.57833935 -0.83145067  0.95755923 -0.62521248  0.33647224
  0.08956047 -2.5499498  -1.63287495 -1.05997301 -3.30774768 -1.75863293
 -3.96411868 -3.85495346 -4.40918525 -4.2359608  -3.85495346 -2.30258509
 -3.83940311 -4.01040371 -2.30258509 -3.85495346 -4.04449441 -4.13440543]
log likelihood =  -2481.16860191
Edge derivatives =  [-0.4476813586018188, -2.37544840569816, -1.034174823227644, 0.1234434433017444, 0.17464179894388604, -2.657942852880817, 0.2550495629375582, 0.7701237515096497, -2.396928659660093, -0.9790560503523165, 0.7701237515096501, -7.825072533772835e-17, 1.2106093450962614, 0.34384352472550567, -9.465532178611086e-17, 0.7701237515096496, 0.12982904991152153, -0.454402422641318]
other derivatives: [ -3.76558091   1.73199624 -14.62653927   1.45346348  -0.85392458   0.        ]
Current x array =  [-0.73088097 -0.57924275 -0.79774349  1.00169544 -0.63943274  0.33647224
  0.14764476 -2.6403118  -1.7040533  -1.22540399 -3.41141166 -1.80683752
 -4.11544626 -3.98804494 -4.65225096 -4.43505814 -3.98804494 -2.30258509
 -3.96057086 -4.16437167 -2.30258509 -3.98804494 -4.2057814  -4.31498364]
log likelihood =  -2481.8113438
Edge derivatives =  [-2.895654335759388, -2.2545959985410735, 0.5400284083992455, 3.927614001170182, 0.5308342541315917, -1.123954966149892, 0.48863001839617587, 1.042440331974503, -2.13888854121716, -0.5994120586562186, 1.042440331974503, -4.929978266137114e-17, 1.4271106364251525, 0.6120066171948781, -5.81329690578265e-17, 1.0424403319745026, 0.40918365736146706, -0.159871126291996]
other derivatives: [  5.40985639  -0.83491614  27.47606231  -0.83687155   0.26393536   0.        ]
Current x array =  [-0.74242874 -0.57338875 -0.90738383  1.03294072 -0.65251998  0.33647224
  0.16594578 -2.7015946  -1.74139438 -1.29150329 -3.45793998 -1.84874479
 -4.18410327 -4.04396285 -4.78512947 -4.53597858 -4.04396285 -2.30258509
 -4.00743432 -4.23353294 -2.30258509 -4.04396285 -4.28008347 -4.40301061]
log likelihood =  -2480.76269933
Edge derivatives =  [-1.1659101318259388, -2.3226472377850174, -0.40951645415300647, 1.63605722255132, 0.31540869125736726, -2.044493139186516, 0.34711545532157123, 0.8775770723715065, -2.295297837168525, -0.8295207143603404, 0.8775770723715065, 6.68328949473377e-16, 1.2965775848771375, 0.4493076336190756, 6.120886648168351e-16, 0.8775770723715061, 0.23958617626250464, -0.3386167305070674]
other derivatives: [-0.33292054  0.81467988  2.48587639  0.60381353 -0.41932253  0.        ]
Current x array =  [-0.73520546 -0.5770505  -0.83880246  1.01339641 -0.64433375  0.33647224
  0.15449827 -2.66326146 -1.71803708 -1.25015737 -3.42883594 -1.82253128
 -4.14115747 -4.00898551 -4.70201233 -4.4728516  -4.00898551 -2.30258509
 -3.97812065 -4.19027172 -2.30258509 -4.00898551 -4.23360662 -4.34794866]
log likelihood =  -2480.67365754
Edge derivatives =  [-0.6913926332850338, -2.2711840598927293, -0.17709257033805065, 1.8604554350009468, 0.3779405053640119, -1.6073205457864597, 0.37671571912101837, 0.8959606272992698, -2.244957676316038, -0.7863059432905982, 0.8959606272992698, -1.1273330931855139e-16, 1.3061696018158906, 0.47571430349631155, -1.11870169248578e-16, 0.8959606272992694, 0.2693123461038765, -0.3025830379559041]
other derivatives: [ 0.77861841 -0.07862582  1.4246325  -0.24847395  0.21109372  0.        ]
Current x array =  [-0.7361131  -0.57541439 -0.83674366  1.02076452 -0.64855146  0.33647224
  0.15375864 -2.67534331 -1.72330489 -1.25249126 -3.4326565  -1.8326253
 -4.14703155 -4.0121965  -4.72119542 -4.48500426 -4.0121965  -2.30258509
 -3.97933782 -4.1959233  -2.30258509 -4.0121965  -4.24031766 -4.35753888]
log likelihood =  -2480.30953696
Edge derivatives =  [0.9494709072932425, -2.0275468410993938, 0.46608114701784303, 1.8157968548849097, 0.6063707708408526, 0.5437297083025732, 0.45884771094215904, 0.898742370179026, -2.0251488584135444, -0.6082197363550577, 0.8987423701790277, -1.2204889357891402e-15, 1.2499483561896212, 0.5362216266403231, -1.2541013828135378e-15, 0.8987423701790268, 0.353443606575318, -0.17453965717154102]
other derivatives: [ 2.05991455 -2.43830982 -1.5499154  -2.7464921   1.974513    0.        ]
Current x array =  [-0.73638512 -0.57099438 -0.83112597  1.04248567 -0.65939206  0.33647224
  0.15037257 -2.7433383  -1.74589761 -1.2448235  -3.44104748 -1.88582109
 -4.16210469 -4.0121601  -4.81267224 -4.53524977 -4.0121601  -2.30258509
 -3.96762465 -4.20909084 -2.30258509 -4.0121601  -4.25953057 -4.39332502]
log likelihood =  -2479.90966437
Edge derivatives =  [1.746471084333539, -1.7610380125937575, 0.7587722671539178, 0.7492936165919257, 0.7732532991663075, 2.6291318857550077, 0.5060675505096375, 0.8209603078752842, -1.7746379559779122, -0.4105419641588634, 0.8209603078752846, -1.9370118114115687e-16, 1.0764997438435373, 0.5526047337443863, -2.523005583024265e-16, 0.8209603078752846, 0.4082586169320031, -0.05157715106002285]
other derivatives: [ 8.21605681 -1.3008048  -3.20719664 -3.19296305  2.12844498  0.        ]
Current x array =  [-0.74359465 -0.57296124 -0.82806476  1.04467003 -0.65685356  0.33647224
  0.14932939 -2.84152636 -1.76899661 -1.21863237 -3.44015087 -1.94111622
 -4.16805949 -3.99662896 -4.93071277 -4.59163651 -3.99662896 -2.30258509
 -3.93517859 -4.21187481 -2.30258509 -3.99662896 -4.27101034 -4.42900105]
log likelihood =  -2479.55127444
Edge derivatives =  [-0.7140421400043651, -1.3844122351018349, 1.353946162052292, -1.0322379688618595, 0.9844891222187167, 5.823137576276435, 0.4932596417073094, 0.5806174611742227, -1.3558165024858284, -0.059512501203162746, 0.5806174611742223, -5.177438621303658e-18, 0.5885925459916536, 0.5180527873397459, 5.28150894971497e-17, 0.5806174611742227, 0.45986178542994877, 0.14608592021388683]
other derivatives: [-10.94990694  -9.17798388  -2.98059604  -2.26314114   1.12831913   0.        ]
Current x array =  [-0.72092754 -0.55955577 -0.82846198  1.04222145 -0.64846207  0.33647224
  0.16315496 -3.05308627 -1.81981955 -1.18200575 -3.42920105 -2.03841991
 -4.1698614  -3.95293458 -5.17649848 -4.70199403 -3.95293458 -2.30258509
 -3.85525048 -4.20675556 -2.30258509 -3.95293458 -4.28452008 -4.4948974 ]
log likelihood =  -2479.1774465
Edge derivatives =  [0.16816967861192234, -1.2988755832977892, 0.9704185564806532, -2.3405192002921895, 0.8702589754810655, 5.619830649640017, 0.44925123684086643, 0.4632017717999219, -1.3025466174802207, -0.025405881821773404, 0.46320177179992145, -3.226231729856353e-16, 0.41659004856753223, 0.457095888227569, -3.3920045623312975e-16, 0.4632017717999212, 0.42099384037430393, 0.1447730289333283]
other derivatives: [ 0.2363322  -0.75960997 -1.29584805 -0.58043952 -0.07999006  0.        ]
Current x array =  [-0.73502759 -0.57402015 -0.83219643  1.02294844 -0.63709655  0.33647224
  0.15778306 -3.09531745 -1.81790082 -1.15840655 -3.41491081 -2.03223506
 -4.15640675 -3.93102628 -5.21319146 -4.70941914 -3.93102628 -2.30258509
 -3.82658196 -4.19156273 -2.30258509 -3.93102628 -4.27287177 -4.49378642]
log likelihood =  -2478.95446245
Edge derivatives =  [-0.3460263946848753, -1.2613041574764319, 0.7402016279000089, -2.740837729654505, 0.7017937768165077, 4.787000577472559, 0.38374175764831464, 0.36265517784961404, -1.2625043868218255, -0.0051888750368944345, 0.36265517784961426, -2.1623088106047578e-15, 0.26668482458081805, 0.3971602384632982, -2.1908823883045606e-15, 0.3626551778496145, 0.3793278549402126, 0.13600312827071812]
other derivatives: [ 2.39133442  2.86454451  0.69148882  1.48174877 -1.47879291  0.        ]
Current x array =  [-0.73856722 -0.58058487 -0.83618489  1.00309817 -0.62629454  0.33647224
  0.15823835 -3.12991528 -1.81480163 -1.15309623 -3.40120707 -2.00870602
 -4.14430961 -3.91280973 -5.24299907 -4.71395831 -3.91280973 -2.30258509
 -3.80352373 -4.17819147 -2.30258509 -3.91280973 -4.26219237 -4.49162606]
log likelihood =  -2478.56279329
Edge derivatives =  [-0.6527658335309073, -1.1344634521584411, 0.6984405191123066, -2.6620659023693998, 0.37231589768345946, 3.020924749956431, 0.2530709081699224, 0.15336965070222244, -1.1361278908754966, 0.08117929962659896, 0.1533696507022229, -1.1252012567516173e-15, -0.07393339503042189, 0.2879552274474224, -1.1175036393104743e-15, 0.1533696507022226, 0.3155471468866877, 0.15304570330886075]
other derivatives: [ 3.40519364  4.16225703  2.7122951   3.79200173 -2.79842425  0.        ]
Current x array =  [-0.74069087 -0.5832773  -0.84007644  0.98058714 -0.61630184  0.33647224
  0.15829106 -3.22725337 -1.81443583 -1.15626939 -3.37439998 -1.96071429
 -4.12411419 -3.87548884 -5.33929039 -4.74034639 -3.87548884 -2.30258509
 -3.75315129 -4.15473828 -2.30258509 -3.87548884 -4.24618328 -4.49920863]
log likelihood =  -2478.09535801
Edge derivatives =  [0.1156449619576208, -0.8321345471903381, 1.4912644161203943, -0.910061294968737, -0.09420852976640633, 0.4504696406458562, 0.0994953782094516, -0.2258010606183364, -0.8119962641158038, 0.3849590290973343, -0.22580106061833669, -3.2267300511507984e-16, -0.7754905461288406, 0.15699482207339044, -2.5029101329424605e-16, -0.22580106061833619, 0.292246845083062, 0.3071576201615799]
other derivatives: [ -4.71491148  16.55157575   3.36053745   2.17937668  -1.51599124   0.        ]
Current x array =  [-0.73108179 -0.60532807 -0.841248    0.99536585 -0.62927322  0.33647224
  0.16218453 -3.49482183 -1.8236119  -1.18402067 -3.33276579 -1.89345719
 -4.1041875  -3.80938404 -5.63474119 -4.84563095 -3.80938404 -2.30258509
 -3.65441623 -4.12620059 -2.30258509 -3.80938404 -4.2372651  -4.55350771]
log likelihood =  -2477.80156151
Edge derivatives =  [-0.3473709184067393, -0.64415474094213, 1.5653910237401634, -0.7402080377367046, -0.5606315748327158, -1.7113991928851995, -0.12499204478135278, -0.649972778771374, -0.6202840603538704, 0.578742343663202, -0.6499727787713749, 1.5324025383637404e-16, -1.522659109330325, -0.029702333708493817, 1.655776222579808e-16, -0.6499727787713747, 0.2054838792552814, 0.3817738988867249]
other derivatives: [ 6.62976163 -3.03398338  2.29410944  1.96400833 -0.87648004  0.        ]
Current x array =  [-0.74425298 -0.57206772 -0.83883339  0.99783637 -0.63339422  0.33647224
  0.16873526 -3.71914386 -1.82267149 -1.18970111 -3.2897617  -1.84174496
 -4.07458626 -3.74210631 -5.87048095 -4.91914609 -3.74210631 -2.30258509
 -3.56116355 -4.08876612 -2.30258509 -3.74210631 -4.21583267 -4.58479949]
log likelihood =  -2477.66346221
Edge derivatives =  [-0.08243631832227821, -0.6727399127934407, 1.7661677581154798, -0.27137587517122364, -0.3366423528855934, -0.5285375812393953, -0.022701971182158796, -0.4892322959474202, -0.6422268412293379, 0.5655473980427274, -0.48923229594742074, 8.263869538474798e-16, -1.2624616328516283, 0.059768352887421446, 8.684253342426768e-16, -0.4892322959474203, 0.2668592378142359, 0.39828438844809744]
other derivatives: [ 1.18375283  0.55642886  1.34268703  0.19754225  0.11682459  0.        ]
Current x array =  [-0.73701913 -0.5774353  -0.83715444  1.01532899 -0.64149674  0.33647224
  0.16942389 -3.67949712 -1.82365332 -1.19664575 -3.30783    -1.86983584
 -4.09105447 -3.76648121 -5.83832868 -4.91521916 -3.76648121 -2.30258509
 -3.59244635 -4.10669611 -2.30258509 -3.76648121 -4.23028418 -4.58898414]
log likelihood =  -2477.61708904
Edge derivatives =  [0.045806252172462036, -0.6685053135703932, 1.7556911304022562, 0.034197569744107925, -0.27643718623190117, -0.26801236027939923, 0.009750884259350064, -0.43967583875175187, -0.6306854799723633, 0.5771929706022572, -0.4396758387517511, -2.2387877476081012e-21, -1.172825830551166, 0.08711226776394848, -2.233486603234095e-21, -0.4396758387517514, 0.28767182516720874, 0.4136437921925692]
other derivatives: [-0.76734068  0.44142325 -0.42500687 -0.75692697  0.65438144  0.        ]
Current x array =  [-0.73427412 -0.57705001 -0.83310233  1.02483803 -0.6456077   0.33647224
  0.1701953  -3.68736218 -1.81668739 -1.20346722 -3.31343965 -1.87573413
 -4.09681353 -3.77378584 -5.85199929 -4.92015602 -3.77378584 -2.30258509
 -3.60325863 -4.11205834 -2.30258509 -3.77378584 -4.23490948 -4.59389567]
log likelihood =  -2477.54508518
Edge derivatives =  [0.1985650456914329, -0.6466468021037075, 1.5123416108401442, 0.37394273989110527, -0.2199411125432144, -0.0006917375330158793, 0.045498994778208735, -0.38750989188443963, -0.5976978368032096, 0.6103273593367637, -0.387509891884439, 3.0090001664418107e-15, -1.0579206718769223, 0.11228607595561875, 3.069851301236378e-15, -0.38750989188443935, 0.30818352525818427, 0.4402126948988222]
other derivatives: [-2.66618372 -0.15634214 -1.41212695 -1.81289579  1.15192051  0.        ]
Current x array =  [-0.73159797 -0.57584145 -0.83091703  1.03595515 -0.649316    0.33647224
  0.17107648 -3.72375054 -1.7978891  -1.21419222 -3.31998092 -1.88190425
 -4.10364613 -3.78162347 -5.89883215 -4.93262313 -3.78162347 -2.30258509
 -3.61757999 -4.11719928 -2.30258509 -3.78162347 -4.23944321 -4.60316639]
log likelihood =  -2477.40097702
Edge derivatives =  [0.1786337351046347, -0.5909701526221597, 0.5988534409851207, 0.6879704509858703, -0.16407888746871702, 0.2955088393414252, 0.09444752204657923, -0.31936247243101135, -0.5193043101936199, 0.6844092507912941, -0.3193624724310111, -3.9519443171188714e-16, -0.8542455679982974, 0.1324642691576331, -4.0833060435840607e-16, -0.31936247243101146, 0.32458258804427503, 0.4881552860204387]
other derivatives: [-4.37053131 -0.75028765 -3.23257154 -2.60702109  1.2709279   0.        ]
Current x array =  [-0.72923115 -0.57473177 -0.82642727  1.04549935 -0.64988593  0.33647224
  0.17284861 -3.82742978 -1.74874631 -1.23284372 -3.32933525 -1.8884939
 -4.11240785 -3.79185437 -6.02295537 -4.95935968 -3.79185437 -2.30258509
 -3.6434505  -4.12110941 -2.30258509 -3.79185437 -4.24226756 -4.6202461 ]
log likelihood =  -2477.24876281
Edge derivatives =  [0.14351556413489097, -0.495452038244649, -0.7689879295251901, 1.014132566991884, -0.08638088757041879, 0.9205667392759065, 0.14441926923939824, -0.2557780525058783, -0.41138488175776045, 0.8073380765569065, -0.2557780525058776, -1.3266674618300484e-16, -0.6103044176686467, 0.13671887917214942, -1.7698843612852435e-16, -0.25577805250587815, 0.3303188007261612, 0.5573187858632066]
other derivatives: [-4.55438567 -1.22404344  1.43209036 -2.7211172   1.18307071  0.        ]
Current x array =  [-0.72906021 -0.57382158 -0.83753702  1.04907309 -0.65050013  0.33647224
  0.17456227 -4.01406745 -1.68734391 -1.25618339 -3.34179912 -1.90457822
 -4.12240314 -3.80222048 -6.24145405 -5.00400473 -3.80222048 -2.30258509
 -3.67654388 -4.12285793 -2.30258509 -3.80222048 -4.24294804 -4.64698822]
log likelihood =  -2477.18104066
Edge derivatives =  [-0.00878373755284606, -0.3984818663689457, -2.322566071064736, 0.7861341396370325, -0.10254577678856451, 0.9077178256900111, 0.1592259018824716, -0.26237117287360573, -0.3046644084735577, 0.9170986005581573, -0.262371172873606, -1.6414802862246982e-17, -0.4364448244166617, 0.08881842238725626, 1.3878893813033837e-17, -0.2623711728736054, 0.29143344779812996, 0.6108750978232024]
other derivatives: [ 2.21903065  1.53768269 -6.52844392 -0.46075002 -0.1421995   0.        ]
Current x array =  [-0.73751697 -0.5791761  -0.81756773  1.02501955 -0.63950748  0.33647224
  0.17446085 -4.24503952 -1.62818496 -1.26763038 -3.34458113 -1.90232046
 -4.11987531 -3.79944041 -6.49910833 -5.04445075 -3.79944041 -2.30258509
 -3.698062   -4.11044537 -2.30258509 -3.79944041 -4.22950767 -4.66565127]
log likelihood =  -2477.08842551
Edge derivatives =  [-0.3829254570158734, -0.3998167310115873, -1.9497657478226218, 0.4817332918023437, -0.18139543255990792, 0.5395852547227789, 0.1040387860610289, -0.3274982019270684, -0.31403974521223893, 0.9037597774520825, -0.32749820192706797, 6.674417040385517e-17, -0.5575551214057802, 0.04970791849301738, 1.1107868307772222e-16, -0.3274982019270684, 0.26064949911806246, 0.5891917021808183]
other derivatives: [-1.97187546 -0.97534212 -1.04400897  0.57571015 -0.54546945  0.        ]
Current x array =  [-0.73295557 -0.57488181 -0.83026992  1.01625085 -0.63784054  0.33647224
  0.17406645 -4.23664722 -1.64899952 -1.25794549 -3.3378745  -1.89487547
 -4.11278417 -3.79036282 -6.4839898  -5.03815231 -3.79036282 -2.30258509
 -3.68333536 -4.10415909 -2.30258509 -3.79036282 -4.22410163 -4.65960125]
log likelihood =  -2477.04940462
Edge derivatives =  [-0.059902494384130645, -0.39456236844443043, -1.4476311022619308, 0.4591679854258476, -0.1809184088065877, 0.5126860857674694, 0.0930866041223681, -0.33806250090490303, -0.3174686907994961, 0.896262824695981, -0.33806250090490275, 0.0, -0.5839532395702856, 0.04100537094127346, 0.0, -0.33806250090490336, 0.2511873331049853, 0.5793741622089028]
other derivatives: [ 0.92345545  0.5613856   1.70580279  0.67375368 -0.33628567  0.        ]
Current x array =  [-0.73655223 -0.57748602 -0.83727246  1.01390413 -0.63981422  0.33647224
  0.17274863 -4.23528061 -1.66914093 -1.25143983 -3.33703891 -1.89438543
 -4.11059396 -3.78878609 -6.48051612 -5.03345038 -3.78878609 -2.30258509
 -3.67992657 -4.10254555 -2.30258509 -3.78878609 -4.22209911 -4.65612509]
log likelihood =  -2477.00665932
Edge derivatives =  [0.05121087336476926, -0.37084813975895525, -1.2271074927907557, 0.25803956788684124, -0.19422236647516228, 0.38761824103846065, 0.0749861437565546, -0.34905308204776875, -0.3011249484796912, 0.9038279967465525, -0.3490530820477686, 6.572591396955469e-17, -0.5661367532152125, 0.015071296323336834, 8.847321887495552e-17, -0.3490530820477679, 0.22377345423824746, 0.5727624625024169]
other derivatives: [ 1.8495939   0.31950549  2.58824002  1.36028575 -0.45488378  0.        ]
Current x array =  [-0.73784036 -0.57718494 -0.83944436  1.00625303 -0.63931571  0.33647224
  0.17163724 -4.28519226 -1.68059052 -1.24483821 -3.33694225 -1.89144467
 -4.10690102 -3.78713183 -6.53326263 -5.03383936 -3.78713183 -2.30258509
 -3.68260778 -4.09742899 -2.30258509 -3.78713183 -4.21565803 -4.65408358]
log likelihood =  -2476.85305625
Edge derivatives =  [0.29053524415026877, -0.2892287636590593, -0.49590442536457036, -0.20724835191036917, -0.15900153758669033, 0.14458347263267757, 0.057121898689329285, -0.29334535199609424, -0.23741788194112828, 0.9334829122239264, -0.29334535199609507, -5.437766915931124e-16, -0.32350655565372505, -0.04306105835914538, -5.157258400023002e-16, -0.29334535199609485, 0.1403993767263079, 0.5579012217028142]
other derivatives: [ 4.4330136   0.31859599  3.58454599  2.27596502 -0.34638106  0.        ]
Current x array =  [-0.74115304 -0.577388   -0.84233891  0.99495798 -0.64080323  0.33647224
  0.17109126 -4.49726749 -1.7145145  -1.22732469 -3.34700423 -1.88471658
 -4.10109975 -3.79555509 -6.76530616 -5.03565331 -3.79555509 -2.30258509
 -3.716334   -4.08575499 -2.30258509 -3.79555509 -4.19578298 -4.6490896 ]
log likelihood =  -2476.67521524
Edge derivatives =  [0.13140518560973102, -0.19483571267739833, 0.1976679232269314, -0.6394741912633832, -0.13351969355381055, -0.5701478091332379, 0.033150001254346036, -0.19591257871997828, -0.1563722404315668, 0.9786267066333683, -0.19591257871997975, -1.0777564951586091e-16, 0.06320232804324888, -0.1312358049253806, -9.838044301006642e-17, -0.19591257871997994, 0.007546821895082059, 0.5403872292574684]
other derivatives: [ 1.49721018  3.02575245  3.14362296  2.53044163 -0.46152309  0.        ]
Current x array =  [-0.7378074  -0.58199756 -0.84142912  0.99239969 -0.63960816  0.33647224
  0.1734904  -4.86380328 -1.74641959 -1.21147842 -3.36323093 -1.86537059
 -4.09310512 -3.81041256 -7.16907887 -5.04164037 -3.81041256 -2.30258509
 -3.77222551 -4.06819503 -2.30258509 -3.81041256 -4.16476881 -4.64343217]
log likelihood =  -2477.00070625
Edge derivatives =  [0.10527907430357497, -0.0945392253769357, 1.3411116672891075, -0.5910106397989348, 0.03822729300917929, -1.342857479801266, 0.024514146850703994, 0.08446488010653094, -0.07261388332504039, 1.022624236377257, 0.08446488010653078, -2.392223206525612e-15, 0.8281209155941308, -0.23057431451582466, -2.36181163989434e-15, 0.08446488010653, -0.20411288887216364, 0.5109999051753603]
other derivatives: [ 14.98679012 -19.79856279  -1.25633051  -0.7716153    1.26651685   0.        ]
Current x array =  [-0.75264737 -0.54570818 -0.83323248  1.02493511 -0.64630743  0.33647224
  0.18054801 -5.53046051 -1.78999109 -1.20129787 -3.40501708 -1.84300606
 -4.09002389 -3.85523829 -7.91300841 -5.04636002 -3.85523829 -2.30258509
 -3.89377784 -4.0498855  -2.30258509 -3.85523829 -4.11869977 -4.63448216]
log likelihood =  -2476.61221256
Edge derivatives =  [0.1634568179564096, -0.15810006899876397, 0.540586578886797, -0.6214403391557775, -0.08377438153599678, -0.7866724796778792, 0.03110556494926682, -0.11338460868491423, -0.12539249897209834, 0.9939946325339704, -0.11338460868491479, 1.0898547030533888e-16, 0.29288782715898165, -0.1591185025893894, 9.887542777676156e-17, -0.11338460868491479, -0.05179449083930323, 0.5320911894258847]
other derivatives: [ 5.43795977 -3.22156666  1.87937985  1.57901923  0.04256435  0.        ]
Current x array =  [-0.74206624 -0.57158306 -0.83907681  1.00173686 -0.64153075  0.33647224
  0.17551583 -5.05512366 -1.75892394 -1.20855676 -3.37522291 -1.85895231
 -4.09222085 -3.82327685 -7.38257522 -5.04299484 -3.82327685 -2.30258509
 -3.80710916 -4.06294048 -2.30258509 -3.82327685 -4.15154771 -4.64086366]
log likelihood =  -2476.53694854
Edge derivatives =  [-0.06936066817946407, -0.12580386167279956, 0.519049478156498, -0.4881834774161684, -0.03072908620622098, -0.9670620051230612, 0.0452712196132196, -0.025351568657282768, -0.0952716259214007, 1.0258055312121817, -0.02535156865728281, 4.440110270360335e-17, 0.5499519729599947, -0.18712177284000187, 4.44007389838919e-17, -0.025351568657282143, -0.11141292218730708, 0.5375034225630804]
other derivatives: [ 1.62044671 -0.65406311  0.63805601  0.70872375  0.08371899  0.        ]
Current x array =  [-0.73731852 -0.57564736 -0.83607433  1.01187555 -0.64099287  0.33647224
  0.17827482 -5.28935793 -1.75399717 -1.21185623 -3.38873677 -1.85315052
 -4.09253554 -3.83723587 -7.64551122 -5.05262021 -3.83723587 -2.30258509
 -3.8471381  -4.05730269 -2.30258509 -3.83723587 -4.13772704 -4.64299511]
log likelihood =  -2476.51373577
Edge derivatives =  [-0.11730560933967771, -0.11185295112688136, 0.3691030319177505, -0.2922327025555347, 0.012456989763752951, -0.875685269154853, 0.058207374033855314, 0.02360746063551209, -0.08235981742129199, 1.0391041618576906, 0.023607460635511945, -1.1104626920836522e-16, 0.6721894413188086, -0.19340655227659695, -1.554341439071869e-16, 0.02360746063551139, -0.13560063264539637, 0.5403843078486976]
other derivatives: [-0.23869688  0.03960849 -0.19158506  0.03074092  0.11391421  0.        ]
Current x array =  [-0.73491664 -0.57665147 -0.83409434  1.01966381 -0.64027884  0.33647224
  0.17936815 -5.41331725 -1.74381965 -1.21782061 -3.39636238 -1.85473145
 -4.09367881 -3.8451814  -7.78558833 -5.05649214 -3.8451814  -2.30258509
 -3.86675403 -4.05602751 -2.30258509 -3.8451814  -4.13219158 -4.64411059]
log likelihood =  -2476.49367234
Edge derivatives =  [-0.06829168354751325, -0.10402044058112588, 0.29283147274554094, -0.1446741361565218, 0.04660590208532123, -0.6845138352311615, 0.062016229474513296, 0.04806494476997243, -0.07578630486127444, 1.0330773434776006, 0.04806494476997232, -3.8578315901124204e-16, 0.7161543253932302, -0.19502920143718772, -2.9253147983965615e-16, 0.048064944769972376, -0.1513357347942872, 0.5309294535700969]
other derivatives: [-1.04105311  0.2530669  -0.65297172 -0.36807251  0.08030838  0.        ]
Current x array =  [-0.73383779 -0.57689784 -0.8330208   1.02420709 -0.63904447  0.33647224
  0.17950583 -5.48828891 -1.73819752 -1.22189176 -3.40038233 -1.85922597
 -4.09327742 -3.84927996 -7.86941004 -5.05153622 -3.84927996 -2.30258509
 -3.87394712 -4.05570495 -2.30258509 -3.84927996 -4.12886707 -4.64062559]
log likelihood =  -2476.42754525
Edge derivatives =  [0.007709187909768822, -0.08465997197756571, 0.1457489011259044, 0.22085428320283618, 0.14669848920247225, 0.05668360108437914, 0.05585069427775155, 0.09526295243060276, -0.060834165932853866, 0.9786701954521679, 0.09526295243060406, -2.02372154938368e-15, 0.7559362941980067, -0.19990719574452945, -2.000327696015425e-15, 0.09526295243060406, -0.2023312627522527, 0.4741831444834536]
other derivatives: [-2.37332642  0.53946678 -1.21376615 -1.12418093 -0.13365025  0.        ]
Current x array =  [-0.73202079 -0.57711926 -0.83177011  1.03310193 -0.63482571  0.33647224
  0.17973865 -5.69961075 -1.72694447 -1.23155005 -3.40905621 -1.87764971
 -4.08842094 -3.85761355 -8.10255447 -5.01914145 -3.85761355 -2.30258509
 -3.88078466 -4.05486196 -2.30258509 -3.85761355 -4.11879285 -4.61998263]
log likelihood =  -2476.32475848
Edge derivatives =  [-0.042643389119176645, -0.06217158524545548, -0.018997672554476014, 0.4825080115010508, 0.242126226206079, 0.9004975267217146, 0.013127788575851194, 0.12052140431150087, -0.04453434798704706, 0.8426791643843202, 0.12052140431150166, 0.0, 0.6864146889757162, -0.2153881008367149, 0.0, 0.12052140431150098, -0.2891849439887216, 0.3483913283693681]
other derivatives: [-2.56086423  0.85110514 -2.08510755 -1.36146809 -0.42750798  0.        ]
Current x array =  [-0.73170198 -0.57756122 -0.829639    1.036208   -0.63076511  0.33647224
  0.18027173 -6.01400107 -1.7165704  -1.23919107 -3.41509966 -1.8993798
 -4.07472249 -3.86257292 -8.44390615 -4.94793757 -3.86257292 -2.30258509
 -3.86982929 -4.05181469 -2.30258509 -3.86257292 -4.10212992 -4.57547684]
log likelihood =  -2476.7882739
Edge derivatives =  [0.7659702162632267, -0.030177656177890894, -0.03987304051798039, 0.39550838887874273, 0.2920548727644471, 1.847640492358591, -0.18710255036508147, 0.10408635635368924, -0.02393342633503891, 0.32707388807656873, 0.10408635635368893, 0.0, 0.2381999341132502, -0.24904688192772031, 0.0, 0.10408635635368933, -0.48835235387972603, -0.06793391790014494]
other derivatives: [-24.89650797 -11.50970093  11.55094651  -1.62885954   0.55597411   0.        ]
Current x array =  [-0.70614706 -0.55662341 -0.86344616  1.04351853 -0.64343176  0.33647224
  0.1734586  -6.69289519 -1.72272928 -1.24208604 -3.41779313 -1.93055583
 -4.03833759 -3.86600562 -9.17290091 -4.73175908 -3.86600562 -2.30258509
 -3.80665322 -4.05164357 -2.30258509 -3.86600562 -4.07313053 -4.44759697]
log likelihood =  -2476.29120302
Edge derivatives =  [0.14841084649113762, -0.0535330676391103, -0.019674933239348977, 0.46929148769995543, 0.2521711147689856, 1.1007092106016354, -0.02715134269559221, 0.11769742312998879, -0.03929592454838007, 0.7468992316907744, 0.11769742312998843, -6.865371928071554e-17, 0.5967118430146013, -0.22202603092860818, -5.647298930737526e-17, 0.11769742312998854, -0.32942435125280217, 0.267357563899656]
other derivatives: [-7.02898433 -1.61144271  0.81745384 -1.4199486  -0.22187123  0.        ]
Current x array =  [-0.72642697 -0.57323926 -0.83661743  1.03771703 -0.63337974  0.33647224
  0.17886537 -6.15413751 -1.71784171 -1.23978864 -3.41565564 -1.90581512
 -4.06721197 -3.8632815  -8.5943843  -4.90331429 -3.8632815  -2.30258509
 -3.85678857 -4.05177937 -2.30258509 -3.8632815  -4.09614391 -4.54908004]
log likelihood =  -2476.16248581
Edge derivatives =  [0.24789880636851652, -0.03458345747304542, -0.012867938825867536, 0.5706274282678628, 0.32593534994238343, 1.8858723761959209, -0.12163031826033333, 0.1111428831264234, -0.02583581255504063, 0.45455008162775656, 0.11114288312642348, 1.3810417343219397e-15, 0.35824818563206234, -0.24626863895745418, 1.4232629796701787e-15, 0.1111428831264227, -0.4583928274890615, 0.027431231571161365]
other derivatives: [-2.58592081 -0.0853106   0.40899977 -1.13473106 -0.31659511  0.        ]
Current x array =  [-0.73175009 -0.57604896 -0.83563708  1.03350656 -0.63222988  0.33647224
  0.17887997 -6.58769515 -1.7165789  -1.2412547  -3.41678584 -1.92668365
 -4.0417167  -3.86305757 -9.05901486 -4.77644184 -3.86305757 -2.30258509
 -3.81945648 -4.04660361 -2.30258509 -3.86305757 -4.0722584  -4.47119976]
log likelihood =  -2476.09896949
Edge derivatives =  [0.050376395271065744, -0.02857149417894987, 0.06751836625768239, 0.2819917367536914, 0.2766445945563714, 1.7322295557522565, -0.19489096007035722, 0.06954115967279062, -0.02176834916421448, 0.24702983892164854, 0.06954115967279131, -2.484673916082502e-15, 0.11341707604063, -0.2534031576797882, -2.4419922243672677e-15, 0.06954115967279043, -0.5091871111152262, -0.12632941553055993]
other derivatives: [-0.70631359 -0.49672053 -0.53701115 -0.11059456 -0.26197995  0.        ]
Current x array =  [-0.73423201 -0.57577036 -0.83307681  1.02165779 -0.63489119  0.33647224
  0.17940928 -6.77409776 -1.72331399 -1.23416116 -3.40978396 -1.92307761
 -4.02593814 -3.85625163 -9.25366211 -4.69631078 -3.85625163 -2.30258509
 -3.78237129 -4.04488202 -2.30258509 -3.85625163 -4.06371296 -4.42417321]
log likelihood =  -2476.08715089
Edge derivatives =  [0.27137706660915045, -0.020778860087313934, 0.17746857562054336, -0.03456188290510509, 0.17009517427267792, 0.5860641823865165, -0.24675342649338838, 0.08324253990464983, -0.01601080359002229, 0.0788595815992585, 0.0832425399046495, 7.950559928027156e-17, 0.08018339435886132, -0.2664528432747033, 9.473891874907911e-17, 0.08324253990464994, -0.5635603363300847, -0.2440237762816454]
other derivatives: [ 4.12524059  2.67896212  3.66867425 -0.08326424  0.30636329  0.        ]
Current x array =  [-0.74046026 -0.58155967 -0.84347018  1.01976244 -0.6423031   0.33647224
  0.17987664 -7.07809771 -1.73141937 -1.22476347 -3.40910222 -1.89233006
 -4.01570119 -3.85848869 -9.58239579 -4.63571716 -3.85848869 -2.30258509
 -3.77778208 -4.04241745 -2.30258509 -3.85848869 -4.05406852 -4.3897707 ]
log likelihood =  -2476.05146026
Edge derivatives =  [0.04466025935987655, -0.02403527471273185, 0.15929106070808643, -0.16500018837027874, 0.13328405922023803, 0.505267231084046, -0.24032034914450828, 0.05000267740584452, -0.01859528601008616, 0.11334164947565852, 0.05000267740584415, 3.731336833377038e-17, 0.003443499004511158, -0.25108664261509117, -2.579067475873049e-17, 0.05000267740584471, -0.5191514961290434, -0.2111928560324632]
other derivatives: [ 1.16770025  0.2539764   0.65551831  0.47793947  0.16430022  0.        ]
Current x array =  [-0.73681663 -0.57747256 -0.83578821  1.01420991 -0.64162858  0.33647224
  0.17991921 -6.93562084 -1.73194551 -1.22319876 -3.40318996 -1.89074147
 -4.01870735 -3.85253905 -9.42502584 -4.6479147  -3.85253905 -2.30258509
 -3.76619634 -4.04518821 -2.30258509 -3.85253905 -4.062702   -4.39889038]
log likelihood =  -2476.04493928
Edge derivatives =  [0.00583308869172483, -0.02452258077576802, 0.1328602535864032, -0.1946940720318442, 0.1077903946361423, 0.2664596668240665, -0.23225424344175066, 0.05049496025074899, -0.018917279552910674, 0.1316204806080002, 0.050494960250750884, 3.790839121708124e-16, 0.018452961997128474, -0.24339188087264702, 4.0033718802228146e-16, 0.050494960250750676, -0.5000380949598799, -0.19242982021533658]
other derivatives: [ 0.27885108 -0.23860594  0.11814336  0.42332431  0.19235813  0.        ]
Current x array =  [-0.73571842 -0.57664296 -0.83442831  1.01496821 -0.64194765  0.33647224
  0.18010196 -6.91656674 -1.73088577 -1.22306419 -3.40233789 -1.88454277
 -4.02121524 -3.85239065 -9.40486229 -4.65438664 -3.85239065 -2.30258509
 -3.76834432 -4.04666521 -2.30258509 -3.85239065 -4.06640325 -4.40418823]
log likelihood =  -2476.0378982
Edge derivatives =  [-0.034672402149589776, -0.023539717549250327, 0.07196073954734619, -0.17933209314832688, 0.07544474445961369, -0.10876000489199422, -0.22336724626792778, 0.06174282588606576, -0.017998651310807443, 0.12722622281268, 0.06174282588606624, -1.4088630889347115e-19, 0.05219811924511186, -0.23105878022307888, -6.736483774893547e-20, 0.061742825886065465, -0.4801763479992012, -0.1852070318983157]
other derivatives: [-0.58998921 -0.46297828 -0.30381671  0.14856596  0.21514097  0.        ]
Current x array =  [-0.73463359 -0.57625124 -0.83335703  1.01824319 -0.6418957   0.33647224
  0.18056161 -6.96021681 -1.72763473 -1.22417341 -3.40252397 -1.87472295
 -4.02386471 -3.85397225 -9.45378572 -4.65276709 -3.85397225 -2.30258509
 -3.77328096 -4.04904063 -2.30258509 -3.85397225 -4.0704225  -4.40603179]
log likelihood =  -2476.03218725
Edge derivatives =  [-0.0516485594849419, -0.02224780642022012, 0.004767169554118114, -0.09110915505576456, 0.061267926919186186, -0.28489290682689056, -0.21377555757602978, 0.07155568726289749, -0.016867969907067758, 0.10589649084658893, 0.07155568726289654, 8.70136046334885e-17, 0.0720416045957164, -0.215261892568966, 8.790116238749331e-17, 0.07155568726289777, -0.4580795981203891, -0.18736966837368213]
other derivatives: [-0.76256583 -0.52177711 -0.40467967 -0.11295924  0.116097    0.        ]
Current x array =  [-0.73439072 -0.57611153 -0.83309447  1.0214807  -0.64032459  0.33647224
  0.18078886 -7.02022631 -1.72366397 -1.22679151 -3.4029193  -1.8701139
 -4.02626141 -3.85544026 -9.52024359 -4.64521398 -3.85544026 -2.30258509
 -3.7762105  -4.05210814 -2.30258509 -3.85544026 -4.07508151 -4.40509597]
log likelihood =  -2476.02169901
Edge derivatives =  [-0.026146421418096477, -0.020878970180588093, -0.1579225414512662, 0.12931349844150986, 0.03406378076503069, -0.40800391864370583, -0.16635608520708375, 0.0707111379758829, -0.015633440704733416, 0.06450120836046896, 0.07071113797588297, -1.6662518184309676e-15, 0.06961073816056614, -0.1499294870877677, -1.5659484951229225e-15, 0.07071113797588269, -0.3453069769059611, -0.16455219510367047]
other derivatives: [-2.88910087  1.455237   -0.49794835 -0.20359039 -0.26375346  0.        ]
Current x array =  [-0.73191379 -0.57925521 -0.83265156  1.02346933 -0.63626211  0.33647224
  0.18024154 -7.0917778  -1.71475073 -1.23334908 -3.40018563 -1.86709102
 -4.03724911 -3.85478389 -9.5995692  -4.63072274 -3.85478389 -2.30258509
 -3.77561763 -4.06473552 -2.30258509 -3.85478389 -4.09858298 -4.41033232]
log likelihood =  -2476.00823463
Edge derivatives =  [0.0743868383157153, -0.01942768796421953, -0.28492482252506807, 0.3074034123034963, 0.005574778886671947, -0.5519344195892117, -0.12882305029754795, 0.0692235399372364, -0.014475314404684032, 0.017808076315328665, 0.06922353993723733, 5.132660967712296e-16, 0.06203911867559747, -0.09179511615085165, 4.122320902579082e-16, 0.069223539937237, -0.24624489633911406, -0.14898667322434406]
other derivatives: [-1.19462129  0.08012648 -0.10250005 -0.3684363  -0.44688022  0.        ]
Current x array =  [-0.73385753 -0.57691005 -0.83366662  1.02565249 -0.6334581   0.33647224
  0.17966735 -7.1656639  -1.70798912 -1.23857212 -3.39753073 -1.8636015
 -4.04696199 -3.85409914 -9.68106541 -4.61484481 -3.85409914 -2.30258509
 -3.77448043 -4.07629051 -2.30258509 -3.85409914 -4.11999001 -4.41377471]
log likelihood =  -2475.99894103
Edge derivatives =  [0.1542766812732535, -0.018815063517385267, -0.31398590186127456, 0.36439305371847885, -0.0030060167526681364, -0.3998147030308768, -0.10248390749782799, 0.05051109897360395, -0.014092231449219127, -0.03465552201444549, 0.05051109897360353, 1.6409770210808239e-15, 0.0017801879204023194, -0.045505310371617175, 1.586647428935244e-15, 0.05051109897360414, -0.16595549060176018, -0.14542820192353892]
other derivatives: [ 0.05006768 -0.07516974  0.20650077 -0.1330136  -0.47616595  0.        ]
Current x array =  [-0.73536503 -0.57667445 -0.83443953  1.02286859 -0.63336089  0.33647224
  0.17907314 -7.19621751 -1.70664795 -1.24007501 -3.39350802 -1.86774509
 -4.05341751 -3.85070729 -9.7131929  -4.59720675 -3.85070729 -2.30258509
 -3.76547543 -4.08544067 -2.30258509 -3.85070729 -4.13771787 -4.41375253]
log likelihood =  -2475.99279132
Edge derivatives =  [0.15391712550703485, -0.019170690527656294, -0.30386910054139493, 0.3462777474923697, -0.002936060691010628, -0.16723238889422026, -0.06783640124759813, 0.03018775803260139, -0.014439003525576356, -0.04915631648156436, 0.030187758032602277, -1.2229649587021242e-15, -0.04023014044831972, -0.0016317831549980885, -1.1998787989391003e-15, 0.030187758032601972, -0.08194648107533957, -0.11795707803976808]
other derivatives: [ 0.80831342  0.14042598  0.24224391  0.0905402  -0.32041498  0.        ]
Current x array =  [-0.73627851 -0.57706826 -0.83459503  1.01988457 -0.63555413  0.33647224
  0.17915491 -7.17601913 -1.7073798  -1.23955613 -3.38960538 -1.87385388
 -4.06150385 -3.84695681 -9.69043171 -4.59231649 -3.84695681 -2.30258509
 -3.75905549 -4.09409214 -2.30258509 -3.84695681 -4.15614883 -4.42072637]
log likelihood =  -2475.98999427
Edge derivatives =  [-0.01751273117798885, -0.01794302345293025, -0.2586229471095243, 0.1642159662168332, -0.01164048400117685, -0.09003391189777904, -0.05120346305813492, 0.01710459287825182, -0.013566294218756074, -0.10691195158307579, 0.01710459287825279, -6.828677694971669e-16, -0.0777906488493873, 0.02914295611371224, -6.967606620914369e-16, 0.017104592878252847, -0.02732030247359659, -0.1231504818741751]
other derivatives: [-0.08053576 -0.16893864  1.20508048  0.22619133  0.02801244  0.        ]
Current x array =  [-0.73526076 -0.57659376 -0.83697769  1.01815672 -0.64035413  0.33647224
  0.18031175 -7.24023465 -1.71140142 -1.235361   -3.38708348 -1.87616331
 -4.06613729 -3.84474817 -9.75943151 -4.5735331  -3.84474817 -2.30258509
 -3.75376876 -4.10053066 -2.30258509 -3.84474817 -4.16901402 -4.41859686]
log likelihood =  -2475.98706548
Edge derivatives =  [-0.04607903084000753, -0.018129472045816, -0.2016084337584112, 0.0632687888220902, -0.010103421646829876, -0.033099129097133695, -0.026865706234490305, 0.013159674582196877, -0.013694796938479794, -0.09616036218402077, 0.0131596745821971, 1.3222950390034134e-15, -0.06918084590721799, 0.04928466435785368, 1.327455082999901e-15, 0.013159674582197273, 0.014280226368576725, -0.09710197717666966]
other derivatives: [ 0.44738044  0.31459422 -0.20886546  0.09545147  0.29990588  0.        ]
Current x array =  [-0.73580623 -0.57746522 -0.83365577  1.01869161 -0.64310621  0.33647224
  0.18112333 -7.22858156 -1.71377428 -1.23251359 -3.38584896 -1.87725536
 -4.07109817 -3.84354993 -9.74704228 -4.57663997 -3.84354993 -2.30258509
 -3.75447356 -4.1041767  -2.30258509 -3.84354993 -4.17781879 -4.42542087]
log likelihood =  -2475.98563195
Edge derivatives =  [-0.0391367224598953, -0.01787599168203365, -0.18896031490310816, 0.059593478916835085, -0.004382616922626703, -0.05953907109400486, -0.03133239034378084, 0.02121937022649667, -0.013472962414782812, -0.08919071364308576, 0.02121937022649594, 2.7765959419427965e-15, -0.04389423799933807, 0.03934443903436388, 2.7316600460310237e-15, 0.02121937022649635, -0.0029655325905631053, -0.09938530992195738]
other derivatives: [ 0.13342287  0.17671482 -0.12541932 -0.03710738  0.2570232   0.        ]
Current x array =  [-0.73541071 -0.57719921 -0.83387306  1.02032919 -0.64232762  0.33647224
  0.18110934 -7.24259815 -1.71430931 -1.23232771 -3.38741329 -1.87651508
 -4.06995884 -3.84499429 -9.76292428 -4.57896229 -3.84499429 -2.30258509
 -3.7582514  -4.10224092 -2.30258509 -3.84499429 -4.17390147 -4.42503317]
log likelihood =  -2475.9834091
Edge derivatives =  [-0.06387266891377602, -0.017201469615502, -0.1285584440001678, -0.00205322033303057, 0.006198554332141212, -0.07543779243729565, -0.026780067284271618, 0.03303785965983009, -0.012907849645517852, -0.08011163665336501, 0.03303785965983037, -6.133334120323825e-16, 0.006402430029390019, 0.03262848948244278, -6.17989271283408e-16, 0.03303785965983074, -0.009766768102527926, -0.09217972525684243]
other derivatives: [-0.38476173 -0.10581971 -0.02091838 -0.22832864  0.15993464  0.        ]
Current x array =  [-0.73476518 -0.57666191 -0.83417791  1.02278783 -0.64074018  0.33647224
  0.18123289 -7.28028233 -1.71752257 -1.23045314 -3.38968635 -1.87602528
 -4.07091912 -3.84703319 -9.80524952 -4.58199758 -3.84703319 -2.30258509
 -3.76573902 -4.10101729 -2.30258509 -3.84703319 -4.17229707 -4.42737006]
log likelihood =  -2475.98191541
Edge derivatives =  [-0.057566709457751, -0.016544794432073316, -0.05068678447304327, -0.07078564951929023, 0.013208123798076926, -0.08523825172052274, -0.015177808811693033, 0.04006694780616138, -0.012383141330379599, -0.07433366480934958, 0.04006694780616173, 1.2121295144585192e-17, 0.047943779795589905, 0.03380478032222428, -1.6014644488352042e-17, 0.04006694780616218, -8.899901957348799e-05, -0.07881472295209209]
other derivatives: [-0.3864443  -0.02137313  0.15179467 -0.30595402  0.06530172  0.        ]
Current x array =  [-0.73476857 -0.57676405 -0.83465639  1.02381471 -0.63936088  0.33647224
  0.18117568 -7.31721505 -1.72163649 -1.22814067 -3.39101942 -1.87569734
 -4.07351985 -3.8481565  -9.84654428 -4.58388379 -3.8481565  -2.30258509
 -3.77188636 -4.10131142 -2.30258509 -3.8481565  -4.17433351 -4.43125924]
log likelihood =  -2475.98623128
Edge derivatives =  [-0.02546288015691145, -0.015219316081654308, 0.08640866650099747, -0.07935372357825288, 0.019302199520779495, -0.03285080480022812, 0.02283269155751147, 0.038231528741164825, -0.01133883052412964, -0.08113170971311842, 0.038231528741165206, 7.544466242317913e-16, 0.09122243306684018, 0.06062958189689226, 7.989383173305857e-16, 0.03823152874116535, 0.0677815180620932, -0.038925740482182204]
other derivatives: [-1.67005965 -1.94968379 -0.71613613  0.11095835 -0.36257006  0.        ]
Current x array =  [-0.7332035  -0.57342838 -0.83250507  1.02011666 -0.63448165  0.33647224
  0.17975192 -7.39647409 -1.72836888 -1.22714326 -3.39079784 -1.87741563
 -4.08353027 -3.84760714 -9.93444062 -4.58180508 -3.84760714 -2.30258509
 -3.77847766 -4.10698481 -2.30258509 -3.84760714 -4.18974304 -4.44252944]
log likelihood =  -2475.98135089
Edge derivatives =  [-0.049374677673345746, -0.01619793288900624, -0.01572816185775114, -0.07287232258392429, 0.014762192989670797, -0.07190210391207846, -0.0054839232848153605, 0.03960890201053505, -0.012109315084110884, -0.07605196849855753, 0.039608902010535275, -6.349919514751826e-17, 0.058960007796095754, 0.040631487561575155, -9.862282330481e-17, 0.03960890201053522, 0.017239060454058756, -0.06864704930965002]
other derivatives: [-0.71149771 -0.50886229 -0.06812115 -0.20027073 -0.04311005  0.        ]
Current x array =  [-0.73437136 -0.57591747 -0.8341104   1.02287617 -0.63812256  0.33647224
  0.18081434 -7.33733055 -1.72334513 -1.22788753 -3.39096319 -1.87613343
 -4.07606044 -3.84801708 -9.86885187 -4.58335623 -3.84801708 -2.30258509
 -3.7735592  -4.1027513  -2.30258509 -3.84801708 -4.17824437 -4.43411955]
log likelihood =  -2475.98032074
Edge derivatives =  [-0.01560056379629099, -0.015716146227363944, 0.056000846548784206, -0.10485014220203537, 0.019419453397772013, -0.059839374572775605, 0.006321738431577864, 0.04091274373335143, -0.01174161358068158, -0.07422675936452756, 0.04091274373335178, -5.628314544514347e-16, 0.08112757389357256, 0.04470967545552596, -5.253889155640584e-16, 0.04091274373335182, 0.03227356824794373, -0.055807411899398834]
other derivatives: [-0.37848622 -0.17212187  0.05893526 -0.12719283 -0.11209522  0.        ]
Current x array =  [-0.73479753 -0.57647023 -0.83445731  1.02204349 -0.63731809  0.33647224
  0.18055366 -7.36516427 -1.72687472 -1.22636023 -3.39133472 -1.87639917
 -4.07871847 -3.84812714 -9.8997429  -4.58388655 -3.84812714 -2.30258509
 -3.77679848 -4.10355256 -2.30258509 -3.84812714 -4.18148134 -4.43773313]
log likelihood =  -2475.97977215
Edge derivatives =  [0.013378219017608384, -0.015394749849087902, 0.09467786342916032, -0.09200193553986447, 0.021742935881352038, -0.04944078714275091, 0.011120592177785875, 0.03991808300341631, -0.011500179905660204, -0.07644238150502262, 0.0399180830034149, 7.706417883406279e-22, 0.08621712345935213, 0.045669381330068246, 1.3249443135106624e-22, 0.03991808300341488, 0.03878182043602655, -0.05078764580759778]
other derivatives: [-0.05961738 -0.03478817  0.07107701 -0.02637535 -0.11386874  0.        ]
Current x array =  [-0.73519248 -0.57670949 -0.83450232  1.02079846 -0.6373843   0.33647224
  0.18035394 -7.38432618 -1.72843208 -1.22616628 -3.39132259 -1.87664927
 -4.07982392 -3.84788541 -9.92076317 -4.5830971  -3.84788541 -2.30258509
 -3.77751624 -4.10370793 -2.30258509 -3.84788541 -4.18286498 -4.43910704]
log likelihood =  -2475.9791947
Edge derivatives =  [0.045425015088544685, -0.014936435113132376, 0.1299147363829014, -0.04687498829236025, 0.024843017500890727, -0.041736322632448364, 0.013286450528485948, 0.03900316778018968, -0.01114614905911027, -0.08152546140083537, 0.03900316778018871, -5.625625714467871e-16, 0.08919805584956195, 0.04323648283035747, -6.039591381637354e-16, 0.03900316778018993, 0.03978958183509182, -0.04875856001247081]
other derivatives: [ 0.15488695  0.11832526  0.02924025  0.09290488 -0.09763426  0.        ]
Current x array =  [-0.73545922 -0.57697625 -0.83440379  1.01930802 -0.63771025  0.33647224
  0.18013681 -7.41331296 -1.72945167 -1.22670244 -3.39143572 -1.87682495
 -4.08031479 -3.84766592 -9.95246645 -4.5813537  -3.84766592 -2.30258509
 -3.77792895 -4.10316811 -2.30258509 -3.84766592 -4.18300274 -4.43964098]
log likelihood =  -2475.97835112
Edge derivatives =  [0.06586735483249323, -0.014130185711932237, 0.16694602035829392, 0.022667548109698732, 0.030766314572237385, -0.0400552695165014, 0.01222960881100043, 0.03995898389400862, -0.010508991495864938, -0.08978038962962556, 0.03995898389400742, -1.1670529855951604e-16, 0.09744859076216777, 0.03390381327370045, -1.2481457420016396e-16, 0.03995898389400714, 0.03103897351200792, -0.0497820846543835]
other derivatives: [ 0.49330993  0.05929905 -0.01450644  0.184491   -0.03628884  0.        ]
Current x array =  [ -0.7358576   -0.57689537  -0.83431639   1.01805301  -0.63848584
   0.33647224   0.18006998  -7.46773804  -1.73019624  -1.227737
  -3.39211749  -1.8768034   -4.08006106  -3.84777558 -10.01208434
  -4.5785644   -3.84777558  -2.30258509  -3.77915661  -4.10124487
  -2.30258509  -3.84777558  -4.18091213  -4.43938928]
log likelihood =  -2475.97713493
Edge derivatives =  [0.06362998076152565, -0.012629127838296336, 0.2216829882722159, 0.14401271353477707, 0.04258046252084351, -0.03104515003154923, 0.011421490325912283, 0.0416605442819957, -0.009303548226792684, -0.10232281829533225, 0.04166054428199589, -1.2409739209221853e-15, 0.11663018763956469, 0.013897455344462697, -1.2535628954082579e-15, 0.041660544281995726, 0.013036808497065677, -0.04889519882570693]
other derivatives: [ 0.12505552  0.47516551 -0.18831088  0.33614924  0.04220055  0.        ]
Current x array =  [ -0.73542215  -0.57759213  -0.83387057   1.01613292  -0.63970819
   0.33647224   0.18008907  -7.57979457  -1.73103579  -1.22971425
  -3.39355033  -1.87691604  -4.07976096  -3.84798319 -10.13498071
  -4.57430753  -3.84798319  -2.30258509  -3.78200789  -4.09714488
  -2.30258509  -3.84798319  -4.17658662  -4.43980627]
log likelihood =  -2475.97563988
Edge derivatives =  [0.05121057655503275, -0.011212180699183625, 0.22178330142179967, 0.23787002608245655, 0.05560884659155206, -0.03027987527390069, 0.0038217656227875763, 0.0471131301190062, -0.00816444538294259, -0.10956397184385855, 0.04711313011900557, -3.2381086629899307e-15, 0.1426128495719661, -0.015244470721264013, -3.3068252303953268e-15, 0.047113130119006016, -0.021875755753658115, -0.052161141197217]
other derivatives: [ 0.62027539 -0.0770342  -0.24256224  0.26743692  0.12773853  0.        ]
Current x array =  [ -0.73596477  -0.57668188  -0.83378352   1.01671104  -0.64045658
   0.33647224   0.18036291  -7.6993611   -1.72977753  -1.23169666
  -3.39578005  -1.87675691  -4.07792981  -3.84892593 -10.26636879
  -4.57187338  -3.84892593  -2.30258509  -3.78596882  -4.09131249
  -2.30258509  -3.84892593  -4.1685332   -4.43930573]
log likelihood =  -2475.97385801
Edge derivatives =  [-0.01123109622483337, -0.010270209868121903, 0.18211447918734436, 0.23216123810731415, 0.06019621269815667, -0.011018961630393231, 0.0027412307804343325, 0.0461102607451723, -0.007407390278014171, -0.11457654563029873, 0.046110260745171654, 3.296539229239864e-16, 0.15298416087357566, -0.032061710125492096, 2.3157223052409116e-16, 0.04611026074517191, -0.03660955586646608, -0.04890984343284652]
other derivatives: [ 0.17935236 -0.2316483  -0.00236469  0.21627784  0.14474608  0.        ]
Current x array =  [ -0.73543843  -0.57641062  -0.8343464    1.01746837  -0.64074674
   0.33647224   0.18072331  -7.78887268  -1.72820189  -1.23208378
  -3.3966434   -1.87724693  -4.07782492  -3.84883788 -10.36466096
  -4.57028063  -3.84883788  -2.30258509  -3.78762798  -4.08805599
  -2.30258509  -3.84883788  -4.16517909  -4.4406272 ]
log likelihood =  -2475.97108111
Edge derivatives =  [-0.09757190017416684, -0.008701895702686665, 0.05901080095710669, 0.13181618997736955, 0.06488411837622582, 0.044518435929293054, 0.006094668279117546, 0.04100221370882335, -0.006157044261134147, -0.12028060365616589, 0.04100221370882355, -7.64986018308188e-16, 0.16641815780937597, -0.058770973951676415, -7.375852986072559e-16, 0.04100221370882453, -0.05477099228052667, -0.03661807126034472]
other derivatives: [-0.59417289 -0.34078766  0.09517862 -0.00686668  0.10818439  0.        ]
Current x array =  [ -0.7345042   -0.57620265  -0.83454225   1.02036985  -0.64022614
   0.33647224   0.18128462  -7.95808062  -1.72402007  -1.2314185
  -3.39759102  -1.87860523  -4.07864751  -3.84807127 -10.55050825
  -4.56843548  -3.84807127  -2.30258509  -3.789702    -4.08285131
  -2.30258509  -3.84807127  -4.1609251   -4.44483981]
log likelihood =  -2475.96938204
Edge derivatives =  [-0.09224373101889888, -0.007754137796134774, -0.025130119369771248, 0.03871290602536348, 0.06355838577080135, 0.0875742580300019, 0.013927706354072221, 0.03298732886201524, -0.005424019045231953, -0.1257571886678947, 0.03298732886201607, -8.685764436319638e-16, 0.16508545954562148, -0.06916194650648061, -9.229312065002838e-16, 0.03298732886201624, -0.05274795073885736, -0.023101776944665687]
other derivatives: [-0.71772774 -0.26543603  0.1196895  -0.07994458  0.02664819  0.        ]
Current x array =  [ -0.73436848  -0.57632198  -0.83456992   1.0214256   -0.6392401
   0.33647224   0.18121634  -8.0742378   -1.72155165  -1.23039029
  -3.39728744  -1.87969985  -4.08052394  -3.84671806 -10.67793116
  -4.56662986  -3.84671806  -2.30258509  -3.78946156  -4.08081194
  -2.30258509  -3.84671806  -4.16119722  -4.44906006]
log likelihood =  -2475.96602992
Edge derivatives =  [-0.020363073859854086, -0.006050820407877951, -0.11878757922303809, -0.09774736825141983, 0.05028647429259912, 0.1039498046700838, 0.033421388917861096, 0.012308547321909488, -0.004140883185116261, -0.1359575933915952, 0.012308547321909585, 1.8912451867177995e-18, 0.14490397434350288, -0.07814093253099602, 9.375937784547416e-19, 0.012308547321910814, -0.031688410960562616, 0.009670717238442858]
other derivatives: [-0.37839527 -0.08431016  0.0514774  -0.1326498  -0.06880327  0.        ]
Current x array =  [ -0.73479339  -0.57663904  -0.83437845   1.02213653  -0.63802743
   0.33647224   0.18082825  -8.32127858  -1.7191444   -1.22851785
  -3.39521923  -1.8801341   -4.08553347  -3.84305882 -10.94875003
  -4.56320586  -3.84305882  -2.30258509  -3.78623473  -4.07898691
  -2.30258509  -3.84305882  -4.16547237  -4.45904293]
log likelihood =  -2475.96348042
Edge derivatives =  [-0.025311408051069018, -0.004656126688604521, -0.12791340332448753, -0.16147657986781305, 0.02845292855936843, 0.0653959757014127, 0.05416375808742245, -0.012245002067410207, -0.0031128903006093817, -0.14215432335973158, -0.012245002067409451, 9.3718346115667e-17, 0.10842714547818708, -0.07608454990537905, 1.0238894609234134e-16, -0.012245002067409215, 0.003288489921534639, 0.04725128802705223]
other derivatives: [-0.15024852 -0.05288712  0.25429472 -0.02482921 -0.14392754  0.        ]
Current x array =  [ -0.7351136   -0.57670565  -0.83484374   1.02111191  -0.63739736
   0.33647224   0.18072298  -8.58241277  -1.71976841  -1.22733224
  -3.39191631  -1.87934597  -4.09152678  -3.83871592 -11.23492454
  -4.56116177  -3.83871592  -2.30258509  -3.7806398   -4.07941231
  -2.30258509  -3.83871592  -4.17297635  -4.47053237]
log likelihood =  -2475.96656953
Edge derivatives =  [0.1980760418326195, -0.003230604504175865, -0.12103261090523287, -0.017851049466224733, -0.0018901671213714527, -0.054793957744187716, 0.06352905533847979, -0.03641380327808376, -0.002082019573016952, -0.13215401130334162, -0.036413803278083086, -1.529464058396739e-16, 0.0323297427175032, -0.07581308580882962, -1.4311882874555022e-16, -0.0364138032780822, 0.01642402253909042, 0.08000713144839049]
other derivatives: [ 1.3225872   1.12131602 -1.49098014 -0.47812136  0.1673925   0.        ]
Current x array =  [ -0.73672785  -0.57874817  -0.83073171   1.02470199  -0.63974909
   0.33647224   0.18073408  -8.94594     -1.71682499  -1.23000632
  -3.38733897  -1.87587063  -4.09378219  -3.83397592 -11.63330897
  -4.56370195  -3.83397592  -2.30258509  -3.76848823  -4.07881604
  -2.30258509  -3.83397592  -4.17494289  -4.48051995]
log likelihood =  -2475.96252739
Edge derivatives =  [0.04804277508631721, -0.004132622455789789, -0.12556772842527053, -0.11446210106686783, 0.01856617707333981, 0.026254701100770328, 0.05723257929958882, -0.02011219104272661, -0.0027300729905286813, -0.13887325839673664, -0.020112191042725908, -1.0302141018754613e-20, 0.08370768566357781, -0.0759912757547205, -8.287862257713533e-21, -0.020112191042726067, 0.007578516497129102, 0.057982740793992495]
other derivatives: [ 0.33105607  0.33110155 -0.31341187 -0.17266757 -0.04251888  0.        ]
Current x array =  [ -0.73564027  -0.57737204  -0.83350215   1.02228321  -0.63816463
   0.33647224   0.1807266   -8.70101719  -1.71880809  -1.22820469
  -3.39042291  -1.87821211  -4.09226263  -3.83716945 -11.36490147
  -4.56199053  -3.83716945  -2.30258509  -3.77667523  -4.07921777
  -2.30258509  -3.83716945  -4.17361796  -4.47379092]
log likelihood =  -2475.96138001
Edge derivatives =  [0.03400486867973873, -0.0037046146822541886, -0.07497196277289696, -0.06692210304510016, 0.004876906806273229, -0.02865575347031568, 0.06269134798001304, -0.03073965395694634, -0.002424067498954568, -0.13692914769787803, -0.030739653956945237, 2.838952956020191e-16, 0.05615292811960232, -0.06895037122326662, 2.7500419990244144e-16, -0.030739653956945237, 0.02461849715275928, 0.07233469933655019]
other derivatives: [ 0.30627234  0.16239028 -0.18894752 -0.06534719 -0.01605258  0.        ]
Current x array =  [ -0.73562217  -0.57709292  -0.8338008    1.0210581   -0.63865782
   0.33647224   0.18074447  -8.80949142  -1.72056928  -1.22873697
  -3.38843352  -1.87698528  -4.09435544  -3.83528502 -11.48370439
  -4.56262715  -3.83528502  -2.30258509  -3.77256453  -4.08064426
  -2.30258509  -3.83528502  -4.17739509  -4.47822629]
log likelihood =  -2475.96018082
Edge derivatives =  [0.010535003003131982, -0.0033155785585314256, -0.0015682490403151478, 0.0746150446494982, -0.004725607320472669, -0.08630086131131187, 0.05695241649205368, -0.034537875158316245, -0.0021446618922942176, -0.12408797432165843, -0.0345378751583159, -4.43556714539015e-17, 0.02506155707122814, -0.06352207978300389, -4.437352213155048e-17, -0.03453787515831584, 0.022973785462106718, 0.07645894524067127]
other derivatives: [ 0.4800313   0.29108378  0.2149136  -0.01159606  0.05320544  0.        ]
Current x array =  [ -0.73584204  -0.57730816  -0.83479948   1.02032221  -0.6395897
   0.33647224   0.18096862  -8.92052285  -1.72223652  -1.23089989
  -3.38702959  -1.87566939  -4.09353282  -3.83463941 -11.6054156
  -4.56676462  -3.83463941  -2.30258509  -3.7679852   -4.08175208
  -2.30258509  -3.83463941  -4.17700688  -4.47970595]
log likelihood =  -2475.95940242
Edge derivatives =  [-0.015691151502010947, -0.003061758564202697, 0.07266141946379089, 0.19364895012548855, -0.029118692673914842, -0.17194862811363332, 0.04687641244245826, -0.04271898951150706, -0.0018397386210238112, -0.09281546525850207, -0.04271898951150731, 3.8323273235676595e-16, -0.04696305562486436, -0.039276073961818966, 3.3594061910971197e-16, -0.04271898951150664, 0.03225862822901492, 0.08291422656003812]
other derivatives: [-0.47657522 -0.44005901 -0.11168595  0.04556568  0.06325536  0.        ]
Current x array =  [ -0.73465729  -0.57604865  -0.83396994   1.01981397  -0.6397277
   0.33647224   0.18093795  -9.          -1.7241336   -1.23292344
  -3.38348165  -1.87390682  -4.09216492  -3.83330018 -11.75521984
  -4.57696048  -3.83330018  -2.30258509  -3.7574582   -4.08664232
  -2.30258509  -3.83330018  -4.17924065  -4.48193475]
log likelihood =  -2475.95834832
Edge derivatives =  [-0.028551955948341867, -0.0030655822616361588, 0.053087697003462664, 0.21908601994065058, -0.01855721451299474, -0.1394006111539262, 0.03872506151639602, -0.03472130738870774, -0.0018455058565431332, -0.08973795210261806, -0.03472130738870658, 1.3328653244173546e-15, -0.03239871378482131, -0.04918588405984268, 1.3322528642650502e-15, -0.03472130738870613, 0.009803476242378692, 0.07289475759531916]
other derivatives: [-0.10081749 -0.15188562  0.08722054 -0.0257387   0.07967174  0.        ]
Current x array =  [ -0.73511113  -0.57653873  -0.83447268   1.02054061  -0.63984506
   0.33647224   0.18115405  -9.          -1.72296071  -1.23353754
  -3.38496979  -1.87460644  -4.08969286  -3.83473248 -11.75211476
  -4.57793358  -3.83473248  -2.30258509  -3.7596049   -4.08464875
  -2.30258509  -3.83473248  -4.17414822  -4.47902005]
log likelihood =  -2475.95737037
Edge derivatives =  [-0.04505685042245949, -0.003070497240461414, 0.01725157408302297, 0.22140815221253285, -0.008999666396859632, -0.08981144145073178, 0.025131603665874115, -0.02490582182939722, -0.0018084226913101418, -0.07570067419308119, -0.024905821829397413, -1.403498909925171e-16, -0.029679286502234024, -0.054470721002288634, -8.125098417610042e-17, -0.024905821829397823, -0.01818835030585404, 0.05941515261040213]
other derivatives: [-0.00345608  0.11787051  0.19254003 -0.09026735  0.04815774  0.        ]
Current x array =  [ -0.7352361   -0.57698988  -0.83472213   1.02133401  -0.63943706
   0.33647224   0.18128395  -9.          -1.72140455  -1.23388163
  -3.38618409  -1.87580969  -4.08578165  -3.83656203 -11.77125663
  -4.58249379  -3.83656203  -2.30258509  -3.76004275  -4.08358312
  -2.30258509  -3.83656203  -4.16789082  -4.47513701]
log likelihood =  -2475.9564561
Edge derivatives =  [-0.05500070914660454, -0.0030713821812490337, -0.01741547235102911, 0.17218319961241946, -4.128710878607833e-05, -0.01987733483222215, 0.004743606999654759, -0.011839305779415561, -0.0017217516342755775, -0.046559121821653685, -0.011839305779414437, 8.436184531570323e-16, -0.03927755413965642, -0.051303357192014135, 8.208546304945901e-16, -0.011839305779414777, -0.050730500663661804, 0.04156869580519952]
other derivatives: [ 0.58321348 -0.25447662  0.16320882 -0.08672032  0.00291038  0.        ]
Current x array =  [ -0.73593624  -0.57639567  -0.83466675   1.02135254  -0.63882181
   0.33647224   0.18127652  -9.          -1.7205371   -1.23314781
  -3.38706618  -1.87761155  -4.08015984  -3.83902697 -11.81754625
  -4.59205681  -3.83902697  -2.30258509  -3.75871469  -4.08419992
  -2.30258509  -3.83902697  -4.1607293   -4.46998047]
log likelihood =  -2475.95571595
Edge derivatives =  [-0.04060655411146408, -0.003070449865730758, -0.045980181503831055, 0.07544937179406652, 0.0032576065004160937, 0.03561353677424112, -0.007343945783738752, -0.004121127764874839, -0.0016423361277090407, -0.02261756545577551, -0.004121127764875249, 5.197083998801787e-16, -0.05168049424463123, -0.04282152144326745, 5.371906198940751e-16, -0.004121127764874402, -0.06669845902048158, 0.031068557105439966]
other derivatives: [-0.06871232  0.21682354  0.09226824 -0.00445652 -0.08385541  0.        ]
Current x array =  [ -0.73519941  -0.57717643  -0.8344298    1.02063884  -0.63808441
   0.33647224   0.18096022  -9.          -1.72049819  -1.23141059
  -3.38718541  -1.87911265  -4.07658444  -3.84054673 -11.86231792
  -4.59996668  -3.84054673  -2.30258509  -3.75693903  -4.08586393
  -2.30258509  -3.84054673  -4.15725344  -4.46690032]
log likelihood =  -2475.9554387
Edge derivatives =  [-0.013107617187505971, -0.003065659938328555, -0.030010679248957423, 0.044278370104067655, -0.0012347696189101143, 0.02556774019756941, -0.004640910110467557, -0.0065436561979433025, -0.0016302449129489756, -0.020411548144594106, -0.006543656197942824, 4.509918057866083e-21, -0.0588174866570409, -0.03561758204906034, 5.958727010692227e-21, -0.006543656197942178, -0.056297572836166015, 0.034470676471177415]
other derivatives: [-0.05215952  0.03519744  0.00686668  0.04874892 -0.07576091  0.        ]
Current x array =  [ -0.73521713  -0.57687862  -0.83422607   1.01999611  -0.63819071
   0.33647224   0.18075539  -9.          -1.72153046  -1.23061868
  -3.38648216  -1.87891503  -4.07736382  -3.84010621 -11.86934082
  -4.6007012   -3.84010621  -2.30258509  -3.75588627  -4.08729672
  -2.30258509  -3.84010621  -4.15957653  -4.46782665]
log likelihood =  -2475.95525094
Edge derivatives =  [0.024127509343459974, -0.003059695006438978, -0.015132760108413926, -0.0038411414171048985, -0.004755594340050059, 0.019594493491803477, -0.0022023207138762574, -0.007940686018328806, -0.001617290772409209, -0.017458091105368535, -0.007940686018328487, 3.336622009737019e-16, -0.06177194283790486, -0.02810046732812302, 4.334317540753047e-16, -0.007940686018327585, -0.04627453212495194, 0.03663444923103877]
other derivatives: [-0.04988578 -0.08167262 -0.03324203  0.07257768 -0.0421096   0.        ]
Current x array =  [ -0.73521514  -0.57669032  -0.83414393   1.01962532  -0.63855653
   0.33647224   0.18056162  -9.          -1.72265053  -1.22946179
  -3.38594158  -1.87880023  -4.07799809  -3.83984885 -11.8769537
  -4.60168309  -3.83984885  -2.30258509  -3.75544425  -4.08879454
  -2.30258509  -3.83984885  -4.16183566  -4.46835602]
log likelihood =  -2475.95507034
Edge derivatives =  [0.015350771984355915, -0.00305749295755366, 0.0019981666451879265, -0.039388584816349104, -0.006007501043412036, 0.015526817763576173, -0.0014355876978874235, -0.007198802988542724, -0.0016059403716797845, -0.013516302426259598, -0.007198802988542356, 1.878691066694007e-21, -0.058146738744370804, -0.021523076528902552, 2.414728266655709e-21, -0.007198802988542606, -0.039398688534379035, 0.03592463625873467]
other derivatives: [-0.03551577 -0.10659278 -0.03560672  0.05684342  0.00281943  0.        ]
Current x array =  [ -0.73522805  -0.5766555   -0.8341604    1.01971219  -0.63904717
   0.33647224   0.1806878   -9.          -1.72369123  -1.22852048
  -3.38575894  -1.8786957   -4.07815045  -3.83995875 -11.88358766
  -4.60298857  -3.83995875  -2.30258509  -3.75596191  -4.09010213
  -2.30258509  -3.83995875  -4.16341531  -4.46800197]
log likelihood =  -2475.95476024
Edge derivatives =  [0.08415819488845944, -0.0030505583803597225, 0.03946163014494747, -0.05181444686284764, -0.006978116596842027, -0.00151651378048695, -0.0014904972898356975, -0.003612571406791068, -0.0015803368068190513, -0.0037847530031837676, -0.0036125714067908044, -3.263519094989067e-15, -0.042169507944256814, -0.007869044877439616, -3.263337140405666e-15, -0.0036125714067916023, -0.026538737932578677, 0.030718130976690444]
other derivatives: [ 0.07976269 -0.01668923 -0.11186785 -0.00713953  0.04174581  0.        ]
Current x array =  [ -0.73534307  -0.57679738  -0.8340214    1.02021973  -0.63922997
   0.33647224   0.18044737  -9.          -1.72524377  -1.2278124
  -3.38570972  -1.8782273   -4.07798437  -3.84052925 -11.89851438
  -4.60619974  -3.84052925  -2.30258509  -3.75826076  -4.09279917
  -2.30258509  -3.84052925  -4.16641011  -4.4660565 ]
log likelihood =  -2475.95463275
Edge derivatives =  [-0.015998257391712956, -0.0030548583338595677, 0.05530226561502441, -0.07950395406082622, -0.003989201251878363, -0.011837548023200306, -0.003496463711182743, 0.0030377215447408984, -0.0015723993206890408, 0.004230060923550879, 0.003037721544741377, 1.0493486510509973e-16, -0.006783035869009635, 0.00319935383143876, 7.420994031938793e-17, 0.0030377215447413702, -0.015836797329031104, 0.01995439293283682]
other derivatives: [-0.13237695 -0.17371349  0.21273081 -0.03274181  0.02992238  0.        ]
Current x array =  [ -0.73510242  -0.57652059  -0.83482782   1.02072889  -0.63918202
   0.33647224   0.18096568  -9.          -1.72637961  -1.22707808
  -3.38651989  -1.87798948  -4.07752509  -3.8417313  -11.90326938
  -4.60897123  -3.8417313   -2.30258509  -3.76357694  -4.0951256
  -2.30258509  -3.8417313   -4.16912395  -4.46246317]
log likelihood =  -2475.95445507
Edge derivatives =  [-0.005591398918513513, -0.0030568000676685675, 0.05357205600348952, -0.03941503188753126, -0.0021940607871231282, -0.012074943816188344, -0.0034473689739158778, 0.0038055104831118056, -0.001575544602504701, 0.0034811393399245064, 0.003805510483110293, 2.0665739453968641e-16, -0.003132985699354343, 0.0017238414034473279, 1.9199397531153368e-16, 0.0038055104831095227, -0.017175990367127067, 0.01886113251151858]
other derivatives: [ 0.00977707  0.00527507 -0.00272848 -0.04379217  0.00886757  0.        ]
Current x array =  [ -0.73526492  -0.57681987  -0.83430141   1.02080226  -0.63887216
   0.33647224   0.1809309   -9.          -1.72576668  -1.22790643
  -3.38671376  -1.8779113   -4.0773857   -3.84180686 -11.90100355
  -4.60865296  -3.84180686  -2.30258509  -3.76404733  -4.09475791
  -2.30258509  -3.84180686  -4.16875803  -4.4620585 ]
log likelihood =  -2475.9544115
Edge derivatives =  [-0.006918243266215041, -0.0030585857846388894, 0.04541163598289069, -0.015672859107924042, -0.0009251589532978249, -0.011046319964158058, -0.0037532430473260422, 0.004296127255071482, -0.0015799291938560845, 0.0025680455589125496, 0.004296127255071072, 1.797398898992015e-16, 0.0004777130797429391, 0.0002075882739072249, 1.896488909827787e-16, 0.004296127255071454, -0.018318705797894057, 0.01759568167329982]
other derivatives: [ 0.02360139  0.04056346 -0.02428351 -0.03406058 -0.01664375  0.        ]
Current x array =  [ -0.73528308  -0.57687509  -0.83423924   1.0207392   -0.63859768
   0.33647224   0.18089873  -9.          -1.7251879   -1.22849266
  -3.38691443  -1.87792349  -4.07729132  -3.84188855 -11.89829241
  -4.60834116  -3.84188855  -2.30258509  -3.7645803   -4.09444829
  -2.30258509  -3.84188855  -4.16850503  -4.46165843]
log likelihood =  -2475.9543542
Edge derivatives =  [0.00909299666682517, -0.0030589702492479914, 0.0307133212178098, 0.005149208749940515, 0.0003804350901684267, -0.007235911186543875, -0.003882530393441136, 0.004883604226405006, -0.0015809586281934163, 0.0028393054132233274, 0.00488360422640486, 0.0, 0.006028307107693122, 0.0005877670949246683, 0.0, 0.0048836042264050125, -0.01669156123356374, 0.015111757407718938]
other derivatives: [ 0.00172804  0.02855813 -0.0295131  -0.01027729 -0.02014531  0.        ]
Current x array =  [ -0.73525522  -0.57685187  -0.83421729   1.02047136  -0.63859914
   0.33647224   0.18077293  -9.          -1.72435631  -1.2290988
  -3.38711029  -1.87801454  -4.07724369  -3.84199182 -11.89763569
  -4.60843225  -3.84199182  -2.30258509  -3.76541101  -4.09452712
  -2.30258509  -3.84199182  -4.16891574  -4.46082605]
log likelihood =  -2475.95436678
Edge derivatives =  [-0.03680154715033351, -0.003063259146702476, 0.0023925608091124317, 0.003065813354490521, -0.00017739460370541638, -0.0016772205721943823, -0.0015671313930617978, 0.0038922713944994497, -0.0015758047257301852, 0.004405492552286172, 0.0038922713944987003, 1.4147295482493135e-16, 0.010902803038457344, 0.005811481836400546, 7.081553278908248e-17, 0.0038922713944990056, -0.00587385958463385, 0.01250230605936449]
other derivatives: [ 0.18230821  0.14470061  0.10022632  0.06243681 -0.03215064  0.        ]
Current x array =  [ -0.73549827  -0.57706248  -0.83451499   1.01973173  -0.6387093
   0.33647224   0.18096442  -9.          -1.72330654  -1.22932534
  -3.38700137  -1.8781556   -4.07778073  -3.84180837 -11.90094438
  -4.60894421  -3.84180837  -2.30258509  -3.76612917  -4.0955689
  -2.30258509  -3.84180837  -4.17143868  -4.45978691]
log likelihood =  -2475.95433023
Edge derivatives =  [-0.011436305451362982, -0.003060889354719556, 0.018049891118533473, 0.004219094084265684, 0.0001310075134421662, -0.00474878545058538, -0.0028465330936989566, 0.004440229158355631, -0.0015786509865278687, 0.003540058744921099, 0.004440229158355513, -1.5285754604158097e-15, 0.00820930004849485, 0.0029252705418348346, -1.4973406272339897e-15, 0.00444022915835509, -0.011848659301424258, 0.013944942772444832]
other derivatives: [ 0.08240022  0.08044481  0.02860361  0.02223715 -0.0255568   0.        ]
Current x array =  [ -0.73536395  -0.57694608  -0.83435046   1.02014049  -0.63864842
   0.33647224   0.18085859  -9.          -1.72388671  -1.22920014
  -3.38706157  -1.87807764  -4.07748393  -3.84190976 -11.89911581
  -4.60866127  -3.84190976  -2.30258509  -3.76573227  -4.09499315
  -2.30258509  -3.84190976  -4.17004435  -4.4603612 ]
log likelihood =  -2475.95429834
Edge derivatives =  [-0.0006588869987120827, -0.003060688738935003, 0.004935457551129022, 0.009209577093589605, -4.221143037096142e-05, -0.0026553098331785763, -0.0020311517059826076, 0.00399874390108651, -0.0015757922059909983, 0.004267017685431369, 0.003998743901086822, 1.8434408276834172e-16, 0.010782588800668805, 0.005188715069553297, 1.5875066606223488e-16, 0.003998743901087079, -0.006863001570375747, 0.012302704588092853]
other derivatives: [-0.01318767  0.02155502 -0.00286491  0.03647074 -0.00618456  0.        ]
Current x array =  [ -0.73524336  -0.57684582  -0.83426763   1.01995921  -0.63890274
   0.33647224   0.18079096  -9.          -1.72325961  -1.22947275
  -3.38703349  -1.87813593  -4.07770902  -3.84182847 -11.90084073
  -4.60890791  -3.84182847  -2.30258509  -3.76611888  -4.0954522
  -2.30258509  -3.84182847  -4.17122526  -4.45975343]
log likelihood =  -2475.95428809
Edge derivatives =  [0.006985431437419531, -0.003060059319433308, 0.001552344923170676, 0.005878801525827981, -0.0005130464360619258, -0.0020704343728248364, -0.001624479104137086, 0.003557528699099831, -0.0015732418344742702, 0.004726250068529055, 0.003557528699099241, 1.7964895551109974e-16, 0.010209741814957728, 0.0062938341828407615, 2.007714106392449e-16, 0.0035575286990987137, -0.004640270472361041, 0.011923409835268638]
other derivatives: [ 0.01737135 -0.0257387  -0.00436557  0.02601155  0.00795808  0.        ]
Current x array =  [ -0.73527466  -0.57676827  -0.83426887   1.02004196  -0.63903873
   0.33647224   0.18077527  -9.          -1.72312992  -1.22944107
  -3.38695892  -1.87815088  -4.07782483  -3.84174921 -11.90241788
  -4.60906292  -3.84174921  -2.30258509  -3.76603266  -4.09567519
  -2.30258509  -3.84174921  -4.17174853  -4.45960079]
log likelihood =  -2475.95427725
Edge derivatives =  [0.012092788946365673, -0.003059617022488219, -0.0028442638797271935, -0.003364825625386647, -0.0017746107007795692, -0.0018499483628577895, -0.0006974054483043016, 0.002407934523999365, -0.0015686706338943054, 0.005289050883805248, 0.002407934523999726, 7.901988035333619e-16, 0.007263924098831455, 0.008006446414731423, 8.055989904993167e-16, 0.002407934523999282, -0.0009659438194434405, 0.011942233464143234]
other derivatives: [-0.01073204 -0.01250555 -0.00068212  0.01127773  0.02228262  0.        ]
Current x array =  [ -0.73523866  -0.57679091  -0.83428068   1.0201805   -0.6391878
   0.33647224   0.18077813  -9.          -1.72301933  -1.22929549
  -3.38676248  -1.87816159  -4.07807183  -3.84154722 -11.90527807
  -4.60925092  -3.84154722  -2.30258509  -3.76559027  -4.09601822
  -2.30258509  -3.84154722  -4.17260265  -4.45955551]
log likelihood =  -2475.95426833
Edge derivatives =  [-0.0019110693963529934, -0.0030608990183133675, -0.006233158362932201, -0.0055081047286782425, -0.00267598090984468, -0.0017488907088902828, -9.759467212892142e-05, 0.0012472961530830273, -0.0015657253601135941, 0.005243760452752686, 0.0012472961530837212, -2.032671828402871e-15, 0.0036159381973792093, 0.008387331604511432, -1.9710612677955533e-15, 0.001247296153084193, 0.0011652753827775322, 0.011872483146822474]
other derivatives: [ 0.0219643  -0.02842171 -0.01036824 -0.00213731  0.01164153  0.        ]
Current x array =  [ -0.73527772  -0.57676518  -0.83425664   1.02036515  -0.63905114
   0.33647224   0.18085829  -9.          -1.7229078   -1.22928845
  -3.38661712  -1.878168    -4.07825473  -3.8413443  -11.90714579
  -4.60923582  -3.8413443   -2.30258509  -3.76504606  -4.09609325
  -2.30258509  -3.8413443   -4.17310231  -4.45950974]
log likelihood =  -2475.95426256
Edge derivatives =  [-0.0005869443833708687, -0.0030612946108170332, -0.007188724294707877, -0.0011647403280981017, -0.002906385456569391, -0.0012834015661283282, 0.00011048171179069144, 0.0005744710017102361, -0.001564384841634936, 0.005033565791408862, 0.0005744710017105345, 8.472060592505364e-16, 0.0014453716458727242, 0.008020599733688294, 8.3388815118482e-16, 0.0005744710017090704, 0.0018972453445352602, 0.011437611208515264]
other derivatives: [ 0.00013642  0.00291038 -0.0007276  -0.00986802 -0.00031832  0.        ]
Current x array =  [ -0.73525305  -0.57681338  -0.83427724   1.0204772   -0.63890067
   0.33647224   0.18084364  -9.          -1.72283369  -1.2293908
  -3.38657363  -1.87818434  -4.07832611  -3.84123206 -11.90804061
  -4.60916799  -3.84123206  -2.30258509  -3.76472683  -4.0960216
  -2.30258509  -3.84123206  -4.17328462  -4.45936948]
log likelihood =  -2475.95425953
Edge derivatives =  [-0.0006165425559540028, -0.0030615007478014887, -0.006123177779843739, 0.003002589998340799, -0.0026725804083801014, -0.0008199838820065475, 6.0422440650499676e-05, 0.0004352204384748398, -0.0015638089968866033, 0.004966829915992024, 0.0004352204384753186, -3.4583738471961265e-16, 0.0010915612704833003, 0.007626348113815039, -2.840752275193125e-16, 0.0004352204384742986, 0.0020364001960210334, 0.010747914913285514]
other derivatives: [-0.00272848  0.00932232  0.00241016 -0.01132321 -0.00777618  0.        ]
Current x array =  [ -0.73524977  -0.57682213  -0.83428343   1.02050842  -0.63880517
   0.33647224   0.18083558  -9.          -1.7228433   -1.22946764
  -3.38660122  -1.8781967   -4.07832251  -3.84121037 -11.90842572
  -4.60914732  -3.84121037  -2.30258509  -3.76467764  -4.09594392
  -2.30258509  -3.84121037  -4.17333058  -4.45915175]
  status: 0
 success: True
    nfev: 101
     fun: 2475.9542595261973
       x: array([ -0.73524977,  -0.57682213,  -0.83428343,   1.02050842,
        -0.63880517,   0.33647224,   0.18083558,  -9.        ,
        -1.7228433 ,  -1.22946764,  -3.38660122,  -1.8781967 ,
        -4.07832251,  -3.84121037, -11.90842572,  -4.60914732,
        -3.84121037,  -2.30258509,  -3.76467764,  -4.09594392,
        -2.30258509,  -3.84121037,  -4.17333058,  -4.45915175])
 message: 'CONVERGENCE: REL_REDUCTION_OF_F_<=_FACTR*EPSMCH'
     jac: array([  2.72848411e-03,  -9.32232069e-03,  -2.41016096e-03,
         1.13232090e-02,   7.77617970e-03,  -0.00000000e+00,
         6.16542556e-04,   3.06150075e-03,   6.12317778e-03,
        -3.00259000e-03,   2.67258041e-03,   8.19983882e-04,
        -6.04224407e-05,  -4.35220438e-04,   1.56380900e-03,
        -4.96682992e-03,  -4.35220438e-04,   3.45837385e-16,
        -1.09156127e-03,  -7.62634811e-03,   2.84075228e-16,
        -4.35220438e-04,  -2.03640020e-03,  -1.07479149e-02])
     nit: 92
