number of sites to be analyzed:  30
Successfully loaded parameter value from ./save/MG94_Force_ENSG00000145088_ENSG00000144597_nonclock_save.txt
log likelihood =  -398.196367255
Edge derivatives =  [-0.0005512505695240422, 0.001566900092313939, 0.001021468489233946, 0.000150642592549044, -0.0003940210066967409, 0.0028012468182617434, 0.0012291250863896847, 0.0004505338192367127, -6.434597758268812e-05, -0.0007827379128706805, 0.0004505338192366294, 2.965989080068057e-17, -6.394959474480097e-05, -6.398101661360445e-05, 1.4816941645886134e-17, 0.00045053381923682717, -6.399486692769036e-05, -6.399486692769036e-05]
other derivatives: [ 0.00195541 -0.00101181 -0.0011255  -0.00329692 -0.00014779  0.        ]
Current x array =  [ -0.66456567  -0.50409354  -0.67345132   0.97081531  -1.31621284
   0.33647224   0.1711629   -6.41267574  -2.59341298  -0.93498827
 -10.82869599  -2.95692139  -4.07040747  -4.46265018 -13.71423484
  -4.06628093  -4.46265018  -2.30258509 -13.72952697 -13.72903574
  -2.30258509  -4.46265018 -13.72881929 -13.72881929]
log likelihood =  -398.196924735
Edge derivatives =  [-0.0116273600120331, 0.0016237128966171406, -0.004370514242845524, -0.007894935583307061, -0.00039567764727928403, -0.006010929860383096, -0.00017383708526946817, 4.12677512299682e-05, -6.435721133579245e-05, -0.0001897290865205785, 4.126775123004106e-05, 1.4786554234987155e-16, -6.395757138562383e-05, -6.398899516313617e-05, 1.6272976246217148e-16, 4.126775123036372e-05, -6.400284631564554e-05, -6.400284631564554e-05]
other derivatives: [-0.36089887  0.14628085  0.10883809  0.04818048 -0.00865157  0.        ]
Current x array =  [ -0.66261025  -0.50510535  -0.67457682   0.96751839  -1.31636063
   0.33647224   0.17061165  -6.41110884  -2.59239151  -0.93483763
 -10.82909001  -2.95412014  -4.06917835  -4.46219965 -13.71429919
  -4.06706367  -4.46219965  -2.30258509 -13.72959092 -13.72909972
  -2.30258509  -4.46219965 -13.72888328 -13.72888328]
log likelihood =  -398.196366832
Edge derivatives =  [-0.0008486839166587656, 0.0015684147585580607, 0.0008768738895546871, -6.511448130869235e-05, -0.00039406546961261375, 0.002565262690716219, 0.001191530051504481, 0.0004395701135827268, -6.434627813497269e-05, -0.0007668130102292496, 0.000439570113582588, -4.444400086652185e-17, -6.394980777983023e-05, -6.398122969938345e-05, -4.442291232295393e-17, 0.00043957011358240067, -6.399508003576091e-05, -6.399508003576091e-05]
other derivatives: [-0.00775913  0.0029388   0.00181899 -0.00193268 -0.00038085  0.        ]
Current x array =  [ -0.66451322  -0.50412068  -0.67348151   0.97072688  -1.3162168
   0.33647224   0.17114811  -6.41263371  -2.59338558  -0.93498423
 -10.82870655  -2.95684625  -4.07037451  -4.46263809 -13.71423657
  -4.06630193  -4.46263809  -2.30258509 -13.72952868 -13.72903745
  -2.30258509  -4.46263809 -13.728821   -13.728821  ]
  status: 0
 success: True
    nfev: 3
     fun: 398.1963668317358
       x: array([ -0.66451322,  -0.50412068,  -0.67348151,   0.97072688,
        -1.3162168 ,   0.33647224,   0.17114811,  -6.41263371,
        -2.59338558,  -0.93498423, -10.82870655,  -2.95684625,
        -4.07037451,  -4.46263809, -13.71423657,  -4.06630193,
        -4.46263809,  -2.30258509, -13.72952868, -13.72903745,
        -2.30258509,  -4.46263809, -13.728821  , -13.728821  ])
 message: 'CONVERGENCE: REL_REDUCTION_OF_F_<=_FACTR*EPSMCH'
     jac: array([  7.75912667e-03,  -2.93880476e-03,  -1.81898940e-03,
         1.93267624e-03,   3.80850906e-04,  -0.00000000e+00,
         8.48683917e-04,  -1.56841476e-03,  -8.76873890e-04,
         6.51144813e-05,   3.94065470e-04,  -2.56526269e-03,
        -1.19153005e-03,  -4.39570114e-04,   6.43462781e-05,
         7.66813010e-04,  -4.39570114e-04,   4.44440009e-17,
         6.39498078e-05,   6.39812297e-05,   4.44229123e-17,
        -4.39570114e-04,   6.39950800e-05,   6.39950800e-05])
     nit: 1
