number of sites to be analyzed:  124
log likelihood =  -2065.77824104
Edge derivatives =  [130.6197974591803, -2.994580867926077, -14.336627561032289, -11.459942348840613, 3.3756525049207005, 3.0493351820808097, -21.228859503270794, -21.242707262148777, -20.675770235633323, -15.734748147503993, -21.242707262148777, 6.257018029642125e-16, -21.45643710131505, -21.022820517374562, 6.340636474093914e-16, -21.242707262148777, -24.001372813671594, 14.338153795941153]
other derivatives: [-32.87505024   5.03669071 -22.90007615  35.40449143 -69.43191693   0.        ]
Current x array =  [-0.60969837 -0.72486596 -0.68910677  0.18232156 -0.10536052  0.33647224
 -2.30258509 -2.30258509 -2.30258509 -2.30258509 -2.30258509 -2.30258509
 -2.30258509 -2.30258509 -2.30258509 -2.30258509 -2.30258509 -2.30258509
 -2.30258509 -2.30258509 -2.30258509 -2.30258509 -2.30258509 -2.30258509]
log likelihood =  -1925.16115088
Edge derivatives =  [109.77885877517593, -3.669167921766821, -13.41437850356184, -11.556184808506163, 3.030934990463431, 3.0493165661920822, -18.522393550897718, -18.450924902950586, -17.875741937903282, -13.650960740993645, -18.450924902950582, 4.4241584428020664e-17, -18.75292731363588, -18.179271602825416, 4.4259001390109343e-17, -18.450924902950586, -20.938026226368684, 12.397503351181474]
other derivatives: [ 86.34799542   0.29499461  21.68319497  21.24645562 -45.11123279   0.        ]
Current x array =  [-0.80185011 -0.72092143 -0.82295568  0.38925766 -0.51118389  0.33647224
 -1.539124   -2.32008815 -2.38638141 -2.36956744 -2.2828547  -2.284762
 -2.42666589 -2.42674683 -2.42343313 -2.3945533  -2.42674683 -2.30258509
 -2.42799606 -2.42546161 -2.30258509 -2.42674683 -2.44287098 -2.21877986]
log likelihood =  -1879.04643247
Edge derivatives =  [-146.79631787005675, -1.817591550688996, -7.7110175462921315, -6.464414071236395, 2.191185554906327, 2.3238919080162477, -10.46931917503049, -10.157482153499389, -10.178151846146955, -6.718356738905579, -10.15748215349939, 1.7919105323497674e-16, -10.599912241094518, -9.98379266551957, 1.7895418542812718e-16, -10.15748215349939, -11.969028884686603, 0.35172488497975785]
other derivatives: [-111.29991435    1.95057055  119.26101706   18.70323558  -88.03363016
    0.        ]
Current x array =  [-0.52581515 -0.73384156 -1.00626395  1.20745318 -2.14938659  0.33647224
  1.78602648 -2.4075727  -2.76467537 -2.68009369 -2.19502855 -2.20238541
 -2.97372936 -2.97335132 -2.9546415  -2.79927528 -2.97335132 -2.30258509
 -2.98123633 -2.96562047 -2.30258509 -2.97335132 -3.06134824 -1.85038876]
log likelihood =  -1843.81844906
Edge derivatives =  [-39.21527858061656, -1.319701206554365, -7.16236101776897, -5.546314552136505, 1.8675404594661884, 2.247857304560131, -9.623808074953471, -9.081376996788029, -9.056600148776282, -6.064267371825306, -9.08137699678803, 1.9111869489862447e-16, -9.847436335122397, -8.974483625179879, 1.894261497886483e-16, -9.08137699678803, -11.19466811907918, 1.34604017496329]
other derivatives: [  75.88885182  -13.02021246 -470.2973456   -22.10761068   10.48717877
    0.        ]
Current x array =  [-0.78088696 -0.72523534 -0.3076171   1.26894712 -2.53253419  0.33647224
  1.02483086 -2.4186412  -2.80233944 -2.71378009 -2.18462385 -2.19050108
 -3.02144179 -3.01930952 -3.00060774 -2.82929519 -3.01930952 -2.30258509
 -3.02963132 -3.01056143 -2.30258509 -3.01930952 -3.11593801 -1.8516671 ]
log likelihood =  -1798.5965191
Edge derivatives =  [-82.37848648106775, -1.5561799236522518, -6.794590788701443, -5.156595478023868, 2.857068424280039, 2.8757867208448435, -9.490289674343131, -9.087658208227868, -9.024334485072995, -5.730174692869925, -9.087658208227868, 4.460832090553192e-17, -9.6346822863572, -8.925521336787128, 7.974809735209323e-17, -9.087658208227868, -11.04840123216045, 2.6325997698271864]
other derivatives: [-34.8220965   -5.45401235 -10.30989552  -3.63763775 -36.14131856   0.        ]
Current x array =  [-0.6410564  -0.72995328 -0.69061582  1.2352361  -2.3224924   0.33647224
  1.44211886 -2.41257344 -2.78169197 -2.69531318 -2.19032771 -2.19701608
 -2.9952858  -2.9941152  -2.97540901 -2.81283825 -2.9941152  -2.30258509
 -3.00310115 -2.98592476 -2.30258509 -2.9941152  -3.08601186 -1.85096631]
log likelihood =  -1760.63133214
Edge derivatives =  [-33.855840124556785, -2.1453572913563272, -7.2363196254621895, -5.4543524486342285, 2.8162524762522456, 2.7529168773302723, -9.835065627796254, -9.491812466031712, -9.340843302322243, -6.200644913972127, -9.49181246603171, 1.0826328452595318e-15, -10.001896708363983, -9.338868999510563, 1.0363343894839584e-15, -9.491812466031709, -11.443951238938263, 3.904748724495966]
other derivatives: [ -2.79439973   0.94657935   0.12123564 -16.72228791  13.8121095    0.        ]
Current x array =  [-0.67631803 -0.75069936 -0.70872759  1.0991191  -2.20882214  0.33647224
  0.72474441 -2.40763549 -2.75737784 -2.67437312 -2.19115163 -2.19682507
 -2.95784823 -2.95517117 -2.93815092 -2.78029786 -2.95517117 -2.30258509
 -2.96541272 -2.94716782 -2.30258509 -2.95517117 -3.04490398 -1.88898013]
log likelihood =  -1747.73238292
Edge derivatives =  [45.14646401340244, -3.573506509190534, -7.498978908209355, -6.498817179419729, 2.3260322595245597, 2.458258610198564, -10.404808789376537, -10.32415616604523, -9.90389765809159, -6.965196534965199, -10.32415616604523, -1.6269807484192622e-16, -10.629112063226, -10.001627182152461, -1.474744443436206e-16, -10.324156166045228, -12.095153002613017, 5.430238706913366]
other derivatives: [ 31.86814865  -0.89894456  -8.92093794 -13.43685199  21.49099601   0.        ]
Current x array =  [-0.70410635 -0.74085674 -0.7026289   0.72870203 -1.65259107  0.33647224
 -0.4314114  -2.4045418  -2.72496366 -2.64351098 -2.18803955 -2.19276878
 -2.90500397 -2.8992495  -2.88480104 -2.73126553 -2.8992495  -2.30258509
 -2.91249215 -2.89149547 -2.30258509 -2.8992495  -2.98817136 -1.94829317]
log likelihood =  -1726.20349792
Edge derivatives =  [-1.1849532133421627, -3.3224898838180352, -5.9780409633658245, -4.726582013343957, 2.0940940083744355, 2.1062269841032344, -8.500811275065805, -8.388389745985169, -7.973406393063727, -5.176912065627927, -8.38838974598517, 6.4604302372889875e-16, -8.64640357293984, -7.991934500056345, 6.660660608971755e-16, -8.388389745985172, -9.992717056618591, 2.5093705451561146]
other derivatives: [ 16.20553576   2.74446847  -2.05877768 -12.94990852  23.56161986   0.        ]
Current x array =  [-0.68761413 -0.75362673 -0.71380187  0.77955329 -1.89156896  0.33647224
  0.09460636 -2.44324758 -2.84419059 -2.74249662 -2.15438    -2.15914194
 -3.07432398 -3.06718179 -3.0477962  -2.84916915 -3.06718179 -2.30258509
 -3.08444524 -3.05610968 -2.30258509 -3.06718179 -3.1822796  -1.85567253]
log likelihood =  -1707.35010202
Edge derivatives =  [-12.209536887000832, -3.317757131562823, -4.110428044552579, -2.9045824595890046, 1.33984580091394, 1.3388404727382344, -6.4134469539778935, -6.3579323628754665, -5.858913227989197, -3.261854387117432, -6.357932362875466, 3.9083905826230546e-16, -6.48585041528112, -5.792184319550527, 4.0636490231849727e-16, -6.357932362875466, -7.7223460286848615, -0.8783760074355536]
other derivatives: [ -0.1495664   -2.26764314   0.23496796  -3.6666961   15.88496161   0.        ]
Current x array =  [-0.65862359 -0.73506034 -0.72612138  0.63195241 -1.81452559  0.33647224
  0.144218   -2.51692262 -3.00462013 -2.87295854 -2.10195735 -2.10594116
 -3.30313729 -3.29325516 -3.26495886 -2.99565834 -3.29325516 -2.30258509
 -3.31713201 -3.27397589 -2.30258509 -3.29325516 -3.44872989 -1.77094897]
log likelihood =  -1685.5694707
Edge derivatives =  [-9.849468769119067, -3.1591747450683534, -0.2712697301360212, 0.7261976805908, -0.573419937618004, -0.6326322690165156, -2.6165794827342763, -2.6592710124338623, -2.0856164499114094, 0.4430918596061989, -2.65927101243386, -2.8175092774272365e-16, -2.617461695322736, -1.9412748895746286, -2.740535182976621e-16, -2.65927101243386, -3.930639994294145, -5.252247153469872]
other derivatives: [ 15.29426754  40.69856914  -1.25285169  12.65570972  -4.23508482   0.        ]
Current x array =  [ -6.71757195e-01  -8.63887221e-01  -7.41630881e-01   3.75520861e-01
  -1.44672885e+00   3.36472237e-01   6.41693251e-04  -2.73495069e+00
  -3.38620377e+00  -3.17394251e+00  -1.98031381e+00  -1.98151203e+00
  -3.86485634e+00  -3.84921118e+00  -3.79156705e+00  -3.33056554e+00
  -3.84921118e+00  -2.30258509e+00  -3.88746492e+00  -3.79946687e+00
  -2.30258509e+00  -3.84921118e+00  -4.11045771e+00  -1.66223077e+00]
log likelihood =  -1706.05309115
Edge derivatives =  [-3.234762990132277, -2.7477785571657467, 1.0436567712729998, 2.235296610178702, -3.3306413098203866, -3.4610135143372944, -1.2065086233608249, -0.9620025080652052, -0.37438546166256476, 2.0797249126188717, -0.962002508065203, 1.4767864714901818e-15, -1.176494924683681, 0.05870023944470556, 1.4544439083553241e-15, -0.9620025080652024, -2.3354500695438047, -11.133137515645382]
other derivatives: [ -66.69474715 -205.16845325   14.3911393    13.73064151  -11.49965101
    0.        ]
Current x array =  [-0.57211836 -0.39544406 -0.8139806   0.36624393 -1.20971742  0.33647224
 -0.17820102 -2.96648893 -3.71603749 -3.41948309 -1.88542321 -1.88543981
 -4.38439364 -4.36466065 -4.27346773 -3.61161737 -4.36466065 -2.30258509
 -4.41431919 -4.27836873 -2.30258509 -4.36466065 -4.73473787 -1.64511381]
log likelihood =  -1679.08493964
Edge derivatives =  [-4.889394024443271, -2.923953000015546, 0.37323614074196465, 1.4468649381270335, -1.2254787511758773, -1.3345778351940696, -1.9650171238739649, -1.9116809187975738, -1.3381288429237892, 1.2063764775933545, -1.9116809187975716, 1.928695761466797e-16, -1.9540170357995255, -1.0752129438132, 2.29644237114892e-16, -1.911680918797573, -3.2152841966392303, -6.432387765493332]
other derivatives: [ -8.05544005  -7.18066531   4.14534043  13.46181762  -6.64545041   0.        ]
Current x array =  [-0.63663055 -0.6987424  -0.76713703  0.37225037 -1.3631729   0.33647224
 -0.06240747 -2.81657712 -3.50248326 -3.26050531 -1.9468611  -1.94764276
 -4.04801388 -4.0309276  -3.96145618 -3.42964748 -4.0309276  -2.30258509
 -4.07320198 -3.9682988  -2.30258509 -4.0309276  -4.33054127 -1.65619636]
log likelihood =  -1676.86648916
Edge derivatives =  [-5.145169153360191, -2.7124210340925154, 0.8488444255419838, 2.0020051057678554, -1.477398279801852, -1.5980438402638022, -1.4903531185766314, -1.41920450576039, -0.8504409566627834, 1.7316146604352807, -1.4192045057603884, 3.046213570716684e-16, -1.4759663808240195, -0.5569673928490151, 3.7984657633776795e-16, -1.4192045057603881, -2.7609918907919324, -5.9993634205203925]
other derivatives: [ -4.69824499  -7.91924322   0.90662979  10.89199486  -6.1135097    0.        ]
Current x array =  [-0.640925   -0.69494576 -0.75829588  0.42159505 -1.36335425  0.33647224
 -0.05541387 -2.87395527 -3.57673313 -3.31289935 -1.92943707 -1.93038331
 -4.17090173 -4.1526076  -4.07432613 -3.4914572  -4.1526076  -2.30258509
 -4.19766779 -4.07982133 -2.30258509 -4.1526076  -4.47981017 -1.66510452]
log likelihood =  -1675.36602865
Edge derivatives =  [3.24066903074596, -1.9216411850352246, 1.5943967585955048, 2.915419184750924, -1.4745855051441625, -1.7929003797745615, -0.4330250725103099, -0.3715046322159921, 0.10024782774866352, 2.6193013552348945, -0.37150463221599117, -1.2125557618513037e-16, -0.4043730785323657, 0.521248426147057, -2.736037489570754e-17, -0.371504632215991, -1.750805664455847, -0.7580853522094173]
other derivatives: [-57.25707979  15.04115517  11.33976184  -4.10075245   0.65842869   0.        ]
Current x array =  [-0.57496841 -0.75770081 -0.80389743  0.65601948 -1.42190861  0.33647224
 -0.10097472 -3.08497568 -3.738102   -3.38242176 -1.92961109 -1.93460388
 -4.52222537 -4.49837322 -4.38278822 -3.59629691 -4.49837322 -2.30258509
 -4.55296811 -4.37641562 -2.30258509 -4.49837322 -4.93537465 -1.79850775]
log likelihood =  -1673.35044603
Edge derivatives =  [1.169893472791247, -1.8082744320767705, 1.7221184080938257, 3.1551952852052088, -1.3632476116179348, -1.5897903646261367, -0.28702840165038745, -0.16650828861105382, 0.3377624239058668, 2.802227423687819, -0.16650828861105302, -3.069088410261926e-17, -0.25901807334385885, 0.7511413598733674, -8.187649564803045e-17, -0.16650828861105285, -1.595084941234362, -0.011335708612423778]
other derivatives: [ 20.31836175   0.66565917  10.19600404  -5.21026777   2.37657787   0.        ]
Current x array =  [-0.67576246 -0.71309204 -0.79898742  0.69413268 -1.43788021  0.33647224
 -0.06333248 -3.12121051 -3.77025363 -3.39842303 -1.92678648 -1.93292921
 -4.58732945 -4.56258643 -4.44070802 -3.61892023 -4.56258643 -2.30258509
 -4.61875268 -4.43234349 -2.30258509 -4.56258643 -5.01873733 -1.81165224]
log likelihood =  -1672.74578744
Edge derivatives =  [1.5166085020611857, -1.9111820415814444, 1.6032766964028982, 2.936779884923571, -1.3511895260959212, -1.5521692297608447, -0.4281117670575017, -0.32003654170282275, 0.18138213833511116, 2.627255777335499, -0.3200365417028225, -1.9985620573699313e-16, -0.40040324540169375, 0.5827612857246266, -1.9982983063703212e-16, -0.3200365417028227, -1.7239544277303183, -0.682126364760161]
other derivatives: [ 3.73177045  0.7941253   4.84176326 -2.64139999  0.90442427  0.        ]
Current x array =  [-0.65105895 -0.71399768 -0.77907765  0.64670868 -1.42204917  0.33647224
 -0.07594647 -3.08921238 -3.73861971 -3.37974273 -1.9304141  -1.93616837
 -4.52747529 -4.50342069 -4.386876   -3.59472409 -4.50342069 -2.30258509
 -4.55819255 -4.37974276 -2.30258509 -4.50342069 -4.94369829 -1.79419969]
log likelihood =  -1672.56553732
Edge derivatives =  [1.3705592241288336, -1.9025080505785634, 1.5544756409118077, 2.845084226143506, -1.2560676906926749, -1.438428448044786, -0.43680240753531746, -0.32822438347374117, 0.16506021422878422, 2.558874902792246, -0.3282243834737412, 1.5117060382405862e-15, -0.4075344713122311, 0.5684033570729267, 1.4885708076236416e-15, -0.3282243834737407, -1.7231259088292257, -0.49661085016136486]
other derivatives: [-1.33939011  0.55526925  1.11690497 -2.18255991  0.71638624  0.        ]
Current x array =  [-0.64385912 -0.71343506 -0.76600641  0.63805164 -1.42198135  0.33647224
 -0.07524461 -3.0938834  -3.72984178 -3.36699429 -1.93644961 -1.94289888
 -4.52435504 -4.49995187 -4.38195186 -3.5828331  -4.49995187 -2.30258509
 -4.55492778 -4.37346036 -2.30258509 -4.49995187 -4.94425083 -1.79826419]
log likelihood =  -1672.21450928
Edge derivatives =  [0.9805113306355928, -1.8345438882381897, 1.4328166296293803, 2.6132454225043054, -0.9544957343679448, -1.1002385071365095, -0.4025078986704038, -0.2883034615460944, 0.1787504509698439, 2.389891375075817, -0.2883034615460939, -5.342336743269792e-16, -0.3687272794272395, 0.5930444003224514, -5.447615302248818e-16, -0.288303461546094, -1.660873702114329, 0.31138005297092586]
other derivatives: [-6.52930794  0.1976332  -4.96240773 -1.41069449  0.46325113  0.        ]
Current x array =  [-0.63644674 -0.71239655 -0.74591985  0.62429212 -1.42215046  0.33647224
 -0.0721791  -3.12493693 -3.71402683 -3.33141955 -1.95518254 -1.96414893
 -4.54105389 -4.51508319 -4.38957015 -3.5526162  -4.51508319 -2.30258509
 -4.57145036 -4.37572649 -2.30258509 -4.51508319 -4.98079963 -1.8183008 ]
log likelihood =  -1671.66087763
Edge derivatives =  [0.3012206145270138, -1.6879793534470091, 1.1703195572824647, 2.1171454219651156, -0.36368286042527986, -0.4725015501260893, -0.31134092584359835, -0.18681011464245606, 0.22664041994148926, 2.0248167598276687, -0.1868101146424561, 2.5242066811318216e-15, -0.2701914659787892, 0.6645799723702493, 2.561078069156296e-15, -0.1868101146424558, -1.5160261682485392, 1.8110799589827518]
other derivatives: [-10.6190555   -0.12780674  -9.23230346  -0.16182184   0.07642029   0.        ]
Current x array =  [-0.63037375 -0.71115454 -0.73300546  0.60243749 -1.42083921  0.33647224
 -0.06784676 -3.19734089 -3.68612884 -3.25912505 -1.99298912 -2.00726612
 -4.58733108 -4.55780699 -4.41525525 -3.49241642 -4.55780699 -2.30258509
 -4.61744617 -4.38953568 -2.30258509 -4.55780699 -5.07250713 -1.85878678]
log likelihood =  -1670.87557059
Edge derivatives =  [-0.6326929282636795, -1.4459879481353994, 0.6584159474290612, 1.098777311663961, 0.5644290308379887, 0.47535954225804955, -0.15476098493689922, -0.01650029474865913, 0.3095028416385527, 1.265313491108772, -0.016500294748659005, 3.8667028037732566e-16, -0.10501110641764033, 0.776871674654495, 3.930018987060609e-16, -0.01650029474865886, -1.2784879040715371, 3.463569608725262]
other derivatives: [-11.688212    -0.27730493  -7.83529686   1.54307145  -0.45611159   0.        ]
Current x array =  [-0.62820937 -0.71029608 -0.73866656  0.57292175 -1.41720174  0.33647224
 -0.06266611 -3.33279132 -3.63684982 -3.12897668 -2.05458729 -2.07854834
 -4.67302131 -4.63655402 -4.46236267 -3.3829461  -4.63655402 -2.30258509
 -4.70243373 -4.4134944  -2.30258509 -4.63655402 -5.24384607 -1.90702044]
log likelihood =  -1670.59724258
Edge derivatives =  [2.52403358495523, -0.9851988177892204, -0.023322775371485235, -0.6499808034500821, 1.3492148578117342, 1.3732692662004127, 0.13141228525308313, 0.2993288281545789, 0.5180153133803043, -0.08424186599725018, 0.29932882815457906, -2.1344712102982763e-21, 0.18102138712669813, 0.9707040134914217, -2.325121688617674e-21, 0.2993288281545788, -0.8983544903319245, 1.0773521890131792]
other derivatives: [ 10.80350103  -1.91341769 -19.73828603  -0.93075414   1.37047209   0.        ]
Current x array =  [-0.65945301 -0.7069817  -0.70140934  0.61679296 -1.4282598   0.33647224
 -0.07207259 -3.59840329 -3.57303053 -2.93500268 -2.10138092 -2.14412375
 -4.83738913 -4.78486777 -4.55072755 -3.21035236 -4.78486777 -2.30258509
 -4.86424554 -4.44935559 -2.30258509 -4.78486777 -5.58324139 -1.83286456]
log likelihood =  -1669.9315122
Edge derivatives =  [1.371444894763616, -1.0383620009744756, -0.07821353378357011, -0.6497491822429226, 1.2935750723854125, 1.2390767337765007, 0.09541387116455131, 0.2510662295598956, 0.4633990257408323, -0.10650239806557821, 0.2510662295598952, 1.1229467051751713e-16, 0.14711595832371055, 0.9125762209983537, 1.1163658781517249e-16, 0.2510662295598956, -0.9281559727127141, 1.160952692127334]
other derivatives: [-0.11714292 -0.63755579 -4.75197339  0.13183126  0.28844624  0.        ]
Current x array =  [-0.64393445 -0.71012734 -0.74845697  0.59684701 -1.41583331  0.33647224
 -0.07255384 -3.5818996  -3.57104689 -2.94176717 -2.100129   -2.14165488
 -4.82069696 -4.76894911 -4.53824786 -3.21488645 -4.76894911 -2.30258509
 -4.84757541 -4.43937143 -2.30258509 -4.76894911 -5.5566465  -1.84170773]
log likelihood =  -1669.82243988
Edge derivatives =  [0.8827414733970746, -1.0453535071462803, -0.06349324589633137, -0.5652947888065868, 1.1023925878153804, 1.0344829821313308, 0.08319539983797047, 0.23586350205291592, 0.444830834253975, -0.08142960523216658, 0.23586350205291556, -4.316117198499476e-16, 0.13356392402464773, 0.8824040776576146, -4.600596596868705e-16, 0.23586350205291567, -0.9304973368010264, 0.1276383483820816]
other derivatives: [ 0.08917596 -0.45165507 -0.34572167 -0.11173142  0.05682068  0.        ]
Current x array =  [-0.64459719 -0.7108393  -0.76280208  0.6019894  -1.41205517  0.33647224
 -0.07011028 -3.58243419 -3.57361613 -2.95106173 -2.08647341 -2.12801901
 -4.81551653 -4.76303809 -4.53242713 -3.21948191 -4.76303809 -2.30258509
 -4.84203779 -4.43139541 -2.30258509 -4.76303809 -5.554212   -1.81538487]
log likelihood =  -1669.76190594
Edge derivatives =  [0.3025221894245064, -1.021526324390906, -0.10066485500166988, -0.6230246241857579, 0.9448998891045735, 0.8819680207800116, 0.08720170794781901, 0.2377955680934581, 0.4338204203209066, -0.17533599444103143, 0.2377955680934573, -7.076820796847852e-16, 0.13632867024391532, 0.8521731536134658, -7.257324080849673e-16, 0.2377955680934576, -0.9082496635902177, -0.8266753214995557]
other derivatives: [ 1.04353148  0.22132554  1.49329935 -0.28587692 -0.12144028  0.        ]
Current x array =  [-0.64631729 -0.71313375 -0.76840166  0.60629158 -1.41012477  0.33647224
 -0.06544395 -3.6053768  -3.56954057 -2.94588361 -2.07442327 -2.1176552
 -4.81965702 -4.76474326 -4.52915558 -3.20964624 -4.76474326 -2.30258509
 -4.8454312  -4.42059872 -2.30258509 -4.76474326 -5.57724288 -1.79051714]
log likelihood =  -1669.67701585
Edge derivatives =  [-0.481038907140487, -0.9773562974684474, -0.13366944142072162, -0.656630106024989, 0.6607364785199066, 0.6197120655877784, 0.09446596211469109, 0.2437087238107127, 0.41842272990461593, -0.28650859840617693, 0.24370872381071196, 1.9366348169977946e-15, 0.14138841511148123, 0.8032263184814739, 1.856434767373298e-15, 0.24370872381071151, -0.870604699337825, -1.5809416448327425]
other derivatives: [ 1.3446197  -0.74276159  2.46704985 -0.48974016 -0.18621904  0.        ]
Current x array =  [-0.64715972 -0.71066178 -0.77097332  0.61087945 -1.410778    0.33647224
 -0.05848561 -3.64582117 -3.56566134 -2.94332976 -2.05315513 -2.0991174
 -4.82764778 -4.76830745 -4.52420694 -3.19824019 -4.76830745 -2.30258509
 -4.85209904 -4.4024331  -2.30258509 -4.76830745 -5.61901863 -1.77152131]
log likelihood =  -1669.54541298
Edge derivatives =  [-1.4819785271870076, -0.8306702488028592, -0.161319534860245, -0.6472467607246991, -0.38602401279262266, -0.32047789106815605, 0.11337186534516486, 0.24131391681618966, 0.33876337827436526, -0.5787089208009148, 0.2413139168161891, 2.46933576002034e-17, 0.15487916777252647, 0.5725648122034672, 1.7877593156154024e-17, 0.2413139168161887, -0.7577011970112375, -2.602013766358044]
other derivatives: [ 2.79117103  7.95173491  3.45912667 -0.23503617 -0.47054982  0.        ]
Current x array =  [-0.64993237 -0.73723432 -0.77245103  0.60712141 -1.41266678  0.33647224
 -0.04854533 -3.78480541 -3.55090768 -2.94466736 -1.97804365 -2.0328402
 -4.84151659 -4.76572197 -4.49277418 -3.16482545 -4.76572197 -2.30258509
 -4.86089662 -4.32317281 -2.30258509 -4.76572197 -5.75360689 -1.74313512]
log likelihood =  -1669.32550264
Edge derivatives =  [-1.5464190053652067, -0.7473675419026875, -0.23469403288009608, -0.7655108186226813, -0.7907018651055322, -0.6608306265354565, 0.13219459239405462, 0.26127883966296206, 0.3155518221167815, -0.812996928775036, 0.26127883966296106, 2.838308182554103e-17, 0.16911269580974714, 0.47729417949706365, 1.4227298425911207e-17, 0.26127883966296134, -0.6924692284938214, -2.331829275960322]
other derivatives: [ 0.84812655  0.92684331  2.632828   -0.24340352 -0.13974386  0.        ]
Current x array =  [-0.64724618 -0.71617994 -0.76955126  0.60581608 -1.41766711  0.33647224
 -0.047042   -3.87182158 -3.54259435 -2.93693626 -1.95045344 -2.01016714
 -4.86231515 -4.77732166 -4.48640431 -3.1428601  -4.77732166 -2.30258509
 -4.87909964 -4.29050976 -2.30258509 -4.77732166 -5.84618085 -1.75179542]
log likelihood =  -1669.17704521
Edge derivatives =  [-0.9437875198148827, -0.675721151956506, -0.24401396229430805, -0.7632695375400715, -1.1344375104112223, -0.9376072952712111, 0.1421550824201815, 0.2658693659914907, 0.2793286557598346, -0.9308786542686599, 0.26586936599149097, 3.7936631001163795e-15, 0.1750531612437481, 0.35716883965126134, 3.873055866407562e-15, 0.26586936599149086, -0.6409868609653555, -0.9170614864948091]
other derivatives: [ 0.08221832 -2.10691269  0.51836651  0.26479938  0.16016202  0.        ]
Current x array =  [-0.64580137 -0.70712713 -0.76296442  0.59452186 -1.42214121  0.33647224
 -0.0513445  -3.95088993 -3.53644327 -2.94014396 -1.92771429 -1.99083301
 -4.87357914 -4.77939729 -4.47279998 -3.13128262 -4.77939729 -2.30258509
 -4.88768974 -4.25211905 -2.30258509 -4.77939729 -5.92592029 -1.78830537]
log likelihood =  -1669.08101749
Edge derivatives =  [0.09814603507889597, -0.6026366352466546, -0.24719330905955772, -0.7653357914667801, -1.2933506339043337, -1.0562138849891711, 0.1588288242903791, 0.2725437965711413, 0.24462557282949265, -1.0174587312571002, 0.272543796571141, -3.020422507322039e-16, 0.18793628699271314, 0.2326585903137863, -3.175990694296513e-16, 0.2725437965711412, -0.5886450351094822, 0.2643261095096516]
other derivatives: [-1.39204985 -1.49207153 -1.03054845  0.42007287  0.43180535  0.        ]
Current x array =  [-0.64337008 -0.70848681 -0.75838239  0.58904135 -1.42419771  0.33647224
 -0.05907183 -4.03557404 -3.52988234 -2.94236958 -1.91733404 -1.98249196
 -4.8863556  -4.78238224 -4.45972106 -3.12194965 -4.78238224 -2.30258509
 -4.89767892 -4.21439505 -2.30258509 -4.78238224 -6.01221108 -1.81909666]
log likelihood =  -1669.02139643
Edge derivatives =  [0.6527755972533531, -0.5328954147309637, -0.1282704858196649, -0.43905789592593103, -1.4473033534607451, -1.1874212048052153, 0.14763559335811824, 0.2452110569774454, 0.16528068578421617, -0.8299473339462955, 0.2452110569774456, -4.546892736077669e-16, 0.1710788896747382, 0.005203141455855903, -4.825928590277825e-16, 0.24521105697744566, -0.537054518771425, 1.9043096410905829]
other derivatives: [ 7.58273018 -1.13209353 -0.7723429   0.95001269  0.44333319  0.        ]
Current x array =  [-0.65561749 -0.70877182 -0.76008758  0.58083314 -1.42126259  0.33647224
 -0.06280017 -4.13531086 -3.53027352 -2.9772697  -1.90762321 -1.97115879
 -4.8829113  -4.76513591 -4.42628161 -3.13936139 -4.76513591 -2.30258509
 -4.89006425 -4.15085618 -2.30258509 -4.76513591 -6.10472982 -1.8629378 ]
log likelihood =  -1668.91027317
Edge derivatives =  [1.1230959390338455, -0.4864248074804845, -0.15620412935874306, -0.49758252519747415, -1.3213106744328715, -1.0739175495075446, 0.16858360099278655, 0.25597700538235785, 0.14396212636495986, -0.894160793876053, 0.2559770053823579, 1.6080204904167035e-16, 0.18916487155843453, -0.0819594039180428, 1.6919680909348799e-16, 0.2559770053823582, -0.49883252347403123, 2.032724539131628]
other derivatives: [ 1.77451511  0.6075652  -0.9675432   0.58801106  0.38085091  0.        ]
Current x array =  [-0.64733653 -0.71366121 -0.75963897  0.58535472 -1.4182105   0.33647224
 -0.06726775 -4.20538688 -3.52435639 -2.97372726 -1.91634629 -1.97985303
 -4.89719636 -4.77170183 -4.42044456 -3.13276219 -4.77170183 -2.30258509
 -4.90227161 -4.12789973 -2.30258509 -4.77170183 -6.1790253  -1.86694224]
log likelihood =  -1668.75859311
Edge derivatives =  [1.303783256255727, -0.41778477812272546, -0.1548718093987486, -0.45871194692809913, -0.9895503726336388, -0.7912898943152276, 0.19324897333997887, 0.2625678394708615, 0.09523828840482788, -0.8582882610559371, 0.2625678394708616, 9.240729580747756e-16, 0.2082814961800371, -0.2607109742333409, 9.671273014925401e-16, 0.2625678394708616, -0.4384954612285702, 1.8516386260512543]
other derivatives: [-3.43204647  2.21943992 -0.18562787 -0.19415438  0.0837872   0.        ]
Current x array =  [-0.64029115 -0.71815087 -0.76245088  0.59875434 -1.40931068  0.33647224
 -0.06966697 -4.32946162 -3.51849064 -2.98155667 -1.93920981 -1.99997988
 -4.91591605 -4.77585357 -4.40452102 -3.13621412 -4.77585357 -2.30258509
 -4.9169976  -4.08294337 -2.30258509 -4.77585357 -6.30818153 -1.86270455]
log likelihood =  -1668.58738345
Edge derivatives =  [0.9554069370571237, -0.3354672242055817, -0.10473884005682801, -0.2729459662644046, -0.4764774205394793, -0.35492128703284276, 0.21805329795886064, 0.26045474572497174, 0.008133951168424223, -0.6801266690084554, 0.2604547457249713, -2.509269478828299e-16, 0.22386895085355302, -0.5708073269390121, -2.586676741582358e-16, 0.26045474572497146, -0.36096438345607934, 1.3047673956461243]
other derivatives: [-5.45173862  2.70283635  1.04769242 -1.19910055 -0.49205937  0.        ]
Current x array =  [-0.63792119 -0.71928634 -0.76667984  0.61854198 -1.39460235  0.33647224
 -0.06775445 -4.51888648 -3.51324338 -3.00621605 -1.97528442 -2.03008441
 -4.93750293 -4.77435669 -4.37413879 -3.15380289 -4.77435669 -2.30258509
 -4.93217145 -4.00941764 -2.30258509 -4.77435669 -6.50243973 -1.84849548]
log likelihood =  -1668.47477696
Edge derivatives =  [0.3396764369272283, -0.26092215761355825, -0.010494042087187072, -0.02651798068460065, 0.08291726560952958, 0.1685582125779953, 0.24154615844451469, 0.25376753738042135, -0.08580261906179523, -0.3897193944164698, 0.25376753738042057, 2.288714470962071e-16, 0.2343532483131129, -0.9011713033458598, 2.14347400417961e-16, 0.2537675373804202, -0.28779297451830976, 0.019420160469512338]
other derivatives: [-3.18791535  2.42114311 -4.79842583 -0.98179953 -0.86599812  0.        ]
Current x array =  [-0.64124187 -0.71877894 -0.74640583  0.6176593  -1.38921602  0.33647224
 -0.06086769 -4.73828799 -3.50685784 -3.03582166 -2.01472817 -2.0618122
 -4.95569227 -4.76566931 -4.33689653 -3.17973092 -4.76566931 -2.30258509
 -4.94293756 -3.9326522  -2.30258509 -4.76566931 -6.72538043 -1.81118897]
log likelihood =  -1668.39381038
Edge derivatives =  [-0.3595575069409644, -0.23175386801656492, 0.06065654749106375, 0.24289526701162112, 0.2254209303265366, 0.26521824046662723, 0.22920711368972999, 0.21598326403225143, -0.18538674712609238, -0.13754005966797256, 0.2159832640322511, 9.451843431730594e-16, 0.2172344591700764, -1.1726909409483095, 8.889569814899747e-16, 0.21598326403225096, -0.2558197833503776, 0.07977480166560896]
other derivatives: [-1.36383278 -0.48837592  0.61372702 -0.35686298 -0.80960945  0.        ]
Current x array =  [-0.64360808 -0.70997164 -0.76483447  0.60644091 -1.39154735  0.33647224
 -0.05719834 -4.86234773 -3.50781118 -3.07148207 -2.02717115 -2.06865893
 -4.95414802 -4.74771665 -4.30532012 -3.20915869 -4.74771665 -2.30258509
 -4.93673279 -3.88036689 -2.30258509 -4.74771665 -6.84582131 -1.81564129]
log likelihood =  -1668.37200323
Edge derivatives =  [-0.1185679202726182, -0.24009068923444718, 0.042252867339624384, 0.19240795183156023, 0.1785507281089063, 0.22665009810192396, 0.22405168984822488, 0.21613854967706095, -0.15821429248239582, -0.1532429688357267, 0.21613854967706067, 3.63491102722949e-16, 0.21472864537578248, -1.0540310034612976, 3.03817252283542e-16, 0.21613854967706062, -0.26534161343740226, -0.13543637491631572]
other derivatives: [ 0.10847998 -0.63885182  0.29940566 -0.11477823 -0.43787622  0.        ]
Current x array =  [-0.64550486 -0.70972005 -0.76369541  0.60097184 -1.39871982  0.33647224
 -0.05793501 -4.8253371  -3.50855389 -3.06410527 -2.02329624 -2.0652056
 -4.94918659 -4.74755491 -4.31367332 -3.20736545 -4.74755491 -2.30258509
 -4.93318821 -3.9041777  -2.30258509 -4.74755491 -6.80870509 -1.80949511]
log likelihood =  -1668.34630583
Edge derivatives =  [0.12594692312561118, -0.24076816812874804, 0.026455969149530745, 0.1625758989807662, 0.12393101707879747, 0.1785183494118867, 0.21711122829123558, 0.20831228909887647, -0.14190979668492404, -0.12407295817992538, 0.20831228909887708, 1.0366933525371538e-16, 0.21004382857000498, -0.9377976959819145, 1.184191026612847e-16, 0.20831228909887703, -0.2678390069240742, -0.2982439562359752]
other derivatives: [ 1.67524377 -0.58942078 -0.14324542  0.37352947  0.15259047  0.        ]
Current x array =  [-0.64742854 -0.71009076 -0.76212791  0.59017264 -1.41085516  0.33647224
 -0.05803761 -4.81556466 -3.50820218 -3.05941115 -2.01906175 -2.06028607
 -4.94298784 -4.74308341 -4.31815374 -3.21022724 -4.74308341 -2.30258509
 -4.92760974 -3.92812252 -2.30258509 -4.74308341 -6.79879285 -1.80457454]
log likelihood =  -1668.31683829
Edge derivatives =  [0.23038263252833552, -0.23085167297398296, 0.0027847844574169778, 0.13250915248563344, 0.10553213051942748, 0.15495314229910737, 0.21369965626613346, 0.19687558165264188, -0.1382550485295495, -0.07325260541806658, 0.19687558165264185, 0.0, 0.20808655632558726, -0.8429203286720196, 0.0, 0.1968755816526419, -0.259184726577055, -0.4421467286973056]
other derivatives: [ 2.14672582 -0.23676421 -0.28976501  0.73637239  0.69492216  0.        ]
Current x array =  [-0.64788139 -0.71130976 -0.76155322  0.58155459 -1.42217479  0.33647224
 -0.05709099 -4.8466138  -3.50571739 -3.05573619 -2.0178105  -2.05720488
 -4.93965393 -4.73705755 -4.31884215 -3.21550425 -4.73705755 -2.30258509
 -4.92373283 -3.94834766 -2.30258509 -4.73705755 -6.83125423 -1.80037182]
log likelihood =  -1668.23597625
Edge derivatives =  [0.33220569128274, -0.1982206261866401, -0.08022468192835737, 0.013875493661449245, 0.029955350639537387, 0.05534693796319745, 0.2039137635977259, 0.1594000460697067, -0.135303072461473, 0.04699064572577423, 0.15940004606970654, -2.987459041636249e-16, 0.20142794197509734, -0.581800165895446, -2.8253857035967217e-16, 0.15940004606970734, -0.22745266969149472, -0.49279983822081674]
other derivatives: [ 1.57742761 -1.63390723 -1.17972832  1.16822321  1.57915565  0.        ]
Current x array =  [-0.64679594 -0.70755737 -0.75849868  0.57012758 -1.44001943  0.33647224
 -0.05486709 -4.97181388 -3.4967283  -3.044132   -2.01352751 -2.04723273
 -4.93216067 -4.71857412 -4.31918185 -3.22915633 -4.71857412 -2.30258509
 -4.91373589 -4.00689107 -2.30258509 -4.71857412 -6.96221305 -1.79893415]
log likelihood =  -1668.21500421
Edge derivatives =  [-0.46464687569102386, -0.11905385651150424, -0.23850410726411114, -0.16916491975591197, 0.1365418020454303, 0.022646063865855354, 0.20021170170762242, 0.048735837505398255, -0.16230808473681554, 0.498567536089557, 0.04873583750539838, 2.3142895399222677e-21, 0.20305818962477337, -0.050246924477028165, 2.1210397463160176e-21, 0.048735837505398075, -0.14088386378613327, -1.189876202759857]
other derivatives: [ 5.68811629  7.54153007  2.02865067  1.50826054  2.39813289  0.        ]
Current x array =  [-0.6525604  -0.73541224 -0.7686983   0.56144896 -1.46020575  0.33647224
 -0.04318955 -5.42699149 -3.47159119 -3.02727213 -2.02462995 -2.03851754
 -4.92001474 -4.66404153 -4.30623197 -3.27840841 -4.66404153 -2.30258509
 -4.89114428 -4.13923402 -2.30258509 -4.66404153 -7.43699094 -1.77838553]
log likelihood =  -1668.04003244
Edge derivatives =  [-0.23621532253343008, -0.11523238668137992, -0.2567386996701497, -0.20359323589306144, 0.09890352703264671, -0.009564526314050414, 0.19729631347232118, 0.04615265457303882, -0.17610312103188944, 0.4459063836758101, 0.046152654573038854, -1.0166314813294859e-15, 0.19722038473194192, -0.07902517823387831, -1.0356607271147803e-15, 0.04615265457303877, -0.13651916573409706, -0.7173072487265097]
other derivatives: [ 1.02788817  1.29523414  0.04524736  1.01233582  1.95054781  0.        ]
Current x array =  [-0.64612392 -0.71623048 -0.76235896  0.57121016 -1.44835137  0.33647224
 -0.04734158 -5.46039839 -3.469995   -3.02742862 -2.0230233  -2.03736649
 -4.92339271 -4.66441333 -4.30353468 -3.27446125 -4.66441333 -2.30258509
 -4.89354545 -4.13200168 -2.30258509 -4.66441333 -7.47166344 -1.7926482 ]
log likelihood =  -1667.96206221
Edge derivatives =  [-0.29823729399414983, -0.09660592750199656, -0.2871791036633639, -0.23232525125475512, 0.1504345763499262, 0.008075039509028353, 0.19980216558794311, 0.019404094069943444, -0.21188730141467502, 0.5025698085365118, 0.019404094069943152, 8.588687426287519e-17, 0.1959869824076607, -0.05966822198091913, 6.520596207750203e-17, 0.01940409406994359, -0.11454099016794353, -0.2837961408428638]
other derivatives: [-0.81813596 -1.18993739 -0.44610715  0.29976945  1.17943273  0.        ]
Current x array =  [-0.64386763 -0.70859736 -0.7609914   0.58665962 -1.43046851  0.33647224
 -0.0492487  -5.63108044 -3.46259517 -3.02948816 -2.02877791 -2.03874467
 -4.92807865 -4.65272086 -4.29225407 -3.28224937 -4.65272086 -2.30258509
 -4.89368442 -4.13770324 -2.30258509 -4.65272086 -7.64878121 -1.8052282 ]
log likelihood =  -1667.9126543
Edge derivatives =  [-0.20782813245000553, -0.07381235666069447, -0.32219073635683837, -0.2630095756948906, 0.2175447975576708, 0.027021032561537456, 0.2033014143044563, -0.024628176370557593, -0.2521351749373243, 0.6050828572420383, -0.024628176370557503, 6.954438054395952e-17, 0.1952033831126915, 0.019956613921148704, 2.356770231041161e-17, -0.024628176370557087, -0.08779626481385387, 0.1663164098996459]
other derivatives: [-0.02673914 -1.49238986 -0.41854946 -0.37143764  0.33360266  0.        ]
Current x array =  [-0.64526073 -0.7072729  -0.76139231  0.60193232 -1.41071914  0.33647224
 -0.05202983 -5.88746802 -3.45237681 -3.03151942 -2.03591864 -2.03920548
 -4.93138055 -4.63253321 -4.27823191 -3.29483561 -4.63253321 -2.30258509
 -4.89037893 -4.15927778 -2.30258509 -4.63253321 -7.91512718 -1.81755409]
log likelihood =  -1667.95502165
Edge derivatives =  [-0.040438370009814595, -0.05341772783293142, -0.3092706017495569, -0.22026289583611536, 0.3032741741026145, 0.060376076334425294, 0.19763182915338665, -0.09698027290922503, -0.28751482728268063, 0.6578366878731275, -0.09698027290922438, 7.474902730248623e-16, 0.18118011120750843, 0.1608688344746524, 7.456076509526572e-16, -0.09698027290922394, -0.06312888384819364, -0.40809985195666154]
other derivatives: [-10.18827334   0.87634362   0.76031483  -0.2447905   -0.81458893   0.        ]
Current x array =  [-0.63161711 -0.71390682 -0.76562425  0.60005289 -1.39065767  0.33647224
 -0.05911511 -6.20583529 -3.44894964 -3.04135568 -2.04543027 -2.04333095
 -4.92510321 -4.60345089 -4.26906697 -3.30326818 -4.60345089 -2.30258509
 -4.87633434 -4.20118893 -2.30258509 -4.60345089 -8.24616668 -1.80389318]
log likelihood =  -1667.90218201
Edge derivatives =  [-0.1564647965325049, -0.06677621670996427, -0.3182319741620173, -0.24987348823319033, 0.2439263312479075, 0.03727238444864586, 0.20150125895141305, -0.04667361424563561, -0.2630085736993863, 0.6213368013478981, -0.04667361424563493, 6.043002003066497e-16, 0.19095422350599217, 0.06403432077027602, 6.629471822348458e-16, -0.04667361424563513, -0.0793117193536372, -0.010000988882395478]
other derivatives: [-3.10760697 -0.75742719 -0.05468337 -0.33351171 -0.01871285  0.        ]
Current x array =  [-0.64105663 -0.70931705 -0.76269632  0.6013532  -1.40453747  0.33647224
 -0.05421306 -5.98556852 -3.45132077 -3.03455033 -2.03884952 -2.04047669
 -4.92944627 -4.62357189 -4.27540786 -3.29743399 -4.62357189 -2.30258509
 -4.88605128 -4.17219213 -2.30258509 -4.62357189 -8.01713245 -1.81334467]
log likelihood =  -1667.8872701
Edge derivatives =  [-0.06365691715427657, -0.05745306070288691, -0.3183879886427475, -0.2304584282348321, 0.2764027322756628, 0.051622673605193486, 0.2010660393465012, -0.07466968257863982, -0.2823572220239549, 0.6769856725250147, -0.07466968257863961, -1.452842007899548e-15, 0.18754478297588506, 0.11125803057742174, -1.3592480515694797e-15, -0.07466968257863968, -0.06829223214926247, 0.07535836525499573]
other derivatives: [-1.38620635 -0.093587    0.11345946 -0.32905518 -0.29940566  0.        ]
Current x array =  [-0.64346504 -0.7111024  -0.76336983  0.60249691 -1.39839732  0.33647224
 -0.05556194 -6.12967858 -3.44755559 -3.03853613 -2.04207559 -2.0405445
 -4.92864222 -4.61068707 -4.26804312 -3.30408815 -4.61068707 -2.30258509
 -4.88157446 -4.1852418  -2.30258509 -4.61068707 -8.16637597 -1.81536889]
log likelihood =  -1667.87592236
Edge derivatives =  [0.08289530393782002, -0.05080248024607296, -0.29563816298770607, -0.17643726889224498, 0.28945880334122204, 0.06291609798248932, 0.1978048117712833, -0.0982384825228792, -0.29562169835451946, 0.6880869173824748, -0.09823848252287916, -4.2817266651302563e-16, 0.18071740688837298, 0.13673689608811118, -4.527368942213913e-16, -0.09823848252287914, -0.06045133516469248, 0.046277534748087934]
other derivatives: [-0.18137598  0.32700882  0.20529569 -0.08265033 -0.44115041  0.        ]
Current x array =  [-0.64507832 -0.71226848 -0.76377037  0.5985536  -1.3956956   0.33647224
 -0.0572685  -6.24760344 -3.44725008 -3.04532313 -2.04337408 -2.04079102
 -4.92612712 -4.60012606 -4.26295185 -3.30568443 -4.60012606 -2.30258509
 -4.87608896 -4.19241906 -2.30258509 -4.60012606 -8.28813684 -1.81441185]
log likelihood =  -1667.86116664
Edge derivatives =  [0.31746108114581634, -0.044167683457298754, -0.23903459115912068, -0.06792528812874732, 0.28503907459372324, 0.07546103495100528, 0.19059959863416406, -0.1231494340996664, -0.30578367952237406, 0.6366279754647882, -0.12314943409966601, -8.670972275089947e-16, 0.16791482159899765, 0.14132185520618096, -8.88645240389078e-16, -0.1231494340996658, -0.052661385775245144, -0.04633205540126445]
other derivatives: [ 0.83575742  0.46734385  0.16407284  0.31593572 -0.55265446  0.        ]
Current x array =  [-0.6463803  -0.71264164 -0.76374079  0.59158862 -1.39378893  0.33647224
 -0.05980336 -6.38148317 -3.45084098 -3.05741454 -2.04285668 -2.04163109
 -4.92150914 -4.58932784 -4.25898836 -3.30022668 -4.58932784 -2.30258509
 -4.86817109 -4.1937587  -2.30258509 -4.58932784 -8.42608701 -1.81181775]
log likelihood =  -1667.83960336
Edge derivatives =  [0.44331007729226635, -0.03750339978620249, -0.1449376870548174, 0.10297088315530778, 0.24354523813064255, 0.07533613152672358, 0.17754055566192456, -0.1483951229675233, -0.309913789866925, 0.4866107266261738, -0.14839512296752308, 1.103798341948307e-15, 0.1468918717015706, 0.11629749641881602, 1.0680914034206288e-15, -0.14839512296752252, -0.04481100592128099, -0.09172878603295453]
other derivatives: [ 1.35792106  0.41322892  0.05195488  0.61897936 -0.55304099  0.        ]
Current x array =  [-0.64701805 -0.71248794 -0.7634017   0.58598719 -1.39410859  0.33647224
 -0.06099436 -6.53871594 -3.45941579 -3.07530183 -2.03873803 -2.04250719
 -4.91410847 -4.57894941 -4.25736524 -3.28376798 -4.57894941 -2.30258509
 -4.85708798 -4.18684162 -2.30258509 -4.57894941 -8.58787625 -1.81053008]
log likelihood =  -1667.80461853
Edge derivatives =  [0.08872498866221012, -0.02763407835551264, -0.011533202960125014, 0.3526865188965811, 0.11829931298790941, 0.025833813211097234, 0.14815585347913524, -0.18976493370309908, -0.3019258182373623, 0.1559141494544815, -0.18976493370309894, 3.9498793183891896e-17, 0.10369048528608255, 0.07272469531091807, 4.194163611164016e-17, -0.18976493370309883, -0.03307574281378903, 0.04724193605941457]
other derivatives: [ 1.40325938  0.56199951  0.61884293  0.25527243 -0.17571438  0.        ]
Current x array =  [-0.64719414 -0.71305896 -0.7650774   0.5915563  -1.40097271  0.33647224
 -0.0562873  -6.83442455 -3.47454471 -3.10016482 -2.02691764 -2.04175156
 -4.89821063 -4.56316462 -4.26050046 -3.24837031 -4.56316462 -2.30258509
 -4.83507039 -4.17546891 -2.30258509 -4.56316462 -8.89263429 -1.81425892]
log likelihood =  -1667.88008713
Edge derivatives =  [1.0828542859766292, -0.022016659207712553, 0.15214979795680908, 0.49933584045619744, -0.06358721079610358, 0.017045033024208456, 0.10993987101450957, -0.17486240331073094, -0.19776501158105672, -0.37950964311647784, -0.17486240331073083, 1.7778400386662047e-15, 0.05192459571118341, 0.01910684667257033, 1.7604814696871191e-15, -0.17486240331073052, -0.027402002372432527, -0.3403482190164048]
other derivatives: [-1.11172085 -0.25959253 -7.33732577 -0.04501999 -0.04224603  0.        ]
Current x array =  [-0.64371913 -0.71107389 -0.73843893  0.59587677 -1.40109428  0.33647224
 -0.06160796 -7.01506733 -3.49954577 -3.1067909  -2.00809133 -2.04394928
 -4.87258067 -4.56847113 -4.29200323 -3.1896517  -4.56847113 -2.30258509
 -4.80878018 -4.15771802 -2.30258509 -4.56847113 -9.08001656 -1.80140245]
log likelihood =  -1667.79707193
Edge derivatives =  [0.3249360915143129, -0.026219249554679924, 0.027047405773152983, 0.38713689827464215, 0.07702023580887377, 0.02416554455290476, 0.1393987439082108, -0.18622147004986617, -0.27730519152738675, 0.03466197128279515, -0.18622147004986558, -1.7053567462124685e-16, 0.09186166551246767, 0.0604503850994198, -1.906745315326279e-16, -0.18622147004986547, -0.031662264306468686, -0.041253815065687094]
other derivatives: [ 0.82250153  0.37321115 -1.17856871  0.18578703 -0.14376837  0.        ]
Current x array =  [-0.64638814 -0.71259854 -0.75889877  0.59255841 -1.40100091  0.33647224
 -0.0575214  -6.87632351 -3.48034355 -3.10170169 -2.022551   -2.0422613
 -4.89226592 -4.56439543 -4.26780733 -3.2347509  -4.56439543 -2.30258509
 -4.82897254 -4.17135171 -2.30258509 -4.56439543 -8.93609643 -1.81127694]
log likelihood =  -1667.78702748
Edge derivatives =  [0.08943273269781288, -0.025178086630988132, 0.045981617917879414, 0.4114635263527821, 0.010700874297906976, -0.010474038857387236, 0.12661859047256097, -0.1840773312792087, -0.2538117821900739, -0.11782501683001223, -0.18407733127920833, 9.050532411317511e-16, 0.07652356780135211, 0.03869647087206269, 9.02157652522644e-16, -0.1840773312792085, -0.030384526459196242, -0.07103832463512982]
other derivatives: [-0.07769358 -0.14820216 -0.5279162  -0.12908004  0.07173639  0.        ]
Current x array =  [-0.64523324 -0.71119452 -0.7609403   0.59751839 -1.40487936  0.33647224
 -0.0547981  -6.91680368 -3.48648305 -3.10209682 -2.0164089  -2.04177529
 -4.88545426 -4.5666111  -4.27661062 -3.21907117 -4.5666111  -2.30258509
 -4.82223621 -4.16601804 -2.30258509 -4.5666111  -8.97803734 -1.8109347 ]
log likelihood =  -1667.78063026
Edge derivatives =  [-0.07907985377603954, -0.025907328853160595, 0.03128469238060343, 0.36322304048725784, -0.03264750745715653, -0.03466426985966753, 0.1195122077085759, -0.16807876904527033, -0.22393835227797018, -0.19692825544723175, -0.16807876904527003, -8.354605479823389e-16, 0.07024933956946106, 0.023601066674689856, -8.39585913452203e-16, -0.16807876904526922, -0.031236246129861603, -0.0976193143014128]
other derivatives: [-0.65108452 -0.27760052 -0.20531843 -0.32291609  0.1701892   0.        ]
Current x array =  [-0.64450594 -0.71090724 -0.76192473  0.60073142 -1.40689958  0.33647224
 -0.05294468 -6.89003278 -3.48951073 -3.09422177 -2.01225581 -2.04146141
 -4.88095801 -4.5740745  -4.28716554 -3.21070802 -4.5740745  -2.30258509
 -4.8196117  -4.16221308 -2.30258509 -4.5740745  -8.95069309 -1.81041902]
log likelihood =  -1667.77083107
Edge derivatives =  [-0.2264371287922211, -0.026784955709327016, -0.009965433837901078, 0.2410722873469301, -0.08516408998391067, -0.06197734684786502, 0.10833561681655665, -0.14109477757290237, -0.17185918518117657, -0.279114596673901, -0.14109477757290234, -8.940657498990305e-16, 0.06056034780252471, 0.00954860018785366, -8.856152771173234e-16, -0.14109477757290242, -0.03220424967301899, -0.10877889693015746]
other derivatives: [-1.06422249 -0.45713477  0.10661552 -0.4604999   0.16186732  0.        ]
Current x array =  [-0.64400079 -0.71046878 -0.76291463  0.60331333 -1.40707234  0.33647224
 -0.05161071 -6.86017242 -3.4926573  -3.07700394 -2.0070755  -2.04145476
 -4.87307429 -4.58642534 -4.30525546 -3.20189699 -4.58642534 -2.30258509
 -4.81489189 -4.15882777 -2.30258509 -4.58642534 -8.92054472 -1.81033571]
log likelihood =  -1667.75568635
Edge derivatives =  [-0.22186001141695616, -0.025646042905124868, -0.06539589618406248, 0.055298692472542044, -0.14060586123521612, -0.08037038882198075, 0.08716283625626874, -0.10945717973363386, -0.09319956184410991, -0.35648130063282457, -0.10945717973363395, 4.4402216913941385e-17, 0.03909724721505882, -0.004207848160932656, 4.440243049321877e-17, -0.10945717973363425, -0.03078678564073658, -0.01990760967184141]
other derivatives: [-1.08564109 -0.06980372  0.32730441 -0.40340637  0.10622898  0.        ]
Current x array =  [-0.64395002 -0.71165114 -0.76371026  0.60239492 -1.40662754  0.33647224
 -0.05166769 -6.90319178 -3.49760058 -3.05144993 -2.00108162 -2.04253459
 -4.85739687 -4.60098605 -4.33238403 -3.19335902 -4.60098605 -2.30258509
 -4.80279764 -4.15586162 -2.30258509 -4.60098605 -8.96600354 -1.81268891]
log likelihood =  -1667.80253758
Edge derivatives =  [-0.6875554242441038, -0.01519673440908712, -0.24178050609039775, -0.4195258924087325, -0.11795827921652982, -0.05845786670539571, 0.019686260091932563, -0.11828701682600366, 0.03205998667853777, -0.23008764091558292, -0.1182870168260032, -7.211711607806209e-16, -0.04124515147420345, 0.10260034930203682, -7.047386566072874e-16, -0.11828701682600305, -0.01750273046948087, 0.21859626606645471]
other derivatives: [-2.75913408 -6.32528554  0.66663688 -0.25920599 -0.87209173  0.        ]
Current x array =  [-0.64182717 -0.6938538  -0.76530282  0.60321717 -1.38884032  0.33647224
 -0.05215061 -7.45028695 -3.49862292 -2.99910464 -2.00236854 -2.0475294
 -4.81481864 -4.60077449 -4.37719055 -3.2092941  -4.60077449 -2.30258509
 -4.75955531 -4.18934838 -2.30258509 -4.60077449 -9.5348239  -1.82166373]
log likelihood =  -1667.74957678
Edge derivatives =  [-0.33599380010799024, -0.02244342862612718, -0.11012614533962194, -0.06166156485616903, -0.1346257000529882, -0.07460959877140586, 0.07042178509252109, -0.11165275775727607, -0.06088695281178205, -0.32410699558247175, -0.1116527577572761, 1.632217349012688e-15, 0.019157031153947245, 0.023323825625364204, 1.5932329925019983e-15, -0.11165275775727554, -0.026677557573432327, 0.04122815722652445]
other derivatives: [-1.50669166 -1.62306151  0.4120011  -0.36739038 -0.14122179  0.        ]
Current x array =  [-0.6434115  -0.70713641 -0.76411425  0.6026035  -1.40211538  0.33647224
 -0.05179019 -7.0419757  -3.49785992 -3.03817128 -2.00140808 -2.04380164
 -4.84659587 -4.60093238 -4.34375028 -3.19740134 -4.60093238 -2.30258509
 -4.79182817 -4.16435635 -2.30258509 -4.60093238 -9.11029857 -1.81496559]
log likelihood =  -1667.7351256
Edge derivatives =  [-0.15995111947452212, -0.01837555106207001, -0.14043314550460034, -0.20095673719500073, -0.14766622264257434, -0.06103524355460792, 0.04417483485876451, -0.10291024297680162, 0.0035867557123416202, -0.333092874267339, -0.10291024297680101, -2.0698456276634324e-16, -0.011834336721972868, 0.03195559569697972, -1.811486327927185e-16, -0.10291024297680111, -0.02181336964060674, 0.1960436075320311]
other derivatives: [-0.68794179 -0.48132733  0.31666332 -0.14272246 -0.27491751  0.        ]
Current x array =  [-0.64445217 -0.71041175 -0.763939    0.59890626 -1.4000658   0.33647224
 -0.0533988  -7.23603796 -3.50272319 -3.01932227 -1.99891857 -2.04611298
 -4.82728625 -4.60507782 -4.36569789 -3.19593905 -4.60507782 -2.30258509
 -4.77318203 -4.16763529 -2.30258509 -4.60507782 -9.31176931 -1.81866666]
log likelihood =  -1667.72708776
Edge derivatives =  [0.0630011602672722, -0.01468662806062608, -0.13511455815726886, -0.22074205549977388, -0.11560879342671262, -0.027162667477141494, 0.026307838397607433, -0.11568097371594037, 0.026335569476037945, -0.275577972062907, -0.11568097371593997, 1.5162568380943823e-15, -0.03563430143113487, 0.05352711434926269, 1.4964647285040647e-15, -0.11568097371594, -0.017430456643453347, 0.2597438336125068]
other derivatives: [ 0.120599    0.08706138  0.09490577  0.07169092 -0.31670879  0.        ]
Current x array =  [-0.64546423 -0.71202696 -0.76333548  0.59507682 -1.39920503  0.33647224
 -0.05528275 -7.45274949 -3.50561054 -3.01585256 -2.00088535 -2.04834019
 -4.81452984 -4.59942415 -4.37269773 -3.20189984 -4.59942415 -2.30258509
 -4.75872235 -4.17432999 -2.30258509 -4.59942415 -9.53615467 -1.82004762]
log likelihood =  -1667.72183237
Edge derivatives =  [0.19086287354507664, -0.011807718928192986, -0.1180312514472074, -0.19457935126449122, -0.06572890725902794, 0.011034557298965048, 0.011932558824929461, -0.13378103833462246, 0.033520231806135684, -0.1861464561937391, -0.13378103833462193, 5.467328615215907e-16, -0.05565295308103951, 0.07685381556118806, 5.953858671072149e-16, -0.13378103833462207, -0.013991652690899766, 0.24860018834580244]
other derivatives: [ 0.01873559  0.40049599 -0.06932623  0.23339908 -0.29015155  0.        ]
Current x array =  [-0.64522952 -0.71292528 -0.76287891  0.59182872 -1.39982948  0.33647224
 -0.05634218 -7.66532593 -3.50809623 -3.01809982 -2.00473069 -2.05043784
 -4.80449591 -4.59154579 -4.37436612 -3.21156244 -4.59154579 -2.30258509
 -4.74664996 -4.18171346 -2.30258509 -4.59154579 -9.75610385 -1.81962372]
log likelihood =  -1667.78458978
Edge derivatives =  [0.26837585746286735, -0.006592906668403108, -0.0023316729751942933, 0.005351117801811522, -0.02070857051337835, 0.08851327398011932, -0.04546104158607842, -0.15731552874337842, 0.09178734508442274, -0.19129630515894988, -0.15731552874337773, 6.757567429841892e-17, -0.12746606004042776, 0.09571155244155297, 1.0036922506166633e-16, -0.15731552874337798, -0.007837259830931885, -0.034796381198956505]
other derivatives: [ 9.34558102 -1.47290393 -0.58703336 -0.08301413  0.64082997  0.        ]
Current x array =  [ -0.65842291  -0.70780462  -0.76087587   0.59730973  -1.4138872
   0.33647224  -0.051639    -8.22466962  -3.52813618  -3.03180328
  -2.00509262  -2.05427215  -4.76999695  -4.5800222   -4.39098722
  -3.21148082  -4.5800222   -2.30258509  -4.70925897  -4.18748898
  -2.30258509  -4.5800222  -10.33496766  -1.81072114]
log likelihood =  -1667.72036746
Edge derivatives =  [0.20080871018622093, -0.010943224702423347, -0.10278284854053404, -0.16841359046461446, -0.059899846812692975, 0.021140469588683042, 0.004552701894167153, -0.13683989740796682, 0.0411550905548939, -0.18681259107239628, -0.1368398974079663, 3.480030312131952e-16, -0.06485794473182235, 0.07932894706068083, 3.405708245809933e-16, -0.1368398974079664, -0.012974302586540242, 0.21169430817928037]
other derivatives: [ 1.25717179  0.15813839 -0.13683348  0.19188064 -0.16837021  0.        ]
Current x array =  [-0.64694801 -0.71225829 -0.76261801  0.59254265 -1.40166055  0.33647224
 -0.05572957 -7.73818265 -3.51070651 -3.01988475 -2.00477783 -2.05093727
 -4.80000229 -4.5900448  -4.37653109 -3.21155181 -4.5900448  -2.30258509
 -4.74177964 -4.18246574 -2.30258509 -4.5900448  -9.83150314 -1.81846413]
log likelihood =  -1667.71697782
Edge derivatives =  [0.1920124739141707, -0.009412382130460278, -0.08573141232638279, -0.13492936162214308, -0.024719774018947926, 0.0455622818526476, -0.006501929112959708, -0.14762202600231925, 0.04593752109806383, -0.12327558839301599, -0.1476220260023186, -8.763474540268001e-16, -0.07934949214344375, 0.09229363267507278, -8.711518605527656e-16, -0.14762202600231877, -0.011138629224350683, 0.14616707380467525]
other derivatives: [ 0.76695414  0.17907951 -0.1611852   0.21298092 -0.06143637  0.        ]
Current x array =  [-0.64622693 -0.71235013 -0.76254209  0.59163691 -1.40384172  0.33647224
 -0.05536588 -7.88582583 -3.51350095 -3.02281314 -2.00753181 -2.05227323
 -4.7927168  -4.58551083 -4.3778376  -3.21861975 -4.58551083 -2.30258509
 -4.73351313 -4.18688816 -2.30258509 -4.58551083 -9.98428125 -1.81673908]
log likelihood =  -1667.71305941
Edge derivatives =  [0.06423896631232595, -0.008315046821940682, -0.06588755398924623, -0.10863696871833883, -0.003533646043016231, 0.05940407146983931, -0.020179692221512068, -0.14393912417518578, 0.06236301387155467, -0.07452312011867979, -0.14393912417518548, 5.891998980519589e-16, -0.0938054399874054, 0.09225079975514869, 5.665473098905292e-16, -0.14393912417518562, -0.009820372726952506, 0.009578188686399147]
other derivatives: [ 0.10559233  0.1087983  -0.25004283  0.11075372  0.11459633  0.        ]
Current x array =  [ -0.64531745  -0.71223213  -0.76215731   0.5928719   -1.40745375
   0.33647224  -0.05357922  -8.00753875  -3.51892003  -3.02364715
  -2.0089735   -2.05312532  -4.78381348  -4.58718294  -4.38358276
  -3.22398133  -4.58718294  -2.30258509  -4.72570529  -4.18768242
  -2.30258509  -4.58718294 -10.11040786  -1.81310171]
log likelihood =  -1667.71034421
Edge derivatives =  [-0.09308679880892062, -0.00783709297347549, -0.0468498582363657, -0.0829739349079549, 0.0033713493073811718, 0.05754201560693209, -0.02982903625116362, -0.1317885531206756, 0.07582090414205851, -0.04339028135224657, -0.13178855312067564, 1.1427546811276725e-15, -0.10132577056867471, 0.08099911025539949, 1.1376429507306405e-15, -0.1317885531206755, -0.009229452911632257, -0.12719444602284002]
other derivatives: [-0.29842795  0.03547029  0.12989858 -0.01120952  0.23555913  0.        ]
Current x array =  [ -0.64478711  -0.71207183  -0.7633795    0.5947085   -1.40994968
   0.33647224  -0.05184349  -8.06748745  -3.52436698  -3.02454645
  -2.00949243  -2.05309765  -4.77771153  -4.59259393  -4.38870325
  -3.22747927  -4.59259393  -2.30258509  -4.72197182  -4.18525135
  -2.30258509  -4.59259393 -10.17262819  -1.80964993]
log likelihood =  -1667.7078407
Edge derivatives =  [-0.17473587466453816, -0.007800272631500876, -0.024985981125019624, -0.06128934874338332, -0.003688849306788672, 0.04618110132588871, -0.03534689341248849, -0.1101659755947613, 0.08915556542732253, -0.028250725540554397, -0.11016597559476093, 1.815025972012018e-15, -0.1020924072236508, 0.060899588084084015, 1.7790796246204973e-15, -0.11016597559476125, -0.009184649649851086, -0.21846139666919756]
other derivatives: [-0.55713372 -0.0659611  -0.06673417 -0.12598775  0.27996521  0.        ]
Current x array =  [ -0.64446064  -0.7118011   -0.762666     0.5967268   -1.41084063
   0.33647224  -0.0507993   -8.07191919  -3.52982541  -3.02489227
  -2.00896478  -2.05223172  -4.77395204  -4.60173424  -4.39363567
  -3.22886656  -4.60173424  -2.30258509  -4.72185318  -4.1797797
  -2.30258509  -4.60173424 -10.17741916  -1.80718864]
log likelihood =  -1667.7035116
Edge derivatives =  [-0.23494929160088185, -0.007799656231295958, 0.02302694419519244, 0.004094033501694128, 0.0008701477034509242, 0.020508257190866186, -0.04060101015421321, -0.07033214100976866, 0.09696390005901567, 0.04913587958919598, -0.07033214100976884, 2.0263235833382833e-15, -0.09556878698615169, 0.02240112975652777, 2.0458050086373226e-15, -0.07033214100976858, -0.009142892365949454, -0.31312861196040176]
other derivatives: [-0.48689799 -0.11509655  0.58137175 -0.17560069  0.16930244  0.        ]
Current x array =  [ -0.64456465  -0.71154222  -0.76498834   0.59803249  -1.4086784
   0.33647224  -0.05084191  -8.07608294  -3.53909443  -3.02963284
  -2.01030025  -2.04993301  -4.76998083  -4.61884121  -4.39683563
  -3.23708883  -4.61884121  -2.30258509  -4.72554215  -4.16972137
  -2.30258509  -4.61884121 -10.18199819  -1.80502119]
log likelihood =  -1667.70006294
Edge derivatives =  [-0.08043002974579799, -0.007940540545693334, 0.06228553797803507, 0.05396190059204431, -0.0005424801791124867, 0.003495782505685857, -0.039957535538560664, -0.03963746992593685, 0.09631659502210177, 0.0909835205749159, -0.03963746992593663, -3.1501001658570535e-23, -0.08510369292176152, -0.006340755838519389, -2.531622362713389e-23, -0.03963746992593642, -0.00933000322320528, -0.2218354969204238]
other derivatives: [-0.33865035 -0.19288109 -0.11962129 -0.1347189   0.04279173  0.        ]
Current x array =  [ -0.64472242  -0.71118544  -0.76276431   0.59769678  -1.40592697
   0.33647224  -0.05240801  -8.05616812  -3.5445583   -3.03369992
  -2.01091831  -2.04778697  -4.76950653  -4.63156975  -4.39629922
  -3.24104167  -4.63156975  -2.30258509  -4.73103526  -4.16142487
  -2.30258509  -4.63156975 -10.16150232  -1.80722258]
log likelihood =  -1667.69847624
Edge derivatives =  [0.019856816862447557, -0.007810878502266222, 0.06701099024501245, 0.0500157858731789, -0.004782006262425004, -0.004307894807654172, -0.04145471036183603, -0.030485452438913017, 0.09590801745964178, 0.09064477045442451, -0.030485452438912475, 3.9112644272998866e-16, -0.08301985919209658, -0.01373436014121849, 3.953512644605089e-16, -0.030485452438912302, -0.00916837431027703, -0.06600633551505541]
other derivatives: [ 0.01225544 -0.08151346 -0.0700993  -0.02585239 -0.07059953  0.        ]
Current x array =  [ -0.64515783  -0.71141169  -0.76307907   0.59605795  -1.40371999
   0.33647224  -0.05373174  -8.07307795  -3.54561068  -3.03304524
  -2.01082281  -2.04714005  -4.76835134  -4.63553842  -4.3962209
  -3.24087716  -4.63553842  -2.30258509  -4.73204444  -4.15938555
  -2.30258509  -4.63553842 -10.17906081  -1.81136114]
log likelihood =  -1667.69776202
Edge derivatives =  [0.06811903651839801, -0.007511669938616167, 0.0652489947912194, 0.04179991192433363, -0.0030658262894873167, -0.0031810129132715803, -0.0440527756940647, -0.028711126976092335, 0.09461744054743974, 0.08409402718216213, -0.02871112697609223, 3.2453060622926e-15, -0.08397947772616308, -0.01283423012461836, 3.1990515172113955e-15, -0.028711126976092526, -0.008811482528912343, 0.040349406088469486]
other derivatives: [ 0.19417712  0.08096777 -0.04222329  0.04185949 -0.08678853  0.        ]
Current x array =  [ -0.64537167  -0.71184977  -0.76324082   0.59485178  -1.40344799
   0.33647224  -0.05423064  -8.11147398  -3.54562781  -3.03205245
  -2.01095601  -2.04717195  -4.76668861  -4.63632152  -4.39581819
  -3.24012747  -4.63632152  -2.30258509  -4.73134641  -4.15966556
  -2.30258509  -4.63632152 -10.21883013  -1.81414898]
log likelihood =  -1667.69699007
Edge derivatives =  [0.09151110850031341, -0.007110388628399634, 0.060523252774572295, 0.030320949037279, -0.0017696153446928597, -0.0022411188482288347, -0.048089166410260425, -0.0263739480746796, 0.09058304921116536, 0.0657520828909707, -0.026373948074679448, 2.986282482676127e-15, -0.08524183582533591, -0.011789982169883015, 3.0197905183938847e-15, -0.02637394807467895, -0.008327596808864234, 0.1515081077474918]
other derivatives: [ 0.23235316 -0.05288712  0.01732587  0.10306849 -0.07696599  0.        ]
Current x array =  [ -0.64538715  -0.7114365   -0.76350679   0.59366415  -1.40368051
   0.33647224  -0.05449868  -8.1662059   -3.54546343  -3.03082676
  -2.01106679  -2.04724224  -4.76457724  -4.63749658  -4.39466934
  -3.23824025  -4.63749658  -2.30258509  -4.73079393  -4.16001944
  -2.30258509  -4.63749658 -10.27551991  -1.81718583]
log likelihood =  -1667.69641232
Edge derivatives =  [0.06600368842469179, -0.005746706702863441, 0.06059969117772478, 0.02180548638104529, 0.020424718418463605, 0.012127130398774028, -0.062006804268406115, -0.016041079042868757, 0.08105592999533226, 0.04529278918241686, -0.016041079042868965, 9.63079735701957e-17, -0.08916875388869025, -0.00697420826956547, 1.036669813259452e-16, -0.016041079042869003, -0.006705666080269714, 0.3017571894894663]
other derivatives: [ 0.45131401  0.93357357  0.01348326  0.16086688  0.05186394  0.        ]
Current x array =  [ -0.64563026  -0.71434107  -0.76350184   0.59218822  -1.4066021
   0.33647224  -0.05366546  -8.37517738  -3.54672627  -3.02864594
  -2.01259308  -2.04781778  -4.75581979  -4.64197719  -4.39162219
  -3.2357762   -4.64197719  -2.30258509  -4.72764869  -4.16153235
  -2.30258509  -4.64197719 -10.49198965  -1.82084231]
log likelihood =  -1667.6944799
Edge derivatives =  [0.0349986413919699, -0.005750835386358051, 0.05497507191436009, 0.017130797754738136, 0.018161796788085244, 0.00868357313514112, -0.061590530825115744, -0.014826126465301938, 0.07378493284921739, 0.03039808054792674, -0.014826126465301667, -4.440472069976195e-17, -0.086754666678187, -0.007781423675708575, -4.440477386148368e-17, -0.014826126465301147, -0.006700608259649906, 0.2813073601576882]
other derivatives: [ 0.12394139  0.30936462  0.06887149  0.14431407  0.05079528  0.        ]
Current x array =  [ -0.64518935  -0.71252031  -0.76368688   0.59244735  -1.40651475
   0.33647224  -0.05356589  -8.37612778  -3.54584893  -3.02872561
  -2.01258435  -2.04764406  -4.75682975  -4.64273905  -4.38943171
  -3.23441947  -4.64273905  -2.30258509  -4.72954393  -4.16128933
  -2.30258509  -4.64273905 -10.49297181  -1.82054976]
log likelihood =  -1667.69242013
Edge derivatives =  [-0.04757664548279228, -0.0053300406207678645, 0.04964994016393422, 0.01761315244156847, 0.028346757553058516, 0.011913581113483396, -0.06486236984341054, -0.009503585345941812, 0.05680202488090376, 0.011499477408578637, -0.009503585345941867, 6.543333915933612e-20, -0.08301372023708975, -0.00603301355922576, 2.911063125040355e-20, -0.009503585345941916, -0.006190038501693978, 0.20513816685285274]
other derivatives: [-0.10163603 -0.25879672  0.09249561  0.08483312  0.12234977  0.        ]
Current x array =  [ -0.64490495  -0.71091757  -0.76369899   0.5933302   -1.40783988
   0.33647224  -0.05267552  -8.45273295  -3.54490126  -3.02922532
  -2.01356498  -2.04762205  -4.75580926  -4.64524037  -4.38395428
  -3.23261916  -4.64524037  -2.30258509  -4.73194513  -4.16171114
  -2.30258509  -4.64524037 -10.57230916  -1.81868628]
log likelihood =  -1667.69042704
Edge derivatives =  [-0.12053314014179056, -0.004610351094185682, 0.04466522530371787, 0.020707284418776783, 0.04841652763535925, 0.01826372336593521, -0.06987210377833288, -0.0006456761249544578, 0.02782217101590267, -0.007772400365938223, -0.000645676124954718, 4.3218212758896124e-16, -0.07603571345566332, -0.0016189088791506503, 4.047668095343773e-16, -0.0006456761249546243, -0.005328116015393573, 0.11647968374985412]
other derivatives: [-0.51841198 -0.46809419  0.07655672  0.02589786  0.18003448  0.        ]
Current x array =  [ -0.64435727  -0.71036317  -0.76356444   0.59417221  -1.4089869
   0.33647224  -0.05188429  -8.59745001  -3.54333136  -3.03018584
  -2.01549862  -2.04755287  -4.75364259  -4.64921961  -4.37445317
  -3.23069575  -4.64921961  -2.30258509  -4.735614    -4.16282149
  -2.30258509  -4.64921961 -10.72217042  -1.81639834]
log likelihood =  -1667.68891056
Edge derivatives =  [-0.16384410939511201, -0.0035611522534675184, 0.030551825500324425, 0.014958815296086336, 0.08172037266448107, 0.036942364643686915, -0.07785179223514962, 0.007834040732622515, -0.0182606601783637, -0.04388277340384024, 0.007834040732621884, 2.1871352820713597e-15, -0.06637756647351555, 0.014748927136070872, 2.203840921183415e-15, 0.007834040732621967, -0.004086243108612938, -0.03730214415011729]
other derivatives: [ 0.58512342 -0.68127974 -0.00463842 -0.05370566  0.28414888  0.        ]
Current x array =  [ -0.64593856  -0.70984521  -0.76313812   0.59564839  -1.41054096
   0.33647224  -0.0508662   -8.85322891  -3.53933274  -3.03066239
  -2.01829126  -2.04783409  -4.75002108  -4.65264113  -4.35886627
  -3.2268651   -4.65264113  -2.30258509  -4.74026957  -4.16679384
  -2.30258509  -4.65264113 -10.98700495  -1.81211181]
log likelihood =  -1667.68728799
Edge derivatives =  [-0.1285409744750653, -0.0031036721890665676, 0.033051403957788855, 0.018485418655703745, 0.09214525350526456, 0.033243461247526584, -0.08188914631156154, 0.020403241418728617, -0.04268935181081657, -0.047367261920204407, 0.02040324141872837, -9.395287036140258e-16, -0.058435556419009965, 0.01381069699126062, -9.305318356569044e-16, 0.020403241418728093, -0.003545972333833223, -0.05536332878926081]
other derivatives: [-0.32825938 -0.24269866 -0.10334134 -0.05595666  0.19203981  0.        ]
Current x array =  [ -0.64467751  -0.71108948  -0.76281785   0.5956884   -1.40894426
   0.33647224  -0.05155578  -8.99001253  -3.5388093   -3.03141969
  -2.01967099  -2.04722272  -4.74761735  -4.65825998  -4.35109567
  -3.22639783  -4.65825998  -2.30258509  -4.74396649  -4.16652828
  -2.30258509  -4.65825998 -11.12867673  -1.81162088]
log likelihood =  -1667.68664204
Edge derivatives =  [-0.06734853628372411, -0.003072549408196461, 0.02995112395158603, 0.010569709876430355, 0.08836055111375404, 0.02998596923061586, -0.08149596046470067, 0.020212383230339925, -0.04639624843069462, -0.04873803658291338, 0.020212383230340084, 4.48549448448419e-17, -0.056835570982663425, 0.01601775617131742, 4.464701764285624e-17, 0.020212383230340157, -0.0034551553235486494, -0.037623591106606735]
other derivatives: [-0.23551365 -0.00682121 -0.0501359  -0.02582965  0.1117769   0.        ]
Current x array =  [ -0.64480342  -0.71174316  -0.76303372   0.59535177  -1.4073308
   0.33647224  -0.05236797  -9.          -3.53794254  -3.03089356
  -2.01944296  -2.0470688   -4.74769272  -4.65813678  -4.34982529
  -3.22619718  -4.65813678  -2.30258509  -4.74453558  -4.16710335
  -2.30258509  -4.65813678 -11.15454342  -1.81206393]
log likelihood =  -1667.68609961
Edge derivatives =  [0.02092691552646886, -0.0030732054052962027, 0.022481075786250443, -0.002745107010051706, 0.07707136415948396, 0.022769413755456713, -0.0786608439874105, 0.01793383411517927, -0.05265707970627088, -0.05088300243568754, 0.01793383411517915, 1.0409758212911259e-15, -0.05310923364719883, 0.02039636616270815, 1.036610379351722e-15, 0.01793383411517975, -0.003376546596234323, -0.031012626121889764]
other derivatives: [ 0.02714842  0.12389592 -0.01844001  0.00823093 -0.01357421  0.        ]
Current x array =  [ -0.64517574  -0.71208201  -0.76318039   0.59512761  -1.40472218
   0.33647224  -0.05355655  -9.          -3.53587275  -3.03027502
  -2.01863135  -2.04672765  -4.74929556  -4.65702033  -4.34760498
  -3.22591647  -4.65702033  -2.30258509  -4.74626559  -4.16814039
  -2.30258509  -4.65702033 -11.17742908  -1.81222468]
log likelihood =  -1667.68585521
Edge derivatives =  [0.03794724456165044, -0.00307487955495091, 0.016952852570984833, -0.00932142694770599, 0.06680461413005495, 0.016609153054864684, -0.07619441928708533, 0.016019719930165228, -0.056002946517968485, -0.05067498967584366, 0.01601971993016536, 4.440749673440185e-17, -0.0504570024694416, 0.022634318883680837, 4.4407476424758934e-17, 0.016019719930165262, -0.003345052658933958, -0.03276362305170133]
other derivatives: [ 0.09576979  0.08931238  0.02094112  0.01268745 -0.05959464  0.        ]
Current x array =  [ -0.6452813   -0.71196821  -0.76331987   0.59519956  -1.40377196
   0.33647224  -0.05388117  -9.          -3.53450313  -3.03010326
  -2.01783697  -2.04646215  -4.75082793  -4.65614439  -4.34645269
  -3.22594915  -4.65614439  -2.30258509  -4.74765863  -4.1686595
  -2.30258509  -4.65614439 -11.18676621  -1.81221056]
log likelihood =  -1667.68517859
Edge derivatives =  [0.0663545811547746, -0.003076455575525379, 0.0009667388719902248, -0.026595178176192835, 0.029439993424487443, -0.002600281957462647, -0.06783376248259704, 0.009153002456096827, -0.06027814807152594, -0.04167969150201417, 0.009153002456096137, -6.281038730980068e-16, -0.0431204185685536, 0.028894316083279727, -6.581861286832587e-16, 0.009153002456096865, -0.0032630586073195108, -0.013648245506502787]
other derivatives: [ 0.18062565 -0.00056843 -0.05154561  0.01275566 -0.12862529  0.        ]
Current x array =  [ -0.64542179  -0.71168657  -0.76306975   0.5954397   -1.40233541
   0.33647224  -0.05434942  -9.          -3.53061935  -3.02959576
  -2.01474937  -2.04567769  -4.75584325  -4.65294224  -4.34479302
  -3.2268479   -4.65294224  -2.30258509  -4.75148357  -4.17003745
  -2.30258509  -4.65294224 -11.21147381  -1.81272416]
log likelihood =  -1667.68501346
Edge derivatives =  [-0.007757332885209689, -0.0030852300627249476, -0.025963817742372497, -0.044466439575558514, -0.03485802327538062, -0.037883341837847584, -0.05251994144832588, -0.0029260765064874836, -0.06344568480277157, -0.018227373317642945, -0.0029260765064874905, 3.55713110558666e-16, -0.030442650565656468, 0.03403470056437883, 3.7219313971651225e-16, -0.0029260765064867897, -0.003167120512783946, -0.022228635024644394]
other derivatives: [ 0.06925802 -0.08335519  0.6547225  -0.02928573 -0.12089458  0.        ]
Current x array =  [ -0.64530554  -0.7114357   -0.76544361   0.59613954  -1.40248415
   0.33647224  -0.0539577   -9.          -3.52483863  -3.02979973
  -2.00942761  -2.04455621  -4.76536811  -4.64778564  -4.34382936
  -3.22953928  -4.64778564  -2.30258509  -4.75844629  -4.17133459
  -2.30258509  -4.64778564 -11.241349    -1.81282465]
log likelihood =  -1667.68413303
Edge derivatives =  [0.019949963622219846, -0.003078870300077762, -0.022930806996694766, -0.041515506717667905, -0.03928060198272587, -0.036186922441421465, -0.05103244180065608, -0.002858956434035935, -0.05875578111596787, -0.009467583718765785, -0.002858956434036084, 6.129140006561981e-16, -0.030026949193174498, 0.03405137715201571, 5.452947015627258e-16, -0.0028589564340355256, -0.003171452678687328, 0.005694258690434217]
other derivatives: [ 0.03715286 -0.09654286  0.11880275 -0.02364686 -0.09506493  0.        ]
Current x array =  [ -0.64524944  -0.71140697  -0.76360605   0.59598742  -1.40299671
   0.33647224  -0.05391598  -9.          -3.52496492  -3.02989138
  -2.00891036  -2.04453822  -4.7659341   -4.64752894  -4.34503933
  -3.23023782  -4.64752894  -2.30258509  -4.7585295   -4.17106065
  -2.30258509  -4.64752894 -11.23985318  -1.81334099]
log likelihood =  -1667.68382554
Edge derivatives =  [0.0023460493699824503, -0.0030757008602254575, -0.020465548246434886, -0.03480651498174692, -0.04506492461087758, -0.03639121901938093, -0.04847640266994727, -0.0029318292570661222, -0.053221696314760196, 0.0019995388800600478, -0.002931829257065817, -2.36603792592461e-16, -0.02872204686645243, 0.03187667771467063, -2.294043715219153e-16, -0.0029318292570657163, -0.0031851318437522967, 0.017946208895664895]
other derivatives: [-0.04297362 -0.06846221 -0.04631602 -0.03012701 -0.03306013  0.        ]
Current x array =  [ -0.64512772  -0.71150239  -0.76302908   0.59591138  -1.40427495
   0.33647224  -0.05348884  -9.          -3.52519194  -3.03042111
  -2.00828399  -2.04457353  -4.76725772  -4.64738825  -4.34673033
  -3.23134171  -4.64738825  -2.30258509  -4.75921218  -4.17035019
  -2.30258509  -4.64738825 -11.23549564  -1.81357927]
log likelihood =  -1667.68355181
Edge derivatives =  [-0.02008026731932605, -0.0030733565327565435, -0.018017001945097186, -0.024807082450722606, -0.054558144531015096, -0.03792090992421793, -0.04318361392615244, -0.0030170223493214306, -0.04663069435746356, 0.019013778272581577, -0.003017022349321278, 1.260509392832588e-15, -0.02487724159241189, 0.027932632420960543, 1.2298895347684607e-15, -0.0030170223493212363, -0.0031932556762596692, 0.02702110613262887]
other derivatives: [-0.08431016 -0.00038654 -0.09217729 -0.02946763  0.03522018  0.        ]
Current x array =  [ -0.64505574  -0.71170654  -0.76286314   0.5956868   -1.40568887
   0.33647224  -0.05304184  -9.          -3.52513184  -3.03145514
  -2.00732991  -2.04463495  -4.77018793  -4.6472483   -4.34877114
  -3.23302433  -4.6472483   -2.30258509  -4.76128712  -4.16911893
  -2.30258509  -4.6472483  -11.23286764  -1.81376544]
log likelihood =  -1667.68318629
Edge derivatives =  [-0.018170945670573257, -0.00307308393065596, -0.01114391337598132, -0.008181869982390233, -0.05760176265693659, -0.034409499596204235, -0.03534950890744397, -0.0011004572227418657, -0.03716012926306626, 0.03994420735124428, -0.0011004572227423445, -1.5543009227492095e-16, -0.01859850623115248, 0.019503035591540555, -1.554391242070652e-16, -0.00110045722274223, -0.003203019167486517, 0.03464199989976452]
other derivatives: [-0.12848886 -0.0357204  -0.07887593  0.00384262  0.06366463  0.        ]
Current x array =  [ -0.64496729  -0.71158166  -0.76294075   0.5949696   -1.40631783
   0.33647224  -0.05302425  -9.          -3.52552146  -3.03327943
  -2.00692825  -2.04506408  -4.77463115  -4.64802203  -4.35179421
  -3.23512573  -4.64802203  -2.30258509  -4.76485708  -4.16661541
  -2.30258509  -4.64802203 -11.22975955  -1.81399124]
log likelihood =  -1667.68442784
Edge derivatives =  [-0.08625012978679292, -0.003074152365804201, -0.001368442371028955, 0.029655326560511952, -0.05419669709515493, -0.014635020088131362, -0.007403053975009313, 0.0004669453057723101, -0.019881062092433215, 0.07520182829598909, 0.00046694530577216786, 4.0099160283309927e-16, 0.005833796837052735, 0.0034870160246394458, 3.504911149160825e-16, 0.0004669453057727542, -0.0032022130984137222, -0.025703808521615357]
other derivatives: [ 1.30823992  0.53266831  0.00222826 -0.02582965  0.07280505  0.        ]
Current x array =  [ -0.64698581  -0.71320777  -0.76317093   0.59597538  -1.40642178
   0.33647224  -0.05208774  -9.          -3.52343115  -3.03802611
  -2.00651882  -2.04664108  -4.79067465  -4.64799873  -4.356608
  -3.23810739  -4.64799873  -2.30258509  -4.77801988  -4.16105892
  -2.30258509  -4.64799873 -11.22908754  -1.81203246]
log likelihood =  -1667.68299964
Edge derivatives =  [-0.03621624206447488, -0.0030733715850165652, -0.008553159611054198, 0.001886679109473266, -0.056698343092071, -0.029156471554193736, -0.02788610725721268, -0.0006839160226620733, -0.03256777199106156, 0.04931269962651852, -0.0006839160226612927, -1.722183154579062e-16, -0.012085331086061604, 0.015271531547690072, -1.6383963293855217e-16, -0.0006839160226608035, -0.0032028081249067444, 0.018649745106777194]
other derivatives: [ 0.25365807  0.11532393 -0.05745733 -0.00406999  0.06602932  0.        ]
Current x array =  [ -0.64550275  -0.71201302  -0.76300181   0.59523641  -1.40634541
   0.33647224  -0.05277582  -9.          -3.52496696  -3.0345386
  -2.00681964  -2.04548242  -4.77888708  -4.64801585  -4.35307118
  -3.23591669  -4.64801585  -2.30258509  -4.76834883  -4.16514142
  -2.30258509  -4.64801585 -11.22958129  -1.81347163]
log likelihood =  -1667.68270189
Edge derivatives =  [-0.014362394121065714, -0.003075456099418861, -0.00013435187288821093, 0.018572080108617217, -0.04873485940628558, -0.02002639336918846, -0.01950036840022225, 0.002370141404761484, -0.024667325983923058, 0.06321520734466307, 0.0023701414047613695, 3.97761899419968e-15, -0.004684044643964151, 0.005392889734340926, 3.992795043196038e-15, 0.002370141404762431, -0.0032058589984833813, 0.009734201927406094]
other derivatives: [ 0.05163656  0.1143917   0.01407443  0.03533387  0.02482921  0.        ]
Current x array =  [ -0.6452016   -0.71196709  -0.76329878   0.59457034  -1.4056144
   0.33647224  -0.05322836  -9.          -3.52542569  -3.03652759
  -2.0074199   -2.04625913  -4.78372869  -4.64936766  -4.35568939
  -3.23728786  -4.64936766  -2.30258509  -4.7726043   -4.16226338
  -2.30258509  -4.64936766 -11.22857973  -1.81331938]
log likelihood =  -1667.68256172
Edge derivatives =  [0.005470859723049337, -0.003076384575528373, 0.003929527663482396, 0.025138494412982104, -0.034691590787623294, -0.009444693058088566, -0.015863721583393338, 0.004165704702880531, -0.02097600576148838, 0.06123881613572893, 0.0041657047028803365, 8.395965900492896e-18, -0.001536344100090497, 0.0005186393840873257, 4.078433082324359e-18, 0.0041657047028802185, -0.003209489476648097, -0.006091184408747563]
other derivatives: [ 0.10095391 -0.06223217  0.03722107  0.03442437 -0.00286491  0.        ]
Current x array =  [ -0.64526725  -0.71143221  -0.76340592   0.59468658  -1.40493007
   0.33647224  -0.05353007  -9.          -3.52576083  -3.03734098
  -2.00854626  -2.04692774  -4.78600267  -4.65018921  -4.35693675
  -3.2370563   -4.65018921  -2.30258509  -4.77460869  -4.1608117
  -2.30258509  -4.65018921 -11.22744296  -1.81296996]
log likelihood =  -1667.68244482
Edge derivatives =  [0.007755489369832336, -0.0030772837274960713, 0.0032567611441922523, 0.024640737604505025, -0.022641727737022332, -0.0013746988560898732, -0.011928364030211462, 0.004163440005472661, -0.02115068641270664, 0.05133163276067562, 0.004163440005473421, -4.3627294662617976e-16, 0.002177527435389931, -0.0010417397638162532, -4.125167733717448e-16, 0.0041634400054732755, -0.0031998487530779415, -0.030106222646721914]
other derivatives: [-0.03160494 -0.0018872   0.03444711  0.00077307 -0.05168204  0.        ]
Current x array =  [ -0.64510318  -0.71159675  -0.76339028   0.59543748  -1.40389964
   0.33647224  -0.05370236  -9.          -3.52514326  -3.03759213
  -2.00955126  -2.04744419  -4.78842921  -4.65020712  -4.3569163
  -3.23592721  -4.65020712  -2.30258509  -4.77672767  -4.16022725
  -2.30258509  -4.65020712 -11.23036628  -1.81234452]
log likelihood =  -1667.682371
Edge derivatives =  [0.010211784213565167, -0.003076030157848606, 0.0013610554103370004, 0.02095854754043802, -0.015285644089705425, 0.002826480111485008, -0.011291180420626344, 0.003669399071265969, -0.02154513374778222, 0.041054844421788986, 0.0036693990712660836, -3.9253561547707336e-16, 0.002573052059425915, -0.0003266404956057331, -4.01648675664688e-16, 0.0036693990712659587, -0.0031975929363207414, -0.03253260167111882]
other derivatives: [-0.0108912  -0.01973604 -0.00175078 -0.02321485 -0.04692993  0.        ]
Current x array =  [ -0.64513914  -0.71155091  -0.76325646   0.59587134  -1.40389341
   0.33647224  -0.05366658  -9.          -3.52483968  -3.03725104
  -2.0101543   -2.04761571  -4.7889075   -4.64999938  -4.35680583
  -3.23480676  -4.64999938  -2.30258509  -4.77700926  -4.16034572
  -2.30258509  -4.64999938 -11.23104956  -1.81226398]
log likelihood =  -1667.68222118
Edge derivatives =  [0.011465047425848918, -0.003074049922154393, -0.0031307362115508275, 0.01192568868613686, 0.0016234700793346102, 0.011800425092129946, -0.008772088755866856, 0.0025917825979258034, -0.020502894478920137, 0.01605887779519341, 0.0025917825979259214, 3.854180709356432e-22, 0.0040212397103678785, 0.00032613480739455275, 3.833543550322e-22, 0.002591782597926022, -0.0031904188075007923, -0.016108416156662364]
other derivatives: [ 0.00702585 -0.00472937 -0.03185505 -0.03922196 -0.02380602  0.        ]
Current x array =  [ -0.64516379  -0.71160532  -0.76314274   0.59609063  -1.40426916
   0.33647224  -0.05356314  -9.          -3.52420068  -3.03635939
  -2.01156745  -2.04793619  -4.79058899  -4.64958     -4.35724139
  -3.23206861  -4.64958     -2.30258509  -4.77796061  -4.16034542
  -2.30258509  -4.64958    -11.23327185  -1.81267251]
log likelihood =  -1667.68213738
Edge derivatives =  [-0.04558891087235173, -0.0030786591851857305, -0.00642681061925858, 0.005157323854384499, 0.007977511184016545, 0.011989698353492895, -0.004868339906409079, 0.0017819162754991597, -0.015832907918334783, -0.001473934253422196, 0.0017819162754985178, -9.351677851926153e-20, 0.0059369720298262825, -0.0007247704639830183, -6.293440502592554e-20, 0.001781916275498497, -0.0031860178609888178, -0.0011791121858321651]
other derivatives: [ 0.00329692 -0.01787157 -0.01634817 -0.00341061 -0.0150294   0.        ]
Current x array =  [ -0.64515606  -0.71157924  -0.7631767    0.59545542  -1.40475706
   0.33647224  -0.05308112  -9.          -3.52388655  -3.03561105
  -2.01220803  -2.04770548  -4.79301877  -4.64928477  -4.35887907
  -3.2301253   -4.64928477  -2.30258509  -4.77920826  -4.15989263
  -2.30258509  -4.64928477 -11.23465072  -1.81307064]
log likelihood =  -1667.68214594
Edge derivatives =  [0.08897240650452681, -0.0030669117501910077, -0.006325303257718989, 0.00041099834172264593, 0.00928631554747017, 0.008800006995001747, -0.0017339496856053627, 0.001669801777811071, -0.010011091485758343, -0.011355231972704827, 0.00166980177781096, -6.023325229805907e-17, 0.00702469674449557, -0.002394107436060812, -7.449257556301442e-17, 0.0016698017778114006, -0.0031838025686843946, 0.01692071094760461]
other derivatives: [ 0.02814886  0.02846718 -0.0146656   0.01020908  0.04138201  0.        ]
Current x array =  [ -0.64514939  -0.71170395  -0.76322723   0.59487221  -1.4054297
   0.33647224  -0.05404696  -9.          -3.52408232  -3.03500584
  -2.01246045  -2.04723986  -4.7948174   -4.64928068  -4.36085833
  -3.22899732  -4.64928068  -2.30258509  -4.77990031  -4.15934577
  -2.30258509  -4.64928068 -11.23534415  -1.81353684]
log likelihood =  -1667.68211343
Edge derivatives =  [0.01654941784897751, -0.003073238444679169, -0.006380125540398282, 0.002966625202912576, 0.008581485345090734, 0.01051758771216249, -0.0034204799525831865, 0.001730110498159819, -0.013143481278538208, -0.006034521420858599, 0.001730110498159347, -5.844232392030627e-16, 0.006439171279608063, -0.001495252981000783, -5.696895718055894e-16, 0.0017301104981593297, -0.0031849948579180626, 0.007178743854062253]
other derivatives: [ 0.01493845  0.00366072 -0.01543867  0.00304681  0.01118678  0.        ]
Current x array =  [ -0.64515298  -0.71163682  -0.76320003   0.59518615  -1.40506762
   0.33647224  -0.05352706  -9.          -3.52397694  -3.03533162
  -2.01232458  -2.0474905   -4.79384922  -4.64928288  -4.35979292
  -3.2296045   -4.64928288  -2.30258509  -4.77952779  -4.15964014
  -2.30258509  -4.64928288 -11.23497088  -1.81328589]
log likelihood =  -1667.68210048
Edge derivatives =  [0.004343592534516327, -0.00307425522302642, -0.00675886398204513, 0.0022744749535317244, 0.00413222042694511, 0.006180337101444666, -0.0025903360923634003, 0.0014177241885326985, -0.011521059588355302, -0.00510252199937157, 0.0014177241885323412, 1.9993031140898012e-16, 0.006614830901250781, -0.0017378802390551687, 1.9989108714274063e-16, 0.0014177241885326534, -0.0031846648454928184, 0.00633349096489344]
other derivatives: [-0.00306954  0.00409273  0.01286935  0.00820819  0.01427907  0.        ]
Current x array =  [ -0.64512882  -0.71164011  -0.7632919    0.59508306  -1.4051979
   0.33647224  -0.05342648  -9.          -3.52401448  -3.03522907
  -2.01201151  -2.04719917  -4.79433096  -4.64916074  -4.3603451
  -3.22970231  -4.64916074  -2.30258509  -4.77964697  -4.15957575
  -2.30258509  -4.64916074 -11.23508253  -1.81327506]
log likelihood =  -1667.68208711
Edge derivatives =  [-0.004860065495241983, -0.003075267748548441, -0.006536985106671764, 0.0016460577783655728, -0.0032519934071602863, -0.0008191773365400223, -0.001226656327558577, 0.0010971636268771456, -0.008585701615636612, -0.002355049710174334, 0.001097163626877274, -1.0427997151016962e-15, 0.006839355611491019, -0.002104810271420593, -1.0653486898246828e-15, 0.0010971636268772983, -0.0031836136359403105, 0.0048137924222942385]
other derivatives: [-0.01975877  0.00154614  0.00406999  0.01707576  0.01114131  0.        ]
Current x array =  [ -0.64510655  -0.71163325  -0.76325766   0.59493251  -1.40522225
   0.33647224  -0.053362    -9.          -3.5241661   -3.03509098
  -2.01149227  -2.04670915  -4.79507826  -4.64901159  -4.36130142
  -3.22997159  -4.64901159  -2.30258509  -4.77978591  -4.15945499
  -2.30258509  -4.64901159 -11.23540952  -1.81323323]
log likelihood =  -1667.68208428
Edge derivatives =  [-0.0021726641266418545, -0.0030764661205560707, -0.007588420188315084, -0.004048886424715237, -0.010005113207666116, -0.01059159576938229, -0.0012492919060323945, 0.0002010361876746032, -0.006033028922371109, -0.005305305664009163, 0.00020103618767523118, -4.806509190822122e-16, 0.0051902774704457, -0.0007659216507431288, -4.512516371431762e-16, 0.00020103618767569262, -0.003178538968264645, 0.0014299466537747163]
other derivatives: [ 0.00813998 -0.00979981  0.08685674  0.01211902 -0.00763976  0.        ]
Current x array =  [ -0.64515304  -0.71159726  -0.76353992   0.59508084  -1.40483975
   0.33647224  -0.05346276  -9.          -3.52450637  -3.03434695
  -2.01112347  -2.04598865  -4.79503074  -4.64868051  -4.36220037
  -3.22970203  -4.64868051  -2.30258509  -4.77891183  -4.15989005
  -2.30258509  -4.64868051 -11.23705162  -1.8131826 ]
  status: 0
 success: True
    nfev: 100
     fun: 1667.682084284885
       x: array([ -0.64515304,  -0.71159726,  -0.76353992,   0.59508084,
        -1.40483975,   0.33647224,  -0.05346276,  -9.        ,
        -3.52450637,  -3.03434695,  -2.01112347,  -2.04598865,
        -4.79503074,  -4.64868051,  -4.36220037,  -3.22970203,
        -4.64868051,  -2.30258509,  -4.77891183,  -4.15989005,
        -2.30258509,  -4.64868051, -11.23705162,  -1.8131826 ])
 message: 'CONVERGENCE: REL_REDUCTION_OF_F_<=_FACTR*EPSMCH'
     jac: array([ -8.13997758e-03,   9.79980541e-03,  -8.68567440e-02,
        -1.21190169e-02,   7.63975549e-03,  -0.00000000e+00,
         2.17266413e-03,   3.07646612e-03,   7.58842019e-03,
         4.04888642e-03,   1.00051132e-02,   1.05915958e-02,
         1.24929191e-03,  -2.01036188e-04,   6.03302892e-03,
         5.30530566e-03,  -2.01036188e-04,   4.80650919e-16,
        -5.19027747e-03,   7.65921651e-04,   4.51251637e-16,
        -2.01036188e-04,   3.17853897e-03,  -1.42994665e-03])
     nit: 91
