number of sites to be analyzed:  107
Successfully loaded parameter value from ./save/MG94_Force_ENSG00000135823_ENSG00000104915_nonclock_save.txt
log likelihood =  -1370.88927282
Edge derivatives =  [0.0004354405458945054, -0.00042627280677015947, -8.445514822099518e-06, 0.00012271412681079397, -3.8098651782103185e-06, 0.0018084112098122052, -0.001111553049212774, -0.0013709073369945202, -3.839053530469428e-06, 0.0024994649697687166, -4.015785874828401e-06, 0.002134844241478376, -0.00024709254263225247, -0.00036328937857510457]
other derivatives: [ 0.00813998 -0.00211458 -0.0003638  -0.00100044  0.00277396  0.        ]
Current x array =  [ -0.62129764  -0.73195917  -0.50792525   0.41293968  -1.37875454
   0.33647224  -0.23345641  -3.68454204 -16.61334443  -3.98374557
 -17.7705396   -3.90983345  -3.83004045  -0.84643216 -17.76919404
  -2.79984363 -17.71559935  -3.90797659  -5.29815723  -4.19708954]
log likelihood =  -1370.91179027
Edge derivatives =  [-0.16519203498656276, -0.008386690842620769, -8.442796315623804e-06, -0.001236579694364963, -3.8137752762245513e-06, -0.009310675164218268, -0.003434036528084189, 0.016215994107204867, -3.8428214432772905e-06, -0.03896823806917192, -4.020241993838486e-06, -0.010260307956177162, -0.000978849949541432, -0.002248413126855864]
other derivatives: [-5.33755156  0.55581495 -0.02041816  0.01566605 -0.17332695  0.        ]
Current x array =  [ -0.61315767  -0.73407374  -0.50828905   0.41193924  -1.37598058
   0.33647224  -0.23302097  -3.68496832 -16.61335288  -3.98362286
 -17.77054341  -3.90802504  -3.83115201  -0.84780307 -17.76919788
  -2.79734416 -17.71560337  -3.90584174  -5.29840432  -4.19745283]
log likelihood =  -1370.88927272
Edge derivatives =  [7.836108319669854e-05, -0.00044355791813445455, -8.445508888128749e-06, 0.0001198020410777198, -3.8098735902191916e-06, 0.001784449387409931, -0.0011165152944852264, -0.0013324476941189989, -3.839061632687872e-06, 0.0024100985490047022, -4.015795463857286e-06, 0.002108131967769801, -0.0002486637290748592, -0.0003673331765163962]
other derivatives: [-0.00325144 -0.00088676 -0.00045475 -0.00095497  0.00231921  0.        ]
Current x array =  [ -0.62128005  -0.73196374  -0.50792604   0.41293752  -1.37874855
   0.33647224  -0.23345547  -3.68454296 -16.61334445  -3.9837453
 -17.77053961  -3.90982954  -3.83004285  -0.84643513 -17.76919405
  -2.79983822 -17.71559936  -3.90797197  -5.29815777  -4.19709032]
  status: 0
 success: True
    nfev: 3
     fun: 1370.8892727151867
       x: array([ -0.62128005,  -0.73196374,  -0.50792604,   0.41293752,
        -1.37874855,   0.33647224,  -0.23345547,  -3.68454296,
       -16.61334445,  -3.9837453 , -17.77053961,  -3.90982954,
        -3.83004285,  -0.84643513, -17.76919405,  -2.79983822,
       -17.71559936,  -3.90797197,  -5.29815777,  -4.19709032])
 message: 'CONVERGENCE: REL_REDUCTION_OF_F_<=_FACTR*EPSMCH'
     jac: array([  3.25144356e-03,   8.86757334e-04,   4.54747351e-04,
         9.54969437e-04,  -2.31921149e-03,  -0.00000000e+00,
        -7.83610832e-05,   4.43557918e-04,   8.44550889e-06,
        -1.19802041e-04,   3.80987359e-06,  -1.78444939e-03,
         1.11651529e-03,   1.33244769e-03,   3.83906163e-06,
        -2.41009855e-03,   4.01579546e-06,  -2.10813197e-03,
         2.48663729e-04,   3.67333177e-04])
     nit: 1
