number of sites to be analyzed:  48
log likelihood =  -879.56823279
Edge derivatives =  [51.122200123867096, -1.3724422228742557, -5.885907275974684, -3.4456668359298317, -0.06280045872676324, -0.0030224443968601966, -7.396412845230997, 2.447618581213877, -8.287048308491988, -1.0293038727410018, 2.4476185812138773, -5.874399938467839e-16, -7.8834929336333515, -7.117293058762555, -6.271769560838181e-16, 2.447618581213877, -7.481321179164083, -6.54906944252884]
other derivatives: [ -1.16921228   5.94583298  -1.48451136   5.86583155 -33.66210422   0.        ]
Current x array =  [-0.68881629 -0.92453552 -0.58813546  0.18232156 -0.10536052  0.33647224
 -2.30258509 -2.30258509 -2.30258509 -2.30258509 -2.30258509 -2.30258509
 -2.30258509 -2.30258509 -2.30258509 -2.30258509 -2.30258509 -2.30258509
 -2.30258509 -2.30258509 -2.30258509 -2.30258509 -2.30258509 -2.30258509]
log likelihood =  -821.459259183
Edge derivatives =  [42.99259336462277, -1.7963911664032404, -5.609141639455276, -3.800532211009348, -0.045053075369919454, 0.08933235422647905, -6.484022658698821, 2.28576246076493, -7.147911559836131, -0.7748069111784827, 2.2857624607649294, 2.9477816316762094e-16, -6.735572527669459, -6.089120381419861, 3.0963615254677126e-16, 2.285762460764929, -6.417686411467958, -5.583159940143247]
other derivatives: [  4.68351118   3.69217332   3.88060926   1.56273927 -20.65559102   0.        ]
Current x array =  [-0.7068838  -0.91102157 -0.61107519  0.27296457 -0.62553136  0.33647224
 -1.5126084  -2.32379305 -2.39353833 -2.35582999 -2.30355553 -2.3026318
 -2.41687974 -2.26476275 -2.43064247 -2.31849063 -2.26476275 -2.30258509
 -2.42440645 -2.41256658 -2.30258509 -2.26476275 -2.4181918  -2.40378598]
log likelihood =  -1432.30228706
Edge derivatives =  [-197.55269767977728, -0.4601049365874981, -1.8111130927243306, -2.231936557169521, -1.0885911419447516, -0.33792181908339974, -2.6893115641600667, -0.6374109872111524, -3.0784411706049193, -0.83363712109015, -0.6374109872111489, -1.7544210969832025e-16, -2.9316116916295742, -2.6014386780062275, -2.264043885051087e-16, -0.6374109872111544, -2.6592674449931817, -2.1664856762770945]
other derivatives: [-3638.26529792   101.0390406  -1434.43812703   174.83353076  -145.18782336
     0.        ]
Current x array =  [-0.05       -1.02392991 -0.05        0.13732043 -2.14847378  0.33647224
  3.08895923 -2.57378171 -3.05314252 -2.84374734 -2.30768014 -2.28481317
 -3.13458534 -1.9996787  -3.21175543 -2.39325753 -1.9996787  -2.30258509
 -3.15482892 -3.07360987 -2.30258509 -1.9996787  -3.11641767 -3.00815023]
log likelihood =  -780.300619708
Edge derivatives =  [-8.244204208384938, -2.5702747820633736, -4.057746109311861, -3.621394082091501, -0.3931078060198056, -0.07766196993548719, -4.73757693143598, 1.5796006669599052, -5.372843164317775, -0.5113028831033833, 1.579600666959906, -7.332283777652026e-17, -5.003282873599064, -4.544706539389698, -2.7749632910318927e-17, 1.579600666959907, -4.752179147941854, -4.098238950819166]
other derivatives: [-86.84115755   5.8193109  -41.06343567   5.5536816  -13.24610821   0.        ]
Current x array =  [-0.49305631 -0.94777527 -0.42843512  0.22880996 -1.12127651  0.33647224
 -0.01471537 -2.40516886 -2.60825136 -2.51465587 -2.30489817 -2.29683151
 -2.65050582 -2.17847312 -2.68490879 -2.3428286  -2.17847312 -2.30258509
 -2.6621721  -2.62774806 -2.30258509 -2.17847312 -2.64547688 -2.60051742]
log likelihood =  -783.74413692
Edge derivatives =  [-30.635414258471727, -1.853319907752998, -3.093658204582657, -3.1279570336744573, 0.018448021047070037, 0.3366393359553914, -3.559829987644493, 1.5741393365945622, -4.401851188806949, 0.020343490920073953, 1.5741393365945608, -5.583052724954723e-19, -3.9036144176684706, -3.5618265589727227, -3.6274119725126818e-19, 1.574139336594559, -3.785173114370293, -3.1518679755755197]
other derivatives: [ 60.70882819   2.57435886  18.92341288   4.90540515 -10.03757006   0.        ]
Current x array =  [-1.02608249 -0.91179445 -0.66605635  0.30667499 -1.56719707  0.33647224
  0.59595084 -2.44696086 -2.7189152  -2.59320467 -2.3082563  -2.29641954
 -2.7812007  -2.13366668 -2.8305402  -2.35868368 -2.13366668 -2.30258509
 -2.79931381 -2.75183197 -2.30258509 -2.13366668 -2.77592141 -2.7139278 ]
log likelihood =  -768.690553163
Edge derivatives =  [-18.200391299943252, -2.2833540581383884, -3.5572590897544583, -3.384324278039769, -0.20265958005375945, 0.12320881905912213, -4.114699549649693, 1.659242486077979, -4.8728530136460995, -0.1886306077856057, 1.6592424860779806, 8.226249187375383e-17, -4.441154901919041, -4.033680380099728, 9.656492614441989e-17, 1.65924248607798, -4.251941249806093, -3.608050006126142]
other derivatives: [  3.06954462   4.03824743 -12.41144219   2.62530193 -10.46823854   0.        ]
Current x array =  [-0.71741275 -0.93263056 -0.52845245  0.26158419 -1.30896926  0.33647224
  0.2423206  -2.42275956 -2.65483096 -2.5477179  -2.30631164 -2.29665811
 -2.7055167  -2.15961361 -2.74620662 -2.34950217 -2.15961361 -2.30258509
 -2.71989652 -2.67997631 -2.30258509 -2.15961361 -2.70038238 -2.64825306]
log likelihood =  -766.361031415
Edge derivatives =  [-4.167932203665494, -2.259134411285177, -3.8016138158734853, -3.3912330531744335, -0.10610186494636384, 0.1097549509377015, -4.326114707426291, 1.6962883249480323, -5.0389029974812924, -0.2694915089649608, 1.6962883249480316, 4.368981218075692e-17, -4.61822054263331, -4.181103703530749, 4.4310211518007466e-17, 1.6962883249480303, -4.416066012611313, -3.7576580323148003]
other derivatives: [ 6.39793143  2.3299549   2.03975787  1.16879164 -7.00142664  0.        ]
Current x array =  [-0.72387081 -0.91274739 -0.58855714  0.2863451  -1.29815209  0.33647224
 -0.00904648 -2.41524327 -2.63261341 -2.53169596 -2.30663086 -2.29740578
 -2.68368872 -2.16771539 -2.72394662 -2.34697742 -2.16771539 -2.30258509
 -2.6989864  -2.66105865 -2.30258509 -2.16771539 -2.68032671 -2.63081623]
log likelihood =  -763.545556003
Edge derivatives =  [-4.2759336461675606, -2.136345901614388, -3.4510349056042635, -3.072078247409628, -0.07304407325976398, 0.10132360034014606, -3.9530302855836035, 1.534612544723073, -4.617583228066101, -0.22591712920511153, 1.5346125447230743, 4.3353972044289347e-16, -4.217356120680164, -3.7922334209171873, 4.529766033233741e-16, 1.5346125447230745, -4.0201733888428794, -3.396924226028917]
other derivatives: [ 4.05599394 -0.91017682  4.49002755  0.19344952 -3.27206635  0.        ]
Current x array =  [-0.71501943 -0.8856438  -0.59877876  0.30872225 -1.43313847  0.33647224
  0.02180237 -2.44571297 -2.68909314 -2.57954869 -2.30824397 -2.29609534
 -2.74848169 -2.14308506 -2.79854889 -2.35196274 -2.14308506 -2.30258509
 -2.76781594 -2.72336867 -2.30258509 -2.14308506 -2.74606327 -2.68705577]
log likelihood =  -759.88672282
Edge derivatives =  [6.297307415223525, -1.6360406176227997, -1.701976677258708, -1.2190070028330418, -0.2646807805388999, 0.30241256437746533, -2.248101081097674, 0.8918424916319714, -2.5703960732008833, 0.3590730569299201, 0.8918424916319697, 2.615646339248758e-16, -2.12436100537333, -1.9064863757526764, 1.8092752764291156e-16, 0.8918424916319692, -2.0296223243586784, -1.5365515015381417]
other derivatives: [ 16.80631385   5.68600171 -35.52374892  -3.73520379  11.92994432   0.        ]
Current x array =  [-0.75194079 -0.95482987 -0.43768243  0.38169564 -1.93360648  0.33647224
 -0.08678051 -2.62921333 -3.0054536  -2.85075215 -2.31586437 -2.28859459
 -3.11619961 -2.00394121 -3.22596755 -2.37722634 -2.00394121 -2.30258509
 -3.16029273 -3.07644689 -2.30258509 -2.00394121 -3.11981146 -3.0043391 ]
log likelihood =  -755.356653102
Edge derivatives =  [0.5069061160347275, -1.4814584914739528, -1.3946142698812294, -0.9237751198391282, 0.008420208479498606, 0.14276454469096542, -1.9316688214491944, 0.22752579566987852, -2.2234372702795926, 0.22552929260836713, 0.22752579566987896, 3.701895191462741e-16, -1.794996790886206, -1.5942163825300009, 3.7499947188446616e-16, 0.22752579566987907, -1.6956512005247981, -1.2148377253615439]
other derivatives: [ -5.64667744   4.67003929   7.75751232  -2.56264912  11.53039193   0.        ]
Current x array =  [-0.67073339 -0.94539504 -0.61567615  0.35680284 -1.97088373  0.33647224
  0.05642058 -2.69093156 -3.10819694 -2.93633331 -2.31945804 -2.28419751
 -3.23440136 -1.95885663 -3.36115338 -2.38228817 -1.95885663 -2.30258509
 -3.28299912 -3.18688247 -2.30258509 -1.95885663 -3.23682102 -3.10259045]
log likelihood =  -753.90766562
Edge derivatives =  [-0.941072630567797, -1.5142138488453492, -1.367916003503134, -0.8890435312786499, -0.013164577712060657, 0.11705320700717656, -1.9130849539677703, 0.11560726059991522, -2.195161760064107, 0.1949451989960894, 0.11560726059991544, 9.432967850963023e-19, -1.7719380633825845, -1.5705428134736872, 1.0692356817547238e-18, 0.11560726059991755, -1.671246841184473, -1.198898930893551]
other derivatives: [-5.78327217  3.36765424  4.99252337 -1.34144784  8.3316877   0.        ]
Current x array =  [-0.67244828 -0.93022526 -0.60237789  0.32366485 -1.85833994  0.33647224
  0.05456461 -2.70085003 -3.11609733 -2.94342697 -2.31957058 -2.28291608
 -3.24302411 -1.9571375  -3.37058262 -2.38019062 -1.9571375  -2.30258509
 -3.29001318 -3.19305653 -2.30258509 -1.9571375  -3.24352424 -3.10688504]
log likelihood =  -750.014563844
Edge derivatives =  [-1.6017071374753908, -1.3992489753374946, -0.705526457678692, -0.03069480671364254, -0.06229780156052035, 0.03876939603729167, -1.2988278448295894, -0.8388961857150713, -1.4369794625947134, 0.18393564477707527, -0.8388961857150709, -4.1237950535797443e-16, -1.0002877510496773, -0.852499294247114, -4.3153804789649605e-16, -0.8388961857150735, -0.9205189507522487, -0.4974859791691133]
other derivatives: [-2.78407697 -0.53152007 -4.56942644  1.74494517  0.13684485  0.        ]
Current x array =  [-0.68374774 -0.88392985 -0.56173416  0.23550829 -1.55091174  0.33647224
 -0.01621049 -2.85934928 -3.31914462 -3.11003163 -2.3250874  -2.27219268
 -3.48562454 -1.88981365 -3.64907303 -2.37895451 -1.88981365 -2.30258509
 -3.53326959 -3.41056874 -2.30258509 -1.88981365 -3.47478121 -3.29244366]
log likelihood =  -748.894087405
Edge derivatives =  [-0.6472251289700509, -1.2322147998309432, -0.2820506089309875, 0.5435500530121705, -0.05341963747003735, 0.016593836985978327, -0.8895288121028934, -1.2203665607474354, -0.9422226822550275, 0.19654378912039017, -1.2203665607474306, 8.041012195632435e-17, -0.4795470061478864, -0.3787536977216353, 9.884593360674646e-17, -1.2203665607474299, -0.42114048779569996, -0.018961896223323317]
other derivatives: [-1.5756541  -0.28903742 -3.33068328  1.57992872 -1.01590558  0.        ]
Current x array =  [-0.68576377 -0.88339543 -0.56991519  0.24800794 -1.49490482  0.33647224
 -0.04735999 -2.99553082 -3.4807857  -3.22795417 -2.32990015 -2.26507389
 -3.68992416 -1.8597203  -3.88306743 -2.37799662 -1.8597203  -2.30258509
 -3.73407337 -3.58933707 -2.30258509 -1.8597203  -3.66495521 -3.44145188]
log likelihood =  -748.039208072
Edge derivatives =  [-0.04502896217082003, -0.9555939629619589, -0.03866606662818101, 0.91971331562377, -0.030885140690925753, -0.03279593951252209, -0.498066991518478, 0.013547230190342652, -0.4454145689906585, -0.04978039339782231, 0.013547230190342874, -1.2434238990550108e-17, -0.018787075634814986, 0.048301084107874655, 4.904456002718657e-19, 0.013547230190341986, 0.022913031619920733, 0.31632478297986133]
other derivatives: [-1.25190809 -6.77267735 -0.43261252 -1.09981784 -0.62118488  0.        ]
Current x array =  [-0.68315393 -0.82227492 -0.58916354  0.34701107 -1.46999955  0.33647224
 -0.06225569 -3.25694555 -3.6503816  -3.25092637 -2.33848871 -2.25603947
 -3.97182772 -1.97978363 -4.19692973 -2.35325972 -1.97978363 -2.30258509
 -3.96032208 -3.78495722 -2.30258509 -1.97978363 -3.87534222 -3.56579081]
log likelihood =  -747.887968022
Edge derivatives =  [0.015667874819560945, -0.7985992411591677, 0.1303271999243755, 1.154494339075975, -0.04168788974072245, 0.03057559395109867, -0.3284268852373451, 0.6221096559843765, -0.1774095957158576, -0.01700900182468537, 0.6221096559843797, 4.1006315493060275e-17, 0.2918223998783458, 0.2583630035279255, 2.6439725930097367e-17, 0.6221096559843774, 0.2830913205309113, 0.5347162590500133]
other derivatives: [ 1.11903091  5.59175533  0.36370693 -1.04332685 -0.9327664   0.        ]
Current x array =  [-0.68775149 -0.93981364 -0.59456931  0.35468255 -1.4551137   0.33647224
 -0.0616403  -3.434928   -3.76294679 -3.25697018 -2.3443328  -2.25090597
 -4.15898257 -2.03230933 -4.40302397 -2.34201457 -2.03230933 -2.30258509
 -4.10551246 -3.90980695 -2.30258509 -2.03230933 -4.00996894 -3.64286314]
log likelihood =  -747.671840923
Edge derivatives =  [-0.09289119886374791, -0.837386889039787, 0.06497584437556087, 1.0405650224709893, -0.02852244003607142, 0.007499552227880027, -0.3820417168737674, 0.40800739732300695, -0.25910459635804634, -0.021994599608547077, 0.40800739732300595, -1.8800487292840923e-17, 0.18536321864193855, 0.1854703597242391, -2.7482797177192023e-17, 0.4080073973230063, 0.19312424525506006, 0.4467790596425951]
other derivatives: [ 0.07245262  1.13160468  0.10471695 -0.86088221 -0.31652689  0.        ]
Current x array =  [-0.68551145 -0.89329614 -0.59264602  0.34153661 -1.48142181  0.33647224
 -0.05627764 -3.38426085 -3.7226791  -3.24005816 -2.34279159 -2.25272074
 -4.09925879 -2.01197865 -4.33533541 -2.34620303 -2.01197865 -2.30258509
 -4.05294672 -3.86415331 -2.30258509 -2.01197865 -3.96087711 -3.61006015]
log likelihood =  -747.604836224
Edge derivatives =  [-0.0899743705520587, -0.8239760731225569, 0.03997437213742451, 0.9852274137669235, -0.018488902029797583, -0.0028246792737486315, -0.38776103799380085, 0.3750822258995876, -0.2581460540673983, -0.03417387295770127, 0.3750822258995874, -8.87022937641485e-16, 0.16947983686804005, 0.17557062051157676, -8.463459463534235e-16, 0.3750822258995865, 0.17977131690643183, 0.41632305143253673]
other derivatives: [ 0.01797389 -0.26271891  0.07615881 -0.57726766 -0.05937864  0.        ]
Current x array =  [-0.68577352 -0.87951965 -0.59249309  0.32802785 -1.49216793  0.33647224
 -0.05574418 -3.3989235  -3.7185893  -3.21742354 -2.34329776 -2.25274871
 -4.10370842 -2.00904559 -4.33716276 -2.34619055 -2.00904559 -2.30258509
 -4.04649149 -3.8578824  -2.30258509 -2.00904559 -3.95434923 -3.59889843]
log likelihood =  -747.43411078
Edge derivatives =  [-0.0119711542697028, -0.7435388188397605, -0.02436956182606885, 0.8090772514399207, 0.007772811240295191, -0.031358648126533106, -0.37852388966500866, 0.36933066844655105, -0.194699098042871, -0.07693226979419882, 0.36933066844655416, -4.818322216686597e-16, 0.17858962343433835, 0.18340984257796883, -3.7309790338077195e-16, 0.3693306684465515, 0.18687892752238366, 0.34500794628367776]
other derivatives: [-1.44948444 -2.37943141 -0.37003929  0.41702606  0.47975846  0.        ]
Current x array =  [-0.68146366 -0.85925067 -0.59039796  0.28553624 -1.51530322  0.33647224
 -0.05805956 -3.50045702 -3.72977723 -3.12935041 -2.34641205 -2.2517074
 -4.16652831 -2.00882231 -4.39339511 -2.34357461 -2.00882231 -2.30258509
 -4.05506025 -3.86241054 -2.30258509 -2.00882231 -3.96016263 -3.57288648]
log likelihood =  -747.311636269
Edge derivatives =  [0.09449398225930333, -0.6142789227546978, -0.14497760618566694, 0.40342843952400653, 0.06210728605422568, -0.0349919847489019, -0.3603652369546639, 0.4180969686424124, -0.09377764067905367, -0.11153073564356045, 0.41809696864241863, 5.813261219215071e-16, 0.2001073624734438, 0.18782204604660055, 6.084601293269167e-16, 0.4180969686424185, 0.19563878476393698, 0.21096485888563593]
other derivatives: [ 5.32326112 -3.61995944  1.47604169  1.55805537  0.9342898   0.        ]
Current x array =  [-0.70620169 -0.84597471 -0.60062882  0.23239221 -1.53464342  0.33647224
 -0.05766396 -3.68207562 -3.74773851 -2.96940942 -2.3514204  -2.25041028
 -4.27644361 -2.01214713 -4.48905277 -2.33897251 -2.01214713 -2.30258509
 -4.06520281 -3.86583493 -2.30258509 -2.01214713 -3.9656314  -3.52273011]
log likelihood =  -747.132519121
Edge derivatives =  [0.12011915337590912, -0.5356131635035454, -0.17814796377532316, 0.18805969809486855, 0.06667719690538743, -0.05419389543890918, -0.33573480943486117, 0.47633564709492526, 0.006277968471496949, -0.1431742268187327, 0.4763356470949328, 2.637912192534819e-19, 0.26920668721628904, 0.23926321286301966, 1.0892749819137973e-18, 0.47633564709493237, 0.25582233343324395, 0.18598329454686685]
other derivatives: [ 0.11632437 -2.43397835  0.1621288   2.1958158   0.90338972  0.        ]
Current x array =  [-0.68731281 -0.85722186 -0.5938406   0.21283996 -1.53605473  0.33647224
 -0.0620772  -3.82516862 -3.78593437 -2.88361634 -2.35514865 -2.24853093
 -4.3826263  -2.01704145 -4.59026529 -2.33509394 -2.01704145 -2.30258509
 -4.10432597 -3.89682504 -2.30258509 -2.01704145 -3.99988909 -3.51368578]
log likelihood =  -747.012275644
Edge derivatives =  [0.15235077808092778, -0.479550898692897, -0.1903149971138658, 0.050755617810265066, 0.06199102823501025, -0.04627662944469184, -0.31046223407375995, 0.5177905179727478, 0.08359964694836199, -0.14181081397464812, 0.5177905179727508, 3.3567929940502586e-16, 0.33713088761539173, 0.2885287583785137, 4.098894072496892e-16, 0.5177905179727522, 0.3141025268547461, 0.18989285603662404]
other derivatives: [-1.20567165 -0.26221869 -0.39276529  2.09696509  0.60330194  0.        ]
Current x array =  [-0.68197399 -0.87795578 -0.59083198  0.22301591 -1.52377479  0.33647224
 -0.06476146 -3.94001791 -3.82330509 -2.82688873 -2.35752649 -2.24723258
 -4.47265874 -2.0192928  -4.67551885 -2.33280855 -2.0192928  -2.30258509
 -4.14097716 -3.92667023 -2.30258509 -2.0192928  -4.03256939 -3.513494  ]
log likelihood =  -746.875347341
Edge derivatives =  [0.06369199941556936, -0.4146233473427855, -0.2380506841969671, -0.23365328283693582, 0.0554054834114084, -0.03227590613108283, -0.2909900201298765, 0.42894556544325424, 0.15937893465674455, -0.1261619714759092, 0.4289455654432609, 4.1944365788486122e-16, 0.3852752991178238, 0.32299349180282144, 3.7510150451056397e-16, 0.42894556544325924, 0.35419770231421105, 0.1488177315546872]
other derivatives: [-1.15186367  1.29972477 -0.25030431  1.48643267  0.20784228  0.        ]
Current x array =  [-0.68139942 -0.89413917 -0.59100592  0.25403918 -1.50676144  0.33647224
 -0.06434322 -4.09043528 -3.86321177 -2.7386428  -2.35955689 -2.24658204
 -4.58165783 -2.00841367 -4.76943521 -2.33281275 -2.00841367 -2.30258509
 -4.16807131 -3.94736973 -2.30258509 -2.00841367 -4.05564672 -3.4976304 ]
log likelihood =  -746.745458718
Edge derivatives =  [0.0805814594061241, -0.35936571498800846, -0.2982635727226354, -0.5684160907573059, 0.03002873419531664, -0.007884102445431876, -0.2803547966057941, 0.14879156940755756, 0.20577494485723666, -0.06706313373018197, 0.14879156940756066, -4.877970704030885e-16, 0.3760304665012615, 0.31384221010830127, -4.670111082918424e-16, 0.14879156940756222, 0.34273026315559196, 0.053049458481113684]
other derivatives: [-0.22197355  1.07958158 -1.55987436  0.1906642  -0.04033609  0.        ]
Current x array =  [-0.68409369 -0.89371516 -0.58248127  0.31056237 -1.49310077  0.33647224
 -0.063558   -4.23911527 -3.89606937 -2.65026769 -2.35923899 -2.24768349
 -4.67915144 -1.97765759 -4.8329197  -2.33853075 -1.97765759 -2.30258509
 -4.16138979 -3.93875898 -2.30258509 -1.97765759 -4.04717183 -3.46291897]
log likelihood =  -746.909957445
Edge derivatives =  [-0.3754742237078257, -0.32159656074031656, -0.37728300174714646, -0.8896745866008009, 0.07399773381006136, -0.047808051979022104, -0.28673238024841763, -0.3905548585412625, 0.19883219132825442, -0.049041074228353715, -0.39055485854126826, -4.933421247223714e-16, 0.27634321701274417, 0.21690516975042073, -5.451403067545409e-16, -0.39055485854126804, 0.2432965175276027, -0.1252330648850942]
other derivatives: [-3.78254299  0.61313585  7.74089131 -0.80293603 -0.22212134  0.        ]
Current x array =  [-0.67163914 -0.89084397 -0.63489944  0.35305216 -1.48398429  0.33647224
 -0.05738902 -4.35138112 -3.9124276  -2.58710459 -2.35668529 -2.25023599
 -4.73821208 -1.93318162 -4.83871175 -2.34888223 -1.93318162 -2.30258509
 -4.10945545 -3.89149432 -2.30258509 -1.93318162 -3.99697819 -3.41157709]
log likelihood =  -746.720578107
Edge derivatives =  [-0.029981365513298386, -0.34890578198288624, -0.3191516437870176, -0.6486810786237907, 0.042389506028847834, -0.017702477127696722, -0.28196701364555216, 0.010338547168023515, 0.20408251551415016, -0.061108231205273006, 0.010338547168024959, 1.2929199130973922e-16, 0.3506501563550085, 0.28895079215899844, 1.561378970225799e-16, 0.01033854716802507, 0.3173103798276826, 0.007484209394497822]
other derivatives: [-1.14351906  0.95780024  1.02644435 -0.07315748 -0.08793677  0.        ]
Current x array =  [-0.68081433 -0.89295916 -0.59628332  0.32175021 -1.49070034  0.33647224
 -0.06193366 -4.2686756  -3.9003766  -2.63363643 -2.35856659 -2.24835558
 -4.6947025  -1.96594678 -4.83444479 -2.34125637 -1.96594678 -2.30258509
 -4.14771514 -3.92631389 -2.30258509 -1.96594678 -4.03395552 -3.44940031]
log likelihood =  -746.692669985
Edge derivatives =  [-0.017388203646577338, -0.34775783768952884, -0.32075743097169873, -0.6219493750588428, 0.032300978422920595, -0.009227522967449886, -0.2826779505018888, -0.11130046456586173, 0.1904550522821721, -0.02767205926004976, -0.11130046456586606, 2.487955400463464e-16, 0.31467555728388846, 0.25702051512008167, 2.5047879142557677e-16, -0.11130046456586362, 0.28253886831528446, -0.025745775395747662]
other derivatives: [-0.17280399  0.16652848  0.48800075 -0.47859885 -0.07031531  0.        ]
Current x array =  [-0.68424889 -0.88567765 -0.59277091  0.33724238 -1.49019348  0.33647224
 -0.06086696 -4.27234996 -3.89919181 -2.63721453 -2.35687846 -2.24952082
 -4.69144531 -1.95347006 -4.81591234 -2.34513069 -1.95347006 -2.30258509
 -4.12525689 -3.90689472 -2.30258509 -1.95347006 -4.01302555 -3.43797142]
log likelihood =  -746.666122252
Edge derivatives =  [-0.027886353649225204, -0.3427869578501501, -0.3107977668874687, -0.57464826062048, 0.027804581903640907, -0.007477797007273426, -0.27869019883173385, -0.19917451166094713, 0.17903744283874198, 0.0002531192199198007, -0.19917451166095135, 2.3898783053867874e-17, 0.27714400764692354, 0.21996335917146784, 2.296989341737694e-17, -0.1991745116609519, 0.24447802448748565, -0.0590201564249475]
other derivatives: [ 0.37206291 -0.52200448  0.18115998 -0.55333658 -0.03890364  0.        ]
Current x array =  [-0.68636179 -0.87924707 -0.59081761  0.33955237 -1.49162341  0.33647224
 -0.06008948 -4.28661493 -3.90360815 -2.64455576 -2.35518241 -2.25055987
 -4.69643924 -1.94489484 -4.80016406 -2.34859358 -1.94489484 -2.30258509
 -4.10156177 -3.88645699 -2.30258509 -1.94489484 -3.99097817 -3.42698285]
log likelihood =  -746.603439236
Edge derivatives =  [-0.025831649736990425, -0.3210646479039096, -0.26426237256757507, -0.4165428518710356, 0.019204497011281185, -0.006784484003079738, -0.25778234799463223, -0.3631061986659462, 0.1627541311404285, 0.0665883385229904, -0.3631061986659525, 2.5038051505731503e-16, 0.19294844845197437, 0.12821810458792265, 1.0216122003989564e-16, -0.3631061986659543, 0.1547418225768634, -0.12939919025144037]
other derivatives: [ 0.97148813 -1.36898279 -0.32978278 -0.49782329 -0.01740545  0.        ]
Current x array =  [-0.68883657 -0.87151787 -0.58766541  0.33688486 -1.49369222  0.33647224
 -0.05981235 -4.35194271 -3.93074878 -2.66759779 -2.35096489 -2.25289101
 -4.73445189 -1.9292343  -4.77684281 -2.35635886 -1.9292343  -2.30258509
 -4.04749722 -3.84010462 -2.30258509 -1.9292343  -3.94081708 -3.40413933]
log likelihood =  -746.507297391
Edge derivatives =  [0.04712188500921738, -0.2718225968774335, -0.17881405462131425, -0.1906966384850426, 0.009223921110157796, -0.007847607617916141, -0.21196433708853243, -0.4868145930428409, 0.16620210108305705, 0.14672021832917673, -0.48681459304284913, -1.183501791574035e-16, 0.08463508922366583, -0.0015487173183172456, -7.757509014866755e-17, -0.4868145930428541, 0.03284698869630742, -0.21985519189449354]
other derivatives: [  1.06830385e+00  -1.54354893e+00  -8.07006018e-01  -2.59717581e-01
   5.79802872e-04   0.00000000e+00]
Current x array =  [-0.6893588  -0.87005449 -0.58489729  0.32799523 -1.49574139  0.33647224
 -0.06146388 -4.51829587 -4.00086544 -2.69317113 -2.3449685  -2.25602182
 -4.84635592 -1.9172845  -4.77822329 -2.36490518 -1.9172845  -2.30258509
 -3.97751998 -3.7809968  -2.30258509 -1.9172845  -3.87628249 -3.37537206]
log likelihood =  -746.389898977
Edge derivatives =  [-0.42329694491605213, -0.17366782395081254, -0.058332133842311264, 0.08036564410466027, -0.009785357598199165, -0.03279424611926415, -0.12165785637188138, -0.18359894370549212, 0.24142974093729477, 0.08835173285071632, -0.18359894370549112, 9.196231997724328e-17, -0.018574312458909177, -0.12240362082974995, 8.611547714161814e-17, -0.18359894370549534, -0.08314956349653055, -0.262496121407986]
other derivatives: [-2.5573172  -3.57963472 -1.70731482 -0.36043275 -0.01980425  0.        ]
Current x array =  [-0.67668301 -0.85185978 -0.58118302  0.33537157 -1.49384939  0.33647224
 -0.05459572 -4.97307431 -4.19188667 -2.69761659 -2.33666465 -2.26032984
 -5.17937122 -1.94686412 -4.87917096 -2.35911269 -1.94686412 -2.30258509
 -3.91125722 -3.7350288  -2.30258509 -1.94686412 -3.82061031 -3.36452764]
log likelihood =  -746.281020615
Edge derivatives =  [-0.07449044666840832, -0.12222635481150325, -0.0018417761893839008, 0.14604824661259377, -0.0016835757923447658, -0.013489510625388362, -0.08209497099789649, -0.01648492179676131, 0.2962390758503591, 0.1044923256900149, -0.016484921796758978, 3.7927407652303e-16, -0.08384758701588002, -0.21239395863208413, 3.7694697335495946e-16, -0.0164849217967582, -0.16628409264318747, -0.312875229943243]
other derivatives: [ 1.76478352 -1.33807134 -0.16609647 -0.05373977  0.12374812  0.        ]
Current x array =  [-0.69091972 -0.87096015 -0.5895312   0.32162893 -1.49738369  0.33647224
 -0.05813651 -5.31646843 -4.32751783 -2.67764562 -2.33162437 -2.26339279
 -5.42673221 -1.960333   -4.96091109 -2.3568641  -1.960333   -2.30258509
 -3.86360784 -3.70056763 -2.30258509 -1.960333   -3.77966722 -3.34724556]
log likelihood =  -746.252909468
Edge derivatives =  [-0.0349274178826825, -0.10607343667246576, -0.008268664488978634, 0.02422473152772457, -0.002882554377188734, -0.012513317431315604, -0.07482764113564537, 0.09988760711162337, 0.33281495361573066, 0.06361410838553525, 0.09988760711162259, -5.739976182912239e-16, -0.057621545162673586, -0.18759699784735226, -5.645612723065801e-16, 0.09988760711162448, -0.14143392044859324, -0.3002474665021468]
other derivatives: [ 0.59211516 -0.25427198 -0.07555627 -0.09524683  0.06569962  0.        ]
Current x array =  [-0.6863269  -0.8812683  -0.59030067  0.32589131 -1.49443279  0.33647224
 -0.05926481 -5.45909313 -4.37995519 -2.64330456 -2.33170321 -2.26362736
 -5.53410934 -1.97105924 -5.02033141 -2.35144499 -1.97105924 -2.30258509
 -3.8739456  -3.71302659 -2.30258509 -1.97105924 -3.79110516 -3.35085546]
log likelihood =  -746.245549711
Edge derivatives =  [-0.026214204986723444, -0.09889133417060968, -0.005983724427601263, -0.004913033452551188, -0.0015997521722848629, -0.01449379492693531, -0.07033249876378783, 0.1625149752232551, 0.3466826170160048, 0.0317468095242143, 0.16251497522326241, -1.5376816155709164e-16, -0.0453892250174961, -0.1720253797692427, -1.7131882127784497e-16, 0.1625149752232612, -0.12724030882197432, -0.2756242479478237]
other derivatives: [-0.04823733  0.0717705   0.04250751 -0.04117737  0.03144578  0.        ]
Current x array =  [-0.68393553 -0.88432494 -0.59119144  0.32476731 -1.49299205  0.33647224
 -0.05994598 -5.52961172 -4.40766106 -2.63285601 -2.33160278 -2.26393189
 -5.58807709 -1.97726969 -5.04324136 -2.34767956 -1.97726969 -2.30258509
 -3.87889379 -3.72115267 -2.30258509 -1.97726969 -3.79795905 -3.35856149]
log likelihood =  -746.237325153
Edge derivatives =  [-0.006133134287122144, -0.09248774414465974, -0.0009962797593614618, -0.012261563207162304, -0.0009304492994304109, -0.01519558365052058, -0.0661316945159386, 0.1871943112583102, 0.3541501326925257, 0.0011537469528208055, 0.18719431125831343, 3.226745705574958e-16, -0.039852101044693514, -0.15855554697220436, 3.389040141869585e-16, 0.18719431125831376, -0.11693662889127465, -0.24063671423121882]
other derivatives: [-0.57186753  0.32842991  0.0899945   0.01745093 -0.01388116  0.        ]
Current x array =  [-0.68201641 -0.88677052 -0.59162629  0.32341796 -1.49134546  0.33647224
 -0.06087433 -5.59695154 -4.43418329 -2.6267613  -2.33120686 -2.26463634
 -5.63900393 -1.97981802 -5.05493454 -2.3440499  -1.97981802 -2.30258509
 -3.88039508 -3.72838794 -2.30258509 -1.97981802 -3.80295897 -3.36953228]
log likelihood =  -746.216689971
Edge derivatives =  [0.04059691887940414, -0.07958411600579039, 0.013373339187434854, 0.0057102974216848845, 0.000777342849662313, -0.01445204639344995, -0.05716786904710036, 0.1936330254482116, 0.36067695186714716, -0.07184890331116014, 0.1936330254482156, 4.61452366995412e-17, -0.03510842326309222, -0.12619235703604564, 7.269407856430594e-17, 0.19363302544821726, -0.09543972912741464, -0.13802598667030702]
other derivatives: [-1.32997684  0.69452426  0.19822437  0.13914132 -0.12159944  0.        ]
Current x array =  [-0.67925266 -0.89024668 -0.59252684  0.32037916 -1.48761201  0.33647224
 -0.06283654 -5.74779519 -4.49378707 -2.61965597 -2.32988388 -2.26692625
 -5.75247352 -1.9808206  -5.06270088 -2.33546555 -1.9808206  -2.30258509
 -3.8798844  -3.74579155 -2.30258509 -1.9808206  -3.81347442 -3.40233832]
log likelihood =  -746.186610701
Edge derivatives =  [0.08331376301406795, -0.06533972749075444, 0.033329353337692, 0.06997774025577991, 0.001516426134349172, -0.008247976781556948, -0.046878113829693056, 0.1373541742533686, 0.35362697587822217, -0.16319473356795125, 0.13735417425336915, 7.995991514208848e-17, -0.0401984533585002, -0.08063270117582212, 1.0221017882145008e-16, 0.13735417425336727, -0.0694461828405343, 0.022609915030826246]
other derivatives: [-1.64018275  0.88419938  0.22663471  0.22116637 -0.22799895  0.        ]
Current x array =  [-0.67807736 -0.89204904 -0.59289224  0.31873563 -1.48418981  0.33647224
 -0.06428991 -5.94525171 -4.57138113 -2.61793547 -2.3274894  -2.27096028
 -5.89986527 -1.97558988 -5.0447062  -2.3246876  -1.97558988 -2.30258509
 -3.87359467 -3.77013698 -2.30258509 -1.97558988 -3.82615195 -3.45570377]
log likelihood =  -746.142738209
Edge derivatives =  [0.04945899974572976, -0.047757784709463964, 0.041855104426713266, 0.09126174886310294, 0.0017542888744766227, 0.006694003831484399, -0.03578795414409141, 0.07400307381256577, 0.3240062081198524, -0.1816792262442826, 0.07400307381256555, 3.494527681635912e-20, -0.053780475578059525, -0.007485244255151256, 3.2963894262648764e-20, 0.07400307381256688, -0.029233565353412906, 0.22385053439081495]
other derivatives: [-0.97210204  0.56986664  0.66698931 -0.03966534  0.03432206  0.        ]
Current x array =  [-0.68007569 -0.88907554 -0.59529911  0.32825352 -1.49347421  0.33647224
 -0.06046889 -6.25633577 -4.68789643 -2.60236426 -2.32340312 -2.27722171
 -6.13037246 -1.96849265 -4.98793169 -2.32220678 -1.96849265 -2.30258509
 -3.86356429 -3.80810001 -2.30258509 -1.96849265 -3.84607491 -3.52678079]
log likelihood =  -746.141093053
Edge derivatives =  [-0.05943096714002716, -0.03710332386441503, 0.06584116928328532, 0.21851694049891462, -0.027829421029285636, 0.039794324828918745, -0.028790795372379677, -0.16454537260136992, 0.22153369348562144, -0.039763679401690344, -0.16454537260136926, 5.390941902492131e-17, -0.10527813907378067, 0.044964512676737824, 5.1672973422772945e-17, -0.16454537260136914, -0.012682843255783754, 0.41138453747733567]
other derivatives: [-0.2979391   1.01190381 -3.07170467  0.21861979  0.10569465  0.        ]
Current x array =  [-0.68281918 -0.89390713 -0.57473879  0.3203234  -1.50222446  0.33647224
 -0.05578771 -6.50936165 -4.77687725 -2.60880288 -2.31756369 -2.28492173
 -6.31164656 -1.94237021 -4.82155825 -2.33491885 -1.94237021 -2.30258509
 -3.83188219 -3.83461364 -2.30258509 -1.94237021 -3.8510272  -3.59503795]
log likelihood =  -746.12380494
Edge derivatives =  [-0.003880121065240383, -0.04201557225312774, 0.05464040650776201, 0.15666599814573312, -0.01303174711141479, 0.02365862530626177, -0.03207232180289733, -0.04618632601856765, 0.2745368095688505, -0.10935452758499098, -0.04618632601856809, -1.0708755232526768e-16, -0.07960565427480852, 0.01926907991492484, -1.0388639744386575e-16, -0.046186326018566426, -0.020820406724590436, 0.32072686153236263]
other derivatives: [-0.62791514  0.79522806 -1.19432571  0.09143832  0.07174776  0.        ]
Current x array =  [-0.6814673  -0.89152633 -0.58487003  0.32423102 -1.49791271  0.33647224
 -0.05809439 -6.38468133 -4.73303131 -2.60563021 -2.32044111 -2.28112749
 -6.22232245 -1.95524223 -4.90353996 -2.32865489 -1.95524223 -2.30258509
 -3.84749377 -3.82154886 -2.30258509 -1.95524223 -3.84858692 -3.56140374]
log likelihood =  -746.104582724
Edge derivatives =  [-0.10692283274524828, -0.03804974060036731, 0.054767092074488676, 0.18675362354821112, -0.007123971983456198, 0.024377795135210822, -0.029942159533987406, -0.16788669627419983, 0.21825111595438196, -0.014022349836310843, -0.16788669627419972, -8.755295799569201e-17, -0.11629031826031898, 0.027971960754844295, -8.65477613980818e-17, -0.16788669627420172, -0.027944344554757423, 0.3650011484022399]
other derivatives: [-0.14164243  0.15245405 -0.0031946  -0.01738272  0.28173872  0.        ]
Current x array =  [-0.68322491 -0.8853918  -0.59110422  0.32678059 -1.50627857  0.33647224
 -0.05418626 -6.4816827  -4.76485075 -2.60608634 -2.31780385 -2.28409461
 -6.29023503 -1.94388096 -4.82113668 -2.34033299 -1.94388096 -2.30258509
 -3.83065348 -3.82722683 -2.30258509 -1.94388096 -3.84596747 -3.57926053]
log likelihood =  -746.093803093
Edge derivatives =  [-0.12154937797966714, -0.036161287780435744, 0.04768003737034857, 0.1272172743243601, -0.008818210465587464, 0.02607660416466541, -0.029481069835721997, -0.14519569990658832, 0.20218986624719182, 0.060558275623405794, -0.14519569990658776, -2.6149204962445676e-16, -0.12650404568217874, 0.02453755917001786, -2.514783650951922e-16, -0.14519569990658776, -0.03415439344996932, 0.33514142697285443]
other derivatives: [ 0.80679001 -0.29475586 -0.0261025  -0.1219064   0.32628122  0.        ]
Current x array =  [-0.68653394 -0.88094732 -0.59092358  0.32996056 -1.50728041  0.33647224
 -0.05300382 -6.53179764 -4.77924011 -2.59363967 -2.3169462  -2.28433759
 -6.325272   -1.94565265 -4.79890746 -2.34897859 -1.94565265 -2.30258509
 -3.82623591 -3.82487304 -2.30258509 -1.94565265 -3.84288002 -3.56777277]
log likelihood =  -746.081165808
Edge derivatives =  [-0.149822733597618, -0.034897464581808604, 0.03930176900861726, 0.048595809794775346, -0.011783887206830906, 0.02296871102023061, -0.029784807591043155, -0.12212119134209254, 0.17316273714879027, 0.16746513989646258, -0.12212119134209176, 1.1355251330499095e-16, -0.14011093780495576, 0.012462698958747818, 1.3760200827037996e-16, -0.12212119134209443, -0.046611670595214615, 0.2708676780592959]
other derivatives: [ 1.17900072 -0.77282039 -0.1676085  -0.15040769  0.27806664  0.        ]
Current x array =  [-0.68792594 -0.87627835 -0.59016291  0.33091959 -1.50523818  0.33647224
 -0.05266866 -6.56767856 -4.78574654 -2.57966504 -2.31610025 -2.28402822
 -6.34876732 -1.94793108 -4.76008059 -2.36183682 -1.94793108 -2.30258509
 -3.82113803 -3.81823634 -2.30258509 -1.94793108 -3.83695515 -3.5437434 ]
log likelihood =  -746.064110599
Edge derivatives =  [-0.047390777844245224, -0.03191168567206746, 0.03173912393142354, -0.06638147541205809, -0.013827734989182092, 0.022353150803407287, -0.02934545902733839, -0.07950087181523735, 0.114244664245094, 0.3075713500801216, -0.07950087181523635, 2.362965053119725e-16, -0.15499405418923112, -0.0022987731387781943, 8.676156748698437e-17, -0.07950087181523513, -0.060028603790218446, 0.1728511150413755]
other derivatives: [ 2.12189661 -0.45058641  0.01500666 -0.06149321  0.09331416  0.        ]
Current x array =  [-0.69117766 -0.87889411 -0.5912228   0.32796207 -1.49778256  0.33647224
 -0.05556665 -6.65660044 -4.8073308  -2.55852809 -2.31457268 -2.2837955
 -6.41001856 -1.95210623 -4.6848788  -2.37816201 -1.95210623 -2.30258509
 -3.81457132 -3.81114901 -2.30258509 -1.95210623 -3.83032893 -3.50769348]
log likelihood =  -746.05553976
Edge derivatives =  [-0.03946891767087707, -0.02810761960777558, 0.020880498699180648, -0.19599257820416824, -0.02182042039541264, 0.003231757770786492, -0.028634774682091208, -0.07433823978848153, 0.009978433826583276, 0.42700399538968237, -0.07433823978848297, 9.459705956375655e-19, -0.18405717392526064, -0.01989684574753041, 3.5048587068481326e-19, -0.0743382397884822, -0.07963836291766434, 0.04489740077231576]
other derivatives: [-0.73250703 -1.17584023 -0.23273969 -0.03755076 -0.12850023  0.        ]
Current x array =  [-0.68135462 -0.87243697 -0.59011065  0.32985962 -1.48938109  0.33647224
 -0.0589698  -6.78748998 -4.83980473 -2.53561022 -2.31224274 -2.28393396
 -6.50038142 -1.95435685 -4.56660672 -2.39450396 -1.95435685 -2.30258509
 -3.80499982 -3.8035062  -2.30258509 -1.95435685 -3.82231773 -3.46428249]
log likelihood =  -746.042749325
Edge derivatives =  [0.06142236117476163, -0.02726590887776944, 0.02549607479004592, -0.18032753767905169, -0.0192798426092836, 0.011608400796907711, -0.02751192907770485, -0.033230320532914415, 0.04115431321129201, 0.3467850712022301, -0.033230320532917745, 3.580033922201198e-16, -0.1638532973680465, -0.003869214697614934, 4.1713549561991365e-16, -0.03323032053291464, -0.06209874407923293, 0.09109823902318459]
other derivatives: [ 0.1213607  -0.27343958 -0.05545644  0.0061732  -0.14549641  0.        ]
Current x array =  [-0.68405949 -0.88069965 -0.59112914  0.32818984 -1.48829919  0.33647224
 -0.0603935  -6.81638375 -4.85450307 -2.53626281 -2.31271193 -2.2841814
 -6.52448917 -1.95770403 -4.59946683 -2.38368879 -1.95770403 -2.30258509
 -3.81198525 -3.81200628 -2.30258509 -1.95770403 -3.83013173 -3.47948134]
log likelihood =  -746.037511373
Edge derivatives =  [0.10857837622452998, -0.02524779430353796, 0.028051350130939193, -0.17928130386832436, -0.018916591437219257, 0.014806459745963771, -0.025798264744764134, -0.005901065062484223, 0.04178716454890212, 0.27184478835393, -0.005901065062484112, 1.3266907842294556e-21, -0.15203146629928774, 0.012442856019558003, 1.295702774723625e-21, -0.005901065062483002, -0.04700122034739922, 0.12232439137341156]
other derivatives: [ 0.03273044  0.19235813  0.03593641  0.01967919 -0.15971864  0.        ]
Current x array =  [-0.68360143 -0.88514109 -0.59170671  0.32823168 -1.48757571  0.33647224
 -0.06121262 -6.89288674 -4.88317886 -2.53340671 -2.31244624 -2.28489231
 -6.58228536 -1.96018552 -4.59930512 -2.37430312 -1.96018552 -2.30258509
 -3.81629362 -3.82106638 -2.30258509 -1.96018552 -3.83734989 -3.49020199]
log likelihood =  -746.03108926
Edge derivatives =  [0.12562765738354675, -0.023076917903852755, 0.03140177970991817, -0.16748700156451424, -0.01886385897723035, 0.015567942221139455, -0.02376482653379629, 0.035251535105788045, 0.03097411986592166, 0.14914847640893777, 0.03525153510579093, 2.3759000293281926e-17, -0.1336813088018445, 0.024668544507953638, 7.411939397179748e-18, 0.03525153510578927, -0.03181856212205967, 0.12267308465805632]
other derivatives: [-0.06314167  0.42022066 -0.01585931  0.05362608 -0.19165327  0.        ]
Current x array =  [-0.68321145 -0.88732866 -0.59150498  0.3274382  -1.48637066  0.33647224
 -0.06164743 -6.9827334  -4.91407414 -2.53208275 -2.31248468 -2.28502817
 -6.64958643 -1.96410363 -4.58638354 -2.35952689 -1.96410363 -2.30258509
 -3.82418366 -3.82826697 -2.30258509 -1.96410363 -3.84474112 -3.49014589]
log likelihood =  -746.021603573
Edge derivatives =  [0.029439851264569106, -0.019843398479387164, 0.035736209036018346, -0.11680030611731806, -0.01841536751416925, 0.016218922781881945, -0.020610804628058418, 0.07041030889010591, -0.013580902617591806, -0.03287317794404093, 0.07041030889010591, -3.6925855939397444e-16, -0.10537155448369004, 0.0339300447109495, -3.2771598660156036e-16, 0.07041030889010602, -0.014477000840572143, 0.08353570422258766]
other derivatives: [-0.15135129  0.46296691  0.05856009  0.00113687 -0.01983835  0.        ]
Current x array =  [-0.68290254 -0.88801248 -0.59178495  0.329131   -1.49331966  0.33647224
 -0.05809767 -7.13276262 -4.96070795 -2.53465803 -2.31282873 -2.28475611
 -6.76014634 -1.96690209 -4.53756281 -2.33812349 -1.96690209 -2.30258509
 -3.83760557 -3.83428428 -2.30258509 -1.96690209 -3.85334806 -3.47626079]
log likelihood =  -746.024417808
Edge derivatives =  [0.2440468224684958, -0.019704417619759735, 0.05059714972267392, 0.006274073578262804, -0.01062648684497755, 0.006557041760685389, -0.01864368023405849, 0.09431174592049762, -0.004894865288695191, -0.24631740719150771, 0.09431174592049263, -5.488917657682913e-16, -0.035325708804689424, 0.022314893778652256, -6.220080707529237e-16, 0.09431174592049729, 0.004416573001376607, -0.032263811741651285]
other derivatives: [ 0.80989366 -0.23152325 -0.54086513  0.20127118 -0.28061322  0.        ]
Current x array =  [-0.68647005 -0.88081312 -0.5886857   0.32108325 -1.48251986  0.33647224
 -0.06471916 -7.14042724 -4.95341769 -2.55462637 -2.3174965  -2.28001403
 -6.7686954  -1.96996908 -4.54518436 -2.3141099  -1.96996908 -2.30258509
 -3.87378433 -3.8282673  -2.30258509 -1.96996908 -3.8626274  -3.43653797]
log likelihood =  -746.018963377
Edge derivatives =  [0.11755135133838612, -0.019786310021426085, 0.04178685368084775, -0.06587870936417799, -0.015215938230726284, 0.012301317506149864, -0.019803009354420975, 0.0802491592428698, -0.010010362574268197, -0.11983424813000437, 0.08024915924287424, 1.3531413167647253e-17, -0.07630569031038449, 0.029179415125715813, 1.853965308696004e-17, 0.0802491592428729, -0.006711919324256833, 0.03658606724383269]
other derivatives: [ 0.24461997  0.17930688 -0.18717401  0.08311645 -0.12663577  0.        ]
Current x array =  [-0.68436658 -0.885058   -0.59051307  0.32582836 -1.48888762  0.33647224
 -0.060815   -7.13590804 -4.95771616 -2.54285267 -2.31474429 -2.28281005
 -6.76365471 -1.96816073 -4.54069055 -2.32826876 -1.96816073 -2.30258509
 -3.85245266 -3.83181502 -2.30258509 -1.96816073 -3.85715613 -3.45995929]
log likelihood =  -746.01647966
Edge derivatives =  [0.02677766757082778, -0.01907127581599414, 0.04356048220947305, -0.025460808838514856, -0.012902125537169268, 0.010175768513501035, -0.018946282350327588, 0.052003428358052606, -0.031206103044266114, -0.1403471157331709, 0.05200342835805061, 1.97090570334328e-16, -0.06696011365296814, 0.026445423797004937, 2.2643561783074654e-16, 0.05200342835804794, -0.004850654892978777, 0.012520465201124868]
other derivatives: [ 0.07652261 -0.00679847  0.07446488  0.03312834 -0.02146407  0.        ]
Current x array =  [-0.68383935 -0.88346554 -0.59182159  0.32738003 -1.49332808  0.33647224
 -0.05822057 -7.17239813 -4.96610247 -2.54798967 -2.31536743 -2.28228857
 -6.79002659 -1.96537574 -4.5188275  -2.32620647 -1.96537574 -2.30258509
 -3.85804486 -3.83064408 -2.30258509 -1.96537574 -3.85834423 -3.45197564]
log likelihood =  -746.015372337
Edge derivatives =  [-0.03719383310043567, -0.018711707649852215, 0.04508732558986003, 0.002465813668548797, -0.014739997397387516, 0.011102423821812382, -0.0184543100926297, 0.023805014482103704, -0.04263854851716194, -0.10767081041992976, 0.02380501448210237, -3.734630309411563e-16, -0.058515380664971264, 0.02295777985564563, -3.886387836730774e-16, 0.02380501448210004, -0.004120364499342506, -0.005981019162270257]
other derivatives: [-0.0212367  -0.07025847 -0.23882194 -0.01115268  0.05127276  0.        ]
Current x array =  [-0.68355043 -0.88304631 -0.58997521  0.32912351 -1.49668898  0.33647224
 -0.05621365 -7.19154099 -4.96854727 -2.55144593 -2.31610948 -2.28165371
 -6.80372754 -1.96218421 -4.50686978 -2.32977615 -1.96218421 -2.30258509
 -3.86280359 -3.82831251 -2.30258509 -1.96218421 -3.85845786 -3.44549201]
log likelihood =  -746.014074359
Edge derivatives =  [-0.047975710691744, -0.018607884974875855, 0.04676325679840955, 0.028004327139756993, -0.010338582373908042, 0.008437625163342302, -0.018092968247355838, -0.007005812064565631, -0.03916849271166836, -0.07219811123388456, -0.0070058120645639654, -3.681164751202915e-16, -0.044897386083956985, 0.019085664472440367, -3.9742108498440896e-16, -0.007005812064562855, -0.0019261034780592781, -0.020654791634625344]
other derivatives: [ 0.01363105 -0.14088073  0.07149765 -0.02426077  0.05643415  0.        ]
Current x array =  [-0.68366845 -0.88235114 -0.59164544  0.3294968  -1.49690322  0.33647224
 -0.05600386 -7.19692214 -4.96643129 -2.55548184 -2.31747173 -2.28054191
 -6.80818403 -1.95941704 -4.51056379 -2.33414302 -1.95941704 -2.30258509
 -3.87077178 -3.82608079 -2.30258509 -1.95941704 -3.85975164 -3.44074024]
log likelihood =  -746.0127105
Edge derivatives =  [-0.027007461942732458, -0.018235620476102436, 0.048713815801338614, 0.045117318258400235, -0.0073338246506834265, 0.007316762300462326, -0.01754469529060594, -0.026386680669674978, -0.029868522353719153, -0.03282103351464835, -0.026386680669678864, 2.7945451275375e-16, -0.026470812391811566, 0.01886374178117703, 2.34179544390541e-16, -0.026386680669677087, 0.004277864014289992, -0.026351218796559994]
other derivatives: [ 0.04476988 -0.04487219  0.12857981 -0.01821263  0.02861498  0.        ]
Current x array =  [-0.68373458 -0.8832091  -0.59197196  0.32950699 -1.49586001  0.33647224
 -0.05657186 -7.21711669 -4.96928252 -2.55758766 -2.31902222 -2.27935769
 -6.82415653 -1.9575847  -4.51981329 -2.33871614 -1.9575847  -2.30258509
 -3.88082512 -3.82551735 -2.30258509 -1.9575847  -3.86279555 -3.43876685]
log likelihood =  -746.010982116
Edge derivatives =  [0.00649082934058276, -0.01671736247423809, 0.05018611399857019, 0.05378261176657792, -0.0026078523271112902, 0.008198309921369343, -0.01605107180577025, -0.033176297863103055, -0.014191368637406873, 0.013913366790376386, -0.03317629786310217, -3.219887163038841e-17, 0.007568821542645633, 0.028358803217517388, -4.2297210758216816e-17, -0.03317629786310061, 0.02172646079573872, -0.004550548285617288]
other derivatives: [ 0.39542556  0.07240715  0.11630163 -0.04043841  0.03971081  0.        ]
Current x array =  [-0.68484133 -0.88418246 -0.59194204  0.33043805 -1.49608176  0.33647224
 -0.05678206 -7.30345984 -4.99128456 -2.55598207 -2.32151676 -2.27777233
 -6.89046946 -1.95660983 -4.53525846 -2.34397902 -1.95660983 -2.30258509
 -3.89899363 -3.82947501 -2.30258509 -1.95660983 -3.87131604 -3.44581042]
log likelihood =  -746.0106378
Edge derivatives =  [0.032411727839019966, -0.015514336499823813, 0.05223936609435525, 0.06213596512771152, 0.002382494505860047, 0.00151319100826304, -0.014806129809921693, -0.02734332754632285, 0.0076119379853283875, 0.02146307528223229, -0.02734332754632296, -2.519152768799992e-17, 0.046477891589868287, 0.033877019962139286, -5.528491598389008e-17, -0.027343327546319962, 0.039035078354837674, 0.001550747122827885]
other derivatives: [-0.4657295   0.13868657 -0.01159606  0.02881961 -0.0392447   0.        ]
Current x array =  [-0.68181534 -0.88477418 -0.59143788  0.32889894 -1.49331283  0.33647224
 -0.05830787 -7.37910702 -5.00817384 -2.55549763 -2.32461648 -2.27543288
 -6.94947759 -1.95757288 -4.55765181 -2.34531668 -1.95757288 -2.30258509
 -3.92092087 -3.83185147 -2.30258509 -1.95757288 -3.88021171 -3.44801567]
log likelihood =  -746.009761139
Edge derivatives =  [0.014480382293877603, -0.015417713991443588, 0.050625648668215395, 0.049132738039854545, 0.0005248002860411688, 0.005168886278075449, -0.01488657263816138, -0.015873458020166598, -0.0015536613643424742, 0.0068570388599311916, -0.015873458020164932, 3.492066920488186e-16, 0.035843881628344364, 0.03647385231011594, 3.877365535927308e-16, -0.015873458020165376, 0.036722692408529524, 0.011766516615346077]
other derivatives: [-0.01033413  0.11466454 -0.00997034 -0.01008402  0.01473381  0.        ]
Current x array =  [-0.68338537 -0.88453894 -0.59138004  0.32987976 -1.49524152  0.33647224
 -0.05723295 -7.38474228 -5.01223287 -2.5529634  -2.32353894 -2.27636539
 -6.95291999 -1.95833802 -4.5479352  -2.34334249 -1.95833802 -2.30258509
 -3.91450883 -3.83330594 -2.30258509 -1.95833802 -3.8789096  -3.45132232]
log likelihood =  -746.009533203
Edge derivatives =  [-0.0009603054687798984, -0.01515824550810827, 0.04967712497399108, 0.040240526591761624, 0.00021710356104859274, 0.005650037136234465, -0.014749261536556308, -0.007051858447957415, -0.00432185133310958, -0.003460558741006148, -0.007051858447957304, 5.058646611653881e-16, 0.03484177647764158, 0.038567714510008386, 4.868120953643201e-16, -0.007051858447956194, 0.03758324499364266, 0.018649776092798907]
other derivatives: [ 0.05056791  0.06795062 -0.02324896 -0.02055458  0.03498144  0.        ]
Current x array =  [-0.68360046 -0.88409313 -0.59130608  0.33016909 -1.49602118  0.33647224
 -0.05670419 -7.40158816 -5.01752191 -2.55102271 -2.3233573  -2.27654759
 -6.96541924 -1.95910071 -4.54499274 -2.34212607 -1.95910071 -2.30258509
 -3.9138492  -3.83441781 -2.30258509 -1.95910071 -3.8793433  -3.45364997]
log likelihood =  -746.009117191
Edge derivatives =  [-0.029205615985764766, -0.014575320869064741, 0.048173213452698184, 0.024140598234854205, 0.0006395300852237717, 0.00480341897593721, -0.014377456033079205, 0.0027382068009955685, -0.007074826254273418, -0.01048497141790028, 0.002738206800992904, 4.2742769192932283e-17, 0.03759168884914696, 0.04042818984904859, 4.2892856291193536e-17, 0.002738206800993126, 0.03952421624628861, 0.0264710427600204]
other derivatives: [ 0.04099547 -0.01959961 -0.02539764 -0.02368097  0.04623644  0.        ]
Current x array =  [-0.68358291 -0.883247   -0.59131146  0.33029298 -1.49657744  0.33647224
 -0.05600345 -7.44077558 -5.02740913 -2.54748618 -2.3235545  -2.27635355
 -6.99486278 -1.960018   -4.54206998 -2.34139588 -1.960018   -2.30258509
 -3.91546898 -3.8353489  -2.30258509 -1.960018   -3.88036906 -3.45635736]
log likelihood =  -746.008342868
Edge derivatives =  [-0.04890487894927825, -0.013462728685789646, 0.046044874670393296, -0.0037125033329724055, 0.0016008443776099335, 0.002697872711335786, -0.013636455701053202, 0.0152107816419228, -0.01442209051743689, -0.020934557947329513, 0.015210781641923798, -3.5784275761552864e-17, 0.044189828345880644, 0.039807180570722314, -3.991707790439732e-17, 0.015210781641924576, 0.04123197145029483, 0.03065099579631038]
other derivatives: [ 0.00939053 -0.07097469 -0.02377192 -0.01590479  0.05373977  0.        ]
Current x array =  [-0.68348474 -0.88274359 -0.59133546  0.33012426 -1.49703984  0.33647224
 -0.05546143 -7.52007118 -5.04486833 -2.54135488 -2.32419132 -2.27556842
 -7.05447166 -1.96117029 -4.53426965 -2.34028219 -1.96117029 -2.30258509
 -3.91932368 -3.83502339 -2.30258509 -1.96117029 -3.88123687 -3.45781126]
log likelihood =  -746.007325759
Edge derivatives =  [-0.0003261055587681083, -0.011890805368646062, 0.043637349580191595, -0.04499534050483717, 0.004299393280871713, -0.005042998879506988, -0.012466308560018579, 0.00922206222688049, -0.018213274479879114, 0.004338255088187887, 0.009222062226880046, -8.43561996147476e-16, 0.05294577042182222, 0.027059535902756823, -8.282476507968668e-16, 0.009222062226881933, 0.03558327526010045, 0.018092065155656145]
other derivatives: [ 0.01577973 -0.44346962 -0.068178    0.00433147 -0.02894467  0.        ]
Current x array =  [-0.68356881 -0.87906174 -0.59115089  0.32967141 -1.49365113  0.33647224
 -0.05713992 -7.6445752  -5.06316304 -2.5330833  -2.32596583 -2.27317744
 -7.14897535 -1.96095471 -4.53044627 -2.3437266  -1.96095471 -2.30258509
 -3.9255402  -3.82812007 -2.30258509 -1.96095471 -3.87847046 -3.45379385]
log likelihood =  -746.005856476
Edge derivatives =  [-0.02328261145189603, -0.010724181676750799, 0.04084560962914585, -0.08342334872651966, 0.0037530411947044873, -0.0065251337492476386, -0.011738154059444155, 0.016023273535097138, -0.033661800498464414, 0.0048414489425990526, 0.01602327353509536, -1.1962789946352434e-17, 0.051110767731569605, 0.017899317844667383, -9.665104066626858e-19, 0.01602327353509858, 0.028927805900784982, 0.012850764811930829]
other derivatives: [-0.0670866  -0.20859261  0.01565468 -0.00203499 -0.01522267  0.        ]
Current x array =  [-0.68325175 -0.88137943 -0.5915454   0.33032286 -1.49449561  0.33647224
 -0.05631927 -7.74758631 -5.08106543 -2.52537903 -2.32633754 -2.27220465
 -7.22616931 -1.96139415 -4.51450537 -2.34366328 -1.96139415 -2.30258509
 -3.92459823 -3.82369996 -2.30258509 -1.96139415 -3.87493842 -3.4519346 ]
log likelihood =  -746.004703102
Edge derivatives =  [-0.0008890394986640904, -0.010009354548272209, 0.04122034240645685, -0.08763639888169024, 0.0033812271572981334, -0.007954896538820588, -0.011120962353666195, 0.006532077513912271, -0.03791201668939481, 0.025354621526726157, 0.00653207751391216, 5.073381384490825e-17, 0.052479726746476676, 0.0037928989096306306, 4.5148985104121944e-17, 0.006532077513910273, 0.02044432718093856, -0.005759299079486184]
other derivatives: [-0.03931291  0.00965201 -0.06270966  0.00761702 -0.03710738  0.        ]
Current x array =  [-0.68332716 -0.88349826 -0.59105036  0.33036414 -1.49383549  0.33647224
 -0.0567369  -7.81651392 -5.08634616 -2.52384361 -2.32729672 -2.2707571
 -7.27852821 -1.96028776 -4.50994961 -2.34584634 -1.96028776 -2.30258509
 -3.92543972 -3.81653155 -2.30258509 -1.96028776 -3.87035511 -3.44544878]
log likelihood =  -746.003976394
Edge derivatives =  [0.042570530097705284, -0.009428286688345486, 0.04246813671237136, -0.07477159941874349, 0.006366519826067049, -0.011755197277539667, -0.010519636353492996, -0.014637896514736237, -0.03683058224933815, 0.051784064404518715, -0.014637896514732462, -1.076416199117244e-17, 0.05109935511140263, -0.014882364404922112, -2.232347541373384e-17, -0.014637896514734572, 0.008074590763718595, -0.030608681648552016]
other derivatives: [-0.02336265  0.12731789  0.25523832  0.00540012 -0.054672    0.        ]
Current x array =  [-0.68334277 -0.88462001 -0.59274495  0.3305405  -1.49292279  0.33647224
 -0.05775987 -7.87604478 -5.08548563 -2.52558659 -2.32844689 -2.26916424
 -7.32430407 -1.95841968 -4.51124518 -2.34907207 -1.95841968 -2.30258509
 -3.92527272 -3.80741655 -2.30258509 -1.95841968 -3.8641785  -3.43724715]
log likelihood =  -746.003258815
Edge derivatives =  [0.061436082577940865, -0.00917900825325828, 0.04428721408299707, -0.05657689706939653, 0.004587466604987198, -0.011794960196750137, -0.010182181298171913, -0.021069740122849567, -0.03449169364030457, 0.06090294713558242, -0.021069740122850344, -5.568218225693244e-16, 0.04714581682242342, -0.026423297391848413, -5.269786210373225e-16, -0.021069740122850344, -0.0006886352269568838, -0.04524193270085034]
other derivatives: [ 0.00300133  0.15347723 -0.02477236  0.00867431 -0.06125447  0.        ]
Current x array =  [-0.68345511 -0.88491578 -0.59115858  0.33055026 -1.49274696  0.33647224
 -0.05812763 -7.90301821 -5.08161562 -2.52826483 -2.32889181 -2.26846825
 -7.34528743 -1.95758803 -4.51337861 -2.34992762 -1.95758803 -2.30258509
 -3.92293642 -3.80160599 -2.30258509 -1.95758803 -3.85950727 -3.43217362]
log likelihood =  -746.002363748
Edge derivatives =  [0.061251704574934396, -0.008891607923879217, 0.04606080717617068, -0.03323686286120303, 0.004444226796887815, -0.011836810021546754, -0.009777214342116477, -0.020552177617267464, -0.02911321337220557, 0.05666064195979745, -0.020552177617265355, -9.404993297612871e-19, 0.0431814576231416, -0.034736679414935454, -5.6857137656801015e-18, -0.02055217761726824, -0.007543224804333566, -0.05120504977198056]
other derivatives: [ 0.07084964  0.10076064 -0.12647661  0.0007276  -0.04296226  0.        ]
Current x array =  [-0.68370471 -0.8844321  -0.59057489  0.33071514 -1.49340376  0.33647224
 -0.05797352 -7.9348046  -5.07960959 -2.53165373 -2.32927834 -2.26807738
 -7.37008903 -1.95751092 -4.51875717 -2.34935338 -1.95751092 -2.30258509
 -3.92057474 -3.79760005 -2.30258509 -1.95751092 -3.85597534 -3.43013734]
log likelihood =  -746.000331234
Edge derivatives =  [0.009617188013110456, -0.007806889229186038, 0.04976952098990814, 0.02338965139165529, 0.00534325373605099, -0.012606066354135845, -0.008485172635872328, -0.00808113680672884, -0.016232798195275684, 0.02375127021447221, -0.008081136806729505, 1.8913816159398865e-16, 0.028558587688704083, -0.05584629977906416, 1.907936774612921e-16, -0.008081136806730393, -0.0269174707824174, -0.05537350832501645]
other derivatives: [ 0.09532641 -0.0790692  -0.19227855 -0.02955858  0.03471996  0.        ]
Current x array =  [-0.68383142 -0.88281235 -0.59016089  0.33144208 -1.49641149  0.33647224
 -0.05637143 -8.06476801 -5.08200223 -2.53929471 -2.33017025 -2.26735082
 -7.47044784 -1.9584729  -4.53193694 -2.34547625 -1.9584729  -2.30258509
 -3.91206827 -3.78791293 -2.30258509 -1.9584729  -3.8462804  -3.42881117]
log likelihood =  -745.998880368
Edge derivatives =  [0.005360559919095398, -0.006812802990159808, 0.05123806098742202, 0.03855609187578657, 0.007294932051827768, -0.012779446248388768, -0.007503967599801217, 0.008430645655423952, -0.007095444380825756, -0.007670042935184501, 0.008430645655420177, 2.3312881174345983e-16, 0.01871344688700191, -0.06416211166332922, 2.447968994049422e-16, 0.008430645655423952, -0.03656087236711074, -0.040196526838975115]
other derivatives: [ 0.11666543 -0.10618351 -0.15602382 -0.01429044  0.02886509  0.        ]
Current x array =  [-0.68390669 -0.88252591 -0.59039672  0.33085802 -1.49616842  0.33647224
 -0.05632651 -8.20090566 -5.09262944 -2.54038221 -2.33070436 -2.26723192
 -7.57492721 -1.96010711 -4.54135714 -2.34180777 -1.96010711 -2.30258509
 -3.90606447 -3.78451736 -2.30258509 -1.96010711 -3.84153353 -3.43393877]
log likelihood =  -746.020965141
Edge derivatives =  [-0.08489811077950515, -0.004868701776390195, 0.05420777017382651, 0.07936407916648205, 0.007522201581195487, -0.025436326073431034, -0.005672866015200152, -0.02715422685151636, 0.031232571139212423, -0.015336174661929686, -0.027154226851513474, -4.311883912971928e-17, -0.010217408229581816, -0.07810901813850354, -4.2803060501154506e-17, -0.027154226851515695, -0.057497886495760056, -0.01606846595513247]
other derivatives: [-3.75865739 -0.19762183 -0.41159183  0.0458499  -0.06060645  0.        ]
Current x array =  [-0.67081278 -0.88236394 -0.58926162  0.33173206 -1.49406669  0.33647224
 -0.05707481 -8.54093433 -5.10044232 -2.54604967 -2.33183234 -2.26760566
 -7.83784542 -1.95814091 -4.58303767 -2.34235554 -1.95814091 -2.30258509
 -3.89156865 -3.77946824 -2.30258509 -1.95814091 -3.83238086 -3.44335283]
log likelihood =  -745.99861402
Edge derivatives =  [-0.003402703972617993, -0.006591123595773289, 0.051539401481398205, 0.04268019964638678, 0.007319171251037107, -0.014011003093313545, -0.0072993985251241945, 0.004962729689730105, -0.003246488317656872, -0.008400563377370662, 0.004962729689727552, -4.593543708848743e-17, 0.015899309859664652, -0.06553957946085956, -7.452867286667493e-17, 0.004962729689726775, -0.0386085401117013, -0.037806413654216615]
other derivatives: [-0.25773943 -0.11509655 -0.18120545 -0.00850378  0.0201112   0.        ]
Current x array =  [-0.68261757 -0.88250997 -0.59028496  0.33094407 -1.4959615   0.33647224
 -0.05640018 -8.23438217 -5.09339863 -2.54094018 -2.33081541 -2.26726871
 -7.60081204 -1.95991353 -4.54546067 -2.3418617  -1.95991353 -2.30258509
 -3.90463733 -3.78402027 -2.30258509 -1.95991353 -3.84063243 -3.4348656 ]
log likelihood =  -745.997287485
Edge derivatives =  [0.0051785854888009575, -0.0054853437068464, 0.051915537537930816, 0.03980597966549308, 0.010765085150825304, -0.01285530568888435, -0.006283219615969835, 0.029171199778693535, 0.0073066337278699205, -0.05061293109919382, 0.029171199778693202, 1.8878437591066496e-16, 0.005366044568655956, -0.06612716937357767, 1.369841654928843e-16, 0.029171199778693868, -0.04395216106074164, -0.003361852074609012]
other derivatives: [-0.15617161 -0.04819185 -0.00447926  0.02495426 -0.01627996  0.        ]
Current x array =  [-0.68293676 -0.88304338 -0.59134166  0.32977767 -1.49450273  0.33647224
 -0.05677247 -8.41780792 -5.11216207 -2.53877535 -2.33115515 -2.26775124
 -7.74127521 -1.96241609 -4.55650377 -2.33694251 -1.96241609 -2.30258509
 -3.89793179 -3.78458304 -2.30258509 -1.96241609 -3.8380863  -3.44653805]
log likelihood =  -745.996136915
Edge derivatives =  [-0.008010679711325908, -0.004844621393418359, 0.05055948192263726, 0.024965485246326094, 0.011006158263752869, -0.010157963564886283, -0.00575660270378628, 0.021173915611218064, 0.01422749532932541, -0.04005966486450824, 0.02117391561121984, 5.868986710995762e-17, -0.0017704172163717155, -0.06041989599715775, 7.282607449637683e-17, 0.02117391561121862, -0.04370120496597855, 0.014527804269251925]
other derivatives: [-0.09378027 -0.01687113  0.03213927 -0.00597993 -0.01026592  0.        ]
Current x array =  [-0.68312848 -0.88337155 -0.59152288  0.33107235 -1.49477021  0.33647224
 -0.05628244 -8.54191258 -5.12040713 -2.5354944  -2.33094604 -2.26849418
 -7.83650682 -1.96154734 -4.56387133 -2.33806827 -1.96154734 -2.30258509
 -3.89367181 -3.7874079  -2.30258509 -1.96154734 -3.83821427 -3.45258107]
log likelihood =  -745.994215559
Edge derivatives =  [0.012204328329350034, -0.003801868580105756, 0.048077035487276196, -0.013299200687131738, 0.010398388533122457, -0.004430939733327796, -0.004898668659980061, -0.015212527800795295, 0.028832814937773357, 0.01260432579580667, -0.01521252780079596, 1.1816386412215588e-16, -0.016079652820020197, -0.03877857335049947, 8.162907006179868e-17, -0.015212527800795295, -0.03604059711291872, 0.03950075388917919]
other derivatives: [ 0.01610942  0.03893774  0.00926548  0.00266027  0.00027285  0.        ]
Current x array =  [-0.6834997  -0.88390334 -0.59137998  0.33078589 -1.49543454  0.33647224
 -0.05642761 -8.78393749 -5.12725253 -2.52859336 -2.32954844 -2.27075758
 -8.02279345 -1.95791257 -4.57957503 -2.34393526 -1.95791257 -2.30258509
 -3.88520554 -3.79782217 -2.30258509 -1.95791257 -3.84204368 -3.46102239]
log likelihood =  -745.993040313
Edge derivatives =  [-0.07222758373498162, -0.0032728919717581323, 0.0458101782284029, -0.03707048098574135, 0.007123648293560797, -0.0027653693419516373, -0.004433127560766421, -0.024896817935178728, 0.03056480175209631, 0.03760988573270302, -0.024896817935176396, -8.358914508765871e-20, -0.021060212463797176, -0.024787348947842784, 1.228813062078215e-19, -0.024896817935177395, -0.02837160247933032, 0.03165537921225077]
other derivatives: [ 0.02626166  0.01232365  0.03036575 -0.02066827 -0.02968363  0.        ]
Current x array =  [-0.68356911 -0.88370045 -0.59148676  0.3319639  -1.49484016  0.33647224
 -0.05478976 -8.9341645  -5.12619778 -2.52479078 -2.32799574 -2.27196553
 -8.13833701 -1.95699554 -4.58150602 -2.34680258 -1.95699554 -2.30258509
 -3.88233681 -3.80466449 -2.30258509 -1.95699554 -3.84597572 -3.45835347]
log likelihood =  -745.992146005
Edge derivatives =  [0.14119328600563164, -0.0030611881989911463, 0.04362393390775278, -0.0747136039366922, -0.0037351465627792624, 0.005156544662962642, -0.003288648546778461, -0.024037469792159816, 0.03551339123352125, 0.0785032301282437, -0.024037469792162036, -4.030618091186147e-17, -0.03350061926871706, 0.019483702384013597, -1.0041686157777063e-16, -0.024037469792162147, -0.0014564964895153742, -0.004124677605021977]
other derivatives: [ 0.04254161  0.22807853 -0.13687895 -0.1066951   0.10882104  0.        ]
Current x array =  [-0.68340736 -0.88584535 -0.59055553  0.33442993 -1.49832271  0.33647224
 -0.05818503 -9.         -5.11166741 -2.51955288 -2.32250715 -2.27610545
 -8.47011257 -1.956496   -4.58643061 -2.35097581 -1.956496   -2.30258509
 -3.87414365 -3.82681784 -2.30258509 -1.956496   -3.85953433 -3.4458754 ]
log likelihood =  -745.990553329
Edge derivatives =  [0.0026684307994109813, -0.003064038724299499, 0.043856515013738905, -0.06591068770252123, -0.004090218969647799, 0.00020985296925209174, -0.0032437998595775644, -0.01878374875294897, 0.02820045636719176, 0.06182975980620495, -0.018783748752949192, -3.948425749898918e-16, -0.03043968760235708, 0.016859018476946326, -4.3107180837800696e-16, -0.018783748752948748, -0.0009933980088701472, -0.028704840180545727]
other derivatives: [ 0.00760565 -0.04159801  0.01598437 -0.05288712  0.00768523  0.        ]
Current x array =  [-0.6834403  -0.88320293 -0.59146176  0.33263408 -1.49543134  0.33647224
 -0.05628389 -9.         -5.10482801 -2.52163632 -2.32202635 -2.27576143
 -8.47551788 -1.95754444 -4.57873281 -2.34942757 -1.95754444 -2.30258509
 -3.87635967 -3.82579198 -2.30258509 -1.95754444 -3.86010987 -3.43792849]
log likelihood =  -745.989830202
Edge derivatives =  [-0.06766955330690838, -0.003065672612574395, 0.04608795031375001, -0.03884391589252972, -0.0063198600351723755, -0.0016286348397602374, -0.0030376961311835452, -0.0026102179102678313, 0.025261476133325647, 0.035467413710868784, -0.002610217910266166, -1.121329923347187e-16, -0.029933555790537095, 0.012400143238050193, -1.1063606410694547e-16, -0.0026102179102679424, -0.002385280744650331, -0.05364046966808586]
other derivatives: [-0.00600267 -0.04439471 -0.04304184 -0.0048658  -0.04312142  0.        ]
Current x array =  [-0.68346449 -0.88316718 -0.59117419  0.33096718 -1.49408975  0.33647224
 -0.05530673 -9.         -5.09664546 -2.52627976 -2.32143834 -2.27558294
 -8.52334795 -1.95921938 -4.57538779 -2.34631388 -1.95921938 -2.30258509
 -3.87635725 -3.82394823 -2.30258509 -1.95921938 -3.85942573 -3.42960668]
log likelihood =  -745.989966357
Edge derivatives =  [-0.004698373408591194, -0.0030639398832328856, 0.04884389025935668, -0.0011123337563225394, -0.0050281243445749885, -0.00505665760619714, -0.0026474322203570567, 0.0012638268901626892, 0.021183232684433808, 0.006734062570358523, 0.00126382689016169, -2.540173349873131e-16, -0.029962716514741507, 0.01303623865192307, -2.5709366109126786e-16, 0.001263826890161801, 0.0005153721269196693, -0.09336339677953324]
other derivatives: [-0.10708163 -0.06619985  0.54710654  0.011471    0.00425189  0.        ]
Current x array =  [-0.68306004 -0.88292043 -0.59446309  0.32951927 -1.49508531  0.33647224
 -0.05675128 -9.         -5.07634459 -2.53377086 -2.31983377 -2.27624598
 -8.64327973 -1.96002977 -4.5713173  -2.34333036 -1.96002977 -2.30258509
 -3.87652516 -3.82519923 -2.30258509 -1.96002977 -3.86146448 -3.41691944]
log likelihood =  -745.989515109
Edge derivatives =  [-0.03894082671938043, -0.0030648783340005456, 0.047338953225012026, -0.02157873949208855, -0.005723660313910528, -0.0031838985877771925, -0.0028534586203489937, -0.0008361211988316963, 0.023410845478114468, 0.022421406726627263, -0.0008361211988340278, -1.1716217016270327e-16, -0.029942412378945467, 0.012687761552818096, -1.5717082461959492e-16, -0.0008361211988326955, -0.0010639337630808515, -0.07164022939218313]
other derivatives: [-0.05189804 -0.05425136  0.22623681  0.00260343 -0.02152092  0.        ]
Current x array =  [-0.68328054 -0.88305495 -0.59267007  0.33030863 -1.49454256  0.33647224
 -0.05596375 -9.         -5.08741209 -2.52968691 -2.32070854 -2.27588451
 -8.5778961  -1.95958796 -4.57353642 -2.3449569  -1.95958796 -2.30258509
 -3.87643362 -3.82451722 -2.30258509 -1.95958796 -3.86035301 -3.42383619]
log likelihood =  -745.989139704
Edge derivatives =  [-0.005743837954814035, -0.0030646207726178444, 0.04934248725078238, -0.0012875171883799524, -0.007187290670915503, -0.002555943607582281, -0.0026775393125376525, 0.007448966536920842, 0.02355604903059834, 0.006346017317211544, 0.007448966536918178, 3.088061976828129e-16, -0.030243133709067012, 0.011723526578780126, 2.9218187412781813e-16, 0.007448966536918955, -0.0009803304436193094, -0.08214546800374518]
other derivatives: [-0.01713261 -0.02489742  0.10379608  0.01975877 -0.00686668  0.        ]
Current x array =  [-0.68339444 -0.88332891 -0.59200266  0.32945274 -1.49492517  0.33647224
 -0.05660467 -9.         -5.08070502 -2.53315093 -2.32025973 -2.2760981
 -8.62933388 -1.96027683 -4.57345617 -2.34294006 -1.96027683 -2.30258509
 -3.87587606 -3.82420073 -2.30258509 -1.96027683 -3.86030694 -3.42026614]
log likelihood =  -745.988683307
Edge derivatives =  [0.03669370587380533, -0.0030640799790164173, 0.05126165192253124, 0.018810938273891437, -0.00799127281455908, -0.0011527356941270078, -0.002528674731703916, 0.007773307669528551, 0.023138347703157394, -0.004930191822069441, 0.007773307669529439, -6.215220278916816e-16, -0.028768490359748586, 0.011151944625348027, -6.207652849753064e-16, 0.007773307669531437, -1.7395439900119714e-05, -0.08745049310541961]
other derivatives: [ 0.01812168  0.01562057  0.00831051  0.02685283  0.02122533  0.        ]
Current x array =  [-0.68349831 -0.88372555 -0.59146343  0.32891529 -1.49574306  0.33647224
 -0.05733913 -9.         -5.07100855 -2.53681173 -2.31995148 -2.27644372
 -8.67622032 -1.96016905 -4.5727855  -2.34149169 -1.96016905 -2.30258509
 -3.87634729 -3.823994   -2.30258509 -1.96016905 -3.86069077 -3.41841041]
log likelihood =  -745.987691549
Edge derivatives =  [0.09954397307169732, -0.003063619988645402, 0.05471492629679747, 0.05675824565031708, -0.008645104831303999, 0.0018210790192490778, -0.002286168746361704, -0.0033638094713545064, 0.020698603440775735, -0.02126363382114363, -0.00336380947135162, 6.214689179980049e-16, -0.022795627189651543, 0.009724450274810212, 5.715148197859628e-16, -0.0033638094713539513, 0.0028071443497815762, -0.09061601956795295]
other derivatives: [-0.02202114  0.06792789 -0.13784529  0.03161631  0.0725322   0.        ]
Current x array =  [-0.68333601 -0.88428406 -0.59061707  0.32829651 -1.49733212  0.33647224
 -0.05845688 -9.         -5.04638816 -2.54431068 -2.3196155  -2.27724255
 -8.76020362 -1.95889484 -4.56982388 -2.33943863 -1.95889484 -2.30258509
 -3.87921065 -3.82333498 -2.30258509 -1.95889484 -3.86195641 -3.41722039]
log likelihood =  -745.986585039
Edge derivatives =  [0.17030475705396314, -0.0030618018103436384, 0.05924293216734299, 0.10646269393035568, -0.008387767347229222, 0.009575884586436267, -0.0019736995091580683, -0.030594513623064867, 0.01273367462417355, -0.031013434770290116, -0.030594513623062647, -2.462776241867289e-16, -0.007210599885993381, 0.010393532384937856, -2.9875349978367677e-16, -0.030594513623064645, 0.01155996310300194, -0.09100316096561314]
other derivatives: [ 0.58835212  0.12092869 -0.20741027  0.01298304  0.13285444  0.        ]
Current x array =  [-0.68542691 -0.88477663 -0.59010524  0.32791705 -1.49904924  0.33647224
 -0.05947297 -9.         -4.99681718 -2.55557192 -2.319059   -2.27880403
 -8.88604673 -1.95585659 -4.56079077 -2.33792997 -1.95585659 -2.30258509
 -3.88703566 -3.82343369 -2.30258509 -1.95585659 -3.86602706 -3.41672754]
log likelihood =  -745.984843209
Edge derivatives =  [0.16493891795805976, -0.0030637478680798367, 0.061576806580877344, 0.13556725699245142, -0.007982035188484587, 0.012245483098570736, -0.001805688214161685, -0.06364826626433429, 0.005489031514623162, -0.0345165801914086, -0.06364826626433606, -1.6411068410257716e-16, 0.005654728967192761, 0.010312981382184075, -1.779821733176815e-16, -0.0636482662643425, 0.01816767029613634, -0.08296738708259935]
other derivatives: [ 0.16198101  0.10883241 -0.28463774  0.0163368   0.15016894  0.        ]
Current x array =  [-0.68397169 -0.88481683 -0.58963035  0.32770333 -1.4998553   0.33647224
 -0.05970076 -9.         -4.95567979 -2.56361179 -2.31894924 -2.28003947
 -8.97088275 -1.95275354 -4.55302224 -2.33767338 -1.95275354 -2.30258509
 -3.89436818 -3.82329818 -2.30258509 -1.95275354 -3.86937578 -3.41941739]
log likelihood =  -745.982796725
Edge derivatives =  [0.0755246320686962, -0.0030669310515313497, 0.061251195450697585, 0.14383286319517097, -0.0065955503521238495, 0.015456152716914626, -0.0016907221910565204, -0.10539553658200462, -0.006217920449226349, -0.020544490979952368, -0.10539553658201062, -3.4638021398368346e-16, 0.023390341704596335, 0.013454376422287286, -3.768147731945761e-16, -0.10539553658201284, 0.028644605510792162, -0.067220609832729]
other derivatives: [-0.11436896  0.03843752 -0.19998652  0.00834461  0.11032171  0.        ]
Current x array =  [-0.6830855  -0.88427448 -0.59003006  0.32808148 -1.49894613  0.33647224
 -0.05854453 -9.         -4.90469807 -2.56950704 -2.31886706 -2.28152688
 -9.04774434 -1.94900674 -4.54088306 -2.33957973 -1.94900674 -2.30258509
 -3.90481706 -3.82456978 -2.30258509 -1.94900674 -3.87479542 -3.42474775]
log likelihood =  -745.980587186
Edge derivatives =  [-0.05019806809100813, -0.003070669012251293, 0.05894491722320476, 0.1368650018998896, -0.004901022536062102, 0.019108186336948635, -0.0015782917029663057, -0.130584962576761, -0.019799872910615388, -0.004998385390866333, -0.13058496257676, 1.5035671605709158e-16, 0.042731036235633395, 0.01597964408616121, 1.615983678978411e-16, -0.1305849625767641, 0.03923955919280875, -0.04646874914360602]
other derivatives: [-0.20080506  0.01507487 -0.04155254  0.00119371  0.02736442  0.        ]
Current x array =  [-0.68285549 -0.88412147 -0.59085231  0.32847577 -1.49647303  0.33647224
 -0.05689071 -9.         -4.84584727 -2.57400605 -2.31887877 -2.28291653
 -9.1355971  -1.94689763 -4.52703272 -2.34163927 -1.94689763 -2.30258509
 -3.9162068  -3.82552532 -2.30258509 -1.94689763 -3.88026324 -3.43174247]
log likelihood =  -745.976896504
Edge derivatives =  [-0.130284907622159, -0.003075173673165722, 0.05357754346845906, 0.11875184851533696, -0.002955012820374553, 0.024021304580028408, -0.001340983780793475, -0.12623247500429557, -0.03907485697855595, 0.00043688984876172343, -0.12623247500429824, 1.2357390218105137e-16, 0.06878084230523819, 0.016683950271638978, 9.369658012203917e-17, -0.12623247500430101, 0.05203119216963509, -0.016389486784487532]
other derivatives: [-0.22675977 -0.08185452  0.09563337 -0.0163709  -0.05193215  0.        ]
Current x array =  [-0.68280034 -0.8832153  -0.59158661  0.32861309 -1.49330668  0.33647224
 -0.05653993 -9.         -4.74581355 -2.58138233 -2.31878458 -2.2847343
 -9.3290332  -1.94763574 -4.50774039 -2.34261314 -1.94763574 -2.30258509
 -3.93165452 -3.82550884 -2.30258509 -1.94763574 -3.8868625  -3.44193382]
log likelihood =  -745.972081858
Edge derivatives =  [-0.19038880636871414, -0.003081120552374518, 0.036090346662677776, 0.06864658005126047, -0.00244383286430018, 0.03318514820613774, -0.0009267870996324278, -0.056305810420474334, -0.06844934841646683, -0.01357522704316863, -0.05630581042047278, -4.083055869841078e-16, 0.10656932266134315, 0.011196705720759537, -5.09025743456336e-16, -0.05630581042047356, 0.06678721884714198, 0.032300339781969584]
other derivatives: [-0.24569999  0.3227683   0.2460979   0.00289901 -0.13474164  0.        ]
Current x array =  [-0.68267024 -0.88714637 -0.59237205  0.32649351 -1.48939494  0.33647224
 -0.0572165  -9.         -4.55551346 -2.59533064 -2.31851477 -2.28691768
 -9.7662272  -1.95439294 -4.47890724 -2.34098007 -1.95439294 -2.30258509
 -3.95345754 -3.82253862 -2.30258509 -1.95439294 -3.89413205 -3.45825407]
log likelihood =  -745.972905928
Edge derivatives =  [-0.0782329885569295, -0.003084661574550495, 0.012355725680004526, 0.021978676414149884, -0.004266233237830791, 0.028199514105466797, -0.0006318786100177285, 0.044259589072580985, -0.08433952369191346, -0.06442936723067133, 0.044259589072583316, -2.281140397273483e-16, 0.11543652056722654, 0.004032047292017171, -2.288454247939076e-16, 0.04425958907258598, 0.06686606409616239, 0.039411216816837374]
other derivatives: [-0.06132268 -0.84619387 -0.03452669 -0.00446789 -0.07363496  0.        ]
Current x array =  [ -0.68344351  -0.87582743  -0.59092066   0.323438    -1.48905383
   0.33647224  -0.06089227  -9.          -4.41331427  -2.60670444
  -2.31761095  -2.28703134 -10.19001895  -1.9644722   -4.46455357
  -2.33605846  -1.9644722   -2.30258509  -3.96039962  -3.81851823
  -2.30258509  -1.9644722   -3.89455453  -3.46123123]
log likelihood =  -745.969887296
Edge derivatives =  [-0.1382860089241072, -0.003082738051948556, 0.026447475961812378, 0.04857352366656349, -0.0032279546040178964, 0.030874922907378033, -0.0007758260701122755, -0.009735649581454786, -0.07573150392922218, -0.03692252417777417, -0.00973564958145745, -1.1888115137163005e-17, 0.11072452988806161, 0.00786355413943634, -9.611372126423871e-17, -0.009735649581458006, 0.06683490308607669, 0.03560373384101191]
other derivatives: [ -1.59946012e-01  -2.13071871e-01   1.15937837e-01  -1.25055521e-04
  -1.06285825e-01   0.00000000e+00]
Current x array =  [-0.6830272  -0.88192137 -0.59170206  0.32508303 -1.48923748  0.33647224
 -0.0589133  -9.         -4.48987204 -2.60058097 -2.31809755 -2.28697015
 -9.96185625 -1.95904569 -4.47228136 -2.33870818 -1.95904569 -2.30258509
 -3.95666211 -3.82068274 -2.30258509 -1.95904569 -3.89432707 -3.45962838]
log likelihood =  -745.967854192
Edge derivatives =  [-0.03174190006258737, -0.003079655303403802, 0.03049964864792017, 0.04301517750314006, -0.004825169314101679, 0.025584532372031607, -0.0007858118932313749, 0.03776221595374929, -0.06327216003638671, -0.049414722522337556, 0.03776221595375395, 3.488811911647515e-16, 0.09224664646038544, 0.0029602315899532397, 3.816213883082951e-16, 0.037762215953756395, 0.054412726990655996, 0.021272825204107976]
other derivatives: [-0.04188223 -0.11563088  0.07224799  0.01679155 -0.04184812  0.        ]
Current x array =  [-0.68334716 -0.88274385 -0.59154051  0.32422814 -1.4908873   0.33647224
 -0.06046505 -9.         -4.52331387 -2.59543888 -2.31817572 -2.28502461
 -9.93966393 -1.96340052 -4.48431865 -2.33700861 -1.96340052 -2.30258509
 -3.94523914 -3.81878011 -2.30258509 -1.96340052 -3.88785119 -3.45466814]
log likelihood =  -745.966237253
Edge derivatives =  [0.03741564784664503, -0.0030786709389073563, 0.02690985035940442, 0.0195210496911747, -0.009497563285187333, 0.02229379412390807, -0.0007368501258374786, 0.0687078645694269, -0.05634068977618595, -0.04333511110788252, 0.06870786456942568, 2.3635125229798974e-16, 0.07810208242887598, -0.0017252713074485532, 1.3315382207994703e-16, 0.06870786456943079, 0.04332362492267413, 0.015518441601915872]
other derivatives: [ 0.10571739  0.03133209 -0.22617996  0.01473381  0.0099476   0.        ]
Current x array =  [ -0.68382004  -0.88418258  -0.58985384   0.32394022  -1.49231966
   0.33647224  -0.06147113  -9.          -4.50912384  -2.59318097
  -2.318354    -2.28286562 -10.01954061  -1.9659215   -4.49102431
  -2.33727199  -1.9659215   -2.30258509  -3.93649822  -3.81642109
  -2.30258509  -1.9659215   -3.88180205  -3.45240448]
log likelihood =  -745.964605314
Edge derivatives =  [0.14868938159507294, -0.003076256435956587, 0.021611393169096497, 0.001490401030224589, -0.011938972824903901, 0.015741996160778385, -0.000654981817061935, 0.08448050610678182, -0.048629150959341894, -0.04270533061864329, 0.08448050610678537, 4.246228202403687e-17, 0.059044045240207385, -0.008537898430986818, 4.242951896013511e-17, 0.08448050610678881, 0.028500205482774092, 0.0028438562456616356]
other derivatives: [  1.93813321e-01   1.17563559e-01  -1.23611699e-01  -7.95807864e-05
   1.10014753e-01   0.00000000e+00]
Current x array =  [ -0.6840673   -0.88507323  -0.59032166   0.32354381  -1.49507461
   0.33647224  -0.06326593  -9.          -4.48118149  -2.59383953
  -2.31851713  -2.28021952 -10.15636107  -1.96721583  -4.499029    -2.3371974
  -1.96721583  -2.30258509  -3.92550705  -3.81332585  -2.30258509
  -1.96721583  -3.8742146   -3.44810274]
log likelihood =  -745.962271719
Edge derivatives =  [0.13330162140404095, -0.0030773976316098585, 0.010108511236406235, -0.0328281257195739, -0.019316966852897244, 0.004781804184331606, -0.0005466783765889387, 0.07036148455069768, -0.03627342263935483, -0.01797791268934787, 0.07036148455070235, -1.344033556839095e-18, 0.026036338690839225, -0.017168786431654995, -5.828368900781033e-17, 0.07036148455070468, 0.0039204787682859885, -0.013966660687488995]
other derivatives: [ 0.18413857  0.16078729 -0.373484    0.00277396  0.14342731  0.        ]
Current x array =  [ -0.68414535  -0.88574224  -0.58873583   0.3230101   -1.49660208
   0.33647224  -0.06290987  -9.          -4.4284006   -2.5949599
  -2.31927486  -2.27544166 -10.37456266  -1.96552942  -4.51192755
  -2.33973968  -1.96552942  -2.30258509  -3.90690204  -3.80901508
  -2.30258509  -1.96552942  -3.86156318  -3.44228946]
log likelihood =  -745.96056429
Edge derivatives =  [0.05948129230516769, -0.003078801992583583, -0.0045072831921355895, -0.06275442191892326, -0.018812274537395743, -0.008829496143748755, -0.00045379785082376065, 0.03819399664219936, -0.025134026125748124, 0.00010586052079900043, 0.03819399664220191, -1.995900951312366e-16, -0.007442784999534442, -0.02606855818706548, -2.8037521386521004e-16, 0.03819399664220158, -0.020965854799136187, -0.028549135529155042]
other derivatives: [ 0.21186679  0.07914878  0.21558435  0.0046839   0.09185896  0.        ]
Current x array =  [ -0.6843687   -0.8851145   -0.5917861    0.32248758  -1.49493204
   0.33647224  -0.06216453  -9.          -4.3708302   -2.59824218
  -2.32068855  -2.27089846 -10.59556811  -1.96297164  -4.5245721
  -2.34218364  -1.96297164  -2.30258509  -3.88922154  -3.80520278
  -2.30258509  -1.96297164  -3.84959593  -3.43789356]
log likelihood =  -745.959908606
Edge derivatives =  [0.0004547225902130636, -0.0030814691306098488, -0.0030897411110235133, -0.05350460341654621, -0.019042153899835115, -0.007872005221337575, -0.0004652684942418038, 0.008405497403172868, -0.026421370140063932, 0.008760091841156809, 0.008405497403174755, 1.281195417550768e-16, -0.004362115531547042, -0.023139050619172347, 1.678222735426911e-16, 0.0084054974031752, -0.017682245139001802, -0.025413045801128555]
other derivatives: [-0.10851409  0.01391527  0.02229399  0.01002718  0.03619789  0.        ]
Current x array =  [ -0.68332972  -0.88458913  -0.59071192   0.32296452  -1.49354303
   0.33647224  -0.06139835  -9.          -4.37227916  -2.59957031
  -2.32105182  -2.27132755 -10.56974224  -1.96023791  -4.52318221
  -2.34328096  -1.96023791  -2.30258509  -3.89112659  -3.80644692
  -2.30258509  -1.96023791  -3.85123053  -3.43896818]
log likelihood =  -745.959781196
Edge derivatives =  [-0.02952033877471505, -0.003082167939985483, -0.00269408665042244, -0.04541496953914695, -0.017852776835775616, -0.004475815129501418, -0.0004700669153395523, -0.008802884494605978, -0.029310868150878314, 0.013139352918129427, -0.008802884494605867, 9.937717667759482e-17, 0.0022542384241604624, -0.020451586358848493, 1.3721835569011967e-16, -0.008802884494605645, -0.012695827560758467, -0.019919191359800296]
other derivatives: [ 0.05029506 -0.01508624 -0.01731451  0.00358114 -0.00109139  0.        ]
Current x array =  [ -0.68390794  -0.88430043  -0.59047107   0.3233254   -1.49240159
   0.33647224  -0.06094001  -9.          -4.36851516  -2.60137044
  -2.3212834   -2.27209212 -10.5566716   -1.95859448  -4.52011802
  -2.34375407  -1.95859448  -2.30258509  -3.89471996  -3.80756124
  -2.30258509  -1.95859448  -3.85364332  -3.44073821]
log likelihood =  -745.959696753
Edge derivatives =  [-0.0219197146894759, -0.0030824444269003915, -0.0026169217797929883, -0.041349900760482394, -0.016775776617980895, -0.00423171833896184, -0.00046567426985092417, -0.00886757369249458, -0.029237235809841458, 0.010003186911283157, -0.008867573692497577, 9.647288195608366e-17, 0.0025616498219925357, -0.02015467348749936, 1.1031132701281879e-16, -0.008867573692492026, -0.012288847848524409, -0.018993462390700107]
other derivatives: [-0.02604565 -0.02188472  0.01307399  0.00376303 -0.00637783  0.        ]
Current x array =  [ -0.68363671  -0.88424036  -0.59064686   0.32332085  -1.49210544
   0.33647224  -0.06122197  -9.          -4.36564251  -2.60254513
  -2.32154182  -2.27220405 -10.56536895  -1.95866765  -4.5202366
  -2.34344786  -1.95866765  -2.30258509  -3.89492608  -3.80778917
  -2.30258509  -1.95866765  -3.85390036  -3.44110329]
log likelihood =  -745.959495314
Edge derivatives =  [0.012894932706877804, -0.0030827314101955485, -0.0012642507660148156, -0.025490357465829422, -0.013456261775955311, -0.0031746022238034743, -0.0004504732004859599, -0.00884013392706029, -0.026974144965208096, 0.0012399691648184719, -0.008840133927060179, -2.6088214531479625e-16, 0.0006313073738696134, -0.01921984472668794, -1.8572446760377517e-16, -0.008840133927063287, -0.012594765215985286, -0.01780556462821599]
other derivatives: [-0.12165629 -0.02587512  0.06267555  0.00106866 -0.01454055  0.        ]
Current x array =  [ -0.68328098  -0.88420664  -0.59093042   0.32334943  -1.49144496
   0.33647224  -0.06216019  -9.          -4.35931305  -2.60631782
  -2.32256322  -2.27226037 -10.5938717   -1.95880679  -4.52260373
  -2.3424846   -1.95880679  -2.30258509  -3.89376719  -3.80849262
  -2.30258509  -1.95880679  -3.85383617  -3.44158511]
log likelihood =  -745.959303093
Edge derivatives =  [0.04056143554418895, -0.0030829601223497784, 1.3277409384428174e-05, -0.0065037685190605515, -0.009730846495953058, -0.001348535511311047, -0.0004282928687695964, -0.006612262307861272, -0.023236530932460663, -0.007566527419148761, -0.006612262307861827, 2.5592466649916694e-17, -0.0030469092264720915, -0.017932087927565107, 1.2072679448934855e-17, -0.006612262307861716, -0.013694115601317211, -0.01633072177513721]
other derivatives: [-0.12083774 -0.01629132  0.06152732 -0.00236469 -0.02060005  0.        ]
Current x array =  [ -0.68326576  -0.8843062   -0.59091764   0.32332831  -1.49090717
   0.33647224  -0.06288756  -9.          -4.34945095  -2.61110925
  -2.32398222  -2.27212828 -10.63855206  -1.9590705   -4.52643638
  -2.34141277  -1.9590705   -2.30258509  -3.89146044  -3.80935955
  -2.30258509  -1.9590705   -3.85330362  -3.44208979]
log likelihood =  -745.959161418
Edge derivatives =  [-0.08099031872438595, -0.0030838554313567398, 0.0033513469421156267, 0.02735790002806132, -0.0014148910438494117, 0.003536983852598735, -0.00040475577295509806, 0.008226540721831044, -0.015457192701606066, -0.016061518668969516, 0.008226540721827047, -2.5459657597091833e-16, -0.006153272148085934, -0.011653818143569736, -2.336123983870522e-16, 0.008226540721826936, -0.011116601054767083, -0.008333093531109365]
other derivatives: [-0.16643753  0.00388809  0.08058123  0.00854925 -0.01309672  0.        ]
Current x array =  [ -0.68314622  -0.88455153  -0.59102539   0.32291986  -1.49191383
   0.33647224  -0.06034146  -9.          -4.34397086  -2.61774463
  -2.3270647   -2.27223538 -10.67733455  -1.96046143  -4.534385
  -2.34031578  -1.96046143  -2.30258509  -3.88917332  -3.81281759
  -2.30258509  -1.96046143  -3.85463434  -3.44477856]
log likelihood =  -745.959002711
Edge derivatives =  [6.646872401955273e-05, -0.0030828414709601374, 0.002313185299245603, 0.024675049783489347, -0.0008946599260917093, 0.0032362390964455756, -0.00039543074860638137, 0.0035237470327502685, -0.012836169500465091, -0.010457970175761389, 0.0035237470327502685, 1.44614165600231e-16, -0.0097700351781944, -0.010660700316664593, 1.50896724315009e-16, 0.0035237470327500464, -0.01259993419640433, -0.008609359755036905]
other derivatives: [-0.004718   -0.06317578 -0.00710543 -0.00277396  0.01355147  0.        ]
Current x array =  [ -0.68368646  -0.88388477  -0.59051314   0.32294887  -1.49231603
   0.33647224  -0.06184189  -9.          -4.33776318  -2.61816944
  -2.32758264  -2.27164655 -10.70440934  -1.95990245  -4.53710875
  -2.34088986  -1.95990245  -2.30258509  -3.8871355   -3.81316327
  -2.30258509  -1.95990245  -3.85383156  -3.44462172]
log likelihood =  -745.958959935
Edge derivatives =  [-0.005170462539810405, -0.003082796773372356, 0.0018933221466638193, 0.02028255268063145, -0.0014642614410843163, 0.0034412354886086682, -0.0003999940792116984, 0.00016361604131764906, -0.013564634413802644, -0.006003693698436535, 0.0001636160413163168, -2.0513267239743389e-16, -0.008157043551593926, -0.0101792056588337, -2.5183979178663856e-16, 0.00016361604132042462, -0.011498153182362893, -0.007694283406428221]
other derivatives: [ 0.02098659 -0.0285695  -0.01439275 -0.00154614  0.00945874  0.        ]
Current x array =  [ -0.68377562  -0.88421638  -0.59046649   0.32297303  -1.49226235
   0.33647224  -0.06170677  -9.          -4.33880491  -2.61720957
  -2.32740724  -2.2716915  -10.69514747  -1.95954563  -4.53631476
  -2.34137179  -1.95954563  -2.30258509  -3.88800532  -3.8133188
  -2.30258509  -1.95954563  -3.854343    -3.44488941]
log likelihood =  -745.958910695
Edge derivatives =  [-0.009344783389863331, -0.0030826711057713326, 0.0012971370212589532, 0.01563968699539907, -0.0010258754963617667, 0.003910516229886321, -0.00040262203476347925, -0.002286419719506383, -0.012921365116574622, 0.00019078974655981074, -0.0022864197195051617, 2.734819455000705e-16, -0.006744398233437782, -0.008270570088488811, 2.739650337916003e-16, -0.00228641971950605, -0.009570427636421928, -0.0051851450157417225]
other derivatives: [ 0.05101128  0.01181206 -0.02050911  0.0007276   0.00868567  0.        ]
Current x array =  [ -0.68387625  -0.88460253  -0.59042582   0.32293257  -1.49231836
   0.33647224  -0.06157451  -9.          -4.33890837  -2.61634933
  -2.32765019  -2.271609   -10.6911485   -1.95926652  -4.5369432
  -2.34204146  -1.95926652  -2.30258509  -3.88870955  -3.81418067
  -2.30258509  -1.95926652  -3.85527099  -3.44568857]
log likelihood =  -745.958856581
Edge derivatives =  [-0.010184435834664662, -0.003082565739207866, 0.00044751328083157335, 0.010383102209206727, 0.0003505581007359343, 0.004260904241418673, -0.0004032469667849792, -0.0033773092358113654, -0.010976964972586174, 0.0067226233166293725, -0.003377309235809256, -2.258931428394234e-18, -0.0055480737446555045, -0.00508037908787623, -1.4400306467647281e-18, -0.0033773092358126977, -0.006882581389838965, -0.0013839985691355972]
other derivatives: [ 0.05956053  0.03645937 -0.01894023  0.00329692  0.00957243  0.        ]
Current x array =  [ -0.68390085  -0.88483533  -0.5904334    0.32285415  -1.49238735
   0.33647224  -0.06153175  -9.          -4.33816235  -2.61553568
  -2.32825896  -2.27138803 -10.6925826   -1.95914145  -4.53895013
  -2.3427745   -1.95914145  -2.30258509  -3.88929454  -3.81569183
  -2.30258509  -1.95914145  -3.85661097  -3.44694739]
log likelihood =  -745.958786158
Edge derivatives =  [-0.010337262566121164, -0.003082708355740953, -0.0012024185266469797, 0.0013135423098030313, 0.0022637611035070115, 0.0035711261058937183, -0.00040118611666301436, -0.0016684279153620363, -0.007076730411555886, 0.011172917421126138, -0.0016684279153627024, 4.663359547517945e-16, -0.004682811638581988, -0.0004096669581975035, 4.329645928319443e-16, -0.0016684279153617032, -0.0032972241783142814, 0.0034177585736354654]
other derivatives: [ 0.04571348  0.02964953 -0.00088676  0.00483169  0.00189857  0.        ]
Current x array =  [ -0.68384971  -0.88475882  -0.59054311   0.32283258  -1.49206839
   0.33647224  -0.06160472  -9.          -4.33633956  -2.61427181
  -2.32918918  -2.27080403 -10.70243311  -1.95934976  -4.54305767
  -2.34332004  -1.95934976  -2.30258509  -3.88971947  -3.81796286
  -2.30258509  -1.95934976  -3.85845598  -3.44859009]
log likelihood =  -745.958907783
Edge derivatives =  [-0.0006043426104016536, -0.0030838816001884086, -0.0017472031545404318, -0.00020342673071817308, 0.0022581343237675217, 0.002837194616699734, -0.00039459275862869093, 0.00020224484480257932, -0.0022441996244169163, 0.0067860701530294, 0.00020224484480291238, 9.94719597904231e-17, -0.0038475291279326876, 0.004041190760864163, 8.26521604665359e-17, 0.0002022448448030234, 0.00024373507544136336, 0.007174187499207459]
other derivatives: [-0.14567831  0.03215064 -0.20313564  0.00333102 -0.00861746  0.        ]
Current x array =  [ -0.68318931  -0.88483596  -0.58944146   0.32311841  -1.49165658
   0.33647224  -0.06196277  -9.          -4.33278082  -2.61454075
  -2.33012176  -2.27009216 -10.72207241  -1.95949103  -4.54800009
  -2.34276406  -1.95949103  -2.30258509  -3.88996615  -3.8200895
  -2.30258509  -1.95949103  -3.86017336  -3.44979544]
log likelihood =  -745.958777908
Edge derivatives =  [-0.008374441244769049, -0.0030829441281151867, -0.0013114549111081682, 0.0010093448417557715, 0.0022630244581564457, 0.003423976409675525, -0.0003998501521068344, -0.0012911879477951471, -0.006101986947722956, 0.010290608772798554, -0.0012911879477963684, -5.161491985524469e-16, -0.004514500877553174, 0.00048707861058821383, -6.10263346819546e-16, -0.0012911879477965904, -0.0025838640544994657, 0.004174423592251515]
other derivatives: [ 0.00721911  0.03013838 -0.04155254  0.0045361  -0.00023874  0.        ]
Current x array =  [ -0.68371678  -0.88477435  -0.59032137   0.32289012  -1.4919855
   0.33647224  -0.06167679  -9.          -4.33562324  -2.61432595
  -2.3293769   -2.27066074 -10.70638621  -1.95937819  -4.5440525
  -2.34320813  -1.95937819  -2.30258509  -3.88976913  -3.81839092
  -2.30258509  -1.95937819  -3.85880166  -3.44883271]
log likelihood =  -745.958756504
Edge derivatives =  [-0.002873908854430729, -0.0030830058993709854, -0.001953583498293339, -0.0011024209281146197, 0.00340728689075781, 0.0026928975396297017, -0.000395951072940593, 0.0011956569850254395, -0.0036767753736196285, 0.008401151215959773, 0.0011956569850251064, 0.0, -0.004943314276190387, 0.002417444561193159, 0.0, 0.0011956569850253285, -0.0014462040069380538, 0.005696237858448333]
other derivatives: [-0.002251    0.00673026 -0.01093667  0.00255795 -0.00368345  0.        ]
Current x array =  [ -0.68368015  -0.88454171  -0.59049763   0.32293579  -1.49174866
   0.33647224  -0.06185513  -9.          -4.33400441  -2.61425041
  -2.32988262  -2.27028786 -10.71736647  -1.95967174  -4.54664638
  -2.34303158  -1.95967174  -2.30258509  -3.88952035  -3.81938786
  -2.30258509  -1.95967174  -3.85942808  -3.44938861]
log likelihood =  -745.958750175
Edge derivatives =  [0.0007218129061442036, -0.003082995402012187, -0.001912123014232825, -0.00030570969979649976, 0.0033645840572895797, 0.0022412801882789463, -0.0003943335887404089, 0.002388078280679884, -0.0029768090059790336, 0.0049569676673255625, 0.0023880782806777745, -1.52589797749974e-16, -0.005029903486323588, 0.002560544409677269, -1.667036979245804e-16, 0.0023880782806824374, -0.0013228811973239954, 0.005378111671361013]
other derivatives: [-0.00516138 -0.00159162 -0.0026489   0.00017053 -0.00273985  0.        ]
Current x array =  [ -0.68366787  -0.88446238  -0.59054439   0.32300789  -1.49172752
   0.33647224  -0.06193509  -9.          -4.33371774  -2.61444382
  -2.3299154   -2.27014841 -10.72103521  -1.95979753  -4.54739037
  -2.34264469  -1.95979753  -2.30258509  -3.88945851  -3.81948499
  -2.30258509  -1.95979753  -3.85950457  -3.44929229]
log likelihood =  -745.958742365
Edge derivatives =  [0.002709217704739586, -0.0030829727139127703, -0.0018376627490417456, -0.00012928458150800182, 0.0025125586531020427, 0.0012305482027408637, -0.00039394498188654003, 0.0028352639110001965, -0.002421761664845392, -0.0005280038998123071, 0.0028352639109964217, 1.876036613452402e-16, -0.004401164505774852, 0.0023843936526930787, 1.8576781366591404e-16, 0.002835263911002417, -0.0009769808668776483, 0.004280032254667367]
other derivatives: [-0.00761702 -0.01080025  0.00334239 -0.0027967  -0.00101181  0.        ]
Current x array =  [ -0.68365955  -0.88437763  -0.59057625   0.32311433  -1.49175847
   0.33647224  -0.0619655   -9.          -4.33423278  -2.61439851
  -2.32970447  -2.26993608 -10.7216413   -1.95984439  -4.54797302
  -2.34202596  -1.95984439  -2.30258509  -3.88979963  -3.81940575
  -2.30258509  -1.95984439  -3.85968809  -3.44892743]
log likelihood =  -745.95873558
Edge derivatives =  [0.003429490716258754, -0.0030828980590228553, -0.001644316648928848, 0.00031536113250940634, 0.0014132903321018297, 0.00013800373067994476, -0.00039351664742496147, 0.0026629277413754426, -0.0015873686166329275, -0.00556932277241623, 0.00266292774137733, 4.7286614380996145e-16, -0.003260619589915928, 0.0023054891526096827, 4.610205899481168e-16, 0.0026629277413806607, -0.0002720675104725956, 0.003046171541670431]
other derivatives: [ 0.00372893 -0.00585487  0.00160298 -0.00328555  0.00071623  0.        ]
Current x array =  [ -0.68370031  -0.88442851  -0.59056415   0.32312635  -1.49183294
   0.33647224  -0.06195298  -9.          -4.33483409  -2.6143733
  -2.32945464  -2.26966664 -10.72213969  -1.95981272  -4.54882443
  -2.34143698  -1.95981272  -2.30258509  -3.8903834   -3.81935766
  -2.30258509  -1.95981272  -3.86003353  -3.44849586]
log likelihood =  -745.958734135
Edge derivatives =  [0.007763534726585086, -0.003082818689600517, -0.0016851176836546466, -0.0011556196090145437, -0.0004883696725943021, -0.0017222337696271572, -0.00039526594374916796, -0.0019823903308595625, -0.0015468030557939695, -0.007645681938195953, -0.0019823903308550106, -3.1260830756599095e-17, -0.0017283859428200293, 0.0013489210020713946, -1.82432458141641e-17, -0.0019823903308588964, 6.107083336558128e-05, 0.00047083832967919487]
other derivatives: [-0.02806928 -0.00837872  0.01529088 -0.00164846  0.00438831  0.        ]
Current x array =  [ -0.68359487  -0.88441437  -0.59063408   0.32307673  -1.49199472
   0.33647224  -0.06202641  -9.          -4.33583748  -2.61396582
  -2.32886012  -2.26940401 -10.71851061  -1.9593769   -4.54887911
  -2.3412355   -1.9593769   -2.30258509  -3.89131292  -3.818841
  -2.30258509  -1.9593769   -3.86021531  -3.4476385 ]
  status: 0
 success: True
    nfev: 113
     fun: 745.958734135492
       x: array([ -0.68359487,  -0.88441437,  -0.59063408,   0.32307673,
        -1.49199472,   0.33647224,  -0.06202641,  -9.        ,
        -4.33583748,  -2.61396582,  -2.32886012,  -2.26940401,
       -10.71851061,  -1.9593769 ,  -4.54887911,  -2.3412355 ,
        -1.9593769 ,  -2.30258509,  -3.89131292,  -3.818841  ,
        -2.30258509,  -1.9593769 ,  -3.86021531,  -3.4476385 ])
 message: 'CONVERGENCE: REL_REDUCTION_OF_F_<=_FACTR*EPSMCH'
     jac: array([  2.80692802e-02,   8.37871994e-03,  -1.52908797e-02,
         1.64845915e-03,  -4.38831194e-03,  -0.00000000e+00,
        -7.76353473e-03,   3.08281869e-03,   1.68511768e-03,
         1.15561961e-03,   4.88369673e-04,   1.72223377e-03,
         3.95265944e-04,   1.98239033e-03,   1.54680306e-03,
         7.64568194e-03,   1.98239033e-03,   3.12608308e-17,
         1.72838594e-03,  -1.34892100e-03,   1.82432458e-17,
         1.98239033e-03,  -6.10708334e-05,  -4.70838330e-04])
     nit: 103
