number of sites to be analyzed:  48
Successfully loaded parameter value from ./save/MG94_Force_ENSG00000141446_ENSG00000171320_nonclock_save.txt
log likelihood =  -568.840115554
Edge derivatives =  [-0.0005377660025144282, -0.002424134657708712, -0.0021865860419949534, 0.0011838902933366258, 0.0004885186578601937, -0.0013797066745866449, -0.001329407098273963, 0.00046149106119636185, -1.4746389533425141e-05, -0.0032264319870871846, 0.0004614910611965839, 4.441457122751702e-17, -5.413878327427034e-06, -0.0017316477049019174, 4.442178244541705e-17, 0.0004614910611961398, 0.00036917560824646645, -5.587751141887315e-06]
other derivatives: [-0.000216    0.00195541 -0.00080718 -0.00102318  0.00106866  0.        ]
Current x array =  [ -0.57515827  -0.48548456  -0.94284574   0.23040485  -1.92298177
   0.33647224  -0.17463574  -9.          -3.25040575  -1.84595598
  -3.9228345   -2.9677409   -3.21919469  -4.7443662  -15.02107745
  -3.12235374  -4.7443662   -2.30258509 -16.64434661  -3.83481105
  -2.30258509  -4.7443662   -4.5316106  -16.63219455]
log likelihood =  -568.840614186
Edge derivatives =  [-0.002544516957832421, -0.002423979468326611, -0.0032332615031674256, -0.01475208128819272, -0.0009902347934385401, 0.0029850477357775684, 0.0003533355214322201, 0.00010248675610485813, -1.4723804161995135e-05, 0.00758186826297428, 0.00010248675610530222, -8.219136515362546e-16, -5.41647061096012e-06, 0.0007489232864117644, -8.43850734219169e-16, 0.00010248675610530222, -0.0004581445468643669, -5.590402037070779e-06]
other derivatives: [ 0.07647714 -0.44140052  0.05725269  0.03041123 -0.03071818  0.        ]
Current x array =  [ -0.57537428  -0.48352914  -0.94365292   0.22938167  -1.92191311
   0.33647224  -0.1751735   -9.          -3.25259234  -1.84477209
  -3.92234598  -2.96912061  -3.2205241   -4.7439047  -15.0210922
  -3.12558017  -4.7439047   -2.30258509 -16.64435202  -3.8365427
  -2.30258509  -4.7439047   -4.53124142 -16.63220014]
log likelihood =  -568.840115092
Edge derivatives =  [-0.0005945606168794582, -0.002424129888552054, -0.0022172686043265347, 0.0007143168511578868, 0.00044497294786711994, -0.001250500827795542, -0.001279506144331262, 0.0004509447051007087, -1.4745722336489133e-05, -0.0029065260281960284, 0.0004509447051007087, 1.0069233638543925e-16, -5.413954617497397e-06, -0.0016582231192877606, 1.001759085418838e-16, 0.00045094470510043116, 0.00034479601682873423, -5.587829159190072e-06]
other derivatives: [  2.05773176e-03  -1.10617293e-02   9.32232069e-04  -6.82121026e-05
   1.47792889e-04   0.00000000e+00]
Current x array =  [ -0.57516465  -0.48542679  -0.94286958   0.23037463  -1.9229502
   0.33647224  -0.17465162  -9.          -3.25047035  -1.84592101
  -3.92282006  -2.96778166  -3.21923397  -4.74435256 -15.02107789
  -3.12244905  -4.74435256  -2.30258509 -16.64434677  -3.83486221
  -2.30258509  -4.74435256  -4.53159969 -16.63219471]
  status: 0
 success: True
    nfev: 3
     fun: 568.8401150917338
       x: array([ -0.57516465,  -0.48542679,  -0.94286958,   0.23037463,
        -1.9229502 ,   0.33647224,  -0.17465162,  -9.        ,
        -3.25047035,  -1.84592101,  -3.92282006,  -2.96778166,
        -3.21923397,  -4.74435256, -15.02107789,  -3.12244905,
        -4.74435256,  -2.30258509, -16.64434677,  -3.83486221,
        -2.30258509,  -4.74435256,  -4.53159969, -16.63219471])
 message: 'CONVERGENCE: REL_REDUCTION_OF_F_<=_FACTR*EPSMCH'
     jac: array([ -2.05773176e-03,   1.10617293e-02,  -9.32232069e-04,
         6.82121026e-05,  -1.47792889e-04,  -0.00000000e+00,
         5.94560617e-04,   2.42412989e-03,   2.21726860e-03,
        -7.14316851e-04,  -4.44972948e-04,   1.25050083e-03,
         1.27950614e-03,  -4.50944705e-04,   1.47457223e-05,
         2.90652603e-03,  -4.50944705e-04,  -1.00692336e-16,
         5.41395462e-06,   1.65822312e-03,  -1.00175909e-16,
        -4.50944705e-04,  -3.44796017e-04,   5.58782916e-06])
     nit: 1
