number of sites to be analyzed:  16
log likelihood =  -511.802583378
Edge derivatives =  [23.527285538721426, 4.31207416544216, -2.073912399114994, -2.206159124505713, -5.408729139914244, -4.402325884564467, -2.070975491861628, 20.124406562661026, -5.835156014197732, 1.340405160064396, -5.848213232029872, -3.844012415472552, -0.7783131828716074, -5.6403809639750575]
other derivatives: [  9.94045877 -10.64287858   0.22615723   1.51665631 -31.66701958
 -30.76376629]
Current x array =  [-0.62600788 -0.50650596 -0.37171282  0.18232156 -0.10536052  0.33647224
 -2.30258509 -2.30258509 -2.30258509 -2.30258509 -2.30258509 -2.30258509
 -2.30258509 -2.30258509 -2.30258509 -2.30258509 -2.30258509 -2.30258509
 -2.30258509 -2.30258509]
log likelihood =  -473.890441775
Edge derivatives =  [23.252008387299995, 4.362797912645952, -0.667038804635718, -0.5032330549490303, -3.27138929623968, -2.0720731424616123, -0.3701679769420603, 21.254429896756054, -3.456120102000207, 3.3131283071512727, -3.2989218193685574, -1.8261193604141164, 1.2485196266140473, -3.249056298436713]
other derivatives: [ 9.38355242  3.43270017 -1.07668825 -0.44071271 -1.71126544 -7.64639481]
Current x array =  [-0.61585962 -0.69401495 -0.36772832  0.2090424  -0.66327827 -0.20553177
 -1.88807528 -2.22661385 -2.33912382 -2.34145378 -2.39787748 -2.38014641
 -2.33907208 -1.94802809 -2.40539038 -2.27896949 -2.40562043 -2.3703099
 -2.31629762 -2.40195879]
log likelihood =  -431.33233305
Edge derivatives =  [19.389703196914212, 2.9216903337829487, -0.3498885439921014, -0.15400291480026435, -2.359562319704808, -1.2512508920576315, -0.232524274271952, 16.82007431863678, -2.4145597861080605, 3.6049008605508246, -2.2321038935554367, -1.173809596181556, 1.8236299105369138, -2.3312667870513186]
other derivatives: [-26.37369221   4.1180499   -2.71272143  -3.91804633   8.70434747
  -1.77025754]
Current x array =  [-0.42607694 -0.67545056 -0.40199472  0.20803227 -1.01045657 -0.74473867
 -0.88838854 -2.0399773  -2.38058858 -2.37859954 -2.55770708 -2.49030609
 -2.37049193 -1.04685241 -2.57535129 -2.15491511 -2.57039593 -2.46706686
 -2.28127928 -2.563152  ]
log likelihood =  -437.993955408
Edge derivatives =  [-12.9807955342563, -0.24078724119131328, 0.5498793469738288, 0.6558001900487656, -1.0258978996699801, -0.43366756430999664, 0.6441101085413484, -18.77655131885547, -1.0993240897502772, 3.2526950458454094, -0.5989102893982454, -0.3966789666287498, 2.424270574120804, -1.1831045180569357]
other derivatives: [ 54.29322982  -3.2970263   18.96951289   9.63355546 -15.71044663
   2.56529802]
Current x array =  [-0.94873532 -0.59467168 -0.58250823  0.08146655 -1.90564314 -2.48629355
  2.5606691  -1.42188518 -2.5190596  -2.50064358 -3.10015252 -2.85792638
 -2.47955731  2.02724024 -3.14968642 -1.70080573 -3.12534689 -2.79239431
 -2.13654784 -3.1104637 ]
log likelihood =  -399.219754549
Edge derivatives =  [3.552644296530613, 0.0631478952347303, 0.07769738721552064, 0.37233010692979973, -1.5473806328231772, -0.7792091467582591, 0.058248824725008364, 0.4602745426713461, -1.6045566450333772, 3.7434074987897685, -1.277192521279123, -0.744824429892208, 2.3237683512974274, -1.6844529307477731]
other derivatives: [ 15.14320047   1.23769155   3.76052185   0.39029828  11.74092858
   0.90451522]
Current x array =  [-0.65963706 -0.63935294 -0.48266072  0.1514739  -1.41048821 -1.52298655
  0.65289037 -1.76377074 -2.44246707 -2.4331373  -2.80010944 -2.65458441
 -2.41922993  0.32686606 -2.83200418 -1.95198745 -2.81838663 -2.6124458
 -2.2166032  -2.80772894]
log likelihood =  -396.5536092
Edge derivatives =  [-2.5166650838547775, -0.344345280746967, 0.15419875154247395, 0.21468209522580023, -1.5176721020142827, -0.8004994735125709, -0.051959898930254544, -4.169012564581373, -1.5635061937695556, 3.191940085609517, -1.1721338139653614, -0.7733313942047366, 2.034527923345189, -1.6026668106861912]
other derivatives: [-16.41839162   3.01646423  -5.69826284   1.56795181   5.03347906
   0.80663654]
Current x array =  [-0.49300123 -0.65195117 -0.39851554  0.14063653 -1.20322337 -1.65397684
  0.92603345 -1.73501188 -2.45198527 -2.4348294  -2.87549736 -2.70068977
 -2.42978181  0.48716307 -2.91090878 -1.83201599 -2.88798062 -2.65499595
 -2.15082517 -2.88797968]
log likelihood =  -394.634918934
Edge derivatives =  [-0.31047889706733756, -0.2750335454862397, 0.16611179952152347, 0.18843162578756145, -1.5387213603153718, -0.8232050921432923, -0.176861714518866, -1.6174189222060742, -1.585823365970854, 3.1006223514942457, -1.2148405991849005, -0.7955878858825758, 1.9659519746009515, -1.635384667941872]
other derivatives: [-6.1266519   0.87690069 -2.69712359  1.17050831  5.63583171  0.39805741]
Current x array =  [-0.53571837 -0.63269076 -0.41722861  0.15587721 -1.09895295 -1.56278794
  0.75873004 -1.76579914 -2.44425461 -2.42678359 -2.8628193  -2.68994902
 -2.424724    0.32008831 -2.89711225 -1.82469286 -2.87191998 -2.64603566
 -2.13945048 -2.87587605]
log likelihood =  -392.629955856
Edge derivatives =  [1.3506053263070803, -0.2827770461373097, 0.2738648864120081, 0.03826887680047508, -1.545484537302351, -0.8945610950812166, -0.4835483266731945, 1.4620608095602539, -1.5897357551361873, 2.4746975602574506, -1.2087798328953512, -0.8697001526433397, 1.6124125628251489, -1.6498261866028914]
other derivatives: [ 0.0603336  -1.22918777  0.27987994  1.3394299   1.85653448 -0.7444271 ]
Current x array =  [-0.5673744  -0.61352744 -0.43385457  0.19189532 -0.77071799 -1.4680766
  0.58889902 -1.8109098  -2.43321132 -2.41212038 -2.89361471 -2.70264117
 -2.42439531  0.08830622 -2.92816907 -1.72296733 -2.89047099 -2.65982836
 -2.06795218 -2.91116486]
log likelihood =  -391.190347542
Edge derivatives =  [-0.8197315443583539, -0.4264487731995001, 0.4511990137737853, -0.02529365656475746, -1.4267152009403161, -0.8918371390960458, -0.5865897375292806, 0.4826216450139075, -1.4681228585566, 1.5972951088359664, -1.0168166118286193, -0.8704954976758497, 1.2198159104070103, -1.533683154855631]
other derivatives: [ 3.60539616 -0.05405809  2.28278054  1.14595196 -0.89741548 -1.19975994]
Current x array =  [-0.59257581 -0.6240643  -0.45139736  0.2732261  -0.60581982 -1.54455384
  0.67953501 -1.81695724 -2.4247958  -2.40910216 -2.99514613 -2.76230173
 -2.44624144  0.12375531 -3.03340256 -1.55460229 -2.9736237  -2.7166762
 -1.96319331 -3.01953537]
log likelihood =  -390.050508631
Edge derivatives =  [-2.347261536825153, -0.49944866771691776, 0.6736693330744672, -0.1625881324896683, -1.197463867564778, -0.7583544573264835, -0.710478047412046, -0.9020316154299799, -1.2286517110200839, -0.46603043805771516, -0.7278957033189208, -0.7470983180854521, 0.2970332339598526, -1.2700430664949562]
other derivatives: [ 4.09077074 -4.81917937 -5.54152848  0.65975314 -3.10969881 -1.5049693 ]
Current x array =  [-0.59994809 -0.57674974 -0.38656514  0.41654518 -0.42484139 -1.685122
  0.7462869  -1.83960282 -2.39174544 -2.40582053 -3.1912825  -2.87961304
 -2.4991903   0.18140717 -3.23606606 -1.26765449 -3.12609878 -2.82949093
 -1.77276435 -3.22891009]
log likelihood =  -389.484311137
Edge derivatives =  [-2.7193945844041205, -0.4887907987648044, 0.813204811253095, -0.22420851771548583, -1.040523254371398, -0.6654484135280236, -0.6633885968650579, -1.8425452427185285, -1.0632887911101931, -1.9274538421007057, -0.49518242748619756, -0.6612171983242188, -0.3760675223455978, -1.085318834067014]
other derivatives: [-2.82406631  2.39251676  4.78935931 -0.75699518 -3.61927164 -1.34438096]
Current x array =  [-0.5649805  -0.64038829 -0.47147399  0.52105537 -0.37082299 -1.80215758
  0.77254484 -1.86029656 -2.35247958 -2.4073142  -3.35175604 -2.97583782
 -2.55164648  0.24605224 -3.40146907 -1.08504725 -3.24580532 -2.92259395
 -1.63736005 -3.39944407]
log likelihood =  -388.93011944
Edge derivatives =  [-1.7917808349196411, -0.4412674782051437, 0.7852338325001271, -0.192253650862159, -1.0320725943966003, -0.6424360583856452, -0.5989675671868744, -1.452125165974479, -1.0530586087522904, -1.4454385906343228, -0.5030558835279761, -0.6396134394157682, -0.23567825032032313, -1.076567226405027]
other derivatives: [-2.10590088  1.33337608  1.2829048  -0.80059976 -2.16479634 -0.90657863]
Current x array =  [-0.5687659  -0.63315812 -0.43927692  0.50515209 -0.45110376 -1.80386692
  0.73220732 -1.86463166 -2.3431476  -2.41046216 -3.34938616 -2.97507701
 -2.55756895  0.23887695 -3.39875138 -1.13012241 -3.23948455 -2.92228606
 -1.65597592 -3.39652418]
log likelihood =  -388.23759032
Edge derivatives =  [0.23034953039156258, -0.3124463978283327, 0.7632908972884196, -0.16945708443570912, -0.9165777571821103, -0.5275783715055079, -0.4715841696278371, -0.7151848933817244, -0.9362082719826438, -1.301068358128915, -0.40443409041251277, -0.5246909920660219, -0.4038655483247161, -0.9510361560770867]
other derivatives: [-1.30042963 -0.78421749 -2.35331754 -1.26600526  0.20829134 -0.14188117]
Current x array =  [-0.57400431 -0.61771763 -0.4090637   0.51233876 -0.55794952 -1.86749564
  0.6464132  -1.89509799 -2.28815786 -2.41907046 -3.45228052 -3.03758762
 -2.6070974   0.22777443 -3.50395456 -1.13151719 -3.30189997 -2.98412061
 -1.616462   -3.50491405]
log likelihood =  -387.748488611
Edge derivatives =  [1.0799994388607865, -0.24253349111233924, 0.7229919236536824, -0.16615528269228735, -0.7885964182664857, -0.4073625722517077, -0.3772640445902786, -0.21146975428269107, -0.8082226117540953, -1.2779460570084547, -0.27627262066579367, -0.4037390831982478, -0.6659593567234536, -0.8117786484076537]
other derivatives: [-0.07480594 -0.53696567 -2.12775717 -1.40350949  1.38449536  0.3177945 ]
Current x array =  [-0.58186256 -0.62404984 -0.41041603  0.50734793 -0.60282978 -1.94861994
  0.60873985 -1.92995798 -2.21802055 -2.43007523 -3.59378911 -3.12228821
 -2.66846227  0.21891178 -3.64907856 -1.12085733 -3.38966484 -3.06729968
 -1.5646423  -3.65403465]
log likelihood =  -386.820703943
Edge derivatives =  [1.317975018169193, -0.19633027518800733, 0.4876938692206889, -0.1933896287582631, -0.5379066496183069, -0.1560744403001762, -0.2551241256138054, 0.17424511193351663, -0.5659758077696865, -0.7170582150473503, -0.03293496321606393, -0.14452661871888325, -0.9958756533987652, -0.555013397930845]
other derivatives: [ 0.75302751 -3.35788286  0.79356255 -0.35880703  2.10177973  1.00168904]
Current x array =  [-0.58370198 -0.60275125 -0.4348726   0.43063091 -0.62010964 -2.11779592
  0.60050202 -2.01428198 -2.03111002 -2.46484805 -3.94377644 -3.32663563
 -2.8197123   0.20640892 -4.00849172 -1.16312671 -3.59435166 -3.26755144
 -1.50245368 -4.02157067]
log likelihood =  -386.924821183
Edge derivatives =  [0.5808042570320782, -0.2640245641904564, -0.2870912107790925, -0.43005670987386985, -0.29478081848012105, 0.1705678186725757, -0.23737197644769203, 1.6898661052803727, -0.3045717293204691, -0.4901713765076029, 0.29535628524612073, 0.16003362463450033, -1.6756276030746458, -0.2796166410836581]
other derivatives: [ 5.819129    8.48721697 -5.65230494  0.69490511  1.22817596  1.19326842]
Current x array =  [-0.62155331 -0.75964568 -0.38049796  0.36250245 -0.49377962 -2.34653067
  0.5781534  -2.17380519 -1.70636838 -2.52721537 -4.56547318 -3.68030196
 -3.08199951  0.1337869  -4.64799564 -1.1833504  -3.94987771 -3.61335992
 -1.40637718 -4.67535062]
log likelihood =  -386.391082988
Edge derivatives =  [1.002517280550629, -0.22878732076710542, 0.21475741846833413, -0.3005482377344237, -0.40770286790762555, 0.00835948588443701, -0.2412672473407665, 0.9203082966455165, -0.42496863718442845, -0.5856243718030634, 0.1368189134995881, 0.007271353501470887, -1.2845624069794963, -0.40481665678349266]
other derivatives: [ 3.19259357  2.92030222 -1.93246592  0.1179842   1.72572641  1.09611733]
Current x array =  [-0.60112658 -0.67497653 -0.40984161  0.39926844 -0.56195448 -2.2230924
  0.59021398 -2.08771741 -1.88161742 -2.49355842 -4.2299703  -3.48944352
 -2.94045443  0.17297787 -4.30288299 -1.17243655 -3.75801565 -3.42674202
 -1.45822552 -4.32253382]
log likelihood =  -386.028164574
Edge derivatives =  [0.7591296757227362, -0.23895385222658058, -0.043960536870590206, -0.377462821666524, -0.3285248883911632, 0.10461965870205314, -0.2593591460235308, 1.1163900947869743, -0.34901329254923413, -0.29484004698971333, 0.22301109761403104, 0.10565949584122591, -1.287749421393229, -0.32898461388442185]
other derivatives: [ 0.30813112  0.974768    0.13886279  0.73480351  0.78138669  1.21815447]
Current x array =  [-0.58163035 -0.6526074  -0.42606481  0.36674034 -0.49053372 -2.27507378
  0.60180707 -2.1413197  -1.77546044 -2.51873361 -4.42793079 -3.59787317
 -3.02532025  0.15503766 -4.50661616 -1.20449839 -3.86355869 -3.5327767
 -1.45921143 -4.5301185 ]
log likelihood =  -385.822984603
Edge derivatives =  [-0.5317882963402405, -0.2880220230528182, -0.24143221721064623, -0.4306117627579753, -0.27536681120029555, 0.16884747869002623, -0.3031961825667894, 0.11127990000984533, -0.29795150492012074, 0.01737295205292444, 0.27989988245287656, 0.17076534350433736, -0.9912381313845177, -0.2802257922678308]
other derivatives: [ 1.55123985 -0.38358507  1.83312636  1.27449766 -0.08906227  1.21240191]
Current x array =  [-0.58798174 -0.63620769 -0.44033742  0.36147038 -0.43640929 -2.29432618
  0.6640887  -2.18105279 -1.699123   -2.54991463 -4.58542611 -3.6766063
 -3.09536491  0.19662053 -4.66931709 -1.24055674 -3.93733305 -3.60919256
 -1.50350887 -4.69452178]
log likelihood =  -385.6805439
Edge derivatives =  [-0.8841362733351783, -0.2910430170737315, -0.4075241169108835, -0.48844318540711557, -0.2399958227682568, 0.20876764882127627, -0.33544612870994295, -0.46996116723561165, -0.2620555358206512, 0.46160921635641305, 0.3089905816204489, 0.20922525775824033, -0.5179784145587104, -0.24635120379625855]
other derivatives: [-4.91107244 -0.18770834 -0.49541313  1.13792566 -0.37166501  1.18163825]
Current x array =  [-0.5521687  -0.63436964 -0.42025442  0.37751006 -0.41454391 -2.2617562
  0.68264559 -2.22467593 -1.6404005  -2.5895504  -4.71510506 -3.73146054
 -3.16241048  0.21881549 -4.80344674 -1.29872836 -3.98125466 -3.66259727
 -1.58121846 -4.82931216]
log likelihood =  -385.541193957
Edge derivatives =  [-0.9185218579016374, -0.2949228265100732, -0.3727799704299748, -0.48094018079854983, -0.2390621666286859, 0.20175323756613278, -0.3487493520645838, -0.6543399020319001, -0.26115462233037257, 0.5319200167244517, 0.3020272656443872, 0.2020398263708524, -0.300472950142298, -0.2466592044798201]
other derivatives: [-2.23296297  0.04874892 -0.75785351  0.96036956 -0.47007234  1.06396101]
Current x array =  [-0.56696363 -0.63641554 -0.41740696  0.40009628 -0.4083877  -2.2236296
  0.68534573 -2.23100838 -1.64548777 -2.6020614  -4.71916911 -3.72452199
 -3.16938444  0.22703023 -4.80805442 -1.30919654 -3.96999506 -3.6556336
 -1.61787381 -4.83306482]
log likelihood =  -385.31739094
Edge derivatives =  [-0.3919561756196308, -0.2777085176279433, -0.3132643124231902, -0.4665897324808637, -0.22933745608275585, 0.19057389699451435, -0.3712314419770218, -0.8279834225618872, -0.25085029950232474, 0.677143607077294, 0.2881106583054758, 0.1896591496948334, 0.25705218276144925, -0.23913152772356372]
other derivatives: [ 1.00266107  0.32854359 -1.34761535  0.11035581 -0.59281433  0.74266495]
Current x array =  [-0.58726505 -0.63710636 -0.410437    0.47639491 -0.39868951 -2.10864892
  0.66797938 -2.26244301 -1.64949905 -2.6471099  -4.76255603 -3.71807337
 -3.20710057  0.23445836 -4.85398364 -1.33404292 -3.94964909 -3.64893241
 -1.71985848 -4.87716364]
log likelihood =  -385.198352458
Edge derivatives =  [0.1499485219676604, -0.25244036765256683, -0.3502556996959082, -0.4537775032414937, -0.21075184319521914, 0.20324273346519978, -0.36380953026305435, -0.49934429967083344, -0.2309125904617599, 0.7155867470155515, 0.2969710134108406, 0.200417890405855, 0.5260179986202781, -0.22037742234740407]
other derivatives: [ 1.41109808  0.43214641 -0.35192897 -0.49355435 -0.54419047  0.60133516]
Current x array =  [-0.59047925 -0.63656968 -0.41703558  0.51672591 -0.39964753 -2.03986287
  0.65007063 -2.30183938 -1.63064918 -2.69092353 -4.84687614 -3.73956398
 -3.26121381  0.22006915 -4.94181817 -1.3421323  -3.9600383  -3.66968059
 -1.77303809 -4.96477777]
log likelihood =  -385.009763738
Edge derivatives =  [0.652682520436366, -0.21900371885723086, -0.4312323604569326, -0.4080927557175592, -0.17334700827759097, 0.2367758100280221, -0.3336428034774972, 0.16662478245753276, -0.18977764448646456, 0.5182070961249728, 0.3209588379547633, 0.22882641692863415, 0.7688888028550451, -0.1811053908868182]
other derivatives: [ 1.90270271 -0.88189722 -1.33353524 -0.97547854 -0.35918788  0.366515  ]
Current x array =  [-0.59311465 -0.62000489 -0.40828042  0.54897812 -0.41678243 -1.91622528
  0.63800565 -2.39047835 -1.5936306  -2.78972698 -5.04475024 -3.79281204
 -3.38810929  0.18543867 -5.14777578 -1.32387587 -3.9909823  -3.72129681
 -1.82798762 -5.17101988]
log likelihood =  -384.930923777
Edge derivatives =  [0.5037284822405321, -0.18496355289164768, -0.33431686153547413, -0.2810836848209327, -0.12679284188003756, 0.2623941019398138, -0.2584883653233052, 0.642283658678051, -0.13398347307000452, -0.33939327949238307, 0.33439051792724395, 0.24298590484459495, 1.0456583399598016, -0.12731103559434212]
other derivatives: [-0.53375402  2.94704705  4.83123586 -2.0923892  -0.17343496 -0.48955826]
Current x array =  [-0.57592318 -0.65322808 -0.46838495  0.58405753 -0.49302668 -1.62014161
  0.66183125 -2.56739899 -1.58419175 -3.0124888  -5.40129365 -3.85229683
 -3.64262701  0.15453684 -5.52036634 -1.23736359 -4.00112088 -3.77846471
 -1.90221374 -5.54218113]
log likelihood =  -384.639563274
Edge derivatives =  [0.4026906439553679, -0.1869091779137385, -0.4194393873486435, -0.2827155963198822, -0.12126099016408211, 0.2877997247219478, -0.24948350085615384, 0.728260205999576, -0.12908836310735375, -0.3094423343766536, 0.3571530015674195, 0.26899406354182076, 0.7709111883605133, -0.12217758471981698]
other derivatives: [ 0.00430873  0.13725412  1.34464813 -1.09104121  0.11394832 -0.11434622]
Current x array =  [-0.5775164  -0.62556585 -0.43494319  0.52644187 -0.49665164 -1.69190445
  0.66448364 -2.56849094 -1.5615931  -3.00147008 -5.43138824 -3.87920719
 -3.64993797  0.1500723  -5.55073764 -1.23486645 -4.03308252 -3.80516265
 -1.84129783 -5.57436925]
log likelihood =  -384.530757461
Edge derivatives =  [0.0012111855070995325, -0.18877328006642563, -0.4102595334485011, -0.25203286620420945, -0.11038974276963047, 0.3057047989160875, -0.2278285506010217, 0.5452294768161506, -0.11683236128848878, -0.4953627054719659, 0.3705701932580195, 0.28502937481849033, 0.5305523665110448, -0.11011126770101068]
other derivatives: [-0.26602152 -0.73334263 -0.42258534 -0.35549306  0.22364475 -0.08807319]
Current x array =  [-0.57393229 -0.61770726 -0.42147049  0.47524047 -0.51579042 -1.68265738
  0.68169388 -2.60879701 -1.5538845  -3.04585164 -5.52831989 -3.90465056
 -3.71262279  0.15380336 -5.65137192 -1.21380215 -4.0508687  -3.83027764
 -1.79590143 -5.67583945]
log likelihood =  -384.45527614
Edge derivatives =  [-0.27703639330985785, -0.18570398519023704, -0.32117815541574535, -0.20632872484291442, -0.09979790948044925, 0.3138716038574745, -0.2018819613723822, 0.2226812209525647, -0.10457577917732157, -0.6364185235405228, 0.37360697190217595, 0.2910069007336789, 0.3047800727741278, -0.09823477251298239]
other derivatives: [-0.41724206 -0.51413167 -0.7459164   0.16187869  0.22662334 -0.20575612]
Current x array =  [-0.57132758 -0.62076596 -0.42051571  0.43312324 -0.53563644 -1.64360072
  0.69361867 -2.66234955 -1.5604065  -3.11000383 -5.6377466  -3.91904928
 -3.79150891  0.16320335 -5.76537309 -1.19990403 -4.05234819 -3.84477728
 -1.75697107 -5.79000084]
log likelihood =  -384.331612411
Edge derivatives =  [-0.1015632519568106, -0.16653252121630774, -0.09930571128471088, -0.13010707219692239, -0.08387826234534662, 0.3112373526695641, -0.15964871954743357, -0.23419597919680832, -0.08721318135935317, -0.33534804813298114, 0.3586369501124875, 0.28633117488819054, -0.0025622182638112, -0.08188471940843908]
other derivatives: [-0.47245408 -0.67183805 -0.22487257  0.52368136  0.20515358 -0.37454697]
Current x array =  [-0.56917562 -0.62019601 -0.42606184  0.40095797 -0.55204789 -1.58697872
  0.68771229 -2.76096966 -1.58405305 -3.22556161 -5.8157243  -3.91841685
 -3.92916548  0.17716106 -5.95086077 -1.236649   -4.02545564 -3.84595453
 -1.70725624 -5.97499313]
log likelihood =  -384.464299416
Edge derivatives =  [-0.1572396723656091, -0.1438259530729732, 0.3135705754752617, -0.03534255498467939, -0.061206974629914576, 0.28207859914853606, -0.09491584761081917, 0.41728177691025364, -0.06104429718440282, 0.2688396439531291, 0.3038274275417564, 0.25368974578907755, -0.5751816196047856, -0.05710912975499051]
other derivatives: [ 0.17259367  5.19883656 -5.21574179  0.33650167  0.55539999 -0.60595085]
Current x array =  [-0.57535948 -0.69060534 -0.38558949  0.39528577 -0.5664742  -1.5244754
  0.67521926 -2.96817589 -1.62584297 -3.45643207 -6.16309035 -3.88394258
 -4.20776807  0.14571033 -6.31281604 -1.31414304 -3.93601238 -3.81778315
 -1.62037458 -6.33560599]
log likelihood =  -384.280980744
Edge derivatives =  [-0.10594240983972991, -0.15817084555035513, 0.046851681342542584, -0.09313370396123094, -0.07535133017772798, 0.3018202856764231, -0.13438230954518157, 0.0028975768558218984, -0.07722656622418758, -0.12141077077361662, 0.34129147761236855, 0.27533197174493507, -0.18908244970197535, -0.07240479718207313]
other derivatives: [-0.24052156  1.50185429 -1.81689188  0.4573451   0.32604248 -0.45129696]
Current x array =  [-0.57127957 -0.64415152 -0.41229185  0.39902811 -0.55695618 -1.56571309
  0.68346176 -2.83146785 -1.59827132 -3.30411113 -5.93390935 -3.9066876
 -4.023955    0.16646051 -6.07400954 -1.26301495 -3.99502418 -3.83636972
 -1.67769631 -6.09768516]
log likelihood =  -384.198764575
Edge derivatives =  [0.24473620917440986, -0.1379989537098678, 0.2531175375619693, -0.040879236596875784, -0.06405047220037781, 0.2871988254051638, -0.10494435559854254, -0.04671217801134259, -0.06544994363802796, 0.28735103226211256, 0.31184916648870015, 0.26031910365110805, -0.3843387295048565, -0.061595583440761686]
other derivatives: [ 0.41806629  0.80147515 -0.20490347  0.40894861  0.28867362 -0.55947567]
Current x array =  [-0.57401904 -0.63647289 -0.42561621  0.40172618 -0.55902731 -1.52677476
  0.67280271 -2.92877152 -1.6206911  -3.41431984 -6.09455158 -3.88798038
 -4.15423576  0.16518844 -6.24147332 -1.31374644 -3.94949109 -3.8206351
 -1.64880672 -6.26424309]
log likelihood =  -384.148047358
Edge derivatives =  [0.3806197019567996, -0.1254553522589919, 0.3953128401616116, -0.019591922620124075, -0.057555217379144534, 0.2628314462819968, -0.09080730267377599, -0.07924365998049857, -0.058617527512215856, 0.5810379914595069, 0.27461827324610183, 0.23596132189937086, -0.4097066890282834, -0.05548951978389595]
other derivatives: [ -1.16524461e+00   2.63429456e-01   8.69704309e-04   9.07505182e-02
   1.17506715e-01  -6.36526920e-01]
Current x array =  [-0.56516489 -0.6289022  -0.42697684  0.426959   -0.54658265 -1.51257617
  0.67055167 -3.00184767 -1.63545566 -3.49447642 -6.20127941 -3.85609502
 -4.24733744  0.16467087 -6.35282527 -1.3524635  -3.89678063 -3.79211871
 -1.64749334 -6.37446801]
log likelihood =  -384.082627933
Edge derivatives =  [0.2719287807947395, -0.11320839233213542, 0.5699679539824317, 0.008247593537622028, -0.04931091444157461, 0.2177985325217667, -0.07181818402725712, 0.14289535556252356, -0.04989547301864804, 0.8954382421880747, 0.2089963150993846, 0.1918041163113221, -0.3889582306590984, -0.04774514810798581]
other derivatives: [ 1.44056571 -0.59205831  0.50370659 -0.26238354 -0.07252083 -0.65071504]
Current x array =  [-0.58134477 -0.61883892 -0.42915599  0.47011266 -0.52198433 -1.52301196
  0.68046402 -3.11164693 -1.64817347 -3.61012673 -6.35318143 -3.79534082
 -4.38398679  0.15649706 -6.51125815 -1.39254609 -3.80556971 -3.73754082
 -1.650871   -6.53115672]
log likelihood =  -384.011452953
Edge derivatives =  [-0.035858139175454884, -0.11042922570095437, 0.6231538970315128, 0.009227906666778501, -0.04672276883965357, 0.18469353322527818, -0.06598401474486616, 0.2964550168665384, -0.04687183520133503, 0.9005149616608286, 0.16599682969330112, 0.15945662853713594, -0.3563071550452224, -0.0450715803226342]
other derivatives: [ 0.53889266 -0.62681806  0.10390977 -0.42295483 -0.12902319 -0.49688538]
Current x array =  [-0.57689615 -0.61746682 -0.4250134   0.48834559 -0.50512664 -1.56613117
  0.69613572 -3.16092958 -1.64567559 -3.65719301 -6.40920554 -3.75036335
 -4.44133245  0.15362838 -6.56966846 -1.39074507 -3.74787716 -3.69677381
 -1.65344938 -6.58863746]
log likelihood =  -383.850628965
Edge derivatives =  [-0.8291229546606891, -0.09991741101688649, 0.6389736873939142, 0.005228677408647436, -0.038610851453079555, 0.09082914652478806, -0.052208339156064335, 0.4920719915801977, -0.03752685112647425, 0.5112297205194486, 0.03778148891254243, 0.06933684995569335, -0.24127506058310394, -0.03647952833898461]
other derivatives: [-0.48000288 -0.50396238 -0.89469836 -0.51810503 -0.16300419 -0.15232331]
Current x array =  [-0.57245618 -0.61763646 -0.41569012  0.5121017  -0.47654092 -1.67260818
  0.7354771  -3.32188009 -1.61338367 -3.81260862 -6.61355617 -3.63262586
 -4.63406902  0.15500207 -6.78263841 -1.33435585 -3.59115435 -3.59110667
 -1.66480697 -6.7991417 ]
log likelihood =  -383.726490383
Edge derivatives =  [-0.46566890871883926, -0.07927762443725209, 0.48952480815459154, 0.001691232556421493, -0.029690358269458483, -0.0004013027054841911, -0.037813480508414446, 0.37398061184541487, -0.0280335743733551, 0.23211831496946433, -0.10023861708589965, -0.01451141038857201, -0.23421395118658755, -0.02744188217877021]
other derivatives: [-0.87698595 -0.07382255 -0.11988277 -0.34866048 -0.01138005  0.18932838]
Current x array =  [-0.57075651 -0.62522023 -0.42102265  0.50220225 -0.45960817 -1.77531911
  0.72156275 -3.51616286 -1.55492157 -3.99871372 -6.88607919 -3.52825687
 -4.87240612  0.16863193 -7.06618082 -1.29263855 -3.44418654 -3.49956999
 -1.65815246 -7.08068107]
log likelihood =  -383.700928347
Edge derivatives =  [0.10345704473263861, -0.0626817519592322, 0.1468163394840032, -0.006530242068890593, -0.02240971013778785, -0.06504230021376219, -0.032603603507807756, -0.38669599230647556, -0.02072227604991795, -0.12622971312814668, -0.20656650210965688, -0.07059114554224713, -0.24536873015296462, -0.02039223874888776]
other derivatives: [ 0.39852921 -1.37812322 -2.43941258  0.28070417 -0.10139161  0.12288979]
Current x array =  [-0.57739415 -0.6161754  -0.40226687  0.46676433 -0.45548338 -1.7913832
  0.69613614 -3.70892168 -1.48184836 -4.18738538 -7.17643048 -3.46484743
 -5.11378588  0.19816909 -7.36817037 -1.25027197 -3.34890969 -3.44662347
 -1.65638251 -7.38116512]
log likelihood =  -383.658072633
Edge derivatives =  [0.21045884839066176, -0.06043494569087363, 0.10806048608583407, -0.006708307778760192, -0.02142676287685365, -0.06297269005707105, -0.031071289374538034, -0.27839146660553554, -0.019760442418120694, -0.08856845063547769, -0.20697025724093665, -0.06759302082128056, -0.24928579546925417, -0.01941478381801259]
other derivatives: [ 0.19563799  0.20766038  0.25037252  0.15110118 -0.10805934  0.08286065]
Current x array =  [-0.57609022 -0.63245367 -0.42415128  0.46450842 -0.4594619  -1.77552505
  0.69132287 -3.73578221 -1.474477   -4.21526877 -7.22408258 -3.46754983
 -5.14942883  0.19409901 -7.4177108  -1.25469118 -3.34819271 -3.44998918
 -1.65581217 -7.43065583]
log likelihood =  -383.650574309
Edge derivatives =  [0.18316755686232833, -0.06115673686012287, 0.12352021262242552, -0.006327779165327993, -0.021578977666635194, -0.05073182988893303, -0.031876999131919416, -0.24695098642535288, -0.01995116718961269, -0.03250094871293141, -0.18889939172824666, -0.056238238964448156, -0.24334352786571622, -0.019590811923967506]
other derivatives: [ 0.18078481  0.18772539  0.21116762  0.10634835 -0.12432793  0.00088107]
Current x array =  [-0.57577694 -0.63163883 -0.42407851  0.4659453  -0.46427549 -1.74963541
  0.69265263 -3.72741864 -1.47944987 -4.20913754 -7.21671982 -3.48117847
 -5.14045974  0.19081338 -7.41006448 -1.26296064 -3.36548869 -3.46241234
 -1.65865414 -7.42314654]
log likelihood =  -383.639221499
Edge derivatives =  [0.0506136952131544, -0.04929165372016697, -0.38763995876634816, -0.020848021183464197, -0.015511026331601245, -0.04963962128802331, -0.02933818263993969, 0.6963248196582823, -0.014217967011245688, -0.17206281677175617, -0.18027987123852535, -0.04710529216955617, 0.027016955755087058, -0.013965964911054934]
other derivatives: [  2.90651769e-01  -1.55347379e-01   1.19371180e-04   1.41756118e-01
   5.19764853e-01  -8.03254352e-02]
Current x array =  [-0.57403022 -0.62606138 -0.4241905   0.44643868 -0.52131    -1.65900511
  0.70696991 -3.93598341 -1.39549096 -4.41448834 -7.54877325 -3.48619326
 -5.40261017  0.14628947 -7.75499213 -1.24995152 -3.3764735  -3.47500311
 -1.70834933 -7.76702054]
log likelihood =  -383.616126695
Edge derivatives =  [-0.15325346102634718, -0.049519686420234105, -0.20591348716426627, -0.015594903018391934, -0.014834205422766974, -0.06489337813932756, -0.028072348625825215, -0.12129090329081013, -0.013540708529433, 0.014181066753493066, -0.19987863470609255, -0.060950004316688136, -0.0016621931719579264, -0.01332173815814622]
other derivatives: [ 0.25531222  0.78005655 -0.56255089  0.10502959 -0.02407319 -0.31240575]
Current x array =  [-0.57495296 -0.63602614 -0.41893252  0.45861224 -0.49541557 -1.65428433
  0.7104151  -3.97118259 -1.42159702 -4.45213004 -7.59690862 -3.47461409
 -5.44588182  0.17939533 -7.80514239 -1.27438076 -3.36222474 -3.46476791
 -1.705859   -7.81661688]
log likelihood =  -383.607782526
Edge derivatives =  [-0.06923930371854681, -0.050337433681314936, -0.07537455942012783, -0.010946367219630576, -0.015645986480402538, -0.05712630975008712, -0.027604820583671676, -0.2311109048336014, -0.014375887151762837, 0.035356522055859374, -0.18170859986251847, -0.05480085054299441, -0.012393744128642026, -0.014146228489164926]
other derivatives: [-0.08074608 -0.43772843  0.39683528  0.111703   -0.06625669 -0.1901526 ]
Current x array =  [-0.57271357 -0.62313432 -0.42691019  0.46316738 -0.48650637 -1.68086917
  0.70987023 -3.93593231 -1.44019736 -4.41429158 -7.53719121 -3.4794399
 -5.39916475  0.18550601 -7.74293874 -1.27483735 -3.37597783 -3.46818
 -1.70204712 -7.75465907]
log likelihood =  -383.601756185
Edge derivatives =  [-0.07742348434820467, -0.04894041551223611, -0.10427748399847347, -0.011529282265578374, -0.015014704683734975, -0.06085762513296959, -0.02666145496578988, -0.11319453178723857, -0.013760848622883015, 0.03603426825475142, -0.1839119829477617, -0.0572766471829802, 0.016993006818832757, -0.013542240800658212]
other derivatives: [-0.03324772 -0.12242936  0.17484467  0.08209327  0.02109459 -0.15693331]
Current x array =  [-0.57315195 -0.6264474  -0.42488192  0.46398055 -0.48930715 -1.6842217
  0.71025672 -3.96450972 -1.43390226 -4.44113255 -7.57885478 -3.47545385
 -5.43380031  0.181486   -7.78618316 -1.27448071 -3.37353265 -3.46549835
 -1.7066112  -7.79770602]
log likelihood =  -383.588486766
Edge derivatives =  [-0.036819321809927086, -0.044144107269398734, -0.13226040786882254, -0.01045879968028083, -0.013041998367972199, -0.06534390538929398, -0.023279720588681455, 0.04581899387436339, -0.011892981379448912, 0.07736932230550475, -0.17408424453194177, -0.05803661107395147, 0.10738245325280638, -0.01170828408450382]
other derivatives: [-0.05961169  0.29691023 -0.16078161  0.01124363  0.1795172  -0.07948415]
Current x array =  [-0.57328357 -0.63100015 -0.42167318  0.46759942 -0.49269693 -1.69342608
  0.70945934 -4.06067699 -1.42380789 -4.53059206 -7.71841304 -3.4701331
 -5.54935431  0.17676321 -7.93093728 -1.27841654 -3.38086928 -3.46400685
 -1.72128371 -7.94184659]
log likelihood =  -383.571672993
Edge derivatives =  [0.004910334761882851, -0.03726636354193645, -0.12249809328864902, -0.006944472814781957, -0.010281607451349848, -0.06665077735580299, -0.0183268236471108, 0.15798191257691935, -0.009324103452611202, 0.14772575228067186, -0.14373119239602591, -0.0535682155967287, 0.23654799775433155, -0.009185612018426244]
other derivatives: [ 0.44568651  0.48678999 -0.28142608 -0.05577476  0.28522322  0.00665068]
Current x array =  [-0.57651506 -0.63336543 -0.41998158  0.47448048 -0.49067754 -1.70799971
  0.70931924 -4.22257775 -1.41649006 -4.68014584 -7.95171357 -3.46738481
 -5.74264186  0.17413914 -8.17283686 -1.28559526 -3.40601954 -3.46713898
 -1.74284065 -8.18273328]
log likelihood =  -383.579379309
Edge derivatives =  [0.16656174469951557, -0.02444772179918724, -0.18474264653924521, -0.006170158536432369, -0.005761768536393962, -0.06810063479680598, -0.011509559923694204, 0.20713118442529205, -0.005150444319285889, 0.19493553435648303, -0.07448298007110739, -0.04157453796910642, 0.4586775049571112, -0.005077179399324531]
other derivatives: [-3.14411182  0.82371798 -0.76216793 -0.23944722  0.2948866   0.11621637]
Current x array =  [-0.55645327 -0.63603074 -0.41586003  0.48160548 -0.4812411  -1.72797993
  0.70550723 -4.61702712 -1.39362401 -5.04531388 -8.52407212 -3.46532405
 -6.2147952   0.17294793 -8.76633416 -1.29114482 -3.46952238 -3.47865573
 -1.78308135 -8.77384102]
log likelihood =  -383.56148942
Edge derivatives =  [0.07745716216849896, -0.03108956413089481, -0.14380482130453842, -0.006351517066004175, -0.008020293757622012, -0.06728056561742195, -0.014928572886789192, 0.17917752943823723, -0.007228237920783465, 0.1680339979412553, -0.11344257486703532, -0.04845431168340497, 0.3328602451864663, -0.007122872407707684]
other derivatives: [-1.06019797  0.62972276 -0.48419224 -0.1338492   0.29247076  0.05504148]
Current x array =  [-0.56790883 -0.63450881 -0.41821349  0.47753701 -0.48662944 -1.71657095
  0.70768394 -4.39179103 -1.40668084 -4.83679784 -8.19724741 -3.46650077
 -5.94518906  0.17362813 -8.42743893 -1.28797595 -3.43326137 -3.47207951
 -1.76010335 -8.43631026]
log likelihood =  -383.544716098
Edge derivatives =  [0.11730952481305801, -0.02596873623448609, -0.10686067465497984, -0.0033190381246949834, -0.006191215168965865, -0.06391855156684045, -0.011645251420309647, 0.10233467678896163, -0.005559769981219222, 0.21298923536815528, -0.0739949253360644, -0.03950535189143148, 0.42165485540574726, -0.005482772480283094]
other derivatives: [-0.31880063  0.34614231 -0.22134259 -0.12984742  0.20980337  0.07757421]
Current x array =  [-0.57218585 -0.63191622 -0.41980817  0.4826633  -0.47675795 -1.72754365
  0.70730379 -4.56727859 -1.40550833 -4.99848479 -8.44986045 -3.46878751
 -6.15415435  0.1772451  -8.6893197  -1.29290318 -3.46925273 -3.48005219
 -1.77583101 -8.69711805]
log likelihood =  -383.530687368
Edge derivatives =  [0.12433935257382567, -0.021665029339341453, -0.057840236824467706, -0.0010577430737908657, -0.004731780635238232, -0.05556379342025769, -0.009104559449572919, -0.01632891811817666, -0.004236049072945211, 0.2054444248661641, -0.027506608477764358, -0.026364483904418923, 0.4515210924710181, -0.004178195728882369]
other derivatives: [ 0.05834409 -0.05999254  0.10263648 -0.08508891  0.02917204  0.06301661]
Current x array =  [-0.57422173 -0.62787793 -0.42216906  0.48463036 -0.46354205 -1.73444759
  0.70778217 -4.74964459 -1.40730439 -5.16579967 -8.71257729 -3.47653356
 -6.37084465  0.18119716 -8.96162618 -1.29222196 -3.51422888 -3.4928393
 -1.78152955 -8.968358  ]
log likelihood =  -383.517738295
Edge derivatives =  [0.07690054175718775, -0.018397859071555063, -0.02076308026877327, 0.0001346343471111261, -0.0036768683950157196, -0.04472950549963976, -0.007315889924082358, -0.08085357704056273, -0.0032788874424170265, 0.1331553713872552, 0.016774775145579957, -0.01218347695302125, 0.40287059504340483, -0.0032321550109026174]
other derivatives: [ 0.18591209 -0.35333869  0.14049419 -0.01065814 -0.14421175  0.0319119 ]
Current x array =  [-0.57477679 -0.6249367  -0.42236181  0.48290247 -0.45265241 -1.73758507
  0.7097851  -4.92165592 -1.40875312 -5.32294635 -8.96057356 -3.48718305
 -6.57491376  0.18226864 -9.21864554 -1.28416498 -3.55929337 -3.50723364
 -1.7730794  -9.22440986]
log likelihood =  -383.506292242
Edge derivatives =  [-0.0323358055074503, -0.013923620041173205, -0.011742142784512355, 0.0005606843846301217, -0.0023967044134136145, -0.029157393200522713, -0.005104195108769065, -0.09666175109603964, -0.0021138749037880405, -0.011227704952717188, 0.07615442024527065, 0.007796952304717858, 0.23163635184861237, -0.0020781338007457885]
other derivatives: [ 0.13554882  0.29402258  1.19988499  0.0073328  -0.29506282 -0.02622187]
Current x array =  [-0.57428541 -0.6316662  -0.43176653  0.47963527 -0.44679762 -1.73388115
  0.7140781  -5.21541397 -1.40500329 -5.59263209 -9.38591169 -3.50283925
 -6.92454178  0.18197334 -9.65956125 -1.26771299 -3.62252538 -3.52786322
 -1.74256423 -9.6636428 ]
log likelihood =  -383.495075022
Edge derivatives =  [-0.07875790119508608, -0.011882897851495839, -0.0200666526505342, 0.0005448555506240415, -0.0018882641119241234, -0.019666651386985756, -0.004236869658286596, -0.08316571878827667, -0.0016557522159126809, -0.12146205393273346, 0.1052474379049166, 0.018618062749764852, 0.08159519450057029, -0.0016258523641030035]
other derivatives: [ 0.10828671 -0.22643007 -0.07312337  0.1037904  -0.28446721 -0.04953336]
Current x array =  [-0.57401113 -0.62622194 -0.42086205  0.47581493 -0.44848045 -1.73080274
  0.71638431 -5.37843203 -1.40173622 -5.74189683 -9.62195982 -3.51246018
 -7.11840516  0.18024111 -9.90424703 -1.255464   -3.65561967 -3.53930853
 -1.71673109 -9.90741086]
log likelihood =  -383.4919601
Edge derivatives =  [-0.04969747213605569, -0.011899761322988285, -0.044890475170493715, 0.00030316661233577465, -0.0019095632763646616, -0.02195407439794527, -0.004268523272870855, -0.013834985489578788, -0.0016722633338654394, -0.10617029866139582, 0.09682150228513084, 0.015689848908402568, 0.06817035327488014, -0.0016418820041382233]
other derivatives: [ 0.01356852 -0.01078888 -0.0859302   0.06082246 -0.16265744 -0.02811475]
Current x array =  [-0.57351351 -0.62840854 -0.42084199  0.47643257 -0.45594392 -1.72831093
  0.71570932 -5.37099848 -1.39820834 -5.73571406 -9.61203688 -3.50997038
 -7.11014077  0.17833901 -9.89401279 -1.25688403 -3.6458012  -3.53606146
 -1.71407308 -9.89720203]
log likelihood =  -383.489381067
Edge derivatives =  [0.010094282724460779, -0.011386357112100134, -0.07016560937615779, 0.00020270161047040644, -0.001825507543627186, -0.02282089703646884, -0.004051303832944155, 0.0868400445204926, -0.0015943856332603231, -0.07998644728671556, 0.08972384732543272, 0.013639679262862192, 0.022604429967496953, -0.001565077633957249]
other derivatives: [-0.04269509  0.08822099 -0.02572165  0.00092086  0.03769287  0.01384137]
Current x array =  [-0.57315629 -0.62934157 -0.42148367  0.47786471 -0.46792521 -1.72525159
  0.71491959 -5.40176949 -1.39373994 -5.76465241 -9.65733033 -3.50847961
 -7.14738511  0.17577617 -9.94103755 -1.25919919 -3.63726647 -3.5333373
 -1.70554593 -9.94402038]
log likelihood =  -383.487938668
Edge derivatives =  [0.007078596526604031, -0.010866506769792776, -0.06001641858188589, 0.0003424127037660353, -0.0017105948917512663, -0.02163712783907843, -0.0037979709086285, 0.046546305794892606, -0.0014905621153989777, -0.037531266205332536, 0.08808570664897299, 0.013391244910080702, -0.0005531103422340422, -0.001463291627463115]
other derivatives: [-0.04050662  0.17137154 -0.05110223 -0.02038973  0.08452048  0.01881517]
Current x array =  [ -0.5732233   -0.63018424  -0.42128415   0.47938644  -0.47111043
  -1.72444508   0.71555489  -5.4467783   -1.39432683  -5.80589209
  -9.72199315  -3.50947827  -7.2008326    0.1782045  -10.00809164
  -1.26394664  -3.63527277  -3.53294373  -1.7013869  -10.0107949 ]
log likelihood =  -383.485993553
Edge derivatives =  [0.032192885714885655, -0.00944541750752247, -0.0192352027318492, 0.0008396379988885906, -0.0014188234077894227, -0.01639885030220034, -0.003144729923120416, -0.01408869819031039, -0.0012299732978877185, 0.06839632710751031, 0.07971861580187152, 0.012467071325422671, -0.06992515728723303, -0.0012085826212864961]
other derivatives: [-0.28012437 -0.18212631  0.19210233 -0.05105676  0.16109993  0.03940954]
Current x array =  [ -0.57160657  -0.62618903  -0.42350946   0.48200751  -0.4766261
  -1.72197308   0.71702037  -5.57601259  -1.397872    -5.92342356
  -9.90682251  -3.51425498  -7.35363871   0.18156148 -10.19972442
  -1.27598541  -3.62583978  -3.53171547  -1.68930846 -10.20164122]
log likelihood =  -383.48410144
Edge derivatives =  [-0.005778303132001117, -0.008579101856944589, -0.0033664294467228295, 0.000901832185238257, -0.0012224279264245852, -0.013619539304064128, -0.0027694765649103345, -0.058793367951193054, -0.0010546052811035787, 0.11371942500706766, 0.08413633185113485, 0.013803575147632086, -0.05739888449981351, -0.001036780481032105]
other derivatives: [-0.04716867  0.04955609 -0.00288196 -0.05593961  0.11856969  0.02640945]
Current x array =  [ -0.57316686  -0.62874131  -0.4216432    0.48378146  -0.47322046
  -1.72369811   0.71779729  -5.6795261   -1.39899823  -6.01796904
 -10.05520119  -3.51713931  -7.4763315    0.1835179  -10.35355061
  -1.2814998   -3.63073926  -3.53325826  -1.69152575 -10.35484047]
log likelihood =  -383.482738408
Edge derivatives =  [-0.025118732752142492, -0.007962611064990079, 0.007050532283894517, 0.0009321588282078484, -0.0010911454032606635, -0.01116904407140236, -0.002521156422033723, -0.058632218732223074, -0.0009378202848759612, 0.1281832491083058, 0.0847932070602843, 0.014211774859881482, -0.0451518891346972, -0.0009225685548984961]
other derivatives: [ 0.0496982   0.08449206 -0.06230039 -0.04557137  0.05732659  0.01381864]
Current x array =  [ -0.5737736   -0.62916759  -0.42102068   0.48393527  -0.46889339
  -1.72448763   0.71803024  -5.75888256  -1.39986651  -6.09014154
 -10.16866501  -3.51984201  -7.57016764   0.18292996 -10.47117277
  -1.28349494  -3.63163822  -3.53398892  -1.69386319 -10.47198627]
log likelihood =  -383.479177761
Edge derivatives =  [-0.047096908316439645, -0.00640113225979885, 0.02213150301446487, 0.0009223091362033763, -0.0007913710158699094, -0.004957705774783286, -0.0019301010053408515, -0.013521540896305972, -0.0006717841817406374, 0.14686443236708113, 0.07328448936951405, 0.011690334517242829, -0.027860021381766797, -0.0006623560515622264]
other derivatives: [ 0.19583695  0.09572432 -0.11999646 -0.0167006  -0.06398864 -0.01581384]
Current x array =  [ -0.57459836  -0.62938745  -0.42035591   0.48286689  -0.4607349
  -1.72352945   0.71798035  -5.9846648   -1.40065396  -6.29525777
 -10.49126182  -3.5268518   -7.83701634   0.17941099 -10.80561974
  -1.28642821  -3.61938709  -3.53236088  -1.69751613 -10.80506692]
log likelihood =  -383.474953673
Edge derivatives =  [-0.049896120258146937, -0.0045894598224163734, 0.023094494570905955, 0.0007051062181901062, -0.0004911099724989767, 0.0030902122860907433, -0.001306871023039637, 0.001128422030585552, -0.0004082265521551481, 0.12707730074560142, 0.04518193040685331, 0.005074213238220909, -0.005537115289146466, -0.00040385637179442084]
other derivatives: [-0.12635155  0.20270363 -0.21831852  0.00480895 -0.16899548 -0.05199468]
Current x array =  [ -0.57268114  -0.63050889  -0.41953468   0.4805736   -0.45488807
  -1.72039412   0.71725679  -6.32174035  -1.39942386  -6.60148314
 -10.97283767  -3.53606475  -8.2354218    0.17720495 -11.30491637
  -1.28491012  -3.58956448  -3.52695055  -1.70218338 -11.30230978]
log likelihood =  -383.475974179
Edge derivatives =  [0.026041952968097526, -0.0022434611828392294, -0.002310894158957355, 0.0005351842471108858, -0.0001799096331348296, 0.020239507508271748, -0.000549839440565078, 0.11021713652383192, -0.0001431094481862585, 0.06853265434218159, -0.035931710000428746, -0.012164683241943516, -0.022735104970486975, -0.00014265545579903198]
other derivatives: [ 1.27166686 -0.22022277  0.16634658  0.10724079 -0.15717205 -0.0903924 ]
Current x array =  [ -0.58032797  -0.62673648  -0.4227369    0.474648    -0.45790804
  -1.70869189   0.7151703   -7.02993068  -1.39360831  -7.24484428
 -11.98492723  -3.55439503  -9.07256857   0.17107029 -12.35430396
  -1.27826315  -3.50656497  -3.51078812  -1.69971865 -12.3473687 ]
log likelihood =  -383.472147539
Edge derivatives =  [-0.013787031891529633, -0.0033069763749267998, 0.013349224953383754, 0.0006458167805945669, -0.0003102120871044317, 0.01096924202827558, -0.0008775744888454198, 0.05107587117963186, -0.0002526992071294855, 0.10035541893051558, 0.008921661236153275, -0.0027953628197543295, -0.013398780274859245, -0.0002508732463598763]
other derivatives: [ 0.51882125  0.00895852 -0.0409841   0.05192078 -0.16265176 -0.06907612]
Current x array =  [ -0.57618013  -0.62878274  -0.42099993   0.4778622   -0.45626993
  -1.71503949   0.71630207  -6.64578933  -1.39676282  -6.89586801
 -11.43594282  -3.5444522   -8.6184778    0.1743979  -11.7850881
  -1.28186864  -3.55158612  -3.51955506  -1.70105558 -11.78050083]
log likelihood =  -383.469999587
Edge derivatives =  [0.004674982222520718, -0.0026914531256531198, 0.0001647409089480245, 0.0005025482737148587, -0.00023314715282547028, 0.01559162494339554, -0.0006934839424709292, 0.04223906930602456, -0.0001874095457451294, 0.06234088215908684, -0.011976421068923743, -0.007060206089198981, -0.026947815126684926, -0.00018636695819519104]
other derivatives: [ 0.12066153  0.03693685 -0.08370762  0.04546337 -0.12463488 -0.07156586]
Current x array =  [ -0.57378382  -0.62894867  -0.42084037   0.47670421  -0.45990608
  -1.71215002   0.71607319  -6.84752367  -1.3943412   -7.07931996
 -11.72452481  -3.54941366  -8.85709896   0.17486718 -12.08431017
  -1.27742094  -3.53039198  -3.51561675  -1.69882855 -12.07849008]
log likelihood =  -383.469163217
Edge derivatives =  [0.01975633534278609, -0.002377341798865643, -0.007866217487624727, 0.0004395852692474214, -0.0001968258584618878, 0.01830972880823875, -0.000599233804885444, 0.02362531705789006, -0.000156982500958759, 0.03130982861294884, -0.021897106003345754, -0.008638235053633772, -0.03391699802832998, -0.00015623367242178517]
other derivatives: [-0.06036203  0.06583036 -0.01610374  0.03033165 -0.06235155 -0.06018581]
Current x array =  [ -0.57270158  -0.62918103  -0.42154493   0.47681586  -0.4643749
  -1.71160622   0.71623266  -6.966794    -1.3926101   -7.1878834
 -11.89528089  -3.55199748  -8.99825661   0.17637829 -12.2613636
  -1.27346266  -3.52015782  -3.51388824  -1.69736221 -12.25481494]
log likelihood =  -383.468628779
Edge derivatives =  [0.023409934650290065, -0.0021929345378889995, -0.010831511277665573, 0.0004074720420022943, -0.00017615743015756438, 0.01982894360724595, -0.0005435500818935034, 0.0016150124788988363, -0.00013985018062988023, 0.008563462482905626, -0.023666209181570433, -0.008343935368219008, -0.023401069654401363, -0.00013925014611185132]
other derivatives: [-0.09306973  0.02754064 -0.04784511  0.01894023 -0.0104194  -0.04314415]
Current x array =  [ -0.57253101  -0.62874989  -0.42130801   0.47783512  -0.46730263
  -1.71344923   0.71677285  -7.04437353  -1.39158439  -7.25857895
 -12.00641172  -3.55317314  -9.09012244   0.17810732 -12.37658767
  -1.2704079   -3.51801102  -3.51383866  -1.698781   -12.36956671]
log likelihood =  -383.468635828
Edge derivatives =  [-0.0036709147251698937, -0.0018492683544173295, -0.008718562964758148, 0.0003432235075213515, -0.0001380165452146012, 0.02247854741367694, -0.0004395438892340275, -0.025209649262960487, -0.0001085715033118832, -0.020635984946970165, -0.017573377179583863, -0.005293614055563597, 0.030354407750946166, -0.00010818771953018864]
other derivatives: [-0.06172058  0.21994424  0.32355274 -0.02917204  0.03710738 -0.00547971]
Current x array =  [ -0.57285862  -0.6307022   -0.4243961    0.48147284  -0.46856137
  -1.72119913   0.71866796  -7.2144369   -1.39051404  -7.4135912
 -12.24994636  -3.55497082  -9.29149146   0.18099837 -12.62907235
  -1.26609899  -3.52305762  -3.51600826  -1.70706533 -12.62102122]
log likelihood =  -383.468270568
Edge derivatives =  [0.010040310770270011, -0.0020148022174034195, -0.009699129684989094, 0.00037458495241720615, -0.00015604077102345816, 0.021148088114676236, -0.0004890594815606566, -0.011683854827699125, -0.00012331718850905988, -0.0059233691662506915, -0.020631946689870034, -0.006825595982542176, 0.003380387338780544, -0.00012283434694479014]
other derivatives: [-0.07742642  0.1232479   0.13735644 -0.00495106  0.01328999 -0.02436309]
Current x array =  [ -0.57269382  -0.62972011  -0.42284266   0.47964291  -0.46792817
  -1.7173006    0.71771464  -7.12888767  -1.39105248  -7.33561333
 -12.12743789  -3.55406651  -9.19019413   0.17954405 -12.50206163
  -1.26826656  -3.52051897  -3.51491686  -1.70289796 -12.49452872]
log likelihood =  -383.467845254
Edge derivatives =  [-0.001815932026759448, -0.0018244704388496707, -0.004682297418509229, 0.00034971230381760764, -0.00013538798712854077, 0.02290273857954564, -0.0004329217864881417, -0.02882338112164673, -0.00010647592902824705, -0.007699013377032715, -0.018044989143022327, -0.0053194094006967785, 0.023827198293022878, -0.0001061294405074521]
other derivatives: [-0.03249738  0.02668799  0.02328306 -0.01368221  0.03697664 -0.00623572]
Current x array =  [ -0.5730138   -0.62867804  -0.42180835   0.48148922  -0.46827071
  -1.72109169   0.71869862  -7.22755889  -1.39107877  -7.42548861
 -12.26866604  -3.55545498  -9.30697558   0.18089032 -12.64847782
  -1.26771743  -3.52275911  -3.51605815  -1.70606426 -12.64034798]
log likelihood =  -383.467642455
Edge derivatives =  [-0.011774821452770201, -0.0016725897869318183, 0.0008808497829497774, 0.00032914084282189594, -0.0001193090215984329, 0.02434344707736122, -0.0003894913948227773, -0.028220026502933704, -9.343637587639725e-05, 0.0024701729673998196, -0.01630056039727784, -0.004291598427764734, 0.035798336286621046, -9.318863571052734e-05]
other derivatives: [-0.00455884 -0.01145395 -0.01307967 -0.01762146  0.02540332  0.0007617 ]
Current x array =  [ -0.57321922  -0.62826878  -0.42142505   0.48253107  -0.46664264
  -1.72366874   0.71914133  -7.31556302  -1.39149378  -7.50558191
 -12.39453561  -3.55679289  -9.41107625   0.18096541 -12.77896808
  -1.26881337  -3.52439323  -3.51697317  -1.70801953 -12.77030657]
log likelihood =  -383.467387614
Edge derivatives =  [-0.013145316953629749, -0.0014586387351932383, 0.006087614428006205, 0.0002983763098353509, -9.797419848114121e-05, 0.025878030877224012, -0.0003300003322535732, -0.01123685037180333, -7.619992168275293e-05, 0.011611343972793287, -0.014661474390181811, -0.0029863747292113996, 0.04125202275782386, -7.606306230864123e-05]
other derivatives: [ 0.00833893 -0.02925731 -0.03233822 -0.02029878  0.01042508  0.01003855]
Current x array =  [ -0.57333991  -0.62810776  -0.42116926   0.48323606  -0.46445468
  -1.72690363   0.71911783  -7.45302798  -1.39176581  -7.63062671
 -12.59109849  -3.55822312  -9.57363997   0.1802849  -12.98274894
  -1.26978023  -3.52589493  -3.51816324  -1.70883655 -12.97325674]
log likelihood =  -383.466901195
Edge derivatives =  [-0.016773999416428875, -0.001094317915659713, 0.00638199531832262, 0.00023194307007435764, -6.480006603981984e-05, 0.026525313002806652, -0.00023402304826410564, -0.01727208493753596, -4.964010232304276e-05, 0.00524578001227205, -0.011142088455837348, -0.0003335074571411134, 0.031236513785995845, -4.9629708528277575e-05]
other derivatives: [ 0.0368118  -0.01780904 -0.07349286 -0.00556497 -0.0165187   0.0197474 ]
Current x array =  [ -0.57356736  -0.62836568  -0.42072123   0.48297542  -0.46141539
  -1.73224075   0.71897003  -7.74201991  -1.39106202  -7.89343334
 -13.00427625  -3.55863569  -9.91534061   0.18062718 -13.41110419
  -1.26883939  -3.52914309  -3.52060355  -1.70687268 -13.39986461]
log likelihood =  -383.467835515
Edge derivatives =  [0.04720564293656171, -0.0007166570288866585, 0.007491361608903402, 0.00017124274668143364, -3.5780473205594094e-05, 0.021898470653603536, -0.0001416183498786424, 0.04521665076728987, -2.6878684846187104e-05, 0.008592468858676594, 0.0029307010083071267, 0.005753901625960664, -0.006866870931254931, -2.6929117333038467e-05]
other derivatives: [-0.15648993 -0.41015369  0.26498128  0.00449631 -0.03305445  0.05704806]
Current x array =  [ -0.57224805  -0.62429803  -0.42354872   0.48255097  -0.45783496
  -1.73972091   0.7173437   -8.1557323   -1.39014498  -8.26945611
 -13.59550011  -3.55316979 -10.40430867   0.1778658  -14.02403365
  -1.26876232  -3.54303159  -3.52603302  -1.69987729 -14.01029742]
log likelihood =  -383.466741746
Edge derivatives =  [0.0010134569758353251, -0.0009738517050745829, 0.006856799573769834, 0.00021386917613530946, -5.5019820523246654e-05, 0.025254124407808734, -0.00020374200216768105, 1.0069126906153691e-06, -4.192121859464478e-05, 0.006185175788637753, -0.007242087156607263, 0.0013478663305920568, 0.020773775074135192, -4.1936564637803736e-05]
other derivatives: [-0.01627427 -0.12545343  0.02032152 -0.00276827 -0.02096954  0.03008154]
Current x array =  [ -0.5732039   -0.62724507  -0.42150018   0.48285849  -0.46042901
  -1.73430148   0.71852198  -7.85599459  -1.39080938  -7.99702481
 -13.16715402  -3.55712988 -10.05004767   0.17986644 -13.57996169
  -1.26881816  -3.53296927  -3.52209933  -1.7049455  -13.5680343 ]
log likelihood =  -383.466438721
Edge derivatives =  [0.00295306782277871, -0.0007739077325489098, 0.000793668945361814, 0.0001703103787872723, -3.9581549620779084e-05, 0.023934965136632416, -0.00015510103356826404, -0.0002037822257804911, -2.9780222660461066e-05, -0.009603794489077111, -0.00512922845868978, 0.0031557087930128014, -0.0011497602982075694, -2.982466368132061e-05]
other derivatives: [ 0.00180194 -0.04700382 -0.00336513  0.01013518 -0.02794422  0.03407763]
Current x array =  [ -0.5733521   -0.62819708  -0.42126743   0.48192422  -0.45946022
  -1.73704306   0.71812316  -8.08666589  -1.389574    -8.20671573
 -13.49688017  -3.55563528 -10.32273094   0.17997967 -13.92180348
  -1.26684169  -3.53490152  -3.52377968  -1.70101776 -13.9084806 ]
log likelihood =  -383.466267169
Edge derivatives =  [0.006220036062777545, -0.0006738163270948031, -0.003414625684770245, 0.00014822957970995056, -3.250422020870818e-05, 0.021760330673239306, -0.00013172214802073914, 0.00838818876489883, -2.4271752806454362e-05, -0.014550711100399405, -0.003958563062721923, 0.004003680874743495, -0.015622483422635947, -2.4324150308722957e-05]
other derivatives: [ 0.00396199 -0.00363798 -0.00364935  0.00800355 -0.01681428  0.03513492]
Current x array =  [ -0.57337609  -0.62866868  -0.42127333   0.48179036  -0.46015281
  -1.73700877   0.71799994  -8.22468441  -1.38883661  -8.33212581
 -13.69410679  -3.5533646  -10.48584111   0.17973001 -14.12627775
  -1.26622095  -3.53604187  -3.52457442  -1.69848781 -14.11211984]
log likelihood =  -383.466003554
Edge derivatives =  [0.003905717107981488, -0.00053691974416856, -0.009029399893482282, 0.00011717921223735272, -2.3515128763576307e-05, 0.016753016759077005, -0.00010102466755727431, 0.005650417644030847, -1.734692818715283e-05, -0.014499962714233483, -0.0016496527880570933, 0.005116238021987463, -0.03282116196286888, -1.740456534612076e-05]
other derivatives: [-0.01850822  0.04351932  0.002359    0.00034674 -0.00229647  0.02919478]
Current x array =  [ -0.57324173  -0.62911293  -0.42137365   0.48193996  -0.46174345
  -1.73493482   0.71823789  -8.45145126  -1.38798093  -8.53813121
 -14.01809296  -3.54831271 -10.75379218   0.17992536 -14.46216842
  -1.26628839  -3.538492    -3.52570805  -1.69560991 -14.44663897]
log likelihood =  -383.465923957
Edge derivatives =  [0.00982885025819158, -0.00039984447185775534, -0.013137164740670837, 9.41297660268062e-05, -1.5457289269320433e-05, 0.008496870309127894, -7.12519215298307e-05, 0.008291060748505441, -1.1228861241205573e-05, -0.005728912959421351, 0.0014129825900478926, 0.0060657633194195065, -0.046778264195244335, -1.1285343415454532e-05]
other derivatives: [ 0.2553179   0.02470983  0.06604068  0.00210321  0.01517151  0.01269314]
Current x array =  [ -0.57475709  -0.62894344  -0.42194057   0.48183688  -0.46417931
  -1.72951783   0.71825157  -8.7451906   -1.38746995  -8.80490121
 -14.43766922  -3.54012572 -11.10081227   0.17965079 -14.89715991
  -1.26751104  -3.54188135  -3.52675457  -1.69344804 -14.87985446]
log likelihood =  -383.465617562
Edge derivatives =  [-0.001328486457377931, -0.00034671174598071815, -0.013368332437085462, 7.82050397003807e-05, -1.2605216179531492e-05, 0.0058760011785879, -6.0537444910942255e-05, -0.0033054392757430606, -9.08834675491675e-06, 0.0004928468643764505, 0.0032757030506367635, 0.006726917167802979, -0.04115556555852368, -9.141372151094129e-06]
other derivatives: [ 0.03258265  0.0492264   0.01948592 -0.01676312  0.02171419  0.01082299]
Current x array =  [ -0.57348496  -0.62902715  -0.42160636   0.48280214  -0.46498946
  -1.72844281   0.71890408  -8.88794559  -1.38745883  -8.93463846
 -14.64167041  -3.53755886 -11.26953195   0.1802347  -15.10865518
  -1.26832325  -3.54393825  -3.5274799   -1.69449129 -15.09048657]
log likelihood =  -383.465501174
Edge derivatives =  [-0.007891306960097655, -0.00031512283009581124, -0.010452876328548744, 7.145092208569705e-05, -1.0987649574406893e-05, 0.004452609399823115, -5.415329126060993e-05, -0.008937208194709279, -7.883972117415881e-06, 0.009839656817217324, 0.00450268584943371, 0.007046043779931205, -0.029878854104057218, -7.935176875997768e-06]
other derivatives: [-0.02179945  0.0289333  -0.00393356 -0.0236696   0.01674607  0.00767386]
Current x array =  [ -0.57316908  -0.62873531  -0.42141592   0.48339115  -0.4648587
  -1.72756099   0.71925465  -8.98392123  -1.38789887  -9.02186874
 -14.77882067  -3.5362087  -11.38296709   0.18039191 -15.2508421
  -1.26951605  -3.54533297  -3.527872    -1.69651724 -15.23209355]
log likelihood =  -383.465436833
Edge derivatives =  [-0.012810451550318458, -0.0003103418988381825, -0.0063929285675927705, 6.232293184397082e-05, -8.583011101621708e-06, 0.0018913262997276858, -4.419843730382149e-05, -0.014055105527073286, -6.104169101577084e-06, 0.01927446549701539, 0.005889824024249146, 0.007383106711282311, -0.014901312900909847, -6.15106015459988e-06]
other derivatives: [-0.02384581  0.00500791 -0.01438138 -0.02372076  0.00455884  0.00046612]
Current x array =  [ -0.57313376  -0.62844023  -0.42133192   0.48351267  -0.46447067
  -1.72590005   0.71943618  -9.          -1.38853768  -9.17887806
 -15.0257011   -3.53379688 -11.58715669   0.18035744 -15.50679039
  -1.27079641  -3.5469663   -3.52834639  -1.69925898 -15.48699749]
log likelihood =  -383.465355134
Edge derivatives =  [-0.0033983043836327553, -0.0003102607255381028, -0.003016026156307916, 6.295223287610438e-05, -8.106539301356182e-06, 0.0014686880679519038, -4.19694660946726e-05, -0.00895775341890831, -5.751209295985305e-06, 0.008625863994255578, 0.0043310468899457055, 0.0064927103465937525, -0.003640512460223899, -5.7975413071933395e-06]
other derivatives: [-0.02888783  0.01752483  0.01084572 -0.00957812 -0.000216   -0.00190994]
Current x array =  [ -0.57305147  -0.62863735  -0.42156965   0.48206884  -0.46443041
  -1.72493657   0.71886324  -9.          -1.38904858  -9.21548707
 -15.0832779   -3.53349564 -11.63477762   0.17987871 -15.56648412
  -1.26963645  -3.54543625  -3.52756277  -1.70128691 -15.54644692]
log likelihood =  -383.465442204
Edge derivatives =  [0.011429468611120708, -0.00031001715121116837, -0.0010501689156749983, 6.342302768366656e-05, -7.487280189630791e-06, 0.0008328999798697528, -3.90680847057879e-05, 0.007224535586811909, -5.294135991100501e-06, -0.011734679947191573, 0.0022131584796047238, 0.005291680324919085, -0.00021680536529949945, -5.339600097701729e-06]
other derivatives: [ 0.02677893 -0.06492087 -0.12808528  0.0209468   0.00337081 -0.00109708]
Current x array =  [ -0.57330289  -0.62790763  -0.42040864   0.47991027  -0.46460325
  -1.72449934   0.71807135  -9.          -1.38931402  -9.26629195
 -15.1631974   -3.53293675 -11.70087545   0.17883265 -15.64934278
  -1.2673243   -3.54332851  -3.52643902  -1.7019608  -15.62896635]
log likelihood =  -383.46534054
Edge derivatives =  [0.0006775390696756034, -0.0003101937623182803, -0.0024742740065122337, 6.310262590550884e-05, -7.93142674111687e-06, 0.0012941009593701175, -4.115144144370615e-05, -0.004509312488880091, -5.621804781972882e-06, 0.003035666012162541, 0.0037495842302045085, 0.006162887980347656, -0.002698925506551264, -5.667916072451091e-06]
other derivatives: [-0.01359695 -0.00513296 -0.02726779 -0.00118803  0.00075602 -0.00169393]
Current x array =  [ -0.57312056  -0.62843681  -0.42125059   0.48147564  -0.46447791
  -1.72481641   0.71864562  -9.          -1.38912153  -9.22944888
 -15.10524076  -3.53334205 -11.65294212   0.17959124 -15.5892547
  -1.26900105  -3.54485702  -3.52725395  -1.7014721  -15.56912428]
log likelihood =  -383.465331066
Edge derivatives =  [0.003696375900994031, -0.0003101545649078915, -0.0013415774318761287, 6.455812096083232e-05, -7.996573773535483e-06, 0.0012418726194669133, -4.1345015371894016e-05, -0.001050208742603087, -5.668826546441016e-06, -0.0016160689330591005, 0.002845339754715126, 0.005622708666250545, 0.0003217510795123224, -5.715371579839395e-06]
other derivatives: [-0.00522959  0.00375735 -0.00340492  0.00347313  0.00104592 -0.00239311]
Current x array =  [ -0.57314679  -0.62855338  -0.42146457   0.48094502  -0.46462418
  -1.7243704    0.71847492  -9.          -1.3892934   -9.22436151
 -15.09725187  -3.53332718 -11.64633621   0.17937093 -15.58097327
  -1.26847697  -3.54394375  -3.52674391  -1.70201547 -15.5608763 ]
log likelihood =  -383.465329065
Edge derivatives =  [0.002652025295845295, -0.00031018093453923833, -0.0009129070898612479, 6.50338997506198e-05, -8.063189151651259e-06, 0.0013648355673851337, -4.161844931005301e-05, 0.00026143929995758874, -5.717831786649249e-06, -0.002117758847867579, 0.0026359002652080327, 0.005435285888221175, 0.0007242143308116011, -5.7646404590536165e-06]
other derivatives: [-0.00200089  0.00092086  0.00142109  0.00362093  0.00091518 -0.00186446]
Current x array =  [ -0.57316401  -0.62852168  -0.42150469   0.4809544   -0.46458729
  -1.72447834   0.71852754  -9.          -1.38934197  -9.21907656
 -15.08894365  -3.53344094 -11.6394656    0.1793202  -15.57235987
  -1.26840911  -3.54371978  -3.52654794  -1.70207551 -15.55229802]
log likelihood =  -383.465324613
Edge derivatives =  [-0.0023854327773555895, -0.000310332180861855, 0.0005658978048392882, 6.658329440289198e-05, -8.320909505431116e-06, 0.0017869497743512736, -4.269373251574308e-05, 0.0035711590866938647, -5.9075379302840575e-06, -0.0029703094145028253, 0.001941920503072292, 0.0047134741162356, 0.0019183025428924916, -5.9552930462422005e-06]
other derivatives: [ 0.00908358 -0.00107434  0.0067871   0.00273417  0.00028422 -0.00034674]
Current x array =  [ -0.573234    -0.62849128  -0.42154365   0.48111352  -0.46442834
  -1.72491759   0.71874947  -9.          -1.38951179  -9.1990336
 -15.05743521  -3.53383149 -11.61340969   0.17921692 -15.53969383
  -1.26827906  -3.54297753  -3.52579746  -1.70224776 -15.51976526]
log likelihood =  -383.465321747
Edge derivatives =  [-0.002944991083551951, -0.0003103340766098646, 0.0012159432985072716, 6.732597554214709e-05, -8.444040808364328e-06, 0.0019055680273853542, -4.320391943834879e-05, 0.00380054955950454, -5.998388983442416e-06, -0.0028416220485314447, 0.0015092695621500146, 0.004161151197041121, 0.0019055914551065478, -6.046605524180822e-06]
other derivatives: [  1.12265752e-02  -4.35420588e-03   7.76481102e-03   1.55750968e-03
  -2.27373675e-05   3.29691829e-04]
Current x array =  [ -0.57325195  -0.62845321  -0.42154662   0.48125608  -0.46433731
  -1.72515871   0.71878766  -9.          -1.38958465  -9.18965468
 -15.04269657  -3.53393126 -11.60122306   0.17923264 -15.52441363
  -1.26827889  -3.5425233   -3.52522798  -1.70222875 -15.50454739]
log likelihood =  -383.465315882
Edge derivatives =  [-0.004091113634287158, -0.0003104142383575085, 0.0029815420317951258, 6.881846678560675e-05, -8.6719590696461e-06, 0.0018284002253510512, -4.413791747667017e-05, 0.0026342330982234152, -6.166452595726492e-06, -0.0018575849517969978, -0.0001316715631358295, 0.001973607901823382, 0.002734589411831412, -6.21568211009652e-06]
other derivatives: [ 0.01907665  0.01042508 -0.00320597 -0.00122782 -0.00200089  0.00038654]
Current x array =  [ -0.57332224  -0.62861106  -0.42143729   0.48154248  -0.46407932
  -1.72558714   0.71878824  -9.          -1.38980851  -9.17265893
 -15.016014    -3.53383449 -11.57916828   0.17932958 -15.49675049
  -1.26838167  -3.54084436  -3.52302397  -1.70235084 -15.47699695]
log likelihood =  -383.465311807
Edge derivatives =  [0.0010404892981559222, -0.0003101777036798036, 0.0026522242442696964, 6.849712486995622e-05, -8.61342500718718e-06, 0.001481816079547657, -4.389107169274842e-05, -0.0004733623641947071, -6.124072387030471e-06, -0.0001316291666003666, -0.0006292707178210954, 0.0010196846867207565, 0.001249941139729649, -6.173280407785017e-06]
other derivatives: [ 0.00222826 -0.00920295  0.00118803 -0.00255795 -0.00180762  0.00097202]
Current x array =  [ -0.57322235  -0.62840201  -0.42147422   0.48167444  -0.46405144
  -1.72574415   0.71864142  -9.          -1.38974922  -9.17685716
 -15.02264039  -3.53346111 -11.58465588   0.17947774 -15.50361996
  -1.2685713   -3.54034545  -3.52204701  -1.70208511 -15.48383834]
log likelihood =  -383.465310262
Edge derivatives =  [0.0021035313044914794, -0.0003101629546606837, 0.0020930906909391034, 6.765500119314754e-05, -8.465510238134497e-06, 0.001197146340299618, -4.3276169003037256e-05, -0.0010815466649223837, -6.0149361494717384e-06, 6.611183770521833e-05, -0.0005179855049358556, 0.0010788351755702669, 0.001274370125159019, -6.063680168479253e-06]
other derivatives: [-0.00198952 -0.00414957 -0.00127898 -0.00165414 -0.00158025  0.00020464]
Current x array =  [ -0.57319446  -0.62845911  -0.42145791   0.48154609  -0.46413399
  -1.72551018   0.71857754  -9.          -1.38968838  -9.18789435
 -15.03999883  -3.53319422 -11.59901279   0.17948009 -15.52161611
  -1.26861109  -3.54047723  -3.52212109  -1.70210684 -15.50176102]
log likelihood =  -383.465309071
Edge derivatives =  [0.003980738270469519, -0.00031011780174208814, 0.0006016206266425961, 6.602251853208576e-05, -8.198848040619697e-06, 0.0005894601107672565, -4.2170185790511717e-05, -0.0029572430094810254, -5.818730994103224e-06, 0.0015590945458927585, -0.00030084104222115327, 0.0010024916565555542, 0.00015096308406992165, -5.866609186373295e-06]
other derivatives: [ 0.00335376 -0.00034674 -0.00406999 -0.00044906 -0.00072191 -0.00096065]
Current x array =  [ -0.57322144  -0.62850869  -0.42143858   0.48141411  -0.46428671
  -1.72519301   0.71848656  -9.          -1.38950123  -9.20823361
 -15.07199416  -3.53259882 -11.62547795   0.179541   -15.55478662
  -1.26880251  -3.54072229  -3.52205272  -1.70193172 -15.53479614]
log likelihood =  -383.465309206
Edge derivatives =  [0.0014673327936063352, -0.0003102077922723059, -0.00022963975260692493, 6.489121800803521e-05, -8.06723960579663e-06, 0.0001732556150065151, -4.1636189104987046e-05, 0.00021831873159217086, -5.721709233425495e-06, 0.0004650450770625758, -0.0006404634706249634, 0.0004389208802647454, -2.358534922519695e-05, -5.76920196280114e-06]
other derivatives: [-0.01751346  0.00709406 -0.00565024  0.00125056  0.00030695 -0.00081855]
Current x array =  [ -0.57309214  -0.62857906  -0.42143957   0.48116384  -0.46442201
  -1.72504925   0.71857313  -9.          -1.38939491  -9.21853902
 -15.0882219   -3.53219127 -11.6389052    0.17938109 -15.57161047
  -1.26868308  -3.54039156  -3.52149687  -1.70191176 -15.5515512 ]
log likelihood =  -383.465308474
Edge derivatives =  [0.0027879964909525157, -0.0003101605094238825, 0.0002072021206582786, 6.548363338862066e-05, -8.13612645952844e-06, 0.00039196920983046446, -4.191592443447403e-05, -0.001450199912548189, -5.772484973421141e-06, 0.0010399284977626877, -0.00046199619138338754, 0.0007350846539374289, 6.813760120299994e-05, -5.820180303249765e-06]
other derivatives: [-0.00654836  0.00318892 -0.00482032  0.00035811 -0.00023306 -0.00089244]
Current x array =  [ -0.57316008  -0.62854209  -0.42143905   0.48129534  -0.46435092
  -1.72512479   0.71852764  -9.          -1.38945077  -9.21312414
 -15.07969519  -3.53240541 -11.63184998   0.17946511 -15.56277053
  -1.26874583  -3.54056534  -3.52178893  -1.70192225 -15.54274741]
  status: 0
 success: True
    nfev: 94
     fun: 383.4653084738141
       x: array([ -0.57316008,  -0.62854209,  -0.42143905,   0.48129534,
        -0.46435092,  -1.72512479,   0.71852764,  -9.        ,
        -1.38945077,  -9.21312414, -15.07969519,  -3.53240541,
       -11.63184998,   0.17946511, -15.56277053,  -1.26874583,
        -3.54056534,  -3.52178893,  -1.70192225, -15.54274741])
 message: 'CONVERGENCE: REL_REDUCTION_OF_F_<=_FACTR*EPSMCH'
     jac: array([  6.54836185e-03,  -3.18891580e-03,   4.82032192e-03,
        -3.58113539e-04,   2.33058017e-04,   8.92441676e-04,
        -2.78799649e-03,   3.10160509e-04,  -2.07202121e-04,
        -6.54836334e-05,   8.13612646e-06,  -3.91969210e-04,
         4.19159244e-05,   1.45019991e-03,   5.77248497e-06,
        -1.03992850e-03,   4.61996191e-04,  -7.35084654e-04,
        -6.81376012e-05,   5.82018030e-06])
     nit: 84
