number of sites to be analyzed:  224
log likelihood =  -2925.00226959
Edge derivatives =  [165.49771410126502, 36.75798905058398, -30.585945739989313, -24.757032904943262, -40.5519114872864, -35.53137154845554, -42.48260326688092, -41.290646911652786, -39.20290833385953, -37.78782597992399, -43.01174538386294, -40.256304151040354, -40.98857796573037, -41.281941826656706]
other derivatives: [   8.08854566    9.56142685  -13.83814379   46.52938514 -109.73844837
    0.        ]
Current x array =  [-0.80536537 -0.76611178 -0.65842086  0.18232156 -0.10536052  0.33647224
 -2.30258509 -2.30258509 -2.30258509 -2.30258509 -2.30258509 -2.30258509
 -2.30258509 -2.30258509 -2.30258509 -2.30258509 -2.30258509 -2.30258509
 -2.30258509 -2.30258509]
log likelihood =  -2703.48520665
Edge derivatives =  [137.14909876139836, 29.122468670729486, -26.470146897297564, -22.087717762337736, -33.65087417170738, -29.134947620296394, -35.26949016655216, -34.12019343115997, -32.424763567203065, -31.020357051148174, -35.584512982224396, -33.241637157992514, -33.80748401088191, -34.15158857130016]
other derivatives: [  8.95779522   2.94103302  36.40693649  25.58831511 -78.27215995   0.        ]
Current x array =  [-0.80230511 -0.76321055 -0.71448416  0.37082884 -0.54995045  0.33647224
 -1.63209431 -2.15366525 -2.42649976 -2.40288474 -2.46687548 -2.44653546
 -2.4746974  -2.46986836 -2.46141018 -2.45567717 -2.47684115 -2.46567787
 -2.46864457 -2.46983309]
log likelihood =  -3255.85596692
Edge derivatives =  [-475.64511616631046, -9.106238664184618, -7.834231060460112, -8.820839808482148, -13.102641798752275, -9.926090152656542, -14.303664258693505, -13.327597833186342, -13.083174043094584, -10.989172163486666, -14.430482310095702, -12.396947665040564, -13.607077751606543, -12.99591407819236]
other derivatives: [  209.76608539    83.33895494 -6688.85413688   -56.67980076  -385.00102164
     0.        ]
Current x array =  [-0.66625696 -0.96771862 -0.05        0.76214921 -2.32080036  0.33647224
  1.94245556 -1.42309199 -3.14026573 -3.01194977 -3.34488719 -3.19929691
 -3.3952915  -3.35707635 -3.30516691 -3.25790719 -3.40302215 -3.32953337
 -3.34637689 -3.35867968]
log likelihood =  -2457.90213407
Edge derivatives =  [-36.37294795401319, 1.9655317419161888, -15.726987574413002, -14.473214888667112, -21.317538761631624, -17.760896863808497, -22.674472100452327, -21.569347780126687, -20.591996500625594, -19.07553091080691, -22.790713033407403, -20.813828685884786, -21.51024514968689, -21.525126309572396]
other derivatives: [ -40.22731446   20.02898327 -236.07535695    7.39232746  -58.65031198
    0.        ]
Current x array =  [-0.74372048 -0.85127518 -0.42834607  0.53933799 -1.31250829  0.33647224
 -0.09283285 -1.83906809 -2.73385943 -2.66515841 -2.84496213 -2.77068724
 -2.87112075 -2.85191508 -2.82474606 -2.80113095 -2.87567031 -2.83766862
 -2.84661091 -2.85258542]
log likelihood =  -2499.07065889
Edge derivatives =  [-145.42457010194357, -7.2629902625808755, -10.874007231177059, -11.742595371476401, -16.54744162921473, -13.697113968469242, -17.85201852017268, -16.718089838845827, -15.625580330568113, -14.660193400472117, -17.8165368579732, -16.287709803168866, -16.421403927476664, -16.936526944029602]
other derivatives: [  57.79088497    5.29580575  324.01057979    2.74358172  -48.3572876     0.        ]
Current x array =  [-0.86914203 -0.84053244 -1.04183559  0.62667405 -1.92777944  0.33647224
  0.6083475  -1.66235241 -2.96714856 -2.86997624 -3.13616456 -3.01740551
 -3.17775861 -3.14590266 -3.1047246  -3.0647362  -3.18375939 -3.12311727
 -3.13796467 -3.14688773]
log likelihood =  -2419.53699173
Edge derivatives =  [-76.57153340416846, -2.718393625276667, -12.992320852046769, -12.46253216952743, -18.659986123105945, -15.363974600912616, -20.023769607825834, -18.86590399695331, -17.76459007503412, -16.562947188306893, -20.05927284446885, -18.26548555003958, -18.690641973046358, -18.96008847662438]
other derivatives: [ -9.13973963  15.14563337  58.24222171   6.10648385 -44.92335393   0.        ]
Current x array =  [-0.79049209 -0.84726905 -0.65712568  0.57190694 -1.54195229  0.33647224
  0.168648   -1.77316812 -2.82085651 -2.74153811 -2.95355596 -2.86269224
 -2.98547068 -2.96154754 -2.92915433 -2.89943337 -2.99056143 -2.94411677
 -2.95526117 -2.96233524]
log likelihood =  -2406.06916987
Edge derivatives =  [-66.42479589879721, -1.9008942120574872, -12.094642268201355, -11.589793142703623, -17.689851465403848, -14.442954276439696, -19.026791485753943, -17.88914637535487, -16.796705842737627, -15.625043238372381, -19.06263643629317, -17.29424156290686, -17.711310363601196, -17.97897420957704]
other derivatives: [  7.27941369   8.09950507  50.10342647   3.58977559 -36.53067324   0.        ]
Current x array =  [-0.80788344 -0.83311109 -0.64561269  0.5830457  -1.63214072  0.33647224
  0.15496357 -1.7613626  -2.85217651 -2.77009471 -2.99474765 -2.89713221
 -3.02919729 -3.00313937 -2.96857387 -2.93637246 -3.03442236 -2.98445166
 -2.99646201 -3.00404918]
log likelihood =  -2347.22547324
Edge derivatives =  [-1.4497108196962234, 4.372864206049449, -3.623264493553075, -3.6709717603805707, -8.894442427036898, -5.869584136841691, -10.10141965812505, -9.041227292963276, -8.117729137656747, -6.9343599105652, -10.144682760325232, -8.323963717698987, -8.96467817983751, -8.946717558905773]
other derivatives: [-153.12793948  -11.57427505  -28.42448339   -6.5106633    40.00771696
    0.        ]
Current x array =  [-0.62454475 -0.80961123 -0.55064773  0.66692665 -2.63179398  0.33647224
  0.11026679 -1.59596936 -3.24815947 -3.13099491 -3.52290012 -3.33546814
 -3.59103935 -3.53647735 -3.47276934 -3.40791325 -3.59797773 -3.50104204
 -3.52443545 -3.53902642]
log likelihood =  -2339.42219553
Edge derivatives =  [10.996997536714012, 5.14022740671219, -1.4409950042021145, -1.030646009186697, -6.542678183997292, -3.4457624376427822, -7.745064401216681, -6.591200015981027, -5.5433420865629905, -4.516843789591046, -7.7685032733579495, -6.079531674491613, -6.41358911606557, -6.6932112692592005]
other derivatives: [ 115.86939763   28.1654593   -47.49535947  -15.44053703   50.16968316
    0.        ]
Current x array =  [-0.93525481 -0.89481068 -0.52426767  0.65780743 -2.77036942  0.33647224
  0.16293722 -1.51903186 -3.3866717  -3.25801202 -3.72331557 -3.49596723
 -3.80666057 -3.7390979  -3.66242396 -3.58302619 -3.81431952 -3.69573109
 -3.72490307 -3.74191905]
log likelihood =  -2326.61717028
Edge derivatives =  [2.098072077720232, 4.100539483918066, -2.3288694885924976, -2.014077132481743, -7.352767862482391, -4.344456926048466, -8.538228268930391, -7.422339543333534, -6.412911881030145, -5.386207167389749, -8.562394323019474, -6.8793797114057185, -7.2645821103765185, -7.483980005990931]
other derivatives: [ 49.45941328  13.82800292  -9.92777132 -12.1240646   40.89893082   0.        ]
Current x array =  [-0.83361662 -0.85617686 -0.56603496  0.63140928 -2.61751654  0.33647224
  0.13105347 -1.54578974 -3.33333931 -3.20977426 -3.65328173 -3.43673415
 -3.73254794 -3.66823834 -3.59516378 -3.5196631  -3.73987421 -3.62703064
 -3.65466503 -3.67098277]
log likelihood =  -2318.11049263
Edge derivatives =  [-4.898222927523969, 3.103819970343016, -2.487197500275668, -2.1685465326819773, -7.314163900952258, -4.399064895276126, -8.472263792426311, -7.3852318032591615, -6.429259601184865, -5.402409175953119, -8.496468214827727, -6.819686655478387, -7.256491484450355, -7.407149481116402]
other derivatives: [-12.42146936  -0.18030732   4.74442459  -6.60120349  32.379603     0.        ]
Current x array =  [-0.7589509  -0.82029466 -0.58906561  0.58138006 -2.4771254   0.33647224
  0.08725979 -1.54340145 -3.33639168 -3.21347894 -3.66873326 -3.44393546
 -3.75119414 -3.68368456 -3.60807106 -3.52954799 -3.75840732 -3.64099058
 -3.66969266 -3.68659518]
log likelihood =  -2306.26076105
Edge derivatives =  [-9.22890438020804, 1.9001245110109088, -1.9569591158723738, -1.4259213207295187, -6.371758644294694, -3.5770524440608833, -7.4886369612990835, -6.416353582770906, -5.516936369466828, -4.521502804893271, -7.509293215613812, -5.863949507785094, -6.312797983483967, -6.423092231916019]
other derivatives: [-54.58782653 -11.42984729  16.18782335   1.65223355  21.41132427   0.        ]
Current x array =  [ -7.17503336e-01  -7.86835377e-01  -6.15736798e-01   4.88621475e-01
  -2.27322339e+00   3.36472237e-01  -1.38719275e-03  -1.51090276e+00
  -3.39730879e+00  -3.27077048e+00  -3.77904135e+00  -3.52185697e+00
  -3.87397054e+00  -3.79483189e+00  -3.70896703e+00  -3.61864002e+00
  -3.88124883e+00  -3.74604452e+00  -3.77916027e+00  -3.79821020e+00]
log likelihood =  -2287.17863179
Edge derivatives =  [-6.136918402011964, -0.01947579304087793, -0.15091515221016666, 1.0372117832123195, -3.8992638603862417, -1.1716402215580823, -5.004867607304518, -3.8808030160691436, -3.000985296017107, -2.0585440076030834, -5.018044820955138, -3.3809352901927543, -3.789391320051485, -3.9201291537423493]
other derivatives: [-53.31780812 -18.30339897  22.96605999  15.62293619   1.66210157   0.        ]
Current x array =  [-0.7223086  -0.74892577 -0.65271465  0.31613929 -1.89647058  0.33647224
 -0.18886426 -1.40793154 -3.58698837 -3.44516633 -4.10767844 -3.75923953
 -4.23774632 -4.12611953 -4.0111465  -3.88776588 -4.24551014 -4.06015361
 -4.10573773 -4.1307983 ]
log likelihood =  -2276.07830268
Edge derivatives =  [-0.8706806656732027, -1.8291786069370686, 1.1217412597044163, 2.6272169416104414, -1.9167564714982759, 0.6624853796199274, -3.001991940417054, -1.863445384152641, -0.9651143277974712, -0.1306327094961207, -3.01973878035133, -1.4173636889184362, -1.7408807258766479, -1.9456034566891311]
other derivatives: [-32.85581442  20.83220352  18.16329132   2.56964086  -6.93889888   0.        ]
Current x array =  [-0.7335777  -0.83602948 -0.65025619  0.58558291 -1.68138805  0.33647224
 -0.26499396 -1.31303406 -3.74213444 -3.55178981 -4.46192698 -3.97330421
 -4.64714475 -4.4817689  -4.32146537 -4.1491344  -4.65570707 -4.39088346
 -4.4549522  -4.48951571]
log likelihood =  -2275.32046024
Edge derivatives =  [-6.8138963933965835, -4.106660122295618, 2.177009665708091, 3.618612034591506, -0.747795045260604, 1.8701800798859096, -1.8871193733491718, -0.6963483749679186, 0.24408308703073364, 1.0839914264561767, -1.9111980238737054, -0.2144322410016532, -0.5730469261867561, -0.7693783564328623]
other derivatives: [ 27.40530363 -44.52213034   0.82154656  -7.31624823  -4.33874447   0.        ]
Current x array =  [-0.80322992 -0.6840411  -0.61752201  0.73410864 -1.69273403  0.33647224
 -0.2142549  -1.23917616 -3.87288364 -3.6382411  -4.74730231 -4.14698505
 -4.97673313 -4.76829488 -4.57120783 -4.36036761 -4.98619531 -4.65755124
 -4.73605422 -4.77866697]
log likelihood =  -2272.48573438
Edge derivatives =  [-0.5708295193864064, -2.767827240031291, 2.039587847134432, 3.508720055188004, -0.9296651465912944, 1.6981138861755518, -2.0565821257520702, -0.871400796437359, 0.06377112990883287, 0.9050211487340205, -2.0783132230603294, -0.40298747171685023, -0.7442069244460222, -0.9534450539204242]
other derivatives: [ 0.41259227 -1.75682544  3.56899363 -5.01704562 -2.38501343  0.        ]
Current x array =  [-0.767803   -0.77642023 -0.62363928  0.69653302 -1.72375631  0.33647224
 -0.24460161 -1.2588943  -3.84841282 -3.6216693  -4.69281185 -4.11364367
 -4.91395576 -4.71357784 -4.52339808 -4.31986106 -4.92326848 -4.60655554
 -4.68236468 -4.72344976]
log likelihood =  -2272.24640807
Edge derivatives =  [0.5802418086729754, -2.56312929624939, 2.1188316326372787, 3.5795862661199607, -0.8534575127660943, 1.7818119437528848, -1.9841576196130868, -0.7937515891229907, 0.14111018268247275, 0.987537759483154, -2.00571157413019, -0.3224721521380117, -0.668375832923454, -0.8747470479619197]
other derivatives: [-2.40138434 -1.09857865  0.57257239 -3.61196726 -1.49811967  0.        ]
Current x array =  [-0.76488938 -0.77796198 -0.62006076  0.67177969 -1.73903537  0.33647224
 -0.24998905 -1.25925771 -3.85666812 -3.6263093  -4.71181241 -4.12418565
 -4.9364273  -4.73263951 -4.53954344 -4.33314695 -4.94583134 -4.62404641
 -4.70097397 -4.74271039]
log likelihood =  -2271.73617623
Edge derivatives =  [2.1703904395313964, -2.1061286576029716, 2.343500778100169, 3.7307765625586633, -0.5283338524457242, 2.079724751032415, -1.6638415298210567, -0.4605287352420215, 0.48303598437440926, 1.3064696196722374, -1.684302416687845, 0.0003099845849376861, -0.3264164968791509, -0.5535812404504301]
other derivatives: [ 0.31686795  1.35892151  4.3133241  -0.1510216   2.00152499  0.        ]
Current x array =  [-0.76845896 -0.78382772 -0.62624355  0.60024774 -1.79760891  0.33647224
 -0.24988858 -1.26445506 -3.88450817 -3.63191149 -4.80101271 -4.16452927
 -5.04578852 -4.82186554 -4.61194003 -4.38917253 -5.0556755  -4.7043495
 -4.787714   -4.83317452]
log likelihood =  -2272.41640298
Edge derivatives =  [0.4450283397344834, -1.0336774250085543, 2.0851011566483257, 3.192229704817487, -0.19077981365896782, 2.165465316468567, -1.2761804347851191, -0.11025929182160848, 0.7426706775019627, 1.5242479763732077, -1.3011055214999085, 0.34902756177579247, -0.00026256674946707314, -0.177123997498464]
other derivatives: [ -6.04636625   0.81236067 -48.21686161   4.51900632  -1.2998953    0.        ]
Current x array =  [-0.76601679 -0.78305079 -0.55941019  0.55260512 -1.78379488  0.33647224
 -0.23065684 -1.30978578 -3.86577717 -3.56333999 -4.90491366 -4.16565051
 -5.19306174 -4.92442725 -4.6785059  -4.42213184 -5.2037684  -4.78853243
 -4.88513577 -4.93882974]
log likelihood =  -2271.49813683
Edge derivatives =  [1.6735503799178661, -1.716492494219641, 2.2590034052087247, 3.557415077451202, -0.4079528464650404, 2.1102386224103076, -1.5247305265423952, -0.3361981891679854, 0.576193991041262, 1.3823998709874765, -1.5466877235596643, 0.12285415684794772, -0.21006783454256311, -0.42062221741810696]
other derivatives: [ -1.83531483   1.18961907 -12.21419552   1.43577381   0.90312824   0.        ]
Current x array =  [-0.7676303  -0.7835641  -0.60356614  0.58408199 -1.79292163  0.33647224
 -0.243363   -1.27983636 -3.87815251 -3.6086443  -4.83626763 -4.16490972
 -5.09576021 -4.85666604 -4.63452668 -4.40035604 -5.10592532 -4.73291384
 -4.82077045 -4.86902469]
log likelihood =  -2271.18906
Edge derivatives =  [0.6563427451106709, -1.5209199479810707, 2.127812921305248, 3.3277946099333167, -0.32059653505970637, 2.093507137420616, -1.4166837395304097, -0.2437270848995851, 0.6525326775070013, 1.4158809870507847, -1.4391746606790352, 0.19944702778216986, -0.11320082305425673, -0.3325803204997418]
other derivatives: [  0.68635018   1.68588485 -10.20162017   1.88110789   0.66520442   0.        ]
Current x array =  [-0.77084803 -0.78477204 -0.60628167  0.57635117 -1.79281978  0.33647224
 -0.23533223 -1.29581841 -3.86859655 -3.58289025 -4.86521363 -4.16116025
 -5.13857493 -4.88511298 -4.65149685 -4.40665905 -5.14900194 -4.75551225
 -4.84760043 -4.89846655]
log likelihood =  -2269.83633215
Edge derivatives =  [-3.420309811690577, 0.1042037255630563, 0.8301014883332949, 1.0337152401685807, 0.016294252657682938, 1.628282403005344, -0.9206120319188837, 0.13679971525011145, 0.8965726534016336, 1.3474678380055296, -0.949275675517187, 0.47929320940635683, 0.2877511309411417, 0.03197090645470001]
other derivatives: [ 6.1749688   1.86664693 -0.30522642  2.16850822 -1.07515916  0.        ]
Current x array =  [-0.77806533 -0.78518473 -0.62027869  0.57461938 -1.77203982  0.33647224
 -0.20322343 -1.41970343 -3.76370855 -3.37242062 -4.99976455 -4.08553633
 -5.3636919  -5.01541402 -4.70701336 -4.39431084 -5.37579151 -4.84820097
 -4.9673239  -5.03558215]
log likelihood =  -2269.48302501
Edge derivatives =  [-0.019146249578052554, 1.2640310139835853, 0.06517170975461434, -0.41352178269661033, 0.09801314654378417, 1.2318993215141842, -0.741411286313393, 0.24772161026091438, 0.9085958772038044, 1.1889077906213847, -0.7742389264092059, 0.5410248529068733, 0.4006892473628462, 0.14449189435002532]
other derivatives: [-0.44415174 -1.49493644  1.56064743  0.55460987 -0.03806235  0.        ]
Current x array =  [-0.76906029 -0.77624564 -0.62426113  0.59939656 -1.76550705  0.33647224
 -0.22320653 -1.47459932 -3.70257102 -3.26507192 -5.04724846 -4.02696052
 -5.45975348 -5.05958774 -4.71129627 -4.365181   -5.47286606 -4.87275076
 -5.00542312 -5.08378248]
log likelihood =  -2269.50502786
Edge derivatives =  [2.1420897814382425, 1.9692076535913694, -0.6157262981779267, -1.4697113805294666, -0.07676294030974919, 0.6278962393866122, -0.8070196151459824, 0.08612818349805992, 0.6342251914492267, 0.7666184533339123, -0.8411085757450973, 0.3159370056181071, 0.2402330927276734, -0.019011965551182078]
other derivatives: [ 12.64388629   2.12139639  -0.92991286  -0.30677256   0.48662514   0.        ]
Current x array =  [-0.78441428 -0.78535285 -0.61962461  0.60544743 -1.76579669  0.33647224
 -0.22873018 -1.50609648 -3.63803275 -3.19446635 -4.99101032 -3.94307722
 -5.42052058 -5.00030098 -4.63840657 -4.28509432 -5.43411473 -4.80753992
 -4.9436259  -5.02647596]
log likelihood =  -2269.42280707
Edge derivatives =  [0.9814867970630516, 1.5933227521381346, -0.24422054833569515, -0.8917886766424423, 0.018684057717961056, 0.9594438256105172, -0.7713630373562106, 0.17433516592546167, 0.784515540250349, 0.9982810792002822, -0.8047650824593621, 0.4388245846632478, 0.32801199125972774, 0.07007135142496855]
other derivatives: [ 5.66815288  0.1880835   0.41491148  0.15725163  0.20754669  0.        ]
Current x array =  [-0.77614481 -0.78044782 -0.62212178  0.6021885  -1.7656407   0.33647224
 -0.22575521 -1.48913249 -3.67279227 -3.23249365 -5.0212995  -3.98825574
 -5.44165094 -5.03223211 -4.67766407 -4.32822802 -5.45498572 -4.84266168
 -4.97690913 -5.05734055]
log likelihood =  -2269.35954663
Edge derivatives =  [0.9862325194339328, 1.5344761171069339, -0.34574853991175014, -1.0021465464710486, -0.042399940318134696, 0.7964055535718769, -0.805382434707582, 0.11097050164059398, 0.6828295269283174, 0.8703628725306867, -0.8386687240873566, 0.3619849249483644, 0.2594919449410851, 0.010985396194737944]
other derivatives: [ 1.25660335  0.02282832 -0.08471943 -0.30313458  0.0680302   0.        ]
Current x array =  [-0.77080387 -0.78038988 -0.62133266  0.61199521 -1.76328683  0.33647224
 -0.22691237 -1.48514404 -3.66201129 -3.22742381 -5.00046056 -3.96722424
 -5.42344979 -5.01029908 -4.65381192 -4.30504126 -5.43693313 -4.82013256
 -4.95434281 -5.03592953]
log likelihood =  -2269.30747197
Edge derivatives =  [0.5955554335980646, 1.321138923284832, -0.3831013763721577, -0.9861373775299538, -0.1044727342933567, 0.6281781058027118, -0.8385521529691387, 0.0442064105605649, 0.5700809810355539, 0.7322439076877856, -0.8709105960435601, 0.2771059338817576, 0.18695405248100108, -0.05289304857533064]
other derivatives: [-2.19552021 -0.08521965 -0.53760232 -0.51895768  0.09381438  0.        ]
Current x array =  [-0.76679119 -0.7806668  -0.62032269  0.61685659 -1.76652048  0.33647224
 -0.22486972 -1.47277461 -3.65554813 -3.23097591 -4.97878542 -3.94545867
 -5.40596223 -4.98701238 -4.62754725 -4.27980182 -5.41970769 -4.79585334
 -4.92999971 -5.01344322]
log likelihood =  -2269.24043423
Edge derivatives =  [0.011034960885011658, 1.0009658185421109, -0.40526202733159045, -0.9542719902099578, -0.14410578303511726, 0.42023218082451574, -0.8373156391030637, 0.0010121016106258533, 0.4592247157661537, 0.5762123215958471, -0.8680212959793009, 0.20338934629663902, 0.13776441891168048, -0.0958395533322566]
other derivatives: [-4.65097401 -0.43373802 -0.80285645 -0.49135451  0.35715857  0.        ]
Current x array =  [-0.76408299 -0.78048228 -0.6193863   0.61641993 -1.77535425  0.33647224
 -0.22089777 -1.45420748 -3.64997038 -3.23546912 -4.96624342 -3.91806533
 -5.40687261 -4.97164338 -4.60200519 -4.25108125 -5.42119838 -4.77611448
 -4.91205471 -4.9998705 ]
log likelihood =  -2269.10742784
Edge derivatives =  [-0.7366004445021412, 0.3129298692047829, -0.3892620537943081, -0.8283609058094574, -0.15036741889000235, 0.04484259212051547, -0.7626080460906397, -0.007923369876187527, 0.3066339869564788, 0.3170708845403709, -0.7895663519599219, 0.12485579339126035, 0.11966260809478738, -0.110002595043185]
other derivatives: [-6.46632543 -0.79476195 -1.01326805 -0.35943231  0.9309133   0.        ]
Current x array =  [-0.76217398 -0.78059155 -0.6181058   0.61274989 -1.79160668  0.33647224
 -0.21615811 -1.41279052 -3.64582758 -3.24722057 -4.96832676 -3.86880521
 -5.4481601  -4.96692833 -4.56758581 -4.20363506 -5.46400762 -4.75807976
 -4.90030978 -4.99996379]
log likelihood =  -2268.92874366
Edge derivatives =  [-0.6000380032991277, -0.7776219712808241, -0.2602978840770649, -0.45208867551362897, -0.07098811879055117, -0.39942001546368183, -0.5781254876425216, 0.07095973060086855, 0.17399338412653442, 0.019712287487223874, -0.5993934042864804, 0.09660749195450426, 0.18829537480799102, -0.04526892016229892]
other derivatives: [-5.34337232 -0.28812792 -1.13277565 -1.07015694  0.40454324  0.        ]
Current x array =  [-0.76314566 -0.78194608 -0.61744552  0.6253569  -1.78276427  0.33647224
 -0.22485241 -1.34915708 -3.65382213 -3.2766753  -5.00588845 -3.81250916
 -5.55926949 -4.99233728 -4.5395533  -4.15105645 -5.57783968 -4.75931401
 -4.91261552 -5.03457667]
log likelihood =  -2269.02489996
Edge derivatives =  [-3.1016116964409797, -0.9631658770754226, -0.37144077591496377, -0.5474529104822032, 0.07765823953730254, -1.02473607336283, -0.2865040030479998, 0.21908940325585283, 0.013417696711272615, -0.4358651539038177, -0.3009755857328497, 0.08155203699259184, 0.3214691694297689, 0.08118299861959562]
other derivatives: [-4.68776307  2.78696461  3.51660674  4.56161615 -0.90512913  0.        ]
Current x array =  [-0.76664267 -0.78966189 -0.6255765   0.53023647 -1.78917801  0.33647224
 -0.21425648 -1.35124523 -3.64062147 -3.27026054 -5.07492595 -3.73511361
 -5.76139412 -5.0390375  -4.49996468 -4.07392898 -5.78459157 -4.76739447
 -4.93552805 -5.09961669]
log likelihood =  -2268.86401029
Edge derivatives =  [-1.5829384570966902, -0.854223095707386, -0.3032496635236259, -0.4893259025502294, -0.011591721429591908, -0.6354259376560822, -0.45824274892033356, 0.12917312395837105, 0.11305097723470246, -0.15221464655465103, -0.4765131897341533, 0.09060052811417055, 0.2401570012177037, 0.004873637394034364]
other derivatives: [-5.09030542  0.91185939  0.67707333  1.12099769 -0.09249561  0.        ]
Current x array =  [-0.76449714 -0.78492798 -0.62058786  0.58859614 -1.78524296  0.33647224
 -0.22075745 -1.34996408 -3.64872053 -3.27419622 -5.03256906 -3.78259846
 -5.63738368 -5.0103853  -4.52425367 -4.12124934 -5.65774214 -4.76243683
 -4.92147042 -5.05971239]
log likelihood =  -2268.83300798
Edge derivatives =  [-0.2865170814600995, -0.8686257528032917, -0.15549716611241016, -0.2003210391063665, 0.09844495968011786, -0.678941763719996, -0.31412505666271895, 0.23002051945506552, 0.11634975094401759, -0.2152482381528306, -0.33017237710367225, 0.14393871189549745, 0.33123010754520843, 0.10222852558635269]
other derivatives: [ 1.56246642 -6.36136974 -2.64085429  0.93050403 -0.0982709   0.        ]
Current x array =  [-0.77234571 -0.76610827 -0.61649461  0.58927745 -1.77556063  0.33647224
 -0.23255979 -1.34376723 -3.66298547 -3.29554144 -5.07874923 -3.77605859
 -5.74177271 -5.04628886 -4.52561823 -4.11006823 -5.76417961 -4.78314462
 -4.94657798 -5.10428524]
log likelihood =  -2268.77229775
Edge derivatives =  [0.12233330486106941, -0.7498772515982937, -0.1285691715184628, -0.16567701854732766, 0.10733292355397783, -0.5510430956440259, -0.32298112259324063, 0.24252255413493687, 0.17425052192106888, -0.12422294760782962, -0.3391121034628473, 0.17111219795326432, 0.34983133920431086, 0.1112438332465793]
other derivatives: [ 0.62132131 -1.41808414  0.35729499  0.64169399 -0.29749572  0.        ]
Current x array =  [-0.7706945  -0.77782395 -0.62101003  0.59475777 -1.76944411  0.33647224
 -0.2359057  -1.34905157 -3.66705826 -3.29637283 -5.08164307 -3.79038075
 -5.7351722  -5.05093494 -4.53718784 -4.12443544 -5.75721653 -4.79084114
 -4.9529512  -5.1076865 ]
log likelihood =  -2268.75963694
Edge derivatives =  [0.5103094982196188, -0.5540971326908113, -0.10622647038074406, -0.13595559526454426, 0.12691251830466388, -0.47522489235583215, -0.30651839082329096, 0.2609185646980662, 0.20306285650597714, -0.08371317791719249, -0.32249292783532685, 0.19204885360639176, 0.36791344246149116, 0.12964177342943994]
other derivatives: [ 0.6776645  -0.03515197 -0.08139978  0.62063918 -0.36316123  0.        ]
Current x array =  [-0.77064715 -0.78102201 -0.6206523   0.59566647 -1.76660283  0.33647224
 -0.23790362 -1.35757959 -3.66994707 -3.29742081 -5.08912299 -3.79852025
 -5.74743736 -5.05743676 -4.54273173 -4.13059371 -5.76962421 -4.79705711
 -4.95847681 -5.11522806]
log likelihood =  -2268.7412955
Edge derivatives =  [0.8996097163133254, -0.25045723340374537, -0.07479263570691637, -0.07710103801946155, 0.15362069807112233, -0.3952259174429096, -0.26911242438176436, 0.2797324505877868, 0.21340046214930178, -0.07247575851749266, -0.2842514043151569, 0.20110424749220407, 0.3826091562352559, 0.14930929129358075]
other derivatives: [ 1.5407295   0.78762241  1.6012109   0.29399416 -0.27857823  0.        ]
Current x array =  [-0.77131658 -0.78274736 -0.6233103   0.60033199 -1.76357828  0.33647224
 -0.2394797  -1.37353722 -3.67392882 -3.30120648 -5.10005307 -3.80763786
 -5.77682405 -5.06434534 -4.54354724 -4.13278719 -5.79964259 -4.80183194
 -4.96161075 -5.12585587]
log likelihood =  -2268.71356753
Edge derivatives =  [1.0455239544046484, 0.19037475757478034, -0.02957898540258142, 0.013195738946897004, 0.18282988961472801, -0.322867516636854, -0.21109696066909536, 0.2921577998506366, 0.18576497125227082, -0.1071343979915394, -0.22481516459785134, 0.19151029373300288, 0.38176348129522203, 0.16801337248588902]
other derivatives: [ 1.37933966  1.840408   -0.343789    0.12805685 -0.16329977  0.        ]
Current x array =  [-0.77108351 -0.78537534 -0.62060535  0.60412238 -1.76470294  0.33647224
 -0.23646245 -1.3971491  -3.67760765 -3.30714918 -5.11139069 -3.81504802
 -5.82330721 -5.06785357 -4.53496784 -4.12705378 -5.84736814 -4.8011724
 -4.95789928 -5.13642833]
log likelihood =  -2268.68494603
Edge derivatives =  [0.4882848717059576, 0.4845408578990527, 0.005454379998307914, 0.10168194595346947, 0.19212489538598757, -0.30406165833009063, -0.1568299229469108, 0.27589141042238075, 0.10315966379980514, -0.2085472818133127, -0.16872794313707112, 0.14108909296787406, 0.34601743852145156, 0.16166072057428701]
other derivatives: [ 0.6778464   1.1364591   0.50354174 -0.25920599  0.11209522  0.        ]
Current x array =  [-0.77015431 -0.78385327 -0.62155386  0.6104784  -1.76938953  0.33647224
 -0.2290551  -1.41866496 -3.67949545 -3.31495964 -5.1147538  -3.81754026
 -5.8698855  -5.06120406 -4.51452452 -4.11211466 -5.89551885 -4.79018157
 -4.94225283 -5.13873081]
log likelihood =  -2268.66912893
Edge derivatives =  [-0.19846059152574447, 0.5400877317973429, -0.001152968099193137, 0.12819203792272446, 0.1604597314114547, -0.3339323729720586, -0.13717590223288534, 0.21769232513579598, -0.014989305469721367, -0.3313302522150034, -0.14745061524606276, 0.054671783614890404, 0.26587473952762053, 0.11764982350635728]
other derivatives: [ 2.10457074  0.60863385 -0.64414962 -0.39362931  0.28258     0.        ]
Current x array =  [-0.77201989 -0.78297345 -0.61929699  0.61225245 -1.77568944  0.33647224
 -0.22104998 -1.42549191 -3.67612096 -3.31810295 -5.10028589 -3.81448738
 -5.88739648 -5.03871553 -4.48657491 -4.09401909 -5.91424224 -4.76742476
 -4.91295959 -5.12370267]
log likelihood =  -2268.67695795
Edge derivatives =  [-0.8594920049787359, 0.39863902220156255, 0.025038316175267673, 0.20730387566979902, 0.14843740631775762, -0.35390555886498326, -0.09124927071714165, 0.17211584407456457, -0.14159751901981799, -0.4561783102238483, -0.09967448184830524, -0.022239210526175685, 0.18855528243382572, 0.09313210351012129]
other derivatives: [-5.82390385 -1.56542228 -1.21194716 -0.26934686 -0.18517312  0.        ]
Current x array =  [-0.76304612 -0.77788788 -0.61891032  0.61507522 -1.77146704  0.33647224
 -0.22019441 -1.42166687 -3.67722252 -3.32690183 -5.09497712 -3.81390237
 -5.93050962 -5.02240491 -4.45933158 -4.07719855 -5.95915099 -4.74908644
 -4.88684384 -5.11789548]
log likelihood =  -2268.66025016
Edge derivatives =  [-0.47676511152601936, 0.48052259663371766, 0.009883766014585137, 0.16168399882915532, 0.1554127641850585, -0.3423512281547789, -0.11756403901322914, 0.19858187429266536, -0.06794402455927831, -0.3837268978779774, -0.1270197683109577, 0.022369326536827067, 0.23354416781251108, 0.10730887205619295]
other derivatives: [-1.21631274 -0.30395313 -0.8835741  -0.34197001  0.08526513  0.        ]
Current x array =  [-0.76823361 -0.78082771 -0.61913384  0.61344345 -1.7739079   0.33647224
 -0.22068899 -1.42387802 -3.67658574 -3.32181544 -5.09804598 -3.81424055
 -5.90558709 -5.03183364 -4.4750802  -4.08692205 -5.93319047 -4.75968733
 -4.90194065 -5.12125246]
log likelihood =  -2268.65337202
Edge derivatives =  [-0.5336814458400351, 0.39713798979172554, -0.0033013012373153995, 0.14339963460277017, 0.13801620325708794, -0.3364589224738422, -0.12563257120871643, 0.17567851041162663, -0.08745572031220394, -0.3891038600253256, -0.13478434960488866, 0.0009311382253027623, 0.20642965844069344, 0.0887270724646112]
other derivatives: [-0.84064595 -0.63409971 -0.42791726 -0.30290721  0.02264642  0.        ]
Current x array =  [-0.76870424 -0.78000121 -0.61975552  0.61247078 -1.77308027  0.33647224
 -0.22123432 -1.4194118  -3.67521542 -3.32074855 -5.09036381 -3.81558308
 -5.89875366 -5.02364412 -4.47053808 -4.08672226 -5.9264058  -4.75375207
 -4.89351853 -5.1138636 ]
log likelihood =  -2268.63453259
Edge derivatives =  [-0.3077432723172254, 0.1931735433217072, -0.031209747669576158, 0.10101116455739217, 0.0865986343494451, -0.24640488258318533, -0.13975746766194086, 0.099854236723895, -0.1413827436293615, -0.37163821595160984, -0.1475149680435525, -0.06596641978993854, 0.1113238912827192, 0.032078027402872425]
other derivatives: [-0.03501555 -0.91240508  0.35684025 -0.09563337 -0.26834641  0.        ]
Current x array =  [-0.76971933 -0.77910562 -0.62106982  0.60855594 -1.76773453  0.33647224
 -0.22614012 -1.40643824 -3.67268078 -3.31774751 -5.06704122 -3.82824557
 -5.88747662 -4.99669007 -4.45669786 -4.09155458 -5.91560679 -4.73561302
 -4.86405139 -5.09191983]
log likelihood =  -2268.6209126
Edge derivatives =  [-0.019385976811794214, 0.12292630778311894, -0.01681070610002576, 0.10898126944079155, 0.07328675656597745, -0.12463358724488575, -0.1183587180629933, 0.06317654594705716, -0.1627941169341151, -0.3282638770636634, -0.12471149242957953, -0.0976437121884033, 0.0554784796702214, 0.012653113171824201]
other derivatives: [ 0.20245352 -0.46793502  0.74001036  0.09513315 -0.35324774  0.        ]
Current x array =  [-0.77000379 -0.78003253 -0.62183905  0.60506772 -1.76561414  0.33647224
 -0.22956716 -1.40060683 -3.67437021 -3.31765213 -5.05959983 -3.84371141
 -5.90716249 -4.98338023 -4.44905437 -4.09946866 -5.93626906 -4.72805145
 -4.84574711 -5.08587973]
log likelihood =  -2268.60521292
Edge derivatives =  [0.3119686121333062, 0.02127977571319492, 0.02785041036616694, 0.1259250054167813, 0.07410347714878115, 0.08060931134635257, -0.07422519597833788, 0.03415272338851032, -0.14800728430881502, -0.20601688883139874, -0.07887149492494719, -0.1074320930370907, 0.0012501875522846657, 0.00872584831512481]
other derivatives: [ 0.24092515  0.23555913  0.36247911  0.098089   -0.29062903  0.        ]
Current x array =  [-0.76996393 -0.78168629 -0.62139572  0.60487693 -1.7656691   0.33647224
 -0.23241249 -1.39209648 -3.6795698  -3.31715698 -5.05678629 -3.86959812
 -5.94810321 -4.97247965 -4.44727271 -4.1196879  -5.97874898 -4.7265697
 -4.82771879 -5.08608363]
log likelihood =  -2268.5983926
Edge derivatives =  [0.11550898572898205, -0.007797059498865111, 0.058035954822243545, 0.11212741764474199, 0.09056401728690026, 0.20166712308819032, -0.042265333639148576, 0.04076280096907284, -0.09277208697263045, -0.0842854055944656, -0.0462794344834866, -0.07629507603685598, -0.00020715500599463588, 0.027532793869293755]
other derivatives: [ 0.28712748 -0.15661499  0.02082743  0.10741132 -0.19531399  0.        ]
Current x array =  [-0.77005195 -0.78075309 -0.62084409  0.60484073 -1.7679258   0.33647224
 -0.2305364  -1.39126386 -3.68377864 -3.31476642 -5.06159284 -3.88496618
 -5.97845857 -4.97429538 -4.45625474 -4.1391546  -6.0099649  -4.73531156
 -4.8266837  -5.09383629]
log likelihood =  -2268.61251357
Edge derivatives =  [-0.609738934226517, -0.08292597526565915, 0.042824728644802315, 0.01975627378694167, 0.07022590269853282, 0.21491947396139507, -0.026120879351648002, 0.01530552741153883, -0.06553728466049027, 0.0048511332727316486, -0.029304586209141184, -0.07045879436157716, -0.03106220641881694, 0.0166422846614959]
other derivatives: [-1.72203727  2.82834662  1.05515028  0.01323315  0.4242338   0.        ]
Current x array =  [-0.76758    -0.78903497 -0.62155478  0.60576941 -1.78302011  0.33647224
 -0.22132738 -1.38883752 -3.6819295  -3.30679762 -5.05266107 -3.88656458
 -5.9936224  -4.9645457  -4.45926947 -4.15289238 -6.02595313 -4.73654154
 -4.81616966 -5.08948496]
log likelihood =  -2268.59719226
Edge derivatives =  [-0.043262161122112786, -0.024318477951774775, 0.05473447292977216, 0.09204112669961619, 0.08614128686053879, 0.20457914533073163, -0.03871729391833958, 0.03523113490422241, -0.08681194877760724, -0.06469326650751317, -0.0425461228634722, -0.0750128472806543, -0.0069123445058345175, 0.0251619299565794]
other derivatives: [-0.15006663  0.49994924  0.24624569  0.08635652 -0.05966285  0.        ]
Current x array =  [-0.76951221 -0.7825614  -0.62099927  0.60504351 -1.77122157  0.33647224
 -0.22852565 -1.39073408 -3.68337489 -3.31302647 -5.05964263 -3.88531518
 -5.98176952 -4.97216658 -4.45691299 -4.14215418 -6.01345586 -4.73558012
 -4.82438801 -5.0928862 ]
log likelihood =  -2268.59590779
Edge derivatives =  [-0.11310892728567246, -0.01881528765398323, 0.05411556988653287, 0.07228213324994806, 0.09004114838857821, 0.2039932649977835, -0.03458768978981752, 0.04231005546696598, -0.06410906431912636, -0.03284494549450408, -0.03846884961741982, -0.05812096962624125, 0.002565379011816675, 0.03292521404798201]
other derivatives: [-0.19404069  0.17239472 -0.12128112  0.05325091  0.04847607  0.        ]
Current x array =  [-0.76947452 -0.78181758 -0.62038738  0.60551373 -1.77328013  0.33647224
 -0.22735826 -1.39114328 -3.68364035 -3.31129635 -5.06119209 -3.88514593
 -5.98558258 -4.97453408 -4.46167517 -4.14694975 -6.01732955 -4.7398858
 -4.82737627 -5.09550953]
log likelihood =  -2268.59500382
Edge derivatives =  [-0.13359944594206608, -0.005713595802606677, 0.048420840006672815, 0.05520283600045629, 0.09074890015584132, 0.18087258878593404, -0.03055859659937363, 0.046301568889862234, -0.05239014903638721, -0.019770779983733285, -0.034444983317154246, -0.04783487977406849, 0.009022476026454338, 0.03710572217977185]
other derivatives: [-0.16443664 -0.10609256  0.06848495 -0.02542038  0.15970727  0.        ]
Current x array =  [-0.76946872 -0.78116612 -0.62058756  0.60646636 -1.77477382  0.33647224
 -0.2267379  -1.39201837 -3.68333422 -3.31006027 -5.06188715 -3.8822444
 -5.98945886 -4.97594524 -4.46437228 -4.14881075 -6.02130477 -4.7427583
 -4.82931131 -5.09720882]
log likelihood =  -2268.59358174
Edge derivatives =  [-0.099380752017461, -0.005223125331942913, 0.02731045347975634, 0.01417593850034414, 0.08183890101531904, 0.1178813495995969, -0.02781946654120469, 0.04364344589227895, -0.04046929738486044, -0.003372292884788972, -0.03162281770217299, -0.03656594206668737, 0.01028718323866644, 0.03645928967957816]
other derivatives: [-0.16971171 -0.28562681 -0.47612048 -0.10318217  0.25179361  0.        ]
Current x array =  [-0.76945888 -0.7808041  -0.61970994  0.60765097 -1.77626479  0.33647224
 -0.22637118 -1.39144768 -3.6815061  -3.30704535 -5.05912017 -3.87434059
 -5.99197189 -4.97495751 -4.46744449 -4.15085014 -6.02398696 -4.74561157
 -4.82976673 -5.09666301]
log likelihood =  -2268.59183366
Edge derivatives =  [-0.04950780777053687, -0.01592484376677701, 0.004505365600875968, -0.024679139110843046, 0.07070340268995706, 0.05139805405993553, -0.019664066121515465, 0.03668424860756927, -0.03215873486338604, 0.012800946502975084, -0.023141600219912795, -0.028851744577463253, 0.005764998992525367, 0.03342542561699745]
other derivatives: [-0.0941327  -0.38771759 -0.10481926 -0.17503226  0.26179805  0.        ]
Current x array =  [-0.76950112 -0.78054587 -0.62022612  0.60859083 -1.77582192  0.33647224
 -0.226957   -1.39077419 -3.67980956 -3.30433539 -5.05565489 -3.86635593
 -6.00012919 -4.9725841  -4.46954714 -4.15310446 -6.03253875 -4.74812031
 -4.82819936 -5.0959935 ]
log likelihood =  -2268.59022644
Edge derivatives =  [-0.02351264172497336, -0.04135245719412739, -0.021649720800443816, -0.06245359745480447, 0.05244828668317519, -0.020160406108001686, -0.008651796869169684, 0.020641927438967554, -0.029542415281527408, 0.029201378168559364, -0.01152060577721646, -0.026582420980333095, -0.009558827549224014, 0.024426897328164606]
other derivatives: [ 0.35101948 -0.10627446 -0.07521521 -0.13797035  0.10459189  0.        ]
Current x array =  [-0.77005405 -0.78119417 -0.62030762  0.60813145 -1.77333428  0.33647224
 -0.22787863 -1.38939413 -3.67774269 -3.3015816  -5.04921387 -3.85784005
 -6.01125411 -4.96690824 -4.47012625 -4.15533677 -6.04427528 -4.74925047
 -4.82306966 -5.09321049]
log likelihood =  -2268.59206097
Edge derivatives =  [-0.018702731604622658, -0.07792777215731748, -0.03897715152185246, -0.08517064844082681, 0.035300539103713245, -0.05801255000527723, -0.000981300755462368, 0.0014807332927997841, -0.036216720093905044, 0.03688522480779473, -0.003317076621286147, -0.030860186130551432, -0.03154759767800181, 0.013771679682980011]
other derivatives: [ -1.73126864e+00  -3.61978891e-01  -1.54614099e-03   4.41104930e-02
  -1.64436642e-01   0.00000000e+00]
Current x array =  [-0.76771567 -0.78049619 -0.6207255   0.60653934 -1.76936791  0.33647224
 -0.22995271 -1.3878012  -3.67655404 -3.30042783 -5.04276503 -3.85392414
 -6.0194852  -4.96055263 -4.46906126 -4.15680147 -6.05303021 -4.74844641
 -4.81678022 -5.08950523]
log likelihood =  -2268.5900042
Edge derivatives =  [-0.022404382538019796, -0.05039474220611391, -0.025934265513533342, -0.06807102811789033, 0.04821744744165626, -0.029510538659510414, -0.0067483012030562384, 0.01591389746697748, -0.031192749074225434, 0.031103615125461788, -0.009484008639303348, -0.02764068091433501, -0.0149850853885867, 0.02179416153208283]
other derivatives: [-0.16284503 -0.16934791 -0.05702532 -0.09313226  0.0381533   0.        ]
Current x array =  [-0.7694755  -0.78102148 -0.62041101  0.60773753 -1.77235294  0.33647224
 -0.22839179 -1.38900001 -3.6774486  -3.30129613 -5.04761832 -3.85687119
 -6.01329062 -4.96533576 -4.46986275 -4.15569916 -6.0464414  -4.74905153
 -4.82151355 -5.09229374]
log likelihood =  -2268.58981748
Edge derivatives =  [-0.02165378378639493, -0.05387980034335567, -0.023688951038111455, -0.06191190849786528, 0.0468116679503344, -0.020692417904296583, -0.004602692096752729, 0.012640938152145467, -0.03348542059900992, 0.03185353974103883, -0.0072010146344208895, -0.030373153213298587, -0.019563734440418586, 0.019890217824605705]
other derivatives: [-0.01573426 -0.03046807  0.04824869 -0.04692993 -0.02623892  0.        ]
Current x array =  [-0.76966385 -0.78132616 -0.62060574  0.60704195 -1.7713731   0.33647224
 -0.22871257 -1.38892804 -3.67768716 -3.30169882 -5.04688495 -3.8580087
 -6.01552395 -4.96416761 -4.46912509 -4.15591238 -6.04878422 -4.74846352
 -4.81998008 -5.09178417]
log likelihood =  -2268.58971925
Edge derivatives =  [-0.0058252485746731475, -0.04385394955151574, -0.020448425488374125, -0.0547385514685564, 0.04693823936000637, -0.015413177555747153, -0.003773398444586917, 0.012536151555104902, -0.03311580975100194, 0.03130292901871867, -0.00632578358876852, -0.029994736795174816, -0.01958384024301648, 0.01994121076318114]
other derivatives: [ 0.00745786  0.03574314  0.02614797 -0.01718945 -0.04233698  0.        ]
Current x array =  [-0.76970025 -0.78147005 -0.62060414  0.60658321 -1.7711197   0.33647224
 -0.22885146 -1.38942268 -3.67795845 -3.30220156 -5.04680973 -3.85862141
 -6.0163627  -4.96409534 -4.46916488 -4.15580849 -6.04965984 -4.74858154
 -4.81992157 -5.09182907]
log likelihood =  -2268.58950181
Edge derivatives =  [0.01927970816299107, -0.013750099488993348, -0.01293676965456356, -0.03736570960535815, 0.04578959923411838, -0.010819236209299591, -0.001734036808324005, 0.012346671401285488, -0.02992562058384579, 0.029189118888086178, -0.004156325702085814, -0.026509450645384205, -0.018097627382958035, 0.019994441150690705]
other derivatives: [ 0.02587512  0.10663825  0.01168701  0.04383764 -0.04602043  0.        ]
Current x array =  [-0.76973912 -0.78161275 -0.62063498  0.60557485 -1.77105706  0.33647224
 -0.22892967 -1.39101346 -3.67853383 -3.30350787 -5.04610807 -3.85909145
 -6.01842303 -4.96395476 -4.46994694 -4.15533429 -6.0518328  -4.74952442
 -4.82029832 -5.09184057]
log likelihood =  -2268.58922995
Edge derivatives =  [0.007764993037774781, 0.013443234587457387, -0.004969394037463933, -0.016250751916721755, 0.039933535277051666, -0.013077850507467521, 0.0005436186396890002, 0.008842587055743137, -0.02600828592233581, 0.023464493781888484, -0.0016304042757243503, -0.021756942084479376, -0.018274217044139295, 0.017461825870726002]
other derivatives: [ 0.03560672  0.09672476  0.01114131  0.07921699 -0.03637979  0.        ]
Current x array =  [-0.76976488 -0.78157778 -0.62065313  0.60495678 -1.77131222  0.33647224
 -0.2286511  -1.39265802 -3.67902608 -3.3052481  -5.04349327 -3.85875924
 -6.02077697 -4.96269049 -4.47111179 -4.15421088 -6.05439272 -4.75076399
 -4.82026586 -5.09077561]
log likelihood =  -2268.58921414
Edge derivatives =  [0.25679612939783136, 0.07076765435244811, 0.00924508468079573, 0.01988221646066072, 0.021860460541027447, -0.010045884599519384, 0.005026280831805785, 0.0003805477572187705, -0.005522990138019865, 0.019125322247462682, 0.003511659573282409, -0.003324897508164979, -0.015514176049154785, 0.011258628114247696]
other derivatives: [-0.16038939  0.40918167  0.0732598  -0.03624336  0.12860255  0.        ]
Current x array =  [-0.7694056  -0.78232883 -0.62075352  0.60644312 -1.77263706  0.33647224
 -0.22961808 -1.3943136  -3.68000446 -3.30821822 -5.03576555 -3.85901169
 -6.02542942 -4.95970468 -4.47639839 -4.15307179 -6.05958307 -4.7554175
 -4.82148252 -5.08778642]
log likelihood =  -2268.58902287
Edge derivatives =  [0.13476312633687904, 0.04268156831378228, 0.0022796073268022757, 0.0021854532121385398, 0.03074132040204133, -0.01153421367353057, 0.0028314350445876207, 0.004532172416868194, -0.015547071116156764, 0.02125231194761905, 0.0009945331769096017, -0.012349834710705727, -0.016866493642481262, 0.014302369897778389]
other derivatives: [-0.0642558   0.25602276  0.04274625  0.02032721  0.04783942  0.        ]
Current x array =  [-0.76958171 -0.78196068 -0.62070431  0.60571455 -1.77198765  0.33647224
 -0.22914408 -1.39350207 -3.67952488 -3.30676232 -5.03955354 -3.85888794
 -6.02314887 -4.96116827 -4.47380699 -4.15363015 -6.05703886 -4.75313644
 -4.82088613 -5.08925167]
log likelihood =  -2268.58875208
Edge derivatives =  [0.10152767881933678, 0.04886551338796677, 0.011234413234579271, 0.028777032299346042, 0.016992025777217493, -0.009839506893736239, 0.004321642058802387, -0.004709263742385747, -0.009699800711444877, 0.010397605295898832, 0.0029355814299014886, -0.005860966819777938, -0.020130711555389775, 0.007166251400094416]
other derivatives: [ 0.06798473 -0.04488356 -0.06616574  0.01869012  0.02878551  0.        ]
Current x array =  [-0.76975625 -0.78119141 -0.62055014  0.60577734 -1.77169398  0.33647224
 -0.22893553 -1.39416782 -3.68003946 -3.30912846 -5.0336028  -3.85917245
 -6.02484724 -4.95802018 -4.47573085 -4.15174381 -6.05907739 -4.75467575
 -4.8202698  -5.08613898]
log likelihood =  -2268.58864137
Edge derivatives =  [0.013969163248986671, 0.030532490695874673, 0.010567044125065879, 0.027276803434371444, 0.014069838619195757, -0.010284491376350766, 0.0029182313267012974, -0.005800440528000204, -0.007492455764742185, 0.008193649326191215, 0.0015834881029464154, -0.00408745837174445, -0.01935825209360271, 0.005780545953183635]
other derivatives: [-0.00645741 -0.0261025  -0.018008   -0.00813998  0.02473826  0.        ]
Current x array =  [-0.76966839 -0.78127954 -0.62056482  0.60631448 -1.77198264  0.33647224
 -0.22829424 -1.39361815 -3.67991894 -3.30910401 -5.03239752 -3.85913509
 -6.02344129 -4.95767309 -4.47638781 -4.15137526 -6.05768224 -4.75501774
 -4.82067256 -5.08539937]
log likelihood =  -2268.58858745
Edge derivatives =  [-0.018012407741677117, 0.010210058551875581, 0.007488534951948577, 0.020494728018300448, 0.011149892376920276, -0.009635862284151957, 0.001582711152677445, -0.006842628721566284, -0.005088680119992016, 0.007604684619426304, 0.00029586181996584665, -0.002470049510003257, -0.018754314680953538, 0.004500184829056264]
other derivatives: [-0.03101377 -0.02423803 -0.01514309 -0.03824425  0.02005436  0.        ]
Current x array =  [-0.76963194 -0.78130611 -0.62053346  0.60686247 -1.77201522  0.33647224
 -0.22813119 -1.39262173 -3.67966831 -3.30863389 -5.03123237 -3.85925124
 -6.02210419 -4.95734868 -4.47704049 -4.15130506 -6.05635992 -4.75530493
 -4.821049   -5.08468182]
log likelihood =  -2268.58858034
Edge derivatives =  [-0.034051877337579084, -0.004487701524176477, 0.005572185222789464, 0.016120743242516215, 0.008384241312592952, -0.002616854704592945, -0.00021382082566095495, -0.006310008770717022, -0.0010259227321365756, 0.0034688124025455194, -0.0014251894914416936, 0.000631695074080888, -0.015024414610503842, 0.0036516499926925444]
other derivatives: [-0.00909495 -0.06134542  0.27471287 -0.0421096   0.02287379  0.        ]
Current x array =  [-0.76964322 -0.78120671 -0.62094474  0.60679752 -1.77197847  0.33647224
 -0.22819968 -1.39199883 -3.67958628 -3.30838025 -5.03005522 -3.86015977
 -6.02034479 -4.95759887 -4.47814579 -4.15072552 -6.05462506 -4.75597681
 -4.82245691 -5.08408106]
log likelihood =  -2268.58852276
Edge derivatives =  [-0.02474934816960217, -0.006555736296473533, 0.004671119122752764, 0.013897507677856871, 0.00796146140508814, -0.0022493270431817557, -0.000424438591680273, -0.006235798911774269, -0.0002636775706387276, 0.00409996036869616, -0.0016330413912972637, 0.0013213232892690411, -0.014676595150240144, 0.003712859257472538]
other derivatives: [-0.02560228 -0.03215064  0.08672032 -0.04038156  0.0136879   0.        ]
Current x array =  [-0.76963267 -0.78128415 -0.62067468  0.60686371 -1.77190834  0.33647224
 -0.22824284 -1.39173818 -3.67950472 -3.30817119 -5.0298689  -3.86017171
 -6.02009619 -4.95759812 -4.47832717 -4.1507945  -6.05437919 -4.7560742
 -4.8226009  -5.08398493]
log likelihood =  -2268.58849216
Edge derivatives =  [-0.0101844437552282, -0.006829257336425976, 0.00406331719776094, 0.012216478267213927, 0.007286713774033832, 0.0011394881141140734, -0.0009626570471825721, -0.00539434380050784, 0.0017530302095003902, 0.003017886118943649, -0.0021485042324011997, 0.003135296581940533, -0.012546318145472201, 0.003934336848390548]
other derivatives: [-0.01468834 -0.0080945  -0.01009539 -0.02496563  0.00550244  0.        ]
Current x array =  [-0.76965385 -0.78133656 -0.62054651  0.60664939 -1.77181019  0.33647224
 -0.22836566 -1.39159333 -3.67947602 -3.30801079 -5.02953767 -3.86054742
 -6.01952573 -4.95786819 -4.47884276 -4.1506019  -6.05382042 -4.75643298
 -4.82334353 -5.08387832]
log likelihood =  -2268.58847614
Edge derivatives =  [-0.0005833932050188784, -0.006987499734446123, 0.0034424711853117997, 0.010585344064804603, 0.0062065913546893205, 0.005220078620305428, -0.0016546791166232467, -0.004384439018246632, 0.00426340136800466, 0.0008605167216624559, -0.0028017420875027193, 0.005437065240584069, -0.009684845826020107, 0.004052580507299048]
other derivatives: [-0.01059561  0.00513865 -0.03151399 -0.00454747 -0.00086402  0.        ]
Current x array =  [-0.76966594 -0.78136016 -0.62052941  0.60631768 -1.7717335   0.33647224
 -0.2284791  -1.39151795 -3.67945657 -3.3078751  -5.02903321 -3.8610162
 -6.01881299 -4.95820719 -4.47951142 -4.150247   -6.05312936 -4.75690738
 -4.82434584 -5.08370165]
log likelihood =  -2268.58847227
Edge derivatives =  [0.002580637159707244, -0.004439454722252323, 0.002561868744776763, 0.008716040749468287, 0.005243772850109097, 0.005425813708172463, -0.0018255449831366924, -0.003940997442400408, 0.005037747995627843, -0.00028922108239496855, -0.0029365474205035017, 0.006216025382343338, -0.008139042515679406, 0.003864470508748264]
other derivatives: [ 0.08685674  0.02664819 -0.00623004 -0.00127329  0.00277396  0.        ]
Current x array =  [-0.76977935 -0.78140894 -0.62056132  0.60620344 -1.771768    0.33647224
 -0.22846563 -1.39165075 -3.67940216 -3.30771627 -5.02863925 -3.86102965
 -6.01862706 -4.95834894 -4.47973611 -4.15005164 -6.0529761  -4.75704327
 -4.8248683  -5.08352283]
  status: 0
 success: True
    nfev: 69
     fun: 2268.58847226719
       x: array([-0.76977935, -0.78140894, -0.62056132,  0.60620344, -1.771768  ,
        0.33647224, -0.22846563, -1.39165075, -3.67940216, -3.30771627,
       -5.02863925, -3.86102965, -6.01862706, -4.95834894, -4.47973611,
       -4.15005164, -6.0529761 , -4.75704327, -4.8248683 , -5.08352283])
 message: 'CONVERGENCE: REL_REDUCTION_OF_F_<=_FACTR*EPSMCH'
     jac: array([-0.08685674, -0.02664819,  0.00623004,  0.00127329, -0.00277396,
       -0.        , -0.00258064,  0.00443945, -0.00256187, -0.00871604,
       -0.00524377, -0.00542581,  0.00182554,  0.003941  , -0.00503775,
        0.00028922,  0.00293655, -0.00621603,  0.00813904, -0.00386447])
     nit: 59
