number of sites to be analyzed:  220
log likelihood =  -3819.06199384
Edge derivatives =  [210.8841312536299, -12.013976776779664, 0.99866328738036, 13.853131396278336, 15.642234575779227, 10.017855340284777, -26.430660340909597, -26.097232712189317, -39.798867817504615, -22.167913654372125, -26.097232712189317, -7.032461339253404e-19, -30.175041797308495, -29.515532010050553, -3.14219801424139e-19, -26.09723271218932, -33.493892673915376, -38.60441034945329]
other derivatives: [ -17.33455974    5.15919965  -38.36394171  104.34864635 -108.20358511
    0.        ]
Current x array =  [-0.66035736 -0.75125481 -0.48421066  0.18232156 -0.10536052  0.33647224
 -2.30258509 -2.30258509 -2.30258509 -2.30258509 -2.30258509 -2.30258509
 -2.30258509 -2.30258509 -2.30258509 -2.30258509 -2.30258509 -2.30258509
 -2.30258509 -2.30258509 -2.30258509 -2.30258509 -2.30258509 -2.30258509]
log likelihood =  -3581.43353305
Edge derivatives =  [179.39318623486744, -11.530468804860625, -1.9926716151594759, 7.161161770116996, 14.66258123576623, 9.565582169746225, -22.65232812648703, -22.3386991653701, -33.67078625593107, -18.25968283850819, -22.338699165370098, -5.960371727279692e-16, -25.5906911656566, -24.65736681217774, -6.860334331952028e-16, -22.3386991653701, -28.164468861601677, -32.70524123397685]
other derivatives: [ 60.36734703  -4.84528755  83.75609468  50.75871741 -59.75120985   0.        ]
Current x array =  [-0.72217379 -0.74875408 -0.62101956  0.55443724 -0.49122322  0.33647224
 -1.55055529 -2.32646861 -2.29902378 -2.25318371 -2.24680362 -2.26686061
 -2.39683896 -2.39564993 -2.44451106 -2.38163766 -2.39564993 -2.30258509
 -2.41019172 -2.40783986 -2.30258509 -2.39564993 -2.42202701 -2.44025153]
log likelihood =  -4770.54890088
Edge derivatives =  [-271.2805413806439, -2.440177078810015, 15.091403528608378, 19.769876575944135, 19.376593318851317, 19.63210274588499, 2.427088982323223, 2.087886663351874, -7.108935737051282, 5.577961443528118, 2.0878866633518727, 5.091179082767673e-16, 0.5427109282357562, 0.49706118633636287, 4.673328554038182e-16, 2.0878866633518762, -1.8714385005425946, -6.253986048159829]
other derivatives: [ -9.67748110e+03   4.48376341e+01  -4.39521373e+03   1.34615766e+02
  -5.21895345e+00   0.00000000e+00]
Current x array =  [-0.05       -0.81924544 -0.05        2.04921601 -2.1113294   0.33647224
  2.2269307  -2.46877117 -2.30913099 -2.05057774 -1.95325194 -2.07713439
 -2.871941   -2.864484   -3.15559066 -2.77283323 -2.864484   -2.30258509
 -2.94993368 -2.93210111 -2.30258509 -2.864484   -3.01876092 -3.13043316]
log likelihood =  -3384.86465383
Edge derivatives =  [1.4044011169488995, -11.61128308583258, -2.848946382864364, 1.8969132159471298, 11.687369001960395, 9.31530036209857, -15.311915294345525, -15.002796132440078, -23.90223521903977, -11.895784769909431, -15.002796132440073, 5.093377576286902e-16, -17.386026058715725, -16.850367448352472, 4.633610323589544e-16, -15.002796132440073, -19.470424067360053, -23.276713324585995]
other derivatives: [-346.15131881  -22.5169515  -124.09727788   -6.01689862   -9.79102879
    0.        ]
Current x array =  [-0.46227068 -0.77601031 -0.40022881  1.13240927 -1.11765442  0.33647224
 -0.08995035 -2.3814914  -2.30293184 -2.17484397 -2.13329876 -2.19350096
 -2.58054219 -2.57692958 -2.71945752 -2.53289757 -2.57692958 -2.30258509
 -2.61888866 -2.61055102 -2.30258509 -2.57692958 -2.65276049 -2.70711756]
log likelihood =  -3382.23606496
Edge derivatives =  [-84.53177584745082, -8.92539420785589, -2.1228636561228194, 2.5853797990078133, 11.22816963106174, 8.567237917279297, -12.340552433374226, -11.600999230646641, -19.676041535088395, -8.862134435451317, -11.600999230646641, 8.510072532906843e-17, -13.774830399763639, -13.282381984197048, 1.2459911434725833e-16, -11.600999230646645, -15.744202066470832, -19.176901236314787]
other derivatives: [ 184.77035155   13.92563718  -83.31853678  -12.46144166  -12.13174983
    0.        ]
Current x array =  [-0.9240108  -0.83326369 -0.44692262  1.3040355  -1.33890437  0.33647224
  0.45238741 -2.42140613 -2.31160705 -2.14651825 -2.07029315 -2.14963857
 -2.67468023 -2.66961996 -2.86166549 -2.60858117 -2.66961996 -2.30258509
 -2.72559343 -2.71381908 -2.30258509 -2.66961996 -2.77095416 -2.84531499]
log likelihood =  -3344.61372595
Edge derivatives =  [-23.13114085028862, -10.461630383984248, -3.1230389540657333, 2.017479449545744, 11.41293822478795, 8.37567028574137, -13.923091433990823, -13.44101327838308, -21.577747088903298, -10.329233646618775, -13.441013278383073, 5.636768560219467e-16, -15.597499679749069, -14.901943397994499, 4.839420861808658e-16, -13.44101327838308, -17.451087835082696, -20.990746014115093]
other derivatives: [ 98.05962691   3.47981768  54.02803254 -18.4194505    3.29318937   0.        ]
Current x array =  [-0.77548485 -0.80906424 -0.53846167  1.17734075 -1.21155612  0.33647224
  0.07176492 -2.41203545 -2.31066543 -2.16181458 -2.0919541  -2.16333067
 -2.63732503 -2.63242064 -2.806353   -2.5773487  -2.63242064 -2.30258509
 -2.68305978 -2.672536   -2.30258509 -2.63242064 -2.72424537 -2.79164731]
log likelihood =  -3335.29925369
Edge derivatives =  [6.334621446186372, -11.079817100206046, -3.2189645570679484, 1.5249891814484378, 10.773983667952, 7.819650486566584, -14.12087074842414, -13.75202183287257, -21.77780869332178, -10.695918418475305, -13.752021832872572, 6.317184156373281e-16, -15.785014243889107, -15.169689438584305, 6.134050671169634e-16, -13.75202183287257, -17.65341365358999, -21.140657250639507]
other derivatives: [-54.0086603   -5.00931492 -25.86298251 -11.65294634  -0.74783202   0.        ]
Current x array =  [-0.62731677 -0.79554699 -0.47061492  1.09383837 -1.14509862  0.33647224
 -0.12306113 -2.4241962  -2.31474034 -2.1652746  -2.08522744 -2.15742262
 -2.64122217 -2.63578818 -2.81354982 -2.57886321 -2.63578818 -2.30258509
 -2.68719754 -2.67622784 -2.30258509 -2.63578818 -2.72922066 -2.79868898]
log likelihood =  -3328.40383702
Edge derivatives =  [-11.259088472192865, -10.635818481684645, -3.1295547339659295, 1.4440205976339615, 10.332340709044662, 7.561576226809985, -13.202332373607163, -12.83708156391428, -20.553742281623265, -9.826285121365851, -12.837081563914282, -2.310104577014225e-15, -14.736908915189987, -14.113905335221258, -2.3639037110050823e-15, -12.837081563914284, -16.525051511710164, -19.917238519512907]
other derivatives: [-17.97748155  -1.28516149  -6.26196197 -13.38912625   1.52640496   0.        ]
Current x array =  [-0.65578752 -0.80329632 -0.48623984  1.12077755 -1.194069    0.33647224
 -0.01933111 -2.44175503 -2.31906022 -2.15737391 -2.06262505 -2.14153601
 -2.6729658  -2.6668243  -2.8619657  -2.60373508 -2.6668243  -2.30258509
 -2.7229597  -2.71074594 -2.30258509 -2.6668243  -2.76904109 -2.84571477]
log likelihood =  -3311.61669453
Edge derivatives =  [-30.65907802441404, -9.486858974549786, -2.6162300662024243, 1.342696955533616, 8.545946077750537, 6.104958861866544, -10.283235656935307, -9.968025834975505, -16.75026065027868, -7.0736496536044475, -9.968025834975496, -9.15965537512034e-17, -11.395561439466436, -10.74554047341827, -7.899647578133411e-17, -9.968025834975494, -12.942885043437629, -16.050074544360395]
other derivatives: [ 12.90823093   5.24487405  15.21580089 -10.96636879   6.40407052   0.        ]
Current x array =  [-0.68225276 -0.81584278 -0.50398958  1.11409945 -1.28049811  0.33647224
  0.09910593 -2.5184577  -2.33978701 -2.13578104 -1.97689145 -2.07987034
 -2.7871014  -2.77801761 -3.03797895 -2.69088231 -2.77801761 -2.30258509
 -2.85103304 -2.83388102 -2.30258509 -2.77801761 -2.91218526 -3.01651192]
log likelihood =  -3283.64830237
Edge derivatives =  [-29.287170031498047, -7.581546011106007, -1.5455906905296564, 1.0016931769856225, 3.646142393092282, 1.8673249241914447, -4.809451905693671, -4.511903787535795, -10.17469705567566, -1.7615352972441778, -4.511903787535793, 5.714373398494018e-16, -5.280408392968513, -4.467698763511055, 5.263170567616265e-16, -4.511903787535793, -6.461161622533249, -9.289880429327438]
other derivatives: [ 54.71947588  -4.51764208  17.30741133  -4.30045475  18.56215022   0.        ]
Current x array =  [-0.71788594 -0.79639864 -0.50600177  1.03751162 -1.37618278  0.33647224
  0.11294468 -2.71871432 -2.39287942 -2.08918274 -1.77209477 -1.93391623
 -3.05178191 -3.03545263 -3.45373512 -2.88663361 -3.03545263 -2.30258509
 -3.1468439  -3.11659179 -2.30258509 -3.03545263 -3.24460423 -3.41814227]
log likelihood =  -3277.36593557
Edge derivatives =  [-35.37157120954232, -6.157764502208046, -1.0236962783950254, -1.237406551305156, -4.941334279678409, -4.25399488168777, -0.06963345863401138, 0.04146369345883452, -5.096300732586973, 2.4206832933969236, 0.04146369345883151, -7.127114377708053e-18, -0.2864324365930909, 0.5776469883769696, 1.244347453213189e-16, 0.041463693458833675, -1.2608835811847523, -4.043646003450963]
other derivatives: [-73.3201432   80.08455552  74.89447853  11.69560164  -3.26190275   0.        ]
Current x array =  [-0.61067355 -0.95980442 -0.58598112  0.91392921 -1.20569617  0.33647224
  0.05287718 -3.00941252 -2.46357235 -2.03577301 -1.53854769 -1.77896286
 -3.36509192 -3.33812129 -3.97985075 -3.09606764 -3.33812129 -2.30258509
 -3.49638767 -3.44315531 -2.30258509 -3.33812129 -3.64395126 -3.91952236]
log likelihood =  -3263.15319949
Edge derivatives =  [-5.21482859747117, -5.858258492187026, -0.34684583610227304, -0.631913176024827, -5.172588816291988, -4.630977296319901, 0.37807815342218526, 0.7241697756608207, -4.640417528346665, 3.201011620323555, 0.7241697756608199, 2.288356217313893e-15, 0.26939356016896276, 1.2963183362295152, 2.4097311742810448e-15, 0.7241697756608205, -0.6602460057681552, -3.521447488020898]
other derivatives: [ 23.05378075  23.71698429  21.17235454  10.18593139   7.71383384   0.        ]
Current x array =  [-0.6840485  -0.8323112  -0.52048058  0.89384502 -1.21612969  0.33647224
 -0.06906724 -3.04644337 -2.47307975 -2.03276949 -1.51486604 -1.76214104
 -3.4010822  -3.3729132  -4.04171442 -3.11984629 -3.3729132  -2.30258509
 -3.53665786 -3.48081498 -2.30258509 -3.3729132  -3.69033441 -3.97842392]
log likelihood =  -3261.54628856
Edge derivatives =  [-1.4397626974759838, -5.760206122072052, -0.35321884293967337, -0.8320105341887108, -5.389995714594825, -4.691640568861552, 0.4506001056304045, 0.8561312025976139, -4.483327019717965, 3.2751633906805617, 0.8561312025976103, -1.0327225831293018e-15, 0.37640850890544997, 1.447414399838128, -1.1379120552714506e-15, 0.8561312025976114, -0.4989582084503693, -3.349231578538342]
other derivatives: [ 6.63499122 -1.5912974  -1.12886482  8.81864253  7.55003384  0.        ]
Current x array =  [-0.67161881 -0.78346892 -0.49840197  0.90648461 -1.19877251  0.33647224
 -0.09290693 -3.06970955 -2.47684786 -2.0316254  -1.51346083 -1.7631946
 -3.41414886 -3.38495764 -4.07266205 -3.12363814 -3.38495764 -2.30258509
 -3.55148163 -3.49295197 -2.30258509 -3.38495764 -3.70896239 -4.00638659]
log likelihood =  -3260.82573449
Edge derivatives =  [2.240125790510504, -5.619876358692879, -0.28802836372887974, -0.9732665767455997, -5.5420702650076015, -4.726179119403615, 0.593017738571883, 1.0280056910443696, -4.239129582283024, 3.3253871873131726, 1.0280056910443651, -2.3864262655380593e-17, 0.5476862969604303, 1.6239169898667434, -9.310611410957925e-17, 1.0280056910443651, -0.2782391652336208, -3.097665344779832]
other derivatives: [-4.83560143 -4.30104592 -6.04709385  7.86376404  4.33501555  0.        ]
Current x array =  [-0.66264927 -0.77660001 -0.49461476  0.91773642 -1.15865013  0.33647224
 -0.11915596 -3.10263795 -2.48224029 -2.03103207 -1.51358887 -1.76645152
 -3.43042787 -3.39965914 -4.11407828 -3.12644395 -3.39965914 -2.30258509
 -3.56990541 -3.50727015 -2.30258509 -3.39965914 -3.7325734  -4.0433759 ]
log likelihood =  -3259.72036587
Edge derivatives =  [5.208316228489528, -5.32488943447855, -0.1955355070190406, -1.028971508225881, -4.988259291210076, -4.222378847238183, 0.7195098227056752, 1.201964851191062, -3.850218024928882, 3.1853523221969455, 1.2019648511910606, 2.0110996773172912e-20, 0.7253083543582856, 1.7853546924507453, 1.955149837540959e-20, 1.2019648511910601, 0.01179557266709283, -2.711152964146901]
other derivatives: [-14.73044904  -4.04784259  -8.01410351   3.75234777  -1.53959263   0.        ]
Current x array =  [-0.65521146 -0.77399597 -0.4936056   0.96154304 -1.08978278  0.33647224
 -0.14310708 -3.16586305 -2.4902374  -2.03341232 -1.53319945 -1.78758606
 -3.44935371 -3.41498177 -4.18333904 -3.11785357 -3.41498177 -2.30258509
 -3.59173457 -3.51982268 -2.30258509 -3.41498177 -3.764158   -4.10266937]
log likelihood =  -3258.45308662
Edge derivatives =  [3.364628093374551, -4.8650061921896635, -0.08547753313590878, -0.7915305754652153, -3.3137919170583765, -2.9102428701921603, 0.789634584961726, 1.307414583616793, -3.3671559723366875, 2.769978402391706, 1.3074145836167925, 4.190754144709347e-16, 0.8451789914900963, 1.8585719717559073, 4.4121127177303104e-16, 1.3074145836167932, 0.3074879032172912, -2.241534801358395]
other derivatives: [-15.28565008  -3.09073585  -6.98000804  -2.69296834  -5.38539098   0.        ]
Current x array =  [-0.6549317  -0.77413965 -0.49430897  1.02679281 -1.0438612   0.33647224
 -0.13562125 -3.2587117  -2.49880517 -2.04035603 -1.57943078 -1.83162867
 -3.46437814 -3.42353815 -4.27519732 -3.09134415 -3.42353815 -2.30258509
 -3.60961724 -3.52225584 -2.30258509 -3.42353815 -3.79583896 -4.17787047]
log likelihood =  -3256.57747497
Edge derivatives =  [7.413731059808489, -3.928146647507941, 0.2609280397306205, -0.06833771545129214, 0.4483919341868463, -0.01950251649853396, 0.779950166089918, 1.2708930928964721, -2.5259464008825785, 1.5688931951153713, 1.2708930928964717, -3.2685823190490145e-16, 0.8758098047012873, 1.7707467471878953, -2.7238304428213687e-16, 1.2708930928964723, 0.7326276737688455, -1.4042009295651476]
other derivatives: [-9.42641236 -4.26157385  8.17999535 -5.95496203 -5.44264367  0.        ]
Current x array =  [-0.65850993 -0.77005348 -0.50931398  1.05077225 -1.02113746  0.33647224
 -0.1550647  -3.46790819 -2.5130266  -2.05790012 -1.68080072 -1.9285395
 -3.47773663 -3.41984106 -4.46289987 -3.01590884 -3.41984106 -2.30258509
 -3.62666983 -3.50186377 -2.30258509 -3.41984106 -3.84089769 -4.32447816]
log likelihood =  -3256.95929742
Edge derivatives =  [-8.744935540683247, -2.6392614103046323, 0.9819611354454706, 1.2009124704501537, 5.566626423985758, 3.9513100843268067, 0.9826950918432781, 1.481426090071069, -1.2123159051243728, -0.7593975397796298, 1.4814260900710707, 3.0535816567667596e-15, 1.2639603473277008, 1.6798850555841895, 3.106841165648419e-15, 1.481426090071077, 1.639819163160203, 0.01113967145695531]
other derivatives: [ -4.01428224  23.02508619 -51.52974154  -3.94043127  -8.72269084   0.        ]
Current x array =  [-0.66461917 -0.82449411 -0.45115973  1.06232057 -1.03518223  0.33647224
 -0.07978596 -3.87893753 -2.53878853 -2.08246603 -1.83649629 -2.08598609
 -3.51659899 -3.42435565 -4.84608841 -2.88787273 -3.42435565 -2.30258509
 -3.67398111 -3.47526449 -2.30258509 -3.42435565 -3.94124111 -4.62539377]
log likelihood =  -3255.57690927
Edge derivatives =  [0.2913152164939712, -3.2679599749568533, 0.6083596756312813, 0.5479574463434786, 2.9140033460377084, 1.8928309097453107, 0.879368243418631, 1.3774696879269543, -1.8499787237745682, 0.560134692562449, 1.3774696879269555, 1.2902516811962958e-17, 1.0629339110407565, 1.739626144836478, -4.632977695241092e-17, 1.3774696879269561, 1.1664608611539495, -0.6956860021890447]
other derivatives: [ -6.88492037   8.75097612 -17.21700755  -5.06393008  -6.83926373   0.        ]
Current x array =  [-0.66132046 -0.79509874 -0.48256028  1.05608502 -1.02759872  0.33647224
 -0.12043292 -3.65700111 -2.52487831 -2.0692016  -1.75242804 -2.00097237
 -3.49561515 -3.42191798 -4.6391847  -2.95700618 -3.42191798 -2.30258509
 -3.64843526 -3.48962684 -2.30258509 -3.42191798 -3.8870604  -4.46291356]
log likelihood =  -3254.6368285
Edge derivatives =  [-0.10959039777258572, -2.7824428340037257, 0.7608386225042544, 0.992531979871818, 4.724697777681667, 3.3154260126602866, 0.8869833104139924, 1.3015283333625318, -1.4349385101269947, -0.30976668782598465, 1.3015283333625334, 1.2102642377125484e-15, 1.0532649237715042, 1.6413856179216257, 1.2470252725411357e-15, 1.3015283333625356, 1.4088860227851407, -0.24509842916890603]
other derivatives: [ 0.8411007   1.79948074  0.14379111 -2.36550477 -1.95022949  0.        ]
Current x array =  [-0.66620366 -0.7826417  -0.49939553  1.02243582 -1.06886142  0.33647224
 -0.11289711 -3.80839875 -2.53129753 -2.0774247  -1.80176243 -2.05266084
 -3.50188865 -3.41444192 -4.77263878 -2.90639171 -3.41444192 -2.30258509
 -3.65658937 -3.46972584 -2.30258509 -3.41444192 -3.91292054 -4.56412057]
log likelihood =  -3254.34013233
Edge derivatives =  [-0.49245142021809074, -2.5852641887203394, 0.776612803065729, 1.0281088429757559, 4.846169890910426, 3.4493278335550825, 0.9170433410386231, 1.2878567831625332, -1.256295436069518, -0.539538644354012, 1.2878567831625327, -3.1671524747332602e-15, 1.081990988131809, 1.6012637787981423, -3.0904142963459415e-15, 1.2878567831625374, 1.5143310064840252, -0.049211544387397804]
other derivatives: [ 2.91634024  0.01678018  2.43035174  0.50022209  0.64019332  0.        ]
Current x array =  [-0.66750652 -0.77997375 -0.50174666  0.99276388 -1.09640563  0.33647224
 -0.10889748 -3.87865276 -2.5322152  -2.07648941 -1.80105834 -2.05858221
 -3.50604091 -3.41179842 -4.83553325 -2.89152644 -3.41179842 -2.30258509
 -3.66147174 -3.46168336 -2.30258509 -3.41179842 -3.92398824 -4.61057908]
log likelihood =  -3253.75050632
Edge derivatives =  [-0.7238257349756179, -2.276106040153752, 0.6051151790359868, 0.7737112178616387, 4.126555740549441, 3.0523649036326455, 0.8221920425630002, 1.0927731647155954, -1.0025944667364817, -0.9186392577780771, 1.0927731647155974, 2.560128198672149e-16, 1.003650091759768, 1.3032487614386594, 3.7661369657418263e-16, 1.0927731647155998, 1.5399705015037644, 0.20755300155183828]
other derivatives: [ 0.75683602 -1.20739969  3.72187969  2.48296601  3.05335561  0.        ]
Current x array =  [-0.66560439 -0.77873487 -0.50307773  0.97078971 -1.12307717  0.33647224
 -0.10511324 -4.00259433 -2.52764975 -2.06928538 -1.77180906 -2.04762242
 -3.50201467 -3.39491961 -4.93549545 -2.86950781 -3.39491961 -2.30258509
 -3.65693796 -3.43396853 -2.30258509 -3.39491961 -3.92539188 -4.67665709]
log likelihood =  -3252.87255951
Edge derivatives =  [-1.7786148172739225, -1.5511521770567138, -0.0826512275066448, -0.3342352750865002, 0.17753124047120666, 0.695187648537245, 0.4280564808113267, 0.4349641791646195, -0.38866856002495104, -1.5658743110793631, 0.43496417916461977, 1.5329278023452236e-15, 0.7253735650088539, 0.2611460282843784, 1.4874856087238596e-15, 0.4349641791646217, 1.4770315711322566, 0.8377024325132785]
other derivatives: [ 29.15307959  -9.95719347  -1.3693807    5.08739504   2.80106178   0.        ]
Current x array =  [-0.69020363 -0.76267732 -0.49725942  0.9455722  -1.12562661  0.33647224
 -0.1016166  -4.38427396 -2.51091175 -2.04199725 -1.6402497  -1.97859464
 -3.48669244 -3.34110053 -5.23560536 -2.83063572 -3.34110053 -2.30258509
 -3.63759744 -3.34915491 -2.30258509 -3.34110053 -3.91439272 -4.86389104]
log likelihood =  -3252.37730606
Edge derivatives =  [-5.760635232570683, -1.2086222939700664, -0.5733612356608765, -1.0013244363388651, -1.9576241520491744, -0.3328565977029294, 0.08015427628707135, -0.2635683481460115, -0.14423144292482581, -2.3951286758224453, -0.2635683481460128, -1.5454592073614548e-17, 0.37868555946808236, -0.7841147715127886, 6.468277681820872e-20, -0.2635683481460145, 1.2789886932977375, 1.141647929378466]
other derivatives: [-11.7810032    2.83052941  10.13600013   4.11519068   1.66396603   0.        ]
Current x array =  [-0.65645045 -0.78791807 -0.51047352  0.95665846 -1.13209914  0.33647224
 -0.08215133 -4.63443539 -2.49825406 -2.02968237 -1.57828525 -1.95075206
 -3.46266973 -3.29151735 -5.41931714 -2.79179186 -3.29151735 -2.30258509
 -3.60907244 -3.27752311 -2.30258509 -3.29151735 -3.8900335  -4.97107182]
log likelihood =  -3252.07535672
Edge derivatives =  [-2.535814832740413, -1.2810355487822431, -0.36987110326323497, -0.7391661167694685, -1.0691343064104977, 0.14027434742248623, 0.15937668854013598, -0.06659650435766322, -0.18924192194123085, -2.2071160254810396, -0.06659650435765997, -2.3072446226906296e-16, 0.4728733328224871, -0.4999155068226212, -2.261373995872494e-16, -0.06659650435766015, 1.3346339014536779, 1.0745819057281]
other derivatives: [-0.48357833 -0.22223503  2.58837645  2.19652065  0.18003448  0.        ]
Current x array =  [-0.66563035 -0.78082912 -0.50225474  0.974937   -1.10652472  0.33647224
 -0.09990571 -4.5784516  -2.50379858 -2.03594913 -1.60584835 -1.96602401
 -3.47002018 -3.30570568 -5.37862913 -2.80179692 -3.30570568 -2.30258509
 -3.61741942 -3.29762274 -2.30258509 -3.30570568 -3.89754567 -4.94762089]
log likelihood =  -3252.00273603
Edge derivatives =  [-0.49613534701347256, -1.2578502793777102, -0.336671358892524, -0.6930940975444997, -1.0658704990833412, 0.13869102015433943, 0.12067441317590298, -0.10954093746906471, -0.17239730060272487, -2.1646354061094475, -0.10954093746906358, 3.229791852239037e-15, 0.44040651302101985, -0.562963616557928, 3.206797783918908e-15, -0.10954093746906593, 1.2908537227600663, 1.082159223277288]
other derivatives: [ 0.08458301 -0.67484507 -0.31413947  0.57239049 -0.62032086  0.        ]
Current x array =  [-0.66619496 -0.77950994 -0.4991301   0.98952243 -1.09317658  0.33647224
 -0.11051783 -4.59741699 -2.50442605 -2.03771767 -1.60771445 -1.96635369
 -3.46809745 -3.30295542 -5.39031827 -2.80428146 -3.30295542 -2.30258509
 -3.61444112 -3.29456515 -2.30258509 -3.30295542 -3.89287888 -4.95157391]
log likelihood =  -3251.93356114
Edge derivatives =  [0.9976846699510116, -1.2200402753355022, -0.2745741093397719, -0.5516343233917662, -1.1303889063166184, 0.04120200597249535, 0.08307395168516869, -0.17783115832831048, -0.14715066469885096, -1.9085192036144039, -0.17783115832831053, -4.674291573690529e-17, 0.38665921505354883, -0.6508788489531738, -3.4363878246302676e-17, -0.17783115832831137, 1.1807241068240661, 1.0811027234025588]
other derivatives: [ 1.96259862  1.73236003 -0.33383003 -0.79112397 -0.7430117   0.        ]
Current x array =  [-0.66756257 -0.78376503 -0.49875111  1.00094454 -1.08836256  0.33647224
 -0.11683783 -4.62720005 -2.50509084 -2.04096218 -1.60750784 -1.9615879
 -3.46376366 -3.29794407 -5.40563038 -2.81543232 -3.29794407 -2.30258509
 -3.60739549 -3.29047706 -2.30258509 -3.29794407 -3.88004268 -4.95154595]
log likelihood =  -3251.80516259
Edge derivatives =  [3.108270686626051, -1.08166566244796, -0.12415644804886203, -0.1890332377674891, -1.16970232439276, -0.10987301080512846, -0.030000580361331228, -0.4026699364513734, -0.04832872909568103, -1.282947262762605, -0.4026699364513751, -1.296752009287438e-16, 0.21778690306731469, -0.9279646835828519, -1.3568612768959468e-16, -0.4026699364513799, 0.87612133170143, 1.1244881579271409]
other derivatives: [-3.28195711 -0.76174729 -3.84338819 -2.94471647 -0.53569238  0.        ]
Current x array =  [-0.66342363 -0.77939766 -0.49495971  1.01873942 -1.08384661  0.33647224
 -0.12614048 -4.74673528 -2.50773272 -2.05062603 -1.6108071  -1.95220516
 -3.45276147 -3.28264465 -5.47786809 -2.84281623 -3.28264465 -2.30258509
 -3.58839833 -3.27636142 -2.30258509 -3.28264465 -3.84590979 -4.96992731]
log likelihood =  -3251.6533707
Edge derivatives =  [3.1373825603798697, -0.9777629176747653, 0.09528829621235885, 0.3067950245162827, -0.7933969465388798, -0.08455509015819185, -0.05066283899185095, -0.5089666189419655, 0.03271691616016119, -0.4878621804395338, -0.5089666189419695, 6.858534581053976e-17, 0.11292461937990157, -1.023185592994103, 9.242437545641952e-17, -0.5089666189419726, 0.583305085850057, 1.141943011278691]
other derivatives: [ 0.05156835  1.71994543 -0.72755029 -3.50178198 -0.0730779   0.        ]
Current x array =  [-0.66571996 -0.78402592 -0.49771347  1.02288473 -1.08678212  0.33647224
 -0.12460187 -4.84609793 -2.51231067 -2.06197782 -1.6246974  -1.94650448
 -3.44557169 -3.27484958 -5.53446427 -2.87807482 -3.27484958 -2.30258509
 -3.57307781 -3.2737351  -2.30258509 -3.27484958 -3.81333094 -4.97641718]
log likelihood =  -3251.4737076
Edge derivatives =  [0.7958867951136928, -0.8388783825927263, 0.40683944834531904, 0.9613907982692108, -0.030390446418038397, 0.07983816895913265, -0.03737201779781242, -0.5919754987144358, 0.14688985582429603, 0.6512457061815142, -0.5919754987144369, 1.337474124744655e-16, -0.009944470356363151, -1.0429553193934764, 6.88769064399826e-17, -0.5919754987144403, 0.1522028951730359, 1.1674494728220772]
other derivatives: [ 0.96370059  1.70730345 -0.85283318 -1.98238013  0.4631147   0.        ]
Current x array =  [-0.66631239 -0.78436817 -0.49759632  1.01062235 -1.09661921  0.33647224
 -0.1129365  -4.99943557 -2.51957872 -2.07748351 -1.65195919 -1.94145042
 -3.43797273 -3.26848818 -5.62254221 -2.93097196 -3.26848818 -2.30258509
 -3.55329505 -3.27745522 -2.30258509 -3.26848818 -3.76726418 -4.98586958]
log likelihood =  -3251.612223
Edge derivatives =  [2.1407139905123254, -0.7436359113470374, 0.26869442556581613, 0.6624326278015534, 0.28628868630709725, -0.030321634272552078, 0.00919774339496833, -0.48553967743271986, 0.21504765613437846, 1.5027581678271533, -0.48553967743272386, 1.0133044408185928e-16, -0.12084588891972292, -0.6777313783795218, 2.624246181468809e-17, -0.48553967743272686, -0.2652325789758275, 1.0898956155562967]
other derivatives: [  4.10191205  -8.40009307  17.73878466  -0.76383913  -0.38330654   0.        ]
Current x array =  [-0.66828174 -0.76444592 -0.51839017  0.99571133 -1.07811231  0.33647224
 -0.12427165 -5.11857349 -2.51931912 -2.07314311 -1.66766892 -1.9278411
 -3.43511121 -3.27915783 -5.67566193 -2.97518531 -3.27915783 -2.30258509
 -3.54004981 -3.30703689 -2.30258509 -3.27915783 -3.72707248 -4.96086234]
log likelihood =  -3251.43753223
Edge derivatives =  [1.2299494840723941, -0.8079499605435683, 0.3654483916603737, 0.8712963946272214, 0.07122600610083142, 0.04813388765992643, -0.02226317368622026, -0.5579590466496926, 0.1685751380384264, 0.9217230168635665, -0.5579590466496976, 4.212279864727915e-17, -0.04364355094448292, -0.9270399058511427, 7.024176752340873e-17, -0.5579590466497009, 0.024680826142611703, 1.1436901587235853]
other derivatives: [ 1.94072527 -1.38525138  5.12754923 -1.60484888  0.20622792  0.        ]
Current x array =  [-0.66692541 -0.77816676 -0.50406904  1.00598084 -1.09085837  0.33647224
 -0.11646491 -5.03652087 -2.51949791 -2.07613243 -1.65684932 -1.9372141
 -3.437082   -3.27180943 -5.63907734 -2.94473471 -3.27180943 -2.30258509
 -3.54917207 -3.28666342 -2.30258509 -3.27180943 -3.75475329 -4.97808532]
log likelihood =  -3251.38000352
Edge derivatives =  [-0.17607599287382783, -0.7748122989075861, 0.3803808039687948, 0.8549622031648443, 0.29332033299966326, 0.07275911955570102, 0.01612352024533238, -0.495626458314521, 0.19445897831057318, 1.225065052281443, -0.49562645831452345, -5.499482293326714e-16, -0.05374984908820719, -0.7930422722238918, -6.22506937053122e-16, -0.4956264583145271, -0.10834589836191605, 1.125243136954946]
other derivatives: [ 0.55788405 -1.24937287  3.08923518  0.19326762  0.03551577  0.        ]
Current x array =  [-0.66593202 -0.77851107 -0.50227718  0.99157071 -1.09439313  0.33647224
 -0.11107979 -5.07993198 -2.51996444 -2.07569535 -1.66540613 -1.93441241
 -3.43647428 -3.27573777 -5.65949619 -2.95995484 -3.27573777 -2.30258509
 -3.54489635 -3.29720246 -2.30258509 -3.27573777 -3.74116307 -4.97078366]
log likelihood =  -3251.31905487
Edge derivatives =  [-0.5657935359859281, -0.7475864453862391, 0.24538915901177408, 0.5118698788984117, 0.3053704736378138, -0.02810628242085178, 0.047296423667886014, -0.3802905923775659, 0.20853066875992127, 1.3387005255397986, -0.38029059237756857, 2.234524565109283e-16, -0.065019354392287, -0.5686171339372906, 1.2633513034641322e-16, -0.38029059237756985, -0.2360067039807086, 1.0704312255724326]
other derivatives: [-0.71545401 -0.69121597  1.21553967  1.41208147 -0.47652975  0.        ]
Current x array =  [-0.66504201 -0.77943136 -0.50064552  0.9819542  -1.09263942  0.33647224
 -0.11092723 -5.11718898 -2.5167956  -2.06757816 -1.66785265 -1.92846375
 -3.43558123 -3.28355949 -5.66975289 -2.96677069 -3.28355949 -2.30258509
 -3.54111545 -3.31397361 -2.30258509 -3.28355949 -3.72858322 -4.95078924]
log likelihood =  -3251.22413579
Edge derivatives =  [-0.7593409572249377, -0.6870596198426071, -0.13071923444589156, -0.3486855440484682, 0.06507714290428264, -0.35108751476097466, 0.06839969308418073, -0.17583699348313148, 0.23756979879325169, 1.289440638079934, -0.17583699348313298, 5.2161748408393257e-17, -0.11588448246929782, -0.1611000530022769, 7.202220709549843e-17, -0.17583699348313203, -0.4731251934537213, 0.9553183712414973]
other derivatives: [-1.0554686   0.02546585 -1.30639819  2.41852831 -1.09907887  0.        ]
Current x array =  [-0.66495386 -0.78070899 -0.49828937  0.97421277 -1.08996086  0.33647224
 -0.11167097 -5.20297604 -2.50783307 -2.04724698 -1.66367168 -1.91449967
 -3.43183238 -3.2976008  -5.69523685 -2.96659391 -3.2976008  -2.30258509
 -3.53274059 -3.34448951 -2.30258509 -3.2976008  -3.70567205 -4.91073784]
log likelihood =  -3251.13295582
Edge derivatives =  [-0.5005036822023157, -0.626485586725616, -0.40179810628854545, -0.9686773842788533, 0.04534804952066482, -0.48633872358890895, 0.1092232077224713, 0.07017307434892593, 0.26143496857707654, 1.0732333299739796, 0.0701730743489286, -7.260800091815931e-17, -0.15874104655748855, 0.3037064544619745, -7.06309339235911e-17, 0.07017307434893039, -0.6779137813606264, 0.7989430174001146]
other derivatives: [-3.41769919  0.92081791 -1.35692062  1.8244009  -0.64574124  0.        ]
Current x array =  [-0.66297144 -0.78276483 -0.49810221  0.97885785 -1.09410345  0.33647224
 -0.11162668 -5.29424517 -2.50159709 -2.03244068 -1.66533263 -1.90668526
 -3.42833757 -3.31510039 -5.71677085 -2.95835221 -3.31510039 -2.30258509
 -3.52596235 -3.37957292 -2.30258509 -3.31510039 -3.68645892 -4.85905224]
log likelihood =  -3251.41639237
Edge derivatives =  [-0.10067224412719125, -0.5005193152666518, -0.7382510804751792, -1.6647480266903039, 0.011472098525412922, -0.7277346319124753, 0.09028216988841796, 0.47827233609157294, 0.3302913059830696, 0.4323419004823196, 0.4782723360915765, -8.139140573413327e-16, -0.2909362387068451, 1.0761964138587898, -9.520068830552938e-16, 0.4782723360915815, -1.0610887779138805, 0.4707511572159121]
other derivatives: [ 23.0574642   -7.07850631 -12.45184649   0.13505996   1.0425083    0.        ]
Current x array =  [-0.68514125 -0.76859762 -0.48547019  0.99250623 -1.10388101  0.33647224
 -0.10948805 -5.51569402 -2.49347289 -2.01434886 -1.66583997 -1.89500853
 -3.41756055 -3.34371966 -5.77970424 -2.93073844 -3.34371966 -2.30258509
 -3.51060687 -3.43870698 -2.30258509 -3.34371966 -3.65116983 -4.75921185]
log likelihood =  -3251.10252289
Edge derivatives =  [-0.39945415707090876, -0.5940798977895334, -0.48084139381451524, -1.131098575004223, 0.03857261490570146, -0.5425930965021565, 0.10468801022045288, 0.1681708648728017, 0.2782163491108205, 0.9236401266458273, 0.1681708648728043, 3.5359211415879875e-15, -0.18953740023675736, 0.49119542783698916, 3.510179726477982e-15, 0.16817086487280541, -0.7671394362865052, 0.7244126636022655]
other derivatives: [ 3.02029548 -0.94428287 -3.91491994  1.42140379 -0.24110705  0.        ]
Current x array =  [-0.66821354 -0.77941496 -0.49511535  0.98208504 -1.09641538  0.33647224
 -0.111121   -5.34660723 -2.4996761  -2.02816283 -1.66545259 -1.90392427
 -3.42578932 -3.32186748 -5.73165159 -2.95182288 -3.32186748 -2.30258509
 -3.52233151 -3.39355529 -2.30258509 -3.32186748 -3.67811473 -4.83544476]
log likelihood =  -3251.05077755
Edge derivatives =  [0.217791907804905, -0.560981006419171, -0.5438189920561818, -1.2464020097084578, 0.0841934804185627, -0.5162180646007692, 0.11683821250727161, 0.29452056414040245, 0.286880093529159, 0.6164650309359019, 0.2945205641404044, -6.862330617774576e-16, -0.21882976438943924, 0.7272420437509117, -6.569703577116547e-16, 0.29452056414040584, -0.8365512909025041, 0.6140050306984819]
other derivatives: [ 0.61759238 -0.3992227  -1.79234121 -0.2872639   0.60672392  0.        ]
Current x array =  [-0.66603179 -0.78086786 -0.49692153  0.99561537 -1.10132117  0.33647224
 -0.11138602 -5.40166777 -2.49836235 -2.02516987 -1.66712554 -1.90382991
 -3.42309879 -3.33137271 -5.74208432 -2.93815219 -3.33137271 -2.30258509
 -3.51952411 -3.41143048 -2.30258509 -3.33137271 -3.67195742 -4.80173573]
log likelihood =  -3251.01524915
Edge derivatives =  [0.20648358095873726, -0.5396145018969076, -0.45621296509336273, -1.009426072392431, 0.10887770172336027, -0.45214416749257036, 0.09504020737861353, 0.3109210915700267, 0.2917865512697601, 0.3703899485429924, 0.3109210915700302, 2.8002038510383123e-15, -0.243816967929033, 0.7685455935492855, 2.8620554116829912e-15, 0.3109210915700341, -0.8325206756736884, 0.5589907776041628]
other derivatives: [ 0.3126388  -0.07371455 -0.32414391 -1.17443051  0.81422513  0.        ]
Current x array =  [-0.66566975 -0.78157778 -0.49826665  1.00307968 -1.10189606  0.33647224
 -0.11021352 -5.43959752 -2.50054033 -2.03066194 -1.66715407 -1.9067869
 -3.4203168  -3.33285144 -5.75152832 -2.9265062  -3.33285144 -2.30258509
 -3.51829117 -3.41400257 -2.30258509 -3.33285144 -3.67254505 -4.78544987]
log likelihood =  -3250.93891405
Edge derivatives =  [0.008398126318459709, -0.4819297303512201, -0.12597476661336213, -0.1894138976568594, 0.1251093704603146, -0.2997158513147773, 0.0035606354195452383, 0.283311584633518, 0.3070889869535178, -0.20084741904693273, 0.283311584633522, -3.952348601121697e-15, -0.31902976234743163, 0.7587039301077968, -4.0845519202056e-15, 0.2833115846335221, -0.8067429637185587, 0.42481121859030074]
other derivatives: [-0.5286438  -0.26807356  1.30185072 -2.24922587  0.7464223   0.        ]
Current x array =  [-0.66489538 -0.7812091  -0.49988109  1.01249308 -1.09938476  0.33647224
 -0.10855773 -5.55207118 -2.5085348  -2.05050115 -1.66555933 -1.91513187
 -3.41149737 -3.3315991  -5.78365511 -2.89948526 -3.3315991  -2.30258509
 -3.51458606 -3.41180914 -2.30258509 -3.3315991  -3.67558701 -4.74692856]
log likelihood =  -3250.90478106
Edge derivatives =  [0.04182549080807704, -0.4080088424751205, 0.2403174856182847, 0.6541425689793174, 0.19621498586830244, -0.12292261064526022, -0.09032797276906249, 0.2584646855930094, 0.3321168960076707, -0.6983353180450994, 0.2584646855930111, 7.878928761520529e-16, -0.37269180358124143, 0.7221236476919226, 8.093228142576722e-16, 0.2584646855930133, -0.7563454595118816, 0.2331834347622738]
other derivatives: [ 5.25328687  5.38234417  5.93704499 -1.2144028   0.59353624  0.        ]
Current x array =  [-0.66914016 -0.79133434 -0.50461902  1.0024722  -1.09952873  0.33647224
 -0.10890351 -5.71813701 -2.51681424 -2.07023058 -1.66374989 -1.92482734
 -3.4003655  -3.32939038 -5.83089908 -2.87519091 -3.32939038 -2.30258509
 -3.51095848 -3.40719255 -2.30258509 -3.32939038 -3.68015103 -4.69189619]
log likelihood =  -3250.83676268
Edge derivatives =  [0.138284683499113, -0.3817971911761241, 0.4110108991393589, 1.0425033544125428, 0.08787853839824815, -0.08571675765750741, -0.17643070974136027, 0.18587436550031494, 0.3375263239441801, -0.9569822503915458, 0.18587436550031433, -5.422589306324861e-16, -0.4180574518845199, 0.6188536943361634, -4.0711536902078927e-16, 0.1858743655003149, -0.7176264653211094, 0.16098488361340224]
other derivatives: [ 0.64978849  0.97998054  2.33367246 -1.00162652  0.12296368  0.        ]
Current x array =  [-0.6657715  -0.78302884 -0.50129708  1.00120265 -1.09435622  0.33647224
 -0.11122451 -5.7860671  -2.52113692 -2.08107446 -1.65976202 -1.92907869
 -3.39494099 -3.32500734 -5.85151859 -2.8634502  -3.32500734 -2.30258509
 -3.50960297 -3.39884096 -2.30258509 -3.32500734 -3.68468372 -4.67378182]
log likelihood =  -3250.81232195
Edge derivatives =  [0.14098716601408665, -0.36923537228570674, 0.42348474379362233, 1.0513257447762778, 0.02561133156299074, -0.09930373937019443, -0.20851344328557947, 0.1460003791274696, 0.3425481269224684, -0.9091956055962602, 0.14600037912747083, -2.670766464220726e-16, -0.42025070879787585, 0.544054884518871, -1.5523926957200072e-16, 0.14600037912747002, -0.6960091367343876, 0.13408098157286458]
other derivatives: [-0.36798156 -0.36388883  0.19995241  0.08062671 -0.22673703  0.        ]
Current x array =  [-0.66514301 -0.78041099 -0.4994026   0.99204798 -1.09245449  0.33647224
 -0.11296374 -5.8208255  -2.52144502 -2.08173556 -1.65755131 -1.92971262
 -3.39305786 -3.32218622 -5.86248946 -2.86518706 -3.32218622 -2.30258509
 -3.50969188 -3.39327992 -2.30258509 -3.32218622 -3.68693892 -4.66663806]
log likelihood =  -3250.7935924
Edge derivatives =  [0.1522984088913156, -0.3531597751803392, 0.39548830653729156, 0.9727773585044235, -0.021311667800849962, -0.0972688411305701, -0.23642427969810892, 0.11286342947999947, 0.3494009828945782, -0.8445859078845842, 0.11286342948000094, -2.2505409895596202e-17, -0.408102129704371, 0.4650833605853836, 1.9582153433453077e-18, 0.11286342948000026, -0.6545289506033929, 0.09122177530990896]
other derivatives: [-0.48639777 -0.39558472 -1.27552084  1.05346771 -0.40313353  0.        ]
Current x array =  [-0.66514931 -0.78028935 -0.49806394  0.98363789 -1.09245585  0.33647224
 -0.11410808 -5.86616267 -2.52073276 -2.07984696 -1.65535769 -1.93099891
 -3.39122805 -3.31959697 -5.87491538 -2.86746715 -3.31959697 -2.30258509
 -3.51067968 -3.38735231 -2.30258509 -3.31959697 -3.69094581 -4.65495238]
log likelihood =  -3250.76311486
Edge derivatives =  [0.13712092553842167, -0.328598105080994, 0.2573789347000629, 0.6705755190701167, -0.099658973167414, -0.08644140174058157, -0.2777977929722969, 0.04936587707566399, 0.3607950211223262, -0.6757967344960125, 0.0493658770756652, 1.6618353335261562e-17, -0.3735975835482263, 0.3113849578075877, 2.0765044844414838e-17, 0.049365877075667156, -0.5593958744332619, 0.020529307164155432]
other derivatives: [-0.01646185 -1.25537554 -0.80431164  1.95473149 -0.45470188  0.        ]
Current x array =  [-0.66558239 -0.77866679 -0.49869802  0.97530017 -1.09297581  0.33647224
 -0.11494211 -5.93849912 -2.51778237 -2.07246054 -1.65147707 -1.93327264
 -3.38934389 -3.31496892 -5.89253046 -2.87400888 -3.31496892 -2.30258509
 -3.51401447 -3.37588151 -2.30258509 -3.31496892 -3.70027788 -4.636198  ]
log likelihood =  -3250.85585269
Edge derivatives =  [-0.008151509849854244, -0.2348795973255193, -0.10024569637910616, -0.21648367385024408, -0.27713138396996506, 0.10383455950197212, -0.41959696674410035, -0.09566238591422638, 0.4031667961594186, -0.4395238520271453, -0.09566238591422449, -8.839240443463277e-17, -0.18693576157002276, -0.21768203133791703, -8.855751040070345e-17, -0.09566238591422249, -0.12329141898937482, -0.3991490411646979]
other derivatives: [ -3.48441063   6.5668246  -15.38805918   2.45881893  -0.5543825    0.        ]
Current x array =  [-0.6632724  -0.7942131  -0.4838869   0.97351765 -1.10084088  0.33647224
 -0.11369988 -6.27655182 -2.5089423  -2.04908777 -1.64048042 -1.94998548
 -3.38083708 -3.30209279 -5.96622927 -2.88132327 -3.30209279 -2.30258509
 -3.5291727  -3.33761723 -2.30258509 -3.30209279 -3.74357739 -4.53115372]
log likelihood =  -3250.73795794
Edge derivatives =  [0.100976663194878, -0.2954938100768551, 0.1452601596289446, 0.39388278201299565, -0.15387092842673689, -0.02475535659984396, -0.3221322603348117, 0.004089152214372727, 0.37495481420202464, -0.6001513729679094, 0.00408915221437281, 5.8422030615534166e-15, -0.3141924075187112, 0.14680266001743553, 5.7729671886626994e-15, 0.004089152214372935, -0.4190760912625671, -0.10706138080630476]
other derivatives: [-1.11112968  1.25055521 -5.3086751   2.11384759 -0.48321454  0.        ]
Current x array =  [-0.66485223 -0.78358081 -0.49401639  0.97473674 -1.09546187  0.33647224
 -0.11454945 -6.0453538  -2.51498812 -2.06507267 -1.64800115 -1.93855538
 -3.38665498 -3.31089892 -5.91582583 -2.87632088 -3.31089892 -2.30258509
 -3.51880582 -3.3637866  -2.30258509 -3.31089892 -3.71396437 -4.60299468]
log likelihood =  -3250.6956799
Edge derivatives =  [0.06463784467045156, -0.269602156966786, -0.07624348664846142, -0.07008027749581458, -0.22023884143281888, 0.03067816111416133, -0.3647233428570774, -0.07893485039973233, 0.3880019212276164, -0.387068007365983, -0.07893485039973118, 1.9226976899161933e-15, -0.2498180484739623, -0.07240895370917391, 1.782543485237712e-15, -0.07893485039973103, -0.25732340226986944, -0.2080647256531486]
other derivatives: [-0.2359684   0.20527295 -2.58851287  1.88119884 -0.21618689  0.        ]
Current x array =  [-0.66550101 -0.78176947 -0.49666723  0.97586085 -1.09709546  0.33647224
 -0.11382192 -6.1360036  -2.51050817 -2.05364416 -1.64377922 -1.94306578
 -3.38578303 -3.30503679 -5.93374041 -2.88469091 -3.30503679 -2.30258509
 -3.52542902 -3.34769453 -2.30258509 -3.30503679 -3.73025548 -4.57797774]
log likelihood =  -3250.66993651
Edge derivatives =  [0.01156149767803255, -0.24945521119073402, -0.2339427402317822, -0.3930500550913173, -0.23148926520963292, 0.10429298589659175, -0.38246387422436046, -0.12780070083730655, 0.3982376680626704, -0.26444959783204625, -0.1278007008373074, 1.7237611923327848e-15, -0.18680686212760825, -0.22624608965405607, 1.5973489914212635e-15, -0.12780070083730805, -0.11044421783338912, -0.3033042521558489]
other derivatives: [ 0.52614268 -0.27293936 -0.22332642  0.60304046  0.15843398  0.        ]
Current x array =  [-0.66601845 -0.78111629 -0.49877141  0.98648021 -1.09855063  0.33647224
 -0.11191524 -6.21212906 -2.50757844 -2.04550673 -1.6417796  -1.94764024
 -3.38650476 -3.30162208 -5.94530626 -2.88946568 -3.30162208 -2.30258509
 -3.53205042 -3.3364339  -2.30258509 -3.30162208 -3.74531801 -4.55520061]
log likelihood =  -3250.66411889
Edge derivatives =  [-0.057172638564391254, -0.24555522243542946, -0.23297823831620185, -0.39655250304648304, -0.20358068111880168, 0.1282922782407267, -0.3611740979217269, -0.127424416831653, 0.3991715408336637, -0.21917264175348927, -0.1274244168316523, 4.063394233827422e-15, -0.16153870209234256, -0.2419573770585945, 4.0229709199765525e-15, -0.1274244168316505, -0.07120573713648448, -0.31875305567237044]
other derivatives: [-1.063745    0.2660272   0.92468326  0.02760316  0.17430466  0.        ]
Current x array =  [-0.66467774 -0.78216994 -0.49991135  0.99162018 -1.09815349  0.33647224
 -0.11106802 -6.22751612 -2.50795111 -2.04534615 -1.64272766 -1.94840879
 -3.38861668 -3.30171251 -5.94473855 -2.89146947 -3.30171251 -2.30258509
 -3.53456492 -3.33532573 -2.30258509 -3.30171251 -3.74941247 -4.55158888]
log likelihood =  -3250.65891052
Edge derivatives =  [-0.08409028174468683, -0.2438961298845453, -0.2038756790963003, -0.3435790000132388, -0.16033785234913894, 0.14181095879212047, -0.330133135902369, -0.11532772865231225, 0.40019395053113044, -0.17172218147022314, -0.11532772865231315, -5.178399392777665e-15, -0.13464194110351413, -0.23464551364763003, -5.1385161457200285e-15, -0.11532772865231239, -0.039394703447192404, -0.31969967226943485]
other derivatives: [ 0.12337296  0.22214408  0.64269443 -0.66243047  0.1978151   0.        ]
Current x array =  [-0.6656211  -0.78208268 -0.49945167  0.99796577 -1.09726438  0.33647224
 -0.11029832 -6.23395409 -2.5089074  -2.04633344 -1.6443611  -1.94850494
 -3.39176832 -3.30245114 -5.94106284 -2.89366918 -3.30245114 -2.30258509
 -3.53711436 -3.33573473 -2.30258509 -3.30245114 -3.75268366 -4.55140028]
log likelihood =  -3250.65152071
Edge derivatives =  [-0.10129236332282798, -0.24126308399934562, -0.12063629633523104, -0.19126821743704653, -0.10723806723832646, 0.14642035657639968, -0.28257045049549945, -0.09783451265665008, 0.4003799451609088, -0.10546674499234852, -0.09783451265665163, -9.00162629082499e-16, -0.10622966268138423, -0.21069334997096595, -9.278049569185499e-16, -0.09783451265665188, -0.014867502552282051, -0.3160214594719466]
other derivatives: [-0.18694664  0.37080099  0.47944013 -0.88111847  0.07275958  0.        ]
Current x array =  [-0.66536565 -0.78226443 -0.49929299  1.00024704 -1.09565061  0.33647224
 -0.11026499 -6.24494625 -2.51118926 -2.0498523  -1.64672723 -1.94777539
 -3.39601091 -3.30360244 -5.93754347 -2.8967059  -3.30360244 -2.30258509
 -3.53974404 -3.33734285 -2.30258509 -3.30360244 -3.75524514 -4.55224049]
log likelihood =  -3250.62653678
Edge derivatives =  [-0.03181608915502698, -0.22754794150177984, 0.1299926978158904, 0.2095777026937763, 0.10823286137814773, 0.13698137470869287, -0.06639653413705729, -0.019860770522486595, 0.40174993393352065, 0.27660115770374827, -0.01986077052248679, -4.1901597851523676e-17, 0.03435325928551332, -0.11284051026905617, -5.498839628192422e-17, -0.01986077052248446, 0.10171361341930749, -0.29706013098741646]
other derivatives: [ 0.30736373  0.46197783 -0.24897417 -0.9105861  -0.08917596  0.        ]
Current x array =  [-0.66572696 -0.7820887  -0.49858243  1.0011601  -1.09302512  0.33647224
 -0.11092001 -6.30382631 -2.51831266 -2.05865756 -1.65622907 -1.94306068
 -3.41577931 -3.30838856 -5.9216811  -2.91393744 -3.30838856 -2.30258509
 -3.55231782 -3.34365555 -2.30258509 -3.30838856 -3.76724608 -4.55612506]
log likelihood =  -3250.61007124
Edge derivatives =  [-0.17114779688145712, -0.2112660471851479, 0.2024820714224578, 0.285026014008156, 0.17805156136190828, 0.08270977201940155, 0.08755215882180502, 0.03214448173529677, 0.39738666118899785, 0.4329706988004236, 0.03214448173529742, -1.1267763626572352e-16, 0.1312116463372099, -0.03338958329694457, -1.009598534258574e-16, 0.03214448173529742, 0.19492151692847431, -0.2919441171454387]
other derivatives: [-1.81471478 -0.86847649 -1.15496732 -0.61468199 -0.08690222  0.        ]
Current x array =  [-0.6640929  -0.77956575 -0.49783707  0.99885325 -1.09307739  0.33647224
 -0.11075258 -6.37848152 -2.52069411 -2.06029723 -1.66059582 -1.93811746
 -3.43128725 -3.31165711 -5.90723176 -2.92085685 -3.31165711 -2.30258509
 -3.56200973 -3.34832923 -2.30258509 -3.31165711 -3.77707803 -4.55722093]
log likelihood =  -3250.59061877
Edge derivatives =  [-0.16294701778274903, -0.18767932397215084, 0.2975597168803562, 0.38909856238905466, 0.26228770348859065, -0.013127121796441044, 0.2976506915727827, 0.112711091275867, 0.39032729074617806, 0.5722227252585085, 0.11271109127586952, -3.9172755148340585e-17, 0.2576670301428507, 0.09751411389028278, 1.3247592515677056e-17, 0.11271109127587182, 0.3132396546307954, -0.2879389673047245]
other derivatives: [-0.47580215  0.11978045 -0.22851054  0.32509888 -0.06448317  0.        ]
Current x array =  [-0.66505976 -0.78108672 -0.49890361  0.99042949 -1.09405937  0.33647224
 -0.11135316 -6.49699658 -2.52332227 -2.0620555  -1.66554183 -1.93063605
 -3.45213654 -3.31629333 -5.88771221 -2.92641036 -3.31629333 -2.30258509
 -3.57443344 -3.35579281 -2.30258509 -3.31629333 -3.78925215 -4.55721699]
log likelihood =  -3250.57479129
Edge derivatives =  [-0.018324056027702207, -0.1719705706748647, 0.18549690250490047, 0.1459846330118038, 0.18645440590999127, -0.09967686239484586, 0.35939975104453165, 0.13080895619925675, 0.3806552161118312, 0.4566877421225747, 0.1308089561992592, -1.5076641493738454e-15, 0.2931396390949531, 0.1428443748027345, -1.516701493490338e-15, 0.13080895619926075, 0.3651281580055244, -0.2968119431380552]
other derivatives: [-0.67980181 -0.83105078 -0.38585313  0.7557901   0.14811121  0.        ]
Current x array =  [-0.66493446 -0.77938184 -0.49880207  0.98607414 -1.09626566  0.33647224
 -0.1121982  -6.58426114 -2.52026859 -2.05627118 -1.66378363 -1.92673524
 -3.46021309 -3.31718684 -5.87552113 -2.92049961 -3.31718684 -2.30258509
 -3.5791523  -3.357646   -2.30258509 -3.31718684 -3.79473201 -4.55511099]
log likelihood =  -3250.54498512
Edge derivatives =  [0.10612852067954312, -0.1477775143653603, -0.03302726523567695, -0.2664867553323041, 0.0034686704471911106, -0.28140475798301734, 0.44662369401284563, 0.16887125084694238, 0.3517544532273841, 0.015661348814003065, 0.16887125084694482, -9.126011592282093e-16, 0.308552426890048, 0.27147817437383237, -9.743355440321022e-16, 0.16887125084694446, 0.39064920211222537, -0.27692653705872217]
other derivatives: [-0.22259883 -0.22942004  0.53255462  1.04205355  0.27066562  0.        ]
Current x array =  [-0.66528647 -0.78053133 -0.49973792  0.98300554 -1.09816139  0.33647224
 -0.11270124 -6.73549221 -2.5135221  -2.04676543 -1.6591683  -1.91923196
 -3.47206783 -3.31921619 -5.84237587 -2.8997106  -3.31921619 -2.30258509
 -3.58324639 -3.36433399 -2.30258509 -3.31921619 -3.7971793  -4.55986535]
log likelihood =  -3250.51627232
Edge derivatives =  [0.0026969247171646227, -0.1247935340770952, -0.20978001305392002, -0.5578359196835105, -0.13760638626994098, -0.3741859525989506, 0.47821847649577987, 0.16167566582671522, 0.3190118526245468, -0.3549291134526702, 0.16167566582671683, -1.217429751662559e-15, 0.30428951484332756, 0.3020815076608455, -1.3096010159012655e-15, 0.16167566582671983, 0.39890472089764095, -0.25648891065983526]
other derivatives: [ 0.0777618  -0.09545147 -0.62127583  0.73846422  0.1279659   0.        ]
Current x array =  [-0.66564865 -0.78085861 -0.4984678   0.98613919 -1.09729499  0.33647224
 -0.11210556 -6.90464064 -2.50758994 -2.0405039  -1.65518135 -1.91648006
 -3.47910501 -3.31832596 -5.80514397 -2.88296467 -3.31832596 -2.30258509
 -3.58525985 -3.36489155 -2.30258509 -3.31832596 -3.79795813 -4.56511951]
log likelihood =  -3250.53096757
Edge derivatives =  [0.46190578608167665, -0.0916099467077726, -0.2991931908286443, -0.43390478571062163, -0.2499201203630425, -0.49233990950594475, 0.550825290453336, 0.15217092665788107, 0.210783189521554, -1.204893494058889, 0.15217092665788404, 3.555181755942522e-15, 0.1904542154435585, 0.491934648428634, 3.5320896520455674e-15, 0.15217092665788828, 0.22958916758145415, -0.0773068912026601]
other derivatives: [ 2.94953679 -3.65212145  8.27335498 -0.9481937   0.19076651  0.        ]
Current x array =  [-0.66771915 -0.7740098  -0.50758956  0.99909684 -1.0912057   0.33647224
 -0.1134831  -7.21131678 -2.50204108 -2.04600866 -1.653148   -1.91065235
 -3.49209936 -3.31898671 -5.690257   -2.84710453 -3.31898671 -2.30258509
 -3.58101276 -3.37577002 -2.30258509 -3.31898671 -3.78012643 -4.61138421]
log likelihood =  -3250.4976463
Edge derivatives =  [0.2013079346939324, -0.10935170559212948, -0.24770478713871638, -0.5043902440373407, -0.1853147911471808, -0.42438142012814317, 0.5094585809036227, 0.1577240424838064, 0.2750330838305144, -0.7141108200482486, 0.157724042483808, 2.161335541764202e-15, 0.255585767635224, 0.3834560568979826, 2.1884858365459427e-15, 0.15772404248381092, 0.3270555140594642, -0.17886410208211007]
other derivatives: [ 1.30771696 -1.60580385  3.21847438  0.01741682  0.15506885  0.        ]
Current x array =  [-0.66653332 -0.77793231 -0.50236527  0.99167562 -1.09469321  0.33647224
 -0.11269414 -7.03567453 -2.50521908 -2.04285592 -1.65431256 -1.91399005
 -3.48465712 -3.31860828 -5.75605608 -2.86764267 -3.31860828 -2.30258509
 -3.58344519 -3.36953961 -2.30258509 -3.31860828 -3.79033916 -4.58488709]
log likelihood =  -3250.46460658
Edge derivatives =  [0.06287212253988678, -0.09055941722403588, -0.2661910595690051, -0.4364562042424768, -0.22938052835905282, -0.4318291438160481, 0.5185795762784959, 0.12742266766553312, 0.22321960900393645, -1.0048075958968141, 0.12742266766553573, 2.1944787853574881e-16, 0.2223982670581436, 0.3747359929502993, 2.4858025532454333e-16, 0.127422667665539, 0.26953665937739996, -0.11483993721393493]
other derivatives: [ 0.48444235 -0.31041054  0.36116035 -0.48967195 -0.33069227  0.        ]
Current x array =  [-0.66604368 -0.78031226 -0.49934866  0.9976043  -1.09095384  0.33647224
 -0.11221677 -7.2250625  -2.50242254 -2.04538819 -1.6533191  -1.91465434
 -3.48851228 -3.31629338 -5.70225953 -2.8556064  -3.31629338 -2.30258509
 -3.58186192 -3.36834453 -2.30258509 -3.31629338 -3.78410611 -4.60104407]
log likelihood =  -3250.43651926
Edge derivatives =  [-0.014561719638608805, -0.07750528919868462, -0.1498774554684575, -0.10962698263600051, -0.14582041532783482, -0.3438114942982974, 0.5117780822319911, 0.08130595308015766, 0.17509437043136852, -1.0190715494931954, 0.08130595308016045, 1.2180715726482386e-15, 0.1878665722393194, 0.3155028813562737, 1.3156460242467111e-15, 0.0813059530801635, 0.19347818986475196, -0.04422043247778126]
other derivatives: [-0.00795808  0.45997695 -1.31130946 -0.86006366 -0.68384907  0.        ]
Current x array =  [-0.66573417 -0.78165502 -0.49760268  1.00191508 -1.0876397   0.33647224
 -0.11203392 -7.38131374 -2.50344517 -2.05392301 -1.65575765 -1.91844702
 -3.4890068  -3.31323735 -5.65311056 -2.85586673 -3.31323735 -2.30258509
 -3.5790311  -3.36456401 -2.30258509 -3.31323735 -3.7760205  -4.61902153]
log likelihood =  -3250.39970848
Edge derivatives =  [-0.08988613160501918, -0.06077963552795117, 0.013151566003695186, 0.3344270874366301, 0.025371208120266428, -0.1448512186436135, 0.47224684588905597, -0.014823881869666558, 0.09860784004960266, -0.843896732444069, -0.014823881869666378, 2.829682920589762e-15, 0.13348863964367297, 0.15555679634288233, 2.7881319863469242e-15, -0.014823881869665406, 0.07561756735838118, 0.05162201918339681]
other derivatives: [-2.4718247   1.36756171 -1.56492206 -0.92400114 -0.84564817  0.        ]
Current x array =  [-0.66377509 -0.7833435  -0.49740077  1.00304318 -1.08639454  0.33647224
 -0.11181549 -7.6247723  -2.50510524 -2.06564931 -1.65973195 -1.92687036
 -3.48566795 -3.3071033  -5.58136845 -2.8647841  -3.3071033  -2.30258509
 -3.57381956 -3.3545178  -2.30258509 -3.3071033  -3.76361187 -4.64379413]
log likelihood =  -3250.39260615
Edge derivatives =  [-0.22663391874520278, -0.044131893913140076, 0.24075859703037433, 0.9162475989100349, 0.32191061417919054, 0.17131388921545654, 0.37376474126530024, -0.15439803386736387, -0.004883179407489563, -0.37666118059740816, -0.1543980338673644, -2.715272398157547e-16, 0.06643974957414144, -0.12303358449433546, -2.620837523723678e-16, -0.1543980338673691, -0.07501625751718188, 0.1679307391792046]
other derivatives: [ 5.04469426 -0.54355951 -4.69485713 -0.78612175 -0.54301381  0.        ]
Current x array =  [-0.6699621  -0.77975941 -0.49384111  1.00210083 -1.08802215  0.33647224
 -0.1106668  -7.94474666 -2.5080413  -2.08021002 -1.66556551 -1.94078506
 -3.47686057 -3.29787087 -5.48927922 -2.88709522 -3.29787087 -2.30258509
 -3.56629584 -3.33702458 -2.30258509 -3.29787087 -3.74774003 -4.67446577]
log likelihood =  -3250.35992167
Edge derivatives =  [-0.15772423601448587, -0.04380295343367791, 0.14451191189271995, 0.6890913278695766, 0.26797849203587104, 0.14446367113497793, 0.3876512423406775, -0.15195164460432475, 0.0037593791939707338, -0.3613885052577116, -0.15195164460432248, 7.257255483070241e-16, 0.08727834583645488, -0.12760977317295097, 6.708797072429283e-16, -0.15195164460432603, -0.03249436082058923, 0.1397871177461617]
other derivatives: [-0.37130121  0.32791831 -1.51767381 -0.31209311 -0.35297489  0.        ]
Current x array =  [-0.66544553 -0.78152276 -0.49734026  0.99701838 -1.0909002   0.33647224
 -0.11112286 -7.9518951  -2.50628976 -2.07469395 -1.66383262 -1.93953726
 -3.47779675 -3.29819114 -5.49804953 -2.8873785  -3.29819114 -2.30258509
 -3.56841441 -3.33650754 -2.30258509 -3.29819114 -3.75214689 -4.66674459]
log likelihood =  -3250.35180393
Edge derivatives =  [-0.10576160241680332, -0.04217919257699882, 0.048886153756122014, 0.47371927645670747, 0.23048085927267847, 0.13562995844163805, 0.38232733772909394, -0.15988284810690806, 0.004610413775546385, -0.31055752062687947, -0.15988284810690723, 4.2315057616574283e-16, 0.10338491502038598, -0.16023557881892475, 5.394137081333174e-16, -0.1598828481069089, 0.0021821842731165747, 0.11898650951411094]
other derivatives: [-1.08288987  0.13292265 -0.35247467  0.07416929 -0.0693035   0.        ]
Current x array =  [-0.66482713 -0.78127884 -0.4985806   0.9928716  -1.09401091  0.33647224
 -0.11123903 -7.98927932 -2.50429261 -2.06924474 -1.66205445 -1.93951375
 -3.4775805  -3.29760839 -5.49888693 -2.88935433 -3.29760839 -2.30258509
 -3.56994128 -3.33406696 -2.30258509 -3.29760839 -3.75566343 -4.66100433]
log likelihood =  -3250.34580884
Edge derivatives =  [-0.038407073480004716, -0.03840283272271029, -0.06321271110007995, 0.22632832799798108, 0.18673971935395683, 0.13982981020672813, 0.3600552004470363, -0.18072448365679017, -0.008384463154097643, -0.22289664735657438, -0.18072448365678867, -4.4350106553896734e-17, 0.11653856497258304, -0.2279370632465475, -4.4351947462552e-17, -0.18072448365679272, 0.032196076948986144, 0.10408225976040779]
other derivatives: [-0.29131115  0.21550477  0.48448783  0.35765879  0.20108928  0.        ]
Current x array =  [-0.66542445 -0.78153451 -0.49938889  0.98973463 -1.09690882  0.33647224
 -0.11125647 -8.0826053  -2.50174292 -2.06293219 -1.65961029 -1.94059488
 -3.47598197 -3.29611617 -5.48788285 -2.89319151 -3.29611617 -2.30258509
 -3.57099328 -3.32941464 -2.30258509 -3.29611617 -3.75862971 -4.65674458]
log likelihood =  -3250.34210914
Edge derivatives =  [-0.00383072535578749, -0.03468334890536548, -0.14537189948946158, 0.03484855194602854, 0.13225303754028067, 0.13854217765771315, 0.32593114963488684, -0.19850149374038162, -0.029742126020932833, -0.13946773868126416, -0.19850149374038445, 7.350575736747224e-16, 0.116367292002798, -0.2850835602244796, 6.315137088963464e-16, -0.19850149374038822, 0.03996246594738973, 0.10091206125247376]
other derivatives: [-0.36020538 -0.65215318  0.14479156  0.39372026  0.33451215  0.        ]
Current x array =  [-0.66542359 -0.78004203 -0.49902585  0.98920384 -1.09809685  0.33647224
 -0.11131531 -8.18432691 -2.50008511 -2.05822519 -1.65723665 -1.94158
 -3.47311293 -3.29513793 -5.47061236 -2.89734413 -3.29513793 -2.30258509
 -3.57080634 -3.32592929 -2.30258509 -3.29513793 -3.75947351 -4.65595519]
log likelihood =  -3250.33761775
Edge derivatives =  [0.1033989839415701, -0.030128399852983507, -0.2558328017323452, -0.2631933930051756, 0.008564811517625337, 0.09393565051554431, 0.26982969784453603, -0.19978179359228193, -0.0557043357123208, -0.028446310026512822, -0.19978179359228432, -4.2188293780967706e-15, 0.12008505378274152, -0.33790226970739623, -4.236859567683023e-15, -0.19978179359228845, 0.05751192086167226, 0.08988983500080563]
other derivatives: [ 1.51626409  0.47966751  0.50372364  0.18849278  0.25011104  0.        ]
Current x array =  [-0.66691994 -0.78212153 -0.4992588   0.9910901  -1.09741341  0.33647224
 -0.11152515 -8.3248451  -2.49837314 -2.05042977 -1.65255173 -1.94163383
 -3.46714101 -3.29527257 -5.44876428 -2.90308104 -3.29527257 -2.30258509
 -3.57009553 -3.32321624 -2.30258509 -3.29527257 -3.76118148 -4.65266457]
log likelihood =  -3250.33370875
Edge derivatives =  [0.07223306271261884, -0.02968381530337995, -0.24159100504179934, -0.2645566184873816, -0.029106338205853594, 0.06990131556893975, 0.2512729761967308, -0.18734349837663705, -0.06104111155343185, -0.012135234188363625, -0.18734349837663794, -2.7127230726322082e-15, 0.11202971363877819, -0.3215177683938428, -2.7580347152080746e-15, -0.1873434983766411, 0.047535990371550346, 0.09195759225810515]
other derivatives: [ 0.78343874  0.07512426 -0.07812559 -0.01973604  0.09722498  0.        ]
Current x array =  [-0.66638346 -0.78136194 -0.49869938  0.99329428 -1.09576282  0.33647224
 -0.11153969 -8.33994677 -2.49932096 -2.05038336 -1.65172227 -1.94096455
 -3.46468738 -3.29646279 -5.44446779 -2.90434855 -3.29646279 -2.30258509
 -3.56901232 -3.32490972 -2.30258509 -3.29646279 -3.7602885  -4.65339679]
log likelihood =  -3250.32926646
Edge derivatives =  [0.00936328832693828, -0.029554385851639563, -0.19224827311341072, -0.24885839614027455, -0.10356005599410222, 0.0128721347650127, 0.2127381337613059, -0.14865208852446976, -0.06088195767631158, 0.04292712157492863, -0.14865208852446882, 2.1238441809044285e-15, 0.10072269558911212, -0.2717979579486111, 2.112937021758944e-15, -0.14865208852447476, 0.036170036917961425, 0.08694691870232078]
other derivatives: [-0.32096068 -0.07007657 -0.70613169 -0.37189238 -0.22992026  0.        ]
Current x array =  [-0.6655534  -0.78102772 -0.49812959  0.9970979  -1.09245332  0.33647224
 -0.11154202 -8.34473248 -2.5021359  -2.05046079 -1.65013304 -1.9391165
 -3.45878065 -3.29977963 -5.44348902 -2.90786308 -3.29977963 -2.30258509
 -3.56683963 -3.32960634 -2.30258509 -3.29977963 -3.75934485 -4.65223988]
log likelihood =  -3250.32675956
Edge derivatives =  [-0.025807910478689466, -0.02928764122807141, -0.1478876582753567, -0.21133376889168415, -0.13583171264423416, -0.015001335580228425, 0.18626678119852402, -0.12217821988036806, -0.06151739164431719, 0.07876147445362129, -0.12217821988036781, 2.3801805863551407e-16, 0.09223631043577955, -0.23574594753669664, 1.605245649355985e-16, -0.12217821988037075, 0.030039886107750456, 0.08241812576252856]
other derivatives: [-0.51782081 -0.16657395 -0.37866812 -0.4982212  -0.34610821  0.        ]
Current x array =  [-0.66538819 -0.78079714 -0.49850199  0.9983812  -1.0911118   0.33647224
 -0.11146753 -8.3538518  -2.50430549 -2.05108286 -1.64940849 -1.93810668
 -3.45455171 -3.30206165 -5.44232791 -2.91009641 -3.30206165 -2.30258509
 -3.56530235 -3.33286242 -2.30258509 -3.30206165 -3.75881842 -4.65107613]
log likelihood =  -3250.3231519
Edge derivatives =  [-0.08645828845667297, -0.028343062095666716, -0.046841964202014474, -0.2620884775291554, -0.2851201361603022, -0.14609523383885903, 0.09041407840356849, -0.004410113355643314, -0.04866348906708399, 0.19337611829010232, -0.0044101133556450345, 2.1696639311727722e-15, 0.08830973835097863, -0.09241777873417982, 2.2670926211699543e-15, -0.004410113355644604, 0.058513867994918124, 0.031471491601941744]
other derivatives: [-2.17742127  0.74128366 -1.52913344 -0.21700544 -0.51472853  0.        ]
Current x array =  [-0.66407574 -0.78248199 -0.49748885  0.99642308 -1.09088581  0.33647224
 -0.11150337 -8.38717702 -2.51090396 -2.04826718 -1.64562899 -1.93335989
 -3.43882235 -3.31133099 -5.44996887 -2.91702755 -3.31133099 -2.30258509
 -3.56145245 -3.3453645  -2.30258509 -3.31133099 -3.76191081 -4.63719757]
log likelihood =  -3250.31768122
Edge derivatives =  [-0.03952256681065697, -0.02753068343343536, 0.0472224648621338, -0.08785872533600553, -0.23978360617833674, -0.12364679596885164, 0.055091339927421795, 0.015918740850650176, -0.05811254756901339, 0.2226867538134966, 0.015918740850648816, -7.028134521893757e-20, 0.0656208244342585, -0.05391877202674708, -6.42646380781926e-20, 0.01591874085064933, 0.0364017245648871, 0.03668603431777881]
other derivatives: [-0.41363819 -0.17957973  0.28499016 -0.25997906 -0.32359821  0.        ]
Current x array =  [-0.66539121 -0.78070449 -0.49930576  0.99618015 -1.09141005  0.33647224
 -0.11143912 -8.41564772 -2.51404195 -2.05213583 -1.64676477 -1.93375228
 -3.43354299 -3.31336514 -5.44228713 -2.91897675 -3.31336514 -2.30258509
 -3.55877346 -3.34871531 -2.30258509 -3.31336514 -3.75966377 -4.63860278]
log likelihood =  -3250.31616946
Edge derivatives =  [0.005849717062525822, -0.02718396283765551, 0.04343924717689426, -0.08444440110202506, -0.20621991538568057, -0.10038757880887605, 0.05610375565958926, 0.011523033156631876, -0.059894477383786913, 0.21192458556501598, 0.011523033156632556, 7.420621363541204e-16, 0.06669742979349737, -0.05981063449940403, 7.759058804169111e-16, 0.011523033156631904, 0.04162036536714391, 0.03433453347306906]
other derivatives: [ 0.08594725 -0.15593287  0.38521648 -0.04829417 -0.12396413  0.        ]
Current x array =  [-0.66576318 -0.78079806 -0.49937835  0.99394728 -1.0934496   0.33647224
 -0.11146895 -8.42811313 -2.51363509 -2.05215566 -1.64746024 -1.93444978
 -3.43370347 -3.31292624 -5.44126851 -2.91827349 -3.31292624 -2.30258509
 -3.55891657 -3.34805793 -2.30258509 -3.31292624 -3.76010259 -4.63784584]
log likelihood =  -3250.31514933
Edge derivatives =  [0.04554614610417737, -0.02650350691794904, 0.04345499258959751, -0.08577822549579467, -0.16834168318674814, -0.07514169680264571, 0.04377165119743398, 0.01415146862712656, -0.0636442950315654, 0.20124529051135587, 0.014151468627126296, -3.4301747470852223e-15, 0.0635749479407673, -0.05618931374341693, -3.422777293794424e-15, 0.014151468627127115, 0.04593806359711555, 0.02878439096704086]
other derivatives: [ 0.26443558 -0.04561116  0.30777301  0.13187673  0.07298695  0.        ]
Current x array =  [-0.66588158 -0.7810753  -0.49927269  0.99204665 -1.09555016  0.33647224
 -0.11143934 -8.45328237 -2.51351377 -2.05200169 -1.64832923 -1.93519892
 -3.43208813 -3.31310116 -5.43877612 -2.91778922 -3.31310116 -2.30258509
 -3.55838478 -3.34833826 -2.30258509 -3.31310116 -3.76046652 -4.63624291]
log likelihood =  -3250.3140831
Edge derivatives =  [0.00621494246588028, -0.025770028100805992, 0.05723990695886377, -0.046202023547119275, -0.09890785926780248, -0.034127724040789564, 0.0199301008904567, 0.01912458749407396, -0.06910682918146077, 0.17090774497940453, 0.01912458749407378, -3.4110245388395624e-17, 0.050799033527795245, -0.04199124666120371, 3.538058961942041e-17, 0.019124587494079262, 0.04006483348881062, 0.025292655556199604]
other derivatives: [ 0.68921509 -0.01177796 -0.28203431  0.16902959  0.15620572  0.        ]
Current x array =  [-0.66622879 -0.78118765 -0.49862373  0.99174851 -1.09650128  0.33647224
 -0.11109863 -8.48134196 -2.51359281 -2.05296239 -1.65034572 -1.93639915
 -3.42919993 -3.31353685 -5.43500845 -2.91663932 -3.31353685 -2.30258509
 -3.55684558 -3.34958795 -2.30258509 -3.31353685 -3.75982251 -4.63526988]
log likelihood =  -3250.31275667
Edge derivatives =  [-0.032101341663464705, -0.023791555229380635, 0.04069141321384695, -0.05612334246654321, 0.00019316101045467604, 0.038642139575767676, -0.026841127294119013, 0.015502262329567904, -0.08638481467260568, 0.13488498615537242, 0.015502262329569652, 2.597158264005158e-15, 0.028309893772681546, -0.0417204310120476, 2.745031778015009e-15, 0.0155022623295714, 0.03222292908953136, 0.01896579128293206]
other derivatives: [ 0.24242581  0.18712853 -0.12710188  0.17571438  0.29958755  0.        ]
Current x array =  [-0.66584309 -0.78166522 -0.49875339  0.99153956 -1.09804766  0.33647224
 -0.11063649 -8.56104086 -2.51274877 -2.05290349 -1.65300803 -1.93883716
 -3.42399063 -3.31359005 -5.42309322 -2.91548406 -3.31359005 -2.30258509
 -3.55433797 -3.35012174 -2.30258509 -3.31359005 -3.75899546 -4.63358124]
log likelihood =  -3250.31182891
Edge derivatives =  [-0.04678317827168488, -0.022686760355085444, 0.03255442600355493, -0.061536855447976546, 0.043447966622494574, 0.06511872289871057, -0.06568459638340406, 0.020252300717132132, -0.0955577867949091, 0.10003818085166397, 0.020252300717134575, -4.094821954175525e-16, 0.008417114393359043, -0.0254586100368792, -4.1649775436486e-16, 0.020252300717134672, 0.023420768347790583, 0.012097023587736417]
other derivatives: [ 0.10895747  0.04488356 -0.38289727  0.07294148  0.19008439  0.        ]
Current x array =  [-0.66576053 -0.7813933  -0.49849816  0.99266846 -1.09688601  0.33647224
 -0.11069678 -8.60873581 -2.51242458 -2.05302349 -1.65444932 -1.93969434
 -3.41971938 -3.3142669  -5.41686506 -2.91443679 -3.3142669  -2.30258509
 -3.55216958 -3.35183446 -2.30258509 -3.3142669  -3.75818265 -4.63192206]
log likelihood =  -3250.31101603
Edge derivatives =  [-0.03616664180016263, -0.022165963398043248, 0.014463496291829886, -0.05032572258668455, 0.07727139027881849, 0.08158007235023212, -0.07813559483138645, 0.013635950416380674, -0.09885552013475965, 0.030914864327825295, 0.013635950416381618, 1.0843083812840359e-16, -0.007144270878131367, -0.014323507587792147, 1.8112516411461396e-16, 0.013635950416383297, 0.016600680463626956, 0.0066773745946943595]
other derivatives: [-0.3526111   0.09199539  0.00595719  0.01896296  0.00254659  0.        ]
Current x array =  [-0.66539361 -0.7814147  -0.49894513  0.99331491 -1.09497522  0.33647224
 -0.1110704  -8.63214854 -2.51127412 -2.05386436 -1.65577218 -1.94003893
 -3.41874615 -3.31395787 -5.4155063  -2.91143552 -3.31395787 -2.30258509
 -3.55100445 -3.35268325 -2.30258509 -3.31395787 -3.75758014 -4.63070559]
log likelihood =  -3250.3106533
Edge derivatives =  [-0.0017703129086790725, -0.02206720563913646, 7.677946538731106e-05, -0.06192084164678585, 0.0696002540930566, 0.07025389870197785, -0.07985904724301487, 0.013775787853703161, -0.09657040891698256, -0.0018936620656564151, 0.01377578785370312, -1.971911668969306e-15, -0.010850158814066868, -0.0045894225160601765, -1.9474263197568065e-15, 0.013775787853705285, 0.018329342294545845, 0.00043880907577783027]
other derivatives: [-0.22187123  0.10068106  0.00754881  0.00995897 -0.09040377  0.        ]
Current x array =  [-0.66550747 -0.7813866  -0.49895917  0.9934747  -1.09401926  0.33647224
 -0.111404   -8.63671762 -2.51063462 -2.05379915 -1.65573676 -1.93953608
 -3.41872778 -3.31397055 -5.41747491 -2.90994014 -3.31397055 -2.30258509
 -3.55077885 -3.35333071 -2.30258509 -3.31397055 -3.75779901 -4.62915818]
log likelihood =  -3250.31022996
Edge derivatives =  [0.05752808485509914, -0.02187509081782611, -0.03801250304949039, -0.07572063323445116, 0.04124956350737001, 0.038852213299906735, -0.0691933853722674, 0.005841841688445704, -0.08916055851191543, -0.08629599479298412, 0.005841841688446925, -7.592277063062925e-17, -0.01663007997867926, 0.011148740263060938, -6.01288829535926e-17, 0.005841841688445593, 0.025332789281474227, -0.015856687062386]
other derivatives: [-0.46061359 -0.51381903 -0.03706191  0.05406946 -0.13033059  0.        ]
Current x array =  [-0.66534396 -0.7802353  -0.49895509  0.99299054 -1.09342164  0.33647224
 -0.11193511 -8.64555911 -2.50871078 -2.05410173 -1.6553048  -1.93806073
 -3.42054823 -3.31333023 -5.42398516 -2.90585795 -3.31333023 -2.30258509
 -3.5509084  -3.35402391 -2.30258509 -3.31333023 -3.75863338 -4.6252149 ]
log likelihood =  -3250.30959593
Edge derivatives =  [0.0806458474093415, -0.021363966068850552, -0.06514747221274222, -0.11714836284172908, 0.009652756162920245, 0.007582364504154171, -0.07548399280534487, 0.012723533659681874, -0.08437797628345792, -0.11986332648639576, 0.012723533659682956, -5.186316834121773e-16, -0.018122339930059655, 0.029324465096755056, -6.036330293228462e-16, 0.012723533659680694, 0.03648269039452994, -0.03363047845506173]
other derivatives: [ 0.12123564 -0.01882654  0.04929461  0.05820766 -0.13865247  0.        ]
Current x array =  [-0.66579279 -0.78114289 -0.49900906  0.99293066 -1.09352786  0.33647224
 -0.11197081 -8.66915098 -2.50775268 -2.05314794 -1.65447445 -1.93681615
 -3.41968617 -3.3137362  -5.42748226 -2.90432246 -3.3137362  -2.30258509
 -3.55058179 -3.35531881 -2.30258509 -3.3137362  -3.75975882 -4.6205534 ]
log likelihood =  -3250.30926865
Edge derivatives =  [0.05703590955292845, -0.021163305762577352, -0.06411081066930605, -0.11286156674713349, -0.002622536425203506, -0.0008406144357491208, -0.07351052941400667, 0.013480830040024358, -0.08343206645755112, -0.11377767725322498, 0.013480830040026676, 1.1243605538562098e-16, -0.016567710383489184, 0.02988425510486853, 7.85172989845295e-17, 0.013480830040027425, 0.039536756938100215, -0.037725251354834025]
other derivatives: [ 0.1551598   0.0264663   0.08367351  0.06530172 -0.04501999  0.        ]
Current x array =  [-0.66580781 -0.78127031 -0.49902441  0.99275107 -1.09450869  0.33647224
 -0.11167752 -8.67846581 -2.50773639 -2.05317874 -1.65404446 -1.93648153
 -3.41974823 -3.31374301 -5.42803696 -2.9045523  -3.31374301 -2.30258509
 -3.55065742 -3.35533177 -2.30258509 -3.31374301 -3.76004754 -4.61945692]
log likelihood =  -3250.30864446
Edge derivatives =  [-0.04386990565826113, -0.02024174797814698, -0.07224386833106003, -0.08093313963715032, -0.07113499733098101, -0.050245217723911995, -0.04867639759007415, 0.0033075391475261007, -0.07659004410643967, -0.11805329734799179, 0.003307539147525157, 2.391947490673191e-15, -0.010640699202832428, 0.023173514760001526, 2.298537849344388e-15, 0.0033075391475253096, 0.04862811152710758, -0.05738770168014387]
other derivatives: [-0.52073119  0.37284735 -0.62373147  0.05215952  0.08881216  0.        ]
Current x array =  [-0.66527774 -0.78203669 -0.49827205  0.99288835 -1.0964009   0.33647224
 -0.11088445 -8.72297238 -2.50658613 -2.05414494 -1.65216313 -1.93462638
 -3.42247172 -3.31267135 -5.43304921 -2.90405274 -3.31267135 -2.30258509
 -3.55134237 -3.35456467 -2.30258509 -3.31267135 -3.7609608  -4.61440736]
log likelihood =  -3250.30790632
Edge derivatives =  [-0.09743666286486735, -0.01925396429774036, -0.07334194628933507, -0.037638835736727494, -0.055148114364060905, -0.039372674477296976, -0.05144633561494949, -0.006516031486525131, -0.07991880554871357, -0.1275934096890686, -0.0065160314865267965, 8.37958943926472e-16, -0.018854854146945807, 0.018573257716230168, 8.047015796668087e-16, -0.0065160314865264635, 0.045391254765593705, -0.06616209635981606]
other derivatives: [-0.00086402  0.0550699  -0.12864803 -0.01805347  0.27357601  0.        ]
Current x array =  [-0.66566309 -0.78151274 -0.49872066  0.99320081 -1.09786462  0.33647224
 -0.11026153 -8.77265363 -2.50595624 -2.05536817 -1.65249833 -1.93481442
 -3.42228093 -3.31198614 -5.43062105 -2.90360931 -3.31198614 -2.30258509
 -3.55072092 -3.35417883 -2.30258509 -3.31198614 -3.76062438 -4.61223889]
log likelihood =  -3250.30741605
Edge derivatives =  [-0.11243347753506974, -0.018793884406513642, -0.07149961056887033, -0.011292906516578993, -0.05023186538595431, -0.034711387513989944, -0.048270113710301335, -0.014835373537394683, -0.08160915575152723, -0.12367131325902109, -0.014835373537391991, 4.076424555279447e-16, -0.022177676635293894, 0.010053418677999887, 3.714436188839318e-16, -0.014835373537390908, 0.04033463861389513, -0.06797090429208986]
other derivatives: [ 0.05361471 -0.01641638  0.01214175 -0.08353709  0.24415385  0.        ]
Current x array =  [-0.66570685 -0.78136668 -0.49885947  0.9938131  -1.09743439  0.33647224
 -0.11019966 -8.79683359 -2.50568232 -2.05617759 -1.65267503 -1.93497818
 -3.42283158 -3.31139751 -5.42935925 -2.90379809 -3.31139751 -2.30258509
 -3.55055879 -3.35356953 -2.30258509 -3.31139751 -3.76013339 -4.61185855]
log likelihood =  -3250.30592722
Edge derivatives =  [-0.10704318512930694, -0.016832690560700993, -0.06339793876538663, 0.0773817816427802, -0.0572827209467333, -0.03621226045747161, -0.028907294860555544, -0.04433209883824442, -0.08484972208389434, -0.08567397872325332, -0.04433209883824808, -1.372737161362078e-15, -0.029523792827031402, -0.023424349901307442, -1.1959253578238922e-15, -0.044332098838246625, 0.024682437897508937, -0.08201531509407056]
other derivatives: [ 0.14788384 -0.06102709  0.19335857 -0.23569555  0.10418262  0.        ]
Current x array =  [-0.66579265 -0.78122042 -0.4990419   0.99532321 -1.09575323  0.33647224
 -0.11037415 -8.9071411  -2.50472384 -2.05889968 -1.65263516 -1.93497804
 -3.42556094 -3.30920754 -5.42669235 -2.90550825 -3.30920754 -2.30258509
 -3.55029109 -3.3511992  -2.30258509 -3.30920754 -3.75863092 -4.60853143]
log likelihood =  -3250.30503617
Edge derivatives =  [-0.023576631412311283, -0.015341490010839861, -0.05198153666759911, 0.10684213904417877, -0.06079372372538312, -0.0384226112759436, -0.01449258930377273, -0.05690229073639491, -0.08610676098634498, -0.0010338141709513582, -0.05690229073639809, 1.9280131478808798e-16, -0.031203115698736766, -0.04442633377542006, 2.0719892186433094e-16, -0.056902290736398714, 0.013238066194367223, -0.10421494960978672]
other derivatives: [ 0.03847163 -0.04852154  0.67902874 -0.0860382   0.0178261   0.        ]
Current x array =  [-0.66569337 -0.78116751 -0.49959454  0.99393906 -1.09484069  0.33647224
 -0.1110827  -9.         -2.50480248 -2.05975807 -1.65256548 -1.93490109
 -3.42700548 -3.30829567 -5.42517316 -2.90942392 -3.30829567 -2.30258509
 -3.55007741 -3.34994357 -2.30258509 -3.30829567 -3.7575507  -4.60300784]
log likelihood =  -3250.30460893
Edge derivatives =  [-0.010820691435494162, -0.015344716457268556, -0.04382878389835304, 0.09150517947320302, -0.04799767231763259, -0.03094945352444234, -0.014792834990768486, -0.05092621594314105, -0.08564901945261774, 0.01997949543618041, -0.050926215943140715, 2.856450177617343e-16, -0.02790167886164714, -0.04368454270142538, 2.758238429416944e-16, -0.05092621594314249, 0.011216398138142347, -0.10284293678219071]
other derivatives: [ 0.28398972 -0.07512426 -0.01859917 -0.01509761 -0.05175025  0.        ]
Current x array =  [-0.66592516 -0.78109034 -0.49888474  0.99351237 -1.09432631  0.33647224
 -0.11131675 -9.         -2.50540104 -2.05918898 -1.65296134 -1.93525751
 -3.42688758 -3.30868463 -5.42520199 -2.91043845 -3.30868463 -2.30258509
 -3.55019965 -3.35009675 -2.30258509 -3.30868463 -3.75733985 -4.60331578]
log likelihood =  -3250.30441728
Edge derivatives =  [0.003522309427977821, -0.01534557773803163, -0.048564500338243916, 0.06669308181521494, -0.0559250034870489, -0.039667547531319625, -0.013481898923808341, -0.04480672021690946, -0.08275649045707546, 0.017579335764715376, -0.04480672021690607, -1.4623743238805965e-15, -0.025250136273790094, -0.03568353949180883, -1.5682965795104265e-15, -0.04480672021691051, 0.01491691127233443, -0.10749802827982496]
other derivatives: [ 0.08917596  0.03196874 -0.16693775  0.03497007 -0.06025402  0.        ]
Current x array =  [-0.66577325 -0.78129253 -0.49874668  0.99308849 -1.09440826  0.33647224
 -0.11143293 -9.         -2.50547469 -2.05850017 -1.65279053 -1.93490325
 -3.42686245 -3.3090889  -5.42732725 -2.91031131 -3.3090889  -2.30258509
 -3.55035338 -3.35066861 -2.30258509 -3.3090889  -3.7577224  -4.60211426]
log likelihood =  -3250.3041957
Edge derivatives =  [0.01867279227457011, -0.015345794664180103, -0.05197707600709775, 0.03499463401894276, -0.05355109438237937, -0.04133021204627241, -0.014260359598854161, -0.03579036060219677, -0.08008233374684084, 0.01244468676407419, -0.0357903606021954, -5.092969682535981e-15, -0.022513433523515015, -0.024808461017520586, -5.269151315590392e-15, -0.035790360602197535, 0.018082939730328658, -0.1098473912306399]
other derivatives: [-0.10995791  0.10572876 -0.2613433   0.06098162 -0.0520231   0.        ]
Current x array =  [-0.66561344 -0.78143921 -0.49865835  0.9928617  -1.0945821   0.33647224
 -0.1115085  -9.         -2.50576336 -2.05756811 -1.65290256 -1.93478171
 -3.42655197 -3.30972886 -5.42929281 -2.9100811  -3.30972886 -2.30258509
 -3.55049309 -3.35145848 -2.30258509 -3.30972886 -3.75804665 -4.60149434]
log likelihood =  -3250.30380372
Edge derivatives =  [0.0341213917875241, -0.015345345216328065, -0.05148616495487521, -0.014623070729068433, -0.03576139414506671, -0.033418228630220925, -0.01504614031015443, -0.019494173405336768, -0.07618097990215802, 0.005549459687961333, -0.019494173405336948, 3.679867554001549e-16, -0.01719311180620612, -0.007283956464803273, 3.2174867378310656e-16, -0.0194941734053396, 0.02094885011470886, -0.10829370669035265]
other derivatives: [-0.33560354  0.16530066 -0.33869583  0.05807124 -0.02510205  0.        ]
Current x array =  [-0.66542864 -0.78156667 -0.49858219  0.99287377 -1.09488049  0.33647224
 -0.11153029 -9.         -2.50659473 -2.05600088 -1.65345044 -1.93496858
 -3.42608474 -3.31090494 -5.43208957 -2.9097716  -3.31090494 -2.30258509
 -3.55082323 -3.35271415 -2.30258509 -3.31090494 -3.75832972 -4.60184326]
log likelihood =  -3250.30325148
Edge derivatives =  [0.02750485769277916, -0.015343999041497124, -0.04467207728146544, -0.07480812415314325, -0.00877342974431411, -0.02025961561229117, -0.01076141599425326, 0.0031395339351737717, -0.06968582199938012, -0.003691518273655589, 0.0031395339351761864, -3.1673479223994007e-16, -0.007372429123497497, 0.015403428760770471, -4.2666869566619987e-16, 0.0031395339351764223, 0.02345696317637805, -0.1008499315990279]
other derivatives: [-0.31814125  0.27048372 -0.2912202   0.00854925  0.00618456  0.        ]
Current x array =  [-0.66543039 -0.78176888 -0.49861755  0.99331456 -1.09514403  0.33647224
 -0.11137851 -9.         -2.50802065 -2.05395786 -1.6542363  -1.93533548
 -3.42606089 -3.31250452 -5.43663349 -2.9092823  -3.31250452 -2.30258509
 -3.55159222 -3.35423991 -2.30258509 -3.31250452 -3.75855034 -4.60365123]
log likelihood =  -3250.30677667
Edge derivatives =  [-0.105558152226183, -0.015344373717669361, -0.006588927792608751, -0.1509447994225508, 0.05898901140326346, 0.030745267058272407, 0.00225907012231559, 0.03894082060968812, -0.058201962821442514, -0.020572499032293468, 0.03894082060969055, 2.974047333008549e-15, 0.009799551044721494, 0.04741247468769058, 2.927407311416897e-15, 0.03894082060969245, 0.015195078750742795, -0.06511641933266202]
other derivatives: [-2.26841621 -1.62062861 -0.4764388  -0.13542376  0.0606633   0.        ]
Current x array =  [-0.66393075 -0.77834457 -0.49854061  0.9946289  -1.09502779  0.33647224
 -0.11084497 -9.         -2.51199382 -2.05124573 -1.65633479 -1.93707668
 -3.42720548 -3.3153921  -5.44558861 -2.90840367 -3.3153921  -2.30258509
 -3.55368962 -3.35623843 -2.30258509 -3.3153921  -3.75785439 -4.61308792]
log likelihood =  -3250.3030643
Edge derivatives =  [0.0031786407863029498, -0.015344062849340243, -0.037645430425811255, -0.08872248301121788, 0.0036778832872523815, -0.010889796173138122, -0.008366616235414792, 0.009720254064455647, -0.06756958665449912, -0.006775430744057093, 0.009720254064458006, 6.459752244131145e-21, -0.004215395284427596, 0.021283808967738793, 5.842127615791356e-21, 0.009720254064457534, 0.02194650121342536, -0.09426769436673797]
other derivatives: [-0.67520887 -0.07516974 -0.32550815 -0.01773515  0.01614353  0.        ]
Current x array =  [-0.66515529 -0.78114072 -0.49860344  0.99355566 -1.09512271  0.33647224
 -0.11128063 -9.         -2.5087495  -2.05346034 -1.65462125 -1.93565489
 -3.42627086 -3.31303422 -5.43827624 -2.90912112 -3.31303422 -2.30258509
 -3.55197697 -3.35460652 -2.30258509 -3.31303422 -3.75842268 -4.60538231]
log likelihood =  -3250.30252244
Edge derivatives =  [-0.0033358108841872736, -0.01534304775821663, -0.02214811692008098, -0.12367953122300629, 0.026222590378236335, 0.0016968655713480718, 0.0021913887432091217, 0.027027245861384316, -0.060932237072959486, -0.006482578692736898, 0.027027245861386273, -8.857937916707308e-17, 0.006715107829619232, 0.03542692591619104, -8.8641126132732e-17, 0.027027245861389715, 0.02084682113597651, -0.08130645785778633]
other derivatives: [-0.29722287 -0.03706191 -0.1029548  -0.08517418 -0.00663931  0.        ]
Current x array =  [-0.66544536 -0.78117194 -0.49881805  0.99418813 -1.0947152   0.33647224
 -0.11121207 -9.         -2.51032367 -2.05207673 -1.65524666 -1.93609965
 -3.42711626 -3.31423484 -5.44283556 -2.90899872 -3.31423484 -2.30258509
 -3.5530018  -3.35544026 -2.30258509 -3.31423484 -3.75827278 -4.60861959]
log likelihood =  -3250.30217097
Edge derivatives =  [-0.02310478337812849, -0.015342614407118356, -0.004074331451932145, -0.11062733526961344, 0.03450219734361788, 0.008683347698955957, 0.013104975974481292, 0.03115040573332381, -0.057039385578157735, -0.006696730305279494, 0.031150405733322256, -1.6663789846352537e-15, 0.013151072566227912, 0.036098836942860174, -1.6736898139778956e-15, 0.031150405733328404, 0.017265143149270246, -0.06788262267092396]
other derivatives: [ 0.04015419 -0.0764885   0.10491021 -0.14510988 -0.04092726  0.        ]
Current x array =  [-0.66570906 -0.78105788 -0.49902355  0.99476513 -1.09419843  0.33647224
 -0.11112084 -9.         -2.5112723  -2.05216509 -1.65544312 -1.93641738
 -3.42831176 -3.31448676 -5.44557393 -2.90883427 -3.31448676 -2.30258509
 -3.55376683 -3.35528517 -2.30258509 -3.31448676 -3.75787779 -4.61202735]
log likelihood =  -3250.30189364
Edge derivatives =  [-0.04167117828372138, -0.015342700761080153, 0.014574150028298621, -0.07413567280725586, 0.03218103977198622, 0.010082460232920476, 0.023721026460416336, 0.02914248004494696, -0.05406921226833378, -0.009028100844237746, 0.029142480044949085, 3.0863502167328687e-16, 0.017329288648373548, 0.031247464532614927, 2.1382749759524038e-16, 0.029142480044949362, 0.013388973528943221, -0.055533908415010796]
other derivatives: [ 0.24638211 -0.1209628   0.22546374 -0.17357706 -0.06962182  0.        ]
Current x array =  [-0.66587185 -0.78094173 -0.4991469   0.9950531  -1.09380376  0.33647224
 -0.11106019 -9.         -2.51184319 -2.05298606 -1.65533143 -1.93655985
 -3.42959271 -3.31428592 -5.44780441 -2.90855686 -3.31428592 -2.30258509
 -3.55437068 -3.35472501 -2.30258509 -3.31428592 -3.75745408 -4.61517938]
log likelihood =  -3250.3014911
Edge derivatives =  [-0.04886687678176263, -0.015342977098664104, 0.04127263187660227, -0.015831832686874936, 0.02160618838843935, 0.006965873928484689, 0.03826019331192543, 0.025950817568420825, -0.048840698699048224, -0.017511577055969563, 0.02595081756842027, 1.4860992657019767e-15, 0.023051768284288204, 0.025454917833659385, 1.4481856889749969e-15, 0.025950817568421575, 0.009221751438093694, -0.0388885748012244]
other derivatives: [ 0.35774974 -0.13865247  0.27125679 -0.15984369 -0.07976269  0.        ]
Current x array =  [-0.66595736 -0.78087936 -0.49920073  0.99493062 -1.09365844  0.33647224
 -0.11105956 -9.         -2.51250742 -2.05434944 -1.65495744 -1.93656242
 -3.4313104  -3.31395021 -5.4519209  -2.90789046 -3.31395021 -2.30258509
 -3.55517925 -3.35398542 -2.30258509 -3.31395021 -3.75697639 -4.6194156 ]
log likelihood =  -3250.3009106
Edge derivatives =  [-0.004563211839330866, -0.015342204276148196, 0.06665363121412224, 0.03750689253498274, 0.006707609856646687, 0.00039482924367195693, 0.052003283620647905, 0.026502947438348884, -0.03802604474975028, -0.03691461607475374, 0.026502947438350175, 3.898040226148053e-17, 0.031047832084020108, 0.025222858421459715, 8.24463406884472e-17, 0.026502947438353172, 0.006765021880071963, -0.016077689835826175]
other derivatives: [ 0.355476   -0.10577423  0.19986146 -0.04838512  0.00782165  0.        ]
Current x array =  [-0.66594148 -0.78094565 -0.49913317  0.99377194 -1.09455888  0.33647224
 -0.11122469 -9.         -2.51311841 -2.05552907 -1.65438535 -1.93639497
 -3.43278842 -3.31381547 -5.460559   -2.90657814 -3.31381547 -2.30258509
 -3.55611584 -3.35352687 -2.30258509 -3.31381547 -3.75661351 -4.6251623 ]
log likelihood =  -3250.30129553
Edge derivatives =  [-0.16423535736950123, -0.015344942472014626, 0.07841683301731861, 0.09361620770949325, 0.01345957747986573, 0.018251350165696234, 0.05494149217931328, 0.013408041802619328, -0.030784658482316745, -0.04049600244541139, 0.013408041802619716, 7.802573124249225e-17, 0.03286728675990343, 0.0027832103152699295, 1.0537810802143614e-16, 0.013408041802621187, -0.005219379689278415, 0.020989098513545593]
other derivatives: [-0.73559931  0.47398316  0.26893758 -0.07948984 -0.07817107  0.        ]
Current x array =  [-0.66506001 -0.78203296 -0.49924211  0.99432743 -1.09428751  0.33647224
 -0.11050946 -9.         -2.51297253 -2.05710794 -1.65449158 -1.93728047
 -3.43331788 -3.31281582 -5.46655727 -2.90617144 -3.31281582 -2.30258509
 -3.55637124 -3.35178327 -2.30258509 -3.31281582 -3.75528114 -4.6346431 ]
log likelihood =  -3250.3007777
Edge derivatives =  [-0.05822682405131596, -0.01534312516532126, 0.07060792302282148, 0.05638744289190545, 0.008979532461776213, 0.006401473358226273, 0.05299009250313731, 0.022102464853391665, -0.035583749271879156, -0.0381169817589051, 0.022102464853393983, 2.2393844905992228e-15, 0.03165869114883679, 0.017684331395255867, 2.316658996190643e-15, 0.02210246485339408, 0.002737952280987589, -0.0035739874870673732]
other derivatives: [-0.01095941  0.08908501  0.22273525 -0.05920811 -0.02137313  0.        ]
Current x array =  [-0.66564511 -0.78131123 -0.4991698   0.9939587  -1.09446764  0.33647224
 -0.11098422 -9.         -2.51306936 -2.05605992 -1.65442107 -1.93669269
 -3.43296643 -3.31347936 -5.46257575 -2.9064414  -3.31347936 -2.30258509
 -3.55620171 -3.35294063 -2.30258509 -3.31347936 -3.75616554 -4.62834994]
log likelihood =  -3250.3005933
Edge derivatives =  [-0.033313899727330926, -0.015343401085940442, 0.06532580717532857, 0.059035281145560725, 0.0013887014511647505, 0.001999584567327739, 0.04963543562337418, 0.02035795913480752, -0.03191124366226514, -0.04408158248512287, 0.02035795913480913, 1.8637680020103677e-15, 0.03119873207115509, 0.01672653153828238, 1.939624555978926e-15, 0.020357959134811754, 0.003063462147137569, 0.001416207257266506]
other derivatives: [-0.05534275  0.08071765 -0.05170477  0.02237357  0.02655725  0.        ]
Current x array =  [-0.66561469 -0.78131919 -0.49888845  0.99317467 -1.09506596  0.33647224
 -0.11109643 -9.         -2.51265873 -2.05620716 -1.65415808 -1.93654739
 -3.43262811 -3.31330383 -5.46560208 -2.90608152 -3.31330383 -2.30258509
 -3.55609352 -3.35282608 -2.30258509 -3.31330383 -3.75615927 -4.62958073]
log likelihood =  -3250.30048343
Edge derivatives =  [-0.001148553394429569, -0.015343018613992756, 0.048475491972974294, 0.05091296581309673, -0.004896398897658236, -0.001195660124800546, 0.040854022901373646, 0.014741859597877022, -0.030894324248943776, -0.04366678882253783, 0.014741859597876009, 1.0362861871197256e-16, 0.02675921630636005, 0.012396294364267618, 1.7390088158151075e-16, 0.014741859597877938, 0.0033438517905480802, 0.00158150537313749]
other derivatives: [-0.14460966  0.05352376 -0.03969944  0.07435119  0.06375558  0.        ]
Current x array =  [-0.66554015 -0.78128908 -0.49890346  0.99260863 -1.09546293  0.33647224
 -0.11124702 -9.         -2.51178109 -2.05622702 -1.65394428 -1.93642238
 -3.43175929 -3.3129226  -5.4665559  -2.90611636 -3.3129226  -2.30258509
 -3.5555912  -3.35259537 -2.30258509 -3.3129226  -3.75617842 -4.62959903]
log likelihood =  -3250.30038261
Edge derivatives =  [0.019734112317449287, -0.015344840946384006, 0.006546397583389041, -0.005515767457494658, -0.0024345122398339303, 0.0022292671052689395, 0.020282180495517624, 0.008093561129498855, -0.026050212932419797, -0.03231599792323893, 0.008093561129498689, 6.573239608949434e-18, 0.020369386435540968, 0.0032999487731273647, 3.1038234142140067e-18, 0.008093561129500854, 0.0011016646559559307, 0.010721670719641179]
other derivatives: [-0.150294    0.06152732 -0.59371814  0.08908501  0.03838068  0.        ]
Current x array =  [-0.66556267 -0.78132988 -0.49832534  0.99257153 -1.09539188  0.33647224
 -0.11141156 -9.         -2.51019295 -2.05515745 -1.65402308 -1.9366276
 -3.42976545 -3.31246611 -5.47023652 -2.9067247  -3.31246611 -2.30258509
 -3.5546689  -3.35220774 -2.30258509 -3.31246611 -3.75592281 -4.63190607]
log likelihood =  -3250.30020874
Edge derivatives =  [0.03504556686255603, -0.015343697592942986, -0.0010845556355303376, -0.006296387020084504, -0.00476044624859219, 0.0016578335174625147, 0.017509843994793065, 0.003975969716496469, -0.026056734418101135, -0.02936529055327898, 0.003975969716496455, 2.1871263477864127e-16, 0.017803671861942455, -0.00030239343921815987, 2.210664574732898e-16, 0.0039759697164990365, 0.0005131718176590999, 0.011023929395329837]
other derivatives: [-0.14078978  0.02632987 -0.23064786  0.07921699  0.04852154  0.        ]
Current x array =  [-0.66555572 -0.78125968 -0.4986986   0.99256397 -1.09536385  0.33647224
 -0.11147323 -9.         -2.5098154  -2.05525782 -1.65393047 -1.93659251
 -3.429529   -3.31221281 -5.47026593 -2.9068682  -3.31221281 -2.30258509
 -3.55445519 -3.35197955 -2.30258509 -3.31221281 -3.75586978 -4.63199936]
log likelihood =  -3250.30011577
Edge derivatives =  [0.039702723397296386, -0.015343149711085604, -0.012794080394977203, -0.021930574946355363, -0.002515902858406041, 0.004364252367674126, 0.013368058587514747, 0.001155157698054729, -0.023788856535198872, -0.022784583515071635, 0.0011551576980547984, -1.397229027185744e-16, 0.01612588098526077, -0.004328083073456904, -1.7247929491928022e-16, 0.0011551576980569217, -0.0013666868306786428, 0.01666786833271148]
other derivatives: [-0.06357368 -0.00754881  0.00795808  0.04397407  0.03169589  0.        ]
Current x array =  [-0.6656104  -0.78118531 -0.49894102  0.99285685 -1.09508315  0.33647224
 -0.11150557 -9.         -2.50945812 -2.05496124 -1.65398044 -1.93670982
 -3.42917101 -3.31204614 -5.47193903 -2.90717132 -3.31204614 -2.30258509
 -3.55427604 -3.35174131 -2.30258509 -3.31204614 -3.75567597 -4.63346969]
log likelihood =  -3250.30009028
Edge derivatives =  [0.03121204979595099, -0.015343232519203023, -0.018958591550104847, -0.031152068785420484, -0.0012196624252212296, 0.005684217919061263, 0.01072074942145794, 7.045043066274126e-05, -0.021754048145646833, -0.018833808956144824, 7.04504306637127e-05, -1.5475334683408922e-16, 0.015406560830700244, -0.006325915544856939, -6.562417386176165e-17, 7.045043066444823e-05, -0.002465724155360949, 0.020924541313327757]
other derivatives: [ 0.00818545 -0.01186891  0.03765308  0.0257387   0.01596163  0.        ]
Current x array =  [-0.66566872 -0.78117157 -0.49896781  0.99304244 -1.09491219  0.33647224
 -0.11147588 -9.         -2.50928226 -2.05477033 -1.65401512 -1.93677728
 -3.42892807 -3.31197601 -5.47344425 -2.90734792 -3.31197601 -2.30258509
 -3.55417012 -3.35162978 -2.30258509 -3.31197601 -3.75555676 -4.63456838]
log likelihood =  -3250.3000637
Edge derivatives =  [0.013227472869831447, -0.015343452513931028, -0.021627336003207293, -0.03555624085047404, -0.0018539224721420833, 0.004846370357926899, 0.00853021089094802, -4.772651714987641e-06, -0.01977057417226524, -0.015473786847212859, -4.772651715639897e-06, -5.0123391696710577e-17, 0.014540073413640345, -0.006407430194269703, -8.074494928115828e-17, -4.772651714793352e-06, -0.0026212100604864896, 0.02297217513351308]
other derivatives: [ 0.03265086 -0.03160494  0.02528395  0.01523404  0.00454747  0.        ]
Current x array =  [-0.66569064 -0.7811343  -0.49895519  0.9931651  -1.09481594  0.33647224
 -0.11139913 -9.         -2.50922863 -2.0546767  -1.65401158 -1.93674598
 -3.42868058 -3.3119788  -5.47492452 -2.90750642 -3.3119788  -2.30258509
 -3.55404124 -3.35166192 -2.30258509 -3.3119788  -3.75554062 -4.63509743]
log likelihood =  -3250.29999705
Edge derivatives =  [-0.013426948729801047, -0.015343543224543853, -0.024527422612181965, -0.03823471539013179, -0.007432347024058553, -0.0027843908980996757, 0.000794202618259271, 0.0011823351089222806, -0.013134603470942328, -0.004608730384621826, 0.001182335108923377, 7.922153937595318e-16, 0.010622931368621913, -0.003215050733619773, 7.776280509254745e-16, 0.0011823351089210177, -0.0006684243318198294, 0.024579311728855108]
other derivatives: [  2.24281393e-01   7.57609087e-02   1.13232090e-02  -1.81898940e-04
  -7.95807864e-03   0.00000000e+00]
Current x array =  [-0.66584034 -0.78133128 -0.49892954  0.99334337 -1.09476501  0.33647224
 -0.11125074 -9.         -2.50915112 -2.05461162 -1.65390313 -1.93641229
 -3.42764092 -3.31206435 -5.47988443 -2.90802769 -3.31206435 -2.30258509
 -3.55342415 -3.35204331 -2.30258509 -3.31206435 -3.75572604 -4.63545792]
log likelihood =  -3250.29992723
Edge derivatives =  [-0.04070828278365993, -0.015343873278537482, -0.02376783393864096, -0.04251480483904574, -0.013389872875347472, -0.011194933223325654, -0.005039277610913634, 0.003927298183290753, -0.00888766018712884, 0.006480257448728516, 0.003927298183294042, 1.3949978763051565e-15, 0.006446566958905969, 0.0027880292137063695, 1.2496661278096904e-15, 0.003927298183290226, 0.002346060733144216, 0.01977518421817517]
other derivatives: [ 0.07480594 -0.02146407  0.00541149 -0.03224159 -0.02451088  0.        ]
Current x array =  [-0.66572441 -0.78115693 -0.49893236  0.9936676  -1.09459477  0.33647224
 -0.1111346  -9.         -2.50933381 -2.05449694 -1.65385103 -1.93601193
 -3.42679193 -3.31231865 -5.48306755 -2.90862669 -3.31231865 -2.30258509
 -3.55286279 -3.35265794 -2.30258509 -3.31231865 -3.75607505 -4.6342355 ]
log likelihood =  -3250.29987648
Edge derivatives =  [-0.04249825570185556, -0.015343739979024922, -0.013845585676427269, -0.024394492058180228, -0.01863288939486868, -0.01788225827268819, -0.006371716239448391, 0.005805244037092469, -0.006960685685732892, 0.008191047186328945, 0.005805244037092344, -2.0551560110229182e-16, 0.004059908911145285, 0.007833445633958741, -1.9145800595228103e-16, 0.005805244037090096, 0.005226212819710564, 0.014231924485412339]
other derivatives: [ 0.02373781 -0.01532499 -0.01041371 -0.01873559 -0.00759428  0.        ]
Current x array =  [-0.66567982 -0.78117553 -0.49891906  0.99352452 -1.09478745  0.33647224
 -0.11110511 -9.         -2.50962163 -2.05490181 -1.65375153 -1.93568958
 -3.4264455  -3.31245892 -5.48459366 -2.90872804 -3.31245892 -2.30258509
 -3.55255199 -3.35308119 -2.30258509 -3.31245892 -3.75638218 -4.63279004]
log likelihood =  -3250.29984161
Edge derivatives =  [0.016975023994612676, -0.015343346143855432, -0.00020708383257012075, 0.0006700608901530902, -0.01652051039622307, -0.018674176174934498, -0.0069255741790186925, 0.006356246621717868, -0.0051042469850684745, 0.008747909693966868, 0.0063562466217183256, 7.771907552212797e-16, 0.001111952641133826, 0.010871120538995818, 8.333684814957981e-16, 0.006356246621718964, 0.007102560536226057, 0.008853623158192863]
other derivatives: [-0.02423803  0.01136868  0.00200089 -0.01427907  0.00895852  0.        ]
Current x array =  [-0.6656328  -0.78121967 -0.49893264  0.99341466 -1.09483494  0.33647224
 -0.11138195 -9.         -2.50998795 -2.05547662 -1.65385793 -1.93559019
 -3.42622297 -3.31250013 -5.4861545  -2.90876087 -3.31250013 -2.30258509
 -3.55222874 -3.35334571 -2.30258509 -3.31250013 -3.75658892 -4.63140207]
log likelihood =  -3250.29983487
Edge derivatives =  [0.0068503375971974145, -0.015343545195291998, 0.004796688380695163, 0.012301229574975203, -0.012158099374962691, -0.016230559641091324, -0.00699009182513001, 0.005612708757795973, -0.0048598525313413785, 0.006578934108159684, 0.00561270875779557, -3.3984153224137795e-16, -0.0005694368373735659, 0.011168539884378298, -3.271352384961217e-16, 0.005612708757800719, 0.007567455837777175, 0.005395277861616522]
other derivatives: [ 0.06511982 -0.04142748 -0.01136868  0.01309672  0.01032276  0.        ]
Current x array =  [-0.6657058  -0.78111825 -0.49892101  0.99317442 -1.09486021  0.33647224
 -0.11135531 -9.         -2.51009699 -2.05576115 -1.65398091 -1.93565643
 -3.42620593 -3.31244417 -5.48641172 -2.90865576 -3.31244417 -2.30258509
 -3.55209147 -3.35336192 -2.30258509 -3.31244417 -3.75664528 -4.63051848]
  status: 0
 success: True
    nfev: 116
     fun: 3250.2998348707383
       x: array([-0.6657058 , -0.78111825, -0.49892101,  0.99317442, -1.09486021,
        0.33647224, -0.11135531, -9.        , -2.51009699, -2.05576115,
       -1.65398091, -1.93565643, -3.42620593, -3.31244417, -5.48641172,
       -2.90865576, -3.31244417, -2.30258509, -3.55209147, -3.35336192,
       -2.30258509, -3.31244417, -3.75664528, -4.63051848])
 message: 'CONVERGENCE: REL_REDUCTION_OF_F_<=_FACTR*EPSMCH'
     jac: array([ -6.51198206e-02,   4.14274837e-02,   1.13686838e-02,
        -1.30967237e-02,  -1.03227649e-02,  -0.00000000e+00,
        -6.85033760e-03,   1.53435452e-02,  -4.79668838e-03,
        -1.23012296e-02,   1.21580994e-02,   1.62305596e-02,
         6.99009183e-03,  -5.61270876e-03,   4.85985253e-03,
        -6.57893411e-03,  -5.61270876e-03,   3.39841532e-16,
         5.69436837e-04,  -1.11685399e-02,   3.27135238e-16,
        -5.61270876e-03,  -7.56745584e-03,  -5.39527786e-03])
     nit: 107
