number of sites to be analyzed:  14
log likelihood =  -392.47390437
Edge derivatives =  [16.320000725241766, 2.849625076783838, 2.7836817386413055, 6.579201876790865, 2.4449091725596808, 20.27973965290891, -1.5270879218968045, -2.206374612969349, -2.6870185394592156, -1.7393307333935142, -2.206374612969349, 9.145133042511351e-17, -2.677112370327313, -1.7066955572241531, 7.881110397712927e-17, -2.2063746129693493, -0.7674547846107587, -2.682122801015656]
other derivatives: [ -0.2308127    4.70064379 -25.2273253    7.06593823  -4.7651838    0.        ]
Current x array =  [-0.57941842 -1.54881329 -0.2160035   0.18232156 -0.10536052  0.33647224
 -2.30258509 -2.30258509 -2.30258509 -2.30258509 -2.30258509 -2.30258509
 -2.30258509 -2.30258509 -2.30258509 -2.30258509 -2.30258509 -2.30258509
 -2.30258509 -2.30258509 -2.30258509 -2.30258509 -2.30258509 -2.30258509]
log likelihood =  -377.973521705
Edge derivatives =  [16.32217513829385, 1.7474625984624326, 1.5941308712453308, 6.118481251266645, 1.2340856386383336, 19.278360539912978, -1.6000941167240954, -2.259051575027495, -2.6227222498004714, -1.7390733796953153, -2.2590515750274944, 7.966991273302636e-25, -2.637249373858639, -1.7374097924289564, 7.427376070802412e-25, -2.259051575027495, -0.8114652234618545, -2.648075169885121]
other derivatives: [  9.04678359   4.5497984   22.57615961   0.73379738  -3.08425001   0.        ]
Current x array =  [-0.58537968 -1.51010299 -0.86755721  0.36481567 -0.22843235  0.33647224
 -1.88108353 -2.22898697 -2.23069011 -2.13266207 -2.23943969 -1.77881416
 -2.34202565 -2.35956979 -2.37198353 -2.34750731 -2.35956979 -2.30258509
 -2.37172768 -2.34666443 -2.30258509 -2.35956979 -2.32240638 -2.37185708]
log likelihood =  -356.32459139
Edge derivatives =  [14.716902150799116, 0.8447239521555957, 0.7687627630088636, 5.463229031249897, 0.37063007374132617, 15.647959797708408, -1.5303476406043424, -2.165155523583772, -2.4677166154184627, -1.6653704763106068, -2.165155523583772, 2.2002796485203725e-17, -2.489372727788891, -1.657367788869198, 2.2021542739708243e-17, -2.1651555235837714, -0.8126581331833647, -2.497006650363032]
other derivatives: [-16.47842964   0.84565386  24.51018872  -2.32346338  -1.53449946   0.        ]
Current x array =  [-0.44433721 -1.41702135 -0.96341844  0.50496012 -0.36451366  0.33647224
 -1.32257083 -2.14916545 -2.15452812 -1.91491514 -2.17521215 -1.10090829
 -2.39545532 -2.4359186  -2.46290231 -2.40702386 -2.4359186  -2.30258509
 -2.46269972 -2.40556141 -2.30258509 -2.4359186  -2.34937556 -2.46309394]
log likelihood =  -367.500576787
Edge derivatives =  [-14.870209222363156, -0.7527002817998046, -1.0250888653130463, -0.9204707140387863, -1.1574567000280176, -17.276721631684552, -1.117147501052023, -1.470862632447822, -1.6614282913167129, -1.061186345062961, -1.4708626324478216, -2.1858922167338662e-17, -1.6707160713113371, -1.0812929310840411, -1.1057274719214056e-17, -1.4708626324478216, -0.5563401023129009, -1.6722064491215527]
other derivatives: [ 14.55220513 -12.28779638  68.0107803    4.11900487 -10.40170332   0.        ]
Current x array =  [-0.63129456 -1.06802562 -1.07516032  1.03879545 -0.96117416  0.33647224
  1.34058903 -1.79964394 -1.82054263 -0.88045326 -1.90089656  2.06431753
 -2.65371081 -2.80485732 -2.89991718 -2.69435965 -2.80485732 -2.30258509
 -2.90037936 -2.68983179 -2.30258509 -2.80485732 -2.48110093 -2.90198245]
log likelihood =  -329.615129798
Edge derivatives =  [5.74871948055438, -0.5574379169260307, -0.246988256644376, 3.7047005194700438, -0.7824567030091233, -1.2244900250901483, -1.2991788174559604, -1.850307479787628, -2.0701738526527067, -1.3680680561137435, -1.850307479787628, -8.529857233028026e-17, -2.0860587680946376, -1.374073361495209, -9.788019407418868e-17, -1.8503074797876273, -0.6750752735512602, -2.090524430883463]
other derivatives: [ -1.5178216   -0.80338509  32.93803843  -4.92619847   0.9141786    0.        ]
Current x array =  [-0.52158232 -1.2728269  -1.0095868   0.7255247  -0.61103569  0.33647224
 -0.22223391 -2.00475376 -2.01653544 -1.48750686 -2.06187327  0.20686706
 -2.50215866 -2.58835289 -2.64346361 -2.5257423  -2.58835289 -2.30258509
 -2.64353568 -2.52301331 -2.30258509 -2.58835289 -2.40380049 -2.64442937]
log likelihood =  -313.212823939
Edge derivatives =  [-0.27058129634642825, -0.6983742170774876, -0.2973602858640511, 2.651592871239976, -0.7693383948136252, -2.5977527152478737, -0.9410134727043806, -1.4171655378788321, -1.629531039737481, -0.9713806310528799, -1.4171655378788321, 2.4777102931445868e-17, -1.6361250146104784, -0.968978229121623, 1.2626478776156926e-17, -1.4171655378788321, -0.3640963926787747, -1.6375011894611085]
other derivatives: [-11.86062946  -3.17407967  25.39147772  -1.50085953  -0.89857508   0.        ]
Current x array =  [-0.50065851 -1.23412341 -0.5937412   0.71353253 -0.67139734  0.33647224
  0.31682311 -1.9669456  -1.95884016 -1.17119799 -2.03946722  0.41133897
 -2.59647222 -2.72434866 -2.80196946 -2.62851804 -2.72434866 -2.30258509
 -2.80213335 -2.62506274 -2.30258509 -2.72434866 -2.45182626 -2.80323582]
log likelihood =  -325.49062999
Edge derivatives =  [-5.3773633952795725, -0.6853540581059124, -0.668423369128603, 0.22779562552808064, -1.133529327136799, -2.057495223948992, -0.9120467643214573, -1.15913763954512, -1.3990945940462307, -0.821242349399866, -1.15913763954512, 3.2902078242804195e-19, -1.3846042399297032, -0.8055630333868428, 3.0729176053114183e-19, -1.15913763954512, -0.41591145680252056, -1.380226318729822]
other derivatives: [  15.39731329   -1.4460511  -326.8115222     2.48958258   -3.8418591     0.        ]
Current x array =  [-0.67550978 -1.30754763 -0.05        0.73437167 -0.79283386  0.33647224
  0.63331096 -1.96034248 -1.91424936 -0.80518213 -2.04491509  0.36536263
 -2.71122279 -2.89376933 -3.0002985  -2.75114674 -2.89376933 -2.30258509
 -3.00043109 -2.74691927 -2.30258509 -2.89376933 -2.5030015  -3.00171932]
log likelihood =  -306.998978261
Edge derivatives =  [-1.4232139784827595, -0.6696362650323929, -0.3104681248641617, 2.0658138985145245, -0.7507181213942875, -0.9677280643346159, -0.8142137312340254, -1.2234595830661226, -1.4451431016870908, -0.8061065282640506, -1.2234595830661226, -2.3619719841357704e-16, -1.4426842549374483, -0.8004760040815132, -2.509359270145636e-16, -1.2234595830661226, -0.2573529020825855, -1.442630750281653]
other derivatives: [-1.74135266 -2.54081556  6.52946142  0.36058623 -1.42235308  0.        ]
Current x array =  [-0.57907561 -1.26705262 -0.34988475  0.72287844 -0.72585906  0.33647224
  0.45876123 -1.96398424 -1.93884213 -1.00704761 -2.04191047  0.39071955
 -2.64793543 -2.80033025 -2.89091585 -2.68351442 -2.80033025 -2.30258509
 -2.8910657  -2.67971282 -2.30258509 -2.80033025 -2.47477727 -2.89225148]
log likelihood =  -306.690751013
Edge derivatives =  [-2.2376938774606936, -0.6562107345079141, -0.4208926201639067, 1.3977630739821383, -0.8358433728065249, -0.6757603270626753, -0.7573831963147453, -1.1260553711384442, -1.3453617260866568, -0.7335207208405948, -1.126055371138444, -1.9919833080561466e-17, -1.3397592467882238, -0.7249718986858406, -2.0924533073642132e-17, -1.1260553711384442, -0.24017784432147543, -1.3387874623573446]
other derivatives: [  1.97448458  -1.16289698 -21.6817341    1.39325493  -1.82828899   0.        ]
Current x array =  [-0.60881575 -1.31987241 -0.22748215  0.74497383 -0.78369957  0.33647224
  0.5306756  -1.96986347 -1.92957689 -0.87683887 -2.05253453  0.38450153
 -2.69104772 -2.86420879 -2.96610428 -2.72861872 -2.86420879 -2.30258509
 -2.96616916 -2.72449538 -2.30258509 -2.86420879 -2.49237264 -2.96740202]
log likelihood =  -306.378549396
Edge derivatives =  [-1.783597539183876, -0.6615302797651423, -0.35918731571599916, 1.7559366597864314, -0.7846057437368484, -0.7491118552529034, -0.7793716513047749, -1.169569864183886, -1.3897917402897035, -0.764058634856445, -1.1695698641838863, -4.426713471766078e-17, -1.3857254148403515, -0.757039880505059, -4.4285862042262603e-17, -1.169569864183886, -0.2421186606469794, -1.385224519738657]
other derivatives: [ 0.06187406 -1.83549673 -4.53276812  0.88075467 -1.58530611  0.        ]
Current x array =  [-0.5942162  -1.29394297 -0.28757007  0.73412712 -0.75530543  0.33647224
  0.49537255 -1.96697733 -1.93412523 -0.94075886 -2.04731914  0.38755399
 -2.66988373 -2.83285056 -2.92919398 -2.70647684 -2.83285056 -2.30258509
 -2.92930057 -2.70251144 -2.30258509 -2.83285056 -2.483735   -2.93051032]
log likelihood =  -305.855175409
Edge derivatives =  [-1.661583292545223, -0.6604617823956913, -0.43104265208618586, 1.429244483587643, -0.809148294207936, -0.2682001566959078, -0.7337342321353442, -1.1169031235462217, -1.3297921584786554, -0.7191186242378973, -1.116903123546222, 1.7906670052433826e-16, -1.325474632813553, -0.7125715063152749, 1.671705476324227e-16, -1.1169031235462217, -0.2238822545417651, -1.3248342732637726]
other derivatives: [ 3.6103188  -0.49218443 -6.13384259  0.89372634 -1.22300889  0.        ]
Current x array =  [-0.61865729 -1.33828245 -0.27790308  0.7545776  -0.79672043  0.33647224
  0.49836731 -1.97563858 -1.93330945 -0.87080648 -2.05867235  0.36934086
 -2.69461512 -2.86983301 -2.97289043 -2.73187972 -2.86983301 -2.30258509
 -2.97292306 -2.72772511 -2.30258509 -2.86983301 -2.49287371 -2.97414867]
log likelihood =  -304.612648472
Edge derivatives =  [-1.2616486186411249, -0.6453073548618309, -0.6409595114720281, 0.20729264645545764, -0.8729378080973288, 0.7017437842621506, -0.5648685963577001, -0.9586948955946312, -1.1424028486583264, -0.5743060061436492, -0.9586948955946312, -5.742220824081189e-16, -1.140998369168593, -0.5696770957968802, -5.974813486083638e-16, -0.9586948955946314, -0.15280203795702207, -1.1402560375361037]
other derivatives: [ 6.58442332  2.32579964 -4.9160974   0.38882604 -0.1169326   0.        ]
Current x array =  [-0.63742763 -1.45292153 -0.2759697   0.82218464 -0.92644375  0.33647224
  0.5154398  -2.00780942 -1.93601866 -0.64353916 -2.10167439  0.34380888
 -2.77834432 -2.99551338 -3.12143952 -2.81779511 -2.99551338 -2.30258509
 -3.12122145 -2.81296424 -2.30258509 -2.99551338 -2.5237054  -3.1224876 ]
log likelihood =  -303.346763923
Edge derivatives =  [-0.18627499010662918, -0.6048432305113988, -0.7734786562648354, -1.3781795715454237, -0.8675785109419031, 1.015667654137518, -0.34230328427105766, -0.7646441791115444, -0.9176381265516278, -0.39087723581040656, -0.7646441791115444, -6.94728289601368e-17, -0.9203688486907778, -0.3899022291288825, -5.691661273420625e-17, -0.7646441791115444, -0.057415522938556285, -0.9197005252031409]
other derivatives: [ 5.06519768  2.23341203 -4.86064664 -0.55512714  1.10221663  0.        ]
Current x array =  [-0.62431045 -1.47337166 -0.27099557  0.89216295 -1.05924696  0.33647224
  0.4989877  -2.07119782 -1.96978227 -0.39885503 -2.18839043  0.36660221
 -2.89430461 -3.17694414 -3.33604162 -2.93771353 -3.17694414 -2.30258509
 -3.33563576 -2.93189945 -2.30258509 -3.17694414 -2.56399567 -3.33691474]
log likelihood =  -301.495360495
Edge derivatives =  [-0.12734398465168928, -0.5259794824055501, -0.7366226082383742, -2.3383321038908527, -0.7219308746505974, -0.09539091592860549, -0.03506540352416321, -0.4991619314753726, -0.6222406329535789, -0.14007944985780452, -0.4991619314753726, -4.423491073967769e-17, -0.6291428319390248, -0.14186444381037586, -4.428728278956404e-17, -0.49916193147537247, 0.06683727334360995, -0.6288060766723391]
other derivatives: [ 1.81419182  3.15342277  1.60076183 -0.4853689   0.82586666  0.        ]
Current x array =  [-0.59440429 -1.50920552 -0.30120853  0.85058777 -1.08805546  0.33647224
  0.50010896 -2.22766605 -2.10176662 -0.27000826 -2.40217132  0.43801414
 -3.08356743 -3.50598722 -3.72669566 -3.13981384 -3.50598722 -2.30258509
 -3.72663919 -3.13283116 -2.30258509 -3.50598722 -2.62136608 -3.72789716]
log likelihood =  -299.736852175
Edge derivatives =  [0.6073427276657597, -0.4260530968529408, -0.5624829486288938, -2.0476790763686896, -0.47597848016676514, -0.6197620752493638, 0.2639848730385856, -0.2669300070478371, -0.38348481005499213, 0.09946242972525265, -0.2669300070478371, -1.0888969724335712e-16, -0.3897435265174623, 0.09609689255213452, -1.099039924859674e-16, -0.26693000704783715, 0.18215346085947365, -0.38955409590638096]
other derivatives: [-3.91309527  1.60936224  2.20987317 -0.12935857  0.68397412  0.        ]
Current x array =  [-0.55473358 -1.44745701 -0.31465817  0.74398701 -1.05090157  0.33647224
  0.42747837 -2.45657255 -2.31348421 -0.28799717 -2.70930761  0.45165531
 -3.30465028 -3.91688344 -4.21613995 -3.3809531  -3.91688344 -2.30258509
 -4.21689726 -3.37277526 -2.30258509 -3.91688344 -2.68203047 -4.2180747 ]
log likelihood =  -298.721805737
Edge derivatives =  [0.5317695323709875, -0.3476601926022019, -0.37100154258228946, -0.9975380513499064, -0.26787239307368815, -0.514571168272606, 0.45581135387121474, -0.10358656046868316, -0.23823385453882182, 0.277959637981016, -0.10358656046868318, -1.7623231940810076e-16, -0.241962055730476, 0.2736326614038986, -1.6583893050764096e-16, -0.10358656046868317, 0.2689026995618592, -0.24183345795030653]
other derivatives: [-0.92455252 -0.88797378  3.83901124  0.29932039  0.328032    0.        ]
Current x array =  [-0.57387637 -1.33967177 -0.33239131  0.64151077 -0.97374825  0.33647224
  0.40331915 -2.69200691 -2.53718183 -0.38592652 -3.01928814  0.42917991
 -3.50012765 -4.31771571 -4.69717117 -3.60338952 -4.31771571 -2.30258509
 -4.69888554 -3.59431211 -2.30258509 -4.31771571 -2.73041583 -4.69998488]
log likelihood =  -298.462423447
Edge derivatives =  [0.3134269900188189, -0.28783334757228535, -0.19568385614656425, 0.3665326158474471, -0.11812100093317363, -0.3085423267266334, 0.5559558524383431, -0.02935487721926708, -0.170222496629852, 0.36302615345995837, -0.02935487721926709, -6.381827139273274e-17, -0.17300784237784395, 0.3593288405727315, -5.4122138496844596e-17, -0.029354877219267005, 0.2865797746004106, -0.1729107675998584]
other derivatives: [-5.86726969 -0.42587089 -0.96526378  0.56192562 -0.3745015   0.        ]
Current x array =  [-0.54497651 -1.35757837 -0.31055578  0.6181215  -0.91156565  0.33647224
  0.40311435 -2.87232327 -2.71046932 -0.50669912 -3.24371524  0.40034601
 -3.59959295 -4.59350683 -5.03677267 -3.73267676 -4.59350683 -2.30258509
 -5.03928519 -3.72326167 -2.30258509 -4.59350683 -2.74339899 -5.04031752]
log likelihood =  -298.305983852
Edge derivatives =  [0.1408661279236001, -0.27527933545957667, -0.18228562324166753, 0.327264867762984, -0.10760747408962602, -0.08197981291269296, 0.5950249206378603, -0.0066357739560217, -0.15004335533055624, 0.3950176311555096, -0.00663577395602161, -1.3274438653196148e-16, -0.1524426539529538, 0.3910979201943916, -1.3298943908853413e-16, -0.006635773956021742, 0.3008936066061961, -0.1523545316370834]
other derivatives: [-0.92909431 -0.18683863  0.15924684  0.54217821 -0.27416718  0.        ]
Current x array =  [-0.57480647 -1.36074634 -0.31301731  0.62649088 -0.91808673  0.33647224
  0.4179669  -2.93087027 -2.76144425 -0.49287473 -3.31561831  0.39484043
 -3.6384661  -4.69508194 -5.16176343 -3.78217693 -4.69508194 -2.30258509
 -5.16448697 -3.77257327 -2.30258509 -4.69508194 -2.7506708  -5.16550934]
log likelihood =  -298.259051393
Edge derivatives =  [0.07411672676059844, -0.2651291958057883, -0.1759212336014559, 0.2417346716513159, -0.1026150274671061, 0.12638908566634222, 0.6237505332034703, 0.004477689085545938, -0.13745085208679536, 0.4127879490421149, 0.004477689085545886, 1.6316316589326122e-16, -0.13968430557125025, 0.40881334943023984, 1.925467075664149e-16, 0.004477689085545831, 0.30357780854923555, -0.13960139644259006]
other derivatives: [ 0.63789116  0.14063062 -0.41573003  0.40693067 -0.14641159  0.        ]
Current x array =  [-0.58550437 -1.37491675 -0.30707045  0.64924078 -0.93215528  0.33647224
  0.42951237 -2.97251525 -2.79630499 -0.47439325 -3.36370799  0.39007239
 -3.65732161 -4.76372368 -5.24818814 -3.8107005  -4.76372368 -2.30258509
 -5.25105632 -3.80100027 -2.30258509 -4.76372368 -2.75174265 -5.25207156]
log likelihood =  -298.21842138
Edge derivatives =  [0.02479981284454502, -0.25570741005669917, -0.16453554183051455, 0.21934988913767073, -0.09378064312039591, 0.27849794685411144, 0.6410672398513684, 0.010945189452445587, -0.12787102461961178, 0.4210597009761473, 0.010945189452445417, 6.660135455200263e-17, -0.12999057403228595, 0.4170538573512876, 6.659644579866377e-17, 0.010945189452445431, 0.29361630642117464, -0.1299122884528598]
other derivatives: [ 1.21507924  0.33835477 -0.73311526  0.15614887 -0.02527258  0.        ]
Current x array =  [-0.58994696 -1.38647385 -0.30308368  0.67865587 -0.94435211  0.33647224
  0.43972642 -3.01198479 -2.82928554 -0.46319608 -3.40494304  0.38768549
 -3.65807239 -4.8176486  -5.3193138  -3.82378122 -4.8176486  -2.30258509
 -5.3223498  -3.8140955  -2.30258509 -4.8176486  -2.74541354 -5.32335548]
log likelihood =  -298.12686947
Edge derivatives =  [-0.0821086978526413, -0.23328585736799093, -0.12051296461294106, 0.4233516544681809, -0.055946251045485444, 0.5378901519123466, 0.6589146356670632, 0.020828516892594476, -0.10883869658221033, 0.42498353855141535, 0.020828516892594587, -7.111856354963448e-17, -0.11071001406244996, 0.42094950846037904, -7.994722984500072e-17, 0.020828516892594483, 0.24344084609961184, -0.11064407502001172]
other derivatives: [ 1.68644192  0.54597535  1.34724019 -0.56992349  0.17369075  0.        ]
Current x array =  [-0.59294048 -1.4024701  -0.31061516  0.74026696 -0.95597176  0.33647224
  0.45629199 -3.11537906 -2.9172411  -0.46644528 -3.50511979  0.38288209
 -3.62483765 -4.93272589 -5.47858419 -3.82871803 -4.93272589 -2.30258509
 -5.48215015 -3.81931808 -2.30258509 -4.93272589 -2.71500294 -5.48312173]
log likelihood =  -298.0095265
Edge derivatives =  [-0.07243202965561557, -0.20893453170765586, -0.09859885971411875, 0.30683520266069, -0.04442247063301137, 0.4704914225366217, 0.655724860846466, 0.017553661396438713, -0.09338419903627261, 0.4045266569428254, 0.01755366139643868, 0.0, -0.09510852386786067, 0.4005636003151806, 0.0, 0.017553661396438748, 0.14649304641467922, -0.09505329164482244]
other derivatives: [ 0.87671879  0.58851128 -0.94786969 -1.29806494  0.31815262  0.        ]
Current x array =  [-0.59100674 -1.41890409 -0.29393633  0.82164344 -0.98311369  0.33647224
  0.47462274 -3.22867002 -3.0069728  -0.43146683 -3.59787329  0.4023439
 -3.53278899 -5.03072707 -5.628745   -3.79128787 -5.03072707 -2.30258509
 -5.63294    -3.78249628 -2.30258509 -5.03072707 -2.66005521 -5.63387325]
log likelihood =  -297.847351777
Edge derivatives =  [-0.1580950976274138, -0.1868829061269401, -0.07248485967366691, 0.39539424897178843, -0.025473096726610807, 0.2029789577064811, 0.6048022560899926, 0.009871272896889827, -0.08176204061370002, 0.36122996131290286, 0.009871272896889821, -1.48479147151461e-16, -0.08333633304263335, 0.35744882744937473, -1.6302966580031647e-16, 0.009871272896889792, 0.014343896186939847, -0.08329190745296697]
other derivatives: [-0.13443469  0.31818672 -0.1532328  -1.81153723  0.23237021  0.        ]
Current x array =  [-0.58537951 -1.41541395 -0.29659053  0.86350407 -0.9848988   0.33647224
  0.48572199 -3.34946535 -3.10366456 -0.42452901 -3.68795343  0.42503938
 -3.39546498 -5.10723481 -5.75970144 -3.71952422 -5.10723481 -2.30258509
 -5.76467108 -3.7116666  -2.30258509 -5.10723481 -2.58925167 -5.76555531]
log likelihood =  -297.470891104
Edge derivatives =  [-0.34030564335387337, -0.13804312073657926, -0.04770209795128096, 0.33843134966080457, -0.013860489949923047, -0.7885455604246377, 0.3439071739033179, -0.015431369007307702, -0.05794476997227783, 0.21354151068612903, -0.015431369007307707, 1.4286212526121032e-16, -0.05916339541040039, 0.21087671737726732, 1.380482014087928e-16, -0.015431369007307646, -0.3813339799863448, -0.05914182798944558]
other derivatives: [-1.94145855 -0.21449296 -0.05140919 -2.00470822 -0.24850806  0.        ]
Current x array =  [-0.5752072  -1.3994288  -0.29760764  0.88039127 -0.98117518  0.33647224
  0.49601815 -3.67557511 -3.36149663 -0.38830096 -3.9248649   0.48868141
 -3.00207554 -5.30171221 -6.10044929 -3.50953889 -5.30171221 -2.30258509
 -6.10754893 -3.50435254 -2.30258509 -5.30171221 -2.40340804 -6.10829877]
log likelihood =  -297.153862867
Edge derivatives =  [-0.12070338237799505, -0.09856665164976998, -0.045885037753764124, 0.12889545372683475, -0.014199681069513383, -0.5298716802059729, -0.01748288109873654, -0.027464445040688117, -0.03773449852937623, 0.08876788802277857, -0.027464445040688117, 4.6404393517328045e-22, -0.03860151805553604, 0.08773146274070137, 2.403813014581328e-22, -0.02746444504068813, -0.6978039099851836, -0.03859491630386906]
other derivatives: [-1.93898586 -0.18889068  0.22109248 -1.38198288 -0.10423946  0.        ]
Current x array =  [-0.57264956 -1.39770229 -0.30175351  0.80725134 -1.00195681  0.33647224
  0.47398218 -4.0322736  -3.64777606 -0.34723653 -4.21130493  0.47691259
 -2.68041926 -5.57430508 -6.52691059 -3.36275187 -5.57430508 -2.30258509
 -6.53618042 -3.35986952 -2.30258509 -5.57430508 -2.27637797 -6.53679182]
log likelihood =  -297.141619065
Edge derivatives =  [-1.083980798806864, -0.055803942429191476, -0.07763715154823117, -2.1042954880541256, -0.045481557791175006, -1.944905909412081, -0.05771021952154495, -0.016633709164925778, -0.014977485203773958, 0.13218719153707892, -0.016633709164925795, -6.661433768912334e-17, -0.015333214932659973, 0.13205698929197993, -6.661372618715846e-17, -0.016633709164925792, -0.39474620666271826, -0.015332927023055668]
other derivatives: [ 1.08345262  0.22309905  3.42084832  0.63930656 -1.05758318  0.        ]
Current x array =  [-0.5873802  -1.39039462 -0.32378618  0.62724433 -1.01649668  0.33647224
  0.50894392 -4.6259088  -4.12685774 -0.15804719 -4.77260164  0.54802517
 -2.60003756 -6.2548015  -7.45085997 -3.41590061 -6.2548015  -2.30258509
 -7.46301555 -3.4143019  -2.30258509 -6.2548015  -2.39955235 -7.46345527]
log likelihood =  -297.004780827
Edge derivatives =  [-0.6135108864106724, -0.07398032228738637, -0.06805835253892088, -0.931421116917111, -0.0361176248919423, -1.2436145267362733, -0.02787576438364403, -0.020783553327596113, -0.023589056456340424, 0.11112916994260613, -0.020783553327596103, -3.731010999124506e-16, -0.024141128471392825, 0.110560948840806, -3.7528749121584803e-16, -0.02078355332759611, -0.5394050347779901, -0.024138826314232947]
other derivatives: [-0.36310439  0.04025082  1.88034051 -0.3304649  -0.57756893  0.        ]
Current x array =  [-0.58013854 -1.39398711 -0.3129548   0.71573671 -1.0093488   0.33647224
  0.49175655 -4.33407466 -3.8913387  -0.25105365 -4.49666527  0.51306586
 -2.63955362 -5.92026594 -6.99664167 -3.38977241 -5.92026594 -2.30258509
 -7.00737861 -3.38754266 -2.30258509 -5.92026594 -2.33899919 -7.00790272]
log likelihood =  -296.840925059
Edge derivatives =  [-0.16090868077458853, -0.055642063094500094, -0.04162411466009243, -0.06806426830658263, -0.018101143052920605, -0.36129132380940543, -0.13358538139109571, -0.014300747413442463, -0.015539835268263996, 0.11345997923875972, -0.014300747413442467, -4.44787545707527e-17, -0.015905878757404533, 0.1137658513621951, -4.444378272000851e-17, -0.014300747413442474, -0.48610217592350435, -0.015906032301790565]
other derivatives: [ 0.97406883  0.07559038 -0.62200343  0.59577587 -0.37287577  0.        ]
Current x array =  [-0.5867222  -1.38804576 -0.30430139  0.61387166 -0.99869723  0.33647224
  0.44998653 -4.62384871 -4.13891068 -0.31667563 -4.77450598  0.4584812
 -2.56704959 -6.22473905 -7.41437163 -3.3948632  -6.22473905 -2.30258509
 -7.42665879 -3.39350489 -2.30258509 -6.22473905 -2.36225099 -7.42707328]
log likelihood =  -296.798654995
Edge derivatives =  [-0.05101151186786579, -0.04960468036692712, -0.03844393602958211, -0.10456796840806204, -0.015179895851356118, -0.003126288256052212, -0.1012940545902406, -0.011842686172823365, -0.012843091986575189, 0.13571574956746002, -0.011842686172823377, -1.5253870710403235e-16, -0.013149063105865624, 0.1360060137176289, -1.5398451529235623e-16, -0.01184268617282337, -0.3962856447983089, -0.013149629973939462]
other derivatives: [ 0.87510443  0.12506121  0.11320935  0.55633222 -0.11860948  0.        ]
Current x array =  [-0.58490611 -1.39171128 -0.30819073  0.60847756 -1.0138434   0.33647224
  0.44660037 -4.73966824 -4.23586792 -0.30854891 -4.89113991  0.44300433
 -2.57658034 -6.36891835 -7.60421735 -3.42041219 -6.36891835 -2.30258509
 -7.61704365 -3.41915675 -2.30258509 -6.36891835 -2.3994852  -7.6174239 ]
log likelihood =  -296.732248136
Edge derivatives =  [0.016170013676060302, -0.03559899229524674, -0.029942444464595923, -0.21819542681497572, -0.010731773109676244, 0.3715608972714878, -0.10316804772655269, -0.008097179817219961, -0.007593016357810088, 0.16771450734588567, -0.00809717981721996, -8.881380687722168e-17, -0.0077773213421922565, 0.16827269642514917, -8.8815770631693e-17, -0.008097179817219961, -0.21147227628165846, -0.007778488620175746]
other derivatives: [ 0.29771172  0.10026611  0.14722445  0.34712571  0.2312845   0.        ]
Current x array =  [-0.580771   -1.39681315 -0.30733042  0.62028095 -1.04267138  0.33647224
  0.45204179 -5.07257746 -4.51274212 -0.2862564  -5.21492616  0.43184127
 -2.55890347 -6.75873019 -8.12728871 -3.45756891 -6.75873019 -2.30258509
 -8.14173203 -3.4568663  -2.30258509 -6.75873019 -2.48059335 -8.14201106]
log likelihood =  -296.706055855
Edge derivatives =  [0.09056578048943398, -0.024139017920948625, -0.01796156925295276, -0.03460290990825032, -0.005984554937593247, 0.2722276832633914, -0.1627633989867336, -0.005540085501060881, -0.004154787064617475, 0.17452762448678483, -0.005540085501060873, 9.005931855776986e-17, -0.004249604618157782, 0.1755172649705356, 8.943862131363751e-17, -0.005540085501060887, -0.02674596428409723, -0.004250728162316278]
other derivatives: [ 2.71415388  0.1965816   0.53403255 -0.0467594   0.37850896  0.        ]
Current x array =  [-0.59823163 -1.40218887 -0.305522    0.66280452 -1.05196978  0.33647224
  0.45596513 -5.46891733 -4.84222453 -0.28902038 -5.59119989  0.44590554
 -2.51562684 -7.20097355 -8.72789271 -3.46344683 -7.20097355 -2.30258509
 -8.74432281 -3.46353976 -2.30258509 -7.20097355 -2.56819539 -8.74447743]
log likelihood =  -296.667773582
Edge derivatives =  [0.04838257316610273, -0.018225197838253854, -0.013450000405679636, 0.04212477564684902, -0.003596708807614703, 0.03919065150564882, -0.22071135276353548, -0.0043259854276187035, -0.0027287837254183003, 0.17505693673062306, -0.004325985427618707, -1.1104316611624422e-16, -0.0027914242030295305, 0.17660821619836106, -1.1103267507563272e-16, -0.004325985427618708, 0.10217804134443903, -0.0027924645229750814]
other derivatives: [-0.33531364 -0.02179945  0.19256845 -0.05707648  0.20664288  0.        ]
Current x array =  [-0.57808907 -1.39736998 -0.305995    0.65449997 -1.04673189  0.33647224
  0.45623164 -5.74871009 -5.07496122 -0.29304112 -5.85630387  0.45546857
 -2.48405011 -7.5102239  -9.14795315 -3.46545448 -7.5102239  -2.30258509
 -9.16580179 -3.46613852 -2.30258509 -7.5102239  -2.63568437 -9.16586741]
log likelihood =  -296.664173424
Edge derivatives =  [0.02582776446503665, -0.01807951687281826, -0.013131221420579549, 0.062479512601713916, -0.003599087539607013, -0.0730000618834925, -0.24542085012819798, -0.00441288968916868, -0.002712404324176052, 0.16508810133303964, -0.004412889689168671, 2.220647397960342e-17, -0.0027739336492184083, 0.16674279654804394, 2.2205425913335393e-17, -0.004412889689168676, 0.09027470514969968, -0.002774981446446303]
other derivatives: [-0.07988774 -0.0189516   0.02085585 -0.02175966  0.11339125  0.        ]
Current x array =  [-0.58004371 -1.39641899 -0.30505911  0.65399229 -1.04094599  0.33647224
  0.45605236 -5.75778278 -5.08210246 -0.29527254 -5.86161468  0.46038415
 -2.47244668 -7.51259067 -9.1541726  -3.45337673 -7.51259067 -2.30258509
 -9.17208889 -3.45414021 -2.30258509 -7.51259067 -2.62942183 -9.17215024]
log likelihood =  -296.658828388
Edge derivatives =  [-0.013408884488452344, -0.0179331202363772, -0.012427676972668795, 0.10866504741654137, -0.003178295453639944, -0.18540882230854971, -0.2542298854241547, -0.0043982588643758395, -0.002698495930333854, 0.14913815243399364, -0.004398258864375842, -2.451414902670313e-16, -0.002757744255839179, 0.15088895108917297, -2.44695233063676e-16, -0.004398258864375843, 0.0785564010852142, -0.0027587972254731687]
other derivatives: [ 0.10296617 -0.01985541  0.01872991 -0.01734861 -0.02847855  0.        ]
Current x array =  [-0.58156149 -1.3953657  -0.30506462  0.65586433 -1.03021914  0.33647224
  0.45574803 -5.76790399 -5.0902257  -0.30015469 -5.86719764  0.4642665
 -2.46851396 -7.51471561 -9.16004246 -3.43444506 -7.51471561 -2.30258509
 -9.17803438 -3.43524131 -2.30258509 -7.51471561 -2.62338275 -9.17809115]
log likelihood =  -296.650094482
Edge derivatives =  [-0.08621036155823059, -0.016794037896928567, -0.01219537681042876, -0.011619589012499265, -0.003272314368727775, -0.3039110768533684, -0.22200372512118907, -0.004042003897997922, -0.0024759081355079423, 0.11614620339549386, -0.0040420038979979206, 8.79823790425894e-17, -0.0025256886892230366, 0.11804201005208012, 8.840003036191177e-17, -0.0040420038979979206, 0.08052198448433437, -0.0025267087436764333]
other derivatives: [  2.37525910e-01  -1.47792889e-04  -1.38136329e+00   2.40731879e-02
  -2.82005885e-01   0.00000000e+00]
Current x array =  [-0.58374721 -1.39585018 -0.29764642  0.66247104 -1.01493868  0.33647224
  0.457471   -5.83435069 -5.14400784 -0.29138086 -5.92331386  0.4677987
 -2.48275774 -7.57688471 -9.24765059 -3.39619729 -7.57688471 -2.30258509
 -9.26599797 -3.39696647 -2.30258509 -7.57688471 -2.6248733  -9.2660344 ]
log likelihood =  -296.637736032
Edge derivatives =  [-0.08119021400734372, -0.01586555944510347, -0.011057890165418735, 0.003801450864250544, -0.002245964240698859, -0.2508396077716347, -0.22467787336379308, -0.00382124052726882, -0.0023013599552465973, 0.08216831416722559, -0.0038212405272688202, 2.2462677479799473e-22, -0.0023446602136308913, 0.08422479606631575, 1.0051329914986072e-22, -0.003821240527268817, 0.06543880413960496, -0.0023456719197217472]
other derivatives: [ 0.26973339  0.01195417 -0.68100121 -0.03405489 -0.37277914  0.        ]
Current x array =  [-0.58378134 -1.39595996 -0.30127141  0.66531184 -1.00396035  0.33647224
  0.45445121 -5.89430814 -5.19317009 -0.29354    -5.97297366  0.46287319
 -2.48119524 -7.62796353 -9.32186843 -3.35844167 -7.62796353 -2.30258509
 -9.34055697 -3.35927053 -2.30258509 -7.62796353 -2.61705283 -9.34057252]
log likelihood =  -296.621022124
Edge derivatives =  [-0.018637450132401145, -0.013485633814535856, -0.009665277460653253, -0.07968456658057255, -0.0011031086978077966, 0.024940540314864923, -0.19505931613692248, -0.0031512350513612014, -0.00183421848025948, 0.02679979184697845, -0.0031512350513611996, 2.8796358294535635e-16, -0.0018647528418939182, 0.02908189865028407, 2.883107465904803e-16, -0.003151235051361198, 0.06943436208426515, -0.0018656901548904795]
other derivatives: [ 0.10253984  0.04329195  0.06105552 -0.10438157 -0.38483563  0.        ]
Current x array =  [-0.58216135 -1.39791749 -0.30529982  0.66636121 -0.99666419  0.33647224
  0.44890346 -6.0596     -5.32922964 -0.28679958 -6.11976682  0.44681316
 -2.49364446 -7.79226321 -9.55027639 -3.29976045 -7.79226321 -2.30258509
 -9.56983857 -3.30065969 -2.30258509 -7.79226321 -2.61929781 -9.56980078]
log likelihood =  -296.61170704
Edge derivatives =  [0.045364858380953166, -0.01183591687019952, -0.008932079154031904, -0.12730329733149826, -0.000950285051404009, 0.19534200484814235, -0.150575774872999, -0.002625131654266494, -0.001519587022213347, -0.0011389405196904345, -0.0026251316542664936, 1.8740375709823233e-22, -0.0015430542478008695, 0.001153478098132113, 9.438036465571959e-23, -0.0026251316542664923, 0.0892348558143074, -0.00154391404570207]
other derivatives: [-0.03137188  0.04166623  0.19310278 -0.11340262 -0.27239935  0.        ]
Current x array =  [-0.58090733 -1.39879486 -0.30605882  0.66367708 -1.00344411  0.33647224
  0.44666803 -6.18963153 -5.436562   -0.28140852 -6.23902208  0.43912588
 -2.51345292 -7.93058857 -9.7389717  -3.27121675 -7.93058857 -2.30258509
 -9.75919434 -3.27209096 -2.30258509 -7.93058857 -2.62967196 -9.75911626]
log likelihood =  -296.598847714
Edge derivatives =  [0.0315180956546286, -0.009700305269792632, -0.008135511996161877, -0.14643034814437783, -0.0015534742377735916, 0.09891001579782088, -0.057088035458436714, -0.001893189194177625, -0.0011406482770898521, -0.04098042655520007, -0.0018931891941776254, -2.2204136881433675e-17, -0.0011563358728847865, -0.03894937863805489, -2.2204296820696102e-17, -0.001893189194177625, 0.11435900431624882, -0.0011570772512005992]
other derivatives: [-0.02162892  0.02624461  0.41016506 -0.03934701 -0.08701591  0.        ]
Current x array =  [ -0.58044433  -1.39801154  -0.30721421   0.65434228  -1.02395331
   0.33647224   0.45182646  -6.386389    -5.59854292  -0.27637807
  -6.41941824   0.44841747  -2.55718982  -8.14199361 -10.02625464
  -3.23157713  -8.14199361  -2.30258509 -10.04746337  -3.23222922
  -2.30258509  -8.14199361  -2.64270012 -10.04732598]
log likelihood =  -296.608141666
Edge derivatives =  [0.19328341845542818, -0.008422174487177633, -0.005196074488804783, 0.43149501080163244, -0.000531278599137177, 0.3665402770882953, -0.012061355148694747, -0.0013568251641316606, -0.0009384597333985232, -0.056793550825348316, -0.0013568251641316608, -2.12719787197037e-17, -0.0009508298970687772, -0.055213826563701926, -2.1738188842589084e-17, -0.001356825164131659, 0.08616720763060881, -0.0009515030000754768]
other derivatives: [-0.39386805 -0.10265353 -0.80476639 -0.12895498  0.36289407  0.        ]
Current x array =  [ -0.57828251  -1.3967348   -0.30058686   0.65723031  -1.05107052
   0.33647224   0.45070254  -6.52165158  -5.71183674  -0.31610371
  -6.5440553    0.440538    -2.5783645   -8.28475293 -10.22058975
  -3.21551573  -8.28475293  -2.30258509 -10.24248568  -3.21582602
  -2.30258509  -8.28475293  -2.62710127 -10.24230481]
log likelihood =  -296.596417998
Edge derivatives =  [0.0818925466209337, -0.009281572457124881, -0.007164548791016251, 0.03613775228825178, -0.001211692525212737, 0.18266750155123868, -0.042901811630727454, -0.0017144009013555263, -0.0010731861865918698, -0.04589645303221257, -0.0017144009013555263, -1.1051957709199972e-16, -0.0010877496820177555, -0.044004894761173766, -1.1077091970362348e-16, -0.0017144009013555276, 0.10559372920037521, -0.0010884695682923467]
other derivatives: [-0.13664021 -0.01403464  0.03564082 -0.06762093  0.05321681  0.        ]
Current x array =  [ -0.5797688   -1.39761259  -0.3051433    0.65524473  -1.03242688
   0.33647224   0.45147526  -6.4286558   -5.63394493  -0.28879152
  -6.45836479   0.4459553   -2.56380648  -8.18660299 -10.08698041
  -3.22655827  -8.18660299  -2.30258509 -10.10840388  -3.22710355
  -2.30258509  -8.18660299  -2.63782579 -10.1082529 ]
log likelihood =  -296.594185564
Edge derivatives =  [0.026629438037070408, -0.008916666699729462, -0.007216882764027653, 0.028140384367065563, -0.0016151631827334614, 0.04740418847051575, -0.012592719171430844, -0.0015639535672292068, -0.0010106051193986116, -0.04534409487040547, -0.0015639535672292094, -2.171672486900531e-17, -0.0010240912406658438, -0.043656961848483264, -2.1960581950707154e-17, -0.001563953567229206, 0.11022656944138787, -0.0010247824876408876]
other derivatives: [-0.06741629 -0.00579803  0.00376303 -0.01659259  0.08549819  0.        ]
Current x array =  [ -0.58015272  -1.39738329  -0.30491463   0.65171602  -1.04003372
   0.33647224   0.45639099  -6.46756308  -5.6659167   -0.28705341
  -6.49508351   0.45475534  -2.57870064  -8.23176456 -10.14698886
  -3.22694523  -8.23176456  -2.30258509 -10.1685942   -3.22733771
  -2.30258509  -8.23176456  -2.640158   -10.16843262]
log likelihood =  -296.592205564
Edge derivatives =  [-0.015065375499185851, -0.008608847823476522, -0.007127596103074622, 0.0250360111863992, -0.0017187484506590851, -0.000832050786687244, 0.006293334317253818, -0.0014453667748108973, -0.0009574054298978304, -0.03642713438275591, -0.001445366774810897, -1.9843185320190325e-16, -0.0009700652305037092, -0.034992245200711994, -1.9913594897090561e-16, -0.0014453667748108993, 0.10240919592863984, -0.0009707262931252636]
other derivatives: [-0.08646452 -0.00476916 -0.03224159  0.00633236  0.08438974  0.        ]
Current x array =  [ -0.58001302  -1.39725132  -0.30474183   0.65015943  -1.0423022
   0.33647224   0.45930884  -6.50225095  -5.69473335  -0.28636731
  -6.52830077   0.45777455  -2.58808617  -8.27272169 -10.20101971
  -3.23556641  -8.27272169  -2.30258509 -10.2227838   -3.23573974
  -2.30258509  -8.27272169  -2.63593487 -10.2226127 ]
log likelihood =  -296.592785624
Edge derivatives =  [-0.015148536717740857, -0.007394654884006915, -0.006351193408530867, 0.0187535546595321, -0.0017321851901222153, 0.009239141650597804, 0.07970283901305253, -0.001030338253945177, -0.0007567900037795197, -0.0016621744529171645, -0.0010303382539451754, -4.400088864462827e-17, -0.0007660810253664262, -0.0013885701329969385, -4.4204890722118234e-17, -0.0010303382539451767, 0.050909156697218766, -0.0007666182609368595]
other derivatives: [ 1.28115971  0.05137508  0.03299192  0.02995648  0.15308501  0.        ]
Current x array =  [ -0.58897185  -1.39790008  -0.30412869   0.65131857  -1.04731093
   0.33647224   0.46105798  -6.65566481  -5.82236975  -0.28401139
  -6.67363952   0.45966482  -2.62476024  -8.45017791 -10.43584817
  -3.26929242  -8.45017791  -2.30258509 -10.45832152  -3.26843403
  -2.30258509  -8.45017791  -2.60836661 -10.45810779]
log likelihood =  -296.590037315
Edge derivatives =  [-0.014973960074946335, -0.008016413013798148, -0.006751079082107403, 0.022333031340501908, -0.0017302439407762184, 0.004050212325225622, 0.04108547826445447, -0.0012379724121524905, -0.0008574284462770029, -0.019971766971379146, -0.0012379724121524922, 1.4089079721513934e-23, -0.0008683858096689411, -0.01909123449085448, 7.22515892939781e-24, -0.0012379724121524918, 0.0784287859937173, -0.0008689855429210956]
other derivatives: [ 0.56043632  0.02147544 -0.00135287  0.01712692  0.11661996  0.        ]
Current x array =  [ -0.5842149   -1.3975556   -0.30445425   0.65070309  -1.04465141
   0.33647224   0.46012923  -6.57420537  -5.75459758  -0.28526233
  -6.59646779   0.45866113  -2.6052871   -8.35595249 -10.31115934
  -3.25138464  -8.35595249  -2.30258509 -10.33325608  -3.25107407
  -2.30258509  -8.35595249  -2.62300476 -10.33306499]
log likelihood =  -296.586148378
Edge derivatives =  [-0.08441487505312395, -0.007148152749013801, -0.006155603889981306, 0.01875354537525209, -0.0015247548927297557, -0.05858156122153768, 0.08055540408245687, -0.0009866985717829379, -0.0007222183899659941, -0.0022244680414869045, -0.0009866985717829355, 8.881804335208262e-17, -0.0007310712003865547, -0.0019981875369046997, 8.881793688373122e-17, -0.0009866985717829372, 0.0368258471964332, -0.0007315952425823926]
other derivatives: [ 0.09561631  0.00233626 -0.06896812  0.02594902  0.03676064  0.        ]
Current x array =  [ -0.58126534  -1.39709508  -0.30444576   0.64978227  -1.04125454
   0.33647224   0.46324217  -6.68889708  -5.84998071  -0.28496985
  -6.70378504   0.46095775  -2.62561411  -8.48466592 -10.48298098
  -3.26935724  -8.48466592  -2.30258509 -10.50562266  -3.26837221
  -2.30258509  -8.48466592  -2.60141844 -10.50539851]
log likelihood =  -296.584446117
Edge derivatives =  [-0.07350763144376793, -0.006639204621669572, -0.005666198808366822, 0.025171772938230363, -0.0012355536177717202, -0.016663765070548342, 0.09103793502336033, -0.0008824438022286797, -0.0006483425402211357, -0.00021060838082642697, -0.0008824438022286827, 2.2197252376976314e-17, -0.0006559953365933378, -0.00027996932769056015, 2.2200856868183442e-17, -0.0008824438022286834, 0.007472845659425659, -0.0006564789906605349]
other derivatives: [-0.03882406  0.00063096  0.00642899  0.01371063 -0.00831051  0.        ]
Current x array =  [ -0.58037692  -1.39713356  -0.30502834   0.64991285  -1.03599999
   0.33647224   0.46118448  -6.7637858   -5.91229974  -0.2858765
  -6.77244073   0.45748862  -2.63091536  -8.56454893 -10.59113364
  -3.27158772  -8.56454893  -2.30258509 -10.61414594  -3.27027321
  -2.30258509  -8.56454893  -2.58648232 -10.61389897]
log likelihood =  -296.583478418
Edge derivatives =  [-0.02620110409347065, -0.005970003088783126, -0.005096790718890609, 0.0006850051158255877, -0.0009600675181447385, 0.013126950708875817, 0.09499802347223787, -0.0007927873145966067, -0.0005581361561357396, -0.014920056013573046, -0.0007927873145966075, -4.440808579459391e-17, -0.0005642520120723734, -0.015221295685039785, -4.4408502524064684e-17, -0.0007927873145966058, -0.025370074705206108, -0.0005646888718932308]
other derivatives: [-0.03694254  0.0055195  -0.25581244  0.0224361  -0.09550263  0.        ]
Current x array =  [ -0.58064651  -1.39716606  -0.30380441   0.65017785  -1.02726591
   0.33647224   0.45629142  -6.87136192  -6.00143562  -0.28462471
  -6.8687765    0.45404543  -2.63252408  -8.67398998 -10.74139006
  -3.25707329  -8.67398998  -2.30258509 -10.76495238  -3.25546877
  -2.30258509  -8.67398998  -2.57009998 -10.76467169]
log likelihood =  -296.583504824
Edge derivatives =  [0.050962569860524054, -0.0056223392768086355, -0.004540954389668757, 0.06768095160783005, -0.0006405824177172553, 0.052816274186784584, 0.08677776935556628, -0.0007565163509069622, -0.0005117860336192662, -0.014729381860795976, -0.000756516350906963, 1.7794362728087584e-16, -0.0005172526963264895, -0.015295063145081472, 1.7778966249688273e-16, -0.0007565163509069652, -0.052221773126168464, -0.0005176629154132641]
other derivatives: [-0.04934577 -0.01403464  0.50344511 -0.04693561 -0.04521894  0.        ]
Current x array =  [ -0.58015019  -1.39656303  -0.30788431   0.65137014  -1.02698918
   0.33647224   0.4515728   -6.93289454  -6.05287096  -0.28973041
  -6.92451972   0.45202744  -2.62783112  -8.73764847 -10.82809347
  -3.25731051  -8.73764847  -2.30258509 -10.85196482  -3.25547204
  -2.30258509  -8.73764847  -2.55662437 -10.85166481]
log likelihood =  -296.582934268
Edge derivatives =  [0.011889451435262766, -0.005795965688656016, -0.004817479753606215, 0.03378973211490388, -0.0007989789341405693, 0.03276203895381058, 0.09095988650558745, -0.0007746963836233926, -0.0005347768547394416, -0.014823781995345064, -0.000774696383623396, 6.725031880536374e-17, -0.0005405639371328025, -0.01525544460380833, 6.693186504157356e-17, -0.0007746963836233959, -0.03856280473877999, -0.0005409874799910082]
other derivatives: [-0.04316689 -0.00412683  0.12156534 -0.0117609  -0.07062226  0.        ]
Current x array =  [ -0.58040177  -1.3968687   -0.30581626   0.65076579  -1.02712945
   0.33647224   0.4539646   -6.90170452  -6.02679911  -0.2871424
  -6.89626426   0.45305033  -2.63020992  -8.70538088 -10.78414473
  -3.25719027  -8.70538088  -2.30258509 -10.80785944  -3.25547039
  -2.30258509  -8.70538088  -2.56345497 -10.80756922]
log likelihood =  -296.582575744
Edge derivatives =  [0.021913226760577942, -0.005834783109906893, -0.0048659514304328026, 0.030789978846312183, -0.0008360590834379897, 0.030403390840277433, 0.08588921107365627, -0.0007938971342108292, -0.0005400637612524266, -0.014556548423959037, -0.0007938971342108288, -6.661286743586952e-17, -0.0005459539568815687, -0.014951819821621581, -6.661312321070506e-17, -0.0007938971342108302, -0.03379848003814426, -0.0005463808363983362]
other derivatives: [-0.01598437 -0.00529781  0.13207    -0.01216449 -0.05039738  0.        ]
Current x array =  [ -0.58055351  -1.39685373  -0.3058323    0.65064473  -1.02878486
   0.33647224   0.45379857  -6.89482438  -6.02110571  -0.28671789
  -6.88998286   0.45355802  -2.62747151  -8.69807105 -10.77421633
  -3.2574043   -8.69807105  -2.30258509 -10.79789662  -3.25573127
  -2.30258509  -8.69807105  -2.56578848 -10.79760848]
log likelihood =  -296.580181827
Edge derivatives =  [0.0705007384189067, -0.005616139634875944, -0.004849370579183821, 0.004518210061178696, -0.0009794055304437616, 0.015398152292844247, 0.044629287271831075, -0.0008578959112850316, -0.000511962641420334, -0.009261634391075968, -0.0008578959112850316, -2.2203323889770814e-17, -0.000517667695262481, -0.009694832021136635, -2.2203890544122798e-17, -0.0008578959112850316, -0.027704746530082536, -0.0005180789426382627]
other derivatives: [ 0.07416929 -0.00800355  0.10891199 -0.00482601  0.043201    0.        ]
Current x array =  [ -0.58105028  -1.3969147   -0.30555094   0.64940645  -1.03709282
   0.33647224   0.45305466  -6.93195851  -6.05223741  -0.2834308
  -6.92377286   0.45626723  -2.60509489  -8.73723593 -10.82705928
  -3.26245224  -8.73723593  -2.30258509 -10.85091945  -3.26078882
  -2.30258509  -8.73723593  -2.5686387  -10.85062004]
log likelihood =  -296.577946833
Edge derivatives =  [0.026843704266121593, -0.004887834841133046, -0.004430021775888422, -0.0026124117220782672, -0.0009925284952094296, 0.0023622284187390097, 0.0012032644477139864, -0.0008017548516284696, -0.0004203980690626454, -0.010403949844500326, -0.0008017548516284691, -1.375494955274059e-21, -0.00042493940737320005, -0.011070099417364074, -6.889157502326206e-22, -0.0008017548516284683, -0.034832797674206745, -0.00042529646261043084]
other derivatives: [ 0.16303829  0.00306954  0.09530368  0.01567173  0.08163283  0.        ]
Current x array =  [ -0.58157353  -1.39722515  -0.30533468   0.64805842  -1.04261208
   0.33647224   0.45700103  -7.07025206  -6.16731743  -0.28162168
  -7.04908937   0.45829778  -2.58172637  -8.88196106 -11.02364711
  -3.26117029  -8.88196106  -2.30258509 -11.04819324  -3.25930576
  -2.30258509  -8.88196106  -2.56494493 -11.04785158]
log likelihood =  -296.576387791
Edge derivatives =  [0.09478409944224508, -0.0034711558563296574, -0.003290591250934581, 0.016358825278016687, -0.0007509671290833982, 0.005574663802200286, -0.01755896042938382, -0.0005832349855761848, -0.0002570883508121937, -0.0019821634630018403, -0.0005832349855761831, 1.7990284814793673e-21, -0.0002595484188728298, -0.003522069516807655, 8.975351215960799e-22, -0.0005832349855761836, -0.0722308251224884, -0.000259793835564309]
other derivatives: [-0.10093117 -0.06314167 -0.29026523 -0.02397655  0.1866681   0.        ]
Current x array =  [ -0.58011907  -1.39614285  -0.30316423   0.65060151  -1.05171114
   0.33647224   0.4561909   -7.41086249  -6.45059378  -0.28048949
  -7.36021755   0.46059415  -2.57058025  -9.24531547 -11.51475932
  -3.26930305  -9.24531547  -2.30258509 -11.54097533  -3.26660151
  -2.30258509  -9.24531547  -2.54622806 -11.54053147]
log likelihood =  -296.574628656
Edge derivatives =  [0.0049245162926263575, -0.0030317319206782274, -0.0030462181738016023, -0.03544541031491599, -0.0007143213232874345, -0.03954935466929632, -0.025193196455523675, -0.0005105233502894402, -0.0002118674016569565, -0.011504546139625593, -0.0005105233502894407, -6.660797677215e-17, -0.00021372272777025276, -0.013229997725470108, -6.661067902597176e-17, -0.0005105233502894404, -0.07791374732986847, -0.00021393424575643505]
other derivatives: [ 0.00256932 -0.01683702 -0.11073666  0.00513296  0.10548433  0.        ]
Current x array =  [ -0.58073205  -1.39710777  -0.30409413   0.6495469   -1.04811828
   0.33647224   0.46029271  -7.54715604  -6.56356355  -0.27678242
  -7.48336688   0.462141    -2.56645088  -9.387552   -11.7084393
  -3.25990121  -9.387552    -2.30258509 -11.73533603  -3.25700721
  -2.30258509  -9.387552    -2.54353021 -11.73485067]
log likelihood =  -296.573365376
Edge derivatives =  [-0.06046780734736634, -0.0025693295685410176, -0.002673112326042568, -0.050855400354339775, -0.0006065436136073736, -0.05525461401296927, -0.016545303575874942, -0.0004179284072445539, -0.00016687468299160066, -0.015023242673198545, -0.00041792840724455397, 1.7763459135263132e-16, -0.00016817447126076402, -0.017023118726935058, 1.776351375414351e-16, -0.0004179284072445537, -0.08469867459524333, -0.00016834933660219578]
other derivatives: [-0.0045759   0.00782165 -0.02572165  0.0105274   0.03850005  0.        ]
Current x array =  [ -0.58070194  -1.39774226  -0.30455678   0.64998221  -1.04419384
   0.33647224   0.46310647  -7.71343612  -6.70152351  -0.27578578
  -7.63468302   0.46211082  -2.57053963  -9.56390131 -11.94739177
  -3.25652245  -9.56390131  -2.30258509 -11.97510886  -3.25333727
  -2.30258509  -9.56390131  -2.54031313 -11.97457357]
log likelihood =  -296.571317458
Edge derivatives =  [-0.10500602059581565, -0.0019047974940117358, -0.0020738596360829007, -0.05768786789026681, -0.00043588933715559675, -0.053066135197856856, -0.007649550741339273, -0.00029630523770019754, -0.00010830205887525873, -0.015624465791051145, -0.0002963052377001975, -2.664506035312382e-16, -0.00010897332475262517, -0.01799974407717783, -2.6645206374708535e-16, -0.0002963052377001976, -0.08022404298646915, -0.00010909629077596472]
other derivatives: [-0.02430625  0.02510774  0.02582397  0.00258069 -0.02245315  0.        ]
Current x array =  [ -0.58062782  -1.39831183  -0.30482586   0.65129122  -1.03985711
   0.33647224   0.46474917  -8.01362708  -6.95072829  -0.27526294
  -7.90828482   0.46113816  -2.57458063  -9.88363655 -12.3799033
  -3.25603254  -9.88363655  -2.30258509 -12.40909382  -3.25245037
  -2.30258509  -9.88363655  -2.54260039 -12.40846888]
log likelihood =  -296.568869944
Edge derivatives =  [-0.07144237841374523, -0.0009151987151648186, -0.0010962017669546866, -0.04475133146127397, -0.00020362245731185593, -0.0058831621822889035, 0.004006342644018196, -0.00013123462314353922, -3.743859657128144e-05, -0.0014097734303832876, -0.00013123462314353938, 4.4408863346112247e-16, -3.753182644621654e-05, -0.004615088402555603, 4.440889215775846e-16, -0.00013123462314353925, -0.06527382658938222, -3.7581925936426265e-05]
other derivatives: [ 0.64578671  0.0520231  -0.00647447  0.00827072 -0.04781668  0.        ]
Current x array =  [ -0.58509045  -1.39854614  -0.30432725   0.65214299  -1.03516352
   0.33647224   0.46186822  -8.74858235  -7.56125212  -0.27586748
  -8.5796131    0.45826925  -2.57947949 -10.6701263  -13.44210042
  -3.27009349 -10.6701263   -2.30258509 -13.4748825   -3.26564532
  -2.30258509 -10.6701263   -2.54992967 -13.47403891]
log likelihood =  -296.565876758
Edge derivatives =  [-0.08750921940966205, -0.0007116726653309422, -0.0006810129607032193, -0.04597067192241955, -0.00010798824739400941, -0.0058612335642137525, 0.005602957499615924, -7.181339670446208e-05, -1.6606764772912302e-05, 0.008366331760743417, -7.181339670446207e-05, 1.5543117695901073e-16, -1.660619534133042e-05, 0.004832230185447622, 1.5543120017949433e-16, -7.181339670446214e-05, -0.020201737958664673, -1.6631123394170794e-05]
other derivatives: [ 0.03621494  0.0436728   0.09726477 -0.02080469 -0.0825537   0.        ]
Current x array =  [ -0.58103722  -1.39906437  -0.30522131   0.65272892  -1.03286774
   0.33647224   0.46222063  -9.          -8.0281666   -0.2758229
  -9.0930821    0.45735103  -2.58029384 -11.27227012 -14.25503154
  -3.28028734 -11.27227012  -2.30258509 -14.29055643  -3.27544115
  -2.30258509 -11.27227012  -2.5725225  -14.28954606]
log likelihood =  -296.565456074
Edge derivatives =  [-0.04787083409007997, -0.0007113320476911797, -0.0006337153019642377, -0.02872027400390298, -9.951443083882247e-05, 0.0017295849526026696, -0.001084728286866593, -6.743487803194414e-05, -1.4913967281025723e-05, 0.012453225761924314, -6.743487803194426e-05, 1.5545241833078053e-16, -1.4910362311010821e-05, 0.008938138533554033, 1.5544182091275956e-16, -6.743487803194413e-05, -0.011121351795400553, -1.493306842018179e-05]
other derivatives: [-0.04226877  0.02245315  0.05186962 -0.02778506 -0.04147864  0.        ]
Current x array =  [ -0.58051359  -1.39857854  -0.30501824   0.65233736  -1.03543915
   0.33647224   0.46059155  -9.          -8.08968931  -0.27677247
  -9.16083372   0.4574935   -2.57681294 -11.35199769 -14.3623609
  -3.28440362 -11.35199769  -2.30258509 -14.39824345  -3.27957688
  -2.30258509 -11.35199769  -2.57705154 -14.39721126]
log likelihood =  -296.565297495
Edge derivatives =  [-0.02200286422545572, -0.000711031498240947, -0.00059620444760331, -0.013112824974987447, -9.459510338210188e-05, 0.0009067774145434804, -0.005037843969382116, -6.335041885383556e-05, -1.3565843225496402e-05, 0.013061065280643103, -6.335041885383555e-05, -6.661317158928421e-17, -1.355895616227817e-05, 0.00973608905775003, -6.661327652901754e-17, -6.33504188538356e-05, 0.003841763289081729, -1.357986892557453e-05]
other derivatives: [-0.05443326  0.0073328  -0.14484272 -0.00867999 -0.02698926  0.        ]
Current x array =  [ -0.58049674  -1.39802066  -0.30406335   0.65067793  -1.03636424
   0.33647224   0.45922886  -9.          -8.14412825  -0.2778543
  -9.22062343   0.45766441  -2.5747488  -11.42216843 -14.45704529
  -3.28501741 -11.42216843  -2.30258509 -14.49324654  -3.28038297
  -2.30258509 -11.42216843  -2.58464816 -14.49219499]
log likelihood =  -296.565206497
Edge derivatives =  [-0.0020007108378607974, -0.0007110656026325838, -0.0005853943078717602, -0.005707347599096524, -9.266664044116261e-05, 0.002711129303668458, -0.008218431628342487, -6.267773730329532e-05, -1.3235647796835704e-05, 0.013485233236622096, -6.267773730329537e-05, -4.4409051306633805e-17, -1.3228331855132827e-05, 0.010205851776250718, -4.4408986125049894e-17, -6.267773730329532e-05, 0.0051702475439796, -1.3248803352863196e-05]
other derivatives: [-0.02057732 -0.00294449 -0.01480203 -0.0147736  -0.0008697   0.        ]
Current x array =  [ -0.58062348  -1.39761748  -0.30473771   0.65023354  -1.03786738
   0.33647224   0.45837064  -9.          -8.15831665  -0.27827092
  -9.23618563   0.45793394  -2.57309408 -11.44038056 -14.4816186
  -3.28541283 -11.44038056  -2.30258509 -14.51790279  -3.28083999
  -2.30258509 -11.44038056  -2.58526649 -14.51684616]
log likelihood =  -296.5651612
Edge derivatives =  [-0.002466598066134029, -0.0007111080026602435, -0.000583193548237546, -0.006756704114138534, -9.265922792765247e-05, -0.0014993842279246161, -0.0073024708597309584, -6.21899454289621e-05, -1.3123189820995239e-05, 0.012039680070100922, -6.218994542896227e-05, -1.1104192339054789e-16, -1.3115140148331158e-05, 0.008816656950362697, -1.1103211296112821e-16, -6.218994542896227e-05, 0.005706604776456681, -1.3135466421115393e-05]
other derivatives: [-0.00812861 -0.00333671  0.00472369 -0.01092531 -0.00297291  0.        ]
Current x array =  [ -0.58068907  -1.39752102  -0.30485536   0.64983593  -1.0377572
   0.33647224   0.45831235  -9.          -8.16335583  -0.27823444
  -9.24163969   0.45811759  -2.57356106 -11.44662582 -14.49018752
  -3.2839466  -11.44662582  -2.30258509 -14.52650276  -3.27943621
  -2.30258509 -11.44662582  -2.58554121 -14.52544426]
log likelihood =  -296.565034045
Edge derivatives =  [-0.005592146957515753, -0.0007111437249369758, -0.0005634722435548873, -0.009417874755448752, -9.157739655298092e-05, -0.019698783274001763, -0.003821210556065713, -5.8731426320123244e-05, -1.2240749203393121e-05, 0.004607066735447307, -5.873142632012321e-05, 1.776543963001362e-16, -1.2228750510224213e-05, 0.0017028369439900104, 1.776450401390775e-16, -5.873142632012313e-05, 0.008046814735974905, -1.2247920382900818e-05]
other derivatives: [ 0.01224976 -0.00457021  0.03374225  0.00935074 -0.00888463  0.        ]
Current x array =  [ -0.5807725   -1.39717957  -0.30508914   0.6479052   -1.03775269
   0.33647224   0.45824541  -9.          -8.20410617  -0.2781462
  -9.28596111   0.45897477  -2.57533174 -11.49774572 -14.55994752
  -3.276436   -11.49774572  -2.30258509 -14.59650989  -3.27227156
  -2.30258509 -11.49774572  -2.58674479 -14.59543642]
log likelihood =  -296.564979809
Edge derivatives =  [-0.009074156634161001, -0.0007110637134946143, -0.0005462801397217512, -0.007751152240435211, -8.830778029787866e-05, -0.002759101743153747, -0.003532553708731373, -5.631712936918974e-05, -1.158872492162963e-05, 0.0006486049072383926, -5.6317129369189796e-05, 1.7988725031449104e-20, -1.1574778262598331e-05, -0.0019288536863325545, 8.994389231234042e-21, -5.6317129369189735e-05, 0.00695538910121607, -1.159308319528745e-05]
other derivatives: [ 0.00920863  0.00709406  0.03669243  0.00883915 -0.00010232  0.        ]
Current x array =  [ -0.58071716  -1.39767717  -0.30508717   0.64794138  -1.03835331
   0.33647224   0.4585985   -9.          -8.23604224  -0.27817029
  -9.32074574   0.45817362  -2.57546706 -11.53798821 -14.61471409
  -3.27243395 -11.53798821  -2.30258509 -14.65146837  -3.26860841
  -2.30258509 -11.53798821  -2.58618463 -14.65038323]
log likelihood =  -296.564933121
Edge derivatives =  [-0.005697707832639454, -0.0007110264770638546, -0.000514820639700461, -0.002181060215812103, -8.185252125725451e-05, -0.0008463821000000982, -0.0026301341556573543, -5.244989382704803e-05, -1.057263261763644e-05, -0.003070509268403576, -5.244989382704791e-05, -2.1300993733296633e-26, -1.0555989006288009e-05, -0.00511412749031509, -1.067295877580565e-26, -5.244989382704814e-05, 0.004188810260331355, -1.0572902181770486e-05]
other derivatives: [-0.01484182 -0.01159037  0.0094758  -0.00383125  0.00431442  0.        ]
Current x array =  [ -0.58062929  -1.39715987  -0.30490754   0.64900157  -1.03854443
   0.33647224   0.45862768  -9.          -8.28933514  -0.27847197
  -9.37894867   0.45823353  -2.57587143 -11.60561741 -14.70649508
  -3.26864245 -11.60561741  -2.30258509 -14.74356695  -3.26536585
  -2.30258509 -11.60561741  -2.58475225 -14.74246248]
log likelihood =  -296.564894069
Edge derivatives =  [-0.0031258974083361313, -0.000710998068366256, -0.00047440512901444643, 0.0038542529221750055, -7.394713686945335e-05, 0.002110821631639781, -0.003099222446500016, -4.7607825823687286e-05, -9.260583638306957e-06, -0.004172025857987927, -4.760782582368731e-05, -2.220292937448384e-16, -9.2418280818738e-06, -0.005712444901668404, -2.2203694931071224e-16, -4.76078258236873e-05, 0.007967292476549592, -9.25689517492142e-06]
other derivatives: [-0.03426521 -0.00566729 -0.00699174 -0.00968612  0.0063153   0.        ]
Current x array =  [ -0.58051567  -1.39747943  -0.30480207   0.64956682  -1.03859417
   0.33647224   0.45856762  -9.          -8.36580101  -0.27884933
  -9.46276686   0.45809827  -2.57560998 -11.70358575 -14.83899511
  -3.26753215 -11.70358575  -2.30258509 -14.87651804  -3.2647593
  -2.30258509 -11.70358575  -2.58668179 -14.87538615]
log likelihood =  -296.564831785
Edge derivatives =  [0.0016817658741847819, -0.0007110080000172363, -0.00041647301446176387, 0.009140831226047252, -6.319685750179484e-05, 0.0015260810090784727, -0.003680868682629901, -4.076558181105175e-05, -7.479349553287683e-06, -0.004596190474812634, -4.076558181105187e-05, -8.880507167947346e-17, -7.45881010699546e-06, -0.005271310844473201, -8.881145681363124e-17, -4.076558181105183e-05, 0.009522099253915645, -7.471300619721864e-06]
other derivatives: [-0.03863647  0.00271712 -0.02008846 -0.02104343  0.00752607  0.        ]
Current x array =  [ -0.580518    -1.39791619  -0.30467769   0.65074003  -1.03856088
   0.33647224   0.45843484  -9.          -8.48903424  -0.2791235
  -9.59788437   0.45818563  -2.57526841 -11.8615797  -15.0525962
  -3.26708383 -11.8615797   -2.30258509 -15.09084514  -3.26517669
  -2.30258509 -11.8615797   -2.58747278 -15.08966906]
log likelihood =  -296.564694116
Edge derivatives =  [0.0042470228347348815, -0.0007110389630523558, -0.00031143628207801573, 0.010847873184772983, -4.532158028704591e-05, 0.005498356260827508, -0.004984647227551209, -2.8319184705568126e-05, -4.553748494981635e-06, -0.004946303419104292, -2.8319184705568112e-05, -4.4399999139385217e-17, -4.533612201622291e-06, -0.003651450998353109, -4.440446005209575e-17, -2.8319184705568126e-05, 0.011047330061394356, -4.541666884272372e-06]
other derivatives: [-0.03958007  0.00401315 -0.03610694 -0.02931415  0.00723048  0.        ]
Current x array =  [ -0.58054317  -1.39806591  -0.30455464   0.65155972  -1.03840867
   0.33647224   0.45837743  -9.          -8.77530714  -0.279122
  -9.91175776   0.45800926  -2.57453043 -12.22860737 -15.5487741
  -3.26671432 -12.22860737  -2.30258509 -15.58870917  -3.26678324
  -2.30258509 -12.22860737  -2.58825012 -15.58743047]
log likelihood =  -296.564541337
Edge derivatives =  [0.0109891416779897, -0.0007110097016653384, -0.00017364321990359494, 0.013333206611519932, -2.4765805384755822e-05, -0.004735974869933157, -0.00616137762022026, -1.3486774583806786e-05, -1.6538467108533793e-06, -0.006842715664522436, -1.3486774583806813e-05, -8.881791134467817e-17, -1.6408534187956916e-06, -0.001875032105677299, -8.881787665693012e-17, -1.3486774583806786e-05, -0.0024025366086533606, -1.6441120397738669e-06]
other derivatives: [ 0.09762289  0.04238245 -0.10253984 -0.01438138  0.01182912  0.        ]
Current x array =  [ -0.58142274  -1.39924253  -0.30412538   0.65108167  -1.03910912
   0.33647224   0.45814141  -9.          -9.36008654  -0.27907227
 -10.55266596   0.45870121  -2.57381266 -12.97759446 -16.56160139
  -3.26478267 -12.97759446  -2.30258509 -16.60498343  -3.26853596
  -2.30258509 -12.97759446  -2.58139689 -16.60349486]
log likelihood =  -296.564376161
Edge derivatives =  [0.016037236884542505, -0.0007109879277382744, -0.00010205046527741588, 0.006623307084439034, -1.3603086531128842e-05, -0.020243335474328217, -0.008724148126876052, -6.859382754980752e-06, -6.551310548961411e-07, -0.0046680917256384236, -6.859382754980739e-06, -5.010954417452532e-24, -6.479947311181549e-07, 0.0035606932035026073, -2.5054807863337308e-24, -6.859382754980749e-06, -0.0030449299745306524, -6.494048115382972e-07]
other derivatives: [-0.08707275  0.03233254 -0.02471552 -0.01384137  0.00429168  0.        ]
Current x array =  [ -0.58016333  -1.39895812  -0.30470005   0.650052    -1.03880486
   0.33647224   0.45760306  -9.          -9.89423435  -0.27866943
 -11.13841331   0.45926339  -2.57258571 -13.66274854 -17.48764107
  -3.26707349 -13.66274854  -2.30258509 -17.53416689  -3.27412713
  -2.30258509 -13.66274854  -2.5811111  -17.53248695]
log likelihood =  -296.564305087
Edge derivatives =  [0.00870783771718342, -0.0007110820902841786, -8.88428592732861e-05, 0.002324995056562029, -1.1749374654606205e-05, -0.016205172763481546, -0.008109898620366374, -5.683968763464398e-06, -5.114734559294135e-07, -0.005498556602147042, -5.683968763464394e-06, 1.7519184708130496e-21, -5.054568944143868e-07, 0.0035807938713714876, 8.759593579391176e-22, -5.683968763464396e-06, -0.001964921234466066, -5.065823444317391e-07]
other derivatives: [-0.04203002  0.01995204 -0.01591047 -0.00684963 -0.00115961  0.        ]
Current x array =  [ -0.580457    -1.39836634  -0.30475987   0.64942576  -1.03836495
   0.33647224   0.45785515  -9.         -10.03712404  -0.27843136
 -11.29503882   0.458983    -2.57287851 -13.84582974 -17.73521542
  -3.2662383  -13.84582974  -2.30258509 -17.78258362  -3.27414828
  -2.30258509 -13.84582974  -2.58165574 -17.78085242]
log likelihood =  -296.564251675
Edge derivatives =  [-0.001707972904021915, -0.0007112128585815561, -6.157789253716532e-05, -0.0045130531988117895, -7.883487034448279e-06, -0.004930019955712184, -0.007821420209347313, -3.5000044217832914e-06, -2.678986442707949e-07, -0.006251169579389315, -3.5000044217832893e-06, 1.7188804774170668e-23, -2.6415500542033496e-07, 0.00492413311760366, 8.594376897707734e-24, -3.500004421783284e-06, -0.0006726916421222473, -2.6477814796323636e-07]
other derivatives: [ 0.00767955 -0.0003638   0.01032276  0.00227374 -0.00692353  0.        ]
Current x array =  [ -0.58076781  -1.39745381  -0.30493026   0.64843377  -1.03780417
   0.33647224   0.45821358  -9.         -10.41032168  -0.27803672
 -11.70416758   0.45829232  -2.57300265 -14.32417128 -18.38194542
  -3.26548771 -14.32417128  -2.30258509 -18.43151243  -3.27551717
  -2.30258509 -14.32417128  -2.58230687 -18.42964742]
log likelihood =  -296.564243155
Edge derivatives =  [-0.0022977232383678547, -0.0007111913799292518, -5.25987524134069e-05, -0.0050087026789036315, -6.64605090180253e-06, -0.0026708601707309265, -0.007669806641518673, -2.852805972207442e-06, -2.0349255107029772e-07, -0.00627072967862774, -2.852805972207438e-06, 6.661337627379506e-17, -2.0046123484226835e-07, 0.005586139621008623, 6.66133788755816e-17, -2.8528059722074355e-06, -0.0004226653550830628, -2.0094547990176485e-07]
other derivatives: [ 0.00571276 -0.00351861 -0.00782734  0.00546265 -0.00719638  0.        ]
Current x array =  [ -0.58075923  -1.39732663  -0.30484949   0.64815227  -1.03779379
   0.33647224   0.45822279  -9.         -10.568991    -0.27800708
 -11.87812333   0.45815814  -2.57307607 -14.52757012 -18.65692942
  -3.26547227 -14.52757012  -2.30258509 -18.7074311   -3.2761922
  -2.30258509 -14.52757012  -2.582437   -18.7055092 ]
log likelihood =  -296.564227109
Edge derivatives =  [-6.610181301436313e-06, -0.0007111927882692469, -3.222533408390182e-05, -0.0015954441258541063, -3.862857207990523e-06, 0.004780371865621413, -0.007066578865760231, -1.5220887434827568e-06, -8.730931754105117e-08, -0.007495097089321168, -1.5220887434827585e-06, -2.2204412584089935e-16, -8.576032570025623e-08, 0.006366398323276706, -2.2204436538294546e-16, -1.522088743482761e-06, -0.0006162780357833464, -8.598252111677544e-08]
other derivatives: [ 0.01003855 -0.00687805  0.01820126  0.00393925 -0.00034674  0.        ]
Current x array =  [ -0.58076257  -1.39721896  -0.30498796   0.64802244  -1.0381217
   0.33647224   0.45815752  -9.         -11.05736436  -0.27822235
 -12.41347172   0.45784041  -2.57336812 -15.15338291 -19.50311111
  -3.26423995 -15.15338291  -2.30258509 -19.55649087  -3.27698067
  -2.30258509 -15.15338291  -2.58232697 -19.5543938 ]
log likelihood =  -296.564215227
Edge derivatives =  [0.0008332820678691455, -0.0007111241040398499, -2.5395842888969277e-05, 0.0007442978321234861, -2.9808535933684693e-06, 0.005298409628911149, -0.006109241031257623, -1.121582459736969e-06, -5.7883915816808224e-08, -0.007368758197806913, -1.1215824597369703e-06, -6.661338452042951e-17, -5.6777841410249224e-08, 0.006798193462818944, -6.661338299897516e-17, -1.1215824597369686e-06, -0.0004568221854319987, -5.6929790207893285e-08]
other derivatives: [-0.00092655 -0.00286491 -0.01452349  0.00480327  0.00136424  0.        ]
Current x array =  [ -0.5807005   -1.39740492  -0.30481457   0.64805976  -1.0383084
   0.33647224   0.45817223  -9.         -11.29454497  -0.27835687
 -12.67348985   0.45783659  -2.57385083 -15.45738335 -19.91412423
  -3.26436608 -15.45738335  -2.30258509 -19.96890138  -3.27741691
  -2.30258509 -15.45738335  -2.58241203 -19.96671926]
log likelihood =  -296.564204502
Edge derivatives =  [0.0013770736684100005, -0.0007110880230254142, -2.021738558850908e-05, 0.0036952689103602054, -2.3196365780639083e-06, 0.005060226103225318, -0.004657682751072978, -8.374828178626873e-07, -3.9113011817957146e-08, -0.007180584089868436, -8.374828178626891e-07, 3.950372329410281e-28, -3.83145419974641e-08, 0.00687430748737522, 1.9756436527178874e-28, -8.374828178626898e-07, 9.203592321149756e-06, -3.842020270331243e-08]
other derivatives: [-0.00651426  0.00215437 -0.02326601  0.0029047   0.00354703  0.        ]
Current x array =  [ -0.58066497  -1.39763009  -0.3047561    0.64828775  -1.03849479
   0.33647224   0.45821704  -9.         -11.52074763  -0.27853328
 -12.92146839   0.45788787  -2.57458389 -15.74729856 -20.30610479
  -3.26454997 -15.74729856  -2.30258509 -20.36221476  -3.27748894
  -2.30258509 -15.74729856  -2.58264816 -20.35995153]
log likelihood =  -296.564185737
Edge derivatives =  [0.0010784738232763047, -0.0007110844556049579, -1.41648369570499e-05, 0.005558105019056958, -1.5711978607107233e-06, 0.0005281185892735962, -0.0015936436468596826, -5.295328103815223e-07, -2.117318628491757e-08, -0.006062329648110709, -5.295328103815223e-07, 4.24921942948351e-27, -2.0697683204710664e-08, 0.006867201002242251, 2.1246227740308735e-27, -5.295328103815223e-07, 0.0015818362130132213, -2.0757400026085736e-08]
other derivatives: [-0.00537739  0.00854925 -0.01784883 -0.00017621  0.00384262  0.        ]
Current x array =  [ -0.58067173  -1.39789009  -0.30476334   0.64864886  -1.03858719
   0.33647224   0.45829645  -9.         -11.87486719  -0.27863355
 -13.30970343   0.45815817  -2.57613601 -16.20124081 -20.91982169
  -3.26566377 -16.20124081  -2.30258509 -20.97801784  -3.27747488
  -2.30258509 -16.20124081  -2.58344576 -20.97562764]
log likelihood =  -296.564167211
Edge derivatives =  [0.0026436209623703633, -0.0007110606099389194, -9.256198500129917e-06, 0.00427484139295875, -9.84341959418875e-07, -0.00043237079843849724, 0.0035281104084867176, -3.0474271185286673e-07, -1.0150115390311125e-08, -0.005506823067916278, -3.0474271185286694e-07, 6.661328289719338e-17, -9.897097015782896e-09, 0.004028024299632199, 6.661333218735082e-17, -3.047427118528674e-07, 4.688745380687642e-05, -9.927177617731729e-09]
other derivatives: [-0.015973    0.00016485 -0.03001333 -0.00825935  0.00597424  0.        ]
Current x array =  [ -0.58064025  -1.39768901  -0.3046681    0.64939363  -1.03874186
   0.33647224   0.45835807  -9.         -12.29930711  -0.27846132
 -13.77490453   0.45831525  -2.57871802 -16.74494029 -21.65507539
  -3.26619014 -16.74494029  -2.30258509 -21.71577388  -3.27456889
  -2.30258509 -16.74494029  -2.58265085 -21.71323139]
log likelihood =  -296.564152227
Edge derivatives =  [-0.0008648682106833228, -0.0007111443444693068, -6.7947635800572215e-06, -0.003436883389413392, -7.067832023053626e-07, -0.005295131576836698, 0.006355146518440574, -2.0287647038068277e-07, -5.881599129077557e-09, -0.0020210820610035984, -2.0287647038068306e-07, -4.478033777696442e-26, -5.7244734086567065e-09, 0.0037568797244307006, -2.239018821467742e-26, -2.0287647038068303e-07, 0.00016086682678165265, -5.742519958238969e-09]
other derivatives: [ 0.00203499  0.01095373  0.01398917 -0.00102318 -0.00024443  0.        ]
Current x array =  [ -0.5807075   -1.39795064  -0.3049237    0.6487435   -1.03841465
   0.33647224   0.45836179  -9.         -12.61408796  -0.27797003
 -14.12005978   0.45843546  -2.58018497 -17.14861612 -22.20073871
  -3.26972543 -17.14861612  -2.30258509 -22.26329057  -3.27432609
  -2.30258509 -17.14861612  -2.58272342 -22.26063528]
log likelihood =  -296.564147111
Edge derivatives =  [-0.0008554618863811925, -0.0007111440893514267, -7.670019324331876e-06, -0.0038356002258490562, -8.061239588377432e-07, -0.0022621654862469143, 0.005542246323459149, -2.369720322782412e-07, -7.252548095465573e-09, -0.002458824849224772, -2.369720322782417e-07, 2.2204468035903377e-16, -7.063791730910535e-09, 0.0031936942079734826, 2.2204464264203303e-16, -2.3697203227824172e-07, -0.0006592050599109611, -7.0857546034497825e-09]
other derivatives: [ 0.00118803  0.00414389  0.00586056 -0.00067075 -0.00011369  0.        ]
Current x array =  [ -0.58071251  -1.39770407  -0.30488762   0.64866546  -1.03836406
   0.33647224   0.45834975  -9.         -12.49322015  -0.2779517
 -13.98752777   0.458277    -2.57976547 -16.99361769 -21.99121582
  -3.2692813  -16.99361769  -2.30258509 -22.05305596  -3.27375363
  -2.30258509 -16.99361769  -2.58230447 -22.05044398]
log likelihood =  -296.564142853
Edge derivatives =  [-0.00036023082695879616, -0.0007111544117725078, -8.735545361262318e-06, -0.0033970792557243, -9.28120452173695e-07, 0.00054877620508198, 0.004615136053885055, -2.801687242937508e-07, -9.088330116114776e-09, -0.00208723355050211, -2.8016872429374984e-07, 1.3322685059321672e-16, -8.858627097702662e-09, 0.002427015500320817, 1.332268067741184e-16, -2.8016872429374994e-07, -0.00150507862078475, -8.885757871480209e-09]
other derivatives: [  6.18456397e-03  -1.18802745e-03   1.06297193e-03   5.40012479e-04
  -3.97903932e-05   0.00000000e+00]
Current x array =  [ -0.58074978  -1.39749302  -0.30487064   0.6485058   -1.0382873
   0.33647224   0.45828931  -9.         -12.36302593  -0.27800595
 -13.84478714   0.4581189   -2.57928935 -16.82671593 -21.76557133
  -3.26965363 -16.82671593  -2.30258509 -21.82664447  -3.27297799
  -2.30258509 -16.82671593  -2.58187368 -21.82407918]
log likelihood =  -296.564141635
Edge derivatives =  [-0.0014706446630448067, -0.0007111531822548123, -9.615369529067892e-06, -0.0020726694791175504, -1.0239812357103276e-06, 0.002465908842060105, 0.00344721289645733, -3.172901108992611e-07, -1.0742877352524572e-08, -0.0010764994263402494, -3.172901108992621e-07, 6.661338190734625e-17, -1.047752428497117e-08, 0.001701018537576926, 6.66133816924279e-17, -3.1729011089926204e-07, -0.0017542546977077356, -1.0509253845767772e-08]
other derivatives: [-0.0233797  -0.00717364  0.0057355   0.00125056 -0.00168257  0.        ]
Current x array =  [ -0.58055442  -1.3972872   -0.30492907   0.64826376  -1.03812011
   0.33647224   0.45827915  -9.         -12.26649254  -0.27815443
 -13.73896919   0.45795381  -2.57871063 -16.70302395 -21.59831433
  -3.27068913 -16.70302395  -2.30258509 -21.65881847  -3.27226198
  -2.30258509 -16.70302395  -2.58175484 -21.6562878 ]
log likelihood =  -296.564138092
Edge derivatives =  [-0.0005816952074402248, -0.000711161343959761, -9.40254906610684e-06, -0.0005012561599282428, -1.0006674672575474e-06, 0.002769395612574388, 0.0034540035520983503, -3.086107903007712e-07, -1.0349678789381254e-08, -0.000643542400101671, -3.086107903007717e-07, 1.1102229951120262e-16, -1.0092776049728114e-08, 0.0014761262026467548, 1.1102230098685901e-16, -3.0861079030077236e-07, -0.0017437137236755718, -1.0123418800972907e-08]
other derivatives: [-0.00204636 -0.0050477   0.          0.0018531  -0.00072191  0.        ]
Current x array =  [ -0.58069471  -1.39734313  -0.30488494   0.64828986  -1.03815434
   0.33647224   0.45824282  -9.         -12.28799995  -0.27826128
 -13.76255046   0.45795927  -2.57870461 -16.73060095 -21.63559239
  -3.27111621 -16.73060095  -2.30258509 -21.69622317  -3.27202629
  -2.30258509 -16.73060095  -2.58175685 -21.69368479]
log likelihood =  -296.564136386
Edge derivatives =  [-5.0315315772042624e-05, -0.00071116034520594, -8.725145615234777e-06, 0.0016017823123222197, -9.214078376448819e-07, 0.0024951728530563377, 0.0034911781345317583, -2.808144264899052e-07, -9.111247491578933e-09, -0.00016617584784506256, -2.80814426489904e-07, -1.1102221202331956e-16, -8.881290183796642e-09, 0.0014218810018607614, -1.1102225724291641e-16, -2.8081442648990464e-07, -0.0013634086268661527, -8.908490091700541e-09]
other derivatives: [  4.51336746e-03  -2.55226951e-03  -1.36992639e-03   1.68256520e-03
   7.38964445e-05   0.00000000e+00]
Current x array =  [ -0.58073557  -1.39743106  -0.30487099   0.64833603  -1.03819489
   0.33647224   0.45822707  -9.         -12.3615262   -0.27840983
 -13.84316482   0.45798443  -2.57872117 -16.82486879 -21.76303011
  -3.27159457 -16.82486879  -2.30258509 -21.82409393  -3.27196868
  -2.30258509 -16.82486879  -2.58194922 -21.8215292 ]
log likelihood =  -296.564134665
Edge derivatives =  [0.0003989649205722312, -0.0007111553954047978, -8.033045141398319e-06, 0.003778039528655297, -8.40468741837459e-07, 0.0016775061372376054, 0.0031811133298279837, -2.5319366829825155e-07, -7.9144173914665e-09, 0.00044057778872086395, -2.5319366829825197e-07, -2.2204543082061842e-17, -7.711058337395963e-09, 0.0012181705381954788, -2.220450178728263e-17, -2.5319366829825144e-07, -0.0008801346145967393, -7.734901025734157e-09]
other derivatives: [ 0.00439968 -0.00013074 -0.00263753  0.00108002  0.00053433  0.        ]
Current x array =  [ -0.58073426  -1.39752598  -0.30486029   0.64840917  -1.03822327
   0.33647224   0.45821539  -9.         -12.44277071  -0.27856503
 -13.93224025   0.45803224  -2.57856371 -16.92902949 -21.90384254
  -3.2722059  -16.92902949  -2.30258509 -21.96538487  -3.2717621
  -2.30258509 -16.92902949  -2.58219524 -21.96279101]
log likelihood =  -296.564134294
Edge derivatives =  [0.0018686396676235173, -0.0007111791470370933, -7.515825124534471e-06, 0.005205263789544556, -7.78924470502272e-07, 0.0012967648201602788, 0.0016494008512147051, -2.3382565190925643e-07, -7.074494925173307e-09, 0.0003236915502442539, -2.3382565190925686e-07, -2.220446063727909e-17, -6.8901416511451584e-09, 0.00026546501133628553, -2.2204460564891116e-17, -2.338256519092565e-07, -0.0008148415638846995, -6.911610622649306e-09]
other derivatives: [ 0.01309104  0.00181331  0.02468141 -0.00416094  0.00364935  0.        ]
Current x array =  [ -0.58078431  -1.39762332  -0.30497696   0.64881925  -1.03839536
   0.33647224   0.45821522  -9.         -12.50754967  -0.27862912
 -14.00322299   0.4581226   -2.57777533 -17.01195902 -22.01601205
  -3.27207306 -17.01195902  -2.30258509 -22.07793652  -3.27078781
  -2.30258509 -17.01195902  -2.58221705 -22.0753194 ]
  status: 0
 success: True
    nfev: 87
     fun: 296.5641342937335
       x: array([ -0.58078431,  -1.39762332,  -0.30497696,   0.64881925,
        -1.03839536,   0.33647224,   0.45821522,  -9.        ,
       -12.50754967,  -0.27862912, -14.00322299,   0.4581226 ,
        -2.57777533, -17.01195902, -22.01601205,  -3.27207306,
       -17.01195902,  -2.30258509, -22.07793652,  -3.27078781,
        -2.30258509, -17.01195902,  -2.58221705, -22.0753194 ])
 message: 'CONVERGENCE: REL_REDUCTION_OF_F_<=_FACTR*EPSMCH'
     jac: array([ -1.30910394e-02,  -1.81330506e-03,  -2.46814125e-02,
         4.16093826e-03,  -3.64934749e-03,  -0.00000000e+00,
        -1.86863967e-03,   7.11179147e-04,   7.51582512e-06,
        -5.20526379e-03,   7.78924471e-07,  -1.29676482e-03,
        -1.64940085e-03,   2.33825652e-07,   7.07449493e-09,
        -3.23691550e-04,   2.33825652e-07,   2.22044606e-17,
         6.89014165e-09,  -2.65465011e-04,   2.22044606e-17,
         2.33825652e-07,   8.14841564e-04,   6.91161062e-09])
     nit: 79
