number of sites to be analyzed:  5
log likelihood =  -101.379482924
Edge derivatives =  [1.8564805533940347, -0.42252883933183955, -1.2845021270732984, -1.3093388739602103, -1.183209939405983, -1.3428029366638832, -1.369221023797568, -1.369221023797568, -0.2792086761453956, -1.2107945320404476, -0.5714073023164069, 7.682378645767779, -1.2966133088283385, -1.2966133088283385]
other derivatives: [ 9.15841696 -3.45640387 -2.90582705 -1.7606169  -4.98498594 -5.63298954]
Current x array =  [-0.76214005 -0.40546511 -0.76214005  0.18232156 -0.10536052  0.33647224
 -2.30258509 -2.30258509 -2.30258509 -2.30258509 -2.30258509 -2.30258509
 -2.30258509 -2.30258509 -2.30258509 -2.30258509 -2.30258509 -2.30258509
 -2.30258509 -2.30258509]
log likelihood =  -91.1890352825
Edge derivatives =  [1.7816796057645314, -0.4352583323336633, -1.0005373469946326, -1.0002883415606076, -1.0242822512287098, -1.0347331417382604, -1.0346093247662338, -1.0346093247662338, -0.8023096961322713, -1.0259786272668607, -0.8318233208921457, 8.325972960636504, -1.0274466687602286, -1.0274466687602286]
other derivatives: [ 6.90989737  3.59289487 -0.83232123 -1.65144201 -1.16194911 -2.70438107]
Current x array =  [-0.70562313 -0.67977253 -0.99275255  0.04259533 -0.5009794  -0.11057357
 -2.15525092 -2.33611786 -2.40452586 -2.40649696 -2.3964871  -2.40915274
 -2.41124933 -2.41124933 -2.32474368 -2.39867627 -2.34793317 -1.69289549
 -2.40548703 -2.40548703]
log likelihood =  -101.200841535
Edge derivatives =  [-0.25598262192837623, -0.580728615784542, -1.1852847842417804, -1.1790201859548293, -1.2121648566266385, -1.1703791435980684, -1.1638576102758904, -1.1638576102758904, -1.5029919418096567, -1.2052551010085388, -1.4036922469717157, -6.353231670521364, -1.183014096021325, -1.183014096021325]
other derivatives: [-267.02889784    1.0151723     2.46168668   14.9817879     0.6871673
   -0.93578052]
Current x array =  [-0.05       -0.5878323  -1.52878838 -0.46479491 -1.3782269  -1.32334628
 -1.61381569 -2.46408317 -2.74218108 -2.74756169 -2.72385544 -2.76034789
 -2.76609353 -2.76609353 -2.49123543 -2.7301454  -2.55970164  0.69936594
 -2.74910777 -2.74910777]
log likelihood =  -79.2607296758
Edge derivatives =  [1.348039586205503, -0.4326805716372546, -0.8903534659581619, -0.8871988251050889, -0.9200264212786453, -0.900279546241917, -0.8969950741123482, -0.8969950741123482, -1.0250509493289948, -0.9172047004756674, -0.9801568107456423, 4.7980228137707766, -0.9060293625178423, -0.9060293625178423]
other derivatives: [-9.55201074  3.36892612  1.08943397  0.04101963  1.7104     -1.49860853]
Current x array =  [-0.3839749  -0.63466672 -1.25573134 -0.20632996 -0.93135639 -0.70555898
 -1.88962319 -2.39889755 -2.57017927 -2.57382307 -2.55709377 -2.58144882
 -2.58533564 -2.58533564 -2.40642441 -2.56129479 -2.45182663 -0.51925376
 -2.57406712 -2.57406712]
log likelihood =  -75.420004927
Edge derivatives =  [0.6735312778460328, -0.40219396885314523, -0.6417569117981505, -0.6377245106716702, -0.6704527798654027, -0.6442521592902242, -0.6401596655903484, -0.6401596655903484, -0.8483259734040363, -0.6664281115192614, -0.7852078834632839, -2.994643025327057, -0.6523644641156261, -0.6523644641156261]
other derivatives: [ 4.00981577  3.28159047  3.98809448 -0.19698945  0.37881875 -0.82411589]
Current x array =  [-0.70680967 -0.61990713 -1.56932725 -0.49910328 -1.46271784 -1.58333125
 -1.49928312 -2.49665862 -2.82417891 -2.83042053 -2.80279361 -2.84458039
 -2.85124277 -2.85124277 -2.54341613 -2.81003481 -2.62084699  1.10766415
 -2.83190476 -2.83190476]
log likelihood =  -73.2937136204
Edge derivatives =  [0.7278497206894992, -0.3714311027470782, -0.6311075996416873, -0.6274250252912719, -0.6553330215335021, -0.6313323238933817, -0.6275306336595797, -0.6275306336595797, -0.8130216276043911, -0.6514875355579257, -0.7574326564959166, -1.1688308446780584, -0.6386000622053813, -0.6386000622053813]
other derivatives: [-0.50020077 -1.40558285  2.22265157  0.29908449  1.39369121 -0.8252016 ]
Current x array =  [-0.60382765 -0.46522433 -1.3008845  -0.45864241 -1.36234021 -1.54727862
 -1.50016947 -2.51085644 -2.83822315 -2.84406128 -2.8188099  -2.85770295
 -2.86394433 -2.86394433 -2.58128344 -2.82558842 -2.65223116  0.75649764
 -2.84599727 -2.84599727]
log likelihood =  -72.1079894453
Edge derivatives =  [0.7071866720660425, -0.3435141863536616, -0.5829874010285738, -0.5798504767295656, -0.6009402029724793, -0.580383030926376, -0.577104514424892, -0.577104514424892, -0.7326087508845296, -0.5974931443693264, -0.6872485672066462, 0.06452692829740378, -0.5865138058655821, -0.5865138058655821]
other derivatives: [-1.01774589 -1.70476966  0.00980833  0.27700224  1.79330897 -0.79355971]
Current x array =  [-0.57248069 -0.46132473 -1.00453102 -0.42040124 -1.2221253  -1.5919857
 -1.44812083 -2.54450614 -2.89075814 -2.89615929 -2.87394839 -2.90984826
 -2.91563727 -2.91563727 -2.65780226 -2.88025145 -2.72182938  0.49944668
 -2.89910287 -2.89910287]
log likelihood =  -70.4157196078
Edge derivatives =  [0.17696609596273682, -0.3050977944856007, -0.48612231170030124, -0.4837216029794648, -0.49588097489282396, -0.480107130594759, -0.4775727671835326, -0.4775727671835326, -0.5937132698225476, -0.4930939864546279, -0.5616776575270598, -0.020102865715064783, -0.4847310004064829, -0.4847310004064829]
other derivatives: [-3.53046374 -0.68820327 -2.502955    0.35535237  1.51944874 -0.71414235]
Current x array =  [-0.49971592 -0.49376378 -0.7686619  -0.41072244 -0.91553236 -1.91787655
 -1.22211834 -2.65288876 -3.08143272 -3.08639736 -3.06825271 -3.10109684
 -3.10644738 -3.10644738 -2.87664445 -3.07409572 -2.93217836  0.41012505
 -3.0913684  -3.0913684 ]
log likelihood =  -67.9164167476
Edge derivatives =  [-1.0359757318087157, -0.24106748823803886, -0.32437267363163275, -0.32302322594447797, -0.3275182846540295, -0.31869355169295865, -0.3172500513106922, -0.3172500513106922, -0.37819559587716606, -0.3258982535988934, -0.3630937777991994, 0.8792763768750619, -0.3212390600645008, -0.3212390600645008]
other derivatives: [-1.29587505 -0.74353892 -3.41962618  0.25559359  0.65062125 -0.52159947]
Current x array =  [-0.49761643 -0.49368014 -0.7082295  -0.40057223 -0.35299898 -2.60971072
 -0.82507158 -2.87545316 -3.46942328 -3.47360106 -3.46261066 -3.49011593
 -3.49467907 -3.49467907 -3.31228216 -3.46763053 -3.35303418  0.24834827
 -3.48210213 -3.48210213]
log likelihood =  -65.6384904254
Edge derivatives =  [-1.8075734773973413, -0.1770722932674794, -0.1874974826596121, -0.18691607286301443, -0.18736030692868055, -0.18358256249210103, -0.18294363820325585, -0.18294363820325585, -0.20616378446231381, -0.186625091569413, -0.2017559393638442, -1.117734734034233, -0.1846439608452122, -0.1846439608452122]
other derivatives: [-5.18603969  1.17469483 -0.86687351  0.43958721 -0.04535963 -0.36475001]
Current x array =  [-0.43180554 -0.55587045 -0.9398549  -0.39089101  0.2499424  -3.63371802
 -0.66041856 -3.20709415 -4.03132121 -4.03443023 -4.03349224 -4.05392542
 -4.05742053 -4.05742053 -3.93514552 -4.03744382 -3.95676293  0.46607805
 -4.04814253 -4.04814253]
log likelihood =  -64.4024217526
Edge derivatives =  [-1.158459533438411, -0.13292975977033988, -0.1150203414561686, -0.11479309612835338, -0.1140016858944536, -0.11252542546446614, -0.11226222817784075, -0.11226222817784075, -0.11939594037213128, -0.11368606847388035, -0.11896621091891568, 0.36104862505447627, -0.11292240845161067, -0.11292240845161067]
other derivatives: [ 2.22948842  0.22482993  0.09681855  0.02419966 -0.68379507 -0.24277114]
Current x array =  [-0.52704809 -0.52705381 -1.1026236  -0.32753625  0.72998011 -4.41245758
 -0.77850052 -3.48062553 -4.473595   -4.47557356 -4.48369661 -4.49675794
 -4.49910355 -4.49910355 -4.43570972 -4.4864786  -4.4393158   0.35379881
 -4.49322953 -4.49322953]
log likelihood =  -64.0263987455
Edge derivatives =  [-0.7754331290596175, -0.11334404125928221, -0.08903393056062847, -0.08890291805639926, -0.08787692554127442, -0.08702377113592327, -0.08686428324696172, -0.08686428324696172, -0.08999548908490185, -0.08767754889138488, -0.09043029358271193, -0.20371463150419222, -0.08724242763338275, -0.08724242763338275]
other derivatives: [ 1.69038259 -0.34773677  0.51104934  0.02801812 -0.7746749  -0.19403643]
Current x array =  [-0.51131215 -0.50665061 -1.18278664 -0.30671898  0.92581938 -4.87910197
 -0.88157726 -3.63736499 -4.72778624 -4.72925921 -4.74188832 -4.75166011
 -4.75349681 -4.75349681 -4.71680975 -4.74416583 -4.71198977  0.42998531
 -4.74914718 -4.74914718]
log likelihood =  -63.6886245418
Edge derivatives =  [-0.14437227098533578, -0.0921635655026929, -0.06480135908003885, -0.06477494842327257, -0.063523954211677, -0.0633308049289637, -0.06328431302191664, -0.06328431302191664, -0.06252572852524968, -0.06344936297949501, -0.06375255958213749, -0.34110379754172915, -0.06336646558801681, -0.06336646558801681]
other derivatives: [ 0.07778311  0.2387182   0.65562133 -0.02739569 -0.81953218 -0.1349747 ]
Current x array =  [-0.4741968  -0.52514819 -1.21905298 -0.26619937  1.1031792  -5.42843825
 -1.07746466 -3.84815604 -5.04746263 -5.04787032 -5.06820183 -5.07125153
 -5.07198657 -5.07198657 -5.08321592 -5.06937954 -5.06378384  0.44779211
 -5.07068806 -5.07068806]
log likelihood =  -63.4779282049
Edge derivatives =  [0.20633109546171202, -0.07787262187761086, -0.05072835778263125, -0.050742479402540355, -0.04950812746396408, -0.049567541153738126, -0.04956630304973384, -0.04956630304973384, -0.047582706003146714, -0.0494845149858501, -0.048958290680043245, -0.7058588224097009, -0.049535995117685, -0.049535995117685]
other derivatives: [-0.24906441 -0.36129535  0.49161599 -0.03473986 -0.75964905 -0.08921859]
Current x array =  [-0.46811355 -0.50461793 -1.18726323 -0.25739654  1.09369649 -5.86439314
 -1.2001673  -4.01270423 -5.29039481 -5.29011647 -5.31545209 -5.31425297
 -5.31427796 -5.31427796 -5.35452185 -5.31593056 -5.32602121  0.49470177
 -5.31489007 -5.31489007]
log likelihood =  -63.1150716595
Edge derivatives =  [0.5636952618876885, -0.057821265371467284, -0.032613378531118564, -0.032659122613513704, -0.03160346491736403, -0.031862020029339466, -0.03189833539931416, -0.03189833539931416, -0.029219893552183022, -0.03162477161682272, -0.03050893043836598, -0.2934987458354235, -0.03177953028467767, -0.03177953028467767]
other derivatives: [-0.69562489  0.81961034  0.13742962 -0.13383143 -0.60031695 -0.03159286]
Current x array =  [-0.45855733 -0.54865595 -1.12404429 -0.2590372   0.91178592 -6.67595993
 -1.3492793  -4.32337145 -5.7370906  -5.73568905 -5.76904318 -5.76089228
 -5.75975269 -5.75975269 -5.8471145  -5.76836937 -5.80394413  0.43903458
 -5.76348572 -5.76348572]
log likelihood =  -62.7954790619
Edge derivatives =  [0.6312321122852111, -0.04131417740123874, -0.020477424090454263, -0.020527128964895953, -0.01971482221085443, -0.020001301901951526, -0.020045373788958147, -0.020045373788958147, -0.01761693370996022, -0.019748711283213222, -0.018636916005922016, -0.22854054933137014, -0.019914756244127464, -0.019914756244127464]
other derivatives: [-0.11595063 -0.09934595 -0.43905217 -0.10865691 -0.27742644 -0.009166  ]
Current x array =  [-0.47306094 -0.51552567 -1.03184    -0.30124069  0.5467522  -7.53824211
 -1.38293534 -4.65649672 -6.20602774 -6.20360353 -6.24430368 -6.22987363
 -6.22767205 -6.22767205 -6.35661661 -6.24258593 -6.30033239  0.42515955
 -6.23421112 -6.23421112]
log likelihood =  -62.6113922379
Edge derivatives =  [0.3854378958994272, -0.030110587766542844, -0.013079802740478751, -0.013123214611698856, -0.012517579239876099, -0.012769789460816035, -0.012809669860671336, -0.012809669860671336, -0.010834455639881568, -0.012550430551893673, -0.011602200073523323, 0.2536475218586604, -0.012694619538792504, -0.012694619538792504]
other derivatives: [-0.32866012 -0.12690435 -0.3699995  -0.05413128  0.04301768 -0.0028102 ]
Current x array =  [-0.47237453 -0.51424782 -1.0425079  -0.35188629  0.26727786 -8.38984583
 -1.29510879 -4.98067713 -6.66742679 -6.66411339 -6.7115579  -6.69160672
 -6.68848808 -6.68848808 -6.8558427  -6.70893659 -6.78737925  0.35580413
 -6.69751158 -6.69751158]
log likelihood =  -63.0867623485
Edge derivatives =  [0.005642771767437771, -0.018210202888392667, -0.006011082764963871, -0.0060392367913566026, -0.005696735278393488, -0.00586093024904876, -0.005887441473200055, -0.005887441473200055, -0.004690086883672701, -0.005719407047684953, -0.005120224786027029, -1.5075800234446861, -0.005812255682728942, -0.005812255682728942]
other derivatives: [  3.54298137e+00   2.69873155e+00  -8.07986567e-02  -1.45765000e-01
   4.12023127e-01  -5.71276360e-04]
Current x array =  [-0.59190955 -0.64062747 -1.0722759  -0.43932236 -0.07832394 -9.80160009
 -1.15082851 -5.51524156 -7.4306382  -7.42596554 -7.48444925 -7.45603216
 -7.45151865 -7.45151865 -7.67884854 -7.4804771  -7.59110067  0.5909209
 -7.46437236 -7.46437236]
log likelihood =  -62.5846069101
Edge derivatives =  [0.32269318425955834, -0.027470510332005333, -0.01134088334488047, -0.011381338933113905, -0.010834059068612473, -0.01106939313275387, -0.011106782684921957, -0.011106782684921957, -0.009292353808604163, -0.010865163034014254, -0.009985806448246138, -0.051848242353594205, -0.010999355741755815, -0.010999355741755815]
other derivatives: [ 0.50495998  0.47044466 -0.32486582 -0.06257324  0.11712018 -0.00210747]
Current x array =  [-0.49412943 -0.53724841 -1.04792556 -0.36779931  0.20437969 -8.64677955
 -1.26885035 -5.07796575 -6.80632826 -6.80276748 -6.85222109 -6.83072915
 -6.82735665 -6.82735665 -7.00562653 -6.84935393 -6.93365339  0.39859446
 -6.83707723 -6.83707723]
log likelihood =  -62.5135832752
Edge derivatives =  [0.024197009283587145, -0.021743223226044155, -0.008062110447972134, -0.008096179122912687, -0.007665292931198052, -0.007864491328324678, -0.00789634506830759, -0.00789634506830759, -0.006403296415649926, -0.007692407128703361, -0.00694959945246446, 0.0873705305629871, -0.007805133034340035, -0.007805133034340035]
other derivatives: [ 0.25349749  0.12457448 -0.07661569  0.01239258  0.1492765  -0.00107647]
Current x array =  [-0.4902309  -0.52439695 -1.08572368 -0.39413797  0.18503474 -9.28196727
 -1.16470421 -5.31219696 -7.15304465 -7.14882783 -7.20363228 -7.17797476
 -7.17393223 -7.17393223 -7.38345597 -7.20010095 -7.30158466  0.37795482
 -7.18555174 -7.18555174]
log likelihood =  -62.4773741281
Edge derivatives =  [-0.13473518617273406, -0.016988938076180852, -0.005603728359232067, -0.005631684166327765, -0.005299283678955344, -0.005463287287772855, -0.005489679731528528, -0.005489679731528528, -0.004294256402489566, -0.005322128443372548, -0.004713841218219505, 0.047982182007769644, -0.005414347887181148, -0.005414347887181148]
other derivatives: [ 0.06212488 -0.063865    0.07742074  0.0528857   0.07475052 -0.00059188]
Current x array =  [-0.48615133 -0.51792986 -1.11020201 -0.40155894  0.24761913 -9.9411806
 -1.11108995 -5.55760489 -7.51760299 -7.51262663 -7.57354046 -7.54305946
 -7.5382399  -7.5382399  -7.78379057 -7.56923855 -7.69056569  0.38169325
 -7.55205829 -7.55205829]
log likelihood =  -62.4499306043
Edge derivatives =  [-0.1572981150799258, -0.01239897973631349, -0.0035330794124033282, -0.0035542896981592977, -0.003318062463814233, -0.00344261610971115, -0.00346283225968499, -0.00346283225968499, -0.002585503879008596, -0.00333578815601414, -0.0028800371314052957, 0.0010673318324210535, -0.003405442721629231, -0.003405442721629231]
other derivatives: [-0.10260734 -0.06126299  0.11432135  0.05854304  0.01055795 -0.00027356]
Current x array =  [ -0.48201281  -0.51809809  -1.11624487  -0.3980914    0.3026633
 -10.76979259  -1.10274821  -5.87172187  -7.97839393  -7.97240855
  -8.04123093  -8.00437876  -7.99852336  -7.99852336  -8.29066662
  -8.03590276  -8.18278372   0.38725027  -8.01523594  -8.01523594]
log likelihood =  -62.5266727951
Edge derivatives =  [0.07872515964542381, -0.006822141418567603, -0.0014589963343499576, -0.001470661016741328, -0.001352070794875849, -0.0014204639606212426, -0.0014317130423249934, -0.0014317130423249934, -0.0009758406133494497, -0.0013620426976344514, -0.0011184779448160157, 0.6783855368187239, -0.0014000179111576419, -0.0014000179111576419]
other derivatives: [  2.46330103e+00  -7.68334729e-01   2.25615082e-01  -4.27021973e-02
  -2.22105712e-01  -6.32383035e-05]
Current x array =  [ -0.52740938  -0.49591339  -1.14712892  -0.36332057   0.429826
 -12.31901988  -1.16796165  -6.46282148  -8.84434273  -8.83637954
  -8.92047724  -8.87113016  -8.86324191  -8.86324191  -9.2465611
  -8.9131289   -9.11013631   0.32455821  -8.88562894  -8.88562894]
log likelihood =  -62.4448655287
Edge derivatives =  [-0.10872148165261436, -0.01104110677596397, -0.0029761757549338443, -0.002995188050574223, -0.002787855478851682, -0.002899503716837715, -0.002917677293071131, -0.002917677293071131, -0.0021404046340297326, -0.0028038438352539275, -0.0023974287905320964, 0.13889951074409027, -0.002866175739968684, -0.002866175739968684]
other derivatives: [  4.49514914e-01  -1.94375360e-01   1.35905509e-01   3.59740682e-02
  -3.69517750e-02  -2.06057393e-04]
Current x array =  [ -0.49079111  -0.51380825  -1.1222169   -0.39136779   0.32725265
 -11.06936535  -1.11535848  -5.9860223   -8.14584171  -8.13947388
  -8.21125004  -8.17198174  -8.16573325  -8.16573325  -8.47550712
  -8.20553123  -8.3621051    0.37512756  -8.18354309  -8.18354309]
log likelihood =  -62.4204243764
Edge derivatives =  [-0.04919135592299256, -0.007105798759504134, -0.0015666119169506173, -0.0015788703681333177, -0.0014534259760526959, -0.0015252545027452965, -0.0015370680102960834, -0.0015370680102960834, -0.0010569698580826477, -0.0014638848266119212, -0.0012082334802838754, 0.021920403917643452, -0.00150380994277636, -0.00150380994277636]
other derivatives: [  9.45000522e-02  -6.09432504e-02   8.44067927e-02   3.14031467e-02
  -4.47300863e-02  -6.60804744e-05]
Current x array =  [ -0.48384554  -0.5182565   -1.11269609  -0.38691929   0.34158457
 -12.22668574  -1.1361224   -6.427314    -8.78874899  -8.78095464
  -8.86376295  -8.8155243   -8.80780872  -8.80780872  -9.18227083
  -8.85659259  -9.0485176    0.38733855  -8.82968399  -8.82968399]
log likelihood =  -62.4076123026
Edge derivatives =  [0.002956865314578061, -0.004344325665381075, -0.0007660684610581168, -0.0007732816443966717, -0.0007032180383718806, -0.000745322727574532, -0.0007523152745547287, -0.0007523152745547287, -0.00048172143493256257, -0.000709416312537729, -0.0005631612941280979, -0.020703411079263795, -0.0007327394676019615, -0.0007327394676019615]
other derivatives: [ -4.07652578e-02   1.51096913e-02   4.65263383e-03   2.09112727e-02
  -2.30883757e-02  -1.77635684e-05]
Current x array =  [ -0.48142324  -0.5207716   -1.09905548  -0.38342673   0.32616927
 -13.51756125  -1.1543987   -6.91981556  -9.50473365  -9.49536186
  -9.5903492   -9.53219837  -9.52286012  -9.52286012  -9.96864627
  -9.58157359  -9.81244617   0.39147828  -9.54922563  -9.54922563]
log likelihood =  -62.4019735118
Edge derivatives =  [0.018094697651866665, -0.002734724033535999, -0.00039061847584500025, -0.000394877754517875, -0.0003550238355672999, -0.00037978237216237243, -0.0003839265925325462, -0.0003839265925325462, -0.00022994338516607436, -0.00035869029485974767, -0.0002745341445119007, -0.005215292001313154, -0.0003723701574643942, -0.0003723701574643942]
other derivatives: [ -1.73130843e-02   4.00142142e-02  -2.96232372e-02   5.84989834e-03
  -4.52970994e-03  -5.68434189e-06]
Current x array =  [ -0.48181121  -0.52141618  -1.09360775  -0.37680182   0.31052836
 -14.7324059   -1.159363    -7.38274832 -10.17798698 -10.16714207
 -10.27353905 -10.20612529 -10.19527226 -10.19527226 -10.70788914
 -10.2632646  -10.53064661   0.38967783 -10.22583536 -10.22583536]
log likelihood =  -62.4099773901
Edge derivatives =  [0.04862428809766128, -0.0014361547519494895, -0.0001541104356950731, -0.00015610944072662501, -0.00013814825333909606, -0.0001496918511573966, -0.00015164356166955364, -0.00015164356166955364, -8.280069716140256e-05, -0.0001398651281513994, -0.0001017812607414896, -0.29880601122881223, -0.00014622604499116106, -0.00014622604499116106]
other derivatives: [  5.02900832e-02  -5.69171021e-01   6.23899155e-02   1.70359726e-02
   2.14519957e-02  -1.42108547e-06]
Current x array =  [ -0.48512936  -0.49997503  -1.10872839  -0.36885141   0.29032559
 -16.40919656  -1.16982927  -8.02353691 -11.1076576  -11.09476975
 -11.21700197 -11.13675038 -11.12379643 -11.12379643 -11.72889239
 -11.20465077 -11.52250285   0.42518245 -11.1601756  -11.1601756 ]
log likelihood =  -62.4012455657
Edge derivatives =  [0.025024224143972873, -0.00236838757770393, -0.0003173616106281106, -0.0003209684721800145, -0.0002875552359748869, -0.0003084916652091734, -0.00031200427764646783, -0.00031200427764646783, -0.00018304843683081853, -0.0002906596684626424, -0.00021997218216795132, -0.07026587841310916, -0.0003022200324982818, -0.0003022200324982818]
other derivatives: [ -1.96465066e-03  -9.06915432e-02  -9.03952468e-03   8.30837621e-03
   1.29034561e-03  -3.55271368e-06]
Current x array =  [ -0.48255207  -0.51662892  -1.0969838   -0.3750267    0.3060176
 -15.10679021  -1.16169985  -7.52581997 -10.38555856 -10.37425752
 -10.4841901  -10.41390998 -10.40258787 -10.40258787 -10.93585296
 -10.47345197 -10.75210265   0.3976051  -10.43444955 -10.43444955]
log likelihood =  -62.3983478904
Edge derivatives =  [0.021094841938820053, -0.0014816053859581, -0.00016018474254913216, -0.0001622475688306916, -0.00014368121520498157, -0.0001555987408051889, -0.00015761242154686795, -0.00015761242154686795, -8.639070442167236e-05, -0.00014545341648844094, -0.00010606353626960779, -0.016841625222232218, -0.00015202039779012332, -0.00015202039779012332]
other derivatives: [  2.20268248e-05  -1.79547044e-02  -1.14113163e-03  -5.83426640e-03
   8.84980977e-03  -7.10542736e-07]
Current x array =  [ -0.48222     -0.51896037  -1.09867918  -0.36841429   0.29978934
 -16.34030392  -1.16031178  -7.99545631 -11.06921419 -11.05641861
 -11.17794728 -11.09826368 -11.08540519 -11.08540519 -11.68666371
 -11.16568845 -11.48150548   0.39103356 -11.12152954 -11.12152954]
log likelihood =  -62.3968740678
Edge derivatives =  [-0.0042719951579508475, -0.0008831913238793498, -7.542066766229887e-05, -7.65176393922819e-05, -6.690150617590847e-05, -7.320416087206351e-05, -7.427697109337714e-05, -7.427697109337714e-05, -3.777631455368798e-05, -6.784008003768851e-05, -4.7485137272037857e-05, 0.0109327973555449, -7.130638278424642e-05, -7.130638278424642e-05]
other derivatives: [ 0.01486242 -0.01553246 -0.01929692 -0.00883063  0.00968257  0.        ]
Current x array =  [ -0.48236702  -0.51898849  -1.09553807  -0.3663009    0.29916826
 -17.69902494  -1.15110489  -8.51250647 -11.82214662 -11.80770667
 -11.94200759 -11.85197674 -11.83742803 -11.83742803 -12.51354656
 -11.92807589 -12.2848121    0.38794345 -11.87824318 -11.87824318]
log likelihood =  -62.3978513634
Edge derivatives =  [0.021135592071310216, -0.000543837470542643, -2.0885130557048453e-05, -2.124887599588376e-05, -1.8175822373739376e-05, -2.0244971179629926e-05, -2.0601444966911958e-05, -2.0601444966911958e-05, -9.213922648464804e-06, -1.8483907027211117e-05, -1.2060213454776776e-05, -0.016562466450572348, -1.961874368776032e-05, -1.961874368776032e-05]
other derivatives: [-0.02042455  0.17210127  0.12157528 -0.01336034 -0.00108145  0.        ]
Current x array =  [ -0.48183971  -0.52573956  -1.12002779  -0.36577985   0.30915946
 -20.01575198  -1.1613425   -9.         -13.10709479 -13.08982824
 -13.24604028 -13.1382261  -13.12077131 -13.12077131 -13.92541685
 -13.22923209 -13.65622063   0.39036276 -13.16964712 -13.16964712]
log likelihood =  -62.3965246814
Edge derivatives =  [0.004208213814961281, -0.000751596089864957, -4.9196631936232964e-05, -4.9959148400583747e-05, -4.3363354842221386e-05, -4.7730125724919386e-05, -4.847646579564263e-05, -4.847646579564263e-05, -2.3622359308864734e-05, -4.401381433507851e-05, -3.0095974367200875e-05, 0.0018281534351587553, -4.6413074799846903e-05, -4.6413074799846903e-05]
other derivatives: [ 0.0031541   0.04746425  0.02830163 -0.01034408  0.0060858   0.        ]
Current x array =  [ -0.48219156  -0.52123485  -1.1036868   -0.36612752   0.30249274
 -18.46989418  -1.15451136  -8.67471538 -12.2497011  -12.23432062
 -12.37591227 -12.27996418 -12.2644485  -12.2644485  -12.98333319
 -12.36102344 -12.74113546   0.38874845 -12.30794576 -12.30794576]
log likelihood =  -62.3960288108
Edge derivatives =  [-0.002652837049712864, -0.0005426113724113632, -2.6063712416125405e-05, -2.6504542665869634e-05, -2.275820141775732e-05, -2.5270295624908742e-05, -2.5702182275451137e-05, -2.5702182275451137e-05, -1.1756178576967438e-05, -2.3132310251283182e-05, -1.5279513500878707e-05, 0.014810238241241593, -2.451069543950674e-05, -2.451069543950674e-05]
other derivatives: [ -2.69757550e-02  -5.31770183e-03   1.85451654e-02  -8.66435812e-03
   4.34070557e-03  -1.42108547e-06]
Current x array =  [ -0.48142402  -0.51929415  -1.1020313   -0.36546701   0.30412041
 -19.61602574  -1.15207663  -9.         -12.88505419 -12.86828206
 -13.02067301 -12.91596894 -12.89902266 -12.89902266 -13.68121961
 -13.00436824 -13.4190856    0.38704515 -12.946489   -12.946489  ]
log likelihood =  -62.3959757219
Edge derivatives =  [-0.006075205301077746, -0.0005425744767441551, -2.602284086132166e-05, -2.6463010163624005e-05, -2.2722266717461658e-05, -2.5230562134157183e-05, -2.5661799445553655e-05, -2.5661799445553655e-05, -1.1737216947620741e-05, -2.3095807792399928e-05, -1.5255118690555628e-05, -0.00270321455030173, -2.447211302785373e-05, -2.447211302785373e-05]
other derivatives: [ 0.02222293  0.00744791  0.00224603 -0.00749196  0.00420997  0.        ]
Current x array =  [ -0.48258793  -0.51986113  -1.09910311  -0.36703131   0.30377473
 -19.61830981  -1.1505375   -9.         -12.88623183 -12.86945856
 -13.02186151 -12.91715079 -12.90020334 -12.90020334 -13.68244209
 -13.00555574 -13.42029172   0.38964542 -12.94767262 -12.94767262]
log likelihood =  -62.3959447316
Edge derivatives =  [-0.003377436584415583, -0.0005425633548638736, -2.501423659920681e-05, -2.543958101226861e-05, -2.18286595614377e-05, -2.4251718330857435e-05, -2.4668454236903782e-05, -2.4668454236903782e-05, -1.1237858309320845e-05, -2.2189495861799067e-05, -1.462447207982146e-05, -0.001175787879467649, -2.3518922901694544e-05, -2.3518922901694544e-05]
other derivatives: [ 0.0062947   0.00162288  0.00268798 -0.00591953  0.00239098  0.        ]
Current x array =  [ -0.48222649  -0.51967318  -1.09919007  -0.36773486   0.30533451
 -19.68971443  -1.15156854  -9.         -12.92588388 -12.90902274
 -13.06210562 -12.95684188 -12.93980408 -12.93980408 -13.72604106
 -13.04571036 -13.46263305   0.38934007 -12.98752404 -12.98752404]
log likelihood =  -62.3959081738
Edge derivatives =  [0.0025788061056576383, -0.0005425539158762433, -2.2317260820585822e-05, -2.270247552488066e-05, -1.9442024494670443e-05, -2.1634496101398643e-05, -2.2011970599151357e-05, -2.2011970599151357e-05, -9.9131896298919e-06, -1.976848868041197e-05, -1.2947302561916144e-05, -0.00024686445025216136, -2.097112434473452e-05, -2.097112434473452e-05]
other derivatives: [-0.00631388 -0.00315907  0.00062954 -0.0018666  -0.00276401  0.        ]
Current x array =  [ -0.48190525  -0.51960661  -1.09884801  -0.37017372   0.30933909
 -19.89547484  -1.15373944  -9.         -13.04010202 -13.02298845
 -13.17802582 -13.07117365 -13.0538763  -13.0538763  -13.85159657
 -13.16137357 -13.58457525   0.38915456 -13.10231628 -13.10231628]
log likelihood =  -62.395898753
Edge derivatives =  [0.0031398024310246297, -0.0005425647856002846, -2.117306065270682e-05, -2.1541025209310912e-05, -1.843080328970875e-05, -2.0524222059042082e-05, -2.088481665627969e-05, -2.088481665627969e-05, -9.356049856469242e-06, -1.874250165264435e-05, -1.2239960858098046e-05, 0.00030783530623449545, -1.9890683680704126e-05, -1.9890683680704126e-05]
other derivatives: [  1.49213975e-04  -3.38644668e-03   1.99662509e-04  -1.13686838e-05
  -4.10551593e-03   0.00000000e+00]
Current x array =  [ -0.48203682  -0.51965635  -1.09876755  -0.37148722   0.31018749
 -19.99034077  -1.15396199  -9.         -13.09275064 -13.07552102
 -13.23145725 -13.12387483 -13.10645816 -13.10645816 -13.9094574
 -13.21468684 -13.64077449   0.38912617 -13.15522912 -13.15522912]
log likelihood =  -62.3958916524
Edge derivatives =  [0.0012342862029662838, -0.0005426422544514373, -1.8755560631550497e-05, -1.9086612517841504e-05, -1.629699300668502e-05, -1.8178592257404673e-05, -1.8503060470875986e-05, -1.8503060470875986e-05, -8.188936452442692e-06, -1.6577114409936593e-05, -1.075416579754352e-05, -0.007766459611798879, -1.7608875022337917e-05, -1.7608875022337917e-05]
other derivatives: [-0.01438565  0.0067466  -0.00387459  0.0052097  -0.0044885   0.        ]
Current x array =  [ -0.48189603  -0.52012788  -1.09792917  -0.3747553    0.31075744
 -20.20926053  -1.15352576  -9.         -13.21422342 -13.19672652
 -13.35473336 -13.2454693  -13.2277778  -13.2277778  -14.04292992
 -13.33769088 -13.77042075   0.38996162 -13.27731092 -13.27731092]
log likelihood =  -62.3958780067
Edge derivatives =  [0.0013745906016517928, -0.0005426497835035076, -1.7474388119962512e-05, -1.7785598652906242e-05, -1.5167817169783323e-05, -1.6935651128517436e-05, -1.7240697757414694e-05, -1.7240697757414694e-05, -7.576333763391929e-06, -1.5430979207192988e-05, -9.971891268392354e-06, -0.00014344539420651364, -1.6400224068227855e-05, -1.6400224068227855e-05]
other derivatives: [  1.38406619e-02   1.10205178e-03   5.11590770e-05   5.96429572e-03
  -5.08606490e-03   0.00000000e+00]
Current x array =  [ -0.48241439  -0.51997744  -1.09866602  -0.37567751   0.31049604
 -20.33659707  -1.15354946  -9.         -13.2849049  -13.26725211
 -13.42646554 -13.31622048 -13.29836867 -13.29836867 -14.120612
 -13.40926431 -13.84587115   0.38919964 -13.34834642 -13.34834642]
log likelihood =  -62.3958699155
Edge derivatives =  [0.0004918363410322257, -0.0005426566801008806, -1.7354278761006652e-05, -1.7663618622247233e-05, -1.5062024384785807e-05, -1.6819135497856305e-05, -1.7122351138012008e-05, -1.7122351138012008e-05, -7.519141520089723e-06, -1.5323588185006006e-05, -9.898763770468477e-06, 0.001057408464203033, -1.6286941625249398e-05, -1.6286941625249398e-05]
other derivatives: [  1.19314336e-02   9.02389274e-05   1.12478915e-03   5.49036372e-03
  -3.75592890e-03   0.00000000e+00]
Current x array =  [ -0.48238606  -0.51991955  -1.09885432  -0.37534272   0.30946872
 -20.34907519  -1.15327367  -9.         -13.29183063 -13.27416264
 -13.43349335 -13.3231527  -13.30528526 -13.30528526 -14.12821798
 -13.41627663 -13.85326008   0.38901645 -13.35530631 -13.35530631]
log likelihood =  -62.3958379581
Edge derivatives =  [-0.0009910683671010556, -0.0005426962009401434, -1.458469308673996e-05, -1.4850357017664145e-05, -1.2625606639448165e-05, -1.4132534325685297e-05, -1.4392989081973403e-05, -1.4392989081973403e-05, -6.211391473236153e-06, -1.2849875212310604e-05, -8.222115809111375e-06, 0.0023280667803450006, -1.3675790708056357e-05, -1.3675790708056357e-05]
other derivatives: [ 0.00208615 -0.00428884  0.00398614  0.00521183  0.00104663  0.        ]
Current x array =  [ -0.48226127  -0.51971567  -1.0993434   -0.37506311   0.30575834
 -20.66264485  -1.15293612  -9.         -13.46586738 -13.44781603
 -13.61011313 -13.4973606  -13.47909892 -13.47909892 -14.3194552
 -13.59250605 -14.03901256   0.38868721 -13.53021298 -13.53021298]
log likelihood =  -62.3958135211
Edge derivatives =  [-0.0003099110638375979, -0.0005427432288464939, -1.1402745997843608e-05, -1.1616751672347014e-05, -9.835043025923153e-06, -1.1046552928136136e-05, -1.1256414100893423e-05, -1.1256414100893423e-05, -4.739411249761177e-06, -1.0015274970410058e-05, -6.322536809444516e-06, 0.00693495314648377, -1.0678974322670236e-05, -1.0678974322670236e-05]
other derivatives: [-0.00682974  0.00172733  0.00306457  0.0042057   0.00396128  0.        ]
Current x array =  [ -0.48208771  -0.51989725  -1.09921533  -0.3746555    0.30351554
 -21.10625716  -1.15327249  -9.         -13.7120897  -13.69349574
 -13.85999225 -13.74382563 -13.72500595 -13.72500595 -14.59003114
 -13.84183265 -14.30182354   0.38800849 -13.77766727 -13.77766727]
log likelihood =  -62.3957853357
Edge derivatives =  [0.0014170754040602196, -0.0005427066353692622, -7.588261707447386e-06, -7.73761946989311e-06, -6.505514649448828e-06, -7.348265664729467e-06, -7.494781730462306e-06, -7.494781730462306e-06, -3.029424442300325e-06, -6.630788678968646e-06, -4.093604321301475e-06, 0.003229687162270116, -7.092133463537245e-06, -7.092133463537245e-06]
other derivatives: [-0.01164082 -0.01097433  0.00085549  0.00448068  0.00609148  0.        ]
Current x array =  [ -0.48203463  -0.51942548  -1.09884157  -0.37461771   0.30184263
 -21.84010328  -1.15391411  -9.         -14.11939577 -14.09990423
 -14.2733482  -14.1515341  -14.13179141 -14.13179141 -15.03762577
 -14.25427467 -14.73657259   0.38839631 -14.18701221 -14.18701221]
log likelihood =  -62.3957543532
Edge derivatives =  [0.006364294601068909, -0.0005427909534131664, -4.1354376169355076e-06, -4.222481166722354e-06, -3.513530241947309e-06, -4.002246017553431e-06, -4.087667526413602e-06, -4.087667526413602e-06, -1.5547097386877504e-06, -3.5860720882522886e-06, -2.1414753683051108e-06, 0.002587347188764383, -3.853329161353705e-06, -3.853329161353705e-06]
other derivatives: [-0.01124789  0.01045848  0.00268301  0.002305    0.00566587  0.        ]
Current x array =  [ -0.48201518  -0.52017587  -1.09919536  -0.37384758   0.30223476
 -22.93361686  -1.15560877  -9.         -14.7263631  -14.70553335
 -14.88933502 -14.7591006  -14.73798179 -14.73798179 -15.70466745
 -14.86889884 -15.3844613    0.38848186 -14.79701882 -14.79701882]
log likelihood =  -62.3957331655
Edge derivatives =  [0.007340206611325173, -0.0005427291545734134, -2.8493613451431546e-06, -2.9117244879175874e-06, -2.4075016765653432e-06, -2.7565753864776413e-06, -2.8177876072128187e-06, -2.8177876072128187e-06, -1.0324533617873391e-06, -2.4592626798744376e-06, -1.4389209912808417e-06, -0.0007063549927754653, -2.6500382370606617e-06, -2.6500382370606617e-06]
other derivatives: [-0.00437339  0.0030326   0.00023661  0.00261196  0.00367066  0.        ]
Current x array =  [ -0.48213199  -0.51992823  -1.09877522  -0.37390671   0.30372427
 -23.60453729  -1.15583284  -9.         -15.09875415 -15.07710352
 -15.26725952 -15.13185997 -15.10989703 -15.10989703 -16.1139112
 -15.2459875  -15.78195556   0.38898819 -15.17127501 -15.17127501]
log likelihood =  -62.3957124786
Edge derivatives =  [0.006359357861464687, -0.0005426517317038051, -1.6364959965145355e-06, -1.6743583441013628e-06, -1.3713764809998006e-06, -1.5823382640316144e-06, -1.619509324187314e-06, -1.619509324187314e-06, -5.6132219132985e-07, -1.4026050934567048e-06, -7.961133470276876e-07, -0.002648559131645814, -1.5177976646229645e-06, -1.5177976646229645e-06]
other derivatives: [ 0.00361524 -0.00160014 -0.00221618  0.00188081  0.00094715  0.        ]
Current x array =  [ -0.48224203  -0.51976086  -1.09835197  -0.37324893   0.30587949
 -24.60329107  -1.15529969  -9.         -15.65311252 -15.63023988
 -15.82985495 -15.68676625 -15.6635467  -15.6635467  -16.72313014
 -15.80733863 -16.37368362   0.3893757  -15.72840954 -15.72840954]
log likelihood =  -62.395698412
Edge derivatives =  [0.003352747590094074, -0.0005426033127725265, -9.178700006898217e-07, -9.403037102742605e-07, -7.625917609842901e-07, -8.869875817922076e-07, -9.090145811043817e-07, -9.090145811043817e-07, -2.973239733164515e-07, -7.809701520271643e-07, -4.2945230040815903e-07, -0.0016242598347328899, -8.488340941449156e-07, -8.488340941449156e-07]
other derivatives: [ 0.00212808 -0.00313491 -0.00148432  0.0008761  -0.00101537  0.        ]
Current x array =  [ -0.48216044  -0.51967948  -1.09846533  -0.37228147   0.30761729
 -25.64491892  -1.1541414   -9.         -16.23127155 -16.2071244
 -16.41660449 -16.26549635 -16.2409662  -16.2409662  -17.35850497
 -16.3927904  -16.99081666   0.3893069  -16.30946358 -16.30946358]
log likelihood =  -62.3957575475
Edge derivatives =  [-0.007856923328174115, -0.0005426054990239599, -4.720482924547574e-07, -4.842940705626152e-07, -3.883402909604296e-07, -4.5586669926175855e-07, -4.6789127643645926e-07, -4.6789127643645926e-07, -1.4318653360781493e-07, -3.9829248264595707e-07, -2.1119571922100124e-07, -0.010689927181351672, -4.35095042210405e-07, -4.35095042210405e-07]
other derivatives: [ 0.04566303  0.02047784 -0.00791474 -0.00409415  0.00319957  0.        ]
Current x array =  [ -0.48317892  -0.52046014  -1.09726786  -0.36982496   0.30424481
 -26.84221787  -1.14985548  -9.         -16.89579251 -16.8701815
 -17.09099182 -16.93067337 -16.90463786 -16.90463786 -18.0887256
 -17.0656872  -17.70008853   0.39081544 -16.97730932 -16.97730932]
log likelihood =  -62.3956969586
Edge derivatives =  [0.0018541637220995666, -0.0005426035577903018, -8.396573858211295e-07, -8.603481587631968e-07, -6.966893258309046e-07, -8.113351942357548e-07, -8.316511383120946e-07, -8.316511383120946e-07, -2.6960588568111576e-07, -7.136219210794083e-07, -3.905106500524791e-07, -0.0028370373637084598, -7.761583996505632e-07, -7.761583996505632e-07]
other derivatives: [  7.96944732e-03   3.12638804e-05  -2.34408049e-03   2.11741735e-04
  -4.49773552e-04   0.00000000e+00]
Current x array =  [ -0.48229685  -0.51978403  -1.09830495  -0.37195247   0.3071656
 -25.8052761   -1.15356737  -9.         -16.32027247 -16.29592926
 -16.50692684 -16.35458514 -16.32985337 -16.32985337 -17.45630521
 -16.48291312 -17.08581118   0.38950894 -16.39890979 -16.39890979]
log likelihood =  -62.3956922735
Edge derivatives =  [-0.00019349103968768766, -0.0005425931951408196, -5.391103811350744e-07, -5.52934883399475e-07, -4.443812907672783e-07, -5.206979809173902e-07, -5.342726637029497e-07, -5.342726637029497e-07, -1.6567741251714593e-07, -4.5563461217682793e-07, -2.4335361071995e-07, -0.0007395693896784933, -4.972359420059047e-07, -4.972359420059047e-07]
other derivatives: [ 0.0023725  -0.00019895 -0.00063309 -0.00033111 -0.00088605  0.        ]
Current x array =  [ -0.48215873  -0.51975193  -1.09859283  -0.37139098   0.30766587
 -26.60353478  -1.15284866  -9.         -16.76334741 -16.7380275
 -16.9565848  -16.79809757 -16.77236144 -16.77236144 -17.94322516
 -16.93157656 -17.55875218   0.38922758 -16.84420311 -16.84420311]
log likelihood =  -62.3956909882
Edge derivatives =  [-0.0006501674357719534, -0.0005425945970624662, -3.9672772795184326e-07, -4.0717624386103223e-07, -3.2553065763106647e-07, -3.8306217922726435e-07, -3.933219961352284e-07, -3.933219961352284e-07, -1.182767456235976e-07, -3.3400408445961034e-07, -1.7541859724871567e-07, 0.0010845352928235963, -3.6535124893094247e-07, -3.6535124893094247e-07]
other derivatives: [ 0.00226237 -0.0007887   0.00059472 -0.00071978 -0.00059472  0.        ]
Current x array =  [ -0.48214399  -0.51971865  -1.0988141   -0.37112932   0.30742543
 -27.15605028  -1.15269565  -9.         -17.07002105 -17.04402515
 -17.26781464 -17.10507395 -17.07864267 -17.07864267 -18.2802441
 -17.24211806 -17.88609618   0.38899741 -17.15241206 -17.15241206]
log likelihood =  -62.3956979253
Edge derivatives =  [-0.00281768539806615, -0.0005426230789948432, -1.7382767078008818e-07, -1.7873056309754833e-07, -1.4089424140939534e-07, -1.6770329633872235e-07, -1.7251742822215292e-07, -1.7251742822215292e-07, -4.7759675846550606e-08, -1.4482968033336928e-07, -7.270173640987245e-08, -0.004353223025318903, -1.5941986262545022e-07, -1.5941986262545022e-07]
other derivatives: [ -2.71420220e-02   5.78310733e-03   6.03961325e-05  -6.51567689e-04
   8.56203997e-04   0.00000000e+00]
Current x array =  [ -0.48162719  -0.5199104   -1.09864254  -0.37071181   0.30698409
 -28.64303796  -1.15206589  -9.         -17.89536317 -17.86754815
 -18.10541804 -17.93123126 -17.90292932 -17.90292932 -19.18724591
 -18.07786915 -18.76706232   0.38943857 -17.98188622 -17.98188622]
log likelihood =  -62.3956905538
Edge derivatives =  [-0.0010704449710295938, -0.000542600104608473, -3.3804007887395705e-07, -3.4706541440894474e-07, -2.767161363588359e-07, -3.263444507231009e-07, -3.3520678466384887e-07, -3.3520678466384887e-07, -9.919617709461566e-08, -2.8402098534249147e-07, -1.4786479465758847e-07, 3.015559400171286e-05, -3.1105565340439247e-07, -3.1105565340439247e-07]
other derivatives: [-0.00343547  0.00048743  0.0004917  -0.00070557 -0.00031264  0.        ]
Current x array =  [ -0.48204373  -0.51975585  -1.09878081  -0.37104832   0.30733981
 -27.44452531  -1.15257348  -9.         -17.2301371  -17.20378829
 -17.43030937 -17.26534815 -17.23855396 -17.23855396 -18.45620209
 -17.40425344 -18.05700326   0.389083   -17.31332972 -17.31332972]
log likelihood =  -62.3956898225
Edge derivatives =  [-0.0007650147272073582, -0.0005426016106803886, -2.6570281876797646e-07, -2.7294164476154206e-07, -2.1672493095870534e-07, -2.5644896069645504e-07, -2.6355699100206814e-07, -2.6355699100206814e-07, -7.61335242602758e-08, -2.2256635977654267e-07, -1.14352247219123e-07, 0.0005337692405482583, -2.4419824310186874e-07, -2.4419824310186874e-07]
other derivatives: [ -2.65387712e-03   1.01607611e-04   7.01305680e-04  -9.23705556e-04
   1.20792265e-05   0.00000000e+00]
Current x array =  [ -0.48205694  -0.51973719  -1.09882592  -0.37094545   0.30705214
 -27.87833702  -1.15268127  -9.         -17.47092283 -17.44404328
 -17.67467235 -17.50637164 -17.47903167 -17.47903167 -18.7208126  -17.648076
 -18.31401773   0.38902114 -17.55532093 -17.55532093]
log likelihood =  -62.3956883843
Edge derivatives =  [-0.00013342670455285255, -0.000542607844848679, -1.4180402551450023e-07, -1.458691052828505e-07, -1.145907648753995e-07, -1.3678043721573808e-07, -1.4077182124101642e-07, -1.4077182124101642e-07, -3.8184223634902547e-08, -1.178453229673567e-07, -5.850003393011332e-08, 0.0009195040265820853, -1.2991806206953775e-07, -1.2991806206953775e-07]
other derivatives: [-0.00077449  0.00030482  0.00052864 -0.00077094  0.00013003  0.        ]
Current x array =  [ -0.4820952   -0.51975215  -1.09880387  -0.37112918   0.30688724
 -29.00966152  -1.1529094   -9.         -18.09886038 -18.0705967
 -18.31193917 -18.1349294  -18.1061661  -18.1061661  -19.41088395
 -18.28393345 -18.98427905   0.38897955 -18.18640243 -18.18640243]
log likelihood =  -62.3956874822
Edge derivatives =  [0.00017996720469681815, -0.0005426110350531003, -6.990503270107506e-08, -7.202119234383427e-08, -5.5899207718089505e-08, -6.738146452110363e-08, -6.945899126892194e-08, -6.945899126892194e-08, -1.7551258076884935e-08, -5.7578167896618975e-08, -2.7496118250012082e-08, 4.200438675860951e-05, -6.381920542701205e-08, -6.381920542701205e-08]
other derivatives: [ 0.00017621 -0.00025224  0.00032117 -0.00030695  0.00012221  0.        ]
Current x array =  [ -0.48212652  -0.51974402  -1.09876309  -0.37144347   0.30685835
 -30.28400561  -1.15303187  -9.         -18.80617998 -18.77635721
 -19.02976742 -18.84294766 -18.8125811  -18.8125811  -20.188192
 -19.00017416 -19.73927279   0.38908691 -18.89726346 -18.89726346]
log likelihood =  -62.3956872937
Edge derivatives =  [0.00032013537474639975, -0.0005426222098798306, -3.4709258718645576e-08, -3.5815205421999314e-08, -2.746786686706498e-08, -3.34331266464942e-08, -3.4518685431659863e-08, -3.4518685431659863e-08, -8.131249420901218e-09, -2.833737352107468e-08, -1.302306649789701e-08, 0.0005182066328146828, -3.157663469482774e-08, -3.157663469482774e-08]
other derivatives: [  2.82796009e-04   2.57642796e-03  -3.31112915e-04   2.13162821e-05
  -2.07478479e-04   0.00000000e+00]
Current x array =  [ -0.48212757  -0.51985855  -1.09864812  -0.37173462   0.30710348
 -31.54541103  -1.15308915  -9.         -19.50631941 -19.47495335
 -19.74030904 -19.54377866 -19.5118251  -19.5118251  -20.95761129
 -19.70914433 -20.48660375   0.3890308  -19.60090845 -19.60090845]
log likelihood =  -62.3956870426
Edge derivatives =  [1.2863539504692767e-06, -0.0005426114115812298, -2.2975869823749244e-08, -2.3729522785963957e-08, -1.8071309259184888e-08, -2.2122115195936427e-08, -2.2861779216588037e-08, -2.2861779216588037e-08, -5.1671998157358506e-09, -1.8660635011374038e-08, -8.384238982793556e-09, -0.00012784053395655665, -2.0859091985541132e-08, -2.0859091985541132e-08]
other derivatives: [  2.27373675e-05  -3.55271368e-04  -4.90985030e-04   2.26663133e-04
  -5.11590770e-05   0.00000000e+00]
Current x array =  [ -0.4821303   -0.51975345  -1.0986155   -0.37178352   0.30698227
 -32.28871354  -1.15298115  -9.         -19.91888596 -19.88661053
 -20.15900493 -19.95675269 -19.923864   -19.923864   -21.41099957
 -20.12691426 -20.92697686   0.38910606 -20.01554057 -20.01554057]
log likelihood =  -62.3956869836
Edge derivatives =  [-6.284893761143717e-05, -0.0005426126550924518, -1.845133544621378e-08, -1.906578931262075e-08, -1.4465398821221657e-08, -1.7761859387951064e-08, -1.8364863056589042e-08, -1.8364863056589042e-08, -4.0605672975242535e-09, -1.4944486096627276e-08, -6.634372756153951e-09, -4.8981992422980625e-05, -1.673302189161014e-08, -1.673302189161014e-08]
other derivatives: [ -5.40012479e-05  -3.05533376e-04  -2.98427949e-04   2.03925765e-04
   7.10542736e-07   0.00000000e+00]
Current x array =  [ -0.48212919  -0.51975412  -1.09864837  -0.37176734   0.30694303
 -32.68383279  -1.1529614   -9.         -20.1381957  -20.10543686
 -20.38157294 -20.17627902 -20.14289323 -20.14289323 -21.65200976
 -20.34899004 -21.16106832   0.38909428 -20.23594833 -20.23594833]
  status: 0
 success: True
    nfev: 60
     fun: 62.39568698360989
       x: array([ -0.48212919,  -0.51975412,  -1.09864837,  -0.37176734,
         0.30694303, -32.68383279,  -1.1529614 ,  -9.        ,
       -20.1381957 , -20.10543686, -20.38157294, -20.17627902,
       -20.14289323, -20.14289323, -21.65200976, -20.34899004,
       -21.16106832,   0.38909428, -20.23594833, -20.23594833])
 message: 'CONVERGENCE: REL_REDUCTION_OF_F_<=_FACTR*EPSMCH'
     jac: array([  5.40012479e-05,   3.05533376e-04,   2.98427949e-04,
        -2.03925765e-04,  -7.10542736e-07,  -0.00000000e+00,
         6.28489376e-05,   5.42612655e-04,   1.84513354e-08,
         1.90657893e-08,   1.44653988e-08,   1.77618594e-08,
         1.83648631e-08,   1.83648631e-08,   4.06056730e-09,
         1.49444861e-08,   6.63437276e-09,   4.89819924e-05,
         1.67330219e-08,   1.67330219e-08])
     nit: 52
