number of sites to be analyzed:  38
log likelihood =  -778.480234949
Edge derivatives =  [57.06706457396481, 11.888140888067085, -12.483467548225521, -11.965362066002122, -15.230905422075871, -15.287336379010611, -14.706370717401997, -13.692892222603227, -14.803228493498969, -14.652442197468586, -15.75774196979459, -14.847462371698992, -13.856009731809898, -15.815352015820247]
other derivatives: [   3.4135951     5.72831595   -0.48667061   10.12809889  -98.38174719
 -104.19890941]
Current x array =  [-0.59412248 -0.81225525 -0.68275748  0.18232156 -0.10536052  0.33647224
 -2.30258509 -2.30258509 -2.30258509 -2.30258509 -2.30258509 -2.30258509
 -2.30258509 -2.30258509 -2.30258509 -2.30258509 -2.30258509 -2.30258509
 -2.30258509 -2.30258509]
log likelihood =  -672.838369147
Edge derivatives =  [58.00798398649458, 11.233094651282101, -6.593460488276712, -6.245633733882238, -8.855721314990229, -8.694581176272171, -8.256558300254895, -7.350379508607735, -8.355273547152988, -8.274706034858127, -9.224036470114513, -8.36203497779986, -7.433663339903628, -9.27808123845413]
other derivatives: [  5.25367341   2.45513547   1.07731921   6.31011972 -25.24543561
 -32.3305926 ]
Current x array =  [-0.59078319 -0.80757727 -0.68574419  0.24447794 -0.70913167 -0.30299899
 -1.95236314 -2.22962729 -2.37919643 -2.37601681 -2.39605753 -2.39640385
 -2.39283845 -2.3866187  -2.39343286 -2.39250748 -2.39929074 -2.39370433
 -2.38761976 -2.39964429]
log likelihood =  -599.713733016
Edge derivatives =  [50.86520712877634, 8.373042010751053, -4.988985926865491, -4.973567139530562, -6.840799879837183, -6.314619184513641, -6.119059510233358, -5.318393261104523, -6.195600748629016, -6.138849820988484, -6.9783428030146615, -6.190178830206181, -5.352206000502021, -7.027496987433015]
other derivatives: [-10.96383357  -1.3738827    1.13187753   2.89369382  -4.95103905
 -15.57881433]
Current x array =  [-0.5305064  -0.8012752  -0.66969888  0.33504559 -1.056255   -0.75327491
 -1.11030954 -2.06678601 -2.47333092 -2.46514845 -2.52289411 -2.52084476
 -2.51096041 -2.49161851 -2.51298786 -2.51091176 -2.53143058 -2.51334759
 -2.49380717 -2.53256749]
log likelihood =  -606.352864819
Edge derivatives =  [-50.07260732187589, -0.88434599380449, -2.0280735800372516, -2.064404524501792, -3.364719803220228, -2.6476067793627966, -2.6580088474619443, -1.9769850897557228, -2.7124070567344427, -2.638298598652802, -3.3658021857351583, -2.620709917589045, -1.9564823677541392, -3.3874063176096985]
other derivatives: [ 108.8599447    12.92384013  -22.8701083    36.89474397  -37.17648269
    2.36184405]
Current x array =  [-1.50373045 -1.00242441 -0.59874494  0.54120781 -1.73970055 -2.21441928
  2.46372044 -1.48582493 -2.85655851 -2.84865979 -3.03853324 -2.99757031
 -2.97460056 -2.89814148 -2.98191698 -2.97550234 -3.05620112 -2.98204478
 -2.90289961 -3.06083657]
log likelihood =  -537.662354042
Edge derivatives =  [10.83109629667403, 0.5734941800736215, -3.17786248445628, -3.4704038615669055, -4.771818108861013, -4.035515289587593, -4.023143561024634, -3.305374612255755, -4.086383637181231, -4.016954896030787, -4.777970908701876, -4.021859919818483, -3.297203717464124, -4.810016550741882]
other derivatives: [ 66.94294825   4.04521643   2.23917596   7.31935188   0.35853418
  -5.85760063]
Current x array =  [-0.99187043 -0.89663147 -0.63606265  0.43277831 -1.3802474  -1.44594116
  0.5839857  -1.79137713 -2.65500278 -2.64695483 -2.76733664 -2.74684002
 -2.73075244 -2.68433372 -2.73528716 -2.73115435 -2.78020192 -2.73553694
 -2.68774046 -2.78299734]
log likelihood =  -532.745640915
Edge derivatives =  [-30.93040268163658, -0.9898750334318286, -2.2778096350771193, -2.718700507048376, -3.8618307729486863, -3.1048374569388546, -3.1204643688016223, -2.5547358434525655, -3.161395719833923, -3.160302592829075, -3.8215792117052936, -3.1624024702357545, -2.498343130934963, -3.843739856086357]
other derivatives: [-119.59619997   10.66913455   -3.18905222   16.06496198  -23.37691285
   -1.82543545]
Current x array =  [-0.33795989 -0.91421812 -0.58350302  0.58220756 -1.49491418 -1.88953834
  1.67232528 -1.64321438 -2.8028077  -2.80137634 -2.97332125 -2.92872989
 -2.91037268 -2.83801553 -2.9171663  -2.9108801  -2.9873796  -2.916316
 -2.84174165 -2.99158816]
log likelihood =  -518.017369586
Edge derivatives =  [-5.821279517911764, -0.45890625393213064, -2.76621319666697, -3.191691224149156, -4.374972585207215, -3.6325063179024135, -3.634161301466745, -2.9810507122322196, -3.6894307242112427, -3.6447531384919807, -4.360760795803176, -3.646796088498659, -2.9522660598430623, -4.389282351151608]
other derivatives: [ 32.34314363   2.73913656  -0.80142399   6.27476311  -7.62887566
  -4.46226522]
Current x array =  [-0.72676414 -0.90376139 -0.61475409  0.49335943 -1.42673523 -1.62578289
  1.02521679 -1.73130947 -2.71492537 -2.7095599  -2.85084625 -2.82058122
 -2.80357349 -2.7466389  -2.80902401 -2.80401818 -2.86419522 -2.8088278
 -2.75017512 -2.86756355]
log likelihood =  -514.113238841
Edge derivatives =  [-7.6168979356229825, -0.40743304512290407, -2.4296955887314104, -2.984331870683424, -4.049041060463288, -3.3306430322351543, -3.331396663748614, -2.754881808375968, -3.3809366615326697, -3.3613457584521247, -4.026254548831916, -3.3671079702972153, -2.714349392674962, -4.0508455663872915]
other derivatives: [-45.84783255   1.23886821   3.56451437   6.13454176  -7.92690571
  -3.63178287]
Current x array =  [-0.44700733 -0.88992623 -0.63028609  0.58629603 -1.52152887 -1.70128106
  1.09771829 -1.71100434 -2.77136663 -2.77340868 -2.9380934  -2.89366343
 -2.87645999 -2.80685369 -2.88298517 -2.877218   -2.9512018  -2.88216836
 -2.80992038 -2.95518379]
log likelihood =  -510.471409397
Edge derivatives =  [-7.4660961172263836, -0.403365949766083, -2.358953082785965, -2.856156630974383, -3.9308712337466734, -3.2228162195127554, -3.2236551001104616, -2.635098423146096, -3.275410549634226, -3.2443400414783063, -3.9138105481514347, -3.245492842517781, -2.599775595060088, -3.938145907366811]
other derivatives: [-4.57823148  0.72121793  1.51446784  5.05508524 -7.61476144 -3.20932259]
Current x array =  [-0.56262478 -0.88958196 -0.62104299  0.605031   -1.57026311 -1.7526654
  1.15605353 -1.69823197 -2.78474054 -2.78758208 -2.95744459 -2.91125278
 -2.89358055 -2.8217219  -2.90031821 -2.89441622 -2.97089209 -2.89949163
 -2.82480273 -2.97499029]
log likelihood =  -507.161172752
Edge derivatives =  [-6.70455441772432, -0.2996671115136549, -2.0827324093752964, -2.5696617319568698, -3.6062812328631995, -2.921478604423232, -2.9214676882603876, -2.350522631059327, -2.972835152228453, -2.9391811975723927, -3.5932596373223222, -2.9360760128080785, -2.3169531939196655, -3.6153255214238276]
other derivatives: [ 3.1682589  -0.28181262  0.60797447  4.40010695 -6.56698944 -2.38841835]
Current x array =  [-0.59027898 -0.88417058 -0.61620668  0.68139208 -1.70252445 -1.86459801
  1.25088455 -1.67120276 -2.83384051 -2.84215581 -3.03221294 -2.9757151
 -2.95725894 -2.87527249 -2.96489279 -2.95839541 -3.04602447 -2.96371079
 -2.87808715 -3.0506146 ]
log likelihood =  -495.440867543
Edge derivatives =  [1.5991799750704687, 0.2556855958459899, -0.8395291899577993, -1.3064578609750506, -2.21968505201556, -1.6098187803616526, -1.6046716829450143, -1.0900602417813072, -1.6455649099855154, -1.6106026971896705, -2.224208915978856, -1.5961794289394946, -1.065525252670041, -2.2353281197892945]
other derivatives: [ 17.5201194    0.3148898   -1.4398438   -1.43811008   2.19810659
  -0.37559289]
Current x array =  [-0.64412877 -0.89572485 -0.60850443  1.14637363 -2.45529535 -2.47221053
  1.7493083  -1.51815027 -3.12463533 -3.16991203 -3.48478796 -3.36217261
 -3.33943468 -3.1939697  -3.35272483 -3.34242834 -3.50044306 -3.34887896
 -3.19487604 -3.5079994 ]
log likelihood =  -491.582090242
Edge derivatives =  [0.2671597609401384, 0.21130867890431454, -0.3030429437790543, -0.7442951128145436, -1.618157311841645, -1.024558944259111, -1.0211232822941665, -0.5176927721135639, -1.0464534409202353, -1.0218600279440442, -1.625927575188841, -1.008012854715917, -0.5100451872585051, -1.630499621772514]
other derivatives: [  1.32433513e+01  -3.41093482e+00   1.59591877e+00  -2.82905148e+00
   1.96866381e+00   7.56585905e-03]
Current x array =  [-0.62218094 -0.8538323  -0.63492185  1.3256946  -2.78085707 -2.86157557
  2.12041589 -1.42430539 -3.31034867 -3.39259335 -3.80683515 -3.62730646
 -3.60197501 -3.40441682 -3.61962729 -3.60621482 -3.82372083 -3.61288811
 -3.40345069 -3.83322669]
log likelihood =  -498.192755749
Edge derivatives =  [-9.254708479094775, 0.03175693441314337, 0.42532569783023744, 0.0005925719079955538, -0.8999557352156891, -0.25953079120397027, -0.2895965278453026, 0.21665841750214604, -0.27307497129724484, -0.2765821263588192, -0.8908376926423736, -0.2558191166907362, 0.2487432123295812, -0.8938802002016112]
other derivatives: [ -1.70455792  24.20458713 -58.33815067  -2.47770799  -6.35422452
   0.18407604]
Current x array =  [-0.54769438 -1.1448228  -0.3841691   1.3870373  -3.20093147 -3.46098235
  2.60171845 -1.27333998 -3.59435952 -3.76081087 -4.38195477 -4.07820206
 -4.04854881 -3.73959332 -4.07377274 -4.05468157 -4.4014643  -4.06097428
 -3.73597674 -4.41397443]
log likelihood =  -490.585988715
Edge derivatives =  [-1.7815203656244265, 0.16300581138095163, -0.06411961400280602, -0.4946916419420197, -1.3684501007876888, -0.7664423388946517, -0.7732220077825879, -0.2750360154635359, -0.7851492555019668, -0.7704589878917111, -1.3706003612884905, -0.7540900455306274, -0.25852471134353017, -1.3745592857961282]
other derivatives: [ 9.54350412  5.59765567 -9.57950874 -2.71118097  0.29592684  0.07458993]
Current x array =  [-0.60196681 -0.93280118 -0.56687268  1.34234175 -2.89485667 -3.02424231
  2.25103156 -1.38333647 -3.38742341 -3.49252005 -3.96291086 -3.74967031
 -3.72316601 -3.49537687 -3.74287308 -3.72791952 -3.9805086  -3.73448954
 -3.49369146 -3.99082975]
log likelihood =  -488.950942768
Edge derivatives =  [-1.4837516650867635, 0.1780035818022095, 0.26748975513177387, -0.20981977319997203, -1.056643117545879, -0.4476549542779643, -0.455265129243758, 0.04891729044763953, -0.45731952138163573, -0.4492892147133847, -1.0610597638240395, -0.4372816015061431, 0.050543223345878484, -1.0617018142777508]
other derivatives: [-2.57645638  3.01795353 -0.76243509 -3.15520197  0.72473085  0.15284058]
Current x array =  [-0.55779237 -0.90109854 -0.6202362   1.39850144 -3.08965816 -3.29354126
  2.44960365 -1.31978421 -3.52194204 -3.66551389 -4.22875706 -3.95935167
 -3.9311135  -3.65343027 -3.9543864  -3.93679708 -4.24728291 -3.94313881
 -3.65008025 -4.25906582]
log likelihood =  -488.46254409
Edge derivatives =  [-1.4824366709725114, 0.18050509381696922, 0.40920102539931735, -0.09607657728586078, -0.9216515190404632, -0.3080288138988555, -0.31854661481731394, 0.18623018940590713, -0.3142374691294499, -0.310100649113642, -0.9252820510848758, -0.29921293473659494, 0.18186522009885317, -0.9249943314241637]
other derivatives: [-6.95450808  0.51061306 -0.02229967 -2.83251893  0.76938704  0.16705144]
Current x array =  [-0.54318421 -0.87591391 -0.62530062  1.37423336 -3.15653268 -3.41237664
  2.50844826 -1.29113874 -3.58067756 -3.74950374 -4.36831583 -4.06380826
 -4.03484996 -3.72658268 -4.05991239 -4.0409134  -4.38735509 -4.04693795
 -3.72239213 -4.39981885]
log likelihood =  -487.733910552
Edge derivatives =  [-1.7412300856123022, 0.17392471343708682, 0.5923864246296038, 0.03558300674740161, -0.7447894587882864, -0.12695350620338774, -0.14186467081547083, 0.35694786941560636, -0.1283627679499008, -0.12876269587073358, -0.7477959855279779, -0.12062810232864846, 0.34553766341201725, -0.7467710239536711]
other derivatives: [-7.84765462 -0.63179186  1.91762979 -1.51388804  0.56877525  0.17239472]
Current x array =  [-0.54047963 -0.86356221 -0.63916355  1.26281016 -3.21044887 -3.56155428
  2.53325255 -1.25237673 -3.65075418 -3.8666521  -4.58169182 -4.21419102
 -4.18446199 -3.82207861 -4.21201899 -4.19087507 -4.60156584 -4.19611299
 -3.8167465  -4.61493998]
log likelihood =  -487.145323094
Edge derivatives =  [1.0980331119315392, 0.29374165439157485, 0.6884572771678257, 0.06355325301987413, -0.5891792659760695, 0.01309996786811874, -0.009930399107925935, 0.43786211980595136, 0.014845067909125757, 0.008753307342618956, -0.5891502646413729, 0.015730653234092798, 0.420626650954935, -0.5881062376190124]
other derivatives: [-4.34016556 -7.11672214 -4.83473741  0.14366606  3.17035074  0.14686634]
Current x array =  [-0.54878305 -0.81181017 -0.59001817  1.03666165 -3.14789848 -3.62913513
  2.33848676 -1.21981999 -3.65121464 -3.95480742 -4.81570258 -4.34304355
 -4.31401804 -3.86452232 -4.34274209 -4.31957146 -4.83660176 -4.32317357
 -3.85881153 -4.8505873 ]
log likelihood =  -486.623481507
Edge derivatives =  [0.12737324601937972, 0.26598108631948914, 0.7242760383438565, 0.0733240370728086, -0.5305548053236493, 0.06477006403371802, 0.04004749298036586, 0.46480651486652447, 0.06860424846157932, 0.06174313397965438, -0.5314031380930847, 0.06574083946140004, 0.44585242814333115, -0.530367967806363]
other derivatives: [-0.66464168 -0.67241785  0.52920086  1.83644602  2.16255103  0.14805437]
Current x array =  [-0.56142302 -0.86613961 -0.62611986  0.9159328  -3.06328167 -3.6393812
  2.25189358 -1.20805705 -3.63788002 -3.98365747 -4.91000019 -4.38840024
 -4.3599867  -3.87068144 -4.38888059 -4.36497532 -4.93129323 -4.36775711
 -3.86499235 -4.94544447]
log likelihood =  -486.429181158
Edge derivatives =  [-0.48329987687135634, 0.24990175867098718, 0.6390244025350874, 0.014222065717491073, -0.5489985188636988, 0.024957699766414584, -0.0003648806673681969, 0.3933748652094715, 0.02875223565414707, 0.021843438409336356, -0.5497922477860627, 0.02551429439989496, 0.37490624377359083, -0.5488864932883277]
other derivatives: [ 0.61663741  0.27847022  0.53140639  2.27174723  1.47907144  0.14380817]
Current x array =  [-0.56650825 -0.87561438 -0.62572761  0.89184462 -2.95811197 -3.56576219
  2.16399787 -1.21916353 -3.58725941 -3.94465227 -4.8744709  -4.34470391
 -4.31732169 -3.82330391 -4.34492734 -4.32158644 -4.89561443 -4.32410911
 -3.81827336 -4.90941452]
log likelihood =  -485.885380348
Edge derivatives =  [-0.6662897218214285, 0.2730403973406855, 0.3295285209658409, -0.19199050103201065, -0.5774178538343762, -0.0871349480656827, -0.11580220572176958, 0.14325749780759642, -0.0832628867033193, -0.09072562055548111, -0.5780417129465126, -0.08833981007317501, 0.1249713696305104, -0.5774279002307291]
other derivatives: [ 3.05169578  2.00743102 -0.01653007  2.76812102  0.84360181  0.10178383]
Current x array =  [-0.5773658  -0.89539924 -0.62041087  0.853137   -2.59722895 -3.34772462
  1.83139252 -1.24025072 -3.41517732 -3.84177061 -4.82413369 -4.23392778
 -4.21062269 -3.67558038 -4.23358809 -4.21183567 -4.84500748 -4.21316671
 -3.67304594 -4.85781796]
log likelihood =  -485.256872368
Edge derivatives =  [-1.8854317484331262, 0.1949361508482965, 0.05534725050923339, -0.3048377287801836, -0.4888155754134974, -0.0726323022418553, -0.1060172138330589, -0.019833010153442167, -0.06743867870223628, -0.07529242847161348, -0.49048369637260936, -0.0748142051122303, -0.04295669783927198, -0.4896557180191349]
other derivatives: [ 12.38178697   1.17329364  -0.48964353   2.23924417  -0.77834557
   0.03908553]
Current x array =  [-0.61640966 -0.8850965  -0.62085233  0.92902111 -2.19505037 -3.26612539
  1.53814953 -1.20273553 -3.27235211 -3.84892816 -4.99655431 -4.25492598
 -4.23713176 -3.59360655 -4.25503443 -4.23370129 -5.01790619 -4.23310581
 -3.59413196 -5.03048712]
log likelihood =  -484.487165797
Edge derivatives =  [-1.2393431092510625, 0.1357988424205437, -0.32125573657882167, -0.4208357436977008, -0.3771126452844239, -0.017011794267234204, -0.06158150849856023, -0.2024269140320652, -0.010488963979981416, -0.021359081982824282, -0.3781611995338533, -0.023843206839135357, -0.23187050026169667, -0.377027513422923]
other derivatives: [ 6.70378881  1.79623498 -1.50886876  1.14291652 -1.14086447 -0.11324914]
Current x array =  [-0.59305276 -0.88719552 -0.61321303  0.9273932  -1.70241935 -3.1825089
  1.11293503 -1.15208695 -3.10702225 -3.88427891 -5.2666747  -4.31637048
 -4.30538839 -3.51090236 -4.31758675 -4.2961713  -5.28888881 -4.29279678
 -3.51498197 -5.30134087]
log likelihood =  -483.972883841
Edge derivatives =  [-0.8973100212546583, 0.0915447146132742, -0.14095452256299756, -0.28828952233010235, -0.25065572029530425, 0.1831406663527415, 0.13098225839149638, -0.0013809086365124748, 0.19044367888931749, 0.17882382385391063, -0.2517339595205115, 0.17549547546837385, -0.039023769992743484, -0.250544907794874]
other derivatives: [ 1.50824349  0.25033842 -0.96756025  0.50413291 -1.25871793 -0.10373356]
Current x array =  [-0.57221782 -0.86871728 -0.61830601  0.94705598 -1.57888867 -3.37005832
  1.00828231 -1.06263403 -3.13211732 -4.0676304  -5.6762623  -4.53887483
 -4.53155117 -3.60374825 -4.54221031 -4.51864535 -5.69994313 -4.51339362
 -3.60933668 -5.71354149]
log likelihood =  -483.870947666
Edge derivatives =  [-0.39542719243301017, 0.2394089937975571, 0.084880101747562, -0.20599860711552956, -0.22280542691797417, 0.24820265952252107, 0.19612875638105798, 0.13817725168809875, 0.2553833887107445, 0.24443178103373142, -0.22409638558350567, 0.2415701995976517, 0.09955198020517411, -0.22297037989708093]
other derivatives: [ 0.05722995 -0.2741217   0.53008193  0.26275302 -0.51419988 -0.05302923]
Current x array =  [-0.56719593 -0.86591109 -0.62821847  0.98148132 -1.70026402 -3.49125307
  1.0868597  -1.03272564 -3.19717674 -4.14930751 -5.7912428  -4.62143906
 -4.61476112 -3.67298104 -4.62525746 -4.60094371 -5.81536661 -4.59577386
 -3.67897945 -5.82954195]
log likelihood =  -483.843988315
Edge derivatives =  [0.5168095041491969, 0.3232696570152344, 0.10812231071705869, -0.1904514494186026, -0.20636213630666092, 0.267387148239839, 0.2148082001790842, 0.15512439227510058, 0.2743206054852487, 0.2635987015988504, -0.2076173336909358, 0.2607535802730972, 0.11813718701123538, -0.20654856219833168]
other derivatives: [ 0.23901521  0.30100864  0.05179572 -0.33269885  0.03762466 -0.06173195]
Current x array =  [-0.56715384 -0.8721773  -0.62426542  1.00509932 -1.69020588 -3.52186029
  1.05611161 -1.00882201 -3.19541898 -4.18625221 -5.8671154  -4.64681547
 -4.64287278 -3.68065564 -4.650678   -4.62649273 -5.89151223 -4.62111703
 -3.68846703 -5.90581914]
log likelihood =  -483.812722246
Edge derivatives =  [0.5115179676158612, 0.3361151892264196, 0.13547103934398708, -0.1786601925244714, -0.20041803255905213, 0.26757298948315805, 0.21657482587700827, 0.16077248911628367, 0.27409549184251897, 0.26362457022161817, -0.20155227802870293, 0.2609853273698084, 0.12742655205391518, -0.20052314602740465]
other derivatives: [-0.72262196  0.35392986 -0.26787461 -0.36265533  0.09183054 -0.05745733]
Current x array =  [-0.56377235 -0.87315424 -0.62153571  1.01253538 -1.71405033 -3.54250434
  1.07308674 -0.98974385 -3.19933987 -4.20845171 -5.89613799 -4.64625608
 -4.64508902 -3.68305858 -4.64983229 -4.62609714 -5.9206595  -4.62086752
 -3.69285415 -5.93499579]
log likelihood =  -483.603010699
Edge derivatives =  [0.5243458506744341, 0.3647036216403319, 0.2414894035488191, -0.12356123373945613, -0.15909318951261356, 0.24465752056851015, 0.20920392151767728, 0.13947843186115416, 0.24802175252449604, 0.2398642039306204, -0.1595724908465004, 0.23849769147833452, 0.13845918357529324, -0.1588119115660372]
other derivatives: [-4.04555749  0.37693439 -1.84559212 -0.60873049  0.31580498 -0.0457419 ]
Current x array =  [-0.55252698 -0.87541207 -0.60877876  1.05983505 -1.83848255 -3.66952989
  1.16145646 -0.82782925 -3.19322118 -4.37391486 -6.12654372 -4.61085773
 -4.63463    -3.66853541 -4.6117736  -4.59234428 -6.15205764 -4.58816554
 -3.69599118 -6.16640689]
log likelihood =  -483.299674317
Edge derivatives =  [0.5830525196677687, 0.29946788497433313, 0.28672384789503824, -0.08293891537410811, -0.10734167508569807, 0.16946873426605877, 0.16848221489912005, 0.028077458648414266, 0.16743376457691223, 0.1646342808185379, -0.10732638566879735, 0.1651832418764426, 0.08987269096700029, -0.10687606180262459]
other derivatives: [-6.37542144  0.10780923 -2.22356107 -0.94468646  0.5434913  -0.04567937]
Current x array =  [-0.54502682 -0.87460044 -0.60526854  1.11993059 -1.99698755 -3.85074202
  1.27174962 -0.53530969 -3.14481334 -4.64936461 -6.52040251 -4.5117003
 -4.58201    -3.60791494 -4.50753079 -4.49644    -6.54762602 -4.49404099
 -3.66792331 -6.56174574]
log likelihood =  -482.990489192
Edge derivatives =  [0.42377334973911274, -0.10741527762465493, 0.22517124335978878, -0.06040070044525403, -0.059940686879020454, 0.05816852792562427, 0.11377819552246664, -0.14042133285423625, 0.04853876862512617, 0.05561440283819821, -0.059771085286724826, 0.05852376358008614, 0.011059509630012385, -0.05956192376669596]
other derivatives: [-3.47179707  0.39217412 -1.48593813 -0.89905257  0.44501007 -0.05141487]
Current x array =  [-0.55399816 -0.8785135  -0.61091619  1.15594351 -2.16965037 -4.09765449
  1.38646492 -0.1187516  -3.05891814 -5.04217347 -7.10213817 -4.38223379
 -4.51694485 -3.52266985 -4.37134099 -4.37166792 -7.13187145 -4.37138012
 -3.62497413 -7.14567018]
log likelihood =  -482.923139258
Edge derivatives =  [0.17841474316491657, -0.43714027711631964, 0.12839932897246875, -0.06277428947372321, -0.049059838353340476, 0.03992263212021248, 0.10883055357274225, -0.18035421607804297, 0.028961419182326184, 0.03847314456331388, -0.0489069172353826, 0.04123932105018849, -0.017385882830323447, -0.04873349447573428]
other derivatives: [-1.08539098 -0.67865358  0.07847234 -0.24611495  0.01362537 -0.05415473]
Current x array =  [-0.56171301 -0.8682351  -0.6227578   1.11500818 -2.15946017 -4.16209837
  1.36544238 -0.01231939 -3.0161056  -5.16052216 -7.30277826 -4.36341239
 -4.51319046 -3.50437497 -4.3514288  -4.35422973 -7.33334672 -4.35398231
 -3.61159319 -7.34708473]
log likelihood =  -482.910594933
Edge derivatives =  [0.07127594345671517, -0.3775078758359458, 0.14630805636970923, -0.06187291157244201, -0.050361635450906064, 0.040394471835012505, 0.10826702341816957, -0.1596847148193491, 0.029816490332020534, 0.03887825184489764, -0.050208337315832005, 0.041540255200757194, -0.006360555034255366, -0.05003447556123701]
other derivatives: [ 0.29567104 -0.06312462  0.15305659  0.00324576  0.03973923 -0.05074412]
Current x array =  [-0.56644764 -0.87411106 -0.62336069  1.09622622 -2.17421485 -4.15721708
  1.37795387 -0.03406442 -3.02181745 -5.14881491 -7.27526854 -4.36268662
 -4.50895947 -3.5134185  -4.35107945 -4.3533655  -7.30573347 -4.35310147
 -3.61582849 -7.31947131]
log likelihood =  -482.907520868
Edge derivatives =  [-0.017023410476671108, -0.379867511678098, 0.1358759613057564, -0.06318700767748957, -0.050632717059365034, 0.040108077884797866, 0.10705594871550946, -0.15473623284436372, 0.029764958635845384, 0.038563150168115234, -0.05047569848195858, 0.0411228847267527, -0.00726924076555914, -0.0503014984490168]
other derivatives: [ 0.38767212  0.08954544  0.10364261  0.11463612 -0.03436185 -0.05052243]
Current x array =  [-0.56677051 -0.87550627 -0.62298663  1.08788017 -2.16840075 -4.15288351
  1.37424086 -0.04441464 -3.01867506 -5.14496238 -7.26959573 -4.36203166
 -4.50659708 -3.51561596 -4.35066512 -4.35269907 -7.30003386 -4.35235372
 -3.61502338 -7.31375978]
log likelihood =  -482.894910552
Edge derivatives =  [-0.0435736873938084, -0.3276184196760563, 0.10118919764518108, -0.06640323308396064, -0.050123873544974135, 0.04267729201857901, 0.10613610906592642, -0.12032906207192737, 0.033373536991107094, 0.04119014951009199, -0.049967061832581185, 0.043410605686858894, -0.0008416290202570911, -0.04979511798522322]
other derivatives: [ 0.93319841  0.10337544 -0.04327489  0.32020466 -0.0029388  -0.04818617]
Current x array =  [-0.56856776 -0.8757905  -0.6218612   1.06862073 -2.16153616 -4.15655036
  1.36727027 -0.07871191 -3.00684222 -5.15128748 -7.27895127 -4.36403123
 -4.50232949 -3.53189396 -4.35370351 -4.35480236 -7.30940058 -4.35413563
 -3.61760246 -7.32312766]
log likelihood =  -482.86960306
Edge derivatives =  [-0.19433443548851037, -0.2848283040043362, -0.04654522058912658, -0.07606959601273748, -0.04582480243996404, 0.03389773997635098, 0.09256758766611721, -0.05904960881705867, 0.02668325578912118, 0.03302399258427756, -0.04567830731225295, 0.03436021390954269, -0.006509605882026988, -0.04552174651007746]
other derivatives: [ 0.19874733  0.9024518   0.41929979  0.65328436 -0.10948611 -0.04556568]
Current x array =  [-0.56603346 -0.88356706 -0.62469825  1.03718914 -2.13425188 -4.18379082
  1.34365037 -0.13387088 -2.95629155 -5.2060015  -7.36723033 -4.35358058
 -4.48070546 -3.56173268 -4.34551034 -4.34517855 -7.39795899 -4.34373657
 -3.61360404 -7.41162283]
log likelihood =  -482.84115729
Edge derivatives =  [-0.13484792736353768, -0.22172687269753716, -0.2586511035546756, -0.0817534250716925, -0.03784545458775307, 0.027706471777240883, 0.08125754946718174, 0.03223459808441568, 0.023287375341808303, 0.027825761308638428, -0.03770380413223704, 0.028403669660192497, -0.0019135622110636255, -0.037577049392131835]
other derivatives: [ 1.31690854  0.5143761  -1.45331001  0.7147321  -0.04565095 -0.04187655]
Current x array =  [-0.5694981  -0.88038555 -0.61131229  1.02558647 -2.1094359  -4.25792136
  1.32228968 -0.18481837 -2.8872401  -5.3244328  -7.55690903 -4.34561351
 -4.46022091 -3.60822107 -4.3405339  -4.3386734  -7.58827752 -4.33619678
 -3.61453659 -7.6019246 ]
log likelihood =  -482.808582637
Edge derivatives =  [0.05389976967828636, -0.1439794613402138, -0.3585716549517499, -0.08180827773589859, -0.03370932919055013, 0.024753768067240518, 0.0759984376363255, 0.08011451952184775, 0.02176280380404137, 0.025660702337168877, -0.03359873293806297, 0.025740467226279914, 0.0038589247387280715, -0.03348282769410602]
other derivatives: [ 0.46183004  0.19344952 -0.64904953  0.4711751   0.1400565  -0.03839205]
Current x array =  [-0.56671189 -0.87739157 -0.61675631  1.04036921 -2.1073887  -4.31002581
  1.32124216 -0.20557699 -2.8571055  -5.39912408 -7.67307677 -4.34362385
 -4.45220406 -3.63490347 -4.34005659 -4.33751233 -7.70483951 -4.33454994
 -3.61862702 -7.71850842]
log likelihood =  -482.782215151
Edge derivatives =  [0.21612565849388177, -0.09183099024999901, -0.46031844177774095, -0.07615503828550088, -0.027511173610507665, 0.014938967896965166, 0.06817448405892665, 0.1253088058799145, 0.013033082688996635, 0.017188994677000555, -0.02743202675354395, 0.01699190644304874, 0.011721860741141094, -0.02733558235333704]
other derivatives: [-0.38352823 -0.13395152  0.00867431 -0.06864411  0.28421709 -0.03393552]
Current x array =  [-0.5641815  -0.87421846 -0.62143011  1.08470936 -2.12360174 -4.4062741
  1.34149168 -0.19035251 -2.82509027 -5.53320358 -7.87696816 -4.33505968
 -4.44184737 -3.66122086 -4.33270523 -4.33033907 -7.90946538 -4.3270189
 -3.62419693 -7.92317456]
log likelihood =  -482.772836627
Edge derivatives =  [0.02849889875688838, -0.10779689892364022, -0.4565081588521981, -0.07194957156197729, -0.025524052200657055, 0.01154541560372345, 0.06499417568168783, 0.13682330652429964, 0.010069337479783936, 0.014211784485832782, -0.02544602021689458, 0.013914457020259636, 0.015218115453844841, -0.025356104369601326]
other derivatives: [-0.34678465 -0.16659669  0.09878818 -0.13289991  0.12086048 -0.03149125]
Current x array =  [-0.56455377 -0.87350888 -0.62229723  1.09585948 -2.12560069 -4.44241424
  1.35230864 -0.18645271 -2.82405817 -5.58411351 -7.95223545 -4.33188678
 -4.43690048 -3.66830492 -4.33001048 -4.32761767 -7.98500296 -4.32417341
 -3.62630391 -7.99872614]
log likelihood =  -482.739451557
Edge derivatives =  [-0.13384543468773513, -0.13094458250116875, -0.3784617369210893, -0.052868915602232155, -0.01780617715332759, -0.010477284580379317, 0.04576398697563977, 0.164846823489886, -0.010431002245279708, -0.005863289061769857, -0.017720694215341337, -0.006483875559552241, 0.02535803087781341, -0.017658665505870627]
other derivatives: [-0.04271783 -0.05866809  0.31599825 -0.28448994  0.02303864 -0.02491447]
Current x array =  [-0.56583091 -0.87418881 -0.62414343  1.11738724 -2.15391685 -4.61203167
  1.38366152 -0.14909925 -2.83357281 -5.83019386 -8.31287823 -4.30954549
 -4.40846758 -3.68618931 -4.30936089 -4.30735845 -8.34697232 -4.30350707
 -3.63141123 -8.3607236 ]
log likelihood =  -482.699024472
Edge derivatives =  [-0.5946728103343195, -0.10503088530386158, -0.18585691079124145, -0.03406085176186481, -0.011930636812766748, -0.035295303100844895, 0.009762551217159514, 0.1900031944798828, -0.031834288737199755, -0.02906632201056245, -0.011835264105569187, -0.03046514476428237, 0.031414985275959914, -0.011793943223327384]
other derivatives: [-0.15795649 -0.54818088  0.28876457  0.00823661 -0.27496299 -0.0164107 ]
Current x array =  [-0.56568471 -0.86889951 -0.62415861  1.10267684 -2.15553016 -4.80113351
  1.39930351 -0.18575646 -2.87410664 -6.11170673 -8.71482881 -4.28465821
 -4.35844344 -3.70434164 -4.28790847 -4.2842328  -8.7503336  -4.27955309
 -3.63426075 -8.76407668]
log likelihood =  -482.692128941
Edge derivatives =  [-0.13187145769910713, -0.06761261997343991, 0.03711369793011954, -0.015291094494256956, -0.005241069850868379, -0.08208087670989517, -0.0725852892560347, 0.17926197166112484, -0.07156918390607886, -0.07234828453177937, -0.005174195480530414, -0.0762558324331555, -0.0060600934567022965, -0.005156447259396514]
other derivatives: [ 3.89808292  1.83179623  0.54495217 -0.22907329 -0.10244889 -0.01323315]
Current x array =  [-0.58011076 -0.89228308 -0.62609055  1.10137381 -2.06281021 -5.14290566
  1.312209   -0.25743271 -2.91930767 -6.66028312 -9.53706109 -4.23781655
 -4.26116959 -3.70244441 -4.24760728 -4.24066427 -9.57540744 -4.23397378
 -3.61303336 -9.58903345]
log likelihood =  -482.649013563
Edge derivatives =  [-0.2758053388695332, -0.034546854078336534, 0.0783863775676984, -0.015014442112585749, -0.0055190949791687266, -0.0772441356826168, -0.06923429720484411, 0.18257046976105729, -0.06690634006959578, -0.0682134234582076, -0.005444535405576261, -0.07168282175295701, 0.002585283671992386, -0.005425678589766979]
other derivatives: [ 0.17565185  0.69824182 -0.45151864 -0.08444658 -0.13386057 -0.01274429]
Current x array =  [-0.56653815 -0.88112591 -0.61830482  1.09004191 -2.07561096 -5.12812328
  1.32363274 -0.27032547 -2.93108915 -6.63152315 -9.48652886 -4.24253896
 -4.26464255 -3.70443734 -4.25221061 -4.24498092 -9.52468972 -4.23841018
 -3.61761749 -9.53833479]
log likelihood =  -482.64330709
Edge derivatives =  [-0.10079126600568422, 0.008280576357293262, 0.07999919097645625, -0.015215457394274767, -0.005608626681497014, -0.07345999991400354, -0.07050171179112535, 0.1821961820350383, -0.06273226455696544, -0.06478924468870832, -0.005532767955212097, -0.06841357686587204, 0.0002804941448058887, -0.005513368169749328]
other derivatives: [ 0.07787548  0.30741489 -0.29800731 -0.05192078  0.02253842 -0.01274998]
Current x array =  [-0.56605636 -0.87760651 -0.61925224  1.08026743 -2.06312649 -5.11902503
  1.30809192 -0.2969306  -2.93231248 -6.62072882 -9.47079651 -4.24633181
 -4.26338674 -3.70458561 -4.25640522 -4.24848829 -9.5088753  -4.24178675
 -3.61678713 -9.52251422]
log likelihood =  -482.637450429
Edge derivatives =  [0.16653794696483049, 0.042869229329514244, 0.10103248461182002, -0.01422621511184552, -0.005253078557515603, -0.07070673517829823, -0.0801854329068867, 0.16437610039506928, -0.05901242516733298, -0.06244700525868241, -0.005178851582957891, -0.06648466264629518, -0.012742571257352626, -0.005160265542761199]
other derivatives: [-0.12053079  0.11436327 -0.23700295 -0.08811298  0.17665798 -0.01333547]
Current x array =  [-0.56508266 -0.87597637 -0.61948023  1.06952047 -2.02140779 -5.13856055
  1.26608928 -0.33854368 -2.93812304 -6.66174768 -9.53693471 -4.24911536
 -4.25395556 -3.69518002 -4.26013462 -4.25100074 -9.57519744 -4.24395636
 -3.61057759 -9.58880838]
log likelihood =  -482.633677443
Edge derivatives =  [0.0860724549913856, 0.0044154123371403925, 0.05478248901125371, -0.015411310884527196, -0.005364918317736058, -0.06274592417686252, -0.07618348189364373, 0.13716722635622383, -0.05172475442361546, -0.0553191952101957, -0.005291127780271517, -0.059306401193387315, -0.021565849511037835, -0.0052716233465261685]
other derivatives: [ 0.42981583 -0.48279958  0.25585223  0.01672902  0.04378649 -0.01385274]
Current x array =  [-0.56701883 -0.87000452 -0.62333189  1.05979884 -1.99268236 -5.12214288
  1.24499608 -0.35127975 -2.92729314 -6.64408988 -9.51647063 -4.25745876
 -4.26048885 -3.68017266 -4.26791216 -4.25859479 -9.55463463 -4.25167012
 -3.60716537 -9.56823018]
log likelihood =  -482.630647082
Edge derivatives =  [0.06573917327378243, -0.018108217339620564, 0.05361012099865492, -0.014738162594397121, -0.005003558424232235, -0.06377572506240248, -0.0807129498694356, 0.12219129191698752, -0.052681410747122515, -0.056373986042636784, -0.004932877672217966, -0.06042984710737318, -0.02724907890370469, -0.004914573850392179]
other derivatives: [-0.0560874  -0.20073117  0.26278144 -0.01932108 -0.02756906 -0.01414264]
Current x array =  [-0.5652797  -0.87256232 -0.62330672  1.06081598 -1.9775452  -5.14867547
  1.23278097 -0.35172681 -2.92611165 -6.68880829 -9.58627246 -4.25639499
 -4.25646798 -3.67191384 -4.2669108  -4.257543   -9.62467599 -4.2505781
 -3.60426226 -9.63825883]
log likelihood =  -482.628172699
Edge derivatives =  [0.012321895675246441, -0.05151588868175379, 0.03385715365352404, -0.014237273665889158, -0.004584062931052264, -0.06478666852548258, -0.08364494289715173, 0.10582847431477169, -0.053945113928232744, -0.057408208515114766, -0.004517733393828534, -0.061365619327228976, -0.029993625120431133, -0.004500959053331711]
other derivatives: [-0.20904736 -0.07218546  0.03273612 -0.05551328 -0.12233841 -0.01423928]
Current x array =  [-0.56471763 -0.87370386 -0.62165036  1.06445255 -1.96935945 -5.18463892
  1.22747327 -0.34254916 -2.91967604 -6.74558829 -9.67374659 -4.25531298
 -4.2543408  -3.66278437 -4.26558022 -4.25647531 -9.71246092 -4.24958218
 -3.60277097 -9.72603674]
log likelihood =  -482.624743216
Edge derivatives =  [-0.0810352711292408, -0.08428673637440062, 0.0018466979692589591, -0.01367026288525722, -0.004077095292948861, -0.0641684674781473, -0.08502629496438649, 0.0845021087760259, -0.053991846955636406, -0.05697876178675901, -0.0040169414979456, -0.060687442482581413, -0.02810504032610705, -0.004002029722334166]
other derivatives: [-0.39460133  0.07531185 -0.002359   -0.03920491 -0.22440076 -0.01383569]
Current x array =  [-0.5640943  -0.87502722 -0.6213949   1.06576255 -1.96840017 -5.2359655
  1.22830358 -0.33033607 -2.90958697 -6.82323976 -9.79067022 -4.25573557
 -4.25419446 -3.65080344 -4.26537678 -4.25674223 -9.82980224 -4.25007677
 -3.60354295 -9.84337658]
log likelihood =  -482.616933545
Edge derivatives =  [-0.12957197248023555, -0.11643788388174653, -0.06775520854641193, -0.01200072449400026, -0.0030027857812625802, -0.058338384823321626, -0.08662008239472752, 0.029664870392100764, -0.04997969051147591, -0.0520203477478051, -0.002955890593644207, -0.05493124440914907, -0.01707819014433521, -0.002945027752751455]
other derivatives: [-0.28204568  0.16195827 -0.56440399  0.01628564 -0.27569627 -0.01244871]
Current x array =  [ -0.56432867  -0.87606302  -0.61729693   1.06332233  -1.97291727
  -5.37288474   1.23016825  -0.31288767  -2.88754697  -7.02797833
 -10.09553571  -4.26051952  -4.25546762  -3.62025692  -4.26847735
  -4.26081434 -10.13574594  -4.25480786  -3.60827649 -10.14932413]
log likelihood =  -482.60907332
Edge derivatives =  [-0.16430538599325462, -0.11876458357121336, -0.1352304306472456, -0.009591879398253098, -0.0019525781562099382, -0.054379720917718005, -0.0915529583868901, -0.03158745470740286, -0.0481614431800467, -0.048815555413363576, -0.0019204578548697858, -0.05084304808938948, 0.0023570799149495378, -0.0019134390909740441]
other derivatives: [-0.52786504  0.40274131  0.01584795  0.09024461 -0.24991778 -0.00994191]
Current x array =  [ -0.56355683  -0.8785796   -0.62126428   1.06135539  -1.99620759
  -5.57133378   1.24677409  -0.29092985  -2.86622575  -7.32014045
 -10.52496527  -4.263941    -4.25397848  -3.58751114  -4.26987998
  -4.26349027 -10.56670237  -4.25835632  -3.61766498 -10.58029433]
log likelihood =  -482.602649591
Edge derivatives =  [-0.021431747295545645, -0.06158478856150175, -0.1355466210068217, -0.008004702434419855, -0.0014998541320565299, -0.047833989455542, -0.09211908380686759, -0.06520086700076252, -0.042948843334011375, -0.0431506461675534, -0.0014740184763786634, -0.04447893033624835, 0.01925288019631855, -0.0014686995615784016]
other derivatives: [-0.1538524   0.16414674 -0.20808102  0.12620944 -0.04194476 -0.0083503 ]
Current x array =  [ -0.56471811  -0.87675421  -0.61952286   1.05670418  -2.01688621
  -5.69668479   1.25839815  -0.29470915  -2.86393716  -7.50222807
 -10.78814191  -4.26976087  -4.25476834  -3.56975311  -4.27445419
  -4.2685107  -10.83080225  -4.26396915  -3.625763   -10.84440987]
log likelihood =  -482.599167853
Edge derivatives =  [0.09788896943338887, -0.005170882648006692, -0.09665999072555975, -0.00690685150441643, -0.0012803167052520483, -0.04429606676458549, -0.09242726827535735, -0.07627749345146001, -0.039981012841322994, -0.04011752393724083, -0.0012576074441504896, -0.04111191048549398, 0.02837286825868099, -0.001253083564952921]
other derivatives: [ 0.01310241 -0.06381811 -0.05337597  0.10775807  0.12711325 -0.00724185]
Current x array =  [ -0.56530022  -0.87477787  -0.62057457   1.05639832  -2.03038343
  -5.77364516   1.26717654  -0.30481094  -2.87288016  -7.6133082
 -10.9464598   -4.27323249  -4.25462867  -3.56422302  -4.2773923
  -4.27148751 -10.98967161  -4.26724723  -3.63048842 -11.00328968]
log likelihood =  -482.596957061
Edge derivatives =  [0.15477924754092842, 0.02700192612408095, -0.04900758956189166, -0.005970200750723016, -0.0011150911622278654, -0.04212632699891221, -0.09378279150130613, -0.08161734571774132, -0.03797888398772151, -0.03829819142304665, -0.001094709065672258, -0.039174025550215194, 0.030305947336640826, -0.0010907692250632104]
other derivatives: [ 0.36151278 -0.05958327  0.07032099  0.06106688  0.19428512 -0.00649152]
Current x array =  [ -0.56656784  -0.87480864  -0.62151072   1.05867433  -2.03032349
  -5.83800264   1.26769354  -0.31778359  -2.88448733  -7.70905587
 -11.08478217  -4.27538657  -4.25292601  -3.56177632  -4.2793943
  -4.27329743 -11.12847029  -4.26918027  -3.63155096 -11.14208939]
log likelihood =  -482.594568493
Edge derivatives =  [0.09992010803339357, 0.05911704969415618, 0.014131746907908638, -0.004730545727621327, -0.0008845589727197507, -0.035598633057634846, -0.09164416129877549, -0.0936653259931748, -0.03221164392242257, -0.03268784796184328, -0.0008675666991644356, -0.03316701475987781, 0.03337800240484663, -0.0008644167062867163]
other derivatives: [-0.03211653 -0.41297881  0.16605668  0.02418119  0.17774937 -0.0053376 ]
Current x array =  [ -0.56534309  -0.87122143  -0.62225045   1.06238627  -2.02937871
  -5.9464972    1.27207338  -0.33663017  -2.90025347  -7.86971702
 -11.31703362  -4.28215723  -4.25542601  -3.5561778   -4.28545119
  -4.27921064 -11.36152158  -4.27544142  -3.6336192  -11.37514488]
log likelihood =  -482.592314318
Edge derivatives =  [-0.005667977772130239, 0.05088386082413905, 0.0461041695909532, -0.004047747502709224, -0.0007493369613496508, -0.03152797463865799, -0.08980129226382978, -0.10210852499393885, -0.028639490819770488, -0.029158130812129937, -0.0007344920754954384, -0.029455300304705334, 0.031595016626508786, -0.0007318207182500034]
other derivatives: [ 0.33343213 -0.16179342  0.14551347 -0.00708269  0.06519372 -0.00482601]
Current x array =  [ -0.56675378  -0.87332011  -0.6222609    1.06685774  -2.02056925
  -6.02110325   1.27029523  -0.34459745  -2.90794477  -7.98256897
 -11.48289223  -4.28603316  -4.25732644  -3.55192106  -4.28885379
  -4.28257305 -11.52795311  -4.27899542  -3.63262509 -11.54157313]
log likelihood =  -482.590661659
Edge derivatives =  [-0.09826072502218097, 0.035133702543952205, 0.049301318384419535, -0.0036989183534084525, -0.0006618397679269959, -0.027533894237468878, -0.08605716537033346, -0.10927284240920879, -0.025274466707374574, -0.02565580676570205, -0.0006484387684350105, -0.025724755546355678, 0.02990153610213335, -0.0006460771730966714]
other derivatives: [ 0.11191332  0.02800107 -0.00687237 -0.03188347 -0.03687433 -0.00460432]
Current x array =  [ -0.56603544  -0.87493892  -0.62118851   1.0705013   -2.01473727
  -6.07657778   1.26897607  -0.34441774  -2.90818236  -8.06633529
 -11.60695704  -4.28981854  -4.26160992  -3.5480879   -4.29203361
  -4.28591113 -11.65244994  -4.28254077  -3.63163251 -11.66606827]
log likelihood =  -482.58954975
Edge derivatives =  [-0.15161753871392536, 0.017786957343526227, 0.03878875825785999, -0.003496924959323443, -0.0005979997695406695, -0.023689089964233224, -0.0812059545226059, -0.11447684335093378, -0.02208985249019066, -0.02225759001220365, -0.0005857175001935778, -0.022108272105097304, 0.02731982703638962, -0.0005835792066853861]
other derivatives: [-0.09929408  0.10647909 -0.11768293 -0.05582024 -0.10762733 -0.00447358]
Current x array =  [ -0.5653123   -0.87557551  -0.62040685   1.07337204  -2.00980614
  -6.1215489    1.26672818  -0.34063912  -2.90503028  -8.1343442
 -11.70831767  -4.29356778  -4.26723825  -3.5452283   -4.29514185
  -4.28924834 -11.75416495  -4.28607785  -3.63028969 -11.76778178]
log likelihood =  -482.588098196
Edge derivatives =  [-0.16666669556042302, 0.0012768237402334542, 0.0230409595258686, -0.0032860710879984286, -0.0005303128981816572, -0.01818326000956104, -0.07324433335786232, -0.11676378025682979, -0.01745882113669841, -0.01734916222711409, -0.0005192729060907657, -0.016933564089743523, 0.02313463645980591, -0.0005173695525280933]
other derivatives: [-0.2440288   0.12632881 -0.16850663 -0.08740244 -0.14977104 -0.00437694]
Current x array =  [ -0.5647947   -0.87569739  -0.6200605    1.07600599  -2.00438776
  -6.17499665   1.26284542  -0.33573622  -2.90055659  -8.21498955
 -11.82837158  -4.29904287  -4.27624143  -3.54371504  -4.29976093
  -4.29415513 -11.87463781  -4.29124018  -3.6282118  -11.88825325]
log likelihood =  -482.584769057
Edge derivatives =  [-0.1176917537326867, -0.013197328041300319, 0.0016904471578899072, -0.00282324024655401, -0.00040842088252040717, -0.004530664307223611, -0.0527589249643699, -0.11066635023219529, -0.005709606619599773, -0.005096040072569204, -0.0003996772186723984, -0.004112988237341093, 0.014769418324816437, -0.0003982023921324158]
other derivatives: [-0.39058818  0.15157298 -0.18414426 -0.13095587 -0.14545662 -0.00404157]
Current x array =  [ -0.56420198  -0.875938    -0.61994326   1.07784201  -1.99730559
  -6.29310929   1.25516104  -0.3297548   -2.89419008  -8.39170303
 -12.08927916  -4.31263606  -4.29883345  -3.54566456  -4.31145995
  -4.30637864 -12.13645232  -4.30403225  -3.62398687 -12.1500681 ]
log likelihood =  -482.581673371
Edge derivatives =  [-0.2728233942864726, -0.06292468708759856, -0.029060099857191823, -0.002201675295053711, -0.00027017631276272784, 0.01913687935605856, -0.014404866343328805, -0.08338460402475881, 0.014917282525836677, 0.01629508453975593, -0.00026416843226156455, 0.018141840113186168, 0.001766509349589912, -0.0002631831140805787]
other derivatives: [ 0.20630182 -0.09765131 -0.11799557 -0.0064972  -0.30515253 -0.00327987]
Current x array =  [ -0.5662893   -0.87326305  -0.62073696   1.07183567  -1.98884527
  -6.48254291   1.25121701  -0.32189238  -2.88538905  -8.67284737
 -12.50200839  -4.33667902  -4.3414184   -3.55730501  -4.33236788
  -4.32808991 -12.55061368  -4.3266654   -3.61753931 -12.56423512]
log likelihood =  -482.579062815
Edge derivatives =  [-0.01394206716428914, -0.010861934627857311, -0.024072611327697335, -0.0018334710558161583, -0.0002074754019293118, 0.03099609559602309, 0.00199743995073888, -0.07021705191494908, 0.025366120702937242, 0.027025235311259867, -0.00020271337225519665, 0.029341043782951545, 0.003125876907241268, -0.0002019602488336441]
other derivatives: [-0.32914045  0.14480293 -0.0042462  -0.00525802 -0.03534524 -0.00292744]
Current x array =  [ -0.56418588  -0.87604785  -0.62119067   1.06511873  -2.0002033
  -6.60668326   1.24963462  -0.3252386   -2.8853393   -8.85465733
 -12.76540293  -4.34841961  -4.35985537  -3.5624548   -4.34260067
  -4.33863538 -12.81492278  -4.33772435  -3.61769623 -12.828554  ]
log likelihood =  -482.57837657
Edge derivatives =  [0.01303217355805475, 0.0031650599017095243, -0.00671669484159243, -0.0018742284412533454, -0.00022086720539364998, 0.02746602480883391, -0.0024674269391838366, -0.06672585474575035, 0.022434321499085034, 0.023849513706111495, -0.00021581173145015186, 0.025991865237864075, 0.004900613177315556, -0.0002150122727100638]
other derivatives: [-0.02825118  0.02560228 -0.0695934   0.00147224  0.00351861 -0.00295017]
Current x array =  [ -0.56522242  -0.8749627   -0.62075411   1.06408844  -2.00214448
  -6.57884912   1.25098173  -0.33044629  -2.89001861  -8.81289622
 -12.70299721  -4.3447687   -4.3539557   -3.56459246  -4.33958571
  -4.33536305 -12.75229754  -4.33425465  -3.618601   -12.76592862]
log likelihood =  -482.57815179
Edge derivatives =  [0.01855292448157031, 0.008612351336480722, 0.0011249571028800753, -0.0019020261001918477, -0.00022880926183530773, 0.025561561434943005, -0.003850779978053498, -0.06086409897621898, 0.02088137745829942, 0.022163915790915235, -0.00022358894804542647, 0.02417547218806088, 0.005203524767093237, -0.00022276102195047223]
other derivatives: [ 0.10975327 -0.01416538 -0.00192131  0.0197474   0.01820695 -0.00296723]
Current x array =  [ -0.5657114   -0.87459162  -0.6212613    1.06256072  -2.00329312
  -6.56324286   1.25173449  -0.33276716  -2.89217685  -8.78935828
 -12.66774004  -4.34282462  -4.35181236  -3.56771246  -4.33801251
  -4.3336421  -12.71691621  -4.33240553  -3.61878227 -12.73054737]
log likelihood =  -482.577987777
Edge derivatives =  [0.017620862147964766, 0.009604024720197474, 0.003668733121732437, -0.0019408814362565328, -0.0002367296990025062, 0.023841112499870473, -0.004397691255834616, -0.0539494108268759, 0.019474331368775088, 0.020652609494149442, -0.00023134633643582752, 0.02253826759748966, 0.004763435515415866, -0.00023048969633853074]
other derivatives: [ 0.13292265 -0.04103526  0.03657874  0.03520313  0.02202682 -0.0030127 ]
Current x array =  [ -0.56579178  -0.87433718  -0.62154262   1.06132236  -2.00374918
  -6.54796244   1.25191016  -0.33343464  -2.89294815  -8.76644766
 -12.63376672  -4.34106575  -4.35070618  -3.57129798  -4.3365833
  -4.33210074 -12.68282371  -4.33073749  -3.61857782 -12.69645459]
log likelihood =  -482.577559849
Edge derivatives =  [0.029841920147996248, 0.01169578928484484, 0.009169479636926936, -0.0019763183655063642, -0.0002454757752326241, 0.020655305063448887, -0.003627142866089273, -0.03564964991075406, 0.016932088272684824, 0.017878613009508545, -0.00023989982164987573, 0.01949304053103216, 0.0025316895879670814, -0.0002390116366539936]
other derivatives: [ 0.15031105 -0.07266294  0.0559055   0.04514504  0.03483933 -0.00303544]
Current x array =  [ -0.56583724  -0.87404606  -0.62168105   1.06007444  -2.00338128
  -6.53172552   1.25103537  -0.33466842  -2.89452649  -8.74218081
 -12.59759959  -4.33780335  -4.35044712  -3.58069157  -4.33399331
  -4.32927067 -12.64652818  -4.32762802  -3.61746693 -12.66015787]
log likelihood =  -482.577556253
Edge derivatives =  [0.007721868469824367, 0.00824426891644156, 0.01747828912623617, -0.0019399503392363467, -0.00024261612106878943, 0.013595398666486638, -0.0022346179789196133, -0.005313887569906764, 0.011176508614544146, 0.011737904331533836, -0.00023709238965461836, 0.012734716166292185, -0.001984214313105255, -0.00023621212655182747]
other derivatives: [  2.40237341e-01   1.93028882e-01   4.13444923e-01   9.33937372e-03
   3.12638804e-04  -3.00701686e-03]
Current x array =  [ -0.56627063  -0.87643854  -0.62431964   1.06332895  -1.99949053
  -6.53692374   1.24964806  -0.33607636  -2.89684259  -8.7504464
 -12.60949238  -4.33071416  -4.35034364  -3.59650062  -4.3282566
  -4.32309582 -12.65845858  -4.32087809  -3.61532087 -12.67208452]
log likelihood =  -482.577244445
Edge derivatives =  [0.018769472991097436, 0.009967978993576723, 0.013336677563505761, -0.001958038387089737, -0.00024403828751792976, 0.017124500318275532, -0.002927452200992959, -0.02038472606436134, 0.0140528119656174, 0.014806919956562647, -0.00023848854494531272, 0.016112843117769015, 0.00027169871953530017, -0.00023760433981308198]
other derivatives: [ 0.1953822   0.0606633   0.23543976  0.02719958  0.01753619 -0.00302407]
Current x array =  [ -0.56605443  -0.87524503  -0.62300336   1.06170542  -2.00143146
  -6.53433057   1.25034013  -0.335374    -2.89568719  -8.74632305
 -12.60355958  -4.33425065  -4.35039526  -3.58861417  -4.3311184
  -4.32617619 -12.65250702  -4.32424534  -3.61639145 -12.66613483]
log likelihood =  -482.576702842
Edge derivatives =  [0.016373468500364252, 0.008402009651475875, 0.01828671997345288, -0.0019064538632699614, -0.00023692328420707432, 0.014552561464516136, 0.001439302984704842, 0.004081854209447094, 0.01212150050040679, 0.012610453889019657, -0.0002314783183576817, 0.01363113969534193, -0.004000767927212129, -0.00023061909418904743]
other derivatives: [-0.00088676 -0.02420393  0.1361002   0.01257376  0.00799218 -0.00298996]
Current x array =  [ -0.56535141  -0.87440086  -0.62227591   1.0625314   -1.99877802
  -6.54805823   1.24851558  -0.3364202   -2.89705307  -8.76690268
 -12.63335772  -4.33168849  -4.35411078  -3.60125471  -4.3292163
  -4.32402106 -12.68240515  -4.32177648  -3.61430823 -12.69603114]
log likelihood =  -482.576480234
Edge derivatives =  [0.0309196429690739, 0.008936939147346987, 0.018270550463676316, -0.0018155610818470034, -0.00022073476553038617, 0.014858056339798982, 0.005172646175257714, 0.012750559473693496, 0.012499717584403987, 0.012937214534713307, -0.00021560130267795645, 0.013907783699078136, -0.005529507217311325, -0.00021480243178573729]
other derivatives: [ 0.01188027  0.03623768 -0.00132445 -0.01191438  0.01300009 -0.0029388 ]
Current x array =  [ -0.56537006  -0.87499524  -0.62127321   1.06403792  -1.99760346
  -6.58041898   1.24737346  -0.33639677  -2.89681741  -8.81514138
 -12.7040533   -4.331897    -4.35798491  -3.60551918  -4.32949824
  -4.32426445 -12.75334557  -4.32195265  -3.61342449 -12.76697122]
log likelihood =  -482.576351114
Edge derivatives =  [0.015382575307067103, 0.006083034613537763, 0.014941606838864807, -0.00173831243151122, -0.00020596068462344074, 0.01566582980273241, 0.007189811699573084, 0.011675886715352177, 0.01318364045958837, 0.013667009842747727, -0.00020112807363778355, 0.014671103051189904, -0.005797299893997111, -0.00020038218112078914]
other derivatives: [-0.09154633  0.05237553 -0.02503384 -0.03145715 -0.00680416 -0.00285354]
Current x array =  [ -0.56502912  -0.87510929  -0.62110305   1.06595822  -1.99657638
  -6.61198584   1.24743341  -0.33573007  -2.89583601  -8.86223377
 -12.77333707  -4.33275276  -4.36057225  -3.60483662  -4.33022598
  -4.32504291 -12.82287064  -4.32275919  -3.61331905 -12.83649634]
log likelihood =  -482.576217209
Edge derivatives =  [0.011611121442310468, 0.006487222635033027, 0.011734827539958137, -0.0016582851666878964, -0.00019119455934253228, 0.016397762413662115, 0.008726065153340318, 0.008728884818528064, 0.013792878328550712, 0.014328334928815998, -0.00018666774436286869, 0.015370862484701611, -0.005102196274073198, -0.00018597554096913107]
other derivatives: [-0.1143178   0.07416361 -0.0380453  -0.04660023 -0.01174385 -0.00275122]
Current x array =  [ -0.56496291  -0.8753077   -0.62100791   1.06736663  -1.99672641
  -6.64613672   1.24801293  -0.33539037  -2.89484781  -8.91295219
 -12.84769237  -4.3335013   -4.36266957  -3.60316311  -4.33084768
  -4.32571806 -12.89748509  -4.3234698   -3.61366551 -12.91111142]
log likelihood =  -482.575754658
Edge derivatives =  [-0.005932087527217078, 0.006983428632214045, -0.000435684996749397, -0.0014057624222441401, -0.00014710551086969363, 0.018248487977584712, 0.015542006889565151, 0.005992863993352464, 0.015412499790383196, 0.016059870483731198, -0.00014351071625327727, 0.017137776563610516, -0.003233076223560394, -0.00014297875013926848]
other derivatives: [-0.11303314  0.09248993 -0.0403702  -0.06127721 -0.02463025 -0.00242153]
Current x array =  [ -0.56499742  -0.87546368  -0.62100003   1.06936202  -1.9982874
  -6.76705824   1.25027364  -0.33417865  -2.89121381  -9.09208501
 -13.10969297  -4.33538242  -4.3712744   -3.60121355  -4.33248818
  -4.32747131 -13.16039767  -4.32525311  -3.6145878  -13.17402674]
log likelihood =  -482.582917681
Edge derivatives =  [-0.05214342734697808, 0.09791411902245833, 0.06832147920439047, -0.0007455573713603082, -6.62264029748967e-05, -2.6641179637833245e-05, -0.0007983847986388279, -0.043796946597721945, 0.00010113138755946452, -0.00025918846643229604, -6.438681624275855e-05, -7.195915534676661e-05, 0.029062012768313474, -6.415228710990221e-05]
other derivatives: [ -1.41279202e+00   6.01846750e-01  -1.76356707e-01  -1.16079946e-01
   5.80200776e-02  -1.40971679e-03]
Current x array =  [ -0.56072328  -0.88043153  -0.61958231   1.07474492  -2.02123413
  -7.14116608   1.27333505  -0.36217775  -2.907148    -9.64319524
 -13.90779965  -4.31623535  -4.35375945  -3.57571064  -4.31637014
  -4.3103444  -13.96127386  -4.30715103  -3.63026299 -13.974915  ]
log likelihood =  -482.575585344
Edge derivatives =  [-0.012409214807127755, 0.019452208651813727, 0.00875112655681165, -0.0012938782679033773, -0.00013246979582622683, 0.015868899980022347, 0.0134112228491177, -0.00047529470583253935, 0.013416358321185231, 0.013933001081906989, -0.00012917411281766536, 0.014895909290847005, 0.00104012105263028, -0.0001286963878603407]
other derivatives: [-0.28226168  0.15961064 -0.05809966 -0.06839969 -0.01362537 -0.00223963]
Current x array =  [ -0.56443617  -0.87611602  -0.62081387   1.07006886  -2.0013006
  -6.81618337   1.25330189  -0.33785529  -2.89330617  -9.16445281
 -13.21449456  -4.33286816  -4.36897446  -3.59786469  -4.33037167
  -4.32522233 -13.26556292  -4.32287608  -3.61664616 -13.27919358]
log likelihood =  -482.574876652
Edge derivatives =  [-0.03956828518402511, 0.02446734466952627, -0.0018466966743401203, -0.0010137517846941601, -9.118872708462627e-05, 0.014599414602406408, 0.020836393563560845, 0.0008196514838351224, 0.012486112884464395, 0.012946290856814566, -8.881258738687994e-05, 0.013713214207939011, 0.004804264614504165, -8.848483230106568e-05]
other derivatives: [-0.12173018  0.11934276 -0.05962875 -0.06882033 -0.0233797  -0.00183604]
Current x array =  [ -0.56504101  -0.87571692  -0.62083936   1.07144079  -2.00495637
  -6.98926676   1.25777108  -0.33826389  -2.89007151  -9.42039332
 -13.58781625  -4.33156176  -4.37808777  -3.59800168  -4.32941413
  -4.32419912 -13.64018222  -4.32164169  -3.61853149 -13.65381674]
log likelihood =  -482.574324704
Edge derivatives =  [-0.03997703921800122, 0.035150835193624635, -0.009061497315508316, -0.0007924912994094081, -6.290832200859148e-05, 0.010951378428616279, 0.026676109100227406, 0.0050145576154229515, 0.009580395869055236, 0.0098579007042988, -6.119195447413538e-05, 0.010275300045546831, 0.009088686998459626, -6.0966573022559455e-05]
other derivatives: [-0.01513172  0.02313527  0.01020908 -0.05215952 -0.0007617  -0.00147224]
Current x array =  [ -0.5654358   -0.87484117  -0.621344     1.07074101  -2.01022766
  -7.16202253   1.26223989  -0.33946529  -2.88785407  -9.67542579
 -13.95905629  -4.32786425  -4.38510787  -3.59979057  -4.32647802
  -4.32106409 -14.01271146  -4.31814581  -3.62071666 -14.0263501 ]
log likelihood =  -482.574070286
Edge derivatives =  [-0.04752808751141879, 0.03827548965226982, -0.008130328636189232, -0.0007151727750658795, -5.4274263734632565e-05, 0.007243396777970156, 0.027111123326156155, 0.007978879136149385, 0.006542151055820122, 0.006630898114011189, -5.276261472971309e-05, 0.006775111855198062, 0.011358266688543277, -5.256870024741669e-05]
other derivatives: [ 0.06482423  0.00174509  0.01545004 -0.0227601   0.00606519 -0.0013813 ]
Current x array =  [ -0.56570988  -0.87466893  -0.62137627   1.06873462  -2.01287692
  -7.23116648   1.26415489  -0.3399809   -2.88792901  -9.77720958
 -14.10667249  -4.32402697  -4.38535045  -3.60125557  -4.32332357
  -4.31771655 -14.16083953  -4.31452014  -3.62178945 -14.17447986]
log likelihood =  -482.573782905
Edge derivatives =  [-0.022035973322484415, 0.04011421758627977, -0.009112700755239289, -0.0006442691429478952, -4.6517583862411796e-05, 0.0031566063713687996, 0.027289819773775512, 0.01161994512174249, 0.0031681579008600545, 0.0030700294866052857, -4.519412086928869e-05, 0.0029161281644369853, 0.012323528179753157, -4.5028193720640586e-05]
other derivatives: [ 0.05660468 -0.03175273  0.04888534  0.00121645  0.03557261 -0.00128466]
Current x array =  [ -0.56563897  -0.87443193  -0.62157642   1.06625067  -2.01490766
  -7.30326542   1.26408543  -0.33834321  -2.88754749  -9.88342238
 -14.26091266  -4.31984149  -4.38528157  -3.60310667  -4.31985978
  -4.31406433 -14.31561474  -4.31056949  -3.62222406 -14.3292565 ]
log likelihood =  -482.573445002
Edge derivatives =  [-0.046232798626048455, 0.028070685190197772, -0.0035214195081716415, -0.000564434798523934, -3.8784381298913443e-05, -0.00365129297760795, 0.02138591418592368, 0.0026059949800309665, -0.002623751266003161, -0.002984181875071216, -3.7647532693034865e-05, -0.003481430835879231, 0.01450147192065171, -3.750973420174776e-05]
other derivatives: [ 0.13087629 -0.10052759 -0.12861392  0.05263132  0.01541594 -0.00118234]
Current x array =  [ -0.56583286  -0.87383342  -0.6202918    1.06268802  -2.01557049
  -7.38837753   1.26381566  -0.33395559  -2.8888226  -10.00872125
 -14.44277261  -4.31281986  -4.37828084  -3.59862617  -4.31385655
  -4.3078225  -14.49810637  -4.30396265  -3.62314953 -14.5117498 ]
log likelihood =  -482.573004122
Edge derivatives =  [-0.012995212870205997, 0.01985099495598594, -0.0057342902558942255, -0.0005069164718880026, -3.301359781806621e-05, -0.006609558324123702, 0.020871080387627652, 0.002423998338521395, -0.005119451098159023, -0.0055599433958797816, -3.202721919740992e-05, -0.006278658334684509, 0.012960550576234076, -3.190983604580981e-05]
other derivatives: [ 0.11236807 -0.0152454  -0.0129603   0.05513243  0.03166747 -0.00114824]
Current x array =  [ -0.56572969  -0.87470367  -0.62108755   1.06162782  -2.01444464
  -7.46298919   1.26082002  -0.32860013  -2.88814792 -10.1190917
 -14.60386163  -4.30982312  -4.37766251  -3.59851317  -4.3113195
  -4.30519959 -14.65975522  -4.30114183  -3.62232975 -14.67339936]
log likelihood =  -482.57255609
Edge derivatives =  [0.02302233397286524, 0.00305673513317202, -0.011480919437420023, -0.00043026131114909925, -2.5720715962527035e-05, -0.008381105054986172, 0.020358260863625348, -0.0053787754199542265, -0.006721758807539512, -0.0071265423593980075, -2.493030690790074e-05, -0.007943501749663913, 0.009879056499344556, -2.4838556314723134e-05]
other derivatives: [-0.05895231 -0.01349463  0.04455387  0.02553975  0.03304308 -0.00106297]
Current x array =  [ -0.56508526  -0.87475992  -0.62146988   1.06307524  -2.01087468
  -7.57790731   1.25610378  -0.3197695   -2.88665722 -10.28959541
 -14.85360219  -4.30814987  -4.37770543  -3.59451325  -4.30981275
  -4.30373181 -14.9103652   -4.29958251  -3.62086836 -14.9240102 ]
log likelihood =  -482.572441454
Edge derivatives =  [0.03425039582444689, -0.0031328772002990474, -0.008393160946913225, -0.0003909730284491938, -2.249885579235206e-05, -0.009173408615412198, 0.0179627303773518, -0.015558811441041612, -0.007491258345575392, -0.007864373756353224, -2.179705707573387e-05, -0.008677118993541368, 0.009583287068432263, -2.1716833566297076e-05]
other derivatives: [ 0.03861373  0.059066    0.01855369 -0.00591172  0.02698926 -0.0010175 ]
Current x array =  [ -0.56542538  -0.87545513  -0.62129769   1.06545967  -2.00911107
  -7.63947642   1.25466573  -0.31677095  -2.88738003 -10.38099603
 -14.9874308   -4.30734726  -4.3753741   -3.58934748  -4.30903163
  -4.30298152 -15.04465999  -4.29883706  -3.62070025 -15.0583056 ]
log likelihood =  -482.572379064
Edge derivatives =  [-0.004650903307722665, -0.009599684580605089, -0.01277748766673592, -0.00035974355864994574, -1.978591482408387e-05, -0.008968394243536116, 0.019782171973896697, -0.016747177983315757, -0.007322020843706825, -0.007664090294622502, -1.916055914389554e-05, -0.008477472790189088, 0.009440606287200615, -1.9089949109965076e-05]
other derivatives: [-0.0469015   0.01609237  0.00380282 -0.00476348 -0.00937348 -0.00097771]
Current x array =  [ -0.56515651  -0.87498173  -0.62121336   1.0664045   -2.00870791
  -7.69883821   1.25571779  -0.31542165  -2.88624613 -10.46891032
 -15.11597142  -4.30761398  -4.37780152  -3.58865055  -4.309263
  -4.30324643 -15.17364788  -4.29909382  -3.62069349 -15.18729457]
log likelihood =  -482.572349128
Edge derivatives =  [-0.006728815536859889, -0.007392416298464502, -0.012033488542802284, -0.00034930793603822657, -1.8980765860356264e-05, -0.009218052063740004, 0.01998805232078688, -0.01654160009852544, -0.007520479427854054, -0.007878668449644924, -1.8378198341218377e-05, -0.0087109035810198, 0.009849361774683922, -1.831049879456467e-05]
other derivatives: [-0.0270802   0.00733849  0.00021032 -0.00599698 -0.00792397 -0.00093223]
Current x array =  [ -0.56523346  -0.8748969   -0.62119121   1.06663414  -2.00935452
  -7.71819291   1.2564801   -0.31605461  -2.88641894 -10.49747207
 -15.15751846  -4.30736841  -4.37803472  -3.58874656  -4.30906812
  -4.30303433 -15.21533919  -4.29886102  -3.6209026  -15.22898638]
log likelihood =  -482.572245377
Edge derivatives =  [-0.004123866804700338, -0.0011387126033064188, -0.008279662867394011, -0.0003100519532213069, -1.6058312165820307e-05, -0.009830930555103305, 0.020224946650085233, -0.01472497856744466, -0.008014248320392853, -0.008409415784723925, -1.5539513442114415e-05, -0.009284128655518632, 0.009813478994821066, -1.5482306708254617e-05]
other derivatives: [ 0.05005631 -0.03364562  0.00524665 -0.01429612  0.0017792  -0.00088676]
Current x array =  [ -0.56552219  -0.87450836  -0.6212432    1.0675039   -2.01100386
  -7.79595195   1.25829639  -0.31748213  -2.88736255 -10.61231221
 -15.32475292  -4.3067942   -4.37818186  -3.58971712  -4.3086117
  -4.30253606 -15.38315451  -4.29831593  -3.62091881 -15.39680336]
log likelihood =  -482.572138794
Edge derivatives =  [-0.004374497991371573, 0.004326917676997763, -0.0028240286614124033, -0.00024969444340229677, -1.1824080339800358e-05, -0.011374537709743993, 0.020256393729467585, -0.012828403074847776, -0.009285462573947034, -0.009753413981570539, -1.1429588138640105e-05, -0.010732282880453723, 0.009406558165972953, -1.1387547897200157e-05]
other derivatives: [ 0.06702408 -0.04341132  0.00246132 -0.02419824  0.00897558 -0.0007276 ]
Current x array =  [ -0.5656008   -0.87441863  -0.6212221    1.06858014  -2.01300963
  -7.93814439   1.26037217  -0.31813289  -2.88867102 -10.82240506
 -15.63087431  -4.30526362  -4.3780483   -3.59071183  -4.30734972
  -4.30119883 -15.69033939  -4.29686964  -3.62071079 -15.70399102]
log likelihood =  -482.572246585
Edge derivatives =  [-0.002499693778855727, -0.010064786883698273, -0.012259942255026357, -0.00015478764731513935, -5.792177435396218e-06, -0.007272193420212174, 0.027406115559140617, 0.007761322516996898, -0.005761423943575896, -0.006020868049513472, -5.585936827885722e-06, -0.006862771869077189, -0.001492355326484729, -5.56534010308374e-06]
other derivatives: [ 0.4264848  -0.14534294  0.01778062 -0.01596163 -0.00337081 -0.0005457 ]
Current x array =  [ -0.56683684  -0.87343534  -0.62143785   1.0685036   -2.01187646
  -8.26804133   1.25909697  -0.31190663  -2.88625943 -11.31069955
 -16.34440827  -4.30941072  -4.38562142  -3.60111381  -4.31092701
  -4.30497663 -16.40635384  -4.30078224  -3.61527231 -16.4200104 ]
log likelihood =  -482.572039005
Edge derivatives =  [-0.0036652026894012923, -0.0014861903376103686, -0.0066294719147314, -0.00020554366010183353, -8.84444827287965e-06, -0.009702554307646955, 0.023172375292612627, -0.004424431159244402, -0.007849296898863808, -0.00823234458840369, -8.54128599590004e-06, -0.009155248704843848, 0.0049811267158086855, -8.509838129501824e-06]
other derivatives: [ 0.21348683 -0.08487291  0.00872546 -0.0208388   0.00393356 -0.00063665]
Current x array =  [ -0.5661037   -0.87401857  -0.62130988   1.068549    -2.01254859
  -8.07236636   1.25985334  -0.31559967  -2.88768984 -11.0210727
 -15.92118295  -4.30695091  -4.3811295   -3.59494398  -4.30880518
  -4.30273587 -15.98165724  -4.29846152  -3.61849809 -15.99531087]
log likelihood =  -482.571818737
Edge derivatives =  [-0.0011175461524102204, 0.000878817661153386, -3.173235396447538e-06, -0.0001574450904775924, -6.063840878546957e-06, -0.009870871246710648, 0.022849044080623573, 0.0006569167477286364, -0.007973441341760121, -0.008374059365547856, -5.848054647947038e-06, -0.009307900198247072, 0.00204751872856581, -5.826541749704106e-06]
other derivatives: [ 0.16429453 -0.04448566 -0.03369678 -0.02532943  0.00986802 -0.00055138]
Current x array =  [ -0.56592689  -0.87441513  -0.62098316   1.06893358  -2.01384937
  -8.24741882   1.2607773   -0.31523126  -2.88925581 -11.27985912
 -16.29859658  -4.30671035  -4.38029267  -3.59757696  -4.30860838
  -4.30252616 -16.3603823   -4.29823289  -3.61693081 -16.37403898]
log likelihood =  -482.571463409
Edge derivatives =  [0.0075030493972845225, -0.0051093180128666815, 0.01592181934442405, -8.075996776904096e-05, -2.3535125375041697e-06, -0.010626819963831007, 0.0186153304464643, 0.006419748250220611, -0.008700948417052358, -0.009084555411788143, -2.262088769481483e-06, -0.010011408495727094, -0.007076169683446952, -2.2537524975783984e-06]
other derivatives: [ 0.02979732  0.00499085 -0.01509761 -0.0261025   0.01276703 -0.00035243]
Current x array =  [ -0.56543722  -0.87490215  -0.62108194   1.06891259  -2.01454813
  -8.68605958   1.26035898  -0.310513    -2.8932588  -11.92853716
 -17.24507555  -4.30590342  -4.37450789  -3.60087375  -4.30782843
  -4.30176738 -17.31015096  -4.29748026  -3.61226782 -17.32381467]
log likelihood =  -482.571325312
Edge derivatives =  [-0.0003768139116580027, -0.008715871709874715, 0.02044382179011095, -6.52331265696689e-05, -1.7366020680903186e-06, -0.007448334988297625, 0.016804727110669188, 0.01001065756479113, -0.006098042414174457, -0.006328777434460323, -1.6674283899131387e-06, -0.007015908512345161, -0.012188294907152362, -1.6612723529180854e-06]
other derivatives: [-0.02389697  0.03437322  0.00268301 -0.02242473  0.00252953 -0.00029559]
Current x array =  [ -0.56525062  -0.87515439  -0.62121121   1.06871525  -2.01372488
  -8.82656272   1.25970108  -0.30967758  -2.89443676 -12.13652722
 -17.54901668  -4.30905735  -4.37200883  -3.60288946  -4.31041301
  -4.3045056  -17.61514903  -4.30045844  -3.6096871  -17.62881478]
log likelihood =  -482.571204165
Edge derivatives =  [0.009405941019281938, -0.011893201201734635, 0.025226348059841697, -5.612099788818685e-05, -1.4052732073502566e-06, -0.0032153563029848446, 0.012409470382811719, 0.009670980784382811, -0.00266929308406353, -0.002701241394264829, -1.3483215778429732e-06, -0.0030229061178824214, -0.016976242421466274, -1.3433339967015847e-06]
other derivatives: [-0.06623395  0.01789999 -0.03919922 -0.02049774  0.00454179 -0.00027853]
Current x array =  [ -0.56507234  -0.87500146  -0.6209047    1.06806952  -2.011955
  -8.92413216   1.25763201  -0.30918206  -2.89573885 -12.28114125
 -17.7606847   -4.31327205  -4.36660174  -3.60300437  -4.3138266   -4.308128
 -17.82755363  -4.30443932  -3.60727392 -17.84122045]
log likelihood =  -482.571140106
Edge derivatives =  [-0.026701871925524978, -0.013454913432955795, 0.02726998266593894, -4.98230763295491e-05, -1.18460396163736e-06, 0.001718635268241231, 0.006804408755346141, 0.006486638525700653, 0.0013380296846736278, 0.0015363022151848316, -1.1360539856660716e-06, 0.001617979820966016, -0.01884275777539473, -1.1318367047246905e-06]
other derivatives: [-0.06678533  0.06047571  0.10685426  0.00077875 -0.02396519 -0.00025011]
Current x array =  [ -0.56511861  -0.87532093  -0.62198516   1.066984    -2.01061111
  -9.00288109   1.25763764  -0.31166388  -2.89638361 -12.39783638
 -17.93144859  -4.31827096  -4.3600351   -3.601715    -4.31789485
  -4.31241706 -17.9989119   -4.30915723  -3.60639332 -18.01257981]
log likelihood =  -482.571038291
Edge derivatives =  [-0.017172392478144394, -0.011562535124939544, 0.025800564015526994, -5.258815062456063e-05, -1.2786275632493543e-06, 0.0011848204138193291, 0.005962199887610355, 0.0036080663958783857, 0.0008845241034274066, 0.0010490362637629591, -1.2265082835706498e-06, 0.001120658338410966, -0.016859289972744204, -1.2219609297804722e-06]
other derivatives: [-0.03519176  0.02335128  0.02219167 -0.00055707 -0.01483045 -0.00023874]
Current x array =  [ -0.56520642  -0.8749989   -0.62136943   1.06682875  -2.0107287
  -8.96754987   1.25746403  -0.31222556  -2.89599326 -12.34555093
 -17.85506359  -4.31770226  -4.35918559  -3.60022564  -4.31740717
  -4.31190337 -17.92226139  -4.30862097  -3.60735331 -17.93592874]
log likelihood =  -482.570970372
Edge derivatives =  [-0.012487187547504774, -0.007126118758467567, 0.022127865342184028, -5.628032271903926e-05, -1.4025072492504474e-06, 0.0007549877628614289, 0.004257187951017847, -0.0013776319824148758, 0.0005083891978127156, 0.0006410728027912149, -1.3457658019164429e-06, 0.0007187947892968241, -0.013027437494628098, -1.3407810386190773e-06]
other derivatives: [ 0.00689511 -0.01863896 -0.02110028  0.00185878 -0.0058435  -0.00027285]
Current x array =  [ -0.565346    -0.8746228   -0.62105514   1.06647599  -2.01119997
  -8.92482806   1.25785752  -0.31410077  -2.89505889 -12.28229366
 -17.76257926  -4.31726116  -4.35747775  -3.59769094  -4.31702021
  -4.31148758 -17.82945557  -4.30820423  -3.60926594 -17.8431224 ]
log likelihood =  -482.570928982
Edge derivatives =  [-0.0048485902545365445, -0.003430198506951143, 0.020201422152227866, -5.2370614115829494e-05, -1.2581277713511766e-06, 0.0008447284753532874, 0.0020828505946353867, -0.004008695608618086, 0.0005561559788606549, 0.0006906977923169834, -1.206790283895631e-06, 0.0008057770710430956, -0.011285052753343239, -1.2023215122117491e-06]
other derivatives: [ 0.04878871 -0.02492584 -0.02187903  0.00259206  0.0045361  -0.00027285]
Current x array =  [ -0.56548969  -0.87458357  -0.62104525   1.06623251  -2.01174367
  -8.97523651   1.25814326  -0.31525061  -2.89456582 -12.3567958
 -17.87118619  -4.31733854  -4.35505303  -3.59642035  -4.31705534
  -4.3115235  -17.93844003  -4.30827757  -3.61012692 -17.9521078 ]
log likelihood =  -482.570859657
Edge derivatives =  [0.002783090111592612, 0.0015016945009550114, 0.01097505689967282, -4.2683620532742565e-05, -9.17893744507681e-07, 0.0012082065908258326, -0.00044681644330386155, -0.006136006774483206, 0.0008336620971123414, 0.0009817597890017377, -8.795282831797876e-07, 0.0011503207951172358, -0.008289056099618955, -8.762689846364334e-07]
other derivatives: [ 0.04519052 -0.06508571  0.00156888  0.00502496  0.01723492 -0.000216  ]
Current x array =  [ -0.56547807  -0.87422624  -0.62120195   1.06585965  -2.01268181
  -9.12140518   1.25876305  -0.31662317  -2.8922267  -12.57291079
 -18.18645076  -4.31772871  -4.35231787  -3.59543569  -4.31735889
  -4.31183804 -18.25480045  -4.30864591  -3.61165905 -18.26847086]
log likelihood =  -482.570816526
Edge derivatives =  [-0.0004260652994634295, 0.002961419910616006, -5.678321381807905e-05, -2.8111942225095027e-05, -4.89618261979453e-07, 0.0014386397829065853, -0.004635709474682559, -0.007683156068446821, 0.000999440146376221, 0.0011578029013349436, -4.681583695835483e-07, 0.0013754831927252978, -0.005026027212408815, -4.664252296738146e-07]
other derivatives: [ 0.14554757  0.03599894 -0.02499974  0.01065246  0.01758735 -0.00017053]
Current x array =  [ -0.56582729  -0.87521498  -0.62100017   1.06549766  -2.01348363
  -9.41263154   1.25935284  -0.31706894  -2.88927553 -13.00353076
 -18.81469943  -4.31782331  -4.34750896  -3.59469911  -4.31738832
  -4.31187698 -18.88523291  -4.30873806  -3.61315262 -18.89890834]
log likelihood =  -482.570750619
Edge derivatives =  [0.0006222314220369896, 0.0021116681847850455, -0.003478644924091112, -2.6676752244039317e-05, -4.5077111858724036e-07, 0.0009196704482874601, -0.003720839485588257, -0.00620879345945391, 0.0005779448460997393, 0.000717061736280316, -4.3089158806065514e-07, 0.0008838240865012108, -0.004914054927457265, -4.29294573198207e-07]
other derivatives: [ 0.02204956  0.00925979 -0.00189857  0.00766818  0.01750777 -0.00014779]
Current x array =  [ -0.56539624  -0.87495907  -0.62114857   1.0656804   -2.01349675
  -9.4509651    1.25925841  -0.31625955  -2.88842679 -13.06021383
 -18.89741735  -4.31735051  -4.3486079   -3.59544053  -4.31701381
  -4.31148344 -18.96823829  -4.30829223  -3.61326087 -18.98191436]
log likelihood =  -482.57072176
Edge derivatives =  [0.002076600599428602, -0.0007812016877010719, -0.004464622797761941, -2.28237774293932e-05, -3.583918692763817e-07, 0.00042526059762539384, -0.0031031726470478055, -0.00310010835522416, 0.0001717436133395478, 0.00030069091409411913, -3.42312620720095e-07, 0.0004180372950465805, -0.006468599520835082, -3.4104289439757805e-07]
other derivatives: [-0.0184798   0.00698606  0.01004423  0.00496811  0.01559215 -0.00014779]
Current x array =  [ -0.56525184  -0.87493757  -0.62123049   1.06593119  -2.01345595
  -9.55723129   1.25904878  -0.31452889  -2.88818357 -13.21737192
 -19.12677213  -4.31687066  -4.34919034  -3.59704176  -4.31662282
  -4.31108169 -19.1983902   -4.30784098  -3.61249573 -19.21206798]
log likelihood =  -482.570701587
Edge derivatives =  [-0.0003016004962170804, -0.004817703475529428, -0.008034081874352839, -1.674400777614527e-05, -2.2669720809380855e-07, 0.00025150955070127323, -0.0031722889793034843, 0.0011106083922928084, 2.760618294244538e-05, 0.00016353097176942735, -2.1618635545506445e-07, 0.0002563892943802555, -0.008109418960517797, -2.1538354468565242e-07]
other derivatives: [-0.01389822 -0.00028422  0.01832063  0.00397335  0.0098396  -0.00013074]
Current x array =  [ -0.56526705  -0.87486461  -0.6212978    1.06619693  -2.01341447
  -9.76943471   1.25897173  -0.3124887   -2.88729563 -13.53120462
 -19.58478161  -4.31671236  -4.34892013  -3.59925798  -4.31649434
  -4.31095891 -19.65799164  -4.30769382  -3.61168728 -19.6716729 ]
log likelihood =  -482.570860042
Edge derivatives =  [-0.03777596834048458, -0.009431033858909435, -0.01147689823937803, -8.270425806022442e-06, -8.06012037628787e-08, -0.0025208623174237457, -0.007294557270836909, 0.0015652028636219187, -0.002293304504140198, -0.002295386582704482, -7.658103538173425e-08, -0.0023482570509397067, -0.0035542005410364175, -7.629660095032049e-08]
other derivatives: [ -2.26594921e-01   7.01788849e-02  -1.07633014e-01   4.00177669e-03
  -2.31352715e-02  -9.09494702e-05]
Current x array =  [ -0.56453367  -0.87550803  -0.62035459   1.06696339  -2.01368826
 -10.24904677   1.26015543  -0.3113674   -2.88631336 -14.24020992
 -20.61885706  -4.3138168   -4.34405681  -3.59961475  -4.31405218
  -4.30839368 -20.69566098  -4.30496451  -3.61385387 -20.70935055]
log likelihood =  -482.570696616
Edge derivatives =  [-0.005910196322690187, -0.005503918482179626, -0.008546215012513625, -1.5067956668623287e-05, -1.942199322452377e-07, -0.0001623657800917805, -0.003787194244302263, 0.0011790477549078124, -0.0003189096771100408, -0.00020359616206892112, -1.851127349329426e-07, -0.0001324620985983238, -0.0074272871966740775, -1.8442529882671052e-07]
other derivatives: [-0.0456339   0.01025455 -0.00046043  0.00400178  0.00492832 -0.00011369]
Current x array =  [ -0.56515739  -0.87496082  -0.62115677   1.06631153  -2.01345541
  -9.84114863   1.25914873  -0.31232104  -2.88714876 -13.63721853
 -19.73940159  -4.31627941  -4.34819294  -3.59931133  -4.31612918
  -4.31057535 -19.813149    -4.30728572  -3.61201124 -19.8268315 ]
log likelihood =  -482.570687751
Edge derivatives =  [-0.00911206152610311, -0.0061098610347098264, -0.008644179565515997, -1.3735494605945254e-05, -1.696752029724819e-07, -0.0002873453084649008, -0.004127581252602878, 0.0017075257341233607, -0.00042341475144841434, -0.00031382246673510375, -1.6164315265221202e-07, -0.0002497407506792289, -0.007161135010126399, -1.6104275181587973e-07]
other derivatives: [-0.02321485  0.00742943 -0.00364935  0.00370051  0.00175646 -0.00011369]
Current x array =  [ -0.56523912  -0.87492807  -0.62114167   1.06645046  -2.01342006
  -9.903787     1.25927281  -0.31220377  -2.88713483 -13.72983032
 -19.8745086   -4.31615701  -4.34775953  -3.59961351  -4.31602738
  -4.31046736 -19.94872559  -4.30717024  -3.61214856 -19.96240916]
log likelihood =  -482.570673149
Edge derivatives =  [-0.017208513615138532, -0.006632501537787758, -0.007682030965029951, -1.0192443567696731e-05, -1.1002319018744179e-07, -0.0009536671403166212, -0.005608088796899894, 0.0024702024980741075, -0.0009820861880073667, -0.0009071191843546128, -1.0465613176788082e-07, -0.0008767222547843671, -0.005453983754532578, -1.0426715232792343e-07]
other derivatives: [  2.21007213e-02  -1.32445166e-03  -1.48759227e-02   7.56017471e-04
  -5.52518031e-03  -9.66338121e-05]
Current x array =  [ -0.56540848  -0.87482872  -0.62107775   1.06696569  -2.01339956
 -10.10469567   1.25972793  -0.31229561  -2.88741616 -14.02683986
 -20.30772473  -4.3154995   -4.34595813  -3.60011942  -4.31547808
  -4.30988247 -20.38344736  -4.30654932  -3.61301985 -20.39713443]
log likelihood =  -482.570665607
Edge derivatives =  [-0.01428303957785304, -0.005591732225834825, -0.005930641915835033, -9.601550222999773e-06, -1.01149450218711e-07, -0.0012463753768655744, -0.0059416833714845615, 0.0022706007817637694, -0.0012243279191510095, -0.001166549826196392, -9.618621004800118e-08, -0.0011535953563652362, -0.004613187798795673, -9.58286385442393e-08]
other derivatives: [  2.59376520e-02  -2.43289833e-03  -1.02659214e-02  -2.48974175e-03
  -2.79101187e-03  -7.38964445e-05]
Current x array =  [ -0.56542389  -0.87481852  -0.62111123   1.06715959  -2.01339878
 -10.14374014   1.25973571  -0.31260584  -2.88787482 -14.0845365
 -20.39183556  -4.31521411  -4.34556049  -3.60004773  -4.31524337
  -4.30962973 -20.46785048  -4.30627922  -3.61345201 -20.48153825]
log likelihood =  -482.570655569
Edge derivatives =  [-0.0009141726737198486, -0.001013306002432962, 0.0018797084234718486, -1.1078090921045364e-05, -1.263302398106282e-07, -0.0021285939917148333, -0.004389994730275969, 0.0002186140513225701, -0.0019126892404270311, -0.0019284448483616462, -1.202169280238962e-07, -0.001992519501583946, -0.0009327192956418498, -1.1977006886609696e-07]
other derivatives: [  1.53306701e-02  -3.35205641e-02  -2.19642970e-02  -1.06751941e-02
   9.84528015e-03  -9.09494702e-05]
Current x array =  [ -0.5653816   -0.87452831  -0.62102409   1.06736324  -2.01291651
 -10.04095032   1.25922119  -0.31459525  -2.88988942 -13.9324039
 -20.16962607  -4.31435852  -4.34742111  -3.59893897  -4.3145823
  -4.30889727 -20.24486838  -4.30546586  -3.61534094 -20.25855461]
log likelihood =  -482.570642424
Edge derivatives =  [-0.0017291547120914519, -0.0005334984574946744, 0.004534951777034446, -9.734424504578359e-06, -1.0507413053057252e-07, -0.001864213520360019, -0.004530870096829429, 0.0007091896870857761, -0.0016719746678977854, -0.0016869124654125094, -9.992658697072584e-08, -0.001752246875100949, 0.0003664127395289485, -9.955476364627445e-08]
other derivatives: [  1.35230493e-02   2.24019914e-02   4.29508873e-02  -8.44124770e-03
   8.98126018e-03  -7.95807864e-05]
Current x array =  [ -0.5653862   -0.8750462   -0.6214894    1.06709853  -2.01246414
 -10.12636356   1.25881939  -0.31526429  -2.89055531 -14.05867803
 -20.35384198  -4.31461331  -4.34718342  -3.59920179  -4.31481339
  -4.30912371 -20.42972457  -4.30570353  -3.61598694 -20.44341227]
log likelihood =  -482.570624559
Edge derivatives =  [-0.0034993831172709378, -0.002449547336742644, 0.001819570584856267, -8.806756824739255e-06, -9.036522184620362e-08, -0.001810053038259967, -0.004100558801549515, 0.002481223736935788, -0.0016159317205366557, -0.0016288031030355088, -8.589347170072754e-08, -0.0016997741157597675, -5.779224646298292e-05, -8.557377798287932e-08]
other derivatives: [  5.67297320e-03   7.16227078e-03   2.10036433e-02  -6.67341737e-03
   5.96287464e-03  -7.95807864e-05]
Current x array =  [ -0.5653517   -0.87490291  -0.62133252   1.0670147   -2.01234652
 -10.19620993   1.2586724   -0.31450572  -2.88986193 -14.16198641
 -20.50464187  -4.31466531  -4.34761875  -3.6000994   -4.3148673
  -4.3091824  -20.58104862  -4.30575302  -3.61577087 -20.59473746]
log likelihood =  -482.570603525
Edge derivatives =  [-0.004935961828655744, -0.004749061720876607, 0.0001621380174919862, -6.826587487157269e-06, -6.214297429847494e-08, -0.0016377131694920721, -0.002939669737036077, 0.005735698700608756, -0.0014219605322237684, -0.001448275855279367, -5.8990576496681405e-08, -0.0015413913943699911, 0.0010157858173330953, -5.877078298819581e-08]
other derivatives: [ -2.04067874e-03  -2.09183781e-03  -1.76783033e-03  -3.17754711e-03
   2.01225703e-03  -6.82121026e-05]
Current x array =  [ -0.56531368  -0.87481131  -0.62117173   1.06668629  -2.01162153
 -10.36972596   1.25796721  -0.31412302  -2.88943637 -14.41856292
 -20.87905853  -4.31482807  -4.34880085  -3.6017382   -4.31505182
  -4.30935766 -20.95676663  -4.30590377  -3.61630512 -20.97045841]
log likelihood =  -482.570586716
Edge derivatives =  [-0.008430396134497586, -0.005297826945430184, 0.0002888233975686383, -5.227986242052284e-06, -4.2110429537816065e-08, -0.0008830981562466429, -0.0021004433519570785, 0.007894163154280182, -0.000737051214353867, -0.0007642142881031967, -3.9920268941475555e-08, -0.0008396826151497311, 0.0032317516117485595, -3.9771249555464125e-08]
other derivatives: [ -1.95655048e-02  -1.39152689e-02   5.70707925e-03   1.90425453e-03
  -2.26805241e-03  -5.11590770e-05]
Current x array =  [ -0.56524981  -0.87468141  -0.62123082   1.0661776   -2.0105161
 -10.55009433   1.25712061  -0.3150969   -2.88949534 -14.68525215
 -21.26821228  -4.31559689  -4.34965452  -3.60284806  -4.31575078
  -4.31005817 -21.34727299  -4.30662389  -3.61744202 -21.36096787]
log likelihood =  -482.570590458
Edge derivatives =  [0.004538420485690198, -0.002837977140081105, 0.001686904099213904, -3.785724656515139e-06, -2.635864539324358e-08, 0.0004275190932868829, -0.0006411944611943096, 0.00917552179153961, 0.0004646718301522905, 0.00042350140372679826, -2.4946516853019127e-08, 0.00038505088840548943, 0.007639234890978189, -2.4853331022885014e-08]
other derivatives: [  4.16889634e-02   2.69437805e-02  -5.69741587e-02   6.34940989e-03
   7.21911420e-03  -3.97903932e-05]
Current x array =  [ -0.56543291  -0.87508777  -0.62077549   1.0651217   -2.0087966
 -10.76724504   1.25516577  -0.31760969  -2.8897751  -15.00628834
 -21.73662728  -4.31681634  -4.35118336  -3.60337727  -4.31686092
  -4.31116367 -21.81731606  -4.3077653   -3.61957613 -21.83101475]
log likelihood =  -482.570576341
Edge derivatives =  [-0.0024276180363049793, -0.004157593461008524, 0.000937037771706617, -4.501943871878221e-06, -3.389559516991831e-08, -0.0002757313262982432, -0.001424160955309891, 0.008487931238162369, -0.0001801581650015295, -0.00021381695939635265, -3.210812568948631e-08, -0.0002721240213019033, 0.005274647352181534, -3.198823133673005e-08]
other derivatives: [  8.81641427e-03   5.00790520e-03  -2.33171704e-02   3.96767064e-03
   2.11457518e-03  -5.11590770e-05]
Current x array =  [ -0.56533462  -0.87486964  -0.62101991   1.06568851  -2.00971962
 -10.65067923   1.25621512  -0.31626083  -2.88962492 -14.83395714
 -21.48518361  -4.31616174  -4.35036269  -3.60309319  -4.316265
  -4.31057024 -21.56499845  -4.3071526   -3.61843055 -21.57869509]
log likelihood =  -482.570568914
Edge derivatives =  [-0.0021876127181337246, -0.0028401696273303023, 0.002216022321143485, -4.162388303772767e-06, -3.029462808068985e-08, 0.0002796254715055971, -0.0013208016777968672, 0.008130900127639687, 0.00030447833515491116, 0.00027579085095503705, -2.8685946818470952e-08, 0.00024529871390210553, 0.00662670676065695, -2.8578727893690503e-08]
other derivatives: [  2.02931005e-03   3.11501935e-03  -6.25846042e-03   5.33191269e-03
   2.69437805e-03  -2.84217094e-05]
Current x array =  [ -0.56531304  -0.87484229  -0.62114373   1.06543962  -2.00911312
 -10.70276217   1.25577078  -0.31749646  -2.88997042 -14.91094768
 -21.59750828  -4.31673118  -4.3504886   -3.60291819  -4.31676338
  -4.31107354 -21.67771353  -4.3076868   -3.6191298  -21.69141112]
log likelihood =  -482.57056391
Edge derivatives =  [0.0008189547002031006, -0.0011168554165189443, 0.0027973194223704922, -4.592410138481528e-06, -3.499851158702295e-08, 0.0006579740792338473, -0.001335605055329564, 0.006260902704545712, 0.0006140850825955557, 0.0005998014822921165, -3.315700573046242e-08, 0.000600075065094248, 0.006465797723384306, -3.30330523784761e-08]
other derivatives: [  5.53086466e-03  -2.67732503e-03   1.21758603e-02   4.17799129e-03
   6.02540240e-03  -5.68434189e-05]
Current x array =  [ -0.56532844  -0.87478682  -0.62127651   1.06539712  -2.00889621
 -10.63586806   1.25560503  -0.31841471  -2.89013377 -14.81202969
 -21.45318255  -4.31712885  -4.35058347  -3.60195134  -4.3170919
  -4.31141507 -21.5328862   -4.30806166  -3.61906761 -21.54658268]
log likelihood =  -482.570558286
Edge derivatives =  [-0.0023775796111065173, 0.0004235168353513702, 0.00302654681188963, -4.332092316699344e-06, -3.215441318272532e-08, 0.0011084975943728495, -0.002090078004302668, 0.00415913614083447, 0.000987314003384327, 0.0009810992552937194, -3.045360287688325e-08, 0.0010231024799626648, 0.006806307300758166, -3.033969054829575e-08]
other derivatives: [ -2.85183432e-02   1.13743681e-02   9.76569936e-03   2.15436557e-03
   3.62092578e-03  -4.54747351e-05]
Current x array =  [ -0.5652149   -0.87491202  -0.62125229   1.06548335  -2.008377
 -10.67518333   1.25540016  -0.31974309  -2.89018989 -14.87013775
 -21.53793362  -4.31757719  -4.34981465  -3.60088586  -4.31746243
  -4.31179538 -21.61793187  -4.30848424  -3.61923525 -21.63162907]
log likelihood =  -482.570549844
Edge derivatives =  [-0.0032624020056186698, 0.0007075036660082051, 0.0011550110211535625, -3.977097493013125e-06, -2.8293756829492764e-08, 0.0015681369108526827, -0.0025322374854544853, 0.003032821370773181, 0.0013667941333568231, 0.001377437179023569, -2.678572948254856e-08, 0.0014565826570901684, 0.00631326918098668, -2.6685477922199756e-08]
other derivatives: [  3.65503183e-03   4.93400876e-03   7.53743734e-03   9.89075488e-04
   1.99520400e-03  -4.54747351e-05]
Current x array =  [ -0.5653293   -0.87484718  -0.62124362   1.06554796  -2.00787709
 -10.73445146   1.25514162  -0.32040436  -2.88973032 -14.95777832
 -21.66583193  -4.31804772  -4.34938083  -3.60032462  -4.3178522
  -4.3122021  -21.74627478  -4.30892881  -3.61899536 -21.75997301]
log likelihood =  -482.570543342
Edge derivatives =  [-0.003959385446956842, 0.0002947975492314653, -0.0014830873867882621, -3.5329125159352424e-06, -2.3698306937738823e-08, 0.001688017082500829, -0.002912452887659865, 0.002411844668921477, 0.0014608506953252727, 0.0014778456678000915, -2.2421639310777978e-08, 0.0015716657187843965, 0.005420518343034121, -2.233767532625323e-08]
other derivatives: [  1.23066002e-02  -3.30260264e-03  -5.80371307e-03  -1.90993887e-03
  -1.70530257e-04  -2.84217094e-05]
Current x array =  [ -0.56535925  -0.87476863  -0.62115001   1.06576977  -2.00748147
 -10.81659018   1.25493114  -0.32052362  -2.88906995 -15.07923626
 -21.84306499  -4.31817531  -4.34900767  -3.60002007  -4.31795377
  -4.31231128 -21.92412388  -4.30905092  -3.61855098 -21.9378235 ]
log likelihood =  -482.570539235
Edge derivatives =  [0.0005536149677844993, 0.00019743379667767902, -0.002952615316559659, -3.4553196247259663e-06, -2.2883518035414388e-08, 0.0015952355413477518, -0.0027421571059837516, 0.0022022106131029534, 0.0013803283298893555, 0.001397917158928015, -2.164816136445513e-08, 0.0014857467715334305, 0.004469585222825909, -2.1567081911781496e-08]
other derivatives: [  3.05249159e-03  -7.31574801e-03  -9.89643922e-03  -3.89377419e-03
   2.72848411e-03  -5.11590770e-05]
Current x array =  [ -0.56532176  -0.87474004  -0.62111543   1.06580451  -2.00738596
 -10.8327926    1.25468823  -0.32028292  -2.8886926  -15.10320142
 -21.87805128  -4.31808384  -4.34924496  -3.59989599  -4.31787466
  -4.31223349 -21.95923178  -4.30896627  -3.61807166 -21.97293165]
log likelihood =  -482.570537059
Edge derivatives =  [0.010438893613493594, -0.0010622694515061287, -0.009280828708581157, -2.5312464753030406e-06, -1.4374333328212921e-08, 0.0016338181195642634, -0.002110076922542427, 0.001626324241329677, 0.001423734371728113, 0.0014447125307990721, -1.3576610935662924e-08, 0.0015234323187930492, 0.0014874126497260096, -1.3525666119298116e-08]
other derivatives: [ -1.92244443e-02  -1.18973276e-02  -1.71610282e-02  -8.62314664e-03
   5.97424332e-03  -3.41060513e-05]
Current x array =  [ -0.56522891  -0.87471365  -0.62105138   1.06576268  -2.00609801
 -11.04826596   1.25326725  -0.32016652  -2.88708244 -15.42182044
 -22.34301411  -4.31812917  -4.35011536  -3.59954504  -4.31792486
  -4.31229022 -22.42581075  -4.30901407  -3.61657321 -22.43951425]
log likelihood =  -482.570528958
Edge derivatives =  [-0.00012364178684642901, -0.0022773330175164946, -0.007055218196184709, -2.7441714976104623e-06, -1.6235953237965862e-08, 0.0013054519122415592, -0.0021154829881513924, 0.0016640406623712675, 0.00114263024046651, 0.0011568614140475102, -1.534132636923888e-08, 0.0012134283902555526, 0.0016354931930605277, -1.528378605915827e-08]
other derivatives: [ -8.81072992e-04   7.79891707e-03   2.09183781e-03  -4.07567313e-03
  -2.17710294e-03  -3.41060513e-05]
Current x array =  [ -0.56530504  -0.87488408  -0.62119881   1.06571877  -2.0063654
 -10.99183721   1.25378377  -0.3199146   -2.8876394  -15.33837458
 -22.22122935  -4.31779173  -4.35007121  -3.59956429  -4.31763506
  -4.31199075 -22.30360266  -4.30869604  -3.61664008 -22.3173052 ]
log likelihood =  -482.570524335
Edge derivatives =  [-0.0011092603957625347, -0.0019057538929201229, -0.004733507068652831, -2.746444277494392e-06, -1.6319935984302785e-08, 0.0013550836613374709, -0.0016795527786081892, 0.001720599210638496, 0.001199637232667427, 0.0012057161162834194, -1.5420736581421796e-08, 0.001257250049963899, 0.002512544099431885, -1.536288832217189e-08]
other derivatives: [ -3.81419341e-03   5.91171556e-03   4.63842298e-03  -8.86757334e-04
  -2.37605491e-03  -1.70530257e-05]
Current x array =  [ -0.56529369  -0.87486109  -0.62121801   1.06542446  -2.00615961
 -10.98947482   1.25361018  -0.32042635  -2.88823115 -15.3348618
 -22.21608181  -4.31783913  -4.35054305  -3.59957797  -4.31768988
  -4.31203818 -22.2984372   -4.30873918  -3.61708222 -22.31213974]
log likelihood =  -482.570515942
Edge derivatives =  [-0.0031008544360491275, -0.001188069222384347, 0.0008531410973949827, -2.621487429843407e-06, -1.5399182772371767e-08, 0.0004166196967752521, -0.001663164040411988, 0.0002863269640314206, 0.0004051288726762692, 0.0003758837459448619, -1.4547100313057359e-08, 0.0003763031802116214, 0.0019950473555417, -1.4492533958630256e-08]
other derivatives: [  5.83213478e-03   3.95630195e-03  -5.69002623e-03  -1.64845915e-03
  -3.42765816e-03  -2.27373675e-05]
Current x array =  [ -0.56533037  -0.87483846  -0.62114624   1.06551628  -2.00612371
 -11.01651288   1.2537321   -0.32093517  -2.88965677 -15.37477623
 -22.27419761  -4.31689268  -4.35056549  -3.59884438  -4.31688836
  -4.31120212 -22.35675489  -4.30785006  -3.61681794 -22.37045794]
log likelihood =  -482.570510043
Edge derivatives =  [-0.0009145983151961357, -0.0015015998325428187, 0.0012231275846563694, -2.2364791938660466e-06, -1.222133880153888e-08, -0.00013249164771421754, -0.0012108108836653593, -0.00029543861374378005, -5.766952366323408e-05, -0.00010164841621541909, -1.1535666500619331e-08, -0.0001392029323173498, 0.0003165031487532069, -1.1492354256025505e-08]
other derivatives: [ -3.13207238e-03  -1.54045665e-03   5.43991518e-03  -1.24487087e-03
  -2.73985279e-03  -2.84217094e-05]
Current x array =  [ -0.56529651  -0.87478917  -0.62122296   1.06535398  -2.0056831
 -11.12368623   1.25326818  -0.32105441  -2.88975952 -15.53322072
 -22.5053537   -4.31635107  -4.35113312  -3.59852574  -4.31643353
  -4.31073266 -22.58871438  -4.30734418  -3.61598252 -22.60241927]
log likelihood =  -482.570506637
Edge derivatives =  [0.00639262721202738, -0.0013452824490297333, 0.0006084380557963565, -1.6608705848432887e-06, -7.908689930917884e-09, -0.0005790283821383857, -0.000496851931473169, -0.001088744268961904, -0.0004213965022492952, -0.0004829862809241532, -7.453565045266052e-09, -0.0005573770873919422, -0.001645738416202018, -7.425541473393265e-09]
other derivatives: [ -1.89288585e-03   2.47837306e-03  -1.47792889e-04  -1.80193638e-03
   1.17665877e-03  -3.41060513e-05]
Current x array =  [ -0.5652895   -0.87484005  -0.62117481   1.06504839  -2.00475686
 -11.32545633   1.2522253   -0.32162685  -2.88959194 -15.83152716
 -22.9405806   -4.31589185  -4.35201733  -3.59806284  -4.31605752
  -4.31034152 -23.02545397  -4.30691719  -3.61498354 -23.03916231]
log likelihood =  -482.570506544
Edge derivatives =  [0.003964479774556384, -0.0014621383828440637, -0.00037633435213701993, -1.2711863182203973e-06, -5.344789826322217e-09, -0.0006555994318999218, -0.00019804914762226386, -0.001492506948120656, -0.00048438705741034663, -0.0005483192078180807, -5.030339178924186e-09, -0.0006283839980725445, -0.002644917691038938, -5.011395067699433e-09]
other derivatives: [ -1.41028522e-02  -1.48020263e-02   6.40625331e-03  -7.38964445e-05
  -1.87583282e-03  -2.27373675e-05]
Current x array =  [ -0.56524731  -0.87466846  -0.62122308   1.06483277  -2.00397624
 -11.50711354   1.25169713  -0.32241429  -2.88936775 -16.10010513
 -23.33244515  -4.31583498  -4.35241356  -3.59785447  -4.3160143
  -4.3102972  -23.41868053  -4.30686812  -3.6145038  -23.43239199]
  status: 0
 success: True
    nfev: 127
     fun: 482.5705065444153
       x: array([ -0.56524731,  -0.87466846,  -0.62122308,   1.06483277,
        -2.00397624, -11.50711354,   1.25169713,  -0.32241429,
        -2.88936775, -16.10010513, -23.33244515,  -4.31583498,
        -4.35241356,  -3.59785447,  -4.3160143 ,  -4.3102972 ,
       -23.41868053,  -4.30686812,  -3.6145038 , -23.43239199])
 message: 'CONVERGENCE: REL_REDUCTION_OF_F_<=_FACTR*EPSMCH'
     jac: array([  1.41028522e-02,   1.48020263e-02,  -6.40625331e-03,
         7.38964445e-05,   1.87583282e-03,   2.27373675e-05,
        -3.96447977e-03,   1.46213838e-03,   3.76334352e-04,
         1.27118632e-06,   5.34478983e-09,   6.55599432e-04,
         1.98049148e-04,   1.49250695e-03,   4.84387057e-04,
         5.48319208e-04,   5.03033918e-09,   6.28383998e-04,
         2.64491769e-03,   5.01139507e-09])
     nit: 118
