number of sites to be analyzed:  77
Successfully loaded parameter value from ./save/MG94_Force_ENSG00000137434_ENSG00000180098_nonclock_save.txt
log likelihood =  -800.247714005
Edge derivatives =  [-0.0033223848301930925, -0.003199351080799551, -0.0006650965280138588, -7.945706318091686e-06, -8.325233898504986e-07, -0.00261941204360705, 0.0010274895195426723, -0.0003986320451740497, -4.6564233507233204e-07, -0.002530943305164235, -4.853748328274989e-07, 0.002600412986842132, 0.0027106789008530044, -4.6405234924696815e-07]
other derivatives: [ 0.00977707 -0.01622311  0.00030695 -0.00231921  0.00062528  0.        ]
Current x array =  [ -0.62882815  -0.56261549  -0.55508489   0.72401538  -1.70273523
   0.33647224   0.26890431  -9.          -3.5601495  -15.94305626
 -18.81926492  -3.15360316  -4.26109845  -4.97143882 -19.5385659
  -3.85270689 -19.48837536  -4.26455138  -4.26362295 -19.54325967]
log likelihood =  -800.304607038
Edge derivatives =  [0.44319448615441837, -0.003184546903860975, 0.00798544836773532, -7.946176999739941e-06, -8.310453663641451e-07, 0.020740610100130175, 0.0025675683626287873, 0.0004100546464468405, -4.650021037741357e-07, 0.008874519615223342, -4.847910289802236e-07, 0.00017748473595530917, 6.542995732630383e-05, -4.634101774805182e-07]
other derivatives: [-4.0762302   4.45156729 -0.17687398  0.01591616 -0.01530225  0.        ]
Current x array =  [ -0.61905109  -0.5788386   -0.55477794   0.72169617  -1.70210995
   0.33647224   0.26558192  -9.          -3.5608146  -15.9430642
 -18.81926575  -3.15622257  -4.26007096  -4.97183745 -19.53856637
  -3.85523783 -19.48837584  -4.26195096  -4.26091227 -19.54326013]
log likelihood =  -800.247713299
Edge derivatives =  [-0.0017300741548516019, -0.003199297767837735, -0.0006338932645856415, -7.945704764522182e-06, -8.325180036770534e-07, -0.002536110680977921, 0.0010333219840795889, -0.00039557926100134214, -4.6563998895561107e-07, -0.0024902546180646246, -4.853726811173864e-07, 0.002592366158898674, 0.002701854158884749, -4.640499965326345e-07]
other derivatives: [ -4.26325641e-03  -5.68434189e-05  -2.95585778e-04  -2.26236807e-03
   5.57065505e-04   0.00000000e+00]
Current x array =  [ -0.6287939   -0.56267232  -0.55508382   0.72400726  -1.70273304
   0.33647224   0.26889267  -9.          -3.56015183 -15.94305628
 -18.81926492  -3.15361234  -4.26109485  -4.97144022 -19.5385659
  -3.85271575 -19.48837536  -4.26454227  -4.26361345 -19.54325967]
  status: 0
 success: True
    nfev: 3
     fun: 800.2477132986359
       x: array([ -0.6287939 ,  -0.56267232,  -0.55508382,   0.72400726,
        -1.70273304,   0.33647224,   0.26889267,  -9.        ,
        -3.56015183, -15.94305628, -18.81926492,  -3.15361234,
        -4.26109485,  -4.97144022, -19.5385659 ,  -3.85271575,
       -19.48837536,  -4.26454227,  -4.26361345, -19.54325967])
 message: 'CONVERGENCE: REL_REDUCTION_OF_F_<=_FACTR*EPSMCH'
     jac: array([  4.26325641e-03,   5.68434189e-05,   2.95585778e-04,
         2.26236807e-03,  -5.57065505e-04,  -0.00000000e+00,
         1.73007415e-03,   3.19929777e-03,   6.33893265e-04,
         7.94570476e-06,   8.32518004e-07,   2.53611068e-03,
        -1.03332198e-03,   3.95579261e-04,   4.65639989e-07,
         2.49025462e-03,   4.85372681e-07,  -2.59236616e-03,
        -2.70185416e-03,   4.64049997e-07])
     nit: 1
