number of sites to be analyzed:  80
log likelihood =  -1500.16546383
Edge derivatives =  [-1.9688416063812129, -1.9688416063812122, 85.38924911738842, -1.3800981993805754, -13.70373434434291, -6.823853141828458, -29.03602696881222, -27.585012378537165, -29.47444305022119, -28.347034816087213, -27.585012378537158, 3.8067648631816843e-16, -26.515609260082005, -26.399329813224647, 4.3263534490298003e-16, -27.58501237853716, -27.94410644815119, -29.66138944425878]
other derivatives: [   5.73149919    3.26851932    6.59797479   26.79878435 -154.16540009
 -185.59926502]
Current x array =  [-0.8296592  -0.85971292 -0.80287957  0.18232156 -0.10536052  0.33647224
 -2.30258509 -2.30258509 -2.30258509 -2.30258509 -2.30258509 -2.30258509
 -2.30258509 -2.30258509 -2.30258509 -2.30258509 -2.30258509 -2.30258509
 -2.30258509 -2.30258509 -2.30258509 -2.30258509 -2.30258509 -2.30258509]
log likelihood =  -1319.5982555
Edge derivatives =  [-1.7996145445595055, -1.7996145445595055, 86.08048814232363, -1.4693841185796712, -4.580211007767399, 1.7602232727164, -17.534250529156097, -16.75855435749492, -18.02701462099423, -17.1097399454368, -16.75855435749492, -6.504434791062755e-16, -14.980918659130422, -15.366275793701535, -6.816670532462532e-16, -16.758554357494923, -16.28762434521266, -17.978740807444087]
other derivatives: [  8.17458385   3.02004537   7.34496552  18.90609838 -48.17627541
 -62.48583304]
Current x array =  [-0.82679945 -0.85674293 -0.80011805  0.28061807 -0.67083098 -0.34429597
 -2.3098067  -2.3098067  -1.98938188 -2.30764722 -2.35284966 -2.32761462
 -2.40908769 -2.40376545 -2.41069578 -2.4065605  -2.40376545 -2.30258509
 -2.39984293 -2.39941643 -2.30258509 -2.40376545 -2.40508259 -2.41138149]
log likelihood =  -1201.93794931
Edge derivatives =  [-1.604835886185772, -1.6048358861857719, 67.75195387712411, -1.6861073550437762, -2.799119555615882, 2.361443980485848, -12.839810797776234, -12.459646229781045, -13.352761721974575, -12.51275907631768, -12.459646229781045, -1.6728266548966886e-16, -10.469998270440108, -11.023414624611396, -1.6101985167626408e-16, -12.459646229781045, -11.639129171153026, -13.20272390082519]
other derivatives: [ -8.94588084   0.91872607  -2.00932391   9.93811682 -14.52592642
 -30.69967534]
Current x array =  [-0.76800724 -0.8379912  -0.75314004  0.44762589 -1.03916355 -0.83160112
 -2.32609159 -2.32609159 -1.20457537 -2.32109542 -2.38850294 -2.30585483
 -2.56119019 -2.54925006 -2.56732445 -2.55497123 -2.54925006 -2.30258509
 -2.52865812 -2.53207722 -2.30258509 -2.54925006 -2.545723   -2.56741354]
log likelihood =  -1168.85868506
Edge derivatives =  [-0.5744394215656087, -0.5744394215656082, -74.258165107407, -1.9051058429435919, -0.9009914526543675, 1.8917300684838838, -6.8430015953148065, -7.200707464968257, -7.674441413979754, -6.642502186270106, -7.200707464968257, 2.0457815478971717e-17, -5.169809990836497, -5.687264418837548, 1.0061650726158132e-17, -7.200707464968259, -5.958235530237504, -7.278506584851909]
other derivatives: [ 94.59504327   6.77378011  64.53917649  25.64217993 -22.48430064
  -7.49894298]
Current x array =  [-1.30658447 -0.84571758 -0.96810359  0.71613528 -1.39542613 -1.80937765
 -2.3807198  -2.3807198   0.97825694 -2.38248159 -2.48552545 -2.23314823
 -2.98441877 -2.96204282 -3.00868544 -2.9672381  -2.96204282 -2.30258509
 -2.87065446 -2.89434074 -2.30258509 -2.96204282 -2.92755964 -3.00287117]
log likelihood =  -1115.99501854
Edge derivatives =  [-1.0945082642177943, -1.0945082642177932, -35.58500294729103, -1.7241961031453974, -1.0070190321472863, 1.6650106987754867, -6.90586029079676, -6.980540640721414, -7.498484557472784, -6.488954484263625, -6.980540640721414, -1.292259246851814e-16, -5.0180700106843155, -5.586475935260505, -1.1468927676816018e-16, -6.980540640721414, -5.92400407806335, -7.1630551986750195]
other derivatives: [-41.68414307  -0.96781605 -88.67443739  -0.99871613  -5.89300271
  -9.43427949]
Current x array =  [-0.67633757 -0.80118349 -0.53940549  0.86480713 -1.40952223 -1.69475454
 -2.38289251 -2.38289251  0.4212475  -2.3938515  -2.47916802 -2.21383491
 -3.00499551 -2.98617858 -3.03438948 -2.9870779  -2.98617858 -2.30258509
 -2.88223543 -2.90945804 -2.30258509 -2.98617858 -2.94317289 -3.02579912]
log likelihood =  -1101.08694803
Edge derivatives =  [-0.9181911242239453, -0.9181911242239452, -5.949082411468937, -1.7880682203399583, -1.1844614609621968, 1.7584961485973118, -7.241971545585631, -7.262916958694289, -7.780125409952188, -6.85974416726166, -7.262916958694289, 4.1797069304055963e-16, -5.364505076084128, -5.91171540501729, 4.464867852579061e-16, -7.262916958694288, -6.213523071088076, -7.460667204272025]
other derivatives: [ -3.56899363  -0.83502982  10.51741947  -2.1321739    2.00059276
 -10.98042048]
Current x array =  [-0.78229047 -0.80649365 -0.80592931  0.82179332 -1.37174507 -1.61077692
 -2.3802657  -2.3802657   0.09231109 -2.39239425 -2.47171293 -2.21742672
 -2.97811498 -2.96074345 -3.00722517 -2.9601705  -2.96074345 -2.30258509
 -2.85862822 -2.8854102  -2.30258509 -2.96074345 -2.91788787 -2.99828167]
log likelihood =  -1097.10297758
Edge derivatives =  [-0.8405737363240069, -0.8405737363240067, -9.876796515308467, -1.723943136777144, -1.0203532276418734, 1.8073330001096135, -6.737458076385007, -6.77646458369555, -7.272731170458262, -6.3341131245879625, -6.77646458369555, -1.5504227580437714e-16, -4.8897453453908835, -5.428930930892171, -1.433174728453201e-16, -6.7764645836955495, -5.718034093450577, -6.940602901570235]
other derivatives: [-0.22330369 -0.56104454  6.34495336 -2.57539341  2.3307166  -9.64453193]
Current x array =  [-0.79289554 -0.80656276 -0.78991271  0.8442635  -1.3924825  -1.70107021
 -2.38713949 -2.38713949  0.15050024 -2.40336701 -2.48139715 -2.20527656
 -3.03147326 -3.01383326 -3.06403665 -3.01144032 -3.01383326 -2.30258509
 -2.89962419 -2.92987602 -2.30258509 -3.01383326 -2.96469013 -3.05338055]
log likelihood =  -1075.25091197
Edge derivatives =  [-0.4684505821116187, -0.4684505821116195, -15.932092221972946, -1.0564004339923692, -0.45638238718213886, 1.040797095576183, -3.41646306336975, -3.433367385248287, -3.9257129913474205, -2.7430927458935948, -3.433367385248286, 3.7669727860169473e-16, -1.6122569107033569, -2.1375605506565583, 3.769618204336265e-16, -3.433367385248288, -2.3526146978925873, -3.4587882680326896]
other derivatives: [-65.65005606   0.10918484 -10.6759444   -3.30810508   4.06180334
  -3.04328296]
Current x array =  [-0.62747092 -0.79904254 -0.7337753   0.93941133 -1.43876006 -2.49167062
 -2.45502168 -2.45502168  0.22245378 -2.52337731 -2.56551775 -2.06041913
 -3.5665905  -3.54867682 -3.63789462 -3.51990617 -3.54867682 -2.30258509
 -3.29804877 -3.36718616 -2.30258509 -3.54867682 -3.42594758 -3.60561891]
log likelihood =  -1064.54087642
Edge derivatives =  [0.1887969127432273, 0.18879691274322707, -0.495201267988473, -0.48955163063512075, -0.11318252257052916, 0.16570715101266198, -1.3288188967655872, -1.357376880343592, -1.9618475746116626, -0.4821511072462295, -1.357376880343592, -5.733935263055901e-17, 0.6098734255165322, 0.09120487845039471, -4.5293139219843004e-17, -1.3573768803435917, -0.165987262363873, -1.3726503491574527]
other derivatives: [ 44.86537364  -2.35106654 -52.09838037  -9.26954726   8.81377673
  -1.10053406]
Current x array =  [-0.93165421 -0.79265512 -0.61044518  0.97288381 -1.40568705 -3.31069421
 -2.52776695 -2.52776695  0.06533855 -2.657473   -2.65412068 -1.9016755
 -4.14164193 -4.12422952 -4.25755831 -4.06110527 -4.12422952 -2.30258509
 -3.71613781 -3.8301984  -2.30258509 -4.12422952 -3.91510164 -4.19838759]
log likelihood =  -1056.30762284
Edge derivatives =  [0.23498398586176678, 0.2349839858617661, -0.9351976065184173, -0.4208239230147835, -0.24904617545689284, -0.36183447135828917, -1.1812116166844675, -1.1845160946180981, -1.8178459295408018, -0.290861025806193, -1.1845160946180981, 2.2193113822119462e-16, 0.7842206665375735, 0.26254762849041147, 2.2195587104928104e-16, -1.1845160946180984, 0.015269185323811968, -1.2023175588579802]
other derivatives: [ 19.19077022  -0.76697688 -13.83734798  -7.51547304   7.66481207
  -0.96763415]
Current x array =  [-0.83659926 -0.79895655 -0.73369046  0.95137455 -1.37739285 -3.42742073
 -2.53713572 -2.53713572  0.05719991 -2.67691714 -2.66659492 -1.87976313
 -4.22380349 -4.20645984 -4.34746652 -4.13639597 -4.20645984 -2.30258509
 -3.77174082 -3.89327686 -2.30258509 -4.20645984 -3.9824619  -4.28308218]
log likelihood =  -1053.45270618
Edge derivatives =  [0.2913654173469534, 0.29136541734695304, 0.6924198346820849, -0.2565563111138409, -0.3884350916064365, -1.2943792447659708, -0.8365797384234366, -0.8056174436340442, -1.4934451131467403, 0.12758394311801607, -0.8056174436340441, 8.7927646504592e-21, 1.1950884139864872, 0.6662371964659985, 2.7066986098718507e-21, -0.8056174436340439, 0.4153485749266423, -0.8355427253030957]
other derivatives: [-4.1198291   0.04176854  0.13853878 -5.68318228  5.72617864 -0.71859176]
Current x array =  [-0.76586446 -0.80231573 -0.79547891  0.91619014 -1.31848927 -3.68567075
 -2.55848635 -2.55848635  0.00846752 -2.72128008 -2.69538339 -1.83176155
 -4.41032178 -4.39319023 -4.55158533 -4.30732946 -4.39319023 -2.30258509
 -3.8979836  -4.0365441  -2.30258509 -4.39319023 -4.13532607 -4.47530827]
log likelihood =  -1052.54398563
Edge derivatives =  [0.37047203279313734, 0.3704720327931378, 1.4610130140387056, -0.12317489094137024, -0.431287961239596, -1.7565584787147035, -0.5846301126611769, -0.5443142712061727, -1.265935278811359, 0.41805811355417105, -0.5443142712061727, -2.6529883003559072e-17, 1.483173382540805, 0.955427155465489, 8.890908275188412e-18, -0.5443142712061727, 0.696013148783799, -0.5818392112860905]
other derivatives: [-4.25579856  0.18558239  3.86769443 -4.04738785  3.84306986 -0.57602847]
Current x array =  [-0.76689365 -0.80365456 -0.81622479  0.87432554 -1.26318565 -3.89155179
 -2.57380279 -2.57380279 -0.01584588 -2.7556836  -2.71945482 -1.8017562
 -4.5556376  -4.53845063 -4.71246951 -4.43751112 -4.53845063 -2.30258509
 -3.99060332 -4.14385116 -2.30258509 -4.53845063 -4.25081194 -4.62494616]
log likelihood =  -1051.68156778
Edge derivatives =  [0.3621434885065362, 0.36214348850653566, -0.6893926910530357, -0.0443695625871703, -0.22577975768511765, -0.7586866599010802, -0.3937274052492699, -0.38009061897329893, -1.0904269662349824, 0.5669708887490343, -0.3800906189732989, 2.0336279883639785e-16, 1.513244058267702, 1.0550187334070031, 1.960662461319645e-16, -0.3800906189732989, 0.8090689859951254, -0.41422236076639674]
other derivatives: [ 1.28904958 -0.57266334  2.65492872  0.67454948 -0.49647042 -0.49362825]
Current x array =  [-0.78743003 -0.80037388 -0.81205082  0.7539306  -1.16467436 -4.04663229
 -2.57034155 -2.57034155 -0.01414949 -2.77868754 -2.74857544 -1.84423574
 -4.6617481  -4.64320183 -4.85022094 -4.5021048  -4.64320183 -2.30258509
 -3.99836408 -4.17722836 -2.30258509 -4.64320183 -4.29775598 -4.73381375]
log likelihood =  -1051.48006015
Edge derivatives =  [0.33674705930645765, 0.33674705930645765, 0.2794208673865929, -0.026126623591875703, -0.05470898462669907, -0.2789866418944367, -0.3319272781789381, -0.3100884647625249, -1.0108577581187281, 0.6151055884662516, -0.3100884647625249, -1.6915728183824974e-15, 1.4557004691832045, 1.063400636679047, -1.6895405651092012e-15, -0.310088464762525, 0.8268433794881861, -0.3462247255410601]
other derivatives: [ 0.44869921  1.08886979  0.87673016  1.3493036  -1.07083906 -0.45774868]
Current x array =  [-0.78527718 -0.81136466 -0.80400916  0.73527277 -1.14754629 -4.11185066
 -2.56417539 -2.56417539 -0.02883088 -2.78819476 -2.76201549 -1.86584393
 -4.70847227 -4.68930856 -4.91927082 -4.51913422 -4.68930856 -2.30258509
 -3.98017905 -4.17530414 -2.30258509 -4.68930856 -4.30456956 -4.78200523]
log likelihood =  -1051.06867093
Edge derivatives =  [0.2537535879820254, 0.2537535879820261, 1.02877422147189, -0.014003386026437109, 0.36760989432497365, 0.8816551062008859, -0.1690495192005403, -0.16661251408835934, -0.844995348050722, 0.6923925806217681, -0.166612514088359, -7.442789765923868e-18, 1.2130999364072883, 0.9939839921689723, -9.27644271086562e-18, -0.1666125140883591, 0.8167971933463672, -0.1970742400351813]
other derivatives: [-1.26242412 -0.7452627  -3.28623173  1.96971541 -1.79720701 -0.37755399]
Current x array =  [-0.78026704 -0.79942565 -0.78510375  0.71938811 -1.12971508 -4.26996487
 -2.54150518 -2.54150518 -0.03979281 -2.80994558 -2.79327117 -1.92224155
 -4.82100291 -4.79975321 -5.09931021 -4.54043479 -4.79975321 -2.30258509
 -3.9010009  -4.1426236  -2.30258509 -4.79975321 -4.29760895 -4.89807434]
log likelihood =  -1050.65614817
Edge derivatives =  [0.13190627296442775, 0.13190627296442786, -0.06788628214927284, -0.05619642098191977, 0.7689869258673954, 1.8649283634238414, -0.03703176574825768, -0.02732052415246285, -0.6824242245115643, 0.7457040661463838, -0.02732052415246273, -2.585441661302876e-16, 0.7629835971380299, 0.8461143326919577, -2.8469065910926267e-16, -0.02732052415246259, 0.7429906745223387, -0.05515552594536619]
other derivatives: [-1.12279395  2.63667062 -5.79368589  1.27613475 -1.39202712 -0.30488536]
Current x array =  [-0.78019885 -0.82116053 -0.77358062  0.73953593 -1.14111027 -4.44231675
 -2.50824196 -2.50824196 -0.0235849  -2.83267389 -2.82064975 -1.97369025
 -4.94252849 -4.91891889 -5.31228196 -4.53913568 -4.91891889 -2.30258509
 -3.77469895 -4.0740975  -2.30258509 -4.91891889 -4.26195479 -5.02397126]
log likelihood =  -1050.2447419
Edge derivatives =  [-0.010971767485893638, -0.01097176748589307, 0.17377786969214348, -0.09844519803896089, 1.001099690047342, 2.336814879342037, 0.11470560651505493, 0.10940929893492311, -0.5377093470572504, 0.7695541392398347, 0.10940929893492293, 5.27561292849147e-22, 0.15300094730720665, 0.6008055039350642, 4.977368085296558e-22, 0.1094092989349233, 0.627554251579553, 0.08717384159586253]
other derivatives: [ 1.29878117 -1.14193881 -3.98640623  0.01414264 -0.2382194  -0.24097062]
Current x array =  [-0.78567829 -0.79564501 -0.78274784  0.77003195 -1.1679822  -4.65265568
 -2.46879666 -2.46879666 -0.01853784 -2.8609067  -2.83826978 -1.99914608
 -5.08528468 -5.05879685 -5.57177716 -4.52746783 -5.05879685 -2.30258509
 -3.62239129 -3.98461422 -2.30258509 -5.05879685 -4.2115015  -5.17220223]
log likelihood =  -1049.99182652
Edge derivatives =  [-0.11942519383970865, -0.11942519383970808, -0.6655125784465759, -0.1471945186100716, 0.8160909937124787, 1.7552863698513437, 0.13070466356071045, 0.1505614972311563, -0.4825601315547986, 0.7102587101390802, 0.15056149723115655, -4.1328454648212365e-16, -0.34652110253526136, 0.3536930442367948, -3.842897441206641e-16, 0.15056149723115658, 0.4650947375721226, 0.1273885781223828]
other derivatives: [-1.01206297 -0.08808456 -1.58038347 -0.73509909  0.56866156 -0.22512268]
Current x array =  [ -7.79016774e-01  -8.01844468e-01  -7.93076946e-01   7.92112647e-01
  -1.19142579e+00  -4.73107538e+00  -2.44424089e+00  -2.44424089e+00
  -5.10135244e-03  -2.87193637e+00  -2.82102338e+00  -1.96776819e+00
  -5.13160225e+00  -5.10360649e+00  -5.69402726e+00  -4.47686266e+00
  -5.10360649e+00  -2.30258509e+00  -3.51631422e+00  -3.89976377e+00
  -2.30258509e+00  -5.10360649e+00  -4.14577059e+00  -5.22119319e+00]
log likelihood =  -1049.82699401
Edge derivatives =  [-0.19129823446538693, -0.19129823446538738, -0.07313845904172889, -0.1726025491693477, 0.42158124266426633, 0.6896217462423426, 0.0966597259212914, 0.15097487579559246, -0.4593912003692993, 0.6022371685040891, 0.1509748757955923, 8.29242612092683e-16, -0.7237251743818283, 0.10504657927512129, 8.364966025372311e-16, 0.15097487579559232, 0.2769300654782798, 0.12671044624104771]
other derivatives: [ 1.50403139  0.59299055  2.35295374 -0.6590426   0.85076408 -0.23055691]
Current x array =  [-0.78679391 -0.80653617 -0.81130276  0.78693769 -1.19508389 -4.75148786
 -2.42952526 -2.42952526 -0.0122012  -2.87679092 -2.78659607 -1.91180335
 -5.13280239 -5.10338833 -5.75448069 -4.4067001  -5.10338833 -2.30258509
 -3.44467902 -3.82126048 -2.30258509 -5.10338833 -4.07484744 -5.22338819]
log likelihood =  -1049.76035284
Edge derivatives =  [-0.20060027583800424, -0.2006002758380038, -0.42894413446098956, -0.17015360953679284, 0.093142333999372, -0.23044832781568314, 0.057410896917248266, 0.1286127790932628, -0.46365804980226644, 0.5206992955603564, 0.12861277909326277, 4.785633296828502e-16, -0.7884989529087454, -0.006463385157775739, 4.779826470793618e-16, 0.1286127790932628, 0.17544194626581272, 0.10495951644127295]
other derivatives: [-1.81610176 -0.28007889  1.8067567  -0.33642209  0.5339416  -0.24137989]
Current x array =  [-0.77796556 -0.8011885  -0.80738698  0.7811143  -1.19147896 -4.73175395
 -2.42907224 -2.42907224 -0.01044705 -2.87658229 -2.75888462 -1.86571877
 -5.10921424 -5.07887584 -5.75218672 -4.36118571 -5.07887584 -2.30258509
 -3.43364122 -3.78820908 -2.30258509 -5.07887584 -4.03835864 -5.19917482]
log likelihood =  -1049.72401181
Edge derivatives =  [-0.18246507903963283, -0.182465079039632, -0.12281136162792944, -0.15289785872691408, -0.006800545622541815, -0.4735040696882934, 0.03729197275831731, 0.11729082221065826, -0.4659445795089747, 0.49323783750438804, 0.11729082221065826, 5.465738714039952e-16, -0.7282395811977851, -0.015260936496894577, 5.397204671570908e-16, 0.11729082221065809, 0.1510379995957168, 0.09419953352952724]
other derivatives: [-0.69835551 -0.14836132  0.91629317  0.06859864  0.12719283 -0.24717792]
Current x array =  [-0.78154349 -0.80250529 -0.8029622   0.76950427 -1.18031283 -4.72162492
 -2.43278718 -2.43278718 -0.01603223 -2.8774071  -2.74909629 -1.85331475
 -5.09695156 -5.06573444 -5.74672487 -4.34410073 -5.06573444 -2.30258509
 -3.44585709 -3.78328218 -2.30258509 -5.06573444 -4.02896936 -5.18605215]
log likelihood =  -1049.68871119
Edge derivatives =  [-0.15670470766417055, -0.15670470766416972, 0.2246820344184538, -0.12187954583266, -0.05195263083930676, -0.5559295542541103, 0.031109948334571466, 0.12183966812896285, -0.4524638123208308, 0.47120565382588475, 0.1218396681289629, 4.439863009760411e-17, -0.6544748563874956, -0.020743475749453733, 4.439928332887418e-17, 0.12183966812896296, 0.12808934539457323, 0.09933659619814904]
other derivatives: [ 0.1108674  -0.03676632 -0.46304649  0.43983164 -0.35020093 -0.24408564]
Current x array =  [-0.78417055 -0.80374794 -0.79643006  0.75933952 -1.16708482 -4.74187305
 -2.43687534 -2.43687534 -0.0221754  -2.88430033 -2.74238325 -1.8490032
 -5.10274233 -5.06924437 -5.77607954 -4.3261032  -5.06924437 -2.30258509
 -3.46174598 -3.77754759 -2.30258509 -5.06924437 -4.01982827 -5.19077557]
log likelihood =  -1049.64855657
Edge derivatives =  [-0.12402624682671214, -0.12402624682671164, 0.46568894707242875, -0.08370309911757565, -0.07110381423321463, -0.5423992800869293, 0.02984686676410822, 0.1341783073315769, -0.4270990993410004, 0.4338041338048152, 0.1341783073315767, 2.2519150885767783e-16, -0.5830699534015812, -0.04640752591226301, 2.1807374550730306e-16, 0.13417830733157668, 0.08464014117055887, 0.11299454517887106]
other derivatives: [ 0.77507138  0.08565166 -1.55018824  0.66663688 -0.73373485 -0.23526354]
Current x array =  [-0.78627495 -0.80503253 -0.79140608  0.75349052 -1.15621131 -4.78417199
 -2.44111138 -2.44111138 -0.02651577 -2.89618235 -2.73541788 -1.85032616
 -5.1193312  -5.0817726  -5.83540538 -4.2977017  -5.0817726  -2.30258509
 -3.4789179  -3.76479347 -2.30258509 -5.0817726  -4.00376211 -5.2056358 ]
log likelihood =  -1049.56407092
Edge derivatives =  [-0.040335102863311295, -0.04033510286331114, 0.7768322378229975, -0.001861920375893368, -0.08733280018109552, -0.41542322143422, 0.024335537369308102, 0.15729016849211164, -0.37393322140411756, 0.32566239468359726, 0.15729016849211153, 8.423931821713949e-16, -0.39566536398650964, -0.10753353709790006, 8.486337428429424e-16, 0.15729016849211175, -0.022773141172587677, 0.13991479709117144]
other derivatives: [ 1.19148353  0.29322109 -2.52041445  0.87982244 -1.22938673 -0.2145498 ]
Current x array =  [-0.78763893 -0.80717162 -0.78712235  0.74896496 -1.14165598 -4.88131585
 -2.45228122 -2.45228122 -0.03224394 -2.92379777 -2.72041576 -1.85995534
 -5.15531212 -5.10710698 -5.97367089 -4.22734113 -5.10710698 -2.30258509
 -3.5256796  -3.73672608 -2.30258509 -5.10710698 -3.96628784 -5.23647592]
log likelihood =  -1049.45979617
Edge derivatives =  [0.10135443241632563, 0.10135443241632595, 0.1531212109073612, 0.0932240091594845, -0.14861220189055743, -0.32453277563638827, 0.008836642214596662, 0.17374430788867148, -0.30671724006469653, 0.07823199716536905, 0.17374430788867193, -7.305627214498524e-16, -0.10136391986863921, -0.22841426814366214, -7.316585132870833e-16, 0.17374430788867135, -0.2192486698286553, 0.16492258750395467]
other derivatives: [ 3.40987754 -0.22721451 -3.66424047  0.31718628 -0.83400664 -0.18696937]
Current x array =  [-0.79365432 -0.80452329 -0.78165649  0.76366119 -1.15231831 -5.01828896
 -2.46912902 -2.46912902 -0.02163189 -2.96281363 -2.69215978 -1.87049507
 -5.19615751 -5.12752944 -6.18163165 -4.09992554 -5.12752944 -2.30258509
 -3.60261992 -3.689914   -2.30258509 -5.12752944 -3.90167466 -5.26538389]
log likelihood =  -1049.43760532
Edge derivatives =  [0.2807308420813146, 0.2807308420813145, 0.9191049907992577, 0.22321648740723798, -0.1183888208256659, 0.15957800171172087, -0.03610447442780927, 0.16123334605348752, -0.2601016076125251, -0.2225571501982534, 0.16123334605348735, 1.9875437665826868e-16, 0.4466511454154515, -0.2027294730239783, 1.8818676924002567e-16, 0.16123334605348746, -0.348318878556228, 0.16197775464984127]
other derivatives: [-1.82542408  1.06076641  0.6429218   0.95606083 -1.16565388 -0.16709691]
Current x array =  [-0.7787944  -0.81321438 -0.80272246  0.75045609 -1.14208659 -5.12964786
 -2.50126533 -2.50126533 -0.03604072 -3.00012306 -2.67054257 -1.90790743
 -5.21211141 -5.11778107 -6.3542767  -3.97532288 -5.11778107 -2.30258509
 -3.75534847 -3.6858676  -2.30258509 -5.11778107 -3.864808   -5.26313385]
log likelihood =  -1049.36771912
Edge derivatives =  [0.1948056000538943, 0.19480560005389436, 0.23542868973973502, 0.15065245058044605, -0.046192635784644304, 0.15653043549043522, -0.006990899517035524, 0.1713629856603204, -0.2716103157895752, -0.10021506958110671, 0.1713629856603202, 8.356360060756324e-16, 0.19770843270213342, -0.2219756695804411, 8.341449617482946e-16, 0.17136298566032002, -0.29418187044799876, 0.16916873741708063]
other derivatives: [ 0.26575435  0.16482318 -0.58339538  0.11184511 -0.29315288 -0.16930244]
Current x array =  [-0.78401259 -0.80680669 -0.79642151  0.77039789 -1.16610243 -5.10322809
 -2.48360348 -2.48360348 -0.02193237 -2.98532534 -2.68455904 -1.9031528
 -5.216162   -5.12881065 -6.30927472 -4.02390303 -5.12881065 -2.30258509
 -3.68459243 -3.68551259 -2.30258509 -5.12881065 -3.88047649 -5.27190693]
log likelihood =  -1049.356891
Edge derivatives =  [0.1679515866726233, 0.1679515866726231, -0.01689848034771857, 0.12769254657717266, -0.02983180813912767, 0.1609110597275974, -0.003109123653843332, 0.16863283353236783, -0.27284919698165117, -0.08429889464490542, 0.16863283353236783, 4.309237782816332e-16, 0.1547083017686749, -0.212948830977078, 4.2084845527559034e-16, 0.1686328335323677, -0.2734877879653492, 0.16653529049197585]
other derivatives: [ 0.22237145 -0.06502887 -0.17514594 -0.07753442 -0.00304681 -0.16907507]
Current x array =  [-0.78373051 -0.80506827 -0.7982691   0.77513608 -1.17460297 -5.09985241
 -2.47850967 -2.47850967 -0.01749078 -2.9807219  -2.68794649 -1.90286689
 -5.21536303 -5.12623935 -6.30487895 -4.03156362 -5.12623935 -2.30258509
 -3.6730063  -3.68929832 -2.30258509 -5.12623935 -3.88711901 -5.268996  ]
log likelihood =  -1049.34022872
Edge derivatives =  [0.12179573688555251, 0.12179573688555144, -0.22242510274562416, 0.09548277405643198, -0.010028242855215919, 0.16434232517002262, -0.00024024504653361207, 0.16465941640962312, -0.26714773736463143, -0.0839789624339638, 0.16465941640962312, -1.5294380922852463e-20, 0.11739614140943558, -0.18786142239920223, -9.506821650401679e-21, 0.16465941640962306, -0.23981460941409669, 0.16278169847666119]
other derivatives: [-0.17316779  0.0037744   0.34074219 -0.27216629  0.36591246 -0.16570993]
Current x array =  [-0.7824192  -0.80519951 -0.80059759  0.77984754 -1.18521822 -5.1138166
 -2.46983066 -2.46983066 -0.01343831 -2.97561255 -2.6916765  -1.90242799
 -5.21920995 -5.1215417  -6.3262281  -4.03296372 -5.1215417  -2.30258509
 -3.66349888 -3.69672265 -2.30258509 -5.1215417  -3.89789356 -5.26472521]
log likelihood =  -1049.31006277
Edge derivatives =  [0.02865309757637638, 0.028653097576376213, -0.4110877117179602, 0.04158854545906417, -0.014548147667056671, 0.09664022374188691, 0.00507319133031426, 0.15591739775954463, -0.24781264375024034, -0.11721992961507209, 0.15591739775954502, 0.0, 0.07953915593129532, -0.1344217787789571, 0.0, 0.15591739775954463, -0.17749534530967062, 0.15548447212923183]
other derivatives: [-0.23312623 -0.61513674  1.55653197 -0.37039172  0.72063813 -0.1568651 ]
Current x array =  [-0.7821744  -0.80096746 -0.80637657  0.78165332 -1.19581949 -5.16471879
 -2.45244425 -2.45244425 -0.00984272 -2.9685363  -2.69532446 -1.89783827
 -5.23260126 -5.1110595  -6.40292624 -4.02220515 -5.1110595  -2.30258509
 -3.65450019 -3.71161601 -2.30258509 -5.1110595  -3.91812064 -5.25626084]
log likelihood =  -1049.26751462
Edge derivatives =  [-0.13179822100185656, -0.13179822100185581, -0.7428245859378078, -0.037407510979463085, -0.016716035965522985, -0.01418949978612527, 0.011488802000710795, 0.1488385951706054, -0.20969398066879266, -0.19495940202727804, 0.1488385951706053, -4.4403632066554654e-17, 0.02815871229392037, -0.04814611358951962, -4.440518059014506e-17, 0.14883859517060524, -0.08299493786439138, 0.14938044008568943]
other derivatives: [-2.20536549 -0.28005616  1.36046765 -0.45322395  1.05708295 -0.13874342]
Current x array =  [ -7.76593340e-01  -8.02797407e-01  -8.04946105e-01   7.84094129e-01
  -1.20779237e+00  -5.27860949e+00  -2.42315327e+00  -2.42315327e+00
  -4.73148769e-03  -2.96124599e+00  -2.69948844e+00  -1.88979145e+00
  -5.26604478e+00  -5.09880030e+00  -6.57106470e+00  -3.99300820e+00
  -5.09880030e+00  -2.30258509e+00  -3.64315033e+00  -3.73288339e+00
  -2.30258509e+00  -5.09880030e+00  -3.94854397e+00  -5.24870924e+00]
log likelihood =  -1049.22029272
Edge derivatives =  [-0.3275506642287449, -0.32755066422874557, -0.3373980621463875, -0.11980604582240816, -0.024568648574049307, -0.09734561384051893, 0.014114456738025766, 0.13725843766046747, -0.1615934465887587, -0.33090259542810063, 0.13725843766046752, 1.0601270981443397e-16, 0.038099226147767645, 0.09104966598149718, 8.080743684263317e-17, 0.1372584376604675, 0.046174431303731785, 0.14025529193435202]
other derivatives: [ 0.43532964  0.548971    2.75056209 -0.30222509  1.14237082 -0.11648353]
Current x array =  [-0.78434988 -0.80831702 -0.81191825  0.77714304 -1.20755846 -5.45648186
 -2.38798109 -2.38798109 -0.00956097 -2.95610562 -2.70336865 -1.88241839
 -5.31625238 -5.07948612 -6.83212824 -3.94266472 -5.07948612 -2.30258509
 -3.64853517 -3.76652536 -2.30258509 -5.07948612 -3.99148199 -5.23691697]
log likelihood =  -1049.17704516
Edge derivatives =  [-0.40137439166628697, -0.40137439166628625, -0.07973541410120455, -0.12971114583590188, -0.04631647988006132, -0.15804505669349322, 0.01947795084007768, 0.13675484221131542, -0.13715754761451146, -0.4284671811450245, 0.13675484221131565, -9.035447849345915e-17, 0.07490998958587272, 0.14250018736886622, -5.075509344125675e-17, 0.13675484221131531, 0.09110347504943064, 0.14113440396408936]
other derivatives: [-0.66420398 -0.246132    1.10223937  0.04445155  0.55745204 -0.10443273]
Current x array =  [-0.78153304 -0.80373289 -0.80394397  0.76925859 -1.19297281 -5.57023306
 -2.37509985 -2.37509985 -0.01526934 -2.96020534 -2.70170227 -1.87792508
 -5.35029122 -5.07441619 -6.99695354 -3.90724103 -5.07441619 -2.30258509
 -3.65872222 -3.7771543  -2.30258509 -5.07441619 -4.00600256 -5.23680723]
log likelihood =  -1049.1585074
Edge derivatives =  [-0.38461132180374796, -0.3846113218037482, 0.11706904676938162, -0.10877142802111994, -0.03737289675229008, -0.11413965601342352, 0.019527788015081822, 0.13647074880328247, -0.12897465353675663, -0.4458993404345971, 0.1364707488032824, 3.6531349298085266e-16, 0.110465066130151, 0.16088357798198485, 3.436568379297039e-16, 0.13647074880328244, 0.10386947194639454, 0.141150275834075]
other derivatives: [-0.16329977  0.04931735 -0.21957476  0.23901521  0.04145022 -0.10061285]
Current x array =  [-0.78319483 -0.80606567 -0.79778646  0.76495658 -1.17829972 -5.61246648
 -2.37790913 -2.37790913 -0.01957847 -2.96478627 -2.70112521 -1.87935362
 -5.36218039 -5.07161011 -7.05693015 -3.89915993 -5.07161011 -2.30258509
 -3.66762457 -3.77986224 -2.30258509 -5.07161011 -4.00946638 -5.23576077]
log likelihood =  -1049.14801486
Edge derivatives =  [-0.35642948360346566, -0.35642948360346544, 0.16665628967811497, -0.09148664712576658, -0.02219628588844877, -0.06392655578626688, 0.020281151554754913, 0.13290140692340227, -0.12520900184500477, -0.43407046734290433, 0.13290140692340213, -9.249758809631795e-16, 0.12386673904320769, 0.1704845526317215, -9.287793802780522e-16, 0.13290140692340222, 0.11449289254620217, 0.13810267236396104]
other derivatives: [ 0.17498678  0.06666596 -0.61925221  0.28771865 -0.24044766 -0.09879386]
Current x array =  [-0.78425059 -0.80638165 -0.7960588   0.76448396 -1.17005109 -5.63262088
 -2.38287002 -2.38287002 -0.02120904 -2.96705696 -2.70213222 -1.88156421
 -5.36669395 -5.06693049 -7.08543514 -3.90232077 -5.06693049 -2.30258509
 -3.67071332 -3.78205061 -2.30258509 -5.06693049 -4.01284387 -5.23176469]
log likelihood =  -1049.11794641
Edge derivatives =  [-0.2731622439410469, -0.27316224394104544, 0.2147215946601002, -0.048070398824916476, 0.03607471411465521, 0.08779139601946562, 0.02333674933705951, 0.11645036520092342, -0.11316037505126973, -0.37951242115634726, 0.11645036520092336, -2.0010305098387403e-15, 0.13496832313233048, 0.20234559859910128, -2.016404553125327e-15, 0.11645036520092342, 0.15859139721292448, 0.12360700373968973]
other derivatives: [ 0.73134743  0.10684289 -1.21087851  0.22319    -0.74132913 -0.09233645]
Current x array =  [-0.7858779  -0.80699702 -0.7936851   0.76824572 -1.15460974 -5.70092165
 -2.3976648  -2.3976648  -0.0234796  -2.97171713 -2.70747872 -1.88815227
 -5.38111362 -5.04712271 -7.18314303 -3.91932698 -5.04712271 -2.30258509
 -3.67255278 -3.79081332 -2.30258509 -5.04712271 -4.02786143 -5.21408559]
log likelihood =  -1049.07302142
Edge derivatives =  [-0.1465893119521613, -0.1465893119521613, 0.2895516450237439, 0.012721930471542214, 0.11098928219617668, 0.2517078968576827, 0.027492556381103306, 0.08404857831782483, -0.09352623598164025, -0.2856863802312893, 0.08404857831782492, 6.587065583257439e-16, 0.12334940116991062, 0.2485724384476652, 6.513226416685439e-16, 0.08404857831782497, 0.233706909736265, 0.0946698310571353]
other derivatives: [ 0.74937816  0.1450644  -1.26931354  0.05716174 -1.08134373 -0.08108145]
Current x array =  [-0.7857937  -0.80751077 -0.79387522  0.77461887 -1.14305194 -5.82967143
 -2.42053815 -2.42053815 -0.02569003 -2.97768347 -2.71617688 -1.89462566
 -5.40845822 -5.00970132 -7.36841917 -3.9505293  -5.00970132 -2.30258509
 -3.66845349 -3.80483034 -2.30258509 -5.00970132 -4.05473125 -5.18057962]
log likelihood =  -1049.40800466
Edge derivatives =  [0.1126088447323948, 0.11260884473239514, -1.5746909772197637, 0.06976149749263885, 0.21195277254314682, 0.25699172688033833, 0.061715567950466385, -0.008285065718442505, -0.057729537173768684, 0.036778564394041036, -0.00828506571844212, -1.5003563273929695e-16, -0.12534247359698947, 0.28394850853252906, -1.2498262697226737e-16, -0.008285065718442178, 0.3971584186169451, 0.012754378616889356]
other derivatives: [ 10.72228315  -2.45240699  -9.01818566  -1.04148512   1.11888312
  -0.05700258]
Current x array =  [-0.81409021 -0.79094349 -0.75791511  0.79122039 -1.20885949 -6.15110241
 -2.46040518 -2.46040518  0.01176113 -2.9724622  -2.73487945 -1.88017143
 -5.4756336  -4.90753527 -7.83253361 -4.0675374  -4.90753527 -2.30258509
 -3.59587723 -3.81871685 -2.30258509 -4.90753527 -4.11156734 -5.08609724]
log likelihood =  -1049.06018266
Edge derivatives =  [-0.10349709550552073, -0.10349709550552112, -0.014878079158125779, 0.021440602935728463, 0.12768370522773964, 0.2530041473315022, 0.033082549942328336, 0.0698613135152854, -0.08655156079098077, -0.23043367546849497, 0.06986131351528517, 5.1844227032399554e-17, 0.08435149448769964, 0.2547373932810893, 3.70553164125965e-17, 0.0698613135152858, 0.26080060105825975, 0.08200882662627682]
other derivatives: [ 2.41209364 -0.2645038  -2.45856882 -0.12403234 -0.72134299 -0.07657945]
Current x array =  [-0.79034638 -0.80484523 -0.78808954  0.77728992 -1.15363984 -5.88138705
 -2.42695243 -2.42695243 -0.01966445 -2.97684341 -2.71918597 -1.89230009
 -5.41926619 -4.99326364 -7.4430914  -3.96935495 -4.99326364 -2.30258509
 -3.65677656 -3.80706457 -2.30258509 -4.99326364 -4.06387571 -5.16537817]
log likelihood =  -1049.00784337
Edge derivatives =  [0.03459675434289619, 0.034596754342896704, -0.0683407609506887, 0.0844186673730649, 0.1703283086572583, 0.30478583933967546, 0.03601996263475405, 0.020576715887089675, -0.06480496047810466, -0.12289032521253263, 0.020576715887089595, 3.024755242474177e-16, 0.040003657723703255, 0.3009260417588881, 2.844869379776806e-16, 0.020576715887089408, 0.3510366644428099, 0.038105518868967334]
other derivatives: [ 1.2442797  -0.19599611 -1.34373295 -0.22339464 -0.70042461 -0.0627324 ]
Current x array =  [-0.7867962  -0.80527956 -0.79353805  0.78112969 -1.15333136 -6.07744762
 -2.45279347 -2.45279347 -0.01982646 -2.98282178 -2.72805483 -1.89253932
 -5.46200693 -4.94016127 -7.72622815 -4.00818589 -4.94016127 -2.30258509
 -3.64520702 -3.8225349  -2.30258509 -4.94016127 -4.098336   -5.11820516]
log likelihood =  -1048.97581872
Edge derivatives =  [0.10057094026946979, 0.10057094026947039, -0.04636998752582416, 0.11060119680507108, 0.135379710178824, 0.157976485155834, 0.03446601431793704, -0.012037365822792051, -0.05133620163323892, -0.0638534737367521, -0.012037365822791787, 3.5908402869881897e-16, -0.009780724817551635, 0.3027851153480696, 3.6272195378581616e-16, -0.012037365822791402, 0.387041016842492, 0.008479137075375575]
other derivatives: [ 0.05861693  0.13878889 -0.46652531 -0.12919372 -0.21416326 -0.05338734]
Current x array =  [-0.78326278 -0.80724117 -0.79739601  0.77679498 -1.16756568 -6.23671923
 -2.46504281 -2.46504281 -0.01931004 -2.98537443 -2.72897284 -1.88314692
 -5.49875948 -4.90512209 -7.95571443 -4.02951115 -4.90512209 -2.30258509
 -3.63349877 -3.82389548 -2.30258509 -4.90512209 -4.11277181 -5.08778261]
log likelihood =  -1048.96098303
Edge derivatives =  [0.10654542073888502, 0.10654542073888447, -0.06605884537634604, 0.11023268685339538, 0.0617968583745265, -0.052114837243868894, 0.03407695704073478, -0.025818051861173894, -0.044177030889477775, -0.05618953279898349, -0.0258180518611739, 8.963841724967077e-16, -0.037608863386557195, 0.27631177183381495, 9.03384665841802e-16, -0.02581805186117404, 0.3803411187929735, -0.003912689889454821]
other derivatives: [-0.49071787 -0.31420768  0.25872851  0.07742074  0.16025297 -0.04824869]
Current x array =  [-0.78172872 -0.80422859 -0.80051145  0.76930108 -1.17969208 -6.34170402
 -2.46571793 -2.46571793 -0.01842684 -2.98586496 -2.72463406 -1.87182819
 -5.52488483 -4.88995038 -8.10636225 -4.03182893 -4.88995038 -2.30258509
 -3.6277685  -3.81623406 -2.30258509 -4.88995038 -4.11069879 -5.07557388]
log likelihood =  -1048.95074119
Edge derivatives =  [0.09874094989382513, 0.09874094989382484, -0.05495908827595597, 0.10384409856449778, 0.0020488671949645265, -0.20928292388480935, 0.030780918465076433, -0.028678483597595932, -0.04062670354025179, -0.052856358577182634, -0.028678483597596328, 2.1816226538021814e-15, -0.051641801396337214, 0.23299447903174542, 2.195436387723714e-15, -0.028678483597595943, 0.3463824497322634, -0.0073555277193809165]
other derivatives: [-0.69055659  0.03817604  0.35631729  0.19911113  0.39913175 -0.04556568]
Current x array =  [-0.78122017 -0.8064722  -0.80063367  0.76464083 -1.18713267 -6.40073373
 -2.46407739 -2.46407739 -0.01806617 -2.98510737 -2.71894984 -1.8638501
 -5.53974018 -4.88529405 -8.19003964 -4.03138812 -4.88529405 -2.30258509
 -3.62543305 -3.80269433 -2.30258509 -4.88529405 -4.09774254 -5.07218053]
log likelihood =  -1048.93474341
Edge derivatives =  [0.04258647365529045, 0.04258647365529085, 0.22447861544795084, 0.07693599960800712, -0.12916061170595405, -0.4933668158505568, 0.027648949157232004, -0.03580511401837354, -0.03151453249294709, -0.08456988424287148, -0.03580511401837353, -4.440604990608377e-17, -0.05328106937281184, 0.12191881211946079, -4.440606226400351e-17, -0.035805114018373434, 0.2507284155446954, -0.013923299668457737]
other derivatives: [ 0.82459337 -0.55845248  1.56512669  0.37812242  0.52982614 -0.03858531]
Current x array =  [-0.78574603 -0.803026   -0.80626227  0.75762872 -1.18996986 -6.58112858
 -2.45314145 -2.45314145 -0.02138964 -2.98290854 -2.70472805 -1.85057909
 -5.5862792  -4.87488044 -8.44606338 -4.01574709 -4.87488044 -2.30258509
 -3.62845468 -3.76864201 -2.30258509 -4.87488044 -4.06233222 -5.06603439]
log likelihood =  -1048.91599805
Edge derivatives =  [0.0019297041661098108, 0.0019297041661105185, 0.08931326781835375, 0.059399586853176575, -0.1983533870348029, -0.6321941101447406, 0.02489195598821623, -0.03878203685390404, -0.026243786477692543, -0.09388365547097677, -0.038782036853904495, -1.2150024564661873e-15, -0.04883105932138117, 0.02258172478085675, -1.2015201160206695e-15, -0.03878203685390448, 0.16095072609128377, -0.017453477095208367]
other derivatives: [-0.71270279 -0.46770765  0.18203536  0.49130904  0.41177373 -0.03406058]
Current x array =  [-0.78153317 -0.80387296 -0.79908342  0.75562279 -1.18905393 -6.71078426
 -2.44606347 -2.44606347 -0.02050328 -2.98038238 -2.69427426 -1.84441862
 -5.61912083 -4.86846295 -8.62891523 -4.00828516 -4.86846295 -2.30258509
 -3.63120814 -3.73864532 -2.30258509 -4.86846295 -4.02938919 -5.06220353]
log likelihood =  -1048.90007888
Edge derivatives =  [-0.005261713257558365, -0.005261713257558032, 0.08528229651928998, 0.05790252879510399, -0.18036083868314182, -0.532453889890985, 0.02304396026987346, -0.04651642037403652, -0.02288397499297497, -0.08643837602379217, -0.04651642037403648, 1.0969011058967557e-15, -0.03285113288573564, -0.023729303022434763, 1.1146445155697306e-15, -0.046516420374036346, 0.11560343247689776, -0.024269661301759095]
other derivatives: [-0.22564564  0.1497483  -0.31645868  0.34226559  0.07432845 -0.03110472]
Current x array =  [-0.78299308 -0.80817708 -0.79683826  0.76137761 -1.17818546 -6.80606868
 -2.4452816  -2.4452816  -0.02146878 -2.97939688 -2.69168283 -1.84988334
 -5.6418732  -4.85944703 -8.76348791 -4.00796725 -4.85944703 -2.30258509
 -3.63615084 -3.72416831 -2.30258509 -4.85944703 -4.01293514 -5.0551046 ]
log likelihood =  -1048.88870919
Edge derivatives =  [-0.014284268728520733, -0.01428426872852101, -0.000507534609991811, 0.05342443974312736, -0.12836076400542465, -0.31785551629811337, 0.025168377485675734, -0.058975238198187174, -0.019076253359609895, -0.0773059671233825, -0.058975238198186807, 5.781319951899132e-16, -0.014194860619456164, -0.07994095439127374, 5.887947074925209e-16, -0.058975238198186904, 0.059301336913960966, -0.03442638456269427]
other derivatives: [ 0.13105819  0.00563887 -0.44476565  0.07014478 -0.29044713 -0.02748948]
Current x array =  [-0.78397568 -0.80760321 -0.79652554  0.77125415 -1.16642551 -6.93349885
 -2.44427571 -2.44427571 -0.02136467 -2.97744138 -2.69077929 -1.86184579
 -5.67202083 -4.84704362 -8.94360146 -4.00877375 -4.84704362 -2.30258509
 -3.64198761 -3.70785561 -2.30258509 -4.84704362 -3.99329033 -5.04510667]
log likelihood =  -1048.88253188
Edge derivatives =  [-0.03228077956101651, -0.032280779561016396, 0.009265611667143736, 0.03727082335153748, -0.0563012871819881, -0.07934073037607892, 0.02775481998840735, -0.06048074295331511, -0.017456638436699146, -0.07315909377409816, -0.06048074295331489, 6.664458638553998e-16, -0.00947401187089069, -0.11387730769901352, 6.662833387042456e-16, -0.06048074295331515, 0.010384987732056483, -0.035969361524195734]
other derivatives: [ 0.20995685  0.23717348 -0.12867076 -0.12776127 -0.07521521 -0.02571596]
Current x array =  [-0.78396069 -0.80902154 -0.79811362  0.77623942 -1.17130303 -6.99639427
 -2.44121941 -2.44121941 -0.02041933 -2.97368281 -2.69255748 -1.87514312
 -5.68644668 -4.84559798 -9.03158496 -4.00915848 -4.84559798 -2.30258509
 -3.644154   -3.69844276 -2.30258509 -4.84559798 -3.976834   -5.04388306]
log likelihood =  -1048.879943
Edge derivatives =  [-0.02119639014473637, -0.021196390144737218, 0.05517571808441829, 0.03937403071932306, -0.00957326101593503, 0.06603750767883304, 0.03096424202790865, -0.06829962328973037, -0.015786916955959688, -0.05677746135820893, -0.06829962328973012, -1.9897702391407747e-16, -0.008645309767478994, -0.11305944481986999, -2.0491672776466272e-16, -0.06829962328973019, -0.001554564652128762, -0.042921009220020415]
other derivatives: [-0.03585683 -0.06175469  0.0189857  -0.06871232 -0.01489298 -0.02387424]
Current x array =  [-0.78318057 -0.80708835 -0.79890354  0.77430756 -1.17320014 -7.0666804
 -2.44368612 -2.44368612 -0.02094869 -2.97191168 -2.6955214  -1.88270637
 -5.70169773 -4.83833341 -9.13111011 -4.01485034 -4.83833341 -2.30258509
 -3.64457958 -3.69872011 -2.30258509 -4.83833341 -3.97298357 -5.03723358]
log likelihood =  -1048.8786899
Edge derivatives =  [-0.015905162088718672, -0.015905162088718575, -0.0221796031233214, 0.038544304446851946, 0.0049198352953400415, 0.10983847432750843, 0.0326575002889753, -0.06979593204447901, -0.015047600640048302, -0.047519854663301914, -0.0697959320444788, -1.5542668007531435e-16, -0.007909831949508332, -0.1043431830491901, -1.554267076236043e-16, -0.06979593204447906, -0.00809137934664924, -0.044856920515539696]
other derivatives: [-0.07335075 -0.05152287  0.13503723  0.02157776  0.03501555 -0.02301022]
Current x array =  [-0.78310917 -0.80711047 -0.79943147  0.77155264 -1.17528454 -7.1004829
 -2.44494901 -2.44494901 -0.02004921 -2.97022521 -2.69701544 -1.88479323
 -5.70841195 -4.83672699 -9.17862157 -4.01809797 -4.83672699 -2.30258509
 -3.64481195 -3.70098243 -2.30258509 -4.83672699 -3.97085227 -5.03539256]
log likelihood =  -1048.8761367
Edge derivatives =  [-0.005763129043560938, -0.0057631290435609245, 0.08114487779683738, 0.03706857179184478, 0.025320407452444904, 0.15252116541071992, 0.03593354764432992, -0.06973420414497529, -0.013584377816640384, -0.027103375856992656, -0.06973420414497553, 7.013157553135427e-16, -0.001437444746619096, -0.07537410062630173, 6.892905084126135e-16, -0.0697342041449751, -0.02183156412148838, -0.047103328460174634]
other derivatives: [-0.03349214 -0.09272298  0.09235919  0.12144028  0.15022579 -0.02135039]
Current x array =  [-0.78317031 -0.80681618 -0.79923874  0.76776104 -1.17860944 -7.17302045
 -2.44772248 -2.44772248 -0.02105274 -2.96562823 -2.69985637 -1.88618101
 -5.72184217 -4.83565659 -9.28004887 -4.02527607 -4.83565659 -2.30258509
 -3.64624439 -3.70844091 -2.30258509 -4.83565659 -3.96623677 -5.03315442]
log likelihood =  -1048.87906371
Edge derivatives =  [-0.0022905352028982223, -0.0022905352028978337, -0.32974087810289665, 0.02023117779973701, 0.006742226724145428, 0.07286166760632645, 0.04313140253799976, -0.05945860393941225, -0.010366786891778107, 0.0151596966978442, -0.05945860393941255, -4.4419982052161217e-17, 0.02667374955549824, 0.00119833361596932, -4.441544376761013e-17, -0.0594586039394122, -0.0822510408734945, -0.04640694986971378]
other derivatives: [-1.74914021  0.27980605  1.38450105  0.42996362 -0.02012257 -0.01753051]
Current x array =  [-0.77868607 -0.80905291 -0.80541476  0.76135436 -1.1764676  -7.36791536
 -2.45278969 -2.45278969 -0.01842944 -2.95007618 -2.70403872 -1.88121932
 -5.75546894 -4.84236549 -9.55056921 -4.04084556 -4.84236549 -2.30258509
 -3.6540635  -3.72907276 -2.30258509 -4.84236549 -3.94711747 -5.03485362]
log likelihood =  -1048.874158
Edge derivatives =  [-0.004353923478347635, -0.004353923478348121, -0.07790651120833558, 0.030596406381413067, 0.018169328275936786, 0.12178483859694028, 0.03878112599477107, -0.06573981761543682, -0.012232111636928226, -0.010619811494858744, -0.06573981761543678, 1.2583399270002368e-15, 0.009499104021636728, -0.04548325670135808, 1.2508561188139576e-15, -0.06573981761543705, -0.045115215516303604, -0.046830709991413214]
other derivatives: [-0.69660473  0.0518412   0.59549166  0.2410161   0.08417373 -0.01987246]
Current x array =  [-0.78143091 -0.80768379 -0.80163437  0.76527594 -1.17777863 -7.24861871
 -2.44968801 -2.44968801 -0.02003518 -2.95959571 -2.70147867 -1.88425641
 -5.73488574 -4.83825892 -9.38498166 -4.03131536 -4.83825892 -2.30258509
 -3.64927737 -3.71644384 -2.30258509 -4.83825892 -3.95882054 -5.03381353]
log likelihood =  -1048.86995672
Edge derivatives =  [0.0032566296232983544, 0.0032566296232986736, -0.01793394681250632, 0.024118666620854948, 0.02659910481532754, 0.11096824705809771, 0.043539708201987055, -0.058700900061209274, -0.01083194609329075, 0.014476668667092442, -0.05870090006120969, -8.780441185406464e-16, 0.026368472981185095, 0.004479318378409869, -8.66475369209654e-16, -0.058700900061209454, -0.06734104763756016, -0.04494763109154824]
other derivatives: [-0.30415777  0.04865797  0.36152414  0.2624347   0.12191776 -0.01812168]
Current x array =  [-0.78250416 -0.80768066 -0.80055601  0.76396713 -1.17854508 -7.33603894
 -2.4526772  -2.4526772  -0.02056105 -2.95154126 -2.70458852 -1.88230974
 -5.74890348 -4.84279593 -9.50587516 -4.04019715 -4.84279593 -2.30258509
 -3.65298097 -3.72943726 -2.30258509 -4.84279593 -3.95128081 -5.03542743]
log likelihood =  -1048.86563853
Edge derivatives =  [0.0028912176092648484, 0.002891217609265348, 0.018738720091765138, 0.010035893628222776, 0.013919940907254513, 0.01857008767165047, 0.04958961489624727, -0.043277109006701814, -0.009401839679944676, 0.04048448509460918, -0.04327710900670204, -1.7719090360895644e-16, 0.052385854812859456, 0.06738362105410214, -2.494765466329132e-16, -0.043277109006702216, -0.10196373356821019, -0.03784306344980275]
other derivatives: [ 0.05315997  0.02255547  0.00811724  0.15643309  0.07094059 -0.01632543]
Current x array =  [-0.78346408 -0.80756853 -0.79893538  0.76687464 -1.17629178 -7.4395167
 -2.45509102 -2.45509102 -0.02093107 -2.93962022 -2.70708469 -1.87588434
 -5.76337999 -4.85432472 -9.64758491 -4.04947315 -4.85432472 -2.30258509
 -3.65886124 -3.74604804 -2.30258509 -4.85432472 -3.93968738 -5.04214557]
log likelihood =  -1048.86426394
Edge derivatives =  [-0.0024410165780751614, -0.0024410165780746756, 0.0023927963622275006, 0.0022029844084373723, 0.004990700130092535, -0.030175235232106634, 0.051788846003241414, -0.034391798777781236, -0.00914114430694909, 0.04361500015487635, -0.034391798777781084, 1.572542232608724e-15, 0.058672996543128096, 0.08434907897740185, 1.5800679568993663e-15, -0.034391798777780896, -0.10953389308270123, -0.03237596011537497]
other derivatives: [ 0.06575647  0.00627551 -0.05888978  0.03433342  0.02246452 -0.01596163]
Current x array =  [-0.78345692 -0.80747136 -0.79866308  0.77071171 -1.17436313 -7.46144908
 -2.45508547 -2.45508547 -0.02071092 -2.93506219 -2.70747379 -1.87306847
 -5.76400858 -4.86189286 -9.67639456 -4.050708   -4.86189286 -2.30258509
 -3.66027398 -3.75068068 -2.30258509 -4.86189286 -3.93718181 -5.04752563]
log likelihood =  -1048.86246232
Edge derivatives =  [-0.007720720863826705, -0.007720720863826344, -0.001596610400170173, -0.006077914398011121, -0.0002753183743253451, -0.05678068689955884, 0.05430766250728252, -0.023239388612160176, -0.008947991716662131, 0.04069505338881595, -0.023239388612160503, -9.651751257812439e-17, 0.05311532964928452, 0.08905490502981889, -1.2043138809124865e-16, -0.023239388612160655, -0.10116995774838658, -0.02466473100335895]
other derivatives: [ 0.2701654  -0.0214186   0.10606982 -0.05609309 -0.03067271 -0.01568878]
Current x array =  [-0.78402357 -0.80728927 -0.79953963  0.77357499 -1.17220413 -7.47942709
 -2.45513526 -2.45513526 -0.02071517 -2.9302794  -2.70777574 -1.87170339
 -5.76094943 -4.87207412 -9.69886659 -4.04984395 -4.87207412 -2.30258509
 -3.6588752  -3.75212067 -2.30258509 -4.87207412 -3.93991862 -5.05522284]
log likelihood =  -1048.86076783
Edge derivatives =  [-0.02430009447026997, -0.0243000944702699, -0.03992544631617928, -0.029646027694271666, 0.01925048550157521, -0.02873021800796116, 0.06152806100495079, 0.007525931670057891, -0.008261963391656805, 0.030412360711433988, 0.0075259316700575715, -3.739155380495586e-16, 0.027231173001344658, 0.08240064564126631, -3.5903213365626937e-16, 0.007525931670057877, -0.06937825974071074, -0.0029597946592044046]
other derivatives: [-0.62873369  0.06980372 -0.47282356 -0.27596343 -0.16223112 -0.01459739]
Current x array =  [-0.78133725 -0.80781638 -0.7968649   0.78117015 -1.16795777 -7.54389137
 -2.45526756 -2.45526756 -0.02044414 -2.91655981 -2.70925519 -1.87348723
 -5.75306949 -4.90057307 -9.78113607 -4.0460495  -4.90057307 -2.30258509
 -3.65233463 -3.75027315 -2.30258509 -4.90057307 -3.95011065 -5.07699041]
log likelihood =  -1048.85769072
Edge derivatives =  [-0.018626967059109475, -0.018626967059108795, -0.030962592838970737, -0.028037952617602252, 0.02247619766855899, 0.0013765644960144763, 0.06215157436471165, 0.00798211625206931, -0.008183987643102067, 0.02638200810213219, 0.007982116252069366, -3.158767588590205e-16, 0.012611834324577562, 0.06937372705401673, -2.9677054843803543e-16, 0.0079821162520697, -0.050121016494553236, -0.0021310790126786317]
other derivatives: [-0.02423803 -0.02057732  0.04461072 -0.1762146  -0.13681074 -0.01459739]
Current x array =  [-0.78312329 -0.80722315 -0.79939386  0.77785875 -1.16864545 -7.55132521
 -2.45622935 -2.45622935 -0.02061019 -2.91649621 -2.70936717 -1.87528247
 -5.75130074 -4.90155612 -9.79095549 -4.04478436 -4.90155612 -2.30258509
 -3.64893239 -3.74696813 -2.30258509 -4.90155612 -3.9565935  -5.07791542]
log likelihood =  -1048.85607453
Edge derivatives =  [-0.012235422399314022, -0.012235422399314369, -0.005185661322477941, -0.027993121376211884, 0.038257025012775475, 0.06396043001253743, 0.06361864692010279, 0.010598487677888468, -0.00788080227692702, 0.024359165185309027, 0.010598487677888263, 2.4424819353190067e-16, -0.006024914447740205, 0.054673136825776965, 2.4977641371916253e-16, 0.010598487677888398, -0.027793411833268028, -5.583313751881917e-05]
other derivatives: [ 0.13412773 -0.04424692  0.19945219 -0.05286438 -0.08283223 -0.01423359]
Current x array =  [-0.78360314 -0.80703373 -0.80014539  0.77383955 -1.1705095  -7.57936064
 -2.45776296 -2.45776296 -0.02092761 -2.91472392 -2.71011962 -1.8787032
 -5.75118302 -4.90427928 -9.82889189 -4.0440435  -4.90427928 -2.30258509
 -3.64448676 -3.74305449 -2.30258509 -4.90427928 -3.96403612 -5.08001244]
log likelihood =  -1048.85497191
Edge derivatives =  [-0.0063951439205739286, -0.006395143920574206, -0.03200861185577025, -0.030488444289620373, 0.04450791325346823, 0.0917112445395652, 0.0651284102600844, 0.016317336235692086, -0.007432417740426873, 0.022816649644957596, 0.01631733623569209, -2.4428554214712337e-16, -0.022887908617128708, 0.04010395225227178, -2.4981251997046475e-16, 0.016317336235692072, -0.007402913523554086, 0.0040356240508783656]
other derivatives: [ 0.12205419  0.04822596  0.13876615  0.04215508 -0.02057732 -0.01355147]
Current x array =  [-0.78359305 -0.80757985 -0.79979671  0.77074287 -1.17280609 -7.62309445
 -2.45950363 -2.45950363 -0.02053726 -2.91143013 -2.71024242 -1.88021938
 -5.75118623 -4.90961022 -9.88779912 -4.04326085 -4.90961022 -2.30258509
 -3.64045157 -3.73901066 -2.30258509 -4.90961022 -3.97078719 -5.08409193]
log likelihood =  -1048.85468415
Edge derivatives =  [0.003200211087859381, 0.003200211087859478, 0.0866434317229462, -0.030074674977917396, 0.030152030485963377, 0.05776977059361965, 0.06709488422193478, 0.021745558503388406, -0.006829548971408464, 0.020009289255324046, 0.021745558503388315, 5.230880475047534e-16, -0.03614163167587439, 0.01978927833305208, 5.05837135109751e-16, 0.02174555850338848, 0.012089987288702628, 0.008007815868250823]
other derivatives: [-0.23742359 -0.43739874  0.08008101  0.11855263  0.07196377 -0.01273293]
Current x array =  [-0.7825039  -0.80443006 -0.79947321  0.76797646 -1.17576359 -7.68664756
 -2.46206445 -2.46206445 -0.02176623 -2.90815394 -2.70897978 -1.87864586
 -5.75118257 -4.91479126 -9.97367546 -4.042459   -4.91479126 -2.30258509
 -3.63723969 -3.73385237 -2.30258509 -4.91479126 -3.97741917 -5.08818588]
log likelihood =  -1048.85370487
Edge derivatives =  [0.002963714139999879, 0.00296371413999974, 0.022241013134614518, -0.031573909885794185, 0.024857283827872362, 0.040922466898695276, 0.06608275056255633, 0.023334582647126127, -0.006741850889088427, 0.020162088058916408, 0.023334582647125884, 7.403710844154655e-16, -0.03564772524095497, 0.018175163142309284, 7.476000616101146e-16, 0.023334582647125946, 0.011480241442784138, 0.009052412533441781]
other derivatives: [-0.13201316 -0.06978098 -0.00090949  0.10479653  0.06593837 -0.01252829]
Current x array =  [-0.78284187 -0.80678746 -0.79903371  0.76845326 -1.17558748 -7.69605554
 -2.46212689 -2.46212689 -0.0210063  -2.90754845 -2.70845274 -1.8776996
 -5.75111398 -4.91597733 -9.98627441 -4.04209786 -4.91597733 -2.30258509
 -3.63744077 -3.73308021 -2.30258509 -4.91597733 -3.9771008  -5.08916278]
log likelihood =  -1048.85317065
Edge derivatives =  [0.004775790906657307, 0.004775790906656793, 0.005299072021156759, -0.030367302183263972, 0.010584307639416535, 0.0002709639876129488, 0.06469823944010675, 0.02319287138386773, -0.006652098303507486, 0.018745916114265355, 0.023192871383867913, 2.155221989611085e-16, -0.032693018994351376, 0.011761681450045643, 2.4652146288479436e-16, 0.023192871383867896, 0.010443217500499244, 0.00915071076281335]
other derivatives: [-0.03067271  0.06239134 -0.09065388  0.07612471  0.06812115 -0.0124146 ]
Current x array =  [-0.78313794 -0.80765891 -0.79855957  0.76924417 -1.17553026 -7.70597053
 -2.46231896 -2.46231896 -0.02072558 -2.90806836 -2.70710244 -1.87559731
 -5.75024929 -4.91565173 -9.99960952 -4.04129877 -4.91565173 -2.30258509
 -3.63819951 -3.7311525  -2.30258509 -4.91565173 -3.97666744 -5.0891802 ]
log likelihood =  -1048.85245077
Edge derivatives =  [0.01070718333572443, 0.010707183335724041, -0.020863013324730117, -0.026746224376068037, -0.018001985265978626, -0.07782578886501229, 0.06231699962502429, 0.021827239635370407, -0.006371014390003412, 0.017189306656233493, 0.021827239635370962, 9.46530848740629e-16, -0.026415579492994883, -0.0008076927480963683, 9.229142525249373e-16, 0.02182723963537044, 0.00813286704127885, 0.008467576436361424]
other derivatives: [-0.04238245  0.17896582 -0.068394    0.05106813  0.06998562 -0.01211902]
Current x array =  [ -0.7831275   -0.80843409  -0.79859572   0.77004348  -1.17552473
  -7.73772922  -2.46328735  -2.46328735  -0.02042389  -2.90904755
  -2.70459808  -1.87170704  -5.74968162  -4.91412919 -10.04286568
  -4.040424    -4.91412919  -2.30258509  -3.6399031   -3.72761971
  -2.30258509  -4.91412919  -3.97587894  -5.08846862]
log likelihood =  -1048.85228476
Edge derivatives =  [0.025822743355004188, 0.025822743355004646, 0.03156812914090523, -0.019613546599239674, -0.04440162556407945, -0.1358481208620776, 0.060475701618503803, 0.021867051009689654, -0.005633859312592117, 0.011432955664810895, 0.021867051009689217, 3.4076340391177567e-16, -0.02108648700130794, -0.03700464784100789, 3.092146251676567e-16, 0.0218670510096893, 0.01739314071272543, 0.00996486111387324]
other derivatives: [  6.68160283e-01   2.27373675e-05  -5.40990186e-01  -4.47244020e-02
   6.38920028e-02  -1.10730980e-02]
Current x array =  [ -0.78509513  -0.80741294  -0.79631919   0.77228665  -1.17465571
  -7.82869498  -2.46578426  -2.46578426  -0.02060477  -2.90954768
  -2.70069618  -1.86890348  -5.74657662  -4.91404392 -10.16598286
  -4.03749351  -4.91404392  -2.30258509  -3.64112265  -3.71746638
  -2.30258509  -4.91404392  -3.97863124  -5.0895711 ]
log likelihood =  -1048.85091023
Edge derivatives =  [0.02746858900256452, 0.027468589002564686, -0.010370349227459164, -0.016800810269020097, -0.0508010357842367, -0.1482449738339498, 0.05904252685207677, 0.018049304476087227, -0.005601915328112984, 0.011989703205685057, 0.018049304476087387, 2.886471503981683e-16, -0.017694831097022787, -0.03898244698958705, 2.8864916301340223e-16, 0.018049304476087377, 0.012855118364357147, 0.00721908398310965]
other derivatives: [ 0.21600499  0.07114522 -0.19147137 -0.00734417  0.05327365 -0.01100489]
Current x array =  [ -0.78384971  -0.80783388  -0.79796368   0.77168154  -1.17470207
  -7.83239861  -2.46602632  -2.46602632  -0.0204485   -2.91110327
  -2.7002923   -1.86858481  -5.74748523  -4.91060591 -10.17165822
  -4.03788868  -4.91060591  -2.30258509  -3.64224904  -3.71715801
  -2.30258509  -4.91060591  -3.97735122  -5.08702609]
log likelihood =  -1048.84994177
Edge derivatives =  [0.033206430400448156, 0.03320643040044963, -0.024291476954662827, -0.012313131813604244, -0.05047903520298011, -0.13206472959128585, 0.057927743318347935, 0.014298301597896999, -0.005339158106024539, 0.010859489692709202, 0.014298301597896943, 4.0859768854953504e-17, -0.015252254631770719, -0.051689849517364446, 2.5977037984013955e-17, 0.014298301597896763, 0.01383417214695764, 0.005085428972444539]
other derivatives: [-0.03460627  0.02560228  0.03956302  0.01209628  0.02996785 -0.01066383]
Current x array =  [ -0.78315362  -0.80753874  -0.79908395   0.77148206  -1.17417556
  -7.8673936   -2.46703048  -2.46703048  -0.02054514  -2.91246791
  -2.69963856  -1.86987349  -5.7474494   -4.90742677 -10.21969507
  -4.03750856  -4.90742677  -2.30258509  -3.64311027  -3.71393053
  -2.30258509  -4.90742677  -3.97784467  -5.08500504]
log likelihood =  -1048.84878474
Edge derivatives =  [0.044640156746146936, 0.0446401567461468, -0.024548699339218105, -0.004759397739953292, -0.04382581069127331, -0.08343729132227706, 0.05632440897445823, 0.009228126547390365, -0.0047596507928337264, 0.007514291485931877, 0.009228126547391066, 1.0189648978122937e-15, -0.011407671671856204, -0.08023134246145175, 1.0423766491279685e-15, 0.009228126547390539, 0.01935735740939333, 0.0028218880392274093]
other derivatives: [-0.20470452 -0.06400569  0.21075266  0.01173248 -0.01718945 -0.00975433]
Current x array =  [ -0.78266877  -0.80699479  -0.79995332   0.77192357  -1.17278808
  -7.951531    -2.46908252  -2.46908252  -0.02082698  -2.91416301
  -2.6983585   -1.87315931  -5.74627378  -4.90328507 -10.33449184
  -4.03608181  -4.90328507  -2.30258509  -3.64440396  -3.70644896
  -2.30258509  -4.90328507  -3.97982564  -5.0827957 ]
log likelihood =  -1048.84786245
Edge derivatives =  [0.051872624261558295, 0.051872624261557296, 0.0021362530219184994, 0.0008426942410965921, -0.03143064487498437, -0.025036968473958254, 0.05464660438989168, 0.004968336558565906, -0.0042515755348885905, 0.0034845089052905065, 0.004968336558565465, 6.953445806509698e-16, -0.005089778701199407, -0.10370586411467256, 7.029118492971188e-16, 0.004968336558566263, 0.023040799652974682, 0.0013118244830964635]
other derivatives: [-0.27926035 -0.07132712  0.1269882  -0.01759872 -0.05807124 -0.00898126]
Current x array =  [ -0.78242674  -0.80699197  -0.79959631   0.7730204   -1.17139076
  -8.03428469  -2.4702575   -2.4702575   -0.02125251  -2.9157131
  -2.69738922  -1.8767889   -5.74374758  -4.89982111 -10.44704346
  -4.03425905  -4.89982111  -2.30258509  -3.6461295   -3.70015583
  -2.30258509  -4.89982111  -3.98103543  -5.0812074 ]
log likelihood =  -1048.84981035
Edge derivatives =  [0.0628887196731397, 0.06288871967313842, 0.06503122727115057, 0.004725499162452747, 0.004868838193945818, 0.13560751297892082, 0.052923608831928315, -0.0024085878122094458, -0.0032049564381761673, -0.005014848506882955, -0.0024085878122095394, 9.112903599484904e-17, 0.0006143835546933638, -0.14090588696814352, 1.1770248018994061e-16, -0.0024085878122091196, 0.03603227239067161, -0.0005414540414066891]
other derivatives: [ 0.94676125 -0.10445547  0.85717602  0.02405613  0.01750777 -0.00743512]
Current x array =  [ -0.78591876  -0.80679325  -0.80328861   0.77087489  -1.17257719
  -8.24189091  -2.4717919   -2.4717919   -0.02169213  -2.91677852
  -2.69708558  -1.88626509  -5.73785293  -4.89458338 -10.72918882
  -4.03090709  -4.89458338  -2.30258509  -3.64802036  -3.69053132
  -2.30258509  -4.89458338  -3.98558101  -5.07934824]
log likelihood =  -1048.84739785
Edge derivatives =  [0.05522257279057294, 0.0552225727905717, 0.021304837764695883, 0.0020228194156483234, -0.020417253836779975, 0.023933295286807488, 0.05412531254360299, 0.0027351783106613244, -0.003902312193784281, 0.0009177846818761506, 0.0027351783106610607, 7.180936387927984e-16, -0.0033537975852098653, -0.11494351388640646, 7.253871320362982e-16, 0.0027351783106613382, 0.026991697693779612, 0.0007516651075477852]
other derivatives: [ 0.09383712 -0.08137704  0.34929144 -0.00497948 -0.03506102 -0.0084583 ]
Current x array =  [ -0.78348598  -0.80693169  -0.8007163    0.7723696   -1.17175064
  -8.09725828  -2.47072293  -2.47072293  -0.02138586  -2.91603627
  -2.69729712  -1.87966333  -5.74195955  -4.89823234 -10.53262715
  -4.03324229  -4.89823234  -2.30258509  -3.64670306  -3.69723641
  -2.30258509  -4.89823234  -3.98241425  -5.08064346]
log likelihood =  -1048.84656131
Edge derivatives =  [0.0571267892006498, 0.05712678920064994, 0.03549274089874893, 0.003807905759621283, -0.010206054472665288, 0.06536523331761401, 0.052757212877983885, 0.00039324780426281195, -0.0035232082283901253, -0.0028024960125447376, 0.00039324780426299236, -2.2627181375126853e-16, 0.002900303387894182, -0.12782129742530152, -1.8535463562858056e-16, 0.0003932478042628501, 0.029290239374350047, 0.0004222844348046491]
other derivatives: [ 0.11923476 -0.00679847  0.11179964 -0.02405613 -0.04026788 -0.00782165]
Current x array =  [ -0.78353104  -0.80743534  -0.79957524   0.77288854  -1.17150333
  -8.17235982  -2.4708914   -2.4708914   -0.02146691  -2.91675684
  -2.69668212  -1.88211031  -5.73876321  -4.8963596  -10.63445028
  -4.03152802  -4.8963596   -2.30258509  -3.64822891  -3.69364416
  -2.30258509  -4.8963596   -3.9830544   -5.08014862]
log likelihood =  -1048.8455014
Edge derivatives =  [0.05376936868322647, 0.053769368683226224, 0.021920956886435028, 0.0024485269216966282, -0.00034944383858237504, 0.1003114873450765, 0.05144582489553997, -0.0021375246400938824, -0.0031276786384890408, -0.006534443987680237, -0.0021375246400936777, 4.562898548808975e-16, 0.010592389945942159, -0.1303670960592181, 4.446132376581314e-16, -0.00213752464009407, 0.029532305186411846, 6.638966542639457e-05]
other derivatives: [ 0.1737817   0.08594725 -0.13701538 -0.01195986 -0.01020908 -0.00718501]
Current x array =  [ -0.7836763   -0.8080239   -0.79834694   0.77232415  -1.17254653
  -8.25992928  -2.46997856  -2.46997856  -0.02110933  -2.91720918
  -2.69650166  -1.88403871  -5.73459728  -4.89434651 -10.75313034
  -4.02994589  -4.89434651  -2.30258509  -3.64998406  -3.69276908
  -2.30258509  -4.89434651  -3.98298689  -5.07960248]
log likelihood =  -1048.8439029
Edge derivatives =  [0.043617207728193455, 0.0436172077281933, -0.008764521049942686, -0.002131165274025272, 0.004728970635356766, 0.1186333910852696, 0.049326317705781345, -0.0065337430381458145, -0.002576278009978513, -0.012444616757864783, -0.006533743038146144, 6.412222873765619e-16, 0.023746343247000118, -0.12429866356874021, 6.425364577155172e-16, -0.006533743038145912, 0.02666900758475583, -0.0008605961776516034]
other derivatives: [ 0.23717348  0.15088517 -0.38764938  0.0253749   0.06434675 -0.00623004]
Current x array =  [ -0.78385693  -0.8083988   -0.79706865   0.77080481  -1.17511953
  -8.40273574  -2.46756478  -2.46756478  -0.02039206  -2.91787056
  -2.69621024  -1.88501226  -5.72746816  -4.89084116 -10.94669919
  -4.02776141  -4.89084116  -2.30258509  -3.65294711  -3.69419946
  -2.30258509  -4.89084116  -3.98186781  -5.07845399]
log likelihood =  -1048.84167766
Edge derivatives =  [0.024717259203503997, 0.024717259203504136, -0.012920678905960992, -0.009944689654429212, -0.0012028325690515707, 0.0996757920376215, 0.04631173940074999, -0.012938636547858345, -0.0019388791027199889, -0.02159023427414057, -0.012938636547857856, 6.661029756168113e-17, 0.042367545011643866, -0.10834932049982898, 6.661207495881649e-17, -0.0129386365478583, 0.019853609920227493, -0.002340586974017813]
other derivatives: [ 0.28901468  0.06070877 -0.54981228  0.05529728  0.15063506 -0.00500222]
Current x array =  [ -0.78400054  -0.80775703  -0.79621122   0.76942796  -1.17798008
  -8.61241357  -2.46334921  -2.46334921  -0.01992338  -2.91885885
  -2.69557436  -1.88398244  -5.71637787  -4.8858487  -11.23084137
  -4.02481619  -4.8858487   -2.30258509  -3.65711129  -3.69844384
  -2.30258509  -4.8858487   -3.97947438  -5.07680051]
log likelihood =  -1048.83897384
Edge derivatives =  [-0.016261026114868488, -0.016261026114868835, -0.06445075831375874, -0.0239917951819021, -0.017783358017826156, 0.029024414532658027, 0.03873959957934303, -0.02604622887896064, -0.0012083487161094367, -0.03321947623658374, -0.026046228878960638, -4.4408057214168844e-17, 0.07050159300186201, -0.057276982952384065, -4.44080331064677e-17, -0.02604622887896079, 0.0007561672378958162, -0.007124770063250907]
other derivatives: [ 0.30586307  0.53166787 -0.43253294  0.07594281  0.15920705 -0.00347882]
Current x array =  [ -0.78416495  -0.81070774  -0.79667027   0.76888358  -1.17844462
  -8.96036831  -2.45469146  -2.45469146  -0.01931798  -2.92195641
  -2.69554511  -1.87995566  -5.69666397  -4.87517457 -11.70270353
  -4.02146655  -4.87517457  -2.30258509  -3.66345215  -3.7120655
  -2.30258509  -4.87517457  -3.97301913  -5.0719278 ]
log likelihood =  -1048.83605069
Edge derivatives =  [-0.06144517180719297, -0.061445171807194, -0.00437135845136305, -0.04209346506848088, -0.013797744358835129, 0.01907426251335026, 0.03753311402105077, -0.031908964630213976, -0.0007077126210305072, -0.05195589124253126, -0.031908964630213726, 4.885867509837082e-16, 0.08531988356305903, -0.012241233624946488, 4.885376701397552e-16, -0.031908964630213706, -0.0053431517116004565, -0.0058871947364779655]
other derivatives: [ 0.23380835 -0.30331648 -0.38969574  0.03058176  0.09924861 -0.00236469]
Current x array =  [ -0.78392828  -0.80525866  -0.79697989   0.7704342   -1.17681888
  -9.35689766  -2.44595117  -2.44595117  -0.01995177  -2.92175975
  -2.69712209  -1.87942738  -5.67203466  -4.87245327 -12.23883052
  -4.01680885  -4.87245327  -2.30258509  -3.66598107  -3.72525625
  -2.30258509  -4.87245327  -3.97107634  -5.07326942]
log likelihood =  -1048.83467326
Edge derivatives =  [-0.06152271325894326, -0.061522713258943706, 0.0031462638466158155, -0.042186820638093925, -0.005715900664360396, 0.040284444788898255, 0.03760612091679917, -0.030017333017826952, -0.00068369384030771, -0.0523759665469572, -0.030017333017826848, 4.538993012706267e-16, 0.07642477718129595, -0.012024618085459446, 4.4346225989149795e-16, -0.03001733301782722, -0.0014001733337860311, -0.00464628297416218]
other derivatives: [-0.04558842 -0.13162662 -0.04533831  0.01514309  0.04565663 -0.00229647]
Current x array =  [ -0.78315128  -0.80632704  -0.79868948   0.77142394  -1.17500508
  -9.38274536  -2.44636506  -2.44636506  -0.02042368  -2.9212971
  -2.6979846   -1.8808056   -5.66995301  -4.87453042 -12.27350152
  -4.0169797   -4.87453042  -2.30258509  -3.66394559  -3.7255943
  -2.30258509  -4.87453042  -3.97259523  -5.07478241]
log likelihood =  -1048.83393018
Edge derivatives =  [-0.06308356013435248, -0.06308356013435264, 0.01854601648662285, -0.04354284772338552, -0.0015198491221178612, 0.03683025642489818, 0.039016088540292926, -0.025215317863858076, -0.0006879212392030045, -0.050500003994919274, -0.025215317863858153, -2.992720544100935e-23, 0.062150953174048264, -0.0007670313609088944, -2.749607373686232e-23, -0.025215317863858222, 0.0021545395329501324, -0.002040194169803439]
other derivatives: [-0.09836185 -0.03269633  0.19829258 -0.0143018  -0.01878107 -0.00231921]
Current x array =  [ -0.78302017  -0.80694408  -0.79993535   0.77267421  -1.17276702
  -9.37893319  -2.4465445   -2.4465445   -0.02090561  -2.92019584
  -2.69945685  -1.88048808  -5.66796549  -4.87903992 -12.26760727
  -4.01814369  -4.87903992  -2.30258509  -3.66030815  -3.72895385
  -2.30258509  -4.87903992  -3.97389811  -5.07760282]
log likelihood =  -1048.83333325
Edge derivatives =  [-0.06264429277944521, -0.062644292779445, 0.02506966159080176, -0.04387727399178186, 0.0016345891412434532, 0.029735238727428726, 0.040526647220268885, -0.020452985666481377, -0.0006783695932409033, -0.04849818196655096, -0.020452985666481335, -1.6207781972922242e-16, 0.04877099693082927, 0.010510543364611838, -1.4767466990613306e-16, -0.02045298566648132, 0.005426416659012383, 0.0007329809360928762]
other derivatives: [-0.06571099 -0.00043201  0.25447662 -0.03462901 -0.05979928 -0.00229647]
Current x array =  [ -0.783121    -0.80713363  -0.80025235   0.77344533  -1.17137333
  -9.39001493  -2.44690657  -2.44690657  -0.02110848  -2.91939005
  -2.70077202  -1.87986419  -5.66487301  -4.88353422 -12.28182784
  -4.01931868  -4.88353422  -2.30258509  -3.65673172  -3.7322811
  -2.30258509  -4.88353422  -3.975006    -5.08047892]
log likelihood =  -1048.83162032
Edge derivatives =  [-0.051171921721742814, -0.0511719217217432, -0.0038987029203745305, -0.038344786678803644, 0.023148237239729724, 0.06391313913896557, 0.04309531834519687, -0.009962786228135088, -0.00048381176131105983, -0.04824389378341352, -0.009962786228134988, 8.121546114059725e-17, 0.010165601615282419, 0.027270752687784748, 1.0718974700636069e-16, -0.009962786228134821, 0.019830412437184072, 0.008986942891327414]
other derivatives: [-0.48478341 -0.00761702  0.4170488  -0.02396519 -0.11659722 -0.00184173]
Current x array =  [ -0.78194128  -0.80693785  -0.80111659   0.77372737  -1.16992028
  -9.64203426  -2.44949002  -2.44949002  -0.02106821  -2.91915717
  -2.70421789  -1.88162651  -5.6437846   -4.8951247  -12.62072085
  -4.02125162  -4.8951247   -2.30258509  -3.64632481  -3.73814057
  -2.30258509  -4.8951247   -3.97999432  -5.08916913]
log likelihood =  -1048.82987164
Edge derivatives =  [-0.031042618319729723, -0.03104261831973075, 0.023117599871868844, -0.027889241983511462, 0.046431878004812716, 0.10003012674830569, 0.044273571220704425, -1.852532875169441e-05, -0.0002667587888011274, -0.04865389235404277, -1.8525328751899106e-05, 1.211566229442114e-16, -0.033425901428316716, 0.0497501624378709, 1.0498705163779284e-16, -1.8525328752169723e-05, 0.035963343543644194, 0.018574340170206864]
other derivatives: [ 0.37650807  0.02885372  0.5448328  -0.03135483 -0.09927135 -0.00113687]
Current x array =  [ -0.78438683  -0.80702415  -0.80185305   0.77332075  -1.16974829
 -10.08415344  -2.45278103  -2.45278103  -0.02100682  -2.920875
  -2.70793082  -1.88312226  -5.6098633   -4.90727762 -13.21656036
  -4.02340575  -4.90727762  -2.30258509  -3.63408935  -3.74584097
  -2.30258509  -4.90727762  -3.9853347   -5.09900026]
log likelihood =  -1048.8279118
Edge derivatives =  [-0.02580236145949813, -0.025802361459498102, -0.002159717144696871, -0.022177545032766345, 0.04902434488506821, 0.0961739024993542, 0.041637994273705126, -0.000991283219840603, -0.00017560110168570196, -0.052095018424396115, -0.0009912832198408668, -3.548108147439318e-16, -0.039597792956920244, 0.05937182975043278, -3.5504574883332594e-16, -0.0009912832198407835, 0.037913379477593954, 0.020491518825035263]
other derivatives: [ 0.09840733  0.04929461  0.26411726  0.01193712 -0.05443326 -0.00086402]
Current x array =  [ -0.7835919   -0.80704331  -0.80042218   0.77194181  -1.17162902
 -10.39349805  -2.45317655  -2.45317655  -0.02050675  -2.92353608
  -2.70842215  -1.88291925  -5.58935215  -4.90802439 -13.63469456
  -4.02327641  -4.90802439  -2.30258509  -3.63167953  -3.74920871
  -2.30258509  -4.90802439  -3.98589958  -5.10089563]
log likelihood =  -1048.82625147
Edge derivatives =  [-0.016074943842237552, -0.01607494384223765, -0.023102295233539294, -0.011273643703819496, 0.047774389217988794, 0.08066823558580155, 0.035091853494232106, -0.005722599740748749, -7.796351881199948e-05, -0.059440709724202095, -0.005722599740749075, 6.672073947924435e-17, -0.042405861388834516, 0.0715665810741267, 6.665444894371747e-17, -0.005722599740748447, 0.03881453845901455, 0.022499948091460845]
other derivatives: [-0.02819434  0.01816716 -0.15015758  0.07617018  0.05989023 -0.00045475]
Current x array =  [ -0.78321569  -0.8066558   -0.79830224   0.76947606  -1.17567467
 -10.99383078  -2.45357042  -2.45357042  -0.01966975  -2.92924041
  -2.70838208  -1.88222304  -5.55065569  -4.90682058 -14.44658778
  -4.02262678  -4.90682058  -2.30258509  -3.62933751  -3.7539129
  -2.30258509  -4.90682058  -3.98602648  -5.10277107]
log likelihood =  -1048.82565706
Edge derivatives =  [-0.009430390776521039, -0.009430390776520817, -0.026157709642646132, -0.0054668374516324975, 0.04130081114332887, 0.060688102821107814, 0.03189636515471163, -0.007728105848254233, -5.5496881832595395e-05, -0.06077531145572733, -0.0077281058482546496, -3.1144125826439365e-16, -0.042457061036167136, 0.07127713329291785, -3.222304001949404e-16, -0.00772810584825424, 0.038296636955743854, 0.023016786750186133]
other derivatives: [-0.0272621  -0.01873559 -0.15238584  0.08417373  0.09993073 -0.00034106]
Current x array =  [ -0.7832122   -0.8063448   -0.79825677   0.76905872  -1.17692845
 -11.245222    -2.45422984  -2.45422984  -0.01943065  -2.93182738
  -2.70782819  -1.88138754  -5.53419048  -4.9064037  -14.78658518
  -4.0230538   -4.9064037   -2.30258509  -3.62872088  -3.75452452
  -2.30258509  -4.9064037   -3.98585462  -5.10330665]
log likelihood =  -1048.82394448
Edge derivatives =  [0.02340200909285707, 0.023402009092857112, 0.0728318893401037, 0.02649477743307562, 0.01935932824174247, -0.00829462797880598, 0.011497560316025002, -0.015276404695539019, -8.655219952533767e-06, -0.05779157967476309, -0.015276404695539203, 6.026545740142438e-16, -0.03983734552480895, 0.05365596836132456, 6.28847896291849e-16, -0.015276404695539338, 0.0377250059707324, 0.026509795444394704]
other derivatives: [  1.30307853e-01   1.31763045e-01  -6.80347512e-01  -2.38060238e-02
   1.30512490e-02  -1.13686838e-04]
Current x array =  [ -0.78363313  -0.80710252  -0.79574102   0.77238707  -1.17367292
 -12.61887621  -2.45802879  -2.45802879  -0.02032559  -2.9444913
  -2.70445965  -1.87909538  -5.44278362  -4.90708931 -16.64408273
  -4.02845249  -4.90708931  -2.30258509  -3.62584146  -3.75302488
  -2.30258509  -4.90708931  -3.98532702  -5.1066802 ]
log likelihood =  -1048.82243825
Edge derivatives =  [0.03145807879599126, 0.03145807879599197, -0.028925645398655664, 0.03226947239773949, -0.00109260053305138, -0.046467893852517705, 0.006904053122759586, -0.01891243910909041, -6.124369637817136e-06, -0.05511480661718253, -0.018912439109089876, 9.114877352556469e-19, -0.030724584303643297, 0.03593271591313422, 4.550831559997064e-19, -0.018912439109090365, 0.032542856489072854, 0.0251617480077238]
other derivatives: [  7.18500814e-03  -7.78072717e-02  -1.56410351e-01  -4.34283720e-03
   2.40788722e-02  -4.54747351e-05]
Current x array =  [ -0.78333346  -0.80566122  -0.79821683   0.77218348  -1.17442171
 -12.87485102  -2.45902925  -2.45902925  -0.01920864  -2.94724028
  -2.7023071   -1.8780069   -5.42611662  -4.90572215 -16.99051768
  -4.03055393  -4.90572215  -2.30258509  -3.62778267  -3.74923291
  -2.30258509  -4.90572215  -3.9838708   -5.1055707 ]
log likelihood =  -1048.82210489
Edge derivatives =  [0.031204076479324175, 0.031204076479324508, -0.029344976568721814, 0.03191208940417605, -0.0036298789506689355, -0.04307143668210012, 0.006462592307836301, -0.01902486982342926, -6.173977745791808e-06, -0.051131479574338536, -0.01902486982342905, 4.518941528532194e-16, -0.02621032085240916, 0.025151255742613947, 4.368909074007082e-16, -0.019024869823429248, 0.030654192563205965, 0.024287007198828953]
other derivatives: [ -5.43423084e-03  -4.52246240e-02   3.00587999e-02  -1.82126314e-02
  -1.04591891e-02  -4.54747351e-05]
Current x array =  [ -0.78331212  -0.80588483  -0.79914274   0.7728476   -1.17324503
 -12.86879924  -2.45915713  -2.45915713  -0.01939179  -2.94693126
  -2.70156908  -1.87852613  -5.42643946  -4.90573053 -16.98241261
  -4.0318541   -4.90573053  -2.30258509  -3.62910096  -3.74628964
  -2.30258509  -4.90573053  -3.98331917  -5.10475854]
log likelihood =  -1048.82189316
Edge derivatives =  [0.029520697937832838, 0.02952069793783292, -0.007014492115670956, 0.031040643337127173, -0.0032761397794273672, -0.03262810111670206, 0.005770985549210586, -0.018952907021625193, -6.043385303699591e-06, -0.04629802308642053, -0.0189529070216253, 1.0147945465693587e-15, -0.021382448467073878, 0.01495813806870503, 1.0070196086009591e-15, -0.018952907021625463, 0.028529501170584524, 0.023463554314825563]
other derivatives: [ -1.26874511e-02   7.00310920e-03   1.16187948e-01  -3.22415872e-02
  -4.45652404e-02  -4.54747351e-05]
Current x array =  [ -0.78329628  -0.80623551  -0.79959021   0.77344675  -1.17202944
 -12.88444599  -2.459021    -2.459021    -0.01980894  -2.946523
  -2.70094579  -1.87938144  -5.42527369  -4.90597939 -17.00362927
  -4.03348416  -4.90597939  -2.30258509  -3.63037922  -3.74351789
  -2.30258509  -4.90597939  -3.98263553  -5.10394669]
log likelihood =  -1048.8215782
Edge derivatives =  [0.02527216716103993, 0.02527216716103904, 0.012316951202004267, 0.02823852447106183, -0.0012065462231972413, -0.016803080708770124, 0.00555708334540337, -0.017791600653929707, -5.795378588160183e-06, -0.03820516293821072, -0.017791600653929797, 7.136144148125982e-16, -0.016235495601757403, 0.004142257947037653, 7.065577073159334e-16, -0.01779160065392931, 0.02510203703651223, 0.022690493300432373]
other derivatives: [  1.10730980e-02  -3.59250407e-03   1.52476787e-01  -3.91537469e-02
  -7.19865056e-02  -6.82121026e-05]
Current x array =  [ -0.78336532  -0.80617058  -0.79979788   0.77376643  -1.1711015
 -12.91538766  -2.45846081  -2.45846081  -0.02013142  -2.94549606
  -2.70041209  -1.88052623  -5.4224936   -4.90742087 -17.04539093
  -4.03644178  -4.90742087  -2.30258509  -3.63157804  -3.74071114
  -2.30258509  -4.90742087  -3.98148873  -5.10316001]
log likelihood =  -1048.82136358
Edge derivatives =  [0.008032487040731534, 0.008032487040732159, 0.012986962195013385, 0.01733100409319624, 0.006723576636968376, 0.03020666659873006, -0.0013479483558877063, -0.013762828199032778, -3.2642852306715284e-06, -0.007746532419635174, -0.01376282819903224, -8.880371789612414e-17, -0.0009834340059128172, -0.023775547692054977, -8.880809219858323e-17, -0.013762828199032552, 0.01024968051677217, 0.02063989689967713]
other derivatives: [ -4.21550794e-02   4.78712536e-01   2.47860044e-01   4.54747351e-04
  -2.97632141e-02  -6.82121026e-05]
Current x array =  [ -0.78325036  -0.80909541  -0.8002247    0.77254728  -1.17230112
 -13.33949552  -2.45560138  -2.45560138  -0.02004715  -2.94326908
  -2.69880161  -1.88418246  -5.39131163  -4.91410229 -17.61841784
  -4.04873448  -4.91410229  -2.30258509  -3.63429109  -3.73434283
  -2.30258509  -4.91410229  -3.97648746  -5.10105765]
log likelihood =  -1048.82049257
Edge derivatives =  [0.005714819585430228, 0.005714819585430422, 0.03609274917521449, 0.01539177315339435, 0.007887279658899238, 0.03637369606734181, 0.0007752241345631312, -0.011968084041437413, -3.2606225780497595e-06, -0.00297356264986956, -0.011968084041437423, 1.8108868306638255e-16, 0.00012875212075792036, -0.027713515106718815, 1.959996493365342e-16, -0.01196808404143751, 0.008730840360244178, 0.0206603119308989]
other derivatives: [  8.27867552e-02   7.55562723e-02   1.23259269e-01  -1.15733201e-02
  -4.89080776e-02  -2.27373675e-05]
Current x array =  [ -0.78357367  -0.80651508  -0.79966941   0.7728296   -1.17179432
 -13.34075193  -2.4552637   -2.4552637   -0.02023196  -2.94218274
  -2.69876889  -1.8845304   -5.3902473   -4.91608779 -17.61989489
  -4.05081579  -4.91608779  -2.30258509  -3.63424433  -3.7335772
  -2.30258509  -4.91608779  -3.97593466  -5.1010194 ]
log likelihood =  -1048.82027341
Edge derivatives =  [0.0022006055345863557, 0.0022006055345863418, 0.022697689149709488, 0.012810685476530227, 0.009531102476448255, 0.03640657954076998, 0.0015215824533894601, -0.010519949859606016, -3.1684028141132244e-06, -0.0010220569271467903, -0.01051994985960564, 3.0505662548354106e-16, -0.0015607882024839467, -0.02331397130630153, 3.301399257076998e-16, -0.010519949859605922, 0.007760904555392238, 0.02088427326302479]
other derivatives: [ -1.01181286e-02  -1.96450856e-02   1.19371180e-02   3.20596882e-03
  -2.48519427e-02  -6.82121026e-05]
Current x array =  [ -0.78329919  -0.80586923  -0.79911024   0.7723075   -1.17276548
 -13.36222344  -2.45467376  -2.45467376  -0.01995951  -2.94142271
  -2.69913829  -1.88444332  -5.38815416  -4.91764903 -17.6487277
  -4.05184805  -4.91764903  -2.30258509  -3.63356669  -3.73497501
  -2.30258509  -4.91764903  -3.97558384  -5.10122282]
log likelihood =  -1048.82017351
Edge derivatives =  [-0.0015747952937347626, -0.0015747952937350401, 0.0033880100116336354, 0.010021106653167161, 0.009357590901165558, 0.03290087522349283, 0.000401912478322098, -0.008963318331697511, -2.6702838508669286e-06, 0.0037686460701211177, -0.00896331833169721, 5.58718059218269e-17, -0.001734458728814052, -0.020662870354881277, 8.897023011466646e-17, -0.008963318331697761, 0.005026661044413835, 0.020958056726974046]
other derivatives: [  6.10725692e-02  -4.06316758e-02  -7.03039404e-02   1.83035809e-02
   1.98269845e-02  -2.27373675e-05]
Current x array =  [ -0.78349887  -0.80566654  -0.79868151   0.77160721  -1.1742494
 -13.4889061   -2.45389146  -2.45389146  -0.01949024  -2.94093519
  -2.69918922  -1.88428307  -5.37875821  -4.91996041 -17.81977939
  -4.05428043  -4.91996041  -2.30258509  -3.6329674   -3.73617687
  -2.30258509  -4.91996041  -3.97461744  -5.10124192]
log likelihood =  -1048.82012662
Edge derivatives =  [-0.0041142448762683526, -0.0041142448762679085, -0.004241843390258904, 0.008516870152167913, 0.007341726972234508, 0.024558517248512768, -0.0003514344848765359, -0.007977421229286758, -2.464975748969048e-06, 0.006158829255911706, -0.007977421229287057, -8.542574504238477e-16, -0.001859597886283218, -0.019384442074144574, -8.323777821722403e-16, -0.007977421229286814, 0.003496420121797794, 0.020703020068426666]
other derivatives: [-0.10411441 -0.01593889 -0.08822099  0.01812168  0.01964509  0.        ]
Current x array =  [ -0.78303055  -0.8057907   -0.79858028   0.77172273  -1.17435209
 -13.54820661  -2.45354372  -2.45354372  -0.01942358  -2.94051372
  -2.69909753  -1.88393319  -5.37430047  -4.92128032 -17.89983643
  -4.05551301  -4.92128032  -2.30258509  -3.63272555  -3.73678759
  -2.30258509  -4.92128032  -3.97412292  -5.10100953]
log likelihood =  -1048.82007408
Edge derivatives =  [-0.006032530746479109, -0.006032530746478262, -0.007109370571639906, 0.006732998670730378, 0.006449662017069369, 0.020129009498515815, 0.00035537545099981367, -0.007172036771937458, -2.569784427305496e-06, 0.006631469717851897, -0.007172036771937295, 1.7763074342367975e-16, -0.0025268936100887665, -0.016815742270714307, 1.7763030865086825e-16, -0.007172036771937305, 0.0031328878144381636, 0.020439869843828527]
other derivatives: [-0.07980816  0.0013415  -0.06227765  0.01546141  0.02346496  0.        ]
Current x array =  [ -0.78310117  -0.80590177  -0.79870442   0.77177658  -1.17443099
 -13.51748807  -2.4533086   -2.4533086   -0.01938051  -2.93982801
  -2.69919559  -1.88363537  -5.37613835  -4.92184763 -17.85823605
  -4.05563012  -4.92184763  -2.30258509  -3.63261636  -3.73742993
  -2.30258509  -4.92184763  -3.97400857  -5.10074495]
log likelihood =  -1048.81996669
Edge derivatives =  [-0.013010741756756275, -0.013010741756755942, -0.009770307511257681, 0.0003167571461803187, 0.0017945765563988358, 4.3156436053903846e-05, 0.0028592482191006456, -0.0038425437437214285, -2.92619759547153e-06, 0.00915331324438251, -0.0038425437437212343, -1.9534569822845247e-16, -0.004489283433809534, -0.007839399734138185, -1.6986088627334844e-16, -0.003842543743721543, 0.0013075228783652956, 0.019210541920860476]
other derivatives: [ -2.28055796e-02   1.92585503e-02   1.01181286e-02   2.27373675e-05
   2.03044692e-02  -4.54747351e-05]
Current x array =  [ -0.78326792  -0.80602217  -0.79905866   0.77222177  -1.17420755
 -13.42178928  -2.45252426  -2.45252426  -0.0193666   -2.93716731
  -2.69942187  -1.88238566  -5.38152947  -4.92442056 -17.72856038
  -4.05646745  -4.92442056  -2.30258509  -3.63224938  -3.73976243
  -2.30258509  -4.92442056  -3.97342223  -5.09950295]
log likelihood =  -1048.8199347
Edge derivatives =  [-0.01359782250083584, -0.013597822500836368, -0.003318478200599384, -0.00043359834912619355, -6.184358662333911e-05, -0.006951077945557604, 0.0029339770231263107, -0.002847501142069022, -2.8788599990149695e-06, 0.010042934850595778, -0.002847501142069355, 9.772213642755008e-17, -0.004508869099093316, -0.005290305526307326, 1.0434548380772842e-16, -0.002847501142068925, 0.0004965544233084748, 0.018626855453739707]
other derivatives: [ -7.59428076e-03   1.95768735e-02  -1.21872290e-02  -3.93356459e-03
   9.18589649e-03  -4.54747351e-05]
Current x array =  [ -0.78331355  -0.80602368  -0.79895691   0.77236441  -1.1738421
 -13.43395497  -2.45254294  -2.45254294  -0.01946899  -2.93662137
  -2.69937179  -1.88199981  -5.3803061   -4.92543324 -17.7449136
  -4.05690931  -4.92543324  -2.30258509  -3.63214111  -3.74052356
  -2.30258509  -4.92543324  -3.97313576  -5.09888553]
log likelihood =  -1048.81988182
Edge derivatives =  [-0.01252968375728196, -0.01252968375728189, -0.0016810316519592083, -0.0007568596543217551, -0.004706858968305971, -0.020909040643952326, 0.0021863569513404253, -0.0006216979926805082, -2.50177460905641e-06, 0.012058273249888563, -0.0006216979926809488, 7.552466290385538e-16, -0.003973643180555569, 0.0002397298284673513, 7.661937126819833e-16, -0.0006216979926811535, -0.002368233769999152, 0.016774713946710283]
other derivatives: [ -1.36196832e-02  -4.99767339e-02   3.00815373e-02   2.34194886e-03
  -1.33240974e-02  -4.54747351e-05]
Current x array =  [ -0.78331011  -0.80554242  -0.79917442   0.77229621  -1.17321822
 -13.53819568  -2.45298585  -2.45298585  -0.01957123  -2.93573382
  -2.69918514  -1.88140607  -5.37209453  -4.92836745 -17.8855897
  -4.05837409  -4.92836745  -2.30258509  -3.63184077  -3.74254501
  -2.30258509  -4.92836745  -3.97220556  -5.09700024]
log likelihood =  -1048.81983312
Edge derivatives =  [-0.008242255636527265, -0.008242255636527293, 0.012414906636500522, 0.0016018470270069557, -0.004759758111867157, -0.02018842485455402, 0.0009316152322170982, -0.0003528769941952767, -2.283508612290698e-06, 0.011305248145779274, -0.00035287699419526974, -1.0726253505336728e-15, -0.002513399018813048, 0.001996956533900675, -1.0581182633729005e-15, -0.0003528769941954016, -0.0030130238361410974, 0.015528532687623997]
other derivatives: [  1.86219040e-02  -7.77617970e-03  -2.15095497e-02  -4.54747351e-05
  -2.66936695e-02  -6.82121026e-05]
Current x array =  [ -0.7834019   -0.80580827  -0.79893522   0.77238083  -1.17274034
 -13.60570539  -2.45379814  -2.45379814  -0.01976267  -2.93594588
  -2.69900645  -1.88151746  -5.36729405  -4.92902558 -17.97684099
  -4.05830001  -4.92902558  -2.30258509  -3.63199396  -3.74314818
  -2.30258509  -4.92902558  -3.97195436  -5.09567246]
log likelihood =  -1048.81979201
Edge derivatives =  [-0.002543633615299176, -0.0025436336152988293, 0.013976408693353093, 0.004767487180769206, -0.0034566663511107487, -0.014102745119664417, -0.0006643727776655915, -0.0005789029148615225, -2.02606945930498e-06, 0.009630972418336499, -0.0005789029148614809, -8.773665608028999e-16, -0.0010384487161568742, 0.003068059359288264, -8.772005723876202e-16, -0.0005789029148615087, -0.0035015082842790174, 0.01426492054270066]
other derivatives: [  2.53294274e-02   9.79980541e-03  -2.73530532e-02   3.52429197e-03
  -2.54658516e-02  -6.82121026e-05]
Current x array =  [ -0.78341918  -0.80589918  -0.79891057   0.77227181  -1.17276439
 -13.69419609  -2.45478528  -2.45478528  -0.01976708  -2.9365252
  -2.69888671  -1.88197733  -5.36118624  -4.92942279 -18.0964858
  -4.05800439  -4.92942279  -2.30258509  -3.63213332  -3.74366133
  -2.30258509  -4.92942279  -3.97178868  -5.0943573 ]
log likelihood =  -1048.819737
Edge derivatives =  [0.003389653271887602, 0.0033896532718873246, 0.0025804821195560823, 0.006366423863166833, -0.0003730114085688796, -0.0037667777840438843, -0.001556739061050071, -0.00010437443411047409, -1.8684423195118125e-06, 0.006078243649987013, -0.00010437443411033878, 2.1532348349398553e-16, 0.000453468139697627, 0.00637830822059187, 2.297742781094111e-16, -0.00010437443411035266, -0.003798824861535037, 0.011353515409304883]
other derivatives: [  2.71711542e-02   2.64662958e-02   7.93534127e-03  -1.41881173e-02
  -3.38786776e-03  -2.27373675e-05]
Current x array =  [ -0.78340298  -0.8059748   -0.79908209   0.77272716  -1.17331134
 -13.75427756  -2.45598195  -2.45598195  -0.01952125  -2.93615582
  -2.69889854  -1.88267124  -5.35682334  -4.93038893 -18.17766697
  -4.05694598  -4.93038893  -2.30258509  -3.63238554  -3.74472035
  -2.30258509  -4.93038893  -3.9717196   -5.09137013]
log likelihood =  -1048.8197108
Edge derivatives =  [0.004720826714122994, 0.004720826714122134, -0.003954457057156968, 0.00619180105890664, 0.00135395878423758, 0.003185985782781009, -0.0011277292175242235, -0.0001360026529704586, -1.9392450825944954e-06, 0.0031976392426752154, -0.00013600265297055228, 4.245812860596933e-16, 0.0007428172375835498, 0.006901445100351518, 3.955002727946341e-16, -0.00013600265297061473, -0.002868350997874608, 0.009882776847058718]
other derivatives: [ 0.01950866  0.01991793  0.02703473 -0.00907221  0.00234195  0.        ]
Current x array =  [ -0.78337989  -0.80593708  -0.79917224   0.77257121  -1.17350923
 -13.72682215  -2.45633436  -2.45633436  -0.01944625  -2.93567696
  -2.69896782  -1.88304424  -5.35879535  -4.93022588 -18.14056952
  -4.05572371  -4.93022588  -2.30258509  -3.63259684  -3.74473333
  -2.30258509  -4.93022588  -3.97204876  -5.08986106]
log likelihood =  -1048.81968019
Edge derivatives =  [0.005284072667974635, 0.00528407266797408, -0.0008237549643722586, 0.0044748542704765165, 0.003450057823849939, 0.011010325316641145, 0.0005852489252273236, 0.0002575471607541707, -2.224318591585067e-06, -0.0023593701847757775, 0.0002575471607542991, 3.1300354289857e-16, 0.0008471041930999887, 0.008638746150129883, 3.3410164105600835e-16, 0.0002575471607541985, -0.0007190955208005931, 0.006849635627466703]
other derivatives: [ -1.36424205e-03  -1.21872290e-02   1.20962795e-02  -3.22870619e-03
   7.61701813e-03   2.27373675e-05]
Current x array =  [ -0.78331295  -0.80576096  -0.79909955   0.7723627   -1.1736854
 -13.62550813  -2.45675918  -2.45675918  -0.01950081  -2.93416299
  -2.69911761  -1.883363    -5.36581628  -4.92997456 -18.00361581
  -4.05317611  -4.92997456  -2.30258509  -3.63298226  -3.74480406
  -2.30258509  -4.92997456  -3.97278021  -5.08673175]
log likelihood =  -1048.81966852
Edge derivatives =  [0.003028486358502294, 0.0030284863585026273, -0.012041234826747405, 0.0021191125768512606, 0.002028331634064212, 0.007658974625044779, 0.0011961418223530359, 0.0008052047075675153, -2.3505541406968875e-06, -0.003598092707804812, 0.0008052047075674459, 2.114518206469941e-16, 0.0005249202838364039, 0.008177146341763045, 2.2228513703011174e-16, 0.0008052047075675257, 1.470864179696496e-06, 0.0052949820153712565]
other derivatives: [ -1.92812877e-02   3.38786776e-03   2.62161848e-02   4.70663508e-03
   2.72848411e-03  -2.27373675e-05]
Current x array =  [ -0.78327462  -0.80587056  -0.79915837   0.77217409  -1.17361806
 -13.58475872  -2.45656359  -2.45656359  -0.01942273  -2.93308171
  -2.69907879  -1.8831534   -5.36849246  -4.93023675 -17.94849223
  -4.05251325  -4.93023675  -2.30258509  -3.63306149  -3.74452436
  -2.30258509  -4.93023675  -3.97303298  -5.08514219]
log likelihood =  -1048.81966205
Edge derivatives =  [0.0007218610810164061, 0.0007218610810173082, -0.008009703055330664, -0.0001317573805239003, -0.0003481241531808066, 0.0023092977536463555, 0.0012645292681668415, 0.0011350138362705119, -2.3828695877140865e-06, -0.004439668184825135, 0.001135013836270505, 1.210119046938471e-15, 0.0005980109058681335, 0.005156849851897911, 1.2101159402857566e-15, 0.0011350138362700192, 0.0008625503533421924, 0.003473502274755687]
other derivatives: [ 0.07366907 -0.01593889  0.01402896  0.00975433  0.00154614  0.        ]
Current x array =  [ -0.78354677  -0.80575902  -0.79909568   0.77195826  -1.17356503
 -13.57471479  -2.45628662  -2.45628662  -0.01946054  -2.93209623
  -2.6988862   -1.8828413   -5.36910354  -4.93047215 -17.93489283
  -4.05207103  -4.93047215  -2.30258509  -3.63313353  -3.74361371
  -2.30258509  -4.93047215  -3.97330413  -5.08324416]
log likelihood =  -1048.8196481
Edge derivatives =  [0.00028311811459799663, 0.0002831181145990097, -0.008066339711998105, -0.00022104811662416318, -0.0016928031196341287, -0.002076329129651555, 0.0007183812852388297, 0.0012997324881443492, -2.2970484853469458e-06, -0.003666708538180144, 0.0012997324881445747, -5.102934214522249e-16, 0.0007166532604733489, 0.004446373008379724, -5.10487983691197e-16, 0.0012997324881444915, 0.0004812822650470741, 0.0032493407544595173]
other derivatives: [  1.29375621e-02   2.04636308e-03  -4.09272616e-04   9.75433068e-03
  -4.66116035e-03  -2.27373675e-05]
Current x array =  [ -0.78337742  -0.80586653  -0.79902115   0.77202216  -1.17341379
 -13.60185748  -2.45624213  -2.45624213  -0.01949251  -2.93206648
  -2.69877339  -1.88265324  -5.36713913  -4.93078922 -17.97156651
  -4.05246394  -4.93078922  -2.30258509  -3.63308737  -3.74350793
  -2.30258509  -4.93078922  -3.9731775   -5.08302142]
log likelihood =  -1048.8196434
Edge derivatives =  [0.0002811080417134265, 0.0002811080417123024, -0.003790908776869162, -5.272766662292594e-05, -0.0022064072509866695, -0.003722490710944548, 0.00017191160354399458, 0.0011989644969918195, -2.2180388038789013e-06, -0.0031974274399689945, 0.0011989644969918334, 6.478356246509176e-16, 0.0009194377474381552, 0.003077803525243422, 6.403319310786647e-16, 0.0011989644969920936, 0.0003320784949207914, 0.003109772577478293]
other derivatives: [ -1.75077730e-03   8.29913915e-03  -9.50421963e-03   5.86624083e-03
  -3.41060513e-03  -6.82121026e-05]
Current x array =  [ -0.78333236  -0.80590058  -0.79897591   0.77213281  -1.1734242
 -13.62773307  -2.45622269  -2.45622269  -0.01952909  -2.93217928
  -2.69868312  -1.8826038   -5.36536228  -4.93085068 -18.00655144
  -4.05272216  -4.93085068  -2.30258509  -3.63307366  -3.74320788
  -2.30258509  -4.93085068  -3.97312574  -5.08287819]
log likelihood =  -1048.81964505
Edge derivatives =  [0.0010778247976912236, 0.001077824797691529, 0.006312578384638556, 0.000758495077074213, -0.0038504771495902756, -0.008250260929254238, -0.0018011878576768853, 0.0010360628429097463, -1.9285507713997194e-06, -0.00176765379703709, 0.001036062842909885, 4.99885171015051e-16, 0.0017446648783429122, -0.0006552943700069772, 4.886334323009008e-16, 0.001036062842909708, -0.00046451454038780315, 0.0023027430412240722]
other derivatives: [ -2.16687113e-02   1.63254299e-02  -1.77124093e-02  -3.66071617e-03
  -3.18323146e-04  -6.82121026e-05]
Current x array =  [ -0.78326899  -0.80592506  -0.79893404   0.77240259  -1.17344164
 -13.73118345  -2.45631466  -2.45631466  -0.01960463  -2.93251341
  -2.6983912   -1.88251708  -5.35816155  -4.93137452 -18.14639363
  -4.05364129  -4.93137452  -2.30258509  -3.63300688  -3.74251032
  -2.30258509  -4.93137452  -3.97286033  -5.08205723]
log likelihood =  -1048.81964103
Edge derivatives =  [0.0005792096797258006, 0.0005792096797262447, -1.1005241498884821e-05, 0.00025078860980515955, -0.0028214475065177214, -0.005416508064649717, -0.0005626901331624422, 0.0011381696684040002, -2.104966686671604e-06, -0.0026616351058229085, 0.0011381696684038857, 3.646835176787209e-16, 0.0012275883106588961, 0.0016819521797436163, 3.821580063288548e-16, 0.0011381696684037088, 3.407492798684214e-05, 0.002807916362501035]
other derivatives: [ -9.23137122e-03   1.13459464e-02  -1.25510269e-02   2.31921149e-03
  -2.27373675e-03  -4.54747351e-05]
Current x array =  [ -0.78330865  -0.80590974  -0.79896025   0.77223374  -1.17343073
 -13.66643694  -2.4562571   -2.4562571   -0.01955735  -2.93230428
  -2.6985739   -1.88257136  -5.36266827  -4.93104667 -18.05887056
  -4.05306604  -4.93104667  -2.30258509  -3.63304868  -3.7429469
  -2.30258509  -4.93104667  -3.97302644  -5.08257104]
log likelihood =  -1048.81963871
Edge derivatives =  [-0.0004165496974787575, -0.0004165496974786048, 0.013320707058378178, -0.0007071050207836937, -0.002647285664035798, -0.004698144710562235, -0.0006410856676902828, 0.001180836426917218, -2.101335087533977e-06, -0.0029149649221243204, 0.0011808364269175996, -1.43212875553361e-15, 0.0011661762546209473, -0.0005175932475730144, -1.4099831973735747e-15, 0.001180836426917447, 0.00037273775097055456, 0.0016165252437848124]
other derivatives: [-0.00172804 -0.00668479 -0.00306954 -0.00122782 -0.0005457   0.        ]
Current x array =  [ -0.78332406  -0.80579669  -0.79901027   0.7723064   -1.17340828
 -13.667746    -2.45616272  -2.45616272  -0.0197049   -2.93184676
  -2.69856276  -1.88262266  -5.36255378  -4.93111513 -18.06063256
  -4.05295595  -4.93111513  -2.30258509  -3.63306068  -3.7423505
  -2.30258509  -4.93111513  -3.97314972  -5.08135876]
  status: 0
 success: True
    nfev: 112
     fun: 1048.8196387056682
       x: array([ -0.78332406,  -0.80579669,  -0.79901027,   0.7723064 ,
        -1.17340828, -13.667746  ,  -2.45616272,  -2.45616272,
        -0.0197049 ,  -2.93184676,  -2.69856276,  -1.88262266,
        -5.36255378,  -4.93111513, -18.06063256,  -4.05295595,
        -4.93111513,  -2.30258509,  -3.63306068,  -3.7423505 ,
        -2.30258509,  -4.93111513,  -3.97314972,  -5.08135876])
 message: 'CONVERGENCE: REL_REDUCTION_OF_F_<=_FACTR*EPSMCH'
     jac: array([  1.72803993e-03,   6.68478606e-03,   3.06954462e-03,
         1.22781785e-03,   5.45696821e-04,  -0.00000000e+00,
         4.16549697e-04,   4.16549697e-04,  -1.33207071e-02,
         7.07105021e-04,   2.64728566e-03,   4.69814471e-03,
         6.41085668e-04,  -1.18083643e-03,   2.10133509e-06,
         2.91496492e-03,  -1.18083643e-03,   1.43212876e-15,
        -1.16617625e-03,   5.17593248e-04,   1.40998320e-15,
        -1.18083643e-03,  -3.72737751e-04,  -1.61652524e-03])
     nit: 107
