number of sites to be analyzed:  207
Successfully loaded parameter value from ./save/MG94_Force_ENSG00000099256_ENSG00000165704_nonclock_save.txt
log likelihood =  -2109.05219458
Edge derivatives =  [0.011971490359766523, -0.0028989038062864642, -0.0010570550571105067, -0.003057637362387445, -0.0017269782191969268, -0.0011594555551973779, -5.303718922121012e-05, 0.0021976255654496957, 0.00485970111301357, -0.0016639339806788292, -2.609370585472611e-05, -0.011669056696787097, -0.009365421738255582, -0.002895871100466199]
other derivatives: [-0.0178261  -0.00372893 -0.00813998  0.00104592  0.00823093  0.        ]
Current x array =  [ -0.602149    -0.53758283  -0.99971255   0.79677925  -1.77416415
   0.33647224  -0.23714127  -9.          -4.9438612   -4.18964158
  -5.35309548  -4.05634956 -15.44578341  -3.11127047  -5.19274993
  -4.06465765 -16.4196352   -3.01193514  -4.82399082  -3.37945943]
log likelihood =  -2109.25776015
Edge derivatives =  [-2.1034779720094985, -0.0031561864972086615, 0.012011217602675905, 0.01340050252108356, 0.0033088763550828664, 0.01214030011408078, -5.270416809813843e-05, -0.024127980550356948, 0.0005595189391743825, 0.016249958734862333, -2.6065285587243556e-05, 0.2226558906634588, 0.029184508876232394, 0.041584474232550434]
other derivatives: [ 19.48387762   2.36318556   2.26509655   0.17744242  -0.67238943   0.        ]
Current x array =  [ -0.61997509  -0.54131176  -1.00785253   0.79782517  -1.76593323
   0.33647224  -0.22516978  -9.          -4.94491825  -4.19269922
  -5.35482246  -4.05750902 -15.44583645  -3.10907284  -5.18789022
  -4.06632158 -16.4196613   -3.0236042   -4.83335624  -3.3823553 ]
log likelihood =  -2109.05219365
Edge derivatives =  [0.007504383021394778, -0.0028994626688348332, -0.0010295138416827592, -0.0030229420013970325, -0.0017163761690302988, -0.0011315484599387499, -5.303648948046442e-05, 0.002141433831517617, 0.004850220895322006, -0.0016262215383151743, -2.6093646294909848e-05, -0.01117123569265173, -0.009284045216474301, -0.0028018036209980085]
other derivatives: [ 0.02482921  0.00109139 -0.00331966  0.00140972  0.00673026  0.        ]
Current x array =  [ -0.60218666  -0.53759071  -0.99972975   0.79678146  -1.77414676
   0.33647224  -0.23711597  -9.          -4.94386343  -4.18964804
  -5.35309913  -4.05635201 -15.44578352  -3.11126583  -5.19273966
  -4.06466116 -16.41963526  -3.0119598   -4.82401061  -3.37946555]
  status: 0
 success: True
    nfev: 3
     fun: 2109.0521936532678
       x: array([ -0.60218666,  -0.53759071,  -0.99972975,   0.79678146,
        -1.77414676,   0.33647224,  -0.23711597,  -9.        ,
        -4.94386343,  -4.18964804,  -5.35309913,  -4.05635201,
       -15.44578352,  -3.11126583,  -5.19273966,  -4.06466116,
       -16.41963526,  -3.0119598 ,  -4.82401061,  -3.37946555])
 message: 'CONVERGENCE: REL_REDUCTION_OF_F_<=_FACTR*EPSMCH'
     jac: array([ -2.48292054e-02,  -1.09139364e-03,   3.31965566e-03,
        -1.40971679e-03,  -6.73026079e-03,  -0.00000000e+00,
        -7.50438302e-03,   2.89946267e-03,   1.02951384e-03,
         3.02294200e-03,   1.71637617e-03,   1.13154846e-03,
         5.30364895e-05,  -2.14143383e-03,  -4.85022090e-03,
         1.62622154e-03,   2.60936463e-05,   1.11712357e-02,
         9.28404522e-03,   2.80180362e-03])
     nit: 1
