number of sites to be analyzed:  5
log likelihood =  -96.1229966971
Edge derivatives =  [2.0594224387143756, -0.4232226939738648, -0.8986713091118098, -0.8986925316634189, -0.9370823243594435, -0.9391478943616363, -0.9391857892635569, -0.9391857892635569, -0.7963174128846154, -0.9377690858955707, -0.7963001729705677, 10.016282818227081, -0.9378066991435443, -0.9378066991435443]
other derivatives: [ 9.14843383 -3.47755673 -2.94522238 -1.71106933  0.65127495  0.        ]
Current x array =  [-0.76214005 -0.40546511 -0.76214005  0.18232156 -0.10536052  0.33647224
 -2.30258509 -2.30258509 -2.30258509 -2.30258509 -2.30258509 -2.30258509
 -2.30258509 -2.30258509 -2.30258509 -2.30258509 -2.30258509 -2.30258509
 -2.30258509 -2.30258509]
log likelihood =  -85.9323596336
Edge derivatives =  [1.843833983847785, -0.4401986406431873, -0.8690367212347784, -0.8690358146606773, -0.8993532809686453, -0.8998643576937521, -0.8998773632072802, -0.8998773632072802, -0.8610859928090302, -0.8998976515167767, -0.8610889821768819, 8.962394880637182, -0.8999106339429435, -0.8999106339429435]
other derivatives: [ 7.1340196   3.85449113 -0.58814464 -1.44019054  0.55251661  0.        ]
Current x array =  [-0.70161052 -0.70104583 -1.01247413  0.03688637 -0.05000432  0.33647224
 -2.12754105 -2.33855761 -2.37896916 -2.37897096 -2.38223397 -2.38240953
 -2.38241275 -2.38241275 -2.37026942 -2.38229234 -2.37026795 -1.45123446
 -2.38229554 -2.38229554]
log likelihood =  -124.300317513
Edge derivatives =  [-2.1629964220068505, -0.6390558980632718, -1.2965019200979058, -1.2964954446539756, -1.2762916214343838, -1.2754818669544736, -1.2754686255229446, -1.2754686255229446, -1.3391315051856836, -1.2759853304817281, -1.339138179655695, -0.06016650205337375, -1.2759721491722127, -1.2759721491722127]
other derivatives: [ -4.49903531e+02   1.10350513e+01   5.58639641e+00   9.98000189e+00
  -7.12248038e-03   0.00000000e+00]
Current x array =  [-0.05       -0.78154487 -1.82612069 -0.64837059  0.21166199  0.33647224
 -1.28140452 -2.524301   -2.76066759 -2.76067426 -2.77892578 -2.77969106
 -2.7797058  -2.7797058  -2.72610813 -2.77925268 -2.72610315  2.66303229
 -2.77926733 -2.77926733]
log likelihood =  -73.4003749269
Edge derivatives =  [1.30683848222955, -0.4193865673390379, -0.8233151965226451, -0.8233111955135897, -0.8327916218878821, -0.8326227542321677, -0.8326214306647597, -0.8326214306647597, -0.8479857613964635, -0.8329356302075092, -0.847990068081219, 1.3446749706493426, -0.8329342744570549, -0.8329342744570549]
other derivatives: [-5.25844825  5.08194091  1.48608876  0.12310295  0.7728417   0.        ]
Current x array =  [-0.44264658 -0.73303787 -1.33583466 -0.23544939  0.05398746  0.33647224
 -1.79126832 -2.412376   -2.53066427 -2.53066801 -2.53988777 -2.5402977
 -2.5403055  -2.5403055  -2.51168733 -2.54005286 -2.51168446  0.18386305
 -2.54006061 -2.54006061]
log likelihood =  -74.9805673918
Edge derivatives =  [0.8375700138774445, -0.40310587372151757, -0.689512829864718, -0.6895037722116053, -0.6963675664540843, -0.6961035077872129, -0.6961051936146665, -0.6961051936146665, -0.7180297141446085, -0.6965304979707918, -0.7180343390046839, -5.591744927791999, -0.696532139183865, -0.696532139183865]
other derivatives: [ 11.78246123   2.86516837   2.74423542  -0.69981354  -0.03794582   0.        ]
Current x array =  [-0.83095069 -0.6309322  -1.44655167 -0.35049448  0.16908101  0.33647224
 -1.52751545 -2.47894323 -2.66698255 -2.66698774 -2.67987935 -2.68044173
 -2.68045243 -2.68045243 -2.64165363 -2.68010787 -2.64164966  1.03046786
 -2.6801185  -2.6801185 ]
log likelihood =  -72.4572574322
Edge derivatives =  [1.184403171538294, -0.4046741892312856, -0.7525295718134467, -0.752523736889057, -0.7614986993120176, -0.7612881000792934, -0.7612875534241804, -0.7612875534241804, -0.7794070284455176, -0.7616574735574632, -0.7794118298666328, -0.9363146883516026, -0.7616568879385869, -0.7616568879385869]
other derivatives: [ 2.6843864   4.23285371  1.79902742 -0.25330138  0.45971547  0.        ]
Current x array =  [-0.58749256 -0.69495021 -1.37713454 -0.27836374  0.09691989  0.33647224
 -1.69288269 -2.43720704 -2.58151399 -2.58151827 -2.59210771 -2.59257451
 -2.59258339 -2.59258339 -2.56016762 -2.59229646 -2.56016434  0.49966527
 -2.59230528 -2.59230528]
log likelihood =  -71.518915193
Edge derivatives =  [1.0829794783446731, -0.38116045858756314, -0.722811837813874, -0.7228073244033297, -0.7287114633358766, -0.7285018110606432, -0.7284999290539658, -0.7284999290539658, -0.7462673619474153, -0.7288091953557597, -0.7462713587595733, -1.3573706331577595, -0.7288072871928841, -0.7288072871928841]
other derivatives: [ 1.05140714  0.73106889  1.58104143  0.13502586  0.46968012  0.        ]
Current x array =  [-0.55009382 -0.53758119 -1.32693614 -0.29411332  0.12628307  0.33647224
 -1.62616643 -2.45768274 -2.62111819 -2.62112243 -2.63236076 -2.63283566
 -2.6328448  -2.6328448  -2.60003915 -2.63256065 -2.60003592  0.55510843
 -2.63256973 -2.63256973]
log likelihood =  -70.7667029824
Edge derivatives =  [0.8757632996582817, -0.3522205624610576, -0.6704667943995518, -0.6704639979365271, -0.672474621433606, -0.6722859146950653, -0.6722829423448153, -0.6722829423448153, -0.6876983941786468, -0.6725001684161741, -0.6877012808316674, -0.7297081608799696, -0.6724971932313968, -0.6724971932313968]
other derivatives: [ 0.38618992 -5.11256957  0.8071936   0.34147831  0.35579575  0.        ]
Current x array =  [-0.53044616 -0.39416921 -1.17629527 -0.2813814   0.18191872  0.33647224
 -1.50882817 -2.4976585  -2.69783076 -2.69783463 -2.7097947  -2.71025485
 -2.7102639  -2.7102639  -2.67883327 -2.71000627 -2.67883038  0.48454989
 -2.71001526 -2.71001526]
log likelihood =  -69.8149156767
Edge derivatives =  [0.5694059336195321, -0.3310613479160405, -0.6083751489749807, -0.6083732459373179, -0.6068636923617853, -0.6066775059282741, -0.6066736376214081, -0.6066736376214081, -0.6204389575503675, -0.6068235224947434, -0.6204409109481858, -0.713596643171175, -0.6068196726779668, -0.6068196726779668]
other derivatives: [-0.74870599 -4.44376411 -0.15915731  0.39052424  0.26326035  0.        ]
Current x array =  [-0.50569346 -0.40582182 -1.0271727  -0.27546189  0.24759768  0.33647224
 -1.35850127 -2.54874816 -2.79591807 -2.79592156 -2.80889723 -2.80934671
 -2.80935578 -2.80935578 -2.77903284 -2.80912561 -2.77903033  0.48381723
 -2.80913461 -2.80913461]
log likelihood =  -67.7087207265
Edge derivatives =  [-0.9182726688024664, -0.2652026381624572, -0.40466801397851043, -0.40466728061066704, -0.39971818744006027, -0.3995838515398865, -0.39958060610811696, -0.39958060610811696, -0.40779186306453186, -0.39962746191942816, -0.40779236111825984, -0.0324674819870337, -0.39962424801012136, -0.39962424801012136]
other derivatives: [-0.2064624  -0.93883585 -2.78724457  0.19976198 -0.09916334  0.        ]
Current x array =  [-0.49475564 -0.48353929 -0.76261973 -0.23862473  0.47949123  0.33647224
 -0.83279631 -2.76308749 -3.19698379 -3.19698588 -3.21284019 -3.21323699
 -3.21324567 -3.21324567 -3.18754371 -3.21311408 -3.18754256  0.41368682
 -3.21312268 -3.21312268]
log likelihood =  -66.5367797943
Edge derivatives =  [-1.7196588377071853, -0.22875113006780778, -0.30691933147113604, -0.306919015463046, -0.3023627219762462, -0.3022651890126646, -0.30226275888627113, -0.30226275888627113, -0.30792239700159557, -0.30228062238503783, -0.3079224884477541, -0.26259843622288337, -0.30227821842349767, -0.30227821842349767]
other derivatives: [-1.58832734  0.46120334 -1.03156594  0.20827429 -0.17077326  0.        ]
Current x array =  [-0.46875557 -0.52346971 -0.92557371 -0.21157502  0.60559803  0.33647224
 -0.64282092 -2.92129491 -3.48242338 -3.48242453 -3.49983349 -3.5001905
 -3.5001988  -3.5001988  -3.47777247 -3.50013204 -3.47777221  0.43653036
 -3.50014025 -3.50014025]
log likelihood =  -65.2861214429
Edge derivatives =  [-1.6482075477910318, -0.18081718439127015, -0.19922423970743974, -0.19922430260868285, -0.1958270166961328, -0.19577435002533772, -0.19577291369422814, -0.19577291369422814, -0.19856108771241615, -0.19576639536512289, -0.19856088390669036, 0.5688127505495563, -0.19576497675132423, -0.19576497675132423]
other derivatives: [ 0.35671519  1.14254988  0.12453967 -0.11630448 -0.37443471  0.        ]
Current x array =  [-0.48739403 -0.54861651 -1.09543566 -0.14721124  0.74831395  0.33647224
 -0.6570817  -3.16744907 -3.91023679 -3.9102365  -3.92919392 -3.92947822
 -3.92948565 -3.92948565 -3.91272743 -3.92951631 -3.91272847  0.34640346
 -3.92952364 -3.92952364]
log likelihood =  -64.119637668
Edge derivatives =  [-0.8872971649879327, -0.1275425328007156, -0.10939517322240928, -0.10939538437260123, -0.10727429231359274, -0.10725373473090699, -0.1072530633707095, -0.1072530633707095, -0.1081714362568247, -0.10723748728712554, -0.10817116099053181, -0.21306573747002197, -0.10723682599925446, -0.10723682599925446]
other derivatives: [-0.7404978   1.20316059  0.80976434 -0.2328747  -0.46788813  0.        ]
Current x array =  [-0.46212284 -0.55060582 -1.23754763 -0.09864908  0.87852885  0.33647224
 -0.85247458 -3.52438475 -4.51504015 -4.51503823 -4.53574129 -4.53593766
 -4.53594394 -4.53594394 -4.52607785 -4.53608887 -4.5260804   0.43732756
 -4.53609506 -4.53609506]
log likelihood =  -63.3750910863
Edge derivatives =  [-0.18717276474565064, -0.08852200580466749, -0.060599223820917106, -0.06059942488423484, -0.0593281464199398, -0.05932114271320589, -0.05932083275406357, -0.05932083275406357, -0.05951318000430044, -0.05930654961772958, -0.059512951873520716, 0.11623485015374016, -0.05930624524601902, -0.05930624524601902]
other derivatives: [ 0.29207214  0.47456368  0.79505682 -0.21857218 -0.49139075  0.        ]
Current x array =  [-0.47797545 -0.5305095  -1.25016512 -0.17759371  0.82115203  0.33647224
 -1.06692661 -3.8943756  -5.11009823 -5.11009492 -5.13207115 -5.13219067
 -5.1321959  -5.1321959  -5.12821266 -5.13243689 -5.12821649  0.39616635
 -5.13244203 -5.13244203]
log likelihood =  -62.8683784821
Edge derivatives =  [0.18456941998983822, -0.056410025603025514, -0.029985146318794734, -0.029985289824032327, -0.029308011802785364, -0.029306971216326527, -0.029306852959714684, -0.029306852959714684, -0.02922519401759633, -0.02929679709470283, -0.02922504227572163, -0.15959689722218007, -0.029296681615183034, -0.029296681615183034]
other derivatives: [ 0.13325092 -0.16380852  0.41930406 -0.05839667 -0.36047325  0.        ]
Current x array =  [-0.47886969 -0.51253216 -1.17515467 -0.29699014  0.64878957  0.33647224
 -1.20601406 -4.34693402 -5.8240708  -5.82406602 -5.84734192 -5.84737776
 -5.84738179 -5.84738179 -5.84981915 -5.84772513 -5.84982434  0.42014539
 -5.84772907 -5.84772907]
log likelihood =  -62.6252558374
Edge derivatives =  [0.2579102070350353, -0.03543089804260493, -0.014695873507657456, -0.01469596755578946, -0.014347622614732148, -0.014348536323124014, -0.014348499792012356, -0.014348499792012356, -0.014204927368686598, -0.014341969796223476, -0.014204832643039596, 0.4419036528950522, -0.01434193458832276, -0.01434193458832276]
other derivatives: [ 1.08753113 -0.32352574 -0.07551932 -0.02478515 -0.1079556   0.        ]
Current x array =  [-0.49921813 -0.50966669 -1.0906492  -0.37205889  0.36385639  0.33647224
 -1.23930923 -4.81613488 -6.54206856 -6.54206216 -6.56627163 -6.56620801
 -6.56621056 -6.56621056 -6.57609391 -6.56666585 -6.57610058  0.34443693
 -6.56666831 -6.56666831]
log likelihood =  -62.6128363877
Edge derivatives =  [0.1955473724789083, -0.025418945186772367, -0.008929317989437325, -0.00892938591970913, -0.00871049563410099, -0.008711692952987052, -0.008711680397852289, -0.008711680397852289, -0.008577578780879799, -0.008706987932558386, -0.008577512136944137, 0.2723810036215127, -0.00870697616394696, -0.00870697616394696]
other derivatives: [-2.78677561  0.15516832 -0.18568187  0.08005898  0.17146817  0.        ]
Current x array =  [-0.43250501 -0.52383547 -1.06675802 -0.40804314  0.20920664  0.33647224
 -1.24546826 -5.16212449 -7.07396892 -7.07396131 -7.0988982  -7.09876076
 -7.0987622  -7.0987622  -7.11417806 -7.09930105 -7.11418583  0.32842542
 -7.0993024  -7.0993024 ]
log likelihood =  -62.5753932009
Edge derivatives =  [0.23041761437238617, -0.029772888712908254, -0.011326135203072008, -0.011326214789667858, -0.011052896435479714, -0.011054023620086928, -0.011054001817406948, -0.011054001817406948, -0.010912491440507845, -0.01104849161937013, -0.010912412431868058, 0.37016275510159735, -0.011048470825206762, -0.011048470825206762]
other derivatives: [-0.77064612 -0.07172929 -0.13401973  0.02588365  0.03118288  0.        ]
Current x array =  [-0.46457879 -0.51702352 -1.07824423 -0.39074293  0.28355788  0.33647224
 -1.24250717 -4.99578245 -6.81824623 -6.81823921 -6.84282637 -6.84272442
 -6.8427264  -6.8427264  -6.85548238 -6.84322507 -6.85548962  0.3361233
 -6.84322695 -6.84322695]
log likelihood =  -62.5324527464
Edge derivatives =  [0.18352531464877647, -0.02506526983558622, -0.008615566573441057, -0.008615632613478358, -0.008402648848619099, -0.008403810914291992, -0.008403798612689682, -0.008403798612689682, -0.008273362185984866, -0.008399235208112043, -0.008273297401398793, 0.24203202214918096, -0.008399223674274545, -0.008399223674274545]
other derivatives: [-0.38890491  0.00694058 -0.19547031  0.03730136  0.09968204  0.        ]
Current x array =  [-0.47446782 -0.52041298 -1.0675922  -0.40626952  0.227023    0.33647224
 -1.224813   -5.1691165  -7.09087976 -7.09087209 -7.11602513 -7.11588685
 -7.11588832 -7.11588832 -7.13143509 -7.11643154 -7.13144292  0.35409541
 -7.11643291 -7.11643291]
log likelihood =  -62.4833149712
Edge derivatives =  [-0.0742458851487598, -0.017492525243112542, -0.004875258144927723, -0.00487530236755916, -0.004747450979649643, -0.004748467142116207, -0.004748464939045417, -0.004748464939045417, -0.004647422964445796, -0.004745420899925672, -0.004647380506113702, -0.07516987113920086, -0.004745419138166549, -0.004745419138166549]
other derivatives: [-0.11365628 -0.53446243 -0.17367583  0.08303473  0.14805792  0.        ]
Current x array =  [-0.4843537  -0.50189693 -1.06788441 -0.41600161  0.19176857  0.33647224
 -1.13238135 -5.52505063 -7.65874772 -7.65873865 -7.68537809 -7.68516406
 -7.68516453 -7.68516453 -7.70662008 -7.68580583 -7.70662922  0.39536489
 -7.6858062  -7.6858062 ]
log likelihood =  -62.4776519683
Edge derivatives =  [-0.056118139442196124, -0.012296170240891158, -0.0027327089426382165, -0.0027327375089276967, -0.0026574264080395536, -0.0026581980165960558, -0.0026581995173446866, -0.0026581995173446866, -0.002586366888278241, -0.0026562394371060474, -0.002586339951952429, -0.3066666197917828, -0.002656241187053014, -0.002656241187053014]
other derivatives: [ 0.42193946  0.91630028  0.05408438  0.03203056  0.18673205  0.        ]
Current x array =  [-0.49919515 -0.55602477 -1.10410839 -0.42451969  0.1618206   0.33647224
 -1.13957618 -5.89060974 -8.2360392  -8.23602874 -8.26401262 -8.26372229
 -8.26372173 -8.26372173 -8.29108814 -8.2644594  -8.29109856  0.4257315
 -8.26445874 -8.26445874]
log likelihood =  -62.4538606798
Edge derivatives =  [-0.09516246576737314, -0.012610629098912661, -0.0028675521732141602, -0.0028675819221953905, -0.0027886774162695182, -0.0027894726899091614, -0.0027894740363276606, -0.0027894740363276606, -0.002715151113084597, -0.002787432942469434, -0.0027151230340810247, -0.16844103312492198, -0.0027874345506776594, -0.0027874345506776594]
other derivatives: [ 0.11103296  0.21606468  0.04551381  0.0591811   0.16041781  0.        ]
Current x array =  [-0.49062885 -0.52832839 -1.10352614 -0.41815941  0.183243    0.33647224
 -1.12663154 -5.85948297 -8.18929984 -8.18928947 -8.21723026 -8.21694511
 -8.21694463 -8.21694463 -8.24391974 -8.21767663 -8.24393008  0.40726314
 -8.21767606 -8.21767606]
log likelihood =  -62.4440742784
Edge derivatives =  [-0.10200933263450396, -0.01157885691066053, -0.0025083433931558183, -0.00250837031010283, -0.002438376938520995, -0.0024391177022269, -0.002439119452993018, -0.002439119452993018, -0.002370684724654395, -0.002437274524175298, -0.0023706594252916936, -0.0860134297679519, -0.002437276504843251, -0.002437276504843251]
other derivatives: [-0.01314007 -0.08871837  0.10064554  0.06658354  0.13166854  0.        ]
Current x array =  [-0.48661727 -0.51709637 -1.11387359 -0.41260019  0.20500207  0.33647224
 -1.12465286 -5.9427702  -8.32382609 -8.32381536 -8.35215005 -8.35184629
 -8.35184558 -8.35184558 -8.38027717 -8.35260228 -8.38028785  0.39624513
 -8.35260146 -8.35260146]
log likelihood =  -62.4319124688
Edge derivatives =  [-0.07960729134152855, -0.009347795617171998, -0.0017844671556589593, -0.0017844878465292334, -0.0017330844245622718, -0.0017336905937033226, -0.0017336928690587419, -0.0017336928690587419, -0.0016790327045003613, -0.0017322775948675924, -0.0016790134430852927, 0.00608221617940901, -0.0017322800349735832, -0.0017322800349735832]
other derivatives: [-0.09329639 -0.25698057  0.17542376  0.0624091   0.08563674  0.        ]
Current x array =  [-0.48302566 -0.51101961 -1.12836515 -0.40408897  0.23926319  0.33647224
 -1.1320733  -6.15563936 -8.66440412 -8.66439253 -8.69364562 -8.69329591
 -8.6932946  -8.6932946  -8.7253115  -8.69411128 -8.72532297  0.3844611
 -8.69410987 -8.69410987]
log likelihood =  -62.4157521376
Edge derivatives =  [-0.04553594902483815, -0.006523379137746566, -0.0010066601606531524, -0.001006673269322016, -0.0009761864244482069, -0.0009766022444780498, -0.0009766044937978377, -0.0009766044937978377, -0.0009402172372625879, -0.0009757104518307771, -0.0009402052081912045, 0.07820068845584634, -0.0009757127950540682, -0.0009757127950540682]
other derivatives: [-0.10722019 -0.2418723   0.1145068   0.03537934  0.01669349  0.        ]
Current x array =  [-0.48026771 -0.51134691 -1.11849508 -0.38629755  0.29282993  0.33647224
 -1.140419   -6.51325562 -9.2341754  -9.23416237 -9.26492885 -9.26450298
 -9.26450067 -9.26450067 -9.30246082 -9.26541656 -9.30247361  0.37734046
 -9.26541416 -9.26541416]
log likelihood =  -62.4060243137
Edge derivatives =  [0.09967256854103235, -0.0037757285333207455, -0.0004253513480058293, -0.0004253577742296947, -0.0004116361030831177, -0.0004118587037788967, -0.0004118602873533835, -0.0004118602873533835, -0.00039300943806927296, -0.0004114235113813753, -0.0003930036517945798, -0.010400023979549866, -0.0004114251346538031, -0.0004114251346538031]
other derivatives: [ 0.09432881 -0.101371    0.07028831 -0.01353513  0.00623928  0.        ]
Current x array =  [ -0.48360752  -0.51592632  -1.11209701  -0.36575602   0.29786101
   0.33647224  -1.18838647  -7.06017304 -10.09258154 -10.09256643
 -10.12536339 -10.12482276 -10.12481891 -10.12481891 -10.17166508
 -10.12587998 -10.17167981   0.3904059  -10.12587603 -10.12587603]
log likelihood =  -62.4011547636
Edge derivatives =  [0.028842788609170666, -0.0027805703298012835, -0.0002619942427985889, -0.0002619985158911143, -0.0002532283461693085, -0.0002533816754844031, -0.0002533828651962172, -0.0002533828651962172, -0.00024057049890589406, -0.0002530929813273094, -0.000240566688998312, 0.01684632007645595, -0.00025309419556496276, -0.00025309419556496276]
other derivatives: [ 0.02546585  0.03118004 -0.02552412 -0.02565201 -0.01335891  0.        ]
Current x array =  [ -0.48178962  -0.52048729  -1.09488798  -0.3568266    0.31777255
   0.33647224  -1.1613971   -7.36521782 -10.57575407 -10.57573776
 -10.60978855 -10.60918323 -10.60917854 -10.60917854 -10.66106432
 -10.61032325 -10.66108016   0.38794636 -10.61031845 -10.61031845]
log likelihood =  -62.3993695675
Edge derivatives =  [0.0010196519487616351, -0.002086360724340383, -0.00016646548610710127, -0.00016646838680478261, -0.0001607151420108731, -0.00016082222038351596, -0.0001608231054619111, -0.0001608231054619111, -0.00015197289820361132, -0.0001606266462780286, -0.00015197033449209922, -0.0059165675975058896, -0.00016062754692484395, -0.00016062754692484395]
other derivatives: [-0.00155325  0.063838   -0.02397371 -0.02463594 -0.01235563  0.        ]
Current x array =  [ -0.4815721   -0.52161042  -1.09471803  -0.3561315    0.31876695
   0.33647224  -1.1516698   -7.65257559 -11.02928337 -11.02926594
 -11.06444013 -11.06377409 -11.06376858 -11.06376858 -11.12036974
 -11.06499092 -11.12038661   0.39062501 -11.06498531 -11.06498531]
log likelihood =  -62.3979625852
Edge derivatives =  [-0.022360336387799884, -0.00120996965648294, -7.043861996101722e-05, -7.043999589152754e-05, -6.786206002475206e-05, -6.791508494431489e-05, -6.791556287243809e-05, -6.791556287243809e-05, -6.360784613045287e-05, -6.78226451134311e-05, -6.360664895515184e-05, 0.03464535604328376, -6.782312958935737e-05, -6.782312958935737e-05]
other derivatives: [ 0.24695126  0.04604601 -0.0158046  -0.01966285 -0.01041442  0.        ]
Current x array =  [ -0.48658887  -0.52137602  -1.09629233  -0.3628801    0.31201739
   0.33647224  -1.14306974  -8.19750217 -11.88843872 -11.88841918
 -11.92570425 -11.9249232  -11.92491616 -11.92491616 -11.99044384
 -11.92628523 -11.99046266   0.3872724  -11.92627809 -11.92627809]
log likelihood =  -62.3964339239
Edge derivatives =  [-0.02048834244715958, -0.0006817765957895929, -2.8546475150401928e-05, -2.8547096101150427e-05, -2.744174290652966e-05, -2.74665155394005e-05, -2.746675332828505e-05, -2.746675332828505e-05, -2.5483781954478053e-05, -2.7424940739220522e-05, -2.5483250004568256e-05, -0.019884725459841157, -2.742518114917229e-05, -2.742518114917229e-05]
other derivatives: [-0.05780052  0.080815    0.02888854 -0.00465974  0.00826006  0.        ]
Current x array =  [ -0.48137275  -0.52244829  -1.10329319  -0.36819857   0.30284497
   0.33647224  -1.14632726  -8.77247159 -12.79440492 -12.79438316
 -12.83387345 -12.83297112 -12.83296247 -12.83296247 -12.90789625
 -12.83448593 -12.90791712   0.39093977 -12.83447716 -12.83447716]
log likelihood =  -62.3959861747
Edge derivatives =  [-0.009730982154609324, -0.0005428304045957687, -1.878188384373255e-05, -1.8782311696876755e-05, -1.803650100113587e-05, -1.8053795091787783e-05, -1.8053964875196073e-05, -1.8053964875196073e-05, -1.6677852118401664e-05, -1.8025192287429016e-05, -1.667748812035867e-05, -0.009183995599197234, -1.8025363783096618e-05, -1.8025363783096618e-05]
other derivatives: [-0.02151879  0.03706688  0.02278284 -0.00476987  0.00515428  0.        ]
Current x array =  [ -0.48187237  -0.52091944  -1.10247812  -0.36834057   0.30400791
   0.33647224  -1.14978789  -9.         -13.21279697 -13.21277419
 -13.25329247 -13.25233409 -13.25232469 -13.25232469 -13.33160821
 -13.25391966 -13.33163004   0.38995177 -13.25391015 -13.25391015]
log likelihood =  -62.3958972865
Edge derivatives =  [-0.0027653113428272036, -0.0005425797034755897, -1.8225762697172006e-05, -1.8226179232811696e-05, -1.7501111672341825e-05, -1.751796230727805e-05, -1.7518127968630678e-05, -1.7518127968630678e-05, -1.6177833652953646e-05, -1.7490119237988417e-05, -1.6177479457616233e-05, -0.000345677443316747, -1.7490286560232205e-05, -1.7490286560232205e-05]
other derivatives: [ 0.00723617  0.00588258  0.00648654 -0.00632951  0.00073754  0.        ]
Current x array =  [ -0.48220871  -0.51982532  -1.09985294  -0.36749871   0.30665768
   0.33647224  -1.15176189  -9.         -13.24246567 -13.24244282
 -13.28303765 -13.28207528 -13.28206582 -13.28206582 -13.36165986
 -13.28366594 -13.36168176   0.38925894 -13.28365638 -13.28365638]
log likelihood =  -62.3958878236
Edge derivatives =  [-0.000570291975085846, -0.0005425269110477771, -1.8071492773400003e-05, -1.8071906160187116e-05, -1.7352614022530885e-05, -1.7369341420913513e-05, -1.7369505939529545e-05, -1.7369505939529545e-05, -1.6039167651308804e-05, -1.7341709674941916e-05, -1.603881618232762e-05, 0.0008950052478442772, -1.734187584013223e-05, -1.734187584013223e-05]
other derivatives: [ 0.00451976 -0.00331255  0.00117097 -0.0056275   0.00022595  0.        ]
Current x array =  [ -0.48212214  -0.51951224  -1.09896735  -0.36786475   0.30696825
   0.33647224  -1.15250343  -9.         -13.25097141 -13.25094853
 -13.29156421 -13.2906007  -13.29059123 -13.29059123 -13.37027349
 -13.2921928  -13.3702954    0.38910834 -13.29218322 -13.29218322]
log likelihood =  -62.3958820542
Edge derivatives =  [0.000886833575966306, -0.0005425362841717232, -1.795318107660377e-05, -1.7953592045683843e-05, -1.7238740835538664e-05, -1.7255373751035258e-05, -1.7255537396092354e-05, -1.7255537396092354e-05, -1.593283559766201e-05, -1.722790424061339e-05, -1.5932486221787173e-05, 0.0022119752251934244, -1.7228069521208548e-05, -1.7228069521208548e-05]
other derivatives: [ 0.00343761 -0.00434852 -0.00135003 -0.00425757  0.00026432  0.        ]
Current x array =  [ -0.4821057   -0.51951081  -1.09854153  -0.36885831   0.30681336
   0.33647224  -1.15307022  -9.         -13.25760475 -13.25758186
 -13.29821309 -13.29724869 -13.29723921 -13.29723921 -13.37699003
 -13.2988419  -13.37701196   0.3889194  -13.29883231 -13.29883231]
log likelihood =  -62.3958751389
Edge derivatives =  [0.0014077276070115774, -0.0005425763744668717, -1.7796939312487706e-05, -1.779734708972714e-05, -1.7088352459318164e-05, -1.71048605124411e-05, -1.7105023000963486e-05, -1.7105023000963486e-05, -1.5792409960518248e-05, -1.707760520059644e-05, -1.5792063347849543e-05, -0.0005043928074909831, -1.707776931012097e-05, -1.707776931012097e-05]
other derivatives: [ 0.00249258 -0.00519478 -0.0025544  -0.00054214  0.00016627  0.        ]
Current x array =  [ -0.48216221  -0.51956487  -1.09828658  -0.37128376   0.3067565
   0.33647224  -1.15340763  -9.         -13.26649358 -13.26647067
 -13.30712323 -13.30615766 -13.30614816 -13.30614816 -13.38599071
 -13.30775235 -13.38601266   0.38918858 -13.30774274 -13.30774274]
log likelihood =  -62.3958756781
Edge derivatives =  [0.0023280212284697566, -0.0005426437901732863, -1.7636326243555637e-05, -1.7636730734535664e-05, -1.6933754790571874e-05, -1.695013407134537e-05, -1.6950295362977757e-05, -1.6950295362977757e-05, -1.564808083693682e-05, -1.6923099302279233e-05, -1.5647737068352673e-05, 0.0048923519183779254, -1.6923262200018334e-05, -1.6923262200018334e-05]
other derivatives: [ 0.0079126   0.0053987  -0.00116387  0.00048672 -0.00065938  0.        ]
Current x array =  [ -0.48224848  -0.51999292  -1.09854378  -0.3723897    0.30717182
   0.33647224  -1.15379809  -9.         -13.27560963 -13.27558669
 -13.31626168 -13.31529489 -13.31528538 -13.31528538 -13.39522219
 -13.31689112 -13.39524416   0.38853895 -13.3168815  -13.3168815 ]
log likelihood =  -62.3958740547
Edge derivatives =  [0.0018215906033224316, -0.0005426066968131683, -1.7724531525247757e-05, -1.772493782141569e-05, -1.7018656113415777e-05, -1.7035106136126352e-05, -1.703526808537068e-05, -1.703526808537068e-05, -1.5727341258964616e-05, -1.700795022083714e-05, -1.572699592814067e-05, 0.0019226194985438524, -1.7008113784368216e-05, -1.7008113784368216e-05]
other derivatives: [  4.92974550e-03  -4.27746727e-04  -1.92841298e-03  -7.88702437e-05
  -2.05346851e-04   0.00000000e+00]
Current x array =  [ -0.48220101  -0.51975736  -1.09840224  -0.3717811    0.30694327
   0.33647224  -1.15358322  -9.         -13.27059307 -13.27057014
 -13.31123279 -13.31026667 -13.31025716 -13.31025716 -13.3901421
 -13.31186206 -13.39016406   0.38889644 -13.31185244 -13.31185244]
log likelihood =  -62.3958732605
Edge derivatives =  [0.001098065344322885, -0.0005426186633843977, -1.771268447993432e-05, -1.771309053562002e-05, -1.700724858915683e-05, -1.7023689170647727e-05, -1.7023851031846437e-05, -1.7023851031846437e-05, -1.57166862291303e-05, -1.699654940039746e-05, -1.5716341106567037e-05, 0.001090610111228199, -1.699671287479641e-05, -1.699671287479641e-05]
other derivatives: [ 0.00102816 -0.00016271 -0.00095497  0.00062883 -0.00022027  0.        ]
Current x array =  [ -0.48214257  -0.51977505  -1.0985475   -0.37213555   0.30702944
   0.33647224  -1.15338045  -9.         -13.27131067 -13.27128775
 -13.31195229 -13.31098608 -13.31097657 -13.31097657 -13.3908688
 -13.31258159 -13.39089076   0.38895688 -13.31257197 -13.31257197]
log likelihood =  -62.3958728158
Edge derivatives =  [0.0006534145001798608, -0.0005426214564007918, -1.768228845490948e-05, -1.7682693889707785e-05, -1.697798582697187e-05, -1.699440201276332e-05, -1.6994563646029197e-05, -1.6994563646029197e-05, -1.568936712693023e-05, -1.6967303918625796e-05, -1.5689022541728414e-05, 0.0005517132385043713, -1.69674671622977e-05, -1.69674671622977e-05]
other derivatives: [-0.00029132  0.00025935 -0.0003439   0.00082068 -0.00043983  0.        ]
Current x array =  [ -0.48212122  -0.51979191  -1.0986417   -0.37220118   0.30724856
   0.33647224  -1.15323449  -9.         -13.27303682 -13.27301389
 -13.313683   -13.31271655 -13.31270704 -13.31270704 -13.39261715
 -13.31431236 -13.39263912   0.38901375 -13.31430274 -13.31430274]
log likelihood =  -62.3958720054
Edge derivatives =  [0.00021984764735549778, -0.0005426190223939855, -1.7577544963435982e-05, -1.757794825469511e-05, -1.68771577782282e-05, -1.689348981390607e-05, -1.689365066222093e-05, -1.689365066222093e-05, -1.5595245050879967e-05, -1.6866535583000873e-05, -1.5594902320550736e-05, -0.00013175276532913227, -1.6866698032057737e-05, -1.6866698032057737e-05]
other derivatives: [-0.00099405  0.00052225  0.0003368   0.00094005 -0.00101039  0.        ]
Current x array =  [ -0.48210577  -0.51980337  -1.09874848  -0.37220682   0.30774547
   0.33647224  -1.15307635  -9.         -13.27897123 -13.27894828
 -13.3196326  -13.31866537 -13.31865585 -13.31865585 -13.39862747
 -13.32026218 -13.39864945   0.38910106 -13.32025255 -13.32025255]
log likelihood =  -62.3958701664
Edge derivatives =  [-0.0002267748534757752, -0.0005426088966710139, -1.7294874159760366e-05, -1.7295271656610435e-05, -1.6605071091043504e-05, -1.6621175695597562e-05, -1.662133442332021e-05, -1.662133442332021e-05, -1.534128260029386e-05, -1.659461031908335e-05, -1.5340944883062986e-05, -0.00020494614001953515, -1.65947706214226e-05, -1.65947706214226e-05]
other derivatives: [-0.00365219  0.00067004  0.00033822  0.00095994 -0.00185025  0.        ]
Current x array =  [ -0.48203852  -0.51980755  -1.09874134  -0.37211119   0.30849335
   0.33647224  -1.15290396  -9.         -13.29517333 -13.29515034
 -13.33587559 -13.3349062  -13.33489665 -13.33489665 -13.41503616
 -13.33650577 -13.41505817   0.38911005 -13.33649611 -13.33649611]
log likelihood =  -62.3958662661
Edge derivatives =  [-0.0010762070967181847, -0.000542579272321677, -1.6529506017458367e-05, -1.6529887762278007e-05, -1.586842939628796e-05, -1.5883915117514976e-05, -1.5884068064532206e-05, -1.5884068064532206e-05, -1.4653937065939841e-05, -1.585840667803277e-05, -1.4653612968916808e-05, -0.0007246976502802011, -1.5858561128911158e-05, -1.5858561128911158e-05]
other derivatives: [ 0.00021103 -0.00038582 -0.00033182  0.00107363 -0.00366711  0.        ]
Current x array =  [ -0.48209062  -0.51978167  -1.09861757  -0.37209218   0.30992729
   0.33647224  -1.15253058  -9.         -13.34036234 -13.34033925
 -13.38117803 -13.38020263 -13.380193   -13.380193   -13.4608004
 -13.38180985 -13.46082252   0.38924574 -13.38180011 -13.38180011]
log likelihood =  -62.3958609298
Edge derivatives =  [-0.0005942547138637622, -0.0005425466587864525, -1.529694839047308e-05, -1.529730458485575e-05, -1.4682323088928754e-05, -1.469680294634174e-05, -1.46969464643571e-05, -1.46969464643571e-05, -1.3547879001987077e-05, -1.4673008481197488e-05, -1.3547576974929584e-05, 0.0012511284389319088, -1.4673153389133978e-05, -1.4673153389133978e-05]
other derivatives: [-0.01045422 -0.0005322  -0.00181544  0.00028209 -0.00522604  0.        ]
Current x array =  [ -0.48181343  -0.51975293  -1.09837722  -0.37137301   0.31138226
   0.33647224  -1.15265074  -9.         -13.41783838 -13.4178151
 -13.45884769 -13.45786197 -13.4578522  -13.4578522  -13.5392618
 -13.4594823  -13.5392841    0.38897731 -13.45947243 -13.45947243]
log likelihood =  -62.3958520224
Edge derivatives =  [-0.00021899835972505333, -0.0005425184630287816, -1.4139102978924483e-05, -1.4139434944304695e-05, -1.3568341887203111e-05, -1.3581865320277415e-05, -1.3581999829627832e-05, -1.3581999829627832e-05, -1.2509918351528217e-05, -1.3559695657861611e-05, -1.2509637224369005e-05, 0.0024567187590648215, -1.3559831450151846e-05, -1.3559831450151846e-05]
other derivatives: [-0.00481748 -0.00422489 -0.0028237   0.0002423  -0.00608935  0.        ]
Current x array =  [ -0.48189601  -0.51962927  -1.09822269  -0.37136136   0.31193526
   0.33647224  -1.15272411  -9.         -13.49649188 -13.49646841
 -13.53769702 -13.53670083 -13.53669092 -13.53669092 -13.61891437
 -13.53833446 -13.61893684   0.38889281 -13.53832445 -13.53832445]
log likelihood =  -62.3958174544
Edge derivatives =  [0.0022648902967725704, -0.0005424614835655739, -1.0080536247810064e-05, -1.0080781294117354e-05, -9.665480396924284e-06, -9.675549379588347e-06, -9.675650959466023e-06, -9.675650959466023e-06, -8.880789356195843e-06, -9.659203995926219e-06, -8.880582951316915e-06, 0.005019493409324283, -9.659306484584221e-06, -9.659306484584221e-06]
other derivatives: [ 0.01157687 -0.00938982 -0.00724185 -0.00107789 -0.00674518  0.        ]
Current x array =  [ -0.48215884  -0.51944544  -1.09753416  -0.37081588   0.31209304
   0.33647224  -1.15342216  -9.         -13.83466445 -13.83464014
 -13.87671024 -13.87566903 -13.87565853 -13.87565853 -13.96138051
 -13.87735981 -13.96140375   0.3887455  -13.8773492  -13.8773492 ]
log likelihood =  -62.3957828498
Edge derivatives =  [0.004250815336866998, -0.0005424631695635078, -6.7977109775160875e-06, -6.797882796215097e-06, -6.511445152336294e-06, -6.5185701977060705e-06, -6.518643152341619e-06, -6.518643152341619e-06, -5.958799128058743e-06, -6.5071249287420345e-06, -5.958655295376717e-06, 0.005121214400336548, -6.5071984910092766e-06, -6.5071984910092766e-06]
other derivatives: [ 0.01993072 -0.00907932 -0.00930171 -0.00196394 -0.00538449  0.        ]
Current x array =  [ -0.48233073  -0.51944978  -1.09721634  -0.37056068   0.31081586
   0.33647224  -1.15407574  -9.         -14.22863843 -14.22861315
 -14.27166304 -14.2705694  -14.27055821 -14.27055821 -14.36035542
 -14.27232674 -14.36037956   0.38878226 -14.27231543 -14.27231543]
log likelihood =  -62.3957348796
Edge derivatives =  [0.00374743768185104, -0.0005425127770603602, -3.4575992504965394e-06, -3.4576923838778175e-06, -3.3064294013199096e-06, -3.3103452301533115e-06, -3.31038621569712e-06, -3.31038621569712e-06, -3.004989895317951e-06, -3.3041554592094073e-06, -3.004912739246198e-06, 0.005229730240445492, -3.304196748604951e-06, -3.304196748604951e-06]
other derivatives: [ 0.02083311 -0.00960867 -0.00463274 -0.00208189 -0.002413    0.        ]
Current x array =  [ -0.48240598  -0.51941192  -1.0980177   -0.37057214   0.30839009
   0.33647224  -1.15401878  -9.         -14.90474219 -14.90471526
 -14.94944785 -14.94826425 -14.94825186 -14.94825186 -15.04504249
 -14.95013582 -15.04506817   0.38869275 -14.95012333 -14.95012333]
log likelihood =  -62.3962466554
Edge derivatives =  [0.00042907164650085594, -0.0005431107959277269, -7.901639744378087e-07, -7.9018812281652e-07, -7.528449376152448e-07, -7.538846098587159e-07, -7.538959003599235e-07, -7.538959003599235e-07, -6.739754190785386e-07, -7.522872508799854e-07, -6.739558499190808e-07, -0.018877562317534617, -7.522986075371944e-07, -7.522986075371944e-07]
other derivatives: [ 0.00971596  0.1632344  -0.01820126 -0.00693348 -0.00228795  0.        ]
Current x array =  [ -0.48251065  -0.52572431  -1.09536805  -0.37070256   0.30995926
   0.33647224  -1.15280176  -9.         -16.38069916 -16.3806686
 -16.42908038 -16.42770034 -16.42768536 -16.42768536 -16.53974601
 -16.42982142 -16.53977505   0.39165825 -16.42980633 -16.42980633]
log likelihood =  -62.3957296401
Edge derivatives =  [0.0034493026705693097, -0.000542566727694536, -3.0240931064486113e-06, -3.0241755579583267e-06, -2.8909120859978034e-06, -2.8943874127908504e-06, -2.8944239300944835e-06, -2.8944239300944835e-06, -2.6237631932350364e-06, -2.8889099931885475e-06, -2.6236950255864217e-06, 0.0030531894313313573, -2.888946775258368e-06, -2.888946775258368e-06]
other derivatives: [ 0.01982698  0.00625278 -0.00586056 -0.00252385 -0.00240021  0.        ]
Current x array =  [ -0.48241548  -0.5199848   -1.09777723  -0.37058398   0.3085325
   0.33647224  -1.15390833  -9.         -15.03869242 -15.03866515
 -15.08373165 -15.08253022 -15.0825176  -15.0825176  -15.18069406
 -15.08442444 -15.18072004   0.38896188 -15.08441171 -15.08441171]
log likelihood =  -62.3957046895
Edge derivatives =  [0.0017387668642881993, -0.0005426043330111768, -1.5865994470020168e-06, -1.5866452188959462e-06, -1.514293454912572e-06, -1.516244049197291e-06, -1.5162648996135602e-06, -1.5162648996135602e-06, -1.365334650481646e-06, -1.5132096743815465e-06, -1.3652971736238236e-06, 0.00033489932075472795, -1.5132306609749663e-06, -1.5132306609749663e-06]
other derivatives: [ 0.00451834  0.00226805 -0.00118803 -0.00153335  0.00017906  0.        ]
Current x array =  [ -0.48219038  -0.51981978  -1.09853291  -0.37085319   0.30675402
   0.33647224  -1.15350376  -9.         -15.68389912 -15.68387028
 -15.7305432  -15.7292559  -15.72924215 -15.72924215 -15.83409258
 -15.73125915 -15.83412003   0.3891026  -15.73124528 -15.73124528]
log likelihood =  -62.395697359
Edge derivatives =  [2.863459227187004e-05, -0.0005426219836617843, -9.514665170105313e-07, -9.514951608531287e-07, -9.06950456178953e-07, -9.081805269406494e-07, -9.081938325000211e-07, -9.081938325000211e-07, -8.134763695719541e-07, -9.062846986221607e-07, -8.134530938951166e-07, -0.001446886413493352, -9.062980843919757e-07, -9.062980843919757e-07]
other derivatives: [-0.00270717  0.00086686  0.00122071 -0.0006203   0.00087823  0.        ]
Current x array =  [ -0.48208979  -0.51976925  -1.09890813  -0.3712069    0.30635121
   0.33647224  -1.15300004  -9.         -16.19533242 -16.19530232
 -16.24324911 -16.24189376 -16.2418791  -16.2418791  -16.35202005
 -16.24398344 -16.35204866   0.38923602 -16.24396867 -16.24396867]
log likelihood =  -62.395693855
Edge derivatives =  [-0.0009356072697891404, -0.0005426283887495629, -5.950402146129872e-07, -5.950588141746717e-07, -5.665380440972457e-07, -5.673418628690563e-07, -5.673506432304756e-07, -5.673506432304756e-07, -5.057187718751659e-07, -5.661126225008359e-07, -5.057037617612493e-07, -0.0009712055106602807, -5.661214521152947e-07, -5.661214521152947e-07]
other derivatives: [-0.00372467  0.00090381  0.0019746  -0.00024087  0.00090523  0.        ]
Current x array =  [ -0.48207654  -0.51977517  -1.09902642  -0.37140077   0.30634753
   0.33647224  -1.15269056  -9.         -16.66473171 -16.66470045
 -16.71381647 -16.71239865 -16.71238318 -16.71238318 -16.82737997
 -16.71456767 -16.82740965   0.38916252 -16.71455207 -16.71455207]
log likelihood =  -62.3956963882
Edge derivatives =  [-0.0005778339195064985, -0.0005426016795061209, -2.5609458381166537e-07, -2.561031189790757e-07, -2.433167438238072e-07, -2.4368931029502133e-07, -2.4369344307393134e-07, -2.4369344307393134e-07, -2.1533435279515805e-07, -2.4312666897343786e-07, -2.1532754836445618e-07, -0.007775108951886933, -2.43130822168358e-07, -2.43130822168358e-07]
other derivatives: [-0.01469331 -0.00423128 -0.0032351   0.00190994  0.00064304  0.        ]
Current x array =  [ -0.48192044  -0.51962439  -1.09807388  -0.37247053   0.30676563
   0.33647224  -1.15286269  -9.         -17.50788894 -17.50785561
 -17.55907172 -17.55754169 -17.55752473 -17.55752473 -17.68124384
 -17.55985321 -17.68127544   0.38992354 -17.55983613 -17.55983613]
log likelihood =  -62.3956926759
Edge derivatives =  [-0.0008083094074257113, -0.0005426188772791689, -4.4091124161211434e-07, -4.409253480816783e-07, -4.1947872625500523e-07, -4.2009065446336015e-07, -4.200973774293375e-07, -4.200973774293375e-07, -3.733021829105953e-07, -4.191592187727925e-07, -3.7329084834327777e-07, -0.0033902393701851358, -4.1916597777536997e-07, -4.1916597777536997e-07]
other derivatives: [-0.00762554 -0.00092371  0.0001215   0.00052367  0.00081073  0.        ]
Current x array =  [ -0.48202103  -0.51972156  -1.09868771  -0.37178116   0.3064962
   0.33647224  -1.15275176  -9.         -16.96454378 -16.96451179
 -17.01437457 -17.01291685 -17.01290084 -17.01290084 -17.13099914
 -17.01513653 -17.13102951   0.38943312 -17.01512041 -17.01512041]
log likelihood =  -62.3956896839
Edge derivatives =  [-0.0010130981152559615, -0.0005426182833912621, -2.4210725116752276e-07, -2.421153535166986e-07, -2.299951942716707e-07, -2.3034908235724075e-07, -2.3035301161742528e-07, -2.3035301161742528e-07, -2.0342829116844752e-07, -2.2981506262734332e-07, -2.034218369926675e-07, -0.0012250233988014003, -2.2981901113600124e-07, -2.2981901113600124e-07]
other derivatives: [-0.00190852 -0.00052225  0.00023164  0.0004249   0.0005187   0.        ]
Current x array =  [ -0.48211647  -0.51974348  -1.09872104  -0.37183191   0.30659779
   0.33647224  -1.15265661  -9.         -17.56397559 -17.56394213
 -17.615298   -17.6137605  -17.61374345 -17.61374345 -17.73804284
 -17.6160815  -17.73807457   0.38921367 -17.61606432 -17.61606432]
log likelihood =  -62.3956883492
Edge derivatives =  [-0.0008297360522945274, -0.0005426138360602012, -1.3021102121989706e-07, -1.3021557717980136e-07, -1.2350610797500024e-07, -1.2370635415710526e-07, -1.2370859925971236e-07, -1.2370859925971236e-07, -1.08550259122915e-07, -1.2340662832191732e-07, -1.0854666194345009e-07, 0.0007967167453597421, -1.234088834496894e-07, -1.234088834496894e-07]
other derivatives: [ -4.41957582e-04   9.73443548e-05  -4.13535872e-04   3.60245167e-04
  -2.62900812e-05   0.00000000e+00]
Current x array =  [ -0.4821205   -0.5197711   -1.09862364  -0.37185117   0.30697223
   0.33647224  -1.15270142  -9.         -18.18418319 -18.18414821
 -18.23704896 -18.23542892 -18.23541078 -18.23541078 -18.36612629
 -18.23785475 -18.36615942   0.38898833 -18.23783647 -18.23783647]
log likelihood =  -62.3956880721
Edge derivatives =  [-0.00032299910940691845, -0.0005426125231779079, -6.726654573010745e-08, -6.726900842204447e-08, -6.369804072370048e-08, -6.3806925331968e-08, -6.380815745684441e-08, -6.380815745684441e-08, -5.560834106331404e-08, -6.364522403976762e-08, -5.5606414719653295e-08, -0.0002496363919221728, -6.364646114816225e-08, -6.364646114816225e-08]
other derivatives: [  6.55973054e-03  -4.63273864e-04  -3.83693077e-05   4.54747351e-04
  -2.99849034e-04   0.00000000e+00]
Current x array =  [ -0.48226538  -0.51976316  -1.09869199  -0.3720079    0.30706336
   0.33647224  -1.15284961  -9.         -18.84463795 -18.84460134
 -18.89914717 -18.89743924 -18.89741993 -18.89741993 -19.03496777
 -18.89997669 -19.03500241   0.38916802 -18.89995725 -18.89995725]
log likelihood =  -62.3956875779
Edge derivatives =  [-0.0002957582736689002, -0.0005426139038083622, -5.591319232474587e-08, -5.591526474618506e-08, -5.2922632854874426e-08, -5.301440255233397e-08, -5.3015443510533036e-08, -5.3015443510533036e-08, -4.6114284656384e-08, -5.287839961605841e-08, -4.6112667797818745e-08, 0.000425302952874608, -5.2879444668792707e-08, -5.2879444668792707e-08]
other derivatives: [  2.53095322e-03  -3.19744231e-05  -2.21689334e-04   4.75353090e-04
  -3.48165941e-04   0.00000000e+00]
Current x array =  [ -0.48217797  -0.51977485  -1.09866069  -0.37197567   0.30716348
   0.33647224  -1.15287557  -9.         -19.02952353 -19.02948647
 -19.08449279 -19.08276026 -19.08274063 -19.08274063 -19.22220112
 -19.08532895 -19.22223618   0.38905681 -19.08530919 -19.08530919]
log likelihood =  -62.3956873569
Edge derivatives =  [-0.0001501660923273196, -0.0005426163673382913, -3.938122742223197e-08, -3.938272098595089e-08, -3.724239555509699e-08, -3.730871554949615e-08, -3.73094711212065e-08, -3.73094711212065e-08, -3.2335333236140485e-08, -3.721079940703829e-08, -3.233417370326673e-08, 0.0005550464855311951, -3.721155779674412e-08, -3.721155779674412e-08]
other derivatives: [  1.81188398e-04   1.37845291e-04  -8.24229573e-05   5.18696197e-04
  -3.58824082e-04   0.00000000e+00]
Current x array =  [ -0.48212935  -0.51977917  -1.0986842   -0.37197665   0.30720726
   0.33647224  -1.15293962  -9.         -19.38005089 -19.38001296
 -19.43589235 -19.43411317 -19.43409292 -19.43409292 -19.57717959
 -19.4367411  -19.57721545   0.38902183 -19.43672072 -19.43672072]
log likelihood =  -62.3956872173
Edge derivatives =  [4.4012890483169365e-05, -0.0005426191525629972, -2.648530851815499e-08, -2.6486338796064286e-08, -2.5022154523664905e-08, -2.5068036549309735e-08, -2.5068561714554612e-08, -2.5068561714554612e-08, -2.1637414752093537e-08, -2.500056961705812e-08, -2.163661931016009e-08, 0.0003878915191898799, -2.5001096625230532e-08, -2.5001096625230532e-08]
other derivatives: [-0.00076952  0.00021814  0.00021387  0.00052722 -0.00032259  0.        ]
Current x array =  [ -0.48211159  -0.51978088  -1.09873493  -0.37197362   0.30719195
   0.33647224  -1.15301549  -9.         -19.7767585  -19.7767196
 -19.83358707 -19.8317551  -19.83173415 -19.83173415 -19.97892471
 -19.83445008 -19.97896147   0.38903228 -19.834429   -19.834429  ]
log likelihood =  -62.3956870767
Edge derivatives =  [0.00024215142106853715, -0.0005426192206694054, -1.6681233999906662e-08, -1.6681901837500913e-08, -1.574157795004908e-08, -1.577141288802048e-08, -1.5771756116303694e-08, -1.5771756116303694e-08, -1.3548118872676586e-08, -1.572773754797804e-08, -1.3547606559842587e-08, 0.00020841283086389661, -1.5728081896838894e-08, -1.5728081896838894e-08]
other derivatives: [ -9.08784159e-04  -4.54747351e-05   3.68771680e-04   4.32009983e-04
  -2.06057393e-04   0.00000000e+00]
Current x array =  [ -0.48210962  -0.51976852  -1.09876371  -0.37191265   0.30710177
   0.33647224  -1.15308513  -9.         -20.23906481 -20.23902478
 -20.2970437  -20.2951502  -20.29512844 -20.29512844 -20.44710148
 -20.29792331 -20.44713929   0.38905125 -20.29790142 -20.29790142]
log likelihood =  -62.3956871834
Edge derivatives =  [0.00016406635479193632, -0.0005426301222205768, -6.680214517687838e-09, -6.68049697405603e-09, -6.289579362403358e-09, -6.3022674514585006e-09, -6.302414749103756e-09, -6.302414749103756e-09, -5.362836515296929e-09, -6.283842810159103e-09, -5.362622555981665e-09, -0.0005577312055889128, -6.28399052247015e-09, -6.28399052247015e-09]
other derivatives: [ -1.10418341e-03   3.98827638e-03  -1.30029321e-04  -6.32383035e-05
   1.27187150e-04   0.00000000e+00]
Current x array =  [ -0.48211435  -0.51990448  -1.09867366  -0.37167633   0.30689291
   0.33647224  -1.15304481  -9.         -21.1541848  -21.15414252
 -21.21444071 -21.21242542 -21.21240205 -21.21240205 -21.37384187
 -21.2153532  -21.37388177   0.3891476  -21.21532969 -21.21532969]
log likelihood =  -62.3956870051
Edge derivatives =  [0.00021212522079361307, -0.0005426234126887017, -1.1732458068388093e-08, -1.1732937919754198e-08, -1.1061876586530137e-08, -1.1083361175258106e-08, -1.1083609238932471e-08, -1.1083609238932471e-08, -9.486348581413204e-09, -1.1052010968804761e-08, -9.485982265035639e-09, -8.62101769015175e-05, -1.1052259798219052e-08, -1.1052259798219052e-08]
other derivatives: [ -9.81970061e-04   1.50777169e-03   1.76925141e-04   2.42295073e-04
  -7.74491582e-05   0.00000000e+00]
Current x array =  [ -0.48211144  -0.5198208   -1.09872908  -0.37182177   0.30702145
   0.33647224  -1.15306962  -9.         -20.5909845  -20.5909436
 -20.64983904 -20.6478987  -20.64787632 -20.64787632 -20.80348992
 -20.6507313  -20.80352854   0.3890883  -20.65070878 -20.65070878]
  status: 0
 success: True
    nfev: 63
     fun: 62.39568700510993
       x: array([ -0.48211144,  -0.5198208 ,  -1.09872908,  -0.37182177,
         0.30702145,   0.33647224,  -1.15306962,  -9.        ,
       -20.5909845 , -20.5909436 , -20.64983904, -20.6478987 ,
       -20.64787632, -20.64787632, -20.80348992, -20.6507313 ,
       -20.80352854,   0.3890883 , -20.65070878, -20.65070878])
 message: 'CONVERGENCE: REL_REDUCTION_OF_F_<=_FACTR*EPSMCH'
     jac: array([  9.81970061e-04,  -1.50777169e-03,  -1.76925141e-04,
        -2.42295073e-04,   7.74491582e-05,  -0.00000000e+00,
        -2.12125221e-04,   5.42623413e-04,   1.17324581e-08,
         1.17329379e-08,   1.10618766e-08,   1.10833612e-08,
         1.10836092e-08,   1.10836092e-08,   9.48634858e-09,
         1.10520110e-08,   9.48598227e-09,   8.62101769e-05,
         1.10522598e-08,   1.10522598e-08])
     nit: 55
