number of sites to be analyzed:  173
log likelihood =  -2868.58064071
Edge derivatives =  [169.51124468940301, 4.194284340495368, -1.2883270762217556, 14.495985716494095, -20.998952394094452, -5.895361805879745, -29.33237713838447, -26.97517403038214, -30.595481029214557, -28.798711548469313, -26.97517403038214, 2.045234383807896e-15, -30.631332160803883, -23.84137448048301, 1.987007254317051e-15, -26.975174030382142, -29.794741761285348, -27.79410857414656]
other derivatives: [ -28.87868504   14.67606126   -5.69498297   95.60530998 -126.74222489
    0.        ]
Current x array =  [-0.60003409 -0.67676009 -0.67103723  0.18232156 -0.10536052  0.33647224
 -2.30258509 -2.30258509 -2.30258509 -2.30258509 -2.30258509 -2.30258509
 -2.30258509 -2.30258509 -2.30258509 -2.30258509 -2.30258509 -2.30258509
 -2.30258509 -2.30258509 -2.30258509 -2.30258509 -2.30258509 -2.30258509]
log likelihood =  -2649.85644005
Edge derivatives =  [149.40036833400956, 1.6464528028149765, -2.733638843051309, 11.348095942047749, -18.89222841085691, -3.9785055160837928, -24.77242837708885, -23.238858565219864, -26.244376767361967, -24.798766411294157, -23.238858565219864, -8.277108675861651e-16, -26.340447585768846, -20.374740739557353, -8.347413460913259e-16, -23.238858565219864, -25.609459117960665, -23.855498173790238]
other derivatives: [ 77.09586498   5.76192178  15.35918273  55.23770596 -82.79939721   0.        ]
Current x array =  [-0.71464858 -0.67427258 -0.69363963  0.56176245 -0.60837843  0.33647224
 -1.62982436 -2.28593871 -2.30769824 -2.24505304 -2.38592629 -2.32598276
 -2.41900021 -2.40964488 -2.42401325 -2.41688219 -2.40964488 -2.30258509
 -2.42415554 -2.39720737 -2.30258509 -2.40964488 -2.42083526 -2.41289509]
log likelihood =  -3035.82854884
Edge derivatives =  [-99.4221087216816, -0.06286512732281248, 10.567940322813236, 19.412827731063064, -1.7059047634684383, 15.267404031710814, -3.566260841530028, -3.4491664628112635, -5.741454514326656, -4.228908737418155, -3.4491664628112617, -8.418005628173104e-16, -5.643913430686533, -0.5452430743188197, -8.648698159136288e-16, -3.449166462811264, -5.086045611435128, -3.507712430923396]
other derivatives: [-7268.61112526   -11.07441676   -74.65291674    35.36829354     8.87325768
     0.        ]
Current x array =  [-0.05       -0.74575467 -0.4829807   2.18997823 -2.92477292  0.33647224
  2.10598669 -2.22732299 -2.36245496 -1.94913803 -2.8550608  -2.43582599
 -3.04763325 -2.99530171 -3.08640068 -3.04194743 -2.99530171 -2.30258509
 -3.08839665 -2.91211478 -2.30258509 -2.99530171 -3.06674371 -3.01486583]
log likelihood =  -2412.09952398
Edge derivatives =  [3.773020793472, -3.9763125285534517, -1.4091104599239561, 5.745930910667157, -13.520636337350876, 0.7777715096702001, -15.800757891238222, -15.137401973349865, -17.53700921966172, -16.59562797150098, -15.13740197334986, -5.782603093680288e-17, -17.679398199288695, -13.121775592762935, -5.0716569477887464e-17, -15.137401973349867, -17.21464622587792, -15.812850540729649]
other derivatives: [-300.6843599   -25.66434887    5.95728125   -6.19866114   -7.2437615     0.        ]
Current x array =  [-0.40524455 -0.70754858 -0.59557469  1.31972167 -1.68669531  0.33647224
  0.10925253 -2.2586522  -2.33318833 -2.1073001  -2.60431554 -2.37711646
 -2.71163846 -2.68227705 -2.73236468 -2.70785957 -2.68227705 -2.30258509
 -2.73336988 -2.63690461 -2.30258509 -2.68227705 -2.72151547 -2.69312163]
log likelihood =  -2394.54487193
Edge derivatives =  [-47.26127849558432, -3.0363986407586534, -0.007089260792292329, 4.699143445765207, -10.478789612986278, 1.6948401147274956, -12.940562700450903, -11.905171100069126, -13.98439149016781, -13.568944473967395, -11.90517110006912, -4.825490559314844e-16, -14.40750662809773, -10.063995036935106, -5.180946733637428e-16, -11.905171100069124, -13.754093095312042, -12.78333560219676]
other derivatives: [ 125.87147467   29.19059625  -86.15966181  -10.83894858  -16.58181645
    0.        ]
Current x array =  [-0.87844941 -0.8122991  -0.49528285  1.51769899 -2.04196174  0.33647224
  0.76772394 -2.26436281 -2.35032399 -2.04317855 -2.7244488  -2.39117554
 -2.86243961 -2.82502256 -2.89471306 -2.86141623 -2.82502256 -2.30258509
 -2.8965876  -2.7614967  -2.30258509 -2.82502256 -2.88026625 -2.84034617]
log likelihood =  -2373.48565765
Edge derivatives =  [-29.61890014617507, -3.578710089415929, -0.8132008494906201, 4.45799807811378, -11.307865712836492, 1.0078189566273472, -13.594387524334174, -12.812345588793304, -14.887952934467776, -14.254598459586692, -12.812345588793304, -1.1604216931369063e-16, -15.188044701832377, -10.866044919185825, -1.2464436688509455e-16, -12.81234558879331, -14.585974083224922, -13.479418225476508]
other derivatives: [ 68.10441846   8.63651621  26.05902409 -15.23139872  -4.93300831   0.        ]
Current x array =  [-0.75501089 -0.76637889 -0.59990214  1.44015352 -1.94558384  0.33647224
  0.51791438 -2.26736971 -2.34568078 -2.05659995 -2.70236361 -2.38472587
 -2.8338448  -2.79776811 -2.86426599 -2.83293348 -2.79776811 -2.30258509
 -2.86631688 -2.73736044 -2.30258509 -2.79776811 -2.85060142 -2.81278186]
log likelihood =  -2364.04322671
Edge derivatives =  [-11.203658923910211, -3.97015284128201, -1.7488106443709874, 4.006477108283065, -11.898129433155606, 0.33825427255221097, -14.033955514672114, -13.34838074390104, -15.38652806964256, -14.649382154426391, -13.348380743901037, -7.685084159734728e-16, -15.606590662769868, -11.386114693816605, -8.509884579585889e-16, -13.348380743901034, -15.083585950216891, -13.889948365284898]
other derivatives: [-27.6666924  -11.82720553   6.68383109 -14.82344487   0.5144102    0.        ]
Current x array =  [-0.60859629 -0.72955499 -0.58133916  1.34687513 -1.85834824  0.33647224
  0.27356908 -2.27541306 -2.34345436 -2.06243294 -2.69922657 -2.37809392
 -2.82790841 -2.79215443 -2.85869557 -2.82806589 -2.79215443 -2.30258509
 -2.86122667 -2.73172832 -2.30258509 -2.79215443 -2.84525916 -2.80765916]
log likelihood =  -2356.86698922
Edge derivatives =  [-10.132280682101717, -3.8288715870465313, -1.7184654223849676, 3.755423886206635, -11.156221061439732, 0.47536575425090366, -13.196928453212694, -12.553878401266433, -14.471479408038485, -13.720147341746292, -12.55387840126643, -3.118489129889054e-17, -14.67126265714642, -10.56346327395663, -7.061898589095622e-17, -12.55387840126643, -14.137845208200913, -12.999409601945235]
other derivatives: [-22.03719305  -3.14203135   6.93139555 -13.981753     2.95335667   0.        ]
Current x array =  [-0.61424286 -0.74400375 -0.58046932  1.32807068 -1.8941388   0.33647224
  0.28061843 -2.2850629  -2.34818529 -2.04705915 -2.7373146  -2.37775131
 -2.87390255 -2.83565308 -2.90878442 -2.87579335 -2.83565308 -2.30258509
 -2.91202676 -2.76900038 -2.30258509 -2.83565308 -2.89433851 -2.8530014 ]
log likelihood =  -2334.6093324
Edge derivatives =  [-5.688646034334366, -3.2882036467151514, -1.6116004952483576, 2.7100212909261328, -8.509219855333267, 1.030889959402192, -10.213174047624067, -9.684660358992083, -11.24517234352945, -10.417059560847159, -9.684660358992081, 1.600859695925147e-18, -11.37374443535567, -7.5682887392572225, 8.767209635371739e-19, -9.684660358992081, -10.786900528992819, -9.822655119326]
other derivatives: [  0.81390681  26.40863386   7.70560291 -10.43931661  12.71828296   0.        ]
Current x array =  [-0.63682914 -0.80179882 -0.57698998  1.25285285 -2.03730104  0.33647224
  0.30881585 -2.32366223 -2.36710902 -1.98556397 -2.88966672 -2.37638089
 -3.05787913 -3.00964765 -3.10913984 -3.06670317 -3.00964765 -2.30258509
 -3.1152271  -2.91808864 -2.30258509 -3.00964765 -3.09065592 -3.03437035]
log likelihood =  -2307.99021071
Edge derivatives =  [-11.681470466081624, -3.2265591639406552, -2.736199371593977, -2.268845394391423, -3.172502979874815, 1.347471388200672, -3.5860975275684615, -3.4032714805647175, -4.581565263594374, -3.3959029626311983, -3.4032714805647175, 1.5506121344400737e-16, -4.493776911138154, -0.8478025652286981, 1.5502013728018578e-16, -3.4032714805647166, -4.0822998619128965, -2.6176709884491376]
other derivatives: [  31.84932211 -129.13114915   -9.11209099    8.98280632   28.19333531
    0.        ]
Current x array =  [-0.67862202 -0.56016613 -0.5553504   0.93635182 -2.24583095  0.33647224
  0.34368597 -2.46576178 -2.43778718 -1.79006101 -3.39559246 -2.35883627
 -3.66845127 -3.58730559 -3.77555374 -3.69753405 -3.58730559 -2.30258509
 -3.79066106 -3.40283779 -2.30258509 -3.58730559 -3.74037865 -3.63269464]
log likelihood =  -2291.67631947
Edge derivatives =  [9.430243495020498, -2.7036938918290296, -2.4391286032946375, -3.717765723243135, -1.4691391152873456, 2.0508938440439186, -1.7274957668468691, -1.4337516250787097, -2.7506873050746865, -1.3160867758036838, -1.4337516250787101, -1.126964655958723e-15, -2.5616433968425505, 1.31394116540651, -1.2404106366154056e-15, -1.4337516250787088, -1.9104957630621981, -0.7816200769415043]
other derivatives: [-39.37552719  22.212771    -0.89589776  19.79374247  27.33149813   0.        ]
Current x array =  [-0.58972726 -0.78302584 -0.58165     0.76980283 -2.17160642  0.33647224
  0.16159032 -2.53766214 -2.47281333 -1.72371547 -3.60314488 -2.34333275
 -3.91672116 -3.82225195 -4.04905894 -3.95378521 -3.82225195 -2.30258509
 -4.0677437  -3.59322191 -2.30258509 -3.82225195 -4.00583249 -3.87368773]
log likelihood =  -2288.29959696
Edge derivatives =  [2.2723166418497502, -2.8366153574621773, -2.4204979033235965, -3.288906493982631, -1.4880262458562472, 1.931432982132373, -1.784440330563466, -1.4772077890112665, -2.7830129357435283, -1.3759554189697918, -1.477207789011267, -8.481534723345806e-16, -2.601141905161214, 1.2242165259597861, -8.298885131731558e-16, -1.4772077890112658, -1.9678250972096671, -0.8269425450994665]
other derivatives: [  7.46249498  15.28933353   3.67203938  17.43874236  22.3634288    0.        ]
Current x array =  [-0.63499877 -0.76647594 -0.58440116  0.81934142 -2.12134114  0.33647224
  0.20773192 -2.53911552 -2.47645668 -1.73310543 -3.59677623 -2.34047089
 -3.90920331 -3.81485083 -4.04228476 -3.94494446 -3.81485083 -2.30258509
 -4.06040801 -3.58233696 -2.30258509 -3.81485083 -3.99779398 -3.86446913]
log likelihood =  -2284.38867213
Edge derivatives =  [-5.218304315324161, -3.103889257525587, -2.566367761827104, -3.098404279681236, -1.3960323020173706, 1.4188942277028183, -1.6726287691533162, -1.3769449836644834, -2.6662384060987083, -1.2684902657714339, -1.3769449836644856, -4.935165558379201e-16, -2.4720846822390548, 1.2424738245180502, -4.729850448415993e-16, -1.376944983664486, -1.8841736950931287, -0.6998686323988492]
other derivatives: [ 22.1744358   -0.64533197   3.00065039  15.95835784  12.00928637   0.        ]
Current x array =  [-0.65293604 -0.72901476 -0.58516368  0.87344973 -1.97921354  0.33647224
  0.20806391 -2.5573755  -2.49023574 -1.74392532 -3.61739338 -2.32989591
 -3.93357781 -3.83721814 -4.07274298 -3.96791847 -3.83721814 -2.30258509
 -4.09031283 -3.58921065 -2.30258509 -3.83721814 -4.02402815 -3.88394694]
log likelihood =  -2279.89837127
Edge derivatives =  [-7.41265044636586, -3.236290057887373, -2.61400022832216, -2.8955958703477576, -0.9442101598657555, 0.4867981378728112, -1.1381722872202134, -0.8449181526602696, -2.1409200601821086, -0.7188236133293417, -0.8449181526602685, 2.7876393023795844e-17, -1.9081996161416401, 1.6378568208167705, 1.391321332370123e-17, -0.844918152660268, -1.3646584517157827, -0.15149759137450422]
other derivatives: [ 22.1663413  -10.57524059  -0.94901225  11.55958671  -2.14076863   0.        ]
Current x array =  [-0.65409912 -0.6997385  -0.58657597  0.97507891 -1.74482389  0.33647224
  0.14425638 -2.61420356 -2.5293495  -1.75539268 -3.70376957 -2.30699048
 -4.03644564 -3.93273273 -4.19462319 -4.06917098 -3.93273273 -2.30258509
 -4.21143144 -3.64132885 -2.30258509 -3.93273273 -4.13470767 -3.97423081]
log likelihood =  -2277.34812812
Edge derivatives =  [2.990101807471013, -2.665664570077032, -1.7436578626511072, -1.3230479298915394, -0.4552133559368165, -0.014549333295669653, -0.5337307543256852, -0.24185975825958939, -1.5492305590055042, -0.12588310773582728, -0.2418597582595886, -2.7201324991033754e-16, -1.2826517970078921, 2.009989527691882, -2.5344061562267737e-16, -0.24185975825958883, -0.7583754938751512, 0.40208404792785263]
other derivatives: [ 12.99099495  -4.57403075   1.59907358  -1.91530489  -1.58947842   0.        ]
Current x array =  [-0.64200964 -0.70543229 -0.59279373  1.15633342 -1.67417888  0.33647224
  0.0773873  -2.69831324 -2.59023705 -1.78453118 -3.80391899 -2.28854125
 -4.15691152 -4.04234077 -4.34373943 -4.18465036 -4.04234077 -2.30258509
 -4.3575722  -3.68643334 -2.30258509 -4.04234077 -4.26558674 -4.07365152]
log likelihood =  -2277.08427148
Edge derivatives =  [-8.189071480339813, -2.5420292852355617, -1.2280613474363626, -0.7790069626321376, -0.16727431296868403, 0.06757827296808083, -0.11431059433231879, 0.19067093349620018, -1.1400565635972908, 0.2910356863357859, 0.1906709334962007, 1.6530599755668722e-16, -0.8508089726751628, 2.302704215905861, 1.4860448654376625e-16, 0.190670933496201, -0.3252623238793226, 0.7907681386130476]
other derivatives: [-14.27920324   0.27957867   3.41092345  -2.48683136  -3.50278242   0.        ]
Current x array =  [-0.61541913 -0.72093771 -0.59273513  1.18760285 -1.70150223  0.33647224
  0.16501328 -2.75735099 -2.62995356 -1.78838339 -3.87795399 -2.28285357
 -4.24658515 -4.12315188 -4.45631992 -4.27026722 -4.12315188 -2.30258509
 -4.46724341 -3.71879993 -2.30258509 -4.12315188 -4.3635652  -4.14683432]
log likelihood =  -2276.72893766
Edge derivatives =  [-1.1563541845189358, -2.463426772010699, -1.2424226797285933, -0.866386896195593, -0.1395223479610899, 0.07042029476819633, -0.09666602665140421, 0.2034852454090443, -1.129998591682412, 0.30653987329298205, 0.203485245409045, -1.7555699476698785e-15, -0.8405630542428101, 2.3362043865405133, -1.7489152120225937e-15, 0.20348524540904506, -0.3147189854522572, 0.8114830005933487]
other derivatives: [-3.80186975  0.25406734  2.31843842 -2.12235136 -0.63323569  0.        ]
Current x array =  [-0.62469212 -0.71801601 -0.59241241  1.16567034 -1.70927859  0.33647224
  0.11861184 -2.75698436 -2.62785816 -1.78496815 -3.87959547 -2.28302176
 -4.24826292 -4.12483012 -4.4576654  -4.27247607 -4.12483012 -2.30258509
 -4.46881492 -3.72196213 -2.30258509 -4.12483012 -4.3653851  -4.14923549]
log likelihood =  -2276.6150447
Edge derivatives =  [0.7092586462129131, -2.377519419634622, -1.0999759797571382, -0.6869437527621176, -0.0664527897042745, 0.07884964146576146, -0.018437223231303652, 0.2879342511908918, -1.0447398814437503, 0.38509499000079506, 0.28793425119089194, 3.9193137321611196e-17, -0.7507647220114908, 2.360841475290446, 2.5903036520819765e-17, 0.28793425119089155, -0.2304414670577017, 0.8823785172561454]
other derivatives: [-1.66919563  0.89835339 -1.74900379 -1.41349119  0.15993464  0.        ]
Current x array =  [-0.62665128 -0.71851419 -0.58610721  1.15253376 -1.71499201  0.33647224
  0.1078202  -2.77484    -2.63762244 -1.78647114 -3.89457794 -2.28162591
 -4.26600839 -4.14008747 -4.4824456  -4.28861935 -4.14008747 -2.30258509
 -4.49236126 -3.72289283 -2.30258509 -4.14008747 -4.38538327 -4.16172125]
log likelihood =  -2276.4347883
Edge derivatives =  [2.468274755760585, -2.240544622345724, -0.7619562131634416, -0.1405453196405375, 0.06664464672942326, 0.044576706671741406, 0.12566543538322625, 0.41568955562977317, -0.8941103754658587, 0.5096444539184153, 0.41568955562977317, -3.764477898174631e-17, -0.5876554448553644, 2.3030832259206426, 8.445964522514629e-18, 0.41568955562977394, -0.08747368317052033, 0.9801829631594857]
other derivatives: [ 2.1278538   1.48056643 -0.66806933 -0.188993    1.19125616  0.        ]
Current x array =  [-0.62982065 -0.71832468 -0.58866841  1.13001844 -1.72115156  0.33647224
  0.09572982 -2.81917791 -2.66153904 -1.79443812 -3.920849   -2.27839795
 -4.29688759 -4.16500601 -4.53110417 -4.3144123  -4.16500601 -2.30258509
 -4.5372807  -3.71127237 -2.30258509 -4.16500601 -4.42126748 -4.17841866]
log likelihood =  -2276.11669628
Edge derivatives =  [3.365377630530114, -1.9656376400130966, -0.041388571141280694, 1.2643539779384318, 0.21580586029153725, -0.058975835314670655, 0.24989299933760528, 0.5127103308209193, -0.7061122205360472, 0.5913357252403478, 0.5127103308209197, -4.675601148914852e-17, -0.3829881165407412, 1.8354552646164, -6.824279680602297e-17, 0.51271033082092, 0.05647382298375078, 0.9832289785160069]
other derivatives: [ 2.40816007  0.06871232 -7.89368642  1.05846993  1.66191967  0.        ]
Current x array =  [-0.63029055 -0.71453006 -0.57753158  1.11118807 -1.72532099  0.33647224
  0.09131669 -2.91766015 -2.71191259 -1.82059597 -3.94792183 -2.27289672
 -4.32776577 -4.18347783 -4.6024332  -4.33114954 -4.18347783 -2.30258509
 -4.59832186 -3.64720147 -2.30258509 -4.18347783 -4.46176096 -4.17509539]
log likelihood =  -2275.70629282
Edge derivatives =  [2.670154109760492, -1.682735337948748, 0.7655154705460628, 2.914214839913286, 0.35953364298765567, -0.2338227054657207, 0.3598712447119473, 0.5398211355954765, -0.5216879824404794, 0.6126959703782475, 0.5398211355954763, -2.2486880526148443e-16, -0.17787263315090168, 0.9316463076139254, -5.745905082592842e-17, 0.5398211355954765, 0.17917768403400985, 0.8709566615640222]
other derivatives: [ 4.36484697 -1.1328666  -2.24727046  1.9572326   1.76796675  0.        ]
Current x array =  [-0.63183113 -0.71104103 -0.58755629  1.09556738 -1.72304115  0.33647224
  0.0935125  -3.05753923 -2.77727755 -1.85133568 -3.96964464 -2.26671731
 -4.35169343 -4.19016598 -4.68473009 -4.33359094 -4.19016598 -2.30258509
 -4.66463999 -3.53846531 -2.30258509 -4.19016598 -4.49865657 -4.14929178]
log likelihood =  -2275.35389766
Edge derivatives =  [-0.24912839754087357, -1.4263891755027, 1.198391420657566, 3.6554969063295832, 0.37825471541464367, -0.3080329933415179, 0.3167942931042226, 0.42246122784260964, -0.42247182529857363, 0.4808083275471958, 0.4224612278426097, 1.806738315995696e-16, -0.07744317915028773, -0.3771753073336719, 1.6805898778946482e-16, 0.4224612278426091, 0.19460364585181916, 0.5530580133445484]
other derivatives: [ 4.55102054  3.42943167 -2.83107511  1.815215   -0.14861143  0.        ]
Current x array =  [-0.63258127 -0.72074249 -0.58614976  1.10431768 -1.70897866  0.33647224
  0.11373194 -3.2043418  -2.83025839 -1.85969391 -3.96450409 -2.26462975
 -4.344071   -4.16549887 -4.74036772 -4.30154262 -4.16549887 -2.30258509
 -4.7007606  -3.40257831 -2.30258509 -4.16549887 -4.50365521 -4.08875198]
log likelihood =  -2276.49913973
Edge derivatives =  [2.8289063658634626, -1.0720202448092506, 1.1825583232144867, 2.769126160313962, 0.12331170535908002, -0.541417062644621, 0.07028876866941379, -0.14383683382991586, -0.4100035372647044, -0.07153939930829407, -0.14383683382991552, -4.5850003036129144e-17, -0.10648530567560667, -3.5326659527769797, 3.1222865999052235e-19, -0.14383683382991602, -0.05622710157077618, -0.3800535493770021]
other derivatives: [-35.82185855 -23.39047569   2.73198566   1.7887487    1.81489668   0.        ]
Current x array =  [-0.59565141 -0.66988012 -0.60108851  1.08373611 -1.70723094  0.33647224
  0.07547003 -3.44945889 -2.88767674 -1.82864417 -3.9085731  -2.26972663
 -4.27543404 -4.07022843 -4.7802359  -4.18991203 -4.07022843 -2.30258509
 -4.70335614 -3.14829511 -2.30258509 -4.07022843 -4.45425852 -3.93282146]
log likelihood =  -2275.23507848
Edge derivatives =  [0.5106732975693891, -1.334279424292998, 1.1965828670687162, 3.464046238695606, 0.3218063061950074, -0.35820121992024734, 0.26154162930827063, 0.2946745509997501, -0.4207984630124447, 0.3573747944826356, 0.29467455099975104, 2.0973832222991388e-16, -0.08369382835871116, -1.0438305420427438, 2.2778139044804087e-16, 0.2946745509997497, 0.13549462536213608, 0.3497556373533512]
other derivatives: [-4.46916602 -2.47605385 -1.49316293  1.79420567  0.33132892  0.        ]
Current x array =  [-0.62388103 -0.70875992 -0.58966915  1.09946891 -1.70856692  0.33647224
  0.10471789 -3.26208848 -2.84378547 -1.85237896 -3.95132741 -2.26583051
 -4.32790094 -4.14305429 -4.74976019 -4.27524378 -4.14305429 -2.30258509
 -4.70137208 -3.34267221 -2.30258509 -4.14305429 -4.49201793 -4.0520166 ]
log likelihood =  -2275.0904943
Edge derivatives =  [-0.9342541915618476, -1.2927796158041218, 0.9559185737641654, 2.6762037704220543, 0.24008350464841313, -0.30992482326732906, 0.18194447227823776, 0.18241653858353069, -0.44250347977076354, 0.2437929899036687, 0.18241653858353063, -2.3131147072016817e-16, -0.11865645114525403, -1.4065611438424646, -2.106573111691019e-16, 0.18241653858353107, 0.07264999362380609, 0.18084112714703315]
other derivatives: [-2.99987732 -0.96088115  1.05023901  0.37953214 -0.56688805  0.        ]
Current x array =  [-0.62558592 -0.71238068 -0.59311432  1.12242679 -1.69988868  0.33647224
  0.11526649 -3.29218013 -2.8413015  -1.83045024 -3.93533215 -2.26866926
 -4.30931726 -4.12185686 -4.74542733 -4.25108492 -4.12185686 -2.30258509
 -4.69114963 -3.31128963 -2.30258509 -4.12185686 -4.47549583 -4.02348577]
log likelihood =  -2274.95251977
Edge derivatives =  [-0.6932847006058609, -1.2229005633305026, 0.5095931067539138, 1.0863159998775824, 0.15582533667152984, -0.17443638484929436, 0.1276671550032871, 0.09627672354813072, -0.43591306794334267, 0.15570251451077347, 0.09627672354813008, 1.1423395967815674e-15, -0.1322000015410486, -1.5341543711565744, 1.124424871194146e-15, 0.09627672354813024, 0.0319206304727303, 0.05030734261016493]
other derivatives: [-1.92317202  0.91649781  1.65337042 -0.49553819 -0.54733391  0.        ]
Current x array =  [-0.62676671 -0.71636668 -0.59367338  1.13428029 -1.70017056  0.33647224
  0.11670262 -3.32864838 -2.83081864 -1.78817442 -3.92274916 -2.27370287
 -4.29557706 -4.10572379 -4.74917083 -4.23239158 -4.10572379 -2.30258509
 -4.68726525 -3.30008089 -2.30258509 -4.10572379 -4.46465316 -4.00156832]
log likelihood =  -2274.92803434
Edge derivatives =  [-2.9308866138272744, -1.1077766678454037, -0.011298671973202667, -1.0495360877416462, 0.12158142641185915, 0.03797594043919861, 0.17956047546187814, 0.10323207967832859, -0.300005838259331, 0.15047286376776636, 0.10323207967832959, 1.161089468188259e-16, -0.023817353335450386, -1.5048125680922266, 1.486747652622355e-16, 0.10323207967832904, 0.0888696610605248, -0.0014529231053056653]
other derivatives: [ 7.61278898 -7.23575795  0.45624802 -0.97534212 -0.01614353  0.        ]
Current x array =  [-0.63733763 -0.70156466 -0.58978892  1.14327962 -1.71368899  0.33647224
  0.13721933 -3.42622708 -2.83061738 -1.72945308 -3.92875863 -2.27963431
 -4.30499322 -4.10776664 -4.80262206 -4.23138321 -4.10776664 -2.30258509
 -4.72396478 -3.30160812 -2.30258509 -4.10776664 -4.48319222 -3.99076836]
log likelihood =  -2274.8051146
Edge derivatives =  [-0.4454679283485843, -1.0496572027394733, -0.031811307222038177, -1.3783619350333822, 0.14370757892846628, 0.07509311711491484, 0.20445081968386883, 0.1251216547137653, -0.2694502983976437, 0.173513411791114, 0.12512165471376516, 8.968261589777165e-16, 0.006826166131907601, -1.4688441814471955, 1.0142759888065964e-15, 0.1251216547137662, 0.12451121053892446, 0.004463231259418408]
other derivatives: [ 1.24650796  0.07007657  0.3772584  -0.64483174  0.49512892  0.        ]
Current x array =  [-0.63016821 -0.71509245 -0.59074474  1.13433308 -1.71583399  0.33647224
  0.12225402 -3.4440248  -2.83200871 -1.7210371  -3.93294573 -2.280108
 -4.31013394 -4.11140703 -4.81551996 -4.23489241 -4.11140703 -2.30258509
 -4.73419587 -3.30343359 -2.30258509 -4.11140703 -4.49016518 -3.99226433]
log likelihood =  -2274.77870296
Edge derivatives =  [-0.005451495308749665, -1.0201326804808906, 0.05747775776749797, -1.188314177965358, 0.18291124455053423, 0.07049215532364461, 0.24733404853811172, 0.16700624628936792, -0.22519692948258438, 0.21369571489635494, 0.16700624628936928, -9.192324674785403e-22, 0.052797880963562915, -1.4304375503841655, -8.625389151397884e-22, 0.16700624628936847, 0.1692659499309042, 0.03860481234778662]
other derivatives: [ 0.04688445  0.56315912 -0.05879883 -0.17084858  0.72868716  0.        ]
Current x array =  [-0.62883269 -0.71583074 -0.59037079  1.12653184 -1.71814753  0.33647224
  0.11933106 -3.46500532 -2.83903103 -1.72421816 -3.94116838 -2.27929921
 -4.31985861 -4.11928844 -4.83404446 -4.24280402 -4.11928844 -2.30258509
 -4.74997455 -3.30606724 -2.30258509 -4.11928844 -4.50208378 -3.99760831]
log likelihood =  -2274.71819018
Edge derivatives =  [-0.0695712481721873, -0.9375462498066749, 0.1289158279480086, -1.1900585949448717, 0.245321909069684, 0.09256085735087394, 0.32936605576503086, 0.23779045039404495, -0.10838964411701162, 0.2778132659748077, 0.237790450394045, 1.1660173083174824e-15, 0.16134833837592938, -1.2316554364591052, 1.234523890384955e-15, 0.23779045039404278, 0.2606860904558252, 0.08344812158041424]
other derivatives: [-1.85668796  0.64442247 -0.35965968  0.47152753  0.8204097   0.        ]
Current x array =  [-0.62688236 -0.71576713 -0.59026983  1.11706922 -1.72032744  0.33647224
  0.1197289  -3.53710215 -2.85097659 -1.72142944 -3.95651684 -2.27895628
 -4.33845643 -4.13312353 -4.88407218 -4.25554459 -4.13312353 -2.30258509
 -4.78841653 -3.3219885  -2.30258509 -4.13312353 -4.52772969 -4.00432351]
log likelihood =  -2274.63480948
Edge derivatives =  [2.45717333134249, -0.7531442648738852, 0.498313659396051, -0.25547399076990485, 0.34152726057417976, 0.02150787205780358, 0.3971352660443894, 0.2577822138689447, 0.07811293985734717, 0.2829890880866243, 0.2577822138689452, 2.644921593794868e-15, 0.3235914482785244, -1.1709912929358772, 2.653838198709962e-15, 0.2577822138689446, 0.36347622929568185, 0.004976989912817312]
other derivatives: [ 2.36086635  0.43282853  0.17025741  1.41681085  1.26738087  0.        ]
Current x array =  [-0.63057976 -0.71300195 -0.59274918  1.0976665  -1.7132235   0.33647224
  0.10005331 -3.70755946 -2.88063353 -1.73936297 -3.96937629 -2.27693601
 -4.35302002 -4.13719833 -4.97331213 -4.25465206 -4.13719833 -2.30258509
 -4.84897661 -3.32501828 -2.30258509 -4.13719833 -4.55781717 -3.9895721 ]
log likelihood =  -2274.49712589
Edge derivatives =  [0.08579248934128536, -0.6123943134128236, 0.42445818283832726, -0.6466058979592982, 0.3665052415543636, 0.06938941685465838, 0.44481996527329964, 0.2776202849674239, 0.2794888833744306, 0.28043536839519495, 0.2776202849674235, 1.02286547358312e-15, 0.4812599553854414, -0.4475726001665431, 1.0549213847222947e-15, 0.27762028496742275, 0.45688074094548853, -0.03878502576092194]
other derivatives: [-3.65466803 -0.41059138 -1.68029146  1.26256055 -0.42309694  0.        ]
Current x array =  [-0.62527235 -0.71158223 -0.58994772  1.1059229  -1.69879333  0.33647224
  0.11321354 -3.90365088 -2.88744722 -1.72927868 -3.9789084  -2.27883603
 -4.36543778 -4.14211332 -5.07314973 -4.25391126 -4.14211332 -2.30258509
 -4.91172062 -3.38926671 -2.30258509 -4.14211332 -4.58789041 -3.9818994 ]
log likelihood =  -2274.40059154
Edge derivatives =  [-0.18825712191225352, -0.5513580867476855, 0.35224479621738214, -0.7757653187784245, 0.3102112256803683, 0.06439102524163809, 0.3714474774538855, 0.17107058270840184, 0.32264245451570384, 0.1647444855733177, 0.17107058270840197, -7.414280696870751e-16, 0.4891299946091811, -0.22324939352299134, -7.290704089086681e-16, 0.17107058270840209, 0.41403302421196175, -0.1871503799737226]
other derivatives: [-1.9314939  -0.75315256  0.93727976  0.35292942 -0.97793418  0.        ]
Current x array =  [-0.62700973 -0.71054349 -0.59438656  1.11871468 -1.68810494  0.33647224
  0.11341114 -3.99675431 -2.88138112 -1.72837232 -3.96326319 -2.28075556
 -4.34701165 -4.12232545 -5.09652511 -4.22970175 -4.12232545 -2.30258509
 -4.915215   -3.41058044 -2.30258509 -4.12232545 -4.57670254 -3.95787921]
log likelihood =  -2274.33758276
Edge derivatives =  [0.38747022765363304, -0.45115550598447696, 0.3642331948395923, -0.3984540875975479, 0.1643163391815772, 0.023210475732877822, 0.14817848639220407, -0.09524556363672809, 0.3528058867296795, -0.12829244344323923, -0.09524556363672765, -1.9382872993376242e-16, 0.450703193854006, -0.14508964051549583, -1.1355463402202443e-16, -0.09524556363672859, 0.27385529358253713, -0.5579964237874342]
other derivatives: [ 1.38411451 -1.07943379 -3.92360562 -1.25123734 -1.97192094  0.        ]
Current x array =  [-0.63092764 -0.70936963 -0.58623372  1.14264126 -1.67010616  0.33647224
  0.11013254 -4.151865   -2.87141722 -1.74189575 -3.92211982 -2.28319345
 -4.29767783 -4.07200476 -5.11539011 -4.17069601 -4.07200476 -2.30258509
 -4.90037195 -3.41847931 -2.30258509 -4.07200476 -4.53810616 -3.9005657 ]
log likelihood =  -2274.29364846
Edge derivatives =  [-0.0285390599644908, -0.44882575982618705, 0.34824392971578144, -0.3021999183147163, 0.1373358752893366, 0.020139553460120307, 0.12578698418683482, -0.12703530968610666, 0.34689017261397487, -0.15601029639635072, -0.12703530968610638, 1.901376705920966e-16, 0.43217306125994553, -0.018433909540100928, 2.635939526987708e-16, -0.12703530968610588, 0.24716497616678992, -0.5605824559159553]
other derivatives: [ 1.56924216 -0.68871486  2.58423825 -1.23509381 -1.27611202  0.        ]
Current x array =  [-0.63060958 -0.71044525 -0.59690735  1.13964155 -1.67840528  0.33647224
  0.1133505  -4.16577489 -2.86335544 -1.74583385 -3.9153012  -2.2835056
 -4.28985753 -4.06689341 -5.11148073 -4.16510537 -4.06689341 -2.30258509
 -4.89242749 -3.43062974 -2.30258509 -4.06689341 -4.53016037 -3.90010285]
log likelihood =  -2274.27219034
Edge derivatives =  [-0.05801549406499884, -0.4516645890591648, 0.37360686797718934, -0.16933250443729178, 0.13801348790755008, 0.024280937429795313, 0.12754183585460419, -0.1141810160416254, 0.34008445552754896, -0.14188780077004837, -0.11418101604162462, 4.2462254081059824e-16, 0.42472530186355506, 0.008393794437954294, 4.216989912390332e-16, -0.11418101604162478, 0.24624798134472103, -0.5251432926777174]
other derivatives: [ 0.92277332 -0.06766641  2.42716851 -0.91622496 -0.88057277  0.        ]
Current x array =  [-0.62986112 -0.71197124 -0.5964889   1.13463957 -1.68538146  0.33647224
  0.11515123 -4.15946298 -2.86089833 -1.74934305 -3.91538095 -2.283099
 -4.29008354 -4.06885831 -5.10702864 -4.16764578 -4.06885831 -2.30258509
 -4.88901807 -3.43293984 -2.30258509 -4.06885831 -4.52913562 -3.90542797]
log likelihood =  -2274.22475277
Edge derivatives =  [0.13607166559306982, -0.4256265860466149, 0.4257663705916339, 0.30156069719587725, 0.06746963953078748, 0.011332216310491416, 0.047081248555169875, -0.17623989455765104, 0.3242328933232391, -0.2076488537081382, -0.17623989455765082, -4.835550293328567e-16, 0.37626152385920103, 0.10046400833459766, -4.692867664991354e-16, -0.1762398945576491, 0.17843287554255854, -0.5268266305618232]
other derivatives: [-2.87868716 -0.5745278   0.94587449 -0.13342287  0.62109393  0.        ]
Current x array =  [-0.6259791  -0.71201115 -0.59368498  1.12037955 -1.70863847  0.33647224
  0.11913438 -4.20427621 -2.84537575 -1.76441549 -3.89867832 -2.28256143
 -4.27092616 -4.05696208 -5.09729282 -4.15453805 -4.05696208 -2.30258509
 -4.86879988 -3.44151086 -2.30258509 -4.05696208 -4.50895583 -3.9052363 ]
log likelihood =  -2274.21486938
Edge derivatives =  [-0.3594688743958667, -0.40384227880571444, 0.33113692930474126, 0.15374490011449177, 0.030800066509006182, 0.06663040041909385, 0.007198010320993497, -0.18910761896584044, 0.33827292380099744, -0.22781903129899428, -0.18910761896583966, -6.649825842642379e-16, 0.3662851137279383, 0.3330734437079592, -6.154684016928974e-16, -0.18910761896583872, 0.15958057015281776, -0.5001720215701146]
other derivatives: [ 1.19653123  2.65167728 -0.40008672  0.296086    0.8803454   0.        ]
Current x array =  [-0.62996594 -0.71897479 -0.59057449  1.11563739 -1.71825337  0.33647224
  0.12717505 -4.25106355 -2.83128664 -1.76239209 -3.89055988 -2.28336946
 -4.26231491 -4.05295721 -5.10221522 -4.14952504 -4.05295721 -2.30258509
 -4.86334926 -3.46305216 -2.30258509 -4.05295721 -4.50118281 -3.90899899]
log likelihood =  -2274.20316263
Edge derivatives =  [-0.2655844520087267, -0.3981420555460574, 0.3335054762809422, 0.18107699729813154, 0.01980487317233537, 0.04187061326798103, -0.0049054205196543445, -0.21129150088791615, 0.34166937387854357, -0.25084627514116586, -0.21129150088791587, 1.2019934453344595e-15, 0.36541374664814863, 0.30447622795780804, 1.2158905372508188e-15, -0.21129150088791387, 0.14813102392374541, -0.5300324775966483]
other derivatives: [ 0.05002221  0.7898052  -0.27871465  0.16311787  0.77770892  0.        ]
Current x array =  [-0.62892669 -0.71507488 -0.59107041  1.11699914 -1.71477125  0.33647224
  0.12479744 -4.26529039 -2.8318668  -1.76359704 -3.88813394 -2.28335501
 -4.25936094 -4.04964764 -5.10499415 -4.14552709 -4.04964764 -2.30258509
 -4.86343789 -3.46071235 -2.30258509 -4.04964764 -4.49912716 -3.90456176]
log likelihood =  -2274.19338128
Edge derivatives =  [-0.21540718980013662, -0.3863520476825395, 0.2944528990198376, 0.1219495930514455, -0.0019383035762649409, 0.021942701729220193, -0.02689816349054876, -0.2360707513075384, 0.34739361973200705, -0.2776483124853493, -0.23607075130753902, -5.935301105158834e-16, 0.3601036492726973, 0.3210076353033538, -5.950758810191831e-16, -0.23607075130753685, 0.13018251669399883, -0.5476200403459307]
other derivatives: [-0.38085091 -0.4939011  -0.36084202  0.1288754   0.62309482  0.        ]
Current x array =  [-0.62860084 -0.71235919 -0.59117203  1.11722232 -1.71143327  0.33647224
  0.12301652 -4.2940844  -2.82813965 -1.76340886 -3.88351881 -2.28348835
 -4.25414623 -4.04569337 -5.10869814 -4.14066267 -4.04569337 -2.30258509
 -4.86148672 -3.4626462  -2.30258509 -4.04569337 -4.49474288 -3.90206463]
log likelihood =  -2274.1750016
Edge derivatives =  [-0.06872083783135174, -0.3646009139229336, 0.18427936510028953, -0.07089430488424409, -0.04303339049012648, -0.01034935581340557, -0.06453638796394838, -0.2653755885804467, 0.3527365876703922, -0.30927350460179165, -0.2653755885804466, -5.300415798338264e-16, 0.3429256344381955, 0.3676054559667489, -5.321611221048002e-16, -0.26537558858044397, 0.0970695020987365, -0.5380546172858764]
other derivatives: [-0.75133357 -1.78238224 -0.48144102  0.22150743  0.33796823  0.        ]
Current x array =  [-0.62835132 -0.70950542 -0.59138603  1.11555419 -1.70608457  0.33647224
  0.11978295 -4.34868897 -2.81715284 -1.76160102 -3.87513923 -2.28362396
 -4.24504107 -4.04112846 -5.11239174 -4.13493369 -4.04112846 -2.30258509
 -4.85466711 -3.46756153 -2.30258509 -4.04112846 -4.48575644 -3.90399606]
log likelihood =  -2274.14152202
Edge derivatives =  [0.21747202565787105, -0.33476308411457245, -0.02318248581167559, -0.38963478150664954, -0.10490094000273238, -0.06289895726542105, -0.11534359684565133, -0.27845425053899237, 0.3442956662387075, -0.3219092810821647, -0.2784542505389926, -7.384980206723896e-16, 0.2973628753814106, 0.411967818769657, -7.02263001838643e-16, -0.27845425053898976, 0.04299298462720716, -0.44476987042792915]
other derivatives: [-0.99785211 -2.68114491 -0.49112714  0.50326889 -0.07717063  0.        ]
Current x array =  [-0.62819374 -0.70727627 -0.59198526  1.11106907 -1.69891946  0.33647224
  0.11483482 -4.42881498 -2.79437977 -1.75937839 -3.86299854 -2.28342558
 -4.23238827 -4.03965493 -5.10891444 -4.13288419 -4.03965493 -2.30258509
 -4.83652601 -3.47222773 -2.30258509 -4.03965493 -4.4698988  -3.91944378]
log likelihood =  -2274.08120962
Edge derivatives =  [0.6966912713234235, -0.297746873659738, -0.2611130770729462, -0.42505268219847686, -0.1843885062828685, -0.14202813710711637, -0.1804557269946483, -0.24579058349383015, 0.2892481002973815, -0.28136932119522123, -0.24579058349383104, -1.1422409513645432e-15, 0.18433630846864976, 0.2880324469892449, -1.1750564696032338e-15, -0.24579058349382876, -0.050388014896240244, -0.1964028119023754]
other derivatives: [-0.13924364 -3.5319772  -0.15411388  0.57066245 -0.33232936  0.        ]
Current x array =  [-0.62903903 -0.70513757 -0.593077    1.10892859 -1.69254568  0.33647224
  0.1093371  -4.53426999 -2.75699549 -1.76796286 -3.84688444 -2.28256522
 -4.21594585 -4.04658891 -5.08213017 -4.14128124 -4.04658891 -2.30258509
 -4.79325216 -3.46026538 -2.30258509 -4.04658891 -4.44162664 -3.96127168]
log likelihood =  -2274.55930533
Edge derivatives =  [-2.5531679962185203, -0.19436719972441263, -1.1937717898818851, -1.3846948254108062, -0.5042018416499214, -0.1400974353134682, -0.48912567483678493, -0.3251777636677603, 0.22300741578005556, -0.3682408946780192, -0.3251777636677603, 6.762912376900441e-16, -0.09422123445634956, 0.40778904982383235, 6.321694782499264e-16, -0.32517776366775836, -0.34214551593764764, 0.1081653613924721]
other derivatives: [-24.51179171   7.07041181  -2.44153853  -1.13636816  -4.71036401   0.        ]
Current x array =  [-0.60634739 -0.72785428 -0.5903627   1.14553416 -1.65334351  0.33647224
  0.12586461 -4.93163476 -2.65855168 -1.7710154  -3.78769723 -2.28809253
 -4.15201359 -4.03507199 -5.05255601 -4.12667267 -4.03507199 -2.30258509
 -4.69574119 -3.47392433 -2.30258509 -4.03507199 -4.35976954 -4.0216707 ]
log likelihood =  -2274.06810152
Edge derivatives =  [0.24640262837749138, -0.280190871912642, -0.3829497769479141, -0.5590227014737772, -0.22790402329988768, -0.14207821774023743, -0.22253054221311236, -0.25698279958532566, 0.2796505092151328, -0.29355969669722454, -0.2569827995853256, -1.5337215732053043e-15, 0.146835421243233, 0.3052089093863704, -1.4367311386354909e-15, -0.25698279958532355, -0.08991498271500412, -0.15225418859699302]
other derivatives: [-3.4724053  -2.01775947 -0.47530193  0.32700882 -0.93905328  0.        ]
Current x array =  [-0.62585094 -0.70832919 -0.59269565  1.11407154 -1.68703791  0.33647224
  0.11165916 -4.59009833 -2.74316448 -1.76839173 -3.83856885 -2.28334179
 -4.20696359 -4.04497082 -5.0779751  -4.13922879 -4.04497082 -2.30258509
 -4.77955222 -3.46218442 -2.30258509 -4.04497082 -4.43012601 -3.96975753]
log likelihood =  -2274.02537029
Edge derivatives =  [0.36341573700910534, -0.2623922675557623, -0.5079415236231238, -0.29674591214394097, -0.2672922549662933, -0.16900774308186617, -0.25165885311968444, -0.18086094578188505, 0.20729484023984032, -0.206792868407742, -0.18086094578188538, -1.9505404247239652e-15, 0.030057973235073743, 0.11859684323654177, -2.0141633721063716e-15, -0.18086094578188266, -0.1583263761206756, 0.10987418444707639]
other derivatives: [-0.7174549  -1.26078703 -0.12378223  0.21987034 -0.74023774  0.        ]
Current x array =  [-0.62843357 -0.7098625  -0.59302975  1.11496815 -1.68933497  0.33647224
  0.11241324 -4.6473986  -2.71370978 -1.78216449 -3.83030919 -2.28263878
 -4.19911368 -4.05878693 -5.04174059 -4.15620798 -4.05878693 -2.30258509
 -4.73708704 -3.44388888 -2.30258509 -4.05878693 -4.40819112 -4.01588134]
log likelihood =  -2274.01142507
Edge derivatives =  [0.07072527685402563, -0.2626618368072615, -0.4731178168352792, -0.08031180471608254, -0.2523064185614768, -0.1274506087053976, -0.23462916538401568, -0.12877651392458478, 0.17489102078038607, -0.14954329110914377, -0.1287765139245841, -1.427659242757412e-16, -0.006804657582342315, 0.03763024524574127, -1.428769872278665e-16, -0.12877651392458356, -0.1627948935160406, 0.20628641465853992]
other derivatives: [ 0.31491254 -0.25879672  0.29658622  0.01864464 -0.40286068  0.        ]
Current x array =  [-0.62934318 -0.71224439 -0.59321284  1.11793696 -1.69543156  0.33647224
  0.11706793 -4.64535627 -2.70950971 -1.78840526 -3.83294617 -2.28323775
 -4.2023045  -4.06794328 -5.0250742  -4.16736857 -4.06794328 -2.30258509
 -4.72397169 -3.43595121 -2.30258509 -4.06794328 -4.40528741 -4.03317848]
log likelihood =  -2274.00479806
Edge derivatives =  [0.06733513279430658, -0.2648942586657883, -0.4025252404966557, 0.03741803856001502, -0.21705232972949748, -0.06955460020715254, -0.2008209928895693, -0.08451670280607054, 0.16011694347057806, -0.10295775469945034, -0.08451670280607076, -1.0890477035756196e-15, -0.012014144820676425, -0.019702867786461985, -1.089165348257746e-15, -0.08451670280607004, -0.14406476418073721, 0.24398080688514545]
other derivatives: [ 0.46197783  0.29558578 -0.63719199 -0.19572326 -0.22014319  0.        ]
Current x array =  [-0.62948624 -0.7135354  -0.59136226  1.12133469 -1.69850478  0.33647224
  0.11906224 -4.63188712 -2.71467727 -1.78985553 -3.83976284 -2.28436973
 -4.20976674 -4.07571997 -5.01728724 -4.17658678 -4.07571997 -2.30258509
 -4.72214109 -3.43040271 -2.30258509 -4.07571997 -4.40957159 -4.0398153 ]
log likelihood =  -2273.99789003
Edge derivatives =  [-0.22540922665262397, -0.2646530870347706, -0.30479059702774836, 0.15480882463498785, -0.17060230284105005, 0.02490246782598049, -0.15476661833422298, -0.04264165175365675, 0.14941632808614988, -0.05730947999340216, -0.04264165175365564, 1.4482247609960498e-16, -0.011945127184716908, -0.04911173835389589, 1.6201629425256328e-16, -0.04264165175365564, -0.12023810172446045, 0.25856984267544136]
other derivatives: [ 0.08285497  0.80935934  1.30935405 -0.51813913  0.12755663  0.        ]
Current x array =  [-0.62893179 -0.71484512 -0.59429725  1.12544833 -1.70327805  0.33647224
  0.12273866 -4.63212228 -2.72426745 -1.79019894 -3.84849137 -2.28682986
 -4.21889445 -4.08363524 -5.01161889 -4.18574421 -4.08363524 -2.30258509
 -4.72224379 -3.42770274 -2.30258509 -4.08363524 -4.41568369 -4.04225533]
log likelihood =  -2273.98704959
Edge derivatives =  [-0.22145973355069426, -0.2574887212594812, -0.2680165118191209, 0.14406686910184252, -0.14681917176337245, 0.09287942288572526, -0.13471799959338424, -0.02413446276629322, 0.14954713955908971, -0.0394470389329595, -0.024134462766291664, -8.104619109457185e-17, -0.010997066802037606, -0.04243335131997412, -4.568880580746177e-18, -0.024134462766290887, -0.11046921585687165, 0.25122549339281225]
other derivatives: [-0.16225385  0.61927494  0.56288627 -0.61122591  0.14738362  0.        ]
Current x array =  [-0.62874719 -0.71447687 -0.59300173  1.12698863 -1.70354921  0.33647224
  0.12327109 -4.65449367 -2.73034891 -1.78825964 -3.85288788 -2.28888366
 -4.22320805 -4.0870634  -5.01124347 -4.18942591 -4.0870634  -2.30258509
 -4.72258095 -3.4284417  -2.30258509 -4.0870634  -4.41858641 -4.04078331]
log likelihood =  -2273.93401102
Edge derivatives =  [-0.21751645597905833, -0.1996307280487515, -0.13167115445354538, -0.09792039334027562, -0.03418181541610601, 0.5018205723733749, -0.0487663166577406, 0.049099292424082785, 0.1646718934613372, 0.026895697957868336, 0.04909929242408306, -1.343199421347352e-15, -0.019282508882036073, 0.08986016964523999, -1.3054536230045987e-15, 0.04909929242408295, -0.0834832058111769, 0.16296272973532924]
other derivatives: [-0.36361598 -0.41532076 -1.6651029  -1.00721991 -0.01996341  0.        ]
Current x array =  [-0.6288129  -0.71207767 -0.58935275  1.13331153 -1.69992544  0.33647224
  0.12425909 -4.8789744  -2.76286278 -1.77349384 -3.87230911 -2.30240001
 -4.24062659 -4.10128808 -5.01624694 -4.20336261 -4.10128808 -2.30258509
 -4.71956305 -3.44182964 -2.30258509 -4.10128808 -4.42816939 -4.02443869]
log likelihood =  -2273.89575658
Edge derivatives =  [0.5585247869300833, -0.15204078267481258, -0.030020257852225285, -0.23470057763094232, 0.0401624367918134, 0.7183633075106914, 0.009753674632548386, 0.10791573963702106, 0.16819565783367837, 0.08303786595159995, 0.10791573963702183, -5.307638219631028e-16, -0.052138187159624524, 0.18751187092948152, -5.089052259887963e-16, 0.10791573963702022, -0.08116355732659727, 0.114480141329777]
other derivatives: [-1.61394382 -0.39322003 -2.01430339 -0.57289071  0.13542376  0.        ]
Current x array =  [-0.6275033  -0.71145268 -0.58944007  1.12523431 -1.69888812  0.33647224
  0.11855691 -5.11945906 -2.7846919  -1.7647143  -3.88461716 -2.30975218
 -4.25087692 -4.1130785  -5.01626779 -4.21491076 -4.1130785  -2.30258509
 -4.7077646  -3.45162285 -2.30258509 -4.1130785  -4.4298677  -4.01554489]
log likelihood =  -2273.89136193
Edge derivatives =  [-1.4843881326775719, -0.09325056363125267, 0.01014792098629469, -0.7140953460683344, 0.10675656229325109, 0.9193565149595997, 0.0451189916195239, 0.14918278830312762, 0.1995007505284075, 0.109295464875582, 0.14918278830312898, -4.0531833821537343e-16, -0.11077574097778087, 0.5188944216535366, -3.8042759554964356e-16, 0.14918278830312293, -0.10489329337616946, -0.05869600494927285]
other derivatives: [ 4.4801709   1.64141056 -0.85915417  0.08576535 -1.50516826  0.        ]
Current x array =  [-0.6338553  -0.71497915 -0.59118765  1.1215067  -1.68419618  0.33647224
  0.12891053 -5.62860781 -2.81608195 -1.74489244 -3.89523345 -2.31648132
 -4.25649353 -4.12091964 -5.0277353  -4.21982133 -4.12091964 -2.30258509
 -4.68651595 -3.48454235 -2.30258509 -4.12091964 -4.42517257 -3.98520407]
log likelihood =  -2273.85260374
Edge derivatives =  [-0.45260193493147893, -0.09089934746185074, -0.03582354492056161, -0.46094474075492375, 0.061909218681762926, 0.7574657906892157, 0.022688552892157165, 0.1683613130791242, 0.15426486705773773, 0.1386273665292401, 0.16836131307912391, 5.911279967832813e-16, -0.18244390334746924, 0.37758445338557567, 5.714923883866075e-16, 0.16836131307911772, -0.1536013987470373, 0.0938843319854606]
other derivatives: [-0.13897079 -1.01699698  0.00309228  0.41522981 -0.66197572  0.        ]
Current x array =  [-0.62905094 -0.70966907 -0.59335855  1.11247247 -1.69079525  0.33647224
  0.12111697 -5.6401633  -2.79598474 -1.75664678 -3.88751042 -2.31183306
 -4.24923111 -4.12597957 -5.00714133 -4.22663856 -4.12597957 -2.30258509
 -4.66321092 -3.47106026 -2.30258509 -4.12597957 -4.4114123  -4.01236566]
log likelihood =  -2273.84580723
Edge derivatives =  [-0.05050559868398663, -0.09070412637208031, -0.04058553244380558, -0.40008822964925495, 0.03974450821470392, 0.6391290305572523, 0.006011686314022723, 0.1523197356496895, 0.15383657057289285, 0.12317899737639754, 0.1523197356496897, 1.330468933225668e-16, -0.18320673620740083, 0.37036463136407, 1.3308534536832348e-16, 0.15231973564968435, -0.16004689470977537, 0.09468402670575703]
other derivatives: [-0.33164724 -0.23378561  0.26298039  0.4803951  -0.47612048  0.        ]
Current x array =  [-0.62874499 -0.71116628 -0.59388219  1.11054879 -1.69238613  0.33647224
  0.118969   -5.63398817 -2.79164892 -1.75921692 -3.88379634 -2.3077234
 -4.24558987 -4.12272809 -5.00725146 -4.22319256 -4.12272809 -2.30258509
 -4.66289332 -3.47011786 -2.30258509 -4.12272809 -4.40923752 -4.01262597]
log likelihood =  -2273.83184108
Edge derivatives =  [0.3101943624605388, -0.08153922786720662, -0.040957666655581204, -0.2470175765799854, -0.014050212738494931, 0.3202246519495373, -0.03203483980031086, 0.1248396335610682, 0.14831489213818544, 0.09573167529262536, 0.12483963356106809, -1.081999569925536e-15, -0.21075320038806278, 0.3819198286978208, -1.0913306529965438e-15, 0.12483963356106376, -0.18878981942259868, 0.08906865207536796]
other derivatives: [ 0.08662937  0.43978616  0.88589331  0.50813469 -0.15206751  0.        ]
Current x array =  [-0.62903061 -0.71256159 -0.59488341  1.10870496 -1.69586867  0.33647224
  0.11781867 -5.72728906 -2.784257   -1.76483485 -3.87587802 -2.29668264
 -4.23702004 -4.11732054 -5.00477867 -4.21723239 -4.11732054 -2.30258509
 -4.65377711 -3.47108565 -2.30258509 -4.11732054 -4.40125954 -4.01196081]
log likelihood =  -2273.81995889
Edge derivatives =  [-0.19687966032749737, -0.0629967074151474, -0.02188435466631866, -0.14814207745623909, -0.07663734534860826, -0.08313039912020825, -0.0781868595719651, 0.08728337222114052, 0.1501464721644212, 0.05402575780644924, 0.08728337222114005, -2.3754671634733116e-17, -0.2536690762039678, 0.4620393715211679, -6.820920155783567e-17, 0.08728337222113786, -0.22814672984827397, 0.01970749214577459]
other derivatives: [-2.06418918  1.34014044  0.82300176  0.39090082 -0.2953584   0.        ]
Current x array =  [-0.62699484 -0.71482998 -0.59459727  1.11112064 -1.69699539  0.33647224
  0.12230237 -5.97713506 -2.78330105 -1.76787039 -3.868204   -2.28281664
 -4.22725106 -4.1101697  -5.00539546 -4.20860125 -4.1101697  -2.30258509
 -4.6399973  -3.47929316 -2.30258509 -4.1101697  -4.39166567 -4.00052978]
log likelihood =  -2273.81149176
Edge derivatives =  [0.3875070390898874, -0.04964482900545883, 0.07895839363499235, 0.1465724494788607, -0.09771210206604544, -0.41220838051722564, -0.08432853244036453, 0.090680526529547, 0.13580398819296735, 0.05711987022022909, 0.09068052652954711, -9.836462683741967e-16, -0.29348693852624674, 0.44975617053625605, -9.635985868455462e-16, 0.09068052652954331, -0.24361198196748057, -0.0007717239485271268]
other derivatives: [ 1.76269168  0.334785    0.48080437 -0.09372343  0.54924385  0.        ]
Current x array =  [-0.63073659 -0.71291805 -0.59342393  1.11572143 -1.70508418  0.33647224
  0.12244819 -6.18897441 -2.78735157 -1.77376815 -3.86788905 -2.27085355
 -4.22572012 -4.11048564 -4.99774422 -4.20915074 -4.11048564 -2.30258509
 -4.62716999 -3.47806855 -2.30258509 -4.11048564 -4.38814488 -3.99671229]
log likelihood =  -2273.80603187
Edge derivatives =  [0.06592353705375276, -0.049092680300567355, 0.08829203079781123, 0.038555465072785, -0.06839365744851333, -0.2584088354329387, -0.06410326620541948, 0.10354106255373483, 0.14124173634898404, 0.0688353446171048, 0.10354106255373527, 1.0679370510371802e-15, -0.28520895479644387, 0.4682166660607702, 1.1185087184981794e-15, 0.10354106255373074, -0.2315000309811555, -0.021921649173233818]
other derivatives: [ 0.47057256  0.21536835  0.05024958 -0.06320988  0.24560904  0.        ]
Current x array =  [-0.62955223 -0.71268555 -0.59281022  1.11643519 -1.70225327  0.33647224
  0.1236373  -6.20627139 -2.79422289 -1.76948719 -3.87258663 -2.27606208
 -4.23015421 -4.11310402 -5.00008311 -4.21173383 -4.11310402 -2.30258509
 -4.62988697 -3.48012692 -2.30258509 -4.11310402 -4.39184967 -3.99299927]
log likelihood =  -2273.80282934
Edge derivatives =  [-0.11024711623560712, -0.04643851182640088, 0.1191423992098537, -0.002521560236742826, -0.04252338931653679, -0.1721208376281147, -0.044455514992464334, 0.1142997506345177, 0.1429879047637945, 0.07915773569090635, 0.11429975063451708, 9.00875352400069e-16, -0.28079545077401935, 0.4695550351843511, 8.553149323026449e-16, 0.11429975063451198, -0.21890866629981526, -0.04834214712450952]
other derivatives: [-0.18408173 -0.04583853 -0.2609795  -0.13033059  0.12514647  0.        ]
Current x array =  [-0.62897401 -0.71218325 -0.59230028  1.11794813 -1.70107371  0.33647224
  0.1246096  -6.26235186 -2.801803   -1.76666543 -3.87737498 -2.27884279
 -4.23448896 -4.11526258 -5.00065229 -4.21400874 -4.11526258 -2.30258509
 -4.63138893 -3.4804534  -2.30258509 -4.11526258 -4.39578178 -3.9883174 ]
log likelihood =  -2273.79796458
Edge derivatives =  [-0.2331219326761811, -0.042860460240776825, 0.16108110286044408, -0.011709548355428215, -0.01540243785309393, -0.10927872606277889, -0.023916535749465097, 0.1191261565517632, 0.14214802639599988, 0.08483356237571825, 0.11912615655176301, 3.942508307722631e-16, -0.271330681372725, 0.44027835836141915, 4.462651322951646e-16, 0.1191261565517584, -0.19984856620862895, -0.08306270981003673]
other derivatives: [-0.68039299 -0.2953584  -0.3778041  -0.21318556  0.04706635  0.        ]
Current x array =  [-0.62853351 -0.71168581 -0.59211087  1.11944066 -1.70012474  0.33647224
  0.12531589 -6.34129612 -2.80998795 -1.76453733 -3.88264536 -2.2807798
 -4.23919713 -4.11623515 -5.00018234 -4.2153041  -4.11623515 -2.30258509
 -4.6345546  -3.47768092 -2.30258509 -4.11623515 -4.40151165 -3.98214892]
log likelihood =  -2273.78518673
Edge derivatives =  [-0.28785498314877933, -0.0356710748794904, 0.24441994902306236, 0.03747291220930904, 0.03222959789793023, -0.040231157713487176, 0.009356908338227256, 0.11074096347619108, 0.13206269530487952, 0.08131958316984972, 0.11074096347619075, 3.7958338380260897e-16, -0.24029903564813448, 0.2930691053576936, 3.678700726809414e-16, 0.11074096347618412, -0.15007188963494356, -0.1525833948779372]
other derivatives: [-1.46901584 -0.57780198 -0.95519681 -0.26898306 -0.07903509  0.        ]
Current x array =  [-0.62784719 -0.71106985 -0.59120821  1.12058783 -1.69841999  0.33647224
  0.12550928 -6.51928092 -2.82317808 -1.76282971 -3.89220535 -2.28268507
 -4.24767926 -4.11440822 -4.99578752 -4.2147133  -4.11440822 -2.30258509
 -4.64488485 -3.46318889 -2.30258509 -4.11440822 -4.41591693 -3.9697684 ]
log likelihood =  -2273.77424018
Edge derivatives =  [-0.6743169491420997, -0.028232615303478814, 0.3171776052098274, 0.09039608592705721, 0.08082832106373089, -0.000701905990485252, 0.043671923922728076, 0.07180865301456213, 0.113326198838619, 0.05418563826445762, 0.07180865301456196, 1.0910450990271168e-16, -0.1853029281952975, 0.033129187595963144, 1.2036529440671833e-16, 0.07180865301455869, -0.07740937399070666, -0.2458584073142462]
other derivatives: [-1.47083483 -0.75924618  1.59898264 -0.35752237 -0.23892426  0.        ]
Current x array =  [-0.62777796 -0.71063747 -0.59553062  1.12167591 -1.69581619  0.33647224
  0.12676506 -6.75859453 -2.83509669 -1.76162986 -3.90222646 -2.2837601
 -4.25646759 -4.10696957 -4.98821131 -4.2092094  -4.10696957 -2.30258509
 -4.66344771 -3.43799103 -2.30258509 -4.10696957 -4.43691814 -3.95338029]
log likelihood =  -2273.76340777
Edge derivatives =  [-0.038690486927550616, -0.024704121381629335, 0.3340742466952728, 0.2284615984442264, 0.07547955462279926, -0.10941431979208893, 0.03214237065963957, 0.035309318316151916, 0.09019999457991561, 0.02470390117587749, 0.035309318316152305, -1.348472413794129e-15, -0.16153875589691558, -0.18675513738725263, -1.3543264418311857e-15, 0.03530931831614986, -0.04573603425666026, -0.25314955591334476]
other derivatives: [-1.31763045 -0.39594852 -0.64283086 -0.12732926 -0.11291377  0.        ]
Current x array =  [-0.62799417 -0.71123876 -0.59187035  1.11780953 -1.6969656   0.33647224
  0.12342238 -6.87562786 -2.83042447 -1.76623608 -3.90195892 -2.27972378
 -4.25594829 -4.09914569 -4.97814147 -4.20296751 -4.09914569 -2.30258509
 -4.67152529 -3.41667373 -2.30258509 -4.09914569 -4.44521853 -3.95172505]
log likelihood =  -2273.75907978
Edge derivatives =  [-0.05258361823225677, -0.0251919462718659, 0.28178052909580376, 0.1993720350122071, 0.0502069984372369, -0.16759342991838122, 0.009500508897529219, 0.01867104325219604, 0.08703545907178706, 0.008579810411989745, 0.018671043252196595, 5.0185322068679225e-17, -0.1637528938435515, -0.18884984938548077, 3.6799604897628884e-17, 0.018671043252195263, -0.054868918123690213, -0.23015918443956335]
other derivatives: [-0.09804353  0.2917659  -0.42446118  0.02446541 -0.16962076  0.        ]
Current x array =  [-0.62916104 -0.71258    -0.59218403  1.1157806  -1.69686461  0.33647224
  0.12347049 -6.85953899 -2.82171445 -1.76742129 -3.89684148 -2.27787728
 -4.25110751 -4.09572562 -4.97678366 -4.19945026 -4.09572562 -2.30258509
 -4.67062751 -3.41618682 -2.30258509 -4.09572562 -4.44189348 -3.95558489]
log likelihood =  -2273.75676299
Edge derivatives =  [0.05393851541314354, -0.02577110501928626, 0.22085286182638353, 0.17364893387311592, 0.019578374834983474, -0.242375643593296, -0.014267229795781596, -0.0012072964417030874, 0.08132554933264971, -0.009428767063109408, -0.0012072964417027543, -1.0485579793811513e-16, -0.16566253694952174, -0.2023822071964818, -9.062894846477007e-17, -0.0012072964417023102, -0.06512086789928576, -0.19842304566411434]
other derivatives: [ 0.480577    0.29244802  0.08303687  0.13978934 -0.0693035   0.        ]
Current x array =  [-0.62968023 -0.71257893 -0.59304551  1.11356392 -1.69793361  0.33647224
  0.12265926 -6.83794844 -2.81129228 -1.76918153 -3.89110259 -2.27562055
 -4.24582213 -4.09194889 -4.97437386 -4.1957085  -4.09194889 -2.30258509
 -4.66997242 -3.41477849 -2.30258509 -4.09194889 -4.43850372 -3.96091925]
log likelihood =  -2273.75486643
Edge derivatives =  [0.06952100107728088, -0.02544053292864047, 0.17866809804084283, 0.10254107950288052, 0.009196386776466024, -0.23198574386320348, -0.023126433156573308, -0.012590574024436918, 0.07857363535020752, -0.019764689895293047, -0.012590574024436973, 8.627162846151827e-16, -0.16129680948555136, -0.20323439775300534, 8.436024268079943e-16, -0.012590574024436585, -0.06488119920454866, -0.18742790311533314]
other derivatives: [ 0.60977072  0.31286618  0.24501787  0.16821105 -0.05011316  0.        ]
Current x array =  [-0.62980021 -0.71263431 -0.59331466  1.1130079  -1.69823735  0.33647224
  0.12252979 -6.85114094 -2.80653335 -1.76841388 -3.88902396 -2.27609575
 -4.24396384 -4.08978055 -4.9729723  -4.19360942 -4.08978055 -2.30258509
 -4.6714351  -3.41468242 -2.30258509 -4.08978055 -4.43839425 -3.96271683]
log likelihood =  -2273.74812345
Edge derivatives =  [0.14026231093477337, -0.02138073021496046, 0.022091706270471412, -0.14095860462390825, -0.03724965142131073, -0.23155962822193332, -0.058309144603026455, -0.06131162499136861, 0.060675891968624114, -0.06382139845875784, -0.06131162499136805, -2.2601920683815294e-15, -0.14714563406115255, -0.1863385682849365, -2.3749562408724262e-15, -0.061311624991365166, -0.06166716769033399, -0.14828664820005225]
other derivatives: [-0.19922481 -0.18926585  0.53046278  0.03337846  0.26252565  0.        ]
Current x array =  [-0.62900236 -0.71194614 -0.59365171  1.11393187 -1.70244713  0.33647224
  0.12317826 -7.01785928 -2.78794327 -1.76625707 -3.88115452 -2.27645949
 -4.23685448 -4.08066547 -4.96348319 -4.18496604 -4.08066547 -2.30258509
 -4.67642401 -3.41656092 -2.30258509 -4.08066547 -4.43915624 -3.9690888 ]
log likelihood =  -2273.74803125
Edge derivatives =  [-0.15266384364035845, -0.01675545061613211, -0.0969486946330902, -0.5238892347113677, -0.010483034464834763, 0.11343221208520304, -0.04831911796028805, -0.0823444086602031, 0.0501491134663825, -0.0825402910012876, -0.08234440866020376, -6.8256710437927e-16, -0.1057636830400322, -0.14220056988623467, -6.674271836770063e-16, -0.08234440866019843, -0.0210884851275368, -0.14857213042174564]
other derivatives: [ 2.99169187 -0.39854058  0.17344064 -0.05070433  0.09795258  0.        ]
Current x array =  [-0.63229884 -0.71145238 -0.59273366  1.11616887 -1.70104955  0.33647224
  0.12542152 -7.26741186 -2.78347505 -1.75679099 -3.88396473 -2.28811109
 -4.24005066 -4.07619645 -4.95594155 -4.18128678 -4.07619645 -2.30258509
 -4.69022304 -3.42089714 -2.30258509 -4.07619645 -4.4506197  -3.96805483]
log likelihood =  -2273.74518731
Edge derivatives =  [-0.006731058842229132, -0.018910564924838887, -0.03778888857786644, -0.333212334586617, -0.023804181563853583, -0.05748763666502654, -0.05329039141746758, -0.07188457086254335, 0.05538201732134783, -0.07323361420794572, -0.0718845708625433, 3.079905689135848e-16, -0.12624941302444453, -0.1641029263679114, 2.4322549090202195e-16, -0.07188457086253952, -0.0411775123009023, -0.1484400608720587]
other derivatives: [ 1.41139935 -0.29390321  0.3511559  -0.00909495  0.179989    0.        ]
Current x array =  [-0.6306612  -0.71169767 -0.59318973  1.11505756 -1.70174384  0.33647224
  0.1243071  -7.1434382  -2.78569479 -1.76149359 -3.88256867 -2.28232276
 -4.23846285 -4.07841659 -4.95968811 -4.18311458 -4.07841659 -2.30258509
 -4.68336791 -3.41874298 -2.30258509 -4.07841659 -4.44492484 -3.96856849]
log likelihood =  -2273.74214643
Edge derivatives =  [-0.061829990071084806, -0.01695351197049481, -0.05448333071318201, -0.40756205823989256, -0.014819196385032339, 0.03123294739943694, -0.04827098887090983, -0.07669203598044999, 0.050322979923372535, -0.07716205210556873, -0.07669203598044944, 1.1204806740756638e-15, -0.11468776906474693, -0.1428173032790336, 1.1207919627702739e-15, -0.07669203598044533, -0.027281569122533884, -0.1513185013898361]
other derivatives: [ 0.38648977  0.05529728  0.06152732 -0.09476935  0.15170372  0.        ]
Current x array =  [-0.62966126 -0.71248925 -0.59268701  1.1165432  -1.70195929  0.33647224
  0.12507235 -7.24890973 -2.78542069 -1.75961501 -3.88398125 -2.28526677
 -4.23998469 -4.07743636 -4.95645879 -4.18242668 -4.07743636 -2.30258509
 -4.68735684 -3.42093864 -2.30258509 -4.07743636 -4.44890657 -3.96793297]
log likelihood =  -2273.739757
Edge derivatives =  [-0.07722868414503159, -0.01499338647844016, -0.0330700737715921, -0.4001651936742524, 0.00434118562387055, 0.11970778338336518, -0.03454487869167002, -0.07201211547175568, 0.04517063262679241, -0.0720512595101467, -0.07201211547175534, 4.524463064757492e-16, -0.10432370264163078, -0.1164296829513389, 5.098329558251567e-16, -0.07201211547175213, -0.011323877777133704, -0.1573557633686338]
other derivatives: [-0.39121915  0.02237357 -0.34997356 -0.21072992  0.16229933  0.        ]
Current x array =  [-0.62891779 -0.71247278 -0.59198284  1.1183476  -1.70216004  0.33647224
  0.12556768 -7.36739941 -2.78857758 -1.7590663  -3.88727178 -2.28814138
 -4.24334936 -4.07825577 -4.9530167  -4.18360332 -4.07825577 -2.30258509
 -4.69095162 -3.42371324 -2.30258509 -4.07825577 -4.45374119 -3.96667591]
log likelihood =  -2273.7372322
Edge derivatives =  [-0.06040611532414131, -0.013147092358118775, -0.004481102991843677, -0.33287089213547205, 0.021309684906558476, 0.18521153448436767, -0.022445021581140482, -0.06684317282077273, 0.037735422796231356, -0.06618086680214218, -0.06684317282077257, -9.483391375426217e-16, -0.09443027961714112, -0.08470158448684152, -1.0168434319775715e-15, -0.06684317282076763, 0.0036376769465248024, -0.15390202117753574]
other derivatives: [-0.77616278 -0.01750777 -0.57557372 -0.28535396  0.18872015  0.        ]
Current x array =  [-0.62853854 -0.7123927  -0.59160229  1.11943644 -1.70230294  0.33647224
  0.12571585 -7.49518177 -2.79061955 -1.7603525  -3.88998708 -2.29027165
 -4.24633052 -4.07914414 -4.94841089 -4.18490368 -4.07914414 -2.30258509
 -4.69435733 -3.42699902 -2.30258509 -4.07914414 -4.45819304 -3.96696729]
log likelihood =  -2273.73151615
Edge derivatives =  [-0.06128276671160182, -0.009808078882600981, 0.039355799072406716, -0.1281613315369467, 0.04527940147513346, 0.2749355996413627, -0.006167552561894874, -0.06132310283662823, 0.016103021109777432, -0.05821429887559391, -0.061323102836628396, 8.770926101326526e-16, -0.07166179665673766, -0.007596339850562725, 8.557421259754203e-16, -0.061323102836623955, 0.032810446414565576, -0.12066450142267843]
other derivatives: [-1.09344001  0.05588845 -0.6949449  -0.28121576  0.16698323  0.        ]
Current x array =  [-0.62819414 -0.71246273 -0.59145783  1.11948253 -1.70177054  0.33647224
  0.12562579 -7.78549171 -2.78967456 -1.76605645 -3.89316092 -2.29328657
 -4.25066529 -4.07995239 -4.93581191 -4.18669249 -4.07995239 -2.30258509
 -4.70215812 -3.43491651 -2.30258509 -4.07995239 -4.46654198 -3.97189319]
log likelihood =  -2273.72646228
Edge derivatives =  [-0.0481882076306035, -0.006700316635538957, 0.06381733831354686, 0.07604238799962845, 0.060687147447033865, 0.234091444007265, 0.013614272897183533, -0.06667692720754842, -0.01875540532109617, -0.05658038720522208, -0.06667692720754875, 2.0643221917542306e-15, -0.030064127190247404, 0.002950809519763703, 2.0533227921225134e-15, -0.06667692720754448, 0.0763242945460137, -0.07748436385065252]
other derivatives: [-0.93400558 -0.61709216  0.21641426 -0.16398189  0.05511538  0.        ]
Current x array =  [-0.62829905 -0.71087293 -0.59320726  1.11751064 -1.6990045   0.33647224
  0.12390135 -8.16996323 -2.78587599 -1.77270329 -3.8961733  -2.292047
 -4.25597155 -4.0789464  -4.91761439 -4.18729465 -4.0789464  -2.30258509
 -4.71682113 -3.43665431 -2.30258509 -4.0789464  -4.47932231 -3.97820783]
log likelihood =  -2273.72607654
Edge derivatives =  [0.24672924298836385, -0.005395810354366542, 0.04213580219620405, 0.23231260170962414, 0.04261824408541126, 0.10975004755360507, 0.001840478458214237, -0.07745772212766011, -0.04475118315540307, -0.06459470322306596, -0.07745772212766033, -1.871574017946205e-15, -0.007549961074594639, 0.006633689831447194, -1.969178844052988e-15, -0.07745772212765334, 0.09362570371769956, -0.019526382601899716]
other derivatives: [-0.19849722  0.18958417 -1.17370291  0.12742021 -0.07944436  0.        ]
Current x array =  [-0.62903672 -0.71229247 -0.59100236  1.11367047 -1.69758792  0.33647224
  0.12179346 -8.38164413 -2.77498067 -1.77956036 -3.89287987 -2.28773561
 -4.25477588 -4.07624776 -4.90447455 -4.18551895 -4.07624776 -2.30258509
 -4.72463329 -3.43699903 -2.30258509 -4.07624776 -4.48324331 -3.98761999]
log likelihood =  -2273.72427152
Edge derivatives =  [0.09412233573299944, -0.005803800364910508, 0.048186901779638025, 0.16073194712097044, 0.04729873316369046, 0.122734631028948, 0.007849581164424194, -0.07275797718383487, -0.035726714070517814, -0.06048209448416231, -0.07275797718383492, 5.5018507612593376e-21, -0.014478952766359812, -0.001947209318003254, 5.468821059267791e-21, -0.07275797718382992, 0.08813310956056167, -0.04252772458498688]
other derivatives: [-0.14606485  0.12810233 -0.03101377 -0.00541149 -0.02505658  0.        ]
Current x array =  [-0.62904025 -0.71223447 -0.59283484  1.11534988 -1.69812061  0.33647224
  0.12285302 -8.31172122 -2.77922133 -1.77654773 -3.89412232 -2.28815359
 -4.25542876 -4.07740954 -4.90917081 -4.18634035 -4.07740954 -2.30258509
 -4.72222919 -3.43612449 -2.30258509 -4.07740954 -4.48193659 -3.98386559]
log likelihood =  -2273.72396795
Edge derivatives =  [0.0552594736594918, -0.005924902052097416, 0.04536123841232842, 0.14625120065620434, 0.04287415874180507, 0.09193951806793454, 0.0067628515635301985, -0.07144229625813142, -0.0340937756156554, -0.05955809425845318, -0.07144229625813098, -5.60376106847529e-17, -0.017470578772703076, -0.006926050984029715, -6.793747928685532e-17, -0.07144229625812615, 0.08416240678593923, -0.04456455218399656]
other derivatives: [-0.04183676 -0.0086402   0.06421033 -0.01991793 -0.00350155  0.        ]
Current x array =  [-0.62914942 -0.71199603 -0.59295913  1.1155369  -1.69846892  0.33647224
  0.12317627 -8.29205812 -2.77940781 -1.77608363 -3.89374162 -2.2870869
 -4.25505527 -4.07770688 -4.91011693 -4.18652187 -4.07770688 -2.30258509
 -4.72119263 -3.43561788 -2.30258509 -4.07770688 -4.48082504 -3.98358121]
log likelihood =  -2273.72327649
Edge derivatives =  [-0.042545416398917846, -0.0059367610318969335, 0.03587867977998038, 0.11715059143147773, 0.031176547733785257, 0.002879890689048814, 0.005362095466815087, -0.06584583640104252, -0.03404578483293815, -0.05484351815700725, -0.06584583640104269, 2.8040779489132426e-16, -0.021109568113555792, -0.00983315284845708, 3.21304731953932e-16, -0.06584583640103864, 0.07750270466042473, -0.0417020381049233]
other derivatives: [ 0.20304469 -0.07403287  0.21732376 -0.03460627  0.02564775  0.        ]
Current x array =  [-0.62939976 -0.71195176 -0.59312612  1.11580042 -1.69928205  0.33647224
  0.12407375 -8.29196713 -2.7789998  -1.7753057  -3.892786   -2.2839504
 -4.25454648 -4.0787864  -4.91031322 -4.18742561 -4.0787864  -2.30258509
 -4.7199315  -3.43528117 -2.30258509 -4.0787864  -4.47880672 -3.98416248]
log likelihood =  -2273.7225173
Edge derivatives =  [-0.1253542848032514, -0.0056293314179682264, 0.019956640561128225, 0.07066046621326506, 0.021589628258157665, -0.06909070220895108, 0.00719688694649518, -0.056875914753491075, -0.03743593132869749, -0.046811513734562535, -0.056875914753491796, -2.1451911689703059e-16, -0.020351519380456415, 0.001592297503736427, -1.4612461424031472e-16, -0.056875914753487855, 0.07408327661127738, -0.03217377536060681]
other derivatives: [ 0.21459527 -0.20618245  0.15988917 -0.03774403  0.04433787  0.        ]
Current x array =  [-0.6294326  -0.71176988 -0.59296547  1.11596032 -1.69998549  0.33647224
  0.12483231 -8.34634444 -2.77816031 -1.77418792 -3.89221637 -2.2814071
 -4.2548168  -4.08049218 -4.90852915 -4.18904889 -4.08049218 -2.30258509
 -4.72023013 -3.43642524 -2.30258509 -4.08049218 -4.47775949 -3.98579518]
log likelihood =  -2273.7216234
Edge derivatives =  [-0.02992225608885457, -0.0046596141539092546, -0.011939371093686368, -0.04096216336098374, 0.01304772253374278, -0.1453971636380742, 0.01727042016753373, -0.035770594959106505, -0.048253349494237374, -0.027087701132068556, -0.03577059495910695, 2.969163956395787e-16, -0.010301764335293903, 0.034238594988066993, 2.9760478171225895e-16, -0.03577059495910401, 0.07532227777463953, -0.01060223136221618]
other derivatives: [ 0.48930815  0.31459422  0.31791387 -0.08917596  0.11395969  0.        ]
Current x array =  [-0.6296609  -0.71281812 -0.59316454  1.11651607 -1.70090713  0.33647224
  0.12482948 -8.53073402 -2.77673444 -1.77134519 -3.89214076 -2.27859271
 -4.25673084 -4.08440185 -4.90269474 -4.19294832 -4.08440185 -2.30258509
 -4.72377484 -3.43962758 -2.30258509 -4.08440185 -4.47768405 -3.98939835]
log likelihood =  -2273.72093752
Edge derivatives =  [-0.058626633337240275, -0.0043281612242155095, -0.026838048757410915, -0.0825417111265839, 0.011096294310965937, -0.14457301347732565, 0.02114119700724354, -0.026333837535162385, -0.05221032233086153, -0.01849297606351082, -0.026333837535162385, 2.350421158571425e-16, -0.006457558788579643, 0.05212467889166799, 2.686137750739171e-16, -0.026333837535161053, 0.07326842113258014, 0.0006929357324709159]
other derivatives: [-0.23173925 -0.03951754  0.02037268 -0.04429239  0.07657945  0.        ]
Current x array =  [-0.62898538 -0.71212959 -0.59274383  1.11600237 -1.70059432  0.33647224
  0.12468761 -8.60538852 -2.77603149 -1.77051588 -3.8920506  -2.27871733
 -4.25743519 -4.08631552 -4.90053791 -4.19480678 -4.08631552 -2.30258509
 -4.72521205 -3.44153609 -2.30258509 -4.08631552 -4.47721453 -3.99133609]
log likelihood =  -2273.7206302
Edge derivatives =  [-0.006716417153239895, -0.004143550924019087, -0.024590878005313344, -0.08000605285022877, 0.018208167200287475, -0.09046138197070142, 0.02474885664763399, -0.022747096575585324, -0.05393965044788632, -0.015169443984086553, -0.022747096575585435, -6.101470400798772e-16, -0.0026816388804566608, 0.06463427257094728, -6.568317280869143e-16, -0.02274709657558288, 0.07584397044843652, 0.0038660426299333937]
other derivatives: [-0.16038939 -0.06239134 -0.13478711 -0.03360583  0.05866241  0.        ]
Current x array =  [-0.62905808 -0.71202191 -0.5925231   1.11585581 -1.70010621  0.33647224
  0.1242182  -8.6481771  -2.77636585 -1.77052592 -3.89270043 -2.28059759
 -4.25823473 -4.08697467 -4.89941281 -4.19551111 -4.08697467 -2.30258509
 -4.72652567 -3.44281067 -2.30258509 -4.08697467 -4.47798864 -3.99180021]
log likelihood =  -2273.72024393
Edge derivatives =  [0.028265555705165202, -0.003968734512977245, -0.02073870005949785, -0.07522126782379907, 0.02575569293841869, -0.023535627958245042, 0.028160058520362487, -0.016188896441338863, -0.054433689005277855, -0.009308177205525067, -0.016188896441338807, 8.500466406800569e-16, 0.0005998270480903657, 0.07124817828078087, 8.748959156854448e-16, -0.01618889644133792, 0.07437248444933384, 0.0062063214989166]
other derivatives: [-0.2914021   0.06198206 -0.09763426  0.00554792  0.00109139  0.        ]
Current x array =  [-0.62891346 -0.71218424 -0.59267311  1.11534289 -1.69912638  0.33647224
  0.12361272 -8.69139534 -2.77697767 -1.77059742 -3.8930422  -2.28299838
 -4.25877774 -4.08827023 -4.89907569 -4.19670912 -4.08827023 -2.30258509
 -4.72768151 -3.44347367 -2.30258509 -4.08827023 -4.47750768 -3.99223804]
log likelihood =  -2273.71982608
Edge derivatives =  [0.023990981013339407, -0.0038304509152903474, -0.02154385219368571, -0.08001999511354196, 0.02805149991334423, 0.0400150468813909, 0.028971631942403, 0.0007599260835234878, -0.05122648745897549, 0.0045519696867724335, 0.0007599260835228216, -2.3065027195002803e-16, -0.00023905547862180035, 0.07622634760972741, -2.3752977221992473e-16, 0.0007599260835228772, 0.059166772153265434, 0.011971286355599482]
other derivatives: [ 0.44424269 -0.08162715 -0.22982931  0.08412826 -0.06580194  0.        ]
Current x array =  [-0.62965398 -0.71178449 -0.59249395  1.11440084 -1.6980723   0.33647224
  0.12321588 -8.72987193 -2.77759228 -1.77034429 -3.89207607 -2.28536046
 -4.25832251 -4.09157065 -4.90066212 -4.19948569 -4.09157065 -2.30258509
 -4.72733189 -3.44384923 -2.30258509 -4.09157065 -4.47296497 -3.99342011]
log likelihood =  -2273.71942759
Edge derivatives =  [0.006067535953210301, -0.0039058329119574563, -0.01985662975739788, -0.08255944604176092, 0.024952209669183545, 0.03437276248681986, 0.02730093108283153, 0.005081559901402355, -0.04801632303945591, 0.007962727893783658, 0.0050815599014030766, -2.389239154405737e-16, -0.0034866062119273122, 0.0651732363703077, -2.3175857858814093e-16, 0.00508155990140241, 0.05059873467547268, 0.009232266734686106]
other derivatives: [ 0.16507329 -0.00090949 -0.02487468  0.08858478 -0.07698873  0.        ]
Current x array =  [-0.62936316 -0.71195312 -0.5928685   1.1143044  -1.69794796  0.33647224
  0.12320777 -8.71087539 -2.77807199 -1.77021652 -3.89133772 -2.28525075
 -4.25761215 -4.09251617 -4.90257005 -4.20015622 -4.09251617 -2.30258509
 -4.72622223 -3.44270301 -2.30258509 -4.09251617 -4.47043396 -3.99315975]
log likelihood =  -2273.71904779
Edge derivatives =  [-0.013079275954265057, -0.00408522813094741, -0.017253220419988002, -0.07478470668271463, 0.015165702063894556, 0.0027243565462193864, 0.021503324469585253, 0.012911456016751865, -0.04171208264047606, 0.013762576164291659, 0.012911456016751421, -4.568671047279475e-16, -0.010940235439798312, 0.041683524852625733, -5.505410008690395e-16, 0.012911456016751088, 0.03189942189680321, 0.006379907285774845]
other derivatives: [-0.03515197  0.04424692  0.17162165  0.09313226 -0.07198651  0.        ]
Current x array =  [-0.62915232 -0.71206897 -0.59321741  1.11416225 -1.69805983  0.33647224
  0.12327142 -8.66666047 -2.778374   -1.77040017 -3.88936487 -2.28430346
 -4.25573355 -4.09419116 -4.90633755 -4.20127639 -4.09419116 -2.30258509
 -4.72364864 -3.44024862 -2.30258509 -4.09419116 -4.46491726 -3.99307317]
log likelihood =  -2273.71884018
Edge derivatives =  [0.0421272344773016, -0.004152703351728687, -0.009941955078103581, -0.05758572680078028, 0.010355114364990373, -0.004819782210538692, 0.017943553666801594, 0.019045346894441817, -0.037400482026557685, 0.01822001370574494, 0.01904534689444204, -1.4048047412317097e-15, -0.014841617799834278, 0.02658325307698496, -1.4037232035849978e-15, 0.01904534689444154, 0.019759360253557942, 0.003976282939019304]
other derivatives: [-0.0896307   0.10659278  0.02578417  0.05293259 -0.03406058  0.        ]
Current x array =  [-0.62909673 -0.71220894 -0.59296002  1.11464177 -1.6984225   0.33647224
  0.12316677 -8.64805398 -2.77890621 -1.77071623 -3.88822006 -2.28409027
 -4.25464379 -4.09542074 -4.90883149 -4.20214298 -4.09542074 -2.30258509
 -4.72230955 -3.43865578 -2.30258509 -4.09542074 -4.46133965 -3.99292029]
log likelihood =  -2273.71871542
Edge derivatives =  [0.058493000330320566, -0.004070893190529909, -0.003772601049189417, -0.037218669718747266, 0.007047945527092113, -0.0044258856605432495, 0.01677688636611833, 0.02526638265705583, -0.035445182123902144, 0.02330738321207242, 0.02526638265705622, -4.599812773457523e-16, -0.015225636808989461, 0.018818683651242264, -4.339552830766156e-16, 0.025266382657053887, 0.010496372619845963, 0.005389398119852423]
other derivatives: [-0.01755325 -0.08990355  0.11782504 -0.0219643   0.03356035  0.        ]
Current x array =  [-0.62916316 -0.71184537 -0.59307895  1.11551309 -1.69899042  0.33647224
  0.1232808  -8.66681904 -2.77922728 -1.77115742 -3.88739962 -2.2841684
 -4.25406342 -4.09672496 -4.91002826 -4.20319973 -4.09672496 -2.30258509
 -4.72223945 -3.43787282 -2.30258509 -4.09672496 -4.4587079  -3.99332858]
log likelihood =  -2273.7186104
Edge derivatives =  [0.0378796941976236, -0.00400228525218701, 0.0020177253093799363, -0.01864467088494516, 0.008333623856209213, 0.006766957247743566, 0.01662670670939397, 0.025733138213065887, -0.03537907649977029, 0.023618506456469814, 0.025733138213066165, 1.2929450492711e-16, -0.013404107907263572, 0.01773955924452051, 1.366336342535829e-16, 0.025733138213063667, 0.010635707629564787, 0.00546881837663275]
other derivatives: [ 0.01791705 -0.01750777 -0.02360139 -0.04233698  0.02887646  0.        ]
Current x array =  [-0.62920584 -0.71200949 -0.59281121  1.11591707 -1.69908327  0.33647224
  0.12357693 -8.6835275  -2.77943994 -1.77157896 -3.88745437 -2.28451846
 -4.2541235  -4.09676083 -4.91003518 -4.20325393 -4.09676083 -2.30258509
 -4.72288038 -3.43774667 -2.30258509 -4.09676083 -4.45869724 -3.99335119]
log likelihood =  -2273.71850323
Edge derivatives =  [-0.016009473085924375, -0.0038439761896149017, 0.007312354975051671, 0.0023542013783289933, 0.010620653931962869, 0.019542745863016187, 0.017635653895668815, 0.025449840971915327, -0.036818110507302104, 0.02364303333432202, 0.02544984097191605, 5.055734878542269e-16, -0.008935860686496534, 0.019971180825242185, 5.31907392437909e-16, 0.02544984097191405, 0.013428596551525715, 0.0074825436060046435]
other derivatives: [ 0.03251444  0.02082743 -0.08499228 -0.05898073  0.01605258  0.        ]
Current x array =  [-0.62922712 -0.7121124  -0.59267559  1.1163032  -1.69913284  0.33647224
  0.12402975 -8.72446443 -2.77949625 -1.77211097 -3.88773775 -2.28491859
 -4.25449782 -4.09665281 -4.90921943 -4.203266   -4.09665281 -2.30258509
 -4.7244627  -3.43798065 -2.30258509 -4.09665281 -4.45945632 -3.99365048]
log likelihood =  -2273.71832449
Edge derivatives =  [-0.05282858266286339, -0.0036081656777416492, 0.01372964046459979, 0.03082113128197611, 0.012068012135718138, 0.023759821044039175, 0.01825399679790552, 0.02419699842511519, -0.03840970919759553, 0.023095642774481638, 0.024196998425115523, 2.4388214009388508e-15, -0.0020075582681701783, 0.019024418456212736, 2.4250665184287717e-15, 0.024196998425113414, 0.016168954378855054, 0.010484733850530642]
other derivatives: [ 0.03556124  0.0430191  -0.11982593 -0.06261871  0.00927685  0.        ]
Current x array =  [-0.62923282 -0.71217446 -0.59259795  1.11643701 -1.69919837  0.33647224
  0.12432825 -8.78817576 -2.77942054 -1.77288491 -3.88789743 -2.28503679
 -4.25479208 -4.0963646  -4.90836975 -4.20315171 -4.0963646  -2.30258509
 -4.72692671 -3.4378966  -2.30258509 -4.0963646  -4.46017521 -3.99411723]
log likelihood =  -2273.71784255
Edge derivatives =  [-0.06923631532184604, -0.0030519218652545537, 0.02424895493511925, 0.08339561887592714, 0.011167966296978402, 0.0148048425265902, 0.01659219712200449, 0.019723252884824738, -0.039390856894260355, 0.020547002791226, 0.019723252884825127, 1.9515750901892182e-16, 0.015528160331807463, 0.004044435655085402, 1.6754919293304705e-16, 0.01972325288482435, 0.0172556453570652, 0.016016629782713603]
other derivatives: [ 0.10622898  0.10959411 -0.15211299 -0.04943104  0.00695763  0.        ]
Current x array =  [-0.62929947 -0.7123161  -0.59253005  1.11629864 -1.69927551  0.33647224
  0.12449266 -8.95553984 -2.77902958 -1.77438999 -3.88751769 -2.2847244
 -4.25465157 -4.0954416  -4.90797867 -4.20257841 -4.0954416  -2.30258509
 -4.7332028  -3.43637248 -2.30258509 -4.0954416  -4.46026182 -3.99505842]
log likelihood =  -2273.72122743
Edge derivatives =  [-0.2901298087033366, -0.00294299512618552, 0.01330684476691657, 0.0866747068107066, 0.007867080445086397, 0.06020333244861387, 0.013203444591416008, 0.019875852721167375, -0.03863483485904253, 0.022602905088665668, 0.019875852721168152, -3.831888351992219e-16, 0.049176171609398425, -0.013091136806032092, -3.808428744729906e-16, 0.019875852721165266, 0.0063429308660682936, 0.03169258965042703]
other derivatives: [-1.4325451  -0.97347765 -1.09116627  0.14833859 -0.19890649  0.        ]
Current x array =  [-0.6279198  -0.71020757 -0.59116284  1.11419863 -1.69749146  0.33647224
  0.12462827 -9.         -2.7779109  -1.77516118 -3.88611284 -2.28669131
 -4.25401277 -4.09573382 -4.90851088 -4.20319911 -4.09573382 -2.30258509
 -4.74553626 -3.43485124 -2.30258509 -4.09573382 -4.45732614 -3.99792964]
log likelihood =  -2273.71784022
Edge derivatives =  [-0.07487637633513167, -0.003049088334118567, 0.023969975749326466, 0.0834815623022795, 0.011084122526983382, 0.01596820901522833, 0.016505740932854913, 0.019727370692304402, -0.03937148974458537, 0.020599785578537592, 0.019727370692304846, 2.1228513369948028e-15, 0.016394289817831753, 0.003606845423757929, 2.1413581354263202e-15, 0.01972737069230357, 0.01697719011057018, 0.016418230371114617]
other derivatives: [ 0.06689334  0.08199095 -0.17607817 -0.04420144  0.00186446  0.        ]
Current x array =  [-0.62926418 -0.71226217 -0.59249508  1.11624492 -1.69922987  0.33647224
  0.12449613 -8.95667713 -2.77900096 -1.77440972 -3.88748175 -2.28477471
 -4.25463523 -4.09544907 -4.90799228 -4.20259429 -4.09544907 -2.30258509
 -4.73351829 -3.43633356 -2.30258509 -4.09544907 -4.46018673 -3.99513187]
  status: 0
 success: True
    nfev: 95
     fun: 2273.7178402201666
       x: array([-0.62926418, -0.71226217, -0.59249508,  1.11624492, -1.69922987,
        0.33647224,  0.12449613, -8.95667713, -2.77900096, -1.77440972,
       -3.88748175, -2.28477471, -4.25463523, -4.09544907, -4.90799228,
       -4.20259429, -4.09544907, -2.30258509, -4.73351829, -3.43633356,
       -2.30258509, -4.09544907, -4.46018673, -3.99513187])
 message: 'CONVERGENCE: REL_REDUCTION_OF_F_<=_FACTR*EPSMCH'
     jac: array([ -6.68933353e-02,  -8.19909474e-02,   1.76078174e-01,
         4.42014425e-02,  -1.86446414e-03,  -0.00000000e+00,
         7.48763763e-02,   3.04908833e-03,  -2.39699757e-02,
        -8.34815623e-02,  -1.10841225e-02,  -1.59682090e-02,
        -1.65057409e-02,  -1.97273707e-02,   3.93714897e-02,
        -2.05997856e-02,  -1.97273707e-02,  -2.12285134e-15,
        -1.63942898e-02,  -3.60684542e-03,  -2.14135814e-15,
        -1.97273707e-02,  -1.69771901e-02,  -1.64182304e-02])
     nit: 88
