number of sites to be analyzed:  16
log likelihood =  -503.865975211
Edge derivatives =  [23.229482442867585, 5.981414250418992, 0.20444781927745612, 1.187343246877791, -2.3336354850122447, -1.089098161161862, 2.0113480144363862, 25.80538132927237, -2.6714546128061865, 4.267715168513879, -2.6429016136597614, -0.8332610927521295, 2.200324193340442, -2.3753763446356158]
other derivatives: [ 11.7119896  -15.59075713   2.58106638   5.39280904  -6.8730742    0.        ]
Current x array =  [-0.62600788 -0.50650596 -0.37171282  0.18232156 -0.10536052  0.33647224
 -2.30258509 -2.30258509 -2.30258509 -2.30258509 -2.30258509 -2.30258509
 -2.30258509 -2.30258509 -2.30258509 -2.30258509 -2.30258509 -2.30258509
 -2.30258509 -2.30258509]
log likelihood =  -470.232833607
Edge derivatives =  [22.652144214979433, 4.811875108100379, -0.2738630727632, 0.4009507775672997, -2.4746251327139386, -1.13683446785749, 0.9439226123679065, 24.452521140296806, -2.5445614387828015, 4.178141654034364, -2.3007212991058155, -1.0964816282546925, 2.0764310139683113, -2.30904081998066]
other derivatives: [ 6.93671609  8.1480664   1.35918867  1.64754397 -2.43063027  0.        ]
Current x array =  [-0.61168258 -0.89424762 -0.36371183  0.31644055 -0.27629366  0.33647224
 -1.72486857 -2.1538275  -2.29750048 -2.2730559  -2.36062254 -2.32967093
 -2.25256293 -1.66080604 -2.36902409 -2.19644715 -2.36831398 -2.32330827
 -2.2478631  -2.36166063]
log likelihood =  -460.293209659
Edge derivatives =  [-21.821110880098836, -1.0578355965251705, -0.8110436438318356, -1.0168195486834237, -2.237202771262722, -1.628849017979846, -0.9329675602579398, -22.685582994688172, -2.115518694053175, 1.6360954197177127, -1.5110059508209188, -1.7388471999054467, 0.9432491499763069, -2.129386481055354]
other derivatives: [-13.52421464  60.76813293 -23.44925747  -2.97794145 -17.65791353   0.        ]
Current x array =  [-0.62492017 -1.54599505 -0.35404428  0.82937645 -0.95132361  0.33647224
  1.48598503 -1.39277696 -2.2997055  -2.15766231 -2.69599517 -2.48502515
 -2.04004604  1.86029321 -2.73438654 -1.60548799 -2.71582481 -2.45676248
 -1.94818247 -2.68952291]
log likelihood =  -413.139267604
Edge derivatives =  [10.279684448362081, 1.1564459965197451, -0.4306511285454483, -0.7962495819095086, -2.3730139780102526, -1.2112672498565549, -0.48105215693310166, 5.202212252873379, -2.228520163296917, 3.1918274783253624, -1.832849007492983, -1.3553620859167892, 1.5887762285824616, -2.1344433323971015]
other derivatives: [  1.00267243  22.6572638   -3.96586302  -4.36462528   3.8484302    0.        ]
Current x array =  [-0.61812214 -1.21129695 -0.35900895  0.56596357 -0.60466902  0.33647224
 -0.16291534 -1.78360653 -2.29857314 -2.21692148 -2.52376805 -2.40524461
 -2.14918187  0.05206942 -2.54675846 -1.9089689  -2.53736425 -2.38822846
 -2.10208033 -2.52115266]
log likelihood =  -406.990100046
Edge derivatives =  [-8.063136420525813, -0.49488073821393636, -0.19013840836335993, -0.5723886685911493, -1.7782743461486759, -1.3114828273065637, -0.2951457116179804, -9.325317836164793, -1.8070543677192004, 2.292285874063305, -1.3446668749971797, -1.2799023754431003, 1.4533272529534882, -1.9492131014186913]
other derivatives: [-40.76974847  16.7229814   22.88993528   1.04053584  -2.50698804   0.        ]
Current x array =  [-0.43650172 -0.7954717  -0.68337501  0.43589815 -0.57230339  0.33647224
  0.86806487 -1.58458764 -2.30487492 -2.23317357 -2.73567682 -2.51479248
 -2.11575115  0.68053583 -2.76448092 -1.60225899 -2.73361065 -2.49567125
 -1.94386322 -2.72549697]
log likelihood =  -400.208063703
Edge derivatives =  [-4.547075188520061, -0.41268544447981276, -0.08734855446478212, -0.21901843859817174, -1.5513972077110991, -1.0118641932808232, -0.38211056100692664, -4.392301134183138, -1.6122490464132748, 2.1214153461328134, -1.2638326515042917, -0.9620493823000751, 1.4502083734753017, -1.7408687283413617]
other derivatives: [ 22.80657441 -10.1783769   10.20319473   2.94513143  -1.37080747   0.        ]
Current x array =  [-0.74424929 -0.56847071 -0.51059854  0.40443088 -0.5615533   0.33647224
  0.78804278 -1.59618018 -2.30702246 -2.2458596  -2.76687777 -2.53547268
 -2.1230409   0.51460087 -2.79557691 -1.56464916 -2.7583159  -2.51662877
 -1.92162291 -2.75772512]
log likelihood =  -397.525870001
Edge derivatives =  [1.7275598434956745, 0.06450341261850545, -0.08442185351106929, -0.3763746012918916, -1.716507980936655, -0.9768337415755974, -0.3633429214314332, 1.1017208315628433, -1.6990797006842766, 2.411716105099087, -1.356924775240188, -0.9994196781001942, 1.488911341084374, -1.7660758116239494]
other derivatives: [ 9.03573323  3.46524871 -0.16396484  0.33719516  0.63670313  0.        ]
Current x array =  [-0.64832804 -0.70130241 -0.40798585  0.43718428 -0.55744321  0.33647224
  0.46237659 -1.6615082  -2.30611873 -2.24490474 -2.71330251 -2.50859084
 -2.13756511  0.28664142 -2.73999945 -1.64451127 -2.70710574 -2.49067716
 -1.96147366 -2.7066434 ]
log likelihood =  -396.69876812
Edge derivatives =  [0.21146220120738457, -0.017903706057055546, -0.06583734473033082, -0.3537641690571828, -1.613225619354577, -0.9631238066362184, -0.32151800304718325, 0.38224168572967243, -1.631832180205763, 2.0498593386303856, -1.305918577729324, -0.9482513410632409, 1.3449229759663388, -1.7098954678183766]
other derivatives: [ -3.69420263e+00  -5.59942919e+00  -1.19478045e+00   7.17744797e-01
  -2.25099939e-03   0.00000000e+00]
Current x array =  [-0.56839164 -0.59934585 -0.4047705   0.422873   -0.54513689  0.33647224
  0.55432516 -1.64567867 -2.30773058 -2.25377406 -2.76156144 -2.53580507
 -2.14021896  0.30794595 -2.7888034  -1.57757595 -2.74838199 -2.51786052
 -1.92313333 -2.75527502]
log likelihood =  -396.312577467
Edge derivatives =  [-1.799291830884676, -0.20132394316844676, -0.051056404942966205, -0.337802217999972, -1.5836361641298475, -0.9696024542756163, -0.31745629672337905, -1.5741496714291412, -1.5926197001606615, 1.8724703422516844, -1.2266232196802667, -0.9628861389855551, 1.2733660914575864, -1.6746327162963028]
other derivatives: [-1.18158709 -1.3236729  -1.26001964  0.71161139 -0.1788294   0.        ]
Current x array =  [-0.58392944 -0.63616796 -0.40722188  0.44034649 -0.56014391  0.33647224
  0.64717799 -1.62502273 -2.30865822 -2.25548936 -2.79165328 -2.5524547
 -2.13839862  0.39904055 -2.81984488 -1.53412057 -2.77485212 -2.53386748
 -1.89767964 -2.78611223]
log likelihood =  -395.757355372
Edge derivatives =  [-1.9662813526047178, -0.20632217618325122, 0.02242944122048235, -0.29782668369799165, -1.5050722344169307, -0.9725606244577282, -0.26943068287407224, -1.4097059084143684, -1.5190908263047662, 1.536495294157143, -1.113455979060943, -0.9604765015003622, 1.1312254341396764, -1.6154807952684385]
other derivatives: [-0.58690262 -0.08416237  3.06161496  0.41412704 -0.23215989  0.        ]
Current x array =  [-0.58806686 -0.6476262  -0.44230718  0.45506971 -0.56044667  0.33647224
  0.65774043 -1.62108276 -2.31078112 -2.26676639 -2.8491735  -2.58647706
 -2.14694689  0.39528149 -2.87778822 -1.46127976 -2.82105812 -2.56770204
 -1.85118089 -2.84593868]
log likelihood =  -393.919841212
Edge derivatives =  [-2.4597289551616335, -0.23958790454201168, 0.24605965307117916, -0.15162744938885162, -1.162273076144248, -0.801500336545362, -0.10180870658393204, -0.44742625094448385, -1.1780366957362964, -1.0163951965764246, -0.6419642053974477, -0.7843975913698574, 0.03452099834454836, -1.235435168053407]
other derivatives: [ 2.22499921  2.32106458  5.80828896 -0.65165864 -0.08276402  0.        ]
Current x array =  [-0.60698466 -0.67054388 -0.47049833  0.52460148 -0.56357212  0.33647224
  0.68595341 -1.60508216 -2.31961485 -2.32497169 -3.14558241 -2.76377129
 -2.19145664  0.36443194 -3.17643767 -1.09401651 -3.05702258 -2.74390381
 -1.61376845 -3.15529329]
log likelihood =  -392.760511361
Edge derivatives =  [-0.7242987510271757, -0.1289495991200012, 0.35935038330877467, -0.07939113407209078, -0.9070970367311579, -0.5737225610405832, -0.024390464696366077, -0.5311871153285151, -0.9189420359939025, -2.2823871757976475, -0.3576007992988675, -0.561032334049622, -0.8097646478904855, -0.943157064192206]
other derivatives: [ 2.52614996  1.88380795  1.86385023 -0.36170604 -0.13912995  0.        ]
Current x array =  [-0.60825302 -0.6734399  -0.43749761  0.50488281 -0.53862543  0.33647224
  0.59534659 -1.61272779 -2.31021664 -2.37492355 -3.40786113 -2.92378795
 -2.2294417   0.36328346 -3.44047694 -0.95746805 -3.24741055 -2.90268863
 -1.47448883 -3.428     ]
log likelihood =  -391.808942357
Edge derivatives =  [1.0739762866020441, 0.017869857346730855, 0.4246395219076526, -0.0339636554393801, -0.6680488268687365, -0.32931936871685796, 0.049792361548288366, 0.06639389255141857, -0.6838007896162409, -2.051802898117179, -0.12159691101220718, -0.31460558518565335, -1.3222559835598195, -0.6874168639106853]
other derivatives: [-0.66059442  0.13928911 -1.22051915  0.10215899 -0.23595703  0.        ]
Current x array =  [-0.58767386 -0.66110838 -0.41327057  0.46471204 -0.51373632  0.33647224
  0.50281791 -1.6289881  -2.27934891 -2.42883592 -3.70920411 -3.10723169
 -2.2686608   0.32938716 -3.74403456 -0.97735927 -3.44778659 -3.08434055
 -1.40063375 -3.74089707]
log likelihood =  -391.117239255
Edge derivatives =  [1.5716545386231924, 0.04990787083504494, 0.4343648797263611, -0.0006738779160862518, -0.47323972747390564, -0.1049587472836446, 0.10774024103810487, 0.14430923329779546, -0.4943250011729824, -1.1891929499347562, 0.07907223484467124, -0.08759729285984685, -1.502895856485626, -0.4857365866785538]
other derivatives: [-1.42256908 -1.47649075 -2.98178975  0.58216756 -0.26222438  0.        ]
Current x array =  [-0.5815544  -0.64740154 -0.40044178  0.43604897 -0.50899913  0.33647224
  0.47755707 -1.63630224 -2.23177628 -2.48195449 -4.03665364 -3.30306435
 -2.30245052  0.32160969 -4.07481817 -1.06153996 -3.65394496 -3.27744125
 -1.37618615 -4.08073757]
log likelihood =  -390.428399256
Edge derivatives =  [1.147519861032538, 0.006782545206372614, 0.3863573941798751, -0.012983782011687178, -0.2998342574501059, 0.12499565423146235, 0.16118326270684813, 0.3616234437457355, -0.32251737564969146, -0.1660850861260651, 0.2798437168239637, 0.14058082406538985, -1.1680847612735326, -0.30572415953826965]
other derivatives: [-1.86417424 -1.32391165 -0.90940944  0.24556925  0.09172823  0.        ]
Current x array =  [-0.5786982  -0.64761805 -0.41496765  0.45282448 -0.52992956  0.33647224
  0.50391632 -1.64089761 -2.14790237 -2.54565324 -4.46823174 -3.54842365
 -2.3341982   0.31561564 -4.5122516  -1.16842094 -3.90112625 -3.51807678
 -1.42247192 -4.52935126]
log likelihood =  -390.110376525
Edge derivatives =  [-0.3169585657641094, -0.14751622082452814, 0.253956433489498, -0.06111194203533876, -0.20457998535458985, 0.26084373681571515, 0.11601520075133254, 0.16411030529495363, -0.2229753971876337, 0.3355915381976293, 0.39777277218564283, 0.26845215824715224, -0.35475013792404586, -0.20761638571986815]
other derivatives: [ 0.63729431 -0.23546249 -2.64123514  0.3149637  -0.02524416  0.        ]
Current x array =  [-0.59324937 -0.65727932 -0.40180949  0.46713479 -0.52360421  0.33647224
  0.57235839 -1.64605245 -2.04670883 -2.59775448 -4.8383228  -3.72436674
 -2.34034771  0.32570839 -4.88921696 -1.22557013 -4.06533828 -3.68896314
 -1.54770984 -4.9128722 ]
log likelihood =  -390.035028681
Edge derivatives =  [-0.28499745526913456, -0.13572286957540358, 0.1608977795973653, -0.10804976890475776, -0.16875604299116104, 0.3150307617510918, 0.10785291049423928, 0.09226569098205509, -0.184052699348805, 0.3525848238441591, 0.4449779694972102, 0.3179267846183687, 0.012124043766467862, -0.1691493969836118]
other derivatives: [-1.73424723  1.20085133  0.89017931 -0.1330875  -0.02382308  0.        ]
Current x array =  [-0.580705   -0.67143796 -0.4279134   0.48447518 -0.52085808  0.33647224
  0.57184255 -1.65719458 -1.98908559 -2.62750287 -5.03208245 -3.80469192
 -2.34133482  0.33091694 -5.08702793 -1.22562346 -4.1351666  -3.76652011
 -1.60845062 -5.11420908]
log likelihood =  -390.004006239
Edge derivatives =  [-0.2662919663220631, -0.13944934573607676, 0.1409327635139881, -0.10861381144714263, -0.16423851437100873, 0.3171726267074127, 0.09349309084767154, 0.0434524191753482, -0.17935672677579034, 0.25840455333716184, 0.44673992888778113, 0.3194186119840243, 0.09870866196301126, -0.16533874277002816]
other derivatives: [ 0.39676138  0.30691467  0.99863087 -0.02088996 -0.07742642  0.        ]
Current x array =  [-0.59206639 -0.6626837  -0.4282953   0.48570452 -0.51696037  0.33647224
  0.57305537 -1.66024251 -1.9779504  -2.63206894 -5.05686351 -3.80731302
 -2.33839147  0.33300184 -5.11260934 -1.21333727 -4.13433661 -3.76871318
 -1.62286005 -5.13973806]
log likelihood =  -389.979837449
Edge derivatives =  [-0.2123683827185503, -0.1381194137747121, 0.11384810647081467, -0.11841348394777165, -0.1622380495827228, 0.3109941579080617, 0.07325713765540753, -0.09578438215686474, -0.17660257379937885, 0.106149634300443, 0.4412398380525186, 0.3118464698427753, 0.20252755558491214, -0.16345196297910625]
other derivatives: [ 0.93134531 -0.05640572  0.68079089  0.03398668 -0.14842954  0.        ]
Current x array =  [-0.59509718 -0.65924698 -0.42557803  0.4868659  -0.5114941   0.33647224
  0.57092422 -1.6650743  -1.96553181 -2.63571742 -5.07175409 -3.79844634
 -2.33249176  0.33857561 -5.12841513 -1.19505172 -4.11963316 -3.75943599
 -1.64119736 -5.15491947]
log likelihood =  -389.932389454
Edge derivatives =  [0.0374821924207267, -0.12157301791767827, 0.03492954432643913, -0.14986733221488513, -0.15813160461681758, 0.287350947003579, 0.021718991000593713, -0.32261694734503366, -0.17020005178142744, -0.264264314891289, 0.4187987699742132, 0.2840511559702112, 0.44338984567821, -0.15903957952426306]
other derivatives: [ 1.02173772 -0.33067522 -0.13202452  0.05061338 -0.24560336  0.        ]
Current x array =  [-0.59595183 -0.65706941 -0.41897932  0.49075749 -0.50149344  0.33647224
  0.55941625 -1.68110241 -1.93179483 -2.64681031 -5.10719723 -3.76550722
 -2.3155208   0.34756689 -5.16644622 -1.15223026 -4.0679538  -3.72547944
 -1.68538219 -5.1909514 ]
log likelihood =  -389.878118883
Edge derivatives =  [0.20948086042472402, -0.10411394391197809, -0.05270206643987885, -0.17879936796327792, -0.1508810664468899, 0.260998784292118, -0.020551694058042025, -0.20150988294596883, -0.16089281525639038, -0.4463126782348795, 0.3896291540902853, 0.2535387323323251, 0.5915671814741721, -0.15151916041391186]
other derivatives: [ 0.65841164 -0.51280722 -0.50042672 -0.0398984  -0.16501076  0.        ]
Current x array =  [-0.59404619 -0.65509951 -0.41607722  0.49567783 -0.50347974  0.33647224
  0.55365448 -1.70158919 -1.89502501 -2.66564441 -5.16065612 -3.72966697
 -2.29925843  0.3426809  -5.22310403 -1.13155531 -4.00773334 -3.68862852
 -1.71353889 -5.24565332]
log likelihood =  -389.736552307
Edge derivatives =  [0.7303731170262242, -0.06192159346258902, -0.34198937924670136, -0.23759539077502087, -0.1266649541861616, 0.15992255450840495, -0.1438908460820102, 0.07333698679701331, -0.13055402159178334, -0.9190209538832274, 0.26775916706505587, 0.13885932440415533, 0.7111402282921881, -0.12522800648724944]
other derivatives: [ 1.0335043   0.77922664 -0.61056653 -0.06600658  0.00441673  0.        ]
Current x array =  [-0.5968764  -0.6707455  -0.41505735  0.49201464 -0.50685083  0.33647224
  0.53116559 -1.77808314 -1.78539858 -2.74558589 -5.35999891 -3.60344387
 -2.25274966  0.3309982  -5.43348207 -1.07973501 -3.79563001 -3.5599144
 -1.73748476 -5.4497135 ]
log likelihood =  -390.001155985
Edge derivatives =  [-0.39170053337889676, -0.08443960721703625, -1.0061018200034573, -0.3258007339417325, -0.08369396503107963, -0.07183249324596375, -0.38848259062704493, -0.08173396386052244, -0.08354176726729555, -0.8342937226926413, -0.095426835615259, -0.1147142999024506, 0.89110777703877, -0.08308513287515716]
other derivatives: [-8.15270482 -5.89504907 -2.09797122 -0.00869136  0.20412472  0.        ]
Current x array =  [-0.54636413 -0.59917431 -0.40690745  0.49879494 -0.53537128  0.33647224
  0.61288243 -1.92065948 -1.58675807 -2.91770478 -5.78059893 -3.35904308
 -2.1686066   0.33324237 -5.87677434 -1.08859862 -3.37219358 -3.31149422
 -1.77613457 -5.88011791]
log likelihood =  -389.658270474
Edge derivatives =  [0.3764791742732043, -0.06956319085331103, -0.5311763410619048, -0.2687060991826502, -0.11061886251417866, 0.09074363912184881, -0.21691117329999798, 0.038751818509602604, -0.11283534954887202, -0.8869193914836063, 0.1674153723897168, 0.06277301338683765, 0.7722823280482299, -0.10965375310351719]
other derivatives: [-1.76373192 -1.1652503  -1.09275788 -0.06191954  0.07523795  0.        ]
Current x array =  [-0.58040935 -0.64741322 -0.41240048  0.49422502 -0.51614853  0.33647224
  0.55780536 -1.82456317 -1.72064158 -2.80169682 -5.49711494 -3.52376897
 -2.22531894  0.3317298  -5.5779958  -1.08262455 -3.65758931 -3.47892917
 -1.75008464 -5.59002577]
log likelihood =  -389.543338628
Edge derivatives =  [0.2801367915124735, -0.07257232145601827, -0.651056835989056, -0.2675406526976649, -0.09566663433378367, 0.054338620149837175, -0.242353568706826, 0.24267304391521194, -0.09655422358464126, -0.6380223434222125, 0.10193640715353916, 0.021861865805734404, 0.5613757217064361, -0.09414549547618192]
other derivatives: [ -1.38650194e+00  -2.91345259e-01  -5.03933961e-01   1.23918653e-03
   2.24775931e-01   0.00000000e+00]
Current x array =  [-0.58240457 -0.65671704 -0.41697385  0.48604578 -0.52646105  0.33647224
  0.56400625 -1.86529372 -1.67910656 -2.85957567 -5.64642952 -3.48490038
 -2.21561522  0.32343169 -5.7332478  -1.10906252 -3.57469127 -3.43945147
 -1.70951184 -5.74356726]
log likelihood =  -389.394082124
Edge derivatives =  [0.011811018051505862, -0.08337941811901411, -0.7135702555213607, -0.2291126606636796, -0.06920474285725911, 0.037905842280915855, -0.21742934003110792, 0.32626957496912323, -0.06907223254285272, 0.14524169662666397, 0.0287584076054654, 0.0019148256845292616, -0.05895504868538143, -0.06739900742788735]
other derivatives: [-0.57568741  0.51501843  0.14963462  0.14150032  0.37663881  0.        ]
Current x array =  [-0.58661132 -0.66578518 -0.42203519  0.47596639 -0.53780687  0.33647224
  0.58013507 -1.93574006 -1.64124001 -2.97985703 -5.96883321 -3.46802597
 -2.22304906  0.32037912 -6.06592736 -1.1974179  -3.48854714 -3.42282689
 -1.59843366 -6.07588713]
log likelihood =  -389.32803357
Edge derivatives =  [-0.0920480452870942, -0.08587112314655798, -0.6066342818181277, -0.19032983269127263, -0.057649419309885236, 0.016626797794251635, -0.17798643822012017, 0.026741077783790645, -0.056934350021380996, 0.2709677911661468, -0.030074433211215376, -0.0200655480316592, -0.19178832609468333, -0.055813691528443087]
other derivatives: [ 0.09090968  0.3571472   0.91583843  0.09652013  0.11315251  0.        ]
Current x array =  [-0.59060334 -0.66431542 -0.42735238  0.48705839 -0.51806943  0.33647224
  0.58731276 -1.98260018 -1.65130777 -3.05899475 -6.1540188  -3.44625497
 -2.233047    0.33322626 -6.25742612 -1.21186179 -3.42509975 -3.40296588
 -1.57582621 -6.26639421]
log likelihood =  -389.237603234
Edge derivatives =  [-0.3246491336113744, -0.09343698060856903, -0.323923125755199, -0.11662542712611554, -0.036969594219365146, 0.02771277377206395, -0.06443280118267447, -0.3271435864382966, -0.03568056538194979, 0.5008897247250278, -0.09118941621478911, -0.00663958984599225, -0.2712306949303221, -0.035106449315948474]
other derivatives: [ 0.11095267  0.76379933 -0.15859882 -0.24072619 -0.29791067  0.        ]
Current x array =  [-0.59240864 -0.6679805  -0.41753737  0.5226899  -0.47910888  0.33647224
  0.6008292  -2.07773267 -1.6847987  -3.23381627 -6.60603823 -3.45966889
 -2.26886385  0.34946132 -6.72279669 -1.24014602 -3.36247793 -3.42102616
 -1.56330053 -6.7324463 ]
log likelihood =  -389.238735245
Edge derivatives =  [0.3400650683073434, -0.039326231438667425, -0.005051048557998095, -0.04547024309110712, -0.021957697370463925, 0.058325093979357714, 0.09725577572489208, -0.24365071346418732, -0.020775150873879464, 0.3117868322954105, -0.1298638325507899, 0.030118269259819155, -0.1261736866291968, -0.020482624885745666]
other derivatives: [-0.07848939 -0.71651129  3.96657356 -0.56282374 -0.62522645  0.        ]
Current x array =  [-0.59052987 -0.65348775 -0.44962628  0.54270287 -0.44829603  0.33647224
  0.58225656 -2.18829666 -1.7294245  -3.43352402 -7.13190782 -3.49138461
 -2.31132684  0.34611749 -7.26358041 -1.21475679 -3.32190011 -3.45950594
 -1.58580211 -7.27468985]
log likelihood =  -389.205621831
Edge derivatives =  [0.0031344203863903353, -0.06578905052927891, -0.1651437238272908, -0.07875140549393936, -0.02865342795824816, 0.042825678449731855, 0.016125480312761842, -0.2841192955946968, -0.027387023475355834, 0.4099028490632838, -0.10956881398062353, 0.011431294235422149, -0.19937079192751517, -0.026973920586771078]
other derivatives: [ 0.01315357  0.04329763  1.94455652 -0.39636916 -0.45615707  0.        ]
Current x array =  [-0.59148981 -0.66089271 -0.43323069  0.5324774  -0.46403962  0.33647224
  0.59174611 -2.13180483 -1.70662329 -3.33148486 -6.86321875 -3.4751797
 -2.2896307   0.34782599 -6.98727108 -1.22772922 -3.34263304 -3.43984499
 -1.5743051  -6.99763463]
log likelihood =  -389.16925615
Edge derivatives =  [0.13745393226155178, -0.05644945016530495, -0.09989373423099879, -0.05977470618288736, -0.022833489261265178, 0.03799627995380074, 0.04803547500066907, -0.14730083448582076, -0.02151974117034843, 0.29623962966902684, -0.15730118088613793, 0.008024027336891185, -0.0890449636464819, -0.02126227204183975]
other derivatives: [ 0.29655212 -0.23189273  0.81411144 -0.45958473 -0.46619562  0.        ]
Current x array =  [-0.59343453 -0.65834362 -0.42369064  0.53990056 -0.45781335  0.33647224
  0.58871118 -2.18502732 -1.70828202 -3.42016552 -7.09654475 -3.47099129
 -2.29907904  0.34221991 -7.22796473 -1.21417049 -3.2989883  -3.43806125
 -1.59313293 -7.238064  ]
log likelihood =  -389.14040401
Edge derivatives =  [0.2994230780781937, -0.04273009964000393, 0.027801981276962318, -0.03217046201941418, -0.0168135037808268, 0.052761878807239135, 0.11947282114111146, 0.10304041831606428, -0.015575262601561519, 0.12268072660605778, -0.18087412199680003, 0.02682631076170236, 0.0004393973901208881, -0.015386231802714484]
other derivatives: [-0.87081276  0.21140636 -0.29895091 -0.46157425 -0.37391032  0.        ]
Current x array =  [-0.58711977 -0.66329365 -0.41522229  0.53491883 -0.46062385  0.33647224
  0.58323012 -2.25217742 -1.72398285 -3.53793182 -7.41180008 -3.48825213
 -2.31846653  0.3310499  -7.55219295 -1.19421986 -3.27800673 -3.45962349
 -1.60923876 -7.56318178]
log likelihood =  -389.123472359
Edge derivatives =  [0.31425280275708944, -0.03899077166122081, 0.06136162794006106, -0.01834890697733004, -0.013817863778963217, 0.060677807629827774, 0.1492814072803852, 0.2985304800422858, -0.012696844293867525, 0.013327493861914674, -0.19452199496899752, 0.0373799452815604, 0.06389824264767996, -0.012549284531185676]
other derivatives: [ 0.16548825 -0.35864787 -0.60472303 -0.24283509 -0.19339268  0.        ]
Current x array =  [-0.59205127 -0.65809621 -0.41312747  0.52145848 -0.47478521  0.33647224
  0.58582983 -2.29468013 -1.72361145 -3.61033433 -7.61039275 -3.49669875
 -2.32524332  0.32210313 -7.7565186  -1.18101956 -3.26539799 -3.47078983
 -1.62009111 -7.76795151]
log likelihood =  -389.111179719
Edge derivatives =  [0.19457144948153582, -0.04033801882352464, 0.0858914138603375, -0.009793037654947469, -0.011854907633282391, 0.07118774043713332, 0.1753586655651086, 0.3482505642128164, -0.0108338837891097, -0.0038650739380062804, -0.19359123421504754, 0.050370114309482295, 0.05067993751575983, -0.010695748631439494]
other derivatives: [ 0.08042207 -0.25449367 -0.33087417 -0.07012204 -0.04039862  0.        ]
Current x array =  [-0.59090731 -0.65932012 -0.41572708  0.50715948 -0.48923274  0.33647224
  0.59279722 -2.32643681 -1.72412413 -3.66617821 -7.76527493 -3.5081269
 -2.33050141  0.31961726 -7.91561083 -1.17878434 -3.26554969 -3.48459711
 -1.61777126 -7.92771276]
log likelihood =  -389.09810877
Edge derivatives =  [-0.07682904369547705, -0.04715521886931415, 0.08300652957441401, -0.005938716495437271, -0.00955700706905334, 0.07779993607448075, 0.18161704468146656, 0.03362391553428096, -0.008672226193584138, -0.03615237180760167, -0.19197053422721666, 0.0608131175635, 0.0681009021981403, -0.008551035038516598]
other derivatives: [ 0.11029897 -0.00317186 -0.02736442  0.11302177  0.07479457  0.        ]
Current x array =  [-0.59060602 -0.66185742 -0.4186444   0.49561341 -0.5032951   0.33647224
  0.60692347 -2.37364459 -1.7169197  -3.74457789 -7.98236198 -3.51541032
 -2.32699198  0.3331847  -8.13879512 -1.17478593 -3.26629118 -3.49584918
 -1.62071188 -8.1515126 ]
log likelihood =  -389.090808919
Edge derivatives =  [-0.1275346739328862, -0.04439802667167264, 0.04588206139242523, -0.008395377175957244, -0.008011520775516272, 0.0774691388828707, 0.16654417826922807, -0.08860301932011816, -0.007238501163986208, -0.007437744544970704, -0.19083836761122352, 0.06359671205714644, 0.02721582904648029, -0.007131587820289575]
other derivatives: [-0.25756322 -0.13115482  0.09642918  0.16396484  0.15878641  0.        ]
Current x array =  [-0.58828065 -0.66029328 -0.4198835   0.49170919 -0.51135428  0.33647224
  0.61196041 -2.41405081 -1.70369036 -3.8081249  -8.15822952 -3.515001
 -2.31665608  0.33851868 -8.31969384 -1.17795658 -3.26709818 -3.49883148
 -1.6136232  -8.33275793]
log likelihood =  -389.076164781
Edge derivatives =  [-0.184949191534598, -0.03790039151343588, -0.03122261068527865, -0.012442533951391624, -0.004876054554341459, 0.0815562072649102, 0.11872493958907027, -0.3279261982453412, -0.004349130395655848, 0.001320591930296433, -0.16726678009086066, 0.07725014238505801, -0.014188361165749341, -0.004269500076261693]
other derivatives: [ 0.18096102  0.51732627  0.52397695  0.14099442  0.28214231  0.        ]
Current x array =  [-0.5909518  -0.667396   -0.4231184   0.49328029 -0.52038236  0.33647224
  0.61876423 -2.5279031  -1.67576666 -3.98755515 -8.65481971 -3.51950689
 -2.28654989  0.35009673 -8.83020399 -1.17874814 -3.28673244 -3.51366829
 -1.60629753 -8.84459274]
log likelihood =  -389.059856466
Edge derivatives =  [-0.08884039609940508, -0.027761398857792774, -0.11324456248525094, -0.01724805275291523, -0.0031154494810717104, 0.08101063805841682, 0.05613927071840552, -0.3719350686255005, -0.002752010645431457, 0.00923251468498365, -0.1436728264493617, 0.08523245730212134, -0.060215167126060565, -0.0026951878588740404]
other derivatives: [-0.26429348  0.13470753  0.39249244  0.07096901  0.27944225  0.        ]
Current x array =  [-0.58852863 -0.66309962 -0.42191198  0.49942141 -0.51813953  0.33647224
  0.61971961 -2.63196788 -1.65068754 -4.14932741 -9.10044166 -3.51877825
 -2.25469832  0.35219956 -9.28835787 -1.17963343 -3.30750566 -3.52238428
 -1.5984749  -9.30384597]
log likelihood =  -389.041263923
Edge derivatives =  [0.04964606255435777, -0.018026776830975616, -0.18330574599759986, -0.0185145100506334, -0.0015491104776214507, 0.08211570621170271, -0.030193333914328213, -0.19400701256998434, -0.001345973290647759, -0.005387355134714222, -0.10717821615472868, 0.09897881973603559, -0.09531969216086283, -0.0013136244504394993]
other derivatives: [-0.16913191 -0.02046932  0.07213998 -0.07998437  0.12176997  0.        ]
Current x array =  [ -0.58956886  -0.66154836  -0.41868255   0.51302221  -0.50049923
   0.33647224   0.61841491  -2.79393412  -1.62716293  -4.40388803
  -9.79686951  -3.51998976  -2.21333962   0.34465595 -10.00429775
  -1.17817262  -3.34049928  -3.53775765  -1.59262454 -10.0216235 ]
log likelihood =  -389.031748563
Edge derivatives =  [-0.033363463830986984, -0.018296654868969184, -0.14355536541735536, -0.014417845180852241, -0.0009785108822434525, 0.08427268420469583, -0.05696726266438079, -0.03052487806160628, -0.0008417863482343108, -0.002748144895746041, -0.07013726615694771, 0.10788730042552347, -0.077597255557597, -0.0008196382340553124]
other derivatives: [-0.06513687 -0.09324026 -0.06194227 -0.03348077 -0.0837133   0.        ]
Current x array =  [ -0.59012814  -0.66091378  -0.41736326   0.51336739  -0.48474779
   0.33647224   0.62309432  -2.89914391  -1.63159919  -4.57156915
 -10.25375136  -3.52236728  -2.19541437   0.33664355 -10.47373319
  -1.17876393  -3.37499666  -3.54785363  -1.59579628 -10.49258088]
log likelihood =  -389.025880235
Edge derivatives =  [0.1384426885011143, -0.010207707429737714, -0.059976051320792756, -0.009242820721967346, -0.0005815412666671887, 0.07953525421849432, -0.05349525702518543, 0.12375430195963702, -0.000494138907030144, -0.028370294324434497, -0.041029258221442946, 0.10877725853183622, 0.013235043106578082, -0.00048032746170232634]
other derivatives: [-0.04977778 -0.14573516  0.4285198  -0.12883561 -0.13728254  0.        ]
Current x array =  [ -0.59028326  -0.66073231  -0.42061923   0.51838726  -0.47766954
   0.33647224   0.61908088  -3.01960083  -1.64561001  -4.76304782
 -10.77150793  -3.51698935  -2.18465658   0.33035692 -11.00596153
  -1.17564442  -3.40270653  -3.54867857  -1.6111149  -11.02625922]
log likelihood =  -389.020947524
Edge derivatives =  [0.012482311999460816, -0.010671654181151652, 0.009442493980610367, -0.005201705894760794, -0.0003060362124165109, 0.07122752209327769, -0.0650222000381202, 0.16010477375611257, -0.00025627031276515607, 0.01536263932541071, 0.003050213607834945, 0.10681702123625846, 0.06195510797692655, -0.00024840817307390946]
other derivatives: [ 0.40317332  0.00541149 -0.54311045 -0.01126637 -0.11098678  0.        ]
Current x array =  [ -0.59278505  -0.66271785  -0.4132712    0.51293937  -0.47990436
   0.33647224   0.62596649  -3.16782109  -1.65841176  -4.99768448
 -11.40950021  -3.5081924   -2.16813847   0.32854682 -11.66165182
  -1.18121931  -3.44691733  -3.54667726  -1.61993143 -11.68387955]
log likelihood =  -389.017456068
Edge derivatives =  [0.030565334254576637, -0.009038361528282302, 0.013153773041380545, -0.004931438578435365, -0.0002795120542840018, 0.06623280033107373, -0.06177430124948813, 0.08615684980800065, -0.00023367634889798268, 0.028763838384039397, 0.005523236400584108, 0.10205162305646966, 0.07074515083891275, -0.00022644981459336562]
other derivatives: [ 0.19601316 -0.01636522 -0.17420234 -0.02384581 -0.04923777  0.        ]
Current x array =  [ -0.59150123  -0.66239375  -0.4161454    0.51215078  -0.48517459
   0.33647224   0.62656086  -3.18934498  -1.65914812  -5.0308181
 -11.49892938  -3.50259263  -2.16677175   0.33208246 -11.75366403
  -1.18256153  -3.44935021  -3.54107675  -1.62129369 -11.77603198]
log likelihood =  -389.01462119
Edge derivatives =  [0.032542676410290294, -0.006937801148557007, 0.02957276841438561, -0.004108085318574204, -0.0002202072283136409, 0.05304088227091319, -0.058474558421035217, -0.031691346909586776, -0.00018329990373693928, 0.06781837086696363, 0.01576826857364408, 0.08946553470809367, 0.0820733495707468, -0.00017751042190861826]
other derivatives: [-0.09172823 -0.03955734  0.09519567 -0.02083311  0.05541665  0.        ]
Current x array =  [ -0.58972129  -0.66203064  -0.41839063   0.50998185  -0.4941021
   0.33647224   0.62871214  -3.24604589  -1.66256031  -5.11803946
 -11.7342095   -3.48822929  -2.16233557   0.33763605 -11.99567204
  -1.18694427  -3.45993999  -3.52676063  -1.62314611 -12.01848333]
log likelihood =  -389.013286415
Edge derivatives =  [0.033298132689562276, -0.006286711547909565, 0.03693394907893699, -0.0036604124210278827, -0.0001959835856510535, 0.043896437824225254, -0.05649297825195576, -0.049389242433615144, -0.0001628342657095141, 0.08574323553236485, 0.01986791610390294, 0.07982717031176469, 0.07014100517936261, -0.0001576567400335088]
other derivatives: [-0.04343974 -0.08380425  0.15865567 -0.00553655  0.09097789  0.        ]
Current x array =  [ -0.58989734  -0.66160639  -0.41892623   0.50869162  -0.49705491
   0.33647224   0.62957082  -3.27422434  -1.66369083  -5.16078533
 -11.8487677   -3.47840656  -2.16109929   0.33851585 -12.11353204
  -1.18897669  -3.46423975  -3.51600133  -1.62101936 -12.13652036]
log likelihood =  -389.017140984
Edge derivatives =  [0.0036761664196816035, -0.004251729818432845, 0.07952549953546606, -0.0023718909809544364, -0.00010472775153950823, -0.010883435505626739, -0.045533790735617474, -0.04287205292560976, -8.590838681100131e-05, 0.10442432314517391, 0.039924799852769866, 0.020035983512447217, -0.00554691590687173, -8.298206518983111e-05]
other derivatives: [-1.48503432  0.71687509 -0.06931486 -0.07225367  0.16023591  0.        ]
Current x array =  [ -0.58240001  -0.66957766  -0.41749645   0.50713513  -0.50149936
   0.33647224   0.63210645  -3.42749386  -1.6702742   -5.39285654
 -12.46860876  -3.42273321  -2.15862177   0.33857499 -12.75123122
  -1.19188656  -3.48659353  -3.45304922  -1.60849674 -12.77518095]
log likelihood =  -389.011556438
Edge derivatives =  [0.024005475500630258, -0.005468348921945573, 0.05276374045610943, -0.0031290436413478513, -0.00015664391795411277, 0.02465144693592128, -0.052320992709469216, -0.04689397805343706, -0.00012954691881191907, 0.09248358477998153, 0.027110243220315855, 0.058870805452814146, 0.04320254510647786, -0.00012532274559816055]
other derivatives: [-0.55460418  0.20408493  0.07758558 -0.02939373  0.11612542  0.        ]
Current x array =  [ -0.58721572  -0.66445753  -0.41841483   0.5081349   -0.49864459
   0.33647224   0.63047776  -3.32904532  -1.66604555  -5.24379186
 -12.07047059  -3.45849348  -2.16021314   0.338537   -12.34162237
  -1.19001748  -3.47223518  -3.49348481  -1.6165403  -12.36495456]
log likelihood =  -389.008556907
Edge derivatives =  [0.0500219819744383, -0.0046874995250873325, 0.06150220873858114, -0.002480800832216734, -0.00013183197718114037, 0.0011548029867612941, -0.04543270912767394, -0.01936561111891849, -0.00010880371325126237, 0.10001208697755604, 0.028930732224251007, 0.03160350974318052, -0.01039517633224818, -0.0001052657986260277]
other derivatives: [-0.154796    0.07390213  0.14110242 -0.00291607  0.13433805  0.        ]
Current x array =  [ -0.5893305   -0.66330998  -0.41884447   0.5072047   -0.4996319
   0.33647224   0.63049196  -3.37250247  -1.66598248  -5.30761681
 -12.23882765  -3.43419822  -2.16204314   0.33739524 -12.51495293
  -1.19079566  -3.47431324  -3.46443971  -1.60719357 -12.53837484]
log likelihood =  -389.006999319
Edge derivatives =  [0.06146717981119876, -0.004814248474607791, 0.05858752580450988, -0.002409034606989142, -0.00012450466766584706, -0.011535663464729687, -0.04323405907904043, 0.021334961975747302, -0.00010269356174093041, 0.07232407698573728, 0.026154029433006626, 0.015622189083032478, -0.04724225866693177, -9.937966768194558e-05]
other derivatives: [-0.00783871 -0.01656986  0.07573817 -0.00050591  0.08145662  0.        ]
Current x array =  [ -0.59019947  -0.66240534  -0.41823822   0.50843996  -0.49503316
   0.33647224   0.63007041  -3.38805467  -1.66347118  -5.32937166
 -12.29454574  -3.42140377  -2.16512765   0.33539624 -12.57238478
  -1.18759815  -3.47159535  -3.44794897  -1.60090715 -12.59574156]
log likelihood =  -389.005983325
Edge derivatives =  [0.03862150673033149, -0.005760502985350191, 0.04702860418393573, -0.002609624532998028, -0.00012301276598485414, -0.01863049944475091, -0.04133948870054427, 0.017674291744901538, -0.00010139088154948605, 0.018584804078230266, 0.02036030161199083, 0.005167890837509251, -0.054803257644993, -9.814385239246077e-05]
other derivatives: [ 0.13411068  0.07761969  0.08394636 -0.01632543  0.00759997  0.        ]
Current x array =  [ -0.59117797  -0.66338306  -0.41816615   0.51101778  -0.48897412
   0.33647224   0.6304449   -3.3928212   -1.65894056  -5.33497806
 -12.30703014  -3.41441924  -2.16969348   0.33540032 -12.58534197
  -1.18140302  -3.46564546  -3.43743098  -1.59963237 -12.60856602]
log likelihood =  -389.005977119
Edge derivatives =  [0.03508903775384464, -0.006000925232618859, 0.03877811587187563, -0.0027643335895865357, -0.0001158326311882583, -0.024331115204434962, -0.038058695568434664, 0.004949688193123386, -9.536486773177614e-05, -0.03789328069302711, 0.01620705475551018, -0.003889058194278358, -0.03611903433587299, -9.235754201640715e-05]
other derivatives: [-0.16514718 -0.25864892 -0.16160016 -0.01849685 -0.06128289  0.        ]
Current x array =  [ -0.58950374  -0.65956751  -0.41627496   0.51311211  -0.48361552
   0.33647224   0.63128508  -3.40847048  -1.65463825  -5.35796288
 -12.36656502  -3.40878658  -2.17459502   0.33549047 -12.64665636
  -1.17493439  -3.46163704  -3.42839839  -1.60291827 -12.66989322]
log likelihood =  -389.005576592
Edge derivatives =  [0.036861311482387915, -0.00588209882762504, 0.042917974042801066, -0.0026878609261977897, -0.0001193601935671884, -0.02148330167481015, -0.03968427442831346, 0.011306349375950986, -9.832447771309859e-05, -0.009675159594650262, 0.018281604411748836, 0.0006392347814662136, -0.045428247100085084, -9.519989591019803e-05]
other derivatives: [-0.01568878 -0.09032988 -0.038807   -0.01743956 -0.02695515  0.        ]
Current x array =  [ -0.59033885  -0.66147072  -0.41721829   0.51206745  -0.48628842
   0.33647224   0.630866    -3.40066454  -1.65678427  -5.34649793
 -12.33686871  -3.41159618  -2.1721501    0.3354455  -12.61607242
  -1.17816098  -3.46363646  -3.43290389  -1.60127925 -12.63930289]
log likelihood =  -389.005280159
Edge derivatives =  [0.011515967506535496, -0.006368507176881727, 0.03815200786747086, -0.0027628928032380207, -0.00011772421942594502, -0.02087922808364269, -0.03883740594136342, -0.008557287810026015, -9.691183587129439e-05, -0.02516905765009292, 0.017413515998293605, 0.0005672231823754814, -0.028498997249274127, -9.38302868715052e-05]
other derivatives: [-0.01174953 -0.03192895 -0.02457341 -0.01921876 -0.03817036  0.        ]
Current x array =  [ -0.59040391  -0.66203551  -0.41731969   0.51247248  -0.48555451
   0.33647224   0.63180165  -3.40415589  -1.65516631  -5.35188032
 -12.35111988  -3.4122282   -2.17351574   0.33629872 -12.63073322
  -1.1763804   -3.4627259   -3.432875    -1.60417192 -12.65399075]
log likelihood =  -389.004826088
Edge derivatives =  [-0.02070868263196113, -0.0068299986810504, 0.027180539382602453, -0.002837244809253731, -0.00011178134582103055, -0.020732885965649088, -0.035134944763255516, -0.02575370680100811, -9.188380925858004e-05, -0.038682805826090405, 0.016295590713772318, -0.0012355767394891665, 0.004520091233675916, -8.895854781524885e-05]
other derivatives: [-0.01357421  0.02324327 -0.00527507 -0.01587068 -0.02945626  0.        ]
Current x array =  [ -0.59040409  -0.66254707  -0.41747957   0.51230462  -0.48629781
   0.33647224   0.63332794  -3.41703195  -1.65137883  -5.37143349
 -12.40311661  -3.41238072  -2.17682797   0.33706775 -12.68422132
  -1.17481381  -3.46157257  -3.43107931  -1.60982329 -12.70757519]
log likelihood =  -389.00435713
Edge derivatives =  [-0.02278051479481835, -0.006815759015613904, 0.00995682020295352, -0.002896782448511363, -0.00010466793716436872, -0.021233319831965768, -0.02770838868672143, -0.013766350724263327, -8.59049576648206e-05, -0.03709252874223645, 0.013614774261383578, -0.005521008488695467, 0.03143171107895898, -8.317221793686812e-05]
other derivatives: [-0.00270006  0.04712319 -0.00727027 -0.00761133 -0.00735554  0.        ]
Current x array =  [ -0.59044476  -0.66280869  -0.41745854   0.51150664  -0.4876111
   0.33647224   0.63378524  -3.43393258  -1.64540474  -5.39635336
 -12.46865484  -3.4118634   -2.18281302   0.33653335 -12.75165889
  -1.17499927  -3.45884763  -3.42678225  -1.61445675 -12.77510423]
log likelihood =  -389.004195352
Edge derivatives =  [-0.030386747382404433, -0.006944817850491572, -0.014710511976511187, -0.0029604775360127632, -9.726140866441642e-05, -0.018106024642534614, -0.010927826783670658, -0.008774414530307889, -7.97325912781369e-05, -0.011345275070423932, 0.007200653272359872, -0.01014633345076909, 0.04000352765957732, -7.720027586752012e-05]
other derivatives: [-0.14418333  0.00772502  0.28881573  0.00763407 -0.02680167  0.        ]
Current x array =  [ -0.58955633  -0.66233581  -0.41969066   0.51033836  -0.48617241
   0.33647224   0.63466509  -3.45409694  -1.63596761  -5.42470589
 -12.54144858  -3.4147987   -2.19536008   0.33603704 -12.82657031
  -1.17790355  -3.4522223   -3.42208532  -1.61586583 -12.85010074]
log likelihood =  -389.003730974
Edge derivatives =  [-0.020918030090376405, -0.006891079853122123, -0.01887842751977553, -0.0028861398304081886, -9.440402616011358e-05, -0.017612168166699527, -0.007835545812905464, 0.002305553531488591, -7.732890546878047e-05, 0.00667934179003693, 0.006930981793472166, -0.011096634838770013, 0.0413286456975292, -7.487122927051224e-05]
other derivatives: [-0.04783374  0.02862635  0.02518163  0.02234515  0.00238742  0.        ]
Current x array =  [ -0.59011323  -0.66266388  -0.41767791   0.50948724  -0.48788178
   0.33647224   0.63426426  -3.46171256  -1.6343624   -5.43592763
 -12.57114364  -3.41536083  -2.19750414   0.33556066 -12.8571094
  -1.18009607  -3.45204758  -3.42122238  -1.61618311 -12.88070118]
log likelihood =  -389.003627926
Edge derivatives =  [-0.011854884491035556, -0.006792195888072103, -0.016014700983563834, -0.002818185255457902, -9.426424200518257e-05, -0.017410547439264977, -0.0064354103557363596, 0.004541126527355527, -7.722014318079901e-05, 0.01589519602813605, 0.006906724877646764, -0.01135376000753792, 0.02799188647526435, -7.476449947387668e-05]
other derivatives: [ -2.82852852e-02   1.32331479e-02  -1.52681423e-02   2.34251729e-02
   3.41060513e-05   0.00000000e+00]
Current x array =  [ -0.59022876  -0.66253652  -0.41735573   0.50955668  -0.48756595
   0.33647224   0.63387887  -3.46233706  -1.63485674  -5.4365377
 -12.57244582  -3.41556137  -2.19802623   0.33544121 -12.85844732
  -1.18118511  -3.45204105  -3.42097573  -1.61389466 -12.88204072]
log likelihood =  -389.003495533
Edge derivatives =  [0.0018270305185219549, -0.006712107163742001, -0.01546677084423409, -0.002735024262705923, -9.421226819457308e-05, -0.012838081941925636, -0.0007997212485395533, 0.0017572041072691225, -7.717435481781038e-05, 0.027412454902898897, 0.005246933582120444, -0.008704025953704717, 0.015542368639707094, -7.47187958251112e-05]
other derivatives: [ 0.04687877 -0.03864784 -0.02498837  0.02073648 -0.00813429  0.        ]
Current x array =  [ -0.59065704  -0.66203925  -0.41722089   0.51023065  -0.48660966
   0.33647224   0.6334234   -3.46332314  -1.63402696  -5.43717752
 -12.57313088  -3.42007316  -2.20145049   0.33554033 -12.8591343
  -1.18250544  -3.45028876  -3.42362038  -1.61173255 -12.88274908]
log likelihood =  -389.003412292
Edge derivatives =  [0.011228076051958968, -0.006583514469829618, -0.013020283958338985, -0.0026790197741255175, -9.344025590685095e-05, -0.009352667736144946, 0.0045978326642188705, 0.0027992177925460215, -7.650548670914342e-05, 0.0326784393537195, 0.003933314880197811, -0.00709641073860573, -0.0009374509925136887, -7.405769546424938e-05]
other derivatives: [-0.03923333  0.00041496 -0.05470611  0.00259206 -0.01149374  0.        ]
Current x array =  [ -0.59025028  -0.66240871  -0.41696331   0.5112515   -0.48590733
   0.33647224   0.63304381  -3.46634003  -1.63378433  -5.44080739
 -12.58175019  -3.42360695  -2.20443153   0.33553903 -12.86798484
  -1.18315943  -3.44896267  -3.42531064  -1.60893339 -12.89163175]
log likelihood =  -389.003306331
Edge derivatives =  [0.00928725695197663, -0.006593452240099759, -0.011858361440335585, -0.002619726658754413, -9.201127525395896e-05, -0.006401282745515449, 0.008355127830477871, -0.0031589310466955123, -7.52885249983367e-05, 0.0239090553633865, 0.003124272201988812, -0.005392926929975561, 0.00029647945214433813, -7.287275387628786e-05]
other derivatives: [-0.00219984 -0.00956106 -0.03210516 -0.00763407 -0.01106741  0.        ]
Current x array =  [ -0.59048107  -0.66227993  -0.41710168   0.51212245  -0.48573037
   0.33647224   0.63330632  -3.47070923  -1.63337377  -5.44694125
 -12.59748879  -3.42654992  -2.2064982    0.33587293 -12.88415738
  -1.18210396  -3.44807944  -3.42702208  -1.60911752 -12.90785455]
log likelihood =  -389.003154139
Edge derivatives =  [-0.0003979350439808904, -0.006577024313209404, -0.008264246753992066, -0.0024773129285838415, -8.782948813657172e-05, -0.0020636028388348326, 0.014820345227251508, -0.009795514470991196, -7.174375803560834e-05, 0.00045112489712983983, 0.002289640730776643, -0.0032654959534078737, 0.006326286131570769, -6.942366251438625e-05]
other derivatives: [ 0.01776357  0.00258069 -0.0086402  -0.02396519  0.00196678  0.        ]
Current x array =  [ -0.59063037  -0.66233978  -0.41725785   0.51319167  -0.48642621
   0.33647224   0.63409032  -3.48329464  -1.63310598  -5.46504341
 -12.64464548  -3.43091745  -2.20954418   0.33632615 -12.93263214
  -1.17932867  -3.44714536  -3.4291884   -1.61012123 -12.95645685]
log likelihood =  -389.003033882
Edge derivatives =  [-0.008512936966240225, -0.0065674190233674795, -0.0016565076399576162, -0.0022667324427289755, -8.401275750976113e-05, 0.0008752355081009383, 0.018483680184750884, -0.006299040357321789, -6.851921731363697e-05, -0.01348463516874343, 0.0021553668387993413, -0.0019403096493980226, 0.0020872853042669948, -6.628741154441375e-05]
other derivatives: [ 0.05293259  0.02786464  0.00361524 -0.01391527  0.00813998  0.        ]
Current x array =  [ -0.59080662  -0.66263875  -0.4173687    0.51244877  -0.4870018
   0.33647224   0.63453962  -3.49563423  -1.63414016  -5.48236487
 -12.6895179   -3.43390263  -2.21047099   0.33616909 -12.97875998
  -1.17769889  -3.44693486  -3.43055648  -1.60939141 -13.00270105]
log likelihood =  -389.002943223
Edge derivatives =  [-0.020625321781122086, -0.006340164129388537, 0.008293454626269181, -0.001891025614738642, -7.39875777844129e-05, 0.006916992553350737, 0.026358660015315394, -0.009316264098556237, -6.011142662876001e-05, -0.045598304027329895, 0.0012547192202921331, -0.0003253295843805848, 0.0045652384384624045, -5.813064175443449e-05]
other derivatives: [-0.05620109 -0.06932055 -0.05127845  0.01696776  0.01908802  0.        ]
Current x array =  [ -0.59008296  -0.66158583  -0.41703545   0.51043423  -0.48825921
   0.33647224   0.63575734  -3.5303681   -1.63500194  -5.53148073
 -12.81712862  -3.44004113  -2.21308496   0.336121   -13.10996247
  -1.17396522  -3.44595876  -3.43225857  -1.60985161 -13.13420887]
log likelihood =  -389.002777393
Edge derivatives =  [-0.016688990215137256, -0.006245856214395787, 0.008829979167635615, -0.0018133790000958673, -7.18413620116917e-05, 0.005461114286464161, 0.02582851852961532, 0.00432058454006809, -5.832477347767033e-05, -0.036215317829771054, 0.0014368940746976727, -0.002522102261551487, -0.00277319868725856, -5.6397013523559384e-05]
other derivatives: [ 0.01039098  0.01400053 -0.02258957  0.02962679  0.02171419  0.        ]
Current x array =  [ -0.59044965  -0.66257512  -0.41725485   0.50930298  -0.48847777
   0.33647224   0.63541827  -3.53847138  -1.63517511  -5.54275991
 -12.84640523  -3.4385775   -2.21244622   0.33549803 -13.14008075
  -1.17507537  -3.44613679  -3.43005851  -1.60859976 -13.16437152]
log likelihood =  -389.00265096
Edge derivatives =  [-0.006725541248046696, -0.006001147061643092, 0.008860181729367866, -0.0017682928582168078, -6.905071667598254e-05, 0.0036307934364570305, 0.024223472205529006, 0.012894789790504096, -5.6012694843950815e-05, -0.02591750553309813, 0.0016485872681436392, -0.005146137530784953, -0.007727456617169892, -5.415817074258899e-05]
other derivatives: [ 0.02250999  0.03947207 -0.00111982  0.03805098  0.02153229  0.        ]
Current x array =  [ -0.59050199  -0.66291676  -0.41741765   0.50854554  -0.48846801
   0.33647224   0.63503662  -3.5492613   -1.63524036  -5.55784761
 -12.885633    -3.43671293  -2.21132081   0.33507983 -13.18043481
  -1.17628311  -3.44637309  -3.42741784  -1.60775627 -13.2047879 ]
log likelihood =  -389.002274985
Edge derivatives =  [0.009253740648734965, -0.005310744591830799, 0.010879685808066863, -0.0015902389710551095, -5.73965684019029e-05, 0.0019085920503087161, 0.021724894764712732, 0.022693082293913175, -4.6349861450864235e-05, -0.009786380807186301, 0.001626094304651285, -0.011262079221234095, -0.013472157487277425, -4.4798882275363655e-05]
other derivatives: [ 0.0326736   0.07622702  0.0361922   0.04946514  0.0222883   0.        ]
Current x array =  [ -0.59054323  -0.6634212   -0.41768205   0.507515    -0.4883863
   0.33647224   0.63491628  -3.59962964  -1.63509583  -5.62861733
 -13.06964217  -3.4349416   -2.20917753   0.33460315 -13.36968502
  -1.17817682  -3.44638671  -3.42131516  -1.60678061 -13.39439122]
log likelihood =  -389.001465931
Edge derivatives =  [0.017388755495471475, -0.004183483558078002, 0.012672229198950724, -0.0012775970041977785, -3.411861410691062e-05, 0.0020129143150736106, 0.014907805673903374, 0.03102318773623719, -2.7189123103402418e-05, 0.014520867544004168, 0.0005088958631323526, -0.023529985657968253, -0.01398955202472496, -2.6251631909757247e-05]
other derivatives: [  7.61531282e-02   1.37129064e-01  -7.38964445e-05   5.72185854e-02
   1.69563918e-02   0.00000000e+00]
Current x array =  [ -0.59083297  -0.6642036   -0.41732133   0.50711932  -0.48737762
   0.33647224   0.63607145  -3.74161091  -1.63356191  -5.82814276
 -13.58825147  -3.43501265  -2.20482368   0.33421833 -13.90303541
  -1.18107807  -3.44535188  -3.40925811  -1.60673188 -13.92878022]
log likelihood =  -389.00422639
Edge derivatives =  [0.036291315258024426, -0.001722167457328172, 0.013515776244034772, -0.0008050792422725868, -8.250155637012173e-06, 0.017225466353764957, 0.007090826905894021, 0.033293789174701854, -6.34150342169234e-06, 0.04164847589606613, -0.004164770970539841, -0.042167159996792054, -0.00959033856927366, -6.102352299303166e-06]
other derivatives: [ -3.43806050e-01   2.06227924e-02   9.90752369e-01   2.55795385e-04
  -1.56148872e-02   0.00000000e+00]
Current x array =  [ -0.5883946   -0.6627376   -0.42480195   0.50922643  -0.48452794
   0.33647224   0.64026088  -4.12993202  -1.62930295  -6.37338621
 -15.00444601  -3.44995944  -2.1989209    0.33429881 -15.35938969
  -1.18387188  -3.44035295  -3.39087914  -1.60716388 -15.38809885]
log likelihood =  -389.001138405
Edge derivatives =  [0.025692720062941987, -0.0033774935231217773, 0.014147200834945806, -0.001123171204334715, -2.4180125253297746e-05, 0.00572636158935054, 0.013515493638910692, 0.03181974620774794, -1.9101083138581925e-05, 0.021152817960223058, -0.0006153564027050612, -0.028017210188554353, -0.01289400570255661, -1.8427504938947484e-05]
other derivatives: [-0.02548859  0.10770691  0.24464271  0.04326353  0.01002718  0.        ]
Current x array =  [ -0.59024157  -0.66384804  -0.41913568   0.50763038  -0.48668646
   0.33647224   0.63708756  -3.83579446  -1.63252894  -5.96038632
 -13.93173584  -3.43863785  -2.20339202   0.33423785 -14.25626015
  -1.18175568  -3.44413944  -3.40480047  -1.60683666 -14.28272393]
log likelihood =  -389.000277261
Edge derivatives =  [0.008615829608851655, -0.00274752549763662, 0.013489545915815193, -0.000895482644041564, -1.2341484353303581e-05, 0.012464406558279156, 0.007840242465919411, 0.02419805132560482, -9.578296910830344e-06, 0.02893884129774693, -0.0032822537621903652, -0.037720672865479976, -0.006882836613573584, -9.22719303250963e-06]
other derivatives: [ 0.02354454  0.08274696  0.11639258  0.03682317 -0.00167688  0.        ]
Current x array =  [ -0.59059979  -0.66357402  -0.41804768   0.5089607   -0.48507917
   0.33647224   0.63953761  -4.01980281  -1.63005478  -6.21886516
 -14.60316392  -3.4454469   -2.20084337   0.33460075 -14.94673329
  -1.18271905  -3.44151076  -3.39547213  -1.60790279 -14.9745967 ]
log likelihood =  -388.999723278
Edge derivatives =  [-0.010232329160701159, -0.002211084780839208, 0.011435238857448238, -0.0007302474277946676, -6.0486818606564955e-06, 0.02405707394982723, 0.005048013952039798, 0.005655577677540324, -4.603702238023599e-06, 0.014163910296781657, -0.006713041240653667, -0.04216179428966064, 0.002220114587035471, -4.427289875581451e-06]
other derivatives: [-0.03121272  0.05132392 -0.01013518  0.00564455 -0.00714522  0.        ]
Current x array =  [ -0.59042995  -0.66309515  -0.41698211   0.51171967  -0.4837551
   0.33647224   0.64207032  -4.21537101  -1.62727321  -6.49346472
 -15.31614235  -3.45734897  -2.20028417   0.33555873 -15.67990278
  -1.181032    -3.43807183  -3.39135033  -1.60949611 -15.7092971 ]
log likelihood =  -388.999771465
Edge derivatives =  [-0.0008410631309945238, -0.0018893799525966405, 0.010255929094496907, -0.000625625405784056, -4.257863477851956e-06, 0.03047437376589128, 0.0044755353732501835, -0.004593063249153123, -3.2101447285633544e-06, 0.00025627501110470075, -0.00811080611168126, -0.041207700930118, 0.006388898215355321, -3.0849916339527894e-06]
other derivatives: [ 0.21898359 -0.14175612  0.0212026   0.01207923 -0.00679847  0.        ]
Current x array =  [ -0.59176141  -0.66114432  -0.41713474   0.51249728  -0.48352417
   0.33647224   0.64286688  -4.3117579   -1.62588558  -6.62863829
 -15.6669201   -3.4638315   -2.20021707   0.33604209 -16.04060357
  -1.17927276  -3.43650677  -3.39217676  -1.6101051  -16.07076519]
log likelihood =  -388.999642581
Edge derivatives =  [-0.005864580720070567, -0.0020611652450351, 0.010979737309003146, -0.0006815778300323068, -5.18042030194369e-06, 0.026894881471610815, 0.0048182881726934745, 0.0011487726613285676, -3.926411010129119e-06, 0.008030714729258204, -0.007329284140804845, -0.041740394849526435, 0.004062231907056069, -3.7747961118456445e-06]
other derivatives: [ 0.0793591  -0.0337991   0.00378009  0.00848672 -0.00692353  0.        ]
Current x array =  [ -0.59101762  -0.66223411  -0.41704948   0.51206289  -0.48365317
   0.33647224   0.6424219   -4.25791362  -1.62666074  -6.55312674
 -15.47096631  -3.46021019  -2.20025455   0.33577208 -15.8391065
  -1.18025552  -3.43738105  -3.3917151   -1.6097649  -15.86883949]
log likelihood =  -388.999555352
Edge derivatives =  [-0.006127255455021796, -0.0019398841945652279, 0.009961144749136341, -0.00066614183463445, -4.521399213563412e-06, 0.030052208275667208, 0.004761938277580757, -0.00519063278401366, -3.4131885845081777e-06, -0.0007734290915609732, -0.008031713119321729, -0.04026590684919435, 0.005983034119842523, -3.280114627610561e-06]
other derivatives: [ 0.02074785 -0.03817036 -0.00813998 -0.00705995 -0.00579234  0.        ]
Current x array =  [ -0.59073457  -0.6621189   -0.41693838   0.51306863  -0.4834771
   0.33647224   0.64280827  -4.29544554  -1.62599917  -6.60571797
 -15.60736856  -3.46350457  -2.2004924    0.33612109 -15.97936137
  -1.1792305   -3.43666499  -3.39318264  -1.61009825 -16.00940093]
log likelihood =  -388.999435011
Edge derivatives =  [0.0003425969134158713, -0.0018004426142207465, 0.007412112831223006, -0.0006649178640902057, -4.069085159807422e-06, 0.03199005250133914, 0.003966689463741457, -0.01025495609141755, -3.0614297246190103e-06, -0.009085345315837823, -0.00834138195681211, -0.03706559130605949, 0.006270541990962941, -2.9411546204279617e-06]
other derivatives: [-0.02550564 -0.04127969 -0.01182343 -0.02191314 -0.00274554  0.        ]
Current x array =  [ -0.59051645  -0.66204008  -0.41688877   0.5139675   -0.48342842
   0.33647224   0.64286286  -4.32474268  -1.62516876  -6.64660955
 -15.7132807   -3.46554628  -2.2004386    0.33641743 -16.08826112
  -1.1782583   -3.43633697  -3.39630389  -1.61014636 -16.11854346]
log likelihood =  -388.999128896
Edge derivatives =  [0.01343678831441153, -0.0015240013282180297, -0.0010776303861886882, -0.000662192060580867, -3.169498572489906e-06, 0.03396408277208278, 1.1861759662834537e-05, -0.016750212827260497, -2.3653829144144984e-06, -0.023515376570446556, -0.008431205424550572, -0.0286072243231177, 0.003458576942188041, -2.2708985334522896e-06]
other derivatives: [-0.08795382 -0.03699938 -0.01322178 -0.04261551  0.00360956  0.        ]
Current x array =  [ -0.59023051  -0.66203521  -0.41684364   0.5151528   -0.48344659
   0.33647224   0.642938    -4.39433498  -1.62294638  -6.7435767
 -15.96434875  -3.46766862  -2.19937625   0.33681209 -16.34641837
  -1.17657357  -3.43620561  -3.40455949  -1.60966217 -16.37726595]
log likelihood =  -388.998639983
Edge derivatives =  [0.0159251599820176, -0.0012498433943830718, -0.016476021196820345, -0.000632913397651518, -2.0284127871333046e-06, 0.03327236054295893, -0.009140882154227481, -0.017964285212190206, -1.492521134102092e-06, -0.03412139925909086, -0.007799340952840586, -0.015898722682358833, -0.004594694379772557, -1.431386737269147e-06]
other derivatives: [-0.13401404 -0.03001333 -0.01614353 -0.04568506  0.00661089  0.        ]
Current x array =  [ -0.58999987  -0.66209107  -0.41680899   0.51524771  -0.48345569
   0.33647224   0.64359393  -4.51847603  -1.61935592  -6.91654184
 -16.41230833  -3.46703933  -2.19632223   0.33687441 -16.80704778
  -1.17534574  -3.43679382  -3.41704695  -1.60829107 -16.83887455]
log likelihood =  -388.998067618
Edge derivatives =  [-0.0075165204615674774, -0.0010422111763260175, -0.030093549498278138, -0.0005172006213617392, -9.367230848037269e-07, 0.029220347982199038, -0.019350563681956645, -0.014374133515081905, -6.728889192677748e-07, -0.032652509501059246, -0.006492810256962966, 5.047592371032472e-05, -0.006295782156132135, -6.442741471568713e-07]
other derivatives: [-0.01066951  0.09088126  0.02302727 -0.04686171  0.00890736  0.        ]
Current x array =  [ -0.59075536  -0.66341534  -0.4170514    0.51533897  -0.4833451
   0.33647224   0.64528711  -4.73277238  -1.6159967   -7.21551505
 -17.18701807  -3.46295829  -2.19259261   0.33681645 -17.60369241
  -1.17552226  -3.43800951  -3.43291308  -1.60798846 -17.63718236]
log likelihood =  -388.99766589
Edge derivatives =  [0.013302105206986159, -0.0007760093794447996, -0.038566908994915994, -0.00044293322951857587, -5.738127904167543e-07, 0.01407869297097572, -0.02934573304943988, 0.006190630122808294, -4.0580732361565916e-07, -0.005834587028317628, -0.0025859972561009803, 0.01578231062621782, -0.015357591067983345, -3.883552604611629e-07]
other derivatives: [-0.08271854 -0.04550316 -0.01353442  0.00775344  0.01053877  0.        ]
Current x array =  [ -0.59016304  -0.6621212   -0.41685155   0.51158243  -0.48406824
   0.33647224   0.64506523  -4.86934959  -1.61476415  -7.40523359
 -17.67812378  -3.44743366  -2.18773868   0.33554705 -18.10872721
  -1.17864788  -3.44199968  -3.44865654  -1.60647833 -18.14323553]
log likelihood =  -388.997386279
Edge derivatives =  [-0.00913697307598449, -0.0008084771426537518, -0.030278624742202553, -0.0003775848803954533, -4.401450265596865e-07, 0.01307473918621506, -0.027417015398402356, 0.008173336933418512, -3.0911039921290645e-07, 0.009055486504831789, -0.0029074369130239752, 0.010262202710329044, -0.008277030486417425, -2.956907788687956e-07]
other derivatives: [ 0.03690275  0.02153229  0.00879368  0.01725766  0.00053433  0.        ]
Current x array =  [ -0.59084159  -0.66289341  -0.41699243   0.5112268   -0.48340313
   0.33647224   0.64591753  -4.94178914  -1.61623605  -7.50703762
 -17.94265653  -3.44638552  -2.18795602   0.33544564 -18.38077682
  -1.18039858  -3.44167626  -3.44304098  -1.60768505 -18.41581862]
log likelihood =  -388.997234262
Edge derivatives =  [-0.020144280995754382, -0.0007872285758361765, -0.019642945362144282, -0.000318312188744725, -3.414478536515682e-07, 0.011574690313003455, -0.02430880954891501, 0.009529117034039747, -2.382493913087696e-07, 0.024669516217328713, -0.0031662365454747793, 0.003957375139254635, -0.0009205630788721164, -2.2782840685163113e-07]
other derivatives: [ 0.08166126  0.02993943  0.0200032   0.02637535 -0.00878231  0.        ]
Current x array =  [ -0.59107713  -0.66302333  -0.41706065   0.51082782  -0.48279862
   0.33647224   0.64645154  -5.01102988  -1.61820103  -7.60438335
 -18.19565308  -3.44481525  -2.18845858   0.33533351 -18.64096599
  -1.18223106  -3.44144686  -3.43665318  -1.60894641 -18.67651325]
log likelihood =  -388.997053893
Edge derivatives =  [-0.013877275387526922, -0.0006755250296602896, -0.006494029639561916, -0.000252311577551042, -2.3653860489102735e-07, 0.008957331359855339, -0.019277146111326804, 0.007997055957509436, -1.633668291028588e-07, 0.030830308734635548, -0.0030190377067810803, 0.0010239940041024964, 0.005438340563537425, -1.5612993365801096e-07]
other derivatives: [ 0.09587779  0.02825118 -0.00183604  0.02219736 -0.00858904  0.        ]
Current x array =  [ -0.59117674  -0.66303489  -0.41686026   0.51114973  -0.48256526
   0.33647224   0.64651358  -5.11184556  -1.62051903  -7.74565962
 -18.56234339  -3.44215618  -2.18962755   0.33543249 -19.01806323
  -1.18296347  -3.44163109  -3.43370038  -1.61004348 -19.05436628]
log likelihood =  -388.997792384
Edge derivatives =  [-0.011722570517666231, -0.000363453227246964, 0.03063154774787702, -0.00010792640639234089, -5.729629308523581e-08, -1.1453412902429072e-05, -0.0016858900654600495, 0.00042744659807958385, -3.803006855675048e-08, 0.031327006707486116, -0.001869104730783458, -0.0031421930914452556, 0.020934475054375068, -3.625242641222337e-08]
other derivatives: [-0.05418315 -0.02792717  0.51613824 -0.00374598 -0.02186198  0.        ]
Current x array =  [ -0.59026271  -0.66233676  -0.42075794   0.51200142  -0.48169996
   0.33647224   0.64799353  -5.50188667  -1.62682813  -8.29175071
 -19.97922854  -3.43289865  -2.19405643   0.33589129 -20.47513785
  -1.18280618  -3.44265659  -3.42926922  -1.61251478 -20.51439068]
log likelihood =  -388.996966769
Edge derivatives =  [-0.012348509695377707, -0.000578966853280535, 0.0027562071634440466, -0.00020651625806520258, -1.6752999725950496e-07, 0.006783700815695057, -0.014932847896403922, 0.0062158386671436194, -1.1459210429379318e-07, 0.030962546950682457, -0.0027375474646015724, 1.2953502126655803e-05, 0.009219291854445033, -1.0944766099485069e-07]
other derivatives: [ 0.05926495  0.01429612  0.12537953  0.01577973 -0.01157332  0.        ]
Current x array =  [ -0.59095437  -0.66286504  -0.4178085    0.51135694  -0.48235474
   0.33647224   0.64687363  -5.20673683  -1.62205394  -7.87851555
 -18.90705071  -3.43990396  -2.19070503   0.33554411 -19.37254805
  -1.18292521  -3.44188058  -3.43262235  -1.61064471 -19.40956874]
log likelihood =  -388.996721201
Edge derivatives =  [-0.006497039695079643, -0.00042183064766011455, 0.019431362537165264, -0.00013166418421923766, -7.161526859143332e-08, 0.002362173615260324, -0.00821082132312756, -0.0011581254425553356, -4.778878495480356e-08, 0.02595758150302463, -0.0021931499380567487, 0.0018266544486439662, 0.016636179164576104, -4.557246911184021e-08]
other derivatives: [ 0.04840786  0.00610498  0.03569198 -0.00079012 -0.00688374  0.        ]
Current x array =  [ -0.59096291  -0.66276026  -0.41707262   0.51257977  -0.48215524
   0.33647224   0.64728255  -5.44102374  -1.62476533  -8.20630015
 -19.75726053  -3.43550761  -2.19257466   0.33597127 -20.24685962
  -1.18237282  -3.44247942  -3.43447292  -1.61194453 -20.28566896]
log likelihood =  -388.996615123
Edge derivatives =  [-0.012043528784109192, -0.00034882385688662053, 0.024293626977819338, -9.943901235345967e-05, -3.718660242958815e-08, -0.0003900038554042612, -0.0056443749774182095, -0.0049138903054747884, -2.4340259342706372e-08, 0.015103153265132452, -0.001751667678772495, 0.005172154492070896, 0.017552292193043495, -2.3180450823281575e-08]
other derivatives: [-0.01058424  0.02366392 -0.00399041 -0.01111857 -0.00559908  0.        ]
Current x array =  [ -0.59068164  -0.66288823  -0.41675998   0.5132018   -0.48201753
   0.33647224   0.64786929  -5.62192894  -1.62528564  -8.45926558
 -20.41326382  -3.43280999  -2.19360372   0.33618151 -20.92145259
  -1.18113487  -3.44295088  -3.43787463  -1.61212626 -20.96165071]
log likelihood =  -388.99655261
Edge derivatives =  [-0.0074979786930002845, -0.00027085594850898616, 0.02607064917278379, -7.331708835753306e-05, -1.785640165145178e-08, -0.00223261344414917, -0.0032400908911845994, -0.009387574529393511, -1.1440078277513178e-08, -0.0030233765572933446, -0.0013608734379956383, 0.009382989037499123, 0.015984776764760678, -1.0878594996844227e-08]
other derivatives: [ 0.03895479 -0.0285354  -0.01450076 -0.01720082 -0.00305249  0.        ]
Current x array =  [ -0.59096998  -0.66233094  -0.41664649   0.51391439  -0.48193481
   0.33647224   0.64820953  -5.82441833  -1.62501363  -8.74238966
 -21.14743329  -3.43096772  -2.19490604   0.3364273  -21.67642164
  -1.17899155  -3.44330804  -3.44210373  -1.61183245 -21.71818098]
log likelihood =  -388.996483261
Edge derivatives =  [-0.015087608280293985, -0.00024357180258454542, 0.021830564872165392, -6.320225631628785e-05, -1.095409194556354e-08, -0.0026594281918117663, -0.0034182049486115584, -0.007286771160798733, -6.919363791064738e-09, -0.011868514395858565, -0.0013851192538028995, 0.010484448516854289, 0.01292691261162171, -6.5722891596987965e-09]
other derivatives: [-0.02701199  0.01630838 -0.0123066  -0.0184059  -0.0050818   0.        ]
Current x array =  [ -0.59062725  -0.66276571  -0.4166746    0.51378544  -0.48175457
   0.33647224   0.64859576  -5.95918107  -1.62379558  -8.93093942
 -21.63648352  -3.43058716  -2.19550689   0.33631333 -22.17932991
  -1.17799271  -3.44329846  -3.44325687  -1.6113302  -22.22212566]
log likelihood =  -388.99639911
Edge derivatives =  [-0.016048891487329353, -0.0002148421071441354, 0.016219910322829212, -5.40524489191532e-05, -6.749421550852586e-09, -0.0027133625831323727, -0.0034377399632599115, -0.002047228243471949, -4.205769239684463e-09, -0.01751907695955468, -0.0015498303443235023, 0.009228795280431162, 0.008594552652068987, -3.9903725059308975e-09]
other derivatives: [-0.04605454  0.03162768 -0.00219984 -0.00984528 -0.00794103  0.        ]
Current x array =  [ -0.59051196  -0.66294227  -0.41676132   0.51314479  -0.48157214
   0.33647224   0.64871073  -6.09247755  -1.62223356  -9.11757766
 -22.12072103  -3.43053535  -2.19631326   0.33600832 -22.67729421
  -1.17735182  -3.44314153  -3.44199382  -1.61059815 -22.72110963]
log likelihood =  -388.996241399
Edge derivatives =  [-0.00867434702886749, -0.00014979725903390296, 0.003834812600360782, -3.573433695832521e-05, -2.0056481407841556e-09, -0.0016774197790695028, -0.0017615506045254303, 0.00557411919094733, -1.2086425468489246e-09, -0.022704345363049327, -0.002338644233262091, 0.0024429045542881805, -0.00019230004135284418, -1.1436064448255209e-09]
other derivatives: [-0.04821459  0.02736442  0.00605951  0.00596856 -0.0090381   0.        ]
Current x array =  [ -0.59047629  -0.66294708  -0.41682702   0.51209011  -0.48140097
   0.33647224   0.64869314  -6.42605638  -1.61858665  -9.58491395
 -23.33348286  -3.43152186  -2.19901086   0.3355426  -23.92444044
  -1.17676543  -3.44238267  -3.43514119  -1.60910148 -23.97080237]
log likelihood =  -388.996178082
Edge derivatives =  [0.013975015729465579, -8.024717006210056e-05, -0.009631993211449807, -2.0867216202106364e-05, -3.9832638186346614e-10, -0.003609128678165846, 0.00030602840541826826, -0.002520012421740353, -2.2940840909857593e-10, -0.0008726163726157088, -0.0019108363026891367, 0.0006795634689689134, -0.006998670429864184, -2.1630339305567683e-10]
other derivatives: [-0.01770672  0.05243805  0.01538183 -0.01721787  0.02078764  0.        ]
Current x array =  [ -0.59071131  -0.66321445  -0.41684281   0.51324905  -0.48288753
   0.33647224   0.64836396  -6.87098653  -1.61480451 -10.20775262
 -24.94934669  -3.42953045  -2.20170445   0.33611158 -25.58611036
  -1.17927721  -3.44286802  -3.43329735  -1.60790499 -25.63587345]
log likelihood =  -388.996193867
Edge derivatives =  [-0.004306680426629406, -7.599677315496675e-05, -0.00944259273868997, -1.611280977901489e-05, -2.073231692452122e-10, -0.0044186999497596025, 0.0015819755261692325, -0.0053059937573791405, -1.1729385216356312e-10, 0.006205306608682348, -0.0018930097880883734, -0.0021154899771546887, -0.006203359672157238, -1.1045900091544363e-10]
other derivatives: [-0.09817995 -0.06918413 -0.02851834  0.00105729  0.00491696  0.        ]
Current x array =  [ -0.59018473  -0.66186015  -0.41654581   0.51258035  -0.48209751
   0.33647224   0.6493178   -7.05043117  -1.61441846 -10.45909616
 -25.60157322  -3.42865969  -2.20279103   0.33602515 -26.25683243
  -1.18010667  -3.44295423  -3.43046176  -1.60806117 -26.30796006]
log likelihood =  -388.996150538
Edge derivatives =  [0.005918619733903174, -7.844200430282694e-05, -0.009541064542256561, -1.8604823826729972e-05, -2.9813481652897696e-10, -0.00396818960533539, 0.0008734563349451774, -0.003751155525381994, -1.7035199167974906e-10, 0.0022695991349858113, -0.0019027349997219611, -0.0005595333258071045, -0.006645042879940222, -1.6053394949146772e-10]
other derivatives: [-0.05339871 -0.00147224 -0.00407567 -0.00911768  0.01376179  0.        ]
Current x array =  [ -0.59047767  -0.66261356  -0.41671104   0.51295235  -0.48253701
   0.33647224   0.64878717  -6.95060436  -1.61463322 -10.31927128
 -25.2387332   -3.4291441   -2.20218655   0.33607323 -25.88370316
  -1.17964524  -3.44290627  -3.43203923  -1.60797429 -25.93407168]
log likelihood =  -388.996126968
Edge derivatives =  [-0.00823611739772856, -8.169808794478714e-05, -0.004488286018164533, -1.615237470555218e-05, -2.3383932659677936e-10, -0.004948420629392228, 0.002716701871921856, -0.0019044012217207529, -1.3269042926359133e-10, -0.002786270429088189, -0.0018617461973848975, -0.0012406973119802184, -0.004227867516553074, -1.2498855970431113e-10]
other derivatives: [ -3.79714038e-03  -1.07434062e-03  -2.10889084e-03   5.68434189e-05
   3.01838554e-03   0.00000000e+00]
Current x array =  [ -0.59074039  -0.66263321  -0.4167247    0.51265884  -0.48189851
   0.33647224   0.64925351  -7.01746585  -1.61554075 -10.41289309
 -25.48164532  -3.42816323  -2.20278223   0.33593085 -26.13350377
  -1.1790614   -3.44293332  -3.43135633  -1.60838763 -26.18438025]
log likelihood =  -388.996123458
Edge derivatives =  [-0.007214141140893471, -7.745339461365545e-05, -0.0038101622449635553, -1.496675730096365e-05, -1.9557262889580343e-10, -0.00531554780920894, 0.0033218075482752685, -0.0018051643217310565, -1.1041598074486059e-10, -0.0022250968464957444, -0.0017771786527641803, -0.0012947787710475417, -0.003627645088823128, -1.0396976667884006e-10]
other derivatives: [ 0.0029388  -0.00223963 -0.00222258 -0.00034106  0.00233626  0.        ]
Current x array =  [ -0.59078029  -0.66262623  -0.41671747   0.51271357  -0.48181011
   0.33647224   0.64923286  -7.0666734   -1.61560117 -10.48176789
 -25.66032252  -3.42779441  -2.20306991   0.33592696 -26.31724623
  -1.1791268   -3.44302063  -3.43129849  -1.60848943 -26.36849854]
log likelihood =  -388.996114746
Edge derivatives =  [-0.00040280128177672125, -6.364007378549833e-05, -0.0019976031424530083, -1.1736279118524752e-05, -1.0938836025327577e-10, -0.006210103225924815, 0.00498534596974709, -0.0007595122560444534, -6.0750318067088e-11, -0.000434738723185224, -0.0014823576688294537, -0.0013758078493399106, -0.0014951375733446848, -5.7136185942029675e-11]
other derivatives: [  7.42375050e-03  -3.36513040e-03   6.53699317e-04  -2.38173925e-03
  -3.41060513e-05   0.00000000e+00]
Current x array =  [ -0.59081429  -0.66263351  -0.4167196    0.51286113  -0.4814998
   0.33647224   0.6490179   -7.22667416  -1.61576127 -10.70571399
 -26.24128646  -3.42689904  -2.20386382   0.33587807 -26.9146792
  -1.17933857  -3.44332645  -3.43121129  -1.60885481 -26.96715424]
log likelihood =  -388.996113017
Edge derivatives =  [0.0004832604957973885, -5.395708139530769e-05, -0.0027514037082235765, -9.216462699340649e-06, -5.8175264621129656e-11, -0.0062047769113023205, 0.005123921114975838, -0.00030477495669087307, -3.173561963752977e-11, 0.0020553367851001703, -0.001128663462862431, -0.0013580757578528224, -0.00018875099872123213, -2.980783249763309e-11]
other derivatives: [  1.53647761e-02   8.79367690e-03  -4.67991867e-02  -2.84217094e-05
  -8.01492206e-04   0.00000000e+00]
Current x array =  [ -0.5908728   -0.66278195  -0.41635417   0.51277587  -0.48135315
   0.33647224   0.64895195  -7.40057671  -1.61548656 -10.94911628
 -26.8727226   -3.42692679  -2.20418108   0.33583452 -27.56401399
  -1.17965825  -3.44371001  -3.43125309  -1.60910253 -27.61781956]
log likelihood =  -388.996102266
Edge derivatives =  [0.0039144070402716835, -5.034368998056964e-05, -0.002385948882331901, -8.670581018058074e-06, -4.998002006538819e-11, -0.006149107991983427, 0.005332044941861569, 0.00030523210771535303, -2.7148271775204404e-11, 0.0018395487764858443, -0.001006895742532557, -0.0010942179628050525, 0.0006209913157449454, -2.5491009171122422e-11]
other derivatives: [ 0.00632667  0.00392788 -0.01871285 -0.00113687 -0.002143    0.        ]
Current x array =  [ -0.59081714  -0.66273264  -0.4165622    0.5127917   -0.48125075
   0.33647224   0.64885729  -7.44240547  -1.61554935 -11.00764745
 -27.02454919  -3.42697212  -2.20422484   0.33580665 -27.72014364
  -1.17962149  -3.44382124  -3.43150611  -1.60923151 -27.77426993]
log likelihood =  -388.996090053
Edge derivatives =  [0.006615745105882365, -4.437260848093056e-05, -0.0029332376892313716, -7.559911433291426e-06, -3.4501942644637096e-11, -0.0054243436686367275, 0.004783618453130134, 0.0012033286955864253, -1.854540580068787e-11, 0.0017887892267137717, -0.0006877148322794735, -0.000426704560169508, 0.0020396698441025873, -1.7399276292391795e-11]
other derivatives: [-0.0060254   0.00177351  0.00539444 -0.00034674 -0.00416094  0.        ]
Current x array =  [ -0.59074049  -0.66271611  -0.41674328   0.51267671  -0.48112661
   0.33647224   0.64878229  -7.54451215  -1.61547807 -11.15052748
 -27.39517449  -3.42769082  -2.20397548   0.33575126 -28.10127266
  -1.17960854  -3.44412979  -3.43217151  -1.60946973 -28.15618255]
log likelihood =  -388.996076017
Edge derivatives =  [0.008076832904878817, -3.6662128999476054e-05, -0.0045979259082704615, -6.016267218013394e-06, -1.8332637933529537e-11, -0.0038121631477612966, 0.0032195227269063986, 0.0021175229304555843, -9.679544178962473e-12, 0.0025856153491681244, -0.00010900082018500123, 0.0007113161836471427, 0.004073727986886599, -9.068754187162915e-12]
other derivatives: [-0.01076614 -0.00032969  0.02006004  0.00280238 -0.00586624  0.        ]
Current x array =  [ -0.59070266  -0.66270759  -0.41685583   0.51243141  -0.48105637
   0.33647224   0.64875085  -7.71872424  -1.6152577  -11.39430736
 -28.027533    -3.42930033  -2.20330559   0.33568503 -28.75155241
  -1.17969716  -3.44469669  -3.43331567  -1.60981727 -28.8077995 ]
log likelihood =  -388.996060694
Edge derivatives =  [0.0034223810131748245, -2.8666388128119054e-05, -0.005278168788248938, -4.190029803462748e-06, -6.98720118218439e-12, -0.0020430218394737604, 0.0019333962294290075, 0.0027292182004815257, -3.589909767954197e-12, 0.002305376459639241, 0.0006406600014020464, 0.001709002653557501, 0.0058806257682978424, -3.3563170966462175e-12]
other derivatives: [-0.00890168  0.00139266  0.01892317  0.00480895 -0.00608793  0.        ]
Current x array =  [ -0.59070812  -0.66272313  -0.41685118   0.51230707  -0.48109738
   0.33647224   0.6489685   -7.98443853  -1.61523035 -11.76616336
 -28.99215322  -3.43107513  -2.20269992   0.33565112 -29.7435124
  -1.1796641   -3.44544135  -3.43432695  -1.61012897 -29.80179647]
log likelihood =  -388.996140499
Edge derivatives =  [0.03439405795377315, -1.417580254366559e-05, -0.002931949667395739, -2.31131605038124e-06, -1.5052005398621718e-12, 0.002420003177500657, -0.0006202971011464165, -0.004042456729491523, -7.405341835619098e-13, -0.0021245567649245123, 0.0018813034273358065, 0.004514187519597285, 0.0014609614243664693, -6.900224141760037e-13]
other derivatives: [ 0.09873133 -0.09127348  0.01803073 -0.00749196  0.01429044  0.        ]
Current x array =  [ -0.59129796  -0.66180138  -0.41680661   0.51323138  -0.48229694
   0.33647224   0.64820893  -8.40738505  -1.61621989 -12.35795841
 -30.52721309  -3.43549776  -2.20059111   0.33611565 -31.32207482
  -1.17906333  -3.44661472  -3.43710092  -1.60931017 -31.38360695]
log likelihood =  -388.996055682
Edge derivatives =  [0.0095195537944055, -2.511976424094764e-05, -0.004814938026571625, -3.730867524456243e-06, -5.1790560005396744e-12, -0.0011708346322900076, 0.001435984543405766, 0.0014097942467225788, -2.638504704196365e-12, 0.0014417949493745752, 0.000882847841679954, 0.002256860424023746, 0.005019012904581899, -2.465200612840652e-12]
other derivatives: [ 0.01210196 -0.01667786  0.01876401  0.00239879 -0.00209184  0.        ]
Current x array =  [ -0.59082318  -0.66254332  -0.41684248   0.51248737  -0.48133137
   0.33647224   0.64882033  -8.06694127  -1.61542338 -11.88160281
 -29.29159213  -3.43193783  -2.20228856   0.33574173 -30.0514372
  -1.17954691  -3.44567024  -3.43486806  -1.60996925 -30.11035487]
log likelihood =  -388.99604333
Edge derivatives =  [8.803040313409838e-05, -1.9173099019536644e-05, -0.003065916542793201, -2.371703885055983e-06, -1.6198810607756117e-12, 0.0003227447785453391, 0.0009876538546949032, 0.0009902572654256758, -7.985274249637149e-13, -0.0009632011718270217, 0.0016499828135185524, 0.0028802251693839653, 0.005899989921240634, -7.441986401735197e-13]
other derivatives: [ 0.00743512 -0.00762839  0.00061959  0.00237605 -0.00209184  0.        ]
Current x array =  [ -0.59080305  -0.66261727  -0.41671247   0.51251716  -0.48138854
   0.33647224   0.64920242  -8.38708804  -1.6158928  -12.32965777
 -30.45390186  -3.43345307  -2.20187657   0.33576831 -31.24669145
  -1.17927571  -3.44644376  -3.43551728  -1.6101292  -31.30806127]
log likelihood =  -388.996039112
Edge derivatives =  [-0.0015247999627736597, -1.6425638797654997e-05, -0.0013098913426281555, -1.8823606461525385e-06, -9.120451774689639e-13, 0.0006378537256777894, 0.0013901654610942726, -1.9900645482712198e-05, -4.423296033023476e-13, -0.001610028220130233, 0.0019300874672946305, 0.002912166507352723, 0.004853416606364069, -4.117216937496822e-13]
other derivatives: [  1.08911991e-02   5.21822585e-03  -5.34328137e-03  -7.61701813e-04
  -6.25277607e-05   0.00000000e+00]
Current x array =  [ -0.59083566  -0.66274647  -0.41666483   0.51269239  -0.48149725
   0.33647224   0.649272    -8.54530463  -1.61628585 -12.55109242
 -31.0283376   -3.43377858  -2.20187053   0.33584399 -31.83740967
  -1.17920357  -3.44672724  -3.43555876  -1.60995088 -31.89999048]
log likelihood =  -388.996036862
Edge derivatives =  [-0.0010496883383348532, -1.3893549237810083e-05, 0.0006584768434422239, -1.5006394030549449e-06, -5.199399643193927e-13, 0.0006634864657839717, 0.002046339242521844, -0.001519951709332945, -2.481837003817315e-13, -0.0015559338674104861, 0.0021343222705476755, 0.0028205716357523475, 0.003246699764814065, -2.307333667251485e-13]
other derivatives: [-0.01027161  0.00157456 -0.01676881 -0.00397904  0.00154614  0.        ]
Current x array =  [ -0.59072473  -0.66269054  -0.41657997   0.5128667   -0.48158266
   0.33647224   0.64930059  -8.70007827  -1.6166948  -12.76771004
 -31.59027935  -3.43380956  -2.20198416   0.33592651 -32.41528011
  -1.17921347  -3.44694571  -3.43547292  -1.60967976 -32.4790451 ]
log likelihood =  -388.996034978
Edge derivatives =  [-0.0014521231567776738, -1.3374892507138315e-05, 0.0013008721808387413, -1.4082000454581207e-06, -4.4827330062941715e-13, 0.0004841654871920731, 0.002405985167896696, -0.0015934204169980315, -2.1307909149509815e-13, -0.0011324039614222237, 0.0021466711000104888, 0.0026633303918285056, 0.0025229819622052396, -1.980354194833257e-13]
other derivatives: [-0.00255795  0.0045759  -0.01118678 -0.00412683  0.00144951  0.        ]
Current x array =  [ -0.59076864  -0.66272534  -0.41661991   0.51288322  -0.48157089
   0.33647224   0.64931423  -8.74091656  -1.61680726 -12.82487091
 -31.73856882  -3.43362659  -2.20209947   0.33593478 -32.56777331
  -1.17926048  -3.44695549  -3.43531116  -1.60955246 -32.63185034]
log likelihood =  -388.996032326
Edge derivatives =  [-0.0017644753547227943, -1.2029235621342088e-05, 0.002366045599708544, -1.1962948621291824e-06, -3.025047754890687e-13, 0.0001400463184352274, 0.003043507264578804, -0.0014670972991588926, -1.4220256909479248e-13, 0.000273632471413765, 0.002191248934094503, 0.0023447364441015056, 0.0009881182950647882, -1.3205432829838638e-13]
other derivatives: [  4.43947101e-03   4.35420588e-03   1.13686838e-05  -3.28554961e-03
   4.37694325e-04   0.00000000e+00]
Current x array =  [ -0.5908041   -0.66272872  -0.41670276   0.51284067  -0.48151015
   0.33647224   0.64933079  -8.84921632  -1.61698465 -12.97645301
 -32.13180644  -3.4332729   -2.20231757   0.33592509 -32.97215816
  -1.17941991  -3.44699792  -3.43498207  -1.60928434 -33.03706305]
log likelihood =  -388.996030712
Edge derivatives =  [-0.001942298284190791, -1.0840223868179661e-05, 0.0027246034294564625, -1.0286920676249237e-06, -2.0686748569290967e-13, 9.478292072317984e-05, 0.0031824920783318777, -0.00105413735183571, -9.620766724079504e-14, 0.0013275112996858907, 0.0022605800193312847, 0.0021645167279439326, -0.00010338833010531401, -8.927017667857644e-14]
other derivatives: [ 0.00409841  0.0017053   0.00510454 -0.00176215 -0.00035811  0.        ]
Current x array =  [ -0.5907967   -0.66270457  -0.41674299   0.51274294  -0.48147913
   0.33647224   0.64934225  -8.95386516  -1.61705474 -13.12292045
 -32.51177074  -3.43322231  -2.20234559   0.33589572 -33.36289299
  -1.17954108  -3.44706769  -3.43479665  -1.60909601 -33.42859841]
log likelihood =  -388.996029643
Edge derivatives =  [-0.0011952109094321983, -1.0310085899226942e-05, 0.0026339665190079353, -8.119679570771454e-07, -1.1229772878200697e-13, 0.00019330372969136866, 0.0029665599835535517, 8.490458788387722e-05, -5.1332813043107095e-14, 0.002371848512255026, 0.002344855630598275, 0.0019191304579257856, -0.001491710279832359, -4.756945589562589e-14]
other derivatives: [ 0.00193836 -0.00082423  0.00661657  0.0008697  -0.00109708  0.        ]
Current x array =  [ -0.59077671  -0.6626858   -0.4167582    0.51256116  -0.48145907
   0.33647224   0.64930334  -9.          -1.61706664 -13.3583957
 -33.12263475  -3.43331752  -2.20222227   0.33582649 -33.99107234
  -1.17966393  -3.44715439  -3.43454856  -1.60885966 -34.05806516]
log likelihood =  -388.996028034
Edge derivatives =  [0.0003871381348683478, -1.0227253702289017e-05, 0.0018379933641644586, -7.818946809954228e-07, -1.0026037744996757e-13, 7.565690605622344e-05, 0.0025412391944323875, 0.0005372619626377584, -4.568351423669655e-14, 0.0021575082330435036, 0.0021910844676706065, 0.001662355338382035, -0.0017729348646786103, -4.2324302141846226e-14]
other derivatives: [ 0.00360956  0.00019327  0.00268301  0.00156319 -0.00089813  0.        ]
Current x array =  [ -0.59078626  -0.66270312  -0.41672903   0.51250851  -0.48146653
   0.33647224   0.64923104  -9.          -1.61692642 -13.40210065
 -33.23601577  -3.43320012  -2.20208263   0.33580198 -34.10766744
  -1.17964179  -3.44700182  -3.43429195  -1.60881363 -34.17489893]
log likelihood =  -388.996025256
Edge derivatives =  [0.0038512326763524563, -9.941709643723523e-06, -0.0020474467179485423, -7.078552560316527e-07, -7.044933557443588e-14, 0.00029074345610506647, 8.211791537449109e-05, 0.001571730558230483, -3.1781109031498175e-14, -0.0008611074793978268, 0.001659023950487018, 0.001060614950739891, -0.0008408971193398229, -2.9421820906987774e-14]
other derivatives: [-0.00889031  0.00212594  0.00358682  0.0017053   0.0003979   0.        ]
Current x array =  [ -0.59071625  -0.66272443  -0.41674252   0.51241533  -0.48157358
   0.33647224   0.64909728  -9.          -1.61629805 -13.53814187
 -33.58892854  -3.43341631  -2.20116389   0.33575369 -34.47058348
  -1.17929221  -3.44646629  -3.43369189  -1.60897592 -34.5385591 ]
log likelihood =  -388.996024705
Edge derivatives =  [-0.00032352278421488023, -1.0307116741558784e-05, -0.0022950826858292306, -7.465112353649363e-07, -8.069102067258925e-14, -0.0005011440245226428, 0.0001153658443259209, 0.0005464247503125796, -3.654125122622538e-14, -0.0008737590883316493, 0.0012211709901354256, 0.0003770872893627403, -0.0005495768626409547, -3.3839882552470594e-14]
other derivatives: [ 0.00579234 -0.00030127 -0.0150294   0.00270575 -0.00077875  0.        ]
Current x array =  [ -0.59080157  -0.66269496  -0.41660126   0.5124711   -0.4814911
   0.33647224   0.6492447   -9.          -1.61619147 -13.4858024
 -33.4531724   -3.43262178  -2.20129624   0.33579328 -34.33098076
  -1.17929716  -3.44603473  -3.43300615  -1.60902998 -34.39866825]
  status: 0
 success: True
    nfev: 114
     fun: 388.99602470536314
       x: array([ -0.59080157,  -0.66269496,  -0.41660126,   0.5124711 ,
        -0.4814911 ,   0.33647224,   0.6492447 ,  -9.        ,
        -1.61619147, -13.4858024 , -33.4531724 ,  -3.43262178,
        -2.20129624,   0.33579328, -34.33098076,  -1.17929716,
        -3.44603473,  -3.43300615,  -1.60902998, -34.39866825])
 message: 'CONVERGENCE: REL_REDUCTION_OF_F_<=_FACTR*EPSMCH'
     jac: array([ -5.79234438e-03,   3.01270120e-04,   1.50293999e-02,
        -2.70574674e-03,   7.78754838e-04,  -0.00000000e+00,
         3.23522784e-04,   1.03071167e-05,   2.29508269e-03,
         7.46511235e-07,   8.06910207e-14,   5.01144025e-04,
        -1.15365844e-04,  -5.46424750e-04,   3.65412512e-14,
         8.73759088e-04,  -1.22117099e-03,  -3.77087289e-04,
         5.49576863e-04,   3.38398826e-14])
     nit: 103
