number of sites to be analyzed:  311
log likelihood =  -5795.52089304
Edge derivatives =  [343.1438759722089, -5.138588390493804, 19.91248316867428, 51.539074274020535, -32.56345148809223, 16.05931740216919, -48.89822719962438, -48.905171190581285, -52.13911246923994, -50.39064902781587, -48.90517119058127, -5.435373927163358e-15, -49.60018536280351, -47.817024148983734, -5.416439378803719e-15, -48.90517119058125, -53.07711623062434, -23.719696276962587]
other derivatives: [ -48.97010513   20.39278115  -34.54451871  102.18409443 -219.83505576
    0.        ]
Current x array =  [-0.64989953 -0.7274194  -0.63747037  0.18232156 -0.10536052  0.33647224
 -2.30258509 -2.30258509 -2.30258509 -2.30258509 -2.30258509 -2.30258509
 -2.30258509 -2.30258509 -2.30258509 -2.30258509 -2.30258509 -2.30258509
 -2.30258509 -2.30258509 -2.30258509 -2.30258509 -2.30258509 -2.30258509]
log likelihood =  -5396.20080493
Edge derivatives =  [302.9531949603472, -8.52995153553785, 13.738650484232844, 38.42618654410051, -29.50939803754403, 16.762931083558808, -41.96603968244786, -42.27423874362539, -44.95476861849781, -43.07972065588494, -42.274238743625396, -2.5100372015002113e-15, -42.79092243241255, -41.08753264695578, -2.4426738639520113e-15, -42.274238743625396, -45.751947388059754, -19.696944064599545]
other derivatives: [ 139.10375856   11.16131898   46.36385711   48.52972779 -136.93415895
    0.        ]
Current x array =  [-0.75741417 -0.72593212 -0.7133134   0.40666835 -0.58801184  0.33647224
 -1.54920731 -2.31386694 -2.25886692 -2.18943024 -2.37407866 -2.26732661
 -2.40994192 -2.40995717 -2.41705734 -2.41321856 -2.40995717 -2.30258509
 -2.41148308 -2.40756812 -2.30258509 -2.40995717 -2.41911674 -2.35466206]
log likelihood =  -7513.62662272
Edge derivatives =  [-399.346469100308, -1.31117974252968, 23.502029906086594, 41.93731355885777, -0.6756836666547018, 41.18624205032894, -3.3347619270642626, -5.495484132741142, -7.916891618419351, -5.634924016597783, -5.49548413274114, 1.5036780791052616e-16, -5.273624317816718, -3.3166043795215536, 1.417231503854319e-16, -5.495484132741146, -8.721157599974426, 14.240039538247157]
other derivatives: [-14828.71302869     76.16645235  -9031.57988432    109.00212146
   -152.34973034      0.        ]
Current x array =  [-0.05       -0.74880717 -0.05        1.46999847 -3.1425495   0.33647224
  3.17025755 -2.41730879 -2.01652198 -1.53864993 -2.82817939 -2.02524463
 -3.0725808  -3.07517028 -3.12531575 -3.09471011 -3.07517028 -2.30258509
 -3.08545977 -3.0559607  -2.30258509 -3.07517028 -3.14002202 -2.67068048]
log likelihood =  -4998.91703663
Edge derivatives =  [-49.40592413644939, -13.799100233889918, 6.887984314786932, 16.359861808161472, -20.707724540854226, 16.012448077571143, -27.948769663532957, -28.324247993279364, -30.90211871455892, -29.168382697217577, -28.324247993279364, 1.0714779717000497e-15, -29.02111699790203, -27.480449132966523, 1.1639358968227048e-15, -28.32424799327938, -31.740702943975137, -10.812210086523496]
other derivatives: [-466.14759412  -12.90927685 -323.57747841  -16.00310497  -17.60809027
    0.        ]
Current x array =  [-0.47723922 -0.7349919  -0.45060479  0.8278056  -1.59974936  0.33647224
  0.31996054 -2.35483561 -2.16288499 -1.93168542 -2.55392755 -2.17144882
 -2.67238339 -2.67341817 -2.69756665 -2.68312672 -2.67341817 -2.30258509
 -2.67841495 -2.66436727 -2.30258509 -2.67341817 -2.70463491 -2.47982275]
log likelihood =  -4942.83047338
Edge derivatives =  [-88.31498023489733, -10.976165137066507, 5.27185304048017, 13.424054507566854, -18.49383392839915, 13.745850184904619, -25.124021196944298, -25.640442018288326, -27.727613133403764, -25.527798264731267, -25.64044201828833, -1.9947898255169194e-16, -26.078566374796296, -24.538640391044147, -1.9918674730845787e-16, -25.640442018288336, -28.17732265518669, -9.384974883020547]
other derivatives: [ 171.12988644   28.87045412  175.58995751  -19.24190656  -18.0078132     0.        ]
Current x array =  [-0.81250272 -0.76478043 -0.79704259  0.82114776 -1.72106228  0.33647224
  0.57634663 -2.38664464 -2.1419448  -1.87394014 -2.61500559 -2.12896743
 -2.7551596  -2.75731088 -2.78776185 -2.76861274 -2.75731088 -2.30258509
 -2.7637448  -2.7456173  -2.30258509 -2.75731088 -2.79682271 -2.51487783]
log likelihood =  -4911.45285473
Edge derivatives =  [-43.62229185366592, -12.29928521901783, 5.627582563429076, 14.844901624045166, -19.01662189896431, 14.378263730202772, -25.752388379660488, -26.2290160039737, -28.33408385346768, -26.332126196548526, -26.229016003973697, 6.490379699591181e-16, -26.62735945745678, -25.128683100416524, 6.631919583636842e-16, -26.229016003973715, -28.89501993315087, -9.704792300885373]
other derivatives: [ 72.6205144    8.08886398  53.34450179 -24.69314495  -6.23813321   0.        ]
Current x array =  [-0.73084445 -0.74599606 -0.68874864  0.78484804 -1.63942869  0.33647224
  0.36031354 -2.38358724 -2.14956557 -1.8951822  -2.60083265 -2.13637365
 -2.73472448 -2.73684438 -2.76604529 -2.74742656 -2.73684438 -2.30258509
 -2.74301321 -2.72556334 -2.30258509 -2.73684438 -2.77464733 -2.50466844]
log likelihood =  -4895.53887664
Edge derivatives =  [-21.175490432081325, -12.603309065139571, 4.637828373647089, 13.846932911478925, -18.53337851070144, 13.400056782361897, -24.788113201191443, -25.25389057343569, -27.20577293835197, -25.354292304495928, -25.253890573435683, -3.4801274517108436e-16, -25.504820597901592, -24.051951456354054, -3.3980308663481163e-16, -25.253890573435697, -27.787157896707544, -9.262930774129202]
other derivatives: [-15.92752596  -1.8022547   -7.40028554 -21.45998224   0.22500899   0.        ]
Current x array =  [-0.67222085 -0.73760973 -0.63972395  0.74145257 -1.62574959  0.33647224
  0.25957958 -2.40018188 -2.14340775 -1.87925606 -2.62373195 -2.118195
 -2.76547493 -2.76821699 -2.80004203 -2.7788794  -2.76821699 -2.30258509
 -2.7748705  -2.75553766 -2.30258509 -2.76821699 -2.80935276 -2.51568284]
log likelihood =  -4870.40456433
Edge derivatives =  [-0.5530353297239357, -12.184197926839337, 2.180657114030177, 10.350024732616001, -16.355608483821552, 10.621825560112903, -21.288913724064734, -21.769174647556557, -23.32611314441833, -21.706228757753692, -21.769174647556554, -1.4191451709138928e-16, -21.66965522322616, -20.311473220930452, -1.7064856828842906e-16, -21.769174647556575, -23.895900608786313, -7.2980397935101875]
other derivatives: [-90.90026651 -10.93121682 -74.79311535 -11.44771886  12.28490873   0.        ]
Current x array =  [-0.62997104 -0.72939045 -0.58945237  0.66003933 -1.66356791  0.33647224
  0.18166916 -2.45066698 -2.12048213 -1.81591574 -2.70268579 -2.06043644
 -2.87219004 -2.87680742 -2.91715033 -2.88816135 -2.87680742 -2.30258509
 -2.88490249 -2.85948983 -2.30258509 -2.87680742 -2.92888783 -2.55648063]
log likelihood =  -4826.56525381
Edge derivatives =  [24.932977438325416, -10.59513495959185, -3.267286935256863, 0.7538390125999277, -11.92135414704374, 3.2444619532530194, -13.89531045736197, -14.41607036227273, -15.358406862298581, -13.970141238405295, -14.416070362272734, -1.828271746074754e-15, -13.73925077672296, -12.477658667329646, -1.6981885043379847e-15, -14.416070362272736, -15.87848432861299, -2.723731246400256]
other derivatives: [-121.30385585  -17.84901542 -108.11809261    8.82637323   36.12985893
    0.        ]
Current x array =  [-0.61374165 -0.72031799 -0.56682978  0.5025632  -1.77467898  0.33647224
  0.1055485  -2.57613113 -2.06637833 -1.65808806 -2.90087958 -1.91995005
 -3.13917328 -3.14860588 -3.20980123 -3.16135355 -3.14860588 -2.30258509
 -3.15956043 -3.11880874 -2.30258509 -3.14860588 -3.22768883 -2.65790036]
log likelihood =  -4779.89623981
Edge derivatives =  [9.799714045874337, -8.898019264174575, -8.325209044697505, -11.149924645156394, -7.653553821991951, -6.951037908439153, -6.232292196817023, -6.891605787380869, -7.4644049348871135, -6.156691562301352, -6.891605787380866, -3.463890673517914e-16, -5.846732093945196, -4.583571186161034, -3.3906349455336366e-16, -6.8916057873808745, -7.995206247218465, 1.8952481850963627]
other derivatives: [-107.51464288    3.8532562   -61.2484655    16.31869964   17.00464054
    0.        ]
Current x array =  [-0.61824965 -0.73683267 -0.60680325  0.48699951 -1.67621561  0.33647224
  0.12482863 -2.77842064 -2.04058526 -1.50383466 -3.19753138 -1.7658597
 -3.52095247 -3.5396357  -3.63045118 -3.5493228  -3.5396357  -2.30258509
 -3.54833355 -3.48107119 -2.30258509 -3.5396357  -3.65846999 -2.77888539]
log likelihood =  -4833.46034315
Edge derivatives =  [-0.4860187787676826, -6.654320746638269, -6.062708506233999, -10.528217357113286, -2.6536193630588776, -9.82434219927363, -0.15199244398054237, -0.7345350653727752, -1.408985770519935, -0.04144396760024073, -0.7345350653727722, 6.292598654998318e-16, 0.34859909562396096, 1.5639500117236387, 5.925400270490741e-16, -0.7345350653727728, -1.9656446148255968, 5.245550140864378]
other derivatives: [ 289.50425985 -233.21053959 -285.39134291   -5.24214556   12.7117346     0.        ]
Current x array =  [-0.87677358 -0.53488847 -0.47407263  0.63113709 -1.60474005  0.33647224
  0.14378174 -3.07118854 -2.10790456 -1.49078652 -3.57758276 -1.70971206
 -3.96688839 -4.00262762 -4.13047672 -4.00092822 -4.00262762 -2.30258509
 -3.99850789 -3.89018992 -2.30258509 -4.00262762 -4.17449413 -2.87587592]
log likelihood =  -4773.16099507
Edge derivatives =  [9.208288291809883, -8.23944474455675, -7.506181596682495, -10.515983881449243, -6.130894054206053, -7.218750994665909, -4.413303287132668, -5.059450883540448, -5.629800229995701, -4.339709950539158, -5.059450883540447, -2.0627774299306308e-15, -4.002286264972109, -2.764667032843584, -2.030530953006224e-15, -5.0594508835404515, -6.170333756312996, 2.9027437286493414]
other derivatives: [  21.4065949   -41.87995728 -107.34729585   10.08384061   16.60137059
    0.        ]
Current x array =  [-0.68176319 -0.68721951 -0.57419431  0.52241089 -1.65865566  0.33647224
  0.12948499 -2.85034716 -2.0571241  -1.50062903 -3.29090149 -1.75206549
 -3.63050894 -3.65338245 -3.75329626 -3.66027214 -3.65338245 -2.30258509
 -3.65893131 -3.5815825  -2.30258509 -3.65338245 -3.78524556 -2.80271379]
log likelihood =  -4759.50485254
Edge derivatives =  [-0.8008423127027899, -7.390059818086055, -9.318148956647759, -16.167446147985746, -4.686834124535593, -13.290310092383534, -1.363205951122499, -2.1024040212960364, -2.643813249020893, -1.279815828690269, -2.1024040212960364, 7.36947814745939e-17, -0.9662676786366999, 0.3757082395445877, 1.1437533718825967e-16, -2.102404021296034, -3.2275449044362814, 4.848076007998121]
other derivatives: [ 15.16218617 -18.41790436 -18.07929948   9.01263775  -2.64199116   0.        ]
Current x array =  [-0.6774648  -0.70723854 -0.64891963  0.55892093 -1.5446711   0.33647224
  0.13235748 -2.98594837 -2.06287047 -1.44103181 -3.47775459 -1.68133722
 -3.86238316 -3.89214801 -4.01045027 -3.89524331 -3.89214801 -2.30258509
 -3.89386795 -3.79820312 -2.30258509 -3.89214801 -4.04937748 -2.86570161]
log likelihood =  -4756.59597295
Edge derivatives =  [-2.448330575907706, -6.921571667650905, -7.897381091037423, -13.768653039873062, -3.803233217034, -12.254378870341974, -0.2606198289469134, -1.056335148081796, -1.6144412439318958, -0.24658458179426368, -1.0563351480817955, 5.8317003646187e-16, 0.07440939950958278, 1.446091263187628, 6.019831242447494e-16, -1.056335148081798, -2.2302481600412833, 5.272769596010113]
other derivatives: [ 21.40159268   3.30283001   0.15770638   3.13166311  -5.5268174    0.        ]
Current x array =  [-0.67953929 -0.72840624 -0.66762153  0.60144169 -1.51725711  0.33647224
  0.1350607  -3.05558306 -2.08915878 -1.46033462 -3.56078189 -1.68909021
 -3.95403616 -3.98828074 -4.11489519 -3.98785413 -3.98828074 -2.30258509
 -3.98570923 -3.87973128 -2.30258509 -3.98828074 -4.15791652 -2.87766632]
log likelihood =  -4754.25679154
Edge derivatives =  [-0.381583344562664, -6.247908195416587, -4.504220707134754, -7.0218345287558055, -2.547171535729756, -7.7728977735824145, 0.7678439063495183, -0.026551791038860607, -0.6132998553469473, 0.7678296047592721, -0.0265517910388606, 0.0, 1.0386717777341763, 2.3982290680516987, 0.0, -0.026551791038859015, -1.2230928066651765, 4.891677487036813]
other derivatives: [  7.01766112 -16.04803401  27.0872988   -5.85432645  -3.4583536    0.        ]
Current x array =  [-0.66929301 -0.70503012 -0.69856546  0.65702246 -1.50389463  0.33647224
  0.12791763 -3.15808456 -2.14683049 -1.53082015 -3.66608001 -1.74064418
 -4.05575007 -4.09789751 -4.23564771 -4.09062283 -4.09789751 -2.30258509
 -4.08642477 -3.96408923 -2.30258509 -4.09789751 -4.28544554 -2.87165287]
log likelihood =  -4752.93838978
Edge derivatives =  [2.6078129936440932, -5.830925015009869, -0.9934970457134967, -0.00883549443197204, -1.5445142925708515, -2.0164930397715994, 1.2730689426573016, 0.40244770916253764, -0.20358893888218488, 1.1113503964132818, 0.40244770916253686, -4.4349701334700994e-17, 1.4292652398898769, 2.749414076174618, -4.4375712331731446e-17, 0.4024477091625376, -0.8438515378254142, 4.304308147947936]
other derivatives: [ 10.29111445  18.56215022  11.00434019  -8.03047442  -1.26774466   0.        ]
Current x array =  [-0.66956184 -0.74164784 -0.68336117  0.66794886 -1.50591775  0.33647224
  0.12291326 -3.22510069 -2.19438834 -1.59946467 -3.71777213 -1.80061965
 -4.09085486 -4.13942129 -4.28367456 -4.12604306 -4.13942129 -2.30258509
 -4.11974022 -3.98541531 -2.30258509 -4.13942129 -4.33866087 -2.84693255]
log likelihood =  -4752.30177138
Edge derivatives =  [-0.15479625275851816, -5.7301763178767215, -0.19650668571980912, 1.6335889695256673, -1.3369012864475769, -0.2326206447216232, 1.1744927853385723, 0.32718175956324325, -0.2778205290590235, 1.0062930278675786, 0.32718175956324413, 6.5149859023531205e-15, 1.3164882882460156, 2.581011228527934, 6.477899696677226e-15, 0.32718175956324436, -0.8981257679654302, 3.7123023832488062]
other derivatives: [ 0.01718945  7.90123522  2.40916052 -5.52599886 -0.14742909  0.        ]
Current x array =  [-0.66418879 -0.72941042 -0.67480305  0.65289268 -1.51923415  0.33647224
  0.13343893 -3.24072116 -2.20628877 -1.61879616 -3.71855429 -1.8225821
 -4.07967049 -4.13070645 -4.27614487 -4.11500085 -4.13070645 -2.30258509
 -4.10763759 -3.96963386 -2.30258509 -4.13070645 -4.33292843 -2.82935682]
log likelihood =  -4751.92685318
Edge derivatives =  [-0.49154004562093306, -5.574287457222765, 0.5988354969381294, 3.1768585465661747, -1.1129205243032867, 1.653170203130607, 1.0289883866265523, 0.21475407933274138, -0.37932468532621333, 0.8517586497625435, 0.21475407933274213, 1.8664265231510616e-15, 1.1467510448499285, 2.3266581547822347, 1.865962676992915e-15, 0.21475407933274154, -0.9707985413661001, 2.835482071185209]
other derivatives: [-4.86943463 -2.48501237 -5.66196832 -1.62881406  1.51039785  0.        ]
Current x array =  [-0.66166668 -0.71783356 -0.66701199  0.62700018 -1.53284108  0.33647224
  0.135284   -3.26600034 -2.21896692 -1.63679263 -3.71940007 -1.84628202
 -4.0629569  -4.11801754 -4.26558149 -4.09868742 -4.11801754 -2.30258509
 -4.08966944 -3.94576295 -2.30258509 -4.11801754 -4.32527641 -2.80366585]
log likelihood =  -4751.69595575
Edge derivatives =  [-0.10756798207280738, -5.413019207324735, 0.9087685980836747, 3.6802527791603215, -0.9780990671335565, 2.4999709833302513, 0.9675154287261024, 0.17822128377418783, -0.3989056756118774, 0.7829485117963421, 0.17822128377418706, 4.779866420984729e-15, 1.0605012662570095, 2.169822462493485, 4.776697611735941e-15, 0.1782212837741879, -0.9694113635968817, 2.1391242987137984]
other derivatives: [-3.295645   -4.63887773 -5.24514689  0.89639798  1.78561095  0.        ]
Current x array =  [-0.66252209 -0.71540688 -0.66761441  0.61037408 -1.53551311  0.33647224
  0.13308396 -3.29472871 -2.22612849 -1.64173814 -3.72559024 -1.85699243
 -4.05508055 -4.11429091 -4.26464316 -4.09144392 -4.11429091 -2.30258509
 -4.08086121 -3.93074043 -2.30258509 -4.11429091 -4.32738029 -2.78374247]
log likelihood =  -4751.08469576
Edge derivatives =  [-1.9092530890938728, -4.564498007159558, 0.9516143661134078, 2.6744488827635036, -0.488590603695991, 3.3098731993934414, 1.1009807064352022, 0.4472042871341791, -0.0640789676354574, 0.8671450947262783, 0.44720428713417854, 1.7432235979504578e-15, 1.1084171563877925, 1.8456347648965343, 1.7370721590754365e-15, 0.4472042871341801, -0.5680357496973207, -0.7683860182730349]
other derivatives: [-21.87225618 -10.38242772 -18.25310392   8.41755536  -3.26699592   0.        ]
Current x array =  [-0.65344274 -0.70944249 -0.6552901   0.57033541 -1.51354741  0.33647224
  0.12668198 -3.47491289 -2.24788216 -1.62118837 -3.79299546 -1.86436226
 -4.06115411 -4.1440894  -4.31335918 -4.10208599 -4.1440894  -2.30258509
 -4.08331995 -3.89690349 -2.30258509 -4.1440894  -4.3937685  -2.70435597]
log likelihood =  -4750.33149947
Edge derivatives =  [0.3496195682882544, -4.022357806804661, 1.1843595084412397, 2.546736003150144, -0.298681384693267, 4.2917080348147865, 0.8127025817988967, 0.2915533465906712, -0.12747847844272836, 0.586264145700853, 0.29155334659067167, 7.844323909509749e-16, 0.7366817907119628, 1.1303242667362332, 7.919346887024176e-16, 0.2915533465906723, -0.5513602963019038, -3.4142119334819583]
other derivatives: [ 0.97306838 -7.84384611 -2.15495675  9.8014425  -2.58478394  0.        ]
Current x array =  [-0.66527481 -0.71225695 -0.67094964  0.55824336 -1.51377967  0.33647224
  0.12010569 -3.59617225 -2.26303926 -1.61324959 -3.81539089 -1.87619123
 -4.02808355 -4.12874808 -4.31010279 -4.07229816 -4.12874808 -2.30258509
 -4.0470258  -3.8351843  -2.30258509 -4.12874808 -4.40345555 -2.63736238]
log likelihood =  -4749.79940034
Edge derivatives =  [0.943653313418342, -3.654888151771632, 0.6365423112249329, 0.7186978147143553, -0.3226869903797307, 3.2106374771814896, 0.7567498187404114, 0.3346156584184328, -0.025738875447323274, 0.537503982327785, 0.33461565841843116, -2.212621115116625e-15, 0.6462157309721968, 0.7961222842980016, -2.183480957501812e-15, 0.33461565841843127, -0.41211891150435265, -4.728629727614406]
other derivatives: [ 6.07451511 -2.22116796  4.08381311  7.11679604 -3.67172106  0.        ]
Current x array =  [-0.66803859 -0.71880667 -0.67671158  0.57583841 -1.50398011  0.33647224
  0.11768381 -3.69227173 -2.26514253 -1.58661656 -3.84215544 -1.86045915
 -4.02056586 -4.13444673 -4.32588926 -4.06772148 -4.13444673 -2.30258509
 -4.03790334 -3.80730483 -2.30258509 -4.13444673 -4.42904091 -2.60548389]
log likelihood =  -4749.19761004
Edge derivatives =  [1.7819342862881038, -3.1047067112119806, -0.11344619288316032, -2.032222723555153, -0.40036989999659595, 1.04886812240185, 0.6499379083589332, 0.4089808400839178, 0.14014833709012983, 0.45624305389456415, 0.408980840083918, -4.080287094627584e-15, 0.5067817318223793, 0.23420413024798664, -4.1271023019192835e-15, 0.4089808400839184, -0.18568020239440527, -6.16640357319496]
other derivatives: [ 4.38558345  3.18132152  6.36391633  0.9098585  -3.11983968  0.        ]
Current x array =  [-0.66709602 -0.72564075 -0.67789695  0.61423419 -1.50202829  0.33647224
  0.11862699 -3.85320191 -2.26805112 -1.54690925 -3.88608047 -1.82950868
 -4.00776189 -4.14338196 -4.35163199 -4.06015286 -4.14338196 -2.30258509
 -4.02294719 -3.76292699 -2.30258509 -4.14338196 -4.47121528 -2.57125702]
log likelihood =  -4748.78069246
Edge derivatives =  [-0.08363972890381952, -2.5808005250061794, 0.04792190541576852, -2.386612604979648, -0.2348243249360592, -0.38664198794722143, 0.6759328301839246, 0.6009141001024292, 0.40909952744578043, 0.5073669577127727, 0.600914100102428, 2.018774735832626e-16, 0.5172217224067857, -0.1464647858096763, 1.6804545392310785e-16, 0.6009141001024293, 0.14094752821832476, -5.93079778010323]
other derivatives: [ 19.45618351  -1.54186637  -3.55348675  -2.90438038  -1.59143383   0.        ]
Current x array =  [-0.67518256 -0.72089484 -0.66734828  0.63766102 -1.51110217  0.33647224
  0.13128083 -4.03221777 -2.27897956 -1.5335938  -3.94266314 -1.80602363
 -4.00533788 -4.16309361 -4.38973307 -4.06374618 -4.16309361 -2.30258509
 -4.01922172 -3.73220542 -2.30258509 -4.16309361 -4.52716156 -2.57420728]
log likelihood =  -4748.239677
Edge derivatives =  [-2.1344614576725633, -2.0629391112342046, 0.25569142459806976, -2.370991072820805, -0.19431446496869137, -2.0976195826151725, 0.36454952883225844, 0.549548188173096, 0.49252415858451537, 0.266612432657586, 0.5495481881730954, -7.863535737019595e-16, 0.18410817869095825, -1.0557394604327128, -7.592501026835754e-16, 0.5495481881730961, 0.32781265893068967, -5.3441397819512995]
other derivatives: [-0.39626684  1.53268047 -1.63399818 -5.54964572  2.56541171  0.        ]
Current x array =  [-0.66433385 -0.72508169 -0.66856355  0.65178254 -1.54036511  0.33647224
  0.14689848 -4.24858777 -2.2900447  -1.52610502 -3.99244779 -1.78188778
 -3.97345085 -4.15854246 -4.40679533 -4.03959744 -4.15854246 -2.30258509
 -3.98580484 -3.66850957 -2.30258509 -4.15854246 -4.56662425 -2.58723015]
log likelihood =  -4747.91353497
Edge derivatives =  [-3.2304498217365105, -1.8185286157735934, 0.8523079966250949, -0.9354075939972717, -0.02579219466154435, -2.15196781403197, 0.22771291756385864, 0.5373742993732494, 0.5516156269591448, 0.16611377596911056, 0.5373742993732487, 8.990072007821601e-17, 0.036307371216864275, -1.4654508855637882, 5.612513380649981e-17, 0.5373742993732502, 0.4481473789173195, -4.09091603175755]
other derivatives: [-3.90027708 -0.43974069 -4.2483407  -3.67954271  4.50218067  0.        ]
Current x array =  [-0.66238584 -0.72293964 -0.66617189  0.6388115  -1.55577111  0.33647224
  0.1533971  -4.3708367  -2.29932723 -1.53906024 -4.02219406 -1.779178
 -3.9581546  -4.15718654 -4.4172166  -4.0287277  -4.15718654 -2.30258509
 -3.97029694 -3.64061258 -2.30258509 -4.15718654 -4.58947564 -2.61611886]
log likelihood =  -4747.41633999
Edge derivatives =  [-2.3087840431150237, -1.4318734889837579, 1.1346448847544721, -0.26759758642904913, 0.1867085650460636, -2.9348976912025853, -0.001434303879283623, 0.5311020503670075, 0.6887257148491526, 0.03344380674159006, 0.5311020503670059, -5.139504794600366e-16, -0.19362460410085183, -2.0372624256592164, -4.908115571000496e-16, 0.531102050367006, 0.7009143806320665, -1.0170003773148333]
other derivatives: [-7.08641892 -9.25374479  1.50139385 -0.64828782  3.41051418  0.        ]
Current x array =  [-0.66054949 -0.71294491 -0.67263598  0.62063451 -1.54773822  0.33647224
  0.14501969 -4.6119473  -2.3034763  -1.54766642 -4.0815232  -1.76952635
 -3.93621748 -4.15949607 -4.44186378 -4.01558335 -4.15949607 -2.30258509
 -3.9494396  -3.60517336 -2.30258509 -4.15949607 -4.63789122 -2.69397243]
log likelihood =  -4747.50384652
Edge derivatives =  [1.7965380611367419, -1.095622935901254, 2.031931395803488, 1.9409638940833818, 0.5910385252092266, -1.0711694510875205, -0.319874122187848, 0.3896466743843405, 0.7230270679963814, -0.2682660820210213, 0.3896466743843391, 6.211816293607567e-16, -0.5716098292984663, -2.7337171042037776, 5.882857206999796e-16, 0.38964667438433714, 0.86775908865365, 2.1428929524702554]
other derivatives: [  3.52165443  17.29749783 -12.96348273   4.46616468   2.33076207   0.        ]
Current x array =  [-0.66575374 -0.74201332 -0.6588732   0.58830653 -1.53810187  0.33647224
  0.12775352 -4.88124179 -2.30650714 -1.56935198 -4.13470074 -1.78521087
 -3.89398455 -4.14177067 -4.44722471 -3.98270742 -4.14177067 -2.30258509
 -3.90883919 -3.55728938 -2.30258509 -4.14177067 -4.66953158 -2.77357631]
log likelihood =  -4747.23262382
Edge derivatives =  [-0.4559245175669381, -1.2698349494063779, 1.540397810270349, 0.7371071388937841, 0.37181812034619965, -2.088308790795902, -0.14155652773440797, 0.4683463012122986, 0.7048618034059922, -0.10054984994570315, 0.46834630121229703, -9.504764295921856e-16, -0.36016311463092554, -2.34475884012418, -1.0083097643275813e-15, 0.4683463012122992, 0.776247445882176, 0.4350432894283137]
other derivatives: [-2.28537829  3.00060492 -4.95601853  1.63136065  2.93812263  0.        ]
Current x array =  [-0.66288458 -0.72598761 -0.66646076  0.60612927 -1.54341449  0.33647224
  0.13727254 -4.73277702 -2.30483621 -1.55739651 -4.10538343 -1.77656383
 -3.91726799 -4.15154286 -4.44426918 -4.00083225 -4.15154286 -2.30258509
 -3.9312226  -3.5836883  -2.30258509 -4.15154286 -4.65208793 -2.72968989]
log likelihood =  -4747.12913551
Edge derivatives =  [0.5775700138335329, -1.203950535163969, 1.3428852013553478, 0.31463570295590143, 0.41840056422877814, -1.8137666106484847, -0.20749535686090106, 0.4379840927675964, 0.7110408001954126, -0.14316291806786519, 0.43798409276759503, 1.846382549767853e-16, -0.4259661147834667, -2.3979451434061474, 1.9232308938364922e-16, 0.43798409276759587, 0.8123611125106354, 0.9619445687423221]
other derivatives: [ 0.39326551  0.67166184 -0.46620698  1.91694198  0.98452801  0.        ]
Current x array =  [-0.66426639 -0.72312993 -0.67121577  0.60579004 -1.52856796  0.33647224
  0.12947044 -4.78921156 -2.30062503 -1.55532122 -4.1166628  -1.78074504
 -3.91170853 -4.14965817 -4.44664923 -3.9970729  -4.14965817 -2.30258509
 -3.92647237 -3.58128997 -2.30258509 -4.14965817 -4.65953651 -2.74489572]
log likelihood =  -4747.04821723
Edge derivatives =  [1.1367460458521697, -1.1508286310997737, 1.0659184247343014, -0.20324198651891134, 0.4654448235063834, -1.078868398409471, -0.2687534856746484, 0.38760308979323793, 0.6896914899559197, -0.19264761288985538, 0.38760308979323704, 3.519153612565169e-16, -0.4848978318681351, -2.3606435071944483, 3.425398038844264e-16, 0.3876030897932364, 0.8182202071107827, 1.159396991150427]
other derivatives: [ 2.09065547 -0.04774847  1.99661372  1.25946826 -0.87429726  0.        ]
Current x array =  [-0.66514276 -0.72213479 -0.67385923  0.61158478 -1.51450827  0.33647224
  0.12416576 -4.8374264  -2.29350467 -1.55258442 -4.1232837  -1.7901482
 -3.90612327 -4.14518265 -4.44470039 -3.99268267 -4.14518265 -2.30258509
 -3.92207435 -3.58431852 -2.30258509 -4.14518265 -4.66133662 -2.75098433]
log likelihood =  -4746.93905233
Edge derivatives =  [1.186807747546772, -1.0656538558154172, 0.7568260091518528, -0.5885359465289922, 0.5594769263936185, 0.38649739674212846, -0.36972136250636733, 0.2935546980545246, 0.6350170279464898, -0.28328289195652023, 0.2935546980545237, 5.082244107242704e-16, -0.5768155050426848, -2.248525427823592, 5.647326885678971e-16, 0.29355469805452417, 0.8076164834117632, 1.0790302699368035]
other derivatives: [ 1.71830834 -0.94187271  2.20516085  0.28576324 -2.33621904  0.        ]
Current x array =  [-0.66492336 -0.72100461 -0.67417768  0.61931008 -1.50352126  0.33647224
  0.12149064 -4.91689912 -2.28237564 -1.55239512 -4.1317803  -1.8079457
 -3.89630203 -4.13567883 -4.43829769 -3.98442176 -4.13567883 -2.30258509
 -3.91442269 -3.59192195 -2.30258509 -4.13567883 -4.66050046 -2.74931632]
log likelihood =  -4746.8556455
Edge derivatives =  [0.9436566664930107, -0.869317848973671, 0.23601496078419382, -0.4946007232469081, 0.6828969206789696, 2.4191978401337364, -0.6080109289094416, 0.04235910109503909, 0.47466786820713885, -0.48356477056029923, 0.04235910109503971, 6.960564072211705e-16, -0.7556692453580484, -1.7435916729902228, 7.583612637571807e-16, 0.04235910109504119, 0.7528505136980459, 0.8769161626396382]
other derivatives: [ 15.90105967   2.72275429  13.61759132  -2.73394107  -0.24110705   0.        ]
Current x array =  [-0.67224698 -0.72500941 -0.68570372  0.63522838 -1.51254725  0.33647224
  0.12724506 -5.11469936 -2.25260462 -1.56147952 -4.1452182  -1.83174893
 -3.87438811 -4.10931663 -4.41626075 -3.96563736 -4.10931663 -2.30258509
 -3.89932948 -3.62475637 -2.30258509 -4.10931663 -4.65008351 -2.74404438]
log likelihood =  -4746.65192231
Edge derivatives =  [0.4256703121630071, -0.8147515207211898, 0.0494793231971532, -0.4040292795849065, 0.7655887142123569, 3.46862024038951, -0.6331665945059196, -0.01545467293235003, 0.43087710405599433, -0.5134574329819557, -0.015454672932349693, 6.508116843749239e-16, -0.7453327281544561, -1.4206442102154424, 6.025175569771454e-16, -0.015454672932349416, 0.7399012007740456, 0.875169930235075]
other derivatives: [ 4.20559445 -0.66802386  4.70363375 -2.26100383 -1.27447493  0.        ]
Current x array =  [-0.66602485 -0.72121589 -0.67663289  0.63452082 -1.50749315  0.33647224
  0.12646006 -5.18300055 -2.2407837  -1.56727761 -4.15061686 -1.84454669
 -3.87153896 -4.10278233 -4.41024967 -3.96355517 -4.10278233 -2.30258509
 -3.89941893 -3.64632911 -2.30258509 -4.10278233 -4.64736521 -2.74414908]
log likelihood =  -4746.53134228
Edge derivatives =  [-0.41307257829305954, -0.7530607995900509, -0.028214714108708627, 0.002919277673145074, 0.7912482498711302, 3.54782658620274, -0.6312483647435165, -0.050897908713026505, 0.40462272856828924, -0.5117395838891106, -0.050897908713027296, 8.857536474804214e-17, -0.6924371309622654, -1.0307357726750093, 1.3291772542675002e-16, -0.05089790871302667, 0.738104238752962, 0.845571270777632]
other derivatives: [-1.41990313 -1.68738552 -1.24146027 -2.04454409 -0.13624231  0.        ]
Current x array =  [-0.66304372 -0.7202359  -0.6705055   0.63292061 -1.51674769  0.33647224
  0.13121923 -5.26046523 -2.22928409 -1.57504061 -4.15656464 -1.84423966
 -3.87131072 -4.09794296 -4.4054586  -3.96404945 -4.09794296 -2.30258509
 -3.9025346  -3.67238993 -2.30258509 -4.09794296 -4.64572338 -2.74288076]
log likelihood =  -4746.41641556
Edge derivatives =  [-1.1664403714758904, -0.6714411113611667, -0.23990087307095653, 0.4529454815911953, 0.7799511686385383, 3.137477833996761, -0.6301793990064937, -0.11668033593493528, 0.3538995464956719, -0.5045827763331733, -0.11668033593493604, 1.4715699201623262e-17, -0.6088863899120259, -0.4264802298928666, 7.348872829558114e-18, -0.11668033593493632, 0.7219996792372871, 0.8292590067678068]
other derivatives: [-5.18639354 -1.10503606 -3.60278136 -1.62581273  1.58906914  0.        ]
Current x array =  [-0.66104237 -0.72104828 -0.66797107  0.62920505 -1.52990914  0.33647224
  0.13670859 -5.37240217 -2.21045623 -1.58557988 -4.16218246 -1.83773819
 -3.87186681 -4.08991071 -4.39623571 -3.9653822  -4.08991071 -2.30258509
 -3.90835399 -3.71456285 -2.30258509 -4.08991071 -4.6401848  -2.74212242]
log likelihood =  -4746.29835377
Edge derivatives =  [-1.375656045429809, -0.5803107425761829, -0.693503419978778, 0.5507193424152893, 0.7183735158700353, 1.8198778058609424, -0.6081661253824933, -0.19279978858826705, 0.2887310188736408, -0.4736677044636099, -0.19279978858826943, 1.5587565787883508e-15, -0.47554601604424235, 0.32921818062472963, 1.4565244830662369e-15, -0.19279978858826988, 0.6945064555374035, 0.7191628317023316]
other derivatives: [ 1.46164894 -2.99687599 -6.82211976 -0.65147105  1.99152055  0.        ]
Current x array =  [-0.66465912 -0.71913434 -0.66453096  0.62272675 -1.53421103  0.33647224
  0.13824966 -5.51661694 -2.18579735 -1.59379144 -4.1665515  -1.82012769
 -3.87508683 -4.08034778 -4.38347195 -3.96914302 -4.08034778 -2.30258509
 -3.91817379 -3.76998792 -2.30258509 -4.08034778 -4.63075511 -2.73879402]
log likelihood =  -4746.27576019
Edge derivatives =  [-1.1521357466857711, -0.453711829384993, -1.6131084826902122, 0.2556044440368177, 0.5708396490612966, -0.41011925741065347, -0.6761839204433213, -0.37480697889848824, 0.15934592295601818, -0.5042616388947071, -0.37480697889849124, 5.141854392503907e-15, -0.38914143465846956, 1.221829864757462, 5.124423677740999e-15, -0.3748069788984899, 0.6410584014495523, 0.6895605126522351]
other derivatives: [-11.29092198   3.82706276   4.47935236   0.73314368   1.3225872    0.        ]
Current x array =  [-0.65806741 -0.72679947 -0.6756438   0.61480496 -1.53231291  0.33647224
  0.13478764 -5.76461265 -2.14973551 -1.60307469 -4.17709597 -1.7937937
 -3.87369543 -4.06266826 -4.36308734 -3.9694914  -4.06266826 -2.30258509
 -3.92630143 -3.84218817 -2.30258509 -4.06266826 -4.61788766 -2.73981186]
log likelihood =  -4746.19336996
Edge derivatives =  [-0.5660275032654394, -0.49884443137993856, -1.290519998493072, 0.17145735930971373, 0.598971633590512, -0.04975275096297127, -0.6250878577223623, -0.291102479831612, 0.2118934269865368, -0.4703635483064895, -0.2911024798316147, -9.598037088391459e-16, -0.39674117909522294, 0.889930696513031, -1.0677406038065203e-15, -0.2911024798316137, 0.6552909344652794, 0.6297845065909526]
other derivatives: [-0.51622919  0.21736923 -0.07803465  0.41354724  0.62145773  0.        ]
Current x array =  [-0.66371797 -0.72269001 -0.67111622  0.61698754 -1.52584173  0.33647224
  0.13218984 -5.67012743 -2.16504016 -1.59658058 -4.17096252 -1.79809145
 -3.87682626 -4.07065134 -4.37057051 -3.97150607 -4.07065134 -2.30258509
 -3.92542834 -3.81459194 -2.30258509 -4.07065134 -4.62114869 -2.73747939]
log likelihood =  -4746.18297523
Edge derivatives =  [-0.20971665778970588, -0.5056979117942058, -1.2401944034216288, 0.07062173440953816, 0.5951319910738373, -0.09798618853664415, -0.6152750791375954, -0.2764689592533801, 0.2190161477583366, -0.4634732390504798, -0.27646895925338266, 1.176483986638269e-15, -0.40021812742158824, 0.8055612421109406, 1.2208620223723216e-15, -0.2764689592533833, 0.6537879147739506, 0.5858054143150022]
other derivatives: [ 1.02654667 -0.08849383 -0.07421477  0.3693458   0.07321432  0.        ]
Current x array =  [-0.66454166 -0.72230417 -0.67115574  0.61760997 -1.5215741   0.33647224
  0.13000203 -5.65732499 -2.16904693 -1.59420819 -4.16958614 -1.79779943
 -3.87774849 -4.07226268 -4.37168266 -3.97212931 -4.07226268 -2.30258509
 -3.92535872 -3.80791034 -2.30258509 -4.07226268 -4.62121932 -2.73634668]
log likelihood =  -4746.16166904
Edge derivatives =  [0.44219747984441266, -0.5042878933356619, -1.1419749533086823, -0.043865323775051514, 0.5805772526754301, -0.2865197886175571, -0.5925900656263504, -0.26211438108770957, 0.2153257221145893, -0.4450408162985422, -0.2621143810877109, 3.227699699967863e-15, -0.3914997307855509, 0.7161713554567922, 3.268142611635219e-15, -0.2621143810877098, 0.6379562253469832, 0.4171166877485804]
other derivatives: [ 2.111301   -0.53578333  0.40608938  0.18580977 -0.69794623  0.        ]
Current x array =  [-0.66511547 -0.72174129 -0.67168737  0.61921341 -1.51521661  0.33647224
  0.12634609 -5.66136693 -2.17560933 -1.59111869 -4.1671607  -1.79608965
 -3.8804046  -4.0739063  -4.37116458 -3.97410419 -4.0739063  -2.30258509
 -3.92668782 -3.80105162 -2.30258509 -4.0739063  -4.61873692 -2.73206433]
log likelihood =  -4746.11288903
Edge derivatives =  [1.198968127281073, -0.4798976870269989, -0.8624704269144825, -0.07435483451238047, 0.5593793367590312, -0.5250948943086775, -0.5249680354860586, -0.24665515937121846, 0.18112985054252645, -0.3927277046210926, -0.24665515937121943, 3.046807274303494e-17, -0.34588382822788827, 0.6169645148505434, -8.471338730128666e-17, -0.24665515937122018, 0.5810240774837262, -0.019194180005843997]
other derivatives: [ 3.58977559  0.77170625  0.36170604 -0.44256012 -1.65555321  0.        ]
Current x array =  [-0.66588536 -0.72310391 -0.67165944  0.62372036 -1.5070987   0.33647224
  0.12237693 -5.71236804 -2.18921215 -1.58672721 -4.16148947 -1.79376826
 -3.88753301 -4.075258   -4.36563841 -3.97945434 -4.075258   -2.30258509
 -3.93149812 -3.79333675 -2.30258509 -4.075258   -4.60857369 -2.72056439]
log likelihood =  -4746.07545178
Edge derivatives =  [1.512294799085831, -0.40354747148143094, -0.23090669683930948, -0.10404537851636879, 0.4996460263233859, -1.0485817763855196, -0.36496303333635355, -0.22956034474117748, 0.052656169352767804, -0.24145411916882703, -0.2295603447411824, -9.652552271830442e-17, -0.21553543110194165, 0.4624523208509266, -1.0389506318373714e-16, -0.22956034474118217, 0.4068544167473611, -1.2375941254840253]
other derivatives: [ 1.18780008 -9.24055712  4.95865606 -1.58925104 -2.63626134  0.        ]
Current x array =  [-0.66463266 -0.71208167 -0.67649741  0.63148307 -1.49805865  0.33647224
  0.11923585 -5.88692278 -2.22272664 -1.57876347 -4.14597004 -1.79040558
 -3.90890901 -4.07748911 -4.34739608 -3.99579528 -4.07748911 -2.30258509
 -3.94755915 -3.78352165 -2.30258509 -4.07748911 -4.57740676 -2.69111833]
log likelihood =  -4745.97997014
Edge derivatives =  [1.431723629471402, -0.36973232631628117, -0.007635809327566745, 0.19423901289016846, 0.5061525883480221, -0.942459558055435, -0.28982983240564786, -0.23600932475936584, 0.0045502030675582394, -0.1921530226636282, -0.2360093247593701, 1.3250791666116168e-15, -0.14451058753864876, 0.5612043624150597, 1.406211840295142e-15, -0.2360093247593709, 0.34739328306574013, -1.4485726789089146]
other derivatives: [ 2.25300028 -1.11085683  1.88256308 -1.74677552 -2.24417818  0.        ]
Current x array =  [-0.6651605  -0.72094695 -0.67323263  0.63215866 -1.50106439  0.33647224
  0.121041   -5.97360771 -2.22794097 -1.57919066 -4.14243968 -1.79037307
 -3.91467343 -4.07533483 -4.33867368 -4.00022339 -4.07533483 -2.30258509
 -3.95293698 -3.78992817 -2.30258509 -4.07533483 -4.56569529 -2.68448184]
log likelihood =  -4745.92239542
Edge derivatives =  [0.5552960292569825, -0.3293211423878617, 0.2100600254387267, 0.5448584693346572, 0.5183286057463177, -0.6702550648021495, -0.21187212519091742, -0.251117210243044, -0.06510004391544019, -0.1308773387524342, -0.2511172102430484, -1.8853109321126434e-15, -0.0632137881642591, 0.6991428888372875, -1.9083598797359076e-15, -0.2511172102430508, 0.27020323065560065, -1.6611624114306216]
other derivatives: [ 0.76561264  2.1206688   0.10131771 -1.62090146 -1.06074367  0.        ]
Current x array =  [-0.66435589 -0.72460641 -0.67134803  0.63058614 -1.51038888  0.33647224
  0.1264844  -6.08730091 -2.2331297  -1.58086013 -4.13795653 -1.79275791
 -3.92221031 -4.07255945 -4.32748069 -4.00606019 -4.07255945 -2.30258509
 -3.9601714  -3.80015529 -2.30258509 -4.07255945 -4.55063073 -2.67849581]
log likelihood =  -4745.87415135
Edge derivatives =  [-0.2843483238972023, -0.2833896146399785, 0.44437681191433087, 0.7363403832605998, 0.5243537420854211, -0.3297713531597556, -0.1109600846429447, -0.2621883825227105, -0.15770571466242683, -0.0448601804649109, -0.26218838252271554, 1.3550462793189654e-15, 0.03020612195685577, 0.7821790443971945, 1.332910506869599e-15, -0.262188382522715, 0.16074913447924843, -1.8623359508081654]
other derivatives: [-0.25065674  2.70256351  0.13869794 -1.06283551  0.15734258  0.        ]
Current x array =  [-0.6638213  -0.72530857 -0.67138123  0.62612391 -1.52005445  0.33647224
  0.13155946 -6.23506567 -2.24273746 -1.57969212 -4.13007214 -1.79655342
 -3.9331753  -4.07043485 -4.3133678  -4.0143932  -4.07043485 -2.30258509
 -3.96962397 -3.8066223  -2.30258509 -4.07043485 -4.5299453  -2.67330947]
log likelihood =  -4745.87431421
Edge derivatives =  [-0.4004532102774784, -0.23011042357775285, 0.573033189846057, 0.1015465163888775, 0.4860232633280096, -0.050807845488948344, 0.06888832377189741, -0.22679516249995332, -0.2765424880235514, 0.0991534612090791, -0.22679516249996012, 3.026732804576376e-15, 0.16654494721462193, 0.6587847074629762, 3.1226948130112033e-15, -0.22679516249995932, -0.020499269641743447, -1.6193624484394573]
other derivatives: [-10.02817953  -0.54096745 -10.68474376   1.00326361  -0.16862032   0.        ]
Current x array =  [-0.65886595 -0.72181411 -0.66077425  0.61424143 -1.52102665  0.33647224
  0.1305273  -6.44476192 -2.26054198 -1.56642797 -4.1107551  -1.80016569
 -3.95244473 -4.07234424 -4.29518577 -4.02850805 -4.07234424 -2.30258509
 -3.98356598 -3.79707957 -2.30258509 -4.07234424 -4.49704957 -2.67933188]
log likelihood =  -4745.84414646
Edge derivatives =  [-0.34052448303706306, -0.25538685622522733, 0.5102745518874808, 0.42316957668646005, 0.5055697850173756, -0.18935858842031827, -0.020516003527151376, -0.2444466210334693, -0.21669575959480725, 0.027403138986861447, -0.24444662103347692, -6.549887572988912e-17, 0.09866162251202089, 0.7208053287137821, -6.616601380310089e-17, -0.24444662103347678, 0.07111092031253664, -1.740463726095426]
other derivatives: [ -5.11354301e+00   1.08730092e+00  -5.22877599e+00  -3.08318704e-02
  -4.36557457e-03   0.00000000e+00]
Current x array =  [-0.661346   -0.72356302 -0.66608282  0.62018836 -1.52054008  0.33647224
  0.13104387 -6.33981339 -2.25163119 -1.57306639 -4.12042287 -1.79835783
 -3.94280079 -4.07138863 -4.30428549 -4.02144387 -4.07138863 -2.30258509
 -3.9765883  -3.80185551 -2.30258509 -4.07138863 -4.51351319 -2.67631779]
log likelihood =  -4745.79707436
Edge derivatives =  [-0.4972568001983072, -0.20998108386137668, 0.5018496069514897, 0.16819644552222088, 0.47458588773162014, -0.22083628920905002, 0.07810257723189848, -0.2670540483025455, -0.32915028223309667, 0.11918605388152277, -0.2670540483025547, 3.6037869244471e-17, 0.19588757125679349, 0.8345931484731804, 6.176371373914968e-17, -0.2670540483025531, -0.06085988082861346, -1.6400841225750475]
other derivatives: [-2.35586413  0.0343789  -2.4379915   1.15433068  0.63209882  0.        ]
Current x array =  [-0.66283711 -0.7223944  -0.66890139  0.61184432 -1.52586931  0.33647224
  0.13239738 -6.5335174  -2.25657728 -1.56834205 -4.11059438 -1.79828788
 -3.95487659 -4.06844422 -4.28757701 -4.03055205 -4.06844422 -2.30258509
 -3.9872366  -3.81128066 -2.30258509 -4.06844422 -4.48899261 -2.67924725]
log likelihood =  -4745.76149735
Edge derivatives =  [-0.19875524962857427, -0.18823284280383693, 0.3992406375342945, -0.2955613474981349, 0.43647252957092714, -0.2035586086368274, 0.14245063106794487, -0.2602049938033201, -0.382363950877119, 0.1768616626344866, -0.2602049938033286, 3.4415867983428176e-15, 0.24056010883072373, 0.7887008964028482, 3.3858628155230405e-15, -0.26020499380332907, -0.14247043102511017, -1.238680785970707]
other derivatives: [-0.83100531 -0.6524715  -0.64392225  1.66628524  0.54478733  0.        ]
Current x array =  [-0.66365646 -0.72158423 -0.67077023  0.60841111 -1.52521872  0.33647224
  0.1309942  -6.64249258 -2.25952107 -1.56204983 -4.10117002 -1.79911807
 -3.96262123 -4.06912394 -4.27971621 -4.03605369 -4.06912394 -2.30258509
 -3.99281657 -3.80815224 -2.30258509 -4.06912394 -4.47426561 -2.68987364]
log likelihood =  -4745.71659424
Edge derivatives =  [0.2868174166228855, -0.16530782384397077, 0.2349929126510663, -0.9912971575776227, 0.37233883050121463, -0.06646624849425048, 0.22741806299155665, -0.22635233963587859, -0.4287845938914012, 0.24834859566378595, -0.22635233963588405, -3.633749903373046e-15, 0.2792938707878993, 0.6015825923217567, -3.725939670127758e-15, -0.2263523396358877, -0.24625668623128585, -0.366154023501732]
other derivatives: [ 0.71677277 -0.86520231  1.06128937  1.52731445  0.15952537  0.        ]
Current x array =  [-0.66445345 -0.72123578 -0.67259487  0.60930312 -1.5216334   0.33647224
  0.12864976 -6.77255755 -2.26289979 -1.55313137 -4.08497566 -1.80186922
 -3.9724272  -4.07283095 -4.27273384 -4.04251932 -4.07283095 -2.30258509
 -3.99847461 -3.79425309 -2.30258509 -4.07283095 -4.456056   -2.71297066]
log likelihood =  -4745.68870012
Edge derivatives =  [0.09725241982405544, -0.15216215559835317, 0.2653704445055869, -0.9291725831868228, 0.33833186996862163, 0.11132454329798674, 0.274936397408382, -0.18829472666844205, -0.43800972269994143, 0.28160388697769745, -0.188294726668447, 1.6392510482613952e-16, 0.2895200942916071, 0.4297704040143257, 1.266905009139148e-16, -0.18829472666844807, -0.3059957429233543, 0.2773880520662411]
other derivatives: [ 2.64208211 -0.95315045  0.2917659   0.44683475  0.16088961  0.        ]
Current x array =  [-0.66541721 -0.72104927 -0.67184766  0.61607623 -1.52049084  0.33647224
  0.12985801 -6.85525562 -2.2636703  -1.55392666 -4.07182635 -1.80464807
 -3.97734548 -4.07673441 -4.27097587 -4.04512188 -4.07673441 -2.30258509
 -4.00035287 -3.78131969 -2.30258509 -4.07673441 -4.44575256 -2.72997474]
log likelihood =  -4745.74915607
Edge derivatives =  [-0.4904268251955747, -0.13283107984735812, 0.24922979913907672, -0.7507585131688874, 0.2300029776004471, 0.041750375842650955, 0.308692161571948, -0.14492672695395226, -0.45372721484977424, 0.3012557305974797, -0.14492672695395978, -2.866292697578683e-15, 0.2660984536196471, 0.11694070948943949, -2.842413870791105e-15, -0.14492672695395928, -0.4059631695074224, 1.1373459893774651]
other derivatives: [-13.5440132    1.79970812   6.60538717  -1.0551048   -0.41573003   0.        ]
Current x array =  [-0.65684259 -0.7239325  -0.67846708  0.62659779 -1.51615524  0.33647224
  0.13026563 -6.99395011 -2.26228809 -1.55931434 -4.04970104 -1.80686279
 -3.98322836 -4.08334168 -4.27011603 -4.04743434 -4.08334168 -2.30258509
 -4.00159843 -3.75981646 -2.30258509 -4.08334168 -4.43105189 -2.75487486]
log likelihood =  -4745.6809878
Edge derivatives =  [-0.0501718556465722, -0.1470457173775077, 0.2612710303662098, -0.8840622593992974, 0.3114519648530155, 0.09387529055271054, 0.28346169478568695, -0.17735268665763843, -0.4419680406898358, 0.28652086603847193, -0.17735268665764606, 3.6980035234888704e-16, 0.28362292191276206, 0.35171165619564587, 4.0671991445376125e-16, -0.1773526866576454, -0.3309969710265232, 0.49576345224982177]
other derivatives: [-1.39134499 -0.25820555  1.89393177  0.0682121   0.0167347   0.        ]
Current x array =  [-0.66325856 -0.72177512 -0.67351409  0.61872502 -1.51939936  0.33647224
  0.12996063 -6.89017183 -2.26332233 -1.555283   -4.06625632 -1.80520562
 -3.97882649 -4.07839779 -4.27075941 -4.04570404 -4.07839779 -2.30258509
 -4.00066644 -3.77590627 -2.30258509 -4.07839779 -4.44205168 -2.73624332]
log likelihood =  -4745.67184965
Edge derivatives =  [-0.253303019657385, -0.1448560286883822, 0.3502741558478426, -0.5435290088118032, 0.3064543065001817, 0.14219517467347081, 0.2867398080534263, -0.15722212522375947, -0.4263714022708707, 0.2817593694697239, -0.15722212522376477, 5.422734662852669e-15, 0.27313657760600313, 0.2754660468606408, 5.453411519936239e-15, -0.157222125223765, -0.33552827936953467, 0.6695536610483515]
other derivatives: [-0.4971298   0.08212737  0.39681254 -0.69367161  0.04556568  0.        ]
Current x array =  [-0.66369285 -0.7221138  -0.6719882   0.62356595 -1.51894524  0.33647224
  0.13112276 -6.90520292 -2.26220748 -1.55982349 -4.06151802 -1.80591581
 -3.97859397 -4.08039321 -4.27271242 -4.04490726 -4.08039321 -2.30258509
 -3.99955345 -3.77003461 -2.30258509 -4.08039321 -4.44133314 -2.74067986]
log likelihood =  -4745.66361296
Edge derivatives =  [-0.277205213394993, -0.14268441066230136, 0.4141770412015632, -0.20940437543625542, 0.30007705882853364, 0.09455008173093882, 0.28009670376672224, -0.14416868858508555, -0.41052566597136375, 0.26904910731180537, -0.14416868858509063, 2.6451320954989136e-15, 0.2592646341654339, 0.23236878501053665, 2.710108090551887e-15, -0.1441686885850901, -0.33455425284171286, 0.6949147097196592]
other derivatives: [-0.27512215  0.32323442 -0.32441676 -0.90449248  0.04192771  0.        ]
Current x array =  [-0.66379091 -0.72234913 -0.67126324  0.62490676 -1.51856825  0.33647224
  0.1312613  -6.92041936 -2.25989451 -1.56486468 -4.05778676 -1.80556846
 -3.97749184 -4.08178209 -4.27485475 -4.04349614 -4.08178209 -2.30258509
 -3.99810438 -3.76671819 -2.30258509 -4.08178209 -4.44164459 -2.74124722]
log likelihood =  -4745.63876094
Edge derivatives =  [-0.20636345128777375, -0.13141424247017156, 0.5264719512875932, 0.7472542102458727, 0.25965995016503596, -0.1459279105426829, 0.254101411165585, -0.10205753407784543, -0.36078161053397567, 0.22257234666976095, -0.10205753407784973, 1.4790755338841953e-16, 0.20962813602869404, 0.09766987159959717, 1.4072577268286752e-16, -0.10205753407784912, -0.34126090145688953, 0.6803361682669947]
other derivatives: [ 0.10131771  0.4120011  -1.44345904 -0.90758476 -0.04074536  0.        ]
Current x array =  [-0.66396748 -0.72235738 -0.67016543  0.62490303 -1.51736721  0.33647224
  0.1306703  -7.0030789  -2.24952367 -1.58117112 -4.04253983 -1.80383827
 -3.97375906 -4.08653421 -4.28177609 -4.03845121 -4.08653421 -2.30258509
 -3.99328361 -3.75656612 -2.30258509 -4.08653421 -4.44114127 -2.74071912]
log likelihood =  -4745.61303603
Edge derivatives =  [0.009911093436610174, -0.11327924993194922, 0.3794325504204387, 1.1207019093245127, 0.17922867724641806, -0.23947713859768222, 0.2418809072624975, -0.05246118114343557, -0.31455951269961163, 0.18055803456967753, -0.05246118114343891, 2.4219622917930244e-15, 0.16446380132518051, -0.04075947639064216, 2.4323243801336926e-15, -0.05246118114343978, -0.3724449071484092, 0.5477453186738674]
other derivatives: [ 0.62627805  2.25491021 -1.86364559 -0.38780854 -0.07003109  0.        ]
Current x array =  [-0.66427874 -0.72439299 -0.66969603  0.62142816 -1.51722794  0.33647224
  0.12962387 -7.15160136 -2.23543462 -1.59124881 -4.02037361 -1.80401912
 -3.97091049 -4.09211935 -4.28808758 -4.03353718 -4.09211935 -2.30258509
 -3.98905409 -3.74597465 -2.30258509 -4.09211935 -4.4366632  -2.73688453]
log likelihood =  -4745.61087714
Edge derivatives =  [0.07157337302603345, -0.08654197403489668, -0.24379466669417216, 1.5316914252079785, -0.030204447795814354, -0.4667811779917833, 0.12642715351171252, 0.05278194746763127, -0.16945975474236072, 0.027873800329765032, 0.052781947467633546, 1.3995319641991147e-16, -0.008352383793579922, -0.4029952103022137, 1.3648370179165524e-16, 0.052781947467634156, -0.3764701260916141, 0.07896930096489452]
other derivatives: [-0.06657501 -5.6384124  -0.32805474 -0.23273969 -0.14479156  0.        ]
Current x array =  [-0.66403138 -0.7157625  -0.67114807  0.62018228 -1.51600294  0.33647224
  0.12835756 -7.42097384 -2.19870077 -1.61239617 -3.97333846 -1.80570198
 -3.9579012  -4.10575184 -4.31051271 -4.01746864 -4.10575184 -2.30258509
 -3.9742502  -3.72047008 -2.30258509 -4.10575184 -4.43831874 -2.72535356]
log likelihood =  -4745.59345861
Edge derivatives =  [0.04011714257941565, -0.09866325991315299, 0.06806264021446146, 1.3386871274459973, 0.07442165614968238, -0.35515806878394707, 0.18291518912628596, 0.001805112559187326, -0.2396113192681236, 0.10258723071328835, 0.0018051125591872358, 7.580390834768431e-16, 0.07616092390783225, -0.22528332591773798, 7.678633852342024e-16, 0.0018051125591858619, -0.37455437730674646, 0.30820037535579226]
other derivatives: [ 0.27439455 -1.767512   -1.07675078 -0.30859155 -0.10604708  0.        ]
Current x array =  [-0.66415181 -0.7199644  -0.67044112  0.62078886 -1.51659935  0.33647224
  0.12897409 -7.28982532 -2.21658526 -1.60210022 -3.99623831 -1.80488265
 -3.96423499 -4.09911463 -4.29959466 -4.02529188 -4.09911463 -2.30258509
 -3.98145772 -3.73288741 -2.30258509 -4.09911463 -4.43751271 -2.7309676 ]
log likelihood =  -4745.57615069
Edge derivatives =  [0.13077609704850468, -0.0864768131103872, -0.27772390734636115, 0.8547928925211179, -0.000997773822652745, -0.24636466998158757, 0.1872839498276368, 0.02182360645123172, -0.228743188444035, 0.0897256088890726, 0.021823606451233206, -7.12425979407605e-15, 0.06581177723741555, -0.24607771896482916, -7.048547267374398e-15, 0.021823606451232595, -0.40987140008938205, 0.07932967462461471]
other derivatives: [ 0.29604053  0.0775799  -0.20218067  0.41791282  0.00927685  0.        ]
Current x array =  [-0.66424333 -0.7220951  -0.67121732  0.61593481 -1.5183151   0.33647224
  0.12869052 -7.42119551 -2.20777534 -1.59873472 -3.9811878  -1.80687673
 -3.9637872  -4.10145324 -4.30101284 -4.02351739 -4.10145324 -2.30258509
 -3.98069516 -3.73108803 -2.30258509 -4.10145324 -4.43200212 -2.72474442]
log likelihood =  -4745.56825071
Edge derivatives =  [0.08874581617007968, -0.08040692229731759, -0.5268592499308459, 0.22363134058423564, -0.04235865364081699, -0.07837101867029739, 0.1921847767191917, 0.025072973705364397, -0.23066170901912006, 0.09120192472586339, 0.025072973705364633, 1.3486113238851153e-15, 0.07129679043136566, -0.22004563519872822, 1.3290917721676493e-15, 0.02507297370536475, -0.42732503646319686, -0.0524535891944239]
other derivatives: [-0.57261786  0.1628905  -0.22564564  0.66211214  0.08503775  0.        ]
Current x array =  [-0.66384789 -0.72229016 -0.67111407  0.61433752 -1.51952231  0.33647224
  0.1289405  -7.49373525 -2.20607132 -1.59095217 -3.97443722 -1.80913744
 -3.96409761 -4.10185417 -4.30074712 -4.02348446 -4.10185417 -2.30258509
 -3.98135993 -3.73291028 -2.30258509 -4.10185417 -4.42919781 -2.72126173]
log likelihood =  -4745.57506127
Edge derivatives =  [-0.1353748651560857, -0.07420939761917508, -0.7294099020132071, -0.35060655186225476, -0.09239162114751123, 0.13856572256462807, 0.16340164677266342, 0.026363807804928842, -0.205320554685478, 0.0685349620080492, 0.026363807804930132, 5.572042244538251e-16, 0.050230702969210624, -0.1809837898179586, 6.225991061693418e-16, 0.02636380780493139, -0.41229565059342177, -0.28161819521161596]
other derivatives: [ 3.53975338  1.04500941  4.74055923 -0.16170816  0.36297934  0.        ]
Current x array =  [-0.66602922 -0.72331923 -0.67602667  0.61888824 -1.5207576   0.33647224
  0.13075305 -7.57263407 -2.20608814 -1.58351545 -3.96615205 -1.81242659
 -3.96097294 -4.10271572 -4.30471383 -4.02095901 -4.10271572 -2.30258509
 -3.9798312  -3.73583133 -2.30258509 -4.10271572 -4.43182977 -2.71543326]
log likelihood =  -4745.56535108
Edge derivatives =  [0.009969800763204667, -0.07816153855522946, -0.5983456317491883, 0.021634421229112927, -0.05994943132992469, -0.001513071620680817, 0.18204633871133644, 0.02554431727210097, -0.2216859794836514, 0.08321689499229998, 0.025544317272103323, 3.239734272851953e-15, 0.06387658478609409, -0.20621585693570665, 3.2409869522457663e-15, 0.02554431727210399, -0.42200663439444036, -0.13315355583887845]
other derivatives: [ 0.8832103   0.47421054  1.53422661  0.37125574  0.18308128  0.        ]
Current x array =  [-0.66461809 -0.72265351 -0.67284865  0.61594432 -1.51995847  0.33647224
  0.12958049 -7.52159341 -2.20607726 -1.58832636 -3.97151183 -1.8102988
 -3.96299433 -4.10215837 -4.30214771 -4.02259276 -4.10215837 -2.30258509
 -3.98082016 -3.73394167 -2.30258509 -4.10215837 -4.43012712 -2.71920377]
log likelihood =  -4745.56121549
Edge derivatives =  [-0.0867623418899923, -0.07613976663456892, -0.673612215560123, -0.2768010599668418, -0.0740909704118402, 0.10328604602586333, 0.1742963943718669, 0.024853192078911956, -0.21508934465858148, 0.07752352357623023, 0.024853192078912824, -9.930291155513911e-16, 0.06332220415740485, -0.1767014077242251, -1.0843364303620651e-15, 0.024853192078914718, -0.41552653620488694, -0.21614278163685063]
other derivatives: [ 0.15270416  0.16443664  1.01454134  0.20118023  0.21336746  0.        ]
Current x array =  [-0.66425424 -0.72236617 -0.67227699  0.61706523 -1.52033175  0.33647224
  0.13007825 -7.54776912 -2.20720364 -1.58401976 -3.96935603 -1.81161701
 -3.96207092 -4.10210893 -4.30316326 -4.02202766 -4.10210893 -2.30258509
 -3.98065795 -3.73606451 -2.30258509 -4.10210893 -4.43121567 -2.71700172]
log likelihood =  -4745.55486003
Edge derivatives =  [-0.1826570723443725, -0.07283907204785539, -0.6830217357111765, -0.4923283597940918, -0.0953310089974089, 0.20960811611128022, 0.15000782148615682, 0.027560465173203243, -0.19058734784133707, 0.05734920185573886, 0.027560465173204263, 2.8882752026979368e-15, 0.05272920148520018, -0.13943313525091874, 2.8426565511452526e-15, 0.02756046517320504, -0.392117696011234, -0.317633490883579]
other derivatives: [-0.45265551 -0.08367351  0.21655069 -0.22473614  0.19299478  0.        ]
Current x array =  [-0.66394473 -0.72213305 -0.67142504  0.61983396 -1.52004587  0.33647224
  0.13060707 -7.59215056 -2.21016084 -1.58031213 -3.96490276 -1.81313829
 -3.95920858 -4.10251412 -4.30676558 -4.02003697 -4.10251412 -2.30258509
 -3.97932925 -3.7387294  -2.30258509 -4.10251412 -4.43511186 -2.71427473]
log likelihood =  -4745.54575918
Edge derivatives =  [-0.1968041841846158, -0.06745562257101455, -0.5820974525259976, -0.5764520874739869, -0.12455381794791037, 0.2850883059257483, 0.10323354684552348, 0.03299746642669217, -0.14260157941343307, 0.018889462718231866, 0.032997466426693746, 1.0598118553350728e-17, 0.03198690439370672, -0.07588474245910014, 1.629821600621436e-17, 0.03299746642669325, -0.3446294050019278, -0.4514258504772856]
other derivatives: [-0.08112693 -0.29658622 -0.91704351 -0.64510459  0.08985808  0.        ]
Current x array =  [-0.66414529 -0.72191111 -0.67025586  0.62257769 -1.51896282  0.33647224
  0.13077359 -7.66901543 -2.21640173 -1.57737098 -3.95729784 -1.81450984
 -3.95371165 -4.10326497 -4.31368087 -4.01622845 -4.10326497 -2.30258509
 -3.97664462 -3.74322102 -2.30258509 -4.10326497 -4.44288698 -2.71061381]
log likelihood =  -4745.54509492
Edge derivatives =  [-0.46382112775481155, -0.05766801492711028, -0.22275445159522578, -0.29049101709699776, -0.1975711038543594, 0.2395682048488082, -0.013565205867488682, 0.04097084737355659, -0.0388870963114438, -0.07419342805471088, 0.04097084737355608, 2.5951485677678915e-15, -0.029899343537493173, 0.01828696619365191, 2.6857092618220456e-15, 0.04097084737355652, -0.24239989951176708, -0.6383043306192239]
other derivatives: [-6.37828634  0.62154868  0.53705662 -1.4330908  -0.2325578   0.        ]
Current x array =  [-0.66079817 -0.72287524 -0.67177312  0.62803469 -1.51637668  0.33647224
  0.13116161 -7.8269125  -2.23064782 -1.57784405 -3.94098142 -1.81581787
 -3.94146972 -4.10537779 -4.32954526 -4.0076469  -4.10537779 -2.30258509
 -3.97018021 -3.75055412 -2.30258509 -4.10537779 -4.46061155 -2.70612455]
log likelihood =  -4745.53979648
Edge derivatives =  [-0.3345449756406429, -0.06222717085062049, -0.3961257370379071, -0.4292391210134819, -0.16179316730139368, 0.2616246539029508, 0.04334932169999745, 0.037098207716708825, -0.08900903249510728, -0.02892760751662617, 0.03709820771671215, -7.515097218757582e-16, 0.00019536408681865292, -0.027345789261023212, -7.088235097447643e-16, 0.03709820771671243, -0.2917711703345732, -0.5474953258983266]
other derivatives: [-3.31338015  0.17635102 -0.16789272 -1.05055733 -0.07548806  0.        ]
Current x array =  [-0.66242271 -0.72240729 -0.67103671  0.6253861  -1.51763187  0.33647224
  0.13097328 -7.75027623 -2.2237334  -1.57761444 -3.94890069 -1.81518301
 -3.94741142 -4.10435232 -4.32184539 -4.01181201 -4.10435232 -2.30258509
 -3.97331775 -3.74699496 -2.30258509 -4.10435232 -4.45200883 -2.70830344]
log likelihood =  -4745.52987677
Edge derivatives =  [-0.15454586034958898, -0.056426357828073564, -0.16932588702468376, -0.2068529704722433, -0.19205840810938168, 0.22616782473192681, -0.009534870628735627, 0.046455469919510425, -0.03177384517637298, -0.0721986168288226, 0.04645546991951176, 7.580611307919511e-16, -0.023579465005390956, 0.03195747372313805, 6.897751196770598e-16, 0.04645546991951292, -0.2379407726072957, -0.6125747841474867]
other derivatives: [-1.07147571  0.25565896 -1.10239853 -1.03427737 -0.2152774   0.        ]
Current x array =  [-0.66359666 -0.72244484 -0.67012389  0.62522838 -1.51617745  0.33647224
  0.13027788 -7.84805794 -2.23148372 -1.57824937 -3.93926216 -1.81535673
 -3.94117916 -4.10547911 -4.32997459 -4.00744744 -4.10547911 -2.30258509
 -3.97015319 -3.7510962  -2.30258509 -4.10547911 -4.46073836 -2.70635777]
log likelihood =  -4745.52235618
Edge derivatives =  [0.053864796232965195, -0.05214471427639197, 0.06337685510721425, 0.06543671277772121, -0.21196716216825823, 0.11896108921960913, -0.047392244919802665, 0.04989845440074352, 0.0068845229875717055, -0.09878876081481434, 0.04989845440074604, -8.350474086971597e-17, -0.03665582894063228, 0.08072394156896193, 1.3429584796368941e-17, 0.04989845440074576, -0.1979589221143971, -0.582924971991874]
other derivatives: [ 0.32869139  0.33651304 -0.91285983 -0.57652869 -0.31723175  0.        ]
Current x array =  [-0.66432768 -0.72246083 -0.67038928  0.62225108 -1.51534213  0.33647224
  0.12925687 -7.92687663 -2.23906088 -1.57968782 -3.93253088 -1.8146113
 -3.93703567 -4.10600249 -4.33544707 -4.00481844 -4.10600249 -2.30258509
 -3.96834993 -3.75460645 -2.30258509 -4.10600249 -4.46712289 -2.70706456]
log likelihood =  -4745.51766005
Edge derivatives =  [0.1657320246773882, -0.049435411242358174, 0.20956974098029124, 0.14335168270810908, -0.22097875563160366, 0.029124671382603884, -0.06566958440447286, 0.0451459497111485, 0.02234877132464187, -0.10374410715505031, 0.04514594971115163, 1.6046366543518825e-15, -0.03472765103633339, 0.12666208838543164, 1.624278838064908e-15, 0.04514594971115166, -0.17288680159092934, -0.48248980792023455]
other derivatives: [ 0.54806151  0.02082743 -0.18362698  0.018008   -0.27139322  0.        ]
Current x array =  [-0.66444336 -0.72207101 -0.67119766  0.61834703 -1.51589077  0.33647224
  0.12869767 -7.97996695 -2.24563095 -1.5788259  -3.92985713 -1.81381749
 -3.93541905 -4.10558593 -4.33758344 -4.00437277 -4.10558593 -2.30258509
 -3.96829458 -3.75807541 -2.30258509 -4.10558593 -4.47093403 -2.7097674 ]
log likelihood =  -4745.51476538
Edge derivatives =  [0.13909152782621287, -0.047602072241948935, 0.25128831645695804, 0.11807175503855981, -0.22702665372156633, -0.010510604192672135, -0.0685022806582581, 0.04147323541280275, 0.02836409706675188, -0.09788614110512284, 0.04147323541280709, 4.205628773353494e-16, -0.027968977787665397, 0.14629027172324527, 3.883312548772561e-16, 0.041473235412805905, -0.15737524676364584, -0.33479007843261827]
other derivatives: [ 0.37907739  0.49531081  0.10395524  0.31250238 -0.07930794  0.        ]
Current x array =  [-0.66435056 -0.7225958  -0.67150481  0.61629715 -1.51749572  0.33647224
  0.12905576 -8.01734891 -2.24832476 -1.577507   -3.92891628 -1.81329494
 -3.93518357 -4.10512238 -4.33825662 -4.00486353 -4.10512238 -2.30258509
 -3.96870999 -3.75948605 -2.30258509 -4.10512238 -4.47315745 -2.71357399]
log likelihood =  -4745.51321305
Edge derivatives =  [-0.11271435180122738, -0.044101474260052995, 0.25297500010387636, -0.01460424777005263, -0.24413290498943202, -0.09966014515342997, -0.08298109374080181, 0.03271752170164596, 0.04036872328116919, -0.08746380348389854, 0.03271752170164728, 8.677026491582907e-16, -0.023625343220742296, 0.15653705428670128, 9.22243169770117e-16, 0.032717521701647476, -0.12100159637154242, -0.017302461633122074]
other derivatives: [-0.3858986  -1.90893843  0.98116288  0.44874469  0.32296157  0.        ]
Current x array =  [-0.66394662 -0.71996073 -0.67242227  0.61511943 -1.52050717  0.33647224
  0.13044794 -8.09296341 -2.25116108 -1.57510817 -3.92750492 -1.81247782
 -3.93466321 -4.1043447  -4.34011636 -4.00586574 -4.1043447  -2.30258509
 -3.96916828 -3.76061338 -2.30258509 -4.1043447  -4.4786944  -2.7222276 ]
log likelihood =  -4745.50983642
Edge derivatives =  [-0.11846763726263237, -0.04408407388137774, 0.22024512743592445, -0.036623820934965676, -0.24197345043102148, -0.06267094525513722, -0.07375600118324371, 0.03447418067820906, 0.03988306009159941, -0.08231699076778709, 0.03447418067820858, 6.604877837448949e-15, -0.019703566085753303, 0.14753405074024495, 6.6217248891002e-15, 0.034474180678208774, -0.1213448546722058, 0.02142731149169258]
other derivatives: [-0.2237357  -0.19363142  0.4461981   0.32350727  0.34569894  0.        ]
Current x array =  [-0.66402554 -0.72186389 -0.6718473   0.61590439 -1.5207047   0.33647224
  0.13069248 -8.09334844 -2.24952308 -1.57496641 -3.92797514 -1.81262446
 -3.93510499 -4.10433328 -4.33980968 -4.00622437 -4.10433328 -2.30258509
 -3.96928651 -3.7596831  -2.30258509 -4.10433328 -4.4785742  -2.7229873 ]
log likelihood =  -4745.50841733
Edge derivatives =  [-0.15997243404026015, -0.04360310831211434, 0.18286445320177813, -0.0633867320990599, -0.24303689202738665, -0.04213673142089197, -0.07127664209720226, 0.03552382541871199, 0.04321445766764579, -0.07936156244368037, 0.0355238254187139, 2.389739189199452e-15, -0.01961115810892491, 0.1336008977900663, 2.4603343991199983e-15, 0.035523825418712754, -0.11448560281949896, 0.08022297003690601]
other derivatives: [-0.1373337   0.28067006 -0.01591616  0.11523298  0.35288394  0.        ]
Current x array =  [-0.66406559 -0.72239684 -0.67135544  0.6172548  -1.52066708  0.33647224
  0.13098134 -8.1043495  -2.24785949 -1.57499116 -3.92805425 -1.81275089
 -3.9351575  -4.1043624  -4.34022785 -4.00642607 -4.1043624  -2.30258509
 -3.9691502  -3.75854572 -2.30258509 -4.1043624  -4.4796884  -2.72442486]
log likelihood =  -4745.50672946
Edge derivatives =  [-0.18881096333770442, -0.04228035136871638, 0.13348961231652967, -0.10659480240555566, -0.24631037111539686, -0.025273581198763606, -0.07235847470080123, 0.03532290197377345, 0.05167108665588222, -0.07535427815566062, 0.035322901973776515, 4.424524841375827e-15, -0.0210831306945421, 0.11322120193118357, 4.366112205268911e-15, 0.035322901973775814, -0.0962429076182889, 0.18731796962596833]
other derivatives: [ 0.08258212  0.44192348 -0.34651748 -0.1628905   0.29849616  0.        ]
Current x array =  [-0.66417454 -0.722576   -0.67100699  0.61909058 -1.52011095  0.33647224
  0.13112198 -8.13527865 -2.2458931  -1.57500194 -3.92790873 -1.81292059
 -3.93494861 -4.10431793 -4.34145456 -4.00673328 -4.10431793 -2.30258509
 -3.96885216 -3.75697353 -2.30258509 -4.10431793 -4.48269963 -2.72719163]
log likelihood =  -4745.50437491
Edge derivatives =  [-0.09312449586311466, -0.04011648500319522, 0.07927869397806536, -0.14917325655576927, -0.2451131611166002, -0.012578215467139664, -0.0721150967839332, 0.032208088319988344, 0.06156540859101796, -0.06600882978653591, 0.032208088319990426, 8.975360629881993e-16, -0.02020972036372538, 0.08643091598772219, 9.037959926541455e-16, 0.03220808831999083, -0.0673927217949773, 0.31910297322880543]
other derivatives: [-0.10577423  0.3346031  -0.86984073 -0.22746462  0.07094059  0.        ]
Current x array =  [-0.66407068 -0.72243662 -0.67049592  0.61974861 -1.51842759  0.33647224
  0.13036564 -8.18830396 -2.24367257 -1.57527189 -3.92844853 -1.81309759
 -3.93498499 -4.10396715 -4.34293331 -4.00762542 -4.10396715 -2.30258509
 -3.96872676 -3.75493826 -2.30258509 -4.10396715 -4.48752202 -2.73066794]
log likelihood =  -4745.504309
Edge derivatives =  [0.07300933977028681, -0.036416249284323236, -0.11169349241193849, -0.29177875455444136, -0.23389941095117198, 0.058641159415841304, -0.06404416559802942, 0.01997713650111102, 0.07225321660809382, -0.03742495211396299, 0.01997713650111175, 1.840851051920312e-15, -0.02083323239523426, 0.00648940200347372, 1.8756318427621942e-15, 0.019977136501110278, -0.010331128435251136, 0.5176933223156333]
other derivatives: [ 1.24837243  0.72113835  1.47820174 -0.69767339 -0.32423486  0.        ]
Current x array =  [-0.66475346 -0.72280393 -0.6728865   0.62295974 -1.51496851  0.33647224
  0.12914614 -8.28567542 -2.23632611 -1.57605534 -3.93257986 -1.81406331
 -3.93623512 -4.10294734 -4.34484653 -4.01040674 -4.10294734 -2.30258509
 -3.96881505 -3.74908173 -2.30258509 -4.10294734 -4.49738582 -2.73614306]
log likelihood =  -4745.50261749
Edge derivatives =  [-0.009321769754679798, -0.038204746119555266, -0.01670261006424678, -0.22107098871615036, -0.23943709116530396, 0.023376507254737444, -0.06804138970325722, 0.026042906139255945, 0.06696215102383336, -0.051578726617054704, 0.026042906139256722, 2.996942684104895e-16, -0.020517557891798228, 0.04616677675396043, 2.3849531326427506e-16, 0.026042906139257374, -0.03852956557148284, 0.41943647009464746]
other derivatives: [ 0.57816578  0.53005351  0.31723175 -0.46520654 -0.1279659   0.        ]
Current x array =  [-0.66441518 -0.72262195 -0.67170212  0.62136883 -1.51668226  0.33647224
  0.12975033 -8.23743404 -2.23996581 -1.57566719 -3.93053305 -1.81358486
 -3.93561576 -4.10345259 -4.34389865 -4.00902877 -4.10345259 -2.30258509
 -3.96877131 -3.75198327 -2.30258509 -4.10345259 -4.49249893 -2.73343048]
log likelihood =  -4745.50038071
Edge derivatives =  [0.14426525558179948, -0.035547102075806594, 0.0036317919647740893, -0.1696018428021127, -0.2379905916505928, 0.02259760056246307, -0.07824362970098087, 0.021769565465241447, 0.08413063311130706, -0.049812750949046164, 0.0217695654652428, 1.5541387498335374e-15, -0.023541704809466702, 0.03560468237811818, 1.4769373060385334e-15, 0.021769565465242315, -0.00015644325315137403, 0.45599347956578784]
other derivatives: [-0.31295713  0.12878445  0.04511094 -0.27612259 -0.41136445  0.        ]
Current x array =  [-0.66394311 -0.72214097 -0.6714797   0.62046762 -1.51472794  0.33647224
  0.12851902 -8.31015876 -2.24021532 -1.57660497 -3.93021549 -1.81381189
 -3.93469056 -4.10308915 -4.34659091 -4.00931519 -4.10308915 -2.30258509
 -3.96823607 -3.75119735 -2.30258509 -4.10308915 -4.49916546 -2.73446123]
log likelihood =  -4745.49841128
Edge derivatives =  [0.32841576052710547, -0.033244802232826956, 0.029767833084979878, -0.11591635661743804, -0.22397858404785637, 0.04291303672984903, -0.07894465945802617, 0.01588023196310888, 0.09436786986734291, -0.03918102438370864, 0.01588023196310924, 5.492642758207829e-16, -0.019259403414016954, 0.02975213398101899, 5.630065427180864e-16, 0.015880231963108726, 0.03517528072178393, 0.45644050744506426]
other derivatives: [ 0.71895556 -0.48985385 -0.20045263  0.07203198 -0.52423275  0.        ]
Current x array =  [-0.66448857 -0.7214268  -0.67127499  0.61830802 -1.51391737  0.33647224
  0.127529   -8.37719042 -2.24060265 -1.5772542  -3.93169794 -1.81401915
 -3.93466487 -4.10234467 -4.34810048 -4.01035708 -4.10234467 -2.30258509
 -3.96830189 -3.75060783 -2.30258509 -4.10234467 -4.50516486 -2.73440823]
log likelihood =  -4745.49531949
Edge derivatives =  [0.3957345365449025, -0.03097980423393843, 0.016705636345793418, -0.04929486245310098, -0.20184012160429415, 0.09442664158006764, -0.07427079942022943, 0.006676122854030922, 0.09913675737014861, -0.02391666680310478, 0.0066761228540305265, -5.671069822559727e-16, -0.016190807354427347, 0.003802287790518666, -5.834007197723312e-16, 0.006676122854030277, 0.07259574456645917, 0.33971645118797067]
other derivatives: [-0.61600076 -0.71158865  0.2491106   0.38144208 -0.6258233   0.        ]
Current x array =  [-0.66378239 -0.72116981 -0.67176735  0.61650634 -1.51343106  0.33647224
  0.1268248  -8.44809984 -2.23892064 -1.57883488 -3.93560418 -1.81460479
 -3.93541114 -4.10137633 -4.34911848 -4.01205036 -4.10137633 -2.30258509
 -3.96846497 -3.74861694 -2.30258509 -4.10137633 -4.51202725 -2.73135349]
log likelihood =  -4745.49151371
Edge derivatives =  [0.3514398018892848, -0.02904248872641461, -0.020556888118748173, 0.009651846730121965, -0.17039166921626053, 0.1668925117009526, -0.05752218833657523, -0.0025013002916609156, 0.09700933202086041, 0.000856623273970937, -0.0025013002916607907, 6.681525003645929e-16, -0.006696612656650426, -0.0291836569209096, 7.336883389046936e-16, -0.0025013002916620675, 0.106372488665611, 0.2078289989270589]
other derivatives: [-0.61190804 -0.58962542  0.51468305  0.57907528 -0.45247361  0.        ]
Current x array =  [-0.66377942 -0.72132304 -0.67202973  0.61512594 -1.5148314   0.33647224
  0.12717536 -8.51239882 -2.23593313 -1.58028258 -3.94150442 -1.81504766
 -3.93720604 -4.10015923 -4.34893701 -4.01452955 -4.10015923 -2.30258509
 -3.96910739 -3.74592283 -2.30258509 -4.10015923 -4.51816431 -2.72771201]
log likelihood =  -4745.4860372
Edge derivatives =  [0.011890535431628768, -0.02472038285712185, -0.1155462575069493, 0.12215905155526548, -0.11446112292630066, 0.13758696914879137, -0.02159669135114361, -0.020716120847165072, 0.09199387279929294, 0.054376340910037256, -0.020716120847165505, 3.66566556283062e-16, 0.012741022312573451, -0.11194263416891242, 3.609529972965931e-16, -0.02071612084716357, 0.18328450814895542, 0.0016231235732901972]
other derivatives: [-0.43437467 -1.27856765  0.07257768  0.16061676  0.01100489  0.        ]
Current x array =  [-0.66385644 -0.72065117 -0.67149152  0.61752012 -1.51804659  0.33647224
  0.12933412 -8.67286234 -2.22884246 -1.58322078 -3.95546046 -1.81355878
 -3.94137652 -4.09757187 -4.34845392 -4.01997225 -4.09757187 -2.30258509
 -3.97031695 -3.73941141 -2.30258509 -4.09757187 -4.53220108 -2.72193579]
log likelihood =  -4745.48403969
Edge derivatives =  [-0.057979311655481564, -0.023370108476282667, -0.08469835379173307, 0.1807793094578901, -0.10354130866591252, 0.009261918104461475, -0.01158481129932374, -0.022938866319717012, 0.0913257398589447, 0.061865257634248376, -0.022938866319718757, -1.9112141289975457e-15, 0.017558061831584634, -0.11143629295513835, -1.920979047567642e-15, -0.022938866319718, 0.2004226405959846, -0.049898785233964835]
other derivatives: [-0.05593392  0.23283064  0.12769306  0.22528184  0.12996679  0.        ]
Current x array =  [-0.66405474 -0.72234559 -0.67150846  0.61702593 -1.51914216  0.33647224
  0.12990654 -8.72877821 -2.22922637 -1.58335725 -3.95941453 -1.81151263
 -3.94221637 -4.0970577  -4.34814851 -4.02073497 -4.0970577  -2.30258509
 -3.97038253 -3.73916102 -2.30258509 -4.0970577  -4.53526909 -2.7203199 ]
log likelihood =  -4745.48335601
Edge derivatives =  [-0.07191442603093631, -0.02305585737662842, -0.06884349927189437, 0.17164188326793672, -0.105984986966348, -0.06747563474696894, -0.011797056471598642, -0.02215997954586627, 0.09093788819797907, 0.05952450719352375, -0.02215997954586631, -5.16975775350661e-17, 0.017085207660687676, -0.10382837306786394, -3.695152108858721e-17, -0.022159979545867806, 0.2009950121948081, -0.0292993229441873]
other derivatives: [ 0.19281288  0.32850949 -0.01982698  0.10959411  0.13642421  0.        ]
Current x array =  [-0.6641856  -0.72246002 -0.6713438   0.61774994 -1.51912839  0.33647224
  0.13005914 -8.74227805 -2.23011919 -1.58284025 -3.95999059 -1.81049181
 -3.94221194 -4.09708729 -4.3480173  -4.02052761 -4.09708729 -2.30258509
 -3.97026982 -3.73971086 -2.30258509 -4.09708729 -4.53531059 -2.72082756]
log likelihood =  -4745.48179567
Edge derivatives =  [-0.08823392718396281, -0.022003570170685334, -0.019931781478796484, 0.11715794509458982, -0.10879188997732661, -0.274121861030664, -0.012346190609730662, -0.021311031534041604, 0.08662126683914594, 0.05161455653064902, -0.02131103153404069, -4.489889670210566e-16, 0.014929693087715044, -0.07491484770389817, -4.57472794189589e-16, -0.021311031534042905, 0.20126513464079937, 0.0022303360507450187]
other derivatives: [ 0.42391548  0.32105163 -0.14033503 -0.12178134  0.13069439  0.        ]
Current x array =  [-0.66430707 -0.72247339 -0.67119483  0.61922452 -1.51898696  0.33647224
  0.1302734  -8.78895555 -2.23342202 -1.58085317 -3.96256768 -1.80776745
 -3.94235052 -4.09709642 -4.34727143 -4.01989578 -4.09709642 -2.30258509
 -3.96998094 -3.74188665 -2.30258509 -4.09709642 -4.53525199 -2.72165388]
log likelihood =  -4745.4795513
Edge derivatives =  [-0.08348818727940316, -0.020339083323306743, 0.01197903608031392, -0.003687634166281018, -0.08887167915000731, -0.3241306175227629, -0.0043467125717803895, -0.023155529061695376, 0.07459128959773495, 0.04744478352590336, -0.023155529061697336, 3.078431080459282e-16, 0.01411510964841084, -0.04033216689490232, 2.5412108773610486e-16, -0.02315552906169604, 0.20318335678930524, 0.0061468252217656005]
other derivatives: [ 0.37853169  0.31586751 -0.17807906 -0.23674147  0.10559233  0.        ]
Current x array =  [-0.66427898 -0.72248203 -0.67115205  0.62001146 -1.51879982  0.33647224
  0.13030397 -8.86763979 -2.23692539 -1.57789666 -3.96856455 -1.80674031
 -3.94329259 -4.09679947 -4.34549648 -4.01965502 -4.09679947 -2.30258509
 -3.96985611 -3.74445082 -2.30258509 -4.09679947 -4.53554574 -2.72177013]
log likelihood =  -4745.47577487
Edge derivatives =  [-0.2221953034748507, -0.017817812176624998, 0.1596666312801906, -0.03357196446925835, 0.004104749040059308, -0.16876218273036153, 0.0251161748510254, -0.02292703495707083, 0.0233896471714728, 0.02734070978332904, -0.02292703495707199, -1.0103034168567964e-16, 0.00543743258958037, 0.047741607616204884, -1.7476155041656954e-17, -0.022927034957073475, 0.1695604538745389, -0.0474138896512773]
other derivatives: [ 0.80999598  0.14879333  0.22346285 -0.35688572  0.05784386  0.        ]
Current x array =  [-0.6644794  -0.72227678 -0.67161486  0.62093673 -1.51857707  0.33647224
  0.13082811 -9.         -2.24479136 -1.57440039 -3.98735355 -1.80744371
 -3.94629866 -4.09668911 -4.33814903 -4.01804781 -4.09668911 -2.30258509
 -3.9693698  -3.75109592 -2.30258509 -4.09668911 -4.52955998 -2.72049563]
log likelihood =  -4745.48366708
Edge derivatives =  [0.2900422154506471, -0.017820740174994115, 0.23796822745912483, -0.09618435458176781, 0.06101631676353536, 0.08229816766652198, 0.04942857570491832, -0.01339775353371156, -0.016802230813133215, 0.009159099756577825, -0.01339775353371198, -1.2766459564818954e-15, 0.009092951922073648, 0.11773359464567143, -1.2929031647750261e-15, -0.01339775353371295, 0.10850766294056212, -0.06284977978582426]
other derivatives: [-1.65464371  0.30413503 -3.87117325  0.07285053  0.21627784  0.        ]
Current x array =  [-0.66315579 -0.72246173 -0.66755256  0.61820037 -1.51946236  0.33647224
  0.12910495 -9.         -2.24887649 -1.57165093 -3.9963776  -1.80943481
 -3.94789333 -4.09717893 -4.33198543 -4.01632033 -4.09717893 -2.30258509
 -3.9695498  -3.75611827 -2.30258509 -4.09717893 -4.51858263 -2.7198334 ]
log likelihood =  -4745.47535224
Edge derivatives =  [-0.12770818745790347, -0.017818337208162796, 0.174151815247719, -0.044948528328325646, 0.014642808814605009, -0.1224742056146102, 0.029598891871206887, -0.02116853568605162, 0.016015448848993172, 0.024002355513035846, -0.021168535686053605, 2.945733741805478e-15, 0.0061156985625309, 0.06066108934373217, 2.8943689749001854e-15, -0.021168535686054916, 0.15838192888264133, -0.05023141242842995]
other derivatives: [ 0.35734047  0.17807906 -0.52659743 -0.27821443  0.08740244  0.        ]
Current x array =  [-0.66423585 -0.72231081 -0.67086738  0.62043323 -1.51873997  0.33647224
  0.13051104 -9.         -2.24554305 -1.57389447 -3.98901403 -1.80781008
 -3.94659209 -4.09677924 -4.3370149  -4.01772995 -4.09677924 -2.30258509
 -3.96940292 -3.75202006 -2.30258509 -4.09677924 -4.52754009 -2.72037378]
log likelihood =  -4745.47470804
Edge derivatives =  [-0.08499060367944519, -0.01781980151512629, 0.17903533067400973, -0.033452288500043004, 0.032157804655291986, 0.002894134748102517, 0.03343240926051669, -0.021290895977535692, 0.007766787440981859, 0.021497683441751535, -0.021290895977537878, 1.0623712309715924e-15, 0.004073163910007761, 0.06622210391765612, 1.1192516196957942e-15, -0.021290895977538866, 0.14837011320292773, -0.0698768404417916]
other derivatives: [ 0.14915713  0.06139089 -0.21809683 -0.14815669  0.05375114  0.        ]
Current x array =  [-0.66411923 -0.72216078 -0.67121369  0.61964039 -1.51851473  0.33647224
  0.13019029 -9.         -2.24562868 -1.57408822 -3.99111334 -1.80928144
 -3.94693699 -4.09684698 -4.33592747 -4.01750728 -4.09684698 -2.30258509
 -3.96939543 -3.75248885 -2.30258509 -4.09684698 -4.52583182 -2.719942  ]
log likelihood =  -4745.47430797
Edge derivatives =  [-0.003486690206947085, -0.01782081173462352, 0.15695815577479483, -0.031917422501845455, 0.04120931985193639, 0.0773585705012329, 0.03544012413352555, -0.02176276426516268, 0.003856803433899974, 0.022421616014498713, -0.021762764265166733, 4.324679969008077e-15, 0.003514702403530273, 0.05989787175775771, 4.249873383641576e-15, -0.021762764265165446, 0.14312132071807, -0.08080328133633673]
other derivatives: [ 0.0169166  -0.04101821 -0.01355147 -0.01837179  0.03601599  0.        ]
Current x array =  [-0.6640453  -0.72203469 -0.67144058  0.61881975 -1.51835177  0.33647224
  0.12975988 -9.         -2.24444271 -1.57455331 -3.99219163 -1.81017658
 -3.94711363 -4.0968571  -4.33543475 -4.01759137 -4.0968571  -2.30258509
 -3.96946733 -3.75204424 -2.30258509 -4.0968571  -4.52495826 -2.71970636]
log likelihood =  -4745.47389565
Edge derivatives =  [0.014275424126949682, -0.017823547429039324, 0.11863512852852803, -0.03883458410512113, 0.043773226759708246, 0.09588217076121247, 0.035143327796083944, -0.021499077905787426, 0.0004834303791870394, 0.0220165243302628, -0.021499077905789483, 1.2982619066079383e-15, 0.0021248864990724148, 0.048902389940486915, 1.3264109339748863e-15, -0.02149907790578817, 0.13465316583302184, -0.0685179695848298]
other derivatives: [-0.49603841 -0.04329195  0.19654181  0.05775291 -0.00973159  0.        ]
Current x array =  [-0.66377659 -0.72202821 -0.67166131  0.61839768 -1.51811869  0.33647224
  0.12952171 -9.         -2.24259514 -1.57513491 -3.99285802 -1.8104323
 -3.94709388 -4.09698394 -4.33501493 -4.01755889 -4.09698394 -2.30258509
 -3.96950434 -3.75129793 -2.30258509 -4.09698394 -4.52353044 -2.72010198]
log likelihood =  -4745.47326151
Edge derivatives =  [0.09723975449250347, -0.01782583489692436, 0.05668665025710706, -0.05156910588388256, 0.05090233094018544, 0.12344825652504499, 0.03556266160254243, -0.019285675140464895, -0.0072324053774830595, 0.019515027708549668, -0.019285675140466738, 1.8354951190006855e-17, -0.00016082858650223048, 0.03461087335272312, 2.0282700882217624e-17, -0.019285675140468233, 0.11441848961747501, -0.03324410429238649]
other derivatives: [-0.38990038 -0.16043487  0.27375791  0.16952981 -0.07048584  0.        ]
Current x array =  [-0.66383445 -0.72189037 -0.67175076  0.61773016 -1.51769184  0.33647224
  0.12902723 -9.         -2.23953048 -1.57597853 -3.9943822  -1.81071706
 -3.94703186 -4.0973171  -4.33391103 -4.01726048 -4.0973171  -2.30258509
 -3.96953627 -3.75031032 -2.30258509 -4.0973171  -4.51996747 -2.72109535]
log likelihood =  -4745.47288949
Edge derivatives =  [0.029059085460144074, -0.01783058663519248, -0.03402087728958558, -0.04370102230545679, 0.04728782932160847, 0.00425126687432037, 0.029565521354714908, -0.012225339781233292, -0.020932932270387852, 0.006760941958562271, -0.012225339781232903, -2.3535933610951565e-15, -0.007624796104778946, 0.01262910478605287, -2.3644926057018576e-15, -0.012225339781232202, 0.06686753759881132, 0.07536197511684742]
other derivatives: [-1.51212589  0.14069883  0.48403308  0.05193215 -0.10932126  0.        ]
Current x array =  [-0.66324664 -0.72223706 -0.6719416   0.61858722 -1.51754677  0.33647224
  0.1291552  -9.         -2.23470302 -1.57760506 -3.99628373 -1.80922157
 -3.94635341 -4.09831794 -4.33192215 -4.01600083 -4.09831794 -2.30258509
 -3.96936668 -3.74894526 -2.30258509 -4.09831794 -4.51170119 -2.72411433]
log likelihood =  -4745.47219083
Edge derivatives =  [0.08498570109891754, -0.017827459416267698, -0.030179176787888007, -0.038010226791569464, 0.0524500452235908, 0.023080278473270932, 0.031233886784160364, -0.01069255251478905, -0.022729050020236858, 0.0062038207850705004, -0.010692552514789452, 5.728254482544937e-16, -0.006856549264055885, 0.015877659360860066, 4.3086854384231556e-16, -0.01069255251478899, 0.06193371854071801, 0.07654672653040201]
other derivatives: [-0.34488039 -0.00663931  0.1895387   0.08012648 -0.08230927  0.        ]
Current x array =  [-0.66386199 -0.72207163 -0.67164161  0.61832584 -1.51761302  0.33647224
  0.12906295 -9.         -2.23467563 -1.57756601 -3.99675479 -1.80933091
 -3.94636605 -4.09839231 -4.33155557 -4.01586086 -4.09839231 -2.30258509
 -3.96938112 -3.74910956 -2.30258509 -4.09839231 -4.51072684 -2.72407001]
log likelihood =  -4745.47204848
Edge derivatives =  [0.056717401451505445, -0.01782570256671313, -0.019591650549965367, -0.026297804585438265, 0.05116385049046452, -0.008487146799557532, 0.030503150651633386, -0.009173044168605201, -0.023237742581124404, 0.004112369200368775, -0.009173044168606932, 5.2650119728884625e-16, -0.007047042126505344, 0.019177315355445243, 5.521174043437315e-16, -0.009173044168606356, 0.05758120377950066, 0.0851542462390096]
other derivatives: [ 0.04029062  0.00491127  0.01427907  0.01600711 -0.04929461  0.        ]
Current x array =  [-0.66406565 -0.72209065 -0.67145377  0.61869338 -1.51781452  0.33647224
  0.12929025 -9.         -2.23497268 -1.5775346  -3.99673517 -1.80889258
 -3.94623639 -4.0985132  -4.33141158 -4.015629   -4.0985132  -2.30258509
 -3.96933659 -3.74933727 -2.30258509 -4.0985132  -4.50991407 -2.72425882]
log likelihood =  -4745.47200939
Edge derivatives =  [0.026948746725666883, -0.017825079231158062, -0.01591293874555505, -0.0176062259918864, 0.05026306864227453, -0.026038467618919203, 0.02959421003862262, -0.008260874640873456, -0.023777172762429397, 0.002625254538536348, -0.008260874640874688, -7.145966768010802e-16, -0.007457978745809446, 0.01977728502362152, -6.351773871788596e-16, -0.00826087464087285, 0.053832312085281095, 0.08896190937118975]
other derivatives: [ 0.0862201   0.01200533 -0.03519744 -0.02119123 -0.03146852  0.        ]
Current x array =  [-0.66409068 -0.72210204 -0.6713981   0.61891827 -1.5179513   0.33647224
  0.12945465 -9.         -2.23500805 -1.57760354 -3.99673728 -1.80866293
 -3.94612681 -4.09860851 -4.33131215 -4.01547631 -4.09860851 -2.30258509
 -3.96931304 -3.74939016 -2.30258509 -4.09860851 -4.50925265 -2.72435362]
log likelihood =  -4745.47192006
Edge derivatives =  [-0.018997293891907796, -0.017824118544309455, -0.012418417326211129, -4.664220397298255e-05, 0.05006507930947897, -0.03154478735416605, 0.027750774464573996, -0.006952283924269095, -0.024298002791204698, 0.0009341731786826346, -0.006952283924269574, 2.2159893664021403e-16, -0.007832818450917899, 0.01822836155332113, 2.000246414902839e-16, -0.0069522839242692445, 0.04711276502008753, 0.07992478261416172]
other derivatives: [ 0.08985808  0.02019078 -0.05547918 -0.04329195 -0.0003638   0.        ]
Current x array =  [-0.66409408 -0.72211656 -0.67137154  0.61904083 -1.51820808  0.33647224
  0.12968938 -9.         -2.23489846 -1.57783712 -3.99667986 -1.80858595
 -3.94589464 -4.09876234 -4.33122436 -4.01529326 -4.09876234 -2.30258509
 -3.96932374 -3.74928505 -2.30258509 -4.09876234 -4.50810368 -2.72411177]
log likelihood =  -4745.47169875
Edge derivatives =  [-0.04094119155949655, -0.017821697522902843, -0.007606046885904494, 0.028024698786285083, 0.04300235212967433, -0.05777499591033769, 0.019250141717607742, -0.004122396303089679, -0.02081692098500672, -0.0014830828562571452, -0.0041223963030885685, -4.892002916327497e-16, -0.007565106190818176, 0.008813645856303176, -5.001401379543556e-16, -0.0041223963030900534, 0.03288842539565809, 0.027617267594032935]
other derivatives: [ 0.03565219 -0.10268195 -0.07657945 -0.08312782  0.0775799   0.        ]
Current x array =  [-0.66406886 -0.72199328 -0.67133386  0.61921005 -1.51870372  0.33647224
  0.12991659 -9.         -2.23469595 -1.57827627 -3.99528531 -1.80835176
 -3.94496415 -4.09913293 -4.3317178  -4.0150169  -4.09913293 -2.30258509
 -3.96946463 -3.74861393 -2.30258509 -4.09913293 -4.50574141 -2.72273604]
log likelihood =  -4745.47201156
Edge derivatives =  [-0.12193869101041888, -0.01782107963719521, -0.0019232187037186432, 0.07808705052589751, 0.039162868050709856, -0.022945017046603955, 0.008612012344326403, 0.0011548034317800382, -0.015986955504883955, -0.004980801219560085, 0.001154803431779386, 1.6630488904654373e-15, -0.006001382010799805, -0.0056810108534848525, 1.6534723917561817e-15, 0.00115480343178051, 0.004476587976676844, -0.06073283229067597]
other derivatives: [ 0.32805474  0.85483407  0.0777618  -0.03410605  0.07057679  0.        ]
Current x array =  [-0.66423324 -0.72305913 -0.67146975  0.61890127 -1.51886981  0.33647224
  0.13025063 -9.         -2.23415788 -1.57902768 -3.99342698 -1.80882467
 -3.94342146 -4.09979894 -4.33230443 -4.01452687 -4.09979894 -2.30258509
 -3.96975584 -3.74745566 -2.30258509 -4.09979894 -4.50100467 -2.72032077]
log likelihood =  -4745.47162624
Edge derivatives =  [-0.06543262794197327, -0.017821509483343802, -0.005882384310233246, 0.04319490605056386, 0.04184313579327035, -0.047222136807144544, 0.016033231478960054, -0.0025237364762684747, -0.01935400371851327, -0.002541091910883267, -0.0025237364762678363, 6.043582236374418e-16, -0.007090019867708609, 0.004429000003697781, 5.354500800996679e-16, -0.0025237364762691547, 0.024302852513396474, 0.0008971752190364002]
other derivatives: [ 0.12405508  0.18762876 -0.03019522 -0.06830305  0.07521521  0.        ]
Current x array =  [-0.66411862 -0.72231591 -0.671375    0.61911659 -1.51875399  0.33647224
  0.1300177  -9.         -2.23453308 -1.57850371 -3.99472281 -1.80849491
 -3.94449719 -4.09933453 -4.33189537 -4.01486857 -4.09933453 -2.30258509
 -3.96955278 -3.74826333 -2.30258509 -4.09933453 -4.50430762 -2.72200496]
log likelihood =  -4745.47151702
Edge derivatives =  [-0.04814613948255997, -0.017821930874726895, -0.012031702009801304, 0.04125820178215725, 0.03731421814441397, -0.0433311969254192, 0.010480194265399645, -0.0014433371861035035, -0.015934259000406823, -0.0026171358012851073, -0.0014433371861050787, -1.2753525606879343e-15, -0.006302558735650977, -0.0036284468218851645, -1.2262862248824447e-15, -0.0014433371861030941, 0.01742766234650603, -0.03767734534203768]
other derivatives: [ 0.00836735  0.05456968 -0.05420588 -0.03337846  0.06602932  0.        ]
Current x array =  [-0.66406234 -0.72217284 -0.67134813  0.61889553 -1.51869759  0.33647224
  0.12990994 -9.         -2.23428025 -1.5786341  -3.99358012 -1.80864195
 -3.94389492 -4.09951182 -4.33240676 -4.01483889 -4.09951182 -2.30258509
 -3.96970108 -3.74768211 -2.30258509 -4.09951182 -4.50320464 -2.72100575]
log likelihood =  -4745.47145604
Edge derivatives =  [-0.013278908422667907, -0.01782267637253106, -0.018679947042079093, 0.024577059084757956, 0.03264505031462517, -0.03902766941562452, 0.0058206974478188026, -0.0010891458183490618, -0.012628982018995354, -0.0023878245974199713, -0.0010891458183486871, 7.673850534759712e-16, -0.005785313294101646, -0.00888848638932524, 7.278198115346997e-16, -0.001089145818347459, 0.013453417786499472, -0.059462904387079116]
other derivatives: [ 0.03228706 -0.04438334  0.10340955 -0.0079126   0.03246896  0.        ]
Current x array =  [-0.66407846 -0.7220611  -0.67150964  0.61874067 -1.51843202  0.33647224
  0.12970191 -9.         -2.23426937 -1.57851755 -3.99249242 -1.80881083
 -3.9434255  -4.09962494 -4.33290683 -4.01484652 -4.09962494 -2.30258509
 -3.96982721 -3.74732049 -2.30258509 -4.09962494 -4.50257452 -2.72046706]
log likelihood =  -4745.47141487
Edge derivatives =  [0.021772088171523513, -0.017824323048142063, -0.018996662640021256, 0.006380537071244967, 0.029793751421425194, -0.02190533474116041, 0.0032048883723659674, -0.0008402318934997502, -0.009418723314461402, -0.001728955774326156, -0.0008402318935005273, -4.176142934693045e-15, -0.00457386131081982, -0.010492930475633426, -4.253188702160715e-15, -0.0008402318934993061, 0.012337424788091397, -0.06979115739391338]
other derivatives: [-0.0606633  -0.04010872 -0.03901732  0.02673914 -0.01700755  0.        ]
Current x array =  [-0.66403275 -0.7220637  -0.6713695   0.61856137 -1.51810282  0.33647224
  0.12947789 -9.         -2.23455695 -1.57824724 -3.99156066 -1.80908557
 -3.94310808 -4.09967015 -4.33336138 -4.01489415 -4.09967015 -2.30258509
 -3.96993413 -3.74719103 -2.30258509 -4.09967015 -4.50240447 -2.72019093]
log likelihood =  -4745.47137395
Edge derivatives =  [0.03425699516426228, -0.017824839698957363, -0.02095130532188405, -0.00542660789010001, 0.027552290356882864, -0.022402287896663875, 0.0014472190311909314, -0.0003915543134913879, -0.008311230023682704, -0.0022516555225872426, -0.0003915543134916377, 7.467584047453915e-16, -0.004501816805158057, -0.010698115668651025, 7.840303018945901e-16, -0.0003915543134902777, 0.009608170605497145, -0.05796853800799112]
other derivatives: [-0.01537046 -0.02601155 -0.0086402   0.01682565 -0.03847163  0.        ]
Current x array =  [-0.66405697 -0.72207637 -0.67140131  0.61863469 -1.51792918  0.33647224
  0.12940124 -9.         -2.23466319 -1.57808779 -3.99109402 -1.80911921
 -3.94291572 -4.09974652 -4.333508   -4.0148278  -4.09974652 -2.30258509
 -3.96997101 -3.74719261 -2.30258509 -4.09974652 -4.50192194 -2.72051416]
log likelihood =  -4745.47129303
Edge derivatives =  [0.03446037190080206, -0.01782531141243168, -0.021031274663042443, -0.024848503905742416, 0.021381744029633283, -0.018602364340622235, -0.003816838110117182, 0.0012868698396626271, -0.004965563424652007, -0.003876132957927686, 0.001286869839662079, 2.197757089979655e-15, -0.00408892747292619, -0.01114787820225898, 2.1981098720014748e-15, 0.001286869839662176, 0.0005209303325775134, -0.020461745214066518]
other derivatives: [ 0.02810339  0.00854925  0.00645741 -0.01200533 -0.06266418  0.        ]
Current x array =  [-0.6640808  -0.72211093 -0.67141882  0.61882937 -1.51773894  0.33647224
  0.12937835 -9.         -2.23501255 -1.57777885 -3.98964908 -1.80926653
 -3.94232203 -4.09999577 -4.33394214 -4.01461157 -4.09999577 -2.30258509
 -3.97009014 -3.74720341 -2.30258509 -4.09999577 -4.50031157 -2.72152635]
log likelihood =  -4745.47123701
Edge derivatives =  [0.03673410580287631, -0.01782372764920377, -0.008415760793581084, -0.023429197594406183, 0.016011531014241485, 0.008284519612500374, -0.00805468523361752, 0.002027993002660919, -0.0001290004144700388, -0.0032773659120815465, 0.0020279930026613074, -1.3825182405411702e-16, -0.0024618616880817887, -0.010274052575385904, -9.114123543438627e-17, 0.0020279930026609883, -0.00370844058372884, 0.003642404950347483]
other derivatives: [-0.03146852  0.00745786  0.06621121  0.01964509 -0.01991793  0.        ]
Current x array =  [-0.66404757 -0.72210413 -0.67148632  0.61857414 -1.51801446  0.33647224
  0.12942967 -9.         -2.23569044 -1.57763708 -3.98786422 -1.80970711
 -3.94185655 -4.10011978 -4.33460336 -4.01460798 -4.10011978 -2.30258509
 -3.97027983 -3.7472867  -2.30258509 -4.10011978 -4.49953615 -2.72217575]
log likelihood =  -4745.47132556
Edge derivatives =  [0.017600244202567727, -0.017821236884069228, 0.005767046512609342, -0.005414710162113284, 0.013558101745256283, 0.03158946878771851, -0.009947538567367659, 0.002978375670753694, 0.003969667197059858, -0.0017922499473499581, 0.0029783756707526393, -2.2956919501496015e-16, -0.00021286590201138184, -0.00935210304798853, -2.038027920337026e-16, 0.002978375670753923, -0.005841962839699431, 0.011263167353383619]
other derivatives: [ 0.57279976 -0.09786163 -0.12287273  0.03865352  0.01464286  0.        ]
Current x array =  [-0.66436857 -0.72198541 -0.6712953   0.61840058 -1.51824716  0.33647224
  0.12959726 -9.         -2.23611143 -1.57771659 -3.98647646 -1.81002548
 -3.94156778 -4.10018336 -4.33511276 -4.01466488 -4.10018336 -2.30258509
 -3.97044298 -3.74730985 -2.30258509 -4.10018336 -4.4990842  -2.72232964]
log likelihood =  -4745.47123222
Edge derivatives =  [0.033200548949449876, -0.017823267765209518, -0.00579588772070716, -0.020102206575875827, 0.015559386253243358, 0.012589384938294923, -0.008404160418574412, 0.0022035097398205375, 0.000628072970651667, -0.003003130372288852, 0.002203509739820121, 4.710317995991681e-16, -0.002046522571225902, -0.010103783530188266, 5.465345084378855e-16, 0.0022035097398191844, -0.004102358482684851, 0.005049824776541312]
other derivatives: [ 0.08058123 -0.01218723  0.03101377  0.02328306 -0.01382432  0.        ]
Current x array =  [-0.66410684 -0.7220822  -0.67145105  0.61854209 -1.51805744  0.33647224
  0.12946061 -9.         -2.23576818 -1.57765176 -3.98760795 -1.8097659
 -3.94180322 -4.10013152 -4.33469743 -4.01461849 -4.10013152 -2.30258509
 -3.97030996 -3.74729097 -2.30258509 -4.10013152 -4.49945269 -2.72220416]
  status: 0
 success: True
    nfev: 112
     fun: 4745.471232217291
       x: array([-0.66410684, -0.7220822 , -0.67145105,  0.61854209, -1.51805744,
        0.33647224,  0.12946061, -9.        , -2.23576818, -1.57765176,
       -3.98760795, -1.8097659 , -3.94180322, -4.10013152, -4.33469743,
       -4.01461849, -4.10013152, -2.30258509, -3.97030996, -3.74729097,
       -2.30258509, -4.10013152, -4.49945269, -2.72220416])
 message: 'CONVERGENCE: REL_REDUCTION_OF_F_<=_FACTR*EPSMCH'
     jac: array([ -8.05812306e-02,   1.21872290e-02,  -3.10137693e-02,
        -2.32830644e-02,   1.38243195e-02,  -0.00000000e+00,
        -3.32005489e-02,   1.78232678e-02,   5.79588772e-03,
         2.01022066e-02,  -1.55593863e-02,  -1.25893849e-02,
         8.40416042e-03,  -2.20350974e-03,  -6.28072971e-04,
         3.00313037e-03,  -2.20350974e-03,  -4.71031800e-16,
         2.04652257e-03,   1.01037835e-02,  -5.46534508e-16,
        -2.20350974e-03,   4.10235848e-03,  -5.04982478e-03])
     nit: 99
