number of sites to be analyzed:  38
Successfully loaded parameter value from ./save/MG94_Force_ENSG00000120885_ENSG00000079101_nonclock_save.txt
log likelihood =  -482.570516917
Edge derivatives =  [0.0006312345231003214, 0.003694188602601678, -0.004340793089715356, -2.650487253696043e-05, -7.718795381579825e-07, -0.0005317803207043406, 0.0004008260757768292, -0.0005288489763246307, -0.0007059019977414642, -0.00013370660991076852, -7.340747483672201e-07, -6.240548748788488e-05, 0.0006738118264316487, -7.249116019965171e-07]
other derivatives: [-0.00998739  0.00209752  0.01004423  0.00379146  0.00011369  0.        ]
Current x array =  [ -0.56526899  -0.8748248   -0.62124305   1.0643655   -2.00363629
   0.33647224   1.25170117  -0.32568043  -2.88835742 -13.06754756
 -18.35969958  -4.31593403  -4.35309812  -3.59828875  -4.31576634
  -4.31068905 -18.43553326  -4.30741467  -3.61615384 -18.45803005]
log likelihood =  -482.592504124
Edge derivatives =  [0.05254088338592555, -0.008489531965066605, 0.013977827168089374, -2.5702190709719242e-05, -7.713183603299729e-07, 0.000790421159045783, 0.0012934164493145425, 0.0012919587798459406, 0.0007896927089084509, 0.0007192648805343961, -7.333447161740962e-07, 0.0008812956196693825, 0.0010084998043915286, -7.242701647143436e-07]
other derivatives: [ 2.8670172  -0.24410838 -1.47728656 -0.02650609  0.02078764  0.        ]
Current x array =  [ -0.57525638  -0.87272728  -0.61119882   1.06815696  -2.00352261
   0.33647224   1.25233241  -0.32198624  -2.89269821 -13.06757407
 -18.35970036  -4.31646581  -4.3526973   -3.5988176   -4.31647224
  -4.31082276 -18.43553399  -4.30747708  -3.61548003 -18.45803077]
log likelihood =  -482.570516194
Edge derivatives =  [0.000950782523517768, 0.0036275135649037754, -0.004236320119992754, -2.6500319715531983e-05, -7.718762974175507e-07, -0.0005242433592757278, 0.0004059655716278955, -0.0005184404440208359, -0.0006973773429443733, -0.00012882570691492498, -7.340705954019807e-07, -5.7026055647054624e-05, 0.0006757189775939351, -7.249079475763924e-07]
other derivatives: [ 0.00669047  0.00072191  0.00173941  0.00361524  0.0002558   0.        ]
Current x array =  [ -0.5653258   -0.87481287  -0.62118592   1.06438707  -2.00363565
   0.33647224   1.25170476  -0.32565941  -2.88838211 -13.06754771
 -18.35969959  -4.31593705  -4.35309584  -3.59829175  -4.31577036
  -4.31068981 -18.43553326  -4.30741503  -3.61615001 -18.45803005]
  status: 0
 success: True
    nfev: 3
     fun: 482.57051619398356
       x: array([ -0.5653258 ,  -0.87481287,  -0.62118592,   1.06438707,
        -2.00363565,   0.33647224,   1.25170476,  -0.32565941,
        -2.88838211, -13.06754771, -18.35969959,  -4.31593705,
        -4.35309584,  -3.59829175,  -4.31577036,  -4.31068981,
       -18.43553326,  -4.30741503,  -3.61615001, -18.45803005])
 message: 'CONVERGENCE: REL_REDUCTION_OF_F_<=_FACTR*EPSMCH'
     jac: array([ -6.69047040e-03,  -7.21911420e-04,  -1.73940862e-03,
        -3.61524144e-03,  -2.55795385e-04,  -0.00000000e+00,
        -9.50782524e-04,  -3.62751356e-03,   4.23632012e-03,
         2.65003197e-05,   7.71876297e-07,   5.24243359e-04,
        -4.05965572e-04,   5.18440444e-04,   6.97377343e-04,
         1.28825707e-04,   7.34070595e-07,   5.70260556e-05,
        -6.75718978e-04,   7.24907948e-07])
     nit: 1
