number of sites to be analyzed:  87
log likelihood =  -1314.93542883
Edge derivatives =  [38.39232231112306, 37.60295156867666, -7.81199639822161, -1.3503077344129384, -16.270513680149694, -10.399330296934817, -13.873910360054607, -13.084401159383358, -14.785602113245432, -10.110200097655865, -16.78127536883198, -0.18712321039126698, -15.098425529845443, -15.101216368052283]
other derivatives: [  4.87527814  32.72834874 -43.10691111  21.69467734 -37.24903763   0.        ]
Current x array =  [-0.60681718 -1.04036106 -0.41675828  0.18232156 -0.10536052  0.33647224
 -2.30258509 -2.30258509 -2.30258509 -2.30258509 -2.30258509 -2.30258509
 -2.30258509 -2.30258509 -2.30258509 -2.30258509 -2.30258509 -2.30258509
 -2.30258509 -2.30258509]
log likelihood =  -1265.7340998
Edge derivatives =  [30.283033237110082, 33.67975909271378, -7.652376914161259, -1.3676140421718959, -13.962278126455946, -9.300925783679759, -11.941765694548945, -11.285999060034321, -12.829038539108886, -8.864540613826218, -14.514754018961904, -0.6624308361726825, -13.021070894221296, -13.021930382417118]
other derivatives: [ 10.49904768  27.01056019  71.27425761   6.53819825 -15.16666543   0.        ]
Current x array =  [-0.60076464 -1.02959595 -0.88532557  0.41814026 -0.51025337  0.33647224
 -1.88526486 -1.89384523 -2.38750062 -2.31726279 -2.47944375 -2.41562465
 -2.45339294 -2.44481107 -2.46330293 -2.41248183 -2.48499567 -2.3046191
 -2.46670328 -2.46673362]
log likelihood =  -1205.25240921
Edge derivatives =  [15.505557106253224, 24.393701683720135, -6.215816096227007, -1.1192484815503156, -10.987835663690001, -6.858343739462224, -9.09680148778367, -8.610617964306696, -9.900389817655048, -6.6384613283229035, -11.268260604538346, -0.5459627528353794, -9.991624362024568, -9.99246791518088]
other derivatives: [-27.40976015  -7.01070348  73.2771241   -5.73677426   3.04469268   0.        ]
Current x array =  [-0.5317805  -0.88382509 -0.82915572  0.67008844 -0.96887889  0.33647224
 -1.31575694 -1.30948873 -2.51323113 -2.33929203 -2.72825519 -2.57714339
 -2.66579361 -2.64528206 -2.6903386  -2.56833514 -2.74237218 -2.31079663
 -2.69801781 -2.69808068]
log likelihood =  -1199.80008357
Edge derivatives =  [-15.282298471726518, -8.72930993873619, -0.06392390665515282, 2.223850334480143, -4.74646288940563, -0.4407764831647415, -2.779367443739384, -2.4010903125028737, -3.4640253053267833, -0.5462398353434238, -4.711502154381241, 2.969591530889466, -3.4727529290342183, -3.4766576858694704]
other derivatives: [ 135.93885342    4.6030209    26.46086159    0.22951099    8.16830834
    0.        ]
Current x array =  [-1.15380263 -1.00067821 -0.41997281  1.09472721 -1.84589157  0.33647224
 -0.01390228  0.16822368 -2.84519766 -2.39761133 -3.3786973  -2.98839993
 -3.21413408 -3.16309233 -3.27921734 -2.9678288  -3.41154262 -2.32690555
 -3.29680646 -3.29696003]
log likelihood =  -1150.11471512
Edge derivatives =  [-14.153003129206205, -8.64422728433808, -0.9557126126312425, 1.1866029233906417, -5.1825568323658855, -1.2429698075457634, -3.360374735301625, -3.128727436045744, -4.016817358333273, -1.3052763999051524, -5.21338646031654, 1.7823109034413125, -4.040239743521901, -4.041745686971115]
other derivatives: [  5.36658717   1.82985787 -47.17442152  -5.38238965   1.60061973   0.        ]
Current x array =  [-0.61360345 -1.03949086 -0.32297493  1.01872289 -1.67610613  0.33647224
 -0.23352883 -0.0109702  -2.81702045 -2.38215023 -3.34474146 -2.95260972
 -3.17840727 -3.12834509 -3.24360298 -2.93421503 -3.37505015 -2.3113228
 -3.26015964 -3.26032545]
log likelihood =  -1151.61478706
Edge derivatives =  [-8.476602666546155, -0.011793163190760403, -2.2470926357283374, 0.573572858123534, -5.995691572220141, -2.297339546073019, -4.249941060981273, -3.996331288164613, -4.908821507479624, -2.298313599525738, -6.075018216913174, 0.8686959162029471, -4.920431359727836, -4.92077293182195]
other derivatives: [-61.65741979   7.83998075  39.47498044  -7.31072305   7.61303909   0.        ]
Current x array =  [-0.48663768 -1.04759    -0.53422592  0.91166019 -1.49524483  0.33647224
 -0.52971525 -0.31089175 -2.76125729 -2.36696622 -3.24795531 -2.88307313
 -3.09260502 -3.0471223  -3.15317191 -2.86714028 -3.27486956 -2.30138993
 -3.16797426 -3.16813018]
log likelihood =  -1147.07284493
Edge derivatives =  [-11.648629576923076, -4.7700498858963325, -1.4759972447649297, 0.9832136078137923, -5.503106961693504, -1.6484988848336108, -3.7030135164905267, -3.456343131877258, -4.363683701319494, -1.6870834366837273, -5.550141535041704, 1.4487220950522053, -4.379620928558239, -4.380684143859851]
other derivatives: [-19.76950443   4.51543656   4.31639364  -6.64215349   5.16788532   0.        ]
Current x array =  [-0.55944924 -1.04294536 -0.41307898  0.97305786 -1.59896408  0.33647224
 -0.35986005 -0.13889455 -2.79323601 -2.37567385 -3.30345965 -2.92295056
 -3.14181037 -3.09370146 -3.20503177 -2.9056059  -3.33232052 -2.30708617
 -3.22084018 -3.22100177]
log likelihood =  -1145.44618017
Edge derivatives =  [-8.227855120291306, -1.4090346564207754, -1.7553825954235645, 0.8038977229058323, -5.731021188199148, -1.9145960270232758, -3.955717243016023, -3.6789478456967113, -4.604767188727778, -1.9473143859198878, -5.775953270562929, 1.277981078016868, -4.618071698502646, -4.619361742222497]
other derivatives: [ 4.38844836  6.45025011  7.01600129 -6.18142622  5.49546257  0.        ]
Current x array =  [-0.60529762 -1.0344749  -0.42546984  0.91644047 -1.51397365  0.33647224
 -0.48455804 -0.25523092 -2.7739985  -2.36958726 -3.27100937 -2.89801705
 -3.11210578 -3.06561334 -3.17413763 -2.88160863 -3.29861544 -2.30291226
 -3.18923809 -3.18939511]
log likelihood =  -1143.61634378
Edge derivatives =  [-4.179910509307379, 1.7521225321382583, -2.021352645293316, 0.63722973867822, -5.787155988858641, -2.092536272178207, -4.061106339790505, -3.761256767421183, -4.692470846180987, -2.111770405107178, -5.832826685484737, 0.997845230032113, -4.697345326226168, -4.698346971103021]
other derivatives: [ 0.15049864  5.48795924 -2.84207999 -4.39113137  4.38881216  0.        ]
Current x array =  [-0.59747681 -1.01042818 -0.41743594  0.83796108 -1.41206246  0.33647224
 -0.63109247 -0.36062859 -2.7659395  -2.36057876 -3.27064329 -2.88579637
 -3.10558476 -3.05913107 -3.16969698 -2.87040838 -3.29730962 -2.2931161
 -3.18425345 -3.18441375]
log likelihood =  -1138.34104633
Edge derivatives =  [-0.1890648978862713, 2.645455838162319, -2.182600518159491, 0.5026698901031511, -5.146375878085594, -1.8326786428574615, -3.539602805693538, -3.1929915935918554, -4.121821856782126, -1.830500211227234, -5.17817265819059, 0.29177219478096755, -4.0935254688048754, -4.0939903944486575]
other derivatives: [  4.96497705   0.94330517 -10.08072559  -0.26573161   1.83938482   0.        ]
Current x array =  [-0.60762715 -0.94876695 -0.42146451  0.69383285 -1.26190063  0.33647224
 -0.81717931 -0.38348371 -2.80919861 -2.34112994 -3.4068962  -2.93024531
 -3.19876026 -3.14543927 -3.27865521 -2.91573121 -3.43429308 -2.2637164
 -3.29324902 -3.29343733]
log likelihood =  -1129.08190107
Edge derivatives =  [5.657854077579015, -1.9349766395245407, -1.6013543969368473, 0.4139948658648577, -3.181295328399529, -0.42654124857211767, -1.6768632176757894, -1.2897651825741994, -2.185740455322641, -0.41115178391633755, -3.198113787779602, -0.9853313288279623, -2.127807616883145, -2.1274222915644154]
other derivatives: [  6.18931608   3.44996351 -14.89677288   6.10184543  -2.71654699   0.        ]
Current x array =  [-0.60610578 -0.91841203 -0.43607674  0.50615942 -1.08529979  0.33647224
 -1.06683504 -0.24378052 -2.99736127 -2.29257966 -3.90172404 -3.11935533
 -3.54941656 -3.46831781 -3.68239709 -3.10455197 -3.93430404 -2.20233479
 -3.69758411 -3.69785127]
log likelihood =  -1130.28088237
Edge derivatives =  [-0.14700689818959733, 0.3813746383605794, -1.005878201252878, -0.7847316052231658, -1.8051495383981198, 0.5144501344872693, -0.27540856582877693, 0.10443583476944127, -0.7581702745543972, 0.5079706359707226, -1.7979427847595657, -1.8075197843947204, -0.7031046749198655, -0.702957729170513]
other derivatives: [-14.75311819 -65.80939953 -13.33096407  -3.98845259   3.97080839   0.        ]
Current x array =  [-0.58210164 -0.6409246  -0.43994465  0.68665816 -1.13387159  0.33647224
 -0.97391838 -0.34701258 -3.24551509 -2.22683384 -4.51962417 -3.30624917
 -3.95177035 -3.82459753 -4.16118588 -3.29030973 -4.55897015 -2.20709574
 -4.17525984 -4.17558726]
log likelihood =  -1126.21133714
Edge derivatives =  [3.4060328087970078, -0.5259206440950341, -1.2424227403563777, 0.008546968355240603, -2.4283001669520963, 0.07503977855271296, -0.9364253087564505, -0.5609863079436362, -1.4249043345417944, 0.0801097805618682, -2.4326179534834416, -1.232236014664788, -1.3679487477619372, -1.3677098898805584]
other derivatives: [ -2.67887117 -22.57911547 -14.20128228   1.58183866   0.37100563   0.        ]
Current x array =  [-0.59496675 -0.78964503 -0.43787163  0.58991919 -1.10783935  0.33647224
 -1.02371741 -0.29168497 -3.11251612 -2.26207056 -4.18845828 -3.20608272
 -3.73612733 -3.63364808 -3.90457724 -3.19075216 -4.22417802 -2.20454409
 -3.91924774 -3.91954287]
log likelihood =  -1122.62759273
Edge derivatives =  [2.4700536896312055, -2.520291811135836, -0.5733378886139722, 0.001882488192085141, -1.6978205943178706, 0.9029250231855421, -0.07867599686429244, 0.2944072438704799, -0.595721863795531, 0.8979410578114617, -1.703454194185165, -1.1747173671155975, -0.5467298289359115, -0.5464720405996241]
other derivatives: [-1.53895598 -8.11346581 -6.72976057  0.88036813  0.28162503  0.        ]
Current x array =  [-0.59257175 -0.85811451 -0.45546085  0.62781034 -1.12479546  0.33647224
 -0.98832693 -0.22626476 -3.25194153 -2.23361174 -4.53091567 -3.32464926
 -3.96815113 -3.84200023 -4.17622213 -3.30823194 -4.57087131 -2.19831231
 -4.19086729 -4.19120223]
log likelihood =  -1121.41885963
Edge derivatives =  [0.9678186037151023, -1.2013756787026804, -0.13303283786904357, -0.1650314935903544, -1.2596005459308832, 1.3415961835848331, 0.4406096218501289, 0.8041207178882607, -0.09029210378779075, 1.3272962724446067, -1.265333533480736, -0.9026429921672101, -0.04912149992729131, -0.048889920611899895]
other derivatives: [-0.73623596 -1.8535502   0.07007657 -0.58676051  0.31916443  0.        ]
Current x array =  [-0.59150618 -0.89198913 -0.47303082  0.67409941 -1.1228667   0.33647224
 -0.93905911 -0.26065109 -3.36585386 -2.20817024 -4.82179277 -3.39643247
 -4.14534256 -3.99472444 -4.3930765  -3.37948018 -4.86496471 -2.21129352
 -4.40681962 -4.40718082]
log likelihood =  -1121.13627217
Edge derivatives =  [0.18601427784743996, 0.04419843788868438, 0.04220569200674194, -0.22994275567399766, -1.0959750169893585, 1.3823149281153913, 0.6025101294887455, 0.9479497535230019, 0.08521139682738893, 1.3618398178750923, -1.1002948539167812, -0.5778361936406291, 0.12210415512638673, 0.12233082727697993]
other derivatives: [-0.74899162  0.3135483   1.28475222 -0.69160251 -0.04106369  0.        ]
Current x array =  [-0.59065075 -0.90334805 -0.47699867  0.67982376 -1.11234983  0.33647224
 -0.91467766 -0.29851872 -3.41291412 -2.19996291 -4.95943908 -3.40200917
 -4.20860286 -4.04215989 -4.48123322 -3.38518493 -5.0039057  -2.2297156
 -4.49388754 -4.49425546]
log likelihood =  -1120.81316483
Edge derivatives =  [-0.5820508677045988, 0.6844553064512944, 0.19248952680948733, -0.17926194057958958, -0.9361660775786176, 1.1933408414001883, 0.6954514316851598, 0.9942519392363208, 0.22772733439907628, 1.1645807423373795, -0.9369860882273379, -0.052186500573731254, 0.2589626576463939, 0.2591758823466022]
other derivatives: [ 0.50210929  1.44593741  1.892613   -0.24699602 -0.19217623  0.        ]
Current x array =  [-0.59242113 -0.90876116 -0.47903166  0.66947493 -1.11067331  0.33647224
 -0.89290897 -0.3199903  -3.4539903  -2.19966373 -5.11822323 -3.36612936
 -4.2478689  -4.056613   -4.55880031 -3.35010847 -5.16396272 -2.26059426
 -4.56934664 -4.56971397]
log likelihood =  -1120.28220391
Edge derivatives =  [-0.6920973273738269, 1.4155729470376806, 0.39064008548227214, 0.012899782243631558, -0.6945941007796432, 0.4563291193704212, 0.7338582096733253, 0.8905435150391657, 0.4060430699669052, 0.4204249874317049, -0.690424466399047, 0.7824522554183937, 0.4260222660542634, 0.426205802167219]
other derivatives: [-3.48497906  2.54178758 -0.87181888  0.08569714 -0.28978775  0.        ]
Current x array =  [-0.58509137 -0.91589674 -0.47166866  0.66303917 -1.1131967   0.33647224
 -0.88455373 -0.34166471 -3.50725385 -2.20658768 -5.42004753 -3.24078529
 -4.26586686 -4.01827761 -4.6640302  -3.22783648 -5.46760688 -2.3107795
 -4.66921971 -4.66957071]
log likelihood =  -1120.02749045
Edge derivatives =  [-0.22027632343908926, 1.4177215609534082, 0.41493931643436033, 0.13348133979505142, -0.550464445010087, -0.5751206252490881, 0.6204977549991031, 0.6042171722817032, 0.4668802937458098, -0.6005603855127563, -0.5447611748915386, 1.1479161442777264, 0.4776092160015202, 0.47774933490267324]
other derivatives: [ 2.56468411  1.07606866  6.25027496  0.57530087 -0.0428372   0.        ]
Current x array =  [-0.5952103  -0.90224375 -0.4947      0.63736271 -1.10292659  0.33647224
 -0.90845559 -0.34183965 -3.52407964 -2.21672614 -5.66057722 -3.09548774
 -4.22645153 -3.92695348 -4.70681565 -3.08650769 -5.70891303 -2.33856966
 -4.70649937 -4.7068261 ]
log likelihood =  -1119.87843533
Edge derivatives =  [-0.7408960429111844, -0.23122480121860423, 0.42456019745948415, 0.3067595606299076, -0.5167623871675188, -0.8761994734524322, 0.5554108910231247, 0.4632130394957559, 0.4648990255917145, -0.8965206317904807, -0.5099718962494721, 1.1722062879459934, 0.4725380402481709, 0.4726438027684754]
other derivatives: [ 1.45907961  0.26689122 -1.7903858   0.4565436   0.00820819  0.        ]
Current x array =  [-0.59534865 -0.90319944 -0.46705748  0.65324887 -1.12730966  0.33647224
 -0.88866733 -0.29192721 -3.51860448 -2.22308232 -5.72151311 -3.05097216
 -4.19595115 -3.8815046  -4.70089074 -3.04336006 -5.77005736 -2.33541401
 -4.69894166 -4.69925651]
log likelihood =  -1119.81830907
Edge derivatives =  [-0.29197949770743525, -0.5438289328146926, 0.3468604752637573, 0.24664544449298895, -0.5415036868384546, -0.8423651448691448, 0.4883200299371536, 0.3939277583196374, 0.41040816640463895, -0.8599929088458688, -0.534801203307524, 0.8764015396491418, 0.41842296257413547, 0.4185449118337087]
other derivatives: [-2.39163001 -0.37202881 -0.27255282  0.37400696 -0.00250111  0.        ]
Current x array =  [-0.58796738 -0.8996114  -0.47281084  0.65071235 -1.12225658  0.33647224
 -0.90512985 -0.28272251 -3.49913812 -2.22272089 -5.6765058  -3.05733804
 -4.17100412 -3.86313434 -4.66736988 -3.04987767 -5.72450295 -2.31831423
 -4.66577975 -4.66609229]
log likelihood =  -1119.76547598
Edge derivatives =  [0.2290804900434006, -0.8176697249498619, 0.2577034402779798, 0.17411580599336962, -0.5718764222523115, -0.7328296267914474, 0.41069137246483683, 0.31973042319785827, 0.3440380997726126, -0.747298004529267, -0.5653154037535147, 0.471618018709575, 0.3525735487879994, 0.35268742920242924]
other derivatives: [-0.65936092 -0.96379154  0.53689746  0.15440946  0.03969944  0.        ]
Current x array =  [-0.5912905  -0.89565045 -0.47503058  0.65485356 -1.11895537  0.33647224
 -0.92086994 -0.27362774 -3.47524147 -2.22078775 -5.62245256 -3.07238749
 -4.14154634 -3.84277887 -4.62656859 -3.06509464 -5.66978711 -2.29357293
 -4.62548531 -4.62579508]
log likelihood =  -1119.68755745
Edge derivatives =  [0.7125054138236654, -0.7715671073385659, 0.19588407075168435, 0.08810287989563043, -0.5553814930070542, -0.7635399739499109, 0.31874338416333614, 0.18301938771285087, 0.3073205698388012, -0.7690780211341168, -0.5491589779234858, 0.05439897402529101, 0.3135312838027151, 0.3136302455794564]
other derivatives: [-0.79903657 -0.99196313  0.40708983 -0.09104042 -0.01352873  0.        ]
Current x array =  [-0.59118925 -0.89568313 -0.47456987  0.66123671 -1.11526761  0.33647224
 -0.93327292 -0.27354748 -3.45840159 -2.21716715 -5.65180771 -3.06835505
 -4.10749849 -3.8053108  -4.60411579 -3.06236075 -5.69878199 -2.26814246
 -4.60206942 -4.60237051]
log likelihood =  -1119.47730403
Edge derivatives =  [-0.13984534011376137, -0.978239497482188, 0.019863492641332067, -0.3289433356506277, -0.4240210715800303, -0.32694100655985436, 0.08829957769960645, -0.17933851062847184, 0.27554408186471857, -0.30150824887193883, -0.4194202013443448, -1.4055216111463638, 0.2710141312904949, 0.27103085526719284]
other derivatives: [ 1.21181074 -5.75164449  2.10918643 -1.30130502  0.56591034  0.        ]
Current x array =  [-0.59640327 -0.87286201 -0.47666934  0.68972437 -1.12541044  0.33647224
 -0.91251374 -0.26920614 -3.4261735  -2.19527191 -5.92261734 -3.1288201
 -4.02856229 -3.71378707 -4.58572905 -3.12743053 -5.96931225 -2.18560233
 -4.57939384 -4.579666  ]
log likelihood =  -1119.26795206
Edge derivatives =  [0.6119016573332458, -0.158767608568553, -0.008695126065046903, -0.4587779984252969, -0.32878187178706897, -0.2619797263093161, -0.1297304274957433, -0.5616210405737082, 0.2612173565817694, -0.21225899642432833, -0.32575829156856145, -1.8979765686028824, 0.24644790572673825, 0.2464254096415517]
other derivatives: [ 4.0690793   1.44045771  0.86586169 -0.40004124 -0.15745627  0.        ]
Current x array =  [-0.60030845 -0.91153081 -0.47273102  0.67656064 -1.11773276  0.33647224
 -0.92236301 -0.28959086 -3.40234069 -2.18739509 -6.17103857 -3.13241589
 -3.95324758 -3.620322   -4.57117598 -3.13501282 -6.2175     -2.15394236
 -4.56038625 -4.56063004]
log likelihood =  -1119.13767238
Edge derivatives =  [-0.06945500515118047, 0.21925382248271008, 0.07278012287792865, -0.4298544475694993, -0.2752548805936962, -0.3154408970793049, -0.09624876676116839, -0.5788562064824003, 0.3420422651583518, -0.2598180452337562, -0.27236733183614853, -1.4434337807280584, 0.323891436436647, 0.3238745238880184]
other derivatives: [ 0.8148163   0.91101811  0.17325874 -0.06348273 -0.13610588  0.        ]
Current x array =  [-0.59413676 -0.90896297 -0.47152028  0.66649605 -1.12096044  0.33647224
 -0.90409858 -0.30329297 -3.42407971 -2.18793167 -6.34932651 -3.12518331
 -3.96473027 -3.61647052 -4.61916065 -3.12882733 -6.39657952 -2.17941982
 -4.60607837 -4.6063152 ]
log likelihood =  -1119.04423326
Edge derivatives =  [-0.8709912832802291, 0.5857258428250389, 0.1438181301670243, -0.40473307558850996, -0.21271077573097416, -0.18903246848285943, -0.08690782306281633, -0.6168443874510181, 0.42224984169455465, -0.1272793611526532, -0.21033596700314522, -0.9344184961587116, 0.39936896425185786, 0.39934317167819017]
other derivatives: [-0.57966645  0.33207925 -0.27866918  0.3088644  -0.02314664  0.        ]
Current x array =  [-0.59151392 -0.90572522 -0.4705915   0.65566058 -1.12672903  0.33647224
 -0.88231109 -0.31709642 -3.44284966 -2.18834816 -6.60684622 -3.14278314
 -3.96830964 -3.60785903 -4.66859884 -3.14767868 -6.65493546 -2.20841184
 -4.65247573 -4.65270062]
log likelihood =  -1118.94336395
Edge derivatives =  [-0.5308561490055821, 0.5022788670726439, 0.14669173923953094, -0.26511341264856514, -0.17040393215891583, -0.04917663877816829, -0.15135078926879636, -0.6874816346218035, 0.4345686093316778, 0.010636627631492132, -0.16858638343579402, -0.37921423710307084, 0.40705255672783514, 0.4070047801358498]
other derivatives: [ -1.05337676e+00  -9.32232069e-04  -5.21413313e-01   2.45404408e-01
   1.61890057e-01   0.00000000e+00]
Current x array =  [-0.59058508 -0.90302474 -0.4705435   0.65530524 -1.12830906  0.33647224
 -0.89168553 -0.31340295 -3.44010016 -2.19774446 -6.82857768 -3.16274813
 -3.94826004 -3.59243128 -4.67602092 -3.16774286 -6.87692761 -2.24091534
 -4.65759549 -4.65780586]
log likelihood =  -1118.80723876
Edge derivatives =  [-0.889701313042562, -0.8259083653283523, 0.08208174639373111, 0.07825366679812007, -0.11552095276744676, 0.28148761599294847, -0.2761127735835072, -0.640891625349771, 0.3743751765477647, 0.3133276880992075, -0.11453204675349435, 0.4301148693235746, 0.3406022459268968, 0.3405121194422872]
other derivatives: [-0.6312348   0.53287295  1.1883003   0.08196821 -0.36739038  0.        ]
Current x array =  [-0.5909876  -0.90508133 -0.47629382  0.66155295 -1.11461716  0.33647224
 -0.89031783 -0.27821516 -3.41331523 -2.22343273 -7.21764962 -3.21192466
 -3.909789   -3.60412423 -4.63774482 -3.21346282 -7.26602829 -2.29067167
 -4.61750813 -4.61769476]
log likelihood =  -1118.8388021
Edge derivatives =  [1.412653218895691, 0.8224580975541411, -0.03174512933022065, 0.21658143408834468, -0.08456520956857565, 0.8059928107658648, -0.37399184417052805, -0.41503117680433677, 0.23784706027714958, 0.8001211504640215, -0.08416534793549907, 0.8241557098634905, 0.20142973684331122, 0.2013160446976525]
other derivatives: [-0.65915629 -1.23566224 -5.33470939  0.36598067 -0.89182777  0.        ]
Current x array =  [-0.59200837 -0.88860159 -0.46162902  0.6500254  -1.08355515  0.33647224
 -0.95004925 -0.32308537 -3.36880805 -2.24055476 -7.52881785 -3.29487634
 -3.88017728 -3.65739811 -4.55712563 -3.29086063 -7.57640583 -2.31661068
 -4.53781921 -4.53799183]
log likelihood =  -1118.75681813
Edge derivatives =  [0.12852451460873704, -0.09780782163937962, 0.033963319624089425, 0.13962092007341878, -0.1007485811976392, 0.5170445244221393, -0.3185628992909395, -0.5401364775121912, 0.315967302620744, 0.5316073337446077, -0.10004972859674463, 0.6046456103117712, 0.2809757811141046, 0.28087576609703124]
other derivatives: [-0.63889729 -0.23551365 -1.65687197  0.20199877 -0.58780643  0.        ]
Current x array =  [-0.59143548 -0.89785057 -0.46985939  0.65649504 -1.10098818  0.33647224
 -0.91652599 -0.29790272 -3.39378695 -2.23094531 -7.35417991 -3.24832111
 -3.89679636 -3.62749904 -4.6023718  -3.24742241 -7.40221166 -2.30205285
 -4.58254328 -4.58272376]
log likelihood =  -1118.72080636
Edge derivatives =  [0.521305156492155, 0.23702747023689352, -3.6165321301170894e-05, 0.21123905540161506, -0.08993424119345791, 0.48984876294632407, -0.3374672563638895, -0.45867356636996626, 0.27433037876141053, 0.49129028673859765, -0.08938795010606881, 0.7187341248477739, 0.23877463130761212, 0.23865893076318076]
other derivatives: [ 1.42772478 -0.05868515  1.89645561 -0.02769411 -0.43735326  0.        ]
Current x array =  [-0.59455666 -0.89710858 -0.48072717  0.65792098 -1.09533202  0.33647224
 -0.92869097 -0.30685998 -3.38352672 -2.23827386 -7.46894965 -3.24545182
 -3.89197318 -3.64752621 -4.57903426 -3.24258258 -7.51688475 -2.31061225
 -4.55955796 -4.55973379]
log likelihood =  -1118.68278694
Edge derivatives =  [0.5120282093348035, 0.1236678981031698, -0.036912816940691255, 0.23435200422207572, -0.0849257459704179, 0.43838959520888743, -0.36106895361940705, -0.4149066303255384, 0.23087632895360766, 0.4308091727859963, -0.08441328215903515, 0.5879871138417616, 0.19511087383103565, 0.19498765204478474]
other derivatives: [ 0.79778602  0.01282388  2.10711733 -0.17284947 -0.6258233   0.        ]
Current x array =  [-0.59342454 -0.89787856 -0.48140362  0.66243567 -1.09023837  0.33647224
 -0.92941379 -0.30424892 -3.37228584 -2.24139488 -7.52684515 -3.23769087
 -3.88471567 -3.65831831 -4.55418246 -3.23351521 -7.57461341 -2.30267067
 -4.53523798 -4.53541086]
log likelihood =  -1118.78961302
Edge derivatives =  [-0.6176673723252085, -0.865539528856412, -0.11784231716352316, 0.5891783710422759, -0.05166729583827266, -0.2980427015963895, -0.2934246063127597, 0.1554619543346523, -0.010902210472226101, -0.39099853739683565, -0.05111981370465035, 0.3132167613761939, -0.04244383999169965, -0.042679563201385315]
other derivatives: [ 13.88700639  -0.65765562  -1.80330062  -0.42068677  -1.61737717   0.        ]
Current x array =  [-0.62124285 -0.89471928 -0.46526306  0.68513377 -1.0771395   0.33647224
 -0.89892879 -0.28086332 -3.32945622 -2.26811854 -8.02675435 -3.12695939
 -3.89824259 -3.80139985 -4.42233127 -3.11171213 -8.07438076 -2.28270329
 -4.40843686 -4.40859907]
log likelihood =  -1118.6156986
Edge derivatives =  [0.08450172329145667, -0.24977357127225686, -0.06765852458506369, 0.37320028298190616, -0.07024483663386878, 0.16659550546085414, -0.33505561274821827, -0.18665363096968696, 0.14227406904733547, 0.12833388908749663, -0.06968939304318644, 0.48421251009672206, 0.1078610091811637, 0.10769696232353673]
other derivatives: [ 5.96312475 -0.23394477  0.66897883 -0.27043825 -0.99410045  0.        ]
Current x array =  [-0.60405533 -0.89667124 -0.47523549  0.67110977 -1.08523262  0.33647224
 -0.91776391 -0.29531209 -3.35591846 -2.25160735 -7.71788595 -3.19537472
 -3.889885   -3.71299706 -4.5037954  -3.18696804 -7.7656     -2.29504012
 -4.48678081 -4.48694961]
log likelihood =  -1118.53999583
Edge derivatives =  [-0.0985585015448911, -0.09404266082620305, -0.13628052642701965, 0.3693819954426606, -0.05549825276771249, -0.028749362288390007, -0.366689086186257, -0.0614395704950563, 0.042618793752373235, -0.08949706623355747, -0.05503495996822637, 0.08661120866960323, 0.007829263248650187, 0.00765672069374845]
other derivatives: [ 0.79076017 -0.13963017  0.38835424 -0.47575668 -1.2196324   0.        ]
Current x array =  [-0.59428345 -0.89958804 -0.4747311   0.67688242 -1.08183829  0.33647224
 -0.91236071 -0.30135397 -3.33380556 -2.25497908 -7.95481372 -3.16720046
 -3.87925177 -3.74629928 -4.45150568 -3.1558891  -8.00236812 -2.27107008
 -4.43551293 -4.43567255]
log likelihood =  -1118.51535995
Edge derivatives =  [-0.2788012247060715, 0.15215686412291185, -0.1263597847251157, 0.3734872382838904, -0.04681066683137365, -0.0791796166655181, -0.3555135677473576, -0.004405217661547028, 0.037110495762067264, -0.1451618706824383, -0.04639855142234971, 0.12603738186337632, 0.0015495201746708043, 0.001371210306611522]
other derivatives: [-0.46004516 -0.17321327  0.1155513  -0.3695277  -1.05947038  0.        ]
Current x array =  [-0.59191585 -0.90017984 -0.47380344  0.67353434 -1.08791895  0.33647224
 -0.90569875 -0.30877297 -3.33347633 -2.25547461 -8.12511344 -3.15973274
 -3.8817301  -3.76127652 -4.44841958 -3.1477683  -8.17290238 -2.27323174
 -4.43215541 -4.43230945]
log likelihood =  -1118.48285483
Edge derivatives =  [-0.4644562117339659, 0.4814941316066803, -0.094638031576776, 0.38187145940052836, -0.03357852402029867, -0.11493132712015611, -0.32365887066477694, 0.08918957845103939, 0.04439117498596061, -0.18465126607747578, -0.03325920138364746, 0.34598701622975436, 0.007446054322194473, 0.007253713397107776]
other derivatives: [-1.18297976 -0.08612915 -0.30663614 -0.07858034 -0.50295057  0.        ]
Current x array =  [-0.59040996 -0.90180649 -0.47195476  0.66450192 -1.10632453  0.33647224
 -0.89614372 -0.31751985 -3.33695602 -2.25510521 -8.45671637 -3.15371147
 -3.88932612 -3.7858308  -4.45120761 -3.14126049 -8.50504092 -2.2857158
 -4.43426414 -4.43440822]
log likelihood =  -1118.45194421
Edge derivatives =  [-0.34899977975585605, 0.508625429120453, -0.12104474329608517, 0.20099723373858952, -0.025075925123655973, -0.05845504881468787, -0.3137142335634431, 0.11193451171562527, 0.0312904736659831, -0.11513925948247876, -0.024837943369012093, 0.11226014242468105, -0.006065713712653076, -0.006273458600742184]
other derivatives: [-0.66384018 -0.06041319 -0.18835635  0.13401404  0.09940777  0.        ]
Current x array =  [-0.59123263 -0.90290256 -0.47139587  0.65728809 -1.12478876  0.33647224
 -0.89568243 -0.31585972 -3.33463675 -2.24190193 -8.74743192 -3.16089382
 -3.89078961 -3.79181645 -4.44360802 -3.15017252 -8.79604121 -2.27058579
 -4.42667975 -4.42681727]
log likelihood =  -1118.42771773
Edge derivatives =  [-0.10347818390647723, 0.04554619087674405, -0.12789410938160256, 0.031181647148440628, -0.01736609023628972, -0.005986926394483727, -0.24773458119072117, 0.15732924181217203, 0.029350686969420947, -0.04047512540416903, -0.01720063970467067, 0.14744857975303985, -0.00595297155043395, -0.006163961932610495]
other derivatives: [-0.35149696  0.03283276 -0.21841515  0.21634605  0.49842583  0.        ]
Current x array =  [-0.59171958 -0.90389486 -0.47087298  0.65450894 -1.13729892  0.33647224
 -0.90155541 -0.29946295 -3.34189744 -2.22789982 -9.1137579  -3.16777384
 -3.90972752 -3.80363091 -4.44192458 -3.16016301 -9.16286806 -2.27204338
 -4.42614151 -4.42627851]
log likelihood =  -1118.40929263
Edge derivatives =  [-0.09601235699256788, 0.01728112259707748, -0.12501623436240458, -0.23660959631511563, -0.01114957925852388, 0.043467616977388907, -0.1603433018976164, 0.17254818812013753, 0.01973137721340132, 0.04258560512775958, -0.011043557683392248, -0.15567358497010172, -0.010932044306330435, -0.011130490496289894]
other derivatives: [-0.21505002  0.32953267 -0.34592631  0.25133886  0.30188403  0.        ]
Current x array =  [-0.59199222 -0.90536124 -0.47062816  0.65487479 -1.13278336  0.33647224
 -0.90265283 -0.29849942 -3.35352778 -2.20863077 -9.55613183 -3.1748299
 -3.93685752 -3.80732717 -4.43688726 -3.17210031 -9.60577723 -2.25379392
 -4.4235919  -4.42373507]
log likelihood =  -1118.4600493
Edge derivatives =  [-0.2028071171730083, -0.2761416875151588, -0.0558270654275371, -0.3764974056472624, -0.0055654334899416825, -0.04340774385648652, 0.054488522117673605, 0.21477486572039975, 0.03751636215975449, 0.006099725976204548, -0.005500812472228469, -0.16364174935068665, 0.019270526230586338, 0.019116065924907704]
other derivatives: [-0.9787982  -4.71670774  0.88271008 -0.40970463  0.72784587  0.        ]
Current x array =  [ -0.59161685  -0.87669674  -0.47484237   0.66365063  -1.13165602
   0.33647224  -0.90802826  -0.29058772  -3.39524896  -2.19691903
 -10.2553811   -3.16625263  -4.01203236  -3.81918219  -4.44980614
  -3.17076765 -10.30624451  -2.25714838  -4.44262098  -4.442791  ]
log likelihood =  -1118.40432517
Edge derivatives =  [-0.11892103083791522, -0.04798725432547912, -0.10857932038134188, -0.2674889638031186, -0.00950185466904266, 0.023840361751792674, -0.10941112997435802, 0.18245964094189684, 0.0239153337083642, 0.03445679698783326, -0.009406905345918214, -0.1568904209171279, -0.003869638661774588, -0.004057861590058814]
other derivatives: [-0.38789949 -0.80142399 -0.06198206  0.09965788  0.39947281  0.        ]
Current x array =  [-0.59190585 -0.89876554 -0.47159785  0.65689411 -1.13252396  0.33647224
 -0.90388972 -0.29667894 -3.36312782 -2.2059359  -9.71702912 -3.17285627
 -3.95415525 -3.81005501 -4.43985989 -3.17179366 -9.76695478 -2.25456578
 -4.42797049 -4.42811984]
log likelihood =  -1118.39500598
Edge derivatives =  [0.00015209020845896593, -0.028289474168100348, -0.07274891585286852, -0.30281412522352363, -0.00739742524804325, 0.028764072331903867, -0.0357846804179194, 0.20095257029360739, 0.027642008606030118, 0.05609794817766574, -0.007322835908191048, -0.09935112364014653, 0.004024623191560717, 0.003853824874541667]
other derivatives: [-0.06473329 -0.33301149  0.02512479  0.03642526  0.1495664   0.        ]
Current x array =  [ -0.59240463  -0.90056374  -0.47231382   0.65957056  -1.1243324
   0.33647224  -0.90819838  -0.29722531  -3.37611194  -2.20224594
  -9.96728519  -3.17366714  -3.97851441  -3.81450027  -4.44183172
  -3.17508277 -10.01759517  -2.25815779  -4.43203388  -4.43219189]
log likelihood =  -1118.3897565
Edge derivatives =  [0.09237651711312656, 0.025120072325241383, -0.023727210348821443, -0.21937903416959176, -0.0060207837893513465, 0.02455202091075799, 0.02223252691737814, 0.2002639968433595, 0.030781433071448403, 0.06022690622108445, -0.005957978550810742, -0.01368839475386971, 0.011397198560069266, 0.011247928460677903]
other derivatives: [-0.0858563  -0.07300969 -0.24551809 -0.02205525 -0.04970389  0.        ]
Current x array =  [ -0.59235516  -0.90138908  -0.47197189   0.66192827  -1.11779394
   0.33647224  -0.91128634  -0.29889185  -3.38821861  -2.20644969
 -10.17337936  -3.17312174  -3.99847851  -3.81350894  -4.44348414
  -3.17578814 -10.22400996  -2.26339807  -4.43581832  -4.43598677]
log likelihood =  -1118.39801457
Edge derivatives =  [-0.0182567746498441, 0.09630709813988148, 0.022268845348599506, -0.041282540304106, -0.004508404778328318, -0.02925736590271806, 0.06977132628312145, 0.19949716522262378, 0.012371052821512421, 0.003973520977685177, -0.00446029284445721, 0.010932440521244424, -0.0014687613465167448, -0.00159414365069337]
other derivatives: [ 0.53439635  0.55501914  2.72614216 -0.17716957 -0.04067715  0.        ]
Current x array =  [ -0.59281833  -0.90441972  -0.48090698   0.66403985  -1.11396757
   0.33647224  -0.91015674  -0.30161145  -3.39738804  -2.21798383
 -10.46371572  -3.16626482  -4.01605512  -3.81311993  -4.43499263
  -3.16855021 -10.51469386  -2.26578035  -4.43019157  -4.43037254]
log likelihood =  -1118.38855741
Edge derivatives =  [0.06369931356553993, 0.04397277668131894, -0.011667584435798635, -0.17258588502083894, -0.005582394731580432, 0.010560525987692804, 0.0347413363075637, 0.2000896298506072, 0.025995934297492973, 0.0455984515054528, -0.005523814047473963, -0.007181299010974945, 0.00805132111231499, 0.007908261726948168]
other derivatives: [ 0.07669314  0.09179075  0.54262728 -0.06268692 -0.04708909  0.        ]
Current x array =  [ -0.5924762   -0.90218107  -0.47430688   0.66248009  -1.116794
   0.33647224  -0.91099114  -0.29960256  -3.39061485  -2.2094639
 -10.2492526   -3.17132983  -4.00307178  -3.81340728  -4.44126506
  -3.17389666 -10.29997403  -2.26402063  -4.43434789  -4.43451961]
log likelihood =  -1118.38636026
Edge derivatives =  [0.07630362207612917, 0.08233140857251242, 0.018474392497151715, -0.08390262074197996, -0.004980284772089546, 0.004746158147501886, 0.058738159931285505, 0.18958745489721274, 0.02462540859016581, 0.040283462978437934, -0.004926339109864791, 0.016105194173819587, 0.00919879313652816, 0.009068887338273945]
other derivatives: [ 0.05595666  0.12580585  0.24572273 -0.07037215 -0.10293206  0.        ]
Current x array =  [ -0.59247935  -0.90219925  -0.47355905   0.6630515   -1.11515501
   0.33647224  -0.91126469  -0.3008156   -3.39624079  -2.21467331
 -10.36354495  -3.17044143  -4.01159343  -3.80999097  -4.44051807
  -3.17309007 -10.41442504  -2.26538458  -4.43488473  -4.43506307]
log likelihood =  -1118.38343849
Edge derivatives =  [0.04933542057935858, 0.06986883648552933, 0.05283080055168082, 0.04308679924225875, -0.004230962051822454, 0.003411529132739455, 0.07997861306432616, 0.15636223344597538, 0.016741393814493334, 0.03525415254774865, -0.004183226141961896, -0.010759605488042917, 0.005169678749545992, 0.00506221872039065]
other derivatives: [-0.29567673  0.13399131 -0.03933565 -0.0443606  -0.0988166   0.        ]
Current x array =  [ -0.59185527  -0.90236121  -0.47277242   0.66254531  -1.11588293
   0.33647224  -0.91032381  -0.30054731  -3.40162675  -2.2224195
 -10.52679239  -3.1701498   -4.01943909  -3.80023229  -4.43641311
  -3.17226474 -10.57785841  -2.26367053  -4.43276595  -4.43295491]
log likelihood =  -1118.38448083
Edge derivatives =  [-0.04319627441085294, 0.03491051653238664, 0.08721511062159984, 0.20685866799450447, -0.0035730001704250506, 0.00045971270002977127, 0.08908334995197043, 0.10311563514162997, 0.004658660918956538, 0.02063850383240423, -0.0035303206217252576, -0.04687227693091878, -0.0024240503576949957, -0.002514276146181018]
other derivatives: [ 1.66946847  0.00613909 -0.37298378  0.04854428 -0.00229647  0.        ]
Current x array =  [ -0.59566757  -0.90145832  -0.47121216   0.66076585  -1.11962671
   0.33647224  -0.90696373  -0.29951956  -3.40485108  -2.23259726
 -10.6958713   -3.16925121  -4.02303401  -3.78476707  -4.42985996
  -3.16966914 -10.74710462  -2.26103281  -4.42850259  -4.42870471]
log likelihood =  -1118.38239735
Edge derivatives =  [0.011026623049159467, 0.055409419716115016, 0.06704650900133746, 0.11105882837878184, -0.003945247257204327, 0.0021900383897592995, 0.08373935854023976, 0.1344480282965516, 0.011751966759041627, 0.029210529753718087, -0.003899648499000623, -0.025692767426190977, 0.0020316251787662054, 0.0019312849218930637]
other derivatives: [ 0.52054929  0.08124061 -0.17694219 -0.00595719 -0.05886704  0.        ]
Current x array =  [ -0.59343229  -0.90198771  -0.47212699   0.66180921  -1.1174316
   0.33647224  -0.90893386  -0.30012216  -3.40296054  -2.22662969
 -10.59673451  -3.16977809  -4.02092618  -3.79383486  -4.4337023
  -3.17119103 -10.64786973  -2.26257939  -4.43100234  -4.43119675]
log likelihood =  -1118.38110557
Edge derivatives =  [-0.037616639878386815, 0.009655217773476554, 0.07270138428375852, 0.15012972477233122, -0.003622303521387338, 0.007021515219820723, 0.08320317270108207, 0.10833598667923826, 0.0030657240845766744, 0.029322255418549478, -0.003579890756010965, -0.08629868573082136, -0.0048064099920738235, -0.004894605162265531]
other derivatives: [ 0.05684342  0.06293703 -0.16277681  0.03599325  0.01791705  0.        ]
Current x array =  [ -0.5925464   -0.90225831  -0.47208205   0.66045268  -1.12042594
   0.33647224  -0.90735712  -0.29876286  -3.40295983  -2.22917815
 -10.68215027  -3.17040697  -4.02095467  -3.78660616  -4.42924979
  -3.17112616 -10.73335106  -2.25886397  -4.42750836  -4.42770785]
log likelihood =  -1118.38043757
Edge derivatives =  [-0.05445895273033036, -0.021667351081878783, 0.06601924254820704, 0.13685327986289475, -0.0035203431081188676, 0.012338360473087867, 0.0769015256858398, 0.09384901906582557, -0.0015167359128150301, 0.03125357347118726, -0.0034792188277393997, -0.11248465070886904, -0.008775014799625502, -0.008858900883869411]
other derivatives: [-0.04313279  0.04379217 -0.0813543   0.05425136  0.06364189  0.        ]
Current x array =  [ -0.59234607  -0.90232327  -0.4722387    0.65978549  -1.12203676
   0.33647224  -0.90681565  -0.29778057  -3.40141716  -2.22843241
 -10.71064559  -3.17115091  -4.01884221  -3.78273595  -4.42692181
  -3.17137459 -10.76185532  -2.25726654  -4.42550078  -4.42570223]
log likelihood =  -1118.37871896
Edge derivatives =  [-0.061165780983928275, -0.05723258613558002, 0.048119763872596144, 0.09106699917033437, -0.0032538196689773295, 0.0236640246035041, 0.0618291790328076, 0.051529097683921096, -0.011629129095432681, 0.03246540977828126, -0.0032161947233514667, -0.12391710970031233, -0.016822932173826466, -0.016892344942792455]
other derivatives: [-0.14281341  0.00061391  0.05136371  0.06414211  0.10588792  0.        ]
Current x array =  [ -0.59215275  -0.90225898  -0.47253872   0.65926515  -1.12342804
   0.33647224  -0.90664493  -0.29666295  -3.3978153   -2.2258298
 -10.7892759   -3.17280246  -4.01398016  -3.77152172  -4.42187166
  -3.17155899 -10.84052628  -2.25659078  -4.42150497  -4.42171353]
log likelihood =  -1118.37668362
Edge derivatives =  [-0.039992710380809426, -0.04351555111015126, 0.02643940718231419, 0.030544675921145126, -0.002836496261255501, 0.029356697802452564, 0.04395816002643449, -0.014825251178571697, -0.024212923053517587, 0.02256018199845769, -0.0028040858857521574, -0.0667545749050722, -0.025424724525314968, -0.025466075866239217]
other derivatives: [-0.18287665 -0.05034053  0.10679742  0.03187779  0.0756927   0.        ]
Current x array =  [ -0.59210538  -0.90195826  -0.47272144   0.66002905  -1.12222597
   0.33647224  -0.90741991  -0.29711097  -3.39367579  -2.22249446
 -10.92650488  -3.1737202   -4.00851851  -3.75414895  -4.41570282
  -3.17022826 -10.977859    -2.26010749  -4.41733307  -4.41755578]
log likelihood =  -1118.37596854
Edge derivatives =  [0.004192171843056758, -0.023112211300831076, 0.013794329078960318, -0.009515727056934181, -0.002552514264812682, 0.007405985870949511, 0.031956104771238066, -0.0373820469347437, -0.02728089161783771, -0.0030958260977183155, -0.002523308155159404, -0.0003460226607985284, -0.025620553512527455, -0.025637347640586776]
other derivatives: [-0.03435616  0.29808689 -0.04195044  0.04906724  0.00743512  0.        ]
Current x array =  [ -0.59234268  -0.90391204  -0.47226744   0.66035938  -1.12099719
   0.33647224  -0.90818097  -0.29758647  -3.39045942  -2.22010939
 -11.03174945  -3.17029161  -4.00431935  -3.74822725  -4.41393868
  -3.16628147 -11.083204    -2.26385412  -4.41699378  -4.41722869]
log likelihood =  -1118.37546541
Edge derivatives =  [0.013013085559497428, 0.0008104287024770507, 0.012072556578937604, -0.01624995453483921, -0.0024009721676067366, -0.007966890591840567, 0.03417437494656064, -0.04282384757977178, -0.026492368188812287, -0.01747199705001519, -0.0023731807710394566, 0.04727684586501288, -0.02322480534640803, -0.023229717299813553]
other derivatives: [-0.01234639  0.00661657 -0.01075477 -0.0079126  -0.02171419  0.        ]
Current x array =  [ -0.59246225  -0.90205487  -0.47247632   0.66145133  -1.11904298
   0.33647224  -0.90902693  -0.29848015  -3.39102178  -2.21985071
 -11.09330612  -3.16835957  -4.00545312  -3.74694255  -4.41461367
  -3.16450332 -11.14484333  -2.26700747  -4.4184577   -4.41869899]
log likelihood =  -1118.37527582
Edge derivatives =  [0.01601218080259792, 0.004474715239834337, 0.013621574875208861, -0.011969434324518718, -0.0023711631109428833, -0.014965725060989352, 0.03561539662906716, -0.0340619640864616, -0.02431143083109932, -0.021013955775764218, -0.002343545706273102, 0.04547315478027275, -0.020933357983704215, -0.02093629873371268]
other derivatives: [ 0.01546141  0.00345608 -0.02144134 -0.00898126 -0.02301022  0.        ]
Current x array =  [ -0.59251637  -0.90201735  -0.47244802   0.66148995  -1.11896134
   0.33647224  -0.90910013  -0.29858128  -3.39132804  -2.22008721
 -11.10583577  -3.16735138  -4.0058671   -3.74922208  -4.41569566
  -3.16399376 -11.1573952   -2.26689871  -4.41959337  -4.41983571]
log likelihood =  -1118.37428951
Edge derivatives =  [0.012372592078877753, 0.02084401453514073, 0.013726868862037764, -0.0028335646647695834, -0.0019901528365693635, -0.049791854617349196, 0.03386901563823442, -0.0034319719467635137, -0.015879495560748347, -0.038890041188285776, -0.001966122383987504, 0.01582110178661325, -0.00996009948226928, -0.00993577720161112]
other derivatives: [ 0.1349008   0.0148475   0.08003553 -0.01573426 -0.02460183  0.        ]
Current x array =  [ -0.59272264  -0.90205977  -0.47271737   0.66163716  -1.11875183
   0.33647224  -0.90899883  -0.29909759  -3.39094263  -2.22073627
 -11.28117737  -3.16237285  -4.00498844  -3.75733477  -4.41991179
  -3.16144913 -11.33295513  -2.26513563  -4.42507165  -4.42532784]
log likelihood =  -1118.37697231
Edge derivatives =  [0.025472495488878533, 0.0017284950838967195, -0.0069536291887212845, -0.049782928638280294, -0.0014843411327246576, -0.0825175728546848, 0.009363906748304306, 0.036613896469660484, -0.005114197767362098, -0.049926642207636054, -0.0014652794960635699, -0.05964790537533646, 0.004260802990459278, 0.004328914700016822]
other derivatives: [-0.30099727 -0.31498075 -1.43215857  0.05450147 -0.03278728  0.        ]
Current x array =  [ -0.59226869  -0.90064048  -0.46822668   0.66086101  -1.12086871
   0.33647224  -0.90830433  -0.29844279  -3.38511141  -2.21788735
 -11.57424627  -3.15724987  -3.99565921  -3.76804671  -4.42486877
  -3.1594211  -11.62634336  -2.26015661  -4.43177905  -4.43205718]
log likelihood =  -1118.37406381
Edge derivatives =  [0.015266360446171912, 0.016731424202548917, 0.009231577506243288, -0.013042301255682981, -0.0018669538075672778, -0.05690408131982769, 0.02854785055284878, 0.005343211993689624, -0.013526549935908891, -0.04128768340982093, -0.0018440985583408063, -0.0005830335210112725, -0.006850705500979215, -0.006816788079528034]
other derivatives: [ 0.03994955 -0.05691163 -0.24692781 -0.00052296 -0.02644356  0.        ]
Current x array =  [ -0.59262372  -0.90175048  -0.47173876   0.66146802  -1.11921314
   0.33647224  -0.90884749  -0.2989549   -3.38967189  -2.22011543
 -11.34504278  -3.16125645  -4.00295542  -3.75966911  -4.42099202
  -3.16100718 -11.39689012  -2.26405061  -4.42653332  -4.42679429]
log likelihood =  -1118.3735053
Edge derivatives =  [0.001887789426014863, 0.01852227079047286, 0.0019184218345103116, -0.020117685285657244, -0.0015483441165314526, -0.07516092125985221, 0.019192926353737226, 0.010097164747179178, -0.011311615622449447, -0.0511447142648712, -0.0015289484400631207, -0.033627598326251396, -0.0016607270481009406, -0.0015980938793922692]
other derivatives: [ 0.08860752 -0.04590675 -0.07498784 -0.00288765 -0.01030003  0.        ]
Current x array =  [ -0.59268678  -0.90188164  -0.47217558   0.66140116  -1.11963164
   0.33647224  -0.90847272  -0.29903669  -3.38765663  -2.2199056
 -11.53224119  -3.15866996  -3.99970436  -3.7610652   -4.42212     -3.15961548
 -11.58429197  -2.26208596  -4.42914951  -4.42942499]
log likelihood =  -1118.37295912
Edge derivatives =  [-0.012072143433741078, 0.014224638659943833, -0.00668351145231702, -0.02371687615232307, -0.0012290674662262923, -0.0814943886965124, 0.006441108804988521, 0.00140089257358475, -0.011573931298325572, -0.05382668333944879, -0.0012133455000825964, -0.06175511989190674, 0.0016935534216678816, 0.001789747178920966]
other derivatives: [ 0.0110731  -0.04695266  0.05836682 -0.00757154  0.00543423  0.        ]
Current x array =  [ -0.592522    -0.90198459  -0.47251942   0.66138684  -1.12010613
   0.33647224  -0.9080855   -0.29895955  -3.38512318  -2.22000948
 -11.76321158  -3.15779286  -3.99545148  -3.75892111  -4.42201393
  -3.15925683 -11.81550233  -2.26042294  -4.43085657  -4.43114879]
log likelihood =  -1118.37252353
Edge derivatives =  [-0.025939145058914148, -0.006951013123080774, -0.017040744239889445, -0.021334561845288563, -0.0008963032204372729, -0.06807414009966425, -0.011627516759188904, -0.01898954306881387, -0.01352115839741155, -0.04198894576779634, -0.0008845655431554033, -0.09013486494834494, 0.004165434110449895, 0.004299829806887399]
other derivatives: [ 0.40665782 -0.08005827  0.11546035  0.00111413  0.03769856  0.        ]
Current x array =  [ -0.59327212  -0.90182355  -0.47252736   0.66116033  -1.12114803
   0.33647224  -0.90757169  -0.29832769  -3.3817514   -2.22051516
 -12.07885622  -3.15963965  -3.98946958  -3.75363065  -4.42097544
  -3.16088255 -12.13146603  -2.25865523  -4.43203378  -4.43234619]
log likelihood =  -1118.37199952
Edge derivatives =  [-0.029759692758253964, -0.00999589094725617, -0.022505284129786175, -0.005533443162729912, -0.0006410012226212889, -0.0579550338655315, -0.025625254350806162, -0.03719359210717591, -0.013682116984973965, -0.033683790268189726, -0.0006324215530357529, -0.08405579948894257, 0.008598873220426184, 0.008777488148263134]
other derivatives: [-0.21600499 -0.06559731  0.17500952 -0.01978151  0.02796696  0.        ]
Current x array =  [ -0.59208105  -0.902055    -0.47282469   0.66151058  -1.12083822
   0.33647224  -0.90759357  -0.29837815  -3.37952708  -2.2219703
 -12.41415132  -3.1611855   -3.98502785  -3.7490629   -4.42098719
  -3.16217582 -12.46711534  -2.259116    -4.43436167  -4.4346952 ]
log likelihood =  -1118.37168835
Edge derivatives =  [-0.021327841051434926, -0.00987379284949097, -0.018672378733527138, 0.008084388525456981, -0.0006214520298004182, -0.04765375780295335, -0.023942991485522556, -0.03743248840312258, -0.012811580021247437, -0.025844023118991852, -0.0006131246150192451, -0.0666609365932698, 0.009427627835600694, 0.009605734615844436]
other derivatives: [-0.13487806 -0.06123173  0.08983534 -0.01948592  0.01721219  0.        ]
Current x array =  [ -0.59224426  -0.90200377  -0.47259827   0.66161251  -1.1205011
   0.33647224  -0.90781264  -0.29838155  -3.3801392   -2.22278351
 -12.44508522  -3.16263558  -3.98560383  -3.74893773  -4.42139703
  -3.16327977 -12.49808651  -2.26013656  -4.43475717  -4.43509068]
log likelihood =  -1118.37117793
Edge derivatives =  [0.002258077831804539, -0.006019123482855715, -0.004349213197329796, 0.05870850887663556, -0.0005341872751786204, -0.016122448348450433, -0.017279770667063966, -0.02950227044278994, -0.007624129081243349, 0.0004448141767783992, -0.0005269652961823525, -0.017633678812571107, 0.01466388119980433, 0.01484412121318213]
other derivatives: [ 0.00677574 -0.02444267 -0.07398739 -0.02012257 -0.01177796  0.        ]
Current x array =  [ -0.59251414  -0.90198035  -0.47222661   0.6618239   -1.11946229
   0.33647224  -0.90848555  -0.29851274  -3.38251465  -2.2258429
 -12.59631212  -3.16713001  -3.98784096  -3.75084664  -4.42395347
  -3.16703835 -12.64949746  -2.2630556   -4.43737044  -4.43770553]
log likelihood =  -1118.37104436
Edge derivatives =  [0.0065391232415887846, -0.0029085011383542803, -0.00423952367403288, 0.05520581865668514, -0.0004949669507996787, -0.011211401967486725, -0.01699124573536319, -0.02308201562443475, -0.005197296582443306, 0.004524326965164166, -0.0004882484737912868, -0.0059788359232778865, 0.01701409221141581, 0.017195825542582498]
other derivatives: [ 0.0200771  -0.01011813 -0.06014034 -0.01193712 -0.01018634  0.        ]
Current x array =  [ -0.59252554  -0.90201628  -0.47229253   0.66156569  -1.11944718
   0.33647224  -0.9086195   -0.29859203  -3.382685    -2.22558639
 -12.67253462  -3.16784171  -3.98787625  -3.75254394  -4.42517223
  -3.16763098 -12.72580885  -2.26376313  -4.43856161  -4.43889748]
log likelihood =  -1118.3707589
Edge derivatives =  [-0.008718421961317002, -0.0028725425126006066, -0.00882364596860094, 0.014295055472657803, -0.000391544559095844, 0.005480713732768094, -0.015333839808347141, -0.005206496116329652, 0.0011000526780896615, 0.013115447130307684, -0.000386183495798446, 0.014910598121384011, 0.0210439779913687, 0.02121281187534559]
other derivatives: [ 0.02257821 -0.07285053  0.02914931 -0.00356977  0.00163709  0.        ]
Current x array =  [ -0.59251873  -0.90160128  -0.47258748   0.66112255  -1.11957177
   0.33647224  -0.9084144   -0.29862354  -3.38314342  -2.2228357
 -12.90683772  -3.17032862  -3.98827899  -3.75736823  -4.42840857
  -3.16894969 -12.96037913  -2.26510225  -4.44067762  -4.44100701]
log likelihood =  -1118.37103391
Edge derivatives =  [0.007992548132525257, 0.01579366230391055, -0.012504431789776421, -0.026896581250602458, -0.00029480549526825233, 0.005735224976613065, -0.01640885137490948, 0.006420494737654631, 0.006195269616705867, 0.008954653166293472, -0.00029071755372192987, 0.010571166383332248, 0.02492432885177187, 0.02508928051186589]
other derivatives: [ 0.05691163  0.35629455  0.00818545  0.03688001 -0.03028617  0.        ]
Current x array =  [ -0.59248107  -0.90410852  -0.47247989   0.66075229  -1.11963422
   0.33647224  -0.90828976  -0.29897301  -3.38262191  -2.21995586
 -13.19019251  -3.17007253  -3.98742354  -3.76037822  -4.4306841
  -3.16806059 -13.24404778  -2.26456001  -4.44236297  -4.44269009]
log likelihood =  -1118.37070094
Edge derivatives =  [-0.003790127859745307, 0.002627280773084051, -0.009903084274458018, 0.0022086944142176435, -0.0003602225489927734, 0.005557805455354184, -0.01564926730888573, -0.001784469987809588, 0.002599098839638221, 0.011895420651346494, -0.0003552718635998034, 0.013641093513899083, 0.022185458303454197, 0.02235315000169599]
other derivatives: [ 0.03269633  0.05343281  0.02301022  0.0082764  -0.00777618  0.        ]
Current x array =  [ -0.59250766  -0.90233792  -0.47255587   0.66101377  -1.11959012
   0.33647224  -0.90837778  -0.29872622  -3.3829902   -2.22198959
 -12.99008879  -3.17025338  -3.98802765  -3.75825258  -4.42907713
  -3.16868847 -13.04372241  -2.26494293  -4.44117279  -4.44150151]
log likelihood =  -1118.37065057
Edge derivatives =  [-0.008591951510919182, 0.0019699092206626467, -0.011588004936517599, -0.010151273505229153, -0.00033977902089417096, 0.008628978794805092, -0.015486867234769955, -0.0015303802734168287, 0.002976444870197291, 0.011748287382985473, -0.0003350998179296186, 0.010997259963602651, 0.021702864119979237, 0.021864150352082667]
other derivatives: [ 0.01227818  0.03442437  0.03985861  0.00572982 -0.00368345  0.        ]
Current x array =  [ -0.59247243  -0.90225018  -0.47259748   0.66104715  -1.11969597
   0.33647224  -0.90826948  -0.29870275  -3.38301311  -2.22117056
 -13.04848962  -3.17071012  -3.98807275  -3.75834759  -4.42927979
  -3.16868047 -13.10218575  -2.26479624  -4.44094165  -4.4412671 ]
log likelihood =  -1118.37052508
Edge derivatives =  [-0.012009579991435593, 0.002856057302912385, -0.014078137639924021, -0.03729142055629325, -0.0002807668960894157, 0.014281648213041842, -0.01400860224379958, -0.0014977902231812987, 0.003925679934316802, 0.008372451605090953, -0.0002768576690064043, -0.003802343392211638, 0.019637395130973623, 0.019775399795265658]
other derivatives: [-0.05420588 -0.01703029 -0.03003606 -0.0020691   0.00195541  0.        ]
Current x array =  [ -0.59237991  -0.90203039  -0.47236659   0.66127847  -1.11996055
   0.33647224  -0.90812248  -0.29867643  -3.38334843  -2.21930583
 -13.23917912  -3.1715169   -3.98851701  -3.75837965  -4.42974839
  -3.16818457 -13.29307969  -2.26389401  -4.43988962  -4.44020325]
log likelihood =  -1118.3704299
Edge derivatives =  [-0.01437065683336114, 0.00482462799151806, -0.01313069657074524, -0.055700492656071576, -0.00023387099870696276, 0.02147894379000588, -0.008772027011627097, -0.006735456752157615, 0.00342838675559649, 0.0025957904575615864, -0.00023059253609877218, -0.016604165000768084, 0.01434278059678884, 0.014440558578813704]
other derivatives: [-0.02673914 -0.02601155  0.14188117 -0.03210516  0.00989075  0.        ]
Current x array =  [ -0.59241328  -0.90199938  -0.47283819   0.66195303  -1.1198763
   0.33647224  -0.90815257  -0.29867234  -3.38464485  -2.21796429
 -13.42189484  -3.17261709  -3.99037088  -3.7570092   -4.42955528
  -3.16741341 -13.47598995  -2.26318049  -4.43727257  -4.43756596]
log likelihood =  -1118.37031502
Edge derivatives =  [-0.004810196995888694, 0.006264078600658474, -0.009001167936980685, -0.04960978362731813, -0.00020791779239408487, 0.025067872900552568, -0.005240168302010108, -0.008546670113759425, 0.0037230881998992216, 0.0009724572264094566, -0.00020497598454342442, -0.020997048025382742, 0.012208870379332604, 0.01228654596357024]
other derivatives: [-0.04920366 -0.02212346  0.03794867 -0.03535661  0.00193268  0.        ]
Current x array =  [ -0.59239145  -0.90202354  -0.47254179   0.66215885  -1.11973958
   0.33647224  -0.90833841  -0.29867035  -3.38562558  -2.2182183
 -13.53948378  -3.17310025  -3.99156181  -3.75645955  -4.42966829
  -3.16714592 -13.59370694  -2.26288149  -4.43616355  -4.4364468 ]
log likelihood =  -1118.37017673
Edge derivatives =  [0.0140675522714232, 0.007893269247006618, 0.0005865803431708977, -0.023980714331193254, -0.00016854564471509113, 0.029443584179123142, 0.001077312850043824, -0.012772000970548862, 0.004084437982494766, -0.0016811040234072233, -0.00016611826683464602, -0.0229885806327515, 0.00852565351252521, 0.008569406353445101]
other derivatives: [-0.01450644  0.01000444 -0.06630216 -0.03642526 -0.01184617  0.        ]
Current x array =  [ -0.59246745  -0.90215321  -0.47226131   0.66234375  -1.11937159
   0.33647224  -0.90878587  -0.2986602   -3.38752733  -2.2196527
 -13.74940012  -3.17368912  -3.99375201  -3.75520211  -4.42980606
  -3.16672266 -13.80385294  -2.2627206   -4.43426683  -4.43453302]
log likelihood =  -1118.37009658
Edge derivatives =  [0.017154537959009897, 0.005832680475538865, 0.005342746222063113, -0.011461234400478443, -0.00014550714730551318, 0.028114960893582286, 0.0042901923043402665, -0.01264805802936425, 0.004733950162131937, -0.004653488507907033, -0.00014338401638021325, -0.0213845119360212, 0.006566745162786547, 0.00658932982843222]
other derivatives: [ 0.02305569  0.02030447 -0.0744194  -0.02285105 -0.01373337  0.        ]
Current x array =  [ -0.59253187  -0.90216412  -0.47225724   0.6619759   -1.11932554
   0.33647224  -0.90890763  -0.29860264  -3.38851166  -2.22036172
 -13.89640738  -3.17349438  -3.99486544  -3.75517325  -4.43013036
  -3.16629102 -13.9510216   -2.26281724  -4.43327698  -4.43353241]
log likelihood =  -1118.37010353
Edge derivatives =  [0.014293125988693589, -0.001116260405191305, 0.016470112311042118, 0.020403681010042973, -9.898112465791639e-05, 0.021848046156344877, 0.01171687303017669, -0.009499425931082071, 0.006807191104936123, -0.01038803193469888, -9.748944460658568e-05, -0.007368166737901555, 0.0023007830797568962, 0.002274236494373739]
other derivatives: [-0.33305696  0.04195044 -0.01352873  0.00547971 -0.01500666  0.        ]
Current x array =  [ -0.5918245   -0.90226896  -0.47257557   0.66097322  -1.11925875
   0.33647224  -0.90906245  -0.29848456  -3.39084561  -2.22227371
 -14.2818478   -3.17267314  -3.9974884   -3.75595164  -4.43125441
  -3.16554585 -14.33688732  -2.26374732  -4.43120982  -4.43143932]
log likelihood =  -1118.37003881
Edge derivatives =  [0.01576826872541026, 0.002465959668292772, 0.01073938685857237, 0.003990664575100777, -0.00012071970915488505, 0.025078322009586942, 0.007892299498189065, -0.011121405647519553, 0.00573920572218857, -0.0074322931551763505, -0.00011893021675710872, -0.014589028261487419, 0.004500210465569476, 0.004499006724354018]
other derivatives: [-0.14949819  0.03069545 -0.04495178 -0.00914042 -0.01434728  0.        ]
Current x array =  [ -0.59218901  -0.90221493  -0.47241153   0.6614899   -1.11929317
   0.33647224  -0.90898267  -0.29854541  -3.38964293  -2.22128846
 -14.08323118  -3.17309632  -3.9961368   -3.75555054  -4.43067519
  -3.16592983 -14.13805155  -2.26326805  -4.43227502  -4.43251789]
log likelihood =  -1118.36995792
Edge derivatives =  [0.007151220089472554, -0.002792541370110202, 0.014317596028702015, 0.009252759051563447, -9.33204358476236e-05, 0.020157903227534996, 0.010839544077530884, -0.005407417747268307, 0.007896037643675718, -0.011084369290034021, -9.190665900600214e-05, -0.0068459044142168135, 0.002980231021594726, 0.0029501566555240055]
other derivatives: [ 0.0250111   0.02260094 -0.00868567  0.02517027 -0.00618456  0.        ]
Current x array =  [ -0.59250134  -0.90207578  -0.47251857   0.66049577  -1.11954147
   0.33647224  -0.90884817  -0.29842502  -3.3905655   -2.22152031
 -14.34070817  -3.17239015  -3.99710785  -3.75700698  -4.43176805
  -3.16540474 -14.3958123   -2.26374339  -4.43151168  -4.43174006]
log likelihood =  -1118.36993649
Edge derivatives =  [0.0017847175140444094, -0.0033449858265757193, 0.012924565595938797, 0.0034181510481876842, -8.891782034876845e-05, 0.017258204298166588, 0.01014555874208091, -0.0036822512106534297, 0.008268581649549713, -0.01206868220819235, -8.756545024146826e-05, -0.007210812795524019, 0.003018821198725874, 0.00298660129557601]
other derivatives: [ 0.01625722  0.01407443  0.00411546  0.02939942 -0.00109139  0.        ]
Current x array =  [ -0.59248391  -0.90204484  -0.4725475    0.66034962  -1.11972206
   0.33647224  -0.90870322  -0.29841556  -3.39035672  -2.22115775
 -14.3890425   -3.17197417  -3.99684548  -3.75748296  -4.4319594
  -3.16526483 -14.44419903  -2.263724    -4.43153344  -4.43176069]
log likelihood =  -1118.36987682
Edge derivatives =  [-0.005732114708589586, -0.000960009694303654, 0.009647134191526394, -0.007309151825418414, -7.445515044993902e-05, 0.006545986462266742, 0.00819325721908122, 0.001437332618975204, 0.009220425061054447, -0.013230732301139997, -7.33056318959272e-05, -0.003940673180323928, 0.002810287145249113, 0.0027694223737948845]
other derivatives: [-0.00561613 -0.00582077  0.01616627  0.02125944  0.01141416  0.        ]
Current x array =  [ -0.59244872  -0.9019977   -0.47254365   0.66054335  -1.12010664
   0.33647224  -0.90841914  -0.29846393  -3.38972962  -2.22050356
 -14.56658652  -3.17042048  -3.99609441  -3.75888232  -4.43243477
  -3.16508976 -14.62193634  -2.26390981  -4.43142365  -4.43164665]
log likelihood =  -1118.3698314
Edge derivatives =  [-0.008468721397816736, -0.0011541944634994028, 0.007542675851257147, -0.011146478686901606, -6.010078263717836e-05, -0.002716801558014764, 0.006812316091579049, 0.005439294792861822, 0.009726360287508909, -0.011190546255237563, -5.915685254385805e-05, 0.001590868547643537, 0.0018612745984819545, 0.001808336093987211]
other derivatives: [-0.00857199  0.00179625  0.00927685  0.0041382   0.00700311  0.        ]
Current x array =  [ -0.59245025  -0.90208218  -0.47249738   0.66108612  -1.12000934
   0.33647224  -0.90829207  -0.29845669  -3.38919965  -2.22029375
 -14.78078508  -3.16906939  -3.9955568   -3.75996564  -4.43267638
  -3.16537018 -14.83636862  -2.26422494  -4.4309354   -4.43115255]
log likelihood =  -1118.36986149
Edge derivatives =  [0.0022118931019449173, 0.0027303457270890785, 0.005273590288186136, 0.0022414131287702976, -4.7260630757749564e-05, -0.011083149823843674, 0.00413703605462807, 0.006878210963025266, 0.008459931415854771, -0.0031297682641535512, -4.650184103818246e-05, 0.0026595765990926334, 0.00025973443703253274, 0.00020162006344919686]
other derivatives: [-0.03558398 -0.15782007 -0.00575255 -0.02746674  0.01471108  0.        ]
Current x array =  [ -0.59244524  -0.90115648  -0.47247307   0.66167996  -1.11974365
   0.33647224  -0.90872159  -0.29860362  -3.3883076   -2.22136607
 -15.0213256   -3.16797144  -3.9947653   -3.76041894  -4.43214376
  -3.16663866 -15.07717267  -2.26439132  -4.43023792  -4.4304528 ]
log likelihood =  -1118.36981715
Edge derivatives =  [-0.004602321168494683, 0.00025310861910443627, 0.006722663139821672, -0.006300279637431072, -5.509532517978876e-05, -0.005742325736184203, 0.005844799113428369, 0.005960097415935617, 0.009268345131117836, -0.008272768547043868, -5.422303791303584e-05, 0.0019782504430406467, 0.0012820626869289864, 0.0012272523716271473]
other derivatives: [-0.01841727 -0.05593392  0.00379714 -0.00727596  0.00975433  0.        ]
Current x array =  [ -0.59244844  -0.90174726  -0.47248858   0.66130097  -1.11991321
   0.33647224  -0.90844747  -0.29850985  -3.3888769   -2.22068172
 -14.86781371  -3.16867214  -3.99527043  -3.76012964  -4.43248368
  -3.16582912 -14.92349259  -2.26428514  -4.43068305  -4.43089937]
log likelihood =  -1118.36979338
Edge derivatives =  [-6.455919028203194e-05, 0.0009952147177805237, 0.005832682897404837, -0.00368202915105445, -4.7767509997981636e-05, -0.009853736752718778, 0.004910979056012212, 0.007107435405205927, 0.008910770450501957, -0.004417964751698408, -4.700319144684307e-05, 0.004495999087867075, 0.00028180983849734886, 0.00022079301040807062]
other derivatives: [-0.0056616  -0.02316938  0.00932232 -0.0174623   0.00115961  0.        ]
Current x array =  [ -0.59246765  -0.90193615  -0.47249978   0.66164983  -1.11966675
   0.33647224  -0.90853955  -0.29852802  -3.38845699  -2.22089744
 -15.01054116  -3.16806528  -3.99492956  -3.76043654  -4.4322889
  -3.16637169 -15.06637585  -2.26442197  -4.43016858  -4.43038192]
log likelihood =  -1118.36977483
Edge derivatives =  [0.004050201632347705, 0.0008494292329546127, 0.004814615655783838, 0.0003322403120594175, -4.3023152893896726e-05, -0.011353509277223256, 0.0035929980140128603, 0.007037910636038494, 0.008044176703938404, 0.00016508608934011348, -4.2329269684460535e-05, 0.004336338416615015, -0.00044925436899745375, -0.0005102922679649825]
other derivatives: [-0.00175078 -0.00140972 -0.01766693 -0.01393801 -0.00720775  0.        ]
Current x array =  [ -0.59247475  -0.90204774  -0.47242978   0.66162076  -1.11948832
   0.33647224  -0.90863731  -0.29854047  -3.38791205  -2.22122703
 -15.11515418  -3.1678337   -3.99447513  -3.76041488  -4.43183627
  -3.16701715 -15.17110309  -2.26439851  -4.42978689  -4.43000019]
log likelihood =  -1118.36975871
Edge derivatives =  [0.008903386904470345, 0.0016882421898682942, 0.0025575510915487043, 0.00652552810493548, -3.807525886228728e-05, -0.010473891605515429, 0.0011262306126525387, 0.004685438197132519, 0.00596948615659583, 0.007329045979609053, -3.7456347653164715e-05, -0.0010418999219919955, -0.001525725816733936, -0.001580890889550178]
other derivatives: [ 0.02091838  0.0217824   0.04224603 -0.01209628 -0.00989075  0.        ]
Current x array =  [ -0.59249925  -0.90215322  -0.47261509   0.66152627  -1.11932277
   0.33647224  -0.90880834  -0.29858973  -3.38696958  -2.22178114
 -15.23735194  -3.16797677  -3.99368926  -3.75981491  -4.43080545
  -3.16806654 -15.29343368  -2.26409289  -4.42926181  -4.42947801]
log likelihood =  -1118.36974622
Edge derivatives =  [0.008369213966056832, 0.0006930628909744829, 0.0017829074331603412, 0.007351593786468186, -3.57711887010432e-05, -0.009064809540882054, 0.00026181505871537836, 0.0038995733012857914, 0.005219443318838762, 0.009101919541224107, -3.5187030815041735e-05, -0.004166999122431625, -0.0019146929799435108, -0.0019675341350888706]
other derivatives: [ 0.0114369   0.01755325 -0.01714398  0.00366072 -0.01100489  0.        ]
Current x array =  [ -0.59248968  -0.9021261   -0.47244977   0.66113625  -1.11942666
   0.33647224  -0.90877365  -0.29857957  -3.38660748  -2.22187342
 -15.29976354  -3.16816105  -3.99338881  -3.75959605  -4.43040947
  -3.16830244 -15.35591312  -2.26388828  -4.42904792  -4.42926515]
log likelihood =  -1118.36974003
Edge derivatives =  [0.004988846172957362, 0.0002923547233102397, 0.0010358769373512988, 0.005011557717600951, -3.558461114310038e-05, -0.00789814527540715, -0.00016247762410635802, 0.0033762460922331025, 0.004926797930818211, 0.008530407417673011, -3.500354274687625e-05, -0.006174473051346413, -0.0018714820297704993, -0.0019216770860228105]
other derivatives: [ 0.00195541  0.00723048 -0.01316494  0.00800355 -0.00625278  0.        ]
Current x array =  [ -0.59247226  -0.90207792  -0.47245778   0.66098214  -1.11958592
   0.33647224  -0.9086819   -0.29857288  -3.38646385  -2.22173856
 -15.30498863  -3.16833221  -3.99324821  -3.75946605  -4.43026516
  -3.16822196 -15.36114352  -2.26377035  -4.429072    -4.42929049]
log likelihood =  -1118.36973108
Edge derivatives =  [-0.0010220845440553905, -0.00046298212439088715, -0.00035426814235976767, 0.0013120932511284933, -3.38262079163806e-05, -0.005724416529968579, -0.0008922383374444023, 0.0024666044990404937, 0.004219506263825591, 0.007609715410639525, -3.327257921448537e-05, -0.007309748419095957, -0.002088126838719284, -0.002134991394158337]
other derivatives: [-0.00234195 -0.00404725 -0.00145519  0.01061835  0.00136424  0.        ]
Current x array =  [ -0.59246422  -0.902037    -0.47247677   0.6608814   -1.11983278
   0.33647224  -0.90850164  -0.2985539   -3.3861661   -2.2215288
 -15.35565152  -3.16864514  -3.99300035  -3.75923783  -4.42990903
  -3.16808777 -15.41186109  -2.2637007   -4.42896309  -4.42918325]
log likelihood =  -1118.36972471
Edge derivatives =  [-0.005565583687490494, -0.0011132739569030825, -0.0019485634302055521, -0.0015838532836172925, -3.084695598237894e-05, -0.002462233437475883, -0.0017064715998434885, 0.0008905602690198328, 0.0029706256095320717, 0.00681076275947283, -3.0339957648498003e-05, -0.005872568718848836, -0.002648212342906908, -0.0026907221870314003]
other derivatives: [-0.06459686 -0.00723048  0.00416094  0.00463842  0.00527507  0.        ]
Current x array =  [ -0.59234855  -0.90206429  -0.47248476   0.66102793  -1.11997988
   0.33647224  -0.90834832  -0.29853656  -3.38577362  -2.22138636
 -15.44782759  -3.16911518  -3.99272869  -3.75883956  -4.42928048
  -3.16797272 -15.5041371   -2.26378489  -4.42868367  -4.42890596]
log likelihood =  -1118.36971733
Edge derivatives =  [-0.009308390061239069, -0.0012261468802305941, -0.003153170429464433, -0.004469227186845559, -2.8343845244535726e-05, -0.00017254887538610542, -0.0022508764652945934, 8.676786599516595e-05, 0.002121983335628033, 0.005589579742419151, -2.787593691310291e-05, -0.0036334795080271154, -0.0030627427749005953, -0.0031031062646264262]
other derivatives: [-0.00716227 -0.01225544  0.00593445  0.00109139  0.01030003  0.        ]
Current x array =  [ -0.59246008  -0.90204911  -0.47245938   0.6611454   -1.12014052
   0.33647224  -0.90819892  -0.29852118  -3.38548653  -2.22121458
 -15.53242857  -3.16942994  -3.992531    -3.75862486  -4.42883945
  -3.16778152 -15.58882993  -2.26390298  -4.42846238  -4.42868595]
log likelihood =  -1118.36971398
Edge derivatives =  [-0.007676564099968752, -0.0009786430197917806, -0.0031547392649524664, -0.0037810198156119357, -2.7233127552265047e-05, -6.158672711999158e-05, -0.0022203430766841448, 7.937743263859709e-05, 0.001889987445002416, 0.0054889959061465154, -2.678248139553743e-05, -0.001160523981315803, -0.0033124734242339082, -0.0033534927598457935]
other derivatives: [ 0.00236469 -0.00554792 -0.00065938 -0.00341061  0.00770797  0.        ]
Current x array =  [ -0.59247935  -0.90208777  -0.47243642   0.66129883  -1.12006339
   0.33647224  -0.90822752  -0.29852259  -3.3854497   -2.22125903
 -15.57239778  -3.16943902  -3.99253572  -3.7586183   -4.42871626
  -3.16776112 -15.62884282  -2.26404465  -4.42833154  -4.42855485]
log likelihood =  -1118.36970988
Edge derivatives =  [-0.0046047496348627925, -0.000778049059209085, -0.0030315003823993963, -0.002602427444859279, -2.5509401514528513e-05, 0.00013334089031982743, -0.002078768364321505, 0.0001599225705754756, 0.0015251188173919863, 0.004531878501441558, -2.5085632370889155e-05, 0.0025189732593732805, -0.0036389612767923074, -0.0036803037301472476]
other derivatives: [ 0.0056616   0.00140972 -0.00741238 -0.00702585  0.00334239  0.        ]
Current x array =  [ -0.59248634  -0.90211971  -0.47242141   0.66141982  -1.11992556
   0.33647224  -0.90831225  -0.29852657  -3.38544441  -2.22133714
 -15.6377826   -3.16946503  -3.99258407  -3.75863573  -4.42853104
  -3.16762205 -15.69429913  -2.26426422  -4.42816671  -4.4283899 ]
log likelihood =  -1118.36970462
Edge derivatives =  [-0.001279590122344021, -0.0006802625420780917, -0.0027809233474149764, -0.0020235252345679744, -2.335695685246358e-05, 0.0009538505094675159, -0.0017720348933080235, 0.00025425423237748074, 0.0009972346986606463, 0.0016724221024821684, -2.2967018436588077e-05, 0.0060249848361075, -0.0038786643124901765, -0.003918296626374385]
other derivatives: [ 0.00857199  0.01009539 -0.00609361 -0.004502   -0.00070486  0.        ]
Current x array =  [ -0.59248843  -0.90214994  -0.47243744   0.66135784  -1.11979568
   0.33647224  -0.90842636  -0.29853286  -3.38550699  -2.22137312
 -15.72593209  -3.16958652  -3.99269425  -3.75865721  -4.42826905
  -3.16721325 -15.78254489  -2.26447958  -4.42804938  -4.42827338]
log likelihood =  -1118.36970099
Edge derivatives =  [0.0048032909155736325, 4.716935476833939e-05, -0.0028205724432036478, 0.0013864285866510007, -1.964440617416764e-05, 0.0006778436385555947, -0.0018437817728060232, 0.00041914560347575125, -0.00020935928687855487, -0.000976013682693691, -1.9312758272467224e-05, 0.00791050276589389, -0.004344489198776724, -0.004379533956601657]
other derivatives: [ 0.00436557 -0.01602984 -0.0029786  -0.00513865 -0.00534328  0.        ]
Current x array =  [ -0.59248552  -0.90196515  -0.47247295   0.66131262  -1.11953324
   0.33647224  -0.90867925  -0.29857641  -3.38545938  -2.22163612
 -15.89907764  -3.16958127  -3.99271471  -3.75871381  -4.42769716
  -3.16686634 -15.95587952  -2.26462879  -4.42784898  -4.42807524]
log likelihood =  -1118.36969654
Edge derivatives =  [0.004733753135849117, 0.000525863763613188, -0.0025090145311021383, 0.0003624217283111908, -1.8618373601447325e-05, 0.0015514970129280464, -0.0016162613021295721, 0.0005018033126074489, -0.0005401362319110356, -0.0035898859284187595, -1.8303152515562026e-05, 0.006284110471883042, -0.004102762338664245, -0.00413327333252473]
other derivatives: [ 0.00118234  0.00234195 -0.00557066  0.00386535 -0.00477485  0.        ]
Current x array =  [ -0.59247313  -0.90206879  -0.47246803   0.66108214  -1.11962125
   0.33647224  -0.90865777  -0.29858491  -3.38553857  -2.22155093
 -15.95270041  -3.16969422  -3.9927761   -3.75872586  -4.42751825
  -3.16647584 -16.00956063  -2.26451898  -4.4279563   -4.42818472]
log likelihood =  -1118.36969345
Edge derivatives =  [0.003005291129353993, 0.0007135828726125837, -0.002207688766106289, 0.0002519337861105475, -1.8115644383244475e-05, 0.0012961263403171858, -0.0014558422038389238, 0.0006807465356842013, -0.0006560272110639857, -0.004372451846793413, -1.7808364640258576e-05, 0.003387106206628465, -0.003801744309445021, -0.0038288879546861075]
other derivatives: [-0.0003638   0.00363798  0.00043201  0.00577529 -0.00238742  0.        ]
Current x array =  [ -0.59246823  -0.90208276  -0.4724812    0.66102377  -1.11970818
   0.33647224  -0.90860156  -0.29858746  -3.38562456  -2.22153059
 -15.98007205  -3.16965532  -3.99282502  -3.75877094  -4.42745795
  -3.16636051 -16.03696207  -2.26434236  -4.42810458  -4.42833467]
log likelihood =  -1118.3696896
Edge derivatives =  [-0.0009653313294345489, 0.0008054160427406476, -0.0010711816782758427, 0.0011110726365309576, -1.5528001307203905e-05, 0.00018698507245037965, -0.0008812414867702678, 0.0013338169992996377, -0.001353061792993382, -0.006286707557211738, -1.5261762211673733e-05, -0.004493198246647512, -0.0029080321197406667, -0.0029228895140556398]
other derivatives: [-0.01252829 -0.00561613 -0.03688001  0.00929958  0.00165983  0.        ]
Current x array =  [ -0.59245471  -0.90205637  -0.47235815   0.66096048  -1.11991813
   0.33647224  -0.90844185  -0.29858154  -3.38588654  -2.22153729
 -16.13419936  -3.16947706  -3.99299311  -3.75892562  -4.42709038
  -3.16606581 -16.19125742  -2.26384924  -4.42853441  -4.42877064]
log likelihood =  -1118.36968518
Edge derivatives =  [-0.0027978895360323275, 0.0009745184942289153, -0.0004603941700441899, 0.0030980903260426074, -1.3779858295620242e-05, -0.0011749705264513938, -0.0005360340948143069, 0.0016855483587762607, -0.001959176656875044, -0.006743153010504155, -1.3541806892456693e-05, -0.00822160315574666, -0.002544338586858652, -0.0025520744914276847]
other derivatives: [-0.0024329  -0.002251    0.01950866  0.00222826  0.00482032  0.        ]
Current x array =  [ -0.592464    -0.90208093  -0.47251459   0.66110609  -1.11992554
   0.33647224  -0.90841167  -0.29858284  -3.38605071  -2.22165805
 -16.2536559   -3.16929636  -3.99312281  -3.7590257   -4.42680117
  -3.16601579 -16.3108444   -2.26363941  -4.42873146  -4.42897132]
log likelihood =  -1118.36968313
Edge derivatives =  [-0.0016170625255599314, 0.0007980637704834148, -0.0004982697383889151, 0.003541434207544797, -1.3505445748328734e-05, -0.0011851479826385375, -0.0005390208408499672, 0.0016412232601119917, -0.002059470039402971, -0.006258266284044467, -1.327184087440182e-05, -0.006295509998742094, -0.0026889848903443037, -0.0026973288914555957]
other derivatives: [-0.00147793 -0.00250111  0.00832188 -0.00056843  0.00254659  0.        ]
Current x array =  [ -0.59246909  -0.90207846  -0.47248245   0.6611993   -1.11986051
   0.33647224  -0.90844009  -0.29857718  -3.38602246  -2.22168877
 -16.27377046  -3.16929234  -3.99312097  -3.75901197  -4.42674849
  -3.16608372 -16.33098098  -2.26375263  -4.42865714  -4.42889673]
  status: 0
 success: True
    nfev: 102
     fun: 1118.3696831301854
       x: array([ -0.59246909,  -0.90207846,  -0.47248245,   0.6611993 ,
        -1.11986051,   0.33647224,  -0.90844009,  -0.29857718,
        -3.38602246,  -2.22168877, -16.27377046,  -3.16929234,
        -3.99312097,  -3.75901197,  -4.42674849,  -3.16608372,
       -16.33098098,  -2.26375263,  -4.42865714,  -4.42889673])
 message: 'CONVERGENCE: REL_REDUCTION_OF_F_<=_FACTR*EPSMCH'
     jac: array([  1.47792889e-03,   2.50111043e-03,  -8.32187652e-03,
         5.68434189e-04,  -2.54658516e-03,  -0.00000000e+00,
         1.61706253e-03,  -7.98063770e-04,   4.98269738e-04,
        -3.54143421e-03,   1.35054457e-05,   1.18514798e-03,
         5.39020841e-04,  -1.64122326e-03,   2.05947004e-03,
         6.25826628e-03,   1.32718409e-05,   6.29551000e-03,
         2.68898489e-03,   2.69732889e-03])
     nit: 90
