number of sites to be analyzed:  123
log likelihood =  -1841.68496976
Edge derivatives =  [56.194650677567516, 3.731611889239093, -1.92462400461318, 4.557967297389129, -16.08084098802054, 14.791823770836967, -19.289165683277993, -20.574072743777887, -22.567838119047494, -8.643644584195807, -20.574072743777887, 7.044571408206905e-16, -20.59363848670618, -13.520742644123413, 7.112732502721869e-16, -20.574072743777883, -24.086453084753437, -23.11326189526392]
other derivatives: [-17.36207196 -19.58337634  19.78278306  55.76252988 -77.21762358   0.        ]
Current x array =  [-0.58349174 -0.48869145 -0.96828653  0.18232156 -0.10536052  0.33647224
 -2.30258509 -2.30258509 -2.30258509 -2.30258509 -2.30258509 -2.30258509
 -2.30258509 -2.30258509 -2.30258509 -2.30258509 -2.30258509 -2.30258509
 -2.30258509 -2.30258509 -2.30258509 -2.30258509 -2.30258509 -2.30258509]
log likelihood =  -1739.72697825
Edge derivatives =  [49.805983981261214, 2.4042288863849097, -1.3453275306895398, 3.0157618152364045, -12.798044801184478, 13.478931253709227, -15.587319637021466, -16.45724926786536, -18.11206674924355, -6.501630141851149, -16.457249267865357, 8.884687786924083e-16, -16.39473137006148, -10.54607377279067, 9.150964523248126e-16, -16.457249267865365, -19.40396501954822, -18.607273302717893]
other derivatives: [ 64.29302175  51.97089195  14.64345587  27.1629915  -49.02610726   0.        ]
Current x array =  [-0.71519388 -0.63724357 -0.96132076  0.6053151  -0.69110432  0.33647224
 -1.87631364 -2.27427849 -2.31718457 -2.26801007 -2.4245683  -2.19037989
 -2.44890544 -2.45865226 -2.47377621 -2.36815252 -2.45865226 -2.30258509
 -2.45880068 -2.40514835 -2.30258509 -2.45865226 -2.48529585 -2.47791359]
log likelihood =  -1659.76614025
Edge derivatives =  [10.164481397762367, -1.357408481110253, 1.8004130783723185, 2.6106293440285437, -5.584203345948871, 9.306464935042678, -7.685802187887094, -7.6857809353796, -9.651996068141958, 0.023083465216061583, -7.685780935379599, -3.600055627091258e-16, -7.809952256150361, -3.3043489308951157, -2.876651441481601e-16, -7.6857809353796, -10.050182942224112, -9.421149771843107]
other derivatives: [-199.04400688  -37.89405127  -13.50558705  -33.099559     42.46601293
    0.        ]
Current x array =  [-0.37807976 -0.45575632 -0.90497786  1.78272638 -2.43192112  0.33647224
 -0.47279025 -2.18981341 -2.36176718 -2.16407507 -2.81213484 -1.81737076
 -2.91607818 -2.95531594 -3.0191503  -2.57282292 -2.95531594 -2.30258509
 -2.95518056 -2.72893878 -2.30258509 -2.95531594 -3.06807603 -3.03702429]
log likelihood =  -1645.04504769
Edge derivatives =  [4.787688684572077, -2.4577150651252344, 1.2594753902891829, 1.5649572220431018, -5.399640133548054, 6.879278691058678, -7.534659254187192, -7.773531461755258, -9.592844267508493, -0.289401938709563, -7.773531461755258, -2.532888859880406e-16, -7.8523293503306855, -3.3710765849926165, -2.3619925281060354e-16, -7.773531461755258, -9.876869022874935, -9.303818314974489]
other derivatives: [ 104.23079857  -90.58649084  -14.84024779  -31.49036729   38.74768026
    0.        ]
Current x array =  [-0.81349675 -0.3885844  -0.94446142  1.62385902 -2.25553701  0.33647224
 -0.42521701 -2.19594141 -2.35526973 -2.15722703 -2.83045185 -1.7818836
 -2.94198461 -2.98077674 -3.05128596 -2.57159781 -2.98077674 -2.30258509
 -2.98082937 -2.73913254 -2.30258509 -2.98077674 -3.10175162 -3.06856624]
log likelihood =  -1624.15890915
Edge derivatives =  [10.567196278494702, -2.2942648158051906, 0.465359515945891, 1.0537349605793724, -6.425653608622874, 7.418287970042056, -8.622461002871297, -8.822199284721242, -10.584020041920073, -1.3576081292116489, -8.822199284721242, 1.9329410604488454e-16, -8.837850938046497, -4.451834912290997, 2.374087086980246e-16, -8.82219928472124, -10.966811593159292, -10.38099881516196]
other derivatives: [ 65.29924121   4.23901838  -2.49071945 -22.89973509  23.35295903   0.        ]
Current x array =  [-0.71546371 -0.51776754 -0.96249907  1.40753171 -1.93916436  0.33647224
 -0.65903028 -2.21212665 -2.34707458 -2.17361648 -2.7696542  -1.84019038
 -2.86944137 -2.90358839 -2.96726141 -2.53777191 -2.90358839 -2.30258509
 -2.90375067 -2.68759633 -2.30258509 -2.90358839 -3.01163339 -2.98199661]
log likelihood =  -1615.72154214
Edge derivatives =  [9.164381758964916, -2.3188226499988835, -0.1400233137889355, 0.5846674536532792, -6.9046235608231985, 6.690516822605294, -9.01624229250577, -9.201779360399257, -10.89084534793269, -1.8655283208293343, -9.201779360399257, 0.0, -9.164912053058783, -4.879833826590144, 0.0, -9.201779360399257, -11.26094270789006, -10.672035295378146]
other derivatives: [  2.55747636   2.85308488   3.24278062 -15.12366907  12.82360245   0.        ]
Current x array =  [-0.60243436 -0.5177809  -0.96625893  1.27717582 -1.77163161  0.33647224
 -0.71855334 -2.22364575 -2.34319357 -2.17709648 -2.76344958 -1.84338613
 -2.86430104 -2.89718285 -2.96269361 -2.52902826 -2.89718285 -2.30258509
 -2.89742278 -2.67996419 -2.30258509 -2.89718285 -3.00576928 -2.97598661]
log likelihood =  -1608.05271381
Edge derivatives =  [0.9012639801461371, -2.738227367320804, -0.28295759600744863, 0.26351465298395005, -6.367777195511757, 4.902040600763548, -8.358577634751308, -8.49881678684961, -10.102633166365772, -1.562381532391067, -8.498816786849607, 2.8457787629507095e-16, -8.400174917940785, -4.331205980217741, 2.381427913361039e-16, -8.498816786849607, -10.397934598608389, -9.817967294014492]
other derivatives: [-26.55899607   6.1031642    4.94480901 -10.70975486   8.5532065    0.        ]
Current x array =  [-0.56235649 -0.52552    -0.96640716  1.2174303  -1.73572381  0.33647224
 -0.60868103 -2.23225508 -2.34353633 -2.16770571 -2.81512213 -1.78901983
 -2.93085169 -2.9658705  -3.04283653 -2.54544735 -2.9658705  -2.30258509
 -2.96608045 -2.7179514  -2.30258509 -2.9658705  -3.08948638 -3.05551983]
log likelihood =  -1592.89653643
Edge derivatives =  [-28.47138972539789, -3.9703061809122446, -0.6238928700477058, -0.5964502539739691, -4.582076873208525, -1.9249891705537605, -6.171699398355905, -6.256982165558611, -7.686319896263632, -0.4917466736506606, -6.256982165558609, -1.2227945341031244e-15, -6.024213530191254, -2.475923325251561, -1.2409381953209162e-15, -6.256982165558611, -7.780491104943271, -7.215626575706579]
other derivatives: [-31.74359335   5.54289272   6.87198281   3.11222266  -5.37522737   0.        ]
Current x array =  [-0.56459082 -0.53151038 -0.96075286  1.01764231 -1.61902859  0.33647224
 -0.2845122  -2.26829138 -2.34513848 -2.13628245 -2.99801768 -1.60587495
 -3.16719687 -3.20952295 -3.3277076  -2.60134361 -3.20952295 -2.30258509
 -3.20905726 -2.85054906 -2.30258509 -3.20952295 -3.3867131  -3.33752837]
log likelihood =  -1576.75612715
Edge derivatives =  [-14.759977477410763, -2.8980067375779526, -0.5909502067470817, -0.39964195710271133, -3.2374065519587085, -6.359762995139851, -4.1284824191577805, -4.21385974335727, -5.607075060234579, 0.4229084352829817, -4.21385974335727, -6.771982279323755e-17, -3.929560692939714, -0.7841444566627493, -8.930001871435464e-17, -4.213859743357268, -5.557160667124215, -4.983137747948822]
other derivatives: [ -4.65835228e+01   3.21961124e-02  -1.06883135e+01   1.03723323e+01
  -7.31904493e+00   0.00000000e+00]
Current x array =  [-0.54463715 -0.51606634 -0.88036473  0.84082901 -1.52265382  0.33647224
 -0.49189505 -2.35953246 -2.35264751 -2.12117523 -3.20338953 -1.49762267
 -3.43791496 -3.48697658 -3.65935222 -2.64680179 -3.48697658 -2.30258509
 -3.48283608 -2.98516577 -2.30258509 -3.48697658 -3.72889449 -3.65948364]
log likelihood =  -1562.55927512
Edge derivatives =  [0.461108233245506, -1.502346154999105, -0.43624076512660326, -0.6770596308852127, -1.0904959427730834, -12.42854585536745, -1.0188949620307504, -1.1592388738593091, -2.731993155659781, 1.8301216587630829, -1.159238873859309, -6.718815765114502e-16, -0.8526266168414385, 2.0151355761349214, -6.983689810988709e-16, -1.159238873859307, -2.6023145811643618, -1.9527680316954557]
other derivatives: [  5.331799     4.64249297  36.1214461   11.26261395  -1.12038379   0.        ]
Current x array =  [-0.6099271  -0.50946706 -1.16781128  0.81271093 -1.60037535  0.33647224
 -0.69343621 -2.54467784 -2.37396489 -2.0744705  -3.67271606 -1.36977132
 -4.04733338 -4.11476977 -4.41668275 -2.74019666 -4.11476977 -2.30258509
 -4.09979643 -3.27322619 -2.30258509 -4.11476977 -4.50973248 -4.39049684]
log likelihood =  -1555.77383342
Edge derivatives =  [3.532908182610388, -1.099448047296348, 0.2336823642325034, -0.06136852348939026, -0.5424487984017328, -8.626816255072457, -0.4139468229908351, -0.5536147046411823, -2.2095637893877837, 2.3588366199915725, -0.5536147046411828, -6.9532818400993e-17, -0.25985610372454776, 2.679042692200641, -8.346729332172237e-17, -0.5536147046411817, -2.094423457324376, -1.4130755340363137]
other derivatives: [ 5.50762707  7.89350452  7.64832748  3.97467375  5.45730927  0.        ]
Current x array =  [-0.60350001 -0.51092993 -0.99839864  0.9172533  -1.6701328   0.33647224
 -0.69132781 -2.59071311 -2.38212461 -2.06549587 -3.78917425 -1.41719639
 -4.19486345 -4.26798783 -4.6092022  -2.75260284 -4.26798783 -2.30258509
 -4.24867836 -3.32858154 -2.30258509 -4.26798783 -4.70737532 -4.57257417]
log likelihood =  -1553.5259758
Edge derivatives =  [3.0985806381029666, -0.9381446516465636, 0.3083005280053239, -0.21299061338763048, -0.13653387360157043, -5.206515817033562, 0.05378126858417756, -0.10580997416020123, -1.8049305354494691, 2.302564511170277, -0.10580997416020127, -2.295484481922586e-15, 0.177614849242196, 2.9853215745440247, -2.311196491864746e-15, -0.10580997416020116, -1.70155187397468, -0.9991087498742451]
other derivatives: [ 2.62848516 -2.85733677 -6.60288606  1.96575911  4.26985025  0.        ]
Current x array =  [-0.59617069 -0.4878415  -0.92594004  0.96232441 -1.6220948   0.33647224
 -0.68863502 -2.64676378 -2.38477631 -2.05536173 -3.9066821  -1.4922122
 -4.34371803 -4.42290978 -4.81428134 -2.74713299 -4.42290978 -2.30258509
 -4.39763438 -3.36519285 -2.30258509 -4.42290978 -4.91662325 -4.76202163]
log likelihood =  -1552.26489923
Edge derivatives =  [1.6410537132476213, -0.8681047435891336, 0.3261620548856906, -0.4268778447442635, 0.245734117885422, -1.8749261942993651, 0.4520323813128508, 0.28002305993894316, -1.4600938978726412, 2.0854077151819768, 0.2800230599389434, 1.5930961689069774e-17, 0.5547318799089034, 3.161312062614495, 1.5772362671497558e-17, 0.280023059938942, -1.3719780599237754, -0.6500932742991692]
other derivatives: [-2.51657184 -0.57502803 -6.16680609 -0.05572929  2.42027909  0.        ]
Current x array =  [-0.58948252 -0.48870779 -0.92940351  1.01584034 -1.57692195  0.33647224
 -0.66878175 -2.70602782 -2.38643629 -2.04714138 -4.02493563 -1.57182282
 -4.49256745 -4.57877429 -5.02836596 -2.73318288 -4.57877429 -2.30258509
 -4.54628459 -3.38884482 -2.30258509 -4.57877429 -5.13469397 -4.95691376]
log likelihood =  -1551.55276436
Edge derivatives =  [-0.12770484870625326, -0.8660064034403506, 0.21991628574277863, -0.5297183911735102, 0.47045395167956544, 0.7691925665570813, 0.6496723840303011, 0.4599546505707308, -1.2442720368530495, 1.2079700217955018, 0.4599546505707308, 1.3843076356089589e-17, 0.7187572848134078, 2.672348261085779, 2.2231627737413627e-17, 0.4599546505707294, -1.1692515422344745, -0.4509478699015289]
other derivatives: [ 1.58634066 -9.59914814 -0.3612513   0.05666152 -0.90133199  0.        ]
Current x array =  [-0.59618393 -0.47174149 -0.95995145  1.03667997 -1.51349443  0.33647224
 -0.65488062 -2.76469402 -2.38135334 -2.05520244 -4.0915149  -1.64655016
 -4.57411004 -4.66862095 -5.1940597  -2.68038603 -4.66862095 -2.30258509
 -4.62548524 -3.33281361 -2.30258509 -4.66862095 -5.30094268 -5.09233305]
log likelihood =  -1551.24564104
Edge derivatives =  [-0.5739873765700467, -0.8206130792429961, 0.25547999619589057, -0.38195486303016546, 0.5799432619998894, 2.0248572728156957, 0.7034217749168606, 0.5262373471696381, -1.1476573204901672, 0.6534847431674675, 0.5262373471696374, -1.8467576474692124e-16, 0.7693662246497679, 2.2283876175567157, -1.819893749894669e-16, 0.5262373471696359, -1.0811121505972832, -0.3690535620654839]
other derivatives: [ 2.18171863  1.32938567  1.27408839 -0.43137334 -1.99186161  0.        ]
Current x array =  [-0.59822742 -0.49049386 -0.9685383   1.04884737 -1.49262544  0.33647224
 -0.64491607 -2.79707401 -2.37680058 -2.0646081  -4.11131845 -1.67820646
 -4.59711619 -4.69686551 -5.27097994 -2.64298272 -4.69686551 -2.30258509
 -4.64656806 -3.27795767 -2.30258509 -4.69686551 -5.37708675 -5.14841925]
log likelihood =  -1551.0219925
Edge derivatives =  [-0.759165112143436, -0.7936305655160701, 0.24979329748216011, -0.2104806488429847, 0.5840901338156792, 2.3839271866654292, 0.6725157648379798, 0.5066273578498202, -1.1109096230157756, 0.05748874880218385, 0.5066273578498204, 2.5101935797581266e-15, 0.7332124789501797, 1.6253711658725665, 2.4866448056288796e-15, 0.5066273578498185, -1.0493797525630038, -0.35192175586481783]
other derivatives: [ 1.89561433  3.12877546  2.67468749 -0.55169949 -2.14608917  0.        ]
Current x array =  [-0.59841549 -0.4939641  -0.97593497  1.05225917 -1.49105711  0.33647224
 -0.64053593 -2.81831891 -2.37110684 -2.07690321 -4.10245289 -1.6885776
 -4.58399799 -4.68794395 -5.30266874 -2.60629857 -4.68794395 -2.30258509
 -4.63134293 -3.21050387 -2.30258509 -4.68794395 -5.4068714  -5.16120071]
log likelihood =  -1550.51939514
Edge derivatives =  [-0.7433263702855273, -0.676901352599136, 0.21709917453868707, 0.24111178709878395, 0.5232598271301108, 1.9778437227977455, 0.5688461790507096, 0.44273728047513117, -1.0064655425413798, -1.3512964870284958, 0.4427372804751314, -9.23867961195915e-16, 0.616737831805953, -0.22259388575364447, -9.116004812859521e-16, 0.44273728047512995, -0.9579285173845109, -0.30229963318929215]
other derivatives: [ 1.07709184  3.61130787  2.94212441 -0.67411747 -1.22129222  0.        ]
Current x array =  [-0.59773521 -0.49596219 -0.97670814  1.05096011 -1.51192696  0.33647224
 -0.63259521 -2.88269685 -2.35284372 -2.10718388 -4.07136567 -1.67731249
 -4.5410001  -4.65789243 -5.39863336 -2.5232342  -4.65789243 -2.30258509
 -4.58223856 -3.02681003 -2.30258509 -4.65789243 -5.497163   -5.19822544]
log likelihood =  -1550.48936148
Edge derivatives =  [-0.3419682076737063, -0.4163491002761316, -0.09976663153148665, 0.03639279824497216, 0.4236602816681095, 0.23895926969829306, 0.5737051645846316, 0.4959483381746861, -0.8038119506038558, -0.8787617125592415, 0.49594833817468564, 5.072065555273118e-26, 0.6124499188117787, -1.1059947065406197, 2.830918252220379e-26, 0.4959483381746855, -0.7691702332801018, -0.14150441341364547]
other derivatives: [-27.30839697   1.07002052   4.74758508  -0.79567144  -0.09031282   0.        ]
Current x array =  [-0.56214578 -0.49005978 -0.9830553   1.05257545 -1.54212826  0.33647224
 -0.63435133 -2.99221531 -2.32883299 -2.10366078 -4.07707518 -1.63139422
 -4.54886479 -4.68516013 -5.62619014 -2.55267819 -4.68516013 -2.30258509
 -4.58319666 -2.95286744 -2.30258509 -4.68516013 -5.71989385 -5.33382597]
log likelihood =  -1550.33140134
Edge derivatives =  [-0.5447318602698824, -0.5391579079725731, 0.05342087210239824, 0.13226920825716743, 0.4712757600026805, 1.0867615928499124, 0.5708301359731625, 0.4701322762804271, -0.8965323481978713, -1.108330912201376, 0.4701322762804276, 7.388497376815244e-16, 0.6143052259185435, -0.670719757586761, 6.569575501168916e-16, 0.47013227628042703, -0.8556481915056552, -0.21698160156271926]
other derivatives: [-13.08869741   2.32691946   3.86567081  -0.74562649  -0.63582775   0.        ]
Current x array =  [-0.57940474 -0.49292213 -0.97997727  1.05179209 -1.52748225  0.33647224
 -0.63349971 -2.93910473 -2.3404769  -2.10536929 -4.07430637 -1.65366212
 -4.54505084 -4.67193676 -5.51583731 -2.53839943 -4.67193676 -2.30258509
 -4.58273204 -2.98872563 -2.30258509 -4.67193676 -5.61188133 -5.26806699]
log likelihood =  -1550.04671178
Edge derivatives =  [0.19393248622654374, -0.4210154919492576, -0.0416288450036153, 0.20654679776822307, 0.405344038632194, -0.10211234896722643, 0.5332826397324781, 0.45914969398618494, -0.811113420770625, -1.104902288070641, 0.4591496939861848, -1.3321323319230237e-16, 0.5675703146088138, -1.4607148292069547, -1.332129719368685e-16, 0.4591496939861839, -0.7768488167063275, -0.15689601745181217]
other derivatives: [-7.54441771  0.12453256  1.30505668 -0.65967924  0.58414571  0.        ]
Current x array =  [-0.58583424 -0.48987678 -0.96697181  1.04395744 -1.54895644  0.33647224
 -0.63647701 -2.99348113 -2.32673886 -2.11042626 -4.06120572 -1.62063307
 -4.52829986 -4.66537697 -5.61422059 -2.53678658 -4.66537697 -2.30258509
 -4.56190889 -2.92047717 -2.30258509 -4.66537697 -5.70682843 -5.3174738 ]
log likelihood =  -1549.81491017
Edge derivatives =  [0.5639061968699659, -0.3091850884244939, -0.22242644912743187, 0.015345726765148893, 0.35464921052661813, -1.2863666138841192, 0.5310601210727804, 0.48111697695994793, -0.7091080896554202, -0.3345213468070922, 0.48111697695994815, -8.898297151686667e-16, 0.5560824934044896, -1.6061050436903588, -8.801092564362387e-16, 0.4811169769599465, -0.6806688481587695, -0.07178972083549105]
other derivatives: [-2.5862164  -1.76178219 -1.43318175 -0.47045887  1.23384325  0.        ]
Current x array =  [-0.59172802 -0.48705915 -0.95341654  1.03674661 -1.56005718  0.33647224
 -0.63612163 -3.05859955 -2.31285935 -2.101605   -4.05834104 -1.5887602
 -4.52562641 -4.67419297 -5.74799823 -2.57999908 -4.67419297 -2.30258509
 -4.55510326 -2.90746434 -2.30258509 -4.67419297 -5.8375262  -5.39290382]
log likelihood =  -1549.64151131
Edge derivatives =  [0.5322708704316392, -0.22181139112217368, -0.42772782024246647, -0.25781107047095786, 0.33060324450243916, -1.925202299509296, 0.5398237962215854, 0.5116961602515018, -0.6091861735646106, 0.4965100502163273, 0.5116961602515021, 6.391824263320149e-17, 0.5535760556213186, -1.5508253550202307, 5.223443135374969e-17, 0.5116961602515, -0.5859849339406552, 0.018110749452719233]
other derivatives: [ 0.9373025  -1.9485924  -1.73954504 -0.11682459  1.07897904  0.        ]
Current x array =  [-0.59649121 -0.48692459 -0.95229781  1.03066014 -1.55813722  0.33647224
 -0.63257723 -3.13009533 -2.30026012 -2.09062044 -4.05938544 -1.57251482
 -4.52744687 -4.68830109 -5.90013686 -2.62997574 -4.68830109 -2.30258509
 -4.55253914 -2.91171511 -2.30258509 -4.68830109 -5.98654633 -5.48037103]
log likelihood =  -1549.44798716
Edge derivatives =  [0.21991387175175042, -0.13927893737506336, -0.6227450539273345, -0.5070053479900497, 0.30900797384297185, -1.9709235424058311, 0.5191879689920048, 0.5206048648603593, -0.5047063241277754, 1.2508637002592513, 0.5206048648603593, 7.976343153837888e-16, 0.5162255930538192, -1.465152879205833, 7.929794430910687e-16, 0.5206048648603581, -0.4870583619084258, 0.11239738468434758]
other derivatives: [ 3.04864898 -0.66836492 -0.67386736  0.43021373  0.45379238  0.        ]
Current x array =  [-0.59988108 -0.48925636 -0.95792895  1.02299996 -1.54903856  0.33647224
 -0.6257647  -3.22089998 -2.28870257 -2.08312712 -4.05152762 -1.57220567
 -4.51658371 -4.69308122 -6.08893856 -2.6780298  -4.69308122 -2.30258509
 -4.53584146 -2.91897392 -2.30258509 -4.69308122 -6.17083314 -5.58158075]
log likelihood =  -1549.16524971
Edge derivatives =  [-0.34279124377944137, -0.036496893558905265, -0.7455129307904239, -0.6278422796870399, 0.28082504856393464, -0.9142241668519189, 0.434920709412442, 0.4853413716178385, -0.3789197577688932, 1.8480515853305284, 0.4853413716178392, 7.195646168453918e-16, 0.39856134774473967, -1.303936184736028, 7.404821736916561e-16, 0.4853413716178369, -0.36783257060140595, 0.2287262436262297]
other derivatives: [ 3.26997451 -0.79612619 -1.56946953  0.97877546 -0.63889729  0.        ]
Current x array =  [-0.60054378 -0.48878175 -0.95310617  1.01694993 -1.52873539  0.33647224
 -0.61559241 -3.36252862 -2.28039883 -2.08490628 -4.02405688 -1.60097434
 -4.47793457 -4.67856394 -6.37691303 -2.71824803 -4.67856394 -2.30258509
 -4.48787138 -2.93302002 -2.30258509 -4.67856394 -6.45084486 -5.72269619]
log likelihood =  -1550.19564061
Edge derivatives =  [2.711138604542199, 0.19808246129481638, -0.5931490312870625, -0.27704408127299546, -0.2911150589684164, -2.0221805960758625, -0.36110772991919887, -0.0284954537641892, -0.1805076603846505, 2.9066521873410016, -0.02849545376418907, 4.3936962233298124e-17, -0.5063651834772082, -0.23580695566633503, 4.416098952417615e-17, -0.028495453764189344, -0.17888047134713891, 0.40416625224176583]
other derivatives: [ 10.37403763  11.60715328  17.76929821   0.64248979   2.9398052    0.        ]
Current x array =  [-0.61401701 -0.51192215 -1.07147279  1.01608904 -1.60284008  0.33647224
 -0.6285306  -3.76198847 -2.28515697 -2.11670731 -3.81477001 -1.58120575
 -4.20156962 -4.46982601 -7.12400516 -2.79763334 -4.46982601 -2.30258509
 -4.18469557 -3.03197633 -2.30258509 -4.46982601 -7.16854445 -5.98652206]
log likelihood =  -1548.99006948
Edge derivatives =  [0.5762088513492877, 0.05284888905545946, -0.6865342006515571, -0.514518939519363, 0.14370148168052488, -1.1876393988126075, 0.23960948513061994, 0.35778703403882045, -0.30977541751240983, 2.154344827266568, 0.3577870340388208, -1.4529184923929906e-16, 0.18043268536257062, -0.994857361825028, -1.2617138223807977e-16, 0.35778703403881906, -0.3023672610131091, 0.28138715621355426]
other derivatives: [ 5.23282324  2.77143499  4.11710062  0.89121386  0.34542609  0.        ]
Current x array =  [-0.6042053  -0.49507044 -0.98527379  1.01671597 -1.54887427  0.33647224
 -0.61910852 -3.47108686 -2.28169191 -2.09354861 -3.96718054 -1.59560198
 -4.40282892 -4.62183679 -6.57994471 -2.73982199 -4.62183679 -2.30258509
 -4.40547954 -2.95991264 -2.30258509 -4.62183679 -6.64588875 -5.79439419]
log likelihood =  -1548.70560363
Edge derivatives =  [0.17068658126619918, 0.10460147570188737, -0.5348324585475241, -0.273890864188352, 0.07022479746527505, 0.22996270711627648, 0.04831885868501365, 0.2353341302993472, -0.2427682907400943, 2.0185160079748696, 0.2353341302993473, -1.2540933683077273e-15, -0.04884079216535063, -0.7680693983109784, -1.2863772939595496e-15, 0.23533413029934633, -0.23853861381582342, 0.3463631110355015]
other derivatives: [ 2.44629064  2.3403345   1.87972091  0.81131475 -0.19888375  0.        ]
Current x array =  [-0.600464   -0.49396724 -0.97285216  1.02024788 -1.53599373  0.33647224
 -0.60978242 -3.59661999 -2.28744122 -2.11095501 -3.91501687 -1.63442375
 -4.3312506  -4.57069194 -6.82425622 -2.7309075  -4.57069194 -2.30258509
 -4.32573186 -2.97981877 -2.30258509 -4.57069194 -6.88150355 -5.88931347]
log likelihood =  -1548.59345832
Edge derivatives =  [-0.5583346755597303, 0.10964411967602485, -0.2861407000354173, 0.029428970911542035, -0.07513773636659964, 0.9124980030754686, -0.2021025637532049, 0.05090461027984763, -0.2032763278584955, 1.2631764696545962, 0.05090461027984702, 3.980064754163226e-16, -0.3338023953611757, -0.4242139330224674, 3.8995857281832016e-16, 0.05090461027984663, -0.2007372482088818, 0.3738496086293525]
other derivatives: [ 0.73378033 -7.98715973  1.57394879  0.53089479 -0.439627    0.        ]
Current x array =  [-0.59803054 -0.47578924 -0.97148029  1.03211264 -1.52968758  0.33647224
 -0.60026576 -3.69215913 -2.30341417 -2.13191077 -3.85366075 -1.65821086
 -4.24945023 -4.50129963 -7.00680652 -2.68419138 -4.50129963 -2.30258509
 -4.23904543 -3.01373709 -2.30258509 -4.50129963 -7.05608115 -5.93588959]
log likelihood =  -1548.51289612
Edge derivatives =  [-0.051189682538447134, 0.13826309015157637, -0.05990499817089959, 0.32823351779657417, -0.10277631135533341, 1.1613004540562983, -0.29899474936379417, -0.014259479423274796, -0.19795416722287076, 0.7302293047307722, -0.014259479423274511, 4.696215881835319e-16, -0.4263863160299114, -0.4445908045744511, 5.054503299187355e-16, -0.014259479423274313, -0.1959968938684906, 0.3705212504531984]
other derivatives: [-1.56649094  1.12643193 -0.74455784 -0.08506049 -0.05177299  0.        ]
Current x array =  [-0.59505643 -0.49174714 -0.95873205  1.03768723 -1.53415642  0.33647224
 -0.60034493 -3.707334   -2.31106653 -2.1440788  -3.8302957  -1.66196887
 -4.21854807 -4.47139913 -7.0292352  -2.64678746 -4.47139913 -2.30258509
 -4.20763013 -3.00866636 -2.30258509 -4.47139913 -7.07634247 -5.92699691]
log likelihood =  -1548.49336378
Edge derivatives =  [0.013417641274512893, 0.12793933312725117, -0.06836153354699809, 0.28708700708634677, -0.08897672261704971, 0.8002961162821106, -0.2552856317216231, 0.008629817010474293, -0.21095961575750738, 0.6708271745007479, 0.008629817010474147, -6.346943658310959e-16, -0.3697031523481649, -0.42610337717030733, -6.782554891976413e-16, 0.00862981701047431, -0.20851597735990288, 0.35193776814305516]
other derivatives: [-0.72716375  0.05343281 -0.21238975 -0.11352768  0.09497398  0.        ]
Current x array =  [-0.59609294 -0.48986286 -0.96170098  1.03830505 -1.53718126  0.33647224
 -0.60240896 -3.67454274 -2.3119806  -2.14023692 -3.8407898  -1.65202249
 -4.23341581 -4.48009018 -6.96608091 -2.6432499  -4.48009018 -2.30258509
 -4.22499431 -3.01049062 -2.30258509 -4.48009018 -7.0152597  -5.89818536]
log likelihood =  -1548.47318342
Edge derivatives =  [-0.014113449801934519, 0.11441329357917424, -0.027270479853611945, 0.26238028968071836, -0.08764997935770671, 0.37566263580127585, -0.23259417341989774, 0.013128971597427489, -0.22197303951741224, 0.4199769816167128, 0.013128971597427243, -1.487521986221594e-16, -0.32993460026596394, -0.27536629103522126, -1.4438177258884286e-16, 0.013128971597427572, -0.21911457114056115, 0.3312802050003339]
other derivatives: [ 0.75419848 -0.74676336 -0.01982698 -0.20600055  0.1157332   0.        ]
Current x array =  [-0.59803197 -0.488595   -0.96284084  1.04055651 -1.53756275  0.33647224
 -0.60299544 -3.64632036 -2.31657096 -2.13643225 -3.84609106 -1.64053297
 -4.24239182 -4.48121947 -6.91560209 -2.62765255 -4.48121947 -2.30258509
 -4.23721592 -3.0240168  -2.30258509 -4.48121947 -6.96624187 -5.86680329]
log likelihood =  -1548.46263432
Edge derivatives =  [-0.06281372598241747, 0.11634427846593805, -0.04628899269699799, 0.14505794187422805, -0.1190528878144145, -0.516820220318353, -0.22104844709174756, 0.015482554706657693, -0.2223885401490788, 0.27258659169495925, 0.01548255470665763, 2.1519583897260012e-16, -0.30024847999716026, -0.0860966747022988, 1.8631675754580815e-16, 0.01548255470665803, -0.21944586442208752, 0.3240299357598469]
other derivatives: [-2.20918537 -1.40314569  0.18210358 -0.17405455  0.1305807   0.        ]
Current x array =  [-0.59413868 -0.48753594 -0.96314388  1.04043112 -1.54012062  0.33647224
 -0.60336559 -3.64017164 -2.31872234 -2.12831626 -3.84859146 -1.61720638
 -4.2490885  -4.48159726 -6.91464832 -2.61901163 -4.48159726 -2.30258509
 -4.2467116  -3.04167644 -2.30258509 -4.48159726 -6.96548769 -5.85637177]
log likelihood =  -1548.44764477
Edge derivatives =  [-0.12841440572121632, 0.11676189976549993, -0.0243149716777597, 0.12074087994590996, -0.12647076926717654, -0.5422850796802101, -0.23539740650466295, 0.003712609593818049, -0.2134692123047641, 0.152830977269891, 0.0037126095938183473, -4.4392919670819773e-17, -0.3113333622415929, 0.04186725458528613, -4.4394150833094145e-17, 0.0037126095938181253, -0.2108203887618057, 0.3317219022126496]
other derivatives: [ 0.75958724 -0.84137355 -0.35222456 -0.14213128 -0.05595666  0.        ]
Current x array =  [-0.5981356  -0.48876919 -0.96058102  1.04006392 -1.53596285  0.33647224
 -0.60157899 -3.65669122 -2.32064606 -2.12632172 -3.84409485 -1.61632175
 -4.24452407 -4.47617749 -6.95512014 -2.61114578 -4.47617749 -2.30258509
 -4.24257993 -3.05293955 -2.30258509 -4.47617749 -7.00476462 -5.86713124]
log likelihood =  -1548.43889144
Edge derivatives =  [-0.22889939713376917, 0.12288495556269287, -0.049121289790233696, 0.06436418543731132, -0.133000393367175, -0.46708893234489013, -0.246006347842186, -0.0004494849906193747, -0.20140786382321324, 0.19449745163500426, -0.0004494849906191388, -3.8855868176451647e-16, -0.32403541317138884, 0.10279859512906309, -4.2523544646298985e-16, -0.00044948499061916655, -0.1991368156311401, 0.3477194043394563]
other derivatives: [ 1.11222107 -0.23533175 -0.56786575 -0.0114369  -0.29451712  0.        ]
Current x array =  [-0.59871974 -0.48991071 -0.95931294  1.03813144 -1.53187125  0.33647224
 -0.59984678 -3.68235179 -2.31966399 -2.12405028 -3.8407889  -1.61839554
 -4.24093684 -4.4743554  -7.01311768 -2.61356567 -4.4743554  -2.30258509
 -4.23834462 -3.05849148 -2.30258509 -4.4743554  -7.06126168 -5.89112477]
log likelihood =  -1548.4211427
Edge derivatives =  [-0.2794843718871956, 0.1328934461669636, -0.08600772279672539, -0.060016443288428784, -0.12298234178695319, -0.2143172330502345, -0.23273700197602232, 0.007052876974260984, -0.18603170493315607, 0.16146676228368845, 0.0070528769742610395, -9.140521495831301e-16, -0.30512808325760504, 0.21290651673321845, -9.309903534245512e-16, 0.00705287697426106, -0.18419767306820475, 0.3660016558842972]
other derivatives: [ 0.78935045  0.56845693 -0.46750301  0.1497483  -0.61577339  0.        ]
Current x array =  [-0.59844932 -0.49126628 -0.95963286  1.03597786 -1.52627706  0.33647224
 -0.59916941 -3.71256791 -2.31938505 -2.11797855 -3.84261734 -1.62510241
 -4.24573473 -4.47692037 -7.09255967 -2.61161837 -4.47692037 -2.30258509
 -4.24398    -3.06885716 -2.30258509 -4.47692037 -7.13899162 -5.91943531]
log likelihood =  -1548.39410557
Edge derivatives =  [0.02657804185821816, 0.15943686181741074, -0.12886141064073908, -0.2827436223361846, -0.10195113669353353, 0.0037237293276690675, -0.18502895511197398, 0.030080791017874323, -0.1625621441357926, 0.056340521675385336, 0.030080791017874395, 9.788168832558646e-16, -0.23569257879465558, 0.4104487934810297, 9.990468787637196e-16, 0.03008079101787412, -0.16133808387533363, 0.3906367005693081]
other derivatives: [ 0.30356659  1.34268703 -0.56663794  0.22971562 -0.58544174  0.        ]
Current x array =  [-0.59779508 -0.49243533 -0.95921604  1.03377676 -1.52632895  0.33647224
 -0.60179658 -3.7577403  -2.3202286  -2.1050771  -3.85113096 -1.63008884
 -4.26331481 -4.48451778 -7.22735997 -2.60503159 -4.48451778 -2.30258509
 -4.2651804  -3.08743398 -2.30258509 -4.48451778 -7.27115821 -5.95867069]
log likelihood =  -1548.36693268
Edge derivatives =  [-0.050489297368739194, 0.16281538231736084, -0.08396798227066757, -0.36380184346366007, -0.05538302030963074, 0.3534120630784368, -0.12173880917114295, 0.052039812300085725, -0.14458978078183024, -0.1490821517095834, 0.05203981230008589, -1.1369995205375362e-15, -0.1421616319124062, 0.5091839418204355, -1.2245264094191793e-15, 0.05203981230008528, -0.14384542522744675, 0.40168486433936534]
other derivatives: [-0.34006007  1.67699454  0.53321401  0.1829676  -0.34387995  0.        ]
Current x array =  [-0.59707299 -0.49283348 -0.96541648  1.03472137 -1.53164396  0.33647224
 -0.59918742 -3.78785212 -2.32533338 -2.09917112 -3.86408012 -1.63876343
 -4.28782165 -4.49182547 -7.34458515 -2.59278675 -4.49182547 -2.30258509
 -4.29523071 -3.09706439 -2.30258509 -4.49182547 -7.38631531 -5.9769852 ]
log likelihood =  -1548.33935811
Edge derivatives =  [0.1203008281567931, 0.18097603658588032, -0.03762159056141015, -0.4467811230869426, 0.016217623532946035, 0.4191029634536518, 0.00105595480342165, 0.10864563111694507, -0.12068166423606876, -0.21993272198230485, 0.10864563111694513, 2.8841555013426056e-17, 0.028081727981275284, 0.49536790138918857, 3.658324957978773e-17, 0.10864563111694497, -0.12050139634407986, 0.4183065183887961]
other derivatives: [-0.71956947  0.86461114 -0.94303232  0.0892669   0.37630343  0.        ]
Current x array =  [-0.59608427 -0.49121845 -0.95823418  1.03352116 -1.54407827  0.33647224
 -0.59815793 -3.83040237 -2.3291739  -2.09090861 -3.89059164 -1.63826142
 -4.33526444 -4.51077264 -7.52434466 -2.58766136 -4.51077264 -2.30258509
 -4.35131696 -3.09479425 -2.30258509 -4.51077264 -7.5632954  -6.00419717]
log likelihood =  -1548.3141505
Edge derivatives =  [0.13748032886220068, 0.1776655102833505, 0.06373950165816047, -0.26462360592984346, 0.03853864113912828, 0.1416517222076017, 0.03439073680258906, 0.1124374235957151, -0.11399150976024588, -0.30284025196986103, 0.11243742359571585, -1.075172813116318e-16, 0.0830198700463287, 0.3243436733136855, -6.569005040570402e-18, 0.11243742359571537, -0.11401790278160209, 0.4121080946859162]
other derivatives: [-0.45170054  1.11642748  0.21050255 -0.02505658  0.60852017  0.        ]
Current x array =  [-0.59658564 -0.49167387 -0.96462346  1.03572741 -1.54903817  0.33647224
 -0.59723557 -3.83618214 -2.33322814 -2.09899278 -3.8982556  -1.63077154
 -4.35096308 -4.51098864 -7.58110733 -2.58276701 -4.51098864 -2.30258509
 -4.37062858 -3.07841246 -2.30258509 -4.51098864 -7.61907308 -5.99360863]
log likelihood =  -1548.33578929
Edge derivatives =  [-0.6367604119987372, 0.15625276308803282, 0.23554831379954844, 0.16343547814940776, 0.03497798039132832, 0.18891648071105532, 0.016677246151450484, 0.054115614520936696, -0.08989737373114136, -0.48482992891160737, 0.05411561452093637, 1.1110657470108823e-15, 0.08028212959424631, -0.09085453879148225, 1.1319571646222966e-15, 0.054115614520935953, -0.09046588625969348, 0.42501984285467953]
other derivatives: [ 0.71527211 -7.66297035  1.39373242  0.15991191  0.09274572  0.        ]
Current x array =  [-0.59822902 -0.47645669 -0.97124845  1.0393085  -1.54009859  0.33647224
 -0.58951243 -3.9085783  -2.34016745 -2.12588763 -3.89143073 -1.63619517
 -4.35189994 -4.49024181 -7.82157052 -2.57510775 -4.49024181 -2.30258509
 -4.37374699 -3.04260424 -2.30258509 -4.49024181 -7.85339638 -6.01872284]
log likelihood =  -1548.2992866
Edge derivatives =  [-0.1582223544076377, 0.16944500819119232, 0.13148755726015277, -0.09533745258474263, 0.037365957821871625, 0.16153899488636914, 0.027503060454449384, 0.08996646101983581, -0.10390463656113899, -0.37298288527518275, 0.08996646101983577, -3.472808382432369e-21, 0.08202976296690885, 0.16465769023098847, -3.197082889152464e-21, 0.08996646101983544, -0.10417488039586259, 0.41720268207621825]
other derivatives: [ 0.00663931 -2.2328777   0.67134351  0.04640697  0.40815848  0.        ]
Current x array =  [-0.59722665 -0.4857383  -0.96720759  1.03712424 -1.54555122  0.33647224
 -0.5942231  -3.86442081 -2.33593487 -2.10948332 -3.89559351 -1.63288707
 -4.35132851 -4.50289618 -7.67490179 -2.57977946 -4.50289618 -2.30258509
 -4.37184494 -3.0644452  -2.30258509 -4.50289618 -7.71047264 -6.00340461]
log likelihood =  -1548.28391009
Edge derivatives =  [-0.07008265285931625, 0.1703012800833779, 0.22466465663321633, 0.13976411704869915, 0.04704282199441285, -0.1782900019104165, 0.03928476932781745, 0.08472560536262304, -0.09959250739710507, -0.3415868881458898, 0.08472560536262234, 2.764940485642887e-16, 0.10589536257447066, -0.07945979543472953, 2.1194922542566034e-16, 0.08472560536262266, -0.10001263623424145, 0.41085933808108815]
other derivatives: [ 0.11830252 -1.19432571  0.7661356  -0.07612471  0.48000857  0.        ]
Current x array =  [-0.59743677 -0.48761615 -0.96774014  1.03902728 -1.54663293  0.33647224
 -0.59430858 -3.86860072 -2.33756955 -2.12123771 -3.89797566 -1.62368582
 -4.35812849 -4.49938498 -7.71645942 -2.5812449  -4.49938498 -2.30258509
 -4.38000465 -3.04139674 -2.30258509 -4.49938498 -7.75113681 -5.99211244]
log likelihood =  -1548.27165781
Edge derivatives =  [-0.07930844058762193, 0.17138048726253927, 0.2801301066162789, 0.3121451841626111, 0.05395278376085421, -0.1652756433561772, 0.0381804205498998, 0.0688842446616848, -0.0947281238951521, -0.3358329368593811, 0.06888424466168491, -1.6181727221306598e-15, 0.11101560016028815, -0.2577233372796472, -1.5857700846769103e-15, 0.06888424466168404, -0.09530122579155763, 0.40501492125533944]
other derivatives: [-0.73596311 -0.35440735  0.40674877 -0.17234925  0.2859224   0.        ]
Current x array =  [-0.59635228 -0.48904549 -0.96558392  1.04127665 -1.54235355  0.33647224
 -0.59405693 -3.87651814 -2.33779812 -2.1311076  -3.89676191 -1.6241349
 -4.35970364 -4.49224277 -7.76595643 -2.58144365 -4.49224277 -2.30258509
 -4.38175927 -3.02498701 -2.30258509 -4.49224277 -7.7994031  -5.98191676]
log likelihood =  -1548.25906064
Edge derivatives =  [-0.0007138406005259279, 0.17584662980941546, 0.29060972813417296, 0.4125875102940818, 0.05600735558022819, -0.09652072539978296, 0.03552843698357097, 0.04739332397232246, -0.08628841977977462, -0.305485507612706, 0.047393323972322446, 2.6183251858213528e-17, 0.11473554154279994, -0.38036379505834833, 6.562044834975954e-17, 0.047393323972321856, -0.08704194838307484, 0.40325889068359955]
other derivatives: [-0.02376055  0.51682036 -0.12721557 -0.19890649 -0.04902176  0.        ]
Current x array =  [-0.59736677 -0.49059755 -0.96265248  1.04244029 -1.53481899  0.33647224
 -0.5948378  -3.89800389 -2.33587195 -2.13778808 -3.89392437 -1.62605555
 -4.36095807 -4.48264695 -7.85861357 -2.58297813 -4.48264695 -2.30258509
 -4.38279121 -3.01365953 -2.30258509 -4.48264695 -7.88979865 -5.97843079]
log likelihood =  -1548.24796706
Edge derivatives =  [0.028318389208721262, 0.18423202356306495, 0.22425939519636748, 0.4060550345563433, 0.042422381084571525, 0.012121414199193548, 0.02705616373418691, 0.014676689540465148, -0.07609743751608256, -0.24980976600971755, 0.014676689540465346, -2.2204448171596848e-17, 0.11215678630334619, -0.4389986208852744, -2.220493835732648e-17, 0.01467668954046571, -0.07702568168953308, 0.39999804998189353]
other derivatives: [-2.27628334  0.98661985 -0.50008566 -0.12139481 -0.51691131  0.        ]
Current x array =  [-0.59450611 -0.49130074 -0.96000112  1.04229177 -1.5259899   0.33647224
 -0.59601307 -3.92689872 -2.33081961 -2.14022219 -3.88887249 -1.62954261
 -4.36125204 -4.46924506 -7.98428378 -2.58660638 -4.46924506 -2.30258509
 -4.38210753 -3.0086956  -2.30258509 -4.46924506 -8.01240219 -5.97294106]
log likelihood =  -1548.23194634
Edge derivatives =  [0.17310923268854067, 0.1899857597060173, 0.1380252182251754, 0.318365385906749, 0.03767882103681337, 0.14020263727830967, 0.03392084925458992, -0.00809179930780242, -0.06643128725961665, -0.20546865051168273, -0.008091799307802044, -1.985638589915095e-15, 0.12813043603726051, -0.40709423426299335, -2.0555390454416198e-15, -0.008091799307801715, -0.0674644616268733, 0.3987896350190775]
other derivatives: [-0.55754299  1.34168658 -0.66879693 -0.04251888 -0.74514901  0.        ]
Current x array =  [-0.59685252 -0.49198727 -0.95924192  1.04124622 -1.52086699  0.33647224
 -0.59743209 -3.95786204 -2.32564984 -2.13711348 -3.88693604 -1.63288573
 -4.36669326 -4.45923509 -8.11977565 -2.58907145 -4.45923509 -2.30258509
 -4.38744188 -3.01133926 -2.30258509 -4.45923509 -8.14478779 -5.97049263]
log likelihood =  -1548.20646864
Edge derivatives =  [0.34715737002050173, 0.19670316822788328, -0.04860289862944808, 0.08964686366367225, 0.023469508830686985, 0.23900210179703052, 0.05186830240205892, -0.040920292652251646, -0.05493584506388625, -0.11609106811313788, -0.04092029265225175, 4.413489491965953e-16, 0.16068129967277703, -0.299956506868309, 4.5436484495712025e-16, -0.040920292652251944, -0.056046857597498057, 0.38781404764027355]
other derivatives: [ 0.47114099  1.22352048 -0.41745807  0.090904   -0.83996383  0.        ]
Current x array =  [-0.59830757 -0.49181394 -0.96065255  1.03901423 -1.51910059  0.33647224
 -0.59923127 -3.99327099 -2.31597202 -2.12736074 -3.88598555 -1.63539164
 -4.37842264 -4.4451497  -8.30970651 -2.59445617 -4.4451497  -2.30258509
 -4.39890376 -3.02097815 -2.30258509 -4.4451497  -8.33053756 -5.95216381]
log likelihood =  -1548.16550505
Edge derivatives =  [0.5599233188118531, 0.20059434734592188, -0.34395577582226133, -0.1747031983436376, -0.015614088277572435, -0.022803004232386292, 0.07143778716185084, -0.10718909857145524, -0.04340567540368904, 0.12443393997978677, -0.10718909857145544, 1.6247009317998532e-16, 0.19655528391715366, -0.2309328270438863, 2.088982205871044e-16, -0.10718909857145428, -0.04456138636320252, 0.3372013379308358]
other derivatives: [ 1.27106432  0.62354957 -0.19144863  0.07396466 -0.57589205  0.        ]
Current x array =  [-0.59936062 -0.49091251 -0.96199841  1.03862692 -1.52440071  0.33647224
 -0.6009749  -4.01115843 -2.29870691 -2.11697783 -3.88284507 -1.62797898
 -4.39438893 -4.4178517  -8.54498796 -2.60884513 -4.4178517  -2.30258509
 -4.41163795 -3.02715672 -2.30258509 -4.4178517  -8.56073795 -5.87235321]
log likelihood =  -1548.12817392
Edge derivatives =  [-0.07948357642084858, 0.1787843418345636, -0.49974531000102207, -0.3205892144427229, -0.036464047540819874, -0.07094236140485827, 0.08101396241560446, -0.17623607617792897, -0.03603581186270045, 0.2770550583269328, -0.17623607617792886, 3.5118340738431364e-17, 0.20780218242850546, -0.08178630303025104, 6.862799845571084e-17, -0.17623607617792775, -0.03719201407050614, 0.26114149417197347]
other derivatives: [ 1.17713626  0.2603656  -0.01175522  0.08233201 -0.13712906  0.        ]
Current x array =  [-0.59927278 -0.49070307 -0.96297845  1.03768236 -1.53571665  0.33647224
 -0.59134006 -4.00340394 -2.29002287 -2.11107857 -3.87850427 -1.6260087
 -4.40496131 -4.3905663  -8.73047645 -2.61781118 -4.3905663  -2.30258509
 -4.4153308  -3.04050249 -2.30258509 -4.3905663  -8.74226959 -5.76322161]
log likelihood =  -1548.10595333
Edge derivatives =  [1.09345491284766, 0.20775104125585878, -0.3851161539086402, -0.14503974496248728, -0.04034692011539724, -0.4878939976418064, 0.1158914276332528, -0.2200615583208507, -0.03257237626290132, 0.3763860871945154, -0.22006155832085061, -2.398426739610536e-16, 0.23081976118450878, -0.04129139385563922, -2.03712879901623e-16, -0.22006155832084973, -0.033718283676761066, 0.10226232190331669]
other derivatives: [ 0.53712483 -1.33356934 -1.29950877 -0.24147084  0.96858912  0.        ]
Current x array =  [-0.59756354 -0.48755869 -0.95683973  1.03819481 -1.55219344  0.33647224
 -0.60632868 -3.92945976 -2.2951315  -2.1156127  -3.88387044 -1.61365376
 -4.42581269 -4.3723637  -8.83112273 -2.62343141 -4.3723637  -2.30258509
 -4.42360405 -3.04383312 -2.30258509 -4.3723637  -8.84162073 -5.56789777]
log likelihood =  -1548.07734752
Edge derivatives =  [0.3228092117928265, 0.1770479433076156, -0.23477728599410747, -0.03860380859629431, -0.020104207829877443, -0.26570040233136033, 0.10900142660809899, -0.2284726592860264, -0.03301860399829045, 0.25389095736616585, -0.22847265928602647, -2.557068306993493e-16, 0.20333342871112273, 0.04614104877463267, -2.4189312513336133e-16, -0.22847265928602606, -0.03417772136116836, 0.0468293615818172]
other derivatives: [-0.58885234  0.11896191  1.10787823 -0.05943548  0.72700459  0.        ]
Current x array =  [-0.59663288 -0.49026711 -0.96920114  1.03686976 -1.55192689  0.33647224
 -0.5976704  -3.896091   -2.30579466 -2.12007349 -3.88309972 -1.62032336
 -4.42297327 -4.37019244 -8.81790364 -2.61650564 -4.37019244 -2.30258509
 -4.41408509 -3.05252092 -2.30258509 -4.37019244 -8.82884982 -5.5084215 ]
log likelihood =  -1548.06092016
Edge derivatives =  [-0.015942436771352264, 0.164347177193905, -0.04760231734497669, 0.1066112006430334, 0.003816105320830168, -0.05015159624715215, 0.0996638674149996, -0.19961149871474268, -0.03662881490189909, 0.10032973761163241, -0.19961149871474262, -6.416714648539551e-16, 0.1739608567116714, 0.06948384200876027, -6.604885049399031e-16, -0.19961149871474185, -0.03781286154735684, 0.04801399074524565]
other derivatives: [-0.50256403 -0.37700829  0.73466708  0.00729869  0.46873083  0.        ]
Current x array =  [-0.59670502 -0.48937435 -0.96708816  1.03662246 -1.54712111  0.33647224
 -0.59485572 -3.87033889 -2.31796263 -2.12530237 -3.88434949 -1.62647871
 -4.41516727 -4.38167038 -8.71452483 -2.60734978 -4.38167038 -2.30258509
 -4.40374522 -3.05484445 -2.30258509 -4.38167038 -8.72783504 -5.50979972]
log likelihood =  -1548.07614975
Edge derivatives =  [0.35079280348029007, 0.16728461167174474, 0.26207286115821693, 0.14870277346998564, 0.04760234015396492, 0.11044966114266558, 0.10144627246703912, -0.11061643671483434, -0.04702332412828453, -0.12277326262919336, -0.11061643671483426, -7.791274843775804e-16, 0.120805072503465, 0.3941200280739896, -7.823544412958707e-16, -0.11061643671483402, -0.04821493458565888, -0.009525109176637677]
other derivatives: [-0.76206561  4.88025762 -0.82584393 -0.05939     0.46863988  0.        ]
Current x array =  [-0.59613419 -0.49878853 -0.95851374  1.03375853 -1.54519221  0.33647224
 -0.60095957 -3.77121282 -2.34175929 -2.11748042 -3.89176142 -1.62867252
 -4.40527088 -4.41364458 -8.46331681 -2.59211521 -4.41364458 -2.30258509
 -4.38257939 -3.08368745 -2.30258509 -4.41364458 -8.48304422 -5.44900508]
log likelihood =  -1548.05446272
Edge derivatives =  [0.11740827768057976, 0.16592135600999675, 0.06344526824854765, 0.12185243383106273, 0.019392856583974452, 0.007187722952925524, 0.1002563134007006, -0.16780300356417277, -0.039999758609869276, 0.022298858079547346, -0.16780300356417288, 8.018245947191688e-17, 0.15537819469053618, 0.18519938707714972, 1.1019467779755484e-16, -0.16780300356417224, -0.04119388082692852, 0.028133427188458016]
other derivatives: [-0.59274043  1.50578217  0.18546871 -0.01650733  0.46939022  0.        ]
Current x array =  [-0.59650382 -0.49269244 -0.96406605  1.03561305 -1.54644126  0.33647224
 -0.59700706 -3.83540127 -2.32634992 -2.12254547 -3.88696187 -1.62725194
 -4.41167922 -4.39293989 -8.62598496 -2.60198026 -4.39293989 -2.30258509
 -4.39628519 -3.06501035 -2.30258509 -4.39293989 -8.64155696 -5.48837226]
log likelihood =  -1548.04719932
Edge derivatives =  [-0.02228741373737947, 0.15692771226495417, 0.1883958401133784, 0.22573461581543788, 0.03140206641078132, 0.09566192001189705, 0.09704796019737795, -0.1597038069583092, -0.04125254496451816, -0.07424134220550427, -0.15970380695830966, 4.4758760830690095e-16, 0.13228462497171786, 0.19654578759062916, 3.9035872281042735e-16, -0.15970380695830966, -0.04244525361980458, -0.008273950814730273]
other derivatives: [-0.2582965   0.25395366 -0.16357262  0.05400125  0.19908839  0.        ]
Current x array =  [-0.59685003 -0.49041907 -0.96209069  1.03540691 -1.54087036  0.33647224
 -0.59734899 -3.80770131 -2.33511614 -2.12637406 -3.88769247 -1.63026193
 -4.40902164 -4.39672514 -8.59573165 -2.59658369 -4.39672514 -2.30258509
 -4.3886094  -3.0664449  -2.30258509 -4.39672514 -8.61216241 -5.45188184]
log likelihood =  -1548.0441104
Edge derivatives =  [0.03791031288019864, 0.15729878957723825, 0.19309379814741837, 0.21044232932501541, 0.030050997205946756, 0.07991575160665171, 0.09727617763449897, -0.15747755543862368, -0.040885533442073595, -0.08885146699100824, -0.15747755543862352, 9.63479348514946e-16, 0.12454457135049377, 0.19570040702341415, 1.004560237744957e-15, -0.1574775554386233, -0.04207040033666529, -0.027008860602871707]
other derivatives: [-0.05891252 -0.03635705 -0.18799255  0.08137704  0.01048193  0.        ]
Current x array =  [-0.59711656 -0.48986623 -0.96184807  1.03552735 -1.53692054  0.33647224
 -0.59921818 -3.79866347 -2.33629016 -2.12540036 -3.88782236 -1.63015561
 -4.40892877 -4.39779324 -8.60494783 -2.59591301 -4.39779324 -2.30258509
 -4.386093   -3.06654509 -2.30258509 -4.39779324 -8.62128368 -5.43359036]
log likelihood =  -1548.03833818
Edge derivatives =  [0.1567186797983639, 0.15690826318984202, 0.14060750352161663, 0.09360624365362705, 0.020500480697665358, -0.010077875236299327, 0.09759358312843, -0.14533802995807538, -0.04043106487703797, -0.08445749472030267, -0.14533802995807538, 9.089904979128191e-16, 0.10733089531071628, 0.18846495683576162, 9.488483099774233e-16, -0.14533802995807504, -0.04159628163131823, -0.05998894051085804]
other derivatives: [ 0.52154974 -0.30668161 -0.08408279  0.07923973 -0.27057467  0.        ]
Current x array =  [-0.59792278 -0.48936251 -0.96223233  1.03659652 -1.53108005  0.33647224
 -0.60249858 -3.77926039 -2.33534447 -2.11930267 -3.88804061 -1.62813669
 -4.40778359 -4.40281375 -8.61662052 -2.59644815 -4.40281375 -2.30258509
 -4.38032412 -3.06611129 -2.30258509 -4.40281375 -8.6329558  -5.40212213]
log likelihood =  -1548.03781744
Edge derivatives =  [0.25288592146624367, 0.16324938722056465, 0.025204595938773944, -0.1291566159334003, 0.0028095834412486184, -0.05090396798388491, 0.0972553558298793, -0.12224054754434077, -0.0393638190620652, -0.08173351320098302, -0.12224054754434101, -1.866637744689902e-16, 0.08616430322448725, 0.16859388322355334, -1.8643703232020173e-16, -0.12224054754434052, -0.04049929411283482, -0.08186585912261102]
other derivatives: [-2.20620677 -0.72820967 -0.05893526  0.09295036 -0.67645942  0.        ]
Current x array =  [-0.59435576 -0.48840216 -0.96159837  1.03790117 -1.5236526   0.33647224
 -0.60641956 -3.76494509 -2.33195935 -2.10877413 -3.88851069 -1.62773453
 -4.40575481 -4.41263145 -8.64441525 -2.5973575  -4.41263145 -2.30258509
 -4.37368293 -3.06494134 -2.30258509 -4.41263145 -8.66044649 -5.38229435]
log likelihood =  -1548.03183092
Edge derivatives =  [0.21112926253611441, 0.15725345045121114, -0.013767284998563056, -0.1754534974754484, 0.0010863480303449705, -0.07761966463893061, 0.09781629714733302, -0.12120756472435178, -0.039114946645453716, -0.045637955454467305, -0.12120756472435157, 1.1499533225347882e-15, 0.0856637257451028, 0.16980085568405442, 1.1319164682196398e-15, -0.12120756472435038, -0.04024749937904572, -0.08447361974890479]
other derivatives: [-0.11505108 -0.34428922  0.07296421  0.03640253 -0.53059921  0.        ]
Current x array =  [-0.5971525  -0.48925526 -0.96268984  1.03850957 -1.52631004  0.33647224
 -0.60485118 -3.76364654 -2.3294238  -2.10642093 -3.88802608 -1.62657432
 -4.40535693 -4.4126708  -8.65035277 -2.59910197 -4.4126708  -2.30258509
 -4.37307725 -3.06467111 -2.30258509 -4.4126708  -8.66627207 -5.37949948]
log likelihood =  -1548.0290493
Edge derivatives =  [0.14309158500751384, 0.15362720864321133, -0.04570395788408757, -0.21615987122426095, -8.926502007204629e-05, -0.06434809276507858, 0.09723234347327726, -0.11448089063389615, -0.039174554011821176, -0.025966547542089907, -0.1144808906338962, -2.6870259689199427e-16, 0.08339331001552328, 0.1559911102177104, -2.897625835159112e-16, -0.11448089063389512, -0.040304744374644826, -0.07767187176717805]
other derivatives: [ 0.40652139 -0.10825261  0.14254056 -0.01748504 -0.39738097  0.        ]
Current x array =  [-0.59785935 -0.48974805 -0.9632237   1.03917324 -1.52902602  0.33647224
 -0.60324498 -3.76382327 -2.32744263 -2.10448626 -3.88788649 -1.62661717
 -4.40407997 -4.41519943 -8.64864739 -2.60007058 -4.41519943 -2.30258509
 -4.37208848 -3.06319117 -2.30258509 -4.41519943 -8.66462165 -5.38562882]
log likelihood =  -1548.02322149
Edge derivatives =  [-0.02544291920890257, 0.14454425931297513, -0.11513825908266745, -0.3164375029542501, -0.0028197406370075867, -0.0024474179645126437, 0.0950059395337058, -0.08986214096622928, -0.03904728117578997, 0.006424548110324113, -0.0898621409662289, -1.0179696213933926e-15, 0.06739902439335628, 0.09074310920815117, -1.0744468793777228e-15, -0.0898621409662289, -0.04016459508364687, -0.0746477583216404]
other derivatives: [ 0.78775884  0.15306796  0.19583695 -0.15188562 -0.15677415  0.        ]
Current x array =  [-0.59836549 -0.49031761 -0.96371292  1.04117288 -1.53399943  0.33647224
 -0.60014914 -3.75520601 -2.3236289  -2.09966704 -3.88784806 -1.62772997
 -4.3996939  -4.42499602 -8.6517421  -2.6017213  -4.42499602 -2.30258509
 -4.36633956 -3.05684992 -2.30258509 -4.42499602 -8.66781538 -5.38822346]
log likelihood =  -1548.01548676
Edge derivatives =  [-0.1507829690274305, 0.1369115525481246, -0.14552370888571048, -0.32506922721709874, -0.0020756784764808245, 0.10116652374715157, 0.08793890026177652, -0.058435049553363136, -0.03770561578566281, 0.03007541912920106, -0.05843504955336314, -2.987669146593597e-23, 0.03665865128505513, -0.06703676088095961, -2.989818333060669e-23, -0.05843504955336226, -0.03880159722354394, -0.08048361051981553]
other derivatives: [ 0.83919076  0.27912392  0.07755716 -0.22835138 -0.06318714  0.        ]
Current x array =  [-0.59841345 -0.49059393 -0.96313417  1.04234816 -1.53588543  0.33647224
 -0.59837713 -3.74252214 -2.32103494 -2.09983984 -3.88708153 -1.63030665
 -4.39216724 -4.43802457 -8.68663213 -2.6029862  -4.43802457 -2.30258509
 -4.35577328 -3.04211512 -2.30258509 -4.43802457 -8.70217749 -5.3826604 ]
log likelihood =  -1548.00920087
Edge derivatives =  [0.18831059555879992, 0.13488514263629614, -0.044416460567718086, -0.18287472164142932, -0.001349569483309311, -0.06581644520748098, 0.06786218405425327, 0.031074238142381718, -0.03802210739923164, 0.00427706297814906, 0.031074238142381534, 9.084792609146577e-16, -0.04163323902526936, -0.15638971158530002, 9.215475407582973e-16, 0.03107423814238227, -0.03905621812318522, -0.10223595537293252]
other derivatives: [ 0.77734512 -0.74428499  0.43373802  0.00522959  0.60649654  0.        ]
Current x array =  [-0.59801132 -0.48876522 -0.96530038  1.03456749 -1.54907192  0.33647224
 -0.60377692 -3.68303448 -2.32589662 -2.10484953 -3.88824547 -1.62589699
 -4.3716169  -4.47649445 -8.67909688 -2.60145361 -4.47649445 -2.30258509
 -4.32960593 -3.03404435 -2.30258509 -4.47649445 -8.69567562 -5.36280589]
log likelihood =  -1547.99993491
Edge derivatives =  [-0.013745397983919438, 0.13317767423528104, -0.09399820015172128, -0.11563446552231532, -0.003189469083392238, -0.037324422154518755, 0.060803202418678315, 0.026040761423622653, -0.03319841961858249, 0.06379787385918775, 0.02604076142362276, 3.706078242231972e-16, -0.0479628866134091, -0.32403104275668787, 3.6955141087127365e-16, 0.026040761423623247, -0.03421182530437295, -0.1048686836622093]
other derivatives: [ 0.28619525  0.01498393  0.15861588  0.0989985  -0.01186891  0.        ]
Current x array =  [-0.59756981 -0.49015603 -0.9632642   1.03484224 -1.53775452  0.33647224
 -0.60216381 -3.69902346 -2.32031044 -2.11139385 -3.88538517 -1.62734796
 -4.36904538 -4.47461684 -8.81451834 -2.60517128 -4.47461684 -2.30258509
 -4.32756227 -3.01891999 -2.30258509 -4.47461684 -8.8281175  -5.36034787]
log likelihood =  -1547.99612855
Edge derivatives =  [0.01956760976040811, 0.1387773005316708, -0.0737409268621515, -0.022501887057515962, -0.002622197087907313, -0.06399900742860887, 0.05773786044785097, 0.014835178303781255, -0.031631027191970355, 0.0761204910216828, 0.014835178303781213, -6.740426335819653e-17, -0.03597117190518835, -0.2977925869748811, -9.661883609328376e-17, 0.01483517830378079, -0.0326358798318024, -0.09207028287475645]
other derivatives: [-0.09592895 -0.08899406 -0.16493686  0.12187229 -0.09865744  0.        ]
Current x array =  [-0.59702915 -0.48991539 -0.96148147  1.03460234 -1.53573007  0.33647224
 -0.60246763 -3.71238996 -2.31966338 -2.1169988  -3.88446254 -1.62684228
 -4.36918231 -4.46992051 -8.86281369 -2.60595868 -4.46992051 -2.30258509
 -4.33151773 -3.02130273 -2.30258509 -4.46992051 -8.87527103 -5.37202191]
log likelihood =  -1547.99026493
Edge derivatives =  [0.24421165660430239, 0.15025395888834558, -0.011287790977677237, 0.16213205681086806, 0.00021332998102212286, -0.14809033686548206, 0.0459680970595931, 0.017991510803680725, -0.02843336862687537, 0.08185404998978635, 0.017991510803680395, 1.0048766164937342e-15, -0.03084888922019408, -0.19213482560148543, 9.933115103077156e-16, 0.017991510803680257, -0.029398112440454826, -0.07668528094076708]
other derivatives: [-1.00824309  0.83077794 -0.27744136  0.17491857 -0.21148026  0.        ]
Current x array =  [-0.59581935 -0.49137976 -0.96074412  1.03329872 -1.5329772   0.33647224
 -0.60544095 -3.71943243 -2.32007722 -2.12727204 -3.88323302 -1.62489074
 -4.36369919 -4.47141772 -8.96930833 -2.60628061 -4.47141772 -2.30258509
 -4.3329222  -3.03082101 -2.30258509 -4.47141772 -8.97959258 -5.38609498]
log likelihood =  -1547.98416796
Edge derivatives =  [0.2344009453520357, 0.15227588780825427, -0.020352825202466424, 0.27133757149378157, -0.004364440279456705, -0.20348881411064487, 0.0322497106149982, 0.019368167681794123, -0.024618442299727265, 0.10450882602327524, 0.019368167681793887, 1.187256506439213e-19, -0.02480714612841796, -0.0939833807989537, -1.7931150713424142e-17, 0.01936816768179369, -0.02552279852047757, -0.053426753922289544]
other derivatives: [-0.75704065 -0.38655799 -0.45042725  0.19254003 -0.36343408  0.        ]
Current x array =  [-0.59609763 -0.48910853 -0.959925    1.03409502 -1.52945185  0.33647224
 -0.60569645 -3.73317977 -2.31680985 -2.13522093 -3.88129481 -1.62417974
 -4.35728353 -4.4730881  -9.11395949 -2.60808214 -4.4730881  -2.30258509
 -4.3352142  -3.04020361 -2.30258509 -4.4730881  -9.1212461  -5.40834039]
log likelihood =  -1547.97728625
Edge derivatives =  [0.18780768936400033, 0.1486394949200369, -0.041519918380346243, 0.32274949291903554, -0.0064879551297106, -0.20212633585193204, 0.015395582336755566, 0.04286860993670161, -0.02158707038393026, 0.12423655439571105, 0.04286860993670154, -5.074041149300959e-16, -0.03425907200351756, 0.00043044971586751746, -5.331228959777469e-16, 0.042868609936701295, -0.02242779614847834, -0.034339785912894605]
other derivatives: [-0.54531029 -0.32744083 -0.28758222  0.10895747 -0.27266651  0.        ]
Current x array =  [-0.59637513 -0.48915401 -0.96100849  1.03571417 -1.53098917  0.33647224
 -0.60466176 -3.73136849 -2.31344102 -2.13927204 -3.87985723 -1.62432198
 -4.34648399 -4.48393773 -9.24560757 -2.60929474 -4.48393773 -2.30258509
 -4.3318802  -3.04895983 -2.30258509 -4.48393773 -9.25039514 -5.4266538 ]
log likelihood =  -1547.96638638
Edge derivatives =  [-0.05838067037938682, 0.13861922953015562, -0.15747358255728902, 0.19692794179438108, -0.020154592307647608, -0.02389440598882031, -0.016382946436179182, 0.0639000035686545, -0.016329760682854553, 0.11863163998170997, 0.0639000035686541, -7.401648915270825e-17, -0.044761347950877606, 0.10112536148542906, -4.9077584629466305e-17, 0.06390000356865419, -0.01705120018920528, -0.015683080093739685]
other derivatives: [-1.04262199 -0.49431037  0.06762093 -0.05368292 -0.09044925  0.        ]
Current x array =  [-0.59575947 -0.48883212 -0.96306342  1.03907942 -1.53504796  0.33647224
 -0.6008454  -3.72826895 -2.30674701 -2.13461447 -3.87608268 -1.62901708
 -4.32917337 -4.49481252 -9.52517158 -2.60908607 -4.49481252 -2.30258509
 -4.32829835 -3.05852648 -2.30258509 -4.49481252 -9.52450103 -5.44502861]
log likelihood =  -1548.03531137
Edge derivatives =  [0.4588284753404441, 0.1307297364253432, -0.11249230520348466, 0.23344849068270793, -0.008785970210606384, 0.4916216777734116, -0.09813137669069386, 0.13297749456234298, -0.007575414920376209, 0.005681692894083268, 0.13297749456234226, -6.571753859715642e-16, -0.09193286084580334, 0.30406293753625147, -6.729335899703895e-16, 0.13297749456234192, -0.008019598070375476, -0.027738984851943777]
other derivatives: [ 9.96344625  1.97489953 -1.17840955 -0.31216132  0.18528681  0.        ]
Current x array =  [ -0.61041941  -0.49359521  -0.95853336   1.04076951  -1.53430507
   0.33647224  -0.60517497  -3.68271137  -2.30680404  -2.13431001
  -3.86778425  -1.6409914   -4.28159815  -4.52690799 -10.29155417
  -2.5999431   -4.52690799  -2.30258509  -4.30971759  -3.07547665
  -2.30258509  -4.52690799 -10.27623857  -5.43069005]
log likelihood =  -1547.96262047
Edge derivatives =  [0.036512424243043906, 0.1371744173133215, -0.14937891797384387, 0.20341593434963845, -0.018113067436626877, 0.07097022547063292, -0.03106629333399029, 0.0768211808345623, -0.014183993832499756, 0.09788300054729807, 0.07682118083456232, -3.102545767137566e-16, -0.053385326956150864, 0.13858560954881866, -3.481976086128246e-16, 0.07682118083456163, -0.01484798887886458, -0.017886298322938546]
other derivatives: [ 1.01747446 -0.03426521 -0.16095782 -0.1016133  -0.03972218  0.        ]
Current x array =  [-0.59844845 -0.48970578 -0.9622325   1.03938942 -1.5349117   0.33647224
 -0.60163954 -3.71991262 -2.30675747 -2.13455863 -3.87456055 -1.63121345
 -4.32044695 -4.50069959 -9.66574414 -2.60740903 -4.50069959 -2.30258509
 -4.3248902  -3.06163554 -2.30258509 -4.50069959 -9.66238735 -5.44239858]
log likelihood =  -1547.9578977
Edge derivatives =  [-0.03819534153173215, 0.13340193361708313, -0.2012169084742033, 0.0777509841202835, -0.026554538356517256, 0.210084600869067, -0.04860480104184757, 0.08254662894638853, -0.012123063112837234, 0.05925441242758023, 0.08254662894638831, 6.417423259656967e-16, -0.062143890952021, 0.1462205537455866, 6.603895871090754e-16, 0.0825466289463876, -0.012728054041227461, -0.02462839943950709]
other derivatives: [ 0.51152256  0.14515535  0.03813057 -0.12346391  0.02448814  0.        ]
Current x array =  [-0.59781101 -0.49003939 -0.96321227  1.03964669 -1.53668661  0.33647224
 -0.60080293 -3.71077445 -2.30562136 -2.12792679 -3.87243349 -1.6348083
 -4.31188106 -4.5040976  -9.82289093 -2.60509583 -4.5040976  -2.30258509
 -4.32195481 -3.06240173 -2.30258509 -4.5040976  -9.816492   -5.43580522]
log likelihood =  -1547.95219048
Edge derivatives =  [-0.0654550533592404, 0.13165497730952877, -0.21804016177165275, -0.06474304334189956, -0.03764215962431335, 0.31503266607859887, -0.07096178459715939, 0.07803101648726181, -0.009711307834547824, -0.018306685888676122, 0.07803101648726192, 6.271180357724893e-16, -0.0669746407891827, 0.1382828836662689, 6.432113192323794e-16, 0.07803101648726145, -0.010240414657011658, -0.042083639847669434]
other derivatives: [ 0.05452421  0.18374067  0.15797923 -0.06282335 -0.00184173  0.        ]
Current x array =  [ -0.59723704  -0.49015507  -0.96363101   1.0383946   -1.53680861
   0.33647224  -0.60116031  -3.69859914  -2.30799706  -2.11940691
  -3.86972595  -1.63762631  -4.30288678  -4.50310686 -10.04487124
  -2.60049184  -4.50310686  -2.30258509  -4.32038667  -3.06173341
  -2.30258509  -4.50310686 -10.03410982  -5.41892721]
log likelihood =  -1547.94513868
Edge derivatives =  [-0.08082817944850768, 0.13091631202019174, -0.16888055885141776, -0.16825755980732543, -0.050618067641108065, 0.28265920573457376, -0.09859794546145038, 0.059274307844639294, -0.007137101489362119, -0.11048691687712234, 0.05927430784463907, 3.762273600000965e-16, -0.06105968265199749, 0.11311240519105299, 3.7096560787802243e-16, 0.059274307844638635, -0.007573350775034555, -0.06344679632084468]
other derivatives: [-0.26072939  0.24560904  0.15943442  0.01909939 -0.06252776  0.        ]
Current x array =  [ -0.59685174  -0.49036686  -0.96335838   1.0367157   -1.53630459
   0.33647224  -0.60168575  -3.68717352  -2.3149213   -2.11164857
  -3.86650638  -1.63681263  -4.2940216   -4.49574601 -10.35286403
  -2.59496643  -4.49574601  -2.30258509  -4.32229906  -3.05937425
  -2.30258509  -4.49574601 -10.33594077  -5.39857283]
log likelihood =  -1547.93698286
Edge derivatives =  [-0.0068346372460225124, 0.13015192581069077, -0.037013205941537536, -0.13796840369269864, -0.06280517053926907, 0.06641427621838458, -0.13257394846898368, 0.035612016315459155, -0.004545624608390361, -0.13599950904696873, 0.03561201631545888, 7.45130069922376e-16, -0.0514290564966749, 0.019872286634342595, 7.499978832565864e-16, 0.035612016315458975, -0.004868253097329601, -0.08308588725838167]
other derivatives: [-0.179989   -0.13919816  0.3274863   0.01798526 -0.0234877   0.        ]
Current x array =  [ -0.59694672  -0.48973724  -0.9641855    1.03659155  -1.53707878
   0.33647224  -0.60320052  -3.67242807  -2.32563743  -2.11001082
  -3.86339057  -1.63131186  -4.28358896  -4.48657866 -10.80406945
  -2.59354984  -4.48657866  -2.30258509  -4.32560415  -3.05081569
  -2.30258509  -4.48657866 -10.77809187  -5.38036974]
log likelihood =  -1547.93504054
Edge derivatives =  [-0.22676574328664167, 0.12512830882280399, 0.053457411226295576, -0.08611482370102777, -0.06578274017602032, -0.0871594661551276, -0.1571758831923473, -0.0007427728670340583, -0.0026594758644679847, -0.04301843840580266, -0.0007427728670340097, 1.1285861407124593e-16, -0.017607764187902292, -0.049203834780649575, 1.5510905859758588e-16, -0.0007427728670335691, -0.0028810705074923757, -0.07801338959890344]
other derivatives: [-0.58037131  0.95608357 -0.72486728 -0.07159997 -0.06141363  0.        ]
Current x array =  [ -0.59637226  -0.49186246  -0.95838739   1.03777758  -1.53647216
   0.33647224  -0.59952873  -3.67287661  -2.33164054  -2.11050894
  -3.86092541  -1.62668111  -4.27808206  -4.47068411 -11.33898607
  -2.59845054  -4.47068411  -2.30258509  -4.3360134   -3.04375601
  -2.30258509  -4.47068411 -11.30205246  -5.38436508]
log likelihood =  -1547.93156965
Edge derivatives =  [-0.0793174218893628, 0.12658406341372455, 0.07508614725683818, -0.022814271685561438, -0.06578800016612424, -0.12923274586766414, -0.16068507662819634, 0.0076328879746757824, -0.002601974864110768, -0.039038547684223185, 0.0076328879746761155, 4.440265154857731e-17, -0.02501961653323811, -0.04431830196214177, 4.4403320662703445e-17, 0.007632887974675845, -0.0028192895522022366, -0.07627494160918039]
other derivatives: [-0.03619789  0.11066277 -0.15520527 -0.04790763  0.00293312  0.        ]
Current x array =  [ -0.59708105  -0.49026082  -0.96161837   1.03753414  -1.53733074
   0.33647224  -0.6018803   -3.66813713  -2.33218906  -2.11405726
  -3.86119575  -1.62601924  -4.27570501  -4.47495797 -11.36138485
  -2.59906974  -4.47495797  -2.30258509  -4.3339533   -3.04460079
  -2.30258509  -4.47495797 -11.3240842   -5.3863889 ]
log likelihood =  -1547.93064913
Edge derivatives =  [-0.05132639176911419, 0.1259889821778336, 0.07874727907983367, 0.014133300564303064, -0.06463205848014922, -0.13443076467227943, -0.16362291988816846, 0.010847778110873396, -0.002417460601009392, -0.010590263639922298, 0.010847778110873074, -2.509321345867445e-16, -0.0251855116535745, -0.03791931650466315, -2.423964843553993e-16, 0.010847778110872518, -0.002623026654747103, -0.07017153854500505]
other derivatives: [ 0.13080808 -0.1166427  -0.01173248 -0.05550191  0.04065441  0.        ]
Current x array =  [ -0.59728794  -0.48981734  -0.96248277   1.03770899  -1.5378779
   0.33647224  -0.60228575  -3.66629572  -2.33160925  -2.1163265
  -3.86133337  -1.62600197  -4.27402158  -4.47662549 -11.43505911
  -2.60087566  -4.47662549  -2.30258509  -4.33396661  -3.04529524
  -2.30258509  -4.47662549 -11.39630324  -5.392187  ]
log likelihood =  -1547.92909116
Edge derivatives =  [-0.02690023764381716, 0.12450965991169702, 0.07386836849933423, 0.06540467093194294, -0.06124685172826501, -0.10695987033628532, -0.16789999649129642, 0.012938454155840412, -0.002007042426696163, 0.05337061949063218, 0.012938454155840301, -4.907054634494223e-18, -0.02113770034186547, -0.02765685974860907, -5.2206719423462364e-17, 0.012938454155840603, -0.0021857492974425717, -0.057239673520098434]
other derivatives: [ 0.2449724  -0.24901965  0.14772468 -0.05970833  0.08201368  0.        ]
Current x array =  [ -0.59742139  -0.48952353  -0.96344915   1.03776603  -1.53848102
   0.33647224  -0.6026741   -3.66290504  -2.32993178  -2.11974084
  -3.86175306  -1.62683757  -4.27172463  -4.47791732 -11.62117184
  -2.60482124  -4.47791732  -2.30258509  -4.33532913  -3.04634119
  -2.30258509  -4.47791732 -11.57869523  -5.40445034]
log likelihood =  -1547.92663252
Edge derivatives =  [-0.03271979267029124, 0.12145510685015341, 0.046138820310884676, 0.08365841292306136, -0.056368075139101345, -0.013847966059903183, -0.1700104275755213, 0.005715421085244924, -0.0014084707609562561, 0.12572933078934284, 0.005715421085244938, 1.030073234310985e-15, -0.00817605559055114, -0.02353579748315529, 9.658375611232965e-16, 0.0057154210852452016, -0.0015449322398816833, -0.041062876485333924]
other derivatives: [ 0.3069772  -0.67539077  0.07248673 -0.01930403  0.07066774  0.        ]
Current x array =  [ -0.5974432   -0.48872534  -0.96308568   1.03704671  -1.53809507
   0.33647224  -0.60312938  -3.65600708  -2.3273436   -2.12165872
  -3.86281407  -1.62940114  -4.27109345  -4.47529835 -11.97534091
  -2.60931767  -4.47529835  -2.30258509  -4.33972104  -3.04682944
  -2.30258509  -4.47529835 -11.925726    -5.41999672]
log likelihood =  -1547.92574277
Edge derivatives =  [0.2721364570164434, 0.12406211963113582, 0.002895131079557689, 0.1521536040404807, -0.03696174756642513, 0.18581363044255295, -0.16190787060671066, -0.003748149571073906, -0.0006966431435991473, 0.24224677804064976, -0.0037481495710744057, -1.825614890516775e-16, 0.01684615505834435, -0.006234892666224359, -2.295244324691252e-16, -0.0037481495710737084, -0.0007751788586600024, -0.0102687604279981]
other derivatives: [-0.07726157  0.9293899   0.76317974  0.09108589  0.00204636  0.        ]
Current x array =  [ -0.5970096   -0.49138634  -0.96670722   1.03424624  -1.53652486
   0.33647224  -0.60811494  -3.63501738  -2.32222073  -2.12680122
  -3.86702193  -1.63458105  -4.27437814  -4.4712366  -12.67886387
  -2.61637269  -4.4712366   -2.30258509  -4.34786661  -3.04836736
  -2.30258509  -4.4712366  -12.61511909  -5.44994295]
log likelihood =  -1547.92215628
Edge derivatives =  [0.115590704902653, 0.1194155946671708, -0.009752248218215576, 0.06939895645266819, -0.04282314376207601, 0.19213459718763837, -0.1643310749239729, -0.014793377882746237, -0.0006594645251903679, 0.19838930730766277, -0.014793377882746286, 3.5199659858501494e-16, 0.02086114496237401, -0.02409904940272782, 2.946333942446936e-16, -0.014793377882746196, -0.0007346809030006532, -0.018118350582101]
other derivatives: [ 0.10213626  0.03517471  0.18553692  0.09699761 -0.02894467  0.        ]
Current x array =  [ -0.59716117  -0.48990612  -0.96353417   1.03439098  -1.53606239
   0.33647224  -0.60633562  -3.63423552  -2.32340608  -2.12185193
  -3.86625589  -1.63469737  -4.27461832  -4.46668597 -12.73375381
  -2.61368563  -4.46668597  -2.30258509  -4.34932631  -3.04669218
  -2.30258509  -4.46668597 -12.6688613   -5.44220338]
log likelihood =  -1547.92072254
Edge derivatives =  [0.0889586142787242, 0.11761177597513835, -0.01850940572203913, 0.020007691747660483, -0.044053564568680356, 0.1956530465420277, -0.1613531081134462, -0.023117114055146937, -0.0005872458860663021, 0.15632650468436568, -0.023117114055147173, -1.0833586521032799e-16, 0.025363850030723157, -0.035848231808708816, -1.2064228314406202e-16, -0.023117114055146805, -0.0006558020376295124, -0.022255996428795354]
other derivatives: [-0.15224941 -0.18605988  0.00084128  0.1164608  -0.06741629  0.        ]
Current x array =  [ -0.59679572  -0.48954728  -0.96241077   1.03406391  -1.53547856
   0.33647224  -0.60646458  -3.62845592  -2.32413465  -2.11882278
  -3.86679844  -1.63474604  -4.27675949  -4.46312459 -12.84974673
  -2.61114597  -4.46312459  -2.30258509  -4.3509447   -3.04561278
  -2.30258509  -4.46312459 -12.78250926  -5.43816659]
log likelihood =  -1547.91845512
Edge derivatives =  [0.11032340544320368, 0.1105608978840067, -0.04541322664976552, -0.08457280599667671, -0.039520975519946835, 0.22425085253779864, -0.14715130892757827, -0.040290196196998695, -0.00039484307209829107, 0.05320699690516434, -0.0402901961969985, -9.81674746076794e-17, 0.03875304010076562, -0.046724160606307796, -1.0663615454103483e-16, -0.040290196196999056, -0.00044452749159657053, -0.026774768004825002]
other derivatives: [ 0.79403435 -0.1123226  -0.38667167  0.14285888 -0.12203145  0.        ]
Current x array =  [ -0.5979957   -0.48981873  -0.96028328   1.03321242  -1.53423606
   0.33647224  -0.60756693  -3.60770516  -2.32476724  -2.11218497
  -3.86951773  -1.63505495  -4.28392311  -4.45528308 -13.24634199
  -2.60460732  -4.45528308  -2.30258509  -4.35535124  -3.04429166
  -2.30258509  -4.45528308 -13.17113368  -5.43346577]
log likelihood =  -1547.91530407
Edge derivatives =  [0.16280453378433546, 0.10393639426304042, -0.07806364033027954, -0.15811495994614713, -0.035965058934771345, 0.21084476724753065, -0.12903344694494714, -0.048532496881426995, -0.00026004650089187496, -0.06965337558653681, -0.04853249688142683, -7.092931174419174e-17, 0.04473531972092115, -0.0444750167676112, -5.896288161604954e-17, -0.04853249688142744, -0.00029522368213367697, -0.028258916429521407]
other derivatives: [-0.5344873  -0.37528025 -0.24153906  0.17817001 -0.16839294  0.        ]
Current x array =  [ -0.59619677  -0.48930779  -0.96067879   1.03256635  -1.53381675
   0.33647224  -0.61000285  -3.58029264  -2.32465849  -2.10791848
  -3.87356951  -1.63471531  -4.29212314  -4.45173361 -13.66426235
  -2.59747615  -4.45173361  -2.30258509  -4.35783549  -3.04473489
  -2.30258509  -4.45173361 -13.58073624  -5.43230539]
log likelihood =  -1547.91214764
Edge derivatives =  [0.23275438191647668, 0.09622580246408773, -0.09286406383912765, -0.14935800102840813, -0.028205474536496168, 0.1849465446798308, -0.11527504096938276, -0.046812271763692556, -0.00018260575708219605, -0.11765198314752268, -0.04681227176369219, 8.450251602489808e-16, 0.04827477783642454, -0.02502293738694146, 7.729312234404973e-16, -0.046812271763691675, -0.00020875867343419526, -0.020684893772782792]
other derivatives: [-0.52050382 -0.24331257  0.004502    0.1582066  -0.13201316  0.        ]
Current x array =  [ -0.59619764  -0.48951498  -0.9619765    1.03272876  -1.53444062
   0.33647224  -0.61170312  -3.55875913  -2.32354407  -2.10828034
  -3.87704318  -1.63391292  -4.29717221  -4.45221248 -14.01782703
  -2.59462151  -4.45221248  -2.30258509  -4.35913285  -3.04654913
  -2.30258509  -4.45221248 -13.92728906  -5.43975114]
log likelihood =  -1547.90498979
Edge derivatives =  [0.22828195202572787, 0.05834297616792663, -0.09432588269470688, -0.044161590669058226, -0.0016102135020994168, 0.027178446371479703, -0.07672635934805454, -0.03581633665500487, -5.729438239974338e-05, -0.19626520253889373, -0.03581633665500442, -5.7774217227147735e-16, 0.05686594101968928, 0.03752971167219199, -5.920237998181246e-16, -0.03581633665500453, -6.701513584240974e-05, 0.006735168221941158]
other derivatives: [-0.1121407   0.02030447  0.37880454  0.0240334   0.04101821  0.        ]
Current x array =  [ -0.59662901  -0.48997972  -0.96407311   1.03464347  -1.53758145
   0.33647224  -0.61361034  -3.49053776  -2.32170706  -2.11305194
  -3.88739475  -1.62927756  -4.3104767   -4.45596683 -15.17686039
  -2.58980615  -4.45596683  -2.30258509  -4.3621147   -3.05223681
  -2.30258509  -4.45596683 -15.06334466  -5.46698217]
log likelihood =  -1547.90278759
Edge derivatives =  [0.057925667602010844, 0.030201943200218892, -0.06284864974983762, 0.04543215602249831, 0.014972904022699164, -0.0645085336161334, -0.058239979329731906, -0.025993767927768908, -2.8998924343558325e-05, -0.17101725485573194, -0.025993767927768766, 9.741157644695466e-16, 0.059616395161725816, 0.06626169054861075, 9.664148797031834e-16, -0.025993767927769015, -3.438023265606631e-05, 0.023428739831025308]
other derivatives: [-0.4696858   0.59412741 -0.06032224 -0.06932623  0.0922455   0.        ]
Current x array =  [ -0.59604374  -0.49104096  -0.96164328   1.03590808  -1.53862335
   0.33647224  -0.61230117  -3.45240358  -2.32237341  -2.11681631
  -3.89241579  -1.62639935  -4.31624779  -4.45927554 -15.85739262
  -2.590979    -4.45927554  -2.30258509  -4.36272401  -3.05458201
  -2.30258509  -4.45927554 -15.73038423  -5.48363289]
log likelihood =  -1547.90169882
Edge derivatives =  [-0.03510055735104256, 0.015850733392219773, -0.04917915764988126, 0.08519706599528881, 0.021578632245523116, -0.08855006165504731, -0.04966831610535036, -0.023173541704109395, -2.2054115125873155e-05, -0.1292847965302789, -0.023173541704109707, 4.43922791768239e-17, 0.05961603092081372, 0.06843590318008402, 4.439458849968664e-17, -0.023173541704109818, -2.62876790881454e-05, 0.030982477385979413]
other derivatives: [ 0.08767529 -0.02560228  0.04342837 -0.03117293  0.05470611  0.        ]
Current x array =  [ -0.5967521   -0.48995743  -0.96225863   1.03559985  -1.53803594
   0.33647224  -0.6119584   -3.4378502   -2.32297607  -2.11887584
  -3.89440565  -1.62597729  -4.319129    -4.46055369 -16.13133259
  -2.59363909  -4.46055369  -2.30258509  -4.36292478  -3.05494761
  -2.30258509  -4.46055369 -15.9988824   -5.49158063]
log likelihood =  -1547.90123966
Edge derivatives =  [-0.081949056485634, 0.016041227916438083, -0.03337514743451164, 0.08465198513994074, 0.02057481418825763, -0.09395814109582362, -0.049408500094751936, -0.0210541461638136, -2.409851181193914e-05, -0.10966485751006422, -0.021054146163813472, -1.839822893967962e-16, 0.05508801978328213, 0.058954158220104635, -1.41005837390962e-16, -0.021054146163813254, -2.8673167687555744e-05, 0.027666232253203027]
other derivatives: [ 0.12469172 -0.16309514 -0.01398348 -0.00757154  0.01186891  0.        ]
Current x array =  [ -0.59680668  -0.48972694  -0.96192986   1.03535917  -1.53733223
   0.33647224  -0.61139873  -3.44044441  -2.3243437   -2.11859518
  -3.89378681  -1.62593108  -4.31915411  -4.46140933 -16.04273393
  -2.59485225  -4.46140933  -2.30258509  -4.36141278  -3.05410014
  -2.30258509  -4.46140933 -15.91206296  -5.48818648]
log likelihood =  -1547.90020851
Edge derivatives =  [-0.12660147493904067, 0.01568518125342253, 0.005713212763141268, 0.0721249997387289, 0.019859753858063933, -0.0904173118037499, -0.04239049091688632, -0.013674393747986829, -2.7996837284520746e-05, -0.06851565728144349, -0.013674393747987273, -4.427606644920968e-17, 0.041715626251363325, 0.0346656386045851, -4.432096441461838e-17, -0.013674393747986908, -3.320937938306749e-05, 0.01918979454510282]
other derivatives: [ 0.09422365 -0.31689069 -0.12337296  0.03647074 -0.0755108   0.        ]
Current x array =  [ -0.59676194  -0.48945356  -0.96127809   1.03479527  -1.53575129
   0.33647224  -0.61119535  -3.44015746  -2.3281094   -2.11696083
  -3.89309956  -1.62616111  -4.32156496  -4.46421292 -15.89289581
  -2.59738837  -4.46421292  -2.30258509  -4.35694049  -3.0519018
  -2.30258509  -4.46421292 -15.76526837  -5.47953638]
log likelihood =  -1547.89905618
Edge derivatives =  [-0.08457263025383649, 0.011745397877160621, 0.03684122612355756, 0.041512923055924605, 0.022457377005303154, -0.028284158968727657, -0.026782346058641944, -0.004329433368700172, -2.7358770257770917e-05, -0.009566979499125022, -0.004329433368699485, -1.2210462190684544e-15, 0.02700854088622238, 0.00850397856932368, -1.1949970377332692e-15, -0.004329433368699783, -3.2464440124151845e-05, 0.0134538083279215]
other derivatives: [ 0.14549641 -0.18801529 -0.10904841  0.04931735 -0.10420536  0.        ]
Current x array =  [ -0.59680393  -0.48963697  -0.96134821   1.0344455   -1.53497506
   0.33647224  -0.61236525  -3.42904336  -2.33178582  -2.11405646
  -3.89350933  -1.62774916  -4.32704808  -4.46761398 -15.91596402
  -2.60093737  -4.46761398  -2.30258509  -4.3519909   -3.04947861
  -2.30258509  -4.46761398 -15.78795151  -5.47368669]
log likelihood =  -1547.89892886
Edge derivatives =  [0.03230432263916949, 0.005506213987149346, 0.03767789508202027, -0.023218438300385336, 0.020378032995026975, 0.017375593765127872, -0.005985067412134684, 0.0057737453330287715, -2.4189195099469486e-05, 0.0006437565634866971, 0.005773745333028553, -1.1938624943242353e-20, 0.009903898537231452, -0.009929107732665698, 4.377389681860732e-21, 0.005773745333028681, -2.8768746329611505e-05, 0.006889415376808508]
other derivatives: [-0.20856987 -0.54108114 -0.25997906 -0.03858531  0.04858975  0.        ]
Current x array =  [ -0.59619309  -0.48892955  -0.96061189   1.03545804  -1.53724255
   0.33647224  -0.61450248  -3.40952398  -2.33385485  -2.10935818
  -3.89426729  -1.62870538  -4.33447354  -4.47136703 -16.03925057
  -2.6015682   -4.47136703  -2.30258509  -4.34638987  -3.04780539
  -2.30258509  -4.47136703 -15.90888454  -5.46711582]
log likelihood =  -1547.89842554
Edge derivatives =  [0.011789256601529075, 0.004046785182267663, 0.03550299272010224, -0.015886369401357375, 0.022658391597587882, 0.029466822254256175, -0.007017455532667156, 0.004247222233835755, -2.330676851513403e-05, 0.017132145924493275, 0.004247222233835529, 5.402334999330848e-15, 0.012928526382165025, -0.009214682776555766, 5.538153384126805e-15, 0.004247222233836282, -2.7741617425815686e-05, 0.00927273548769902]
other derivatives: [ 0.0621867   0.00957243 -0.02467004 -0.00779892 -0.00106866  0.        ]
Current x array =  [ -0.59663454  -0.48993674  -0.96185198   1.03494928  -1.53658736
   0.33647224  -0.61414146  -3.41000119  -2.3334257   -2.10992587
  -3.8942517   -1.62900162  -4.33414918  -4.4706288  -16.07623995
  -2.6024806   -4.4706288   -2.30258509  -4.34726377  -3.04778784
  -2.30258509  -4.4706288  -15.9451164   -5.46941563]
log likelihood =  -1547.89839458
Edge derivatives =  [0.006651806555274142, 0.0038783514068977624, 0.029000849094506814, -0.015597938452969473, 0.02220857252182501, 0.017953767531050047, -0.008139123617303148, 0.0027515933157502524, -2.3020212823462595e-05, 0.002690116302210971, 0.0027515933157502247, 2.986159178969915e-17, 0.014866227324000822, -0.005507381319462115, 3.712298088339985e-17, 0.002751593315749916, -2.7407605843653816e-05, 0.009774131493276899]
other derivatives: [ 0.00761702 -0.00409273 -0.00889031 -0.00688942  0.00011369  0.        ]
Current x array =  [ -0.59656735  -0.48991969  -0.96191752   1.03495123  -1.53668292
   0.33647224  -0.61406849  -3.41023402  -2.33287156  -2.1101073
  -3.89431288  -1.62870572  -4.3338453   -4.4700527  -16.08862002
  -2.60161843  -4.4700527   -2.30258509  -4.34792867  -3.04813825
  -2.30258509  -4.4700527  -15.95724163  -5.46993373]
log likelihood =  -1547.89836719
Edge derivatives =  [0.01004231353671975, 0.0034436960585524697, 0.02130410625979748, -0.022416059959112195, 0.02064345775208233, 0.005781176461757631, -0.007482362582600571, 0.002319786156305823, -2.303709292123069e-05, -0.011077643312113111, 0.002319786156305785, 8.509747216357201e-16, 0.014337658807325501, -0.0038859239031028836, 8.591278988778474e-16, 0.0023197861563053514, -2.742713628285654e-05, 0.00868581191109643]
other derivatives: [ 0.04931735  0.0114369  -0.02389697 -0.01305125  0.01525677  0.        ]
Current x array =  [ -0.59662052  -0.4899635   -0.96183877   1.03499641  -1.53698179
   0.33647224  -0.61406456  -3.40961208  -2.33238312  -2.10981604
  -3.8940558   -1.62834712  -4.33415186  -4.46982437 -16.08786939
  -2.60075835  -4.46982437  -2.30258509  -4.34773372  -3.0482588
  -2.30258509  -4.46982437 -15.95650865  -5.46880854]
log likelihood =  -1547.89837142
Edge derivatives =  [-0.023216624576732292, -0.0007842661919648716, 0.006001173964251816, -0.03208553104513345, 0.016341829832945, -0.02897288039795043, -0.002717651375250818, 0.002950696048757983, -2.249492254754548e-05, -0.02242002309020097, 0.002950696048758531, 3.925507948750558e-20, 0.00937074735270585, -0.004982860242124812, 3.179048247359598e-20, 0.0029506960487589683, -2.679352453697927e-05, 0.005918467979238737]
other derivatives: [-0.23760549 -0.01391527  0.10172698  0.00702585  0.00343334  0.        ]
Current x array =  [ -0.59626327  -0.48993887  -0.9624114    1.03471624  -1.53714435
   0.33647224  -0.61392026  -3.40522964  -2.33155375  -2.1095889
  -3.89328426  -1.62752242  -4.33612316  -4.47003483 -16.1117775
  -2.60014649  -4.47003483  -2.30258509  -4.34616165  -3.0482262
  -2.30258509  -4.47003483 -15.97996013  -5.46608973]
log likelihood =  -1547.89833413
Edge derivatives =  [-0.0060845188533772965, 0.001397836892682993, 0.01388448877967427, -0.027105496026064824, 0.018557602168755384, -0.011070507932209206, -0.005170280953846331, 0.0026258007329389467, -2.277253436992158e-05, -0.0165775890980068, 0.002625800732939162, -5.71925983388609e-16, 0.011929775582097468, -0.004417881151467226, -6.00951111592146e-16, 0.002625800732938461, -2.71179922380468e-05, 0.007344647495430635]
other derivatives: [-0.08972165 -0.00081855  0.03713012 -0.00313776  0.00961791  0.        ]
Current x array =  [ -0.59644726  -0.48995156  -0.96211649   1.03486053  -1.53706063
   0.33647224  -0.61399458  -3.40748665  -2.33198088  -2.10970588
  -3.89368161  -1.62794715  -4.33510792  -4.46992644 -16.09946454
  -2.6004616   -4.46992644  -2.30258509  -4.34697128  -3.04824299
  -2.30258509  -4.46992644 -15.96788234  -5.46748995]
log likelihood =  -1547.89830487
Edge derivatives =  [-0.011128910832478245, 0.001045540580590653, 0.012094636991087288, -0.029317529398535352, 0.0169619566123285, -0.017926279687280222, -0.003994189279172694, 0.003318031737512526, -2.326871315462906e-05, -0.014821941420970375, 0.003318031737512328, -2.0345759820295276e-15, 0.009498508872037539, -0.006102051536460623, -2.09446184643509e-15, 0.003318031737512484, -2.769657400578404e-05, 0.005745028685744134]
other derivatives: [-0.04054073  0.00275122  0.02964953  0.00065938  0.00777618  0.        ]
Current x array =  [ -0.59651467  -0.48996901  -0.96207495   1.034783    -1.53705914
   0.33647224  -0.61392136  -3.4073864   -2.33189826  -2.10961707
  -3.89317531  -1.62777378  -4.33553154  -4.47016194 -16.07790781
  -2.60055617  -4.47016194  -2.30258509  -4.34614678  -3.04807635
  -2.30258509  -4.47016194 -15.94676312  -5.46586527]
log likelihood =  -1547.89825624
Edge derivatives =  [-0.021627372528014333, 0.0004227953093865148, 0.008075440017201202, -0.02628863365253542, 0.013500094525417172, -0.028979850613531033, -0.001789486711267562, 0.004578474626334053, -2.4254613703983027e-05, -0.005885276759355157, 0.004578474626333984, -7.850266535255171e-17, 0.004473796955879718, -0.00860275198118643, -6.378356138351153e-17, 0.0045784746263338935, -2.8845556416330063e-05, 0.0028709816010323765]
other derivatives: [ 0.02828529  0.00543423  0.01057288  0.01134595 -0.00145519  0.        ]
Current x array =  [ -0.59661006  -0.48999204  -0.96196653   1.03458373  -1.5369368
   0.33647224  -0.61378566  -3.4074143   -2.33151882  -2.10995044
  -3.89193882  -1.6275243   -4.33630738  -4.47060226 -16.03640889
  -2.60108161  -4.47060226  -2.30258509  -4.34444782  -3.04783216
  -2.30258509  -4.47060226 -15.9061052   -5.46295671]
log likelihood =  -1547.89821779
Edge derivatives =  [-0.018018566218733434, 0.0005215343654608601, 0.002038112862160907, -0.01802139963603336, 0.010767720529444767, -0.02963343599769075, -0.0008184531910459814, 0.004650158088750054, -2.476597369874896e-05, -0.0006381377352168427, 0.004650158088749249, 1.8531375089906493e-16, 0.0017260524625104107, -0.007817246688511595, 2.0007505297998253e-16, 0.0046501580887502066, -2.944133488550801e-05, 0.0014178551234467224]
other derivatives: [ 0.03387868  0.02060005 -0.00629825  0.0152113  -0.0048658   0.        ]
Current x array =  [ -0.5966175   -0.49002178  -0.96187258   1.0344983   -1.53685102
   0.33647224  -0.61381759  -3.40771479  -2.3308208   -2.11066736
  -3.89087649  -1.62754441  -4.33665755  -4.47060539 -16.01553847
  -2.60139113  -4.47060539  -2.30258509  -4.34351588  -3.04789795
  -2.30258509  -4.47060539 -15.88565499  -5.4614879 ]
log likelihood =  -1547.89849073
Edge derivatives =  [-0.01854858425682432, -0.0025544306588870178, -0.022930244660673865, 0.010913651505974564, 0.004535327682647951, -0.017275170091385628, 0.0008416282934234354, 0.00135152328362316, -2.408470144714863e-05, -0.0017876034864366952, 0.0013515232836234271, 9.571551166757426e-16, -0.0012100819464503712, 0.0008104284415974689, 9.039485872762973e-16, 0.0013515232836237984, -2.864686233626313e-05, 0.0007495445085196773]
other derivatives: [ 0.39237875 -0.40010946  0.14197212  0.0314003  -0.01748504  0.        ]
Current x array =  [ -0.59709822  -0.48927848  -0.96273126   1.03446507  -1.53654858
   0.33647224  -0.61401302  -3.40659933  -2.32823942  -2.11334601
  -3.88849341  -1.62814308  -4.33743099  -4.46948886 -16.04359884
  -2.60146635  -4.46948886  -2.30258509  -4.34269848  -3.04883986
  -2.30258509  -4.46948886 -15.91314877  -5.46096816]
log likelihood =  -1547.8982072
Edge derivatives =  [-0.01810556638227362, 2.3168647511709675e-05, -0.0019953112346308144, -0.01332343631313071, 0.009760389145365415, -0.02762965294680597, -0.0005494920038332587, 0.0041163353902765425, -2.4654341031242134e-05, -0.0008236728869779608, 0.004116335390276844, 7.29146616154184e-16, 0.0012508236939916366, -0.006419067999545974, 6.979097043637137e-16, 0.0041163353902763655, -2.9311182538032027e-05, 0.001309683299689295]
other derivatives: [ 0.09199539 -0.04756657  0.01755325  0.01775788 -0.00707132  0.        ]
Current x array =  [ -0.59669535  -0.48990139  -0.96201165   1.03449292  -1.53680204
   0.33647224  -0.61384924  -3.40753413  -2.33040273  -2.11110119
  -3.89049053  -1.62764137  -4.33678281  -4.47042456 -16.02008309
  -2.60140331  -4.47042456  -2.30258509  -4.34338349  -3.0480505
  -2.30258509  -4.47042456 -15.89010785  -5.46140373]
log likelihood =  -1547.89817492
Edge derivatives =  [4.830872637157091e-05, 0.0005716473139665591, -0.00921842632418679, -0.0007198062512621672, 0.0071928471562781315, -0.015917475209933862, 0.00022419186354398837, 0.0036939475122426367, -2.4833971137834413e-05, 0.004487350950958147, 0.0036939475122426506, -8.802054593352536e-17, -0.0008143061637405115, -0.0036840648408851956, -7.308150545182537e-17, 0.0036939475122424147, -2.9520642996598947e-05, 0.0005139486135129784]
other derivatives: [ 0.03562945 -0.00873115 -0.00375167  0.0120508  -0.00350155  0.        ]
Current x array =  [ -0.59661486  -0.48995861  -0.96190174   1.0345454   -1.53677228
   0.33647224  -0.61406069  -3.40763057  -2.32949174  -2.11211997
  -3.88937225  -1.62798015  -4.33706307  -4.47024223 -16.01280968
  -2.6017171   -4.47024223  -2.30258509  -4.34267872  -3.04829765
  -2.30258509  -4.47024223 -15.88298033  -5.46059727]
log likelihood =  -1547.89816769
Edge derivatives =  [0.004711645294951161, 0.0006301950511894052, -0.010359688489489816, 0.0019315162461360502, 0.007011829531702783, -0.007321874627465974, 6.432313243796145e-05, 0.003169627223595855, -2.4655557726151385e-05, 0.0025713236067849976, 0.0031696272235969616, -7.347119983248973e-17, -0.00042560359358448374, -0.0020105560647819543, -5.894201701293934e-17, 0.0031696272235966286, -2.9312979520004224e-05, 0.000777844397026415]
other derivatives: [ 0.00952696 -0.00022737 -0.00222826  0.00522959  0.0007276   0.        ]
Current x array =  [ -0.59657824  -0.48996622  -0.96191484   1.03466844  -1.53680587
   0.33647224  -0.61410777  -3.40755396  -2.3293309   -2.11232568
  -3.88921511  -1.62820758  -4.33702446  -4.47004075 -16.0200172
  -2.60160309  -4.47004075  -2.30258509  -4.34281014  -3.04845449
  -2.30258509  -4.47004075 -15.89004179  -5.46086463]
log likelihood =  -1547.89816362
Edge derivatives =  [0.004287992166686794, 0.0005134011778235893, -0.009972892618405144, 0.0025010570591823544, 0.006960820189183564, 0.0004977706807138271, -0.00013363607375871042, 0.002693835270877371, -2.450586673476336e-05, -9.906647490470766e-05, 0.0026938352708778326, 4.947544709925844e-16, 3.7083576539611446e-05, -0.0007759225682297255, 5.086411374089398e-16, 0.0026938352708773504, -2.9138717002014352e-05, 0.0009940123133369335]
other derivatives: [-0.00682121  0.0020691   0.0015234  -0.00136424  0.00336513  0.        ]
Current x array =  [ -0.59655636  -0.48996592  -0.96194053   1.03479761  -1.53683103
   0.33647224  -0.61409027  -3.40747383  -2.32935326  -2.11236285
  -3.88911084  -1.62841342  -4.33698013  -4.46985683 -16.02610657
  -2.6014445   -4.46985683  -2.30258509  -4.34296851  -3.04857157
  -2.30258509  -4.46985683 -15.89600786  -5.46108536]
log likelihood =  -1547.89816032
Edge derivatives =  [0.0010003767040546174, 0.0003435609140950459, -0.008654942525166881, 0.002037504335900192, 0.006501182589651856, 0.004709656845410692, -0.00013587628926170145, 0.002412521524797713, -2.4509331233787054e-05, -0.001961337231128679, 0.0024125215247979385, 5.509815146827302e-16, -3.9721408951285536e-05, -0.00019613470156759627, 5.625910152852154e-16, 0.002412521524798251, -2.9142791809187e-05, 0.000838386460456619]
other derivatives: [-0.01371063 -0.00316049  0.00120508 -0.00488853  0.00375167  0.        ]
Current x array =  [ -0.59654748  -0.48995591  -0.96194065   1.03487318  -1.53683232
   0.33647224  -0.61404201  -3.40742539  -2.32948696  -2.11231501
  -3.88888901  -1.62852978  -4.3370124   -4.4697415  -16.02596755
  -2.60133435  -4.4697415   -2.30258509  -4.3429466   -3.04862749
  -2.30258509  -4.4697415  -15.89587169  -5.46093236]
  status: 0
 success: True
    nfev: 107
     fun: 1547.8981603210107
       x: array([ -0.59654748,  -0.48995591,  -0.96194065,   1.03487318,
        -1.53683232,   0.33647224,  -0.61404201,  -3.40742539,
        -2.32948696,  -2.11231501,  -3.88888901,  -1.62852978,
        -4.3370124 ,  -4.4697415 , -16.02596755,  -2.60133435,
        -4.4697415 ,  -2.30258509,  -4.3429466 ,  -3.04862749,
        -2.30258509,  -4.4697415 , -15.89587169,  -5.46093236])
 message: 'CONVERGENCE: REL_REDUCTION_OF_F_<=_FACTR*EPSMCH'
     jac: array([  1.37106326e-02,   3.16049409e-03,  -1.20508048e-03,
         4.88853402e-03,  -3.75166564e-03,  -0.00000000e+00,
        -1.00037670e-03,  -3.43560914e-04,   8.65494253e-03,
        -2.03750434e-03,  -6.50118259e-03,  -4.70965685e-03,
         1.35876289e-04,  -2.41252152e-03,   2.45093312e-05,
         1.96133723e-03,  -2.41252152e-03,  -5.50981515e-16,
         3.97214090e-05,   1.96134702e-04,  -5.62591015e-16,
        -2.41252152e-03,   2.91427918e-05,  -8.38386460e-04])
     nit: 99
