number of sites to be analyzed:  383
Successfully loaded parameter value from ./save/MG94_Force_ENSG00000139926_ENSG00000153303_nonclock_save.txt
log likelihood =  -5117.85274926
Edge derivatives =  [0.0027787695760333464, -0.0066360015405077305, -0.011498476600644653, 0.019800205606322736, -0.02190994664488184, 0.03155441345016202, 0.007112870833879986, 0.011746070085009871, 0.0047704851600390424, -0.002841675101787011, 0.012022127635848229, 0.0029624331766352867, -0.013018934025751223, -0.0023236067905349697]
other derivatives: [-0.00081855 -0.0077307  -0.02255547 -0.00118234 -0.01609806  0.        ]
Current x array =  [-0.6589164  -0.76956479 -0.46483946  0.75266665 -1.29242671  0.33647224
  0.13662849 -8.32985618 -2.70565392 -3.63168118 -6.34481903 -1.69914074
 -4.00978062 -3.66145251 -3.40903694 -3.19445473 -5.90182154 -4.73443126
 -4.24237345 -4.24852679]
log likelihood =  -5118.4304929
Edge derivatives =  [0.31229628656381075, -0.006450607472980642, 0.2248913452447762, -0.01557704269136645, -0.03502834692675615, -3.638441499956896, -0.06534763110413278, -0.21059413230358573, -0.13978754019420292, 0.13429927093230365, -0.01078240627686207, -0.0029799561440055043, 0.12236342657827004, 0.03787449553961752]
other derivatives: [  4.77875801   6.91252353  40.37092367  -1.33786671   3.56003511   0.        ]
Current x array =  [-0.65973495 -0.7772955  -0.48739493  0.75148431 -1.30852477  0.33647224
  0.13940726 -8.33649219 -2.7171524  -3.61188097 -6.36672898 -1.66758633
 -4.00266774 -3.64970644 -3.40426646 -3.1972964  -5.88979942 -4.73146882
 -4.25539238 -4.25085039]
log likelihood =  -5117.85274427
Edge derivatives =  [0.004078201839356671, -0.006635407920331567, -0.010770005469632582, 0.019719545988919743, -0.021947854597249357, 0.021209630047302808, 0.006916187290246796, 0.011119945838693038, 0.004368212972394717, -0.0024209107683216685, 0.01195807413997543, 0.0029500382705794463, -0.012617861771238931, -0.0021999876586655254]
other derivatives: [ 0.01318767  0.01191438  0.09913492 -0.00518412 -0.00591172  0.        ]
Current x array =  [-0.65891876 -0.76958709 -0.46490451  0.75266324 -1.29247313  0.33647224
  0.1366365  -8.32987532 -2.70568708 -3.63162408 -6.34488222 -1.69904975
 -4.0097601  -3.66141864 -3.40902318 -3.19446292 -5.90178688 -4.73442271
 -4.24241099 -4.24853349]
  status: 0
 success: True
    nfev: 3
     fun: 5117.852744267
       x: array([-0.65891876, -0.76958709, -0.46490451,  0.75266324, -1.29247313,
        0.33647224,  0.1366365 , -8.32987532, -2.70568708, -3.63162408,
       -6.34488222, -1.69904975, -4.0097601 , -3.66141864, -3.40902318,
       -3.19446292, -5.90178688, -4.73442271, -4.24241099, -4.24853349])
 message: 'CONVERGENCE: REL_REDUCTION_OF_F_<=_FACTR*EPSMCH'
     jac: array([-0.01318767, -0.01191438, -0.09913492,  0.00518412,  0.00591172,
       -0.        , -0.0040782 ,  0.00663541,  0.01077001, -0.01971955,
        0.02194785, -0.02120963, -0.00691619, -0.01111995, -0.00436821,
        0.00242091, -0.01195807, -0.00295004,  0.01261786,  0.00219999])
     nit: 1
