number of sites to be analyzed:  99
Successfully loaded parameter value from ./save/MG94_Force_ENSG00000170627_ENSG00000124196_nonclock_save.txt
log likelihood =  -1183.02752151
Edge derivatives =  [-8.081462836698453e-17, 0.0, 0.0030590490625749672, 0.0030590490625738292, -0.00026738938324405437, -3.310532235189066e-05, 0.005206075415530698, -0.0008838786907907625, -0.0025680532193508186, -0.0013763736296110995, -0.000883878690790707, 1.9863572429201828e-17, -0.004608883375651095, 0.002028384642037615, 9.935763279920672e-18, -0.0008838786907908736, 0.0019314184315680633, 0.0021061828546659923]
other derivatives: [ -1.55068847e-02   7.95807864e-03   5.32054401e-03  -4.54747351e-05
  -3.86535248e-04   0.00000000e+00]
Current x array =  [ -0.64193017  -0.49699755  -0.66598923   0.67924399  -1.05601671
   0.33647224  -2.30258509  -2.30258509  -1.89753057  -1.89753057
   0.13509208 -13.13383978  -4.09009435  -4.76678683  -5.32543592
  -3.04415376  -4.76678683  -2.30258509  -4.15411165  -5.26078444
  -2.30258509  -4.76678683  -4.57355933  -4.56637483]
log likelihood =  -1183.11426676
Edge derivatives =  [-3.1583317723429717e-16, -3.7210110211024485e-16, -0.02989798321319237, -0.029897983213193702, 0.19021928235358554, -3.571264251667866e-05, 0.004684998025542481, -0.0021478123349088496, -0.000864394757727649, 0.019747085010323448, -0.0021478123349088496, 2.4240268271244135e-18, 0.011654478746325202, 0.0008590075063974519, 1.2091773508819824e-18, -0.0021478123349090716, -0.0005068415790720517, -0.0006030194266993076]
other derivatives: [ 8.709344   -3.6912752  -1.53363544 -0.08406005  0.18649189  0.        ]
Current x array =  [ -0.65743705  -0.48903947  -0.66066868   0.67919851  -1.05640325
   0.33647224  -2.30258509  -2.30258509  -1.89447152  -1.89447152
   0.13482469 -13.13387289  -4.08488828  -4.76767071  -5.32800398
  -3.04553014  -4.76767071  -2.30258509  -4.15872053  -5.25875606
  -2.30258509  -4.76767071  -4.57162791  -4.56426865]
log likelihood =  -1183.02752101
Edge derivatives =  [-1.5913206431218794e-16, 0.0, 0.0029796940701483504, 0.0029796940701461577, 0.00018370137500628436, -3.3111771402048306e-05, 0.005204817980746512, -0.0008869449261387219, -0.002564032088500069, -0.0013259295679514949, -0.0008869449261383888, -1.874585369096242e-15, -0.004569894700426031, 0.002025552611781601, -1.869875999749191e-15, -0.0008869449261388329, 0.001925515221136244, 0.0020996311272849094]
other derivatives: [  5.93445293e-03  -7.95807864e-04   1.63709046e-03  -2.72848411e-04
   2.27373675e-05   0.00000000e+00]
Current x array =  [ -0.64196733  -0.49697847  -0.66597647   0.67924388  -1.05601764
   0.33647224  -2.30258509  -2.30258509  -1.89752324  -1.89752324
   0.13509144 -13.13383986  -4.09008187  -4.76678895  -5.32544208
  -3.04415706  -4.76678895  -2.30258509  -4.15412269  -5.26077958
  -2.30258509  -4.76678895  -4.5735547   -4.56636978]
  status: 0
 success: True
    nfev: 3
     fun: 1183.0275210072914
       x: array([ -0.64196733,  -0.49697847,  -0.66597647,   0.67924388,
        -1.05601764,   0.33647224,  -2.30258509,  -2.30258509,
        -1.89752324,  -1.89752324,   0.13509144, -13.13383986,
        -4.09008187,  -4.76678895,  -5.32544208,  -3.04415706,
        -4.76678895,  -2.30258509,  -4.15412269,  -5.26077958,
        -2.30258509,  -4.76678895,  -4.5735547 ,  -4.56636978])
 message: 'CONVERGENCE: REL_REDUCTION_OF_F_<=_FACTR*EPSMCH'
     jac: array([ -5.93445293e-03,   7.95807864e-04,  -1.63709046e-03,
         2.72848411e-04,  -2.27373675e-05,  -0.00000000e+00,
         1.59132064e-16,  -0.00000000e+00,  -2.97969407e-03,
        -2.97969407e-03,  -1.83701375e-04,   3.31117714e-05,
        -5.20481798e-03,   8.86944926e-04,   2.56403209e-03,
         1.32592957e-03,   8.86944926e-04,   1.87458537e-15,
         4.56989470e-03,  -2.02555261e-03,   1.86987600e-15,
         8.86944926e-04,  -1.92551522e-03,  -2.09963113e-03])
     nit: 1
