number of sites to be analyzed:  47
Successfully loaded parameter value from ./save/MG94_Force_ENSG00000204569_ENSG00000204576_nonclock_save.txt
log likelihood =  -641.443853553
Edge derivatives =  [-0.0007104519757421546, -0.0019389480766739972, -0.0014412835461135032, 0.0024604093482875483, -0.0006216175782686184, 0.0011869235754887741, 0.0006927734182643891, 0.0010712090572668918, -1.1741092572201015e-05, 0.0006880886351148946, 0.0010712090572669022, 3.994055337826591e-16, -1.1796362646052268e-05, 0.0007066024141511654, 3.995497793195815e-16, 0.0010712090572668953, 0.001814853861681863, 0.0006868647322912612]
other derivatives: [-0.00322871 -0.00013642 -0.00303544 -0.00115961 -0.00169393  0.        ]
Current x array =  [ -0.58587468  -0.68271378  -0.51969786   0.69391227  -0.89243297
   0.33647224   0.29539219  -9.          -3.50060938  -1.45752724
  -3.91558002  -2.79388436  -4.5227087   -5.62167294 -15.87148391
  -4.52476482  -5.62167294  -2.30258509 -15.8643859   -4.52437882
  -2.30258509  -5.62167294  -3.82657311  -4.52411667]
log likelihood =  -641.446505968
Edge derivatives =  [0.051702153697023245, -0.0019329904573166575, -0.0015690780189834275, -0.029644286583152796, -0.0014138542680376953, -0.00043831301620222973, 0.0004194602817629463, 0.0008538050966309246, -1.1736108468573186e-05, 0.00042450553542511954, 0.0008538050966309316, 7.252133602102252e-16, -1.1791538384857603e-05, 0.0004213819079071264, 7.17880928648587e-16, 0.0008538050966310357, -0.0009807457768747085, 0.0004233686876906617]
other derivatives: [ 1.08373115  0.03352625  0.54220664  0.02318075  0.03351488  0.        ]
Current x array =  [ -0.58910339  -0.68285021  -0.5227333    0.69275266  -0.89412691
   0.33647224   0.29468174  -9.          -3.50205066  -1.45506683
  -3.91620164  -2.79269744  -4.52201593  -5.62060173 -15.87149565
  -4.52407673  -5.62060173  -2.30258509 -15.8643977   -4.52367222
  -2.30258509  -5.62060173  -3.82475826  -4.52342981]
log likelihood =  -641.443853383
Edge derivatives =  [-0.00029520623113254985, -0.0019389010502630355, -0.001442396057511397, 0.0022056092407136754, -0.0006279065243472437, 0.0011739531448520246, 0.0006905951671031391, 0.001069480575931263, -1.1741053074178344e-05, 0.0006859873217740717, 0.0010694805759312092, 2.220425170037942e-17, -1.1796324423940678e-05, 0.0007043295295249587, 2.2204262661685534e-17, 0.0010694805759313758, 0.0017926519462989135, 0.0006847643152454626]
other derivatives: [ 0.00545697  0.00013642  0.00129603 -0.00096634 -0.00140972  0.        ]
Current x array =  [ -0.58590032  -0.68271487  -0.51972197   0.69390306  -0.89244642
   0.33647224   0.29538655  -9.          -3.50062082  -1.4575077
  -3.91558496  -2.79387493  -4.5227032   -5.62166444 -15.871484
  -4.52475935  -5.62166444  -2.30258509 -15.864386    -4.52437321
  -2.30258509  -5.62166444  -3.8265587   -4.52411122]
  status: 0
 success: True
    nfev: 3
     fun: 641.4438533832272
       x: array([ -0.58590032,  -0.68271487,  -0.51972197,   0.69390306,
        -0.89244642,   0.33647224,   0.29538655,  -9.        ,
        -3.50062082,  -1.4575077 ,  -3.91558496,  -2.79387493,
        -4.5227032 ,  -5.62166444, -15.871484  ,  -4.52475935,
        -5.62166444,  -2.30258509, -15.864386  ,  -4.52437321,
        -2.30258509,  -5.62166444,  -3.8265587 ,  -4.52411122])
 message: 'CONVERGENCE: REL_REDUCTION_OF_F_<=_FACTR*EPSMCH'
     jac: array([ -5.45696821e-03,  -1.36424205e-04,  -1.29602995e-03,
         9.66338121e-04,   1.40971679e-03,  -0.00000000e+00,
         2.95206231e-04,   1.93890105e-03,   1.44239606e-03,
        -2.20560924e-03,   6.27906524e-04,  -1.17395314e-03,
        -6.90595167e-04,  -1.06948058e-03,   1.17410531e-05,
        -6.85987322e-04,  -1.06948058e-03,  -2.22042517e-17,
         1.17963244e-05,  -7.04329530e-04,  -2.22042627e-17,
        -1.06948058e-03,  -1.79265195e-03,  -6.84764315e-04])
     nit: 1
