number of sites to be analyzed:  118
log likelihood =  -2043.79086587
Edge derivatives =  [118.50935026465898, 6.557403292375944, 7.690474143473383, 3.2559088570764416, -17.756785921188747, 1.3767755026822888, -20.156161291614207, -20.684653378389125, -20.769343231139043, -18.067888281924205, -20.68465337838912, 1.758285921163573e-16, -22.035796857721152, -18.125608411730333, 1.762755994755277e-16, -20.684653378389125, -20.898792813175646, -4.7465305061610605]
other derivatives: [-12.94531558 -13.3482672   -2.15761702  38.39584224 -50.03280421   0.        ]
Current x array =  [-0.60599734 -0.42422046 -0.87335032  0.18232156 -0.10536052  0.33647224
 -2.30258509 -2.30258509 -2.30258509 -2.30258509 -2.30258509 -2.30258509
 -2.30258509 -2.30258509 -2.30258509 -2.30258509 -2.30258509 -2.30258509
 -2.30258509 -2.30258509 -2.30258509 -2.30258509 -2.30258509 -2.30258509]
log likelihood =  -1912.4545119
Edge derivatives =  [101.20912512269398, 3.7574308908588527, 5.502577700406733, 1.1855508715991845, -15.05518246365341, 1.7163514735637064, -16.854829351022556, -17.394955848193888, -17.42813399259908, -14.980678533713757, -17.394955848193888, 1.6413626751907387e-16, -18.50687805518996, -15.016832795820076, 1.378918667466137e-16, -17.39495584819389, -17.490240110766692, -3.4900842365631144]
other derivatives: [ 45.60224625  39.97852218  -0.4245976   18.912624   -31.93224529   0.        ]
Current x array =  [-0.69225461 -0.51316268 -0.88772697  0.43816086 -0.43873926  0.33647224
 -1.51293321 -2.25889178 -2.2513419  -2.28089031 -2.42090217 -2.29341136
 -2.43688969 -2.44041114 -2.44097545 -2.4229751  -2.44041114 -2.30258509
 -2.44941408 -2.4233597  -2.30258509 -2.44041114 -2.441838   -2.33421219]
log likelihood =  -3358.79124906
Edge derivatives =  [-231.40710312230365, -0.8134479179703068, -30.314795075755576, -24.909881206995493, -17.05326873312712, -30.005872331490067, -17.284414078369377, -17.354197398857895, -17.677080778234902, -16.647549167337544, -17.354197398857583, 1.1659884222829683e-15, -18.102912258693294, -18.22944111203565, 9.688830534569547e-16, -17.354197398857714, -18.15020029012661, -24.106674453834618]
other derivatives: [ -8195.91427899 -13296.60499323     16.61460374    263.6274985
   -173.41362764      0.        ]
Current x array =  [-0.05       -0.05       -0.94866929  1.75258313 -2.29907738  0.33647224
  3.41127456 -2.02373058 -1.95335955 -2.17789626 -3.15650269 -2.22526066
 -3.26713664 -3.29441508 -3.29770577 -3.16461492 -3.29441508 -2.30258509
 -3.35870979 -3.16713183 -2.30258509 -3.29441508 -3.30296628 -2.5200271 ]
log likelihood =  -1795.48919006
Edge derivatives =  [-43.71951738468285, -4.821559180865723, 0.7831255686192025, -1.087476965613471, -11.101550097286681, 0.6460240461944422, -12.288926610988574, -12.806104110195225, -12.738877182122602, -10.605915841629875, -12.806104110195225, 6.761366737929506e-16, -13.631838403865853, -11.029707066621182, 6.818735758904587e-16, -12.806104110195227, -12.97323832575947, -2.5747333554500482]
other derivatives: [ -1.69520104e+02  -1.66758514e+02   9.23691914e+00   9.36552169e-02
  -7.80412392e+00   0.00000000e+00]
Current x array =  [-0.46212424 -0.34720389 -0.9095636   0.90913992 -1.10532893  0.33647224
  0.25149123 -2.17462966 -2.14456993 -2.24398585 -2.6844799  -2.26899184
 -2.73438079 -2.74641477 -2.74795598 -2.68871682 -2.74641477 -2.30258509
 -2.77522966 -2.68986546 -2.30258509 -2.74641477 -2.75039439 -2.40079272]
log likelihood =  -1777.28825096
Edge derivatives =  [-33.450888237939935, -3.7523665119901595, 2.699398397120754, -0.011883527083341117, -9.551248871829456, 2.0210608700062966, -10.568759824725614, -11.041697411085327, -11.058548873104787, -9.01496245476872, -11.041697411085323, 1.6373416986405128e-15, -11.878613424049764, -9.09470524982455, 1.6286123480236483e-15, -11.041697411085323, -11.073701912289307, -1.0404854569937776]
other derivatives: [ 46.86357897  84.72834452   1.40439624  -9.72675025  -6.19268121   0.        ]
Current x array =  [-0.72412908 -0.61596381 -0.88487537  0.91433852 -1.15407954  0.33647224
  0.29259974 -2.1841126  -2.1362461  -2.24758123 -2.73418094 -2.2639485
 -2.7892835  -2.80354997 -2.8049082  -2.73651094 -2.80354997 -2.30258509
 -2.83599382 -2.73874488 -2.30258509 -2.80354997 -2.8079408  -2.41142438]
log likelihood =  -1767.98061026
Edge derivatives =  [-9.246736653845266, -3.2959437917333005, 2.676764909604435, -0.08331451230839976, -10.017071212442632, 1.8816222057950645, -11.086071899061984, -11.585672446573769, -11.550397659485858, -9.496842816713421, -11.585672446573767, 3.6415744902606927e-16, -12.40683562760725, -9.651805607414367, 3.92759701419469e-16, -11.585672446573765, -11.639919129574446, -1.348341016722892]
other derivatives: [ 26.87295364  44.61014669  -0.77109235  -8.06728622  -3.4919367    0.        ]
Current x array =  [-0.67727359 -0.53138031 -0.88306244  0.84994462 -1.07803026  0.33647224
  0.06059635 -2.19637339 -2.14689447 -2.25172463 -2.70831111 -2.26531558
 -2.75996626 -2.77350043 -2.7747717  -2.71004148 -2.77350043 -2.30258509
 -2.80410563 -2.71216308 -2.30258509 -2.77350043 -2.77758049 -2.40378558]
log likelihood =  -1759.40860062
Edge derivatives =  [-12.044141691627614, -3.368947882713972, 2.108676903541548, -0.3408349939260079, -9.440080882461697, 1.469745543386126, -10.467312777811447, -10.9937096815393, -10.89107353302761, -8.881474999867773, -10.993709681539299, 6.119169297647746e-17, -11.730829705467118, -9.159251008451259, 7.518362871184273e-17, -10.9937096815393, -11.058102640470903, -1.3780850123411408]
other derivatives: [  1.47745141 -19.49206307  -0.3032028   -5.65919436  -1.86812485   0.        ]
Current x array =  [-0.63822632 -0.43828086 -0.88639391  0.82745197 -1.10711259  0.33647224
  0.06581124 -2.20996136 -2.1327966  -2.25159128 -2.76116395 -2.256652
 -2.81860544 -2.83466604 -2.8357298  -2.76056919 -2.83466604 -2.30258509
 -2.86948909 -2.76360096 -2.30258509 -2.83466604 -2.83912148 -2.41218109]
log likelihood =  -1749.61110482
Edge derivatives =  [-15.472554509138174, -3.3164950222379943, 1.4064126626168654, -0.7099567316989318, -8.208073996608604, 0.9379802369223247, -9.103559639229466, -9.662115215566288, -9.48041365148793, -7.58158819443382, -9.662115215566285, -6.088475854788796e-16, -10.284798826835534, -7.920838812825779, -6.038677056197436e-16, -9.662115215566288, -9.687329390946624, -1.1895666317528326]
other derivatives: [-19.41352821 -62.50054412  -0.806358    -3.56697001   1.1967586    0.        ]
Current x array =  [-0.61024211 -0.39259948 -0.88701277  0.79225195 -1.17223288  0.33647224
  0.08529667 -2.23654431 -2.10523481 -2.25236893 -2.86919926 -2.23997286
 -2.93847963 -2.95979345 -2.96031615 -2.86377922 -2.95979345 -2.30258509
 -3.00311235 -2.86890428 -2.30258509 -2.95979345 -2.9650156  -2.42993713]
log likelihood =  -1725.0022058
Edge derivatives =  [-13.059996359149592, -2.614987193301237, -0.028684580367723783, -1.3534513373429493, -4.856623449284983, -0.12803732413122318, -5.3762055976365515, -6.021683538046242, -5.68306015144491, -3.9718004503009317, -6.02168353804624, -7.677285493346831e-16, -6.469172662534039, -4.335183991712683, -7.391126418472184e-16, -6.021683538046238, -5.925831122285783, -0.1421574112992574]
other derivatives: [-44.69629857 -74.75750863  -3.08339168   1.30905846  10.99060682   0.        ]
Current x array =  [-0.57386539 -0.37512435 -0.88771399  0.66928271 -1.35592134  0.33647224
  0.08286287 -2.32616144 -2.02086498 -2.25835681 -3.21213456 -2.18790728
 -3.31875868 -3.35731482 -3.35570135 -3.19032627 -3.35731482 -2.30258509
 -3.4275631  -3.20247568 -2.30258509 -3.35731482 -3.36472471 -2.48545748]
log likelihood =  -1736.50502203
Edge derivatives =  [-8.39571838576373, -1.305551655912871, -1.1967122758555195, -0.903100087240435, -1.4507532549126325, -0.578909563864627, -1.602132990908098, -2.363474648876406, -2.052144658875309, 0.03446061453914209, -2.3634746488764065, 1.2458549133874648e-15, -2.7419231966302022, -0.550432286751593, 1.2337635796744674e-15, -2.363474648876406, -2.229745098713573, 1.578568540856792]
other derivatives: [ 134.16247384 -204.16371171   11.95226105    8.16814918   13.9605163     0.        ]
Current x array =  [-0.87592188 -0.26793285 -0.97480553  0.57329182 -1.38563313  0.33647224
  0.07462029 -2.4720281  -1.90500224 -2.28647117 -3.74080159 -2.12169864
 -3.90488978 -3.97826588 -3.9678602  -3.68006092 -3.97826588 -2.30258509
 -4.09322247 -3.70563691 -2.30258509 -3.97826588 -3.98577011 -2.55174038]
log likelihood =  -1718.40740213
Edge derivatives =  [-11.491556635200887, -2.1451997647377166, -0.4341335020751905, -1.254098811867203, -3.3800338825684206, -0.3369958284644313, -3.760686176464803, -4.4393254891706055, -4.104342369660539, -2.307796680365638, -4.439325489170606, 1.4679815635795788e-17, -4.837222324240832, -2.7528379809018455, 2.9444278662656634e-17, -4.439325489170606, -4.329973969781249, 0.48427999812428424]
other derivatives: [  36.95763553 -109.954658      2.56600288    2.97627594   12.19589194
    0.        ]
Current x array =  [-0.68247297 -0.33658252 -0.91902867  0.63476818 -1.36660452  0.33647224
  0.07989916 -2.37860933 -1.97920531 -2.26846562 -3.40222234 -2.16410127
 -3.52950827 -3.58058429 -3.57580949 -3.3664155  -3.58058429 -2.30258509
 -3.66690792 -3.38339258 -2.30258509 -3.58058429 -3.58802811 -2.50929019]
log likelihood =  -1703.21107379
Edge derivatives =  [-1.0375426118209714, -1.4409670567537143, -1.4513048932176942, -1.4103631963833958, -1.5666552938966163, -0.9257639890752991, -1.6765481804445637, -2.426636992335202, -2.0051027564298325, -0.2154992641045153, -2.4266369923352022, 1.8845648339624613e-15, -2.857976791424521, -0.5891635040441414, 1.8635275228165712e-15, -2.4266369923352014, -2.2587481938325573, 1.5143433896708807]
other derivatives: [ 13.77616172 -26.44062533   3.39261987   6.4137339   17.84228516   0.        ]
Current x array =  [-0.636989   -0.41303879 -0.93315764  0.52800896 -1.44643287  0.33647224
  0.01696698 -2.47142515 -1.90538948 -2.28160242 -3.72786192 -2.11849314
 -3.89039912 -3.9606599  -3.95208784 -3.67145697 -3.9606599  -2.30258509
 -4.07357869 -3.69630226 -2.30258509 -3.9606599  -3.96916662 -2.55501332]
log likelihood =  -1699.61981851
Edge derivatives =  [3.2916148186268934, -1.166131836060606, -2.1775462263825625, -1.4457588444976752, -0.8143543231761265, -1.3187686029116787, -0.7950256790017572, -1.584378110897616, -1.1366355853082668, 0.7031536303631006, -1.5843781108976165, 7.110149486424934e-16, -2.039368788915887, 0.3337793073836608, 6.776150568964815e-16, -1.5843781108976167, -1.399397349344273, 1.8987997697350618]
other derivatives: [  5.1051984   -3.85064141   3.91244157   8.48374384  17.3638       0.        ]
Current x array =  [-0.62279367 -0.43982603 -0.93957816  0.48664542 -1.42534499  0.33647224
 -0.02523827 -2.52888166 -1.86840195 -2.29392283 -3.91638398 -2.09578537
 -4.09910155 -4.18271167 -4.17053516 -3.84384763 -4.18271167 -2.30258509
 -4.31209683 -3.87420102 -2.30258509 -4.18271167 -4.19116896 -2.57537618]
log likelihood =  -1696.34504145
Edge derivatives =  [3.0105834322653164, -1.1667185787637036, -2.712682288065831, -1.3208036087345103, -0.25855852493689024, -1.547759797134682, -0.12883287476785785, -0.9500034461298631, -0.4934843042940034, 1.3986276888946572, -0.9500034461298632, -3.9253964700542847e-16, -1.4219306449758158, 1.0186834622940282, -3.7379370175930253e-16, -0.9500034461298629, -0.7555068596402519, 2.014764388936688]
other derivatives: [  2.30559181   8.67316885   2.08456186   8.96591246  11.45422175   0.        ]
Current x array =  [-0.61870447 -0.45611207 -0.93148936  0.50462188 -1.30943352  0.33647224
 -0.04209997 -2.5872174  -1.84751758 -2.31348214 -4.09275944 -2.08336663
 -4.29376591 -4.39425279 -4.37612302 -3.99654581 -4.39425279 -2.30258509
 -4.54136099 -4.03400555 -2.30258509 -4.39425279 -4.40149363 -2.58276106]
log likelihood =  -1693.39595508
Edge derivatives =  [0.8133735044068481, -1.3467139678805313, -2.526513393473958, -0.7903624484441195, 0.108466400037638, -1.366315681005364, 0.31840235644764153, -0.5152337226473087, -0.07920217922516931, 1.828740399061906, -0.5152337226473089, 8.347364372581852e-16, -0.9854868574101605, 1.4262596208977836, 8.6143396788231e-16, -0.5152337226473086, -0.31748441276186146, 1.571935707424376]
other derivatives: [ -1.38813903  10.57080681   1.17461241   4.5173465    1.78727078   0.        ]
Current x array =  [-0.61457473 -0.45464571 -0.9264039   0.63464094 -1.1020102   0.33647224
 -0.05232333 -2.65236628 -1.86635881 -2.34633161 -4.24096038 -2.09385267
 -4.4552379  -4.58068192 -4.55151837 -4.10306626 -4.58068192 -2.30258509
 -4.74854856 -4.15160348 -2.30258509 -4.58068192 -4.58425301 -2.5635535 ]
log likelihood =  -1692.66400053
Edge derivatives =  [1.4427049987825793, -1.2875608311303093, -0.9342619250551866, 0.04471249783998815, 0.22574786309993755, -0.4511022501996025, 0.3895592247563846, -0.40594009358182376, -0.011091409302547987, 1.7631384384413173, -0.40594009358182354, -2.1522271076133795e-16, -0.8520695696047988, 1.3763075389748005, -1.8538969194114663e-16, -0.40594009358182354, -0.214612300356642, 0.8379130464124791]
other derivatives: [ 0.70349415  5.15608463 -6.19952516 -1.56576334  0.52089035  0.        ]
Current x array =  [-0.61634449 -0.44284358 -0.89575957  0.75135602 -1.03969091  0.33647224
 -0.05566895 -2.70359343 -1.93193158 -2.37178019 -4.27107854 -2.12974594
 -4.48299214 -4.63595057 -4.59290079 -4.0790479  -4.63595057 -2.30258509
 -4.82044927 -4.14103118 -2.30258509 -4.63595057 -4.63347108 -2.52220483]
log likelihood =  -1692.48204744
Edge derivatives =  [-0.7805348902783422, -1.3418180575057113, -0.2387101120657596, 0.3614790059626346, 0.2503312596182765, -0.09802559690491666, 0.3708641316326754, -0.38455579742165946, -0.030795959640812512, 1.6168847208417658, -0.3845557974216597, 1.3074486834774795e-15, -0.8084756914165758, 1.2466138173967436, 1.3196685919858539e-15, -0.38455579742165935, -0.20101268956552704, 0.18806967609054315]
other derivatives: [-1.95304892 -1.19116521  5.15053671 -2.71097633 -1.58574949  0.        ]
Current x array =  [-0.61394471 -0.43272938 -0.94744684  0.78818952 -1.00092562  0.33647224
 -0.04697597 -2.73834199 -1.97269191 -2.38262727 -4.2745177  -2.15164895
 -4.48285286 -4.6561483  -4.60273781 -4.04245246 -4.6561483  -2.30258509
 -4.85212907 -4.11444418 -2.30258509 -4.6561483  -4.6488824  -2.49393821]
log likelihood =  -1692.33347971
Edge derivatives =  [-0.2927269523005538, -1.290034915730201, -0.10297293906780994, 0.36703310571915737, 0.23825669519805284, -0.016589776491339636, 0.3426555620759946, -0.402922506379175, -0.05223282728068919, 1.560119920761687, -0.4029225063791749, -3.708957965845881e-15, -0.8226768725108335, 1.1999722045111807, -3.75304509774392e-15, -0.4029225063791752, -0.22075794511485455, 0.20366201095476422]
other derivatives: [-0.05582024 -1.63154255  1.58793227 -2.17291927 -0.49442406  0.        ]
Current x array =  [-0.61583885 -0.43249025 -0.93087711  0.77289605 -1.0217516   0.33647224
 -0.04700056 -2.74071595 -1.97566636 -2.37989815 -4.2632257  -2.15307491
 -4.46989023 -4.64542539 -4.59086782 -4.02654147 -4.64542539 -2.30258509
 -4.84219566 -4.09973046 -2.30258509 -4.64542539 -4.63746659 -2.49249065]
log likelihood =  -1692.14356052
Edge derivatives =  [0.08043312247037893, -1.1827227056386984, 0.40522207805746446, 0.4899042260845389, 0.2467503909594211, 0.27236961397337445, 0.30354234109099426, -0.40101989892839607, -0.07599916320845351, 1.3873101476383407, -0.4010198989283958, -1.2908067868948766e-15, -0.8032299326003961, 1.0637600956720974, -1.3005712652557739e-15, -0.4010198989283957, -0.22470986799636464, -0.03145610947051547]
other derivatives: [ 1.40257725 -2.61863988 -1.66712653 -1.21660833  0.57723355  0.        ]
Current x array =  [-0.6170214  -0.4314564  -0.91629115  0.75085772 -1.04316282  0.33647224
 -0.04641152 -2.76902519 -1.99679105 -2.377947   -4.25062458 -2.16372615
 -4.45307135 -4.645833   -4.58279114 -3.98100766 -4.645833   -2.30258509
 -4.85185529 -4.0627341  -2.30258509 -4.645833   -4.63360971 -2.47791815]
log likelihood =  -1691.90339097
Edge derivatives =  [0.42935531880573374, -1.0056572488687325, 1.2936342619207832, 0.7338674470644228, 0.27991871046172495, 0.7937975706900189, 0.2540346370628246, -0.3603219233327848, -0.09370132770176723, 1.0210357092064615, -0.360321923332785, -5.64000123978298e-16, -0.7281188736513868, 0.7888886581664275, -5.817155887458958e-16, -0.3603219233327853, -0.19694775331108932, -0.5697672751308558]
other derivatives: [ 5.22159098  0.21584583 -3.29828254 -0.01120952  1.04193987  0.        ]
Current x array =  [-0.62158604 -0.43591983 -0.90934983  0.72682408 -1.0530901   0.33647224
 -0.045355   -2.83794392 -2.0381892  -2.37487119 -4.23684758 -2.18432417
 -4.43185626 -4.66533812 -4.58244959 -3.8916085  -4.66533812 -2.30258509
 -4.89402505 -3.99312044 -2.30258509 -4.66533812 -4.64320301 -2.44722551]
log likelihood =  -1691.84570634
Edge derivatives =  [0.649746313561707, -0.7481380114439544, 2.0479194630391895, 0.8715056307792595, 0.4283281353467306, 1.2051110884975633, 0.31338531593220414, -0.18153742686494204, -0.008080114890683408, 0.544165947450618, -0.18153742686494173, 1.4941335967089226e-15, -0.5048721897182922, 0.46300270556024525, 1.4797506171784545e-15, -0.18153742686494262, -0.028869773321874383, -1.4235912925057537]
other derivatives: [ -8.65061338 -10.85409167  -4.42610144   2.75799721   1.47795163   0.        ]
Current x array =  [-0.6023241  -0.41978466 -0.90370203  0.67960199 -1.0688879   0.33647224
 -0.05182342 -2.97840562 -2.08570078 -2.36707727 -4.26804451 -2.20539429
 -4.4569281  -4.76741892 -4.64819557 -3.78604549 -4.76741892 -2.30258509
 -5.04198125 -3.9240146  -2.30258509 -4.76741892 -4.7273857  -2.40794628]
log likelihood =  -1691.6035876
Edge derivatives =  [0.6573708115573922, -0.7455719856772995, 2.1279482955823914, 0.9237297097626052, 0.42829058759563543, 1.2729571381027913, 0.31545957138006964, -0.16818610109569793, -0.0002178007213520898, 0.5056799669610108, -0.16818610109569765, 9.772916647300203e-16, -0.49164333395933085, 0.4429671251391565, 9.550033110288396e-16, -0.16818610109569737, -0.01874596611031662, -1.4204481634051844]
other derivatives: [ 1.91371328 -2.21853043 -1.61828666  1.99222541  0.44419721  0.        ]
Current x array =  [-0.61660074 -0.43197636 -0.91689227  0.69648749 -1.04566057  0.33647224
 -0.04961226 -2.98640773 -2.08752919 -2.36701657 -4.26682429 -2.20626129
 -4.45533581 -4.77080282 -4.64918209 -3.77709121 -4.77080282 -2.30258509
 -5.04822219 -3.91712537 -2.30258509 -4.77080282 -4.72948043 -2.40585737]
log likelihood =  -1691.53155878
Edge derivatives =  [0.463804752576612, -0.7487700240495654, 1.9917675838537507, 0.8612865772937499, 0.43873371857207666, 1.190328626310666, 0.33599781949295293, -0.14112013967469883, 0.021651077348932363, 0.49499869696927196, -0.14112013967469872, -3.0459486396269696e-16, -0.46444643643962125, 0.44348122873948376, -2.9678033482303794e-16, -0.1411201396746986, 0.007896630127955995, -1.3809137287556543]
other derivatives: [ 1.20501227  1.03748334 -0.04476988  1.51223958 -0.28805971  0.        ]
Current x array =  [-0.61613931 -0.43646941 -0.92387406  0.70784248 -1.03084687  0.33647224
 -0.04874366 -2.9993747  -2.08231871 -2.36458459 -4.2739763  -2.20282976
 -4.46327365 -4.7856256  -4.6609936  -3.77487374 -4.7856256  -2.30258509
 -5.06753971 -3.91758241 -2.30258509 -4.7856256  -4.74266957 -2.40818021]
log likelihood =  -1691.42568129
Edge derivatives =  [0.08487648107589618, -0.7072066867331147, 1.6468209577513013, 0.6468101286736249, 0.4644400161425354, 0.9691233558722313, 0.3781307952444367, -0.0687941410780171, 0.06903374006513646, 0.3930039099877882, -0.06879414107801743, 5.544362295301977e-17, -0.3847277034319662, 0.3863794190786132, 7.209941509230973e-17, -0.06879414107801693, 0.07761049988712415, -1.3020807305919448]
other derivatives: [ 1.41685632  1.86391844  2.25579697  1.16815499 -1.21917765  0.        ]
Current x array =  [-0.61686322 -0.43748281 -0.93434558  0.71921447 -1.0126471   0.33647224
 -0.04709644 -3.04691481 -2.06987086 -2.35441239 -4.2898801  -2.19378043
 -4.48017726 -4.82835594 -4.6922767  -3.75340326 -4.82835594 -2.30258509
 -5.12655479 -3.90659541 -2.30258509 -4.82835594 -4.77919056 -2.41332395]
log likelihood =  -1691.32041491
Edge derivatives =  [0.10363751018017009, -0.6111532970963063, 0.8793043595317213, 0.13204768559244873, 0.45037979703784975, 0.48071264053698226, 0.3821317438077197, 0.015587900457747144, 0.10662314432101094, 0.059525112270728306, 0.015587900457747089, -6.703584762986397e-17, -0.2827570690027967, 0.16982367554155253, -7.791398018293478e-17, 0.015587900457746755, 0.15439977998750068, -0.8871163087067697]
other derivatives: [ -8.08508958  10.16837814   2.01539478  -0.48180482  -0.75344815   0.        ]
Current x array =  [-0.60521375 -0.44946142 -0.93236102  0.74370274 -1.0179598   0.33647224
 -0.0400983  -3.13426174 -2.03790369 -2.32830164 -4.29004651 -2.17179567
 -4.48016705 -4.8784782  -4.72064856 -3.68811804 -4.8784782  -2.30258509
 -5.2076774  -3.8597835  -2.30258509 -4.8784782  -4.81647025 -2.43313153]
log likelihood =  -1691.18100605
Edge derivatives =  [-0.25072335655370015, -0.5586291533117198, 0.4730081741810369, -0.1405187511702867, 0.4420104250450373, 0.2173117325501575, 0.3894806925040408, 0.055410867415764446, 0.12141604831600977, -0.08485692410941628, 0.05541086741576428, -4.0832444635458914e-16, -0.2331629972328937, 0.07230031546086158, -4.2621386911342153e-16, 0.05541086741576411, 0.19001889672614433, -0.7212407366324733]
other derivatives: [-2.1591859   4.36177743  2.74537797 -0.28771865 -0.66779648  0.        ]
Current x array =  [-0.61261705 -0.4410899  -0.93604245  0.74318236 -1.01990927  0.33647224
 -0.03735878 -3.17600815 -2.02193242 -2.31594598 -4.29325039 -2.16094131
 -4.48359054 -4.9054386  -4.7374382  -3.66057577 -4.9054386  -2.30258509
 -5.2493444  -3.84092515 -2.30258509 -4.9054386  -4.83745876 -2.44244885]
log likelihood =  -1691.11718904
Edge derivatives =  [-0.2786857491400372, -0.5043398155471042, 0.10766557635968688, -0.39643612619862945, 0.4122158846175713, -0.017919992030172083, 0.3664041302938574, 0.0700118969611529, 0.11429496566179478, -0.2536217255772967, 0.07001189696115281, -4.4389025799720576e-17, -0.20714874533080688, -0.0492955143698506, -4.4398383741711586e-17, 0.07001189696115301, 0.1993740730059185, -0.490922016170551]
other derivatives: [ 0.62491381  0.12955752  1.34787115 -0.195746    0.18137598  0.        ]
Current x array =  [-0.61588915 -0.4353328  -0.92965803  0.73936501 -1.03593072  0.33647224
 -0.03428115 -3.20925181 -2.00611157 -2.30395366 -4.28438412 -2.15060133
 -4.47415149 -4.91571419 -4.7394564  -3.62961879 -4.91571419 -2.30258509
 -5.271824   -3.81622191 -2.30258509 -4.91571419 -4.84239118 -2.45389366]
log likelihood =  -1691.1045055
Edge derivatives =  [-0.23093855563214238, -0.4893807555166543, -0.008181741268139975, -0.46455806143120626, 0.389906408454197, -0.08963689017555901, 0.3433864971919841, 0.06394828208252831, 0.10181484175429675, -0.3147576796079924, 0.0639482820825285, 6.538182412000876e-16, -0.2075180739657337, -0.09879354481201205, 6.821484918139734e-16, 0.06394828208252827, 0.19047126674598955, -0.3705465924322606]
other derivatives: [ 0.64462711 -0.27198439  0.24811015 -0.27407623  0.52411906  0.        ]
Current x array =  [-0.61580529 -0.43488425 -0.92454794  0.73907829 -1.04203067  0.33647224
 -0.03304524 -3.21753235 -2.00043191 -2.30114279 -4.2754217  -2.14731581
 -4.46482928 -4.91186023 -4.73361279 -3.61877209 -4.91186023 -2.30258509
 -5.27151129 -3.80588809 -2.30258509 -4.91186023 -4.8367615  -2.45963368]
log likelihood =  -1691.08854396
Edge derivatives =  [-0.20373097398611395, -0.4826070790342895, -0.09255162219034341, -0.47095622148093774, 0.35714557930001817, -0.13907915643581545, 0.30782903778408144, 0.048743923613662754, 0.08191242914637215, -0.34991136706957865, 0.04874392361366309, 8.704439556457927e-16, -0.21449694784174703, -0.13884524535763404, 8.793535162279058e-16, 0.04874392361366292, 0.17090203921048713, -0.22197942210473665]
other derivatives: [ 0.30142928 -0.40906798 -0.51641109 -0.25966074  0.46254627  0.        ]
Current x array =  [-0.61533052 -0.43475566 -0.92088562  0.73875894 -1.04077853  0.33647224
 -0.03310654 -3.22361257 -1.99590023 -2.30292322 -4.26185475 -2.14555901
 -4.4512057  -4.90262747 -4.72346418 -3.61296192 -4.90262747 -2.30258509
 -5.26583366 -3.79777105 -2.30258509 -4.90262747 -4.82557369 -2.46729264]
log likelihood =  -1691.05560896
Edge derivatives =  [0.1383162874821635, -0.44609420505855407, -0.15870037610509183, -0.3827185963652632, 0.27497237768008603, -0.17796238620813992, 0.20887795127165534, 0.017478411523643145, 0.03350525745294901, -0.45679886825559113, 0.017478411523642868, 1.0077959374345604e-16, -0.22032154571979162, -0.25839827278315086, 9.478040817137847e-17, 0.017478411523643208, 0.12515868407864045, 0.09523339907707529]
other derivatives: [-0.68569079 -0.60431375 -1.17688614  0.12673809  0.17635102  0.        ]
Current x array =  [-0.61394969 -0.43453331 -0.91760865  0.73230101 -1.03570519  0.33647224
 -0.03651005 -3.25292801 -1.99084261 -2.31298737 -4.22538313 -2.14544429
 -4.41468186 -4.8846171  -4.70058724 -3.59574362 -4.8846171  -2.30258509
 -5.26249728 -3.77458647 -2.30258509 -4.8846171  -4.80017865 -2.48438205]
log likelihood =  -1691.0287859
Edge derivatives =  [0.08514993748028599, -0.42539493193659933, -0.17319612986308294, -0.20254322147030498, 0.19390948284168258, -0.1652303063877477, 0.11950933007013512, -0.006441648245671876, -0.0031421133752924935, -0.4646207441267407, -0.0064416482456722685, -8.672132337240711e-17, -0.21895814606745165, -0.3126717764593895, -6.55081904184686e-17, -0.0064416482456724315, 0.08513646967826026, 0.3566623378420537]
other derivatives: [-0.37746304  0.12821602 -1.13161605 -0.23530902 -0.38639882  0.        ]
Current x array =  [-0.61446085 -0.43549133 -0.91770162  0.74076489 -1.02310901  0.33647224
 -0.03620774 -3.28436517 -1.98694534 -2.32893126 -4.19179785 -2.14738392
 -4.38291131 -4.87093983 -4.68308831 -3.59493764 -4.87093983 -2.30258509
 -5.26521689 -3.76431589 -2.30258509 -4.87093983 -4.77851009 -2.49876983]
log likelihood =  -1691.0016391
Edge derivatives =  [0.08169683463546873, -0.3685883806305248, -0.130537445132305, 0.08369024833223868, 0.054669954979533225, -0.10728094426223767, -0.03638251450399149, -0.04770638761203941, -0.06375701772285497, -0.4021550944595997, -0.04770638761203924, 1.7345903588617778e-16, -0.21488220568267616, -0.35496901925883223, 1.8659426063906676e-16, -0.047706387612039075, 0.013145964031039948, 0.616641465543373]
other derivatives: [-1.02043032 -1.17979653  0.98659712  0.65872428 -0.24374458  0.        ]
Current x array =  [-0.61351492 -0.43393955 -0.92736532  0.72459292 -1.02997262  0.33647224
 -0.03627574 -3.3413229  -1.9828345  -2.35635515 -4.13490616 -2.1529379
 -4.33058048 -4.8481788  -4.65506381 -3.60630274 -4.8481788  -2.30258509
 -5.27218076 -3.75702914 -2.30258509 -4.8481788  -4.74155799 -2.5141505 ]
log likelihood =  -1690.9890246
Edge derivatives =  [0.4732845805240351, -0.3293228988424474, -0.06313899055328628, 0.18687779930419132, 0.047234115785471015, -0.02934080853676571, -0.03917936429229868, -0.023597105842306267, -0.041707768615243626, -0.31888342413472276, -0.023597105842306492, -1.4783717784046446e-17, -0.183259906165641, -0.3024449699260128, -2.957311167661717e-17, -0.023597105842306322, 0.029168176629387553, 0.5843733759557344]
other derivatives: [ 3.73709099  3.15562829  0.90988124  0.43469299 -0.19558684  0.        ]
Current x array =  [-0.61979106 -0.44030966 -0.92756115  0.72704848 -1.02817434  0.33647224
 -0.0360987  -3.37439562 -1.9816186  -2.36322117 -4.12862558 -2.15469403
 -4.32777733 -4.85982542 -4.66296734 -3.61841412 -4.85982542 -2.30258509
 -5.29857745 -3.76510115 -2.30258509 -4.85982542 -4.74702152 -2.51059732]
log likelihood =  -1690.96591382
Edge derivatives =  [0.10198107081052799, -0.33830683344268303, -0.10328214593885332, 0.1597146802169812, 0.0695715410584907, -0.04950549862427628, -0.009871700428756267, -0.004609964991792875, -0.02124795116752958, -0.28647056288613804, -0.004609964991792986, 3.1078552979936864e-16, -0.16848094910541658, -0.2701193728347573, 2.997022741564915e-16, -0.00460996499179293, 0.05060973239292371, 0.48114454209707436]
other derivatives: [ 1.55887392  1.92790139  1.43613761  0.1431772  -0.2898787   0.        ]
Current x array =  [-0.6169773  -0.43832665 -0.92985987  0.73352485 -1.02637237  0.33647224
 -0.03381866 -3.3804704  -1.98146164 -2.36167709 -4.13819116 -2.15435358
 -4.33840492 -4.87220089 -4.67441176 -3.62409591 -4.87220089 -2.30258509
 -5.31276993 -3.77228653 -2.30258509 -4.87220089 -4.75901939 -2.50577062]
log likelihood =  -1690.93834608
Edge derivatives =  [-0.2405627037144462, -0.32286357052518744, -0.08528123681296668, 0.2334224045170869, 0.07318240274189372, -0.004773376465062373, 0.003284135592551047, 0.02476847717830894, 0.007922930580920171, -0.1667701286914088, 0.024768477178309108, -1.1198484852028628e-16, -0.1332076203316902, -0.19023986111510657, -8.920344065485828e-17, 0.024768477178309108, 0.07411248711030519, 0.3025599504515304]
other derivatives: [-0.16816557  0.66427219  1.73479293 -0.18912942 -0.25729605  0.        ]
Current x array =  [-0.61465291 -0.43630593 -0.93128737  0.74020585 -1.02623758  0.33647224
 -0.03056882 -3.41526892 -1.98152737 -2.36805246 -4.13869512 -2.1568082
 -4.34340999 -4.89087197 -4.68961433 -3.64415917 -4.89087197 -2.30258509
 -5.34669233 -3.78847871 -2.30258509 -4.89087197 -4.77160411 -2.49665321]
log likelihood =  -1690.91122926
Edge derivatives =  [-0.33099157460308115, -0.2776293731923445, -0.04535874375784743, 0.37572404795898395, 0.04043639367182989, 0.07662232258651008, -0.019889630585736194, 0.057082038791766904, 0.03414569248709114, -0.01576179851574664, 0.057082038791766515, 5.956176806429702e-16, -0.08232608050270583, -0.10569865836976375, 5.753084992086582e-16, 0.057082038791766626, 0.09046862588979493, 0.1258242123460973]
other derivatives: [-0.9363248  -0.15661499  1.25914994 -0.38853614 -0.08292318  0.        ]
Current x array =  [-0.61342548 -0.4350179  -0.92924271  0.74341387 -1.02812486  0.33647224
 -0.02784749 -3.48264892 -1.98013039 -2.38058669 -4.12345433 -2.16071686
 -4.3355039  -4.91130638 -4.70293155 -3.6693373  -4.91130638 -2.30258509
 -5.39752662 -3.80514141 -2.30258509 -4.91130638 -4.77933827 -2.48708688]
log likelihood =  -1690.89104527
Edge derivatives =  [-0.23818943359585876, -0.22432232127545637, -0.07863514802689606, 0.43400166863993506, -0.023596184839227888, 0.09887821645680073, -0.07303376985797494, 0.081645018519116, 0.046707941677279805, 0.07526905215364808, 0.08164501851911608, 5.087954067454341e-16, -0.03264562535217551, -0.06543956621705896, 4.986848586862872e-16, 0.08164501851911622, 0.09419600487855273, 0.015895869458798284]
other derivatives: [-1.27351996  0.21889264  0.32368916 -0.2376737   0.0777618   0.        ]
Current x array =  [-0.61277187 -0.43566916 -0.92490046  0.73976704 -1.03086305  0.33647224
 -0.02608757 -3.56452452 -1.97628485 -2.38760867 -4.09726474 -2.16198856
 -4.31711573 -4.92682093 -4.70934157 -3.68401708 -4.92682093 -2.30258509
 -5.45007379 -3.81253675 -2.30258509 -4.92682093 -4.77939786 -2.48056972]
log likelihood =  -1690.97883755
Edge derivatives =  [-0.36502093541710856, -0.16113363758573535, -0.2719850149111232, 0.31666345279111485, -0.11151407227694252, -0.008931511213192606, -0.1319690882107694, 0.10459675888162343, 0.04927586019585543, 0.11632848142402133, 0.10459675888162365, -9.871479743884107e-17, 0.02228447230082648, -0.055045109562063266, -3.8322840464128945e-17, 0.10459675888162341, 0.09267726689823265, -0.10610620793625558]
other derivatives: [ 7.37204573 -9.67288543 -1.23479822  0.06275513  0.06359642  0.        ]
Current x array =  [-0.62355202 -0.42234101 -0.91828396  0.73838299 -1.02813204  0.33647224
 -0.02498789 -3.66234122 -1.97004537 -2.38175944 -4.06935328 -2.15844193
 -4.29826445 -4.94433936 -4.71606223 -3.68933798 -4.94433936 -2.30258509
 -5.51130728 -3.81544422 -2.30258509 -4.94433936 -4.7794217  -2.47456225]
log likelihood =  -1690.88807949
Edge derivatives =  [-0.2560158565934194, -0.21398453965655106, -0.10804657957933941, 0.416132947456333, -0.03683642545067467, 0.08250031773992808, -0.08197752594973941, 0.0851848351544471, 0.04708534064933632, 0.08162167191474318, 0.08518483515444698, 7.25722209197785e-16, -0.023998469419470154, -0.06384531992826348, 7.292333762945077e-16, 0.08518483515444718, 0.0939597429605266, -0.0026623270859684744]
other derivatives: [ 0.07262315 -1.25521638  0.08606094 -0.19156232  0.07612471  0.        ]
Current x array =  [-0.61442275 -0.43362808 -0.9238872   0.73955509 -1.03044482  0.33647224
 -0.02591917 -3.57950424 -1.97532933 -2.38671292 -4.09299036 -2.16144543
 -4.31422884 -4.92950371 -4.71037078 -3.68483193 -4.92950371 -2.30258509
 -5.45945113 -3.81298201 -2.30258509 -4.92950371 -4.77940151 -2.47964973]
log likelihood =  -1690.88187085
Edge derivatives =  [-0.0732023824732837, -0.1868019351714632, -0.15266830880474383, 0.40351179701079987, -0.08129350085709171, 0.06496410721290902, -0.12075864538677229, 0.09204407668090364, 0.04566328189148114, 0.09144846215580645, 0.0920440766809042, 2.7299754185753983e-21, -0.0027390232031737427, -0.0684454658409544, 2.22311333128634e-21, 0.09204407668090395, 0.0890064663020093, -0.012329844902899456]
other derivatives: [ 0.18715127 -0.37562131 -0.45924935  0.04520189  0.12605597  0.        ]
Current x array =  [-0.61448592 -0.43501882 -0.9213171   0.73461768 -1.03165332  0.33647224
 -0.02609658 -3.62267633 -1.97279703 -2.38703279 -4.07609788 -2.16080041
 -4.30096296 -4.93369949 -4.70961556 -3.68579564 -4.93369949 -2.30258509
 -5.48321772 -3.81148446 -2.30258509 -4.93369949 -4.77546845 -2.47858265]
log likelihood =  -1690.87757063
Edge derivatives =  [0.0544261581919514, -0.172742321537124, -0.1982254574350268, 0.33763777811790235, -0.10133708784745922, 0.024663723901570206, -0.13462418733017378, 0.09604516106581487, 0.045195852738416045, 0.07934177754701427, 0.09604516106581518, -5.977721762274353e-17, 0.008791538316076358, -0.07455915349377419, -4.097210569988717e-17, 0.09604516106581523, 0.08740080760311954, -0.029717317544067257]
other derivatives: [ 0.28849172 -0.01252829 -0.42819011  0.16561899  0.10925305  0.        ]
Current x array =  [-0.6146068  -0.43559403 -0.92141155  0.73243978 -1.03141245  0.33647224
 -0.02675353 -3.64658178 -1.97225653 -2.38192813 -4.06940959 -2.15924268
 -4.29632275 -4.93636074 -4.70982755 -3.68333115 -4.93636074 -2.30258509
 -5.49650375 -3.81014837 -2.30258509 -4.93636074 -4.77412253 -2.47753363]
log likelihood =  -1690.86830148
Edge derivatives =  [0.21141579879838623, -0.14928980851382323, -0.28267404179366473, 0.12424777076128507, -0.1392118675996425, -0.08774425474435893, -0.1561672947556172, 0.09987411009943467, 0.04017297884882934, 0.023065282071830062, 0.0998741100994342, -2.350870481331555e-16, 0.029695761115781545, -0.09514567128904398, -2.1748691160975193e-16, 0.09987411009943432, 0.0801123331201174, -0.04342478344443057]
other derivatives: [ 0.33321612  0.44440185 -0.16168542  0.27471287 -0.03110472  0.        ]
Current x array =  [-0.61469931 -0.43632164 -0.92248242  0.73124575 -1.02855617  0.33647224
 -0.0276853  -3.69622671 -1.97430105 -2.36368232 -4.05816215 -2.15495789
 -4.28935545 -4.93936235 -4.70871232 -3.67305089 -4.93936235 -2.30258509
 -5.52155802 -3.80608354 -2.30258509 -4.93936235 -4.76961703 -2.47680567]
log likelihood =  -1690.86000957
Edge derivatives =  [0.09783640234341395, -0.13579318031663995, -0.2275876237239613, -0.03438549602338345, -0.16415854318030387, -0.12493369514776889, -0.1694471496066279, 0.09499466292045237, 0.03014664411741876, -0.0274911919781742, 0.09499466292045237, -1.2402687896217873e-15, 0.04222908321958593, -0.10470183818840069, -1.2751070989887346e-15, 0.09499466292045215, 0.06540249040808581, -0.015020263711596593]
other derivatives: [ 0.11480097  0.36982328  0.08490133  0.19310846 -0.01662102  0.        ]
Current x array =  [-0.61441634 -0.43624941 -0.92356738  0.73320717 -1.02845519  0.33647224
 -0.02613477 -3.73757344 -1.98222711 -2.34725935 -4.05043357 -2.15377533
 -4.28527086 -4.93673639 -4.7045494  -3.66426963 -4.93673639 -2.30258509
 -5.5376337  -3.80429066 -2.30258509 -4.93673639 -4.76158826 -2.47843058]
log likelihood =  -1690.85140639
Edge derivatives =  [0.3333765504611397, -0.12103099748208213, -0.028207848817575043, -0.1859720041116744, -0.15512513632663333, -0.07968709000112723, -0.1510644710526102, 0.07705332473323655, 0.014819209533174057, -0.09987217651104813, 0.07705332473323628, -1.0364587838244701e-16, 0.04474241842556499, -0.10106066878332197, -1.1841424277944035e-16, 0.07705332473323614, 0.04121992667951302, 0.043256631517335054]
other derivatives: [-0.37828158 -0.00316049 -0.28458089 -0.08869847 -0.04786216  0.        ]
Current x array =  [-0.61364413 -0.43545668 -0.92204461  0.73874009 -1.02500552  0.33647224
 -0.02776082 -3.77262227 -1.99843203 -2.3271171  -4.05384257 -2.15567154
 -4.29152049 -4.9256954  -4.69667548 -3.65242789 -4.9256954  -2.30258509
 -5.5420594  -3.80512791 -2.30258509 -4.9256954  -4.74906994 -2.48174156]
log likelihood =  -1690.85632504
Edge derivatives =  [-0.5377661748191582, -0.1102938953826032, 0.28160133342655497, -0.19154864956664186, -0.13637138787557312, 0.08504753254439357, -0.11403966074377385, 0.0859338276757374, 0.027905693095885614, -0.04020429186087994, 0.08593382767573751, 2.9161260006560305e-16, 0.07838303934843617, -0.0033099132370795203, 3.123343603531122e-16, 0.08593382767573723, 0.03681448436555994, -0.05719749787573214]
other derivatives: [ 1.36274139  0.82952738  1.32461082 -0.57345915 -0.16734703  0.        ]
Current x array =  [-0.6160511  -0.43671571 -0.92971682  0.74961488 -1.02205747  0.33647224
 -0.01899144 -3.85717891 -2.01702483 -2.3175402  -4.0578842  -2.16260181
 -4.30379384 -4.93100337 -4.7025092  -3.66297948 -4.93100337 -2.30258509
 -5.58434138 -3.82470618 -2.30258509 -4.93100337 -4.7457992  -2.47653303]
log likelihood =  -1690.84809257
Edge derivatives =  [-0.0018415245595795326, -0.11652572874819644, 0.09324882641624299, -0.18804433418680644, -0.14782765910065093, -0.015628752574432386, -0.1366495609317677, 0.08050514609819405, 0.019908806221904034, -0.07665319527738682, 0.08050514609819402, 1.1412919915316915e-15, 0.05798182395855967, -0.06293378238205338, 1.1590161117535111e-15, 0.08050514609819408, 0.03950905825864853, 0.004424723219643267]
other derivatives: [ 0.29931471  0.32100615  0.34119694 -0.2769184  -0.09338237  0.        ]
Current x array =  [-0.61457714 -0.43594472 -0.92501856  0.74295545 -1.02386278  0.33647224
 -0.02436157 -3.80539871 -2.0056391  -2.32340483 -4.05540921 -2.1583579
 -4.29627797 -4.92775292 -4.69893679 -3.65651797 -4.92775292 -2.30258509
 -5.55844904 -3.81271697 -2.30258509 -4.92775292 -4.74780211 -2.47972259]
log likelihood =  -1690.84488874
Edge derivatives =  [-0.2109834416615508, -0.1162288199156753, 0.20097463883199201, -0.13075041279678848, -0.13777048934062197, 0.058771858865412974, -0.1273920450537428, 0.07271429690824656, 0.0156227103228452, -0.06644150839005217, 0.0727142969082465, -4.2107856286147963e-16, 0.05828824645760485, -0.044276255757592115, -3.992972753336943e-16, 0.07271429690824678, 0.02955895066037484, 0.010571805069027329]
other derivatives: [-0.6438313  -0.5384436   0.28014711 -0.2224624  -0.11709744  0.        ]
Current x array =  [-0.61328395 -0.43468434 -0.92470422  0.74257448 -1.0238784   0.33647224
 -0.02298287 -3.81893736 -2.01065736 -2.32570422 -4.05789765 -2.16172548
 -4.29968701 -4.92314096 -4.69640225 -3.65883785 -4.92314096 -2.30258509
 -5.55960954 -3.81670734 -2.30258509 -4.92314096 -4.74299517 -2.48039321]
log likelihood =  -1690.84181102
Edge derivatives =  [-0.20345553093493018, -0.11530230996380902, 0.30927367520731186, -0.04938706002259999, -0.1163158315716655, 0.1437302147963966, -0.10973862746407209, 0.06370836630367671, 0.01249783036042854, -0.05730246057327132, 0.06370836630367668, 7.333025840988128e-17, 0.05349049028758478, -0.026628414710061325, 8.107819492630137e-17, 0.06370836630367609, 0.02166477384695571, 0.03084415070960489]
other derivatives: [-0.46736659 -0.52402811  0.02289653 -0.16736976 -0.11632437  0.        ]
Current x array =  [-0.61344378 -0.43467452 -0.92361984  0.74155953 -1.02372275  0.33647224
 -0.02299597 -3.82045194 -2.01438275 -2.32989915 -4.06393141 -2.16500578
 -4.3054129  -4.91707405 -4.69355678 -3.66077119 -4.91707405 -2.30258509
 -5.55374    -3.82005605 -2.30258509 -4.91707405 -4.73890758 -2.48139593]
log likelihood =  -1690.83601726
Edge derivatives =  [-0.027923642677053273, -0.10217431245363828, 0.3919576156507368, 0.058777158811580826, -0.09016048699751225, 0.2314210723509367, -0.08116163199774262, 0.05128913023546981, 0.00926765808713086, -0.02454257994558818, 0.0512891302354697, -6.661218990576906e-17, 0.055094191918954254, 0.014957774184191544, -6.661253377423775e-17, 0.051289130235469764, 0.007094235906512432, 0.02279733599578293]
other derivatives: [-0.39169663 -0.54135398 -0.05131824 -0.02382876 -0.02003162  0.        ]
Current x array =  [-0.61340551 -0.434611   -0.92345718  0.73849604 -1.02524869  0.33647224
 -0.0238602  -3.84823752 -2.01580873 -2.33735705 -4.0719918  -2.16841049
 -4.31488388 -4.90876947 -4.68993557 -3.66704686 -4.90876947 -2.30258509
 -5.55616096 -3.82820606 -2.30258509 -4.90876947 -4.73118029 -2.48092954]
log likelihood =  -1690.82892419
Edge derivatives =  [-0.5959878979776565, -0.09061450125492762, 0.3444644107462465, 0.061206750243657654, -0.022554227192960578, 0.22242695439458524, 0.005803893340125963, 0.011143475703347675, -0.004327037215635661, -0.008300123950656449, 0.011143475703347509, 1.3548553306460392e-15, 0.05302707155523221, 0.08976218616932066, 1.3546158002259324e-15, 0.01114347570334773, -0.03435214257267487, 0.06443717001033322]
other derivatives: [ 0.5895572   0.551222   -1.18716343  0.21038886 -0.12998953  0.        ]
Current x array =  [-0.61470899 -0.43663965 -0.91798776  0.73498722 -1.02507763  0.33647224
 -0.01741082 -3.91762262 -2.01113402 -2.33889863 -4.09802921 -2.1663396
 -4.3434605  -4.88180067 -4.67708986 -3.67099317 -4.88180067 -2.30258509
 -5.55407116 -3.84203191 -2.30258509 -4.88180067 -4.70878034 -2.48223779]
log likelihood =  -1690.82130604
Edge derivatives =  [-0.14791593685901927, -0.07428883674073641, 0.24374157103759275, 0.04741824328488631, -0.024640642593808274, 0.1698010586684652, 0.013897695514464299, 0.008649367840563436, -0.005014871176080186, 0.011039691941734035, 0.008649367840563329, 1.3067078328564447e-15, 0.061281893143962186, 0.10722330722173143, 1.2861981328818432e-15, 0.008649367840563766, -0.040727706579322454, 0.019884825034932163]
other derivatives: [ 0.3340574   0.05636593 -0.49642495  0.23007942  0.02130491  0.        ]
Current x array =  [-0.61429473 -0.43580839 -0.92130391  0.73392605 -1.0269672   0.33647224
 -0.02069958 -3.94903816 -2.00623715 -2.34042716 -4.09933484 -2.16446181
 -4.34668124 -4.88062076 -4.67690801 -3.67475581 -4.88062076 -2.30258509
 -5.56512332 -3.84596685 -2.30258509 -4.88062076 -4.7057408  -2.48024228]
log likelihood =  -1690.81763643
Edge derivatives =  [0.11540867445851721, -0.06104015463432505, 0.06206148342584228, -0.034085511340586155, -0.021382893116213525, 0.04938042347445595, 0.033049838572203595, 0.0013252646335422807, -0.007382566547639271, 0.017288648481679256, 0.0013252646335426624, -3.8417030242317903e-16, 0.069058118513929, 0.12359443417850913, -3.6972182565363406e-16, 0.0013252646335422148, -0.051086596901969504, -0.014010105698895492]
other derivatives: [-0.49035407  0.49078608  0.07405561  0.14606485  0.0907221   0.        ]
Current x array =  [-0.61326379 -0.43639721 -0.92388195  0.73490018 -1.02771246  0.33647224
 -0.02210267 -3.99077704 -1.99851224 -2.33786552 -4.10423326 -2.15948037
 -4.35355373 -4.87613881 -4.67512059 -3.67635755 -4.87613881 -2.30258509
 -5.57591233 -3.8494403  -2.30258509 -4.87613881 -4.70033857 -2.47862115]
log likelihood =  -1690.81847746
Edge derivatives =  [0.12819647789421817, -0.051681594946384746, -0.09895670694067837, -0.12941711753540908, -0.022675603153033057, -0.06703863637798746, 0.04522017617842708, -0.006548290901240109, -0.012853786575276863, 0.008421667427100397, -0.006548290901240622, -3.984595936913256e-16, 0.07425802765555878, 0.12512992117824617, -3.7689264561731123e-16, -0.0065482909012403515, -0.061454917423714166, -0.028964118396178185]
other derivatives: [ 0.99885256 -1.16424417  0.15245405  0.15597834  0.0837872   0.        ]
Current x array =  [-0.6151627  -0.43415392 -0.9242563   0.73548942 -1.02721985  0.33647224
 -0.02207667 -4.02280049 -1.99227443 -2.33357736 -4.10753253 -2.15464474
 -4.35805778 -4.87174197 -4.67277162 -3.67494955 -4.87174197 -2.30258509
 -5.58289057 -3.84995576 -2.30258509 -4.87174197 -4.69549494 -2.47803117]
log likelihood =  -1690.81687835
Edge derivatives =  [0.12082408634374353, -0.05715261966416804, -0.0034713239972036236, -0.07291614352709802, -0.021898426164071883, 0.0019781771940660664, 0.03802048144148941, -0.0018804969546822661, -0.00961060331987176, 0.013674312877640385, -0.0018804969546822106, 2.009935666220046e-16, 0.07118373590837755, 0.12422151043873064, 2.1150126054032328e-16, -0.001880496954681933, -0.05530751105211609, -0.020103232423200224]
other derivatives: [ 0.11841621 -0.1818762   0.10588792  0.15018031  0.08799361  0.        ]
Current x array =  [-0.61403814 -0.43548243 -0.92403461  0.73514046 -1.02751158  0.33647224
 -0.02209207 -4.00383571 -1.99596855 -2.33611687 -4.10557865 -2.15750847
 -4.35539042 -4.87434584 -4.67416272 -3.67578339 -4.87434584 -2.30258509
 -5.57875795 -3.84965049 -2.30258509 -4.87434584 -4.69836341 -2.47838056]
log likelihood =  -1690.81656508
Edge derivatives =  [0.04040064897470996, -0.057710146893174996, -0.02928189545052412, -0.09544379516980586, -0.02098935347245467, -0.0209109197277281, 0.04088444746555938, -0.003684634036801058, -0.01056350807091417, 0.009035035987538978, -0.0036846340368014464, 2.725239627746651e-16, 0.07138228980557165, 0.12294181478829418, 3.0274455775727035e-16, -0.003684634036801058, -0.05704647312933579, -0.016675355626673438]
other derivatives: [ 0.02200977 -0.07464678  0.06314167  0.12125838  0.05795755  0.        ]
Current x array =  [-0.6139448  -0.4356715  -0.92376994  0.7358218  -1.02709576  0.33647224
 -0.02135002 -4.00865237 -1.99511436 -2.33476264 -4.10651083 -2.15649868
 -4.35636287 -4.87320276 -4.67354025 -3.67501334 -4.87320276 -2.30258509
 -5.57910263 -3.84934201 -2.30258509 -4.87320276 -4.69742904 -2.47853067]
log likelihood =  -1690.81602128
Edge derivatives =  [-0.02330593791448199, -0.05796517629366374, -0.04908524463511532, -0.10020008191785057, -0.01948551857754256, -0.0393951755141701, 0.04258541106639767, -0.00593995833446323, -0.011727126912518024, 0.00506064653082617, -0.00593995833446263, 2.2176873937836036e-17, 0.07084062912400413, 0.1167303490248806, 4.435804307522123e-17, -0.005939958334462852, -0.058351902507917816, -0.010495857694981181]
other derivatives: [-0.04583853  0.00147793 -0.00663931  0.05691163  0.02778506  0.        ]
Current x array =  [-0.61388195 -0.43579666 -0.92340202  0.73711168 -1.02643937  0.33647224
 -0.02070654 -4.01391663 -1.99414121 -2.33478441 -4.1076056  -2.15567476
 -4.35694168 -4.87179594 -4.67280411 -3.67438167 -4.87179594 -2.30258509
 -5.57851243 -3.84803034 -2.30258509 -4.87179594 -4.69673782 -2.47883682]
log likelihood =  -1690.81475866
Edge derivatives =  [-0.09271320179500409, -0.0569818078681332, -0.07568149887148315, -0.07295205249073569, -0.016482521059629048, -0.06439290328568226, 0.04202450407984053, -0.01121632429713363, -0.014646806003855022, -0.0008059763262742298, -0.011216324297133953, -3.4648127788906756e-16, 0.06875010497272233, 0.09369037785080175, -3.2863298478937363e-16, -0.011216324297133793, -0.06026023125031578, 0.005014052942446723]
other derivatives: [-0.09233645  0.11741577 -0.08635652 -0.07498784 -0.03358309  0.        ]
Current x array =  [-0.61385683 -0.43596971 -0.9229853   0.73969758 -1.02489459  0.33647224
 -0.01988191 -4.02698229 -1.99197768 -2.33776881 -4.10955781 -2.15458066
 -4.35676588 -4.8685555  -4.67106326 -3.67353729 -4.8685555  -2.30258509
 -5.57608179 -3.84327472 -2.30258509 -4.8685555  -4.69575974 -2.47966296]
log likelihood =  -1690.81322668
Edge derivatives =  [-0.14446372672627628, -0.05341253953609873, -0.08237789116494584, -0.018584923450831625, -0.016169135600290832, -0.07234925104184922, 0.03394133086332202, -0.015197161959074803, -0.01694414662080802, -0.0021206032120959784, -0.015197161959075115, 4.4476592260117316e-17, 0.06831535793997531, 0.057635428820193964, 4.44431435303027e-17, -0.015197161959074695, -0.059783732183854035, 0.01315785087920096]
other derivatives: [ 0.03019522  0.25077043 -0.02146407 -0.16145805 -0.08797088  0.        ]
Current x array =  [-0.61403832 -0.43618128 -0.92326305  0.74146476 -1.02356549  0.33647224
 -0.01908492 -4.05031579 -1.99019199 -2.34277016 -4.11000516 -2.15427798
 -4.35400064 -4.86612286 -4.66974098 -3.67345812 -4.86612286 -2.30258509
 -5.57572835 -3.83591417 -2.30258509 -4.86612286 -4.69589415 -2.48012049]
log likelihood =  -1690.82175765
Edge derivatives =  [-0.32983902855438507, -0.04328555962124872, -0.09208747478730947, 0.14647341996751914, -0.0033407045271970845, -0.0642192687228331, 0.02251196528856687, -0.035420935373574436, -0.0275938346140362, 0.002115621205861347, -0.03542093537357455, -5.823615037803567e-17, 0.06501039418335236, -0.030889006410471112, -1.0687497773175352e-16, -0.03542093537357495, -0.06678781269900616, 0.017294595864382645]
other derivatives: [-2.73350906 -2.22471499 -0.65954282 -0.14235866 -0.1925855   0.        ]
Current x array =  [-0.61030767 -0.43260096 -0.92008373  0.74217332 -1.02169364  0.33647224
 -0.01782763 -4.12614103 -1.98624905 -2.35845603 -4.11588815 -2.15531158
 -4.35098982 -4.85520104 -4.66433295 -3.6754449  -4.85520104 -2.30258509
 -5.5734291  -3.81887751 -2.30258509 -4.85520104 -4.69326929 -2.48122465]
log likelihood =  -1690.81274079
Edge derivatives =  [-0.17838533558520364, -0.05134072126892761, -0.08409577537449142, 0.012891678899216802, -0.013734561689576982, -0.07075792538301409, 0.0317974129643081, -0.01898514193300361, -0.018939929981322715, -0.001308885841982077, -0.018985141933003585, 1.113304135175534e-16, 0.06769655105182812, 0.04108627148156248, 1.222477073590579e-16, -0.01898514193300389, -0.061096466148250386, 0.013982616828553285]
other derivatives: [-0.48721631 -0.21177584 -0.14151738 -0.15807018 -0.10734311  0.        ]
Current x array =  [-0.61333535 -0.43550664 -0.92266397  0.74159828 -1.02321278  0.33647224
 -0.01884801 -4.06460356 -1.98944902 -2.34572586 -4.1111137  -2.15447274
 -4.35343331 -4.86406486 -4.66872194 -3.67383249 -4.86406486 -2.30258509
 -5.5752951  -3.83270395 -2.30258509 -4.86406486 -4.69539955 -2.48032855]
log likelihood =  -1690.81135934
Edge derivatives =  [-0.10897868661647148, -0.04497702736748979, -0.06364056448262251, 0.08604068885061966, -0.016147977006855063, -0.05231350923734801, 0.01721937664960008, -0.020122398369006672, -0.019608616800478037, 0.003655085123495841, -0.02012239836900642, 1.4062536639517876e-16, 0.06893856288079526, 0.00020051953060193362, 1.369549854805537e-16, -0.020122398369006735, -0.05752551003087952, 0.01205631676966501]
other derivatives: [-0.13928911 -0.07269136  0.0086402  -0.16427748 -0.11095835  0.        ]
Current x array =  [-0.61376504 -0.43571176 -0.9234148   0.74164184 -1.02277694  0.33647224
 -0.01894666 -4.09196595 -1.98858276 -2.35184869 -4.10975023 -2.15530946
 -4.34841017 -4.86333504 -4.66832597 -3.6747386  -4.86333504 -2.30258509
 -5.57691291 -3.82443991 -2.30258509 -4.86333504 -4.69698985 -2.48023216]
log likelihood =  -1690.81047797
Edge derivatives =  [0.027996974239197447, -0.038612063347874315, -0.052494284877662084, 0.11353940162296541, -0.017895145950899777, -0.03579884507218831, 0.007449755980978589, -0.01989091951993439, -0.019204287758925246, 0.00739180844399831, -0.01989091951993518, -4.890153031886032e-16, 0.07086523753447942, -0.024099654550975652, -4.887102139336977e-16, -0.019890919519934293, -0.05425056942416436, 0.004909605324889155]
other derivatives: [ 0.04952199  0.00034106  0.01512035 -0.10034    -0.05986749  0.        ]
Current x array =  [-0.61395681 -0.43581991 -0.92350869  0.74017239 -1.02350268  0.33647224
 -0.01963267 -4.11378133 -1.98834773 -2.35409279 -4.1086331  -2.15598606
 -4.34499985 -4.86340202 -4.66843005 -3.67533968 -4.86340202 -2.30258509
 -5.57930516 -3.81950413 -2.30258509 -4.86340202 -4.69840421 -2.47980011]
log likelihood =  -1690.80959184
Edge derivatives =  [0.03644508622930975, -0.033873774042343985, -0.03605953389672875, 0.11170827804098679, -0.019148844206756416, -0.01270934944455418, -0.0033720949575633506, -0.019103477569202658, -0.01857691504736829, 0.0072986379889074735, -0.019103477569202734, -4.232561339263065e-16, 0.07249193968159268, -0.04911152093992657, -4.2257163508959215e-16, -0.019103477569203327, -0.04953350189688097, -0.004248832090492094]
other derivatives: [ 0.11896191 -0.03858531  0.12398687  0.04001777 -0.01623448  0.        ]
Current x array =  [-0.61401198 -0.43582633 -0.92401167  0.73758079 -1.02479586  0.33647224
 -0.01941129 -4.13780772 -1.98921385 -2.35367474 -4.10755195 -2.15698039
 -4.34128309 -4.86387071 -4.66881914 -3.67527011 -4.86387071 -2.30258509
 -5.58130558 -3.81450709 -2.30258509 -4.86387071 -4.70061012 -2.47931424]
log likelihood =  -1690.80897897
Edge derivatives =  [0.26276753871643144, -0.023764713882840682, -0.042439558732610516, 0.06671965413087708, -0.011942046285562283, 0.00297308819791145, -0.0042352659680741644, -0.022422648382220516, -0.01844161761087568, 0.0040264400774904854, -0.022422648382220255, 0.0, 0.0734257822087708, -0.06605174077251494, 0.0, -0.022422648382219856, -0.046600339991100276, -0.006656165508711842]
other derivatives: [ 0.2380375   0.19740583 -0.28869636  0.10081749  0.13740191  0.        ]
Current x array =  [-0.61405652 -0.43618337 -0.92219904  0.73563984 -1.02705776  0.33647224
 -0.02015927 -4.17789562 -1.98966863 -2.34951121 -4.11013937 -2.15722183
 -4.34070454 -4.86149115 -4.66809233 -3.67461409 -4.86149115 -2.30258509
 -5.58227948 -3.81081698 -2.30258509 -4.86149115 -4.70158819 -2.47889643]
log likelihood =  -1690.8081083
Edge derivatives =  [0.1232396313779387, -0.024262035862414155, -0.04388474126649827, 0.02994465299496829, -0.011389794236448939, 0.0031459086523028534, -0.006864003602504845, -0.02261771403976212, -0.018654353321236737, -0.0014074689255746467, -0.022617714039762465, 1.2858113087645954e-15, 0.07302446503544778, -0.07260267385320059, 1.2867779546343116e-15, -0.0226177140397619, -0.04434996456832889, -0.010737020426314858]
other derivatives: [ 0.0062073   0.0875616  -0.00770797  0.12964847  0.1207809   0.        ]
Current x array =  [-0.61378989 -0.43607027 -0.92342337  0.73547892 -1.02730811  0.33647224
 -0.01910293 -4.18913658 -1.99077363 -2.34631448 -4.11055429 -2.15735331
 -4.33994939 -4.8615348  -4.66830008 -3.67375956 -4.8615348  -2.30258509
 -5.58188843 -3.80967717 -2.30258509 -4.8615348  -4.70286434 -2.47883   ]
log likelihood =  -1690.80743616
Edge derivatives =  [-0.06350366806136143, -0.024309220887524047, -0.055649349981164914, -0.031135427393837345, -0.007107018440452178, -0.006508543540664102, -0.004737048558085762, -0.025106944621285328, -0.019713474445460077, -0.010416138175464655, -0.02510694462128506, 6.976592369616241e-16, 0.07156514232856911, -0.07523491274756916, 6.708472419288539e-16, -0.02510694462128505, -0.04301349187003803, -0.009581377780084832]
other derivatives: [ 0.11266366 -0.26780071  0.10236363  0.09929408  0.09251835  0.        ]
Current x array =  [-0.61395484 -0.4356231  -0.92387006  0.73657709 -1.02703785  0.33647224
 -0.01753354 -4.20689572 -1.99193655 -2.34105708 -4.11289232 -2.15694136
 -4.3407842  -4.86017411 -4.66795439 -3.67229541 -4.86017411 -2.30258509
 -5.58005637 -3.80927849 -2.30258509 -4.86017411 -4.70373096 -2.47900199]
log likelihood =  -1690.80721575
Edge derivatives =  [-0.154700630756486, -0.023825317041425986, -0.05372689571298067, -0.0782997585926837, -0.0009390663080425937, -0.00730393455365716, -0.002821201032746117, -0.027616274982487487, -0.019878317029196426, -0.018038543891290504, -0.027616274982487556, 2.220400976180566e-17, 0.06945134054265463, -0.07746602797847138, 2.2204045284603282e-17, -0.027616274982487764, -0.04044026214513012, -0.005603201991049023]
other derivatives: [-0.57323177  0.2834895   0.18208084  0.02264642  0.05493348  0.        ]
Current x array =  [-0.613113   -0.43640927 -0.9241492   0.73810379 -1.02633346  0.33647224
 -0.01650842 -4.22858536 -1.99347579 -2.33658904 -4.11554529 -2.15683603
 -4.34144081 -4.85858305 -4.6675787  -3.67114891 -4.85858305 -2.30258509
 -5.57745848 -3.80883491 -2.30258509 -4.85858305 -4.70495825 -2.47922666]
log likelihood =  -1690.80682288
Edge derivatives =  [-0.11652726822964787, -0.022578436425923, -0.052273275841286104, -0.07213053337123271, -0.0002746210634244836, -0.007043130013590859, -0.002311675909538829, -0.028210720041767674, -0.02012547341942044, -0.017102848685342058, -0.028210720041768295, 1.2387583938749054e-15, 0.0694361037081343, -0.07782906712428046, 1.2521985727996147e-15, -0.02821072004176773, -0.04069739101323494, -0.004607711222700095]
other derivatives: [-0.19790605  0.04763479  0.06996288  0.00977707  0.06259597  0.        ]
Current x array =  [-0.61357087 -0.43606782 -0.92368083  0.73834707 -1.02615625  0.33647224
 -0.01674686 -4.23123396 -1.99335084 -2.33702915 -4.11587342 -2.15679203
 -4.34159049 -4.85822438 -4.66742872 -3.67127736 -4.85822438 -2.30258509
 -5.57734021 -3.80874059 -2.30258509 -4.85822438 -4.70484961 -2.47925219]
log likelihood =  -1690.80649709
Edge derivatives =  [-0.061499308406994135, -0.020473193388100303, -0.04088196670470387, -0.06445087985999601, 0.0017273735160022174, -0.0016547718953458246, -0.002740078185040618, -0.029140008793088645, -0.020165100582278755, -0.01623627275383252, -0.029140008793088597, -2.907562982684085e-17, 0.0689403951954951, -0.08005573836042093, 7.679960562205584e-18, -0.029140008793088264, -0.0396413585315982, -0.0033894352663510485]
other derivatives: [ 0.06282335 -0.04706635 -0.03287823 -0.02257821  0.05697984  0.        ]
Current x array =  [-0.61388049 -0.43591127 -0.92325688  0.73895559 -1.02556534  0.33647224
 -0.01703785 -4.24125477 -1.99379956 -2.33726639 -4.11662794 -2.15695502
 -4.34141712 -4.85764586 -4.66730116 -3.67143501 -4.85764586 -2.30258509
 -5.57659302 -3.80827917 -2.30258509 -4.85764586 -4.70538166 -2.47929378]
log likelihood =  -1690.80609562
Edge derivatives =  [0.01400797234439799, -0.017212682716477107, -0.01471402091002122, -0.05337838263111758, 0.004940027318062458, 0.009901470092651882, -0.005211262396815065, -0.03020078777663318, -0.019873092053086735, -0.015390556174630338, -0.030200787776632588, 7.820695180520728e-16, 0.0678376036057206, -0.085119362427693, 7.463689610470624e-16, -0.030200787776633188, -0.03648487434377857, -0.0025727001088204915]
other derivatives: [ 0.2598199  -0.05447873 -0.10459189 -0.06932623  0.0287173   0.        ]
Current x array =  [-0.61410352 -0.43585984 -0.9229852   0.73991009 -1.02435246  0.33647224
 -0.0174359  -4.26129943 -1.99508584 -2.33733329 -4.11773391 -2.15739317
 -4.34056265 -4.8570044  -4.66732057 -3.67163334 -4.8570044  -2.30258509
 -5.57502585 -3.80728664 -2.30258509 -4.8570044  -4.70698886 -2.47934198]
log likelihood =  -1690.805625
Edge derivatives =  [0.08259943365861466, -0.013910797753448306, 0.0221684450979846, -0.04301196409954569, 0.00868224287919206, 0.022833092260454824, -0.008780275031058469, -0.030861083107870012, -0.019177818668273998, -0.014766745634222159, -0.030861083107870464, -3.9552671942561547e-16, 0.06597652056190038, -0.08806961257923861, -3.865049401933619e-16, -0.030861083107869672, -0.03166565675144317, -0.0030127938452690906]
other derivatives: [ 0.2076149  -0.09388259 -0.12139481 -0.09474661 -0.0212367   0.        ]
Current x array =  [-0.61400205 -0.43574924 -0.92294674  0.74061239 -1.0228284   0.33647224
 -0.01789119 -4.286016   -1.99712945 -2.33706895 -4.11895521 -2.15797073
 -4.33940127 -4.85670029 -4.66764897 -3.67184837 -4.85670029 -2.30258509
 -5.57250237 -3.80679747 -2.30258509 -4.85670029 -4.70954364 -2.47940269]
log likelihood =  -1690.80797997
Edge derivatives =  [0.006989340426224677, -0.010740398531493639, 0.14248646146209332, -0.03022396815197126, 0.019381003117240787, 0.05499783259313662, -0.01238017691939505, -0.027206964338015494, -0.0136208691270218, -0.012840102645401572, -0.027206964338015456, -1.1068133816335691e-15, 0.05890003985283393, -0.0638108650070276, -1.1085366301860155e-15, -0.027206964338015616, -0.015593861998906167, 0.01308892824289587]
other derivatives: [ 1.55555426  1.45164449  0.19140316 -0.08994903 -0.186742    0.        ]
Current x array =  [-0.61582549 -0.43803391 -0.92447023  0.74117216 -1.01942833  0.33647224
 -0.01661104 -4.33167776 -2.00329167 -2.33459602 -4.12151483 -2.15894759
 -4.33773827 -4.85820554 -4.66972288 -3.67199666 -4.85820554 -2.30258509
 -5.56212549 -3.81127297 -2.30258509 -4.85820554 -4.71743692 -2.47993413]
log likelihood =  -1690.80542276
Edge derivatives =  [0.06644272395775941, -0.013172493526810936, 0.048668704895917014, -0.040181412806164524, 0.011034011724605698, 0.029914502794687825, -0.00956562122207157, -0.03005761935617787, -0.017957096301419184, -0.014338398966569237, -0.03005761935617772, -3.5187127367129423e-22, 0.0644354326741978, -0.08273722877747378, -3.496639781478466e-22, -0.030057619356177262, -0.028128773315396545, 0.0005367611515707527]
other derivatives: [ 0.50401923  0.24654128 -0.05288712 -0.09374617 -0.05748007  0.        ]
Current x array =  [-0.61440175 -0.43625004 -0.92328069  0.74073509 -1.0220831   0.33647224
 -0.01761058 -4.29602513 -1.99848022 -2.33652688 -4.11951628 -2.15818486
 -4.33903673 -4.85703024 -4.66810357 -3.67188088 -4.85703024 -2.30258509
 -5.57022774 -3.80777851 -2.30258509 -4.85703024 -4.71127386 -2.47951919]
log likelihood =  -1690.80486561
Edge derivatives =  [0.09811426802432321, -0.010951570358131213, 0.09145433003470022, -0.025837721061867824, 0.014098138042428376, 0.04083328636080413, -0.013431256799316466, -0.02935813674036192, -0.0165368358904119, -0.012597847747837294, -0.02935813674036166, -1.7033329260363677e-16, 0.061910664606994015, -0.0786137767657915, -1.851205507615779e-16, -0.02935813674036181, -0.022214271581579882, -0.00041687019540725956]
other derivatives: [ 0.22480435  0.19153958 -0.02476099 -0.06639311 -0.11364136  0.        ]
Current x array =  [-0.61401051 -0.43612657 -0.92341672  0.74055009 -1.02082898  0.33647224
 -0.01792395 -4.31770403 -2.00077164 -2.33658166 -4.12027894 -2.15875153
 -4.33780795 -4.85759908 -4.6689113  -3.67228319 -4.85759908 -2.30258509
 -5.56684373 -3.8087364  -2.30258509 -4.85759908 -4.71447729 -2.47959459]
log likelihood =  -1690.80419082
Edge derivatives =  [0.06440823124390693, -0.009827859863415417, 0.1329906812978825, -0.010486962643300929, 0.016807307748706403, 0.045252557389108355, -0.01607439901159931, -0.027223622874177546, -0.014276388697145877, -0.009411814617710478, -0.027223622874177497, -8.240455246465006e-16, 0.05837009686196691, -0.06356771587132869, -8.117772926135011e-16, -0.027223622874177823, -0.01530670138393245, 0.0006252204912085002]
other derivatives: [-0.05227321  0.1288754   0.00932232  0.00165983 -0.15304522  0.        ]
Current x array =  [-0.61363032 -0.4360271  -0.92355839  0.73961479 -1.02030043  0.33647224
 -0.01772208 -4.33542622 -2.00284188 -2.33688281 -4.12077392 -2.15903843
 -4.33696351 -4.85900053 -4.67018906 -3.67286482 -4.85900053 -2.30258509
 -5.56206018 -3.81184238 -2.30258509 -4.85900053 -4.71823648 -2.4797484 ]
log likelihood =  -1690.8033341
Edge derivatives =  [-0.019245114741919256, -0.009355084338717373, 0.16979374964494515, 0.008879569356194217, 0.019285482579810234, 0.03969657754730774, -0.016789710720223696, -0.02330067588157455, -0.010887157458127739, -0.003673963400906942, -0.02330067588157451, -1.17767449504132e-16, 0.052969403527747656, -0.03273875896880731, -1.0327240811158891e-16, -0.023300675881574272, -0.0067607096093093705, 0.004985753724039865]
other derivatives: [-0.25597728  0.02876277  0.04056346  0.08874395 -0.15572823  0.        ]
Current x array =  [-0.61334568 -0.43590163 -0.92368718  0.73822894 -1.02072858  0.33647224
 -0.01703995 -4.34993929 -2.00438229 -2.33776675 -4.12111147 -2.15888236
 -4.33673262 -4.86144234 -4.67210925 -3.67379302 -4.86144234 -2.30258509
 -5.55478733 -3.81808577 -2.30258509 -4.86144234 -4.72292894 -2.48004078]
log likelihood =  -1690.80236079
Edge derivatives =  [-0.043020057191329286, -0.007760523938119268, 0.17857705087672182, 0.020089356725343843, 0.021087460121558654, 0.02494505682980508, -0.01588601472105841, -0.01856017073004991, -0.007036384875171834, 0.0032385744653223095, -0.018560170730049865, -1.4731766183322435e-28, 0.04612083834347057, 0.005618329380851848, -1.4599465695359946e-28, -0.01856017073004991, 0.002709575541574201, 0.010921486691073845]
other derivatives: [-0.27196165 -0.06180016  0.07062226  0.10888925 -0.0758746   0.        ]
Current x array =  [-0.61329154 -0.43577796 -0.92386989  0.73762624 -1.02233054  0.33647224
 -0.0164999  -4.36516402 -2.00442553 -2.33860949 -4.12151089 -2.15825581
 -4.33700185 -4.86431095 -4.674326   -3.67482783 -4.86431095 -2.30258509
 -5.54569511 -3.82584152 -2.30258509 -4.86431095 -4.72813838 -2.48035413]
log likelihood =  -1690.8012202
Edge derivatives =  [-0.037713924847964986, -0.004456520472801512, 0.10742543693634099, 0.011150654421227396, 0.021723759992627358, 0.008975064432616586, -0.015523594536804727, -0.011277927273136371, -0.0008302596310035305, 0.013797991082016195, -0.0112779272731371, -6.06033126902755e-16, 0.034860235610677255, 0.05044646457794979, -5.585001422284872e-16, -0.011277927273136538, 0.018041617154864593, 0.013048993288572008]
other derivatives: [-0.26975613  0.11013981 -0.24995188  0.05529728 -0.02937668  0.        ]
Current x array =  [-0.61326269 -0.43604053 -0.922399    0.73828527 -1.02285967  0.33647224
 -0.01575692 -4.40043065 -2.00037879 -2.33969147 -4.12186156 -2.15735687
 -4.33689331 -4.86854332 -4.67765307 -3.67627738 -4.86854332 -2.30258509
 -5.53090378 -3.83483699 -2.30258509 -4.86854332 -4.73636694 -2.48028473]
log likelihood =  -1690.80177931
Edge derivatives =  [-0.09155613806957774, -0.0011900036370337541, -0.019439968713746536, -0.027549581731296457, 0.01787082650856374, -0.0152352350062743, -0.016771700897447298, -0.005863185546262056, 0.001974948700715077, 0.01945659118723058, -0.005863185546261904, -7.143519660169334e-16, 0.02375543889045758, 0.07812141562994315, -7.014045256324667e-16, -0.00586318554626173, 0.029907810846131207, 4.6796950432081985e-05]
other derivatives: [ 0.63819243 -0.90024059  0.28605882 -0.02389697 -0.0041382   0.        ]
Current x array =  [-0.61444628 -0.43463439 -0.92493728  0.74016438 -1.02306094  0.33647224
 -0.01511685 -4.43586158 -1.99464949 -2.33973177 -4.1219566  -2.15654124
 -4.3367663  -4.87226771 -4.68053804 -3.67710448 -4.87226771 -2.30258509
 -5.51706276 -3.8409463  -2.30258509 -4.87226771 -4.74356164 -2.47991743]
log likelihood =  -1690.80079687
Edge derivatives =  [-0.05881028383370168, -0.0031259610691093676, 0.05727603675162879, -0.004176110299960234, 0.020201602198105142, -0.0006049572937844028, -0.016016921499613947, -0.009129909199724187, 0.00028305611023692057, 0.01604420622402443, -0.009129909199723923, -1.0986602758017546e-15, 0.03048426544350171, 0.06143223564292034, -1.1043458436141698e-15, -0.009129909199724305, 0.022753447261301598, 0.007903712243912064]
other derivatives: [ 0.09060841 -0.28926479 -0.03749392  0.02369234 -0.01937224  0.        ]
Current x array =  [-0.6137317  -0.43548334 -0.92340482  0.73902988 -1.02293942  0.33647224
 -0.01550329 -4.41447046 -1.99810851 -2.33970744 -4.12189922 -2.15703367
 -4.33684298 -4.87001914 -4.67879626 -3.67660513 -4.87001914 -2.30258509
 -5.52541916 -3.83725785 -2.30258509 -4.87001914 -4.7392179  -2.48013918]
log likelihood =  -1690.80057357
Edge derivatives =  [-0.0164105160997825, -0.0029180851068613123, 0.010236327570878556, -0.01804184203365336, 0.01801630662821637, -0.003787407106228574, -0.015254426880770621, -0.008978402227741294, 2.134681354911197e-05, 0.015381079826846576, -0.008978402227741534, -1.8114067227725082e-15, 0.030594527892781945, 0.0564088157315641, -1.8493514945523744e-15, -0.008978402227741301, 0.021594575461330524, 0.004375821124384283]
other derivatives: [ 0.05738912 -0.09781616 -0.0328555  -0.02048637 -0.00866294  0.        ]
Current x array =  [-0.61370752 -0.43575399 -0.92341536  0.73963368 -1.02298541  0.33647224
 -0.01571964 -4.41238032 -1.9958129  -2.33970353 -4.12145431 -2.1568495
 -4.3370667  -4.8700384  -4.6786682  -3.67644441 -4.8700384  -2.30258509
 -5.52562526 -3.83619033 -2.30258509 -4.8700384  -4.73853621 -2.47990315]
log likelihood =  -1690.80048195
Edge derivatives =  [0.02392784969221351, -0.0024626872283821377, -0.016479839411062847, -0.02447744667615362, 0.016657319483567717, -0.0026434809135195414, -0.015331942884177743, -0.009228021306619302, -0.000398589039135807, 0.014298206303447109, -0.009228021306618869, 1.9615039756939145e-15, 0.030812718263682155, 0.04808062347161913, 1.9688430855773248e-15, -0.009228021306618914, 0.020586143574134054, 0.0006550565221496996]
other derivatives: [  2.89674063e-02  -6.82121026e-05  -1.21417543e-02  -4.24051905e-02
  -1.21190169e-02   0.00000000e+00]
Current x array =  [-0.61367983 -0.43588708 -0.92350572  0.73995407 -1.02278628  0.33647224
 -0.01599466 -4.41364823 -1.9945203  -2.33982065 -4.12115916 -2.15688786
 -4.33704027 -4.86986694 -4.67847693 -3.67625442 -4.86986694 -2.30258509
 -5.5259855  -3.83448988 -2.30258509 -4.86986694 -4.73796934 -2.47969848]
log likelihood =  -1690.80039513
Edge derivatives =  [0.043834687656312044, -0.0018895710918046815, -0.030910098309802153, -0.02483238770696236, 0.015855863162326317, -0.0002953196663188773, -0.01563585387280655, -0.009111374664211577, -0.0004666229449518493, 0.013466447772415763, -0.009111374664211257, -1.6911097992157401e-15, 0.03021251352757519, 0.040758942230424235, -1.711499492831759e-15, -0.009111374664212298, 0.020565723254655516, -0.0025950655653463883]
other derivatives: [ -9.09494702e-05   4.93173502e-02   7.34416972e-03  -4.34056346e-02
  -1.91221261e-02   0.00000000e+00]
Current x array =  [-0.61364512 -0.43595855 -0.92358791  0.7399632  -1.02261735  0.33647224
 -0.01610689 -4.41881638 -1.99374853 -2.34018198 -4.12091308 -2.15699249
 -4.33694103 -4.869936   -4.67849289 -3.67610451 -4.869936   -2.30258509
 -5.52530939 -3.83301263 -2.30258509 -4.869936   -4.73796208 -2.47953113]
log likelihood =  -1690.80018196
Edge derivatives =  [0.057355981116838706, -0.00038746441789222485, -0.05146064676056711, -0.017216427587154637, 0.014287648137392452, 0.0067758583413706774, -0.016319492371001377, -0.008252431892078763, -0.00021146330142194497, 0.011291709479849935, -0.008252431892078884, 5.390362073062671e-16, 0.027528365128256585, 0.022019564090077645, 5.693007860287518e-16, -0.008252431892078877, 0.021450525657065737, -0.009616940351865999]
other derivatives: [-0.02596607  0.1022272   0.02598881 -0.02310117 -0.03319656  0.        ]
Current x array =  [-0.61361005 -0.43605364 -0.9236515   0.73962792 -1.02238519  0.33647224
 -0.01605084 -4.43682594 -1.99241132 -2.34147314 -4.12023092 -2.15730567
 -4.33670375 -4.87045636 -4.67878171 -3.67568267 -4.87045636 -2.30258509
 -5.52213267 -3.82924149 -2.30258509 -4.87045636 -4.73847304 -2.47916495]
log likelihood =  -1690.80005205
Edge derivatives =  [-0.018970304370383495, 0.00014421958026220039, -0.05362444348702125, -0.0007306034265561756, 0.011641718034722831, 0.00021380624461342368, -0.014391988342666643, -0.006205685857758415, 0.00026075580335324644, 0.007372702156630058, -0.006205685857758537, 1.3984153707244468e-16, 0.02256464623666428, 0.006027177917272308, 1.365393129405845e-16, -0.00620568585775904, 0.021627906043181565, -0.011437663767514206]
other derivatives: [-0.36604888  0.08840289  0.14672423 -0.01509761  0.01937224  0.        ]
Current x array =  [-0.61317272 -0.43606682 -0.92417248  0.73932572 -1.02373404  0.33647224
 -0.01515011 -4.45455819 -1.99181022 -2.3431825  -4.11901763 -2.15714014
 -4.33740814 -4.87177135 -4.67940593 -3.67494947 -4.87177135 -2.30258509
 -5.51639134 -3.82610455 -2.30258509 -4.87177135 -4.73876667 -2.47912582]
log likelihood =  -1690.79987473
Edge derivatives =  [-0.01569036024200221, 0.0014141801314026536, -0.03494837327183162, 0.014076351809772764, 0.011637740887388684, 0.008002071504302294, -0.01464020720291041, -0.00513305455278347, 0.0009948163054985248, 0.006246740577212841, -0.005133054552783796, 9.125061472988108e-17, 0.020342894006569242, -0.00411200893691719, 1.0116393361308674e-16, -0.005133054552783817, 0.023001121805499798, -0.010938841809401634]
other derivatives: [-0.01643912  0.13110366  0.05923084  0.01398348  0.01318767  0.        ]
Current x array =  [-0.61360682 -0.43615601 -0.92379109  0.7388422  -1.02355678  0.33647224
 -0.01496512 -4.46887758 -1.99231863 -2.34400787 -4.1185912  -2.15739434
 -4.33722155 -4.87232483 -4.67975794 -3.67464188 -4.87232483 -2.30258509
 -5.51357348 -3.82398936 -2.30258509 -4.87232483 -4.7394532  -2.47906788]
log likelihood =  -1690.79982284
Edge derivatives =  [-0.02896982848315144, 0.0014438227134860038, -0.020219333214108626, 0.018267087858976933, 0.011829617242093152, 0.006340673876179953, -0.01423652816126416, -0.004839533731610085, 0.0011764810472282353, 0.006138352256481711, -0.0048395337316101475, -2.1852613855189234e-15, 0.01977584680647783, -0.0021376894011835013, -2.147459239259035e-15, -0.004839533731610075, 0.023193134105566077, -0.008287770148096563]
other derivatives: [ 0.02089564  0.01689386  0.0020691   0.0167347   0.02139586  0.        ]
Current x array =  [-0.61364187 -0.43599297 -0.92353755  0.73880667 -1.02369083  0.33647224
 -0.01484592 -4.46986085 -1.99301127 -2.343982   -4.11855216 -2.15732767
 -4.33735469 -4.87252797 -4.6798815  -3.67460292 -4.87252797 -2.30258509
 -5.51286322 -3.82439114 -2.30258509 -4.87252797 -4.73959704 -2.47920773]
log likelihood =  -1690.79979641
Edge derivatives =  [-0.03615084902441712, 0.0014829206477686707, -0.005130356039503237, 0.022747023059733418, 0.011742500148025775, 0.0031069612952637493, -0.01343900986790229, -0.004436948311641362, 0.001333823965055176, 0.005676660542309024, -0.0044369483116414345, 2.7088908405744946e-15, 0.019024724901027863, -0.0004197750157100971, 2.6757256641417337e-15, -0.004436948311641594, 0.023074327050206574, -0.005100073718389053]
other derivatives: [ 0.02912657 -0.03408331 -0.01059561  0.01493845  0.03622063  0.        ]
Current x array =  [-0.61364342 -0.43591712 -0.92349179  0.73880589 -1.02394693  0.33647224
 -0.01475502 -4.47047013 -1.99371783 -2.34397203 -4.11841523 -2.15720536
 -4.3376256  -4.87278925 -4.68000586 -3.67450686 -4.87278925 -2.30258509
 -5.51196457 -3.82474356 -2.30258509 -4.87278925 -4.73958065 -2.47937939]
log likelihood =  -1690.79975438
Edge derivatives =  [-0.024587760436535433, 0.0017579870940016284, 0.004622318582263085, 0.025190432248461292, 0.01098008546046176, -0.0014017349125725609, -0.01230605224500083, -0.0038447195863615183, 0.0014696513152580304, 0.004737760728328433, -0.0038447195863611956, 0.0, 0.0177563286404605, 2.962428820531271e-05, 0.0, -0.00384471958636165, 0.022659261193405826, -0.0019982501172028933]
other derivatives: [ 0.00543423 -0.08649295 -0.02332854  0.00854925  0.04151843  0.        ]
Current x array =  [-0.61360311 -0.43583083 -0.92344459  0.73890946 -1.02395256  0.33647224
 -0.014834   -4.47259479 -1.99423124 -2.34390265 -4.1180931  -2.1570476
 -4.3380239  -4.87318924 -4.68017414 -3.6743294  -4.87318924 -2.30258509
 -5.51048163 -3.8248589  -2.30258509 -4.87318924 -4.73944641 -2.47956172]
log likelihood =  -1690.79965671
Edge derivatives =  [0.0025713380610339343, 0.002394679348267731, 0.025471970392814347, 0.02880113851470048, 0.008334159237711393, -0.014359864008095774, -0.008597815061874906, -0.0019690364703604524, 0.0018956779998479494, 0.0018409895263365589, -0.001969036470360796, -1.4012194540389495e-15, 0.013914164408805652, 0.0009315029190974031, -1.4222748437310463e-15, -0.0019690364703602685, 0.02111157744142053, 0.006957794659431915]
other derivatives: [-0.01887202 -0.1016133  -0.01937224 -0.01152785  0.04497451  0.        ]
Current x array =  [-0.61355864 -0.43578432 -0.92348606  0.73925872 -1.0237836   0.33647224
 -0.01499818 -4.47865763 -1.99538218 -2.3435907  -4.11702921 -2.15657829
 -4.33930132 -4.87439699 -4.68064997 -3.67377273 -4.87439699 -2.30258509
 -5.50599434 -3.82508716 -2.30258509 -4.87439699 -4.73884542 -2.480067  ]
log likelihood =  -1690.79973763
Edge derivatives =  [-0.06883395817009275, 0.0021662266745025582, -0.019925173110447447, 0.0038865856915167862, -0.0005234960833627525, -0.0361918395046453, -0.0002823403654796941, 0.0012629798047079123, 0.0013699402135306515, -0.004768555509401154, 0.0012629798047080198, 2.651370030082469e-17, 0.006874107547030328, -0.0054443757407142135, 3.544663551117381e-17, 0.0012629798047081066, 0.014749920461721452, 0.011658964895786328]
other derivatives: [ 0.06718892 -0.53962594  0.02289653 -0.03819878  0.02219167  0.        ]
Current x array =  [-0.61368245 -0.43518357 -0.9236396   0.74003997 -1.02342968  0.33647224
 -0.01452098 -4.48459029 -1.99371954 -2.34263458 -4.11426744 -2.15583782
 -4.3422556  -4.87661063 -4.68122705 -3.67249526 -4.87661063 -2.30258509
 -5.49804043 -3.82397634 -2.30258509 -4.87661063 -4.73605936 -2.4804387 ]
log likelihood =  -1690.79961459
Edge derivatives =  [-0.023774468971659246, 0.0023103584601742166, 0.008721917415573821, 0.01960608437962716, 0.00506805846720116, -0.02241670630594389, -0.005524837893750061, -0.0007750924891705389, 0.0017009188802911863, -0.0005969622081225534, -0.0007750924891703308, 4.478519989860406e-16, 0.0113223052279646, -0.0014215086325546078, 4.459773390605341e-16, -0.0007750924891707783, 0.018764824956092836, 0.008694250935509462]
other derivatives: [ 0.01300577 -0.26309408 -0.0037744  -0.02139586  0.03660716  0.        ]
Current x array =  [-0.61360435 -0.43556253 -0.92354275  0.73954715 -1.02365293  0.33647224
 -0.01482199 -4.48084796 -1.99476834 -2.3432377  -4.11600957 -2.15630491
 -4.34039204 -4.87521426 -4.68086303 -3.67330109 -4.87521426 -2.30258509
 -5.50305777 -3.82467705 -2.30258509 -4.87521426 -4.73781681 -2.48020423]
log likelihood =  -1690.79952322
Edge derivatives =  [-0.019004019055262056, 0.0022856118510758694, 0.012847423556158699, 0.012577851521887257, 0.0022508675042391957, -0.03128471898063723, -0.0014301666061279777, 0.0010176201148286539, 0.002116607428009759, -0.0028975142898910455, 0.001017620114828692, 1.8496924649740491e-16, 0.008056164075196175, 0.0022122214611614913, 1.7017515506499952e-16, 0.0010176201148286886, 0.016555949209627652, 0.016091436039604945]
other derivatives: [-0.02269189 -0.13117187 -0.02528395 -0.03224159  0.01180069  0.        ]
Current x array =  [-0.61356534 -0.43574214 -0.92343441  0.73980725 -1.02310561  0.33647224
 -0.01486536 -4.48289524 -1.99524036 -2.34243996 -4.1149322  -2.15596048
 -4.34176345 -4.87630411 -4.68122331 -3.67283546 -4.87630411 -2.30258509
 -5.49925714 -3.82540325 -2.30258509 -4.87630411 -4.73679504 -2.48058438]
log likelihood =  -1690.79947682
Edge derivatives =  [-0.01388185224585392, 0.002186946378212151, 0.0010886808977582096, 0.002982899008490608, 0.0005043933520590752, -0.031353715136725135, 0.0008039079687528587, 0.00184051249556497, 0.002166781215187534, -0.003905592372550712, 0.0018405124955651747, 1.3356527577875826e-15, 0.006641109937661508, 0.003667139020900226, 1.3672993149990477e-15, 0.0018405124955651712, 0.014827415143708705, 0.01678405287849105]
other derivatives: [-0.0060254  -0.01591616 -0.00220552 -0.02999059 -0.00707132  0.        ]
Current x array =  [-0.61359984 -0.43591025 -0.92352812  0.73981124 -1.02277393  0.33647224
 -0.01493425 -4.48225507 -1.99486166 -2.34189128 -4.11431984 -2.15595861
 -4.34251021 -4.87678119 -4.68131974 -3.67262486 -4.87678119 -2.30258509
 -5.49763652 -3.82568439 -2.30258509 -4.87678119 -4.73594288 -2.48060851]
log likelihood =  -1690.79945777
Edge derivatives =  [-0.011320790527476365, 0.0020706111113948655, -0.009953020255084821, -0.0039157734129803, -0.00012776717037679686, -0.02698494522982653, 0.0016354579828720128, 0.002017175204665246, 0.0020691848648375123, -0.00404289950665343, 0.0020171752046655167, 1.0411929985978677e-16, 0.0063980116584407935, 0.004288084789248768, 1.186532311917912e-16, 0.0020171752046650587, 0.013783734094664078, 0.014639859297639335]
other derivatives: [ 0.00543423  0.03074092  0.00832188 -0.02130491 -0.01573426  0.        ]
Current x array =  [-0.61362187 -0.43598249 -0.92356728  0.73967329 -1.02266792  0.33647224
 -0.01498843 -4.48050993 -1.99443078 -2.34158647 -4.11409565 -2.15613147
 -4.34278656 -4.87686969 -4.68128316 -3.67258846 -4.87686969 -2.30258509
 -5.49737834 -3.82579889 -2.30258509 -4.87686969 -4.73540449 -2.48048568]
log likelihood =  -1690.79943668
Edge derivatives =  [-0.005159975760919089, 0.002047940744770743, -0.017178941276749793, -0.009265574867707516, -0.0006244599382217442, -0.019251355177711094, 0.0025753401025197936, 0.0022354899193238256, 0.0019600003316877397, -0.004178627462883416, 0.0022354899193238013, -7.06260185547125e-16, 0.005975397286191045, 0.0047536698283230025, -6.972245232499465e-16, 0.002235489919323732, 0.01251818051258436, 0.011258687131396439]
other derivatives: [ 0.00750333  0.04558842  0.01032276 -0.00738964 -0.0163709   0.        ]
Current x array =  [-0.61362572 -0.43600826 -0.92357185  0.73941371 -1.02272102  0.33647224
 -0.01506356 -4.47887785 -1.99416448 -2.34132686 -4.11383938 -2.15644606
 -4.34310219 -4.8769894  -4.68125166 -3.67255038 -4.8769894  -2.30258509
 -5.49692515 -3.82588536 -2.30258509 -4.8769894  -4.73476396 -2.48029884]
log likelihood =  -1690.79940435
Edge derivatives =  [0.006583534869411434, 0.0019377230531833767, -0.01596038338064021, -0.01399568702760956, -0.0010390937449431537, -0.0033377592500528352, 0.004490328820174663, 0.002587474198159804, 0.0017319372496626718, -0.003880929639607275, 0.002587474198159353, 5.879877818913497e-17, 0.0051760779310093975, 0.008373044803880889, 7.382620754330319e-17, 0.002587474198159641, 0.009750516435936791, 0.004660938996283948]
other derivatives: [  4.31100489e-02   3.21733751e-02   1.50976120e-02   3.25144356e-03
   2.27373675e-05   0.00000000e+00]
Current x array =  [-0.61366726 -0.43598826 -0.92360746  0.7391476  -1.02305631  0.33647224
 -0.015181   -4.47378207 -1.9943384  -2.34089309 -4.11345606 -2.15709644
 -4.34375086 -4.87718441 -4.68117374 -3.67258106 -4.87718441 -2.30258509
 -5.49608032 -3.82660419 -2.30258509 -4.87718441 -4.73337717 -2.47993596]
log likelihood =  -1690.79951854
Edge derivatives =  [-0.0269553101581006, 0.0008801511235007331, -0.0224602956575774, -0.020743276932590066, -0.0018335539729437411, 0.014780127498834505, 0.006364397730990009, 0.002690128464625352, 0.0011767930064799266, -0.0036954414864006774, 0.0026901284646255637, 5.032812437865681e-16, 0.004078674297138939, 0.010639357301947726, 5.06926482219498e-16, 0.002690128464625543, 0.0056883962691754685, -0.007628441570736166]
other derivatives: [-0.43053205 -0.02564775  0.01957687  0.01875833 -0.00175078  0.        ]
Current x array =  [-0.61306042 -0.43589698 -0.92357919  0.73888663 -1.02329349  0.33647224
 -0.01509266 -4.46712952 -1.99426786 -2.34055834 -4.11296445 -2.15792965
 -4.34447072 -4.87733582 -4.68100779 -3.6726774  -4.87733582 -2.30258509
 -5.49510351 -3.82713289 -2.30258509 -4.87733582 -4.73140504 -2.47935174]
log likelihood =  -1690.79939954
Edge derivatives =  [0.0009730886792129745, 0.0017617597479352987, -0.017048257553777757, -0.015124822938438393, -0.001171969515937371, -0.0003043208518752061, 0.004804084385134872, 0.0026046601762744898, 0.00163902868635964, -0.0038498742652874895, 0.0026046601762745834, -1.0252133535468182e-16, 0.004992489509674571, 0.008752444374622088, -1.1793213282491826e-16, 0.0026046601762747604, 0.00907121132694121, 0.0026045919161530318]
other derivatives: [-0.03603873  0.02250999  0.01589342  0.0058435  -0.00027285  0.        ]
Current x array =  [-0.61356569 -0.43597298 -0.92360273  0.73910392 -1.02309601  0.33647224
 -0.01516621 -4.47266862 -1.99432659 -2.34083706 -4.11337378 -2.1572359
 -4.34387134 -4.87720975 -4.68114596 -3.67259719 -4.87720975 -2.30258509
 -5.49591683 -3.82669268 -2.30258509 -4.87720975 -4.73304709 -2.47983818]
log likelihood =  -1690.79939174
Edge derivatives =  [0.0033738620924728124, 0.0017221349119702356, -0.010416542537570128, -0.013607066134977613, -0.001045378773939204, 0.0049782925099767505, 0.005316810453050241, 0.0026713873415011163, 0.0015721671767634053, -0.003544517085777639, 0.0026713873415008665, -4.369267591917817e-16, 0.0047447090216161305, 0.010328988511138976, -4.183143877639932e-16, 0.0026713873415011025, 0.008170075423231504, 0.00044413535008236416]
other derivatives: [-0.01477929 -0.00443379  0.0099817   0.00488853  0.01075477  0.        ]
Current x array =  [-0.61358811 -0.43593156 -0.92358639  0.73908227 -1.02328328  0.33647224
 -0.01518064 -4.47078667 -1.99464338 -2.34079435 -4.11330618 -2.15745211
 -4.34404522 -4.87724718 -4.68111672 -3.6726458  -4.87724718 -2.30258509
 -5.49565652 -3.82700781 -2.30258509 -4.87724718 -4.73259931 -2.47971915]
log likelihood =  -1690.79938531
Edge derivatives =  [-0.001144788978709066, 0.0016326097068893874, -0.0058874922067319035, -0.011075688111325227, -0.0009784224382496653, 0.006772406610456583, 0.005461695134486744, 0.002674574038890428, 0.0015329094447140597, -0.0032867231688260834, 0.0026745740388900915, -1.102664314908735e-15, 0.00457397558837545, 0.010409658537929592, -1.0841810729118777e-15, 0.0026745740388902615, 0.007597703663357429, -0.0008762602184779755]
other derivatives: [-0.00629825 -0.01732587 -0.00354703  0.00302407  0.01302851  0.        ]
Current x array =  [-0.6135973  -0.43591299 -0.92352681  0.73911009 -1.02331891  0.33647224
 -0.01514348 -4.46994925 -1.9948193  -2.34089901 -4.1132712  -2.15752449
 -4.34409129 -4.87724558 -4.68108848 -3.67268945 -4.87724558 -2.30258509
 -5.49547681 -3.82701994 -2.30258509 -4.87724558 -4.73230953 -2.4796442 ]
log likelihood =  -1690.79937109
Edge derivatives =  [-0.013920083536193673, 0.001390690259195776, 0.0020190559998784496, -0.003750726182577435, -0.0009453205036376519, 0.009708778517042327, 0.005494874877662155, 0.0025749117240752434, 0.0013538274202919177, -0.0026135574349183607, 0.002574911724075625, -6.512184915862373e-16, 0.0041829175143254255, 0.008652523482305947, -6.364840253910295e-16, 0.0025749117240752364, 0.0060476151039643815, -0.004975735165342332]
other derivatives: [ 0.0065711  -0.03103651 -0.01114131 -0.00136424  0.01464286  0.        ]
Current x array =  [-0.61361436 -0.43589544 -0.92349161  0.7391921  -1.02336005  0.33647224
 -0.01504489 -4.46820286 -1.9950493  -2.34135126 -4.11318411 -2.15764989
 -4.34410164 -4.8771771  -4.68098096 -3.67281457 -4.8771771  -2.30258509
 -5.49509231 -3.82666143 -2.30258509 -4.8771771  -4.73152147 -2.47942183]
log likelihood =  -1690.79935563
Edge derivatives =  [0.0005893878358436133, 0.0013559329862370961, 0.007742009726299404, 0.003777118311504235, -0.0015475166687816816, 0.009211949382066098, 0.005747613880298968, 0.0025463245586884106, 0.001089149449865004, -0.0018578539224742355, 0.0025463245586880567, 8.402396338328452e-18, 0.0032789906123890326, 0.005735110620378091, 3.7452348492859257e-17, 0.00254632455868823, 0.0034513480380694156, -0.008442517087843271]
other derivatives: [ 0.00718501 -0.03542482 -0.03135483 -0.00666205  0.00686668  0.        ]
Current x array =  [-0.61361378 -0.43588137 -0.92340091  0.73928797 -1.02314378  0.33647224
 -0.01520074 -4.46600311 -1.99518442 -2.34185821 -4.11293012 -2.15764438
 -4.34419156 -4.8771611  -4.68084353 -3.6729599  -4.8771611  -2.30258509
 -5.49415186 -3.82607364 -2.30258509 -4.8771611  -4.73022055 -2.47923942]
log likelihood =  -1690.79936657
Edge derivatives =  [-0.0034924145288681707, 0.0009080954702169186, 0.015177165689123917, 0.01845043038064592, 0.00015354637221216827, 0.01620748810824152, 0.0028729160000382746, 0.001176567835976628, 0.0005578523137710276, 0.0013189717898969625, 0.0011765678359764963, 1.6159751048405125e-16, 0.004555436787935095, -0.0003059523445448284, 1.4743111680090755e-16, 0.0011765678359767148, 0.0013161322316178302, -0.0159961087645637]
other derivatives: [-0.00077307  0.09981704  0.01878107  0.00352429  0.01207354  0.        ]
Current x array =  [-0.61361508 -0.43608429 -0.92362788  0.73902509 -1.02336988  0.33647224
 -0.0151778  -4.46041716 -1.99512604 -2.34302211 -4.11344925 -2.15791081
 -4.34319278 -4.8762388  -4.68033543 -3.67358411 -4.8762388  -2.30258509
 -5.49575829 -3.82481138 -2.30258509 -4.8762388  -4.72899876 -2.47881408]
log likelihood =  -1690.7993493
Edge derivatives =  [-0.0009454018169083866, 0.00118781144264829, 0.01054666082068606, 0.009315282434346206, -0.0009055973309181134, 0.011851105477827723, 0.004663638122579524, 0.002029786705110642, 0.0008887165931664651, -0.0006590985305907973, 0.0020297867051102883, 1.0512269324486638e-15, 0.0037608289335648755, 0.003457303807297002, 1.0475071085900962e-15, 0.002029786705110174, 0.0026462104095556355, -0.011291220251077316]
other derivatives: [ 0.00420641  0.01562057 -0.01248281 -0.00275122  0.00884484  0.        ]
Current x array =  [-0.61361427 -0.43595791 -0.92348652  0.73918881 -1.02322907  0.33647224
 -0.01519209 -4.46389611 -1.9951624  -2.34229723 -4.11312593 -2.15774488
 -4.34381482 -4.87681321 -4.68065187 -3.67319535 -4.87681321 -2.30258509
 -5.4947578  -3.82559752 -2.30258509 -4.87681321 -4.72975969 -2.47907898]
log likelihood =  -1690.79934159
Edge derivatives =  [-0.0023002484825958014, 0.00104888027756192, 0.0054359242614567815, 0.009445468927098244, -0.0016104473743277364, 0.008470453657632798, 0.004572192164407685, 0.0019115520645602811, 0.0006141092880828786, -0.00030281021241525957, 0.0019115520645605448, -1.0682451428207663e-15, 0.0033126184018380626, 0.0011468578736979831, -1.0560085783406392e-15, 0.0019115520645601423, 0.0010841901761022808, -0.01193665806916333]
other derivatives: [ 0.00682121 -0.01884928  0.00595719  0.00147793 -0.00634373  0.        ]
Current x array =  [-0.61362303 -0.43591    -0.92356142  0.73918792 -1.0229705   0.33647224
 -0.01525704 -4.46263202 -1.99491345 -2.34245849 -4.11297554 -2.15763178
 -4.34380685 -4.87676622 -4.68055192 -3.67327864 -4.87676622 -2.30258509
 -5.49431436 -3.8251529  -2.30258509 -4.87676622 -4.7290001  -2.47906817]
log likelihood =  -1690.79933732
Edge derivatives =  [0.007827615576770253, 0.001076124288269309, 0.0004953822054378221, 0.00658813280027179, -0.0021555993782486557, 0.005286465360472253, 0.004763656271750662, 0.001983591736484658, 0.0005655639812125399, -0.00026610775285135224, 0.0019835917364850776, 2.0358821618656582e-16, 0.0029428808310846266, 0.0006768522645545297, 2.0172661641058745e-16, 0.0019835917364855148, 0.000302904164675967, -0.00952997528295274]
other derivatives: [-0.00311502  0.01646185  0.00168257  0.00111413 -0.01168701  0.        ]
Current x array =  [-0.61361268 -0.43595866 -0.92353783  0.73918958 -1.02285361  0.33647224
 -0.01534944 -4.46206592 -1.99472105 -2.34232609 -4.11284902 -2.15749842
 -4.34386726 -4.87680121 -4.68052559 -3.67328326 -4.87680121 -2.30258509
 -5.49390586 -3.82505112 -2.30258509 -4.87680121 -4.72860392 -2.47919235]
log likelihood =  -1690.79933396
Edge derivatives =  [0.007492157062428895, 0.0010498209437196648, -0.002309380862391186, 0.004995660073210034, -0.0022180855144717515, 0.002884328932472563, 0.004427556635074881, 0.0018587265947831652, 0.0005017420555289767, -6.063560781892352e-05, 0.0018587265947831756, 3.1324491692451016e-20, 0.0029866528060065126, 0.00023444353517533545, 3.1319000956009425e-20, 0.0018587265947830577, 0.00010625637632490775, -0.007266752428647161]
other derivatives: [-0.00686668  0.01643912  0.00607088  0.00200089 -0.01061835  0.        ]
Current x array =  [-0.61360925 -0.43596024 -0.92355612  0.73917015 -1.02288882  0.33647224
 -0.01534924 -4.46166451 -1.99460437 -2.34226173 -4.11288951 -2.15739806
 -4.34375401 -4.87672322 -4.68048482 -3.67332495 -4.87672322 -2.30258509
 -5.49396494 -3.82496068 -2.30258509 -4.87672322 -4.7284997  -2.47931451]
  status: 0
 success: True
    nfev: 108
     fun: 1690.7993339622788
       x: array([-0.61360925, -0.43596024, -0.92355612,  0.73917015, -1.02288882,
        0.33647224, -0.01534924, -4.46166451, -1.99460437, -2.34226173,
       -4.11288951, -2.15739806, -4.34375401, -4.87672322, -4.68048482,
       -3.67332495, -4.87672322, -2.30258509, -5.49396494, -3.82496068,
       -2.30258509, -4.87672322, -4.7284997 , -2.47931451])
 message: 'CONVERGENCE: REL_REDUCTION_OF_F_<=_FACTR*EPSMCH'
     jac: array([  6.86668500e-03,  -1.64391167e-02,  -6.07087713e-03,
        -2.00088834e-03,   1.06183506e-02,  -0.00000000e+00,
        -7.49215706e-03,  -1.04982094e-03,   2.30938086e-03,
        -4.99566007e-03,   2.21808551e-03,  -2.88432893e-03,
        -4.42755664e-03,  -1.85872659e-03,  -5.01742056e-04,
         6.06356078e-05,  -1.85872659e-03,  -3.13244917e-20,
        -2.98665281e-03,  -2.34443535e-04,  -3.13190010e-20,
        -1.85872659e-03,  -1.06256376e-04,   7.26675243e-03])
     nit: 96
