number of sites to be analyzed:  30
Successfully loaded parameter value from ./save/MG94_ENSG00000145088_ENSG00000144597_nonclock_save.txt
log likelihood =  -398.196847337
Edge derivatives =  [0.000667549520891153, 0.0009672404122730066, -0.0007060329919426934, -0.0003554679075071232, -0.00021201981759908338, 0.0015689001927080282, -0.000676009906298302, -0.00041971072290535386, -3.761791461782576e-05, -0.0008347361138172082, -0.00041971072290516304, -6.640542816287077e-17, -3.757865668816924e-05, -3.760361118527875e-05, -6.65284229963961e-17, -0.0004197107229053712, -3.763117107871961e-05, -3.763117107871961e-05]
other derivatives: [-0.00031264 -0.00080149  0.00329123 -0.00182467 -0.00192699 -0.00012506]
Current x array =  [ -0.66465812  -0.50407534  -0.67351167   0.97075982  -1.3160382
 -11.58344613   0.17178295  -6.9574981   -2.59075837  -0.93539804
 -11.45196255  -2.95639435  -4.06846129  -4.46134349 -14.25103463
  -4.06622488  -4.46134349  -2.30258509 -14.26118186 -14.26051802
  -2.30258509  -4.46134349 -14.25978539 -14.25978539]
log likelihood =  -398.197455524
Edge derivatives =  [-0.015591863700333164, 0.0009606209937817818, 0.001509787431007787, 0.01217249799944492, -0.00021188190002378898, -0.0031722543559713767, 0.0001417656787285823, -0.00013488689529066872, -3.7612543812671684e-05, 6.780806925520827e-05, -0.0001348868952902975, -7.37219150397545e-17, -3.757429600149949e-05, -3.759924666458124e-05, -1.0344887157649637e-16, -0.00013488689529043627, -3.762680232273657e-05, -3.762680232273657e-05]
other derivatives: [  4.58214799e-02   9.97658844e-02  -3.11126769e-01   1.90880201e-02
   3.63343133e-02  -1.25055521e-04]
Current x array =  [ -0.66497076  -0.50487683  -0.67022043   0.96893514  -1.3179652
 -11.58357119   0.1724505   -6.95653086  -2.5914644   -0.9357535
 -11.45217457  -2.95482545  -4.0691373   -4.4617632  -14.25107225
  -4.06705961  -4.4617632   -2.30258509 -14.26121944 -14.26055563
  -2.30258509  -4.4617632  -14.25982302 -14.25982302]
log likelihood =  -398.196847092
Edge derivatives =  [0.0003520238390953001, 0.0009671120823022887, -0.0006621426672294879, -0.00010786752575603353, -0.00021201707696476152, 0.0014760940835772535, -0.0006598662899685685, -0.000414062763724566, -3.761780624461791e-05, -0.000816925092381543, -0.00041406276372453824, 4.1460229049498894e-22, -3.7578568135727325e-05, -3.760352255560332e-05, 3.8823940547548037e-22, -0.0004140627637247152, -3.76310823637281e-05, -3.76310823637281e-05]
other derivatives: [  5.85487214e-04   1.17665877e-03  -2.83080226e-03  -1.40403245e-03
  -1.17097443e-03  -9.66338121e-05]
Current x array =  [ -0.66466426  -0.50409108  -0.67344703   0.97072398  -1.31607605
 -11.58344859   0.17179606  -6.95747911  -2.59077224  -0.93540502
 -11.45196672  -2.95636354  -4.06847457  -4.46135173 -14.25103537
  -4.06624127  -4.46135173  -2.30258509 -14.2611826  -14.26051876
  -2.30258509  -4.46135173 -14.25978613 -14.25978613]
  status: 0
 success: True
    nfev: 3
     fun: 398.19684709236145
       x: array([ -0.66466426,  -0.50409108,  -0.67344703,   0.97072398,
        -1.31607605, -11.58344859,   0.17179606,  -6.95747911,
        -2.59077224,  -0.93540502, -11.45196672,  -2.95636354,
        -4.06847457,  -4.46135173, -14.25103537,  -4.06624127,
        -4.46135173,  -2.30258509, -14.2611826 , -14.26051876,
        -2.30258509,  -4.46135173, -14.25978613, -14.25978613])
 message: 'CONVERGENCE: REL_REDUCTION_OF_F_<=_FACTR*EPSMCH'
     jac: array([ -5.85487214e-04,  -1.17665877e-03,   2.83080226e-03,
         1.40403245e-03,   1.17097443e-03,   9.66338121e-05,
        -3.52023839e-04,  -9.67112082e-04,   6.62142667e-04,
         1.07867526e-04,   2.12017077e-04,  -1.47609408e-03,
         6.59866290e-04,   4.14062764e-04,   3.76178062e-05,
         8.16925092e-04,   4.14062764e-04,  -4.14602290e-22,
         3.75785681e-05,   3.76035226e-05,  -3.88239405e-22,
         4.14062764e-04,   3.76310824e-05,   3.76310824e-05])
     nit: 1
