number of sites to be analyzed:  154
Successfully loaded parameter value from ./save/MG94_ENSG00000169902_ENSG00000128294_nonclock_save.txt
log likelihood =  -1778.7458382
Edge derivatives =  [-0.003240019871223687, -0.00030722981014182776, -0.003282505418552295, 0.0003836671981531925, -2.624448614281516e-05, -0.0038993524993207046, -0.00017825864977238579, 0.0009532363685372421, -0.0024355013716559158, -0.003440836887324439, 0.0009532363685375751, -2.3626989629036077e-17, 0.004246765946877645, 0.0033427477153846683, -7.835148991509702e-19, 0.0009532363685375751, -0.002827659471728588, 0.004768707413729856]
other derivatives: [-0.00277396 -0.0013415  -0.00934506  0.00143245 -0.00115961 -0.00175078]
Current x array =  [-0.72325789 -0.91793737 -0.46025028  0.94433734 -3.05210068 -3.35824383
  0.53872246 -2.88900358 -2.84716835 -1.97464395 -3.85455502 -2.60519543
 -4.11429771 -4.19073468 -6.24842314 -2.8605182  -4.19073468 -2.30258509
 -4.42114644 -3.91172588 -2.30258509 -4.19073468 -4.96518687 -4.54739806]
log likelihood =  -1778.78727592
Edge derivatives =  [0.16177978210148414, -0.0004778273793324215, 0.012629749737750509, 0.01711495286816353, 0.016954615081152827, 0.038586592622078184, 0.00039063564732965544, 0.002425689782435514, -0.00020626606612793265, 0.04088664199510772, 0.0024256897824367456, 1.3595463938231937e-15, -0.019998235967827623, -0.002743338937011442, 1.3898759273233795e-15, 0.002425689782436534, 0.0030857136894824715, -0.008711208792048451]
other derivatives: [  2.57102784e+00   5.66069502e-01   7.77972673e+00  -3.64389052e-01
   4.05088940e-01  -7.20774551e-03]
Current x array =  [-0.72603185 -0.91927888 -0.46959534  0.94576979 -3.05326029 -3.35999461
  0.53548244 -2.88931081 -2.85045086 -1.97426028 -3.85458126 -2.60909478
 -4.11447597 -4.18978144 -6.25085864 -2.86395904 -4.18978144 -2.30258509
 -4.41689967 -3.90838313 -2.30258509 -4.18978144 -4.96801453 -4.54262935]
log likelihood =  -1778.74583791
Edge derivatives =  [-0.0027942628517294565, -0.0003073274232099632, -0.003239127195833455, 0.00043142236435195214, 1.8922295301079806e-05, -0.003786371668654309, -0.00017624579639842833, 0.0009576403042423423, -0.0024295873345267947, -0.0033234534394928072, 0.000957640304242259, -1.0111072944457651e-15, 0.0041834715573941875, 0.00332789165498721, -1.0845391578510875e-15, 0.0009576403042418288, -0.002811973300221359, 0.0047338778558343245]
other derivatives: [  4.20641300e-03   3.18323146e-04   1.17097443e-02   5.22959454e-04
   6.82121026e-05  -1.81898940e-03]
Current x array =  [-0.72326514 -0.91794088 -0.4602747   0.94434108 -3.05210371 -3.3582484
  0.53871399 -2.88900439 -2.84717693 -1.97464295 -3.85455509 -2.60520561
 -4.11429818 -4.19073219 -6.24842951 -2.86052719 -4.19073219 -2.30258509
 -4.42113534 -3.91171715 -2.30258509 -4.19073219 -4.96519425 -4.5473856 ]
  status: 0
 success: True
    nfev: 3
     fun: 1778.7458379119298
       x: array([-0.72326514, -0.91794088, -0.4602747 ,  0.94434108, -3.05210371,
       -3.3582484 ,  0.53871399, -2.88900439, -2.84717693, -1.97464295,
       -3.85455509, -2.60520561, -4.11429818, -4.19073219, -6.24842951,
       -2.86052719, -4.19073219, -2.30258509, -4.42113534, -3.91171715,
       -2.30258509, -4.19073219, -4.96519425, -4.5473856 ])
 message: 'CONVERGENCE: REL_REDUCTION_OF_F_<=_FACTR*EPSMCH'
     jac: array([ -4.20641300e-03,  -3.18323146e-04,  -1.17097443e-02,
        -5.22959454e-04,  -6.82121026e-05,   1.81898940e-03,
         2.79426285e-03,   3.07327423e-04,   3.23912720e-03,
        -4.31422364e-04,  -1.89222953e-05,   3.78637167e-03,
         1.76245796e-04,  -9.57640304e-04,   2.42958733e-03,
         3.32345344e-03,  -9.57640304e-04,   1.01110729e-15,
        -4.18347156e-03,  -3.32789165e-03,   1.08453916e-15,
        -9.57640304e-04,   2.81197330e-03,  -4.73387786e-03])
     nit: 1
