number of sites to be analyzed:  22
Successfully loaded parameter value from ./save/MG94_ENSG00000147475_ENSG00000107566_nonclock_save.txt
log likelihood =  -450.87783754
Edge derivatives =  [-0.0005411860086621534, -0.0020332797334987884, -0.0005546131738940474, 0.001993858959725592, -3.852030141622069e-05, -0.0015519645845092356, -5.6813142467180996e-05, 0.0006957292555745676, -0.0019146783919118879, 0.00012714255396772955, 0.0006957292555744704, 5.694105439760471e-17, -0.0013964356382619725, -3.467920436615743e-05, 5.06733047768523e-17, 0.000695729255574682, 0.00033887574261437514, 0.001157549208380848]
other derivatives: [-0.00546834 -0.00630962 -0.00410409 -0.0007617  -0.000216    0.0011994 ]
Current x array =  [ -0.6722415   -0.56723367  -0.8225966    0.64499236  -1.03974554
  -2.75949026  -0.55878067  -9.          -2.46160429  -2.09691381
 -13.49074113  -0.77833222 -13.29923367  -4.86856983  -3.89195185
  -0.52753168  -4.86856983  -2.30258509  -4.25287518 -14.08889706
  -2.30258509  -4.86856983  -0.9936505   -3.53092993]
log likelihood =  -450.882792676
Edge derivatives =  [0.02629008871922167, -0.0020321848906681397, 0.001171237120340285, -0.0032732079671324854, -3.853886099131703e-05, 0.0399228616972771, -5.6948600757151156e-05, 0.00035306451647252116, 0.0018005770346538746, 0.013819616270855706, 0.0003530645164725177, 2.951462707608329e-17, -0.0009248479399746046, -3.464853011570573e-05, 3.696227219973474e-17, 0.000353064516472594, 0.009184566686008422, 0.0019359186500800263]
other derivatives: [ 0.86234877  0.6584969   0.24814995  0.01653007  0.01146532  0.0016712 ]
Current x array =  [ -0.67770983  -0.57354329  -0.8267007    0.64423066  -1.03996155
  -2.75829087  -0.55932185  -9.          -2.4621589   -2.09491995
 -13.49077965  -0.77988419 -13.29929048  -4.8678741   -3.89386653
  -0.52740454  -4.8678741   -2.30258509  -4.25427162 -14.08893174
  -2.30258509  -4.8678741   -0.99331162  -3.52977238]
log likelihood =  -450.877837008
Edge derivatives =  [-0.0002604861810016068, -0.0020332678750703825, -0.0005360167435698449, 0.001941336250903536, -3.852047975716477e-05, -0.0011228414735671155, -5.681452014772025e-05, 0.000692280326302884, -0.0018762828829971129, 0.00027267512089612644, 0.0006922803263029222, 2.0721806970079965e-16, -0.0013914028859869365, -3.46788809120334e-05, 2.1462972308172851e-16, 0.0006922803263028597, 0.0004332529029715815, 0.0011658688193609823]
other derivatives: [  3.49587026e-03   5.79802872e-04  -1.50635060e-03  -5.79802872e-04
  -8.52651283e-05   1.21644916e-03]
Current x array =  [ -0.67229741  -0.56729818  -0.82263856   0.64498457  -1.03974775
  -2.759478    -0.5587862   -9.          -2.46160996  -2.09689343
 -13.49074152  -0.77834809 -13.29923425  -4.86856272  -3.89197143
  -0.52753038  -4.86856272  -2.30258509  -4.25288946 -14.08889741
  -2.30258509  -4.86856272  -0.99364703  -3.53091809]
  status: 0
 success: True
    nfev: 3
     fun: 450.87783700779136
       x: array([ -0.67229741,  -0.56729818,  -0.82263856,   0.64498457,
        -1.03974775,  -2.759478  ,  -0.5587862 ,  -9.        ,
        -2.46160996,  -2.09689343, -13.49074152,  -0.77834809,
       -13.29923425,  -4.86856272,  -3.89197143,  -0.52753038,
        -4.86856272,  -2.30258509,  -4.25288946, -14.08889741,
        -2.30258509,  -4.86856272,  -0.99364703,  -3.53091809])
 message: 'CONVERGENCE: REL_REDUCTION_OF_F_<=_FACTR*EPSMCH'
     jac: array([ -3.49587026e-03,  -5.79802872e-04,   1.50635060e-03,
         5.79802872e-04,   8.52651283e-05,  -1.21644916e-03,
         2.60486181e-04,   2.03326788e-03,   5.36016744e-04,
        -1.94133625e-03,   3.85204798e-05,   1.12284147e-03,
         5.68145201e-05,  -6.92280326e-04,   1.87628288e-03,
        -2.72675121e-04,  -6.92280326e-04,  -2.07218070e-16,
         1.39140289e-03,   3.46788809e-05,  -2.14629723e-16,
        -6.92280326e-04,  -4.33252903e-04,  -1.16586882e-03])
     nit: 1
