number of sites to be analyzed:  136
Successfully loaded parameter value from ./save/MG94_ENSG00000198625_ENSG00000135679_nonclock_save.txt
log likelihood =  -2217.99911797
Edge derivatives =  [0.0061552319410256295, -0.006807318231176015, -0.0060377899170295235, 0.00038102972773429444, 0.0033099404796710363, -0.005531964887901197, -0.004926700412096474, -0.0019393591412177127, -3.7343391362707166e-05, -0.0049386189212712855, -0.0019393591412189166, -1.4346948963562422e-16, -0.0005218339248867117, 0.01592115711271027, -1.0452430643049445e-16, -0.0019393591412174178, -0.0005230379437475528, -0.00362963078736467]
other derivatives: [ 0.05670699  0.01487024 -0.00632099 -0.01409717  0.00418368  0.00495675]
Current x array =  [ -0.57294411  -0.46530461  -0.88736807   0.63218977  -0.80924423
  -4.27421266   0.10813451  -9.          -1.30481432  -1.35477946
  -4.19277284  -2.57715092  -1.98057957  -4.33224421 -15.7379439
  -4.90018917  -4.33224421  -2.30258509  -4.49383191  -4.20966177
  -2.30258509  -4.33224421  -4.49238074  -4.89547297]
log likelihood =  -2219.98655004
Edge derivatives =  [-2.8533296422300034, -0.007031011786090956, -0.37186335943678683, -0.5471876568302041, -0.022057599382195557, -0.012592022344107723, -0.2569844024750381, 0.0009294306709479241, -3.759693937341991e-05, -0.014241935766332661, 0.0009294306709481601, -1.8935693222744712e-17, -0.027524126403649624, -0.08658849951431094, -3.158814833069657e-17, 0.0009294306709482295, -0.026479093825191247, -0.014924909435751286]
other derivatives: [ -6.85133273e+01  -1.25268343e+01   3.39764483e+00   9.07357389e-01
  -1.32276909e+00  -4.35647962e-02]
Current x array =  [ -0.51623711  -0.45043437  -0.89368906   0.6180926   -0.80506055
  -4.26925591   0.11428974  -9.          -1.31085211  -1.35439843
  -4.1894629   -2.58268288  -1.98550628  -4.33418357 -15.73798124
  -4.90512778  -4.33418357  -2.30258509  -4.49435374  -4.19374061
  -2.30258509  -4.33418357  -4.49290377  -4.8991026 ]
log likelihood =  -2217.99911563
Edge derivatives =  [0.0031216637441313644, -0.0068075701977868205, -0.006407453607006508, -0.0001962858542379209, 0.0032830227084323024, -0.005545967500197341, -0.005174804670754096, -0.0019394961476519208, -3.734365615360074e-05, -0.004948010274204372, -0.001939496147651796, -3.1619713967739586e-15, -0.0005500210041776248, 0.015812552732018398, -3.0914479235207917e-15, -0.0019394961476517786, -0.0005501348807603543, -0.003641203494530511]
other derivatives: [-0.01000444  0.00209184 -0.00277396 -0.01327862  0.00263753  0.00482032]
Current x array =  [ -0.5728825   -0.46528846  -0.88737494   0.63217446  -0.80923968
  -4.27420728   0.1081412   -9.          -1.30482088  -1.35477905
  -4.19276924  -2.57715693  -1.98058493  -4.33224632 -15.73794394
  -4.90019453  -4.33224632  -2.30258509  -4.49383247  -4.20964447
  -2.30258509  -4.33224632  -4.4923813   -4.89547692]
  status: 0
 success: True
    nfev: 3
     fun: 2217.9991156342185
       x: array([ -0.5728825 ,  -0.46528846,  -0.88737494,   0.63217446,
        -0.80923968,  -4.27420728,   0.1081412 ,  -9.        ,
        -1.30482088,  -1.35477905,  -4.19276924,  -2.57715693,
        -1.98058493,  -4.33224632, -15.73794394,  -4.90019453,
        -4.33224632,  -2.30258509,  -4.49383247,  -4.20964447,
        -2.30258509,  -4.33224632,  -4.4923813 ,  -4.89547692])
 message: 'CONVERGENCE: REL_REDUCTION_OF_F_<=_FACTR*EPSMCH'
     jac: array([  1.00044417e-02,  -2.09183781e-03,   2.77395884e-03,
         1.32786226e-02,  -2.63753464e-03,  -4.82032192e-03,
        -3.12166374e-03,   6.80757020e-03,   6.40745361e-03,
         1.96285854e-04,  -3.28302271e-03,   5.54596750e-03,
         5.17480467e-03,   1.93949615e-03,   3.73436562e-05,
         4.94801027e-03,   1.93949615e-03,   3.16197140e-15,
         5.50021004e-04,  -1.58125527e-02,   3.09144792e-15,
         1.93949615e-03,   5.50134881e-04,   3.64120349e-03])
     nit: 1
