number of sites to be analyzed:  69
Successfully loaded parameter value from ./save/MG94_ENSG00000164576_ENSG00000164105_nonclock_save.txt
log likelihood =  -657.243101892
Edge derivatives =  [-0.001224153678439699, -0.00522682232062902, 0.00013324790388865183, 0.0005234885770879494, 0.0002686194678202178, 0.00045955350304732745, -0.0013672888475617442, -0.0013306936443876986, -8.286647780559226e-06, -8.586475107172922e-06, -0.0013306936443875008, -3.404121648765165e-16, -8.451210684417541e-06, 0.00040952082509389254, -3.2563563142633447e-16, -0.0013306936443875077, -8.793824974416448e-06, -8.793824974416448e-06]
other derivatives: [  4.84305929e-03   4.68503458e-02   1.94290806e-02   2.04636308e-03
  -5.21822585e-03  -5.68434189e-05]
Current x array =  [ -0.57534995  -0.53092003  -0.92879572   1.22954598  -1.939993
 -12.37585965  -0.58534038  -9.          -2.95649455  -1.95694971
  -5.10243451  -3.23000649  -4.21242376  -5.97615755 -16.60832686
 -16.5727841   -5.97615755  -2.30258509 -16.58866271  -3.27156354
  -2.30258509  -5.97615755 -16.54892267 -16.54892267]
log likelihood =  -657.562542826
Edge derivatives =  [-0.3793652142077709, -0.0052490450172464525, -0.06008169402545431, -0.19511658200685222, -0.007193243849974535, -0.055138141855515285, -0.017663366681714386, -0.004592737199905866, -8.36641840953472e-06, -8.669129404281395e-06, -0.004592737199905784, 1.1091755305175399e-16, -8.532564071304875e-06, -0.04961750831071987, 1.1096905554615148e-16, -0.004592737199905784, -8.878473416784823e-06, -8.878473416784823e-06]
other derivatives: [ -1.60372338e+00  -1.31746901e+01  -1.91535037e+00   2.80579115e-02
   1.95916527e-01  -1.13686838e-05]
Current x array =  [ -0.57050689  -0.48406969  -0.90936664   1.23159234  -1.94521123
 -12.37591649  -0.58656453  -9.          -2.9563613   -1.95642623
  -5.10216589  -3.22954693  -4.21379105  -5.97748824 -16.60833514
 -16.57279268  -5.97748824  -2.30258509 -16.58867116  -3.27115402
  -2.30258509  -5.97748824 -16.54893146 -16.54893146]
log likelihood =  -657.243096147
Edge derivatives =  [-0.002415111917578233, -0.005226876012373554, -6.837670228430166e-05, -0.00016606919718487045, 0.0002450442874222646, 0.00026300104910595423, -0.001420925260807504, -0.001341848538347571, -8.286921414135636e-06, -8.586758630477853e-06, -0.001341848538347375, -7.225688232811657e-22, -8.451489746188696e-06, 0.00023649201642657325, -7.093582846167121e-22, -0.0013418485383475494, -8.794115336697482e-06, -8.794115336697482e-06]
other derivatives: [ -1.69393388e-03  -3.77440301e-03   1.13914211e-02   2.14868123e-03
  -4.37694325e-03  -6.82121026e-05]
Current x array =  [ -0.57532943  -0.53072151  -0.92871339   1.22955465  -1.94001511
 -12.37585989  -0.58534556  -9.          -2.95649399  -1.9569475
  -5.10243337  -3.23000454  -4.21242955  -5.97616319 -16.60832689
 -16.57278413  -5.97616319  -2.30258509 -16.58866274  -3.27156181
  -2.30258509  -5.97616319 -16.54892271 -16.54892271]
log likelihood =  -657.243095518
Edge derivatives =  [-0.0016856080475997348, -0.005226883961166042, -3.620916143090244e-05, -5.168769489083402e-07, 0.00025917220283690895, 0.0002773290226462388, -0.0013948124170400956, -0.0013375846680924062, -8.286865992898675e-06, -8.586701192454615e-06, -0.0013375846680923741, 2.4414121822878647e-16, -8.451433218126902e-06, 0.00026333086225414915, 2.441949702988645e-16, -0.0013375846680925303, -8.79405650347224e-06, -8.79405650347224e-06]
other derivatives: [  1.06865627e-03  -3.36513040e-03   6.11635187e-03   1.79625204e-03
  -3.64934749e-03  -3.41060513e-05]
Current x array =  [ -0.57533504  -0.53072314  -0.92865991   1.22956425  -1.94003499
 -12.37586019  -0.58535603  -9.          -2.95649423  -1.95694803
  -5.10243226  -3.2300033   -4.2124359   -5.9761692  -16.60832693
 -16.57278417  -5.9761692   -2.30258509 -16.58866278  -3.2715607
  -2.30258509  -5.9761692  -16.54892275 -16.54892275]
  status: 0
 success: True
    nfev: 4
     fun: 657.2430955176902
       x: array([ -0.57533504,  -0.53072314,  -0.92865991,   1.22956425,
        -1.94003499, -12.37586019,  -0.58535603,  -9.        ,
        -2.95649423,  -1.95694803,  -5.10243226,  -3.2300033 ,
        -4.2124359 ,  -5.9761692 , -16.60832693, -16.57278417,
        -5.9761692 ,  -2.30258509, -16.58866278,  -3.2715607 ,
        -2.30258509,  -5.9761692 , -16.54892275, -16.54892275])
 message: 'CONVERGENCE: REL_REDUCTION_OF_F_<=_FACTR*EPSMCH'
     jac: array([ -1.06865627e-03,   3.36513040e-03,  -6.11635187e-03,
        -1.79625204e-03,   3.64934749e-03,   3.41060513e-05,
         1.68560805e-03,   5.22688396e-03,   3.62091614e-05,
         5.16876949e-07,  -2.59172203e-04,  -2.77329023e-04,
         1.39481242e-03,   1.33758467e-03,   8.28686599e-06,
         8.58670119e-06,   1.33758467e-03,  -2.44141218e-16,
         8.45143322e-06,  -2.63330862e-04,  -2.44194970e-16,
         1.33758467e-03,   8.79405650e-06,   8.79405650e-06])
     nit: 2
