number of sites to be analyzed:  621
Successfully loaded parameter value from ./save/HKY_ENSG00000101327_ENSG00000181195_nonclock_save.txt
log likelihood =  -2903.85606203
Edge derivatives =  [0.00012095230214459463, -0.032470430909394825, -0.0022347427182346294, -0.002599484543814423, -0.00043696680278929034, -0.000540317847435072, -0.00034175841319223146, -0.0011024010886552665, 0.0022365187195747824, -0.003529609856066207, -0.001102401088655421, 3.4473508114493064e-15, -0.0007359603059731278, 0.0053125967192237215, 3.446863391868955e-15, -0.0011024010886556933, 0.0015862706417291653, 0.0015742028534880114]
other derivatives: [-0.01100489 -0.00118234 -0.00318323 -0.00081855 -0.00204636]
Current x array =  [ -0.58931165  -0.8468512   -0.58706196   1.01185201 -10.8805708
  -1.05069256  -9.          -4.63702216  -3.4667971   -3.00213253
  -3.18094395  -5.59914784  -4.94390544  -5.91919565  -4.67073888
  -4.94390544  -2.30258509  -5.69932522  -4.64428837  -2.30258509
  -4.94390544  -5.32917564  -5.32919868]
log likelihood =  -2903.94281456
Edge derivatives =  [-0.26258453632875556, -0.032621617269663825, 0.023219439807035468, 0.08592988205665375, 0.018767502538215387, 0.0013424434436926855, -0.0006046202826685138, 0.009147904172601477, -0.0020022770713687514, 0.033517942299013725, 0.009147904172594236, 8.336755829816286e-16, 0.0012388868314407225, -0.0574436665241712, 7.810377762807447e-16, 0.00914790417259743, -0.008159786559836402, -0.008408001078009252]
other derivatives: [  1.48490017e+01   7.49287210e-01   2.24013093e+00   5.28734745e-01
  -3.18323146e-04]
Current x array =  [ -0.60031653  -0.84803355  -0.5902452    1.01103347 -10.88261716
  -1.05057161  -9.          -4.6392569   -3.46939658  -3.00256949
  -3.18148426  -5.5994896   -4.94500784  -5.91695913  -4.67426849
  -4.94500784  -2.30258509  -5.70006118  -4.63897577  -2.30258509
  -4.94500784  -5.32758937  -5.32762448]
log likelihood =  -2903.85606194
Edge derivatives =  [-0.0001970436412849219, -0.032470613196247916, -0.0022056694646578404, -0.002497298303135831, -0.0004154135629503772, -0.0005390534619167664, -0.0003422240745307673, -0.0010907290630147119, 0.002231495568213191, -0.0034867712796878836, -0.0010907290630084165, 0.0, -0.0007337844715841046, 0.005239451855337585, 0.0, -0.0010907290630129685, 0.0015747692879784416, 0.001562424581172622]
other derivatives: [ 0.00732143  0.00131877  0.00068212 -0.00081855 -0.00136424]
Current x array =  [ -0.58932445  -0.84685258  -0.58706567   1.01185106 -10.88057318
  -1.05069242  -9.          -4.63702476  -3.46680012  -3.00213303
  -3.18094458  -5.59914824  -4.94390672  -5.91919305  -4.67074298
  -4.94390672  -2.30258509  -5.69932607  -4.64428219  -2.30258509
  -4.94390672  -5.3291738   -5.32919685]
  status: 0
 success: True
    nfev: 3
     fun: 2903.85606194406
       x: array([ -0.58932445,  -0.84685258,  -0.58706567,   1.01185106,
       -10.88057318,  -1.05069242,  -9.        ,  -4.63702476,
        -3.46680012,  -3.00213303,  -3.18094458,  -5.59914824,
        -4.94390672,  -5.91919305,  -4.67074298,  -4.94390672,
        -2.30258509,  -5.69932607,  -4.64428219,  -2.30258509,
        -4.94390672,  -5.3291738 ,  -5.32919685])
 message: 'CONVERGENCE: REL_REDUCTION_OF_F_<=_FACTR*EPSMCH'
     jac: array([-0.00732143, -0.00131877, -0.00068212,  0.00081855,  0.00136424,
        0.00019704,  0.03247061,  0.00220567,  0.0024973 ,  0.00041541,
        0.00053905,  0.00034222,  0.00109073, -0.0022315 ,  0.00348677,
        0.00109073, -0.        ,  0.00073378, -0.00523945, -0.        ,
        0.00109073, -0.00157477, -0.00156242])
     nit: 1
