number of sites to be analyzed:  345
Successfully loaded parameter value from ./save/MG94_Force_ENSG00000165280_ENSG00000171763_nonclock_save.txt
log likelihood =  -3755.1252418
Edge derivatives =  [0.0035536677196710276, -0.017143553417625038, -0.00011916711638232452, -0.002098970391167715, -5.692805836601496e-05, -0.006737329663843307, 0.012607845324332848, 0.016358764851450047, 0.0036155175893280364, 0.0002094125242796535, -0.016767716760447374, 0.014008779483070471, -0.0007264383916235351, -7.660675351252831e-05]
other derivatives: [-0.05247784  0.00286491  0.02683009  0.00945874 -0.01609806  0.        ]
Current x array =  [ -0.64331947  -0.64284041  -0.77103089   0.4936371   -1.42732164
   0.33647224   0.17808607  -9.         -11.81243293  -3.48808773
 -16.29089681  -3.97090489  -4.45739333  -4.05112511  -4.92467356
  -3.90266031  -6.53405486  -4.75202259  -5.15536413  -5.44475483]
log likelihood =  -3757.94970476
Edge derivatives =  [5.598658229974703, -0.01686468973564578, 4.969757479801771e-05, 0.2369701689269494, -5.638482740215276e-05, 0.2003997441761402, -0.014266336285099032, -0.0680219978654435, 0.031039713456347644, 0.12916319087906594, 0.009020534977939566, -0.014898703628108769, 0.03939140172108824, 0.02821334634022181]
other derivatives: [ 92.97459655  -2.65317794 -21.73678695  -2.65263225   2.80133463   0.        ]
Current x array =  [ -0.69579731  -0.6399755   -0.7442008    0.50309585  -1.44341969
   0.33647224   0.18163974  -9.         -11.8125521   -3.4901867
 -16.29095374  -3.97764222  -4.44478549  -4.03476635  -4.92105804
  -3.9024509   -6.55082257  -4.73801381  -5.15609057  -5.44483144]
log likelihood =  -3755.12523984
Edge derivatives =  [0.008183687420469932, -0.017143333119180808, -0.0001190329135199692, -0.0019007073629458276, -5.6927607051763606e-05, -0.006565773837655026, 0.01258723254699136, 0.01629218677131572, 0.0036386399993099394, 0.0003165417829753617, -0.016746337852810104, 0.013986171330475809, -0.0006931191487604821, -5.3103027862478475e-05]
other derivatives: [ 0.02928573  0.00040927  0.00927685  0.00641194 -0.01405169  0.        ]
Current x array =  [ -0.64336212  -0.64283808  -0.77100909   0.49364479  -1.42733472
   0.33647224   0.17808896  -9.         -11.81243303  -3.48808944
 -16.29089686  -3.97091036  -4.45738309  -4.05111182  -4.92467062
  -3.90266014  -6.53406849  -4.7520112   -5.15536472  -5.44475489]
  status: 0
 success: True
    nfev: 3
     fun: 3755.1252398363354
       x: array([ -0.64336212,  -0.64283808,  -0.77100909,   0.49364479,
        -1.42733472,   0.33647224,   0.17808896,  -9.        ,
       -11.81243303,  -3.48808944, -16.29089686,  -3.97091036,
        -4.45738309,  -4.05111182,  -4.92467062,  -3.90266014,
        -6.53406849,  -4.7520112 ,  -5.15536472,  -5.44475489])
 message: 'CONVERGENCE: REL_REDUCTION_OF_F_<=_FACTR*EPSMCH'
     jac: array([ -2.92857294e-02,  -4.09272616e-04,  -9.27684596e-03,
        -6.41193765e-03,   1.40516931e-02,  -0.00000000e+00,
        -8.18368742e-03,   1.71433331e-02,   1.19032914e-04,
         1.90070736e-03,   5.69276071e-05,   6.56577384e-03,
        -1.25872325e-02,  -1.62921868e-02,  -3.63864000e-03,
        -3.16541783e-04,   1.67463379e-02,  -1.39861713e-02,
         6.93119149e-04,   5.31030279e-05])
     nit: 1
