number of sites to be analyzed:  140
Successfully loaded parameter value from ./save/MG94_ENSG00000132394_ENSG00000178952_nonclock_save.txt
log likelihood =  -2123.80591939
Edge derivatives =  [-0.002569954976132327, -0.006470704592753777, 0.005400064734962878, 0.005847114210528026, 0.009331034570981847, 0.0010384401317293512, 0.0011147233023663244, 0.0007925556077737275, -0.002860765334020262, -0.0012704962511980375, 0.0007925556077741855, -9.458798647228384e-16, 0.0036699182891034195, 0.0008627613494748831, -9.948265751168954e-16, 0.0007925556077740398, 7.230949570075779e-06, 0.0020051676100156027]
other derivatives: [ 0.00522959  0.00045475 -0.00554792  0.00595719  0.0003638   0.00131877]
Current x array =  [-0.64232234 -0.86714839 -0.51849927  0.73546987 -1.25017325 -4.59414179
  0.37007233 -9.         -2.92114017 -1.56353985 -3.02446872 -1.92356946
 -4.12392625 -4.40483161 -5.56817572 -3.80839675 -4.40483161 -2.30258509
 -4.48821981 -3.18966743 -2.30258509 -4.40483161 -4.90956738 -4.49733798]
log likelihood =  -2123.83070517
Edge derivatives =  [0.37035239392906283, -0.006474152725838975, -0.07295009591550133, -0.3081517147876438, -0.11091390158987255, -0.08889525371525933, -0.007826492539995712, -0.00561574920028874, -0.002198620325462065, 0.0012365431596273666, -0.005615749200287859, -9.48471634669057e-16, -0.009969012568556396, -0.018880041388796336, -8.961669378855945e-16, -0.0056157492002877965, -0.0019650954025593696, -0.006865251927673659]
other derivatives: [-4.50477273 -0.3254172   3.30346666 -0.59499143  0.26952875 -0.00604814]
Current x array =  [-0.63709275 -0.86669365 -0.52404719  0.74142706 -1.24980945 -4.59282302
  0.36750238 -9.         -2.9157401  -1.55769274 -3.01513769 -1.92253102
 -4.12281152 -4.40403905 -5.57103648 -3.80966724 -4.40403905 -2.30258509
 -4.48454989 -3.18880467 -2.30258509 -4.40403905 -4.90956015 -4.49533282]
log likelihood =  -2123.80591859
Edge derivatives =  [-0.00043386436946102336, -0.00647072359074049, 0.004957011950390042, 0.004071770029984767, 0.00865213661999159, 0.0005301498453186282, 0.0010639789189347444, 0.0007564360054415353, -0.0028570076750663908, -0.0012558294621658264, 0.0007564360054409004, -4.0248567285732736e-16, 0.0035927979750010573, 0.0007513545926382259, -4.453896813229469e-16, 0.0007564360054406784, -3.846197337942919e-06, 0.0019550308956790795]
other derivatives: [-0.02037268 -0.00154614  0.0133241   0.00250111  0.00186446  0.00113687]
Current x array =  [-0.64229263 -0.86714581 -0.51853079  0.73550371 -1.25017118 -4.5941343
  0.37005773 -9.         -2.92110949 -1.56350664 -3.02441571 -1.92356357
 -4.12391991 -4.40482711 -5.56819197 -3.80840396 -4.40482711 -2.30258509
 -4.48819896 -3.18966253 -2.30258509 -4.40482711 -4.90956734 -4.49732659]
  status: 0
 success: True
    nfev: 3
     fun: 2123.805918586086
       x: array([-0.64229263, -0.86714581, -0.51853079,  0.73550371, -1.25017118,
       -4.5941343 ,  0.37005773, -9.        , -2.92110949, -1.56350664,
       -3.02441571, -1.92356357, -4.12391991, -4.40482711, -5.56819197,
       -3.80840396, -4.40482711, -2.30258509, -4.48819896, -3.18966253,
       -2.30258509, -4.40482711, -4.90956734, -4.49732659])
 message: 'CONVERGENCE: REL_REDUCTION_OF_F_<=_FACTR*EPSMCH'
     jac: array([  2.03726813e-02,   1.54614099e-03,  -1.33240974e-02,
        -2.50111043e-03,  -1.86446414e-03,  -1.13686838e-03,
         4.33864369e-04,   6.47072359e-03,  -4.95701195e-03,
        -4.07177003e-03,  -8.65213662e-03,  -5.30149845e-04,
        -1.06397892e-03,  -7.56436005e-04,   2.85700768e-03,
         1.25582946e-03,  -7.56436005e-04,   4.02485673e-16,
        -3.59279798e-03,  -7.51354593e-04,   4.45389681e-16,
        -7.56436005e-04,   3.84619734e-06,  -1.95503090e-03])
     nit: 1
