number of sites to be analyzed:  121
Successfully loaded parameter value from ./save/MG94_ENSG00000144596_ENSG00000155974_nonclock_save.txt
log likelihood =  -1518.35122049
Edge derivatives =  [-0.0022518154951336466, -0.0031198340840726028, -0.002072830360715122, 0.0008200133481957653, 0.003543215036564018, 0.002189847974598466, 0.005440537451572899, 2.2160802963980264e-05, -0.005169082374501487, -0.0016212525577113598, 2.216080296400802e-05, 1.9726275912208754e-15, -0.0015105402515026428, -9.891825703167158e-06, 1.952246049708214e-15, 2.216080296425782e-05, -0.001425125150408206, 0.00412027232808386]
other derivatives: [ -2.99678504e-02  -3.06954462e-03  -5.68434189e-04   8.86757334e-04
  -2.27373675e-05  -5.16138243e-03]
Current x array =  [ -0.64139145  -0.79145147  -0.48496828   0.91105787  -2.37341228
  -1.74917436  -0.04418879  -9.          -3.71607518  -0.75444317
  -3.52683755  -3.33923048  -5.05547397  -4.73669178  -4.70596304
  -3.98905775  -4.73669178  -2.30258509  -3.74371868 -14.41729632
  -2.30258509  -4.73669178  -4.86699396  -3.58378768]
log likelihood =  -1518.64779801
Edge derivatives =  [0.4947720014240016, -0.0031279872897260717, 0.014995903403477367, 0.2654809064966512, -0.002086862431274511, 0.012181253036185516, 0.005557375811639908, 0.006323606923107801, 0.014293637748676594, 0.018520541822106967, 0.006323606923100668, 6.076956786704401e-16, 0.026881384269574447, -9.42195444254188e-06, 6.256098264555073e-16, 0.00632360692309843, 0.0057988403623924, -0.0010279382407235582]
other derivatives: [ 19.34004104   1.32886271   1.28150077  -0.11209522   0.28292106
  -0.07128165]
Current x array =  [ -0.6713593   -0.79452102  -0.48553671   0.91194463  -2.37343501
  -1.75433574  -0.0464406   -9.          -3.71814801  -0.75362316
  -3.52329434  -3.33704063  -5.05003343  -4.73666962  -4.71113212
  -3.990679    -4.73666962  -2.30258509  -3.74522922 -14.41730621
  -2.30258509  -4.73666962  -4.86841909  -3.57966741]
log likelihood =  -1518.35121961
Edge derivatives =  [-0.001455373307726493, -0.003119855192998214, -0.00204775329640499, 0.0012402999324653413, 0.0035296610177760757, 0.0022045306623134087, 0.0054404491424569455, 3.21172431066892e-05, -0.005136478958617973, -0.0015887386055237415, 3.2117243106172255e-05, -6.751755389854085e-16, -0.0014642022006983585, -9.891062476206855e-06, -7.371102640980623e-16, 3.211724310709513e-05, -0.0014135450968499746, 0.004109151018479432]
other derivatives: [ 0.00461569 -0.00070486  0.0017053   0.0007276   0.0005457  -0.00507043]
Current x array =  [ -0.64144241  -0.79145669  -0.48496925   0.91105938  -2.37341232
  -1.74918313  -0.04419262  -9.          -3.7160787   -0.75444178
  -3.52683153  -3.33922675  -5.05546471  -4.73669175  -4.70597183
  -3.98906051  -4.73669175  -2.30258509  -3.74372125 -14.41729634
  -2.30258509  -4.73669175  -4.86699639  -3.58378068]
  status: 0
 success: True
    nfev: 3
     fun: 1518.3512196056088
       x: array([ -0.64144241,  -0.79145669,  -0.48496925,   0.91105938,
        -2.37341232,  -1.74918313,  -0.04419262,  -9.        ,
        -3.7160787 ,  -0.75444178,  -3.52683153,  -3.33922675,
        -5.05546471,  -4.73669175,  -4.70597183,  -3.98906051,
        -4.73669175,  -2.30258509,  -3.74372125, -14.41729634,
        -2.30258509,  -4.73669175,  -4.86699639,  -3.58378068])
 message: 'CONVERGENCE: REL_REDUCTION_OF_F_<=_FACTR*EPSMCH'
     jac: array([ -4.61568561e-03,   7.04858394e-04,  -1.70530257e-03,
        -7.27595761e-04,  -5.45696821e-04,   5.07043296e-03,
         1.45537331e-03,   3.11985519e-03,   2.04775330e-03,
        -1.24029993e-03,  -3.52966102e-03,  -2.20453066e-03,
        -5.44044914e-03,  -3.21172431e-05,   5.13647896e-03,
         1.58873861e-03,  -3.21172431e-05,   6.75175539e-16,
         1.46420220e-03,   9.89106248e-06,   7.37110264e-16,
        -3.21172431e-05,   1.41354510e-03,  -4.10915102e-03])
     nit: 1
