number of sites to be analyzed:  136
Successfully loaded parameter value from ./save/MG94_ENSG00000100580_ENSG00000182827_nonclock_save.txt
log likelihood =  -2133.19542713
Edge derivatives =  [-0.0130318878016501, -0.005258774977450964, -0.009010557557592502, -0.002511137254011142, 0.005427516886218238, -0.00911359411861079, -0.0011208768887389798, -0.005628040729548339, -0.005312959442912478, -0.011085900214154863, -0.0056280407295451335, 1.696082147386825e-16, 0.0087415664906886, 0.002798072068056887, 3.006089413403644e-16, -0.005628040729546396, 0.0004408975867531365, -0.008717183036493853]
other derivatives: [ -1.31376510e-01  -2.50111043e-03   2.44654075e-02  -2.21461960e-02
   5.59339242e-03   4.54747351e-05]
Current x array =  [ -0.61006208  -0.64791757  -0.75841881   0.55173457  -1.20055404
  -3.3106934    0.11615706  -9.          -2.40683072  -2.48667416
  -3.60732951  -2.3044423   -4.85370501  -2.87366568 -10.30531879
  -3.79792452  -2.87366568  -2.30258509  -3.8253199   -4.90578526
  -2.30258509  -2.87366568  -4.83601812  -2.05308314]
log likelihood =  -2140.52105608
Edge derivatives =  [4.5593879139563, -0.004703197592320417, 0.5281765182706663, 0.3715654993380104, 0.2028131967205878, 0.5435215450129428, 0.019031106124192024, 0.2892811341805278, -0.004794079078361984, 0.16231779535359803, 0.28928113418053675, 1.1972080699405257e-15, 0.08215035670350371, 0.030801790189820873, 3.1586541068756002e-15, 0.2892811341805307, 0.012579367546567978, 0.8182109396363537]
other derivatives: [ 101.94175957    0.72682269   -9.42809493    2.13717612    0.9145424
    0.13560566]
Current x array =  [ -0.74143859  -0.65041868  -0.7339534    0.52958837  -1.19496065
  -3.31064793   0.10312517  -9.          -2.41584128  -2.48918529
  -3.601902    -2.3135559   -4.85482589  -2.87929372 -10.31063175
  -3.80901042  -2.87929372  -2.30258509  -3.81657833  -4.90298719
  -2.30258509  -2.87929372  -4.83557722  -2.06180032]
log likelihood =  -2133.1954162
Edge derivatives =  [-0.00773602043612398, -0.005258156578259776, -0.008364255083197492, -0.0020922661340064264, 0.005658858117834176, -0.008459734947922737, -0.001100317232160336, -0.0052817727673982184, -0.00531236267124228, -0.01088058425274898, -0.0052817727673973025, 1.564266179695591e-15, 0.008831181261185435, 0.0028311798528489786, 1.6712000827189448e-15, -0.005281772767402174, 0.0004528336958583082, -0.007746329968925797]
other derivatives: [ 0.01405169 -0.00136424  0.01373337 -0.01996341  0.00686668  0.00027285]
Current x array =  [ -0.61021441  -0.64792047  -0.75839044   0.55170889  -1.20054756
  -3.31069335   0.11614195  -9.          -2.40684117  -2.48667707
  -3.60732322  -2.30445287  -4.85370631  -2.87367221 -10.30532495
  -3.79793737  -2.87367221  -2.30258509  -3.82530976  -4.90578202
  -2.30258509  -2.87367221  -4.83601761  -2.05309325]
log likelihood =  -2133.1954148
Edge derivatives =  [-0.006733031988251925, -0.005258134149655912, -0.008238299264563875, -0.0019846743278245926, 0.005669188190581022, -0.008265152881323234, -0.0010946047303119193, -0.005199129688658363, -0.005312285342679255, -0.010804096174491906, -0.005199129688661153, 1.5709325782099875e-16, 0.008778062490298034, 0.0028261671667324864, 1.833100235753081e-16, -0.0051991296886620825, 0.000452362676847581, -0.007462311084828643]
other derivatives: [  9.82254278e-03  -6.82121026e-04   8.09450285e-03  -1.84172677e-02
   6.04813977e-03   9.09494702e-05]
Current x array =  [ -0.61020966  -0.64792208  -0.75837427   0.5516864   -1.20053997
  -3.31069306   0.11613289  -9.          -2.40685058  -2.48667944
  -3.60731691  -2.30446238  -4.85370754  -2.87367814 -10.30533089
  -3.79794956  -2.87367814  -2.30258509  -3.82529989  -4.90577886
  -2.30258509  -2.87367814  -4.8360171   -2.05310198]
  status: 0
 success: True
    nfev: 4
     fun: 2133.195414804297
       x: array([ -0.61020966,  -0.64792208,  -0.75837427,   0.5516864 ,
        -1.20053997,  -3.31069306,   0.11613289,  -9.        ,
        -2.40685058,  -2.48667944,  -3.60731691,  -2.30446238,
        -4.85370754,  -2.87367814, -10.30533089,  -3.79794956,
        -2.87367814,  -2.30258509,  -3.82529989,  -4.90577886,
        -2.30258509,  -2.87367814,  -4.8360171 ,  -2.05310198])
 message: 'CONVERGENCE: REL_REDUCTION_OF_F_<=_FACTR*EPSMCH'
     jac: array([ -9.82254278e-03,   6.82121026e-04,  -8.09450285e-03,
         1.84172677e-02,  -6.04813977e-03,  -9.09494702e-05,
         6.73303199e-03,   5.25813415e-03,   8.23829926e-03,
         1.98467433e-03,  -5.66918819e-03,   8.26515288e-03,
         1.09460473e-03,   5.19912969e-03,   5.31228534e-03,
         1.08040962e-02,   5.19912969e-03,  -1.57093258e-16,
        -8.77806249e-03,  -2.82616717e-03,  -1.83310024e-16,
         5.19912969e-03,  -4.52362677e-04,   7.46231108e-03])
     nit: 2
