number of sites to be analyzed:  75
log likelihood =  -1543.53323445
Edge derivatives =  [102.60513874526056, -0.9157817723079418, -21.396346965769773, -20.94130224010113, -3.799611979686475, 1.4211443888504813, -27.625795846904243, -26.923168592377593, -30.45644231967511, -28.791333236657568, -26.923168592377593, 2.5818699191974415e-16, -30.98954997198684, -28.090550401142867, 3.002357151501569e-16, -26.923168592377596, -28.20963159583633, -30.203495936427174]
other derivatives: [  14.64920842   13.99366738    2.11209681   11.67520622 -187.44865429
 -212.34964152]
Current x array =  [-0.64118744 -0.74177913 -0.67569473  0.18232156 -0.10536052  0.33647224
 -2.30258509 -2.30258509 -2.30258509 -2.30258509 -2.30258509 -2.30258509
 -2.30258509 -2.30258509 -2.30258509 -2.30258509 -2.30258509 -2.30258509
 -2.30258509 -2.30258509 -2.30258509 -2.30258509 -2.30258509 -2.30258509]
log likelihood =  -1334.74660702
Edge derivatives =  [104.1169799634548, -0.8904725916824268, -10.071424587131935, -10.24984298274688, -3.5841828709840478, 1.3086073573461219, -14.929265086993512, -14.713993276206192, -17.502366877713317, -15.752958445576036, -14.71399327620619, -1.7249914485589205e-15, -17.90224068647921, -15.366098464484022, -1.6960584152816499e-15, -14.713993276206192, -15.322209097319776, -17.202418065612612]
other derivatives: [ 16.16851932  14.11419817   3.70780526   6.79024197 -63.10765457
 -70.05489806]
Current x array =  [-0.63931757 -0.7395911  -0.67371572  0.21924917 -0.69824348 -0.33517027
 -1.97805442 -2.30548163 -2.37025978 -2.36882052 -2.31460292 -2.29809014
 -2.38996296 -2.38774061 -2.39891604 -2.39364945 -2.38774061 -2.30258509
 -2.40060221 -2.39143294 -2.30258509 -2.38774061 -2.39180958 -2.39811599]
log likelihood =  -1197.62983994
Edge derivatives =  [86.23903845935963, -1.6568165140927775, -7.495817160643056, -7.446030144893248, -3.340898302097807, 1.093926965457384, -10.584582854730304, -10.601710319233261, -12.913738279687292, -11.207779691879159, -10.60171031923326, 3.389158961135912e-16, -13.242866135348168, -11.00541380067364, 3.145803345346904e-16, -10.601710319233261, -10.893971935041462, -12.597566707838215]
other derivatives: [ -2.81142775e+01   9.02673492e-03  -3.34330252e-01   2.84014732e+00
  -2.45966476e+01  -3.39300186e+01]
Current x array =  [-0.55388341 -0.66879259 -0.64819962  0.26963771 -1.12108597 -0.80210507
 -1.16142315 -2.31244394 -2.44264772 -2.44297119 -2.34256106 -2.28790196
 -2.49962236 -2.49599402 -2.52858746 -2.50956564 -2.49599402 -2.30258509
 -2.53332993 -2.50449886 -2.30258509 -2.49599402 -2.50443777 -2.52541024]
log likelihood =  -1195.06171748
Edge derivatives =  [-70.08766343206548, -1.30156186326177, -1.6367879293839351, -2.9429973135248346, -0.927284662577884, -0.09389249426178241, -4.034569423726354, -4.631726878818315, -5.747293307499068, -4.819181793278004, -4.631726878818313, 5.758877728037806e-17, -6.14233007419478, -4.58632167650679, 8.662316172957738e-17, -4.631726878818314, -4.370141966971, -5.732464824740387]
other derivatives: [ 190.18141302   30.41589025  -11.32575562   41.90947038  -58.47996363
   -4.50756943]
Current x array =  [-1.49042109 -0.74864939 -0.6626453   0.37407928 -2.06285683 -2.05031001
  1.71248133 -2.36497344 -2.69867435 -2.69771205 -2.45289189 -2.25143341
 -2.86179501 -2.85800399 -2.96789487 -2.89279506 -2.85800399 -2.30258509
 -2.98365701 -2.88053378 -2.30258509 -2.85800399 -2.87703217 -2.95439384]
log likelihood =  -1063.76228075
Edge derivatives =  [-19.590503905501304, -1.3874551219795421, -2.737259162851576, -3.769475373259859, -1.175479880674483, -0.23567639379249414, -5.010794851134736, -5.214149800098057, -6.847255865048076, -5.32181282393366, -5.214149800098054, 3.211833439971025e-16, -7.015393885006422, -5.356405622960868, 3.2271957856462723e-16, -5.2141498000980535, -5.197704401109542, -6.498483378415897]
other derivatives: [ 23.83180799  -2.1548658   18.12347818   3.7162863  -19.69769983
  -7.85253178]
Current x array =  [-0.66823344 -0.64571952 -0.73579409  0.55895525 -2.07232903 -1.77274164
  1.10456304 -2.37190592 -2.67499932 -2.67991188 -2.44973144 -2.25513365
 -2.83511529 -2.83561873 -2.9439896  -2.86774236 -2.83561873 -2.30258509
 -2.96070111 -2.85571901 -2.30258509 -2.83561873 -2.85095493 -2.93093964]
log likelihood =  -1059.20058172
Edge derivatives =  [-11.61963337308622, -1.3359210797988192, -2.4858084657381703, -3.446635969115481, -1.2354243685482684, -0.21815578335260433, -4.714471481698415, -4.868683618042338, -6.49273950852439, -4.91607036209793, -4.868683618042337, -1.029241693933248e-15, -6.618143591696224, -4.996921012377628, -1.0118722487490605e-15, -4.868683618042338, -4.825618306596147, -6.109721327858214]
other derivatives: [-43.52255019   2.10200142  -9.01663952   1.70232397 -12.47528871
  -7.36595211]
Current x array =  [-0.53247267 -0.66341363 -0.63453451  0.59116941 -2.16367734 -1.78308998
  1.03056185 -2.38252178 -2.69313609 -2.7045226  -2.45964999 -2.25579772
 -2.86843992 -2.87064701 -2.99048977 -2.90343657 -2.87064701 -2.30258509
 -3.00850964 -2.89160135 -2.30258509 -2.87064701 -2.8856394  -2.97506271]
log likelihood =  -1054.80622064
Edge derivatives =  [-6.5992241843316135, -1.2065944117114191, -2.0786246606815024, -3.0708085411330557, -1.1602325195875463, -0.149618381890744, -4.291095339641907, -4.491702861088662, -5.986454350065399, -4.529654623397075, -4.49170286108866, -1.1398361755471133e-17, -6.139316588319823, -4.580495790765971, -5.965600562319767e-18, -4.491702861088662, -4.393512125466226, -5.660905845411129]
other derivatives: [ -5.74423211   6.32248884 -20.18518899  -0.58248588  -7.7331606
  -6.60477326]
Current x array =  [-0.59449625 -0.6712361  -0.60317292  0.60573072 -2.26081566 -1.84803365
  1.04434861 -2.39054485 -2.71262579 -2.7287279  -2.46866404 -2.25577658
 -2.90170601 -2.90477883 -3.03462959 -2.93854463 -2.90477883 -2.30258509
 -3.05367171 -2.92677865 -2.30258509 -2.90477883 -2.91993119 -3.01715713]
log likelihood =  -1048.2481861
Edge derivatives =  [0.8562837771479821, -0.877375823698516, -1.3405093095208167, -2.3958526232282167, -0.954704202563164, -0.07597147753220446, -3.4748990294330344, -3.6957000139231386, -5.055586876347118, -3.689256943567, -3.6957000139231395, 7.64544480045747e-17, -5.214182351598083, -3.7237597769435253, 4.980923017519111e-17, -3.6957000139231395, -3.548028201804633, -4.751270829326916]
other derivatives: [ 17.7018137    4.67885002 -18.52943114  -2.84703674  -0.74821855
  -4.69342467]
Current x array =  [-0.63773933 -0.65748779 -0.61358759  0.65189679 -2.51137335 -2.02979805
  1.16967239 -2.41164952 -2.76567569 -2.79362989 -2.49413634 -2.25427368
 -2.99192513 -2.99751573 -3.15379656 -3.03419371 -2.99751573 -2.30258509
 -3.17587004 -3.0222307  -2.30258509 -2.99751573 -3.01295408 -3.13125132]
log likelihood =  -1038.44006638
Edge derivatives =  [8.63560484023796, -0.4235014977419339, -0.005334882019893614, -1.1329564243117938, -0.5914909502215552, 0.0748852148609869, -1.9573031844043673, -2.1941185189985344, -3.3899879360683665, -2.0876352274388004, -2.1941185189985357, -5.367102269325862e-16, -3.543418178945531, -2.093615093674213, -5.400747789760041e-16, -2.1941185189985353, -1.9665526857036084, -3.0644528353878395]
other derivatives: [ 33.41983756   0.87993612  -3.509831    -6.30611794   7.82138159
  -2.03235686]
Current x array =  [-0.66361994 -0.6326118  -0.67477203  0.74781742 -3.06922474 -2.4793171
  1.59023262 -2.46171185 -2.89303287 -2.95168526 -2.55709986 -2.24947496
 -3.21320459 -3.22531803 -3.4476208  -3.26884199 -3.22531803 -2.30258509
 -3.47741643 -3.25626243 -2.30258509 -3.22531803 -3.24091299 -3.41226851]
log likelihood =  -1032.45674012
Edge derivatives =  [1.0399186436245795, -0.27751894913506375, 1.014357179280515, -0.11323452710639745, -0.3979573632661118, 0.1982837836910597, -0.7494677475981465, -1.0252338084904289, -2.121430660132188, -0.8406842825025893, -1.0252338084904296, 1.7178149696807302e-16, -2.277434247208473, -0.8115456063221673, 1.5086342846573338e-16, -1.025233808490429, -0.721252683281388, -1.7727109925563156]
other derivatives: [ 26.86720109  -0.96247277  -2.64001301  -5.27284101   3.54746135
  -0.88346042]
Current x array =  [-0.64884081 -0.62478138 -0.68583505  0.7715038  -3.50984137 -2.94618694
  2.11294099 -2.51256731 -3.00965388 -3.10918297 -2.62217433 -2.24286927
 -3.43870612 -3.45942002 -3.75725549 -3.50763101 -3.45942002 -2.30258509
 -3.7959009  -3.49441735 -2.30258509 -3.45942002 -3.47235167 -3.70563827]
log likelihood =  -1032.61375675
Edge derivatives =  [2.6535674276621286, -0.24452343433952456, 0.9755217409289079, -0.08513692789253284, -0.4423226306640352, 0.07676782890499616, -0.30202408088647753, -0.4902118749929058, -1.5247983765313606, -0.34084721290765485, -0.49021187499290547, 2.8302164723411454e-17, -1.6429454866622908, -0.27083470989065284, 7.079926352692056e-18, -0.49021187499290547, -0.26282854910905884, -1.1239410099057623]
other derivatives: [-24.13582934  20.08471256  25.98069386  -1.06736024   5.86121587
  -0.49431037]
Current x array =  [-0.55624617 -0.69657347 -0.82567821  0.58324394 -3.66422846 -3.14862905
  2.15603503 -2.55448506 -3.00820256 -3.18372101 -2.67454293 -2.23060085
 -3.57754113 -3.61579922 -4.00728554 -3.65595281 -3.61579922 -2.30258509
 -4.0572564  -3.64163838 -2.30258509 -3.61579922 -3.61215109 -3.92862072]
log likelihood =  -1030.99105174
Edge derivatives =  [1.935882948689675, -0.26036589947486577, 1.0039394501499674, -0.09295882237870749, -0.4119761786084148, 0.15130627417282017, -0.5236334827263511, -0.7549130393529601, -1.8124790764109424, -0.5891581598403525, -0.75491303935296, -1.0426422163771896e-16, -1.95000113312914, -0.5363413810975046, -1.1232820879834255e-16, -0.7549130393529604, -0.48977725551420453, -1.4396821452712014]
other derivatives: [  4.43515091   9.91074103  12.75163868  -3.24346274   4.78162292
  -0.68687314]
Current x array =  [-0.60391737 -0.6596122  -0.7536817   0.68016719 -3.58474419 -3.04440425
  2.1338486  -2.53290423 -3.00894975 -3.14534603 -2.64758161 -2.2369171
 -3.50606365 -3.53528933 -3.87856068 -3.57959117 -3.53528933 -2.30258509
 -3.92270077 -3.56584346 -2.30258509 -3.53528933 -3.5401771  -3.81382098]
log likelihood =  -1030.01175925
Edge derivatives =  [-0.8583643373297892, -0.23782763989278893, 1.2460215403456818, 0.13577772321598947, -0.3751135347681328, 0.185043800441677, -0.193954083100071, -0.44721643430020636, -1.4881843612845327, -0.2530536661048821, -0.44721643430020686, 4.014133356010601e-16, -1.6210593056002622, -0.2056251638184335, 3.771841618016992e-16, -0.44721643430020647, -0.16438236474272105, -1.1073855247908033]
other derivatives: [-7.09044343  1.51928816  5.44362138 -1.93861069  2.7870783  -0.52291398]
Current x array =  [-0.58444366 -0.63222982 -0.72246652  0.65390511 -3.69222743 -3.18166525
  2.26196244 -2.55115557 -3.03397381 -3.19271608 -2.67069126 -2.23360671
 -3.57859275 -3.61268878 -3.98858799 -3.6566248  -3.61268878 -2.30258509
 -4.03661022 -3.64247005 -2.30258509 -3.61268878 -3.61415178 -3.91553279]
log likelihood =  -1029.6877219
Edge derivatives =  [-1.9231955148403368, -0.23485660451213344, 1.3021457450229519, 0.19092386753263102, -0.3628226929114958, 0.19690280215357164, -0.0601673714774313, -0.3216017459692544, -1.334052831724736, -0.12637036776175162, -0.32160174596925456, 1.389357919208922e-17, -1.4682339565600553, -0.07423078702757083, 2.90161363440194e-17, -0.32160174596925417, -0.036698563955568454, -0.959494551397983]
other derivatives: [-8.02863269 -0.02553406  1.33786671 -0.78455287  1.89652383 -0.47666617]
Current x array =  [-0.5828961  -0.62757122 -0.70577896  0.61752301 -3.70809018 -3.23154805
  2.28432571 -2.55987676 -3.03218585 -3.20851214 -2.68193209 -2.23100419
 -3.60701866 -3.64507151 -4.04165305 -3.68713474 -3.64507151 -2.30258509
 -4.0921971  -3.67258408 -2.30258509 -3.64507151 -3.64279763 -3.96242842]
log likelihood =  -1029.14113656
Edge derivatives =  [-2.500294438818601, -0.24561188900580153, 1.2061143198229425, 0.12079678256027505, -0.3611324066232417, 0.19549443283027132, 0.08686954165228442, -0.17101537805366213, -1.1058759759107764, 0.0065206369280846055, -0.1710153780536635, -2.7118579797042087e-16, -1.240206630427671, 0.0705204017723921, -2.973335717620508e-16, -0.17101537805366335, 0.09267288089175155, -0.7498167399839496]
other derivatives: [-6.67437234 -2.82634574 -2.10359303  1.76698904  1.163653   -0.43164619]
Current x array =  [-0.58489649 -0.61889865 -0.69287559  0.52163176 -3.66197199 -3.27567251
  2.22969684 -2.57478207 -2.99885264 -3.21999163 -2.7014576  -2.22429272
 -3.64009279 -3.68845466 -4.13079107 -3.7237252  -3.68845466 -2.30258509
 -4.18710269 -3.70793426 -2.30258509 -3.68845466 -3.67530009 -4.03641391]
log likelihood =  -1028.56002643
Edge derivatives =  [-2.1974279326512907, -0.2723993088407248, 0.9661748095871898, -0.06089202699665219, -0.3533315950192811, 0.1977772677727901, 0.18716760706237567, -0.04040289780173356, -0.864486766598941, 0.09616268295304113, -0.04040289780173312, -1.8078550192621038e-16, -1.0026723142064349, 0.17765719097438062, -1.7872301629731144e-16, -0.04040289780173273, 0.1814944122940545, -0.5392971719653096]
other derivatives: [-2.6371481   0.41950443 -4.71100066  3.76071512  0.82350198 -0.42093689]
Current x array =  [-0.59096112 -0.62862554 -0.68351186  0.43927311 -3.53483604 -3.29172518
  2.09683312 -2.5924457  -2.93220272 -3.22048906 -2.72527956 -2.21405125
 -3.6603659  -3.72427167 -4.22934633 -3.7484805  -3.72427167 -2.30258509
 -4.29396641 -3.73017368 -2.30258509 -3.72427167 -3.69438617 -4.1127666 ]
log likelihood =  -1027.95438265
Edge derivatives =  [-0.8782189136831674, -0.3381647717458629, 0.26155163262668896, -0.5347330173298835, -0.3712612959551139, 0.1543583532800445, 0.18254231301065393, 0.032062075186026495, -0.6265725810410789, 0.10631242642348632, 0.03206207518602461, -9.06120260009374e-16, -0.7578071514940509, 0.19118944028825227, -8.842288525155332e-16, 0.032062075186025274, 0.1606428639258216, -0.3364563196840706]
other derivatives: [ 0.8777306  -5.90189302 -1.23725385  5.3680651   0.67311703 -0.42693955]
Current x array =  [-0.59661853 -0.608613   -0.69847521  0.36473805 -3.27706609 -3.27089725
  1.82716248 -2.61739269 -2.80790867 -3.20668599 -2.75902396 -2.19662332
 -3.66465865 -3.75390094 -4.35628714 -3.75932515 -3.75390094 -2.30258509
 -4.43438765 -3.73611487 -2.30258509 -3.75390094 -3.69633568 -4.20366389]
log likelihood =  -1027.47784498
Edge derivatives =  [1.869139852075862, -0.38952775924426164, -0.22973834940972243, -0.8018171375821616, -0.3563652042245142, 0.17671256529727292, 0.22152565165459875, 0.1509462020641258, -0.38030864512450113, 0.16696724587803155, 0.15094620206412435, -2.1842368219268998e-17, -0.5198074367054364, 0.2581536390745084, -1.9245904192857936e-17, 0.1509462020641238, 0.21483860147167205, -0.12264108102983311]
other derivatives: [ 2.45825049  5.24926236 -5.43284386  3.80969141  2.09679456 -0.46256901]
Current x array =  [-0.59752603 -0.64260091 -0.68218003  0.40014322 -3.06251767 -3.27391779
  1.60606886 -2.64430082 -2.7027652  -3.20675712 -2.7942901  -2.17955724
 -3.66875401 -3.78157351 -4.47641171 -3.77046464 -3.78157351 -2.30258509
 -4.56797886 -3.74161279 -2.30258509 -3.78157351 -3.69904132 -4.28896465]
log likelihood =  -1027.08336031
Edge derivatives =  [0.793211443016798, -0.4054641525319158, -0.3826662434234408, -0.8724879339787768, -0.3500520422696251, 0.18254893118888715, 0.22054271106844103, 0.18899051523034394, -0.3085448863057314, 0.18982708990702774, 0.18899051523034444, 4.085636582518228e-17, -0.4467781801923523, 0.2752992487931808, 8.103738300289907e-17, 0.1889905152303446, 0.2253159655630058, -0.05394159516003311]
other derivatives: [ 5.10192422  3.9270617  -0.57889338  2.24820269  0.81802227 -0.45170054]
Current x array =  [-0.60316436 -0.63819743 -0.70195527  0.47207629 -2.99958604 -3.29923328
  1.58154758 -2.65739503 -2.67603217 -3.21900703 -2.81057969 -2.1723508
 -3.67414155 -3.79521378 -4.52532625 -3.77910034 -3.79521378 -2.30258509
 -4.62255387 -3.74749238 -2.30258509 -3.79521378 -3.70443137 -4.32438082]
log likelihood =  -1026.8786783
Edge derivatives =  [0.16731460083927324, -0.4265092249939391, -0.5674916270565972, -0.9479008042994982, -0.35376420150566784, 0.18331418931694998, 0.18377242904693006, 0.2082141701600075, -0.24946763665323193, 0.20225903789589306, 0.20821417016000707, -4.3693032600130383e-17, -0.3700269268238204, 0.2566506029819189, -4.42262407898405e-17, 0.20821417016000782, 0.20363945269184344, 0.009378565569348612]
other derivatives: [-4.28474323 -1.4800662   0.14256329 -0.54753855 -0.1102535  -0.44078661]
Current x array =  [-0.58760092 -0.62109892 -0.7045607   0.58802956 -2.91783421 -3.32716358
  1.53613822 -2.67604071 -2.64462778 -3.23879259 -2.83227567 -2.16191543
 -3.67183098 -3.80297325 -4.5788669  -3.78071    -3.80297325 -2.30258509
 -4.68412331 -3.74485125 -2.30258509 -3.80297325 -3.7019971  -4.35933281]
log likelihood =  -1026.82519428
Edge derivatives =  [-0.030420051809354948, -0.4032516457409589, -0.3868215511757125, -0.845221815281705, -0.33285079406794543, 0.20240875993942997, 0.2704589725313609, 0.2798762217941212, -0.1973034139452928, 0.27798011345558343, 0.27987622179412147, -9.766336590964079e-17, -0.3248167865505004, 0.34030080121201056, -1.4423099053421448e-16, 0.27987622179412197, 0.2883396946946465, 0.06564985589256941]
other derivatives: [ 0.71445356  0.07819381  0.70490387 -0.50897597 -0.10732037 -0.40649866]
Current x array =  [-0.59613791 -0.6253536  -0.70784785  0.58894293 -2.9646681  -3.37261962
  1.58470876 -2.6827044  -2.65929035 -3.25815331 -2.83980387 -2.16055784
 -3.69231282 -3.82396435 -4.60834712 -3.80232329 -3.82396435 -2.30258509
 -4.71490448 -3.76618501 -2.30258509 -3.82396435 -3.72296169 -4.386378  ]
log likelihood =  -1026.81072253
Edge derivatives =  [-0.09051100041391107, -0.3957519686455028, -0.32190571381139604, -0.8044207077583656, -0.32723770034854266, 0.2049231431990453, 0.30503376675136273, 0.3089147063288505, -0.17418597434855246, 0.3097273323258909, 0.3089147063288502, 1.6540475824649007e-16, -0.3016752027997363, 0.37186994512738797, 1.2438502390264068e-16, 0.3089147063288496, 0.32013121274799694, 0.09174722283755307]
other derivatives: [ 0.69353518  0.19449544  0.38030521 -0.34956429 -0.09167707 -0.39103725]
Current x array =  [-0.59600992 -0.62555129 -0.70677679  0.58316791 -2.98029218 -3.39256944
  1.59849034 -2.68714273 -2.66415135 -3.26840208 -2.84455049 -2.15909634
 -3.70052709 -3.83285096 -4.62409709 -3.81110595 -3.83285096 -2.30258509
 -4.7318173  -3.77460623 -2.30258509 -3.83285096 -3.73126945 -4.39966452]
log likelihood =  -1026.77499756
Edge derivatives =  [0.3211177388216736, -0.3721290550489512, 0.032431110434370455, -0.5887233004432065, -0.31192620480683275, 0.2118121997527585, 0.3305150364591563, 0.3236227622826338, -0.11081350978914366, 0.3340884092951102, 0.3236227622826321, -4.379151602755516e-17, -0.21937409320335255, 0.3665633794491163, -4.4134502731937375e-17, 0.3236227622826323, 0.32363295840226064, 0.14886061492098876]
other derivatives: [ 6.400046   -3.10174073 -4.00741555 -0.80253812  0.37655354 -0.35865924]
Current x array =  [-0.6057277  -0.61445411 -0.68963038  0.5985156  -2.99830102 -3.4593376
  1.61313516 -2.72184527 -2.68457085 -3.33735132 -2.87679665 -2.14272169
 -3.69771041 -3.83333376 -4.67449306 -3.81007353 -3.83333376 -2.30258509
 -4.79325811 -3.76846    -2.30258509 -3.83333376 -3.72796308 -4.42637504]
log likelihood =  -1026.68850938
Edge derivatives =  [0.02105341671135922, -0.37316654979120306, 0.04708123213652485, -0.5653741010872444, -0.313549492384269, 0.19566069999728228, 0.3465329786656802, 0.34439391412944137, -0.0824497771578966, 0.35356314091878777, 0.3443939141294398, -1.4339966811976138e-16, -0.1842748093254276, 0.37884698888178653, -1.4269243645621693e-16, 0.34439391412944015, 0.3338537309182472, 0.18213909813865392]
other derivatives: [ 2.5390591  -1.66287464 -3.07231858 -0.28139766  0.08353709 -0.34331151]
Current x array =  [-0.5988221  -0.61905647 -0.69340532  0.57964286 -2.9894083  -3.48095573
  1.60439676 -2.73318342 -2.68193323 -3.35564658 -2.88830926 -2.13726191
 -3.70181004 -3.84016778 -4.70218388 -3.81517054 -3.84016778 -2.30258509
 -4.82476239 -3.77210795 -2.30258509 -3.84016778 -3.73181097 -4.44524276]
log likelihood =  -1026.55079099
Edge derivatives =  [-0.3243719574161139, -0.37269065216546315, 0.20119218440764536, -0.4510317964594538, -0.3191744628951821, 0.15021728908610693, 0.31649442754040413, 0.33255628617261646, -0.02941723306932697, 0.338706743295378, 0.33255628617261457, -2.0953891867546023e-16, -0.1025062009361578, 0.32534456620899055, -1.939769971876221e-16, 0.3325562861726144, 0.2818613633650197, 0.23724955274604165]
other derivatives: [-2.24802079 -0.26798261 -1.64127414  0.18958417 -0.33971901 -0.31575382]
Current x array =  [-0.59048626 -0.62360116 -0.69924698  0.56254037 -2.95146758 -3.53651583
  1.56989237 -2.77545879 -2.68185372 -3.42718106 -2.92820952 -2.11572368
 -3.68980215 -3.83492874 -4.76570074 -3.80535278 -3.83492874 -2.30258509
 -4.9025896  -3.75605471 -2.30258509 -3.83492874 -3.71875683 -4.47644181]
log likelihood =  -1026.38265969
Edge derivatives =  [-0.41318847335830877, -0.36529553072267457, 0.5728335410893877, -0.24125277088639147, -0.33197358885710393, 0.05668769766333842, 0.20938674973819482, 0.25697859962780545, 0.03587260532776354, 0.2577242048552585, 0.25697859962780534, 1.6961673180198972e-16, 0.013756682834609959, 0.16405303715787384, 1.3206103659600256e-16, 0.2569785996278055, 0.13211228209253406, 0.2996743788607453]
other derivatives: [-4.97329893  0.68039299 -0.08217285  0.40986379 -0.56581939 -0.28164777]
Current x array =  [-0.58574475 -0.62665505 -0.70568463  0.55296932 -2.88902269 -3.63023052
  1.5110041  -2.85592287 -2.69104784 -3.56662213 -3.00203588 -2.07447539
 -3.65216521 -3.80723545 -4.86112937 -3.77067378 -3.80723545 -2.30258509
 -5.02490006 -3.70942425 -2.30258509 -3.80723545 -3.67923721 -4.51141969]
log likelihood =  -1026.25241583
Edge derivatives =  [-0.01551893304591298, -0.3456335360795343, 1.031619235084778, -0.045461726751495124, -0.34304632661820345, -0.059899555016136405, 0.06248474131559635, 0.14037392588517075, 0.09025077735649133, 0.13384728473263413, 0.14037392588516967, -2.0800746954426958e-17, 0.11714008646774544, -0.05010990858007928, -8.940364264463875e-17, 0.14037392588516934, -0.05892125375354216, 0.34442361963305795]
other derivatives: [-2.79899268  0.85926786  0.81486178  0.22275799 -0.25886493 -0.25243025]
Current x array =  [-0.5892481  -0.62699674 -0.70942956  0.55646816 -2.84231022 -3.73857661
  1.46281189 -2.95010968 -2.70518852 -3.73016817 -3.0871896  -2.02820431
 -3.60317601 -3.76641235 -4.95384394 -3.7237011  -3.76641235 -2.30258509
 -5.14742825 -3.65038856 -2.30258509 -3.76641235 -3.62926708 -4.53506537]
log likelihood =  -1026.18835169
Edge derivatives =  [-0.34266947343947174, -0.3413594853082293, 1.070801287783353, -0.02807540396561004, -0.3457354201772213, -0.12218899908087895, -0.06329183428667687, 0.04024069407876446, 0.11835266081393905, 0.021341640402852323, 0.04024069407876413, -3.1415953859094784e-16, 0.16887671738911816, -0.2021641546648847, -3.5771572040519126e-16, 0.04024069407876385, -0.19297207106644346, 0.35148223840911363]
other derivatives: [-0.91322363  0.30652245  0.14351826  0.20668267 -0.60599632 -0.2464958 ]
Current x array =  [-0.59276999 -0.6258254  -0.70574646  0.55970878 -2.7889527  -3.79605764
  1.42016372 -3.01412542 -2.68127264 -3.82503957 -3.1457972  -2.00155235
 -3.56636287 -3.73337153 -5.00310513 -3.68635372 -3.73337153 -2.30258509
 -5.21424511 -3.60997706 -2.30258509 -3.73337153 -3.59448221 -4.53616954]
log likelihood =  -1026.12701209
Edge derivatives =  [0.20610912498223202, -0.32584500507927, 0.938504330992144, -0.062401063828962114, -0.33607614298412564, -0.15509750880278628, -0.15912102720410282, -0.032300148902633496, 0.15697007074024807, -0.06393874836896811, -0.03230014890263366, 1.4447770934141703e-16, 0.22228726332018925, -0.3004426653191119, 1.2009789148613548e-16, -0.03230014890263394, -0.2738467087178564, 0.3648038404336634]
other derivatives: [ 2.10673079 -0.15131718 -0.04397407 -0.10738859 -0.07783001 -0.23464963]
Current x array =  [-0.59800468 -0.62442284 -0.7044295   0.56782762 -2.75866627 -3.87093744
  1.3851375  -3.08456262 -2.63610969 -3.92062143 -3.21186103 -1.97832559
 -3.54028006 -3.70948873 -5.06019544 -3.65853352 -3.70948873 -2.30258509
 -5.28749561 -3.58398212 -2.30258509 -3.70948873 -3.57333081 -4.54117587]
log likelihood =  -1026.07108523
Edge derivatives =  [0.52343385993144, -0.30972709750420785, 0.5777176911639147, -0.1402972967948927, -0.318442074318672, -0.16058236166026263, -0.2196648558545198, -0.07374187881809302, 0.19915738837432587, -0.11704895781753337, -0.07374187881809152, 2.8027450792941815e-16, 0.2707160602432103, -0.3381510383154608, 2.0136140113746687e-16, -0.0737418788180913, -0.2981770839269224, 0.38000288824185086]
other derivatives: [ 3.88370154 -0.67486781 -0.58455498 -0.2487468   0.25943336 -0.22146196]
Current x array =  [-0.60120373 -0.62300868 -0.7015379   0.5712186  -2.73637545 -3.94892029
  1.35966396 -3.15351925 -2.57065801 -4.00403162 -3.27802556 -1.96097157
 -3.52562672 -3.6954399  -5.11742625 -3.6409693  -3.6954399  -2.30258509
 -5.35772914 -3.57303726 -2.30258509 -3.6954399  -3.56583737 -4.54761435]
log likelihood =  -1026.00856637
Edge derivatives =  [0.5127771867255291, -0.2846769390846334, 0.01630222464708092, -0.23261866488168428, -0.28675175452092727, -0.13619102830982988, -0.22635618813822672, -0.06941468914801541, 0.2510880196081672, -0.11876558247634261, -0.06941468914801496, -8.628811701139166e-17, 0.3226482381618935, -0.29561415089190873, -6.262508960132517e-17, -0.06941468914801474, -0.24644078845439885, 0.4056998864758548]
other derivatives: [ 3.94707058 -1.49655079 -0.76445303 -0.38223789  0.27325768 -0.19851996]
Current x array =  [-0.60146223 -0.62068787 -0.70039958  0.57832172 -2.73736697 -4.05391657
  1.36195175 -3.23123033 -2.4897156  -4.0935067  -3.35418198 -1.94729417
 -3.52689348 -3.69505628 -5.18693246 -3.63784871 -3.69505628 -2.30258509
 -5.43876778 -3.58191899 -2.30258509 -3.69505628 -3.57704136 -4.56142412]
log likelihood =  -1026.11018665
Edge derivatives =  [1.1371848271108886, -0.2460724521526222, -0.5067715505166372, -0.2908219600196913, -0.22418194794206361, 0.024808925220932365, -0.11683446859442807, 0.01388340005951788, 0.310865372668201, -0.03666584121235884, 0.013883400059518936, 1.5935703354618416e-16, 0.3613220946874375, -0.09822579490499775, 1.710390310569967e-16, 0.013883400059519269, -0.04946247214589615, 0.41345729589928465]
other derivatives: [ 5.28614237  8.10855454 -4.41179964 -0.97975317  0.9354153  -0.17982984]
Current x array =  [-0.60318526 -0.65199152 -0.68550131  0.59795821 -2.7817628  -4.17159679
  1.40282365 -3.3111919  -2.4102557  -4.17333069 -3.43446574 -1.94832512
 -3.55306408 -3.70974953 -5.23527692 -3.65381768 -3.70974953 -2.30258509
 -5.48989121 -3.62150661 -2.30258509 -3.70974953 -3.61516026 -4.55591725]
log likelihood =  -1025.99163334
Edge derivatives =  [0.6897479304741332, -0.27356844464188, -0.11700261909976317, -0.24926791535098658, -0.2684899190914697, -0.09085908978202044, -0.1954588536062304, -0.04622212263498332, 0.26759695249892496, -0.09567135814228014, -0.046222122634982876, -4.462252100967962e-17, 0.33348805801010006, -0.24049060290590785, -4.447905584861301e-17, -0.04622212263498199, -0.19147475809507142, 0.40797412869134775]
other derivatives: [ 4.31982699  1.22488473 -1.7464572  -0.54596967  0.45793058 -0.19319941]
Current x array =  [-0.60193161 -0.62921549 -0.69634105  0.58367102 -2.74946111 -4.08597456
  1.37308592 -3.25301315 -2.46806945 -4.11525204 -3.37605257 -1.94757502
 -3.53402277 -3.69905896 -5.20010227 -3.64219891 -3.69905896 -2.30258509
 -5.45269462 -3.5927033  -2.30258509 -3.69905896 -3.58742556 -4.55992396]
log likelihood =  -1025.94663664
Edge derivatives =  [0.47694097919972417, -0.2563639612137636, -0.4344321932019057, -0.2922219449436163, -0.24043671915998935, -0.028183481729564447, -0.1382407951142014, -9.248801059241751e-05, 0.2877013122055708, -0.04320541009637683, -9.24880105913628e-05, -4.818097293834129e-16, 0.34821159728940143, -0.14072017200025455, -4.564428810301757e-16, -9.248801059141831e-05, -0.09582563462416493, 0.4131205666080907]
other derivatives: [ 1.43361376  0.25074769 -1.35219125 -0.6457185   0.25363533 -0.17666935]
Current x array =  [-0.59688172 -0.62611227 -0.69815977  0.5910632  -2.77983398 -4.14223356
  1.40543868 -3.28440844 -2.43153627 -4.14521391 -3.40829367 -1.9498661
 -3.5526527  -3.71279451 -5.22471523 -3.65680012 -3.71279451 -2.30258509
 -5.47746393 -3.61815524 -2.30258509 -3.71279451 -3.61180058 -4.56408384]
log likelihood =  -1025.91957443
Edge derivatives =  [0.19385280024191126, -0.2457439231008798, -0.44872204714170283, -0.29682932814959806, -0.21826698898524757, 0.04116078129758513, -0.0676126503280647, 0.04883342873781532, 0.2880390938438973, 0.015622562576043324, 0.04883342873781582, 4.320328129968883e-17, 0.3418550170403717, -0.045226107679349946, 7.221932337497209e-17, 0.04883342873781513, -0.009166183021098062, 0.4028040465647603]
other derivatives: [-0.64435426  0.29262992 -0.21718733 -0.67250312  0.01152785 -0.16671038]
Current x array =  [-0.5933224  -0.6260621  -0.70335243  0.59542465 -2.81817182 -4.16167519
  1.446109   -3.28707104 -2.43053769 -4.1422013  -3.41235776 -1.9587211
 -3.57381232 -3.72806148 -5.21906625 -3.67473962 -3.72806148 -2.30258509
 -5.46649172 -3.64361561 -2.30258509 -3.72806148 -3.6348712  -4.55942749]
log likelihood =  -1025.89665094
Edge derivatives =  [-0.03745604547069754, -0.23526318489295, -0.349218625005528, -0.2752698277331155, -0.20412520013031527, 0.07111725092789585, -0.04532915548563512, 0.053676124447055246, 0.28451706028873536, 0.02773682986305584, 0.053676124447054885, 1.5214571162251733e-16, 0.33946966603613365, -0.014336279226444579, 1.2722979890628627e-16, 0.05367612444705533, 0.019788144377970822, 0.38403123587774457]
other derivatives: [-2.25875283  0.5771426   0.41482053 -0.74448963 -0.16182184 -0.15832029]
Current x array =  [-0.59061827 -0.62689727 -0.7062041   0.60070469 -2.84387399 -4.18926675
  1.47431325 -3.30412108 -2.43685955 -4.16489102 -3.42856291 -1.95957023
 -3.58060935 -3.72935072 -5.21733154 -3.67808916 -3.72935072 -2.30258509
 -5.46391921 -3.65212627 -2.30258509 -3.72935072 -3.64273272 -4.54827132]
log likelihood =  -1025.8488964
Edge derivatives =  [-0.528936571175617, -0.2106226454048556, -0.13326857287329474, -0.22562542629085458, -0.17252086834358257, 0.13980470882427923, -0.008742678879975856, 0.04659254019763792, 0.2773680301135057, 0.036067420105191726, 0.04659254019763798, -4.090568809679565e-16, 0.33564375433806987, 0.041011246727545775, -4.750353139044354e-16, 0.04659254019763817, 0.07283574480025673, 0.32917309264317746]
other derivatives: [-3.30683179  0.91279162  1.44789283 -0.87864009 -0.47086814 -0.1409262 ]
Current x array =  [-0.58906    -0.62782779 -0.7109328   0.6112546  -2.90147219 -4.26278237
  1.53707616 -3.35547724 -2.44742292 -4.23264478 -3.47688556 -1.95858177
 -3.59155558 -3.72619555 -5.21407061 -3.6797717  -3.72619555 -2.30258509
 -5.46014964 -3.66703932 -2.30258509 -3.72619555 -3.65662848 -4.51520959]
log likelihood =  -1025.77986121
Edge derivatives =  [-0.7349262616684074, -0.1767213401627972, 0.1707519151351965, -0.15053322692734764, -0.14787503276035877, 0.14023176818211863, -0.03532152801299585, -0.0359129039638324, 0.2750735891033346, -0.030773670547873153, -0.035912903963832454, 2.0675933945283267e-16, 0.35065817921835224, 0.019825247432300644, 1.45701488605857e-16, -0.03591290396383229, 0.06015321938523493, 0.2425225405609261]
other derivatives: [-5.12657152  0.85776719  0.98698365 -0.92877599 -0.45602064 -0.11814336]
Current x array =  [-0.58608373 -0.62768016 -0.70887791  0.61596258 -2.95620944 -4.40703967
  1.59028723 -3.47398053 -2.45443424 -4.39693374 -3.58677071 -1.93782097
 -3.58301849 -3.69882218 -5.23599386 -3.65690683 -3.69882218 -2.30258509
 -5.49208401 -3.66072242 -2.30258509 -3.69882218 -3.65202493 -4.46252795]
log likelihood =  -1025.86267044
Edge derivatives =  [-1.012686066184834, -0.11267027332726692, 0.30395458406601406, -0.09807722632496287, -0.07510566161004474, 0.3712559492430598, 0.15976496145093358, -0.006441584153249469, 0.2984507081751909, 0.04554853638084613, -0.006441584153248525, -3.521211432481886e-17, 0.3637474677652931, 0.305726223775193, -3.4735157626356654e-17, -0.006441584153249025, 0.3298920619397501, 0.03422846197636567]
other derivatives: [ 6.65409061 -0.87197805  3.28461738 -0.53184976  0.28310296 -0.07623839]
Current x array =  [-0.60659631 -0.62118339 -0.72021633  0.60618996 -3.17699569 -4.73631195
  1.79350688 -3.70528656 -2.43089183 -4.68387192 -3.80727    -1.92718273
 -3.64022731 -3.70345115 -5.25857628 -3.67734326 -3.70345115 -2.30258509
 -5.51363074 -3.73739767 -2.30258509 -3.70345115 -3.72273734 -4.35034992]
log likelihood =  -1025.73651689
Edge derivatives =  [-0.81010136991784, -0.14933261710123047, 0.23166990425507977, -0.12747704672201843, -0.11578256597073726, 0.23044354724551253, 0.038892654154914136, -0.02478174119359533, 0.2835537629449687, -0.002071170683863678, -0.024781741193594442, -1.5230127872527925e-15, 0.3554900369801163, 0.12818669456262374, -1.6116844385836578e-15, -0.024781741193594553, 0.16219820232645304, 0.1682414065090089]
other derivatives: [-0.69655925  0.24051587  1.82992608 -0.78402991 -0.19904292 -0.10018084]
Current x array =  [-0.59367064 -0.62527722 -0.7130716   0.61234802 -3.03787079 -4.52882632
  1.66545129 -3.55953279 -2.4457267  -4.50306245 -3.66832592 -1.93388625
 -3.60417809 -3.70053428 -5.24434633 -3.66446557 -3.70053428 -2.30258509
 -5.50005342 -3.689082   -2.30258509 -3.70053428 -3.67817906 -4.4210371 ]
log likelihood =  -1025.68347288
Edge derivatives =  [-0.1900123500754643, -0.1336464319520871, 0.3195662462819966, -0.09935752210783272, -0.12247126489926344, 0.10488447190462866, -0.059894787498700246, -0.1471594558451788, 0.28844081434465285, -0.12597137713665563, -0.14715945584517748, -3.536934716012988e-16, 0.3786352550307315, 0.012893602288118644, -2.9090500608239584e-16, -0.14715945584517687, 0.062459212414397836, 0.10845678481186373]
other derivatives: [ 0.05568381  0.21548203  0.59974354 -0.62011623  0.3688001  -0.09160885]
Current x array =  [-0.59474479 -0.62530315 -0.70734668  0.60162848 -3.03591464 -4.63881054
  1.65222711 -3.66510385 -2.43840255 -4.65284656 -3.7651032  -1.9038217
 -3.57454366 -3.66264186 -5.27789379 -3.62644974 -3.66264186 -2.30258509
 -5.54878889 -3.65695231 -2.30258509 -3.66264186 -3.64990742 -4.38546101]
log likelihood =  -1025.65612743
Edge derivatives =  [-0.6148785048930038, -0.12804525348334375, 0.27593521604414184, -0.09557742698587773, -0.12260775864637771, 0.05460074280835041, -0.07798423115670212, -0.18139760760072626, 0.288287756577163, -0.1607819025200523, -0.18139760760072515, 2.1906023151381396e-16, 0.38040073817078285, -0.012903379084630372, 2.266537474788386e-16, -0.18139760760072526, 0.03581372925858304, 0.06355883182509074]
other derivatives: [ 0.49333266 -0.0368118  -1.02900231  0.05495622 -0.01705303 -0.08794814]
Current x array =  [-0.59564622 -0.6250328  -0.70013852  0.57926257 -3.0312969  -4.68981306
  1.65040103 -3.7156836  -2.42732041 -4.71826714 -3.81190978 -1.89194204
 -3.56794444 -3.65179462 -5.2789712  -3.61600476 -3.65179462 -2.30258509
 -5.55220799 -3.6489773  -2.30258509 -3.65179462 -3.64148448 -4.3603055 ]
log likelihood =  -1025.63585581
Edge derivatives =  [-0.3371398702226375, -0.12557880104758534, 0.18836004785716443, -0.09861771172517957, -0.12649139727330436, -0.002472724168940857, -0.10638480069956158, -0.2088672090769736, 0.28283397384977943, -0.19422779537710497, -0.2088672090769722, -1.6129614854952794e-16, 0.3752545700490792, -0.05270118856216593, -1.372509794712243e-16, -0.2088672090769726, -0.007749032277127539, 0.026983419858795325]
other derivatives: [ 1.07802407  0.65103904 -0.46504738  0.5189122   0.19188064 -0.08653842]
Current x array =  [-0.59657087 -0.62734718 -0.70219091  0.55876144 -3.01812154 -4.71405101
  1.63018733 -3.74654439 -2.41662447 -4.75693775 -3.84009018 -1.88250143
 -3.56079967 -3.64448054 -5.27148004 -3.60818998 -3.64448054 -2.30258509
 -5.54484053 -3.63894559 -2.30258509 -3.64448054 -3.63055666 -4.34152043]
log likelihood =  -1025.60776303
Edge derivatives =  [0.2032013930886333, -0.12083398616720631, -0.14797414614191112, -0.12161254122132337, -0.12275750030293486, -0.01027209473970253, -0.07613739954885, -0.17461800809539768, 0.27997755903960064, -0.16295969297676033, -0.17461800809539696, -3.054818239061702e-17, 0.36220352647885934, -0.0181239623056465, -3.677114605046099e-17, -0.17461800809539657, 0.010182152084513875, -0.01978399342619049]
other derivatives: [ 0.57968919 -0.24572273 -1.22743131  0.90030881  0.68223471 -0.08303687]
Current x array =  [-0.5954678  -0.62453182 -0.69891586  0.5393995  -3.01603357 -4.75302968
  1.61493597 -3.78489527 -2.38323518 -4.79329155 -3.87703847 -1.87786211
 -3.57127735 -3.65493116 -5.25289652 -3.61860227 -3.65493116 -2.30258509
 -5.51936227 -3.64816894 -2.30258509 -3.65493116 -3.63540704 -4.31887178]
log likelihood =  -1025.56135501
Edge derivatives =  [0.06209082468494326, -0.12201100290551867, -0.2583191832741792, -0.1281067701740693, -0.12318569664267852, -0.026098125422025067, -0.0578331818370852, -0.14528570496573695, 0.2494550455821935, -0.13860047130204423, -0.14528570496573456, -2.6154480546825007e-17, 0.3202001953077807, -0.021913912799973408, 2.957643017041005e-17, -0.14528570496573384, -0.018234071465390883, -0.09711044336194372]
other derivatives: [-0.12123564 -0.31718628  0.06316441  1.3028739   0.47677986 -0.08255938]
Current x array =  [-0.59442045 -0.62460211 -0.70398851  0.52417401 -2.99139869 -4.75433178
  1.59097403 -3.80248483 -2.37389942 -4.80397022 -3.89304071 -1.87553882
 -3.57885838 -3.66601318 -5.19504239 -3.63001433 -3.66601318 -2.30258509
 -5.44774864 -3.64916353 -2.30258509 -3.66601318 -3.63017173 -4.28383012]
log likelihood =  -1025.47680838
Edge derivatives =  [0.12958373335181822, -0.11942211123179461, -0.39430385676540497, -0.13160284959613464, -0.1146104479840635, 0.00293958410771801, 0.039213456244839996, -0.035195203718172086, 0.1723681954447334, -0.033838223025183065, -0.03519520371817042, -1.7146247795843023e-17, 0.20544629590214095, 0.03426782416043061, 1.35375659489021e-17, -0.03519520371817014, -0.019390719786063458, -0.2908625360413581]
other derivatives: [-1.22261099  1.87260412  0.85151441  1.39320946  0.4482672  -0.08055849]
Current x array =  [-0.59258108 -0.63180593 -0.70696048  0.51872492 -2.95604826 -4.78180789
  1.55701472 -3.85701576 -2.35595212 -4.84350755 -3.94392963 -1.87358964
 -3.6084967  -3.70102557 -5.05375261 -3.66746579 -3.70102557 -2.30258509
 -5.27085113 -3.66516911 -2.30258509 -3.70102557 -3.63039914 -4.19737771]
log likelihood =  -1025.44834573
Edge derivatives =  [-0.3973963556896216, -0.11877767081675503, -0.29193563648139664, -0.11153901811129664, -0.12027442498088144, -0.10880131959652282, 0.04068621398674224, -0.012865048084004904, 0.0249789161494296, -0.014147651616151877, -0.012865048084003738, 6.992971462844987e-16, 0.030569249652779663, -0.061097098219461486, 7.136240116758622e-16, -0.012865048084003572, -0.17596059037882178, -0.583712695356264]
other derivatives: [-2.28726549 -4.43496901  3.15383204  0.98066266 -0.24319888 -0.07710241]
Current x array =  [-0.59166543 -0.61285206 -0.71590378  0.53917293 -2.87125675 -4.82935878
  1.48848155 -3.95305861 -2.36175687 -4.94550324 -4.03082787 -1.85431237
 -3.61446486 -3.71713455 -4.8815635  -3.68506643 -3.71713455 -2.30258509
 -5.06291714 -3.64777645 -2.30258509 -3.71713455 -3.59778539 -4.08376857]
log likelihood =  -1025.37931074
Edge derivatives =  [0.014280454718248826, -0.1160185402564416, -0.2137307709075072, -0.10592422971103028, -0.11595116054716056, -0.07057271103094674, 0.054493779317639865, -0.0029001698314922164, 0.055533850407328215, -0.004613931784577627, -0.0029001698314931046, 6.194638855993847e-18, 0.06098106473075635, -0.03094932413816715, -7.885251118409376e-18, -0.002900169831492938, -0.1326187272590375, -0.5344369512101032]
other derivatives: [-0.37648533 -0.3066134   0.91185939  0.51763891  0.16962076 -0.07851213]
Current x array =  [-0.59453658 -0.62520641 -0.70658228  0.55393542 -2.88527255 -4.83883326
  1.50130307 -3.95315912 -2.36218356 -4.94895146 -4.03148798 -1.85576884
 -3.61392601 -3.71494548 -4.90464858 -3.68295084 -3.71494548 -2.30258509
 -5.0908887  -3.65062858 -2.30258509 -3.71494548 -3.60306718 -4.09788514]
log likelihood =  -1025.36315339
Edge derivatives =  [0.16557578759975639, -0.10931317291474382, -0.12160068904988079, -0.0941204845171279, -0.11317000809428335, -0.0946333391610508, 0.04056429066560626, -0.02692676193102589, 0.06465879337141729, -0.02470983554910594, -0.026926761931026222, 3.562092715950165e-16, 0.07664667879355504, -0.03981085950124704, 3.5577642143753604e-16, -0.026926761931027, -0.13319438821226806, -0.5521560692136033]
other derivatives: [-0.1717126   0.26136604 -0.2045681   0.07555627  0.33576271 -0.075147  ]
Current x array =  [-0.59481334 -0.62688087 -0.70192787  0.57069788 -2.89731747 -4.8903251
  1.5142189  -3.99564324 -2.36432503 -5.00836768 -4.07109675 -1.84803887
 -3.60885975 -3.70546974 -4.91760981 -3.67438265 -3.70546974 -2.30258509
 -5.10853575 -3.64665126 -2.30258509 -3.70546974 -3.60089972 -4.08884978]
log likelihood =  -1025.35304241
Edge derivatives =  [0.10451028610002397, -0.10372222406978238, -0.1126691518240623, -0.08749240252234936, -0.11062599281766124, -0.1268709687002104, 0.028081117979354354, -0.04349766432283253, 0.061363700853936595, -0.039833970581039886, -0.04349766432283253, 1.6822799535488613e-16, 0.0751733563652007, -0.0518988866489261, 1.4953831287762786e-16, -0.04349766432283286, -0.1420462657228045, -0.5854714897957725]
other derivatives: [ 0.20575044  0.15868409 -0.52475571 -0.16248123  0.28180693 -0.07169092]
Current x array =  [-0.59556885 -0.62662768 -0.70047152  0.581083   -2.89680269 -4.94507516
  1.5172762  -4.04643879 -2.36034763 -5.07392207 -4.1185723  -1.83959787
 -3.60547858 -3.69982197 -4.91535065 -3.66937129 -3.69982197 -2.30258509
 -5.10711428 -3.64300444 -2.30258509 -3.69982197 -3.59793484 -4.07505958]
log likelihood =  -1025.34155044
Edge derivatives =  [-0.2733125729378526, -0.09153594764631938, -0.15736146765089215, -0.07606209434851124, -0.10463248170041328, -0.2169324072160238, -0.021208231239212644, -0.0965082562134385, 0.062203470684403926, -0.08953835297762996, -0.0965082562134364, -4.481465321883888e-16, 0.08775643815897459, -0.08748677218872261, -4.401296204272476e-16, -0.09650825621343623, -0.15863678082793958, -0.6212786682553141]
other derivatives: [-3.22559117  0.25629561 -0.66654593 -0.46684363 -0.0575028  -0.0623686 ]
Current x array =  [-0.58991136 -0.62738195 -0.69935459  0.59685737 -2.89529657 -5.0843463
  1.52417021 -4.17299566 -2.34821569 -5.23828918 -4.23732902 -1.82026976
 -3.59373976 -3.68316044 -4.92713677 -3.6536585  -3.68316044 -2.30258509
 -5.1249236  -3.63366964 -2.30258509 -3.68316044 -3.59338796 -4.06059095]
log likelihood =  -1025.3189096
Edge derivatives =  [-0.20451231437901063, -0.08393296163105347, -0.3384699381344901, -0.07585741935482054, -0.09912733516001337, -0.2596188323040908, -0.031358451143065735, -0.1053087683423991, 0.06201151695089534, -0.1003784676420322, -0.10530876834239683, -1.8681966788754895e-16, 0.08416819693452186, -0.08676920176555136, -1.7566842725436924e-16, -0.10530876834239672, -0.15143090438648582, -0.6502354291985887]
other derivatives: [-0.43933142 -0.25656846 -0.40295163 -0.58794285 -0.00172804 -0.05725269]
Current x array =  [-0.59484218 -0.62579944 -0.70030918  0.60194087 -2.88956793 -5.17964316
  1.51992589 -4.26151925 -2.3278464  -5.34633376 -4.32102821 -1.80899685
 -3.59223042 -3.68040601 -4.92280866 -3.65126883 -3.68040601 -2.30258509
 -5.12007259 -3.63344576 -2.30258509 -3.68040601 -3.59463196 -4.04912204]
log likelihood =  -1025.29805589
Edge derivatives =  [-0.2550789569534255, -0.07866971450323658, -0.5764982332813298, -0.07866744181350745, -0.09292678951643564, -0.266500769652832, -0.03443193986051628, -0.10060711389324417, 0.06779622297118003, -0.09880317104800651, -0.1006071138932425, 2.6493930811780046e-16, 0.08633475469515248, -0.06979127526905479, 2.9610100297520427e-16, -0.1006071138932419, -0.12354005353616088, -0.6314696311818596]
other derivatives: [ 0.7394874  -0.42091415  0.26309408 -0.47014055 -0.0556156  -0.0530008 ]
Current x array =  [-0.59701008 -0.62538811 -0.70293423  0.59815453 -2.8830176  -5.25729067
  1.51424983 -4.33196142 -2.30581578 -5.42916973 -4.38845072 -1.80378757
 -3.59315911 -3.682159   -4.92485211 -3.65281788 -3.682159   -2.30258509
 -5.12174616 -3.63788569 -2.30258509 -3.682159   -3.60177193 -4.05658312]
log likelihood =  -1025.26427625
Edge derivatives =  [-0.4695547450757496, -0.0710384159101403, -0.9171303647451855, -0.07868508549701653, -0.0819860319048553, -0.25388191988417164, -0.04129786269299275, -0.09074976153646735, 0.0761641978173161, -0.09370115786847644, -0.09074976153646519, -1.1430946206643184e-16, 0.09068096225603144, -0.041994976890383146, -8.500306491659098e-17, -0.09074976153646552, -0.07035144311578477, -0.5615253280609459]
other derivatives: [ 1.3287945  -0.38216967  1.16319825 -0.13260433 -0.26832367 -0.04633876]
Current x array =  [-0.59820625 -0.62575787 -0.70645066  0.58676392 -2.86677793 -5.38721169
  1.50040197 -4.4512012  -2.27546077 -5.56897062 -4.50285735 -1.79860255
 -3.59337269 -3.68583419 -4.92837771 -3.65584109 -3.68583419 -2.30258509
 -5.12478477 -3.64524657 -2.30258509 -3.68583419 -3.61562442 -4.08436171]
log likelihood =  -1025.21286431
Edge derivatives =  [-0.16109260446026297, -0.05958447561788029, -1.2358512780136608, -0.06841109477763259, -0.06777154377792217, -0.2518705292058342, -0.048420963061374056, -0.07724587966236313, 0.06815684067624983, -0.08436324070672352, -0.0772458796623613, 2.538563266951819e-16, 0.07645386122945765, -0.017749525766405615, 2.570228390561244e-16, -0.07724587966236124, -0.011751725627130123, -0.48091614710199443]
other derivatives: [ 1.05812887 -0.77895947  0.86024556  0.26614089  0.01150511 -0.03728928]
Current x array =  [-0.59760403 -0.62464978 -0.70487653  0.56754856 -2.83615627 -5.60306343
  1.46222891 -4.65728776 -2.24554456 -5.81195741 -4.69961302 -1.78952835
 -3.59211326 -3.69101296 -4.91190033 -3.66038037 -3.69101296 -2.30258509
 -5.10397733 -3.65159204 -2.30258509 -3.69101296 -3.6307233  -4.11715915]
log likelihood =  -1025.36725152
Edge derivatives =  [-1.3458614997660352, -0.03022474121110753, -0.935652258083254, -0.0208089367214975, -0.0366203222397818, -0.4673683964981059, -0.2700272626713615, -0.2174439946367584, 0.04539058828600159, -0.23659855617585684, -0.21744399463675113, 5.179286397039745e-17, 0.09168223095729161, -0.14171198683538422, 2.6132344340525363e-17, -0.21744399463675074, 0.04749847952689572, -0.07950540128499384]
other derivatives: [  0.98398232   7.19444415  10.12936082   1.06431344  -0.96317763
  -0.01530225]
Current x array =  [-0.59809851 -0.65146876 -0.74460963  0.53916968 -2.68807757 -6.48099777
  1.33690267 -5.49695889 -2.26010108 -6.84839467 -5.49717956 -1.74875192
 -3.53385934 -3.65461487 -4.91739296 -3.6211432  -3.65461487 -2.30258509
 -5.12267865 -3.62218905 -2.30258509 -3.65461487 -3.6503528  -4.29816192]
log likelihood =  -1025.16922605
Edge derivatives =  [-0.4938711853868023, -0.048165640184328826, -1.117378230639914, -0.04695178039641865, -0.054875064700298175, -0.2892505361887714, -0.11422257225004323, -0.11941322822936562, 0.06075491700524708, -0.1298336284443504, -0.11941322822936262, 1.5434108358940593e-16, 0.08134564937883616, -0.05503634636722755, 1.3882015050815025e-16, -0.11941322822936207, 0.00728843106059119, -0.34817376660932287]
other derivatives: [ 1.05530944  1.78988557  3.83240604  0.51695679 -0.29731382 -0.0281716 ]
Current x array =  [-0.59775763 -0.63298064 -0.71721895  0.55873314 -2.79015814 -5.87577883
  1.42329844 -4.91811734 -2.25006629 -6.13390905 -4.94736353 -1.77686185
 -3.57401767 -3.67970651 -4.91360653 -3.64819201 -3.67970651 -2.30258509
 -5.10978658 -3.6424585  -2.30258509 -3.67970651 -3.63682087 -4.17338459]
log likelihood =  -1025.07732659
Edge derivatives =  [-0.30605314741329465, -0.0385026807414563, -0.9963178542879779, -0.030885851828390473, -0.043816303476376474, -0.3180571089039036, -0.14178395493215434, -0.1241585128586537, 0.025580838351932096, -0.134628326304398, -0.12415851285864976, -5.618058035999981e-17, 0.046613952961047124, -0.07390361399030462, -8.725101098909184e-17, -0.12415851285864993, 0.03699050338050724, -0.2364505588833285]
other derivatives: [ 0.09208634  0.8330062   2.30472779  0.95481028 -0.01587068 -0.02107754]
Current x array =  [-0.59591027 -0.63012464 -0.71022429  0.53616197 -2.7288035  -6.17097933
  1.35571857 -5.21102516 -2.25420457 -6.48557137 -5.22573382 -1.76696022
 -3.56297748 -3.67996037 -4.87510988 -3.64756922 -3.67996037 -2.30258509
 -5.06518617 -3.63746648 -2.30258509 -3.67996037 -3.64433616 -4.22286095]
log likelihood =  -1024.93366514
Edge derivatives =  [-0.254730817998195, -0.02460408035029509, -0.4163507440193477, -0.010413919768638404, -0.028719709703501795, -0.41158236131356046, -0.2162791004142231, -0.1519644692858575, -0.05584695489048981, -0.1600967887819978, -0.15196446928585167, -4.501692725295161e-17, -0.02801750029114462, -0.14239090843402497, -4.473694137858912e-17, -0.15196446928585194, 0.06690298318974029, -0.01987648258289316]
other derivatives: [-0.90026333 -0.19524578  0.166051    1.2703822   0.57577836 -0.01182343]
Current x array =  [-0.59415245 -0.62726627 -0.69987644  0.51315445 -2.59465562 -6.78413337
  1.2161401  -5.82134196 -2.29102513 -7.22490619 -5.80502508 -1.7493567
 -3.53523603 -3.67468227 -4.7981671  -3.64071332 -3.67468227 -2.30258509
 -4.97815455 -3.61969582 -2.30258509 -3.67468227 -3.65140997 -4.32585759]
log likelihood =  -1024.30566326
Edge derivatives =  [0.32688983643064984, -0.005438375304112616, 0.6561302795084143, 0.0004501699051416679, -0.007223982854518204, -1.16042699992876, -0.49799481782957794, -0.22785606744485348, -0.3825075419810702, -0.240113919410062, -0.2278560674448336, -1.6490566773632467e-16, -0.3615516052326496, -0.35287622276214925, -1.794036145062676e-16, -0.22785606744483394, 0.18791665040744604, 0.5357541290063869]
other derivatives: [ -3.62665560e+00  -1.48347681e+00  -2.04163371e+00   1.89377261e+00
   2.52182417e+00  -1.86446414e-03]
Current x array =  [-0.59313454 -0.62627019 -0.68025656  0.4502505  -2.12340818 -8.91452179
  0.7400894  -7.93681758 -2.37012247 -9.78130456 -7.81331813 -1.68432307
 -3.45002396 -3.66401163 -4.53119929 -3.62471315 -3.66401163 -2.30258509
 -4.67294638 -3.56848599 -2.30258509 -3.66401163 -3.68010186 -4.65330747]
log likelihood =  -1236.23449126
Edge derivatives =  [117.65128465580166, 0.20020931835401512, 3.765158972553166, 6.401921911269671e-07, 0.00010884721490683934, -6.598600045635219, -2.6287285201169897, -0.6301077462548847, -4.083948558076458, -0.6871621902422058, -0.6301077462547039, 5.419329571314963e-16, -4.577142155164482, -1.5339961739037158, 5.482903177776451e-16, -0.6301077462547026, 0.851009332423078, 1.6182970820106841]
other derivatives: [-10.22635843  -0.21955202 -16.27486199  20.49330305 -66.32569693   0.        ]
Current x array =  [ -0.60456594  -0.63528872  -0.59250326   0.17854893   0.20031687
 -19.59990679  -1.54889287  -9.          -2.64370884 -22.55977861
 -17.84853326  -1.34656388  -3.03841968  -3.60335462  -3.27727237
  -3.53904836  -3.60335462  -2.30258509  -3.24094216  -3.33343224
  -2.30258509  -3.60335462  -3.83657012  -6.22495567]
log likelihood =  -1024.29851414
Edge derivatives =  [0.45091855765431754, -0.00547072083092758, 0.6711769440153936, 0.0004620079220176716, -0.006976026089628047, -1.180795636338173, -0.5046579490894948, -0.22962268716680118, -0.39021240638842924, -0.2420126653173521, -0.22962268716678086, 1.3558802780048718e-15, -0.36967821206962315, -0.35722981953337035, 1.400438433089039e-15, -0.2296226871667813, 0.19092444125248895, 0.5456762878394338]
other derivatives: [ -3.67053872e+00  -1.48736490e+00  -2.07392077e+00   1.90193532e+00
   2.53392045e+00  -1.79625204e-03]
Current x array =  [-0.59318501 -0.62631001 -0.6798691   0.44905085 -2.11314825 -8.96170093
  0.72998286 -7.94151184 -2.37133044 -9.83772531 -7.85762658 -1.68283176
 -3.4482066  -3.66374381 -4.52566283 -3.62433492 -3.66374381 -2.30258509
 -4.66662366 -3.56744816 -2.30258509 -3.66374381 -3.68079271 -4.66024676]
log likelihood =  -1024.55591817
Edge derivatives =  [-2.7652896138964485, -0.002239466741795217, 0.7284381458736056, 0.0002789748979251418, -0.003352032761430445, -1.1008964320364965, -0.6063953321743519, -0.3083340656370037, -0.2770950336032632, -0.31680123788182646, -0.3083340656369722, 9.057366962051859e-17, -0.23498288595986652, -0.33948485486297286, 7.357842933384291e-17, -0.30833406563697263, 0.32054124311970306, 0.7850567874860369]
other derivatives: [  6.40625331e+00   8.77048478e-01  -1.39507392e+01   8.55243343e-01
  -1.25364750e+00  -8.86757334e-04]
Current x array =  [ -0.61529835  -0.63678751  -0.63090578   0.50572615  -1.93504884
  -9.86504924   0.66984696  -9.          -2.36622142 -10.88648687
  -8.66229304  -1.68770535  -3.41287389  -3.63329574  -4.58839234
  -3.59229126  -3.63329574  -2.30258509  -4.75023263  -3.55943263
  -2.30258509  -3.63329574  -3.70222353  -4.83124473]
log likelihood =  -1024.22389751
Edge derivatives =  [-0.661297790523264, -0.004113354988287189, 0.6950798381274068, 0.0004008844835341126, -0.005505190272616793, -1.1495985661784378, -0.5354668119456273, -0.2534529250519236, -0.35216759847206, -0.2645582211244721, -0.25345292505190115, -4.192010310810627e-16, -0.32440371483298713, -0.34993668749571244, -4.120383224525446e-16, -0.25345292505190115, 0.23453549519067501, 0.6282276218656141]
other derivatives: [ -3.08614290e-01  -7.14840098e-01  -5.69632448e+00   1.58886451e+00
   1.32436071e+00  -1.43245416e-03]
Current x array =  [ -0.60031727  -0.62968934  -0.66407687   0.46733045  -2.05570551
  -9.25305958   0.71058712  -8.28290805  -2.36968262 -10.17598438
  -8.11715719  -1.68440365  -3.43681068  -3.65392333  -4.5458951
  -3.61399981  -3.65392333  -2.30258509  -4.69359022  -3.56486289
  -2.30258509  -3.65392333  -3.68770483  -4.71539906]
log likelihood =  -1024.13108307
Edge derivatives =  [-0.45672570745799235, -0.003665732321536288, 0.6022515619859603, 0.0003095679253562242, -0.004236170291484096, -1.249917350981313, -0.6062307306689669, -0.29873996106398104, -0.36002718103530007, -0.3092842747819762, -0.298739961063953, -7.501250033609571e-18, -0.3213749830565163, -0.38254159766555274, -1.6305678842577331e-18, -0.2987399610639518, 0.2398915845804875, 0.681290821217496]
other derivatives: [ -1.59550382e+00  -1.89027105e+00  -3.34912329e+00   1.08377662e+00
   6.76186573e-01  -1.06865627e-03]
Current x array =  [ -0.5989535   -0.62603487  -0.6727734    0.48647185  -1.99447173
  -9.59216713   0.66944014  -8.45071964  -2.36559625 -10.5745496
  -8.4235251   -1.67744     -3.4235119   -3.64333247  -4.5472046
  -3.60310632  -3.64333247  -2.30258509  -4.69836963  -3.5584926
  -2.30258509  -3.64333247  -3.69087992  -4.75719349]
log likelihood =  -1024.01879699
Edge derivatives =  [0.2376047569396845, -0.0027440097636681066, 0.2726923255600983, 0.00019948918509789156, -0.00363962056612517, -1.0904053455421376, -0.5937881313635965, -0.29956790523678806, -0.32693375549464043, -0.31300419483601233, -0.29956790523675875, -5.745438876134621e-16, -0.29185191956965667, -0.3482567484965005, -5.397978881615161e-16, -0.2995679052367581, 0.24566258275047428, 0.6792418807245355]
other derivatives: [ 0.50677045  0.20245352 -0.49763003  0.01186891  0.9175892  -0.00097771]
Current x array =  [ -0.60310018  -0.63267441  -0.68482846   0.52068635  -1.97835912
  -9.75006853   0.65650367  -8.74665881  -2.33941516 -10.75061035
  -8.55871948  -1.68923174  -3.43013787  -3.64259006  -4.56746759
  -3.60287528  -3.64259006  -2.30258509  -4.72181252  -3.56611585
  -2.30258509  -3.64259006  -3.69239873  -4.75479856]
log likelihood =  -1023.94679349
Edge derivatives =  [-0.3328456732609357, -0.002112089874432649, -0.2639693424902, 6.162069351701025e-05, -0.003455074710113938, -0.7493380408632933, -0.5158602480012827, -0.2607171553620836, -0.2799839041198672, -0.2728924230267271, -0.26071715536205964, -1.0720462363683358e-17, -0.25526808764212955, -0.2665541649413694, 6.104793215350435e-18, -0.2607171553620604, 0.24788461153368316, 0.6333873102889178]
other derivatives: [ -1.93863343e+00   7.89930255e-01   6.33804120e-01  -8.72353212e-01
   5.82838311e-01  -8.86757334e-04]
Current x array =  [ -0.59839214  -0.63458577  -0.69007704   0.55682521  -1.98408299
  -9.74060843   0.67601592  -9.          -2.29855446 -10.72262326
  -8.5390437   -1.71677327  -3.45422793  -3.65310667  -4.59662962
  -3.6143727   -3.65310667  -2.30258509  -4.75204822  -3.58620631
  -2.30258509  -3.65310667  -3.69379754  -4.71984109]
log likelihood =  -1023.90611737
Edge derivatives =  [0.13368483566548067, -0.0020976802483562906, -0.7507067095810503, -5.379826349115671e-05, -0.003369572615165451, -0.32381286051988073, -0.37260921077047027, -0.1745767991088581, -0.26822812018326564, -0.18797581134027103, -0.17457679910884183, -2.219521718867818e-17, -0.2771746455005808, -0.1614245222480732, -2.2195262722017243e-17, -0.17457679910884238, 0.242045912189518, 0.5493174179182699]
other derivatives: [  4.01047373e+00  -1.86504394e+00   1.73424723e+00  -1.09494067e+00
   1.03980256e+00  -1.02318154e-03]
Current x array =  [ -0.60968537  -0.62529766  -0.69534231   0.56224976  -1.99080081
  -9.66219351   0.67455737  -9.          -2.26209114 -10.61680041
  -8.4667813   -1.75170055  -3.4922072   -3.67910755  -4.58848048
  -3.64154851  -3.67910755  -2.30258509  -4.73410922  -3.61327059
  -2.30258509  -3.67910755  -3.6931074   -4.65991861]
log likelihood =  -1023.85623406
Edge derivatives =  [0.23366326021591977, -0.002124627405339055, -0.7889770572195368, -3.9362462375617076e-05, -0.0032317592016022517, -0.20751269613830156, -0.32396639386524806, -0.1388000320358479, -0.2794879858979877, -0.1508207351580627, -0.13880003203583646, 1.90973399023888e-16, -0.2996496878575532, -0.12937441444905426, 2.0009573458409058e-16, -0.13880003203583602, 0.24519366544406726, 0.5333247107481405]
other derivatives: [  1.20168124e+00  -6.78141987e-01   3.18198090e-01  -1.01562136e+00
   8.99251518e-01  -1.01181286e-03]
Current x array =  [ -0.60437205  -0.62946622  -0.68865799   0.55792398  -1.97693588
  -9.66857939   0.66292618  -9.          -2.2578032  -10.62278997
  -8.4762019   -1.76236756  -3.50346996  -3.68927003  -4.57401953
  -3.65189232  -3.68927003  -2.30258509  -4.71418765  -3.62087639
  -2.30258509  -3.68927003  -3.69292107  -4.64792459]
log likelihood =  -1023.82060926
Edge derivatives =  [0.13109485838120485, -0.0021430619432589327, -0.7563968958599666, -2.0302468849894458e-05, -0.0032198724239524946, -0.002443770253867855, -0.23312680702034477, -0.0786622717985061, -0.29852202762816854, -0.08785004573643772, -0.0786622717984981, -2.2550825151642836e-16, -0.3376401611021045, -0.07983885538823306, -1.9142021811383757e-16, -0.0786622717984986, 0.23463266953427295, 0.48511185002377183]
other derivatives: [-0.72730018 -0.27531541 -1.0192025  -0.57694933  0.72556077 -0.00110276]
Current x array =  [ -0.60074543  -0.63103529  -0.6826052    0.5424674   -1.9696468
  -9.58830922   0.65642255  -9.          -2.25857055 -10.52736742
  -8.40955052  -1.7810428   -3.52493538  -3.70735482  -4.55193529
  -3.6704573   -3.70735482  -2.30258509  -4.68303045  -3.63366536
  -2.30258509  -3.70735482  -3.68955953  -4.61472905]
log likelihood =  -1023.79511945
Edge derivatives =  [-0.15144076816833485, -0.0021634910279085223, -0.6630869873702561, 1.40303215468926e-05, -0.003135287900384065, 0.15953254621579266, -0.16279301187161435, -0.03758087630675294, -0.30612007214432513, -0.04438343463191396, -0.03758087630674928, -2.9429176656197484e-16, -0.3573514906910432, -0.042273338784396354, -2.9971540505263493e-16, -0.037580876306749444, 0.2194863338438272, 0.44679731410974105]
other derivatives: [-0.73192723  0.20539801 -0.88406296 -0.16871127  0.40764689 -0.00117097]
Current x array =  [ -0.60090901  -0.63283388  -0.68314153   0.52968482  -1.95962456
  -9.54621734   0.65220867  -9.          -2.26458187 -10.47660343
  -8.37474933  -1.79582384  -3.54182676  -3.71994152  -4.54182158
  -3.68351976  -3.71994152  -2.30258509  -4.66758349  -3.64353809
  -2.30258509  -3.71994152  -3.68550822  -4.58926418]
log likelihood =  -1023.74973095
Edge derivatives =  [-0.5276219732784164, -0.002207950728180087, -0.3403266752924906, 0.00012895320985889007, -0.0030079913241487814, 0.31360668036803974, -0.06507516769405565, 0.003154311935444465, -0.2916082178195566, 0.005977543602068182, 0.0031543119354437987, -1.216165466496553e-16, -0.34514318112580705, 0.004541106690011128, -1.8032341380241457e-16, 0.0031543119354442983, 0.17032260551919903, 0.38142655198617903]
other derivatives: [-1.07078222 -0.60573484 -0.50719109  0.16455033 -0.19257413 -0.00118234]
Current x array =  [ -0.60058914  -0.63011665  -0.68490472   0.5207616   -1.93620897
  -9.52772822   0.6416319   -9.          -2.28865024 -10.45180935
  -8.35833367  -1.81045924  -3.565648    -3.73228999  -4.55313174
  -3.69676052  -3.73228999  -2.30258509  -4.67753666  -3.65620504
  -2.30258509  -3.73228999  -3.67332246  -4.54768555]
log likelihood =  -1023.70194466
Edge derivatives =  [-0.6052134891016843, -0.002222340799994107, 0.11817281122896903, 0.0003111374203273082, -0.0030627651413732177, 0.4815616938642825, 0.08917748529656926, 0.06031879240020399, -0.21681411751060245, 0.07374838026580813, 0.06031879240019966, -1.2128986635093706e-16, -0.2682005456325704, 0.0906108008899886, -1.6488523370571133e-16, 0.060318792400200105, 0.0854530442338152, 0.2490414556033526]
other derivatives: [  1.24658754e+00   1.76293042e+00   9.30754140e-01   1.49555035e-01
  -3.68390829e-01  -1.25055521e-03]
Current x array =  [ -0.60496704  -0.63790246  -0.69184033   0.52119551  -1.92505725
  -9.44259751   0.63753895  -9.          -2.32159465 -10.34078596
  -8.27287864  -1.82538236  -3.60431355  -3.7465016   -4.60796616
  -3.71245874  -3.7465016   -2.30258509  -4.73780871  -3.67713956
  -2.30258509  -3.7465016   -3.65061985  -4.46600496]
log likelihood =  -1023.67139265
Edge derivatives =  [-0.33921002853403515, -0.0022294171608634923, 0.34510554340708866, 0.00039647687943610737, -0.003193767454307382, 0.3918073088841495, 0.10842090719432385, 0.04998808737776239, -0.1811497497685905, 0.07130735449936285, 0.049988087377757257, -1.3646148812259886e-17, -0.217117251121964, 0.09342111521030794, -2.808904269045448e-17, 0.04998808737775737, 0.039932474732270844, 0.21024965671933601]
other derivatives: [ 0.59221748  0.27677061  1.01725846 -0.1117769  -0.31172931 -0.00121645]
Current x array =  [ -0.60364713  -0.63242878  -0.69249724   0.52911938  -1.92027998
  -9.45383786   0.63168271  -9.          -2.34060925 -10.35125988
  -8.27713892  -1.81748143  -3.60923684  -3.74247082  -4.64446459
  -3.70874033  -3.74247082  -2.30258509  -4.78188108  -3.67797531
  -2.30258509  -3.74247082  -3.63980867  -4.44410079]
log likelihood =  -1023.64801537
Edge derivatives =  [-0.10217193390156235, -0.0022110912329955422, 0.5143356647220446, 0.0004553219798470284, -0.0035662086093194616, 0.1969313060971859, 0.10555914224770149, 0.02334249686511186, -0.1275252618317044, 0.05030074800597341, 0.023342496865109197, 1.6284040460014078e-16, -0.1436944306797111, 0.08458686126766343, 1.9828643572681e-16, 0.02334249686510953, -0.0044826717198007265, 0.17240922323745492]
other derivatives: [ 0.37596237 -0.47294861  0.61444325 -0.52765472 -0.02280558 -0.00122782]
Current x array =  [ -0.60293629  -0.62949665  -0.69105751   0.54213046  -1.92974702
  -9.43390428   0.63585725  -9.          -2.35479907 -10.32421143
  -8.24938529  -1.79966346  -3.6079815   -3.73224844  -4.69792321
  -3.69849749  -3.73224844  -2.30258509  -4.84743174  -3.67469791
  -2.30258509  -3.73224844  -3.62850906  -4.42219658]
log likelihood =  -1023.63002453
Edge derivatives =  [0.1942279207404536, -0.0021988265510003973, 0.4270860427730485, 0.0004308370641300269, -0.003829820181054068, 0.06421888607332271, 0.10828856401327533, 0.012997239559453422, -0.08727165482893509, 0.03963257017117698, 0.012997239559452978, 7.792655361599277e-17, -0.09643606421962826, 0.08378061384419733, 1.0671159159199023e-16, 0.012997239559453144, -0.034693185400403, 0.1256023275202429]
other derivatives: [ 0.22821496 -0.54503744  0.51356892 -0.53943268  0.25257805 -0.00121645]
Current x array =  [ -0.6024914   -0.6291631   -0.69061372   0.54070533  -1.93642182
  -9.41152127   0.63508287  -9.          -2.34869227 -10.29384575
  -8.22253788  -1.7878781   -3.60933599  -3.72793317  -4.73538981
  -3.69373346  -3.72793317  -2.30258509  -4.89217662  -3.67382209
  -2.30258509  -3.72793317  -3.62083144  -4.39599681]
log likelihood =  -1023.63165521
Edge derivatives =  [-1.0980247785548822, -0.0022205312275423547, 0.12405711982472259, 0.0002974165771328361, -0.004380194475179475, -0.28462101720011185, 0.08575677248178934, -0.025373323417812677, 0.0120244366639013, -0.003556665675327239, -0.025373323417810567, 1.084185178029315e-15, 0.016450205931960553, 0.061726467110514674, 1.0960071326684892e-15, -0.025373323417811344, -0.08652147695617168, 0.029482938200686787]
other derivatives: [  2.59796025e+00  -9.27946076e-01  -1.64652647e+00  -2.38742359e-03
  -5.70571501e-01  -1.35287337e-03]
Current x array =  [ -0.6074271   -0.62876989  -0.68093623   0.5306759   -1.92991266
  -9.39995426   0.64850065  -9.          -2.32553201 -10.2720461
  -8.19639192  -1.75712129  -3.60196178  -3.71279618  -4.82873568
  -3.6764073   -3.71279618  -2.30258509  -5.00487298  -3.66451171
  -2.30258509  -3.71279618  -3.6054387   -4.34187656]
log likelihood =  -1023.61714637
Edge derivatives =  [-0.4304534087400177, -0.00220942758966758, 0.28090081241061976, 0.0003662446598949826, -0.004095507168378208, -0.10357795094691186, 0.09737348473111329, -0.005478934013997461, -0.03775111602491822, 0.01877798512065252, -0.005478934013998349, 6.663661094713049e-17, -0.03997343663574514, 0.07321076899270323, 1.1041829367628487e-16, -0.005478934013998182, -0.05980200591429538, 0.07962203288130401]
other derivatives: [  1.38304586e+00  -7.29869498e-01  -5.22936716e-01  -2.78419066e-01
  -1.44757450e-01  -1.28466127e-03]
Current x array =  [ -0.60488372  -0.62897251  -0.68592307   0.53584409  -1.93326685
  -9.40591477   0.64158643  -9.          -2.33746657 -10.28327953
  -8.20986501  -1.77297037  -3.60576173  -3.72059632  -4.78063427
  -3.68533552  -3.72059632  -2.30258509  -4.9468002   -3.66930938
  -2.30258509  -3.72059632  -3.61337062  -4.36976489]
log likelihood =  -1023.60774546
Edge derivatives =  [-0.15775790159988504, -0.0022013926577258884, -0.04435786039052528, 0.0002556789957244752, -0.004271454783023965, -0.18500631863921846, 0.09748347676675748, -0.00650377059714996, -0.004552200795608068, 0.012928703173667074, -0.00650377059714935, 1.0268054739950274e-19, -0.006266959317354413, 0.07468190552225473, 1.0398967665180924e-19, -0.0065037705971501825, -0.08319204640629435, 0.014628693759042667]
other derivatives: [-0.3135824  -0.28462637  0.47061803 -0.0940986   0.03153673 -0.0013415 ]
Current x array =  [ -0.60161872  -0.6305851   -0.6900523    0.52805578  -1.9371566
  -9.38208701   0.63838401  -9.          -2.31427547 -10.2496524
  -8.18267389  -1.76645393  -3.6087095   -3.72013525  -4.81278042
  -3.68390425  -3.72013525  -2.30258509  -4.98389633  -3.66992117
  -2.30258509  -3.72013525  -3.60830748  -4.33634252]
log likelihood =  -1023.60581782
Edge derivatives =  [0.0066246064226280765, -0.002208871764605281, -0.0472190407311317, 0.0002648460938551913, -0.004162653750304481, -0.13029902782496594, 0.1038374602495359, 0.002689822928665042, -0.01191926822824227, 0.021283992824595907, 0.0026898229286636544, -5.222710576512535e-17, -0.017834722407478815, 0.07924665993225148, -4.8475452021016144e-17, 0.002689822928663488, -0.07351772558990212, 0.020037508027852143]
other derivatives: [ 0.20180551 -0.11132215 -0.01225544 -0.06176606  0.07760264 -0.00137561]
Current x array =  [ -0.60263426  -0.63119639  -0.68779979   0.52567795  -1.93284769
  -9.39217613   0.63303191  -9.          -2.31330382 -10.26214997
  -8.1940468   -1.77112804  -3.60971253  -3.72294108  -4.8021324
  -3.6866544   -3.72294108  -2.30258509  -4.97066101  -3.67083895
  -2.30258509  -3.72294108  -3.61020003  -4.33876148]
log likelihood =  -1023.60518887
Edge derivatives =  [-0.060438439000174565, -0.002215305720175877, -0.03035455223948652, 0.0002715339530501161, -0.004089693205363874, -0.11548302253982466, 0.09829751760707109, 0.0014833524336634873, -0.014938236515526686, 0.019777570643053716, 0.0014833524336637094, 2.870941279457345e-17, -0.020637049907671855, 0.0751647325321512, 1.4064543010930965e-17, 0.0014833524336632098, -0.06794808322746249, 0.02793998225172607]
other derivatives: [-0.03826699  0.05138645 -0.13446879 -0.03669811 -0.01931539 -0.00125056]
Current x array =  [ -0.60224183  -0.63181354  -0.68720032   0.52520909  -1.92934464
  -9.40589066   0.63186818  -9.          -2.31448707 -10.27884101
  -8.20708754  -1.77248253  -3.60784333  -3.72262079  -4.79930093
  -3.6861833   -3.72262079  -2.30258509  -4.96750828  -3.66967297
  -2.30258509  -3.72262079  -3.61146158  -4.3427119 ]
log likelihood =  -1023.60444767
Edge derivatives =  [-0.05404193046333827, -0.00222244838100217, -0.04159476971933265, 0.0002671825957813383, -0.003991542660894498, -0.1024625580573788, 0.08328923512834234, -0.003486802886882745, -0.016830056512755463, 0.013207200396701153, -0.003486802886882967, 6.151190661347985e-18, -0.021819492421032306, 0.0644134397722061, 2.6697152288840686e-17, -0.003486802886882967, -0.05911771353203206, 0.03718219522539894]
other derivatives: [ 0.05463789  0.08348024 -0.06410801 -0.00120508 -0.08313918 -0.00129603]
Current x array =  [ -0.60250154  -0.63198063  -0.68742627   0.5240056   -1.92516462
  -9.42818546   0.62913864  -9.          -2.31382441 -10.30561337
  -8.22768758  -1.77366852  -3.60349745  -3.7213289   -4.7978988
  -3.68442763  -3.7213289   -2.30258509  -4.96629685  -3.66680146
  -2.30258509  -3.7213289   -3.61366105  -4.34747091]
log likelihood =  -1023.60313197
Edge derivatives =  [0.017319265438268394, -0.0022288328878569386, -0.023958651710529688, 0.00027366395220001263, -0.003849366699087206, -0.059673583420355863, 0.057925937641235895, -0.012353740484401743, -0.006393478299720794, 0.0015395696344687529, -0.0123537404844003, 4.440459050585654e-17, -0.006888480157726725, 0.04210012143361164, 4.443855826943672e-17, -0.012353740484400189, -0.04956331621529791, 0.028820272113586384]
other derivatives: [-0.49378741  0.20258994 -0.127352    0.04480398 -0.11183374 -0.00125056]
Current x array =  [ -0.60148853  -0.63241488  -0.68705563   0.52194097  -1.9214198
  -9.45393208   0.62546454  -9.          -2.31572389 -10.33498606
  -8.24912801  -1.77758174  -3.59580901  -3.718544    -4.81082555
  -3.68028701  -3.718544    -2.30258509  -4.98238066  -3.66067405
  -2.30258509  -3.718544    -3.61598812  -4.34296332]
log likelihood =  -1023.60221424
Edge derivatives =  [0.05742053854571652, -0.0022278054851568294, -0.010366509535770008, 0.00027435050160509294, -0.0037947395039272, -0.03807954274950559, 0.04057949812768506, -0.018617069501921046, -0.0021500587546690667, -0.006569250784501421, -0.018617069501918992, -2.8531933503446573e-17, -0.00017420086227552464, 0.02769220200158954, 9.766131512809671e-18, -0.018617069501918992, -0.0424264406230941, 0.027625802986242568]
other derivatives: [-0.22590712  0.02055458  0.00067075  0.03938112 -0.07911467 -0.00125056]
Current x array =  [ -0.60197958  -0.63175673  -0.6876481    0.52189459  -1.92188782
  -9.46365642   0.62514009  -9.          -2.31714722 -10.3462018
  -8.25701187  -1.77943946  -3.59075746  -3.71673568  -4.81672664
  -3.67772085  -3.71673568  -2.30258509  -4.98991977  -3.65688392
  -2.30258509  -3.71673568  -3.61787326  -4.34239555]
log likelihood =  -1023.60164478
Edge derivatives =  [0.0744662515976279, -0.0022220415612560595, 0.004241589852683886, 0.000274103739327127, -0.0037688688878419726, -0.01170881651512802, 0.0259349280759658, -0.022578726388722825, 0.0024759016292011504, -0.012417558215368434, -0.022578726388721104, -8.923222746466367e-17, 0.006494241108431829, 0.01536139619495494, -8.897870801831511e-17, -0.02257872638872177, -0.034962664105352134, 0.023502209122415574]
other derivatives: [-0.03066134 -0.09856649  0.06095888  0.01836042 -0.01198259 -0.00123919]
Current x array =  [ -0.60228178  -0.63129393  -0.68798184   0.52243706  -1.92519451
  -9.4629403    0.6269111   -9.          -2.31851519 -10.34494042
  -8.25534421  -1.78167133  -3.58646193  -3.71552941  -4.82274582
  -3.67576625  -3.71552941  -2.30258509  -4.99743111  -3.65362443
  -2.30258509  -3.71552941  -3.61978823  -4.34028701]
log likelihood =  -1023.60143125
Edge derivatives =  [0.0636377417349786, -0.0022182161452678753, 0.010344366509566327, 0.00027354150394591286, -0.0037555021047460044, 0.0072255260387331655, 0.02065382730289081, -0.021811657590572353, 0.0042372684128638306, -0.01294634504804213, -0.02181165759057152, -2.3347109998486627e-18, 0.008430555705023355, 0.010967675849463294, 6.327720248163921e-19, -0.021811657590571576, -0.029533193777366226, 0.020519135125119842]
other derivatives: [ 0.08035386  0.01499529  0.06932623  0.00497948  0.02053184 -0.00120508]
Current x array =  [ -0.60245121  -0.63165929  -0.68805555   0.52285905  -1.927346
  -9.46004271   0.62846146  -9.          -2.31892798 -10.34128498
  -8.25244188  -1.78325614  -3.58479438  -3.71569181  -4.8245445
  -3.67551426  -3.71569181  -2.30258509  -4.99957222  -3.65238887
  -2.30258509  -3.71569181  -3.6210693   -4.33867788]
log likelihood =  -1023.60127863
Edge derivatives =  [0.020900077441463827, -0.0022150256082153425, 0.009880127625758989, 0.0002702485289812768, -0.003728099147824657, 0.03731064652096787, 0.015191617829589745, -0.018467657060003473, 0.0032287754196707995, -0.011123816613541497, -0.018467657060002474, 7.140437642859043e-17, 0.006808039929858409, 0.006537802994234759, 8.087464130154291e-17, -0.018467657060002363, -0.020645303731837775, 0.018514204605514072]
other derivatives: [ 0.05026095 -0.11516477 -0.03357172  0.00117097  0.03113882 -0.00123919]
Current x array =  [ -0.60235651  -0.63120195  -0.68763993   0.52319214  -1.92949346
  -9.4565816    0.63034846  -9.          -2.31889114 -10.33713193
  -8.24962093  -1.78587653  -3.58309714  -3.71682763  -4.82330568
  -3.67613002  -3.71682763  -2.30258509  -4.99792235  -3.65128295
  -2.30258509  -3.71682763  -3.62331379  -4.33771713]
log likelihood =  -1023.60115855
Edge derivatives =  [-0.006625091953528867, -0.002215321201989009, 0.00035544583951357955, 0.00026700861430245407, -0.0037178546202107456, 0.04379508364544257, 0.015107542454218192, -0.014998771980576586, 0.002301998750340855, -0.008586139244250238, -0.014998771980575198, 3.069505611859931e-16, 0.004750085828108104, 0.006890992526671719, 2.9098048499063164e-16, -0.014998771980575476, -0.01658893503503415, 0.017385256749296772]
other derivatives: [ 0.05511538  0.03714149 -0.02329443  0.00779892  0.01321041 -0.00122782]
Current x array =  [ -0.60237615  -0.63174043  -0.68767541   0.52309318  -1.92930063
  -9.45643647   0.63067705  -9.          -2.3180435  -10.3369104
  -8.24987203  -1.78643111  -3.58299567  -3.71789851  -4.82157638
  -3.6769934   -3.71789851  -2.30258509  -4.99564324  -3.651335
  -2.30258509  -3.71789851  -3.62426429  -4.3370953 ]
log likelihood =  -1023.60108702
Edge derivatives =  [-0.01837815221797459, -0.0022166124339539147, -0.012500714165344956, 0.0002632212388498644, -0.0037108025078613507, 0.04407018424273336, 0.014787931166704422, -0.012252334876285298, 0.0009445392208213953, -0.006540248516739469, -0.012252334876284576, 2.205269469570261e-17, 0.0024207103228234984, 0.007119203055685447, 2.902802083343887e-17, -0.012252334876284243, -0.013429602285566035, 0.016979120059725652]
other derivatives: [ 0.00637783  0.06301661 -0.01646185  0.01656417 -0.00609361 -0.00121645]
Current x array =  [ -0.60230282  -0.63184723  -0.68768564   0.52287951  -1.92858148
  -9.45781021   0.63039065  -9.          -2.31704167 -10.33853417
  -8.25154029  -1.78647598  -3.58291472  -3.71882659  -4.81963326
  -3.67775676  -3.71882659  -2.30258509  -4.99314292  -3.6514246
  -2.30258509  -3.71882659  -3.62506467  -4.33691857]
log likelihood =  -1023.60099346
Edge derivatives =  [-0.015043153157509065, -0.0022177560469431503, -0.024140828204786635, 0.00025976105134667226, -0.0037073297547551404, 0.03894823020484009, 0.011749531152678894, -0.0091100898124995, -0.00032283558011705904, -0.004633375865982663, -0.009110089812499222, 4.03772459113585e-16, 0.00023224609017499787, 0.005379157621126535, 3.5877619129303293e-16, -0.0091100898124995, -0.00799571462207109, 0.016013025219847474]
other derivatives: [-0.0445084   0.05632046 -0.00499085  0.01617764 -0.01630269 -0.00118234]
Current x array =  [ -0.60222334  -0.63183358  -0.68771805   0.52289495  -1.92789856
  -9.46032636   0.62993492  -9.          -2.31617388 -10.34145879
  -8.25426897  -1.78604384  -3.58202995  -3.71992136  -4.81787394
  -3.67848699  -3.71992136  -2.30258509  -4.99086338  -3.65101585
  -2.30258509  -3.71992136  -3.62645581  -4.33647679]
log likelihood =  -1023.60086748
Edge derivatives =  [-0.010152848582831803, -0.002219993815365325, -0.027561457803908507, 0.00025942062823174484, -0.0037094929188388475, 0.02408667160635873, 0.005550604953184515, -0.004040654361224805, -0.0009364698037737824, -0.0017766759489602907, -0.0040406543612263035, 1.9851908726540942e-16, -0.001474421564063225, 0.0011807475819187452, 2.278132382265374e-16, -0.004040654361225859, 0.0013927955943291923, 0.012602822966961642]
other derivatives: [-0.01349463  0.03141167 -0.04586127  0.01240323 -0.0336513  -0.00121645]
Current x array =  [ -0.60230885  -0.63175771  -0.68751874   0.52301222  -1.92660459
  -9.46524654   0.62911946  -9.          -2.3159049  -10.34703777
  -8.25925796  -1.78473854  -3.5800111   -3.72162385  -4.81658846
  -3.67943774  -3.72162385  -2.30258509  -4.98907851  -3.64991393
  -2.30258509  -3.72162385  -3.62878955  -4.33474113]
log likelihood =  -1023.6018072
Edge derivatives =  [-0.013536535279153716, -0.0022149398348477694, -0.014794338454004324, 0.0002596954597865314, -0.0037504318132872945, -0.012766732715596571, -0.014172428046625888, 0.005608981577418848, -0.0031581694459999546, 0.002653318101443848, 0.005608981577419514, -1.559828957921111e-15, -0.004295246764077802, -0.01271479688971281, -1.6020733774935974e-15, 0.005608981577418626, 0.021091742362495766, 0.0014462851201639815]
other derivatives: [-0.51725237 -0.14334773  0.52148152 -0.03676632 -0.01151648 -0.00119371]
Current x array =  [ -0.60132813  -0.63107807  -0.69011712   0.52486994  -1.92907822
  -9.46384866   0.63088193  -9.          -2.31755151 -10.34475578
  -8.25879794  -1.78161761  -3.57455824  -3.72529595  -4.81562245
  -3.68123645  -3.72529595  -2.30258509  -4.987468    -3.64686272
  -2.30258509  -3.72529595  -3.63439389  -4.32971777]
log likelihood =  -1023.60082873
Edge derivatives =  [-0.010719736004404623, -0.002219154983387915, -0.025440108074969436, 0.0002594644320342113, -0.0037162909440871254, 0.017982032593799727, 0.0022897641115161363, -0.0024365566427054786, -0.001304501058752898, -0.001040680608711833, -0.002436556642706089, 1.5592306185630766e-16, -0.0019420754949392577, -0.001120037243618012, 1.4482165004487576e-16, -0.0024365566427054786, 0.0046687551376123765, 0.010756702952749442]
other derivatives: [-0.09689529  0.00245564  0.04857839  0.00425189 -0.02992238 -0.00120508]
Current x array =  [ -0.60214614  -0.63164495  -0.68794984   0.52332044  -1.92701499
  -9.46501462   0.62941187  -9.          -2.31617809 -10.34665917
  -8.25918164  -1.78422075  -3.57910642  -3.72223309  -4.81642818
  -3.67973616  -3.72223309  -2.30258509  -4.98881131  -3.6494077
  -2.30258509  -3.72223309  -3.62971937  -4.3339077 ]
log likelihood =  -1023.60077479
Edge derivatives =  [0.0011966832672995753, -0.0022192576145987544, -0.015826305269561858, 0.0002626624690441586, -0.0037236773253139406, 0.0086885309407016, -0.0012651358569181724, -0.0010461018364069652, -0.0004113376752216055, -0.0005852067043517553, -0.0010461018364068542, -4.769046133088008e-16, -0.0009986669175191497, -0.003877016226578836, -4.950415872178433e-16, -0.0010461018364068542, 0.008175462680728864, 0.008239653019895585]
other derivatives: [-0.03235527 -0.00902673  0.0197474  -0.00400178 -0.02297611 -0.00123919]
Current x array =  [ -0.60226694  -0.63159566  -0.68782895   0.52351803  -1.92692419
  -9.4666612    0.62922315  -9.          -2.31690611 -10.34840677
  -8.2606675   -1.78338405  -3.57789726  -3.72266807  -4.81731877
  -3.67979517  -3.72266807  -2.30258509  -4.98983996  -3.64864895
  -2.30258509  -3.72266807  -3.63056769  -4.33259236]
log likelihood =  -1023.60075134
Edge derivatives =  [0.010469622853739036, -0.0022184886662332654, -0.0040647240756349345, 0.0002662657982799907, -0.0037332939886483823, 0.0019240040173568868, -0.002650866705081429, -0.0009254664886494401, 0.0006585046733264856, -0.0007459637443583064, -0.000925466488648552, -5.838809798942683e-17, 0.00042858291248080126, -0.005054694290065609, -6.125498523546985e-17, -0.0009254664886492736, 0.00858198196413678, 0.006405191667131646]
other derivatives: [ 0.00916316 -0.00686668  0.00195541 -0.00995897 -0.00960654 -0.00126192]
Current x array =  [ -0.60233395  -0.63158928  -0.68776406   0.52364516  -1.92734515
  -9.46656341   0.62936149  -9.          -2.31779552 -10.34813729
  -8.26043913  -1.78277017  -3.57736744  -3.72266478  -4.81858322
  -3.67963445  -3.72266478  -2.30258509  -4.99137888  -3.64830486
  -2.30258509  -3.72266478  -3.63064271  -4.3316248 ]
log likelihood =  -1023.60074377
Edge derivatives =  [0.008028873982931617, -0.002218072995436346, 0.00019677745064428098, 0.00026739229143632324, -0.0037371760164489334, -0.0007731399963371716, -0.0024086786327180143, -0.0009527259292301249, 0.0009815868111845982, -0.0007488338908762382, -0.0009527259292300694, -1.2529437430593153e-15, 0.0008904159541001933, -0.00478740041919163, -1.2565843652967671e-15, -0.0009527259292290702, 0.007738799491685322, 0.005737191885687654]
other derivatives: [ 0.00743512 -0.00044338 -0.0037403  -0.00740101 -0.006753   -0.00115961]
Current x array =  [ -0.60232538  -0.63160867  -0.68774434   0.52356252  -1.92760606
  -9.46628443   0.62953586  -9.          -2.31811493 -10.34774313
  -8.26016082  -1.7825304   -3.57739706  -3.72263479  -4.81898528
  -3.67959264  -3.72263479  -2.30258509  -4.9918742   -3.64836448
  -2.30258509  -3.72263479  -3.63042317  -4.33127511]
log likelihood =  -1023.60076542
Edge derivatives =  [-0.0037186135084474603, -0.0022166745099591214, 0.0032617280480757016, 0.0002670953714156185, -0.003742214128135418, -0.003347804849120825, -0.00011786601046088335, 0.00022503434367876496, 0.0008193880093496572, 0.0003390117445049509, 0.00022503434367687758, -1.9997742423740744e-16, 0.00042146460375818394, -0.002200516622149623, -2.1050650624034415e-16, 0.0002250343436769331, 0.0047806567716475665, 0.003982756133530909]
other derivatives: [ 0.17246293 -0.01195986  0.04920366  0.00700311  0.00197815 -0.00122782]
Current x array =  [ -0.60262983  -0.63156364  -0.68799972   0.52312917  -1.92845116
  -9.46513977   0.63015608  -9.          -2.31832213 -10.34622654
  -8.25940312  -1.78227411  -3.57799779  -3.72299912  -4.81861831
  -3.67995973  -3.72299912  -2.30258509  -4.99139151  -3.64905334
  -2.30258509  -3.72299912  -3.62969421  -4.33040558]
log likelihood =  -1023.60074022
Edge derivatives =  [0.00481626931729634, -0.002217691503985954, 0.0010334647297310096, 0.00026731100810925486, -0.003738551906239691, -0.0014759213425023926, -0.0017832163557392929, -0.0006311807996124963, 0.000937324983679131, -0.0004518402314829806, -0.0006311807996131069, -2.121225243086795e-16, 0.0007624253280196086, -0.004081069972766034, -2.4872245951671366e-16, -0.0006311807996123853, 0.0069315108000487305, 0.005258423537292157]
other derivatives: [ 0.05244374 -0.0035925   0.01068656 -0.00347882 -0.00441105 -0.00122782]
Current x array =  [ -0.60240848  -0.63159637  -0.68781405   0.52344423  -1.92783675
  -9.46597196   0.62970517  -9.          -2.3181715  -10.34732914
  -8.25995399  -1.78246044  -3.57756104  -3.72273424  -4.81888511
  -3.67969285  -3.72273424  -2.30258509  -4.99174244  -3.64855252
  -2.30258509  -3.72273424  -3.63022418  -4.33103775]
log likelihood =  -1023.6007321
Edge derivatives =  [-0.0011767518451342995, -0.002217322800125941, 0.003787670640400226, 0.00026785917897428836, -0.0037416081281135966, -0.004843490847358467, -0.0009324304482822808, -0.00032453094070106214, 0.001004841974014254, -0.00011071412886041326, -0.00032453094070106214, -9.468027337484262e-17, 0.0008570277539412773, -0.0030794672248347157, -6.016685620931611e-17, -0.0003245309407013952, 0.005411746136697516, 0.004428957290369077]
other derivatives: [ 0.02268052  0.00259206 -0.00029559  0.00425189 -0.00403588 -0.00119371]
Current x array =  [ -0.60234761  -0.63161847  -0.68776813   0.52320757  -1.92810385
  -9.46588879   0.62990166  -9.          -2.31837245 -10.34714327
  -8.2599626   -1.78217012  -3.57777018  -3.72281508  -4.8189689
  -3.67977181  -3.72281508  -2.30258509  -4.99184135  -3.64881262
  -2.30258509  -3.72281508  -3.62983914  -4.33061426]
log likelihood =  -1023.60072718
Edge derivatives =  [-0.0017960477179878032, -0.0022172271620918512, 0.0027511371021572417, 0.00026736705862602994, -0.0037407758745702483, -0.006064974291542527, -0.00032257451762177786, 0.0002841829434984122, 0.0007561311136517462, 0.00041750388132665017, 0.0002841829434977461, 3.485684492973045e-16, 0.00044898173115643855, -0.002185178840592772, 3.2165658275000344e-16, 0.0002841829434981902, 0.0045955752819466025, 0.003869863119005855]
other derivatives: [ 0.00632099  0.00502496 -0.00458158  0.00887894 -0.00343334 -0.00122782]
Current x array =  [ -0.60231592  -0.63162858  -0.68774761   0.52304786  -1.92818197
  -9.46623293   0.62992459  -9.          -2.31828344 -10.34748531
  -8.26043941  -1.78206723  -3.57793446  -3.72301063  -4.81862174
  -3.67994831  -3.72301063  -2.30258509  -4.99140243  -3.64905283
  -2.30258509  -3.72301063  -3.62963545  -4.33033665]
log likelihood =  -1023.60072114
Edge derivatives =  [0.0011303810614189669, -0.002217246459803093, -5.935019518538143e-06, 0.00026632472661354534, -0.0037369876235458263, -0.006586317838282438, 0.0004174774485739448, 0.0012378240327614032, 0.0003091714921257434, 0.0012071821523568851, 0.0012378240327626244, 1.6244253033176444e-15, -0.0002747397877230079, -0.0009005837327121513, 1.6601746752616918e-15, 0.001237824032762458, 0.0034439706541841975, 0.003011819297258876]
other derivatives: [-0.00817408 -0.00239879 -0.00926548  0.01224407 -0.00195541 -0.00117097]
Current x array =  [ -0.6022892   -0.63160493  -0.68772339   0.52291423  -1.928186
  -9.46712642   0.62985374  -9.          -2.31806243 -10.34843066
  -8.26154244  -1.78202648  -3.57814275  -3.72332616  -4.81800491
  -3.68022416  -3.72332616  -2.30258509  -4.990629    -3.64940272
  -2.30258509  -3.72332616  -3.62935135  -4.32991506]
log likelihood =  -1023.60071573
Edge derivatives =  [0.005269268553428602, -0.00221742655933994, -0.0023108667035403874, 0.00026551758093853003, -0.003730620869492837, -0.006768713571866786, 0.0008058046424149999, 0.0024259470058659582, -7.530125785298707e-05, 0.0020682956158747934, 0.0024259470058664023, 1.3609863514565908e-16, -0.0009862823898031618, 0.00032170714421934227, 1.8030455722192758e-16, 0.0024259470058661803, 0.0024018228439248723, 0.0017493581378172016]
other derivatives: [-0.01198259  0.02888783 -0.00409273  0.01047056 -0.00172804 -0.00119371]
Current x array =  [ -0.60228506  -0.63171366  -0.68774054   0.52294567  -1.9280399
  -9.46866359   0.62972358  -9.          -2.31785518 -10.35007522
  -8.26331448  -1.78200695  -3.57823391  -3.72370284  -4.81739157
  -3.68051643  -3.72370284  -2.30258509  -4.98986189  -3.64971879
  -2.30258509  -3.72370284  -3.6290759   -4.3292687 ]
log likelihood =  -1023.60070725
Edge derivatives =  [0.008491834981655677, -0.002217683743003809, -0.0038629159741091768, 0.0002647608147789133, -0.0037222046678098497, -0.005591014805121738, 0.001423627046812849, 0.003182559669613394, -0.0003676923887957276, 0.0026560065191778004, 0.003182559669613283, 4.216390038019767e-17, -0.0014451998045347855, 0.001809028133058381, 4.32777260758211e-17, 0.003182559669613283, 0.00015964500894870975, 0.00019629766183553582]
other derivatives: [-0.01391527 -0.00235332 -0.01002718  0.00607088 -0.00238742 -0.00120508]
Current x array =  [ -0.60228412  -0.63160629  -0.68771227   0.52309098  -1.92789018
  -9.4704768    0.62960375  -9.          -2.31773538 -10.35198822
  -8.26537246  -1.78211073  -3.57841296  -3.72395761  -4.81699379
  -3.68071502  -3.72395761  -2.30258509  -4.98938478  -3.65012293
  -2.30258509  -3.72395761  -3.62851885  -4.32849566]
log likelihood =  -1023.6006993
Edge derivatives =  [0.00932933731222732, -0.0022179382033715098, -0.00234723530735631, 0.00026506563021795685, -0.003715034286803207, -0.003908977034923655, 0.0014181751079878346, 0.003128242567845496, -0.00020964709170534328, 0.0025362487834822214, 0.003128242567846551, 8.383339451131268e-17, -0.0011948910978493241, 0.0023669014316066023, 6.314505512745389e-18, 0.003128242567845829, -0.0015428931231342008, -0.0009563478682314171]
other derivatives: [-0.00559339 -0.00760565 -0.00765112 -0.00193268 -0.00452474 -0.00125056]
Current x array =  [ -0.60230224  -0.63158699  -0.68772298   0.52336935  -1.92771004
  -9.47199318   0.62953724  -9.          -2.31785047 -10.35358216
  -8.2669806   -1.78225222  -3.57840913  -3.72393424  -4.81719089
  -3.68065942  -3.72393424  -2.30258509  -4.9896629   -3.65026351
  -2.30258509  -3.72393424  -3.62808453  -4.32790445]
log likelihood =  -1023.60068912
Edge derivatives =  [0.0038592743028683374, -0.002218247082529012, 0.0005289440143599888, 0.0002653564142929545, -0.003702410114500202, -0.001719913197196471, 0.000604862078540009, 0.002688072588949264, 0.00012975040357514345, 0.0019464946210891385, 0.002688072588948931, 6.083656721649105e-18, -0.0005809305982314664, 0.0023501055301452176, 3.013852992287265e-18, 0.002688072588948931, -0.0034077371801479878, -0.0027502241923733316]
other derivatives: [-0.01080025 -0.0099817   0.01228955 -0.00835598 -0.01127773 -0.00125056]
Current x array =  [ -0.60229631  -0.63157902  -0.68781188   0.52363605  -1.92750219
  -9.47468902   0.62954606  -9.          -2.31809603 -10.35641044
  -8.26980276  -1.78244189  -3.57818385  -3.72379794  -4.81770501
  -3.68045484  -3.72379794  -2.30258509  -4.99037163  -3.65025951
  -2.30258509  -3.72379794  -3.62762099  -4.32699601]
log likelihood =  -1023.60068752
Edge derivatives =  [-0.004181565212227095, -0.0022189214658134148, 0.003112129244050854, 0.0002651544690848771, -0.0036768157050292797, 0.004995043013782022, 9.29725261459742e-05, 0.001412887608066793, 0.0008098708884777418, 0.0006540476344622445, 0.0014128876080666264, -2.6941244964923544e-16, 0.00048447774847877774, 0.002821954117217071, -3.219653772518115e-16, 0.0014128876080666264, -0.006594331767460271, -0.004689575262618494]
other derivatives: [ 0.054672    0.01004992 -0.043201   -0.01514309 -0.01972467 -0.00117097]
Current x array =  [ -0.60242593  -0.6316558   -0.68755975   0.52391077  -1.92712863
  -9.47964935   0.62950798  -9.          -2.31823764 -10.36167348
  -8.27499404  -1.78300172  -3.57798939  -3.723333    -4.81842176
  -3.67997848  -3.723333    -2.30258509  -4.99142769  -3.65030567
  -2.30258509  -3.723333    -3.62673723  -4.32592834]
  status: 0
 success: True
    nfev: 106
     fun: 1023.6006875229901
       x: array([ -0.60242593,  -0.6316558 ,  -0.68755975,   0.52391077,
        -1.92712863,  -9.47964935,   0.62950798,  -9.        ,
        -2.31823764, -10.36167348,  -8.27499404,  -1.78300172,
        -3.57798939,  -3.723333  ,  -4.81842176,  -3.67997848,
        -3.723333  ,  -2.30258509,  -4.99142769,  -3.65030567,
        -2.30258509,  -3.723333  ,  -3.62673723,  -4.32592834])
 message: 'CONVERGENCE: REL_REDUCTION_OF_F_<=_FACTR*EPSMCH'
     jac: array([ -5.46720003e-02,  -1.00499165e-02,   4.32009983e-02,
         1.51430868e-02,   1.97246663e-02,   1.17097443e-03,
         4.18156521e-03,   2.21892147e-03,  -3.11212924e-03,
        -2.65154469e-04,   3.67681571e-03,  -4.99504301e-03,
        -9.29725261e-05,  -1.41288761e-03,  -8.09870888e-04,
        -6.54047634e-04,  -1.41288761e-03,   2.69412450e-16,
        -4.84477748e-04,  -2.82195412e-03,   3.21965377e-16,
        -1.41288761e-03,   6.59433177e-03,   4.68957526e-03])
     nit: 96
