number of sites to be analyzed:  621
Successfully loaded parameter value from ./save/HKY_ENSG00000101327_ENSG00000181195_nonclock_save.txt
log likelihood =  -2903.85606488
Edge derivatives =  [0.0003580883403342394, -0.032470413471345626, -0.0033178015090576246, -0.006497880279062507, -0.00098483661759418, -0.000991155989288374, -0.00047344742459572414, -0.0013756633286281222, 0.002381037374734725, -0.004745747250357479, -0.0013756633286182863, -1.8807297328153122e-14, -0.000801304870909467, 0.007252056165892893, -1.8718473512571343e-14, -0.001375663328626115, 0.0018553209832667533, 0.0018430277578679877]
other derivatives: [ -1.76896719e-02   3.31965566e-03  -1.31876732e-03  -2.63753464e-03
   9.09494702e-05]
Current x array =  [ -0.589306    -0.84685569  -0.58705946   1.01188168 -10.88055004
  -1.0506904   -9.          -4.63694999  -3.46668085  -3.0021147
  -3.18092365  -5.59913715  -4.9438727   -5.91925659  -4.67062961
  -4.9438727   -2.30258509  -5.69930495  -4.64445425  -2.30258509
  -4.9438727   -5.32922113  -5.32924383]
log likelihood =  -2904.07135219
Edge derivatives =  [-0.44156674912308547, -0.03269251356624608, 0.05891594125640688, 0.2027840071772674, 0.04796312056601355, 0.008017775364729605, 0.0026355237740982923, 0.011705884110295887, -0.0026813352207498654, 0.0471290064393175, 0.011705884110288228, -9.120936903874214e-15, 0.002781771978424475, -0.07826238088238714, -9.073011590877592e-15, 0.01170588411029635, -0.008568681808375625, -0.00920200845856676]
other derivatives: [  2.34990239e+01  -1.34618858e+00   1.16774572e+00   9.71203917e-01
  -6.36646291e-04]
Current x array =  [ -0.60699568  -0.84353604  -0.58837823   1.00924415 -10.88045909
  -1.05033231  -9.          -4.64026779  -3.47317873  -3.00309954
  -3.18191481  -5.5996106   -4.94524836  -5.91687555  -4.67537536
  -4.94524836  -2.30258509  -5.70010626  -4.6372022   -2.30258509
  -4.94524836  -5.32736581  -5.3274008 ]
log likelihood =  -2903.8560646
Edge derivatives =  [-0.0001512405339516576, -0.03247067154075835, -0.003250800615448822, -0.006269417775705, -0.0009326939845531734, -0.000983101476894642, -0.0004703347913747038, -0.001361812843017519, 0.0023753149933449427, -0.004689417436224974, -0.0013618128430143654, 0.0, -0.0007976113690444757, 0.007157997095532685, 0.0, -0.0013618128430220762, 0.0018435721838327007, 0.001830591699101958]
other derivatives: [ 0.00991349  0.00122782 -0.0003638   0.         -0.00095497]
Current x array =  [ -0.58932539  -0.84685206  -0.58706091   1.01187879 -10.88054994
  -1.05069001  -9.          -4.63695363  -3.46668797  -3.00211578
  -3.18092474  -5.59913767  -4.94387421  -5.91925398  -4.67063482
  -4.94387421  -2.30258509  -5.69930583  -4.6444463   -2.30258509
  -4.94387421  -5.32921909  -5.32924181]
  status: 0
 success: True
    nfev: 3
     fun: 2903.8560646013584
       x: array([ -0.58932539,  -0.84685206,  -0.58706091,   1.01187879,
       -10.88054994,  -1.05069001,  -9.        ,  -4.63695363,
        -3.46668797,  -3.00211578,  -3.18092474,  -5.59913767,
        -4.94387421,  -5.91925398,  -4.67063482,  -4.94387421,
        -2.30258509,  -5.69930583,  -4.6444463 ,  -2.30258509,
        -4.94387421,  -5.32921909,  -5.32924181])
 message: 'CONVERGENCE: REL_REDUCTION_OF_F_<=_FACTR*EPSMCH'
     jac: array([-0.00991349, -0.00122782,  0.0003638 , -0.        ,  0.00095497,
        0.00015124,  0.03247067,  0.0032508 ,  0.00626942,  0.00093269,
        0.0009831 ,  0.00047033,  0.00136181, -0.00237531,  0.00468942,
        0.00136181, -0.        ,  0.00079761, -0.007158  , -0.        ,
        0.00136181, -0.00184357, -0.00183059])
     nit: 1
