number of sites to be analyzed:  108
Successfully loaded parameter value from ./save/MG94_ENSG00000163155_ENSG00000140280_nonclock_save.txt
log likelihood =  -1367.57920212
Edge derivatives =  [-0.0017313846205589956, -0.005817823903039574, -0.0023806288507093737, -0.005863487505748194, -0.0005025555596079971, 0.00548094930384635, 0.0017941187372437772, -0.0009234323787047014, 0.0002347756955567229, -0.005455839847020723, -0.0009234323787047985, 1.2733306755698747e-15, -0.004571869388326169, -0.0026109677707337187, 1.2139600801531336e-15, -0.000923432378704913, -1.2281796535116038e-05, 0.0013599236846460055]
other derivatives: [ 0.01264198 -0.01707576  0.01082299  0.01471108 -0.00522959 -0.00011369]
Current x array =  [ -0.66501127  -0.54664909  -0.69767184   0.67369908  -0.87302232
 -12.99936035  -0.02964904  -9.          -3.23309346  -2.35394645
  -5.05032487  -2.37629056  -4.60172687  -4.5326811   -4.675273
  -5.36244737  -4.5326811   -2.30258509  -5.36259814  -3.56944048
  -2.30258509  -4.5326811  -16.6756649   -4.26997938]
log likelihood =  -1367.71016039
Edge derivatives =  [0.39113039087475565, -0.005866247568001445, 0.04605832505605317, 0.07500348163307913, 0.01067742568151715, -0.09160390502617508, -0.006109040484393712, 0.004106334990157067, 0.0006384219391389022, 0.0004983476633864323, 0.004106334990156561, -2.3403222187793065e-15, 0.00048242427380833404, 0.015747395409908924, -2.346991348399157e-15, 0.004106334990156755, -1.2275990221037922e-05, -0.0014039232965759457]
other derivatives: [ -7.64873676e+00   6.96106781e+00  -2.92216100e+00  -7.94193511e-01
   3.26372174e-01  -4.54747351e-05]
Current x array =  [ -0.6523693   -0.56372485  -0.68684885   0.68841016  -0.87825192
 -12.99947404  -0.03138043  -9.          -3.23547409  -2.35980994
  -5.05082743  -2.37080961  -4.59993275  -4.53360453  -4.67503822
  -5.36790321  -4.53360453  -2.30258509  -5.36717001  -3.57205145
  -2.30258509  -4.53360453 -16.67567719  -4.26861946]
log likelihood =  -1367.57920041
Edge derivatives =  [-0.0002790171648269224, -0.00581800007692489, -0.0022037118810678546, -0.005567091942920793, -0.0004618254562673233, 0.005138308211015102, 0.0017662793417660971, -0.0009046879824132006, 0.00023679846451027733, -0.005434108682535667, -0.0009046879824140333, 4.199304157682138e-16, -0.004553385020349493, -0.0025432224359230246, 4.0981975198499094e-16, -0.0009046879824137696, -1.2281772122080602e-05, 0.001350861886352927]
other derivatives: [-0.01434728  0.00873115  0.00043201  0.01189164 -0.00402451  0.        ]
Current x array =  [ -0.66496588  -0.54671041  -0.69763297   0.67375191  -0.8730411
 -12.99936076  -0.02965526  -9.          -3.23310201  -2.3539675
  -5.05032668  -2.37627088  -4.60172043  -4.53268442  -4.67527215
  -5.36246696  -4.53268442  -2.30258509  -5.36261456  -3.56944986
  -2.30258509  -4.53268442 -16.67566495  -4.2699745 ]
  status: 0
 success: True
    nfev: 3
     fun: 1367.5792004125144
       x: array([ -0.66496588,  -0.54671041,  -0.69763297,   0.67375191,
        -0.8730411 , -12.99936076,  -0.02965526,  -9.        ,
        -3.23310201,  -2.3539675 ,  -5.05032668,  -2.37627088,
        -4.60172043,  -4.53268442,  -4.67527215,  -5.36246696,
        -4.53268442,  -2.30258509,  -5.36261456,  -3.56944986,
        -2.30258509,  -4.53268442, -16.67566495,  -4.2699745 ])
 message: 'CONVERGENCE: REL_REDUCTION_OF_F_<=_FACTR*EPSMCH'
     jac: array([  1.43472789e-02,  -8.73114914e-03,  -4.32009983e-04,
        -1.18916432e-02,   4.02451406e-03,  -0.00000000e+00,
         2.79017165e-04,   5.81800008e-03,   2.20371188e-03,
         5.56709194e-03,   4.61825456e-04,  -5.13830821e-03,
        -1.76627934e-03,   9.04687982e-04,  -2.36798465e-04,
         5.43410868e-03,   9.04687982e-04,  -4.19930416e-16,
         4.55338502e-03,   2.54322244e-03,  -4.09819752e-16,
         9.04687982e-04,   1.22817721e-05,  -1.35086189e-03])
     nit: 1
