number of sites to be analyzed:  159
Successfully loaded parameter value from ./save/MG94_ENSG00000148834_ENSG00000065621_nonclock_save.txt
log likelihood =  -1977.44092921
Edge derivatives =  [0.008792090316862566, 0.0043361944664106755, -0.0009444509712077387, -0.007742641976590303, -0.0015188129770345588, -0.0016527621169333262, 0.0015726854347868913, 0.004526710182223309, -0.0003119148066742502, 0.0003503480100906023, 0.004526710182223392, -8.630675119198157e-16, -0.0021590257837714785, -0.0010718524355644438, -8.845700479299038e-16, 0.004526710182223621, 0.00029997639239813, -0.00017248992364938664]
other derivatives: [-0.01609806 -0.03269633 -0.00497948  0.00031832 -0.00663931  0.00288765]
Current x array =  [ -0.65504722  -0.65076918  -0.80860049   0.93247005  -1.23172549
  -2.95819266  -0.73383591  -1.84041944  -2.27995511  -1.77067277
  -3.4737636   -2.48491773  -4.0389484   -3.97661591 -13.80936962
  -4.30388284  -3.97661591  -2.30258509  -5.18869845  -3.76642011
  -2.30258509  -3.97661591  -5.7540012   -5.74942015]
log likelihood =  -1977.77569632
Edge derivatives =  [-0.3949407292934394, 0.0256494999412632, 0.1893144320927296, 0.41399222188075796, 0.03005597842186397, 0.13511767961918647, 0.004970639778132772, -0.0004459706961423282, -0.00031081808771770433, 0.00802580661704181, -0.0004459706961419188, 3.500551234322991e-17, 0.011442224300217312, 0.024345679790536423, 2.9023524244286255e-17, -0.0004459706961412943, 0.0030703010228911214, 0.003195234676780184]
other derivatives: [ 13.04285888  13.282488     1.75537025  -0.27257556   0.22321274
   0.02444267]
Current x array =  [ -0.67114528  -0.68346552  -0.81357997   0.93278837  -1.2383648
  -2.95530502  -0.72504382  -1.83608324  -2.28089956  -1.77841541
  -3.47528242  -2.48657049  -4.03737572  -3.9720892  -13.80968154
  -4.30353249  -3.9720892   -2.30258509  -5.19085747  -3.76749196
  -2.30258509  -3.9720892   -5.75370123  -5.74959264]
log likelihood =  -1977.44092729
Edge derivatives =  [0.007943001276145889, 0.0044063879553295215, -0.00046939372972656934, -0.006695802874060852, -0.0014365828549526977, -0.0013048370107266727, 0.0015857497164086173, 0.004519991726409184, -0.00031191193050190914, 0.0003722714564908039, 0.0045199917264101205, 3.8705288113273565e-16, -0.0021251550708995884, -0.0010052185726523305, 3.8185341047513596e-16, 0.004519991726410086, 0.000307419574775359, -0.0001636150729548598]
other derivatives: [ 0.01573426  0.00081855 -0.00065938 -0.00015916 -0.00593445  0.00302407]
Current x array =  [ -0.65508532  -0.65084656  -0.80861227   0.9324708   -1.2317412
  -2.95818583  -0.73381511  -1.84040917  -2.27995734  -1.77069109
  -3.4737672   -2.48492164  -4.03894468  -3.97660519 -13.80937036
  -4.30388201  -3.97660519  -2.30258509  -5.18870356  -3.76642264
  -2.30258509  -3.97660519  -5.75400049  -5.74942056]
  status: 0
 success: True
    nfev: 3
     fun: 1977.440927286493
       x: array([ -0.65508532,  -0.65084656,  -0.80861227,   0.9324708 ,
        -1.2317412 ,  -2.95818583,  -0.73381511,  -1.84040917,
        -2.27995734,  -1.77069109,  -3.4737672 ,  -2.48492164,
        -4.03894468,  -3.97660519, -13.80937036,  -4.30388201,
        -3.97660519,  -2.30258509,  -5.18870356,  -3.76642264,
        -2.30258509,  -3.97660519,  -5.75400049,  -5.74942056])
 message: 'CONVERGENCE: REL_REDUCTION_OF_F_<=_FACTR*EPSMCH'
     jac: array([ -1.57342583e-02,  -8.18545232e-04,   6.59383659e-04,
         1.59161573e-04,   5.93445293e-03,  -3.02406988e-03,
        -7.94300128e-03,  -4.40638796e-03,   4.69393730e-04,
         6.69580287e-03,   1.43658285e-03,   1.30483701e-03,
        -1.58574972e-03,  -4.51999173e-03,   3.11911931e-04,
        -3.72271456e-04,  -4.51999173e-03,  -3.87052881e-16,
         2.12515507e-03,   1.00521857e-03,  -3.81853410e-16,
        -4.51999173e-03,  -3.07419575e-04,   1.63615073e-04])
     nit: 1
