number of sites to be analyzed:  621
Successfully loaded parameter value from ./save/HKY_ENSG00000101327_ENSG00000181195_nonclock_save.txt
log likelihood =  -2903.8560642
Edge derivatives =  [-0.0002354746746026093, -0.0324706715508685, -0.0030930388190392316, -0.005687172290791409, -0.0008433479714382505, -0.0009269279331974092, -0.0004507472774612836, -0.0013293657943934944, 0.0023598236573738017, -0.0045394019065513325, -0.001329365794390724, 4.407855809341446e-15, -0.0007898938293646046, 0.006920603497605295, 4.357877220824476e-15, -0.0013293657943904639, 0.0018129719105102974, 0.001800020807762941]
other derivatives: [ 0.00750333  0.0001819   0.00022737 -0.00391083 -0.00172804]
Current x array =  [ -0.58932602  -0.8468506   -0.58706327   1.01187551 -10.88055308
  -1.05068992  -9.          -4.63696285  -3.46670557  -3.00211839
  -3.18092751  -5.599139    -4.9438781   -5.91924717  -4.67064818
  -4.9438781   -2.30258509  -5.69930811  -4.64442591  -2.30258509
  -4.9438781   -5.32921382  -5.32923657]
log likelihood =  -2903.89544237
Edge derivatives =  [0.11369434659544009, -0.03237552055620965, 0.04975210033690903, 0.18331736696379153, 0.022485785709107316, 0.02468556357056543, 0.008504011666496641, 0.009298335482234016, -0.00337146039828245, 0.04758173110921671, 0.009298335482232889, 0.0, 0.0019199657533846368, -0.07316520705976805, 0.0, 0.009298335482224444, -0.008498418863746887, -0.008257169581106243]
other derivatives: [ -1.02291324e+01  -1.85900717e-01  -3.11320036e-01   9.99989425e-02
  -2.72848411e-04]
Current x array =  [ -0.58182269  -0.8466687   -0.58683589   1.00796469 -10.88228112
  -1.0509254   -9.          -4.64005589  -3.47239274  -3.00296174
  -3.18185444  -5.59958975  -4.94520746  -5.91688734  -4.67518758
  -4.94520746  -2.30258509  -5.70009801  -4.6375053   -2.30258509
  -4.94520746  -5.32740085  -5.32743655]
log likelihood =  -2903.85606392
Edge derivatives =  [4.940758694449432e-05, -0.032470430399227417, -0.002956033977912227, -0.005194959043263392, -0.000783417387381441, -0.0008612127625908655, -0.00042754864472938255, -0.0013019495993154724, 0.0023448512411476065, -0.0044038435083245675, -0.0013019495993190737, 0.0, -0.0007829489299235187, 0.0067127690738893395, 0.0, -0.0013019495993201891, 0.0017860309304012605, 0.0017737383776951134]
other derivatives: [-0.01582521  0.00281943  0.00122782 -0.00109139 -0.00122782]
Current x array =  [ -0.58930651  -0.84685012  -0.58706267   1.01186534 -10.88055758
  -1.05069054  -9.          -4.63697089  -3.46672035  -3.00212058
  -3.18092992  -5.59914017  -4.94388156  -5.91924103  -4.67065998
  -4.94388156  -2.30258509  -5.69931017  -4.64440791  -2.30258509
  -4.94388156  -5.3292091   -5.32923189]
  status: 0
 success: True
    nfev: 3
     fun: 2903.8560639219177
       x: array([ -0.58930651,  -0.84685012,  -0.58706267,   1.01186534,
       -10.88055758,  -1.05069054,  -9.        ,  -4.63697089,
        -3.46672035,  -3.00212058,  -3.18092992,  -5.59914017,
        -4.94388156,  -5.91924103,  -4.67065998,  -4.94388156,
        -2.30258509,  -5.69931017,  -4.64440791,  -2.30258509,
        -4.94388156,  -5.3292091 ,  -5.32923189])
 message: 'CONVERGENCE: REL_REDUCTION_OF_F_<=_FACTR*EPSMCH'
     jac: array([  1.58252078e-02,  -2.81943358e-03,  -1.22781785e-03,
         1.09139364e-03,   1.22781785e-03,  -4.94075869e-05,
         3.24704304e-02,   2.95603398e-03,   5.19495904e-03,
         7.83417387e-04,   8.61212763e-04,   4.27548645e-04,
         1.30194960e-03,  -2.34485124e-03,   4.40384351e-03,
         1.30194960e-03,  -0.00000000e+00,   7.82948930e-04,
        -6.71276907e-03,  -0.00000000e+00,   1.30194960e-03,
        -1.78603093e-03,  -1.77373838e-03])
     nit: 1
