number of sites to be analyzed:  213
Successfully loaded parameter value from ./save/MG94_ENSG00000187257_ENSG00000081019_nonclock_save.txt
log likelihood =  -2398.81167697
Edge derivatives =  [-0.0029090412148539135, -0.009443067386583109, -0.004305915391258965, 0.009124166689839008, 0.012284103499506482, 0.005425440865268971, 0.001692567891655384, -0.0002177136198416689, -0.0038981387750216005, -0.0009901598284291005, -0.0002177136198411797, 1.6935428004747576e-15, -0.0015949295739793607, -0.003929226865789455, 1.7460507387258345e-15, -0.00021771361984082756, -0.0008722310250902646, -0.006789476344443379]
other derivatives: [ 0.02360139 -0.02319211  0.00673026 -0.00723048 -0.00627551 -0.00013642]
Current x array =  [ -0.59013161  -0.47459869  -0.92099546   0.64960066  -1.33037452
 -12.84570145  -0.11587913  -9.          -6.69127336  -2.35453698
  -4.16506728  -2.37149708  -5.34763526  -5.32438632  -6.03793991
  -4.09117174  -5.32438632  -2.30258509  -6.04705236  -4.65241861
  -2.30258509  -5.32438632 -13.08320902  -4.65526698]
log likelihood =  -2399.46845818
Edge derivatives =  [1.118017436799319, -0.009445072494487223, -0.011663062686653725, -0.28484205220084285, -0.044301725128592366, -0.16689969421241135, 0.002140305763512663, 0.00480499565995208, 0.0031727947593219548, 0.015729393621750312, 0.004804995659935311, 1.0904322410775186e-15, 0.00036956406344550684, 0.01889297992437124, 1.0892358969020855e-15, 0.0048049956599350956, -0.000870213144605541, 0.02632488671050237]
other derivatives: [ -3.26087502e+01   2.26797965e+01  -1.75159585e+00   7.91715138e-02
   3.60887498e-01  -1.81898940e-04]
Current x array =  [ -0.56653022  -0.49779081  -0.9142652    0.64237018  -1.33665003
 -12.84583788  -0.11878817  -9.          -6.69557927  -2.34541281
  -4.15278318  -2.36607164  -5.34594269  -5.32460403  -6.04183805
  -4.0921619   -5.32460403  -2.30258509  -6.04864729  -4.65634784
  -2.30258509  -5.32460403 -13.08408125  -4.66205646]
log likelihood =  -2398.81167599
Edge derivatives =  [-0.0015220410324601197, -0.009443079736247684, -0.004315356366885533, 0.008768048298300912, 0.01221560786094026, 0.00521662018311797, 0.0016931960880651308, -0.00021147605520313237, -0.003889391919244284, -0.0009694243154408852, -0.0002114760552024541, 3.495472298064188e-16, -0.001592439036958263, -0.0039010994954923883, 3.8556614344623464e-16, -0.0002114760552024593, -0.0008722285125898224, -0.006748635621599761]
other derivatives: [-0.01491571  0.00586624  0.00463842 -0.00677574 -0.00591172 -0.0001819 ]
Current x array =  [ -0.59010275  -0.47462704  -0.92098723   0.64959182  -1.33038219
 -12.84570162  -0.11588268  -9.          -6.69127862  -2.35452582
  -4.16505227  -2.37149044  -5.34763319  -5.32438658  -6.03794468
  -4.09117295  -5.32438658  -2.30258509  -6.04705431  -4.65242341
  -2.30258509  -5.32438658 -13.08321008  -4.65527528]
  status: 0
 success: True
    nfev: 3
     fun: 2398.8116759947748
       x: array([ -0.59010275,  -0.47462704,  -0.92098723,   0.64959182,
        -1.33038219, -12.84570162,  -0.11588268,  -9.        ,
        -6.69127862,  -2.35452582,  -4.16505227,  -2.37149044,
        -5.34763319,  -5.32438658,  -6.03794468,  -4.09117295,
        -5.32438658,  -2.30258509,  -6.04705431,  -4.65242341,
        -2.30258509,  -5.32438658, -13.08321008,  -4.65527528])
 message: 'CONVERGENCE: REL_REDUCTION_OF_F_<=_FACTR*EPSMCH'
     jac: array([  1.49157131e-02,  -5.86624083e-03,  -4.63842298e-03,
         6.77573553e-03,   5.91171556e-03,   1.81898940e-04,
         1.52204103e-03,   9.44307974e-03,   4.31535637e-03,
        -8.76804830e-03,  -1.22156079e-02,  -5.21662018e-03,
        -1.69319609e-03,   2.11476055e-04,   3.88939192e-03,
         9.69424315e-04,   2.11476055e-04,  -3.49547230e-16,
         1.59243904e-03,   3.90109950e-03,  -3.85566143e-16,
         2.11476055e-04,   8.72228513e-04,   6.74863562e-03])
     nit: 1
