number of sites to be analyzed:  118
Successfully loaded parameter value from ./save/MG94_ENSG00000143452_ENSG00000176635_nonclock_save.txt
log likelihood =  -1690.80013924
Edge derivatives =  [-0.003163997251382611, -0.006109828338339729, 8.6719767261767e-05, -0.008525175292536213, 0.0003104623782361135, -0.008048877738111276, -0.00031675954551753024, -0.0006148934716175315, 0.0028342298652134466, 0.005179738584376516, -0.0006148934716160501, 1.977808521599298e-16, 0.0022838029462099348, 0.0043181770313444195, 2.319817408551351e-16, -0.0006148934716167336, 0.009411148198005998, 0.004930695390715556]
other derivatives: [-0.02137313  0.06209575 -0.00245564  0.00100044  0.00020464 -0.00059117]
Current x array =  [ -0.61364974  -0.43599122  -0.92350825   0.73898469  -1.02352079
 -10.88828286  -0.01618731  -4.37324496  -1.99494551  -2.34105119
  -4.11406028  -2.15688786  -4.34210654  -4.87520473  -4.68144408
  -3.67425381  -4.87520473  -2.30258509  -5.49274384  -3.82576812
  -2.30258509  -4.87520473  -4.73323251  -2.47994706]
log likelihood =  -1692.48280813
Edge derivatives =  [-1.5416143999862228, 0.016133979790926567, -0.21003598982575442, -0.02243325606497301, -0.04622445348113505, -0.014650610915965367, -0.030552291218575688, -0.02751568773863471, -0.053950152627086245, -0.04477111050475439, -0.02751568773858695, 1.9458580465167218e-17, -0.005355974599145353, -0.07473777121748276, -1.3944856762562062e-18, -0.02751568773862022, -0.044189826750641654, -0.28368823236033736]
other derivatives: [  1.71015472e+01  -5.10730388e+01   2.28851604e-01   8.46716830e-01
   1.29580258e-01  -5.22959454e-04]
Current x array =  [ -0.63502287  -0.37389547  -0.92596388   0.73998514  -1.02331615
 -10.88887403  -0.01935131  -4.37935479  -1.99485879  -2.34957637
  -4.11374982  -2.16493674  -4.3424233   -4.87581962  -4.67860985
  -3.66907407  -4.87581962  -2.30258509  -5.49046003  -3.82144994
  -2.30258509  -4.87581962  -4.72382137  -2.47501637]
log likelihood =  -1690.8001357
Edge derivatives =  [-0.004905282244022757, -0.006079984111833525, -0.00013629004930909572, -0.00849719459899409, 0.0002561491448644093, -0.007992502357559439, -0.00035271612169998287, -0.0006496683835107188, 0.00275781914486143, 0.005123401966260974, -0.0006496683835088383, -8.881000704382027e-17, 0.002275119885426268, 0.004215689499606795, -8.881034345620146e-17, -0.0006496683835107396, 0.009338139549645907, 0.004564124067027775]
other derivatives: [ 0.00488853 -0.00145519 -0.002251    0.00236469  0.00052296 -0.00056843]
Current x array =  [ -0.61368096  -0.43590052  -0.92351184   0.73898616  -1.02352049
 -10.88828372  -0.01619193  -4.37325389  -1.99494538  -2.34106365
  -4.11405983  -2.15689962  -4.342107    -4.87520563  -4.68143994
  -3.67424624  -4.87520563  -2.30258509  -5.4927405   -3.82576181
  -2.30258509  -4.87520563  -4.73321877  -2.47993986]
  status: 0
 success: True
    nfev: 3
     fun: 1690.800135699346
       x: array([ -0.61368096,  -0.43590052,  -0.92351184,   0.73898616,
        -1.02352049, -10.88828372,  -0.01619193,  -4.37325389,
        -1.99494538,  -2.34106365,  -4.11405983,  -2.15689962,
        -4.342107  ,  -4.87520563,  -4.68143994,  -3.67424624,
        -4.87520563,  -2.30258509,  -5.4927405 ,  -3.82576181,
        -2.30258509,  -4.87520563,  -4.73321877,  -2.47993986])
 message: 'CONVERGENCE: REL_REDUCTION_OF_F_<=_FACTR*EPSMCH'
     jac: array([ -4.88853402e-03,   1.45519152e-03,   2.25099939e-03,
        -2.36468622e-03,  -5.22959454e-04,   5.68434189e-04,
         4.90528224e-03,   6.07998411e-03,   1.36290049e-04,
         8.49719460e-03,  -2.56149145e-04,   7.99250236e-03,
         3.52716122e-04,   6.49668384e-04,  -2.75781914e-03,
        -5.12340197e-03,   6.49668384e-04,   8.88100070e-17,
        -2.27511989e-03,  -4.21568950e-03,   8.88103435e-17,
         6.49668384e-04,  -9.33813955e-03,  -4.56412407e-03])
     nit: 1
