number of sites to be analyzed:  621
Successfully loaded parameter value from ./save/HKY_ENSG00000101327_ENSG00000181195_nonclock_save.txt
log likelihood =  -2903.8562769
Edge derivatives =  [0.018567354640082634, -0.032461852817539244, -0.030369534201753617, -0.015543987588207187, -0.00552016798238842, -0.0026026613316996183, -0.01053954337161131, 0.004405887912969437, 0.015133404108965865, 0.00917685531023793, 0.004405887912964769, 0.0, 0.013146289721945635, -0.016197594579124133, 0.0, 0.004405887912962163, -0.006016145220482529, -0.0059207852911867705]
other derivatives: [-0.00500222  0.01869012 -0.00823093  0.02246452 -0.00163709]
Current x array =  [ -0.58930618  -0.84685443  -0.58706152   1.01154304 -10.88002941
  -1.05083478  -9.          -4.62963278  -3.46798139  -3.00187998
  -3.18094636  -5.59631274  -4.94473299  -5.92373724  -4.67165068
  -4.94473299  -2.30258509  -5.70281127  -4.64243468  -2.30258509
  -4.94473299  -5.32789174  -5.32794025]
log likelihood =  -2904.04904372
Edge derivatives =  [-4.086098977732482, -0.03289885935046357, 0.2112898694289575, 0.6752088750596981, 0.24540588754409992, 0.012630745416148635, 0.057298041338696926, -0.02864372488690173, -0.03397974688265699, -0.08847380687826134, -0.028643724886899036, 5.8861378334646134e-15, -0.03150317929674751, 0.1786150538245726, 5.909925044798046e-15, -0.02864372488689027, 0.03553891935574581, 0.034841295739302655]
other derivatives: [  6.07956281e+00  -9.31327122e+00   5.36929292e+00  -1.85063982e+00
  -4.09272616e-04]
Current x array =  [ -0.5943084   -0.82816431  -0.59529245   1.03400755 -10.8816665
  -1.03226743  -9.          -4.66000232  -3.48352538  -3.00740015
  -3.18354902  -5.60685228  -4.9403271   -5.90860384  -4.66247382
  -4.9403271   -2.30258509  -5.68966498  -4.65863227  -2.30258509
  -4.9403271   -5.33390789  -5.33386104]
log likelihood =  -2903.85626082
Edge derivatives =  [-0.01764216988255851, -0.032465813950514545, -0.028161983008947532, -0.009312817300447196, -0.003254080543887268, -0.0024459625559021397, -0.009929524200808395, 0.0041201634554641296, 0.014702686187624683, 0.00832081464870027, 0.004120163455463672, 0.0, 0.012753874044643048, -0.014434629705656211, 0.0, 0.004120163455468439, -0.005639170959433009, -0.005550769636414779]
other derivatives: [ 0.04920366 -0.06266418  0.0426553   0.00959517 -0.00163709]
Current x array =  [ -0.58935075  -0.84668791  -0.58713485   1.01174318 -10.88004399
  -1.05066936  -9.          -4.62990336  -3.46811988  -3.00192916
  -3.18096955  -5.59640664  -4.94469374  -5.92360242  -4.67156892
  -4.94469374  -2.30258509  -5.70269414  -4.64257899  -2.30258509
  -4.94469374  -5.32794534  -5.327993  ]
log likelihood =  -2903.85624538
Edge derivatives =  [-0.03548650858020852, -0.0324669323689138, -0.026219931919427758, -0.003399038054817005, -0.002228837474920066, -0.0016298123049559993, -0.0094603031845674, 0.0037858346183379295, 0.01430153338658454, 0.007297634790425445, 0.0037858346183369754, 1.2277075485987269e-15, 0.012264696026910202, -0.01272124207932673, 1.2468792010762804e-15, 0.003785834618338464, -0.005319085116896272, -0.005231595614872492]
other derivatives: [-0.06220944 -0.06039045  0.01446097 -0.01255103 -0.00154614]
Current x array =  [ -0.58927418  -0.84669894  -0.58709582   1.01192266 -10.8800592
  -1.05057906  -9.          -4.63018047  -3.46825014  -3.0019753
  -3.18099337  -5.59650317  -4.94465346  -5.92346281  -4.67148561
  -4.94465346  -2.30258509  -5.70257291  -4.64272546  -2.30258509
  -4.94465346  -5.32800038  -5.32804716]
log likelihood =  -2903.85622719
Edge derivatives =  [-0.04827583251037537, -0.03246885848908175, -0.023652528065083334, 0.0042384563375472695, -0.0012453442287785749, -0.0004194605965188933, -0.00894303587471451, 0.0033257677935560163, 0.013776577307634284, 0.005792694466198123, 0.0033257677935561152, 2.8296224291362083e-15, 0.011546645783822702, -0.010409728442915937, 2.8692478684409697e-15, 0.003325767793552266, -0.0049052305152110925, -0.004821539640968712]
other derivatives: [-0.02742127 -0.0124146  -0.01696208 -0.02778506 -0.00145519]
Current x array =  [ -0.58930293  -0.84679084  -0.58703877   1.01212458 -10.88008043
  -1.05051823  -9.          -4.63056464  -3.46841706  -3.00203619
  -3.18102532  -5.59663749  -4.94459767  -5.92326761  -4.67137106
  -4.94459767  -2.30258509  -5.70240366  -4.64292675  -2.30258509
  -4.94459767  -5.32807684  -5.32812241]
log likelihood =  -2903.85620587
Edge derivatives =  [-0.024725449204641814, -0.032465888150306266, -0.019076302482068805, 0.01549488314930525, 0.0008913178628684321, 0.0012251286308155654, -0.008011891907324115, 0.002607656018436927, 0.012858092569137464, 0.0033633049107790747, 0.0026076560184414566, -2.0027257328932725e-16, 0.0103547865562313, -0.0064869080042755135, -1.8842855145902803e-16, 0.002607656018434946, -0.004148773991433815, -0.004069613246166122]
other derivatives: [-0.04251888  0.02009983 -0.00613909 -0.05011316 -0.00181899]
Current x array =  [ -0.58929869  -0.84686864  -0.58705374   1.01233139 -10.88011725
  -1.05058625  -9.          -4.63122109  -3.46864792  -3.00213194
  -3.18107354  -5.59686972  -4.94450282  -5.92292749  -4.6711804
  -4.94450282  -2.30258509  -5.70211041  -4.64326312  -2.30258509
  -4.94450282  -5.32820826  -5.32825172]
log likelihood =  -2903.85617985
Edge derivatives =  [0.0009407623307329249, -0.0324638771947149, -0.011702395759058785, 0.030277758513768016, 0.003908723966433603, 0.003837598341807094, -0.006351842722790881, 0.0013456542518315018, 0.011079506848561209, -0.000746479829911717, 0.0013456542518330318, 2.866123489149306e-15, 0.00821388005644278, 0.00017581637593357818, 2.964661536940659e-15, 0.0013456542518321957, -0.00276390555115804, -0.002704145034986805]
other derivatives: [ 0.03346941  0.00381988 -0.1072749  -0.04838512 -0.00186446]
Current x array =  [ -0.58936003  -0.84684731  -0.58689353   1.01231207 -10.88019088
  -1.05068641  -9.          -4.63239309  -3.46889165  -3.00227372
  -3.18113984  -5.59729473  -4.9443344   -5.92229643  -4.67085707
  -4.9443344   -2.30258509  -5.7015722   -4.64383793  -2.30258509
  -4.9443344   -5.32844549  -5.32848505]
log likelihood =  -2903.85615024
Edge derivatives =  [0.02268432885284044, -0.032462176553478564, -0.006827023275481438, 0.037827988381250455, 0.0060224173895817995, 0.004940178246555481, -0.005097083634501637, 0.0004553923500702408, 0.009748055219034834, -0.0036167297587768044, 0.0004553923500718402, 0.0, 0.00657991567797576, 0.0049659947784861345, 0.0, 0.0004553923500744579, -0.001706319764453566, -0.0016524761447705844]
other derivatives: [ 0.020691    0.02746674 -0.03128662 -0.03315108 -0.00190994]
Current x array =  [ -0.58934407  -0.84689912  -0.58701557   1.01210792 -10.88024975
  -1.05078305  -9.          -4.63326439  -3.468959    -3.00235929
  -3.18117454  -5.59761781  -4.94421018  -5.92181078  -4.67062976
  -4.94421018  -2.30258509  -5.70116204  -4.64424543  -2.30258509
  -4.94421018  -5.32862328  -5.32865985]
log likelihood =  -2903.85612991
Edge derivatives =  [0.02026515266250961, -0.03246367064494668, -0.004304986314939606, 0.03697818567971789, 0.006773485406485591, 0.004964552530802524, -0.004105272448825724, -0.0001901483910241395, 0.00856337271106827, -0.005472923698350951, -0.00019014839101969862, 6.549883804860226e-16, 0.005250260703205498, 0.008186744808257207, 7.418034713056408e-16, -0.00019014839102654904, -0.0008449166109866652, -0.0007991911265530921]
other derivatives: [ 0.00645741  0.0125965   0.01678018  0.00986802  0.0003638 ]
Current x array =  [ -0.58931988  -0.84686399  -0.58708708   1.0117184  -10.88030429
  -1.05080415  -9.          -4.63394727  -3.46878811  -3.00238574
  -3.18117301  -5.59788548  -4.9441156   -5.92139599  -4.67048167
  -4.9441156   -2.30258509  -5.70082089  -4.64451879  -2.30258509
  -4.9441156   -5.32876454  -5.3287986 ]
log likelihood =  -2903.85611638
Edge derivatives =  [0.005864610035110074, -0.03246612641028327, -0.004084835417595932, 0.03127841982649404, 0.006251754402362961, 0.004341495933889529, -0.0035698922908947543, -0.0005147364702770031, 0.007748313972395477, -0.006179581287978575, -0.0005147364702842994, 3.0623465191996316e-15, 0.004404195841808714, 0.00944953292621542, 3.0728228055414887e-15, -0.0005147364702800892, -0.0003442378086206538, -0.00030604926582359845]
other derivatives: [ 0.0001819  -0.00272848  0.01696208  0.02091838 -0.00109139]
Current x array =  [ -0.58931056  -0.84683324  -0.58709029   1.0116223  -10.88032788
  -1.05075465  -9.          -4.6343513   -3.46850944  -3.00236624
  -3.18114716  -5.59805571  -4.94406417  -5.92112068  -4.67042825
  -4.94406417  -2.30258509  -5.70060396  -4.64462734  -2.30258509
  -4.94406417  -5.32884723  -5.32887965]
log likelihood =  -2903.85608545
Edge derivatives =  [-0.010710272550501165, -0.03247040705757296, -0.004708429751662066, 0.007259390675445121, 0.003171612464074207, 0.001614808215769696, -0.0020355667529044323, -0.0013771821323017974, 0.005068387477629851, -0.007642618786244282, -0.0013771821322972107, 7.121402006357962e-15, 0.0016603810561099846, 0.012061315384539417, 7.1018657432731105e-15, -0.0013771821322969158, 0.0011577087855924473, 0.0011705152875543783]
other derivatives: [-0.00709406 -0.02542038  0.01859917  0.02833076 -0.00086402]
Current x array =  [ -0.58930637  -0.84679039  -0.58709595   1.01156624 -10.88043943
  -1.05068562  -9.          -4.63562956  -3.46742791  -3.00225583
  -3.18103331  -5.5986063   -4.94391515  -5.92021145  -4.67033191
  -4.94391515  -2.30258509  -5.69990651  -4.64485569  -2.30258509
  -4.94391515  -5.32909838  -5.32912552]
log likelihood =  -2903.85607193
Edge derivatives =  [-0.0132663085740371, -0.03247202131984505, -0.004185328222570561, -0.0026290347588968643, 0.000715952487746585, 2.0459186800395046e-05, -0.0010816924750564234, -0.0016157618527819217, 0.0034175213110954963, -0.006979308675960971, -0.0016157618527869438, -1.2188190561223295e-15, 2.4749053411005778e-05, 0.010919515954889158, -1.3592108971607798e-15, -0.0016157618527894678, 0.0017935662631156611, 0.001790941837005228]
other derivatives: [ 0.01909939  0.00145519  0.01359695  0.01318767 -0.00086402]
Current x array =  [ -0.58932767  -0.84684851  -0.58708637   1.01174112 -10.8805047
  -1.05065772  -9.          -4.63645084  -3.4669175   -3.00217669
  -3.18096473  -5.59894357  -4.94386056  -5.91962969  -4.67041759
  -4.94386056  -2.30258509  -5.69950501  -4.64476409  -2.30258509
  -4.94386056  -5.32920948  -5.32923361]
log likelihood =  -2903.85606654
Edge derivatives =  [0.009033388596728753, -0.03246922156392378, -0.0037180566185589722, -0.008211005367944502, -0.0011587689729689182, -0.001155471215185215, -0.0005298213931182721, -0.001448141675182665, 0.0024148073150713654, -0.005124723007716048, -0.0014481416751903967, 3.3123718584958993e-15, -0.0008132646243486294, 0.007867789590983498, 3.3175408017473006e-15, -0.0014481416751861726, 0.0019352976968650196, 0.0019226065673320965]
other derivatives: [-0.02200977 -0.00050022 -0.00518412 -0.00927685  0.00040927]
Current x array =  [ -0.58930469  -0.8468469   -0.58705401   1.01192773 -10.88054642
  -1.05071759  -9.          -4.63692533  -3.46662866  -3.00210726
  -3.18091594  -5.59913363  -4.9438629   -5.91927316  -4.67059521
  -4.9438629   -2.30258509  -5.69929937  -4.64450696  -2.30258509
  -4.9438629   -5.32923427  -5.32925689]
  status: 0
 success: True
    nfev: 13
     fun: 2903.8560665383325
       x: array([ -0.58930469,  -0.8468469 ,  -0.58705401,   1.01192773,
       -10.88054642,  -1.05071759,  -9.        ,  -4.63692533,
        -3.46662866,  -3.00210726,  -3.18091594,  -5.59913363,
        -4.9438629 ,  -5.91927316,  -4.67059521,  -4.9438629 ,
        -2.30258509,  -5.69929937,  -4.64450696,  -2.30258509,
        -4.9438629 ,  -5.32923427,  -5.32925689])
 message: 'CONVERGENCE: REL_REDUCTION_OF_F_<=_FACTR*EPSMCH'
     jac: array([  2.20097718e-02,   5.00222086e-04,   5.18411980e-03,
         9.27684596e-03,  -4.09272616e-04,  -9.03338860e-03,
         3.24692216e-02,   3.71805662e-03,   8.21100537e-03,
         1.15876897e-03,   1.15547122e-03,   5.29821393e-04,
         1.44814168e-03,  -2.41480732e-03,   5.12472301e-03,
         1.44814168e-03,  -3.31237186e-15,   8.13264624e-04,
        -7.86778959e-03,  -3.31754080e-15,   1.44814168e-03,
        -1.93529770e-03,  -1.92260657e-03])
     nit: 11
