number of sites to be analyzed:  219
Successfully loaded parameter value from ./save/MG94_Force_ENSG00000161692_ENSG00000006634_nonclock_save.txt
log likelihood =  -3044.34551174
Edge derivatives =  [-0.02980986973029709, -0.0049407531523178476, -0.0025542731413320807, 0.002491508606177764, -0.01226053259136759, 0.00931514627116159, 0.012953446042853756, 0.0046636863688622, 0.01561584101225171, 0.01350991239159094, -0.00033417476332554645, 0.020156528000550678, -0.006850234503946728, 0.012300849900407824]
other derivatives: [-0.26475391 -0.01159606  0.00031832  0.00973159 -0.00741238  0.        ]
Current x array =  [-0.54692215 -0.54292628 -0.70101155  0.27631155 -0.87446384  0.33647224
  0.4724127  -7.70714631 -3.29014647 -3.54700065 -6.13497035 -3.84929852
 -2.29866004 -5.57853631 -4.91425228 -3.89691262 -5.39492891 -2.41605484
 -6.0745786  -4.98303133]
log likelihood =  -3092.07511554
Edge derivatives =  [17.791818291877227, 0.00216671714888125, 0.21710263741786343, 0.42149787711835357, 0.043852450713048184, 0.15708590079234006, 0.42408579874631325, 0.15279831657086326, 0.05845785563477945, 0.13358751353856232, 0.05082801782764888, 0.3033509105118085, 0.026311499270883415, 0.058380849634563]
other derivatives: [ 313.67103475    2.55995474   -4.64715413    5.37461347    2.72752914
    0.        ]
Current x array =  [-0.81167606 -0.55452234 -0.70069322  0.28604314 -0.88187623  0.33647224
  0.44260283 -7.71208706 -3.29270075 -3.54450914 -6.14723088 -3.83998338
 -2.28570659 -5.57387262 -4.89863644 -3.88340271 -5.39526308 -2.39589831
 -6.08142883 -4.97073048]
log likelihood =  -3044.34549116
Edge derivatives =  [-0.016028434485925613, -0.00493718951660795, -0.002296716451102146, 0.002834948215282518, -0.012216683409285571, 0.009474305683787675, 0.013509442046874293, 0.004773899912832287, 0.015666108676494865, 0.013651788254868819, -0.0002873087072222183, 0.020616798049184287, -0.006821965114187596, 0.012352253028790972]
other derivatives: [ 0.02783054 -0.00850378 -0.00386535  0.01164153 -0.00518412  0.        ]
Current x array =  [-0.54708331 -0.54293334 -0.70101135  0.27631747 -0.87446836  0.33647224
  0.47239455 -7.70714932 -3.29014803 -3.54699913 -6.13497781 -3.84929285
 -2.29865215 -5.57853347 -4.91424277 -3.8969044  -5.39492911 -2.41604257
 -6.07458277 -4.98302384]
log likelihood =  -3044.34548991
Edge derivatives =  [-0.013208332283074276, -0.004936494991266767, -0.00230167224858098, 0.0028129427823794656, -0.012213709042136117, 0.009420030052759841, 0.013172395051189473, 0.0047612512096754525, 0.01563839626187672, 0.013576169444763829, -0.00029031600385423864, 0.020165449427935495, -0.006819579191706497, 0.012329083106356364]
other derivatives: [ 0.00745786 -0.00277396 -0.00268301  0.01041371 -0.00477485  0.        ]
Current x array =  [-0.54707228 -0.54293788 -0.70101334  0.2763236  -0.87447112  0.33647224
  0.47238591 -7.70715193 -3.29014924 -3.54699763 -6.13498427 -3.84928785
 -2.29864502 -5.57853095 -4.91423449 -3.89689718 -5.39492927 -2.41603167
 -6.07458637 -4.98301732]
  status: 0
 success: True
    nfev: 4
     fun: 3044.3454899119174
       x: array([-0.54707228, -0.54293788, -0.70101334,  0.2763236 , -0.87447112,
        0.33647224,  0.47238591, -7.70715193, -3.29014924, -3.54699763,
       -6.13498427, -3.84928785, -2.29864502, -5.57853095, -4.91423449,
       -3.89689718, -5.39492927, -2.41603167, -6.07458637, -4.98301732])
 message: 'CONVERGENCE: REL_REDUCTION_OF_F_<=_FACTR*EPSMCH'
     jac: array([-0.00745786,  0.00277396,  0.00268301, -0.01041371,  0.00477485,
       -0.        ,  0.01320833,  0.00493649,  0.00230167, -0.00281294,
        0.01221371, -0.00942003, -0.0131724 , -0.00476125, -0.0156384 ,
       -0.01357617,  0.00029032, -0.02016545,  0.00681958, -0.01232908])
     nit: 2
