number of sites to be analyzed:  260
Successfully loaded parameter value from ./save/MG94_Force_ENSG00000154478_ENSG00000155269_nonclock_save.txt
log likelihood =  -2908.101255
Edge derivatives =  [0.014270281338269242, -0.007074255172147936, 0.003443777355524452, -0.001221754881489595, 0.005013401161326515, -0.0014170299409665965, 0.0008292468941713677, -0.0035470636875742055, 0.0067708267143666186, -0.005310707112210308, 0.0014091901028006407, 0.0035825446332423683, -0.0005419600496585075, 0.0070396450794888744]
other derivatives: [ 0.00140972  0.01987246 -0.01605258 -0.00700311 -0.00204636  0.        ]
Current x array =  [-0.76985366 -1.10597488 -0.38129454  0.86101495 -1.49439057  0.33647224
 -0.02173258 -3.0912386  -3.30815179 -2.78080014 -5.00246958 -3.3995835
 -4.38042026 -4.22692664 -4.31988156 -3.3826435  -4.64774221 -4.31941011
 -4.78716001 -4.39696708]
log likelihood =  -2908.38483912
Edge derivatives =  [-3.321611467366859, -0.10339675528632299, -0.06723987622916806, -0.06668182805227645, -0.017601952493049227, 0.01607742995013882, -0.008060416951927236, 0.00440759182187056, -0.05261956299621522, 0.06825361195183438, -0.006984157656355062, -0.034664036554003935, -0.005663243364492913, -0.03980238491889837]
other derivatives: [ -0.97120392  -5.83818291  24.8170636   -0.1249191    0.68093868   0.        ]
Current x array =  [-0.76844395 -1.08610242 -0.39734712  0.85401184 -1.49643693  0.33647224
 -0.0074623  -3.09831286 -3.30470801 -2.7820219  -4.99745618 -3.40100053
 -4.37959101 -4.23047371 -4.31311074 -3.3879542  -4.64633302 -4.31582756
 -4.78770197 -4.38992743]
log likelihood =  -2908.10125385
Edge derivatives =  [0.0077976855632834186, -0.007262571817238633, 0.003310336352411597, -0.0013395013161885128, 0.004970148239606231, -0.0013745705334779895, 0.0008146602589509493, -0.003528234276017766, 0.006655053298745217, -0.0051553225832310645, 0.001394593401084672, 0.0035091912359603676, -0.0005504112416127548, 0.006949378814687702]
other derivatives: [-0.00045475  0.00850378  0.03560672 -0.00732143 -0.00027285  0.        ]
Current x array =  [-0.76985085 -1.10593516 -0.38132662  0.86100095 -1.49439466  0.33647224
 -0.02170406 -3.09125274 -3.30814491 -2.78080259 -5.00245956 -3.39958634
 -4.3804186  -4.22693373 -4.31986803 -3.38265411 -4.64773939 -4.31940295
 -4.78716109 -4.39695301]
  status: 0
 success: True
    nfev: 3
     fun: 2908.10125384588
       x: array([-0.76985085, -1.10593516, -0.38132662,  0.86100095, -1.49439466,
        0.33647224, -0.02170406, -3.09125274, -3.30814491, -2.78080259,
       -5.00245956, -3.39958634, -4.3804186 , -4.22693373, -4.31986803,
       -3.38265411, -4.64773939, -4.31940295, -4.78716109, -4.39695301])
 message: 'CONVERGENCE: REL_REDUCTION_OF_F_<=_FACTR*EPSMCH'
     jac: array([ 0.00045475, -0.00850378, -0.03560672,  0.00732143,  0.00027285,
       -0.        , -0.00779769,  0.00726257, -0.00331034,  0.0013395 ,
       -0.00497015,  0.00137457, -0.00081466,  0.00352823, -0.00665505,
        0.00515532, -0.00139459, -0.00350919,  0.00055041, -0.00694938])
     nit: 1
