number of sites to be analyzed:  621
Successfully loaded parameter value from ./save/HKY_ENSG00000101327_ENSG00000181195_nonclock_save.txt
log likelihood =  -2903.85606654
Edge derivatives =  [0.009033388596728753, -0.03246922156392378, -0.0037180566185589722, -0.008211005367944502, -0.0011587689729689182, -0.001155471215185215, -0.0005298213931182721, -0.001448141675182665, 0.0024148073150713654, -0.005124723007716048, -0.0014481416751903967, 3.3123718584958993e-15, -0.0008132646243486294, 0.007867789590983498, 3.3175408017473006e-15, -0.0014481416751861726, 0.0019352976968650196, 0.0019226065673320965]
other derivatives: [-0.02200977 -0.00050022 -0.00518412 -0.00927685  0.00040927]
Current x array =  [ -0.58930469  -0.8468469   -0.58705401   1.01192773 -10.88054642
  -1.05071759  -9.          -4.63692533  -3.46662866  -3.00210726
  -3.18091594  -5.59913363  -4.9438629   -5.91927316  -4.67059521
  -4.9438629   -2.30258509  -5.69929937  -4.64450696  -2.30258509
  -4.9438629   -5.32923427  -5.32925689]
log likelihood =  -2904.21972173
Edge derivatives =  [-3.0539048754134406, -0.033082090739786, 0.055051630798502574, 0.25963047817543883, 0.046212664246814264, 0.0019405174453105967, 0.004232672414644217, 0.01082848094079288, -0.0010724520859870948, 0.04976217938989935, 0.010828480940790834, -4.663523526740742e-16, 0.001241151425786788, -0.08424530000830747, -4.663863965124095e-16, 0.01082848094079374, -0.009459609227344156, -0.010045036319729653]
other derivatives: [  2.95482550e+01   7.72843123e-01   3.59214027e+00   2.08910933e+00
  -2.22826202e-03]
Current x array =  [ -0.61131446  -0.84734713  -0.59223813   1.00265089 -10.88013714
  -1.0416842   -9.          -4.64064339  -3.47483966  -3.00326603
  -3.18207141  -5.59966345  -4.94531104  -5.91685836  -4.67571994
  -4.94531104  -2.30258509  -5.70011263  -4.63663917  -2.30258509
  -4.94531104  -5.32729898  -5.32733428]
log likelihood =  -2903.85606601
Edge derivatives =  [0.005419535762776095, -0.03246997128434571, -0.0036516289602412655, -0.007900295425503301, -0.0011064264315054917, -0.0011555049153626692, -0.0005249311166710714, -0.0014347999660234683, 0.0024103374045449117, -0.005061747825787832, -0.0014347999660162397, -1.0609169104006814e-15, -0.0008113554524887033, 0.007759140331630204, -1.0759140230113791e-15, -0.001434799966019376, 0.0019212888378779113, 0.0019079161262708002]
other derivatives: [ 0.01155058 -0.00281943 -0.00122782 -0.00795808 -0.0005457 ]
Current x array =  [ -0.58933041  -0.84684749  -0.58706007   1.01191689 -10.88054594
  -1.05070703  -9.          -4.63692968  -3.46663826  -3.00210861
  -3.18091729  -5.59913424  -4.94386459  -5.91927034  -4.6706012
  -4.94386459  -2.30258509  -5.69930032  -4.64449776  -2.30258509
  -4.94386459  -5.32923201  -5.32925464]
  status: 0
 success: True
    nfev: 3
     fun: 2903.8560660061557
       x: array([ -0.58933041,  -0.84684749,  -0.58706007,   1.01191689,
       -10.88054594,  -1.05070703,  -9.        ,  -4.63692968,
        -3.46663826,  -3.00210861,  -3.18091729,  -5.59913424,
        -4.94386459,  -5.91927034,  -4.6706012 ,  -4.94386459,
        -2.30258509,  -5.69930032,  -4.64449776,  -2.30258509,
        -4.94386459,  -5.32923201,  -5.32925464])
 message: 'CONVERGENCE: REL_REDUCTION_OF_F_<=_FACTR*EPSMCH'
     jac: array([ -1.15505827e-02,   2.81943358e-03,   1.22781785e-03,
         7.95807864e-03,   5.45696821e-04,  -5.41953576e-03,
         3.24699713e-02,   3.65162896e-03,   7.90029543e-03,
         1.10642643e-03,   1.15550492e-03,   5.24931117e-04,
         1.43479997e-03,  -2.41033740e-03,   5.06174783e-03,
         1.43479997e-03,   1.06091691e-15,   8.11355452e-04,
        -7.75914033e-03,   1.07591402e-15,   1.43479997e-03,
        -1.92128884e-03,  -1.90791613e-03])
     nit: 1
