number of sites to be analyzed:  621
Successfully loaded parameter value from ./save/HKY_ENSG00000101327_ENSG00000181195_nonclock_save.txt
log likelihood =  -2903.85606194
Edge derivatives =  [-0.0001970436412849219, -0.032470613196247916, -0.0022056694646578404, -0.002497298303135831, -0.0004154135629503772, -0.0005390534619167664, -0.0003422240745307673, -0.0010907290630147119, 0.002231495568213191, -0.0034867712796878836, -0.0010907290630084165, 0.0, -0.0007337844715841046, 0.005239451855337585, 0.0, -0.0010907290630129685, 0.0015747692879784416, 0.001562424581172622]
other derivatives: [ 0.00732143  0.00131877  0.00068212 -0.00081855 -0.00136424]
Current x array =  [ -0.58932445  -0.84685258  -0.58706567   1.01185106 -10.88057318
  -1.05069242  -9.          -4.63702476  -3.46680012  -3.00213303
  -3.18094458  -5.59914824  -4.94390672  -5.91919305  -4.67074298
  -4.94390672  -2.30258509  -5.69932607  -4.64428219  -2.30258509
  -4.94390672  -5.3291738   -5.32919685]
log likelihood =  -2903.89392435
Edge derivatives =  [0.20145753694660384, -0.03235833602246414, 0.02716612339137124, 0.08767790301486689, 0.015835252488480805, 0.014665232260302745, 0.006656427071866203, 0.008090984870789224, -0.004176906638029731, 0.03775758651730654, 0.008090984870792276, -1.0805658339598477e-14, 0.002431572351762789, -0.054998476412721056, -1.0709284156886684e-14, 0.00809098487078868, -0.007050590122799724, -0.0068462333165197065]
other derivatives: [-10.12558641  -0.76456672  -0.58289515  -0.22464519   0.        ]
Current x array =  [ -0.58200301  -0.84553381  -0.58638355   1.01103251 -10.88193742
  -1.05088947  -9.          -4.63923043  -3.46929742  -3.00254845
  -3.18148363  -5.59949046  -4.94499745  -5.91696155  -4.67422975
  -4.94499745  -2.30258509  -5.70005986  -4.63904274  -2.30258509
  -4.94499745  -5.32759903  -5.32763442]
log likelihood =  -2903.85606184
Edge derivatives =  [0.00012497592336080388, -0.03247043369267265, -0.0021579582321369223, -0.0023502479929154996, -0.0003893611398436622, -0.0005147734501840945, -0.00033086500310714785, -0.0010758708750239349, 0.0022209692529189338, -0.00341943332833905, -0.0010758708750279525, 1.868886371395515e-15, -0.0007286808708127819, 0.00514099984898049, 1.8864418007139065e-15, -0.001075870875028518, 0.0015605677742735035, 0.0015485760035555147]
other derivatives: [ -6.45741238e-03   9.54969437e-04   3.18323146e-03   1.68256520e-03
  -4.54747351e-05]
Current x array =  [ -0.58931248  -0.84685042  -0.58706455   1.01184972 -10.88057541
  -1.05069275  -9.          -4.63702836  -3.4668042   -3.00213371
  -3.18094546  -5.5991488   -4.9439085   -5.9191894   -4.67074868
  -4.9439085   -2.30258509  -5.69932727  -4.64427362  -2.30258509
  -4.9439085   -5.32917122  -5.32919429]
  status: 0
 success: True
    nfev: 3
     fun: 2903.856061836829
       x: array([ -0.58931248,  -0.84685042,  -0.58706455,   1.01184972,
       -10.88057541,  -1.05069275,  -9.        ,  -4.63702836,
        -3.4668042 ,  -3.00213371,  -3.18094546,  -5.5991488 ,
        -4.9439085 ,  -5.9191894 ,  -4.67074868,  -4.9439085 ,
        -2.30258509,  -5.69932727,  -4.64427362,  -2.30258509,
        -4.9439085 ,  -5.32917122,  -5.32919429])
 message: 'CONVERGENCE: REL_REDUCTION_OF_F_<=_FACTR*EPSMCH'
     jac: array([  6.45741238e-03,  -9.54969437e-04,  -3.18323146e-03,
        -1.68256520e-03,   4.54747351e-05,  -1.24975923e-04,
         3.24704337e-02,   2.15795823e-03,   2.35024799e-03,
         3.89361140e-04,   5.14773450e-04,   3.30865003e-04,
         1.07587088e-03,  -2.22096925e-03,   3.41943333e-03,
         1.07587088e-03,  -1.86888637e-15,   7.28680871e-04,
        -5.14099985e-03,  -1.88644180e-15,   1.07587088e-03,
        -1.56056777e-03,  -1.54857600e-03])
     nit: 1
