number of sites to be analyzed:  119
log likelihood =  -1700.71736178
Edge derivatives =  [44.99477977661317, 0.5378201406581425, -7.4450238188056375, 11.166344957840485, -18.10392176870335, 8.783595643536263, -22.224521667154907, -20.376235802041084, -20.56817469405895, -15.891451477220025, -20.37623580204109, -2.7112510293022362e-15, -21.203177170062183, -20.836605346108385, -2.6870103846102007e-15, -20.37623580204109, -20.46495120600184, -18.84639941602963]
other derivatives: [-18.1045607   21.24822913 -67.95571608  38.56218882 -83.67881037   0.        ]
Current x array =  [-0.6772907  -0.83997261 -0.42354451  0.18232156 -0.10536052  0.33647224
 -2.30258509 -2.30258509 -2.30258509 -2.30258509 -2.30258509 -2.30258509
 -2.30258509 -2.30258509 -2.30258509 -2.30258509 -2.30258509 -2.30258509
 -2.30258509 -2.30258509 -2.30258509 -2.30258509 -2.30258509 -2.30258509]
log likelihood =  -1624.61280698
Edge derivatives =  [37.69481518353684, -1.5377876625642832, -8.169146508142482, 9.968303141845508, -16.650624804563858, 7.009122151500206, -19.180908873860112, -17.84962528150169, -18.211774966878032, -14.564884933286594, -17.849625281501687, -2.8269930334156605e-16, -18.753620601480417, -17.626870979532786, -3.1313493196019034e-16, -17.84962528150169, -17.567097850350688, -16.978181851231128]
other derivatives: [  45.83534974   21.89499355  104.78333934   24.25524599  -62.33590284
    0.        ]
Current x array =  [-0.80493254 -0.8344031  -0.90264992  0.45419498 -0.69531782  0.33647224
 -1.98536023 -2.29879332 -2.35507444 -2.22385947 -2.43022243 -2.24065847
 -2.45927373 -2.44624284 -2.44759606 -2.41462394 -2.44624284 -2.30258509
 -2.45207299 -2.44948856 -2.30258509 -2.44624284 -2.4468683  -2.43545709]
log likelihood =  -1531.15552268
Edge derivatives =  [24.38043412981024, -2.496703850816118, -6.6738696490485685, 7.258751950037908, -13.195473768583302, 5.1058259459347815, -14.968037738027588, -13.997666202963117, -14.376586910003983, -11.263236425677604, -13.997666202963119, 3.9631850194319508e-16, -14.829558857580842, -13.844282905567185, 4.0061334511023903e-16, -13.997666202963117, -13.820674219054158, -13.251964908766277]
other derivatives: [   2.31648301    7.31906766  101.54728898    9.6962367   -26.25383786
    0.        ]
Current x array =  [-0.73479564 -0.75644666 -0.91441176  0.80317573 -1.4922694   0.33647224
 -1.53975635 -2.30159725 -2.43670572 -2.11076513 -2.61558134 -2.15509925
 -2.68167171 -2.65122425 -2.65530163 -2.57712222 -2.65122425 -2.30258509
 -2.66610762 -2.65654139 -2.30258509 -2.65122425 -2.65126917 -2.62696507]
log likelihood =  -1563.81396059
Edge derivatives =  [-5.047664121712905, -0.43151641879012265, -0.9311215239487229, 4.7780826980992765, -4.755374405184256, 5.521717402139499, -6.283548105529117, -5.524323700315901, -5.4079022892316315, -2.4880510967014007, -5.524323700315897, 1.4215026384289957e-16, -5.753715601564352, -5.364155031041513, 1.2431945212461484e-16, -5.524323700315901, -5.186256847297132, -4.241468072470122]
other derivatives: [ 187.03324258    8.5288093  -186.51248865  -12.89508873   24.33266673
    0.        ]
Current x array =  [-1.56177507 -0.74486582 -0.36954611  1.46775036 -2.96915376  0.33647224
 -0.48880563 -2.34802579 -2.66582842 -1.82125603 -3.12182027 -1.93508245
 -3.2819106  -3.20649089 -3.2208013  -3.01249695 -3.20649089 -2.30258509
 -3.24959864 -3.21809056 -2.30258509 -3.20649089 -3.20632387 -3.14383306]
log likelihood =  -1488.44628761
Edge derivatives =  [14.887349129980754, -1.31287031154051, -2.8517065381460602, 7.69366711863059, -8.113243188243343, 6.946707342567918, -9.637704681523527, -8.758186577226377, -8.773659259938519, -6.156387829079106, -8.758186577226377, -2.7440598597401986e-16, -9.31516653330376, -8.567577134228227, -2.0869557837188282e-16, -8.758186577226375, -8.475620702204758, -7.8492919574426665]
other derivatives: [ 117.44516542    9.42509359   36.09668511   -1.34380116   -1.03993898
    0.        ]
Current x array =  [-1.09040953 -0.75146672 -0.68011114  1.08895305 -2.12735242  0.33647224
 -1.08783136 -2.32156223 -2.53523201 -1.98627176 -2.83327188 -2.06048864
 -2.93978368 -2.88999745 -2.8984752  -2.76434006 -2.88999745 -2.30258509
 -2.91701775 -2.89801618 -2.30258509 -2.88999745 -2.88995124 -2.84922627]
log likelihood =  -1448.67376188
Edge derivatives =  [-3.9057323463520737, -2.1113634936935584, -3.1204068965731824, 3.6559780269938615, -6.853332710316631, 3.241389219107689, -8.166837083052712, -7.548633879834837, -7.443476993540425, -4.677625397161364, -7.548633879834835, -1.6717265939213616e-16, -7.8502558061425285, -7.493729946453511, -1.2988881882657953e-16, -7.548633879834837, -7.369743732327183, -6.237414838522075]
other derivatives: [ 23.31676114   1.69595751   1.04928404  -9.07170943  11.90380772   0.        ]
Current x array =  [-0.79171912 -0.71168839 -0.59871087  1.27532447 -2.54878684  0.33647224
 -0.7353475  -2.33637798 -2.60638518 -1.87320214 -3.0035019  -1.96810713
 -3.1435439  -3.07731343 -3.08819913 -2.90699527 -3.07731343 -2.30258509
 -3.11406564 -3.08686959 -2.30258509 -3.07731343 -3.07628839 -3.02152396]
log likelihood =  -1442.21151192
Edge derivatives =  [-10.119703486962479, -2.2366137801238186, -3.2687487362790564, 1.927290016105137, -6.194333681791171, 1.4595205922846597, -7.3577975880455915, -6.839487700706604, -6.683610733782525, -3.8888444800299737, -6.8394877007066, -1.2153992879020993e-15, -7.004440726498433, -6.771093864975411, -1.1702898982915207e-15, -6.839487700706602, -6.633459803014024, -5.389590509266663]
other derivatives: [-18.1857331   -1.93606411  -6.0766979   -8.72357759  13.82302344   0.        ]
Current x array =  [-0.696427   -0.69861544 -0.58070307  1.29355495 -2.63578558  0.33647224
 -0.64161355 -2.35332631 -2.64889147 -1.8180855  -3.0993192  -1.9225851
 -3.2578833  -3.18285506 -3.19410265 -2.98187794 -3.18285506 -2.30258509
 -3.22448347 -3.19286521 -2.30258509 -3.18285506 -3.1807443  -3.11482206]
log likelihood =  -1434.27491289
Edge derivatives =  [-15.167941230366335, -2.114399800577915, -3.1307358485512333, 0.013825126741589477, -5.119062365158007, -0.4449112514429382, -6.058137321952827, -5.615707066721602, -5.372254258021485, -2.587207687719494, -5.615707066721602, 4.8832595977516185e-16, -5.611442862790031, -5.495379216651807, 5.193458120662207e-16, -5.615707066721603, -5.33621505759017, -4.013638307561856]
other derivatives: [-29.99063327  -3.50075879 -18.42729489  -7.56078862  14.68442861   0.        ]
Current x array =  [-0.66918184 -0.69371195 -0.55316456  1.27993798 -2.68318821  0.33647224
 -0.56384576 -2.38478371 -2.71711346 -1.73999342 -3.24752011 -1.8589056
 -3.43433554 -3.34596626 -3.35711096 -3.09364933 -3.34596626 -2.30258509
 -3.39456299 -3.35618322 -2.30258509 -3.34596626 -3.34155786 -3.25635511]
log likelihood =  -1414.74326596
Edge derivatives =  [-15.542665714762695, -1.7367158964199305, -2.619204962802091, -4.2464186878853125, -3.1090066565077312, -4.4320184606704, -3.4428204425146767, -3.035727349610948, -2.702069484679462, 0.06847073888064059, -3.035727349610948, 1.2133163622316272e-15, -2.818448977752318, -2.8004357674763347, 1.2396123282284718e-15, -3.0357273496109487, -2.606751264952392, -1.2518279005338955]
other derivatives: [-40.59827461  -2.0622565   -6.44149623  -3.18248112  11.76638307   0.        ]
Current x array =  [-0.64481105 -0.69918681 -0.57227784  1.14536225 -2.57514159  0.33647224
 -0.6065221  -2.48318522 -2.9093067  -1.57610459 -3.63699163 -1.73384127
 -3.89550035 -3.77213729 -3.77935541 -3.3660357  -3.77213729 -2.30258509
 -3.83538916 -3.77951422 -2.30258509 -3.77213729 -3.7574582  -3.61315816]
log likelihood =  -1404.61584556
Edge derivatives =  [0.9679004868807252, -0.8675588429009032, -0.90328389094591, -2.978817592300637, -1.3410528605211294, -2.629399585558643, -1.6053182965542154, -1.1409141151053048, -0.8085266747382399, 1.7818319916343799, -1.1409141151053044, 1.742757361034546e-20, -0.8444856321134985, -0.9655227177747364, 1.116411884605256e-20, -1.1409141151053048, -0.6982511567795695, 0.6773787418021567]
other derivatives: [ -6.83801318 -63.63734428 -18.93388344  -1.68151928   1.54702775   0.        ]
Current x array =  [-0.68915208 -0.54216683 -0.5343832   1.00916938 -2.20131994  0.33647224
 -0.94623548 -2.6181554  -3.1575187  -1.60958029 -4.0899729  -1.7960068
 -4.4225807  -4.24641318 -4.23647115 -3.57891699 -4.24641318 -2.30258509
 -4.31549715 -4.24144531 -2.30258509 -4.24641318 -4.20407574 -3.95543323]
log likelihood =  -1399.89217504
Edge derivatives =  [8.470629735282163, -0.20160148315191648, 0.1467534579871979, -2.881417856253506, -0.5098355183765368, -2.0247550454448566, -0.8204318477001075, -0.28404358841939115, 0.028219594748038812, 2.9192708701937367, -0.28404358841939203, 5.987062949000962e-16, 0.021876986427961067, -0.1477958777757019, 6.090976801177301e-16, -0.28404358841939104, 0.1462196383477095, 1.7123115370696123]
other derivatives: [  4.81272764  18.84150151  -7.05451839   0.34940513  -2.61563855   0.        ]
Current x array =  [-0.70457999 -0.78650976 -0.55582086  0.91726197 -2.04029355  0.33647224
 -1.06896779 -2.69506636 -3.29853605 -1.58989595 -4.35519381 -1.79551954
 -4.73308487 -4.52761688 -4.50936481 -3.71709517 -4.52761688 -2.30258509
 -4.60130983 -4.51664796 -2.30258509 -4.52761688 -4.4709782  -4.16512814]
log likelihood =  -1398.45132371
Edge derivatives =  [4.004458536917989, -0.4626871731402236, -0.159084223830964, -2.4117665321852364, -0.7264934809171298, -1.9214093247930313, -0.9943458010593584, -0.47239616110942323, -0.16075796996900749, 2.5927745892488665, -0.4723961611094229, 1.4555413021024054e-15, -0.1865979188903619, -0.31203683879218125, 1.4437262524776474e-15, -0.4723961611094229, -0.037250617254727, 1.440199736318585]
other derivatives: [ 2.06632649  6.32103365 -0.17221282 -1.04034825  0.26559519  0.        ]
Current x array =  [-0.70086847 -0.73207736 -0.57660045  0.96205647 -2.13932252  0.33647224
 -0.9788979  -2.67167435 -3.25726832 -1.5973808  -4.28137093 -1.7959349
 -4.64760416 -4.44912483 -4.43280107 -3.67288331 -4.44912483 -2.30258509
 -4.52088647 -4.43980005 -2.30258509 -4.44912483 -4.39577377 -4.10294033]
log likelihood =  -1398.09903483
Edge derivatives =  [1.9926465161536542, -0.5226300079946219, -0.13672141087370962, -1.5784731566923393, -0.6708183807050512, -1.3268364768319714, -0.9747873406234425, -0.4543087899173762, -0.15337935506070122, 2.4730238732938106, -0.4543087899173762, -8.301450019669441e-16, -0.17394110618910075, -0.30381488769692067, -8.1046266313150285e-16, -0.45430878991737694, -0.030744769332885946, 1.4041722058450752]
other derivatives: [ 0.83855412 -1.18131993  1.07024789 -0.71815975  0.20836524  0.        ]
Current x array =  [-0.69849346 -0.70465013 -0.58001615  0.96020019 -2.14608894  0.33647224
 -0.945531   -2.67637537 -3.2612673  -1.61963139 -4.29191851 -1.81464988
 -4.66105112 -4.45750289 -4.43833719 -3.65273655 -4.45750289 -2.30258509
 -4.52683321 -4.44670127 -2.30258509 -4.45750289 -4.4001474  -4.09380848]
log likelihood =  -1397.85153694
Edge derivatives =  [0.059644428917478676, -0.5342496299604743, -0.011966360312832134, -0.5027742916686249, -0.5203917753634243, -0.48991257443191316, -0.8875729884571797, -0.366838850861439, -0.08386345901896475, 2.376710403370101, -0.3668388508614388, 6.185463942997582e-21, -0.08934421261039312, -0.2394175029423033, 6.150642983354679e-21, -0.3668388508614394, 0.034993677036285364, 1.4313625033522017]
other derivatives: [ 0.65226686 -4.31791705  1.56419446 -0.16189006 -0.17546427  0.        ]
Current x array =  [-0.69772495 -0.69412451 -0.58069062  0.95063658 -2.14063168  0.33647224
 -0.91481196 -2.69086084 -3.27889769 -1.64851963 -4.3304934  -1.84066014
 -4.70848446 -4.49416986 -4.46971054 -3.63137996 -4.49416986 -2.30258509
 -4.55991919 -4.48053423 -2.30258509 -4.49416986 -4.42913332 -4.09598523]
log likelihood =  -1397.58400316
Edge derivatives =  [-1.4284362312224288, -0.4904475764542153, 0.17697852316659263, 0.7259189227215095, -0.306811670128336, 0.5223578876996546, -0.7676577900245686, -0.2586122689105144, -0.007368456285216762, 2.133198928089261, -0.25861226891051353, 6.359869528173457e-16, 0.018667724879332152, -0.1739855016126362, 6.342642659753889e-16, -0.2586122689105136, 0.10052386851265413, 1.4281005559910085]
other derivatives: [-0.56465979 -3.67319899  0.09181349  0.41229669 -0.5070433   0.        ]
Current x array =  [-0.69499355 -0.69666764 -0.57550999  0.93859687 -2.13261827  0.33647224
 -0.89170341 -2.71503445 -3.30077876 -1.68291853 -4.38441569 -1.87255997
 -4.77812734 -4.54482746 -4.51088203 -3.58128002 -4.54482746 -2.30258509
 -4.6032357  -4.52649982 -2.30258509 -4.54482746 -4.46612799 -4.08471369]
log likelihood =  -1397.25381627
Edge derivatives =  [-1.6606690413044427, -0.33876642833539267, 0.39991295903316676, 1.6787643618848729, -0.05508461340403159, 1.3922244571379987, -0.5801979176333545, -0.10609687417637437, 0.08701908564965655, 1.4888163980878328, -0.10609687417637442, 2.7879467869763626e-22, 0.16075718986117957, -0.07676001591916515, 2.7925312855957193e-22, -0.10609687417637387, 0.185298751281247, 1.311488213486091]
other derivatives: [-1.93811047 -1.39073109  3.75771378  0.4768026  -0.51297775  0.        ]
Current x array =  [-0.69149458 -0.70432365 -0.5846483   0.93422416 -2.1327862   0.33647224
 -0.88705592 -2.75791758 -3.32599637 -1.70720209 -4.46496634 -1.89824883
 -4.89110219 -4.62088726 -4.56890315 -3.47135694 -4.62088726 -2.30258509
 -4.66344501 -4.59473495 -2.30258509 -4.62088726 -4.51620993 -4.04089781]
log likelihood =  -1397.12753955
Edge derivatives =  [-2.3559374957344743, -0.06304795464055556, 0.5745510127111044, 2.195349109986273, 0.2620482267401728, 2.0269617805165607, -0.3723708209263577, 0.011401527275696433, 0.08298745977312272, -0.2485051597583845, 0.01140152727569646, -1.1550952010166315e-15, 0.28134393065696184, -0.05914204414296528, -1.1210921060380925e-15, 0.01140152727569646, 0.17087702016842518, 0.8294296767180911]
other derivatives: [  1.65539404   0.7926019  -11.35895218   0.34197001   1.20940058   0.        ]
Current x array =  [-0.69866882 -0.71243619 -0.54286317  0.94223355 -2.1740722   0.33647224
 -0.86558669 -2.8252019  -3.33692415 -1.71892038 -4.56026049 -1.91333528
 -5.04528312 -4.70698879 -4.62143259 -3.22834609 -4.70698879 -2.30258509
 -4.71601107 -4.66775307 -2.30258509 -4.70698879 -4.55405532 -3.90357587]
log likelihood =  -1396.82682343
Edge derivatives =  [-0.34603468650030755, -0.049591596696694606, 0.49805317964528384, 1.4124281097069566, 0.16853695143258018, 1.382540953483139, -0.3849925535822488, 0.0025988419761455717, 0.09301832917430891, -0.058702323740046136, 0.0025988419761452664, 1.0761735027292451e-16, 0.25993408533855566, -0.0496117613732433, 1.0932662516055915e-16, 0.002598841976145211, 0.1776668301525998, 0.8494769930005527]
other derivatives: [-2.39544988  1.55080215 -0.87666194  0.01616627  0.61472747  0.        ]
Current x array =  [-0.69081228 -0.71449702 -0.57055159  0.94372327 -2.15778576  0.33647224
 -0.90144312 -2.81867846 -3.33128899 -1.69567692 -4.54638065 -1.89300779
 -5.02852478 -4.69587042 -4.6137368  -3.25541642 -4.69587042 -2.30258509
 -4.70727441 -4.65857925 -2.30258509 -4.69587042 -4.54760912 -3.9132428 ]
log likelihood =  -1396.75962255
Edge derivatives =  [0.4286119473585658, -0.0226868720292668, 0.4210156227866546, 0.7526549389337474, 0.10683063219142175, 0.8514165957200353, -0.3969206504176836, -0.02063904164182151, 0.06920234152155141, -0.13260494605312334, -0.020639041641821926, -4.246512552750272e-16, 0.22982969471482065, -0.07038445590520453, -4.1199103603740803e-16, -0.020639041641821815, 0.1488029532810128, 0.7713552564912858]
other derivatives: [ 0.89098648  1.22940946  1.0081294  -0.23005668  0.7336439   0.        ]
Current x array =  [-0.69685765 -0.71323186 -0.57590749  0.94880771 -2.160959    0.33647224
 -0.91248514 -2.81661185 -3.32021503 -1.67536506 -4.53279695 -1.87431748
 -5.0178106  -4.6832728  -4.60070051 -3.24670264 -4.6832728  -2.30258509
 -4.69246501 -4.6466427  -2.30258509 -4.6832728  -4.53417698 -3.89612976]
log likelihood =  -1396.72466501
Edge derivatives =  [1.0580852703828965, 0.012030286533927492, 0.30242222638049554, -0.14796088818822542, 0.05918291351308369, 0.10983284284671195, -0.3919860420512554, -0.04174912714553458, 0.03482054151565539, -0.380087487935987, -0.041749127145534276, 9.28119019568201e-16, 0.2013277200192932, -0.09726309050919499, 9.037441731763001e-16, -0.04174912714553458, 0.10800439152915778, 0.6179313441166587]
other derivatives: [-1.47815626  0.59264949  0.48401034 -0.36723122  0.83271061  0.        ]
Current x array =  [-0.69320145 -0.71081359 -0.57476223  0.95371543 -2.16354664  0.33647224
 -0.92288445 -2.82025178 -3.30763775 -1.65054754 -4.52616954 -1.85125505
 -5.02156098 -4.67761892 -4.59139504 -3.21846315 -4.67761892 -2.30258509
 -4.68054461 -4.64085692 -2.30258509 -4.67761892 -4.52287331 -3.86353343]
log likelihood =  -1396.70102047
Edge derivatives =  [0.6775355942901113, 0.026868641258231366, 0.2831907198444623, -0.280688150469367, 0.0716525349578746, -0.05267053521998245, -0.3666589175769386, -0.027058270529347395, 0.03870019147015369, -0.5235629104823734, -0.027058270529347006, 6.968594948371738e-17, 0.20738219848295278, -0.08862824145969397, 6.825590042279187e-17, -0.027058270529347117, 0.10608904205258354, 0.5224372566844449]
other derivatives: [ 1.82039912 -0.3237119   0.2525212  -0.1418357   0.49806204  0.        ]
Current x array =  [-0.6994153  -0.70796986 -0.57375449  0.95087247 -2.15542927  0.33647224
 -0.91637227 -2.82646074 -3.30358735 -1.64612647 -4.53327004 -1.84509665
 -5.04054442 -4.68558245 -4.59525158 -3.2004141  -4.68558245 -2.30258509
 -4.68212351 -4.64840453 -2.30258509 -4.68558245 -4.52438186 -3.84173685]
log likelihood =  -1396.68674475
Edge derivatives =  [0.18975531412254687, 0.01126762477176707, 0.26374185140053347, -0.2782252269553711, 0.07699640635097704, -0.11212090888602505, -0.3577268595716678, -0.022335607092896587, 0.04073136274646777, -0.5135155147043067, -0.022335607092896836, 1.0702037757875035e-16, 0.2070236157451625, -0.08535584985599975, 9.869715589451682e-17, -0.022335607092897003, 0.10403217362950137, 0.4866726805665509]
other derivatives: [ 1.26158284 -0.65169843 -0.1967237   0.06612026  0.19260824  0.        ]
Current x array =  [-0.69862859 -0.70708099 -0.57237692  0.94808589 -2.14797932  0.33647224
 -0.90951991 -2.82772327 -3.30132262 -1.64696089 -4.53523389 -1.84385572
 -5.04814603 -4.68850994 -4.59687627 -3.20129797 -4.68850994 -2.30258509
 -4.68213675 -4.65166205 -2.30258509 -4.68850994 -4.52502838 -3.83450647]
log likelihood =  -1396.6683723
Edge derivatives =  [-0.46612753136923757, -0.014198401260156372, 0.2242605630640706, -0.2809199613134926, 0.07713017593851024, -0.23378352763742724, -0.3420210048122294, -0.018194470834656196, 0.04037026384754561, -0.4680508385663036, -0.018194470834656473, 5.026619615270805e-16, 0.19604446387623936, -0.0826246143148881, 4.629325090721176e-16, -0.01819447083465678, 0.0921179688219827, 0.39208456277268655]
other derivatives: [ 0.09645191 -0.31113814 -0.34222012  0.26982434 -0.25727331  0.        ]
Current x array =  [-0.69688379 -0.70866547 -0.57174285  0.94602993 -2.13666586  0.33647224
 -0.90041745 -2.82920235 -3.29351198 -1.64845455 -4.53502145 -1.84097024
 -5.06118709 -4.69086026 -4.59655886 -3.2060058  -4.69086026 -2.30258509
 -4.6774366  -4.65525633 -2.30258509 -4.69086026 -4.52256321 -3.81586351]
log likelihood =  -1396.65338956
Edge derivatives =  [-0.7016204072840445, -0.02779630695320357, 0.1962396206990264, -0.23843452296411777, 0.07227223728167997, -0.29367033048262653, -0.32657018776937496, -0.015962317457279968, 0.03959981997318118, -0.3809128095622585, -0.015962317457279995, -8.285838468165774e-16, 0.17961860546102965, -0.08034565252320278, -8.531567869633567e-16, -0.015962317457280134, 0.07719855221357814, 0.28927892751216255]
other derivatives: [-0.5666152  -0.09886207 -0.27023361  0.28721843 -0.53746589  0.        ]
Current x array =  [-0.69583728 -0.70961037 -0.57177764  0.94661954 -2.12911038  0.33647224
 -0.89758116 -2.82999659 -3.28390478 -1.65118843 -4.53249419 -1.8396347
 -5.07368054 -4.69151879 -4.59458327 -3.21534896 -4.69151879 -2.30258509
 -4.67014451 -4.65771894 -2.30258509 -4.69151879 -4.5183568  -3.79605032]
log likelihood =  -1396.62441769
Edge derivatives =  [-0.7344159827241226, -0.033627240065120384, 0.15190875850606383, -0.05624028791529681, 0.06637226898604176, -0.27273906085508026, -0.2860045976231978, -0.00791838350080537, 0.03835878157647349, -0.20786914027135195, -0.007918383500805287, -1.0397572173219e-15, 0.14075267483105092, -0.07248919989122951, -9.864389245362586e-16, -0.007918383500805759, 0.042389561089604524, 0.03031226231664208]
other derivatives: [-1.14932845  0.15984369 -0.09197265  0.13665158 -0.7751396   0.        ]
Current x array =  [-0.69484505 -0.71067209 -0.57202822  0.95023641 -2.12181379  0.33647224
 -0.89794739 -2.83328534 -3.26076752 -1.65949227 -4.52754804 -1.8406983
 -5.10693223 -4.6942069  -4.59024589 -3.23367943 -4.6942069  -2.30258509
 -4.65277292 -4.66482238 -2.30258509 -4.6942069  -4.50860911 -3.7474347 ]
log likelihood =  -1396.59906222
Edge derivatives =  [-0.43778537551561647, -0.019329113067062084, 0.08991600745342355, 0.03618072302749539, 0.05947385371296576, -0.09187400327265685, -0.23992443790393297, 0.003140504626536783, 0.037030015893264545, -0.01926511064316916, 0.003140504626536339, 6.553638043413369e-16, 0.0984456293640791, -0.0591465820491012, 6.27255095469754e-16, 0.003140504626536672, 0.00903757827126539, -0.21056958745882937]
other derivatives: [-0.59287686  0.19776962 -0.30847787  0.15377282 -0.43733053  0.        ]
Current x array =  [-0.69573824 -0.71068399 -0.57152187  0.94851633 -2.12997175  0.33647224
 -0.90270451 -2.83721206 -3.23476776 -1.66522395 -4.52202807 -1.84627653
 -5.14767609 -4.69785942 -4.58583099 -3.25400454 -4.69785942 -2.30258509
 -4.63361584 -4.67446983 -2.30258509 -4.69785942 -4.49937357 -3.70433458]
log likelihood =  -1396.58974895
Edge derivatives =  [-0.16428305112941644, -0.006354740386619583, 0.061439430171871035, 0.14713293608526767, 0.055353411941957975, 0.10806203252147002, -0.20678787624120348, 0.011658483438081207, 0.035799977016490236, 0.05264573125803129, 0.011658483438081624, -4.231797995823668e-16, 0.07481396080194312, -0.04420934910362892, -3.7357949542130097e-16, 0.011658483438081929, -0.001990742042954158, -0.2623188549084612]
other derivatives: [-0.53967142 -0.81513463  0.17535058 -0.03751666 -0.02100933  0.        ]
Current x array =  [-0.69557537 -0.70675833 -0.5730252   0.95145976 -2.14139155  0.33647224
 -0.90638842 -2.83973241 -3.22061898 -1.66970596 -4.51887413 -1.85224485
 -5.17740311 -4.70074079 -4.58357191 -3.26202017 -4.70074079 -2.30258509
 -4.6226074  -4.68244251 -2.30258509 -4.70074079 -4.49621987 -3.69543704]
log likelihood =  -1396.58575965
Edge derivatives =  [0.28401727044216996, 0.019624546712945147, 0.040590924583878654, 0.06910596741538855, 0.05250917089050844, 0.16539393797666857, -0.18119041406492098, 0.01912564709723405, 0.033771437996666875, 0.06886631309792479, 0.019125647097234216, -2.364954152751224e-16, 0.06209495256009052, -0.031762981158998504, -2.3017294240507283e-16, 0.01912564709723394, -0.006236256880943203, -0.2628798274597104]
other derivatives: [ 0.76468041  0.63134848 -0.06355094 -0.15108981  0.34144705  0.        ]
Current x array =  [-0.6978292  -0.71174866 -0.57240629  0.95219091 -2.149638    0.33647224
 -0.91232132 -2.84224922 -3.2111529  -1.66789817 -4.51724211 -1.85319647
 -5.20084626 -4.70347599 -4.58240986 -3.26263162 -4.70347599 -2.30258509
 -4.61561549 -4.68910373 -2.30258509 -4.70347599 -4.49514591 -3.69445002]
log likelihood =  -1396.58249251
Edge derivatives =  [0.18424652795939944, 0.015283143675944865, 0.04383449001258023, 0.06400078114291535, 0.05284558711407594, 0.14701661756253012, -0.18282439870870693, 0.018645588251699707, 0.03366777989963815, 0.04466557282655481, 0.018645588251699846, 4.1618766671975724e-16, 0.06622457523152589, -0.031079931436535813, 4.694500353684952e-16, 0.01864558825169979, -0.0011627115687916356, -0.21734532158702446]
other derivatives: [ 0.44994977  0.09940777  0.02623892 -0.13878889  0.28746854  0.        ]
Current x array =  [-0.69726516 -0.70984867 -0.57266621  0.95233362 -2.14872424  0.33647224
 -0.91090223 -2.84192323 -3.21366565 -1.66751663 -4.51782016 -1.85278347
 -5.19928787 -4.70349981 -4.58301291 -3.26012191 -4.70349981 -2.30258509
 -4.61740548 -4.68907456 -2.30258509 -4.70349981 -4.49667611 -3.70253043]
log likelihood =  -1396.57710382
Edge derivatives =  [0.048353787376348545, 0.012200751908146396, 0.03161569459133329, 0.02396247211738642, 0.0516098954140739, 0.10440312916950016, -0.1697231081860594, 0.0222676996883312, 0.03231579689075903, 0.011726045030306054, 0.02226769968833131, -6.910539868350323e-17, 0.06588099652676405, -0.021849250112973312, -7.282962702508961e-17, 0.022267699688331283, 0.005998843413149074, -0.1318492086138563]
other derivatives: [ 0.11855263 -0.48328275  0.10966232 -0.12171313  0.21748292  0.        ]
Current x array =  [-0.69669497 -0.70779698 -0.57288785  0.9525283  -2.14749955  0.33647224
 -0.90895989 -2.84266973 -3.21271263 -1.66649871 -4.51797809 -1.85166008
 -5.21153721 -4.70540201 -4.58362469 -3.25636095 -4.70540201 -2.30258509
 -4.61655409 -4.69342746 -2.30258509 -4.70540201 -4.49914179 -3.71759074]
log likelihood =  -1396.57014167
Edge derivatives =  [-0.07704733372672823, 0.012266755710339507, -0.010028614071027606, -0.054113524568701415, 0.04655849629566733, 0.028664087846546046, -0.13248503328951797, 0.03197282741893176, 0.028473625553325443, -0.00699448077323761, 0.03197282741893204, 3.9998068543345887e-16, 0.052743809181634266, -0.0004001760702441459, 4.0486006358996657e-16, 0.03197282741893215, 0.010457213404241855, -0.030644369792635073]
other derivatives: [-0.18737865 -0.80419795  0.13646968 -0.09113137  0.12739747  0.        ]
Current x array =  [-0.69621132 -0.7067209  -0.57290565  0.95240988 -2.14550686  0.33647224
 -0.90736724 -2.84521646 -3.20358693 -1.66537981 -4.51639438 -1.849606
 -5.24749465 -4.70986938 -4.58330602 -3.25373846 -4.70986938 -2.30258509
 -4.60919927 -4.70453759 -2.30258509 -4.70986938 -4.5012675  -3.73548432]
log likelihood =  -1396.56431443
Edge derivatives =  [-0.11290189012776541, 0.01581952404356557, -0.06311918013244984, -0.07775158477675734, 0.040239399427742906, -0.04252382691324115, -0.08109075201810774, 0.04440165352208372, 0.022944548211299487, 0.0028212594371039845, 0.044401653522083945, -3.000306020441193e-17, 0.026324537900593917, 0.02643355824024879, 7.113916885782408e-19, 0.044401653522084306, 0.0077689599389957065, 0.03011061670192472]
other derivatives: [ 0.09190444 -0.66743269  0.18740138 -0.00729869 -0.00081855  0.        ]
Current x array =  [-0.69677123 -0.70733373 -0.57290555  0.95062018 -2.14185213  0.33647224
 -0.9074771  -2.84880228 -3.18803923 -1.66669051 -4.5125005  -1.84772368
 -5.29990496 -4.71500445 -4.58133903 -3.25395261 -4.71500445 -2.30258509
 -4.5956584  -4.71907953 -2.30258509 -4.71500445 -4.5013612  -3.74608228]
log likelihood =  -1396.65575379
Edge derivatives =  [0.7575421791396673, 0.035322798036542355, -0.14747808581380162, -0.17229327926348562, 0.031062142559928785, -0.08864984896837019, -0.0069986723091906705, 0.04675743663117715, -0.005741799858430929, -0.01707489451713351, 0.046757436631177623, -1.530281704372827e-17, -0.02891472376375494, 0.053072865526268304, 3.562586190025081e-17, 0.04675743663117746, -0.00878580041043317, 0.16002404312118168]
other derivatives: [-9.01002295  1.65148322 -2.478032   -0.10427357  0.47123194  0.        ]
Current x array =  [-0.68073944 -0.71515619 -0.56611657  0.9500456  -2.15084969  0.33647224
 -0.92404997 -2.85320874 -3.16727354 -1.66999598 -4.50242937 -1.84992426
 -5.38498935 -4.71902868 -4.57567166 -3.25262277 -4.71902868 -2.30258509
 -4.57211698 -4.73953363 -2.30258509 -4.71902868 -4.50108273 -3.77203181]
log likelihood =  -1396.56377947
Edge derivatives =  [-0.05103167996555513, 0.017185010808331097, -0.06900026776471861, -0.08456053478731235, 0.03957850866690826, -0.045896847819575565, -0.07560076211788015, 0.04455864908351215, 0.02090908257037638, 0.0014114226768975335, 0.044558649083512175, -2.70447507830688e-17, 0.0224691757133773, 0.028313481497633908, -3.520124238810925e-17, 0.04455864908351248, 0.0065913082680549295, 0.03940670359546661]
other derivatives: [ -5.38170752e-01  -5.01245268e-01   6.82121026e-05  -1.43245416e-02
   3.28327587e-02   0.00000000e+00]
Current x array =  [-0.69563486 -0.7078882  -0.57242433  0.95057945 -2.1424899   0.33647224
 -0.90865182 -2.84911462 -3.18656731 -1.6669248  -4.51178663 -1.84787966
 -5.30593593 -4.7152897  -4.58093731 -3.25385835 -4.7152897  -2.30258509
 -4.59398973 -4.72052936 -2.30258509 -4.7152897  -4.50134146 -3.74792164]
log likelihood =  -1396.56227867
Edge derivatives =  [0.001736740391067193, 0.020745462091332878, -0.09078881806396545, -0.06448959157053197, 0.03684703501426356, -0.05773254565455555, -0.053404318292805036, 0.04952311153819433, 0.018342735258753406, 0.021992998608212133, 0.049523111538194636, 1.3130018222374195e-15, 0.0073804399117922415, 0.038803173441394376, 1.3220675056052962e-15, 0.049523111538193776, 0.0016361385330528333, 0.03377823113822753]
other derivatives: [-0.15327259 -0.13781118  0.01273293  0.01220997 -0.00527507  0.        ]
Current x array =  [-0.69633391 -0.70923937 -0.57237665  0.94970004 -2.14099252  0.33647224
 -0.90971815 -2.85069956 -3.17852342 -1.66851346 -4.50934485 -1.84756883
 -5.32978091 -4.71706741 -4.57942215 -3.25568037 -4.71706741 -2.30258509
 -4.58666867 -4.72648711 -2.30258509 -4.71706741 -4.50016266 -3.74662003]
log likelihood =  -1396.56188427
Edge derivatives =  [0.02893769516380973, 0.021247186763945755, -0.08869499404467242, -0.028281379986219407, 0.03710259186324194, -0.04034828784945081, -0.0494230261996005, 0.04927663998942891, 0.017480185676186255, 0.02967032302850159, 0.049276639989429105, 1.0556105471998403e-15, 0.0035472897968676018, 0.03931117283764407, 1.0327473723985315e-15, 0.04927663998942891, -0.0005936513068391658, 0.02132407004082304]
other derivatives: [-0.01307399  0.03051355 -0.03469722  0.00459295 -0.00798082  0.        ]
Current x array =  [-0.69657269 -0.70985232 -0.57221933  0.94967426 -2.14066235  0.33647224
 -0.91014437 -2.85075296 -3.17750129 -1.66972915 -4.50835064 -1.84811727
 -5.33422544 -4.71674305 -4.57875907 -3.25644159 -4.71674305 -2.30258509
 -4.58490801 -4.72694977 -2.30258509 -4.71674305 -4.49950836 -3.74427952]
log likelihood =  -1396.56145977
Edge derivatives =  [0.050703099220502534, 0.02039141532846675, -0.0783540721000125, 0.030970098060848106, 0.038007347756071286, -0.007638796392412706, -0.04689872050549289, 0.047401325139064504, 0.01645589888274629, 0.03272868018102315, 0.04740132513906453, 2.518442653079129e-16, 0.0006599899744813183, 0.038014608568241876, 2.6517893099444865e-16, 0.04740132513906459, -0.0023175938835651166, 0.009085002244412665]
other derivatives: [ 0.07701146  0.19606432 -0.01909939 -0.01220997 -0.01141416  0.        ]
Current x array =  [-0.69670549 -0.71044868 -0.57223459  0.94979425 -2.1403318   0.33647224
 -0.91045953 -2.85036361 -3.17822176 -1.67143897 -4.50701775 -1.84917583
 -5.33715772 -4.71558228 -4.57793265 -3.25679019 -4.71558228 -2.30258509
 -4.58362446 -4.72637543 -2.30258509 -4.71558228 -4.49891101 -3.74204342]
log likelihood =  -1396.56090664
Edge derivatives =  [0.06488081214104902, 0.01876158232890075, -0.06083191988111543, 0.10177427955068893, 0.03918903831219145, 0.0349659242401581, -0.04363519497947763, 0.0434707020547008, 0.014330756548149415, 0.02841035186837826, 0.043470702054701216, 0.0, -0.0020891179745673553, 0.03525212959871196, 0.0, 0.043470702054700966, -0.0034407453399001586, 0.004424883961929416]
other derivatives: [ 0.18069386  0.24890596 -0.16577815 -0.0270802  -0.01532499  0.        ]
Current x array =  [-0.69685752 -0.71064755 -0.5718086   0.94988564 -2.13996509  0.33647224
 -0.91063112 -2.84953031 -3.18074112 -1.67333519 -4.50493937 -1.85060894
 -5.34113178 -4.71348218 -4.57678792 -3.25631821 -4.71348218 -2.30258509
 -4.58235595 -4.72515834 -2.30258509 -4.71348218 -4.49853725 -3.74119261]
log likelihood =  -1396.56015907
Edge derivatives =  [0.08174289156371928, 0.013209107633196266, -0.026677569978182172, 0.21675913597565247, 0.03855858617712116, 0.11430046825412171, -0.03529712028390361, 0.03484643028384635, 0.010487363811057082, 0.008755678513383769, 0.03484643028384585, -1.613134159049856e-15, -0.007871872078320831, 0.03025836813797088, -1.5779714557278398e-15, 0.03484643028384643, -0.0037167894032187065, 0.0018417214668404736]
other derivatives: [ 0.09040377  0.38162398  0.3039986  -0.05522907 -0.01714398  0.        ]
Current x array =  [-0.69660801 -0.71109322 -0.57307849  0.94993371 -2.13988672  0.33647224
 -0.91086838 -2.84755597 -3.18713986 -1.67611867 -4.5000304  -1.85337676
 -5.35094044 -4.70853499 -4.57423883 -3.25450771 -4.70853499 -2.30258509
 -4.5797506  -4.72237742 -2.30258509 -4.70853499 -4.49807765 -3.7409827 ]
log likelihood =  -1396.55917332
Edge derivatives =  [0.0667225510262549, 0.011139982483544888, -0.011301289134752687, 0.23134883130099146, 0.03723557072942263, 0.13634686923755762, -0.030031991443505147, 0.02867517033207781, 0.006841198760343892, -0.007146544524740728, 0.028675170332077754, 1.418487718790311e-15, -0.010281920404818144, 0.026461364236241416, 1.4424929451692574e-15, 0.028675170332078004, -0.0034328862811441596, 0.012585229850607949]
other derivatives: [ 0.14279067  0.16602826 -0.02321485 -0.04492904 -0.00763976  0.        ]
Current x array =  [-0.6966986  -0.71033301 -0.57219477  0.94968972 -2.14013111  0.33647224
 -0.91054831 -2.84632609 -3.19151118 -1.67616095 -4.49702271 -1.85425945
 -5.35747629 -4.70553179 -4.57284083 -3.25274805 -4.70553179 -2.30258509
 -4.57855768 -4.72080962 -2.30258509 -4.70553179 -4.49826088 -3.74296511]
log likelihood =  -1396.55805574
Edge derivatives =  [0.013751467765584446, 0.0073944537976821, -0.002006573139337886, 0.1835355249432148, 0.031995841903047606, 0.12794476097160912, -0.022145682655316204, 0.020861631550826515, 0.002344881362654927, -0.029453336693371135, 0.02086163155082668, 6.115265347481878e-16, -0.013537938888243346, 0.022206167510767275, 6.160293243576173e-16, 0.02086163155082643, -0.0024393760717105195, 0.027431526801152906]
other derivatives: [  4.34511094e-02  -1.41994860e-01  -1.54614099e-01  -6.63931132e-03
  -1.13686838e-04   0.00000000e+00]
Current x array =  [-0.69655112 -0.70924105 -0.57187994  0.94902372 -2.1406778   0.33647224
 -0.90967342 -2.8447835  -3.19697044 -1.67422342 -4.49292772 -1.85429124
 -5.36711328 -4.70167003 -4.57106411 -3.25040651 -4.70167003 -2.30258509
 -4.57700041 -4.71896259 -2.30258509 -4.70167003 -4.49864044 -3.74582415]
log likelihood =  -1396.5571734
Edge derivatives =  [-0.04249725848074859, 0.0033455252108746565, 0.004846399587210545, 0.09721910994661773, 0.02464748185536325, 0.09482560552864991, -0.016123790095055466, 0.012274945771706347, -0.0016043104475371717, -0.0482697396960976, 0.012274945771706569, 4.421704424783773e-16, -0.015575904182202373, 0.01646852714776964, 4.3210441090675267e-16, 0.01227494577170618, -0.0014358351590182672, 0.03377675214526543]
other derivatives: [-0.05215952 -0.22550921 -0.12939836  0.03014975  0.00850378  0.        ]
Current x array =  [-0.69643772 -0.70895086 -0.57199737  0.94843647 -2.14129892  0.33647224
 -0.90866165 -2.8430227  -3.20305289 -1.67100796 -4.48870054 -1.8534939
 -5.37457748 -4.69736142 -4.56929971 -3.24849152 -4.69736142 -2.30258509
 -4.57604706 -4.71620843 -2.30258509 -4.69736142 -4.49889176 -3.74714242]
log likelihood =  -1396.5564546
Edge derivatives =  [-0.012694689330044806, 0.0017354713606232784, 0.0005197762907523246, 0.012706506786892335, 0.012122975093630695, 0.017294260721704483, 0.0007379008292379289, 0.004890735610841357, -0.0066491938609241075, -0.03848279388726494, 0.004890735610841163, 2.4156178069083434e-16, -0.02661552717574483, 0.014215514345281177, 2.490155900621528e-16, 0.004890735610841163, -0.005105820698638075, 0.013115887512521462]
other derivatives: [-0.02291927 -0.19624622 -0.0172804   0.03667537 -0.02632987  0.        ]
Current x array =  [-0.69655017 -0.70908445 -0.57231038  0.94833816 -2.14040295  0.33647224
 -0.90918002 -2.84186884 -3.20466602 -1.66840033 -4.48226811 -1.85136329
 -5.39432737 -4.69323581 -4.56638797 -3.24957889 -4.69323581 -2.30258509
 -4.57106312 -4.71558164 -2.30258509 -4.69323581 -4.4978242  -3.74343416]
log likelihood =  -1396.55775604
Edge derivatives =  [-0.028937471121604608, -0.001621777172949623, 0.04002850969465031, -0.08665941441574329, 0.006619797089857604, -0.02468024303799328, -0.016287329973763934, -0.009926087271012907, -0.005909732233765563, -0.05308247862990556, -0.009926087271012907, 1.0933823510958497e-15, -0.007917830935499807, -0.005423857648641589, 1.0127278863203218e-15, -0.00992608727101324, 0.00223546184116194, 0.016846424908300683]
other derivatives: [ 0.23399025  0.5812808  -0.20188509 -0.05875336  0.06471055  0.        ]
Current x array =  [-0.69707966 -0.7118193  -0.57186016  0.95053218 -2.1427565   0.33647224
 -0.90777627 -2.83802867 -3.22000416 -1.663354   -4.47977049 -1.84975442
 -5.37451001 -4.68620115 -4.56639524 -3.24810874 -4.68620115 -2.30258509
 -4.57945617 -4.70487045 -2.30258509 -4.68620115 -4.49931301 -3.74400934]
log likelihood =  -1396.5563066
Edge derivatives =  [-0.0166100578245163, 0.0009262235006959694, 0.010243013368330042, -0.011225851201619286, 0.010801307246852132, 0.007147674846538004, -0.0033477948831450105, 0.0013150856057762839, -0.006467608337606512, -0.04200918755254501, 0.0013150856057763949, -4.344158984745837e-22, -0.022070616664965063, 0.009481175544690024, -4.334023051169215e-22, 0.001315085605776617, -0.0033263728316277885, 0.014023108973477694]
other derivatives: [ 0.03931291 -0.00761702 -0.06205028  0.01343778 -0.00436557  0.        ]
Current x array =  [-0.69667831 -0.70974632 -0.57220142  0.94886914 -2.14097254  0.33647224
 -0.9088403  -2.84093947 -3.20837805 -1.66717905 -4.48166365 -1.85097392
 -5.38953131 -4.69153333 -4.56638973 -3.2492231  -4.69153333 -2.30258509
 -4.57309435 -4.7129894  -2.30258509 -4.69153333 -4.49818451 -3.74357336]
log likelihood =  -1396.55624261
Edge derivatives =  [0.0019261734727227253, 0.0013436791962167793, 0.006829953172517431, -0.01339004797667942, 0.009688482683942623, -0.00607679367620202, -0.002388806902034817, 0.00190826777085909, -0.006109103456899412, -0.032396070340677374, 0.0019082677708595341, 1.7462332326995677e-16, -0.02280896372623096, 0.009910388959304739, 1.5287105842971502e-16, 0.0019082677708594786, -0.004160592385929723, 0.00601592737087997]
other derivatives: [-0.01844001  0.04597496 -0.0153932   0.00263753 -0.00893579  0.        ]
Current x array =  [-0.69657595 -0.70993417 -0.57232577  0.949079   -2.14078372  0.33647224
 -0.90917379 -2.84111044 -3.2072516  -1.66725301 -4.48149695 -1.8505728
 -5.39048822 -4.69176172 -4.56638374 -3.25029412 -4.69176172 -2.30258509
 -4.57282501 -4.71324087 -2.30258509 -4.69176172 -4.49793772 -3.7421247 ]
log likelihood =  -1396.55621787
Edge derivatives =  [0.018950577283872505, 0.00204695148126254, 0.005631895206996723, -0.01011857405661229, 0.008810163344262545, -0.013517393065063598, -0.0029347191525669657, 0.0025882944100338867, -0.004933399020259688, -0.020912322908782865, 0.0025882944100341365, 1.037132240334957e-16, -0.02173853705321214, 0.00985051474880791, 1.1848043356499784e-16, 0.00258829441003397, -0.004196404416330735, -0.0015704373664930937]
other derivatives: [ 0.12848886  0.04190497  0.0746013  -0.01264198 -0.00804903  0.        ]
Current x array =  [-0.69683144 -0.70991495 -0.57256684  0.94937722 -2.14079651  0.33647224
 -0.90939179 -2.84120252 -3.20648486 -1.66735295 -4.48152714 -1.85025645
 -5.38958529 -4.69195779 -4.56658767 -3.25155467 -4.69195779 -2.30258509
 -4.57331125 -4.71305218 -2.30258509 -4.69195779 -4.49781213 -3.74070792]
log likelihood =  -1396.55618248
Edge derivatives =  [0.018064761616513936, 0.0016082303447441468, 0.005883180412800157, -0.006390369426933884, 0.008738171200879274, -0.0138082586694455, -0.003616705110788593, 0.0022975926341863573, -0.004771088985558891, -0.01736214185091378, 0.0022975926341865516, -1.627874691985487e-16, -0.02106085288365947, 0.009115385543382398, -1.9238360320257402e-16, 0.002297592634186413, -0.004312832112476128, -0.004597651257000512]
other derivatives: [ 0.01809894  0.04704361  0.04529284 -0.01671197 -0.00493401  0.        ]
Current x array =  [-0.69663341 -0.70992831 -0.57249275  0.94947781 -2.14086633  0.33647224
 -0.90939535 -2.84114258 -3.2065515  -1.66749151 -4.48147853 -1.85028553
 -5.38879485 -4.69186487 -4.56666065 -3.25199391 -4.69186487 -2.30258509
 -4.57369128 -4.71272664 -2.30258509 -4.69186487 -4.49779399 -3.740198  ]
log likelihood =  -1396.55615394
Edge derivatives =  [0.013051959127867052, 0.000891724579335524, 0.00778794751021461, -0.001455584008040356, 0.00838592456094156, -0.011752495222965662, -0.004477530591698298, 0.0013865799831311865, -0.004562013449251168, -0.013071880893193333, 0.001386579983131464, -8.571789952660784e-17, -0.019745719176530677, 0.007648698446861862, -8.72490691119872e-17, 0.0013865799831315473, -0.004138204165623827, -0.007751382532041662]
other derivatives: [-0.03831246  0.01982698  0.00902673 -0.02046363  0.00088676  0.        ]
Current x array =  [-0.69653053 -0.70982663 -0.57240162  0.94957359 -2.14103612  0.33647224
 -0.90930091 -2.84092431 -3.20712073 -1.66759217 -4.48116581 -1.8503811
 -5.38781793 -4.69144678 -4.56669897 -3.25252469 -4.69144678 -2.30258509
 -4.57434912 -4.71199649 -2.30258509 -4.69144678 -4.49782552 -3.73966439]
log likelihood =  -1396.55613352
Edge derivatives =  [0.005846434514285126, 0.00015049555966635542, 0.009562135833722507, 0.0024757418273519127, 0.007821432415438867, -0.008720332480175794, -0.004991719604721896, 0.0004086180906251735, -0.004302828937029213, -0.008066933930805487, 0.00040861809062509025, -4.1661243936520244e-17, -0.0183375824961553, 0.0061701545348541165, -4.882219730599737e-17, 0.00040861809062514576, -0.003830991660224964, -0.010593664569338745]
other derivatives: [-0.03574314 -0.01261924 -0.01566605 -0.01966782  0.00579803  0.        ]
Current x array =  [-0.69653374 -0.70970906 -0.57234019  0.94956525 -2.1411947   0.33647224
 -0.90916643 -2.84068345 -3.20768159 -1.66765247 -4.48069706 -1.85049804
 -5.38725727 -4.69095565 -4.56671411 -3.25312645 -4.69095565 -2.30258509
 -4.57502399 -4.71123133 -2.30258509 -4.69095565 -4.49787316 -3.7391777 ]
log likelihood =  -1396.55611222
Edge derivatives =  [-0.002834067253025707, -0.0006676386775934327, 0.01044048622815022, 0.007062678656424376, 0.007230756177850961, -0.002367305225592378, -0.004751363216957161, -0.0004251022365327761, -0.00408061284570016, -0.0028218182966457395, -0.0004251022365327761, -1.1897640140685054e-15, -0.017128947896460942, 0.005000562441770551, -1.1651946694013359e-15, -0.00042510223653233203, -0.0034776742348952283, -0.012416400525449234]
other derivatives: [-0.01166427 -0.02096385 -0.02301022 -0.01030003  0.00677574  0.        ]
Current x array =  [-0.69657542 -0.70968341 -0.57232295  0.94934289 -2.14124167  0.33647224
 -0.90904088 -2.84048232 -3.20796426 -1.66777892 -4.48006168 -1.85073115
 -5.38762194 -4.69049361 -4.56669774 -3.25375075 -4.69049361 -2.30258509
 -4.57558677 -4.71061414 -2.30258509 -4.69049361 -4.49792734 -3.73887693]
log likelihood =  -1396.55608818
Edge derivatives =  [-0.012184905525635448, -0.0017820522340234995, 0.011141672143281822, 0.011012757153735536, 0.0065096185932228545, 0.009536901209492594, -0.004635298814892689, -0.0013647407303885861, -0.003584293156551177, 0.002064778152860658, -0.0013647407303886416, -1.0584783100202321e-16, -0.01470850036026182, 0.003514434843736841, -1.1950229470544166e-16, -0.0013647407303888637, -0.00246490496558735, -0.011546616090552408]
other derivatives: [-0.00345608 -0.01657554  0.02642082  0.00434284  0.00627551  0.        ]
Current x array =  [-0.6965841  -0.70970071 -0.57246235  0.94897652 -2.14127253  0.33647224
 -0.90893319 -2.84023634 -3.20829926 -1.66789357 -4.47924164 -1.85115317
 -5.38786521 -4.6899475  -4.56678882 -3.25437238 -4.6899475  -2.30258509
 -4.57669056 -4.70974909 -2.30258509 -4.6899475  -4.49812415 -3.73909168]
log likelihood =  -1396.55607343
Edge derivatives =  [-0.0039947452931969885, -0.0018431689497483954, 0.008079327769670852, 0.006214280216304602, 0.004973281308770505, 0.013823042519943063, -0.0022538238836450853, -0.001939144425298911, -0.0034642705902070414, 0.010608060314943213, -0.0019391444252988, 2.35020795681192e-16, -0.013261243850264746, 0.0027426639808216247, 2.512601102168755e-16, -0.0019391444252989387, -0.0020311870473939397, -0.011219225210886252]
other derivatives: [ 0.08267307  0.00238742 -0.03142304  0.02341949 -0.00150067  0.        ]
Current x array =  [-0.69673928 -0.70978343 -0.57229908  0.94849842 -2.14098663  0.33647224
 -0.90914028 -2.84017871 -3.20752526 -1.66790409 -4.47797287 -1.85134454
 -5.39077094 -4.68957494 -4.5667735  -3.25530027 -4.68957494 -2.30258509
 -4.57730391 -4.7093943  -2.30258509 -4.68957494 -4.49821224 -3.73914595]
log likelihood =  -1396.55605454
Edge derivatives =  [-0.0027066391683561175, -0.0017977270542309989, 0.007677905096294832, 0.004210127696488097, 0.00515617985818162, 0.015105329840860736, -0.002768647489571191, -0.0016973197524897399, -0.0032736780016987543, 0.007997907491696932, -0.0016973197524896566, 3.520189467637722e-17, -0.012399007424272045, 0.002812197589288412, 5.2796943359762366e-18, -0.001697319752489379, -0.001548110822668869, -0.007970582044787955]
other derivatives: [ 0.04827143  0.00782165  0.00702585  0.0216005  -0.00204636  0.        ]
Current x array =  [-0.69667457 -0.70979883 -0.57240521  0.94853435 -2.14098724  0.33647224
 -0.90917084 -2.84022062 -3.20748863 -1.66784871 -4.47812841 -1.85138154
 -5.39014276 -4.68971111 -4.56692054 -3.25502245 -4.68971111 -2.30258509
 -4.57768706 -4.70936927 -2.30258509 -4.68971111 -4.4983337  -3.73974484]
log likelihood =  -1396.55602986
Edge derivatives =  [0.006943198735421596, -0.0014204390152271849, 0.005351102173388245, -0.0040362446511341965, 0.004870126213111559, 0.01360172134686721, -0.0030056068155929804, -0.0012922001909483616, -0.0029212154328263074, 0.005210410170473079, -0.0012922001909482506, -1.0124551960075112e-15, -0.010271533448153111, 0.00279138727468084, -1.0448520910539318e-15, -0.0012922001909483616, -0.0005693308087471038, -0.0014649569145288588]
other derivatives: [-0.00363798  0.01577973  0.03922196  0.01675744 -0.00534328  0.        ]
Current x array =  [-0.69657841 -0.7098231  -0.57249398  0.94862432 -2.14088972  0.33647224
 -0.90935445 -2.84033428 -3.20702298 -1.66767156 -4.47808663 -1.85133873
 -5.38980568 -4.68995024 -4.56723018 -3.25470621 -4.68995024 -2.30258509
 -4.57862397 -4.7092852  -2.30258509 -4.68995024 -4.49858718 -3.74092679]
log likelihood =  -1396.55601484
Edge derivatives =  [0.013589180538647327, -0.0012171467464278055, 0.0031777161256218295, -0.009705127950408149, 0.004111677246723899, 0.009834571651664462, -0.0027274979010630434, -0.0012272447846508883, -0.0026045074710461247, 0.005723577153705639, -0.0012272447846513046, -1.815861392001182e-15, -0.008135234933113852, 0.0023788939277449017, -1.7737131416143526e-15, -0.0012272447846509715, 0.0002223672992801573, 0.0025852153014158663]
other derivatives: [-0.02232809  0.00948148  0.03597052  0.01157332 -0.00741238  0.        ]
Current x array =  [-0.69654413 -0.70979931 -0.57248451  0.9487406  -2.14081725  0.33647224
 -0.90947324 -2.84039122 -3.20652802 -1.66757213 -4.47771642 -1.85123098
 -5.39007349 -4.69000783 -4.56747528 -3.25474362 -4.69000783 -2.30258509
 -4.57957047 -4.70904358 -2.30258509 -4.69000783 -4.49878442 -3.74165325]
log likelihood =  -1396.5559968
Edge derivatives =  [0.007073348419337044, -0.0014056842070033475, 0.001563579621161687, -0.007960333157852106, 0.003129731616292486, 0.0031086073070769743, -0.0025165365430052733, -0.0013783339302733955, -0.002106869401543643, 0.006135065789331984, -0.001378333930273895, 8.247227795591922e-16, -0.004404757232668598, 0.0012895442832314974, 7.731307936414775e-16, -0.0013783339302740338, 0.0014326617561483124, 0.007828260891035832]
other derivatives: [-0.02112301  0.02928573  0.00370619 -0.00197815 -0.00356977  0.        ]
Current x array =  [-0.6965501  -0.70986982 -0.57239278  0.94907345 -2.14090442  0.33647224
 -0.90931601 -2.84042482 -3.2059995  -1.6676736  -4.47704483 -1.85101912
 -5.39021716 -4.68998653 -4.56787393 -3.25472697 -4.68998653 -2.30258509
 -4.58122276 -4.70845868 -2.30258509 -4.68998653 -4.4990749  -3.74256395]
log likelihood =  -1396.55599672
Edge derivatives =  [-0.000931134318518767, -0.0016785485791674676, -0.0016262545448578053, -0.006042777888168899, 0.0015012924263545502, -0.005750654763244108, -0.0005644597988769965, -0.0014899276249187299, -0.0019075780202026382, 0.007800996080584932, -0.0014899276249186189, -5.168847998329701e-17, -0.002293311313321632, 0.000781316448505126, -3.692070774165974e-17, -0.0014899276249183135, 0.0020253830148188323, 0.01009942628310534]
other derivatives: [ 0.02285105 -0.06230039  0.00695763 -0.00106866 -0.00788987  0.        ]
Current x array =  [-0.69663165 -0.70954929 -0.5723992   0.94909935 -2.14083983  0.33647224
 -0.90921072 -2.84051634 -3.20507874 -1.66783963 -4.47601943 -1.8507759
 -5.39244392 -4.68992616 -4.56805982 -3.25486261 -4.68992616 -2.30258509
 -4.58215017 -4.70821967 -2.30258509 -4.68992616 -4.49919407 -3.74295817]
log likelihood =  -1396.55599066
Edge derivatives =  [0.0030621160219141963, -0.001542424831426031, -3.4324770495447465e-05, -0.00699870231661362, 0.0023139038714053983, -0.0013311868622488312, -0.0015375284551928771, -0.001434245258969652, -0.002006974556304386, 0.006970103982419484, -0.0014342452589695964, 5.373350211318285e-16, -0.003346228477999147, 0.0010348505749359638, 4.956434535249144e-16, -0.0014342452589693466, 0.0017297577887982751, 0.0089666934373005]
other derivatives: [ 0.00077307 -0.01650733  0.00527507 -0.0015234  -0.0056616   0.        ]
Current x array =  [-0.69659097 -0.70970917 -0.572396    0.94908643 -2.14087205  0.33647224
 -0.90926324 -2.84047069 -3.20553802 -1.66775681 -4.47653091 -1.85089722
 -5.39133319 -4.68995627 -4.5679671  -3.25479495 -4.68995627 -2.30258509
 -4.58168757 -4.70833889 -2.30258509 -4.68995627 -4.49913463 -3.74276153]
log likelihood =  -1396.55598716
Edge derivatives =  [-0.0023838845191368474, -0.0018082491766098548, -1.128928642790683e-05, -0.0032485862305381696, 0.0019996023154263964, -0.0030352282557735456, -0.0011018514500487128, -0.0016683463145630018, -0.0020289813820557057, 0.008251984869726892, -0.0016683463145627797, 8.151501262824005e-16, -0.0030561567687072064, 0.0006801961057461559, 7.846559261146713e-16, -0.001668346314563085, 0.0016511156124104087, 0.007601459781874098]
other derivatives: [-0.00161435 -0.00902673 -0.01168701 -0.00127329 -0.00375167  0.        ]
Current x array =  [-0.69658919 -0.70973767 -0.57234892  0.94909322 -2.14092553  0.33647224
 -0.90916726 -2.84044931 -3.20547202 -1.66788119 -4.47622799 -1.85085896
 -5.39185189 -4.68984396 -4.56796336 -3.25492728 -4.68984396 -2.30258509
 -4.58182847 -4.70819716 -2.30258509 -4.68984396 -4.49910846 -3.74251061]
log likelihood =  -1396.55598506
Edge derivatives =  [-0.004954899533841095, -0.001656667862851579, 0.0003351468785683098, 0.0024806769681990637, 0.0018873089753559391, -0.006241330880233967, -0.0006855742380779241, -0.0015853975688842337, -0.002014549342725991, 0.00729693785751917, -0.0015853975688840949, -1.0103047134844026e-15, -0.002993645402255187, 0.0006719501541551098, -1.0218533762605913e-15, -0.001585397568883623, 0.001451423089372711, 0.005974235399969219]
other derivatives: [ 0.04258709  0.00775344 -0.00484306 -0.00593445  0.00047748  0.        ]
Current x array =  [-0.69667025 -0.70979834 -0.57236364  0.94919903 -2.14103786  0.33647224
 -0.90908319 -2.84050855 -3.20532339 -1.66804008 -4.47606784 -1.85073973
 -5.39229033 -4.68988046 -4.56798803 -3.25477588 -4.68988046 -2.30258509
 -4.58184471 -4.7082147  -2.30258509 -4.68988046 -4.49903399 -3.74218294]
  status: 0
 success: True
    nfev: 61
     fun: 1396.5559850604802
       x: array([-0.69667025, -0.70979834, -0.57236364,  0.94919903, -2.14103786,
        0.33647224, -0.90908319, -2.84050855, -3.20532339, -1.66804008,
       -4.47606784, -1.85073973, -5.39229033, -4.68988046, -4.56798803,
       -3.25477588, -4.68988046, -2.30258509, -4.58184471, -4.7082147 ,
       -2.30258509, -4.68988046, -4.49903399, -3.74218294])
 message: 'CONVERGENCE: REL_REDUCTION_OF_F_<=_FACTR*EPSMCH'
     jac: array([ -4.25870894e-02,  -7.75344233e-03,   4.84305929e-03,
         5.93445293e-03,  -4.77484718e-04,  -0.00000000e+00,
         4.95489953e-03,   1.65666786e-03,  -3.35146879e-04,
        -2.48067697e-03,  -1.88730898e-03,   6.24133088e-03,
         6.85574238e-04,   1.58539757e-03,   2.01454934e-03,
        -7.29693786e-03,   1.58539757e-03,   1.01030471e-15,
         2.99364540e-03,  -6.71950154e-04,   1.02185338e-15,
         1.58539757e-03,  -1.45142309e-03,  -5.97423540e-03])
     nit: 56
