number of sites to be analyzed:  1577
Successfully loaded parameter value from ./save/MG94_Force_ENSG00000141367_ENSG00000070371_nonclock_save.txt
log likelihood =  -13485.8896417
Edge derivatives =  [-0.03929504547625762, -0.014369772728311964, -0.05122178507887046, -0.0789918163163911, -0.002466960678857223, 0.023770182228633696, -0.035171340473947085, -0.05851947286116458, 0.005890120343530664, 0.021087502089926036, -0.01850355621474485, 0.016151106302912138, -0.0058134430350273245, -0.03760025948764204]
other derivatives: [ 0.01582521 -0.06275513 -0.01491571  0.05547918  0.0349246   0.        ]
Current x array =  [-0.65970183 -0.63412012 -0.82281318  0.84389906 -2.70887557  0.33647224
 -0.30961783 -9.         -4.30146243 -3.71490055 -6.72409613 -3.9053972
 -5.23229643 -4.1771128  -4.50523891 -4.18317287 -5.75761768 -4.60362123
 -5.58959419 -5.42880841]
log likelihood =  -13496.4452175
Edge derivatives =  [42.98216076462155, -0.00832801161119276, 2.642958238770663, 4.801543927422467, 0.06664276873391382, -1.263934035935475, 0.5955162737790572, 2.667398418448386, -0.20351868408785975, -0.7313255775987664, 0.19402356726590048, -0.39568095537761644, 0.06089239052215638, 0.5158802276511131]
other derivatives: [-103.08285709  235.97458494   35.78134056  -19.53903848   -2.51347956
    0.        ]
Current x array =  [-0.64387662 -0.69687525 -0.83772889  0.89937824 -2.67395097  0.33647224
 -0.34891287 -9.         -4.35268421 -3.79389237 -6.72656309 -3.88162702
 -5.26746777 -4.23563227 -4.49934879 -4.16208537 -5.77612124 -4.58747012
 -5.59540763 -5.46640867]
log likelihood =  -13485.8896262
Edge derivatives =  [0.015099900558976198, -0.014362721199859518, -0.04782660977622465, -0.07270329441233174, -0.0023757901432403697, 0.022328879998299578, -0.03436508374888712, -0.05504946216435515, 0.005688472092645627, 0.02026665284831671, -0.018226112060761787, 0.015706484603945522, -0.005714773497775108, -0.03689485644397615]
other derivatives: [-0.09349606  0.26448106  0.03619789  0.03165042  0.02637535  0.        ]
Current x array =  [-0.6596827  -0.63419599 -0.82283121  0.84396613 -2.70883334  0.33647224
 -0.30966533 -9.         -4.30152435 -3.71499605 -6.72409911 -3.90536847
 -5.23233895 -4.17718355 -4.50523179 -4.18314738 -5.75764005 -4.6036017
 -5.58960122 -5.42885386]
  status: 0
 success: True
    nfev: 3
     fun: 13485.88962616206
       x: array([-0.6596827 , -0.63419599, -0.82283121,  0.84396613, -2.70883334,
        0.33647224, -0.30966533, -9.        , -4.30152435, -3.71499605,
       -6.72409911, -3.90536847, -5.23233895, -4.17718355, -4.50523179,
       -4.18314738, -5.75764005, -4.6036017 , -5.58960122, -5.42885386])
 message: 'CONVERGENCE: REL_REDUCTION_OF_F_<=_FACTR*EPSMCH'
     jac: array([ 0.09349606, -0.26448106, -0.03619789, -0.03165042, -0.02637535,
       -0.        , -0.0150999 ,  0.01436272,  0.04782661,  0.07270329,
        0.00237579, -0.02232888,  0.03436508,  0.05504946, -0.00568847,
       -0.02026665,  0.01822611, -0.01570648,  0.00571477,  0.03689486])
     nit: 1
