number of sites to be analyzed:  88
Successfully loaded parameter value from ./save/MG94_ENSG00000166347_ENSG00000103018_nonclock_save.txt
log likelihood =  -1212.85576129
Edge derivatives =  [-0.003278904413372752, -0.001725788673754171, -0.0042989709053465885, -0.004047175492194605, -0.0046251283053900805, 0.000641838766299821, 0.0019823962970995194, 0.0010833993385191698, -0.0012453930904436049, -0.004519949510409127, 0.0010833993385191351, 1.4226658215255277e-15, 0.00011211746163508618, -0.003950101320745358, 1.4208292386816626e-15, 0.0010833993385193016, 0.003320115987762922, 0.00021419466418455893]
other derivatives: [ 0.01703029  0.00190994  0.0001819   0.00848104  0.00520686 -0.00029559]
Current x array =  [ -6.35435949e-01  -6.09377087e-01  -7.49925025e-01   7.31226770e-01
  -1.43681386e+00  -6.10397260e+00   2.65521704e-03  -9.00000000e+00
  -1.93532664e+00  -2.06926240e+00  -3.64203331e+00  -2.68379337e+00
  -4.40590186e+00  -3.77653191e+00  -4.68984379e+00  -3.89045932e+00
  -3.77653191e+00  -2.30258509e+00  -4.44133509e+00  -4.03692428e+00
  -2.30258509e+00  -3.77653191e+00  -3.74474404e+00  -4.44087294e+00]
log likelihood =  -1212.93575351
Edge derivatives =  [0.03126224553281576, -0.001774534984760861, 0.04214220940658733, 0.02243382426950752, 0.0022424164145935926, -0.027726513893206045, -0.002054720273516643, -0.010570901594135144, 0.0004286377588521677, 0.0010519786740881276, -0.010570901594135748, -4.723389226118825e-16, -0.004204524111069752, 0.00219466810697214, -5.0683762013820725e-16, -0.010570901594133306, -0.017469243010108798, -0.004050902574426217]
other derivatives: [ -9.26436314e+00  -4.79781193e-01  -1.18461685e-02  -2.18528839e-01
  -1.83854354e-01  -4.09272616e-04]
Current x array =  [ -6.18405661e-01  -6.07467148e-01  -7.49743126e-01   7.39707809e-01
  -1.43160701e+00  -6.10426818e+00  -6.23687370e-04  -9.00000000e+00
  -1.93962561e+00  -2.07330958e+00  -3.64665844e+00  -2.68315153e+00
  -4.40391946e+00  -3.77544851e+00  -4.69108919e+00  -3.89497927e+00
  -3.77544851e+00  -2.30258509e+00  -4.44122297e+00  -4.04087438e+00
  -2.30258509e+00  -3.77544851e+00  -3.74142392e+00  -4.44065874e+00]
log likelihood =  -1212.85576045
Edge derivatives =  [-0.003191050831445441, -0.0017259520219653926, -0.004153129588925469, -0.003965679919993442, -0.004603907679709328, 0.0005482300351129649, 0.0019688567055894217, 0.0010450086332077224, -0.0012402544125177124, -0.004502546189890322, 0.001045008633207764, 1.011810175857538e-15, 9.77779029218695e-05, -0.003930769730287161, 9.652273271638447e-16, 0.0010450086332080485, 0.0032521958493411766, 0.00020001998103930628]
other derivatives: [-0.0122327   0.00031832  0.00013642  0.00770797  0.00452474 -0.00027285]
Current x array =  [ -6.35380812e-01  -6.09370903e-01  -7.49924436e-01   7.31254229e-01
  -1.43679701e+00  -6.10397355e+00   2.64460133e-03  -9.00000000e+00
  -1.93534056e+00  -2.06927551e+00  -3.64204828e+00  -2.68379129e+00
  -4.40589544e+00  -3.77652840e+00  -4.68984783e+00  -3.89047395e+00
  -3.77652840e+00  -2.30258509e+00  -4.44133473e+00  -4.03693706e+00
  -2.30258509e+00  -3.77652840e+00  -3.74473329e+00  -4.44087225e+00]
  status: 0
 success: True
    nfev: 3
     fun: 1212.8557604479786
       x: array([ -6.35380812e-01,  -6.09370903e-01,  -7.49924436e-01,
         7.31254229e-01,  -1.43679701e+00,  -6.10397355e+00,
         2.64460133e-03,  -9.00000000e+00,  -1.93534056e+00,
        -2.06927551e+00,  -3.64204828e+00,  -2.68379129e+00,
        -4.40589544e+00,  -3.77652840e+00,  -4.68984783e+00,
        -3.89047395e+00,  -3.77652840e+00,  -2.30258509e+00,
        -4.44133473e+00,  -4.03693706e+00,  -2.30258509e+00,
        -3.77652840e+00,  -3.74473329e+00,  -4.44087225e+00])
 message: 'CONVERGENCE: REL_REDUCTION_OF_F_<=_FACTR*EPSMCH'
     jac: array([  1.22327037e-02,  -3.18323146e-04,  -1.36424205e-04,
        -7.70796760e-03,  -4.52473614e-03,   2.72848411e-04,
         3.19105083e-03,   1.72595202e-03,   4.15312959e-03,
         3.96567992e-03,   4.60390768e-03,  -5.48230035e-04,
        -1.96885671e-03,  -1.04500863e-03,   1.24025441e-03,
         4.50254619e-03,  -1.04500863e-03,  -1.01181018e-15,
        -9.77779029e-05,   3.93076973e-03,  -9.65227327e-16,
        -1.04500863e-03,  -3.25219585e-03,  -2.00019981e-04])
     nit: 1
