number of sites to be analyzed:  621
Successfully loaded parameter value from ./save/HKY_ENSG00000101327_ENSG00000181195_nonclock_save.txt
log likelihood =  -2903.85606524
Edge derivatives =  [0.001048765300411758, -0.0324705373289442, -0.003464876949509983, -0.0070890944478511075, -0.0010250136831336035, -0.0010800211565104162, -0.0004968097024385431, -0.0014014366693832648, 0.0023949736975730747, -0.004884142267995939, -0.0014014366693820973, 6.432321762117037e-16, -0.0008060807631597236, 0.007472382775634334, 5.979868585799217e-16, -0.0014014366693884846, 0.0018841536338444608, 0.001871148183254243]
other derivatives: [ 0.00850378 -0.00118234  0.00190994 -0.00482032 -0.0005457 ]
Current x array =  [ -0.5893275   -0.8468527   -0.58706429   1.01189387 -10.88054866
  -1.05069305  -9.          -4.63694123  -3.46666293  -3.00211211
  -3.18092092  -5.5991359   -4.94386916  -5.91926264  -4.67061727
  -4.94386916  -2.30258509  -5.69930291  -4.64447315  -2.30258509
  -4.94386916  -5.32922589  -5.32924856]
log likelihood =  -2903.90860857
Edge derivatives =  [-0.2669309268889769, -0.03241868600977685, 0.054918739644298366, 0.22617049281883372, 0.015179750713823485, 0.034470522473112816, 0.008778234725682297, 0.008892388396250762, -0.003084520552666309, 0.04983905239870512, 0.008892388396247152, -1.217296814897261e-15, 0.0011305212803569232, -0.07986728354805145, -1.2873244165648028e-15, 0.008892388396236567, -0.009464093910742951, -0.009193974650092541]
other derivatives: [ -1.15824150e+01   4.93309926e-01  -1.43099896e+00   2.08274287e-01
  -1.00044417e-03]
Current x array =  [ -0.58082373  -0.84803505  -0.58515435   1.00707355 -10.88109435
  -1.04964428  -9.          -4.64040611  -3.47375202  -3.00313712
  -3.18200094  -5.59963271  -4.94527059  -5.91686767  -4.67550141
  -4.94527059  -2.30258509  -5.70010899  -4.63700076  -2.30258509
  -4.94527059  -5.32734174  -5.32737741]
log likelihood =  -2903.85606488
Edge derivatives =  [0.0003580883403342394, -0.032470413471345626, -0.0033178015090576246, -0.006497880279062507, -0.00098483661759418, -0.000991155989288374, -0.00047344742459572414, -0.0013756633286281222, 0.002381037374734725, -0.004745747250357479, -0.0013756633286182863, -1.8807297328153122e-14, -0.000801304870909467, 0.007252056165892893, -1.8718473512571343e-14, -0.001375663328626115, 0.0018553209832667533, 0.0018430277578679877]
other derivatives: [ -1.76896719e-02   3.31965566e-03  -1.31876732e-03  -2.63753464e-03
   9.09494702e-05]
Current x array =  [ -0.589306    -0.84685569  -0.58705946   1.01188168 -10.88055004
  -1.0506904   -9.          -4.63694999  -3.46668085  -3.0021147
  -3.18092365  -5.59913715  -4.9438727   -5.91925659  -4.67062961
  -4.9438727   -2.30258509  -5.69930495  -4.64445425  -2.30258509
  -4.9438727   -5.32922113  -5.32924383]
  status: 0
 success: True
    nfev: 3
     fun: 2903.8560648808643
       x: array([ -0.589306  ,  -0.84685569,  -0.58705946,   1.01188168,
       -10.88055004,  -1.0506904 ,  -9.        ,  -4.63694999,
        -3.46668085,  -3.0021147 ,  -3.18092365,  -5.59913715,
        -4.9438727 ,  -5.91925659,  -4.67062961,  -4.9438727 ,
        -2.30258509,  -5.69930495,  -4.64445425,  -2.30258509,
        -4.9438727 ,  -5.32922113,  -5.32924383])
 message: 'CONVERGENCE: REL_REDUCTION_OF_F_<=_FACTR*EPSMCH'
     jac: array([  1.76896719e-02,  -3.31965566e-03,   1.31876732e-03,
         2.63753464e-03,  -9.09494702e-05,  -3.58088340e-04,
         3.24704135e-02,   3.31780151e-03,   6.49788028e-03,
         9.84836618e-04,   9.91155989e-04,   4.73447425e-04,
         1.37566333e-03,  -2.38103737e-03,   4.74574725e-03,
         1.37566333e-03,   1.88072973e-14,   8.01304871e-04,
        -7.25205617e-03,   1.87184735e-14,   1.37566333e-03,
        -1.85532098e-03,  -1.84302776e-03])
     nit: 1
