number of sites to be analyzed:  91
Successfully loaded parameter value from ./save/MG94_ENSG00000183060_ENSG00000176018_nonclock_save.txt
log likelihood =  -2181.2096635
Edge derivatives =  [0.00018376785366192028, -0.0007393154937396816, -0.0043310702853108785, 0.000494616054368402, 0.0015621265923634019, -0.00042266987880740237, 0.0063528184359130414, -0.0013482873043401192, -0.00412744288269613, -0.0003392438338337689, -0.0013482873043404384, -2.1897577368569599e-16, 0.00536699584138986, -0.0011248155255796852, -2.4258774218830087e-16, -0.0013482873043396335, -0.0027929965055654427, 0.000378571997588395]
other derivatives: [ 0.01400622  0.02510205  0.00668479 -0.01186891 -0.00381988 -0.00186446]
Current x array =  [-0.57651417 -0.68054484 -0.69569301  0.52482625 -0.65672851 -2.30944538
  0.13176575 -9.         -2.5521982  -1.7059813  -4.05553331 -1.60455384
 -4.54524097 -4.11199473 -4.64884578 -1.75153201 -4.11199473 -2.30258509
 -2.58545485 -3.56502882 -2.30258509 -4.11199473 -2.31921096  0.15798749]
log likelihood =  -2181.44378223
Edge derivatives =  [-0.12015308634682764, -0.000780130009040409, 0.04125239128453406, -0.04702195862898284, 0.008151754908598593, -0.007534050428593397, 0.013679134269697357, -0.002744775501720774, 0.006160823555344076, -0.0004444512382276722, -0.002744775501720746, -8.613486512955653e-21, -0.022142656233145486, 0.0017013339627374169, -1.4752009430460384e-16, -0.0027447755017200384, -0.023889527842954478, -0.05900118554367184]
other derivatives: [-12.23384061 -11.05195224  -2.18101377   0.98020791  -0.02360139
   0.01882654]
Current x array =  [-0.56250795 -0.65544279 -0.68900822  0.51295735 -0.66054839 -2.31130984
  0.13194952 -9.         -2.55652927 -1.70548668 -4.05397118 -1.60497651
 -4.53888815 -4.11334302 -4.65297323 -1.75187125 -4.11334302 -2.30258509
 -2.58008786 -3.56615363 -2.30258509 -4.11334302 -2.32200396  0.15836606]
log likelihood =  -2181.20966205
Edge derivatives =  [-3.10476685828065e-05, -0.0007394137517421692, -0.004212037536009239, 0.00039197169954929834, 0.0015799955292937762, -0.00041665938207380293, 0.0063712615873240536, -0.0013520523654991026, -0.0041008729311981, -0.0003170461987084261, -0.0013520523654990055, 8.61242525320817e-29, 0.005309530521288769, -0.0011214582103468984, 6.442085812397133e-28, -0.001352052365499061, -0.002831863957917874, 0.0003108398976188198]
other derivatives: [-0.01541594 -0.00122782  0.00150067 -0.00945874 -0.00386535 -0.00181899]
Current x array =  [-0.57647943 -0.68048259 -0.69567643  0.52479682 -0.65673798 -2.30945
  0.13176621 -9.         -2.55220895 -1.70598007 -4.05552943 -1.60455489
 -4.54522521 -4.11199807 -4.64885602 -1.75153285 -4.11199807 -2.30258509
 -2.58544154 -3.56503161 -2.30258509 -4.11199807 -2.31921789  0.15798843]
  status: 0
 success: True
    nfev: 3
     fun: 2181.2096620524335
       x: array([-0.57647943, -0.68048259, -0.69567643,  0.52479682, -0.65673798,
       -2.30945   ,  0.13176621, -9.        , -2.55220895, -1.70598007,
       -4.05552943, -1.60455489, -4.54522521, -4.11199807, -4.64885602,
       -1.75153285, -4.11199807, -2.30258509, -2.58544154, -3.56503161,
       -2.30258509, -4.11199807, -2.31921789,  0.15798843])
 message: 'CONVERGENCE: REL_REDUCTION_OF_F_<=_FACTR*EPSMCH'
     jac: array([  1.54159352e-02,   1.22781785e-03,  -1.50066626e-03,
         9.45874490e-03,   3.86535248e-03,   1.81898940e-03,
         3.10476686e-05,   7.39413752e-04,   4.21203754e-03,
        -3.91971700e-04,  -1.57999553e-03,   4.16659382e-04,
        -6.37126159e-03,   1.35205237e-03,   4.10087293e-03,
         3.17046199e-04,   1.35205237e-03,  -8.61242525e-29,
        -5.30953052e-03,   1.12145821e-03,  -6.44208581e-28,
         1.35205237e-03,   2.83186396e-03,  -3.10839898e-04])
     nit: 1
