number of sites to be analyzed:  41
log likelihood =  -1288.7207041
Edge derivatives =  [39.261631143645204, 0.05824424280694594, -1.8048085051693297, 1.5721440330517136, -9.178093438647155, -7.151391967458134, -10.889750448461264, -12.813544170319638, -10.58052931246365, 81.0463724018514, -12.813544170319636, -3.1105721483060765e-17, -15.218518407888428, -16.20266665089049, -5.5305378779714054e-17, -12.813544170319636, -15.378230871739708, -15.495124010765183]
other derivatives: [   5.81997028    6.93044058    6.66900632   11.28373697  -75.52614534
 -101.38392099]
Current x array =  [-0.72967425 -0.90200829 -0.6210198   0.18232156 -0.10536052  0.33647224
 -2.30258509 -2.30258509 -2.30258509 -2.30258509 -2.30258509 -2.30258509
 -2.30258509 -2.30258509 -2.30258509 -2.30258509 -2.30258509 -2.30258509
 -2.30258509 -2.30258509 -2.30258509 -2.30258509 -2.30258509 -2.30258509]
log likelihood =  -1167.63000746
Edge derivatives =  [40.10080906120193, 0.11223827109345183, 2.3417894976593114, 5.457972479996959, -4.493861923895433, -1.9533630144707084, -7.481064337228147, -7.575266101609154, -7.243846623925795, 84.2822769807729, -7.575266101609158, 7.350404462159809e-16, -9.36917210057446, -10.291016235556805, 7.560819930198784e-16, -7.575266101609156, -9.42080864549271, -9.473785040704215]
other derivatives: [ 10.12924713   7.60187504   8.65422862   7.29387466 -17.63969522
 -36.8409701 ]
Current x array =  [-0.72546367 -0.89673011 -0.61748234  0.25222421 -0.57324433 -0.29160028
 -2.05935963 -2.30222427 -2.31376587 -2.29284567 -2.3594433  -2.3468879
 -2.370047   -2.38196489 -2.36813138 -1.80050352 -2.38196489 -2.30258509
 -2.39686368 -2.40296047 -2.30258509 -2.38196489 -2.3978531  -2.39857725]
log likelihood =  -977.599249665
Edge derivatives =  [32.28566542611772, -0.6225356801438048, 3.57319501482306, 6.212127516444513, -1.3709928304695058, 0.7894967799950635, -4.916242893859577, -4.252403513334503, -5.004931690058099, 35.541876041184985, -4.252403513334505, -2.9770766875224075e-16, -5.470587431859902, -6.304519844682822, -2.817754236704173e-16, -4.252403513334505, -5.484780143874061, -5.528989146176357]
other derivatives: [-44.8523565   -5.02161583  -6.90786237   1.5489718    6.25842631
 -14.33500074]
Current x array =  [-0.57628229 -0.80976373 -0.50970225  0.42113271 -1.06590429 -1.22220302
 -1.17046096 -2.29982644 -2.26900608 -2.17844191 -2.46739437 -2.39932848
 -2.54209762 -2.55929946 -2.53478939  0.06517945 -2.55929946 -2.30258509
 -2.61509479 -2.6417681  -2.30258509 -2.55929946 -2.61741927 -2.61943119]
log likelihood =  -1143.3243771
Edge derivatives =  [-22.466075707587464, -1.5980758143123475, 1.1957519368975493, 6.20936323157533, 0.5023170899180582, 2.060404899722808, -2.420665389870256, -1.9046067602222252, -2.621257809820865, -65.82863480405318, -1.904606760222226, 9.154362415095659e-17, -2.8556625230260337, -3.5909838082552428, 9.000904950145737e-17, -1.904606760222226, -2.856510113311665, -2.8420788627106957]
other derivatives: [ 164.53759599   12.06049092   76.29951142   70.93337899  -49.22037533
   -1.06590505]
Current x array =  [-2.14398179 -0.98273042 -0.7390146   0.62039118 -1.40090222 -2.66186989
  0.68315049 -2.3206489  -2.1179792  -1.87721787 -2.61514449 -2.42753682
 -2.8637569  -2.86672373 -2.85525453  2.78587246 -2.86672373 -2.30258509
 -3.00015289 -3.07311856 -2.30258509 -2.86672373 -3.00436034 -3.00916703]
log likelihood =  -949.580851466
Edge derivatives =  [23.826304831691704, -1.1826606920170086, 2.986625639455334, 6.395931481990418, -0.6419523792615476, 1.3190697165281804, -3.97740007097351, -3.420783518928748, -4.176230370222111, 3.4694649659400656, -3.4207835189287485, 3.5261387879979546e-17, -4.524137991817895, -5.322811439741387, 5.479486287234845e-17, -3.420783518928749, -4.537120290590362, -4.552411637823467]
other derivatives: [ 63.09458058  -0.08357119  15.60708824   1.30884246   1.36699327
 -11.67230721]
Current x array =  [-0.97843669 -0.85413404 -0.56852664  0.47224752 -1.15183969 -1.59151383
 -0.69496295 -2.30516793 -2.23026388 -2.10117035 -2.505296   -2.40656463
 -2.62461133 -2.63816153 -2.61699677  0.76310572 -2.63816153 -2.30258509
 -2.71387189 -2.75242036 -2.30258509 -2.63816153 -2.7166794  -2.71940825]
log likelihood =  -929.380332678
Edge derivatives =  [12.71577319603654, -1.4410671717928116, 2.900777633041216, 5.9392292310609625, -0.2653460362920742, 1.681375281438435, -3.3849954741149726, -2.853592934911675, -3.579332899888832, -21.84368729346703, -2.8535929349116764, -1.3928712728164623e-16, -3.8652614539975754, -4.637145256574455, -1.8167462541199815e-16, -2.8535929349116764, -3.8712963843554316, -3.9006575849844287]
other derivatives: [  7.29714884  -4.10587973 -10.7764663    6.51025402 -15.12709105
  -9.50968797]
Current x array =  [-0.73706809 -0.85248764 -0.48597432  0.52746612 -1.26923327 -1.94303758
 -0.26077291 -2.31222463 -2.19518216 -2.02378951 -2.54103815 -2.41249703
 -2.70280176 -2.71357838 -2.69502531  1.35282136 -2.71357838 -2.30258509
 -2.80876776 -2.85887616 -2.30258509 -2.71357838 -2.81204751 -2.8153147 ]
log likelihood =  -923.010076185
Edge derivatives =  [6.6272161963178435, -1.5295937959587649, 2.6633181334406157, 5.516430812751745, -0.17704604429354762, 1.61822385680508, -3.110804117590654, -2.590923007107116, -3.2711081579166197, -16.78010404342631, -2.5909230071071168, 1.9958628061110956e-17, -3.5800849910772765, -4.329589426913797, 3.070171969029827e-18, -2.5909230071071168, -3.580754052853662, -3.6215929106125655]
other derivatives: [-14.51574008  -0.65393806  15.21614195   4.97851715 -10.55738039
  -7.69678081]
Current x array =  [-0.66959198 -0.88505864 -0.5569013   0.58774918 -1.37738346 -2.06355053
 -0.05801655 -2.32435555 -2.16260193 -1.9588943  -2.54938252 -2.39878058
 -2.7453474  -2.75045162 -2.73895338  1.34849848 -2.75045162 -2.30258509
 -2.85758063 -2.91619683 -2.30258509 -2.75045162 -2.86095894 -2.86455116]
log likelihood =  -914.722599715
Edge derivatives =  [-2.7984936094834594, -1.4038581202821314, 2.0227930418127764, 5.028341171961303, 0.004014329229144131, 1.6835127183383192, -2.5862569640247566, -2.129297737521188, -2.753126969565645, -4.400541604200846, -2.129297737521189, -7.038802804016644e-16, -3.0542303095514276, -3.7682309226304205, -7.264883029241773e-16, -2.1292977375211892, -3.053172108641779, -3.1015327419719267]
other derivatives: [ -9.32019475   3.94367135  13.38647735   1.77880111  -1.86627176
  -5.03672481]
Current x array =  [-0.67793543 -0.93640748 -0.52749786  0.70265326 -1.57501605 -2.28686278
  0.29979268 -2.35217909 -2.09551989 -1.82486646 -2.56281273 -2.36738578
 -2.82967155 -2.82249815 -2.82637862  1.27288045 -2.82249815 -2.30258509
 -2.95400011 -3.03029057 -2.30258509 -2.82249815 -2.95751787 -2.96186397]
log likelihood =  -910.204156916
Edge derivatives =  [-6.053178448346117, -1.2014454186242933, 0.8837247742071415, 3.7786026911439774, 0.01538319862159715, 1.511417189629178, -2.0918015169089905, -1.666407626681974, -2.2260464833794136, 1.742756451775981, -1.666407626681975, -4.569787628182369e-17, -2.492403081408954, -3.158329179016799, -2.130064543748781e-17, -1.666407626681975, -2.491971953009287, -2.5302232125484867]
other derivatives: [-7.14429689 -6.56109478 -8.70608119 -0.90262802  2.32230377 -3.53396672]
Current x array =  [-0.68244628 -0.87018362 -0.45572379  0.80866413 -1.69681702 -2.53740695
  0.47562579 -2.40025079 -2.00483973 -1.61675768 -2.57207887 -2.30633706
 -2.94610143 -2.92003684 -2.94881311  1.26164196 -2.92003684 -2.30258509
 -3.08935943 -3.19409329 -2.30258509 -2.92003684 -3.09296223 -3.09888567]
log likelihood =  -907.082589107
Edge derivatives =  [-7.9033510935129865, -1.0474953797284705, -0.3625094617017279, 1.9768827032087524, -0.0029111080280122825, 1.226735239385502, -1.6316936602105798, -1.2405962877182817, -1.759167374747428, 4.427658391341084, -1.2405962877182832, -1.2824947161868179e-20, -1.9856551902173483, -2.616541346913614, -1.88506357636568e-20, -1.2405962877182828, -1.9835255095195097, -2.0135079271161946]
other derivatives: [ 5.22258006 -5.49428023 -3.73700004 -2.70512146  3.78151981 -2.50823859]
Current x array =  [-0.7191638  -0.88189202 -0.46174145  0.89179396 -1.77666603 -2.80823485
  0.59865715 -2.4543048  -1.91535486 -1.39412884 -2.58185419 -2.23860508
 -3.07234454 -3.02538847 -3.08160967  1.30655249 -3.02538847 -2.30258509
 -3.23682222 -3.37351461 -2.30258509 -3.02538847 -3.24051964 -3.24820785]
log likelihood =  -903.671488782
Edge derivatives =  [-6.806728458318131, -0.8838957614388274, -2.030302664690562, -1.6622521773703243, -0.13776928909461103, 0.7392587466014323, -1.064771438441691, -0.7065344587278378, -1.1828389588101127, 2.728396554316277, -0.7065344587278378, 9.54476496100812e-19, -1.3574286660266284, -1.960821766467097, 5.125459440143735e-19, -0.7065344587278379, -1.3532492214355625, -1.3761855043336895]
other derivatives: [  5.01355544   1.18403705 -11.26726374  -3.55429393   2.2499421
  -1.65375695]
Current x array =  [-0.71813299 -0.93354921 -0.44195494  0.97020801 -1.84797652 -3.20451334
  0.63759132 -2.54296971 -1.80221502 -1.06903846 -2.59514343 -2.12906308
 -3.26669029 -3.18552779 -3.28669469  1.42711915 -3.18552779 -2.30258509
 -3.46508498 -3.65451373 -2.30258509 -3.18552779 -3.46884725 -3.47938883]
log likelihood =  -902.731338427
Edge derivatives =  [-3.4917563163986207, -0.8185949201855279, -3.3390489297597132, -6.1411828411902025, -0.30452272124439406, -0.27889542403906165, -0.560186434480209, -0.2098178875700509, -0.6229574466156057, -0.0485524648115947, -0.20981788757005074, -4.64641592083293e-17, -0.795988396799953, -1.3902907592333547, -3.101618748579419e-17, -0.209817887570051, -0.7924198066739411, -0.7971837691928724]
other derivatives: [  3.73805733 -15.21947297  23.50989234  -3.7822133    2.92104687
  -1.11180043]
Current x array =  [-0.71774111 -0.82385022 -0.53159908  0.9589978  -1.86332859 -3.62807202
  0.53597179 -2.66228201 -1.74561626 -0.80150876 -2.61115356 -1.9937359
 -3.49677851 -3.36810924 -3.53147704  1.53164333 -3.36810924 -2.30258509
 -3.73701325 -3.99896053 -2.30258509 -3.36810924 -3.74061227 -3.75477184]
log likelihood =  -900.737589005
Edge derivatives =  [-1.3974150993106635, -0.8489189209009084, -2.890363165550129, -4.925560880096597, -0.22983913527510186, -0.1191172477120262, -0.6172729808737236, -0.29101379166359637, -0.6983395062956587, -1.6757289085204863, -0.2910137916635962, -7.659863154313167e-17, -0.8638156899947262, -1.452667327647821, -9.191573177555346e-17, -0.29101379166359653, -0.8602533475614323, -0.8684962752801696]
other derivatives: [ 1.53459041 -2.2362542   6.830237   -2.62210733  1.90239007 -1.2157102 ]
Current x array =  [-0.70991143 -0.90242911 -0.48821707  0.92114967 -1.81701846 -3.54486944
  0.44445776 -2.6507171  -1.77783101 -0.87297988 -2.60713706 -2.01058593
 -3.46226605 -3.33827509 -3.4954865   1.50551779 -3.33827509 -2.30258509
 -3.6971896  -3.95208546 -2.30258509 -3.33827509 -3.70074352 -3.71446273]
log likelihood =  -899.919250132
Edge derivatives =  [1.4798948354302421, -0.8776213977572404, -2.4636176672937133, -4.103833998234334, -0.171457314286261, -0.22989513761055405, -0.6161697786015383, -0.3194206554250233, -0.6964860455262414, -2.8019301846824387, -0.3194206554250235, 5.574038830143206e-16, -0.8619090750262692, -1.4403733187764503, 5.569899962602088e-16, -0.31942065542502274, -0.8589652470917861, -0.8653535646387547]
other derivatives: [-0.66449957  0.76289552 -1.41399141 -1.46894763  1.98691623 -1.25371571]
Current x array =  [-0.70375827 -0.9186715  -0.47153883  0.86004627 -1.75363116 -3.51325987
  0.31228873 -2.66257993 -1.82199686 -0.93748525 -2.60506832 -2.00584459
 -3.46324916 -3.3344929  -3.49788384  1.45597331 -3.3344929  -2.30258509
 -3.69984798 -3.96206959 -2.30258509 -3.3344929  -3.70326921 -3.71714895]
log likelihood =  -899.074312412
Edge derivatives =  [4.124778413436954, -0.8838947227078738, -1.9142938962121558, -3.2191927517883983, -0.08872729348369171, -0.5132151033898769, -0.5397686537166673, -0.28562738045440295, -0.6154553120596429, -3.3812640416410873, -0.28562738045440256, -2.4614696312087624e-19, -0.7819113774476947, -1.3469489832391959, -1.4608551509796954e-19, -0.2856273804544027, -0.7797124340897593, -0.78165685880048]
other derivatives: [-1.52379016  2.67044697 -2.91636297  0.18508217  2.2553877  -1.19042625]
Current x array =  [-0.70193642 -0.92570936 -0.47270778  0.77930006 -1.66707193 -3.54184774
  0.17939517 -2.69952171 -1.88492893 -1.01041668 -2.60613247 -1.98474779
 -3.50031231 -3.3570804  -3.53919509  1.37740671 -3.3570804  -2.30258509
 -3.74620053 -4.03135431 -2.30258509 -3.3570804  -3.74941694 -3.76398872]
log likelihood =  -897.097089961
Edge derivatives =  [4.222608824349617, -0.8562273416809848, -0.9723125330729788, -1.6092913633602612, 0.03678266956172985, -1.1512808213271122, -0.2905488556495982, -0.10992754216091666, -0.3513834951321505, -4.043414069102951, -0.10992754216091663, 2.2286086788692802e-17, -0.5201550144310346, -1.0679779234390008, 3.336071883531689e-17, -0.10992754216091657, -0.5190445680756283, -0.5130722586047861]
other derivatives: [-1.87848173  3.38779955 -5.14570502  2.90549451  0.45228035 -0.9434757 ]
Current x array =  [-0.70238164 -0.91865919 -0.47464666  0.68103696 -1.45797114 -3.73412272
  0.08064292 -2.81571295 -2.01832748 -1.1405494  -2.6136416  -1.9370395
 -3.6351451  -3.44917636 -3.68676651  1.20127351 -3.44917636 -2.30258509
 -3.91419224 -4.27199766 -2.30258509 -3.44917636 -3.91699965 -3.93356654]
log likelihood =  -895.746445094
Edge derivatives =  [6.2815515977366045, -0.685179066565101, 0.4399290792712306, 1.0985861023967505, 0.2170182492448914, -1.623909386481715, 0.10745728351628255, 0.269056626170349, 0.16128282571982305, 6.068655128199721, 0.26905662617034887, 3.8061377805670417e-16, -0.07245532845264999, -0.6369900346622482, 3.8485864857582942e-16, 0.26905662617034926, -0.07209868503854688, -0.06253815693252213]
other derivatives: [-2.1130063   2.40427198  2.60338311 -1.94925178  4.5742695  -0.47114099]
Current x array =  [-0.69489765 -0.89923871 -0.49904722  0.75180663 -1.20061492 -4.22202937
 -0.04089838 -3.07945182 -2.2484121  -1.33350001 -2.62859924 -1.92110248
 -3.92065483 -3.64560162 -3.99903254  0.84578096 -3.64560162 -2.30258509
 -4.27820002 -4.80365305 -2.30258509 -3.64560162 -4.28033327 -4.30046468]
log likelihood =  -895.009847344
Edge derivatives =  [-0.7518361803512128, -0.6866485240976499, -0.2802420964960842, -0.21409698466918325, 0.14737492314365344, -1.6151275686592979, 0.26673952300517056, 0.44616590117330435, 0.2585145815513209, -1.782260240750206, 0.4461659011733043, 2.779996341270521e-16, 0.06665263602200049, -0.5256067271307978, 2.823984039395106e-16, 0.4461659011733042, 0.0667749176790828, 0.07765950559176946]
other derivatives: [ 11.06279797  -3.82020744  -3.51245717   0.1897547   -2.30907062
  -0.4165372 ]
Current x array =  [-0.74575265 -0.85228222 -0.48182604  0.77077919 -1.17363133 -4.48339715
  0.13004861 -3.15885463 -2.22983185 -1.22657638 -2.63725016 -1.91588313
 -4.0336116  -3.73116482 -4.11820352  0.99439158 -3.73116482 -2.30258509
 -4.41873797 -4.99724    -2.30258509 -3.73116482 -4.4208518  -4.44230604]
log likelihood =  -894.738399272
Edge derivatives =  [-1.5335468121253704, -0.6984297808656432, -0.2762623768735264, -0.22023923087019104, 0.1446798995114512, -1.3729762170274953, 0.20650506464114196, 0.3912720096236112, 0.22005792345406316, -0.2365076110140228, 0.3912720096236112, 5.3239101755206466e-17, 0.01956341034175632, -0.5612686609337204, 8.52008656604667e-17, 0.39127200962361136, 0.020027088722354185, 0.029156457191042772]
other derivatives: [-7.24594429 -1.30638682 -0.78617859 -0.23978828 -0.99240651 -0.43366981]
Current x array =  [-0.68520875 -0.87682385 -0.48833837  0.78263319 -1.21881184 -4.41368538
  0.16132404 -3.13190652 -2.2107923  -1.22591732 -2.63337573 -1.93911363
 -3.99034596 -3.6981452  -4.07161921  0.98435716 -3.6981452  -2.30258509
 -4.36689882 -4.9292977  -2.30258509 -3.6981452  -4.36909125 -4.38988144]
log likelihood =  -894.617257585
Edge derivatives =  [-0.3619731449090584, -0.6891513197333918, -0.17050341783906467, 0.0393553217159861, 0.16577801009497634, -1.3627460500044248, 0.2166009767684247, 0.39445342785950627, 0.22733782147035542, 0.3057750244951196, 0.39445342785950643, -5.268960539371853e-16, 0.027965417851408464, -0.5527280722178216, -5.313526915907808e-16, 0.3944534278595072, 0.028334943751301474, 0.03788673119743526]
other derivatives: [ 0.066143   -0.52408495  0.09837322 -0.52948508 -0.47133426 -0.4245976 ]
Current x array =  [-0.70681857 -0.87995947 -0.49087401  0.77956238 -1.20503857 -4.42164786
  0.13029246 -3.14197438 -2.22530422 -1.24294041 -2.63319936 -1.94218633
 -3.99686007 -3.70140731 -4.07901631  0.96916312 -3.70140731 -2.30258509
 -4.37609681 -4.94512487 -2.30258509 -3.70140731 -4.37825046 -4.39911948]
log likelihood =  -894.590224946
Edge derivatives =  [-0.2308179758770066, -0.6828564285026874, -0.14800524369725032, 0.09233826881456964, 0.17412900863098532, -1.2828175865122333, 0.21992535646612638, 0.3966343923110211, 0.2303909357791477, 0.32937017489238835, 0.39663439231102116, 8.848711558204029e-16, 0.03316237918416587, -0.5464406490136313, 9.170924983432377e-16, 0.3966343923110212, 0.033532620202023834, 0.04301829813166557]
other derivatives: [ 0.60688308 -0.20704647  0.35034873 -0.57274292 -0.40406576 -0.41854946]
Current x array =  [-0.70839289 -0.88213672 -0.49163316  0.78013366 -1.20459923 -4.43203888
  0.12736683 -3.15018509 -2.22959364 -1.24550156 -2.63250204 -1.95150069
 -3.99979548 -3.70199063 -4.0822678   0.96908351 -3.70199063 -2.30258509
 -4.38140065 -4.95650344 -2.30258509 -3.70199063 -4.38354268 -4.40440122]
log likelihood =  -894.36734312
Edge derivatives =  [0.7462265268532963, -0.6045405890491211, 0.029420510890212637, 0.46658886701835584, 0.251997441322567, -0.341872569672224, 0.2678676973064642, 0.4366269932662402, 0.27586094375171183, -0.0329043979026844, 0.43662699326624055, 2.0600805601986346e-24, 0.10563658551891558, -0.46559162205675425, 2.0907636495179156e-24, 0.43662699326624055, 0.10598645333956792, 0.11466174058844852]
other derivatives: [ 3.07649088  1.26798341  0.62988192 -0.79592155 -0.06658638 -0.34693812]
Current x array =  [-0.71586793 -0.89213558 -0.49285841  0.78601186 -1.2070477  -4.58660886
  0.10770219 -3.26096731 -2.27632591 -1.25753102 -2.62327475 -2.0678421
 -4.04457666 -3.71465468 -4.13136628  0.98159195 -3.71465468 -2.30258509
 -4.45856117 -5.11584184 -2.30258509 -3.71465468 -4.46056301 -4.48136624]
log likelihood =  -894.23917044
Edge derivatives =  [0.7805699672357116, -0.5539642992915029, 0.0644590703202322, 0.5228388349353785, 0.27368656604795055, 0.27467629219610745, 0.27981517308532394, 0.4388531102696141, 0.2869152366851244, 0.18835940316849797, 0.43885311026961515, 1.0316806640301388e-16, 0.14054985413251278, -0.4202038602898542, 9.576760211452831e-17, 0.43885311026961477, 0.1409094049257487, 0.14884669252733052]
other derivatives: [ 2.250124    1.43821808 -0.27025635 -0.50368953  0.56602403 -0.30403271]
Current x array =  [-0.71310333 -0.89382051 -0.48978715  0.77680895 -1.23040717 -4.68550199
  0.11327403 -3.34028819 -2.29876207 -1.24966746 -2.61111575 -2.15144478
 -4.0596821  -3.70720279 -4.14829766  0.98824903 -3.70720279 -2.30258509
 -4.49653734 -5.21658545 -2.30258509 -3.70720279 -4.49846544 -4.51892051]
log likelihood =  -894.301255016
Edge derivatives =  [0.20364618756780528, -0.4713424858785345, 0.05602436822398861, 0.09644988351445871, 0.2469523321410127, 1.0104766850015612, 0.2988278545509005, 0.4351068311469008, 0.3142864487044249, -2.59900362214305, 0.43510683114690096, -2.066490758256985e-16, 0.2134630920199664, -0.33211234945760765, -1.8697157954061917e-16, 0.43510683114690085, 0.21396258834587367, 0.2211174828189998]
other derivatives: [-0.28468321 -1.13001306  8.53300435  1.07177129 -0.95252517 -0.24768951]
Current x array =  [-0.70668688 -0.87144923 -0.52140561  0.74069678 -1.22093887 -4.91438916
  0.11574928 -3.52117899 -2.34576055 -1.21394642 -2.5796563  -2.27857559
 -4.09602254 -3.69075008 -4.18910395  1.03587114 -3.69075008 -2.30258509
 -4.58452761 -5.45094424 -2.30258509 -3.69075008 -4.58627404 -4.60608405]
log likelihood =  -894.175445872
Edge derivatives =  [0.5486836694210477, -0.5181124406511217, 0.06139723756064601, 0.35401127929680615, 0.26564918059685766, 0.5914756140159853, 0.28773810996931015, 0.4380276035462477, 0.298667558694255, -0.9518574614106687, 0.43802760354624826, -3.820132883251293e-16, 0.17165114438897655, -0.381164358858726, -3.7571920885061745e-16, 0.4380276035462482, 0.17207949917941415, 0.17968271239729108]
other derivatives: [ 1.21523271  0.40445229  3.48462663  0.14707666 -0.04390586 -0.27930582]
Current x array =  [-0.71044885 -0.88456552 -0.50286769  0.76186936 -1.22649014 -4.78019252
  0.11429804 -3.41512265 -2.31820532 -1.23488968 -2.59810099 -2.20403874
 -4.07471612 -3.70039631 -4.16517921  1.00795028 -3.70039631 -2.30258509
 -4.53293888 -5.31353959 -2.30258509 -3.70039631 -4.53479182 -4.55498003]
log likelihood =  -894.087551799
Edge derivatives =  [0.19492136699536233, -0.47357211017198364, 0.05549756064863272, 0.2649275698916559, 0.23070129273077175, 0.9634528613649305, 0.28756283984344433, 0.420996024726924, 0.30201243717076354, -0.6693771878399164, 0.4209960247269238, 3.362235902448479e-16, 0.1990228002717066, -0.34325542233893663, 2.9108324895694794e-16, 0.42099602472692377, 0.1993841725557917, 0.2064076084386547]
other derivatives: [-1.00184252 -0.47149342 -0.38555754  0.55460987  0.12696546 -0.24876954]
Current x array =  [-0.70406415 -0.87822322 -0.49093465  0.75130844 -1.23596433 -4.88001478
  0.12510847 -3.5010208  -2.33942728 -1.22011016 -2.58065192 -2.26357766
 -4.0834268  -3.68439766 -4.17555951  1.00243913 -3.68439766 -2.30258509
 -4.56582414 -5.41757416 -2.30258509 -3.68439766 -4.56759877 -4.58731837]
log likelihood =  -894.038140371
Edge derivatives =  [-0.03936605262290849, -0.4590998825160828, 0.004060428720613268, 0.0953114578738915, 0.18444396406818622, 1.0356221331457625, 0.263479151137841, 0.3824638131625859, 0.28233514169007645, -0.23742761180831112, 0.3824638131625856, -2.9559970828218703e-17, 0.19292005270749008, -0.336077026860088, -4.3646930526852806e-17, 0.3824638131625861, 0.19330388024493328, 0.19993062175110463]
other derivatives: [-2.1680421  -0.75999651 -0.58792011  0.60171033  0.46117066 -0.24379005]
Current x array =  [-0.70039726 -0.87673409 -0.48988575  0.74834008 -1.2467772  -4.89680899
  0.13359534 -3.53042309 -2.33943061 -1.20607377 -2.56883977 -2.27669782
 -4.06764877 -3.66084708 -4.15910016  0.99883334 -3.66084708 -2.30258509
 -4.55753286 -5.43803803 -2.30258509 -3.66084708 -4.55929883 -4.57853084]
log likelihood =  -893.887567862
Edge derivatives =  [-0.5720875604473368, -0.4107627867843317, -0.1379671263837849, -0.502287675980999, -0.01599684480293448, 1.0678931579159927, 0.1865602006450139, 0.24251367502550147, 0.21882020682482994, 0.21655025361848274, 0.24251367502550128, -2.7120934515564585e-16, 0.1775279708173469, -0.3072242329274271, -2.640246945777436e-16, 0.24251367502550125, 0.17790841609552455, 0.18347513961263767]
other derivatives: [-3.5791345  -1.56019269 -2.02469437  0.82778797  0.39917722 -0.23145503]
Current x array =  [-0.69647447 -0.87118153 -0.48550903  0.74153161 -1.24691416 -4.96949241
  0.14636235 -3.64257269 -2.34798042 -1.16397742 -2.52706847 -2.29035191
 -4.02064267 -3.58349594 -4.11045898  0.98685642 -3.58349594 -2.30258509
 -4.53846399 -5.52762779 -2.30258509 -3.58349594 -4.54016628 -4.55783352]
log likelihood =  -893.716766785
Edge derivatives =  [-0.7595072623435656, -0.35581422518290096, -0.2280223607373808, -0.9883307610134056, -0.28772647797289674, 0.9713176326746186, 0.07643475094095795, 0.027789068725874, 0.12585311810906263, 0.9171256386117544, 0.02778906872587411, 7.831012744547565e-17, 0.14837479138285758, -0.27575432585156545, 6.690642173218471e-17, 0.027789068725874222, 0.14875968825330207, 0.15272959829204155]
other derivatives: [-3.26605232 -0.87510443 -0.90824415  0.56003273  0.39559609 -0.21980213]
Current x array =  [-0.69707189 -0.87634872 -0.48853851  0.74659932 -1.23693643 -5.05002755
  0.15032138 -3.78711794 -2.36372137 -1.1311885  -2.47594331 -2.28496001
 -3.9528082  -3.47849342 -4.0395849   0.9691097  -3.47849342 -2.30258509
 -4.5039108  -5.63599603 -2.30258509 -3.47849342 -4.50552115 -4.52106006]
log likelihood =  -893.633091926
Edge derivatives =  [0.7851245733703918, -0.2775538494614572, -0.08021931350337075, -0.895406777025308, -0.6298299417574337, 0.6494419898860976, -0.052255941380314135, -0.2844027118001574, 0.00795418589618679, -0.8539729921245207, -0.2844027118001583, -4.3356412186840624e-16, 0.12297368880658598, -0.22522839304186001, -4.092658716837403e-16, -0.2844027118001576, 0.12310531771292979, 0.1254046500011658]
other derivatives: [-1.01308615 -3.19309947 -5.4325028   0.64600272 -1.01747446 -0.20612561]
Current x array =  [-0.70574873 -0.85648811 -0.47809158  0.74714717 -1.19618817 -5.20680634
  0.10456521 -4.0259554  -2.41303929 -1.13787985 -2.42183043 -2.24478728
 -3.87725128 -3.34777677 -3.9594618   0.98010402 -3.34777677 -2.30258509
 -4.47718596 -5.84103732 -2.30258509 -3.34777677 -4.47858514 -4.49128277]
log likelihood =  -893.503542117
Edge derivatives =  [0.5329365177953134, -0.27984122720813964, -0.024326332621627603, -0.5624767345714328, -0.5749173959425191, 0.5490770092543444, -0.042746800041120275, -0.26385883443092273, 0.017912491793757875, 0.08549596550182037, -0.2638588344309228, 1.8005966894692336e-17, 0.12217832938474742, -0.22625446353142079, 2.0087638833143163e-17, -0.26385883443092223, 0.1223989208024762, 0.12435967221511934]
other derivatives: [-0.59302465 -0.31567424 -0.48205493  0.03831246 -0.38500048 -0.20171456]
Current x array =  [-0.70554888 -0.87841287 -0.49130604  0.7616762  -1.20156892 -5.20183774
  0.11432014 -4.02054515 -2.41375677 -1.15590664 -2.43226145 -2.22633168
 -3.88024845 -3.35589692 -3.96170954  0.97115383 -3.35589692 -2.30258509
 -4.47546937 -5.83573815 -2.30258509 -3.35589692 -4.47686951 -4.48964294]
log likelihood =  -893.466611983
Edge derivatives =  [0.5493554598583502, -0.27880944128652346, 0.06551722779454673, -0.1723827817194692, -0.49713771790500194, 0.5052311621630295, -0.012115524761592188, -0.2164165412956013, 0.04368588151515322, 0.07993309869450904, -0.21641654129560176, 1.9830565222972527e-17, 0.13509952894977487, -0.222444955475431, 1.3071429965562481e-17, -0.21641654129560153, 0.1353095959063406, 0.13740309730777844]
other derivatives: [ 0.54558313  0.50214339  0.86740783 -0.13691306 -0.28478553 -0.19564368]
Current x array =  [-0.70873733 -0.88447901 -0.49517699  0.76701775 -1.2013921  -5.21980109
  0.11462034 -4.02509642 -2.42165768 -1.17851565 -2.44682625 -2.216489
 -3.89718085 -3.37558723 -3.97869939  0.97385203 -3.37558723 -2.30258509
 -4.49021214 -5.85264081 -2.30258509 -3.37558723 -4.49159014 -4.50461975]
log likelihood =  -893.431430567
Edge derivatives =  [0.5437941960915773, -0.26652032092054034, 0.1826353864905857, 0.2604284113837838, -0.4424433170627919, 0.3961963991171184, 0.006138427872083907, -0.20284838074530842, 0.05939064106097489, -0.07143709848069713, -0.202848380745308, 3.6584925272913245e-16, 0.14812983476439706, -0.21012623531915392, 3.2688937199185617e-16, -0.20284838074530806, 0.1482907610295209, 0.1502257707437493]
other derivatives: [ 0.65217591  0.9400992   1.51193262 -0.24053861 -0.35892072 -0.18509354]
Current x array =  [-0.70895795 -0.88766767 -0.49726628  0.77149501 -1.19740391 -5.27131896
  0.11431894 -4.07100782 -2.43809828 -1.20382233 -2.45880966 -2.19784324
 -3.90780241 -3.38168604 -3.98852931  0.97625909 -3.38168604 -2.30258509
 -4.50554361 -5.90977707 -2.30258509 -3.38168604 -4.50686008 -4.51976533]
log likelihood =  -893.401888204
Edge derivatives =  [0.022255903854168202, -0.2232235146274061, 0.32339316432125254, 0.9062672820394809, -0.32884420285710825, 0.4729728678581349, 0.041657242859183895, -0.20247191428474648, 0.08526747126512482, 0.4475584220542623, -0.20247191428474656, 2.8939864107727287e-16, 0.18993647410300826, -0.16999924406190253, 2.6280797070205953e-16, -0.20247191428474592, 0.18991736324833455, 0.19132151855959748]
other derivatives: [ 5.43252554  0.30047431  1.76065669 -0.16455033  0.27474698 -0.14792931]
Current x array =  [-0.72418903 -0.88213441 -0.49677768  0.76743612 -1.21344288 -5.46495784
  0.13184484 -4.24992291 -2.48267524 -1.2302964  -2.47796099 -2.20341267
 -3.92965897 -3.37842817 -4.00820982  0.97755289 -3.37842817 -2.30258509
 -4.55444006 -6.12026111 -2.30258509 -3.37842817 -4.55556406 -4.56760491]
log likelihood =  -893.337037341
Edge derivatives =  [-0.026281930998727, -0.2099357012252094, 0.39546849237230114, 1.0942671478803057, -0.30725655832603155, 0.2602764054622875, 0.034232286908886966, -0.22765001589553618, 0.0804365194396155, 0.08855007598753012, -0.22765001589553635, -1.8133809004545384e-17, 0.19070066142585762, -0.1599051380536121, -2.3843980188939247e-17, -0.22765001589553652, 0.19063995751121007, 0.19153511841491366]
other derivatives: [ 1.83172233  0.43288537  1.41056944 -0.13501449 -0.068178   -0.14226771]
Current x array =  [-0.71280602 -0.88373056 -0.49630311  0.77049656 -1.20791115 -5.51663431
  0.13162217 -4.31098522 -2.49506716 -1.24274847 -2.48664159 -2.17165736
 -3.92539416 -3.36904864 -4.00181501  0.98026216 -3.36904864 -2.30258509
 -4.55577748 -6.18190993 -2.30258509 -3.36904864 -4.55683735 -4.56840908]
log likelihood =  -893.293089462
Edge derivatives =  [-0.3072003363156155, -0.19076607129026815, 0.40371315203081237, 1.0987356441236784, -0.2820327092521854, 0.1398656181198875, 0.0236807910726115, -0.2639314547581928, 0.07096272922012437, 0.036217353919578144, -0.26393145475819313, 9.944839168652509e-17, 0.19517491444697077, -0.14509318283361716, 9.845906671755958e-17, -0.2639314547581927, 0.19503807964565403, 0.19529779226989716]
other derivatives: [-0.73262072  0.01281251  0.18517312  0.05177299 -0.14954367 -0.13139925]
Current x array =  [-0.70510881 -0.88124401 -0.4926      0.7679734  -1.21265981 -5.60149695
  0.13953041 -4.40559062 -2.50865715 -1.23893814 -2.49484112 -2.15326175
 -3.91946833 -3.35364223 -3.99314642  0.98160405 -3.35364223 -2.30258509
 -4.56100994 -6.27884091 -2.30258509 -3.35364223 -4.56198285 -4.57282132]
log likelihood =  -893.259652406
Edge derivatives =  [-0.6328844574554429, -0.16981508367072554, 0.3711924293995925, 0.9766620132238908, -0.24876914084212404, 0.08744043591153314, 0.01563241482297674, -0.2992866192431257, 0.06252710427275, 0.14761463863117702, -0.2992866192431259, 1.1939861367940516e-16, 0.20388855467125813, -0.12856605989824332, 1.18042338655756e-16, -0.2992866192431257, 0.20366228947936865, 0.2032749784091204]
other derivatives: [-1.87563955 -0.56718363 -0.90708454  0.27988563 -0.06451728 -0.11810926]
Current x array =  [-0.70190035 -0.87746465 -0.48901083  0.76300832 -1.22242045 -5.70886206
  0.14996273 -4.52024039 -2.5232431  -1.22450072 -2.50372545 -2.14434165
 -3.9153652  -3.33788143 -3.98607466  0.98289344 -3.33788143 -2.30258509
 -4.57120704 -6.39910873 -2.30258509 -3.33788143 -4.5720776  -4.58207787]
log likelihood =  -893.213260945
Edge derivatives =  [-0.7607155140786257, -0.14635371392674607, 0.30434264423746604, 0.6877239723316151, -0.18425940954173373, 0.016108211239830056, 0.013467625324511456, -0.32324586833658975, 0.05784239149700922, 0.1066254978965972, -0.32324586833658975, 2.099723135904572e-16, 0.21624530843136924, -0.11008105805328003, 2.4967763173829955e-16, -0.32324586833659025, 0.21591585987433604, 0.21481689254271016]
other derivatives: [-2.1868459  -0.94316874 -1.53783049  0.52006044 -0.00862883 -0.10315944]
Current x array =  [-0.70129455 -0.87514939 -0.48678968  0.75807441 -1.2338732  -5.84796348
  0.15691771 -4.66457503 -2.5386716  -1.1985788  -2.5202016  -2.1320613
 -3.91464564 -3.32646709 -3.98133114  0.98905765 -3.32646709 -2.30258509
 -4.58598325 -6.5534852  -2.30258509 -3.32646709 -4.58672553 -4.59576537]
log likelihood =  -893.122544079
Edge derivatives =  [-0.24016572180905743, -0.11065732610725439, 0.17221899686646291, 0.03794559181757862, 0.015751346921965753, -0.1947442732166227, 0.040891605749093805, -0.2791326574142482, 0.07690002309777005, -0.002639139104622934, -0.279132657414248, -1.9514595201808422e-16, 0.2424296651219815, -0.08214849256207182, -1.7994508555491227e-16, -0.27913265741424864, 0.24191015343226588, 0.2397116434183064]
other derivatives: [-1.82840267 -0.19613253 -2.89011268  0.36626489  0.15985506 -0.07938752]
Current x array =  [-0.70262348 -0.88200299 -0.48185744  0.76683032 -1.25259892 -6.11471386
  0.15561493 -4.9263775  -2.55986385 -1.14668371 -2.57363985 -2.09467902
 -3.93148075 -3.34173877 -3.98936623  1.00421604 -3.34173877 -2.30258509
 -4.61879888 -6.84510007 -2.30258509 -3.34173877 -4.61930806 -4.62700631]
log likelihood =  -893.308382462
Edge derivatives =  [0.4846661528779598, -0.07030864948799115, 0.04599626145543617, -1.0111945403337037, 0.19381710427289367, -0.5380707900803567, 0.03665035269962261, -0.3034707514618087, 0.0883408648143449, -1.0679548025448269, -0.3034707514618087, 5.25650259325417e-16, 0.2737686244911703, -0.0502153241073183, 5.404494759311421e-16, -0.3034707514618102, 0.2731293915589467, 0.2693810549103316]
other derivatives: [ -1.87436626e+00  -4.89849299e+00   7.81789140e+00   5.00222086e-03
   4.16548573e-02  -5.37283995e-02]
Current x array =  [-0.70341687 -0.84748911 -0.51507402  0.77366731 -1.25512447 -6.5571132
  0.13947673 -5.38066192 -2.60669154 -1.07898796 -2.62633817 -2.05215489
 -3.93691722 -3.33099006 -3.98107597  1.03594737 -3.33099006 -2.30258509
 -4.66111784 -7.33736355 -2.30258509 -3.33099006 -4.66123296 -4.66628055]
log likelihood =  -893.102630169
Edge derivatives =  [-0.061479698016714934, -0.09941078796782149, 0.14201662085290548, -0.19670126140703836, 0.05978306290920071, -0.2734961358979444, 0.040050792046501416, -0.28439522313181703, 0.07995181928936121, -0.24382875666777049, -0.28439522313181753, -3.723682614481169e-16, 0.2500518881834295, -0.07313259984192799, -4.214079588488824e-16, -0.2843952231318178, 0.24950332038447146, 0.2469290806059224]
other derivatives: [-1.83549673 -1.26292434 -0.24580231  0.27831675  0.14224497 -0.07242988]
Current x array =  [-0.70281064 -0.87386111 -0.48969328  0.76844318 -1.25319471 -6.21907661
  0.1518079  -5.03354396 -2.57091058 -1.13071417 -2.58607147 -2.0846475
 -3.93276322 -3.33920313 -3.98741054  1.01170151 -3.33920313 -2.30258509
 -4.62878199 -6.96122586 -2.30258509 -3.33920313 -4.62919822 -4.63627117]
log likelihood =  -893.07896412
Edge derivatives =  [0.19890437577514553, -0.0904006239942634, 0.12081122590991403, -0.29933048740703005, 0.1481309474598902, -0.31606815821565676, 0.06337694668867028, -0.2368302511857014, 0.09849239470971807, -0.1621433526261732, -0.2368302511857012, 5.104218308659056e-17, 0.2623594226131285, -0.06584126089889392, 1.4082342093721663e-17, -0.23683025118570228, 0.2617541383983818, 0.25895109624136936]
other derivatives: [-0.35370249 -0.34375489 -0.17789716  0.00986802  0.28591103 -0.06536993]
Current x array =  [-0.70717634 -0.88101739 -0.48927994  0.77728123 -1.25806124 -6.31681922
  0.15015814 -5.12198505 -2.57878493 -1.12049707 -2.60960494 -2.07466328
 -3.94698306 -3.35793161 -3.99851162  1.01601553 -3.35793161 -2.30258509
 -4.64505079 -7.06600825 -2.30258509 -3.35793161 -4.6453874  -4.65219298]
log likelihood =  -893.068530014
Edge derivatives =  [0.2338935912099298, -0.08836354868554948, 0.11446639463493452, -0.31676657062802527, 0.17830431031881994, -0.30105335912336495, 0.07307102427692191, -0.20548332101768557, 0.10719417894748642, -0.16869514425741833, -0.2054833210176854, 6.217050654502706e-16, 0.2643354763877262, -0.06399843660585205, 6.075337950409369e-16, -0.20548332101768602, 0.2637216735326047, 0.2609321490940285]
other derivatives: [ 0.39676706  0.09948735  0.13877752 -0.12253167  0.25149802 -0.06347136]
Current x array =  [-0.70940165 -0.88431308 -0.49009795  0.78177499 -1.25594682 -6.3442478
  0.14974148 -5.14447085 -2.57827339 -1.11936247 -2.61708475 -2.07547692
 -3.95312663 -3.37102249 -4.00336818  1.0165204  -3.37102249 -2.30258509
 -4.64785912 -7.09453164 -2.30258509 -3.37102249 -4.6481828  -4.65502538]
log likelihood =  -893.051243637
Edge derivatives =  [0.1787074269661847, -0.08667747071299417, 0.10194560026106747, -0.3478687672397113, 0.20678689146428253, -0.24600509925069214, 0.08201490190736702, -0.15409657009639532, 0.11684600867060951, -0.21293166173653394, -0.154096570096396, 3.5956848414445235e-17, 0.2613168882825645, -0.062280745153976344, 3.6381996661616493e-17, -0.15409657009639605, 0.2607022333449525, 0.25800594427714557]
other derivatives: [ 1.19888455  0.59247895  0.59750391 -0.29668854  0.08501502 -0.06165237]
Current x array =  [-0.71179671 -0.88782755 -0.49150945  0.78788967 -1.24813037 -6.37148734
  0.14966975 -5.16611264 -2.57236609 -1.11954188 -2.62352438 -2.08217311
 -3.95919057 -3.39336319 -4.00718632  1.01478237 -3.39336319 -2.30258509
 -4.64423238 -7.12221763 -2.30258509 -3.39336319 -4.64456069 -4.65155761]
log likelihood =  -893.023446138
Edge derivatives =  [0.016534060930144756, -0.08366387276669529, 0.0852600123153467, -0.39001381961588333, 0.2298772777360531, -0.14627159545408422, 0.08588351454084506, -0.0847008582496312, 0.12446040325925044, -0.2333901082934287, -0.08470085824963144, -2.3438338049264346e-22, 0.25074402024461456, -0.059500570842383124, -3.0025894119991642e-22, -0.08470085824963147, 0.25012595662970105, 0.24753856191678394]
other derivatives: [ 1.68046199  0.87982244  0.94443067 -0.47580215 -0.17894308 -0.05885568]
Current x array =  [-0.71322354 -0.88956836 -0.49281923  0.79388435 -1.23444167 -6.41586703
  0.14987063 -5.20672328 -2.56105113 -1.12148739 -2.62780312 -2.09577709
 -3.96263412 -3.42481082 -4.00630586  1.008751   -3.42481082 -2.30258509
 -4.63082707 -7.16870743 -2.30258509 -3.42481082 -4.63117087 -4.63833386]
log likelihood =  -892.962870497
Edge derivatives =  [-0.16857329747676353, -0.07143382989721962, 0.12429977709658564, -0.20376458921511853, 0.2569987084378474, -0.07406276093337852, 0.07554608577651342, 0.013804994694555817, 0.12232308989792526, -0.043544958989330806, 0.013804994694555761, -2.9135247506533836e-17, 0.2221678661070337, -0.049982049430652674, -3.1069960664248585e-17, 0.013804994694555456, 0.22149998892981748, 0.21868347147479641]
other derivatives: [ 1.82135409  1.19496235  1.56226179 -0.63430434 -0.43181672 -0.04963567]
Current x array =  [-0.71338804 -0.89087601 -0.49531798  0.79679445 -1.21062765 -6.57479263
  0.14647656 -5.3732304  -2.54803844 -1.14048256 -2.63254036 -2.10659299
 -3.95656483 -3.47275151 -3.98756928  0.99191358 -3.47275151 -2.30258509
 -4.59457657 -7.34424434 -2.30258509 -3.47275151 -4.59489909 -4.60177867]
log likelihood =  -892.970197701
Edge derivatives =  [0.3910615316264747, -0.0478277967157157, 0.18163786015225364, -0.028013837846133094, 0.24686786394481489, 0.10863663449671195, 0.04046672321403501, 0.16367172240940714, 0.09272110049707527, -1.0360769196585033, 0.1636717224094071, 1.0498801611607112e-16, 0.15859765528492425, -0.03272966643614208, 1.5607052878889784e-16, 0.16367172240940814, 0.15769523092526067, 0.1545997111231623]
other derivatives: [ 5.41608642 -1.89866114 -2.86114528 -0.3492687  -1.47934998 -0.03434479]
Current x array =  [-0.72641844 -0.86360786 -0.48451694  0.78755665 -1.16522098 -6.95771811
  0.11751621 -5.78000789 -2.52574627 -1.1674995  -2.62710443 -2.13529525
 -3.93642254 -3.55185979 -3.93862013  0.98263132 -3.55185979 -2.30258509
 -4.51875122 -7.77034078 -2.30258509 -3.55185979 -4.51899908 -4.52490984]
log likelihood =  -892.926450492
Edge derivatives =  [0.09769776357220039, -0.05901294034531709, 0.15192184340713644, -0.11826470115684007, 0.2528052912055423, 0.013626567140663348, 0.05926730673135586, 0.08678337183714252, 0.10879579536364596, -0.5137861061008474, 0.08678337183714281, 2.072183512863743e-17, 0.19255825429823248, -0.04084890801922748, -1.1099662973198898e-17, 0.08678337183714355, 0.1917813777667644, 0.18884098885083977]
other derivatives: [ 3.55099701 -0.25573854 -0.5271886  -0.49891469 -0.92754817 -0.04160938]
Current x array =  [-0.71959637 -0.87788411 -0.49017183  0.79239311 -1.18899366 -6.75723728
  0.13267841 -5.56703933 -2.53741734 -1.15335477 -2.62995041 -2.12026816
 -3.94696804 -3.51044261 -3.96424748  0.98749105 -3.51044261 -2.30258509
 -4.55844962 -7.54725777 -2.30258509 -3.51044261 -4.55873657 -4.56515456]
log likelihood =  -892.852675633
Edge derivatives =  [-0.008561139713956889, -0.04235642181525282, 0.2279844813344576, 0.10810478649631805, 0.26950116956229897, 0.024113210723499437, 0.02511733336314983, 0.15760057704981273, 0.08220963122502725, -0.14186932643353817, 0.15760057704981256, -1.4197031658389826e-16, 0.150843110803204, -0.02885059999479394, -2.142276794120601e-16, 0.15760057704981378, 0.14994784850639814, 0.14583031826681406]
other derivatives: [ 0.52389169  0.14931629  0.1677563  -0.24244855 -0.94842108 -0.02986553]
Current x array =  [-0.70958437 -0.88017515 -0.49307921  0.7816948  -1.1734448  -7.06835922
  0.12779295 -5.90335297 -2.5320386  -1.17401837 -2.63207061 -2.12294841
 -3.9261996  -3.54893943 -3.92218607  0.96775751 -3.54893943 -2.30258509
 -4.50842987 -7.8954026  -2.30258509 -3.54893943 -4.50860999 -4.51380222]
log likelihood =  -892.809279524
Edge derivatives =  [-0.27849857388289095, -0.0330895444345856, 0.27821752602276073, 0.2953629548214429, 0.20747061379748072, 0.017679955375726378, -0.024447915346748103, 0.13537739786537004, 0.03130501290992657, 0.37992637217184555, 0.1353773978653698, 8.179043622699795e-21, 0.11590687477594634, -0.02246030953708498, 5.314517549421344e-22, 0.13537739786537056, 0.11491515348908715, 0.10964652654074428]
other derivatives: [-0.06266418 -0.2496904   0.84537533  0.34747245 -0.61044148 -0.02349907]
Current x array =  [-0.707581   -0.87631738 -0.49538552  0.75944883 -1.17576109 -7.28708725
  0.13024069 -6.15517579 -2.53355207 -1.18704186 -2.61523443 -2.12429294
 -3.89464728 -3.53982027 -3.87574596  0.9538946  -3.53982027 -2.30258509
 -4.46734528 -8.1450123  -2.30258509 -3.53982027 -4.46744196 -4.47132749]
log likelihood =  -892.791933797
Edge derivatives =  [0.27129498399415075, -0.019199604662585232, 0.26129407632479296, 0.07314926074977024, 0.245135656441612, -0.11934556495008586, -0.05741235329938488, 0.11507151863477305, -0.013522443923728145, 0.17691628201040344, 0.1150715186347728, -5.046647462917112e-20, 0.10539775946862116, -0.012902195260213342, -4.655015534888376e-20, 0.11507151863477337, 0.10411956627962132, 0.09631665435564837]
other derivatives: [-4.1213525  -0.90091135 -1.27776048  0.63788548 -0.20352218 -0.01446097]
Current x array =  [-0.69564292 -0.87299417 -0.48867109  0.75260253 -1.20303821 -7.78095236
  0.1259015  -6.68192198 -2.55687233 -1.16433843 -2.62883093 -2.10140341
 -3.87512373 -3.5301448  -3.83113389  0.96838316 -3.5301448  -2.30258509
 -4.45388733 -8.69782906 -2.30258509 -3.5301448  -4.4536948  -4.45499517]
log likelihood =  -892.765089102
Edge derivatives =  [0.06535690770931368, -0.02042529596445423, 0.2631334340121974, 0.1625979167933832, 0.18025219820607277, -0.07584093055182872, -0.07215027821631256, 0.08797227192257961, -0.030238823660073362, 0.389571028236841, 0.08797227192257907, -3.1712236658746854e-17, 0.0947732296941092, -0.013801014636001559, -1.5275561846722954e-17, 0.08797227192257989, 0.09354170439941853, 0.08596081628476794]
other derivatives: [-1.72849468 -0.94307779 -0.32870275  0.72739113 -0.08565166 -0.01529088]
Current x array =  [-0.70271974 -0.872013   -0.49137603  0.74738156 -1.20265271 -7.71793092
  0.12917702 -6.62543679 -2.55037999 -1.17114593 -2.61154883 -2.10927504
 -3.86531291 -3.5168694  -3.8230333   0.96453686 -3.5168694  -2.30258509
 -4.4419106  -8.63029178 -2.30258509 -3.5168694  -4.4417765  -4.44327127]
log likelihood =  -892.747556526
Edge derivatives =  [0.037293181469091774, -0.01927208007277038, 0.24172935674145074, 0.13536077405776592, 0.137484349058304, -0.05413877351284379, -0.08596539986253213, 0.06685820964855685, -0.04966515218722514, 0.4516929740255998, 0.0668582096485568, -2.4645731901577617e-16, 0.08571957501597419, -0.013050584454541003, -2.5693565884544673e-16, 0.06685820964855757, 0.08447492774628344, 0.07658381864510623]
other derivatives: [-0.17665798 -0.71406703  0.02554543  0.6937853   0.04929461 -0.01454055]
Current x array =  [-0.70738185 -0.87379669 -0.49208217  0.74786432 -1.20886774 -7.76606354
  0.13190576 -6.68304349 -2.54776657 -1.16819099 -2.60144538 -2.11221899
 -3.85646722 -3.50636014 -3.81051796  0.96795981 -3.50636014 -2.30258509
 -4.43149819 -8.68576289 -2.30258509 -3.50636014 -4.43136006 -4.43258441]
log likelihood =  -892.726499083
Edge derivatives =  [0.12127505429630148, -0.015245183037172493, 0.19224878367361525, -0.0008345923557913082, 0.0936505888225643, -0.03196646957368958, -0.1106243771251074, 0.050832769679529294, -0.0862355451371639, 0.40422740146582004, 0.050832769679529155, -2.972164561001614e-16, 0.0669326643120077, -0.010299750660906453, -2.701428638827528e-16, 0.05083276967952985, 0.06559984978815642, 0.05658581483536847]
other derivatives: [ 1.22753363 -0.19354047  0.2601837   0.52455107  0.21125288 -0.01185754]
Current x array =  [-0.71162734 -0.8783553  -0.49217618  0.75383534 -1.22112082 -7.97600849
  0.13519567 -6.91281961 -2.54545954 -1.1568476  -2.59241826 -2.11380592
 -3.84174228 -3.49848637 -3.78271224  0.9782161  -3.49848637 -2.30258509
 -4.4103745  -8.92177088 -2.30258509 -3.49848637 -4.41016651 -4.4104521 ]
log likelihood =  -892.713179847
Edge derivatives =  [0.16913423926863658, -0.011680600905271621, 0.14949204268921357, -0.13624775755490293, 0.07065474709927247, -0.017618112508216217, -0.13231839927030797, 0.05225155943127199, -0.11830725413961884, 0.20166486778900589, 0.052251559431272604, 1.9570280284025513e-16, 0.04701450056777775, -0.007835713852051956, 1.914788508790283e-16, 0.05225155943127255, 0.04557961175990617, 0.03532579675751979]
other derivatives: [ 1.32940841  0.12088321  0.38392045  0.30556748  0.19138042 -0.00935643]
Current x array =  [-0.71193179 -0.8815248  -0.49221288  0.76274277 -1.2289734  -8.22011662
  0.13821632 -7.17549807 -2.54309865 -1.14683823 -2.58865149 -2.11431558
 -3.83011203 -3.49952063 -3.75617113  0.98907707 -3.49952063 -2.30258509
 -4.38884994 -9.19488455 -2.30258509 -3.49952063 -4.38856052 -4.38788232]
log likelihood =  -892.710987222
Edge derivatives =  [-0.6152720076081917, -0.010905419484365282, 0.10550114499100713, -0.07067622445586863, -0.04544215195740253, 0.08258826439881328, -0.1529442938386495, 0.02065512983019055, -0.14564625574035994, -0.01471589825562708, 0.020655129830190716, -2.135178810188418e-17, 0.019646127144033874, -0.007313670561249348, -3.3077291898048926e-17, 0.02065512983019077, 0.018244299626545932, 0.007879246038452938]
other derivatives: [ 1.04490709  0.18627588 -1.31326487 -0.06597247 -0.24466544 -0.00891305]
Current x array =  [-0.71116434 -0.88324287 -0.48697002  0.78026968 -1.22801675 -8.28026404
  0.15801238 -7.25131644 -2.52305681 -1.15294974 -2.56277713 -2.1292531
 -3.8214872  -3.48493782 -3.74051587  0.99576949 -3.48493782 -2.30258509
 -4.36102074 -9.26443238 -2.30258509 -3.48493782 -4.36084139 -4.36050418]
log likelihood =  -892.701611136
Edge derivatives =  [-0.18254610743823774, -0.009136193944351905, 0.11462426777316927, -0.14477160959184598, 0.002831914986528017, 0.03037391443792954, -0.15534596558739228, 0.041392163644167895, -0.14854106128586866, -0.09798452819288223, 0.041392163644167895, 8.681439933793938e-17, 0.017295085322732048, -0.006074780563391261, 6.03291986186819e-17, 0.041392163644168256, 0.015842595198702476, 0.004750321515030614]
other derivatives: [ 0.0400064  -0.25728468  0.51726374 -0.13510544 -0.04299636 -0.00756017]
Current x array =  [-0.70796535 -0.87989172 -0.49248592  0.77994487 -1.23179283 -8.44719503
  0.14892659 -7.42412914 -2.52952214 -1.14778692 -2.57417936 -2.12138645
 -3.82130419 -3.49497212 -3.7318648   1.00024089 -3.49497212 -2.30258509
 -4.35829932 -9.44972551 -2.30258509 -3.49497212 -4.35802914 -4.35701175]
log likelihood =  -892.700111491
Edge derivatives =  [-0.11745032688124524, -0.009336051503399103, 0.12702835987238398, -0.11331916150880561, 0.015697527957335783, 0.020331185197688215, -0.15034784758196398, 0.044879535819385113, -0.14265430798439344, -0.037967606660629594, 0.04487953581938514, -6.33892859670619e-17, 0.020572559094338146, -0.0062141733813636055, -3.1803750039461784e-17, 0.04487953581938553, 0.019121557522268497, 0.008174278964909836]
other derivatives: [-0.09237056 -0.08641337  0.1014655  -0.06499477 -0.01419949 -0.00765112]
Current x array =  [-0.70752832 -0.88105254 -0.49128924  0.77744278 -1.23088543 -8.42713915
  0.14692443 -7.40152993 -2.53068878 -1.14980145 -2.57700614 -2.11970837
 -3.82382847 -3.49668235 -3.73584641  0.99755428 -3.49668235 -2.30258509
 -4.3616592  -9.42704291 -2.30258509 -3.49668235 -4.36139389 -4.36048058]
log likelihood =  -892.698871149
Edge derivatives =  [-0.07391246036169463, -0.00935016496459752, 0.1358553967604358, -0.0790586813964379, 0.01799847337485247, 0.015634412230874008, -0.14668400444697496, 0.044565773966641076, -0.13875784279221126, -0.0022362070804258227, 0.04456577396664119, 4.448190872825327e-17, 0.020709177025921878, -0.006227310371740539, 4.446435912168429e-17, 0.04456577396664155, 0.019274452711064396, 0.008477641475760207]
other derivatives: [-0.24787141  0.03360583 -0.11976908 -0.04966978  0.01278977 -0.0076966 ]
Current x array =  [-0.70700256 -0.88193753 -0.49065128  0.7767047  -1.23063661 -8.42531937
  0.14572121 -7.39941852 -2.52927242 -1.1523482  -2.57740075 -2.11900118
 -3.82629429 -3.49649254 -3.73837764  0.9962845  -3.49649254 -2.30258509
 -4.36180057 -9.42493305 -2.30258509 -3.49649254 -4.36155556 -4.3608053 ]
log likelihood =  -892.695693443
Edge derivatives =  [0.044744686999308114, -0.00921588507239358, 0.15523075373664708, 0.010871519455221468, 0.01435933251617788, 0.006398620107544398, -0.13679042344964354, 0.03961415331968293, -0.12880822271594153, 0.051764864886226, 0.03961415331968357, 6.714609798811012e-21, 0.01835802465001636, -0.00614467168048336, 6.307189304319924e-21, 0.03961415331968382, 0.01698987076020927, 0.006686427254832272]
other derivatives: [-0.51255711  0.22032509 -0.47126605 -0.05711627  0.08591314 -0.00758291]
Current x array =  [-0.70607142 -0.88332812 -0.48965397  0.77611001 -1.23060236 -8.43733457
  0.14264766 -7.41261486 -2.52229795 -1.15962396 -2.57620091 -2.11787256
 -3.83387334 -3.49384866 -3.74482758  0.99467127 -3.49384866 -2.30258509
 -4.35938822 -9.43828978 -2.30258509 -3.49384866 -4.35922008 -4.35902609]
log likelihood =  -892.690922788
Edge derivatives =  [0.18819494961972216, -0.008832772826051377, 0.17728259144820868, 0.1349482620488951, -0.0029955150147067122, -0.004577556915885447, -0.12198510795995836, 0.026948089422308058, -0.11464759242493051, 0.06666630196897205, 0.026948089422308585, -4.759781881546972e-16, 0.011343505838150688, -0.005892791852865374, -4.713858439209012e-16, 0.026948089422309113, 0.010106119601247816, 0.0006945259084271509]
other derivatives: [-0.67229848  0.33002152 -0.72095645 -0.08066081  0.16508466 -0.00726459]
Current x array =  [-0.70544174 -0.88409392 -0.48901431  0.77568787 -1.23067011 -8.47468393
  0.13867636 -7.45422566 -2.50762896 -1.17085142 -2.57169754 -2.1170432
 -3.84649598 -3.48719206 -3.75421692  0.99408754 -3.48719206 -2.30258509
 -4.35223341 -9.48013544 -2.30258509 -3.48719206 -4.35221057 -4.35301491]
log likelihood =  -892.681883669
Edge derivatives =  [0.30852539806149626, -0.007925671075468403, 0.19195941451746545, 0.267644463978844, -0.014967530753681152, -0.0388284925828032, -0.08761714490353405, 0.011894907763955326, -0.08105164695646717, -0.05011129275923676, 0.011894907763955992, -7.006469604298053e-17, 0.0006943232754251134, -0.005259430246065846, -9.848834735162826e-17, 0.011894907763956325, -0.00027728057402421485, -0.007806227994638842]
other derivatives: [-0.67187784  0.46047717 -0.85822194 -0.10001031  0.1354465  -0.00660521]
Current x array =  [-0.70530234 -0.88490495 -0.4888612   0.77569792 -1.22827538 -8.57732829
  0.13405295 -7.56342867 -2.47780847 -1.18652235 -2.56890723 -2.11340213
 -3.87614338 -3.47858024 -3.77634183  0.99499222 -3.47858024 -2.30258509
 -4.3416046  -9.59395874 -2.30258509 -3.47858024 -4.34186247 -4.3446697 ]
log likelihood =  -892.671080533
Edge derivatives =  [0.24248354603895328, -0.005572251102122605, 0.14292414098188097, 0.3404187952274823, -0.04455279702043813, -0.09592617853599192, -0.01899688063083166, -0.020737394669314402, -0.012219519576543686, 0.6503874592577192, -0.02073739466931479, -3.338502551122017e-16, -0.031216995425680627, -0.0036259755528953944, -3.027030680998327e-16, -0.020737394669314818, -0.03155139108951552, -0.03460565296101156]
other derivatives: [-0.12922783 -0.03491323 -1.10183009 -0.17074626  0.68663439 -0.00466116]
Current x array =  [-0.70636682 -0.88096067 -0.48783152  0.77047199 -1.23147374 -8.91172358
  0.13288553 -7.92012928 -2.40071956 -1.20823222 -2.56313673 -2.10742513
 -3.94358166 -3.45904875 -3.82036002  0.98162058 -3.45904875 -2.30258509
 -4.30980541 -9.96556568 -2.30258509 -3.45904875 -4.3107149  -4.31806624]
log likelihood =  -892.659902874
Edge derivatives =  [0.09808470075859133, -0.0045724926521186334, 0.09177880807074518, 0.22302438340268838, -0.03192090496084296, -0.13008958007220717, 0.011973807124466253, -0.02364861576822805, 0.01761610075034522, -0.010155552245641075, -0.023648615768228853, 8.903294841101719e-17, -0.04357161508363566, -0.0029250846237205215, 8.956587253078479e-17, -0.023648615768229492, -0.0436069753667709, -0.044695161750511206]
other derivatives: [-0.48122502  0.56024874 -0.14596253  0.12632881  0.10318217 -0.00389946]
Current x array =  [ -0.70537319  -0.88506026  -0.49149182   0.76587734  -1.2220636
  -9.10588187   0.13171157  -8.12359808  -2.36621044  -1.21065818
  -2.5666007   -2.10441601  -3.97652037  -3.45586801  -3.84070823
   0.98885448  -3.45586801  -2.30258509  -4.29815388 -10.18060404
  -2.30258509  -3.45586801  -4.29933328  -4.30862434]
log likelihood =  -892.655891414
Edge derivatives =  [0.16732775346114126, -0.004165752922232677, 0.055455348594050685, 0.05816489318135498, -0.003272322327051852, -0.13500870454471126, 0.007498383225250586, -0.008817093259930214, 0.011577035734328188, -0.1558101852684451, -0.00881709325993027, 4.571370521603318e-17, -0.04290132328121245, -0.002648361773248643, 4.3536855849496157e-17, -0.008817093259930325, -0.043023774605322994, -0.04462895935434331]
other derivatives: [ 0.06621121  0.10076064 -0.16979129  0.15322712  0.02892193 -0.00356977]
Current x array =  [ -0.70731371  -0.88142051  -0.49143469   0.76558007  -1.22239282
  -9.1955908    0.13049598  -8.21577937  -2.37043146  -1.19840437
  -2.57429743  -2.10298669  -3.97353372  -3.46299517  -3.83330636
   0.99217522  -3.46299517  -2.30258509  -4.29881312 -10.27999212
  -2.30258509  -3.46299517  -4.29991136  -4.3086209 ]
log likelihood =  -892.654482934
Edge derivatives =  [-0.05710729165326145, -0.003976300681780707, 0.014024116877515133, -0.055637520479863034, -0.010357046718276197, -0.10518350734568337, 0.002001568692690893, -0.008467895197303815, 0.006232421672783053, -0.08100268189878473, -0.008467895197304343, -2.044119181581208e-17, -0.046802494087868365, -0.0025174568549353837, -5.1669556938007e-17, -0.008467895197304648, -0.04692382775000871, -0.04864565547336261]
other derivatives: [-0.13367298 -0.12845476  0.07072458  0.05624088  0.00213731 -0.00343334]
Current x array =  [ -0.70669855  -0.87997937  -0.49200689   0.76891578  -1.22256163
  -9.24105654   0.13607639  -8.26479906  -2.36636357  -1.19130844
  -2.57313024  -2.10722291  -3.97161102  -3.46306291  -3.82835244
   0.9915472   -3.46306291  -2.30258509  -4.29514351 -10.33076646
  -2.30258509  -3.46306291  -4.29623834  -4.30486174]
log likelihood =  -892.654349896
Edge derivatives =  [-0.053925849128165226, -0.003967428583026623, 0.01026724613052589, -0.06778393938111427, 0.004193176612284716, -0.09496223390036726, 0.004031563780932425, -0.0029199644435965455, 0.008527173670773429, 0.039208351608793046, -0.002919964443596601, -2.830713884046798e-16, -0.043940104771985525, -0.0025078777318344025, -2.204820078408776e-16, -0.002919964443596601, -0.04406323900496156, -0.04573567214031847]
other derivatives: [ 0.50750941  0.09133601  0.36022811  0.0285354   0.05178435 -0.00341061]
Current x array =  [ -0.70858424  -0.88146019  -0.49277815   0.7689097   -1.22118292
  -9.24482545   0.1357541   -8.26746196  -2.36654823  -1.19045362
  -2.57626725  -2.10833528  -3.97293423  -3.46558981  -3.82964185
   0.98880949  -3.46558981  -2.30258509  -4.29791966 -10.33460162
  -2.30258509  -3.46558981  -4.2990102   -4.30766004]
log likelihood =  -892.653801055
Edge derivatives =  [-0.035892158692153786, -0.003942387813366736, 0.012823333313841709, -0.05594906476404171, 0.002516413583675492, -0.09809987333205461, 0.0057595790823653445, -0.004344214825348441, 0.010587468307618891, -0.00999842561407166, -0.004344214825347942, 1.6536445068298357e-16, -0.04468459312423033, -0.0024921185474386554, 1.4019443222589862e-16, -0.004344214825347387, -0.04479129449756543, -0.04633658473141383]
other derivatives: [ 0.21568667  0.01091394  0.16237891  0.03223022  0.02521574 -0.00338787]
Current x array =  [ -0.707711    -0.88089249  -0.49225395   0.76905533  -1.22099022
  -9.25054255   0.13518954  -8.27357778  -2.36474393  -1.1918221
  -2.57592687  -2.10801223  -3.97484019  -3.46487854  -3.83111321
   0.98945225  -3.46487854  -2.30258509  -4.29724363 -10.34094671
  -2.30258509  -3.46487854  -4.29835259  -4.30713312]
log likelihood =  -892.653324903
Edge derivatives =  [-0.01662168545553988, -0.0038917467885499586, 0.01286359240984608, -0.052293887984076526, 0.00811818922255697, -0.09350631220434413, 0.00863123789500142, -0.0030536466035680776, 0.014207406261309799, -0.030056046086353816, -0.003053646603567828, -6.714347791173116e-16, -0.0441767274000031, -0.0024576791081088586, -6.607730550386771e-16, -0.003053646603567023, -0.04426438756263286, -0.045629842642588375]
other derivatives: [ 0.02288516 -0.02197567  0.00216005  0.01435865 -0.00056843 -0.0033765 ]
Current x array =  [ -0.70712012  -0.88064063  -0.49183509   0.76966985  -1.21983921
  -9.26333491   0.13440654  -8.28647952  -2.36232418  -1.19289542
  -2.5771732   -2.10865368  -3.97792024  -3.46541188  -3.83339177
   0.98912051  -3.46541188  -2.30258509  -4.29782744 -10.35496014
  -2.30258509  -3.46541188  -4.29895732  -4.30791633]
log likelihood =  -892.652679888
Edge derivatives =  [0.017296398988889794, -0.0037862676685091194, 0.010731083872352332, -0.05496836719609621, 0.02534945664021354, -0.07695650016934122, 0.01409301463876373, 0.0021947676763425794, 0.02129451076860979, -0.02185817078730634, 0.002194767676342385, -3.7528663397955245e-16, -0.04181801793889674, -0.0023845840739836997, -4.2343525322962006e-16, 0.002194767676342746, -0.04187453442102905, -0.04291689643067313]
other derivatives: [-0.14899797 -0.02368097 -0.14440502 -0.03281002 -0.0304226  -0.00326281]
Current x array =  [ -0.70656279  -0.88056025  -0.4914796    0.77089796  -1.2171101
  -9.29115776   0.1328769   -8.31414099  -2.35812091  -1.19422944
  -2.58091387  -2.11084631  -3.98375965  -3.46773104  -3.83757727
   0.98744702  -3.46773104  -2.30258509  -4.30029212 -10.38535037
  -2.30258509  -3.46773104  -4.30145491  -4.31072865]
log likelihood =  -892.652177671
Edge derivatives =  [0.03986804690262746, -0.0037119138420264627, 0.011629711806454862, -0.04978614149262084, 0.042189249457582234, -0.055507854610857055, 0.01787225286021314, 0.007837564868146712, 0.026477069744440453, 0.009929407968467918, 0.007837564868147184, -2.0862381424951533e-17, -0.038577601952756155, -0.0023316655572819577, -3.523766632307559e-17, 0.007837564868147157, -0.038612977333531945, -0.039417345114085414]
other derivatives: [-0.18036417 -0.03185505 -0.07976269 -0.06328946 -0.03199148 -0.00322871]
Current x array =  [ -0.70642361  -0.88038217  -0.49173385   0.77133261  -1.21488704
  -9.31191693   0.13162811  -8.33442813  -2.35544252  -1.19566143
  -2.58428864  -2.11374874  -3.98781839  -3.47027061  -3.84039086
   0.98561942  -3.47027061  -2.30258509  -4.30355164 -10.40792606
  -2.30258509  -3.47027061  -4.30473394  -4.31423003]
log likelihood =  -892.653507434
Edge derivatives =  [-0.15041853522769588, -0.0034603340412294585, -0.011351217979287703, -0.07440492146870015, 0.06821041552869164, 0.03030961486827273, 0.024154655341113707, 0.019716899448241315, 0.031796681200755086, -0.03494638378619136, 0.019716899448240982, -6.63686471957289e-16, -0.03185469735053112, -0.0021549790207740158, -6.752329557955016e-16, 0.019716899448242453, -0.03185907603302672, -0.03205173240548802]
other derivatives: [ 0.348291    0.16461854 -0.93376684  0.01734861 -0.22308768 -0.0029786 ]
Current x array =  [ -0.70812881  -0.88160342  -0.48932017   0.77041116  -1.2095679
  -9.38404519   0.13429567  -8.40750722  -2.34552806  -1.19666344
  -2.58905043  -2.12514517  -3.99570101  -3.47550712  -3.84332734
   0.98294799  -3.47550712  -2.30258509  -4.31038482 -10.4870291
  -2.30258509  -3.47550712  -4.31161817  -4.32165857]
log likelihood =  -892.651901008
Edge derivatives =  [-0.015847355193430945, -0.0036362698655496247, 0.0049418878689940215, -0.056959685503820134, 0.04983019250045115, -0.030226727358818636, 0.019723457085726297, 0.011330717818694686, 0.02804015962378628, -0.0032396154278795386, 0.011330717818694797, 7.987015740321547e-17, -0.03659960610038246, -0.002278377325396258, 1.2593347136630063e-16, 0.011330717818694963, -0.036625825218238366, -0.037249889264505]
other derivatives: [-0.02502247  0.02585239 -0.32939624 -0.03961986 -0.08801635 -0.00312639]
Current x array =  [ -0.70692386  -0.88074045  -0.49102574   0.77106228  -1.21332655
  -9.33307731   0.1324107   -8.35586745  -2.3525339   -1.19595539
  -2.58568562  -2.11709213  -3.99013092  -3.47180685  -3.84125234
   0.9848357   -3.47180685  -2.30258509  -4.3055563  -10.43113264
  -2.30258509  -3.47180685  -4.30675358  -4.31640935]
log likelihood =  -892.651358039
Edge derivatives =  [-0.020216503596358182, -0.003589519692946848, 0.009477003000337214, -0.0355891686020855, 0.06111803677531108, -0.0019266979760760444, 0.021548750095142986, 0.015837182654439008, 0.030654314523625034, 0.030964924758305368, 0.015837182654439813, -5.885254071711415e-17, -0.03276550628960304, -0.0022437614405875104, -7.374724911190586e-17, 0.015837182654439647, -0.032775524499645485, -0.03321932461231814]
other derivatives: [ -2.27373675e-05  -7.66249286e-03  -1.08957465e-01  -3.72892828e-02
  -6.59724719e-02  -3.08091330e-03]
Current x array =  [ -0.70695377  -0.88036268  -0.49173217   0.77042612  -1.21224916
  -9.3472502    0.13189532  -8.36958918  -2.35064885  -1.19811497
  -2.58739741  -2.12105832  -3.99226802  -3.47380535  -3.84235364
   0.98351393  -3.47380535  -2.30258509  -4.30930876 -10.44647619
  -2.30258509  -3.47380535  -4.31051744  -4.32033469]
log likelihood =  -892.650878749
Edge derivatives =  [-0.036746285778371135, -0.0035483933026734813, 0.013246687558910217, -0.015537769842384308, 0.06326685905253593, 0.025224569832046462, 0.020737028561904982, 0.018388299035500988, 0.029376663216283044, 0.03139063192882896, 0.018388299035501515, -8.020659562570047e-17, -0.029499920665356526, -0.0022144664298943215, -9.422418215300689e-17, 0.018388299035502015, -0.029507824488046022, -0.029896557363894367]
other derivatives: [ 0.05145466 -0.04475851  0.05874199 -0.00284217 -0.04295089 -0.00306954]
Current x array =  [ -0.70709616  -0.88001363  -0.49226031   0.76916184  -1.21277902
  -9.35921446   0.13208684  -8.38161227  -2.34979304  -1.19963725
  -2.58699793  -2.12487325  -3.99186328  -3.47491213  -3.8409002
   0.98364688  -3.47491213  -2.30258509  -4.31241712 -10.45954942
  -2.30258509  -3.47491213  -4.31362405  -4.32348209]
log likelihood =  -892.650366462
Edge derivatives =  [-0.048764677298050896, -0.003473406741514289, 0.01400354265144503, -0.0019376462038116493, 0.057525102699656244, 0.05360823254699294, 0.018236169585406428, 0.01966532153080075, 0.025329471416949217, -4.7396012990086334e-05, 0.019665321530801277, 2.427529546910978e-16, -0.026509644189035862, -0.0021645005473943, 2.3627460149394296e-16, 0.01966532153080161, -0.026520309175872985, -0.026907285942404525]
other derivatives: [ 0.06440359 -0.06309619  0.15558044  0.04393996 -0.01970193 -0.00298996]
Current x array =  [ -0.70713275  -0.87987877  -0.4925608    0.76782137  -1.21460471
  -9.37974826   0.1325655   -8.40303051  -2.34850932  -1.20058812
  -2.58479008  -2.12886981  -3.99017452  -3.47539938  -3.83743357
   0.98509584  -3.47539938  -2.30258509  -4.31519142 -10.48223055
  -2.30258509  -3.47539938  -4.31639249  -4.32624887]
log likelihood =  -892.649668848
Edge derivatives =  [-0.02710527710596855, -0.0033354621797154417, 0.010096869824317345, 0.007603901690708681, 0.0409550789783715, 0.08597053015485942, 0.014087051248807977, 0.01977698140442219, 0.018839781750626824, 0.025104507970423684, 0.019776981404422467, -3.7204412908929137e-16, -0.022683233825420687, -0.002075603286766134, -4.686593282480023e-16, 0.019776981404423744, -0.022694435518166967, -0.023069336177964958]
other derivatives: [ 0.04461072 -0.02096385  0.14852048  0.02976321  0.0614591  -0.00286491]
Current x array =  [ -0.70700725  -0.88033053  -0.49245473   0.76796926  -1.21773716
  -9.41748531   0.13289282  -8.44272464  -2.34525329  -1.20143303
  -2.58018155  -2.13342405  -3.98778205  -3.47533311  -3.83180936
   0.98642546  -3.47533311  -2.30258509  -4.31874961 -10.52399433
  -2.30258509  -3.47533311  -4.31994858  -4.32984098]
log likelihood =  -892.649934978
Edge derivatives =  [-0.057314047187276396, -0.002923524211696529, -0.01201519707370552, 0.010610235919624733, -0.008143480170410666, 0.11807604633547727, 0.010665439904966247, 0.014042935270812323, 0.011179736701853092, -0.32149854266534816, 0.014042935270812795, 1.4774825235462955e-16, -0.017025759080698425, -0.0018047573458442312, 1.3077091543193774e-16, 0.014042935270812767, -0.016960082140568485, -0.016686001746587686]
other derivatives: [-0.14805437 -0.30325964  0.09911219  0.02997922 -0.12247483 -0.00255795]
Current x array =  [ -0.70653522  -0.87829602  -0.49257518   0.76974193  -1.21783023
  -9.54387193   0.13311483  -8.57585347  -2.32869061  -1.20591233
  -2.56851438  -2.13925113  -3.99051753  -3.47247185  -3.82431511
   0.99376432  -3.47247185  -2.30258509  -4.32436832 -10.66388703
  -2.30258509  -3.47247185  -4.32564061  -4.33617989]
log likelihood =  -892.649210923
Edge derivatives =  [-0.040522184521047167, -0.0031463266588341097, 0.0004313791323653504, 0.009031582145434203, 0.01930262292486523, 0.1002290150472723, 0.01257744535340189, 0.017239601075390548, 0.015457175819118284, -0.12848899603349295, 0.017239601075390798, 1.1260305468190858e-22, -0.020173707975797556, -0.0019509741523748075, 1.1267179472027196e-22, 0.017239601075390742, -0.020150752957406773, -0.02023730724939082]
other derivatives: [-0.04071126 -0.14566695  0.12661303  0.02978595 -0.01981562 -0.00271712]
Current x array =  [ -0.7067982   -0.87942953  -0.49250807   0.7687543   -1.21777838
  -9.47345661   0.13299114  -8.50168179  -2.33791838  -1.20341672
  -2.57501465  -2.13600462  -3.98899348  -3.47406598  -3.82849047
   0.98967553  -3.47406598  -2.30258509  -4.3212379  -10.58594691
  -2.30258509  -3.47406598  -4.32246934  -4.33264822]
log likelihood =  -892.648520311
Edge derivatives =  [0.006199778007511592, -0.003022814703124202, -0.004662372102493345, 0.009000898105226973, -0.0011085491876591802, 0.10055677413327103, 0.009505903657447842, 0.015042134889194536, 0.010632958341187403, -0.09469022415327533, 0.015042134889194314, 1.0407237433914652e-16, -0.01710324377874114, -0.001872364332494886, 1.730439252672504e-16, 0.015042134889195424, -0.017072309585567293, -0.017077241870092026]
other derivatives: [-0.11447128  0.00650289  0.01790568 -0.01376748  0.02019078 -0.00262617]
Current x array =  [ -0.70649146  -0.88068401  -0.49213377   0.76983677  -1.21868811
  -9.51060613   0.13230982  -8.54081818  -2.33389644  -1.20426405
  -2.57049109  -2.13627882  -3.98788551  -3.47311726  -3.82423205
   0.98966462  -3.47311726  -2.30258509  -4.32421951 -10.62704322
  -2.30258509  -3.47311726  -4.32546031  -4.33575348]
log likelihood =  -892.647884091
Edge derivatives =  [0.07210602916903008, -0.00288877325064411, -0.010311905917280734, 0.01152972113072026, -0.02591155743631332, 0.078179316775092, 0.00716396024915749, 0.01087083012095405, 0.006959523132036904, -0.036107423710415754, 0.010870830120953967, -6.899488502198748e-17, -0.01380408506479194, -0.001786690337467367, -6.662223840235661e-17, 0.010870830120954383, -0.013755971125889145, -0.01355794443816551]
other derivatives: [-0.00472937  0.02121396 -0.15861588 -0.08429879  0.06195933 -0.00253522]
Current x array =  [ -0.70677096  -0.88081182  -0.49156491   0.77125671  -1.21834051
  -9.55304243   0.13080409  -8.58548253  -2.32868133  -1.205867
  -2.56564412  -2.1335721   -3.98787665  -3.4714013   -3.82064781
   0.98855077  -3.4714013   -2.30258509  -4.32753571 -10.67394595
  -2.30258509  -3.4714013   -4.3287976   -4.33930027]
log likelihood =  -892.647330872
Edge derivatives =  [0.04961941743809106, -0.002752522357187483, -0.019456933242983976, -0.00019874127641239525, -0.045143636789509084, 0.0474863048887126, 0.006055519532605136, 0.007224076511739758, 0.005170860844678313, -0.01449131927750874, 0.007224076511739508, 7.335306768818328e-16, -0.010360965696030195, -0.001696601527322583, 7.82975847816611e-16, 0.007224076511739064, -0.010283442437064676, -0.009803928717576182]
other derivatives: [-0.1196554   0.12275905 -0.18073933 -0.0961677   0.01587068 -0.00237605]
Current x array =  [ -0.70636682  -0.88153693  -0.49156741   0.77154383  -1.21574854
  -9.60006102   0.13043583  -8.63467807  -2.32249621  -1.20722326
  -2.56225141  -2.1299273   -3.98938852  -3.46994744  -3.81836279
   0.98658923  -3.46994744  -2.30258509  -4.33109398 -10.72582858
  -2.30258509  -3.46994744  -4.33238609  -4.34317693]
log likelihood =  -892.647001536
Edge derivatives =  [0.021526726639976457, -0.0025896852272778636, -0.03111207054294904, -0.010204527847907485, -0.0688141327892256, 0.00264122151954628, 0.0040216679735202085, 0.0018467565790258322, 0.0012545616416097527, 0.01636232822875705, 0.001846756579026193, 3.585719046119093e-16, -0.005994829066933237, -0.001588795471961868, 4.001298538807001e-16, 0.0018467565790263318, -0.005885816066318623, -0.005073797099791742]
other derivatives: [  3.60762442e-01   8.57994564e-02   4.38944880e-02  -7.56244845e-02
  -2.95585778e-04  -2.27373675e-03]
Current x array =  [ -0.7078301   -0.88104562  -0.49227567   0.77030542  -1.213738
  -9.65956094   0.13006856  -8.6971232   -2.31574756  -1.20872408
  -2.55811669  -2.12443081  -3.99018143  -3.46772005  -3.81434217
   0.98490457  -3.46772005  -2.30258509  -4.33550696 -10.79153875
  -2.30258509  -3.46772005  -4.33682857  -4.34791095]
log likelihood =  -892.64660877
Edge derivatives =  [-0.006426147764219015, -0.0025761783480318, -0.027935480188598705, -0.00414710814945618, -0.058975892057687634, 0.006647461248637326, 0.005434711300032785, 0.004038555549328249, 0.0037652189505172837, 0.029023419102996773, 0.004038555549328304, 1.1476142704348645e-16, -0.003968162893191164, -0.0015781220966483104, 1.3339852923356126e-16, 0.004038555549328637, -0.003851898580759173, -0.0029292993677985865]
other derivatives: [ 0.05646825  0.02720526 -0.02164597 -0.04108642 -0.02337401 -0.00227374]
Current x array =  [ -0.70689403  -0.88053737  -0.49216843   0.76921058  -1.21216018
  -9.66593348   0.12995541  -8.70307139  -2.31489724  -1.20979223
  -2.56016515  -2.1250607   -3.99188372  -3.46877222  -3.81565122
   0.98327591  -3.46877222  -2.30258509  -4.33761206 -10.79835801
  -2.30258509  -3.46877222  -4.33894178  -4.35012892]
log likelihood =  -892.646500707
Edge derivatives =  [-0.020495621966860944, -0.0025644667262926944, -0.025493260078057828, 0.0016411940152601945, -0.052557806306748805, 0.012538835461760142, 0.0057294957040448305, 0.005410601149568983, 0.004189727892551419, 0.029133295505842594, 0.005410601149568928, -6.539576565267461e-17, -0.002510374835574227, -0.0015694920339996592, -7.750453966784131e-17, 0.005410601149569039, -0.002393346444042807, -0.001435099673595456]
other derivatives: [-0.01480203 -0.01319904  0.00950422 -0.00422915 -0.02412435 -0.00226237]
Current x array =  [ -0.70668144  -0.88017642  -0.49230146   0.76803355  -1.21194863
  -9.67098693   0.12996714  -8.70798911  -2.31478838  -1.21033339
  -2.56135889  -2.1258532   -3.99223606  -3.46939498  -3.81565484
   0.98286002  -3.46939498  -2.30258509  -4.3390589  -10.80382783
  -2.30258509  -3.46939498  -4.34038858  -4.35160199]
log likelihood =  -892.646403857
Edge derivatives =  [-0.01675508030889017, -0.002541219003986389, -0.023542092109801405, 0.006629537815686759, -0.04805109457418322, 0.01245160253088784, 0.005538634306563157, 0.005673485893493396, 0.003630292237475359, 0.02178355323864334, 0.0056734858934930354, -4.015571548520517e-16, -0.0010060632762529456, -0.0015541600624259006, -4.2166019540900855e-16, 0.005673485893492841, -0.0008894345418897741, 9.433571585715575e-05]
other derivatives: [-0.02339675 -0.02701199  0.01825811  0.02785328 -0.02137313 -0.00218279]
Current x array =  [ -0.70666183  -0.8800272   -0.4923526    0.76702784  -1.21206909
  -9.67991881   0.12972868  -8.7171304   -2.31456407  -1.21077069
  -2.56229242  -2.12576502  -3.99219862  -3.46952998  -3.81494528
   0.98284687  -3.46952998  -2.30258509  -4.34053632 -10.81361388
  -2.30258509  -3.46952998  -4.34186536  -4.35309741]
log likelihood =  -892.646199976
Edge derivatives =  [0.01939772210043733, -0.002474082558243149, -0.019300252062888684, 0.018011214175337353, -0.034361981417417864, 0.008227926808214547, 0.0046546423719587005, 0.005044387425459762, 0.001918778234450337, 0.017198233268358232, 0.005044387425459318, 2.0439688390265923e-16, 0.002532613811191981, -0.0015111360267179798, 1.9044312269298824e-16, 0.00504438742546004, 0.0026507108943452755, 0.003653236687408374]
other derivatives: [-0.08825509 -0.03764171  0.20520474  0.0369937   0.01433591 -0.00216005]
Current x array =  [ -0.70643696  -0.87994666  -0.4929131    0.76650668  -1.2130763
  -9.70542683   0.1290341   -8.74349493  -2.31421094  -1.21153982
  -2.56536223  -2.12482356  -3.99185595  -3.4692701   -3.81272519
   0.98347894  -3.4692701   -2.30258509  -4.34400564 -10.84160932
  -2.30258509  -3.4692701   -4.34533186  -4.35659192]
log likelihood =  -892.645954735
Edge derivatives =  [0.036905493680813084, -0.0023946115542781594, -0.016265628962944978, 0.02824646380848328, -0.015641426605662617, -0.005840056293980891, 0.004329202808113837, 0.003457300043177375, 0.00013672204315445802, -0.02234273648184193, 0.0034573000431774026, 5.4105459445372945e-16, 0.00644520638442498, -0.001460243496320765, 5.211407915078595e-16, 0.003457300043177902, 0.006558713329859897, 0.007616932229578054]
other derivatives: [-0.02864908 -0.0452701   0.03017249  0.07679546 -0.00101181 -0.00208047]
Current x array =  [ -0.70666109  -0.87985112  -0.49240489   0.76560308  -1.21338129
  -9.73662933   0.12862514  -8.77575774  -2.31379794  -1.21223368
  -2.57001246  -2.12226198  -3.99195836  -3.46865906  -3.8106064
   0.98416849  -3.46865906  -2.30258509  -4.34791867 -10.87583946
  -2.30258509  -3.46865906  -4.34924418  -4.36055377]
log likelihood =  -892.645786441
Edge derivatives =  [0.03970418093109107, -0.002349789265840158, -0.017941392079181967, 0.027982883693196126, -0.008326973102702306, -0.011812453467507228, 0.003743963747414647, 0.001718323105758729, -0.001263659248934547, -0.03465191887313318, 0.0017183231057585624, 9.662947488054612e-17, 0.007748243083768803, -0.001432024476231981, 9.564373614674578e-17, 0.0017183231057582848, 0.007861140409555593, 0.008913847248049545]
other derivatives: [ 0.00119371 -0.00849241  0.02027036  0.04754384 -0.00142109 -0.0020691 ]
Current x array =  [ -0.70674738  -0.88020532  -0.49233056   0.76671312  -1.21396306
  -9.75434329   0.12894786  -8.7943414   -2.31345405  -1.21204919
  -2.57198784  -2.12106716  -3.99178585  -3.46789019  -3.80919352
   0.98501719  -3.46789019  -2.30258509  -4.34921976 -10.89534475
  -2.30258509  -3.46789019  -4.35054494  -4.36186518]
log likelihood =  -892.64559868
Edge derivatives =  [0.0006145629601839175, -0.0022672953398962283, -0.02470895075153054, 0.018514270101893104, 0.002975183837372608, -0.016769774156079276, 0.0021773124081248957, -0.0011821391789223756, -0.003975006486093544, 0.002342418697596993, -0.0011821391789224034, -4.2523926022049364e-16, 0.009961328295590502, -0.0013794233606211554, -4.069946590394571e-16, -0.0011821391789222369, 0.01006984044299699, 0.011095312509039675]
other derivatives: [ 0.0508976  -0.02509069 -0.01289209 -0.01581384  0.0232717  -0.00201226]
Current x array =  [ -0.70688471  -0.88023982  -0.49210179   0.76876615  -1.21515691
  -9.78832136   0.13057553  -8.82999468  -2.31306531  -1.21095082
  -2.57510071  -2.11977396  -3.99128009  -3.46659704  -3.80642749
   0.98543635  -3.46659704  -2.30258509  -4.35143611 -10.93275696
  -2.30258509  -3.46659704  -4.35275788  -4.36407321]
log likelihood =  -892.645550219
Edge derivatives =  [-0.018029644800668265, -0.002264605570735281, -0.02569936991388705, 0.009153979195158923, 0.010505355088728768, -0.007177413222547432, 0.002199295324078497, -0.0007625340988353102, -0.003991793456187616, -0.005697292371529994, -0.0007625340988354212, -7.841127451240841e-16, 0.009725331623473076, -0.0013776833329404603, -6.929641734942093e-16, -0.00076253409883556, 0.009826031541160352, 0.010775472579505264]
other derivatives: [ 0.03602736  0.07074732 -0.00926548 -0.01592753  0.00387672 -0.00198952]
Current x array =  [ -0.70683649  -0.8809949   -0.49210103   0.76912007  -1.21503243
  -9.78953491   0.13113851  -8.83119924  -2.31457704  -1.20982854
  -2.57665967  -2.12089511  -3.99115085  -3.46675078  -3.80654536
   0.98559973  -3.46675078  -2.30258509  -4.35120164 -10.93402397
  -2.30258509  -3.46675078  -4.35251558  -4.36376426]
log likelihood =  -892.645486653
Edge derivatives =  [-0.024240635086688722, -0.0022451847607687387, -0.028145401842800177, -0.001169047064621842, 0.008168060546270506, -0.008997944221660448, 0.0013427060479237682, -0.0017545216978915312, -0.00500112522215828, -0.008546467336465469, -0.0017545216978918365, -3.218480490985275e-16, 0.009724469561338586, -0.001365308449933232, -3.5944984119213817e-16, -0.0017545216978917255, 0.009822584518468163, 0.010747055261156647]
other derivatives: [ 0.02261231  0.0450882   0.00954969 -0.01850822 -0.0026148  -0.00195541]
Current x array =  [ -0.7068047   -0.8808066   -0.49215922   0.76922924  -1.21494     -9.79771589
   0.13127694  -8.83989978  -2.31484973  -1.20908351  -2.57622696
  -2.12073153  -3.99077184  -3.46632123  -3.80573383   0.985632
  -3.46632123  -2.30258509  -4.35121014 -10.94305615  -2.30258509
  -3.46632123  -4.3525211   -4.36374274]
log likelihood =  -892.64528513
Edge derivatives =  [-0.020941267521446205, -0.002179798662536784, -0.03275993389309417, -0.03968838282318998, 0.006543502103206339, -0.0008132197536945551, -0.0018120866363658533, -0.004180693145557551, -0.008478855726354477, -0.0011733644596651494, -0.004180693145557579, 1.623778976489738e-17, 0.009297257715299753, -0.0013243273895500003, -3.022623378508396e-18, -0.0041806931455582175, 0.00937125427426391, 0.010096724597136161]
other derivatives: [-0.03094556 -0.04346248  0.01556373 -0.01732587 -0.00482032 -0.00195541]
Current x array =  [ -0.70667945  -0.88013633  -0.49217621   0.76915342  -1.21491491
  -9.82541938   0.13130949  -8.86927806  -2.3186304   -1.20556759
  -2.57578063  -2.12204396  -3.98897829  -3.46526599  -3.80303995
   0.98541979  -3.46526599  -2.30258509  -4.35078811 -10.97354038
  -2.30258509  -3.46526599  -4.35207454  -4.36308362]
log likelihood =  -892.645155864
Edge derivatives =  [-0.012502512480651484, -0.0021204419944457873, -0.03164954753259849, -0.055111126241561115, 0.007669777428634533, 0.00198830669733939, -0.0038936924590020905, -0.006138378980122372, -0.011068542933597512, 0.003637239837119055, -0.006138378980121761, -2.920663563962034e-16, 0.009374413610761918, -0.0012869925447586055, -2.3167993744692915e-16, -0.006138378980121595, 0.009429442766319546, 0.01000390523021306]
other derivatives: [-0.01375611 -0.05621814  0.04383764 -0.00346745 -0.00611635 -0.0018531 ]
Current x array =  [ -0.70675347  -0.8800035   -0.49226745   0.7687003   -1.21476805
  -9.85143798   0.13112305  -8.89673079  -2.32202162  -1.20374579
  -2.57595078  -2.12250289  -3.98777389  -3.46444206  -3.80095174
   0.9851559   -3.46444206  -2.30258509  -4.35086463 -11.00213194
  -2.30258509  -3.46444206  -4.35213159  -4.36297796]
log likelihood =  -892.645570278
Edge derivatives =  [0.05940326439058585, -0.001908629127216313, -0.015272280421128909, -0.0689816824411843, 0.005833823120454218, 0.0038847857929844992, -0.011788225240228004, -0.014549739033213577, -0.02100454599696478, -0.006779858809263628, -0.014549739033213688, -5.213286595866423e-16, 0.009438903800697163, -0.001151045930657664, -5.706930248900242e-16, -0.014549739033214493, 0.00942126244979324, 0.009395302502752518]
other derivatives: [-0.63771495 -0.05201173 -0.27532678  0.01383569 -0.00603677 -0.0017053 ]
Current x array =  [ -0.70489502  -0.88014783  -0.49134677   0.76854723  -1.21544439
  -9.95294113   0.13007283  -9.          -2.33454769  -1.19985762
  -2.5753622   -2.12283605  -3.98317594  -3.46097617  -3.79276846
   0.98519321  -3.46097617  -2.30258509  -4.35091534 -11.11375789
  -2.30258509  -3.46097617  -4.35211304  -4.36237116]
log likelihood =  -892.645064523
Edge derivatives =  [0.008896846435426986, -0.002054992039065658, -0.02670931714607605, -0.05918073530267609, 0.007125338226478456, 0.0025518440940860004, -0.006242180347890425, -0.008642401042249365, -0.014017254278546755, 0.0005371840233778236, -0.00864240104224967, 7.255011990905291e-21, 0.009393544075160742, -0.0012448899822845906, 6.292896945410629e-21, -0.008642401042250752, 0.009426920793385665, 0.009822540138979194]
other derivatives: [-0.1993044  -0.05492211 -0.05115908  0.0016712  -0.00607088 -0.00180762]
Current x array =  [ -0.70619977  -0.8800465   -0.49199315   0.76865469  -1.21496956
  -9.88167977   0.13081015  -8.92749876  -2.32575363  -1.20258735
  -2.57577542  -2.12260215  -3.98640398  -3.46340944  -3.79851362
   0.98516701  -3.46340944  -2.30258509  -4.35087974 -11.03538971
  -2.30258509  -3.46340944  -4.35212606  -4.36279717]
log likelihood =  -892.644842875
Edge derivatives =  [0.029630283008133973, -0.0019580691936636687, -0.018875281833625135, -0.06334278966331142, 0.006717567513297884, 0.004529411668930339, -0.009380905953337744, -0.012159329020702409, -0.018270415524100726, 0.014838435261088023, -0.012159329020702436, 7.53462809540779e-17, 0.009101311332272523, -0.0011833309377061575, -1.7969593025546332e-17, -0.012159329020703352, 0.009100846437409316, 0.00922268049622401]
other derivatives: [-0.07672725 -0.01808758 -0.01642775  0.02086153 -0.00156888 -0.00171667]
Current x array =  [ -0.70659899  -0.88025128  -0.49209453   0.7679947   -1.21475809
  -9.92781685   0.1304135   -8.97543262  -2.33230325  -1.20076731
  -2.57548396  -2.12297413  -3.98444712  -3.4619575   -3.7951612
   0.98468747  -3.4619575   -2.30258509  -4.35057496 -11.08608843
  -2.30258509  -3.4619575   -4.35178722  -4.36216602]
log likelihood =  -892.644693453
Edge derivatives =  [0.034971958965598904, -0.001910103244700936, -0.0078014097006793015, -0.04463441755734887, 0.00580776860872223, 0.0032420292714683413, -0.011428044493688817, -0.015003026050803281, -0.021271018046396306, 0.01682159334013905, -0.01500302605080353, -6.756502191710787e-17, 0.008641371396097036, -0.0011344185272679705, -6.60292847017697e-17, -0.01500302605080403, 0.00861468790665687, 0.008514948349548433]
other derivatives: [ 0.00701448  0.02024763 -0.00593445  0.02415845 -0.00175078 -0.0017053 ]
Current x array =  [ -0.70687143  -0.88051494  -0.49211497   0.7679779   -1.21472755
  -9.96622328   0.1304598   -9.          -2.33781398  -1.20066666
  -2.57513311  -2.12280149  -3.9830955   -3.46081364  -3.79274231
   0.98467788  -3.46081364  -2.30258509  -4.35010556 -11.12829496
  -2.30258509  -3.46081364  -4.3512917   -4.36144094]
log likelihood =  -892.644577737
Edge derivatives =  [0.021607161719469636, -0.0019101894270836736, 0.002729155100784003, -0.013999931136904564, 0.0025592443295855694, 0.0037506846326676724, -0.011774319352653953, -0.015744343147081785, -0.021840308486502993, 0.010552121626496158, -0.015744343147081702, 3.340824683233916e-16, 0.007480205954986118, -0.001115182204590769, 3.7230922102674953e-16, -0.01574434314708259, 0.007439706194181089, 0.007206785947229809]
other derivatives: [ 0.04267804  0.03311698 -0.00870841  0.01310809 -0.00613909 -0.00163709]
Current x array =  [ -0.70698909  -0.88062592  -0.49209428   0.76847794  -1.21477484
  -9.98180468   0.13093516  -9.          -2.34130168  -1.20182406
  -2.57421161  -2.12289044  -3.98264734  -3.46056173  -3.79232956
   0.9849683   -3.46056173  -2.30258509  -4.34893859 -11.14540468
  -2.30258509  -3.46056173  -4.35011115  -4.36012732]
log likelihood =  -892.644551972
Edge derivatives =  [0.006245833917948973, -0.0019104734215026323, 0.012093705592164189, 0.012602515154619187, 0.005693510092945747, 0.006644004090115327, -0.011027509239579472, -0.014443979690964726, -0.020556425812716085, 0.009818082703129005, -0.01444397969096467, -2.8675991516383045e-16, 0.00653115388203666, -0.001103904839539018, -2.4765050591711085e-16, -0.014443979690964254, 0.006484749187512958, 0.006138061447527099]
other derivatives: [-0.05078391  0.02044089  0.19723529 -0.00728733  0.00893579 -0.00160298]
Current x array =  [ -0.70668352  -0.88058314  -0.49269216   0.76911869  -1.21532359
  -9.99110529   0.13153485  -9.          -2.34419866  -1.20280893
  -2.57463513  -2.12321939  -3.98280971  -3.4611404   -3.7930675
   0.98552923  -3.4611404   -2.30258509  -4.34795141 -11.15554373
  -2.30258509  -3.4611404   -4.34911339  -4.35902699]
log likelihood =  -892.644481316
Edge derivatives =  [-0.0026610248797195313, -0.0019103917111067186, 0.012283981837647312, 0.01750172014233209, 0.0033648345992488005, 0.005670157248862856, -0.010951644613923193, -0.0145853738320596, -0.0206955752326586, 0.0009193237557575951, -0.0145853738320596, -6.107603329331465e-16, 0.006282525264705102, -0.0011011045448389555, -5.715049394920078e-16, -0.014585373832061016, 0.006232783307612705, 0.005885174384717463]
other derivatives: [-0.00742375 -0.00035243  0.03796004 -0.01002718 -0.00234195 -0.00161435]
Current x array =  [ -0.70684022  -0.88044048  -0.49220546   0.76937801  -1.21534205
  -9.99341684   0.13181834  -9.          -2.34426295  -1.20305294
  -2.57420248  -2.12303751  -3.98282517  -3.46110633  -3.79306558
   0.98570631  -3.46110633  -2.30258509  -4.34771716 -11.15810099
  -2.30258509  -3.46110633  -4.34887921  -4.35878869]
log likelihood =  -892.644454843
Edge derivatives =  [-0.00841403669095675, -0.0019104307782487483, 0.010772133394453848, 0.015437407359602195, 0.003943500809562461, 0.005904087334720101, -0.010429779373981783, -0.01383893553166135, -0.020049555317700196, -0.0023963370688845353, -0.013838935531660851, 0.0, 0.006229218382825072, -0.0011044546230656383, 0.0, -0.013838935531661045, 0.006181171653170774, 0.005853981299988112]
other derivatives: [-0.00308091 -0.01388116 -0.00165983 -0.01087983 -0.00493401 -0.00159162]
Current x array =  [ -0.70686017  -0.88035013  -0.49208081   0.76946536  -1.21544065
  -9.99066559   0.13198694  -9.          -2.34376977  -1.20298654
  -2.57437504  -2.12301903  -3.98311418  -3.46142235  -3.79358078
   0.98582893  -3.46142235  -2.30258509  -4.34766349 -11.15506402
  -2.30258509  -3.46142235  -4.34882803  -4.35875801]
log likelihood =  -892.644385002
Edge derivatives =  [-0.026647462943165556, -0.0019105993208282913, 0.006634941913109232, 0.010314644641077342, 0.007527050729427304, 0.0072675070710301465, -0.008093813386138848, -0.010442407997450498, -0.017061111313653794, -0.01063002720929107, -0.010442407997449554, 6.763835530857155e-17, 0.005897990411681129, -0.0011172033251062906, 5.596487438099196e-17, -0.010442407997450054, 0.005857077418675673, 0.005592793591931072]
other derivatives: [ 0.0026148  -0.0405862  -0.05785523 -0.01293756 -0.00767386 -0.00162572]
Current x array =  [ -0.70688831  -0.88018868  -0.49189124   0.7696886   -1.21587055
  -9.98028622   0.13254     -9.          -2.34232765  -1.20282683
  -2.57525337  -2.12301704  -3.98435783  -3.46285738  -3.79589895
   0.98626668  -3.46285738  -2.30258509  -4.34731544 -11.14357588
  -2.30258509  -3.46285738  -4.34848816  -4.35848411]
log likelihood =  -892.6443149
Edge derivatives =  [-0.031843861530836626, -0.0019104347576439406, 0.005432515381447928, 0.009877771421830217, 0.010832444063884228, 0.008398458214273347, -0.005481141794587474, -0.006678478507982727, -0.01373834075705984, -0.013103734143852408, -0.006678478507982255, -2.1933494828481403e-16, 0.005187622242724135, -0.0011253699856860822, -2.1712672555412675e-16, -0.006678478507982866, 0.005151019594799196, 0.0049114045499696335]
other derivatives: [ 0.01114131 -0.01921308 -0.07414656 -0.01207354 -0.0031946  -0.00163709]
Current x array =  [ -0.70691204  -0.88037997  -0.4918207    0.76976468  -1.21632475
  -9.9737393    0.13281629  -9.          -2.34187876  -1.20276213
  -2.57597425  -2.12299911  -3.98565731  -3.46445923  -3.79848999
   0.98659562  -3.46445923  -2.30258509  -4.3465728  -11.13626817
  -2.30258509  -3.46445923  -4.3477501   -4.35777645]
log likelihood =  -892.644222531
Edge derivatives =  [-0.00294718145609163, -0.0019100112257567279, 0.0069509541891169535, 0.00944668882343902, 0.01213712020043578, 0.004261396462848191, -0.0007037793877927231, 0.00011574709110481751, -0.007086795376583098, -0.008777866739741236, 0.00011574709110481751, -5.19794926960994e-16, 0.0031839849712268845, -0.0011330734003141766, -5.496967679112929e-16, 0.00011574709110537262, 0.0031528559731101337, 0.002939420230743048]
other derivatives: [ 0.06589289 -0.07257768 -0.02825118 -0.00221689  0.01699618 -0.00169393]
Current x array =  [ -0.7070893   -0.87992968  -0.49196101   0.76918017  -1.21651419
  -9.96774009   0.13210354  -9.          -2.34228596  -1.2026872
  -2.57618819  -2.12244073  -3.98809074  -3.46741592  -3.80365138
   0.98654608  -3.46741592  -2.30258509  -4.34453415 -11.12942363
  -2.30258509  -3.46741592  -4.34571618  -4.35575833]
log likelihood =  -892.644164895
Edge derivatives =  [0.00394101450467077, -0.001909860574628409, 0.008175457091224886, 0.006624710699192904, 0.008213974697658472, -0.00043057792546979945, 0.0008012580599173966, 0.002066498395979832, -0.005067987544764653, -0.014975215018677823, 0.0020664983959801098, -1.9593286909542167e-22, 0.002039526286409094, -0.0011292034157312496, -2.570754065896089e-22, 0.002066498395980193, 0.0020076353879256784, 0.0017711371685646127]
other derivatives: [ 0.03359446  0.03620926 -0.03958576  0.01552962 -0.00060254 -0.00165983]
Current x array =  [ -0.70698073  -0.88072781  -0.49195258   0.76878453  -1.2159528
  -9.97094981   0.13179049  -9.          -2.34294895  -1.20248622
  -2.57529806  -2.12192739  -3.98883675  -3.46829089  -3.80544593
   0.98623269  -3.46829089  -2.30258509  -4.34339685 -11.13285535
  -2.30258509  -3.46829089  -4.34457854  -4.3546024 ]
log likelihood =  -892.644141639
Edge derivatives =  [0.007184947039579281, -0.0019099096445415096, 0.011373844800010899, 0.012428358130569972, 0.005501990540164342, -0.002027377409025019, 0.00026457120862601047, 0.0012618613021988523, -0.005524504279654355, -0.008030804189772478, 0.0012618613021987135, 4.54659027422705e-16, 0.0016613543705965884, -0.001120413544598853, 4.713408467728432e-16, 0.0012618613021992686, 0.0016248299482916895, 0.001341160305604796]
other derivatives: [ 0.013722    0.02240768 -0.01188027  0.01076614  0.00178488 -0.00159162]
Current x array =  [ -0.70691837  -0.8806118   -0.49204223   0.76884003  -1.21571998
  -9.97807926   0.13166559  -9.          -2.34417978  -1.20266512
  -2.5746486   -2.12182868  -3.98852157  -3.46797444  -3.80508053
   0.98597679  -3.46797444  -2.30258509  -4.34303201 -11.1406843
  -2.30258509  -3.46797444  -4.34420857  -4.35418328]
log likelihood =  -892.644121695
Edge derivatives =  [0.0078024929071836, -0.0019101773827574931, 0.011944158041047231, 0.010145893151068064, -1.8517483350799502e-05, -0.005792459591112437, -0.0003610346532748679, 0.00024167073233533065, -0.005963126778402016, 0.004323528451171954, 0.00024167073233549718, 2.935939571899433e-16, 0.0011852660282917482, -0.0011115771172900929, 2.920351949566498e-16, 0.00024167073233602454, 0.0011461760794995723, 0.0008349475298495175]
other derivatives: [ 0.0174623   0.00785576  0.0199293   0.00476348 -0.00014779 -0.00162572]
Current x array =  [ -0.70692873  -0.88047715  -0.49214783   0.768882    -1.21518725
  -9.98531684   0.13150501  -9.          -2.34486465  -1.2024967
  -2.57345489  -2.12153481  -3.98822563  -3.46756294  -3.8048228
   0.98544908  -3.46756294  -2.30258509  -4.3425858  -11.14863239
  -2.30258509  -3.46756294  -4.34375946  -4.35370205]
log likelihood =  -892.644119769
Edge derivatives =  [0.003473803690993593, -0.0019102763492499354, 0.011873615632431958, 0.007110109336003978, -0.003399224786114402, -0.0076555460792165075, 8.561809834603529e-05, 0.0008213923487625507, -0.004955390456064801, 0.005852168162575722, 0.0008213923487623287, 1.2442383550776335e-16, 0.00043596363131565355, -0.0011071182535289572, 9.029153437583918e-17, 0.0008213923487630226, 0.000396214205251183, 6.834790311902386e-05]
other derivatives: [-0.07901235 -0.01607532 -0.00221689  0.00064801 -0.00538876 -0.00161435]
Current x array =  [ -0.70663622  -0.88031305  -0.49209136   0.76902282  -1.21497242
  -9.98904711   0.13155553  -9.          -2.34520949  -1.20229061
  -2.57272322  -2.12140443  -3.9884753   -3.46782716  -3.80569655
   0.98526253  -3.46782716  -2.30258509  -4.3418549  -11.15267334
  -2.30258509  -3.46782716  -4.34302813  -4.35295636]
  status: 0
 success: True
    nfev: 109
     fun: 892.6441197687323
       x: array([ -0.70663622,  -0.88031305,  -0.49209136,   0.76902282,
        -1.21497242,  -9.98904711,   0.13155553,  -9.        ,
        -2.34520949,  -1.20229061,  -2.57272322,  -2.12140443,
        -3.9884753 ,  -3.46782716,  -3.80569655,   0.98526253,
        -3.46782716,  -2.30258509,  -4.3418549 , -11.15267334,
        -2.30258509,  -3.46782716,  -4.34302813,  -4.35295636])
 message: 'CONVERGENCE: REL_REDUCTION_OF_F_<=_FACTR*EPSMCH'
     jac: array([  7.90123522e-02,   1.60753189e-02,   2.21689334e-03,
        -6.48014975e-04,   5.38875611e-03,   1.61435310e-03,
        -3.47380369e-03,   1.91027635e-03,  -1.18736156e-02,
        -7.11010934e-03,   3.39922479e-03,   7.65554608e-03,
        -8.56180983e-05,  -8.21392349e-04,   4.95539046e-03,
        -5.85216816e-03,  -8.21392349e-04,  -1.24423836e-16,
        -4.35963631e-04,   1.10711825e-03,  -9.02915344e-17,
        -8.21392349e-04,  -3.96214205e-04,  -6.83479031e-05])
     nit: 101
