number of sites to be analyzed:  71
Successfully loaded parameter value from ./save/MG94_ENSG00000213676_ENSG00000118217_nonclock_save.txt
log likelihood =  -811.317254034
Edge derivatives =  [0.0002611827365066599, -0.005035516683044457, 0.0007455164024353783, -0.002350582671201973, 0.00012402608708039255, 0.001571577524185394, -0.00017097890058554056, -0.0004730213636381167, 0.0011424473654181103, -0.0007247323122192145, -0.0004730213636383457, -1.7027884778946513e-16, -0.00010608076713408183, 0.005028785693957191, -1.8508066824048763e-16, -0.0004730213636381965, 0.0006250494032555842, 0.0015516661327958196]
other derivatives: [ 0.00180762  0.00012506  0.00031832 -0.00023874  0.00218279 -0.00035243]
Current x array =  [ -5.80456309e-01  -6.01056201e-01  -7.11411185e-01   5.86528846e-01
  -1.58048567e+00  -1.12937081e+01  -7.20415850e-03  -9.00000000e+00
  -3.01702155e+00  -2.35786681e+00  -5.30262104e+00  -3.47715674e+00
  -1.34318485e+01  -4.94338321e+00  -4.94664786e+00  -4.25089732e+00
  -4.94338321e+00  -2.30258509e+00  -1.40734472e+01  -3.55326998e+00
  -2.30258509e+00  -4.94338321e+00  -4.24882868e+00  -4.94895808e+00]
log likelihood =  -811.318119857
Edge derivatives =  [-0.06318149393168171, -0.00503809445869913, 0.002742658166155848, 0.013778056267828243, -0.0005660314194605824, -0.006079307346088067, -0.00017094806725539592, -0.0003158163913879637, -0.000309144531602433, 9.891161955061234e-05, -0.0003158163913874572, 7.475687892265098e-16, -0.0001060992615155738, -0.016239525640493496, 7.623589023397709e-16, -0.00031581639138815107, -0.0012451168406565558, -0.00030006271836143655]
other derivatives: [ -8.12781309e-01  -3.14344106e-02  -2.60797606e-02   1.03682396e-02
  -7.23275662e-02  -3.86535248e-04]
Current x array =  [ -5.78648688e-01  -6.00931145e-01  -7.11092862e-01   5.86290104e-01
  -1.57830288e+00  -1.12940605e+01  -6.94297576e-03  -9.00000000e+00
  -3.01627604e+00  -2.36021739e+00  -5.30249701e+00  -3.47558516e+00
  -1.34320195e+01  -4.94385623e+00  -4.94550541e+00  -4.25162205e+00
  -4.94385623e+00  -2.30258509e+00  -1.40735533e+01  -3.54824120e+00
  -2.30258509e+00  -4.94385623e+00  -4.24820363e+00  -4.94740641e+00]
log likelihood =  -811.317253414
Edge derivatives =  [-0.0013944893860733387, -0.005035584009943384, 0.0007974675912719581, -0.0019294857342748162, 0.00010602040170539992, 0.001372202362518976, -0.00017097809986164902, -0.00046893595368338245, 0.0011046079280423692, -0.0007032788836394133, -0.00046893595368356633, -3.294477094109327e-16, -0.00010608125152105393, 0.004475555383739435, -2.702624091575964e-16, -0.0004689359536835941, 0.0005762759970863174, 0.0015034092371986052]
other derivatives: [ -1.93381311e-02  -6.70752343e-04  -3.63797881e-04   4.54747351e-05
   2.50111043e-04  -3.52429197e-04]
Current x array =  [ -5.80409172e-01  -6.01052940e-01  -7.11402884e-01   5.86522621e-01
  -1.58042875e+00  -1.12937173e+01  -7.19734781e-03  -9.00000000e+00
  -3.01700211e+00  -2.35792811e+00  -5.30261780e+00  -3.47711576e+00
  -1.34318529e+01  -4.94339555e+00  -4.94661807e+00  -4.25091622e+00
  -4.94339555e+00  -2.30258509e+00  -1.40734499e+01  -3.55313885e+00
  -2.30258509e+00  -4.94339555e+00  -4.24881238e+00  -4.94891761e+00]
  status: 0
 success: True
    nfev: 3
     fun: 811.3172534138877
       x: array([ -5.80409172e-01,  -6.01052940e-01,  -7.11402884e-01,
         5.86522621e-01,  -1.58042875e+00,  -1.12937173e+01,
        -7.19734781e-03,  -9.00000000e+00,  -3.01700211e+00,
        -2.35792811e+00,  -5.30261780e+00,  -3.47711576e+00,
        -1.34318529e+01,  -4.94339555e+00,  -4.94661807e+00,
        -4.25091622e+00,  -4.94339555e+00,  -2.30258509e+00,
        -1.40734499e+01,  -3.55313885e+00,  -2.30258509e+00,
        -4.94339555e+00,  -4.24881238e+00,  -4.94891761e+00])
 message: 'CONVERGENCE: REL_REDUCTION_OF_F_<=_FACTR*EPSMCH'
     jac: array([  1.93381311e-02,   6.70752343e-04,   3.63797881e-04,
        -4.54747351e-05,  -2.50111043e-04,   3.52429197e-04,
         1.39448939e-03,   5.03558401e-03,  -7.97467591e-04,
         1.92948573e-03,  -1.06020402e-04,  -1.37220236e-03,
         1.70978100e-04,   4.68935954e-04,  -1.10460793e-03,
         7.03278884e-04,   4.68935954e-04,   3.29447709e-16,
         1.06081252e-04,  -4.47555538e-03,   2.70262409e-16,
         4.68935954e-04,  -5.76275997e-04,  -1.50340924e-03])
     nit: 1
