number of sites to be analyzed:  119
Successfully loaded parameter value from ./save/MG94_ENSG00000120727_ENSG00000124374_nonclock_save.txt
log likelihood =  -1150.70220252
Edge derivatives =  [-0.009646836141686044, -0.0005600553871969688, 0.004312694940611546, 0.01839281353431188, 0.001297971780106974, 0.002888069451105285, -5.170728431298508e-06, -4.980861550854794e-06, -5.219887372449622e-06, -0.005590622333963322, -4.980861550854793e-06, -6.772360450213461e-16, -5.221650077892459e-06, -0.0001278490624499612, -6.772360450213459e-16, -4.980861550854793e-06, -0.0049972304285335785, -5.220658685642132e-06]
other derivatives: [ 0.07867129 -0.02942215  0.00406999  0.00104592 -0.00729869  0.        ]
Current x array =  [ -0.53405212  -0.56257854  -0.8530062    0.50369174  -1.71433553
 -15.10374119  -0.34381379  -9.          -3.50895659  -2.53766388
  -3.73050549  -3.07224757 -17.56199183 -17.59940253 -17.55252958
  -4.69112896 -17.59940253  -2.30258509 -17.55219195  -4.28471652
  -2.30258509 -17.59940253  -4.687808   -17.55238184]
log likelihood =  -1153.52000199
Edge derivatives =  [0.6814103237527042, -0.0007429426918225859, -0.15636671680740666, -0.1910788246533812, -0.004112230557059629, -0.09586800548876326, -5.1956549681883354e-06, -5.004873746438966e-06, -5.245050634867567e-06, -0.003949669501360435, -5.004873746438966e-06, 9.992007221626399e-16, -5.246821826342036e-06, -0.014670709970334914, 9.992007221626399e-16, -5.004873746438966e-06, -0.004418586859549264, -5.245825660328826e-06]
other derivatives: [ -7.07392701e+01   1.25145561e+01   2.01112016e-01  -6.25959728e-01
  -4.70436134e-02   2.27373675e-05]
Current x array =  [ -0.45538083  -0.59200069  -0.84893621   0.50473766  -1.72163423
 -15.10374119  -0.35346063  -9.          -3.5046439   -2.51927106
  -3.72920752  -3.0693595  -17.561997   -17.59940751 -17.5525348
  -4.69671959 -17.59940751  -2.30258509 -17.55219717  -4.28484437
  -2.30258509 -17.59940751  -4.69280523 -17.55238706]
log likelihood =  -1150.70219683
Edge derivatives =  [-0.008950934352527473, -0.0005604627644846204, 0.004069767227751535, 0.01805065140722606, 0.0012753629039536085, 0.0027286632592017773, -5.170775112557406e-06, -4.980906519353358e-06, -5.219934497151088e-06, -0.005592577151424881, -4.980906519353358e-06, -2.2204460492503095e-17, -5.2216972184910896e-06, -0.00015505733126063015, -2.220446049250311e-17, -4.980906519353358e-06, -0.005000728376676072, -5.220705817298181e-06]
other derivatives: [ -7.45785655e-03  -1.06638254e-02   4.18367563e-03   2.27373675e-05
  -7.45785655e-03   0.00000000e+00]
Current x array =  [ -0.53393941  -0.56262069  -0.85300036   0.50369324  -1.71434599
 -15.10374119  -0.34382762  -9.          -3.50895042  -2.53763753
  -3.73050363  -3.07224343 -17.56199183 -17.59940253 -17.55252958
  -4.69113697 -17.59940253  -2.30258509 -17.55219196  -4.28471671
  -2.30258509 -17.59940253  -4.68781516 -17.55238184]
log likelihood =  -1150.70219587
Edge derivatives =  [-0.007061343515671559, -0.0005602543777270593, 0.00400106747485382, 0.01774520243999933, 0.001291651325344978, 0.0027169920443376183, -5.170754061399098e-06, -4.980886242650873e-06, -5.219913245458006e-06, -0.00556715313238659, -4.980886242650873e-06, -2.2204460492503092e-17, -5.221675959607828e-06, -0.00014226571667452087, -2.2204460492503092e-17, -4.980886242650873e-06, -0.0049769613700482405, -5.220684562459667e-06]
other derivatives: [-0.00770797 -0.00231921  0.00306954 -0.00034106 -0.00663931  0.        ]
Current x array =  [ -0.53393882  -0.56263986  -0.8529939    0.50369342  -1.71435753
 -15.10374119  -0.34384159  -9.          -3.50894407  -2.5376095
  -3.73050165  -3.07223918 -17.56199184 -17.59940254 -17.55252959
  -4.69114564 -17.59940254  -2.30258509 -17.55219196  -4.28471694
  -2.30258509 -17.59940254  -4.68782291 -17.55238185]
  status: 0
 success: True
    nfev: 4
     fun: 1150.7021958688342
       x: array([ -0.53393882,  -0.56263986,  -0.8529939 ,   0.50369342,
        -1.71435753, -15.10374119,  -0.34384159,  -9.        ,
        -3.50894407,  -2.5376095 ,  -3.73050165,  -3.07223918,
       -17.56199184, -17.59940254, -17.55252959,  -4.69114564,
       -17.59940254,  -2.30258509, -17.55219196,  -4.28471694,
        -2.30258509, -17.59940254,  -4.68782291, -17.55238185])
 message: 'CONVERGENCE: REL_REDUCTION_OF_F_<=_FACTR*EPSMCH'
     jac: array([  7.70796760e-03,   2.31921149e-03,  -3.06954462e-03,
         3.41060513e-04,   6.63931132e-03,  -0.00000000e+00,
         7.06134352e-03,   5.60254378e-04,  -4.00106747e-03,
        -1.77452024e-02,  -1.29165133e-03,  -2.71699204e-03,
         5.17075406e-06,   4.98088624e-06,   5.21991325e-06,
         5.56715313e-03,   4.98088624e-06,   2.22044605e-17,
         5.22167596e-06,   1.42265717e-04,   2.22044605e-17,
         4.98088624e-06,   4.97696137e-03,   5.22068456e-06])
     nit: 2
