number of sites to be analyzed:  100
Successfully loaded parameter value from ./save/MG94_ENSG00000183137_ENSG00000166037_nonclock_save.txt
log likelihood =  -1455.8668125
Edge derivatives =  [-0.001550624185242544, -0.005040322117158846, -0.00022231578472836633, 0.0009972335113612174, -0.005462948060121674, 0.006057135966360261, 9.057699903450642e-05, 0.0006438140983429305, -3.467560232720421e-05, 0.002347738907190422, 0.0006438140983430138, -8.153043595120208e-17, -0.001397816296109529, 0.006402059733068774, -4.0717204298855494e-17, 0.0006438140983434579, -3.448932610630714e-05, -0.0017528803196054377]
other derivatives: [  5.56838131e-02   3.24916982e-02   1.63481673e-02   6.82121026e-05
  -9.02673492e-03  -1.13686838e-04]
Current x array =  [ -0.56385658  -0.37650544  -0.91542453   0.63861617  -0.79731342
 -13.62820871   0.2087026   -9.          -2.21470511  -1.64883306
  -3.27766831  -2.53055214 -11.74875934  -4.13463741 -15.54600911
  -3.7781976   -4.13463741  -2.30258509  -4.38132287  -3.26401303
  -2.30258509  -4.13463741 -15.56411708  -4.18896592]
log likelihood =  -1457.56654128
Edge derivatives =  [-1.9364732315494129, -0.005201081540879774, -0.42468078852000696, -0.5315042506079857, -0.1322561339279175, -0.25164638778139836, 0.00019635056765761905, -0.08109066629547781, -3.527268495081187e-05, -0.021077520726004384, -0.08109066629547926, -6.769725244503999e-16, -0.10929620727430502, -0.10721879531356178, -6.430758626416301e-16, -0.08109066629547976, -3.512198028056332e-05, -0.04991893673834249]
other derivatives: [ -4.69247425e+01  -2.75387492e+01  -2.04931894e+00   5.89488991e-01
   2.21007213e-01  -6.82121026e-05]
Current x array =  [ -0.50817277  -0.34401374  -0.89907636   0.63868438  -0.80634015
 -13.6283224    0.20715197  -9.          -2.21492742  -1.64783583
  -3.28313126  -2.524495   -11.74866877  -4.1339936  -15.54604379
  -3.77584986  -4.1339936   -2.30258509  -4.38272068  -3.25761097
  -2.30258509  -4.1339936  -15.56415157  -4.1907188 ]
log likelihood =  -1455.86680912
Edge derivatives =  [-0.0037323189185207717, -0.005040521668814857, -0.0007480943406401319, 0.0003605940828927956, -0.005613317774994506, 0.005746163530094717, 9.072017161115945e-05, 0.0005401299026033118, -3.467632105868785e-05, 0.0023302041615982996, 0.0005401299026031661, -1.6509897595096174e-16, -0.001540562286237744, 0.00626860730644474, -2.4645417240194294e-16, 0.0005401299026027082, -3.4490094129145786e-05, -0.0018102465776066966]
other derivatives: [ -3.66071617e-03  -2.02362571e-03   1.33695721e-02   5.45696821e-04
  -8.57198756e-03  -2.27373675e-05]
Current x array =  [ -0.56377766  -0.37645939  -0.91540136   0.63861626  -0.79732621
 -13.62820887   0.2087004   -9.          -2.21470542  -1.64883165
  -3.27767605  -2.53054355 -11.74875922  -4.1346365  -15.54600916
  -3.77819427  -4.1346365   -2.30258509  -4.38132485  -3.26400396
  -2.30258509  -4.1346365  -15.56411713  -4.1889684 ]
log likelihood =  -1455.86680859
Edge derivatives =  [-0.0027596034214119047, -0.005040491386964677, -0.0007027638764183775, 0.0003948812919730149, -0.005568563240930198, 0.0056600117036251785, 9.079484740077718e-05, 0.0005380202380315877, -3.467627298080188e-05, 0.002326635361455255, 0.0005380202380317611, -1.8443280367679438e-16, -0.0015402158665233923, 0.00621286306763684, -1.6965427178819456e-16, 0.0005380202380321775, -3.449006029190712e-05, -0.0017991125193366243]
other derivatives: [ -4.68389771e-03  -2.68300937e-03   9.59516910e-03   3.41060513e-04
  -7.63975549e-03  -2.27373675e-05]
Current x array =  [ -0.56377577  -0.37645813  -0.91538077   0.63861703  -0.79733923
 -13.62820892   0.20869503  -9.          -2.21470649  -1.64883102
  -3.27768452  -2.53053482 -11.74875908  -4.13463567 -15.54600922
  -3.77819075  -4.13463567  -2.30258509  -4.38132716  -3.26399446
  -2.30258509  -4.13463567 -15.56411718  -4.18897113]
  status: 0
 success: True
    nfev: 4
     fun: 1455.8668085927006
       x: array([ -0.56377577,  -0.37645813,  -0.91538077,   0.63861703,
        -0.79733923, -13.62820892,   0.20869503,  -9.        ,
        -2.21470649,  -1.64883102,  -3.27768452,  -2.53053482,
       -11.74875908,  -4.13463567, -15.54600922,  -3.77819075,
        -4.13463567,  -2.30258509,  -4.38132716,  -3.26399446,
        -2.30258509,  -4.13463567, -15.56411718,  -4.18897113])
 message: 'CONVERGENCE: REL_REDUCTION_OF_F_<=_FACTR*EPSMCH'
     jac: array([  4.68389771e-03,   2.68300937e-03,  -9.59516910e-03,
        -3.41060513e-04,   7.63975549e-03,   2.27373675e-05,
         2.75960342e-03,   5.04049139e-03,   7.02763876e-04,
        -3.94881292e-04,   5.56856324e-03,  -5.66001170e-03,
        -9.07948474e-05,  -5.38020238e-04,   3.46762730e-05,
        -2.32663536e-03,  -5.38020238e-04,   1.84432804e-16,
         1.54021587e-03,  -6.21286307e-03,   1.69654272e-16,
        -5.38020238e-04,   3.44900603e-05,   1.79911252e-03])
     nit: 2
