number of sites to be analyzed:  105
Successfully loaded parameter value from ./save/MG94_ENSG00000089916_ENSG00000092978_nonclock_save.txt
log likelihood =  -1265.86207085
Edge derivatives =  [-0.006014833138788922, -0.0056882425778859436, 0.0005267070221664713, 0.004632751465215884, 0.0034891125892325507, 0.00230608248766917, -4.878789445770626e-06, 0.0006505283680711994, -3.5094081278372245e-06, -0.000880012979172163, 0.0006505283680713243, -2.8882598454899987e-16, 0.0023095000815845255, -0.0008701182664366397, -2.8882809937476088e-16, 0.0006505283680714284, 0.0010074467721015107, 0.0013169143464293693]
other derivatives: [ 0.02578417  0.04808953  0.00670752 -0.00852651  0.00186446  0.        ]
Current x array =  [ -0.56288268  -0.61637541  -0.71931359   0.43667215  -1.69022618
 -13.9024829    0.22460356  -9.          -3.20745986  -2.32095823
  -4.34155598  -2.84235452 -17.34841187  -4.44779519 -17.85851791
  -3.91166258  -4.44779519  -2.30258509  -5.30577895  -3.91534764
  -2.30258509  -4.44779519  -5.30586974  -5.30625152]
log likelihood =  -1266.60279178
Edge derivatives =  [-1.2733128610912665, -0.005829733463883049, -0.09899440234958053, -0.28822276674348846, -0.04703467478523547, -0.14394688232286018, -4.952473954015202e-06, -0.028717809953728878, -3.5528854563833553e-06, -0.04513403318518494, -0.02871780995372925, 1.2585829894566307e-16, -0.01182722813089159, -0.0460104928799045, 9.625993845793227e-17, -0.02871780995372901, -0.012530691645969504, -0.011625221658095205]
other derivatives: [ -2.02310048e+01  -2.07469384e+01  -1.31265097e+00   3.00769898e-01
  -3.83352017e-02   4.54747351e-05]
Current x array =  [ -0.5370985   -0.56828588  -0.71260607   0.42814563  -1.68836172
 -13.9024829    0.21858872  -9.          -3.20693316  -2.31632548
  -4.33806687  -2.84004844 -17.34841674  -4.44714466 -17.85852142
  -3.9125426   -4.44714466  -2.30258509  -5.30346945  -3.91621776
  -2.30258509  -4.44714466  -5.30486229  -5.30493461]
log likelihood =  -1265.86206726
Edge derivatives =  [-0.008322417662796733, -0.0056885245809725205, 0.0003337939425763839, 0.004048585340931471, 0.0033879617326100474, 0.0020194573113891112, -4.878933155129381e-06, 0.0005934071852390019, -3.5094924861606115e-06, -0.0009646667377508078, 0.0005934071852390192, 1.9244607439704999e-16, 0.0022816532398736667, -0.0009566361179342807, 2.0725134037643934e-16, 0.0005934071852387417, 0.000980942819960695, 0.0012916449019923695]
other derivatives: [ -1.63936420e-02   6.43467502e-03   3.81987775e-03  -7.75344233e-03
   1.77351467e-03  -4.54747351e-05]
Current x array =  [ -0.5628259   -0.61626952  -0.71929882   0.43665337  -1.69022208
 -13.9024829    0.22459031  -9.          -3.2074587   -2.32094803
  -4.3415483   -2.84234944 -17.34841188  -4.44779376 -17.85851791
  -3.91166452  -4.44779376  -2.30258509  -5.30577386  -3.91534956
  -2.30258509  -4.44779376  -5.30586752  -5.30624862]
log likelihood =  -1265.86206664
Edge derivatives =  [-0.00663209467942949, -0.005688528325921651, 0.00028786631616791597, 0.003932301652442127, 0.0033591427127307207, 0.0019820463976871483, -4.87896823809195e-06, 0.0005916320220735495, -3.509490434569333e-06, -0.0009541796091830923, 0.000591632022073952, -6.659521195392572e-17, 0.002276776951925917, -0.0009461948653940837, -6.659485931296494e-17, 0.0005916320220734697, 0.000979069203725787, 0.0012896307068910803]
other derivatives: [  1.56887836e-03  -4.13820089e-03   1.11413101e-03  -7.18500814e-03
   2.36468622e-03  -2.27373675e-05]
Current x array =  [ -0.56285009  -0.61624109  -0.71928905   0.43663519  -1.69021795
 -13.90248299   0.22457182  -9.          -3.20745787  -2.32093848
  -4.34154043  -2.84234468 -17.34841189  -4.44779237 -17.85851792
  -3.91166672  -4.44779237  -2.30258509  -5.30576858  -3.91535174
  -2.30258509  -4.44779237  -5.30586525  -5.30624563]
  status: 0
 success: True
    nfev: 4
     fun: 1265.8620666402173
       x: array([ -0.56285009,  -0.61624109,  -0.71928905,   0.43663519,
        -1.69021795, -13.90248299,   0.22457182,  -9.        ,
        -3.20745787,  -2.32093848,  -4.34154043,  -2.84234468,
       -17.34841189,  -4.44779237, -17.85851792,  -3.91166672,
        -4.44779237,  -2.30258509,  -5.30576858,  -3.91535174,
        -2.30258509,  -4.44779237,  -5.30586525,  -5.30624563])
 message: 'CONVERGENCE: REL_REDUCTION_OF_F_<=_FACTR*EPSMCH'
     jac: array([ -1.56887836e-03,   4.13820089e-03,  -1.11413101e-03,
         7.18500814e-03,  -2.36468622e-03,   2.27373675e-05,
         6.63209468e-03,   5.68852833e-03,  -2.87866316e-04,
        -3.93230165e-03,  -3.35914271e-03,  -1.98204640e-03,
         4.87896824e-06,  -5.91632022e-04,   3.50949043e-06,
         9.54179609e-04,  -5.91632022e-04,   6.65952120e-17,
        -2.27677695e-03,   9.46194865e-04,   6.65948593e-17,
        -5.91632022e-04,  -9.79069204e-04,  -1.28963071e-03])
     nit: 2
