number of sites to be analyzed:  111
Successfully loaded parameter value from ./save/MG94_ENSG00000187772_ENSG00000131914_nonclock_save.txt
log likelihood =  -1335.72980155
Edge derivatives =  [-0.012447962640729227, -0.00606878271083075, -0.006903389435704177, -0.006009300687626756, -0.001719808791093888, 0.000603236381651856, -0.0055511874615788714, -0.0020257377454755143, -8.926294921495616e-07, -0.0007299282998223938, -0.002025737745476097, -4.113215169006998e-17, -0.0030236323493806026, -0.0007317253672405391, -4.2556744685733595e-17, -0.0020257377454751258, -0.002378343707902894, -9.10475158266498e-07]
other derivatives: [  5.18184606e-02  -9.54969437e-04  -4.00177669e-03  -2.97859515e-03
  -1.06865627e-03  -4.54747351e-05]
Current x array =  [ -0.55693226  -0.72829295  -0.52856056   0.7214003   -1.8718151
 -11.96013013  -0.33093758  -9.          -2.95134471  -2.24720799
  -3.96754806  -3.43295702  -3.649345    -2.79030233 -19.28934893
  -3.99094754  -2.79030233  -2.30258509  -4.69043258  -3.9879608
  -2.30258509  -2.79030233  -4.28121254 -19.28757064]
log likelihood =  -1336.78050324
Edge derivatives =  [0.7866377115695808, -0.005979214354855646, 0.08303754921604697, -0.08742824349603812, -0.009113143828244255, -0.03198023544221808, -0.031193465695055503, -0.04412156777970602, -8.984714051217572e-07, -0.025968921061936136, -0.04412156777971342, -2.2074099681797465e-17, -0.010704537894020264, -0.0259749456219694, -2.2081676144094003e-17, -0.044121567779705634, -0.016063203722078163, -9.167212335052379e-07]
other derivatives: [ -4.18731815e+01   4.19299795e-01   4.38762982e-01  -1.00085344e+00
   1.24691724e-01   2.27373675e-05]
Current x array =  [ -0.5051138   -0.72924792  -0.53256234   0.71842171  -1.87288376
 -11.96017561  -0.34338554  -9.          -2.9582481   -2.25321729
  -3.96926787  -3.43235378  -3.65489619  -2.79232807 -19.28934982
  -3.99167747  -2.79232807  -2.30258509  -4.69345621  -3.98869253
  -2.30258509  -2.79232807  -4.28359088 -19.28757155]
log likelihood =  -1335.72979924
Edge derivatives =  [-0.01137709069639925, -0.006068675428740423, -0.006788323675664579, -0.006144754883531334, -0.0017351175366512664, 0.000547844953418683, -0.005594393553062474, -0.0021006064516247147, -8.926389692655643e-07, -0.0007709596592789317, -0.0021006064516262135, -1.1568093798043386e-17, -0.0030368465807045567, -0.0007727669175457488, -4.110048505660738e-17, -0.0021006064516229384, -0.002401366164793854, -9.104852273333928e-07]
other derivatives: [-0.00445652 -0.00040927 -0.00341061 -0.00445652 -0.00106866 -0.00020464]
Current x array =  [ -0.55685538  -0.72829437  -0.5285665    0.72139588  -1.87181668
 -11.9601302   -0.33095605  -9.          -2.95135495  -2.2472169
  -3.96755061  -3.43295612  -3.64935324  -2.79030534 -19.28934893
  -3.99094862  -2.79030534  -2.30258509  -4.69043707  -3.98796189
  -2.30258509  -2.79030534  -4.28121607 -19.28757064]
  status: 0
 success: True
    nfev: 3
     fun: 1335.7297992447097
       x: array([ -0.55685538,  -0.72829437,  -0.5285665 ,   0.72139588,
        -1.87181668, -11.9601302 ,  -0.33095605,  -9.        ,
        -2.95135495,  -2.2472169 ,  -3.96755061,  -3.43295612,
        -3.64935324,  -2.79030534, -19.28934893,  -3.99094862,
        -2.79030534,  -2.30258509,  -4.69043707,  -3.98796189,
        -2.30258509,  -2.79030534,  -4.28121607, -19.28757064])
 message: 'CONVERGENCE: REL_REDUCTION_OF_F_<=_FACTR*EPSMCH'
     jac: array([  4.45652404e-03,   4.09272616e-04,   3.41060513e-03,
         4.45652404e-03,   1.06865627e-03,   2.04636308e-04,
         1.13770907e-02,   6.06867543e-03,   6.78832368e-03,
         6.14475488e-03,   1.73511754e-03,  -5.47844953e-04,
         5.59439355e-03,   2.10060645e-03,   8.92638969e-07,
         7.70959659e-04,   2.10060645e-03,   1.15680938e-17,
         3.03684658e-03,   7.72766918e-04,   4.11004851e-17,
         2.10060645e-03,   2.40136616e-03,   9.10485227e-07])
     nit: 1
