number of sites to be analyzed:  154
log likelihood =  -2331.28819071
Edge derivatives =  [117.4740018996934, 5.344450201583789, -4.63622560373145, 3.9463238266408536, -18.996832406377894, -15.963834347199617, -25.237324310966564, -25.02951105891325, -28.83944940997978, -14.269378401642467, -25.02951105891325, -9.733774210884122e-17, -27.102166215680324, -24.26401311557803, -6.822784552307316e-17, -25.02951105891325, -28.19696667255422, -27.20792737891849]
other derivatives: [ -13.187082      3.32106538  -15.20184014   54.95821824 -144.57014004
    0.        ]
Current x array =  [-0.71581104 -0.75243771 -0.63344599  0.18232156 -0.10536052  0.33647224
 -2.30258509 -2.30258509 -2.30258509 -2.30258509 -2.30258509 -2.30258509
 -2.30258509 -2.30258509 -2.30258509 -2.30258509 -2.30258509 -2.30258509
 -2.30258509 -2.30258509 -2.30258509 -2.30258509 -2.30258509 -2.30258509]
log likelihood =  -2144.05792428
Edge derivatives =  [104.56897522578105, 3.286640308026213, -4.448546341829977, 2.3566180922342266, -16.609024603050777, -12.47962340727853, -21.15748569280281, -21.15597364040606, -24.411514851317392, -11.757812154573138, -21.155973640406064, 1.0959805909763573e-16, -22.919599337538763, -20.559040615053977, 8.171731568498019e-17, -21.155973640406064, -23.952304379793883, -23.09347960225873]
other derivatives: [  29.22683962   -8.91855052   39.01991477   29.10423973 -103.53464859
    0.        ]
Current x array =  [-0.77782537 -0.74913439 -0.70493504  0.44077122 -0.78522434  0.33647224
 -1.75014512 -2.27745198 -2.32438767 -2.28402688 -2.39192069 -2.37765754
 -2.42126758 -2.42029031 -2.43820714 -2.36968909 -2.42029031 -2.30258509
 -2.43003729 -2.41669043 -2.30258509 -2.42029031 -2.43518576 -2.43053465]
log likelihood =  -2778.99966646
Edge derivatives =  [-39.886532294485484, -0.21402605978162823, 7.758907969450825, 11.26228901366734, -1.1999077010329076, 7.703740475934532, -2.938450969309249, -3.4879018141335947, -6.078839681065055, 5.859149487059053, -3.4879018141335925, 2.0677477973876845e-16, -3.382228827587191, -3.3167847731876456, 2.587597259543053e-16, -3.4879018141335933, -5.359441893112574, -4.563128920022939]
other derivatives: [-7566.4333508     22.52868399 -3400.98058587    69.83595995    24.10815796
     0.        ]
Current x array =  [-0.05       -1.0599029  -0.05        1.4155687  -4.1234108   0.33647224
  1.54881206 -2.16956303 -2.46381221 -2.20637693 -2.91676429 -2.7763103
 -3.09248206 -3.09093293 -3.21194418 -2.74332314 -3.09093293 -2.30258509
 -3.15655141 -3.06825961 -2.30258509 -3.09093293 -3.19411362 -3.16230657]
log likelihood =  -1923.76999941
Edge derivatives =  [35.75358779945492, -0.397399768001001, -1.755162229670092, 0.8200888474183147, -11.085358382287751, -4.078192235796627, -13.129046737288446, -13.15151131231021, -15.814405670490116, -5.761073450820668, -13.151511312310204, 1.6843551273672587e-16, -14.32702915437867, -13.05489676042961, 2.1785978941786004e-16, -13.151511312310207, -15.545292585610305, -14.792983645118483]
other derivatives: [-283.60409488   -2.75497314  -96.1722435     5.62383775  -25.95024853
    0.        ]
Current x array =  [-0.45966447 -0.88498344 -0.41863735  0.86689328 -2.24447604  0.33647224
 -0.30804207 -2.2302895  -2.38533559 -2.25008305 -2.62135033 -2.55192423
 -2.71468165 -2.7134544  -2.77643782 -2.53301913 -2.7134544  -2.30258509
 -2.74762499 -2.70151677 -2.30258509 -2.7134544  -2.76694278 -2.75042074]
log likelihood =  -1869.87284461
Edge derivatives =  [5.4400629413419495, 0.3813770872334584, 1.2975299288453197, 2.97771450891196, -6.667925226662022, 0.7861343366789351, -8.351473909019363, -8.144593993974187, -10.354064883270162, -1.594873224507129, -8.144593993974182, -9.876132388716066e-16, -9.044162788483952, -8.04541656618998, -1.0333639786823189e-15, -8.144593993974183, -10.219626899979971, -9.495804839165872]
other derivatives: [ 155.63462057   22.17768724  -37.17489108  -15.5414682     6.82664449
    0.        ]
Current x array =  [-1.08131873 -1.00772263 -0.42079689  1.20885098 -3.45487876  0.33647224
  0.93071936 -2.19536238 -2.43859925 -2.22148586 -2.83538443 -2.70011453
 -2.98469701 -2.98342389 -3.08995351 -2.67833473 -2.98342389 -2.30258509
 -3.04034376 -2.96470864 -2.30258509 -2.98342389 -3.07460182 -3.04644225]
log likelihood =  -1845.81303268
Edge derivatives =  [3.093957204743314, 0.16521919174691818, 0.7406597060832155, 2.176924781378867, -6.959031850395135, 0.15833790244452395, -8.481024880116228, -8.309364215540812, -10.558623252984374, -1.9697902020898201, -8.309364215540812, -4.757051404696055e-16, -9.256066663047305, -8.12415532051326, -4.90514895240966e-16, -8.309364215540812, -10.32799556744529, -9.640588230773224]
other derivatives: [ 83.83262866  10.34179604  53.69849987 -14.99688551   5.51679022   0.        ]
Current x array =  [-0.89088236 -0.96993259 -0.50757508  1.17941544 -3.41538661  0.33647224
  0.90603473 -2.19573245 -2.43526788 -2.2176654  -2.84048332 -2.69529251
 -2.99103967 -2.98943718 -3.09834561 -2.67728277 -2.98943718 -2.30258509
 -3.04718777 -2.97075855 -2.30258509 -2.98943718 -3.08291414 -3.05391754]
log likelihood =  -1837.21860301
Edge derivatives =  [-6.46017238428891, -0.13196535472385784, 0.29803790163130167, 1.3691790296037838, -6.745142575173203, 0.10959915409356681, -8.048301425418707, -8.067724010048218, -10.185278985034026, -1.9521109872893545, -8.067724010048218, 7.327214547276068e-16, -8.771436853074405, -7.8150274586972515, 7.534760623752278e-16, -8.067724010048218, -9.874833591761183, -9.208586787308535]
other derivatives: [-88.62755294  -4.51902906 -13.49640115  -7.57715952  -0.10718395   0.        ]
Current x array =  [-0.62477163 -0.93781803 -0.43383221  1.155246   -3.50273204  0.33647224
  1.03438912 -2.19213801 -2.43730634 -2.20705395 -2.88455422 -2.70770615
 -3.04555583 -3.04336675 -3.16414599 -2.69727727 -3.04336675 -2.30258509
 -3.10648861 -3.02351927 -2.30258509 -3.04336675 -3.1474696  -3.11495706]
log likelihood =  -1831.05969561
Edge derivatives =  [-2.8116850973810705, 0.10746756827466636, 0.48755685357329814, 1.6467313865745747, -6.414635997162931, 0.43271650413719964, -7.750661965997695, -7.713130931576113, -9.792718362312955, -1.6609181191114915, -7.713130931576114, -7.972242550299211e-17, -8.425376185344787, -7.444233405140033, -8.377296842142029e-17, -7.713130931576113, -9.505022158970942, -8.838640998115618]
other derivatives: [  0.38285179   2.03356194  -4.62168828 -11.71094937   2.43544491   0.        ]
Current x array =  [-0.73933472 -0.95589217 -0.44300512  1.1804616  -3.59609935  0.33647224
  1.11862191 -2.18950572 -2.44125502 -2.2046179  -2.90278225 -2.71866359
 -3.06839537 -3.06629066 -3.19104078 -2.70870711 -3.06629066 -2.30258509
 -3.13125153 -3.04576692 -2.30258509 -3.06629066 -3.17375851 -3.14013694]
log likelihood =  -1827.9147542
Edge derivatives =  [-2.688012015972717, 0.2133241893617405, 0.5897894910935203, 1.7463981688151642, -5.872639138056412, 0.812637934338961, -7.149269010731503, -7.126085404926497, -9.142977848528167, -1.224146490821909, -7.1260854049264974, -5.780562482494963e-16, -7.778714669096965, -6.791500753204561, -6.50838199563115e-16, -7.126085404926497, -8.825324133974352, -8.169882795138811]
other derivatives: [  7.40139967   3.55648808  -1.42711087 -12.17583758   3.50930804   0.        ]
Current x array =  [-0.75071723 -0.96250832 -0.44486955  1.19544368 -3.74082402  0.33647224
  1.26879597 -2.18476641 -2.44655314 -2.19690151 -2.94400992 -2.73618537
 -3.11973063 -3.11748822 -3.25238644 -2.73059732 -3.11748822 -2.30258509
 -3.18696145 -3.09555219 -2.30258509 -3.11748822 -3.23376916 -3.19718551]
log likelihood =  -1814.0627963
Edge derivatives =  [-4.893689856575056, 0.3686825581588992, 0.3934262815976619, 1.66971424773875, -3.189435747001041, 2.4004002770757333, -4.040343475608651, -4.158847473002383, -5.875949826189653, 0.812284202216667, -4.158847473002383, -8.056636472871611e-16, -4.49041020828825, -3.4787906287517165, -8.856565878429525e-16, -4.158847473002383, -5.3878361319044705, -4.783586499774132]
other derivatives: [ 19.85897597 -10.26205609 -13.75058218 -10.85822987   4.30366072   0.        ]
Current x array =  [-0.77022537 -0.91781645 -0.43101479  1.16711352 -4.46953508  0.33647224
  2.04932543 -2.15277194 -2.46577665 -2.13447132 -3.20209623 -2.80954881
 -3.44268857 -3.440223   -3.64685818 -2.84420479 -3.440223   -2.30258509
 -3.53785327 -3.40478375 -2.30258509 -3.440223   -3.61665317 -3.55821905]
log likelihood =  -1825.35064557
Edge derivatives =  [-7.468317920870279, 0.4319439608153088, -0.5259633174877955, 0.38493827739431685, -1.0975568047060589, 3.2678736830713038, -1.4888615599505475, -1.5144798262163504, -3.3050797809196335, 2.0606562962684385, -1.5144798262163504, 1.2538127852069938e-15, -1.84622441149361, -0.6940802106652794, 1.2284963151993156e-15, -1.5144798262163512, -2.6091571163303757, -2.0359076825438036]
other derivatives: [-35.48632321  75.27967227  61.86276096   0.23014763   3.87738055   0.        ]
Current x array =  [-0.69257592 -1.3358841  -0.51247703  0.91064949 -5.07726617  0.33647224
  2.61421015 -2.11198069 -2.47827363 -2.03689493 -3.50293272 -2.80805316
 -3.82228485 -3.82420147 -4.13943071 -2.91453688 -3.82420147 -2.30258509
 -3.9539395  -3.75509478 -2.30258509 -3.82420147 -4.08375807 -3.99006217]
log likelihood =  -1810.86965711
Edge derivatives =  [-5.288782103167354, 0.4011249258996404, 0.21671030903516447, 1.468338120179073, -2.4228972584751465, 2.755443006214972, -3.133035011016868, -3.2259180332071873, -4.9300196920803705, 1.2827787328943983, -3.225918033207187, -2.3030406706048666e-16, -3.538179692016948, -2.4922471018221093, -2.5849573227342716e-16, -3.2259180332071877, -4.377273200006298, -3.7929920685023375]
other derivatives: [  5.04826403  23.85836524  13.1786237   -7.68088739   4.56370799   0.        ]
Current x array =  [-0.7468412  -1.04371772 -0.45554718  1.08987925 -4.65255359  0.33647224
  2.21944074 -2.14048763 -2.46954012 -2.10508615 -3.29269328 -2.80909839
 -3.55700417 -3.55585831 -3.79519664 -2.86538533 -3.55585831 -2.30258509
 -3.66315784 -3.51028009 -2.30258509 -3.55585831 -3.75732204 -3.68826882]
log likelihood =  -1807.11470869
Edge derivatives =  [-6.59780772708575, 0.37586637360649017, -0.06928480730042072, 1.0957945866039427, -1.668689925307501, 3.038768206533037, -2.169177897904891, -2.3218161509948025, -3.9873045943385184, 1.7918382589064805, -2.3218161509948017, -6.913085116775601e-16, -2.562857744162798, -1.5078364906897632, -7.68801483007251e-16, -2.3218161509948025, -3.382683875185139, -2.8033173283555817]
other derivatives: [ -2.88753199  10.87337296   4.54219844  -3.61112598   4.0923851    0.        ]
Current x array =  [-0.73706656 -0.99165117 -0.44701133  1.00368547 -4.85247835  0.33647224
  2.42464828 -2.12667907 -2.4723171  -2.07098745 -3.40137079 -2.81194961
 -3.69366719 -3.69332627 -3.97040842 -2.89434067 -3.69332627 -2.30258509
 -3.81254255 -3.63754371 -2.30258509 -3.69332627 -3.92445321 -3.84329869]
log likelihood =  -1803.75524359
Edge derivatives =  [-5.205785695614362, 0.3971315629689356, -0.4331868177995473, 0.4897205931395584, -1.2064262520016371, 2.675020135386973, -1.453047174152032, -1.636734800940133, -3.243790653015462, 1.753600582045789, -1.6367348009401335, -7.071553586757723e-17, -1.8180243312052973, -0.8251104996972997, -4.685060122560777e-17, -1.636734800940133, -2.612132461083388, -2.0534539393898346]
other derivatives: [-12.41633072  -2.14345164  -2.16509761   1.7838147    5.53975497   0.        ]
Current x array =  [-0.72654539 -0.94465123 -0.44012577  0.86636635 -4.864216    0.33647224
  2.3919303  -2.11388232 -2.47108098 -2.03323818 -3.49100509 -2.76472865
 -3.80703953 -3.80944629 -4.13356637 -2.88321317 -3.80944629 -2.30258509
 -3.93910547 -3.73591524 -2.30258509 -3.80944629 -4.07415556 -3.97711487]
log likelihood =  -1800.13174439
Edge derivatives =  [-3.721885574155964, 0.43799074830050816, -0.7935058960863504, -0.23014185630068326, -0.9643415131918776, 1.5456308671657641, -0.9121844048154528, -1.0881660751784346, -2.615850149586511, 1.1388342074125115, -1.0881660751784357, 1.658893345806258e-24, -1.2082442494570476, -0.36620221549919996, 1.814033130741005e-24, -1.0881660751784352, -1.9754864769614462, -1.4524702402164618]
other derivatives: [-14.65575679  -8.36271283 -10.40805273   8.29916189   6.12292297   0.        ]
Current x array =  [-0.72622172 -0.92318427 -0.43207754  0.69465283 -4.63750117  0.33647224
  2.11862514 -2.1001818  -2.46790141 -1.99246453 -3.56571018 -2.66126712
 -3.90106364 -3.90866779 -4.29455386 -2.82815372 -3.90866779 -2.30258509
 -4.04773626 -3.80737985 -2.30258509 -3.90866779 -4.21409745 -4.0955141 ]
log likelihood =  -1794.95219972
Edge derivatives =  [-3.052845073500321, 0.35267071281784756, -1.252245840654624, -1.4199149316139577, -0.9460912266490473, -1.3897866755786616, -0.5003628321262008, -0.6143803532885411, -2.006976777965404, -0.6406103029625712, -0.6143803532885407, 9.921432866079803e-16, -0.6883710900713632, -0.10023751377622965, 1.0088803874593518e-15, -0.6143803532885403, -1.3757533411209426, -0.9205681921923511]
other derivatives: [-13.08146693 -14.63213266   5.35021627  13.5971959    3.8474127    0.        ]
Current x array =  [-0.73012071 -0.89958879 -0.44974629  0.55756277 -3.99430288  0.33647224
  1.45324707 -2.08000245 -2.4690701  -1.9498148  -3.64225837 -2.47376083
 -3.99069036 -4.00802323 -4.49586694 -2.71063998 -4.00802323 -2.30258509
 -4.15732392 -3.85809691 -2.30258509 -4.00802323 -4.37645072 -4.22192606]
log likelihood =  -1792.0909498
Edge derivatives =  [0.983918822265829, -0.5477426624179054, -1.696634984529761, -2.8502103455088927, -0.8634627529819557, -5.696056483844653, -0.08121398978423143, -0.12639562012386962, -1.4010792112493884, -3.1287338942607583, -0.12639562012386965, -8.035544865926091e-16, -0.06354853492138568, 0.0483420759214997, -8.2108638072863015e-16, -0.12639562012386982, -0.7482326519131729, -0.355794412027657]
other derivatives: [  3.53059022   9.73216174 -68.42265066  15.53987659  -1.35858045   0.        ]
Current x array =  [-0.74237363 -0.95279774 -0.39653653  0.56662993 -3.12189261  0.33647224
  0.53129108 -2.04961096 -2.48751298 -1.91878356 -3.7477207  -2.26505595
 -4.10431975 -4.13521525 -4.77139077 -2.57490975 -4.13521525 -2.30258509
 -4.297615   -3.91674561 -2.30258509 -4.13521525 -4.59327553 -4.38685718]
log likelihood =  -1788.15423007
Edge derivatives =  [-2.5502402406374727, -0.5228572890487162, -1.513742384607454, -2.372448970888565, -0.8922864186811623, -4.819786128445535, -0.22731317860885508, -0.2501759373596939, -1.5091355549747043, -2.7761743166024284, -0.25017593735969396, 1.5049015888301638e-15, -0.29283753789687417, -0.01633402439142981, 1.5755354060407615e-15, -0.25017593735969346, -0.8815017169840875, -0.4980963784029481]
other derivatives: [ 8.18524768  0.65340373  3.19114406  8.60422915  0.69262569  0.        ]
Current x array =  [-0.74631543 -0.92590692 -0.46035101  0.70323372 -3.21845767  0.33647224
  0.66009776 -2.05332826 -2.49565782 -1.94123262 -3.72965988 -2.31912507
 -4.07806082 -4.10722405 -4.72743662 -2.60560229 -4.10722405 -2.30258509
 -4.2669633  -3.89743329 -2.30258509 -4.10722405 -4.55436041 -4.35379518]
log likelihood =  -1787.32535645
Edge derivatives =  [1.7021405872303215, -0.9387134188726066, -1.5712340311524207, -2.4683124771444627, -0.8857269568273265, -5.728791378195922, -0.2767670997047634, -0.27792066746904376, -1.4656271591723489, -3.4280742060166554, -0.27792066746904376, 3.4474095586357598e-16, -0.33867199870884696, -0.1261958688264094, 3.874552090534858e-16, -0.2779206674690432, -0.8526555099301735, -0.5014964689179939]
other derivatives: [ 11.91801857   2.10227427   9.7309794    1.55241651  -1.02361355   0.        ]
Current x array =  [-0.7427166  -0.91740603 -0.47601861  0.8409262  -2.97988431  0.33647224
  0.42933311 -2.04824126 -2.5101014  -1.956163   -3.74074684 -2.30051902
 -4.08123767 -4.11336324 -4.76791201 -2.58695482 -4.11336324 -2.30258509
 -4.27420717 -3.88872234 -2.30258509 -4.11336324 -4.57942147 -4.36704259]
log likelihood =  -1791.16795045
Edge derivatives =  [-5.181291861757329, -0.5657963833923367, -0.4393055359097618, -0.26450001928371625, -0.8174983505020053, -1.8336622689369055, -0.5296185286503298, -0.5958293157646211, -1.6849485513515605, -1.5859239089987582, -0.59582931576462, 2.1787951803109236e-16, -0.636285888265222, -0.4508821987770112, 2.3915527534640143e-16, -0.5958293157646206, -1.1173350790233794, -0.7897936390419454]
other derivatives: [-77.06298675  -7.2016519   -4.85426881  -6.18265403  -0.47978119   0.        ]
Current x array =  [-0.63098041 -0.91276481 -0.44688435  1.16336267 -3.24336196  0.33647224
  0.77458711 -2.07281447 -2.55632062 -2.04107637 -3.71510979 -2.49735124
 -4.03019925 -4.05918612 -4.69769082 -2.70089177 -4.05918612 -2.30258509
 -4.21593159 -3.85003176 -2.30258509 -4.05918612 -4.51061104 -4.30551747]
log likelihood =  -1786.72191144
Edge derivatives =  [-0.624575793272574, -0.8269793610685866, -1.2989339974299186, -1.8806456932584446, -0.8870187118469179, -4.6080003864115495, -0.3520168992486185, -0.36692518275909686, -1.5261266355844332, -2.9306973608259836, -0.3669251827590968, 1.375649314810279e-15, -0.4203745439784605, -0.2200652806224108, 1.3567010106260376e-15, -0.3669251827590972, -0.9252270528096398, -0.5810921432980914]
other derivatives: [-9.49958121 -0.8805273   6.87152806 -0.85005922 -0.6930577   0.        ]
Current x array =  [-0.71245773 -0.91614916 -0.46812886  0.92824404 -3.05123573  0.33647224
  0.52283008 -2.05489585 -2.52261785 -1.97915808 -3.73380417 -2.35382243
 -4.06741614 -4.09869173 -4.74889567 -2.61780967 -4.09869173 -2.30258509
 -4.25842577 -3.87824468 -2.30258509 -4.09869173 -4.56078717 -4.3503812 ]
log likelihood =  -1786.1732386
Edge derivatives =  [-0.9688195097637387, -0.611017320016762, -1.0346777273959957, -1.445054795953131, -0.6705041824506973, -3.654897716303201, -0.09730743568538933, -0.12377453466576825, -1.3418782020512963, -2.313021629861697, -0.12377453466576852, 2.0512093526610424e-18, -0.16955380459489874, 0.05163981494073561, 2.3117478822573956e-17, -0.12377453466576901, -0.7192153895232014, -0.3517816387388987]
other derivatives: [ 1.52836037  0.92297796  2.83519057 -1.72251475  0.43071395  0.        ]
Current x array =  [-0.72870648 -0.92630042 -0.45813428  0.96458694 -3.13905968  0.33647224
  0.61430844 -2.05208051 -2.53598979 -1.98187828 -3.78257124 -2.38631592
 -4.12269494 -4.15467    -4.82888049 -2.64740894 -4.15467    -2.30258509
 -4.31944016 -3.92816495 -2.30258509 -4.15467    -4.63292251 -4.41497414]
log likelihood =  -1785.80365747
Edge derivatives =  [-0.8096959480226169, -0.5877298580923135, -0.8435395912845345, -1.1826562415125836, -0.3896886453240408, -3.0258730830107217, 0.220492621015135, 0.17202674992158368, -1.1037636118145624, -1.8450009769245734, 0.17202674992158334, 7.370941757819063e-16, 0.13022780498645473, 0.3635523306395505, 7.160651792802498e-16, 0.17202674992158262, -0.45194276024073765, -0.06543646758681197]
other derivatives: [ 0.07908056  1.68388397 -2.77275376 -1.50614596  0.62059371  0.        ]
Current x array =  [-0.72637483 -0.92909609 -0.45146019  0.96939251 -3.14848566  0.33647224
  0.62126112 -2.04881288 -2.55454977 -1.98397561 -3.84920109 -2.4100069
 -4.19612209 -4.23033881 -4.94996374 -2.6724932  -4.23033881 -2.30258509
 -4.40226485 -3.98976223 -2.30258509 -4.23033881 -4.73748325 -4.50478557]
log likelihood =  -1785.4944525
Edge derivatives =  [-0.4583608875979248, -0.6557880297608111, -0.5393521804515748, -0.6699451259479053, -0.0999505880632201, -2.09028611870228, 0.43571831951921186, 0.35625275709801885, -0.9168374696225281, -1.2665985793386723, 0.35625275709801874, 2.4200491194829218e-17, 0.3062251248708982, 0.552892819359063, 3.707624435680995e-17, 0.3562527570980183, -0.2616736490001911, 0.12581000555808847]
other derivatives: [ 1.06292646 -1.7034381  -4.5175284  -1.75623427  0.40204213  0.        ]
Current x array =  [-0.72679028 -0.91394944 -0.45107159  0.97283959 -3.11034579  0.33647224
  0.58468472 -2.05347936 -2.58005003 -2.0017553  -3.9020971  -2.45827967
 -4.24570827 -4.28262411 -5.05482869 -2.70788158 -4.28262411 -2.30258509
 -4.46041144 -4.02731927 -2.30258509 -4.28262411 -4.82057084 -4.5710228 ]
log likelihood =  -1785.61054676
Edge derivatives =  [0.974018107981645, -0.8003068112966607, -0.07647886126874837, 0.061006131152455845, 0.4122380577997642, -0.5866673980511009, 0.7229680961991556, 0.6247804529497681, -0.6644615186619174, -0.29171802481218867, 0.6247804529497692, -3.497780715642164e-16, 0.5084149685215817, 0.8292773672925915, -3.199765987931145e-16, 0.6247804529497692, 0.008251424054894502, 0.38966418914641954]
other derivatives: [-8.96932306  9.78466232  7.53279892  0.78148332  0.34181085  0.        ]
Current x array =  [-0.70865266 -0.9486371  -0.47206954  0.90327251 -3.032098    0.33647224
  0.48164973 -2.07169305 -2.61978599 -2.02879001 -3.9778911  -2.54146229
 -4.31051101 -4.35310758 -5.22270882 -2.76675382 -4.35310758 -2.30258509
 -4.54042937 -4.07203969 -2.30258509 -4.35310758 -4.94618337 -4.66555499]
log likelihood =  -1785.34517393
Edge derivatives =  [0.11546663660019041, -0.7160446704645548, -0.33833691102500957, -0.352272151213475, 0.12130194412678216, -1.4291805602679115, 0.5614135027046344, 0.4733712174993549, -0.8036058451353395, -0.8410328275116123, 0.47337121749935324, 1.6179147675622092e-15, 0.3956520662758725, 0.672745519834043, 1.6420368593037957e-15, 0.47337121749935424, -0.1420213756733674, 0.24187404712250235]
other derivatives: [-3.16777005  3.31574483  1.05005711 -0.68907866  0.40188297  0.        ]
Current x array =  [-0.71905774 -0.92873771 -0.46002357  0.94318132 -3.0769867   0.33647224
  0.54075819 -2.06124434 -2.59699052 -2.01328091 -3.93441008 -2.49374261
 -4.27333539 -4.31267307 -5.12640041 -2.73298036 -4.31267307 -2.30258509
 -4.49452518 -4.04638476 -2.30258509 -4.31267307 -4.87412276 -4.61132436]
log likelihood =  -1785.19177062
Edge derivatives =  [0.19837673211435947, -0.7762411957799098, -0.12392365892664788, 0.05036000429970017, 0.24207863368359742, -0.7442702959929758, 0.5500602807869611, 0.4441365840868256, -0.7700436432110586, -0.46807865234366197, 0.4441365840868264, -1.138944064136447e-16, 0.35740273403954637, 0.633170332717488, -8.553407728534787e-17, 0.4441365840868255, -0.13183667397313809, 0.2339730271916319]
other derivatives: [-1.55139332 -0.07821654  1.0328904  -0.53510121  0.04881713  0.        ]
Current x array =  [-0.72098117 -0.91354534 -0.4620191   0.93301941 -3.04369175  0.33647224
  0.51066779 -2.07353838 -2.61098986 -2.03206069 -3.93714564 -2.53706583
 -4.26518943 -4.30597043 -5.14490468 -2.75782602 -4.30597043 -2.30258509
 -4.48876168 -4.0349231  -2.30258509 -4.30597043 -4.87967246 -4.60914002]
log likelihood =  -1785.06905058
Edge derivatives =  [0.00582942195799685, -0.78217709598899, 0.10213641762735277, 0.49379443974872456, 0.2987164718832136, 0.06379609542700203, 0.42061136128551396, 0.3067680480903709, -0.792635493741781, -0.04639080138252316, 0.3067680480903721, 7.977383581917053e-16, 0.21143189787647096, 0.4673587059864175, 7.301815263900314e-16, 0.30676804809037134, -0.1981572048022595, 0.13173997060684073]
other derivatives: [ 0.21066171 -1.24575763  1.13916485 -0.23860594 -0.23451321  0.        ]
Current x array =  [-0.72335273 -0.90757113 -0.46343224  0.92235015 -3.02695219  0.33647224
  0.49865106 -2.09611243 -2.6221027  -2.05327047 -3.91466406 -2.59042701
 -4.22580061 -4.26808493 -5.1274108  -2.78569036 -4.26808493 -2.30258509
 -4.45005622 -3.99623039 -2.30258509 -4.26808493 -4.84888583 -4.5725703 ]
log likelihood =  -1784.99452793
Edge derivatives =  [0.3043323970518548, -0.7310886276905307, 0.11313932185882405, 0.5121275091065228, 0.2763364269744306, 0.44811426815631816, 0.29208883071645675, 0.18406052305136109, -0.7987147579800686, 0.18809624668002556, 0.18406052305136142, 6.337690930122188e-16, 0.08986233962001598, 0.3039898895506519, 6.256662011480533e-16, 0.18406052305136153, -0.2454800628045074, 0.04488229559622345]
other derivatives: [ 0.27648639 -0.82648057  0.33123797  0.10777512  0.07923973  0.        ]
Current x array =  [-0.72339898 -0.90844028 -0.46314688  0.9115673  -3.02819198  0.33647224
  0.4926087  -2.12635102 -2.62432304 -2.05385952 -3.89004576 -2.61743078
 -4.18907001 -4.23436339 -5.12425395 -2.80091232 -4.23436339 -2.30258509
 -4.41727721 -3.96028422 -2.30258509 -4.23436339 -4.82702972 -4.54188628]
log likelihood =  -1784.89186398
Edge derivatives =  [-1.2097580491547233, -0.6545400461863117, -0.00796976804410468, 0.2398657358932599, 0.2149128643773249, 0.8007632551608123, 0.12559010741730822, 0.04561704285338243, -0.7172048210482296, 0.48084529326062597, 0.04561704285338211, 1.8344358456965207e-16, -0.030605188078497818, 0.0682932588068568, 1.81720607098172e-16, 0.045617042853382236, -0.231943444832237, -0.021633240653146174]
other derivatives: [ 0.56961653  0.77384357 -0.99132649  0.69553607 -1.40155407  0.        ]
Current x array =  [-0.72439375 -0.91392771 -0.46208825  0.90453699 -3.01037267  0.33647224
  0.50462667 -2.2004257  -2.63015227 -2.03813226 -3.86025769 -2.64341787
 -4.14242041 -4.19728853 -5.18669789 -2.82020086 -4.19728853 -2.30258509
 -4.38748487 -3.91128304 -2.30258509 -4.19728853 -4.83338749 -4.51885267]
log likelihood =  -1784.81936018
Edge derivatives =  [-1.157122020258905, -0.48710981237272527, -0.21796298452618013, -0.2581880631538588, 0.11930049030095832, 0.9798641807434336, -0.044899760843694764, -0.07918444884314968, -0.5942902153566529, 0.7336285078614977, -0.07918444884315047, -2.282068384576234e-17, -0.1383601759096319, -0.16973917610726072, -2.2534173996483063e-17, -0.07918444884315032, -0.17692474360010468, -0.06244732728990287]
other derivatives: [ 1.64820904 -0.33285232  7.49537321  0.55888449 -0.04408776  0.        ]
Current x array =  [-0.72563259 -0.91092012 -0.47147224  0.90108219 -3.04469832  0.33647224
  0.52429102 -2.30002478 -2.63560648 -2.00879493 -3.82896228 -2.65929665
 -4.09533606 -4.16322275 -5.28803444 -2.83693867 -4.16322275 -2.30258509
 -4.36459789 -3.86171774 -2.30258509 -4.16322275 -4.85864784 -4.50430707]
log likelihood =  -1784.6861022
Edge derivatives =  [-0.48052516221953523, -0.3976571533524545, -0.46983435093953074, -0.8993543491446188, 0.06575050218146775, 0.7791929156775476, -0.07455836215255357, -0.07652694896000677, -0.46021964662475406, 0.7609235329851383, -0.07652694896000659, -5.7725849068629325e-19, -0.09748628390672495, -0.26831238468263097, -3.205008992044914e-19, -0.07652694896000586, -0.055611999636060325, 0.001456925379268753]
other derivatives: [-1.03148068  0.5949687   0.38837698  1.19885044 -0.07837571  0.        ]
Current x array =  [-0.721968   -0.9133166  -0.46438427  0.88721648 -3.03089489  0.33647224
  0.50342088 -2.37897851 -2.64077181 -1.97606625 -3.82348041 -2.64613613
 -4.08337607 -4.16319124 -5.41466022 -2.83735316 -4.16319124 -2.30258509
 -4.37640863 -3.84346332 -2.30258509 -4.16319124 -4.91684045 -4.52469367]
log likelihood =  -1784.61551731
Edge derivatives =  [-0.1533372249642979, -0.33718866585733026, -0.6277376317405304, -1.354257630394022, 0.0553185865314897, 0.43519790628712995, 0.003915759290884693, 0.021246027151220915, -0.3503914721525339, 0.671943470082816, 0.02124602715122065, 5.546260069376352e-16, 0.022492304310479404, -0.21584600901705034, 5.571912013211467e-16, 0.02124602715122067, 0.0776999112004395, 0.11952998356503942]
other derivatives: [-0.08321877  0.32925982 -1.45732884  1.01754267 -0.02644356  0.        ]
Current x array =  [-0.7231613  -0.91207891 -0.46220918  0.89128626 -3.02676259  0.33647224
  0.49841992 -2.43012395 -2.64712539 -1.9518114  -3.83694662 -2.62176879
 -4.09886106 -4.18719672 -5.53275547 -2.83028977 -4.18719672 -2.30258509
 -4.41046528 -3.85322637 -2.30258509 -4.18719672 -4.98520334 -4.56494862]
log likelihood =  -1784.59957693
Edge derivatives =  [-0.5089568017806818, -0.28408754627892824, -0.5725092225690425, -1.3582724659329926, 0.014249071403109333, 0.13954616359626143, -0.008781364206327802, 0.041214774900169476, -0.2497774738606087, 0.539743247050759, 0.04121477490016938, 5.838432970127897e-16, 0.0795331950821248, -0.27491540164568007, 5.943694480442969e-16, 0.04121477490016945, 0.191996526716655, 0.1872894528493623]
other derivatives: [-8.73601493 -2.69619704 -1.99204351  0.10586518 -0.18010269  0.        ]
Current x array =  [-0.71079229 -0.90276972 -0.46197142  0.91708618 -3.02006152  0.33647224
  0.49948099 -2.51469685 -2.66770033 -1.94767678 -3.83706774 -2.60656178
 -4.09422238 -4.19420106 -5.67617696 -2.82286009 -4.19420106 -2.30258509
 -4.42998434 -3.84589642 -2.30258509 -4.19420106 -5.05118646 -4.59151175]
log likelihood =  -1784.53367045
Edge derivatives =  [-0.15508306211032297, -0.25351361233100106, -0.5221392809609039, -1.2791492646645812, 0.03856152540304428, 0.1557398465542013, 0.017788388746203483, 0.07617978756479961, -0.2211304509603431, 0.5640329015441337, 0.07617978756479994, 1.246356242795406e-19, 0.11528782933261345, -0.24879427064951953, 6.622600289002923e-20, 0.07617978756479948, 0.2309874152620083, 0.2242353428582635]
other derivatives: [-1.91309937 -0.92879873 -0.61600076 -0.15147634 -0.11925749  0.        ]
Current x array =  [-0.71967963 -0.90780076 -0.46314745  0.91871003 -3.01683629  0.33647224
  0.49683371 -2.53112948 -2.67341459 -1.94752801 -3.8424691  -2.60552213
 -4.09908378 -4.20152022 -5.71429886 -2.82315975 -4.20152022 -2.30258509
 -4.44028644 -3.8492973  -2.30258509 -4.20152022 -5.07246214 -4.60378156]
log likelihood =  -1784.50954558
Edge derivatives =  [0.0404682669494445, -0.2300483125534135, -0.39263331941091456, -1.008149236996193, 0.04666891904491793, 0.23099496940828879, -0.008507527718131212, 0.061431479715138425, -0.2041532214416037, 0.5806252961218843, 0.061431479715138605, 9.788636555188242e-16, 0.10741601502954913, -0.2829724166346633, 1.0035355646387622e-15, 0.06143147971513809, 0.24608697176623617, 0.22320324524534338]
other derivatives: [ 0.36723122 -0.18471837  0.12119017 -0.47641606 -0.08008101  0.        ]
Current x array =  [-0.72238935 -0.90985644 -0.46396626  0.92396051 -3.01297861  0.33647224
  0.49397158 -2.55389731 -2.68253961 -1.95663428 -3.83926835 -2.61063783
 -4.09223066 -4.19717956 -5.7439143  -2.82389146 -4.19717956 -2.30258509
 -4.43838733 -3.84302065 -2.30258509 -4.19717956 -5.08141287 -4.60330217]
log likelihood =  -1784.4864585
Edge derivatives =  [0.30972873325604877, -0.19511803699619334, -0.1802846006512988, -0.5604391550512469, 0.038845768505510234, 0.27077936504987876, -0.06530821115904242, 0.024767655195990248, -0.18250975398862054, 0.541270710477971, 0.02476765519599052, 1.6898225016411012e-17, 0.0869639024625553, -0.3515853972240208, 1.9728194348674356e-17, 0.024767655195990515, 0.26343592847074676, 0.21085125388357265]
other derivatives: [ 1.32395144  0.37025529  0.29019702 -0.94207735  0.00952696  0.        ]
Current x array =  [-0.72312212 -0.91140924 -0.46423388  0.93266931 -3.00845371  0.33647224
  0.48987714 -2.59305575 -2.6973275  -1.97270089 -3.8310769  -2.61447661
 -4.07850069 -4.18744894 -5.79015296 -2.82091484 -4.18744894 -2.30258509
 -4.43246064 -3.83154973 -2.30258509 -4.18744894 -5.09236088 -4.59905814]
log likelihood =  -1784.45788965
Edge derivatives =  [0.19138468505272543, -0.17745691499144198, 0.02969780871651438, -0.12259299980943994, 0.0331716436285345, 0.16380485115059207, -0.09671896112349797, 0.008141426407372549, -0.16088699586171842, 0.37369599363938377, 0.008141426407372292, -7.531562970353098e-17, 0.08434632969600545, -0.37020529943965647, -6.042199501958029e-17, 0.00814142640737239, 0.2832042879768811, 0.2062149465948947]
other derivatives: [ 1.07957021  0.62498202  0.87211447 -0.66279426 -0.17780621  0.        ]
Current x array =  [-0.72259539 -0.91161807 -0.46561182  0.92523693 -2.99948663  0.33647224
  0.48379507 -2.63039891 -2.71126419 -1.98963387 -3.82559443 -2.60888603
 -4.0706569  -4.18227829 -5.83973128 -2.80898693 -4.18227829 -2.30258509
 -4.43028977 -3.82869256 -2.30258509 -4.18227829 -5.10401345 -4.59708057]
log likelihood =  -1784.53215246
Edge derivatives =  [-0.0815875083255424, -0.062346747363445705, 0.4047136352129588, 0.6616417323979616, -0.08573949951481763, 0.07030473039054679, -0.2597920259981877, -0.12019866532769594, -0.10441490926817741, 0.038523540068351014, -0.12019866532769552, 9.399309031690597e-17, 0.028021860069605744, -0.5094900619886173, 9.194256042303228e-17, -0.12019866532769594, 0.31233929930769044, 0.14169187874211303]
other derivatives: [ 3.08787094 -5.10990503 -5.90698619 -0.22475888  0.67570909  0.        ]
Current x array =  [-0.72722319 -0.89342888 -0.45635809  0.91872021 -3.03632773  0.33647224
  0.51358142 -2.76006285 -2.74060515 -2.01524272 -3.79329285 -2.60330973
 -4.03019122 -4.149988   -5.98186041 -2.78391352 -4.149988   -2.30258509
 -4.4066718  -3.80727716 -2.30258509 -4.149988   -5.12216119 -4.57306563]
log likelihood =  -1784.44728033
Edge derivatives =  [0.11853783958211883, -0.14456795193680272, 0.12927255979128544, 0.08510868426703658, 0.0028378873992519274, 0.13973563792809301, -0.13851451607557666, -0.024900947432347796, -0.14453152220485005, 0.28728459463326894, -0.02490094743234833, 2.305109876824008e-16, 0.06984181527584638, -0.4061538560969034, 2.569577802393925e-16, -0.02490094743234835, 0.29093041290514476, 0.18957917136015873]
other derivatives: [ 1.60891886 -0.84651219 -0.86415639 -0.54787961  0.05084075  0.        ]
Current x array =  [-0.72380415 -0.90686714 -0.46319478  0.92353479 -3.00910937  0.33647224
  0.49157514 -2.66426657 -2.71892792 -1.99632279 -3.8171574  -2.60742953
 -4.06008744 -4.1738442  -5.8768548  -2.80243786 -4.1738442  -2.30258509
 -4.42412086 -3.82309895 -2.30258509 -4.1738442  -5.10875356 -4.59080797]
log likelihood =  -1784.43165006
Edge derivatives =  [-0.022079040448984344, -0.13083860008608744, 0.2385256331319222, 0.3030652218882577, -0.005842331361430041, -0.034472767220385336, -0.14088106763983319, -0.020619923626285237, -0.12982690181774428, 0.08081508886819044, -0.020619923626285095, 2.488899683994339e-16, 0.08130938438911196, -0.3759731834566795, 2.3695748005415754e-16, -0.020619923626284998, 0.30671436362172655, 0.19128444403913664]
other derivatives: [ 0.03433342 -0.23071607 -0.10134045  0.08844836  0.01398348  0.        ]
Current x array =  [-0.72163582 -0.90879109 -0.46473097  0.90919621 -3.00720942  0.33647224
  0.48847726 -2.69226593 -2.72638632 -2.00487697 -3.81475431 -2.596527
 -4.05895928 -4.1734932  -5.91764578 -2.78778839 -4.1734932  -2.30258509
 -4.42524819 -3.82836629 -2.30258509 -4.1734932  -5.1175623  -4.59071309]
log likelihood =  -1784.42749496
Edge derivatives =  [-0.0513914730184406, -0.12426225884094382, 0.21738305034295263, 0.2540996057014861, -0.012527829553256018, -0.07827702412995935, -0.13360863223031666, -0.01602304621223465, -0.12563281905830526, 0.026485279344954815, -0.01602304621223416, -8.506284505047632e-16, 0.08613936561440932, -0.35100866864144203, -8.389222965007389e-16, -0.016023046212233716, 0.3081849337650332, 0.1905894550002959]
other derivatives: [-0.35179255 -0.13967565 -0.13114914  0.22209861  0.06109531  0.        ]
Current x array =  [-0.72118611 -0.90928881 -0.46466104  0.90665792 -3.00982807  0.33647224
  0.49013152 -2.6991008  -2.725512   -2.00272679 -3.81460864 -2.59335646
 -4.06043586 -4.17434728 -5.92805939 -2.7839093  -4.17434728 -2.30258509
 -4.42582092 -3.83276208 -2.30258509 -4.17434728 -5.11826309 -4.59027643]
log likelihood =  -1784.41519345
Edge derivatives =  [-0.1222362866105966, -0.10246559480252072, 0.12774598801168582, 0.059937290686375655, -0.03615859490201273, -0.14970993801217744, -0.11570779875530743, -0.013234820410672924, -0.11470338204546056, -0.127440133194896, -0.013234820410673264, 8.644093374530257e-16, 0.08588187318316795, -0.2606957201331225, 7.575761963461317e-16, -0.01323482041067314, 0.2978995429294473, 0.17085309143194172]
other derivatives: [-0.81363396  0.07717063  0.09019914  0.44458375  0.22312179  0.        ]
Current x array =  [-0.72075591 -0.91062977 -0.46462394  0.90262746 -3.0184706   0.33647224
  0.49647885 -2.72089268 -2.72020495 -1.99499884 -3.81250693 -2.58758982
 -4.06422973 -4.17435379 -5.95584798 -2.77305269 -4.17435379 -2.30258509
 -4.42312757 -3.84882605 -2.30258509 -4.17435379 -5.11169159 -4.58281707]
log likelihood =  -1784.40653618
Edge derivatives =  [-0.14962384444738808, -0.08591112387253742, 0.055904205140820576, -0.06965068744294789, -0.05179680995927105, -0.15074705651584963, -0.08698910690647899, -0.020016025745985665, -0.10819801366010243, -0.3075232609278271, -0.020016025745984642, 7.949015918206255e-17, 0.07030369789194851, -0.1125649438922213, 3.5585898414761184e-18, -0.020016025745984493, 0.25386512764874886, 0.1168742184560565]
other derivatives: [-0.97718384  1.14623617 -3.21615516  0.71172508 -0.08890311  0.        ]
Current x array =  [-0.72078322 -0.91448811 -0.46078772  0.89929632 -3.01427197  0.33647224
  0.49590207 -2.74164948 -2.71140008 -1.99256848 -3.81021909 -2.58554616
 -4.0715973  -4.1725525  -5.97618907 -2.76041417 -4.1725525  -2.30258509
 -4.41347095 -3.87691744 -2.30258509 -4.1725525  -5.0853744  -4.56358192]
log likelihood =  -1784.38969403
Edge derivatives =  [-0.3043738891559009, -0.07022506882060134, -0.014403364707058594, -0.20904207152599366, -0.0778434444874479, -0.16013964182236967, -0.08556703603178553, -0.0386109180347108, -0.09702716094470894, -0.4387447060871428, -0.03861091803471117, -1.1037312840647939e-16, 0.04286832650809563, -0.02466918182045256, -9.220925929394375e-17, -0.03861091803471175, 0.22606355078395896, 0.07086601491292371]
other derivatives: [-0.85876763  0.48651145 -0.64283086  0.43992259  0.01869012  0.        ]
Current x array =  [-0.72082053 -0.91247919 -0.46350209  0.90431892 -3.01792793  0.33647224
  0.50076668 -2.77102607 -2.70638871 -1.98849754 -3.80508848 -2.58531835
 -4.07224483 -4.1678631  -6.00703964 -2.75208849 -4.1678631  -2.30258509
 -4.4043311  -3.89342191 -2.30258509 -4.1678631  -5.06974393 -4.54803915]
log likelihood =  -1784.37988609
Edge derivatives =  [-0.3000018331184351, -0.06411524406552244, -0.014829208900414712, -0.19039510118449274, -0.08533579789101454, -0.09133955324619845, -0.09200972161166236, -0.0616719087361841, -0.09146368829684821, -0.4663816265869798, -0.0616719087361841, 6.280652957917766e-16, 0.011441591738079824, 0.026424102880951088, 7.1071727874330665e-16, -0.061671908736183924, 0.19591378833406342, 0.027089097805112882]
other derivatives: [-0.14233592  0.1440867   0.35240646  0.01255103 -0.06325536  0.        ]
Current x array =  [-0.72151436 -0.91104503 -0.46464798  0.91262874 -3.01268945  0.33647224
  0.49885258 -2.78967591 -2.70429243 -1.99123709 -3.80120292 -2.59037175
 -4.07144101 -4.16261081 -6.02300677 -2.75065741 -4.16261081 -2.30258509
 -4.39488463 -3.90351044 -2.30258509 -4.16261081 -5.0533064  -4.53376291]
log likelihood =  -1784.3747026
Edge derivatives =  [-0.18316842618635265, -0.06106886419868573, 0.0071851170726227875, -0.1258320472825001, -0.08056411336581282, -0.010663446234843485, -0.09242275693026232, -0.0768614792799794, -0.08728434890499703, -0.4328436956072821, -0.0768614792799796, 1.40871237104088e-15, -0.01224878240324219, 0.06456981261121844, 1.4093110130654577e-15, -0.07686147927998009, 0.17011785764344248, -0.0063359780086704506]
other derivatives: [-0.14240413 -0.00304681  0.23019311 -0.26507223 -0.12973942  0.        ]
Current x array =  [-0.72123315 -0.91017548 -0.46470909  0.91796515 -3.00628901  0.33647224
  0.49386774 -2.8020286  -2.70323866 -1.99576865 -3.79947553 -2.59603182
 -4.07186901 -4.15935886 -6.03339861 -2.75296794 -4.15935886 -2.30258509
 -4.38787808 -3.91116281 -2.30258509 -4.15935886 -5.0394208  -4.52307147]
log likelihood =  -1784.44159822
Edge derivatives =  [0.5134401039744636, -0.035102603929575975, 0.14003069888683461, 0.1988499382253659, -0.03743376292757504, -0.011174474472052137, -0.029975028947638312, -0.06015897838879067, -0.06285911259800006, -0.3494607058236996, -0.060158978388791085, -2.391179128734981e-16, -0.037827909705932916, 0.2548361471780142, -2.41071553421317e-16, -0.0601589783887906, 0.09992797155483274, -0.07634363401916622]
other derivatives: [ 9.63193543  1.09944267  2.18806235  0.11687007 -0.09501946  0.        ]
Current x array =  [-0.734627   -0.91065245 -0.46792498  0.89843568 -2.98701354  0.33647224
  0.4711405  -2.83846678 -2.69909982 -2.01350751 -3.80191032 -2.59461843
 -4.0864062  -4.16113151 -6.07637642 -2.75551141 -4.16113151 -2.30258509
 -4.37614932 -3.94609512 -2.30258509 -4.16113151 -4.99882232 -4.49833925]
log likelihood =  -1784.37317029
Edge derivatives =  [-0.09449976964738971, -0.057708462919532896, 0.024240130054849165, -0.08333569310412697, -0.07502481581320318, -0.010787914458892517, -0.08429096445634199, -0.07470660351792988, -0.08404679707415569, -0.4220917525531549, -0.0747066035179296, 4.830247265138791e-16, -0.015563363552163024, 0.08964331637444656, 4.670690379835635e-16, -0.07470660351792993, 0.16115378410585135, -0.01534687764384551]
other derivatives: [ 1.14584964  0.13883437  0.4888534  -0.21675532 -0.12466899  0.        ]
Current x array =  [-0.72297132 -0.91023738 -0.46512643  0.91543074 -3.00378757  0.33647224
  0.49091834 -2.80675731 -2.70270155 -1.99807069 -3.7997915  -2.5958484
 -4.07375555 -4.1595889  -6.03897599 -2.75329802 -4.1595889  -2.30258509
 -4.38635599 -3.9156961  -2.30258509 -4.1595889  -5.03415219 -4.51986188]
log likelihood =  -1784.36956386
Edge derivatives =  [0.04875205925800685, -0.057138285125579384, 0.04030428454250448, -0.03671166606122908, -0.06415789947934121, 0.04261866762936671, -0.07601327383317256, -0.07781519868878407, -0.08105019286044236, -0.3461849558393384, -0.07781519868878335, 6.384751933642893e-16, -0.027596871382516402, 0.11619299327066757, 6.89797605896594e-16, -0.07781519868878373, 0.1425313781797559, -0.03368007723755988]
other derivatives: [ 0.85940428 -0.01100489  0.10293206 -0.28510385 -0.11586963  0.        ]
Current x array =  [-0.72241801 -0.9093728  -0.46494391  0.91621841 -2.99971574  0.33647224
  0.4859757  -2.81160128 -2.70142516 -2.00146084 -3.80028281 -2.59952802
 -4.07591856 -4.15912511 -6.04284629 -2.75811507 -4.15912511 -2.30258509
 -4.38289144 -3.92084811 -2.30258509 -4.15912511 -5.02409342 -4.51405498]
log likelihood =  -1784.36414239
Edge derivatives =  [0.18196618214930282, -0.054107063866848326, 0.04803806154978019, -0.003486079067747422, -0.04812168343416731, 0.08305896571932658, -0.05453507911291705, -0.072266098446063, -0.07434309511247812, -0.18902993640238597, -0.07226609844606276, -8.272920100753106e-17, -0.03888099188302105, 0.15534002104734837, -7.351811188698718e-17, -0.07226609844606269, 0.11607030069747465, -0.054020729774984996]
other derivatives: [ 0.29203875 -0.25331701 -0.13503723 -0.15809292 -0.02112301  0.        ]
Current x array =  [-0.72156104 -0.90817329 -0.4650155   0.91265768 -2.99800636  0.33647224
  0.48148935 -2.81935864 -2.69832635 -2.00477054 -3.80218889 -2.60215218
 -4.08095893 -4.16050318 -6.05099211 -2.76772895 -4.16050318 -2.30258509
 -4.37957373 -3.92799181 -2.30258509 -4.16050318 -5.00955937 -4.50744459]
log likelihood =  -1784.36041066
Edge derivatives =  [0.2009437273269028, -0.04969978489251178, 0.04573003756344071, 0.004587721320520155, -0.03504524025694784, 0.09824848245577453, -0.03390148379422596, -0.0600643185980845, -0.06782223790532384, -0.009009296261490274, -0.06006431859808424, 8.400705201853573e-16, -0.043493819701435565, 0.17255333989531135, 8.263935999716919e-16, -0.06006431859808376, 0.09690654179899591, -0.06258016770067354]
other derivatives: [-0.17223556 -0.01818989  0.17375896 -0.00022737  0.05818492  0.        ]
Current x array =  [-0.72086538 -0.90891927 -0.46552169  0.90924195 -2.99927136  0.33647224
  0.4810036  -2.82614935 -2.69530787 -2.00629312 -3.80464678 -2.60281055
 -4.08568627 -4.16311175 -6.05947265 -2.77871812 -4.16311175 -2.30258509
 -4.37856104 -3.93060412 -2.30258509 -4.16311175 -4.99893611 -4.50455588]
log likelihood =  -1784.35921698
Edge derivatives =  [0.13738786209881404, -0.03756144011432224, 0.028927464068812456, -0.0253608683873065, -0.03592162092875441, 0.06101604106413616, -0.016464474090382517, -0.04475762081275672, -0.056070731466105674, 0.1647619953768329, -0.04475762081275754, -3.228200624439072e-16, -0.03737049992456246, 0.16018733178016842, -3.4439269593348166e-16, -0.04475762081275747, 0.0909158751920877, -0.057495067475319614]
other derivatives: [ 0.10536496 -0.92011305 -0.50345079  0.14192665  0.23685516  0.        ]
Current x array =  [-0.721576   -0.90604864 -0.46443675  0.90695597 -3.0069581   0.33647224
  0.48670933 -2.8402417  -2.69318174 -2.00490424 -3.80674432 -2.59984407
 -4.0890628  -4.16665413 -6.07982259 -2.78923401 -4.16665413 -2.30258509
 -4.38031496 -3.92782181 -2.30258509 -4.16665413 -4.99543008 -4.50608361]
log likelihood =  -1784.35644042
Edge derivatives =  [0.009665291938406373, -0.03542476885947987, 0.021103924546115427, -0.03734546860947949, -0.03776525181039076, 0.0442924688835815, -0.012285924585003612, -0.041003867753132806, -0.054800523671727726, 0.1576965167261073, -0.041003867753133263, 7.48741291889316e-17, -0.03885653721714325, 0.16671833154157278, 6.839935800787314e-17, -0.041003867753132736, 0.08432731406237702, -0.06165129568778706]
other derivatives: [-0.08990355 -0.17496404  0.1826038   0.16152626  0.12992132  0.        ]
Current x array =  [-0.72121228 -0.90880299 -0.46518762  0.90729966 -3.0065594   0.33647224
  0.48868855 -2.84558483 -2.69196934 -2.0047838  -3.80684845 -2.59846132
 -4.09020602 -4.16715176 -6.08633124 -2.78852964 -4.16715176 -2.30258509
 -4.37975659 -3.92897551 -2.30258509 -4.16715176 -4.99181282 -4.5046601 ]
log likelihood =  -1784.35506146
Edge derivatives =  [-0.09715651214421595, -0.03187718756029827, 0.016674610119188693, -0.045295095273846425, -0.0434706276817885, 0.02163642087001913, -0.012937497897100608, -0.03907430884228677, -0.05302229329624552, 0.1358038363502545, -0.03907430884228638, 3.7718661825319107e-16, -0.0376075000571547, 0.15745631537832505, 3.827919292308803e-16, -0.03907430884228626, 0.08355889556321493, -0.060886351138733065]
other derivatives: [ 0.02703473  0.13023964  0.34649474  0.10948042  0.05061338  0.        ]
Current x array =  [-0.72136859 -0.91007675 -0.46520796  0.90927402 -3.00714592  0.33647224
  0.49155336 -2.85176791 -2.69173371 -2.00434926 -3.80660559 -2.59676287
 -4.09005722 -4.16741542 -6.09445677 -2.78696383 -4.16741542 -2.30258509
 -4.3799871  -3.92733709 -2.30258509 -4.16741542 -4.99142165 -4.5049221 ]
log likelihood =  -1784.35323386
Edge derivatives =  [-0.2067599037057093, -0.024066280428226387, 0.01623848324103465, -0.04121997565570057, -0.05000698710726451, -0.01805827185063584, -0.01006500335640145, -0.033496424714639275, -0.047698518500069606, 0.12328317353246865, -0.03349642471463933, 9.682570539029562e-17, -0.0355637836561611, 0.13858354556373384, 8.188688968449797e-17, -0.0334964247146389, 0.07840412462838141, -0.06029255031874575]
other derivatives: [ 0.22243967  0.30099727  0.39096903  0.01737135 -0.01618901  0.        ]
Current x array =  [-0.72163934 -0.91092482 -0.46502868  0.91229353 -3.00825623  0.33647224
  0.49518013 -2.86555141 -2.69112692 -2.00464072 -3.80685019 -2.593903
 -4.09060576 -4.16851916 -6.11273124 -2.78588616 -4.16851916 -2.30258509
 -4.38040702 -3.92398768 -2.30258509 -4.16851916 -4.98873184 -4.50520862]
log likelihood =  -1784.35033816
Edge derivatives =  [-0.24000038985632255, -0.010992283127155264, 0.02239463279778689, -0.01693776657779164, -0.05420070929064087, -0.08702421393629792, 0.0014110103430352537, -0.021420129388884598, -0.03825934268832768, 0.0766630369679917, -0.02142012938888403, 1.2331104787677133e-17, -0.03182341372796892, 0.11440161523170961, 2.885818641096231e-17, -0.02142012938888375, 0.06316476562790806, -0.061783384369346744]
other derivatives: [ 0.29701823  0.36643542  0.21093456 -0.05779839 -0.0400405   0.        ]
Current x array =  [-0.72171132 -0.91130621 -0.4646885   0.91454755 -3.00868625  0.33647224
  0.49705966 -2.89004286 -2.68944535 -2.00657377 -3.80823037 -2.58909334
 -4.09295952 -4.17109604 -6.14537078 -2.78243567 -4.17109604 -2.30258509
 -4.38094332 -3.91988271 -2.30258509 -4.17109604 -4.98066695 -4.50488154]
log likelihood =  -1784.35547662
Edge derivatives =  [-0.3224915917412403, 0.005317253329491118, 0.018995028088715754, 0.0034967938002185284, -0.04425045476199443, -0.15966342312193257, 0.026609764325544735, 0.001859876971807617, -0.018326440009057046, 0.004240369476119277, 0.0018598769718078667, 6.87835076404688e-17, -0.03446342462563228, 0.059709445298453546, 5.664161276659029e-17, 0.0018598769718078424, 0.023312909798857667, -0.06594538037185652]
other derivatives: [ 0.17219008 -0.66722805  3.53709311 -0.38724011  0.09163159  0.        ]
Current x array =  [-0.72115489 -0.90755387 -0.46874124  0.91954371 -3.00759608  0.33647224
  0.49680609 -2.94006632 -2.68465895 -2.01062571 -3.81257303 -2.58525617
 -4.09772357 -4.17633514 -6.21183838 -2.77793263 -4.17633514 -2.30258509
 -4.38168598 -3.90952085 -2.30258509 -4.17633514 -4.96019093 -4.50435644]
log likelihood =  -1784.34938825
Edge derivatives =  [-0.26302199922626723, -0.0062066148295086675, 0.021499054802669587, -0.011064947328955355, -0.051365269964299576, -0.10748515871488759, 0.008547605577174228, -0.01482382462304652, -0.03237719995408803, 0.05626205484362856, -0.01482382462304634, -7.575149438964863e-16, -0.032575570086459366, 0.0990249488954589, -7.847915379080674e-16, -0.014823824623046829, 0.05199468494458155, -0.0629548957005663]
other derivatives: [ 0.26197995  0.0755108   1.15660441 -0.1510216  -0.0024329   0.        ]
Current x array =  [-0.72155409 -0.91024593 -0.46583366  0.91595929 -3.0083782   0.33647224
  0.49698801 -2.90417778 -2.68809288 -2.00771871 -3.80945746 -2.58800908
 -4.09430568 -4.17257643 -6.16415225 -2.78116326 -4.17257643 -2.30258509
 -4.38115317 -3.9169548  -2.30258509 -4.17257643 -4.97488112 -4.50473317]
log likelihood =  -1784.34668622
Edge derivatives =  [-0.13618383885024166, 0.007950038734012524, 0.03501832667655429, 0.034868645982637975, -0.04610696156233997, -0.1582370714828976, 0.027807406739348485, 0.00022684512075070093, -0.021835222719012254, 0.005091227054648595, 0.00022684512075075644, 2.519486276788055e-16, -0.029647104086080976, 0.07790481883534112, 2.5784052252643273e-16, 0.0002268451207506593, 0.025697565979989498, -0.06829443440209565]
other derivatives: [ 0.13819772  0.01100489  0.28442173 -0.17066668  0.02530669  0.        ]
Current x array =  [-0.72131608 -0.90989515 -0.46492325  0.91627167 -3.0065895   0.33647224
  0.4945218  -2.93259943 -2.6852933  -2.01149439 -3.81216875 -2.58432554
 -4.0982895  -4.17599077 -6.20182644 -2.77739164 -4.17599077 -2.30258509
 -4.38119815 -3.91358084 -2.30258509 -4.17599077 -4.96114629 -4.50320019]
log likelihood =  -1784.3457185
Edge derivatives =  [-0.026905429871059816, 0.011675604512848235, 0.03830894965381926, 0.04970698782809041, -0.0366865003086505, -0.1486724289676814, 0.03721569649180999, 0.006192831519955307, -0.01799537621620936, -0.0031704118471211906, 0.00619283151995487, 6.471625500617658e-16, -0.029406699222662043, 0.07195111355106414, 6.460727968631336e-16, 0.006192831519954967, 0.012962107633460755, -0.07012057059451308]
other derivatives: [-0.002251   -0.10231815 -0.01850822 -0.13087629  0.06884875  0.        ]
Current x array =  [-0.72107199 -0.90927459 -0.46476801  0.9147357  -3.00486414  0.33647224
  0.49132362 -2.94123094 -2.68371855 -2.01315134 -3.81390855 -2.58483681
 -4.10012214 -4.17742529 -6.21340071 -2.77677766 -4.17742529 -2.30258509
 -4.38119934 -3.91249489 -2.30258509 -4.17742529 -4.95450854 -4.50268177]
log likelihood =  -1784.3448794
Edge derivatives =  [0.059085497576846, 0.012438567362312686, 0.03528586738838406, 0.04922276108396337, -0.023661979647782053, -0.10758661437646179, 0.04307318311692153, 0.009716740043999198, -0.015593325921073934, -0.005378496657777454, 0.00971674004399974, 9.056748012874335e-16, -0.029406039174812694, 0.06402093760020358, 8.831234895067603e-16, 0.009716740043999809, 0.003858742557571215, -0.06880257625362873]
other derivatives: [-0.08096777 -0.18083028 -0.13328645 -0.06889422  0.08924417  0.        ]
Current x array =  [-0.72091609 -0.90871785 -0.46487296  0.91259242 -3.00259981  0.33647224
  0.48786358 -2.94491345 -2.68226915 -2.01397906 -3.81565675 -2.58740075
 -4.100984   -4.17831743 -6.21868061 -2.7767008  -4.17831743 -2.30258509
 -4.38149626 -3.91079736 -2.30258509 -4.17831743 -4.94973512 -4.50315477]
log likelihood =  -1784.34384804
Edge derivatives =  [0.028879312530102563, 0.012267848925150445, 0.018522816841241088, 0.019030517993800067, -0.008544287858360665, -0.03528973184836133, 0.043903113470653024, 0.011891403295718111, -0.01272675923962812, -0.004783322782712762, 0.011891403295718719, 6.842967938108554e-16, -0.02768538894391199, 0.04202120585273058, 6.76163995118596e-16, 0.011891403295718979, -0.0016875264318051246, -0.060696777833716756]
other derivatives: [-0.15074875 -0.17296315 -0.12446435  0.01443823  0.03019522  0.        ]
Current x array =  [-0.7208194  -0.90855222 -0.46506885  0.91057973 -3.00036526  0.33647224
  0.48625469 -2.9490622  -2.68057669 -2.01332358 -3.81756029 -2.5918311
 -4.10024529 -4.1788472  -6.22535238 -2.77686695 -4.1788472  -2.30258509
 -4.38274577 -3.90622177 -2.30258509 -4.1788472  -4.94675478 -4.5058368 ]
log likelihood =  -1784.3492391
Edge derivatives =  [0.35881500050302995, 0.024036287727965996, 0.005493953286125244, -0.00032460073202503215, 0.014822087121971687, 0.06703694823557176, 0.04233990858476701, 0.018029473514699468, -0.0060066520677404065, 0.031102199582402346, 0.01802947351469906, 6.17180051236415e-16, -0.02046815142847072, 0.002984544744222689, 6.454588669038641e-16, 0.01802947351469851, -0.008227904348352648, -0.04060254767588749]
other derivatives: [ 2.76404535  0.23976554  0.32673597 -0.03051355  0.23505891  0.        ]
Current x array =  [-0.72471818 -0.90933915 -0.46557715  0.90854791 -3.00045004  0.33647224
  0.48255435 -2.95826987 -2.67801613 -2.01256822 -3.82065561 -2.59744256
 -4.09807925 -4.17974615 -6.24057499 -2.77881201 -4.17974615 -2.30258509
 -4.38585032 -3.8976899  -2.30258509 -4.17974615 -4.94272445 -4.51206203]
log likelihood =  -1784.34372424
Edge derivatives =  [0.07183628352737115, 0.013805097149107005, 0.016822474450323907, 0.016500200536104848, -0.005504339200230437, -0.021939896558942545, 0.043697956217034595, 0.01268974594963954, -0.011844853268087235, -0.00011563142869519538, 0.012689745949640913, 2.9685949157386147e-16, -0.02674695322475404, 0.03695969341134624, 3.2947704644969143e-16, 0.012689745949641246, -0.00253783081637869, -0.05807514257581581]
other derivatives: [ 0.23042048 -0.11916654 -0.06580194  0.00861746  0.05682068  0.        ]
Current x array =  [-0.72132683 -0.90865464 -0.46513501  0.91031529 -3.0003763   0.33647224
  0.48577309 -2.95026058 -2.68024343 -2.01322527 -3.81796315 -2.59256144
 -4.09996338 -4.1789642  -6.22733362 -2.7771201  -4.1789642  -2.30258509
 -4.38314983 -3.90511134 -2.30258509 -4.1789642  -4.94623023 -4.50664702]
log likelihood =  -1784.34325977
Edge derivatives =  [-0.015338994397502859, 0.013198467373287342, -0.0006642921243348726, -0.018847577018195893, 0.0025852402906587357, 0.032336738731580036, 0.0396250251370905, 0.012515567344028027, -0.010353670927644531, 0.0016484196947352814, 0.012515567344028193, 1.9738465523044265e-16, -0.024477985612216098, 0.015024186270933527, 1.9035202457905978e-16, 0.012515567344028575, -0.0020476794750113395, -0.04880546463601195]
other derivatives: [ 0.08765255 -0.03146852  0.02919478  0.0514774  -0.01571152  0.        ]
Current x array =  [-0.72114705 -0.90896385 -0.46529016  0.909765   -2.99957909  0.33647224
  0.48635769 -2.95248181 -2.67934906 -2.01183605 -3.81892166 -2.59587948
 -4.09828088 -4.17890154 -6.23146159 -2.77735255 -4.17890154 -2.30258509
 -4.38452515 -3.90065554 -2.30258509 -4.17890154 -4.94640392 -4.50971652]
log likelihood =  -1784.3430654
Edge derivatives =  [0.0007228189237302729, 0.01408906779033553, -0.006989948504528776, -0.03252076712619792, 0.0033365398500056487, 0.046844945505296096, 0.03405512619643921, 0.011069833256848939, -0.01025757139034247, 0.007432081211452779, 0.011069833256849664, -4.38565256773889e-17, -0.022414251090580886, 0.003850068408980313, -4.410415331219386e-17, 0.011069833256849484, 0.0002957770231106476, -0.042348953709564874]
other derivatives: [-0.00661657  0.0670525   0.07973995  0.01853095  0.00943601  0.        ]
Current x array =  [-0.72098397 -0.909381   -0.46530843  0.91060771 -3.00037707  0.33647224
  0.48684836 -2.95274755 -2.67919815 -2.01111483 -3.81903301 -2.59675612
 -4.09670366 -4.178524   -6.23270238 -2.77776511 -4.178524   -2.30258509
 -4.38550147 -3.89844007 -2.30258509 -4.178524   -4.94759841 -4.51187353]
log likelihood =  -1784.34293247
Edge derivatives =  [-0.02618518223295352, 0.013925626837119922, -0.014006488590429564, -0.04818220381770846, 0.0021159062248660987, 0.059228354271062614, 0.024678259759610542, 0.007580887830556462, -0.010334768605517663, 0.015582080709121371, 0.0075808878305571, 9.753372444694819e-16, -0.01910292548936033, -0.01036325580420925, 9.685321100661351e-16, 0.007580887830557149, 0.004933856020245318, -0.03307926971662206]
other derivatives: [ 0.00322871 -0.04290541 -0.02517027 -0.02444267  0.00966338  0.        ]
Current x array =  [-0.7210307  -0.90910395 -0.46509298  0.91188128 -3.00134515  0.33647224
  0.48819733 -2.95185028 -2.67925306 -2.01017491 -3.81892471 -2.59756641
 -4.09418637 -4.17775713 -6.23284275 -2.77838683 -4.17775713 -2.30258509
 -4.38689697 -3.89571035 -2.30258509 -4.17775713 -4.95000036 -4.51499715]
log likelihood =  -1784.34278178
Edge derivatives =  [-0.013549342603185188, 0.016223819551441906, -0.007331639216700422, -0.032202446318156275, -0.00023584889656885766, 0.034450326225922825, 0.0193696855455167, 0.00765984888245903, -0.00963939471287683, 0.010567887394342446, 0.007659848882459321, -3.820213919520007e-16, -0.015237286404193778, -0.018730620218018267, -4.124681941457184e-16, 0.007659848882459876, 0.004217649973828392, -0.02660227435204833]
other derivatives: [-0.03190053  0.12548753  0.00238742 -0.04692993  0.02032721  0.        ]
Current x array =  [-0.72094369 -0.90976023 -0.46508587  0.91251201 -3.00181382  0.33647224
  0.48862104 -2.95520562 -2.67916195 -2.01094277 -3.81905285 -2.59592884
 -4.09281218 -4.17762433 -6.23860831 -2.7779456  -4.17762433 -2.30258509
 -4.38807891 -3.89417387 -2.30258509 -4.17762433 -4.94958514 -4.51716425]
log likelihood =  -1784.34261992
Edge derivatives =  [-0.0010399348670069308, 0.01624424677492627, 0.0002224208087070051, -0.015425093906259457, -0.0012173212112947668, 0.016232312173566132, 0.015173938223994262, 0.0067193158338999005, -0.009674463131004576, 0.008905488812538387, 0.0067193158339007054, -1.0525469774247088e-15, -0.012490142335767195, -0.01999515478536754, -1.058454170849775e-15, 0.006719315833900886, 0.004275395008589899, -0.022047776783682943]
other derivatives: [-0.02000888  0.09683845 -0.0208729  -0.03392415  0.02910383  0.        ]
Current x array =  [-0.72096308 -0.90963634 -0.46508024  0.91210249 -3.00173455  0.33647224
  0.48827474 -2.95512845 -2.67924964 -2.01175198 -3.81910797 -2.59484092
 -4.09177452 -4.17735826 -6.23959585 -2.77779872 -4.17735826 -2.30258509
 -4.38889106 -3.89393334 -2.30258509 -4.17735826 -4.94956127 -4.51867731]
log likelihood =  -1784.34244869
Edge derivatives =  [-0.013840524645553298, 0.01543063748481706, 0.011643019713526784, 0.013129458156805246, -0.0008308119086538057, -0.018145327461787777, 0.0050393827070016675, 0.004860732741295514, -0.008667994102850593, -0.003590271282612356, 0.004860732741294917, -2.53737521492018e-15, -0.005261305199919998, -0.026235683518483707, -2.5887743023965654e-15, 0.004860732741294952, 0.0021560045453477283, -0.008865674892932558]
other derivatives: [ 0.0058435  -0.06973551  0.18299033 -0.00886757  0.0122327   0.        ]
Current x array =  [-0.72099538 -0.90894087 -0.46542247  0.91112591 -3.00044941  0.33647224
  0.48715721 -2.95683861 -2.67881367 -2.01353039 -3.81971274 -2.5929256
 -4.08906541 -4.17684689 -6.24542687 -2.77699635 -4.17684689 -2.30258509
 -4.39129942 -3.89268267 -2.30258509 -4.17684689 -4.94836347 -4.52314359]
log likelihood =  -1784.34254595
Edge derivatives =  [0.006283904861273282, 0.014745907886850306, 0.017791268220459636, 0.026598764520845336, -0.0009518822711595543, -0.024396937868354868, 0.0006308944002754585, 0.0028691905819389386, -0.009343932039945997, -0.005122460155593256, 0.0028691905819389664, -8.434498496527182e-16, -0.0016870751450051777, -0.023465936495239995, -8.107626633494372e-16, 0.002869190581938987, 0.003055834652496042, -0.00415329687076707]
other derivatives: [ 0.04965841 -0.02323759 -0.47352842  0.05002221 -0.02405613  0.        ]
Current x array =  [-0.72111764 -0.90904943 -0.46469249  0.91005058 -2.9995765   0.33647224
  0.4863615  -2.95436079 -2.67886941 -2.01415065 -3.81975432 -2.59243257
 -4.08797484 -4.1763968  -6.24360992 -2.77680896 -4.1763968  -2.30258509
 -4.39209099 -3.89327213 -2.30258509 -4.1763968  -4.94872938 -4.52466173]
log likelihood =  -1784.3424105
Edge derivatives =  [-0.006864331212573127, 0.015193533177847584, 0.013776418063516205, 0.01780459478453339, -0.0008724326788563386, -0.020312287359944545, 0.00351110057136874, 0.004170341626698309, -0.00890221338382489, -0.004120770271103247, 0.004170341626698694, -8.347297635265621e-16, -0.004021265229715746, -0.025274240977199467, -7.922373419516653e-16, 0.004170341626699017, 0.0024682919207265116, -0.007230127109111532]
other derivatives: [ 0.0210548  -0.0535465  -0.04440608  0.01159606 -0.00034106  0.        ]
Current x array =  [-0.72103778 -0.90897852 -0.46516927  0.91075292 -3.00014664  0.33647224
  0.48688121 -2.95597916 -2.678833   -2.01374553 -3.81972717 -2.59275459
 -4.08868713 -4.17669077 -6.24479664 -2.77693135 -4.17669077 -2.30258509
 -4.39157398 -3.89288713 -2.30258509 -4.17669077 -4.94849039 -4.52367017]
log likelihood =  -1784.34239441
Edge derivatives =  [-0.0008698656750971701, 0.014954976717613309, 0.011739442373498499, 0.012972278779829122, -0.00047335702227720156, -0.013635662626155565, 0.0038020333012097167, 0.003919270846939275, -0.0091456002074908, -0.0019041322498272173, 0.003919270846939698, 8.896899351471554e-16, -0.004552574022073538, -0.024374739327016583, 8.740927168578377e-16, 0.003919270846939455, 0.0030610187107898423, -0.0078165542542873]
other derivatives: [ 0.00716227 -0.03828973 -0.05356924  0.0103455   0.00402451  0.        ]
Current x array =  [-0.72101559 -0.90903303 -0.46515807  0.91077871 -3.00021702  0.33647224
  0.48683881 -2.95514727 -2.67885167 -2.01348425 -3.81967943 -2.5931679
 -4.08876578 -4.1766467  -6.24354865 -2.77709247 -4.1766467  -2.30258509
 -4.39143874 -3.89303543 -2.30258509 -4.1766467  -4.94880098 -4.52346765]
log likelihood =  -1784.34234665
Edge derivatives =  [-0.0045721226263593095, 0.012959193402439458, 0.00893156511094137, 0.005377719268945896, -0.0014403736523319333, -0.007193462310879972, 0.0008178299794517133, 0.0013569107461876354, -0.01057368739790876, 0.003230624547714722, 0.0013569107461881141, 2.1229272143958304e-16, -0.0045137493563731194, -0.017122991062562886, 1.8169216171453206e-16, 0.0013569107461880309, 0.006324732993043697, -0.00693148134654468]
other derivatives: [ 0.01289209  0.00948148 -0.02739853  0.00818545 -0.00397904  0.        ]
Current x array =  [-0.72102484 -0.90920986 -0.46518017  0.91085631 -3.00019385  0.33647224
  0.48687265 -2.95064621 -2.67906977 -2.01298641 -3.81927912 -2.59362453
 -4.08817615 -4.17607121 -6.23820656 -2.77747719 -4.17607121 -2.30258509
 -4.39149306 -3.89433096 -2.30258509 -4.17607121 -4.95047795 -4.52374179]
log likelihood =  -1784.34231445
Edge derivatives =  [0.026109832679975575, 0.012146474217014955, 0.005676435567093782, -0.00035524483624937986, -0.00029604871558884527, -0.0013099244857413678, -0.0022318489887667575, -0.00023387162725527558, -0.01079321798395964, 0.00397348646523854, -0.00023387162725468924, -1.6458988955356074e-15, -0.0026663155395168503, -0.013090870552022422, -1.6686336242054843e-15, -0.00023387162725479332, 0.006640115410392661, -0.0030940165359485614]
other derivatives: [-0.02651177  0.00941327 -0.00907221  0.00495675  0.01232365  0.        ]
Current x array =  [-0.72094927 -0.90917213 -0.46523759  0.91072963 -2.99995946  0.33647224
  0.48614638 -2.94866862 -2.67870426 -2.01288467 -3.81939599 -2.59404463
 -4.08736769 -4.17571455 -6.23740346 -2.77756352 -4.17571455 -2.30258509
 -4.39216713 -3.89500417 -2.30258509 -4.17571455 -4.95061837 -4.52504435]
log likelihood =  -1784.34229978
Edge derivatives =  [0.034109937333670626, 0.011835099956481722, 0.003614670098394404, -0.0024020732217995278, 0.0007587910931244543, 0.0013081175120413374, -0.004648059715784764, -0.0010258524331932285, -0.010475289524641381, 0.0021425682719318218, -0.0010258524331931869, -3.4455519687799027e-16, -0.00038215974451145246, -0.010099209984921014, -3.4793638909893063e-16, -0.0010258524331929614, 0.005888985221396154, 0.0009513659986626795]
other derivatives: [ 0.11825705  0.03090008  0.04190497  0.0003638   0.00713953  0.        ]
Current x array =  [-0.72113922 -0.90920513 -0.46530716  0.91067551 -2.99957287  0.33647224
  0.48581034 -2.94800285 -2.67820833 -2.01298779 -3.8196121  -2.59419183
 -4.08667864 -4.17550392 -6.23860572 -2.77743563 -4.17550392 -2.30258509
 -4.39291658 -3.89548665 -2.30258509 -4.17550392 -4.95018413 -4.52640409]
log likelihood =  -1784.34227475
Edge derivatives =  [0.023920350953664293, 0.011483057152134926, 0.002818826254822618, -0.0026138454993478166, 0.0007224280196843832, -0.0017930729921190325, -0.005399520674934634, -0.0012576520963503493, -0.010245861643066886, -0.0008183699581643111, -0.0012576520963497977, 2.7509686640638945e-16, 0.0006931606829196427, -0.007987366506986112, 2.4167322795524394e-16, -0.0012576520963498358, 0.004977399653386701, 0.002434246322042335]
other derivatives: [ 0.0324917   0.01627996  0.03940386  0.00111413 -0.00463842  0.        ]
Current x array =  [-0.72101988 -0.90915973 -0.46531739  0.91071699 -2.99932285  0.33647224
  0.48574915 -2.94815395 -2.6779343  -2.01314418 -3.81971111 -2.59401519
 -4.08647475 -4.17545905 -6.23987418 -2.77724839 -4.17545905 -2.30258509
 -4.39324182 -3.89589677 -2.30258509 -4.17545905 -4.94972139 -4.52693211]
log likelihood =  -1784.34225309
Edge derivatives =  [0.007904289015497223, 0.011461696897317903, 0.0010830659748902738, -0.0037677223079286837, 0.0007856360680541449, -0.0045518272416772, -0.005041707497754937, -0.0009224002001281956, -0.00962990995809764, -0.00533219663816098, -0.000922400200128199, 1.772534964729743e-16, 0.0018465537592538966, -0.004958135770227443, 1.7741329490161325e-16, -0.0009224002001280394, 0.003021064926267584, 0.003525741976452463]
other derivatives: [-0.02632987  0.00311502  0.02937668 -0.00216005 -0.0210548   0.        ]
Current x array =  [-0.72093945 -0.9091258  -0.46530743  0.91089864 -2.99907167  0.33647224
  0.48584198 -2.94906609 -2.67746069 -2.01333609 -3.81988956 -2.59381864
 -4.08651877 -4.17554426 -6.24252824 -2.77694117 -4.17554426 -2.30258509
 -4.39354827 -3.89649724 -2.30258509 -4.17554426 -4.94872585 -4.52733651]
log likelihood =  -1784.3422373
Edge derivatives =  [0.0013902041104558727, 0.011690043098904831, -0.0012210257410883857, -0.006499053268307214, 0.0009149759618301764, -0.0036402996513320712, -0.004072535209290348, -0.0005016732458001799, -0.009064127589841054, -0.007698937793310989, -0.0005016732458001799, 5.947271337203406e-16, 0.002515905576285605, -0.0018045367467252812, 5.618080981428811e-16, -0.000501673245800336, 0.001388619372218649, 0.0038569078113511283]
other derivatives: [-0.0357204  -0.00572982  0.00989075 -0.00995897 -0.02630713  0.        ]
Current x array =  [-0.72092715 -0.90911182 -0.46527154  0.91115116 -2.99908986  0.33647224
  0.48602328 -2.94971622 -2.67703258 -2.0133915  -3.82001809 -2.59382433
 -4.08671511 -4.17564873 -6.24467213 -2.77676571 -4.17564873 -2.30258509
 -4.39369776 -3.89711222 -2.30258509 -4.17564873 -4.94789636 -4.52747186]
log likelihood =  -1784.34221161
Edge derivatives =  [-0.0040340461058483434, 0.012195471101801117, -0.0024878959498261244, -0.005668814405238004, 0.0012180894518731417, -0.003174652997625746, -0.002667746460286762, 0.00021167695068698839, -0.008175175753363436, -0.009232344420534666, 0.0002116769506868392, -1.3602904244693983e-15, 0.003844364829189057, 0.00420853144724434, -1.332944472392936e-15, 0.00021167695068653736, -0.0011404490348279703, 0.004743225034764296]
other derivatives: [-0.03742571  0.0152113   0.00482032 -0.00941327 -0.02305569  0.        ]
Current x array =  [-0.72092666 -0.90921695 -0.4652411   0.91124654 -2.99943586  0.33647224
  0.4863939  -2.95031363 -2.67638288 -2.01368878 -3.82019775 -2.593736
 -4.08699028 -4.17577946 -6.24812949 -2.77658646 -4.17577946 -2.30258509
 -4.39398147 -3.89824244 -2.30258509 -4.17577946 -4.94657742 -4.52777745]
log likelihood =  -1784.34238639
Edge derivatives =  [-0.0040989914766620394, 0.010617869347780322, -0.013334042462578063, -0.02483687904359863, 0.0008204814020207271, 0.024852066951893667, 0.0008643875311933683, -0.0015485497921103666, -0.007654590919978426, 0.006078821959789149, -0.0015485497921098948, -1.8486748588615787e-15, 0.0032276278227495667, 0.02490128977456961, -1.8484401180442076e-15, -0.0015485497921098358, -0.0012100070870294573, 0.002454997065283116]
other derivatives: [ 0.0678483  -0.25600002 -0.13262706 -0.02783054  0.02698926  0.        ]
Current x array =  [-0.7211435  -0.90836446 -0.46496738  0.91178454 -3.00142054  0.33647224
  0.48774364 -2.94462798 -2.67548896 -2.01297295 -3.81982939 -2.59535701
 -4.08785162 -4.17549026 -6.24670522 -2.77754801 -4.17549026 -2.30258509
 -4.39359992 -3.90210645 -2.30258509 -4.17549026 -4.94657611 -4.52701159]
log likelihood =  -1784.34220019
Edge derivatives =  [-0.004056927401610455, 0.01188344250170632, -0.00463785382107193, -0.009468163062577417, 0.0011390076965179866, 0.002388637253165349, -0.0019667445516571604, -0.00013723915535623216, -0.008071825377266898, -0.006193972107974233, -0.00013723915535603093, 1.4540474214030153e-15, 0.003722223203577544, 0.00831907502173642, 1.3736229923771717e-15, -0.00013723915535597542, -0.001154159510499372, 0.004289682738946303]
other derivatives: [-0.01668923 -0.03849436 -0.02250999 -0.0129603  -0.01316494  0.        ]
Current x array =  [-0.72096966 -0.90904788 -0.46518681  0.91135323 -2.99982946  0.33647224
  0.48666158 -2.94918605 -2.6762056  -2.01354682 -3.8201247  -2.59405748
 -4.0871611  -4.17572211 -6.24784703 -2.77677716 -4.17572211 -2.30258509
 -4.3939058  -3.89900875 -2.30258509 -4.17572211 -4.94657716 -4.52762557]
log likelihood =  -1784.34218479
Edge derivatives =  [-0.002776532305900581, 0.012188701064698104, -0.0034444843315042384, -0.005339839147841224, 0.001287557361663104, 0.0026980570706557627, -0.001264076797909363, 0.00019836311275618634, -0.007670986697624992, -0.0042937935710165576, 0.00019836311275571797, -8.010147042494181e-16, 0.0043294995702627785, 0.011728490091156549, -7.245719606065587e-16, 0.00019836311275473958, -0.002137959972604582, 0.004695546530279475]
other derivatives: [ 0.00454747 -0.00777618 -0.01111857 -0.00443379 -0.00195541  0.        ]
Current x array =  [-0.72100248 -0.90917685 -0.46518145  0.91120104 -3.00029096  0.33647224
  0.48694872 -2.94893822 -2.67595082 -2.01381677 -3.82016042 -2.59399223
 -4.08730349 -4.17575108 -6.24935356 -2.7768288  -4.17575108 -2.30258509
 -4.39400759 -3.89962431 -2.30258509 -4.17575108 -4.9460387  -4.52774044]
log likelihood =  -1784.34217671
Edge derivatives =  [-0.0003868514074802931, 0.012143700447496375, -0.0019478293164974791, -0.001921058781272883, 0.0013330767067206498, 0.003134965274350282, -0.0011084400439399233, 0.0001985856549318009, -0.007597641105639966, -0.0014059170073350558, 0.00019858565493166558, -1.7676498299760826e-16, 0.004276364084861463, 0.012444298509040885, -1.6532438066132548e-16, 0.00019858565493151986, -0.0021038817249153328, 0.004689859071331251]
other derivatives: [ 0.01552962  0.00461569  0.01475655  0.00236469  0.00784439  0.        ]
Current x array =  [-0.72101929 -0.90922897 -0.46520465  0.91104136 -3.00059082  0.33647224
  0.48707277 -2.94829663 -2.67594622 -2.01396176 -3.8201204  -2.59399476
 -4.08733934 -4.17572011 -6.24952874 -2.77698404 -4.17572011 -2.30258509
 -4.39397466 -3.89973222 -2.30258509 -4.17572011 -4.9460367  -4.52771951]
log likelihood =  -1784.34217126
Edge derivatives =  [0.008880265848771884, 0.011868627329245587, 0.0003392399545171648, 0.002949458117641801, 0.0013617889865856422, 0.0042780985935131355, -0.0018155301624394951, -0.0002807430003659052, -0.007679248118681382, 0.0033371775792279124, -0.0002807430003661862, 8.80717087465839e-16, 0.004447464298579822, 0.012428040429572518, 8.646508965228603e-16, -0.00028074300036574906, -0.0015264755990080075, 0.005307767139543982]
other derivatives: [ 0.02885372  0.02858087 -0.05054517  0.01505214  0.01659828  0.        ]
Current x array =  [-0.72104538 -0.90931614 -0.46512477  0.91077382 -3.00083387  0.33647224
  0.4870721  -2.94681553 -2.67600034 -2.014142   -3.82004495 -2.59403379
 -4.08716489 -4.17557657 -6.24915787 -2.77725161 -4.17557657 -2.30258509
 -4.39399991 -3.8997031  -2.30258509 -4.17557657 -4.94630282 -4.52789779]
log likelihood =  -1784.34216097
Edge derivatives =  [0.003123686105163781, 0.011407021918023359, 0.0016098620261007224, 0.005614267242332022, 0.0012248897105071599, 0.004008960529784986, -0.0017355788691844655, -0.00040233666888239705, -0.0076559865598088035, 0.006298040280848127, -0.00040233666888139785, 1.611381460060158e-15, 0.003951946783918397, 0.011936342767603275, 1.67381805415175e-15, -0.0004023366688805652, -0.0012414414451016945, 0.004962992666047706]
other derivatives: [ 0.02089564  0.02075922  0.01950866  0.01757599  0.01991793  0.        ]
Current x array =  [-0.72103472 -0.90929675 -0.46520433  0.91070397 -3.00099046  0.33647224
  0.48719334 -2.94592233 -2.67605825 -2.01424833 -3.81996687 -2.59403489
 -4.08720039 -4.17552786 -6.24912423 -2.77743783 -4.17552786 -2.30258509
 -4.39387889 -3.89958841 -2.30258509 -4.17552786 -4.94644738 -4.52777571]
log likelihood =  -1784.34214544
Edge derivatives =  [-0.005069247105236929, 0.010614755758496845, 0.002610152391339715, 0.008173394704951098, 0.0010413625598477971, 0.003567549791738553, -0.0020561861833094178, -0.0007591900282178099, -0.007556755613188521, 0.009379133876806556, -0.0007591900282176468, 6.541728123433052e-17, 0.003627621464529482, 0.010987232488760205, 7.7035560334144e-17, -0.000759190028217293, -0.0010483875400608429, 0.0050926526491548545]
other derivatives: [ 0.00345608  0.0079126   0.05904894  0.01841727  0.01632543  0.        ]
Current x array =  [-0.72101264 -0.90925833 -0.4652512   0.91069644 -3.00098739  0.33647224
  0.48725916 -2.94459433 -2.67604133 -2.0143952  -3.81989901 -2.59403229
 -4.08713204 -4.17542912 -6.24945363 -2.77763566 -4.17542912 -2.30258509
 -4.39382049 -3.89939664 -2.30258509 -4.17542912 -4.94655037 -4.52782303]
log likelihood =  -1784.34210543
Edge derivatives =  [-0.026674365245392018, 0.008141523369772745, 0.004883814723668417, 0.015487106751739477, 0.0004920245706825713, 0.0022658913534424063, -0.0032111641657382797, -0.0019163169276642765, -0.007002425614038277, 0.01787978519661859, -0.001916316927663541, -5.791036215676538e-16, 0.003178281767514033, 0.008333068571013097, -6.310560748227862e-16, -0.001916316927663874, -0.001084825591286625, 0.006231697368671157]
other derivatives: [-0.04006324 -0.0198952   0.10031727  0.01714398 -0.00086402  0.        ]
Current x array =  [-0.72095991 -0.9091814  -0.46529885  0.91080078 -3.00083338  0.33647224
  0.48739313 -2.94032707 -2.67577273 -2.01491336 -3.81975411 -2.59399549
 -4.0868551  -4.17511171 -6.25158704 -2.7781649  -4.17511171 -2.30258509
 -4.39377738 -3.89887765 -2.30258509 -4.17511171 -4.94654417 -4.52822732]
log likelihood =  -1784.3420713
Edge derivatives =  [-0.033675594821954036, 0.005983038444389433, 0.006077562521745766, 0.021496898600113418, -7.355398170497823e-05, 5.82148439531166e-05, -0.004339455064278214, -0.0029300586359257558, -0.006181795216927626, 0.02351080908454728, -0.002930058635925461, 1.6509375428714066e-15, 0.0032473484580270613, 0.006115768153632357, 1.6359591760721933e-15, -0.0029300586359253117, -0.001797291096747991, 0.007952722027111267]
other derivatives: [ 0.01452918 -0.02746674  0.11257271  0.00625278 -0.01496119  0.        ]
Current x array =  [-0.72103609 -0.90916076 -0.46530506  0.9110469  -3.00058943  0.33647224
  0.48736606 -2.93613185 -2.67528533 -2.01544232 -3.81967749 -2.59386135
 -4.08655474 -4.17481362 -6.25488183 -2.77848736 -4.17481362 -2.30258509
 -4.39385575 -3.89844782 -2.30258509 -4.17481362 -4.94618083 -4.52882658]
log likelihood =  -1784.34209058
Edge derivatives =  [-0.03690197103904769, 0.0018546209536739605, 0.004085744657480461, 0.026688364724780228, -0.001435140475885513, -0.0037597810928509667, -0.005128782383894078, -0.00456845373784661, -0.004091964691318511, 0.029668517629501068, -0.0045684537378468115, 5.798115238385088e-16, 0.004245656837803341, 0.006390315546403416, 5.568110355923589e-16, -0.004568453737846721, -0.005253002207747151, 0.011460190232551647]
other derivatives: [-0.2795332  -0.04397407 -0.04617959 -0.00879936 -0.02698926  0.        ]
Current x array =  [-0.72063054 -0.90919658 -0.46510998  0.91168673 -3.00061251  0.33647224
  0.4873935  -2.92791358 -2.67371506 -2.01646863 -3.8196408  -2.59356274
 -4.08627003 -4.17434208 -6.26417628 -2.77877543 -4.17434208 -2.30258509
 -4.39415515 -3.89856148 -2.30258509 -4.17434208 -4.94445438 -4.53009914]
log likelihood =  -1784.34205051
Edge derivatives =  [-0.03502519622201161, 0.004261737211302312, 0.005246283303334751, 0.023675137360543635, -0.0006434151177607539, -0.001540300058147398, -0.004669777693684162, -0.0036158799785619734, -0.00530164815825798, 0.02608854487392298, -0.003615879978560225, 5.14040507995973e-16, 0.003665278813186384, 0.006230670752143508, 6.089904759531264e-16, -0.0036158799785598814, -0.003243245733271354, 0.009421600061181222]
other derivatives: [-0.10863914 -0.0345608   0.04590675 -0.00025011 -0.02019078  0.        ]
Current x array =  [-0.72086631 -0.90917576 -0.46522339  0.91131476 -3.00059909  0.33647224
  0.48737755 -2.93269129 -2.67462794 -2.01587198 -3.81966213 -2.59373634
 -4.08643555 -4.17461621 -6.25877293 -2.77860796 -4.17461621 -2.30258509
 -4.3939811  -3.89849541 -2.30258509 -4.17461621 -4.94545806 -4.52935933]
log likelihood =  -1784.34202594
Edge derivatives =  [-0.020626696858946136, 0.0036567813641088433, 0.004185989795750605, 0.023539425913811918, -0.000977105786640467, -0.0029544207656015953, -0.004939623673565409, -0.0038903687372432542, -0.004765469209660331, 0.025269905855144437, -0.0038903687372427095, -8.240204098312094e-16, 0.003959942238035839, 0.005348616627965153, -8.691409006643142e-16, -0.003890368737243362, -0.004028285733390096, 0.010347886482145338]
other derivatives: [-0.03340119 -0.01994067  0.0091859  -0.01289209 -0.01884928  0.        ]
Current x array =  [-0.72096394 -0.90922165 -0.46517205  0.91153896 -3.00048783  0.33647224
  0.48718985 -2.93087618 -2.6742423  -2.01602435 -3.81967206 -2.59361378
 -4.08633351 -4.1745181  -6.26108956 -2.77852246 -4.1745181  -2.30258509
 -4.39405987 -3.89833785 -2.30258509 -4.1745181  -4.94505284 -4.52967951]
log likelihood =  -1784.34200742
Edge derivatives =  [-0.0004784424115937824, 0.003679962054233408, 0.001886376880395807, 0.02026196993540172, -0.0012774255997165876, -0.004100120520517475, -0.0043818499671434245, -0.0036842147319871774, -0.0042794150429469055, 0.021382721050915876, -0.003684214731987951, -1.2185348403910212e-15, 0.004130909431422608, 0.005199026107018903, -1.2393351394608095e-15, -0.0036842147319881002, -0.00497696977735302, 0.01051821426392473]
other derivatives: [ 0.01480203 -0.00011369 -0.02703473 -0.02419256 -0.00909495  0.        ]
Current x array =  [-0.7210221  -0.90929216 -0.46512021  0.91172463 -3.00055211  0.33647224
  0.4870249  -2.93004248 -2.67387806 -2.01600267 -3.81970726 -2.59348919
 -4.08642758 -4.17453965 -6.26326354 -2.77823907 -4.17453965 -2.30258509
 -4.3940672  -3.8983279  -2.30258509 -4.17453965 -4.94456501 -4.52974063]
log likelihood =  -1784.34199018
Edge derivatives =  [0.014629793042586048, 0.0037010349637851946, -0.0006987045730887237, 0.015936703979776062, -0.0016304574533305208, -0.0048147171917992115, -0.0032239447602734027, -0.0032647432905423372, -0.0038091866750598713, 0.01714634850248098, -0.003264743290542004, 5.923551907128344e-16, 0.0038740685431922217, 0.00497834734084894, 5.528621187081964e-16, -0.003264743290542129, -0.005788330456854245, 0.009920406663128715]
other derivatives: [ 0.03515197  0.01055014 -0.03674359 -0.03010427  0.00375167  0.        ]
Current x array =  [-0.72104581 -0.90934076 -0.46509829  0.91180545 -3.00077586  0.33647224
  0.48698527 -2.92925635 -2.67357392 -2.01590036 -3.81971027 -2.59339121
 -4.08667002 -4.17460911 -6.26527602 -2.77793334 -4.17460911 -2.30258509
 -4.39393843 -3.89830119 -2.30258509 -4.17460911 -4.94414834 -4.52953628]
log likelihood =  -1784.34195664
Edge derivatives =  [0.01978747310345108, 0.0031278770059152555, -0.005907318622805538, 0.006858335229406043, -0.00237392938248919, -0.0054642081667901354, -0.00041774779389613936, -0.0023253642641140916, -0.00280684157284885, 0.009046349838238044, -0.00232536426411388, 1.0790389521691435e-15, 0.002800306702885686, 0.0037920449224919314, 1.1298963604831753e-15, -0.0023253642641138245, -0.007149707343478723, 0.007953972159346345]
other derivatives: [ 0.04858975  0.01641638 -0.03012701 -0.02737579  0.0146656   0.        ]
Current x array =  [-0.72107281 -0.90939525 -0.4650845   0.91174736 -3.00120929  0.33647224
  0.48718284 -2.92718148 -2.67303843 -2.01565198 -3.81967047 -2.59324704
 -4.08727005 -4.17476455 -6.26936055 -2.77734371 -4.17476455 -2.30258509
 -4.39351091 -3.89810002 -2.30258509 -4.17476455 -4.94344661 -4.52885834]
log likelihood =  -1784.34192028
Edge derivatives =  [0.0018176191564971411, 0.0015556553788227331, -0.010122556371073357, -0.0027003996498211613, -0.0024727765701652096, -0.004103721425760945, 0.002004096084536309, -0.0013871189155392066, -0.001969638765465091, -0.002332823965397246, -0.0013871189155391858, 6.132121165573258e-16, 0.0008831622862629299, -0.001170548692487297, 6.118481801384443e-16, -0.001387118915538648, -0.007133149393768615, 0.00491508845779573]
other derivatives: [ 0.03044534  0.01100489 -0.03381047 -0.00436557 -0.00079581  0.        ]
Current x array =  [-0.7210718  -0.90939014 -0.46508623  0.91128657 -3.00113564  0.33647224
  0.48726057 -2.92441581 -2.67298649 -2.01521613 -3.81964867 -2.59327146
 -4.08774644 -4.17493464 -6.27277329 -2.77657456 -4.17493464 -2.30258509
 -4.39286317 -3.89718953 -2.30258509 -4.17493464 -4.94345227 -4.52780584]
log likelihood =  -1784.34191839
Edge derivatives =  [0.01209818013652919, -0.00010056860036534998, -0.004749237092711758, 0.0059086747601244105, -0.0023650211952494227, 6.305304740207573e-05, 0.003304712874404779, -0.0012879893616950383, -0.0017049799639373424, 0.004443704516570612, -0.0012879893616958432, -1.5633645062114127e-15, -0.0019269172238371192, -0.005942156990760783, -1.5805216559391316e-15, -0.0012879893616956281, -0.005036801742005341, 0.0013470299201596633]
other derivatives: [-0.00634373  0.01480203  0.0062073   0.01798526  0.02728484  0.        ]
Current x array =  [-0.72103195 -0.90943192 -0.46512616  0.91075171 -3.00191289  0.33647224
  0.48741003 -2.91973769 -2.67363165 -2.01532415 -3.81939039 -2.59350426
 -4.08804732 -4.17488041 -6.27345037 -2.77694972 -4.17488041 -2.30258509
 -4.3919974  -3.8962571  -2.30258509 -4.17488041 -4.94451249 -4.52654322]
  status: 0
 success: True
    nfev: 98
     fun: 1784.3419183895885
       x: array([-0.72103195, -0.90943192, -0.46512616,  0.91075171, -3.00191289,
        0.33647224,  0.48741003, -2.91973769, -2.67363165, -2.01532415,
       -3.81939039, -2.59350426, -4.08804732, -4.17488041, -6.27345037,
       -2.77694972, -4.17488041, -2.30258509, -4.3919974 , -3.8962571 ,
       -2.30258509, -4.17488041, -4.94451249, -4.52654322])
 message: 'CONVERGENCE: REL_REDUCTION_OF_F_<=_FACTR*EPSMCH'
     jac: array([  6.34372554e-03,  -1.48020263e-02,  -6.20730134e-03,
        -1.79852577e-02,  -2.72848411e-02,  -0.00000000e+00,
        -1.20981801e-02,   1.00568600e-04,   4.74923709e-03,
        -5.90867476e-03,   2.36502120e-03,  -6.30530474e-05,
        -3.30471287e-03,   1.28798936e-03,   1.70497996e-03,
        -4.44370452e-03,   1.28798936e-03,   1.56336451e-15,
         1.92691722e-03,   5.94215699e-03,   1.58052166e-15,
         1.28798936e-03,   5.03680174e-03,  -1.34702992e-03])
     nit: 86
