number of sites to be analyzed:  50
Successfully loaded parameter value from ./save/MG94_ENSG00000173083_ENSG00000172987_nonclock_save.txt
log likelihood =  -701.401968313
Edge derivatives =  [-0.002519383886939397, -0.0028375572311308754, -0.0017638831262261068, -0.0019079248696938778, -9.593488787781277e-08, -0.003308984010728544, -1.156280159119124e-05, -5.6429624041909446e-08, 0.0032065927231495275, -0.00017617478474619974, -5.642962404191004e-08, 5.551115122833539e-16, -5.691715227608136e-08, -0.002151094417960464, 5.551115122979662e-16, -5.642962404190945e-08, -5.6935851818764854e-08, -5.6935851818764854e-08]
other derivatives: [ 0.00235332 -0.00019327  0.00248974 -0.00045475 -0.002467    0.        ]
Current x array =  [ -0.65298954  -0.65182466  -0.72553128   0.50408855  -1.26868619
 -18.08820907  -0.05135905  -9.          -2.48857015  -1.68544348
 -20.46040817  -1.11547429 -13.23743887 -21.30052831  -4.61714862
  -3.51154636 -21.30052831  -2.30258509 -21.29753004  -4.61245558
  -2.30258509 -21.30052831 -21.30105637 -21.30105637]
log likelihood =  -701.403645481
Edge derivatives =  [0.1445197032648584, -0.0028351419687555604, 0.009031825580066488, 0.03321912325686188, -9.596608544918663e-08, 0.08902680536376772, -1.1874801878404035e-05, -5.643612813369341e-08, -0.00010919479780164415, -2.0594350264857564e-06, -5.643612813369402e-08, -1.3322676295499524e-16, -5.6924247772928195e-08, -0.00010786397691818148, -1.33226762955007e-16, -5.643612813369341e-08, -5.694270293459741e-08, -5.694270293459741e-08]
other derivatives: [-0.68366717  0.05287575 -0.34543746 -0.01465423  0.08232064  0.        ]
Current x array =  [ -0.65063622  -0.65201793  -0.72304154   0.5036338   -1.27115319
 -18.08820907  -0.05387844  -9.          -2.49033404  -1.6873514
 -20.46040827  -1.11878327 -13.23745044 -21.30052836  -4.61394202
  -3.51172253 -21.30052836  -2.30258509 -21.2975301   -4.61460668
  -2.30258509 -21.30052836 -21.30105642 -21.30105642]
log likelihood =  -701.401967842
Edge derivatives =  [-9.495940612835874e-05, -0.002837517379717586, -0.0015857952870537706, -0.0013288846895607165, -9.593539620874142e-08, -0.0017862409478275332, -1.156794001280968e-05, -5.6429729833321085e-08, 0.0031521241904881626, -0.00017324031392174088, -5.64297298333217e-08, -6.328271240208954e-16, -5.691726774784172e-08, -0.0021174050033732246, -6.328271240286171e-16, -5.6429729833321085e-08, -5.6935963284219284e-08, -5.6935963284219284e-08]
other derivatives: [-0.00890168  0.00067075 -0.00316049 -0.00064801 -0.00105729  0.        ]
Current x array =  [ -0.65295081  -0.65182784  -0.7254903    0.50408107  -1.2687268
 -18.08820907  -0.05140052  -9.          -2.48859919  -1.68547488
 -20.46040817  -1.11552876 -13.23743906 -21.30052831  -4.61709583
  -3.51154926 -21.30052831  -2.30258509 -21.29753004  -4.61249099
  -2.30258509 -21.30052831 -21.30105637 -21.30105637]
  status: 0
 success: True
    nfev: 3
     fun: 701.4019678416474
       x: array([ -0.65295081,  -0.65182784,  -0.7254903 ,   0.50408107,
        -1.2687268 , -18.08820907,  -0.05140052,  -9.        ,
        -2.48859919,  -1.68547488, -20.46040817,  -1.11552876,
       -13.23743906, -21.30052831,  -4.61709583,  -3.51154926,
       -21.30052831,  -2.30258509, -21.29753004,  -4.61249099,
        -2.30258509, -21.30052831, -21.30105637, -21.30105637])
 message: 'CONVERGENCE: REL_REDUCTION_OF_F_<=_FACTR*EPSMCH'
     jac: array([  8.90167939e-03,  -6.70752343e-04,   3.16049409e-03,
         6.48014975e-04,   1.05728759e-03,  -0.00000000e+00,
         9.49594061e-05,   2.83751738e-03,   1.58579529e-03,
         1.32888469e-03,   9.59353962e-08,   1.78624095e-03,
         1.15679400e-05,   5.64297298e-08,  -3.15212419e-03,
         1.73240314e-04,   5.64297298e-08,   6.32827124e-16,
         5.69172677e-08,   2.11740500e-03,   6.32827124e-16,
         5.64297298e-08,   5.69359633e-08,   5.69359633e-08])
     nit: 1
