number of sites to be analyzed:  154
Successfully loaded parameter value from ./save/MG94_ENSG00000110344_ENSG00000130939_nonclock_save.txt
log likelihood =  -1956.75314156
Edge derivatives =  [0.006174780146399272, -0.00688129192608079, 0.001644309353317372, 0.002251619702301061, -0.0011458929110201611, 0.002914533688231691, -0.0029222585777101216, 0.00022593418470331916, -0.0028944569910778813, 0.003055260140031303, 0.00022593418470551185, -4.6905990706339905e-15, -0.002721068169890418, -0.004162956677730588, -4.629796560938895e-15, 0.00022593418470417959, -0.003187266053038585, -0.0032069108200636024]
other derivatives: [-0.00700311 -0.00416094 -0.00425189  0.0153932   0.00707132 -0.00015916]
Current x array =  [ -0.68889389  -0.60518264  -0.65259902   0.62221924  -1.681302
 -11.95569192   0.34956811  -9.          -2.64164031  -2.23447188
  -3.94241917  -3.12946781  -5.33868273  -3.69676476  -5.70987849
  -3.88925981  -3.69676476  -2.30258509  -4.8651229   -4.633316
  -2.30258509  -3.69676476  -4.9697293   -4.96934094]
log likelihood =  -1956.79178375
Edge derivatives =  [-0.7533358367838513, -0.006868684785355217, -0.015834132435153775, -0.027304177946627123, 0.002626211505142341, -0.015720773084702502, -0.0010377063590675676, 0.004337798787872757, -0.000662737419366061, -0.007284448930960842, 0.0043377987878680385, 3.3782652805243603e-16, 0.0031331002043939304, 0.011364427428055983, 2.7891657087407916e-16, 0.004337798787867553, 0.004794629135854206, 0.004741570321139544]
other derivatives: [  5.54055077e+00   2.27596502e+00   2.16953140e+00  -7.25913196e-01
  -5.68684300e-01  -1.81898940e-04]
Current x array =  [ -0.695897    -0.60934358  -0.6568509    0.63761243  -1.67423068
 -11.95585108   0.35574289  -9.          -2.639996    -2.23222026
  -3.94356506  -3.12655328  -5.34160498  -3.69653882  -5.71277294
  -3.88620455  -3.69653882  -2.30258509  -4.86784397  -4.63747896
  -2.30258509  -3.69653882  -4.97291656  -4.97254785]
log likelihood =  -1956.75313997
Edge derivatives =  [0.0013622362016619816, -0.006881212817369217, 0.0015345113463848953, 0.002067932394506644, -0.001121103287693801, 0.0027976491216061133, -0.0029101960243067713, 0.00025269261737476123, -0.0028800921179775937, 0.0029904645792337495, 0.0002526926173782723, -6.249685756441044e-16, -0.002683671569609228, -0.004063959059914227, -6.371324194081655e-16, 0.0002526926173738245, -0.0031363488016937727, -0.003156201562149916]
other derivatives: [ 0.02860361  0.01048193  0.00966338  0.01082299  0.00356977 -0.00020464]
Current x array =  [ -0.68893828  -0.60520901  -0.65262597   0.6223168   -1.68125718
 -11.95569293   0.34960724  -9.          -2.64162989  -2.23445761
  -3.94242643  -3.12944934  -5.33870125  -3.69676332  -5.70989683
  -3.88924045  -3.69676332  -2.30258509  -4.86514014  -4.63334239
  -2.30258509  -3.69676332  -4.9697495   -4.96936127]
  status: 0
 success: True
    nfev: 3
     fun: 1956.753139973979
       x: array([ -0.68893828,  -0.60520901,  -0.65262597,   0.6223168 ,
        -1.68125718, -11.95569293,   0.34960724,  -9.        ,
        -2.64162989,  -2.23445761,  -3.94242643,  -3.12944934,
        -5.33870125,  -3.69676332,  -5.70989683,  -3.88924045,
        -3.69676332,  -2.30258509,  -4.86514014,  -4.63334239,
        -2.30258509,  -3.69676332,  -4.9697495 ,  -4.96936127])
 message: 'CONVERGENCE: REL_REDUCTION_OF_F_<=_FACTR*EPSMCH'
     jac: array([ -2.86036084e-02,  -1.04819264e-02,  -9.66338121e-03,
        -1.08229870e-02,  -3.56976670e-03,   2.04636308e-04,
        -1.36223620e-03,   6.88121282e-03,  -1.53451135e-03,
        -2.06793239e-03,   1.12110329e-03,  -2.79764912e-03,
         2.91019602e-03,  -2.52692617e-04,   2.88009212e-03,
        -2.99046458e-03,  -2.52692617e-04,   6.24968576e-16,
         2.68367157e-03,   4.06395906e-03,   6.37132419e-16,
        -2.52692617e-04,   3.13634880e-03,   3.15620156e-03])
     nit: 1
