number of sites to be analyzed:  14
log likelihood =  -429.782932167
Edge derivatives =  [15.18955273889506, 2.460849384229415, 0.32305375678771153, 3.7429330763012385, -0.3583460572788296, 16.506437933906668, -4.416631059609699, -5.008067134152904, -5.6780651006885305, -4.737908836913675, -5.008067134152904, 2.260635287401081e-16, -5.630479366657709, -4.691489617883511, 2.2561725017605177e-16, -5.008067134152905, -4.037299206381407, -5.622126946255173]
other derivatives: [ -1.2604005    5.3111421  -26.00821176   7.55533733 -39.33146786
 -41.20173003]
Current x array =  [-0.57941842 -1.54881329 -0.2160035   0.18232156 -0.10536052  0.33647224
 -2.30258509 -2.30258509 -2.30258509 -2.30258509 -2.30258509 -2.30258509
 -2.30258509 -2.30258509 -2.30258509 -2.30258509 -2.30258509 -2.30258509
 -2.30258509 -2.30258509 -2.30258509 -2.30258509 -2.30258509 -2.30258509]
log likelihood =  -392.943405814
Edge derivatives =  [16.359990672141297, 1.9561873973370512, 1.1894187513714212, 5.344690466522127, 0.78885264302948, 18.341929007260596, -2.3208144944090514, -3.012573479102338, -3.445283693824979, -2.561014049657553, -3.012573479102339, 2.7325879088450003e-16, -3.413889699589274, -2.506061356115985, 2.5863724325557694e-16, -3.012573479102339, -1.7525713512061731, -3.4174601232142043]
other derivatives: [  8.9503601    5.67791858  15.57901328   2.55611212  -6.48820446
 -13.11422011]
Current x array =  [-0.59769386 -1.52708093 -0.59311503  0.29187176 -0.6756554  -0.2609409
 -2.08234098 -2.26690349 -2.29790091 -2.24831365 -2.30778101 -2.06324653
 -2.36662496 -2.37520061 -2.38491539 -2.3712834  -2.37520061 -2.30258509
 -2.38422541 -2.37061033 -2.30258509 -2.37520061 -2.36112476 -2.3841043 ]
log likelihood =  -370.258339652
Edge derivatives =  [16.134868330562057, 1.5576789103023478, 1.2359085747167062, 5.524066944711388, 0.905253441700171, 17.69197416075123, -1.6279927186237086, -2.3214988561480094, -2.691180232223085, -1.8682160093303843, -2.3214988561480094, -2.66497010815866e-17, -2.6777641848423896, -1.808228389793108, -1.4007576695952216e-17, -2.3214988561480094, -1.0414295268605618, -2.6805375381837746]
other derivatives: [-18.93889703   1.19878223   6.45899263   0.55629812   3.89638899
  -6.05499508]
Current x array =  [-0.44088886 -1.4320359  -0.44505093  0.37815729 -1.00035099 -0.71641975
 -1.70399678 -2.2182843  -2.27449079 -2.1311052  -2.29525728 -1.64181137
 -2.43215662 -2.45646348 -2.47759174 -2.4428852  -2.45646348 -2.30258509
 -2.47607906 -2.44096542 -2.30258509 -2.45646348 -2.41429251 -2.47597934]
log likelihood =  -336.668792577
Edge derivatives =  [11.285075212475924, 0.1013019012131152, 0.9069915723694933, 5.1420147512148295, 0.17476164324904353, 9.901598054218388, -0.8646468593603099, -1.4352055042111589, -1.7430598417118168, -0.9756109117042945, -1.4352055042111584, 9.15988943130114e-17, -1.710533424625721, -0.9573270058513874, 7.920333445719736e-17, -1.4352055042111584, -0.3102071040408194, -1.703655186434166]
other derivatives: [   4.1127862    -3.08824042 -115.79127204    2.23374741   15.48103796
   -1.21399921]
Current x array =  [-0.68700575 -1.22887092 -0.09745867  0.58676731 -1.66297881 -1.91100342
 -0.47983198 -2.07333268 -2.1946743  -1.74115489 -2.24793995 -0.2878727
 -2.61892152 -2.69459494 -2.75025552 -2.6490948  -2.69459494 -2.30258509
 -2.74662918 -2.64296458 -2.30258509 -2.69459494 -2.55988032 -2.746612  ]
log likelihood =  -327.63832614
Edge derivatives =  [6.144510775378554, -0.5408530521980333, 0.48675557040968737, 5.076923359247709, -0.2383015526822027, 3.183550792246186, -0.5062505108786015, -1.085505938615786, -1.34492966389396, -0.5816373601450031, -1.0855059386157861, 6.243370833539513e-17, -1.3252623856943906, -0.5943340313193977, 6.398997512959297e-17, -1.0855059386157861, 0.112765428147245, -1.324481370669242]
other derivatives: [ 29.73824849  -6.6899247   25.49957117  -3.0153501   18.26678613
  -0.45511115]
Current x array =  [-0.86558464 -1.12612196 -0.46773446  0.75087548 -2.14990991 -2.80220361
  0.37442874 -1.97498736 -2.14089902 -1.46689876 -2.2196127   0.64484249
 -2.75336185 -2.86510008 -2.9457119  -2.79715873 -2.86510008 -2.30258509
 -2.94049693 -2.78818799 -2.30258509 -2.86510008 -2.66537954 -2.94046768]
log likelihood =  -321.290911208
Edge derivatives =  [6.289521314277707, -0.5143762813875626, 0.49936363786167565, 5.0452281548253, -0.23321267461004414, 3.0554480856876025, -0.5337247443811092, -1.1225707459346312, -1.3733993524831614, -0.6219779777555701, -1.122570745934631, -2.244118229470912e-17, -1.3600353267131777, -0.6278218409651374, -2.248547549685335e-17, -1.1225707459346312, 0.07623738426353016, -1.3595499098121566]
other derivatives: [ 18.93188823  -6.88417003  18.52928904  -2.61171067  16.42072789
  -0.59848162]
Current x array =  [-0.7306928  -1.15080691 -0.40901791  0.72508889 -2.0178774  -2.69700942
  0.31632753 -1.98638584 -2.1434971  -1.47478535 -2.22209972  0.57036357
 -2.74078356 -2.8510763  -2.9300129  -2.78344846 -2.8510763  -2.30258509
 -2.92487555 -2.77477981 -2.30258509 -2.8510763  -2.65337297 -2.92485053]
log likelihood =  -314.713209557
Edge derivatives =  [2.6093071684437774, -0.46091143178024807, 0.44498384353225406, 4.511002315926403, -0.24839563236013773, -1.8674590324788358, -0.47463666292742324, -1.0798903131234285, -1.287868135398919, -0.590491629840759, -1.0798903131234285, 1.3462332506413607e-16, -1.3013057596506923, -0.5761551350385624, 1.2260685613300777e-16, -1.0798903131234288, 0.11519644673504761, -1.302120937985407]
other derivatives: [ -3.84201996e+01  -6.23982714e+00  -1.84386465e+01   8.66293703e-03
   6.83012331e+00  -9.15008513e-01]
Current x array =  [-0.4120453  -1.26060193 -0.23552643  0.69532315 -1.68665108 -2.77106363
  0.58040714 -1.9847107  -2.12217538 -1.32129744 -2.22053491  0.76946342
 -2.76739503 -2.89615855 -2.983405   -2.81381461 -2.89615855 -2.30258509
 -2.97783713 -2.80475257 -2.30258509 -2.89615855 -2.66215446 -2.97783391]
log likelihood =  -311.233816795
Edge derivatives =  [2.0323769841365724, -0.490433183248523, 0.3756623455294943, 4.389022986434765, -0.3301710454428175, -2.0799852700255252, -0.4787031489510728, -1.0453297531802728, -1.2665167787296727, -0.5570361531185868, -1.045329753180273, -2.43113906141988e-16, -1.2666447440969146, -0.5523257637449229, -2.4351807443785265e-16, -1.0453297531802728, 0.12063701237331778, -1.266483918798522]
other derivatives: [-0.66243615 -4.74128683 -2.49432901 -0.08913617  6.82188102 -0.86438376]
Current x array =  [-0.57807067 -1.26544544 -0.28046794  0.71170929 -1.73278281 -2.86381173
  0.65855176 -1.97625748 -2.11663251 -1.28699335 -2.21866982  0.84481384
 -2.78126736 -2.9147007  -3.00476842 -2.82925873 -2.9147007  -2.30258509
 -2.99910834 -2.81989549 -2.30258509 -2.9147007  -2.67205571 -2.99910599]
log likelihood =  -310.112302578
Edge derivatives =  [0.6448092742210247, -0.5007346957905936, 0.31992865076964405, 4.1160000845306035, -0.3712078728058785, -3.3492374671167893, -0.4843166820605337, -1.0311536081848562, -1.2491086725378158, -0.5483072417113747, -1.0311536081848565, -1.160013874122742e-16, -1.2499191712168503, -0.5428322385196641, -1.0265363727272546e-16, -1.031153608184856, 0.1192285050227917, -1.2498133483466414]
other derivatives: [ 0.68428108 -2.71469389 -4.28839257  0.56705858  4.37929657 -0.95139967]
Current x array =  [-0.58614742 -1.31577344 -0.27351074  0.70459804 -1.62896327 -2.8793806
  0.71878519 -1.9788097  -2.11049637 -1.23375278 -2.22006566  0.86937867
 -2.78854631 -2.92863215 -3.02143655 -2.83772231 -2.92863215 -2.30258509
 -3.01572472 -2.82824587 -2.30258509 -2.92863215 -2.67266386 -3.01572697]
log likelihood =  -307.424551071
Edge derivatives =  [-1.4619779251270348, -0.5545622495877566, 0.03612554379936897, 3.0325761220234133, -0.5468622295964708, -2.671915907284835, -0.5402757676352326, -1.023728744692056, -1.23005745377868, -0.5655141647366133, -1.0237287446920558, 1.6164795353077425e-16, -1.2325710437903257, -0.5596045050875892, 1.3669362383356975e-16, -1.023728744692056, 0.053408222196497296, -1.2329787782804698]
other derivatives: [ 2.19351932  2.54884185 -4.61298555  1.37496841  0.97905968 -1.27685666]
Current x array =  [-0.59543059 -1.46363598 -0.27748066  0.69218971 -1.25450622 -2.77204999
  0.66040369 -2.01934267 -2.0994815  -1.05134163 -2.24138669  0.59812341
 -2.79372734 -2.95785895 -3.05846999 -2.84449146 -2.95785895 -2.30258509
 -3.05306865 -2.83507297 -2.30258509 -2.95785895 -2.64983754 -3.05308843]
log likelihood =  -305.430529553
Edge derivatives =  [-3.093932931153994, -0.605270876806999, -0.48296152364153905, 0.44528852391648277, -0.6525823084718599, -0.46573932016765296, -0.5349259010369968, -0.9207239579008073, -1.1169866687883272, -0.5071291582362812, -0.9207239579008077, -3.049098906891432e-20, -1.1204990645868553, -0.5078251816245253, -2.952863851382859e-20, -0.9207239579008073, 0.010862477523873204, -1.1212246518715032]
other derivatives: [ 1.96072278  1.67597705 -1.24568373  0.90092271 -2.57433612 -1.56922511]
Current x array =  [-0.60100648 -1.4120707  -0.29889532  0.75184045 -0.85052586 -2.80310046
  0.60501976 -2.08020706 -2.08680333 -0.7044357  -2.29046253  0.34860711
 -2.83937129 -3.05510077 -3.17621437 -2.89390955 -3.05510077 -2.30258509
 -3.1711955  -2.8839554  -2.30258509 -3.05510077 -2.63433281 -3.17127656]
log likelihood =  -304.035878233
Edge derivatives =  [-1.658670279937083, -0.5910030946006063, -0.6306956524279353, -0.9764327356813457, -0.6569171917648902, -1.0211162212611007, -0.38806260945091775, -0.7856466106903707, -0.9552674271016548, -0.3907257184589211, -0.7856466106903712, 1.615285039885079e-20, -0.9616659523136732, -0.3946761374287495, 3.574600191091656e-20, -0.785646610690371, 0.040670323747441034, -0.9623062838596953]
other derivatives: [-0.13445174  1.23486643  4.61259333 -0.22826612 -2.17124807 -1.29297177]
Current x array =  [-0.58609822 -1.40637813 -0.3279586   0.82368167 -0.85129774 -3.01741438
  0.51848237 -2.13364022 -2.10991294 -0.50953838 -2.34909851  0.39649217
 -2.91082936 -3.17981604 -3.3265578  -2.96689854 -3.17981604 -2.30258509
 -3.32172962 -2.95646944 -2.30258509 -3.17981604 -2.63873377 -3.32188348]
log likelihood =  -302.799270771
Edge derivatives =  [1.0419493087314713, -0.5460893125336519, -0.6365197905010191, -2.189839668025152, -0.5987794549307327, -1.3006618058273194, -0.17916687809088475, -0.6238052322118751, -0.7633684862735395, -0.24190135350159392, -0.6238052322118754, 1.5707229009807265e-21, -0.771523307623305, -0.24862180168964443, 1.498258556674507e-21, -0.6238052322118749, 0.0775395109327576, -0.7719227053250064]
other derivatives: [-1.53480073  0.10848566  5.89985234 -1.4982561  -0.55638907 -0.88939487]
Current x array =  [-0.57636215 -1.38882794 -0.3313645   0.8941531  -0.94323558 -3.32743681
  0.37886814 -2.21606298 -2.16293953 -0.33702137 -2.44126881  0.45715927
 -3.01011043 -3.3561792  -3.53950516 -3.06810033 -3.3561792  -2.30258509
 -3.53507554 -3.05728735 -2.30258509 -3.3561792  -2.64414077 -3.53532903]
log likelihood =  -301.471070372
Edge derivatives =  [1.29180954310818, -0.4894346551404979, -0.5710058626760164, -2.138844254654928, -0.521135561259798, -0.5870677743913587, -0.00375818359024023, -0.4624967141178883, -0.5896433345346939, -0.10103150194333477, -0.46249671411788856, -1.0918724402454631e-16, -0.5976188684376732, -0.10851290534572007, -1.2101495686239488e-16, -0.4624967141178884, 0.1036140537173437, -0.5978203150005909]
other derivatives: [-1.5582259  -1.38475684  4.14178203 -1.60898139  0.76380502 -0.55471787]
Current x array =  [-0.57600095 -1.34934633 -0.32035288  0.87171737 -1.03539536 -3.69108589
  0.39347471 -2.32310044 -2.24521855 -0.30341478 -2.56191698  0.45242014
 -3.11489707 -3.56350614 -3.79026832 -3.1803298  -3.56350614 -2.30258509
 -3.78659124 -3.16948918 -2.30258509 -3.56350614 -2.64709607 -3.78694556]
log likelihood =  -299.482538103
Edge derivatives =  [2.0878233395296326, -0.36249368978215735, -0.3730079203784789, -1.0698011673795358, -0.2836991510859368, 1.5340217449823874, 0.2885482854473678, -0.21299413108367038, -0.33122749315410077, 0.12592633727082247, -0.2129941310836703, -6.651537319938345e-17, -0.3369881495986619, 0.12028557218707504, -6.654588043485795e-17, -0.21299413108367038, 0.08085066653869716, -0.3369881987006251]
other derivatives: [-0.70147621 -0.31345166 -1.1060763  -0.52085625  1.78621917 -0.2342631 ]
Current x array =  [-0.57740067 -1.37965868 -0.29897257  0.72913191 -1.04678916 -4.41308096
  0.33141516 -2.61406629 -2.47425074 -0.37466213 -2.87607757  0.32579457
 -3.32100305 -4.03544231 -4.36713064 -3.41179615 -4.03544231 -2.30258509
 -4.36597011 -3.401744   -2.30258509 -4.03544231 -2.62971931 -4.36656267]
log likelihood =  -299.589534481
Edge derivatives =  [-0.5769246296855937, -0.2706273625770448, -0.19114380129125957, 1.1675908703942743, -0.17204197140785554, -0.6464258190588589, 0.5170352945174652, -0.03519683131484413, -0.1698102129127223, 0.3219039494072582, -0.035196831314843996, 6.874300091497591e-17, -0.17327918315441987, 0.3172360399683635, 7.876225079478423e-17, -0.03519683131484421, 0.06815832826253662, -0.17322539168994425]
other derivatives: [ -6.39319069e+00  -1.24776420e+00   1.29963496e+01  -9.16315912e-03
   2.37111522e+00  -7.80687515e-02]
Current x array =  [-0.52958443 -1.33375513 -0.41028109  0.56976749 -1.17798247 -5.3771334
  0.5150743  -2.9377221  -2.75480231 -0.56512601 -3.23371826  0.4676779
 -3.5473112  -4.58713149 -5.04432931 -3.6774393  -4.58713149 -2.30258509
 -5.04597409 -3.66836209 -2.30258509 -4.58713149 -2.6254473  -5.04681982]
log likelihood =  -298.996685204
Edge derivatives =  [0.9229503094224125, -0.31756114572381855, -0.28335174661924406, 0.019766444965846897, -0.22766048998945657, 0.5936852666165409, 0.4053229669574014, -0.11888037822880455, -0.24282306533200487, 0.2246026543221632, -0.11888037822880441, 4.621939273732257e-17, -0.24747887642724922, 0.21933819915489586, 5.636351765774375e-17, -0.11888037822880451, 0.08110669172031226, -0.2474463655724033]
other derivatives: [-3.00078113 -0.71715363  6.56211228 -0.32796379  2.17175398 -0.14105126]
Current x array =  [-0.55537553 -1.35851457 -0.35024355  0.6557254  -1.10721948 -4.85714322
  0.41601232 -2.76314877 -2.60347853 -0.46239368 -3.04081419  0.39114893
 -3.42524521 -4.28956162 -4.67906219 -3.53415682 -4.28956162 -2.30258509
 -4.67919384 -3.52455374 -2.30258509 -4.28956162 -2.62775154 -4.67990302]
log likelihood =  -298.376623107
Edge derivatives =  [-0.242524754724871, -0.2653525167449212, -0.2619360531550875, -0.3686855168867065, -0.1629803297808792, 1.019352093776419, 0.5350602778576296, -0.024032074579828963, -0.16139131586397254, 0.3372409338882266, -0.0240320745798289, -4.346482657526212e-17, -0.1641828445469498, 0.33300796316115405, -4.391771575342133e-17, -0.024032074579828894, 0.056445024207159966, -0.16411482390493048]
other derivatives: [-0.26651605 -0.82087581  1.74698016  0.74607556  0.37654218 -0.09118821]
Current x array =  [-0.57675344 -1.33873451 -0.32242228  0.58724289 -0.98046966 -5.36690275
  0.45310376 -2.96821808 -2.75301496 -0.42400717 -3.25746679  0.34250075
 -3.55928648 -4.62386984 -5.09002179 -3.69203824 -4.62386984 -2.30258509
 -5.09191771 -3.68283938 -2.30258509 -4.62386984 -2.61539697 -5.09279278]
log likelihood =  -298.23679069
Edge derivatives =  [-0.18732675322580095, -0.24246313275024597, -0.2192263347169931, -0.12737489057974083, -0.1428265899945292, 0.35645156565986025, 0.598406044085847, 0.00033967881604223503, -0.13491122713887135, 0.3758509193699485, 0.00033967881604218646, -2.7453657364079265e-17, -0.13726144012272265, 0.3719963957677355, -4.6987519122275026e-17, 0.0003396788160422697, 0.04887860341583353, -0.13718976028510727]
other derivatives: [ 0.2293973  -0.32462708 -0.29228318  0.93538119  0.10896883 -0.07372023]
Current x array =  [-0.5810406  -1.35477587 -0.31021623  0.58560492 -0.9744138  -5.60173981
  0.45044017 -3.05892599 -2.82551059 -0.43480207 -3.35240444  0.38093039
 -3.60424207 -4.76631318 -5.26841289 -3.75161467 -4.76631318 -2.30258509
 -5.2710825  -3.74268347 -2.30258509 -4.76631318 -2.61120063 -5.27202566]
log likelihood =  -298.141631079
Edge derivatives =  [0.026846077700949378, -0.2206974340336576, -0.17893018139326056, -0.018377620650142146, -0.11592665235776284, -0.3095250904752168, 0.6658651574345437, 0.017549585876443067, -0.11110083684528016, 0.40959681626583655, 0.017549585876442925, 2.7052925019999775e-16, -0.11305986302541599, 0.40606142762640207, 2.7958317141445277e-16, 0.01754958587644284, 0.03858543431607356, -0.11298891944233452]
other derivatives: [ 0.58799969  0.20658604 -0.49481628  0.7751396  -0.1384592  -0.05895799]
Current x array =  [-0.58395499 -1.37531613 -0.3076957   0.61116722 -0.96262747 -5.85192403
  0.43708383 -3.16060294 -2.90573718 -0.43292405 -3.45592721  0.41882787
 -3.63855116 -4.91810889 -5.46156592 -3.80659772 -4.91810889 -2.30258509
 -5.46509695 -3.79801134 -2.30258509 -4.91810889 -2.60562771 -5.46611227]
log likelihood =  -298.165992033
Edge derivatives =  [-0.08076316761693891, -0.19168592275167576, -0.12196722703187851, 0.2764507580974178, -0.05716000232427677, -0.21808604636472795, 0.709508992746855, 0.029154274682878557, -0.08768948950541408, 0.42544816531570884, 0.029154274682878574, -2.7893340821682626e-17, -0.08931385353340751, 0.42261655761272066, -3.613906693139335e-17, 0.029154274682878574, 0.013222617197735348, -0.08924754795233497]
other derivatives: [-6.65922926  0.14613306 -4.09291943  0.10243753 -0.54939733 -0.04475851]
Current x array =  [-0.54216875 -1.39287179 -0.29094449  0.67647973 -0.93486464 -6.14016541
  0.44337674 -3.30196498 -3.01710273 -0.44679281 -3.58913555  0.41048083
 -3.61959465 -5.09496235 -5.69782051 -3.83487429 -5.09496235 -2.30258509
 -5.70258432 -3.82707025 -2.30258509 -5.09496235 -2.59387584 -5.70367736]
log likelihood =  -298.094722828
Edge derivatives =  [-0.020828763796672423, -0.20716987999233025, -0.15225302177045408, 0.11465992150009752, -0.08884291462023908, -0.26848017825604187, 0.6854696511909277, 0.02346276662178887, -0.09988985325429302, 0.4167939700893225, 0.023462766621788915, 8.808616294971225e-17, -0.10169052463472471, 0.4135793033606222, 8.845022072027655e-17, 0.02346276662178906, 0.027253911677796783, -0.10162121714937646]
other derivatives: [-2.53781991  0.18283686 -2.05228048  0.47562594 -0.3226944  -0.05210836]
Current x array =  [-0.56517228 -1.38320731 -0.30016611  0.64052487 -0.95014822 -5.98148712
  0.43991246 -3.22414448 -2.95579545 -0.43915799 -3.5158037   0.41507592
 -3.6300303  -4.99760365 -5.5677612  -3.8193079  -4.99760365 -2.30258509
 -5.57184636 -3.81107318 -2.30258509 -4.99760365 -2.6003453  -5.57289662]
log likelihood =  -298.014536572
Edge derivatives =  [0.11679837425243589, -0.1940797122727026, -0.12132055609458267, 0.21612717457623365, -0.06318195607182675, -0.3886150284299149, 0.712950168936113, 0.02825174956856761, -0.08772025610960087, 0.426069502228011, 0.02825174956856764, -7.245242602841555e-17, -0.08929800761327912, 0.42302345446666934, -8.063097755478367e-17, 0.028251749568567547, 0.016775206033632306, -0.08923179982480223]
other derivatives: [-1.54527129  0.43865498 -0.92992991  0.00821387 -0.35945504 -0.04465619]
Current x array =  [-0.57180524 -1.39645765 -0.30342294  0.68680935 -0.94168465 -6.14112925
  0.43355919 -3.30052587 -3.01606313 -0.43951604 -3.58758654  0.42511211
 -3.61893798 -5.09356391 -5.69641249 -3.83407104 -5.09356391 -2.30258509
 -5.70115415 -3.82624492 -2.30258509 -5.09356391 -2.59444869 -5.70224684]
log likelihood =  -297.914015309
Edge derivatives =  [0.11683282734333345, -0.17912055141175767, -0.08395209028626957, 0.3992327536550888, -0.02896750787616263, -0.09284728343114557, 0.7087936763012144, 0.02933503849317965, -0.07636550811434865, 0.4174401420494265, 0.02933503849317962, -2.188728764754907e-17, -0.07772056227783017, 0.4146142831499648, -2.204486880148e-17, 0.029335038493179637, 0.0010071528517220374, -0.07765867730630767]
other derivatives: [-0.34687559  0.38688199  0.1665569  -0.75525577 -0.293727   -0.03765876]
Current x array =  [-0.58095612 -1.40223625 -0.30522454  0.75667509 -0.93447357 -6.30123732
  0.43941696 -3.39455963 -3.09000593 -0.44479212 -3.66760943  0.41654065
 -3.55535651 -5.18795659 -5.8330235  -3.81680775 -5.18795659 -2.30258509
 -5.83858913 -3.80968863 -2.30258509 -5.18795659 -2.58536594 -5.839718  ]
log likelihood =  -297.813111225
Edge derivatives =  [-0.02199602350676222, -0.16731583518565277, -0.06057586928407405, 0.5663896383277848, -0.010548137167983272, 0.17652299732578958, 0.6641927966020863, 0.024631878423218154, -0.0696304890218814, 0.3880888120523449, 0.02463187842321816, -1.3352430968840557e-16, -0.07086393741135455, 0.38547434998590174, -1.3337410618379868e-16, 0.024631878423218154, -0.01277235679190411, -0.0708060955662373]
other derivatives: [ 0.44482249  0.13925501  0.67406631 -1.31485649 -0.1469175  -0.03358309]
Current x array =  [-0.58773388 -1.39955259 -0.30466016  0.80646879 -0.94196134 -6.40062755
  0.45611121 -3.47134463 -3.1503749  -0.44871078 -3.72368418  0.41136644
 -3.44988913 -5.2412137  -5.92321596 -3.76532856 -5.2412137  -2.30258509
 -5.92946484 -3.75899832 -2.30258509 -5.2412137  -2.57721404 -5.93060671]
log likelihood =  -297.5794311
Edge derivatives =  [-0.26674447557940506, -0.14122595129683804, -0.03991486359688981, 0.6327094043949734, 0.006334975490901149, 0.5999059730086752, 0.5085750482539599, 0.008099627022849294, -0.056120889318062285, 0.3029938266894123, 0.008099627022849306, 1.7805385715708759e-16, -0.0571410130870717, 0.30118492794170965, 1.6675405068938166e-16, 0.008099627022849339, -0.04622145719183399, -0.0570931807451317]
other derivatives: [ 1.44997898 -0.18083597  1.41902206 -1.95996677  0.05078959 -0.02629577]
Current x array =  [-0.59621131 -1.39690017 -0.30438938  0.86213987 -0.9601712  -6.6299613
  0.48217845 -3.65626859 -3.292372   -0.43027191 -3.85439628  0.40419307
 -3.1811775  -5.36399989 -6.13503737 -3.63178047 -5.36399989 -2.30258509
 -6.14292418 -3.62737711 -2.30258509 -5.36399989 -2.55879644 -6.14409457]
log likelihood =  -297.214945626
Edge derivatives =  [-0.4465867602911262, -0.09705636151223732, -0.03497910334405382, 0.3787041798655494, 0.0025443211288955388, 0.7028818861169555, 0.003416685000564343, -0.018532821516548968, -0.03415096104253214, 0.12865328549905297, -0.018532821516548906, -1.8736884139287921e-16, -0.03482477326733476, 0.12938736093204187, -1.9359746571130253e-16, -0.018532821516548934, -0.10942432750083428, -0.034794691565040926]
other derivatives: [ 2.18034302 -0.38465942  1.89461957 -2.15298428  0.22744757 -0.0153932 ]
Current x array =  [-0.60166534 -1.39601589 -0.30429138  0.87768428 -0.99773396 -7.18114928
  0.50233096 -4.0531868  -3.59516463 -0.3679978  -4.14729115  0.41862658
 -2.68958238 -5.66851403 -6.62560825 -3.40502699 -5.66851403 -2.30258509
 -6.63697352 -3.40435655 -2.30258509 -5.66851403 -2.52622866 -6.63823241]
log likelihood =  -296.932137203
Edge derivatives =  [0.7426369999342597, -0.05196687170024388, -0.0300821079456722, 0.296204443264694, -0.010536410792544675, 1.0102446503068028, -0.2827300283193799, -0.01369046123782076, -0.012691889296569796, 0.11368054902200808, -0.013690461237820726, -2.2255401582681317e-17, -0.012953215109246165, 0.11670073417506241, -2.2229817865934543e-17, -0.013690461237820762, -0.1364584850564755, -0.012938798599886038]
other derivatives: [ 3.12318207 -1.09830012 -0.91091579 -0.8194263   1.348144   -0.00437694]
Current x array =  [-0.60488235 -1.36421755 -0.29498288  0.72529947 -1.08691707 -8.396404
  0.43329489 -4.6879729  -4.08594377 -0.32762075 -4.69909906  0.41723285
 -2.47883704 -6.38100257 -7.61007815 -3.38827992 -6.38100257 -2.30258509
 -7.62681853 -3.39097261 -2.30258509 -6.38100257 -2.51268839 -7.62836633]
log likelihood =  -297.051788258
Edge derivatives =  [-0.7006688401770067, -0.03128668909719084, -0.0362123284061801, -0.4635272061745388, -0.007192416921771658, 0.8048249100501869, -0.407848853773679, -0.006949918766360055, -0.0052949646430164535, 0.16495600696288526, -0.006949918766360037, 1.0960442788124358e-16, -0.005403609330502867, 0.17010335221231523, 1.1031320613170562e-16, -0.006949918766360044, -0.17892178318557364, -0.005396107895308831]
other derivatives: [ -1.52528514e+00  -8.05965783e-01   7.98316364e+00   3.19585070e-01
   7.12816473e-03  -1.57456270e-03]
Current x array =  [-0.56404753 -1.3592523  -0.36223885  0.57339824 -1.01598936 -9.47687467
  0.47229552 -5.22362954 -4.49389205 -0.28022033 -5.18505289  0.39742766
 -2.41390327 -7.03769794 -8.4891955  -3.45931536 -7.03769794 -2.30258509
 -8.5104984  -3.46442421 -2.30258509 -7.03769794 -2.49816478 -8.51232866]
log likelihood =  -296.83502082
Edge derivatives =  [0.19648082970154812, -0.04255132991999882, -0.03346219195586751, 0.025251166541610193, -0.008852333828352118, 0.9503835047402748, -0.3255453306591939, -0.010381231171020038, -0.00898217578741853, 0.13508670053498284, -0.010381231171020012, -1.109760710914199e-16, -0.00916578763771958, 0.138948234359903, -1.1099880948818297e-16, -0.010381231171020031, -0.15084239315360626, -0.00915456937718141]
other derivatives: [  1.46199568e+00  -9.85244242e-01   3.10051860e+00  -3.87410637e-01
   8.27031954e-01  -2.93312041e-03]
Current x array =  [-0.58877137 -1.36225856 -0.32151806  0.66536833 -1.05893324 -8.82269312
  0.4486822  -4.89931099 -4.24689577 -0.30891938 -4.89082739  0.4094189
 -2.45321805 -6.6400953  -7.95692529 -3.41630626 -6.6400953  -2.30258509
 -7.97546577 -3.41995222 -2.30258509 -6.6400953  -2.50695824 -7.97712501]
log likelihood =  -296.756211071
Edge derivatives =  [0.14133609513560952, -0.038323694094974624, -0.03072148658336627, -0.02140131330476258, -0.007891118946474863, 0.541618549942715, -0.19037504753991324, -0.008064472429495864, -0.007354008024903364, 0.18685747671398767, -0.008064472429495862, 5.777274138777722e-23, -0.007501035666439268, 0.19092006302185272, 2.989778939493466e-23, -0.008064472429495869, -0.1557398949583973, -0.007491130995807745]
other derivatives: [ 0.00841851 -0.532782    1.11919576 -0.13654926  0.33803076 -0.00233058]
Current x array =  [-0.57992393 -1.37801679 -0.31178481  0.65547408 -1.03372983 -9.08116244
  0.44462377 -5.00324391 -4.32747246 -0.30577855 -4.99802338  0.42375356
 -2.51378023 -6.80055124 -8.15774048 -3.47995433 -6.80055124 -2.30258509
 -8.17715018 -3.48377311 -2.30258509 -6.80055124 -2.5059846  -8.17888666]
log likelihood =  -296.733492956
Edge derivatives =  [0.058342558712673576, -0.032398314130692815, -0.02817885524995013, -0.165718595701283, -0.008545675060070946, 0.08427877966160124, -0.2729659122344147, -0.0077310087322876725, -0.005600134641604131, 0.19222575401399578, -0.007731008732287653, -1.1839516717644179e-21, -0.0057125715671469905, 0.19712512092856965, -6.014452064721697e-22, -0.007731008732287659, -0.16969296562340278, -0.005704591319065455]
other derivatives: [-0.34299319 -0.05443326 -0.31875516  0.03761897 -0.04044978 -0.00172804]
Current x array =  [-0.57847085 -1.39430626 -0.3041175   0.65437767 -1.01994843 -9.41523166
  0.44615049 -5.17258204 -4.45801261 -0.29162037 -5.14919428  0.44474063
 -2.46894268 -6.99997821 -8.42928177 -3.48734591 -6.99997821 -2.30258509
 -8.45013689 -3.4920167  -2.30258509 -6.99997821 -2.5002562  -8.4519576 ]
log likelihood =  -296.728617105
Edge derivatives =  [0.0715078357087171, -0.031563073678925774, -0.027367481170198035, -0.13267060986563228, -0.008515055545008964, 0.01516448249943625, -0.24002698031856176, -0.007229008798599053, -0.005340353951778757, 0.19873719928789968, -0.007229008798599042, -2.2171399190345355e-17, -0.005445659839782805, 0.2035766201045833, -2.218791302673479e-17, -0.007229008798599054, -0.1633127865119951, -0.00543793497858743]
other derivatives: [-0.13229169  0.01298304 -0.23732127  0.10325039 -0.05258016 -0.00162572]
Current x array =  [-0.57959101 -1.39571056 -0.30470487  0.6484527  -1.01991973 -9.47670871
  0.44464003 -5.19916203 -4.47876146 -0.29402165 -5.1750235   0.44810085
 -2.48371566 -7.03740601 -8.47703086 -3.49563064 -7.03740601 -2.30258509
 -8.49810391 -3.5002761  -2.30258509 -7.03740601 -2.50331526 -8.49994172]
log likelihood =  -296.707860668
Edge derivatives =  [0.2249593672937098, -0.025506739657579443, -0.020268812254494367, 0.10848031207907005, -0.006152408503303324, -0.2839312598553948, -0.19083463049972155, -0.005408573889697948, -0.0037748903908231793, 0.20225711830390292, -0.005408573889697945, -6.770575893563167e-17, -0.003843320646181053, 0.2072156978787123, -6.715969273537546e-17, -0.00540857388969795, -0.12476416691530345, -0.003837462927917649]
other derivatives: [-0.49460596  0.16897275  0.23646862  0.12362307  0.05101697 -0.00104592]
Current x array =  [-0.57661089 -1.40122004 -0.30758696  0.64099768 -1.03154997 -9.91155862
  0.43781165 -5.41260917 -4.64542988 -0.30806824 -5.36781051  0.46621224
 -2.50221292 -7.29691179 -8.82398209 -3.50027529 -7.29691179 -2.30258509
 -8.84683358 -3.50516728 -2.30258509 -7.29691179 -2.52156022 -8.84878144]
log likelihood =  -296.679090025
Edge derivatives =  [-0.11164348294041981, -0.01903567011701676, -0.01522879600091666, 0.32284292673325754, -0.004968691824059878, -0.3613574176831361, -0.15189811569222492, -0.003305317196918612, -0.0023710490023169358, 0.18129210614100477, -0.0033053171969186046, 6.743111984086872e-17, -0.002405395111186165, 0.18639561784435968, 6.702232582331555e-17, -0.00330531719691861, -0.05567712050228546, -0.00240138130141045]
other derivatives: [  8.39071390e-01   2.57460897e-01   4.71203521e-01   3.08790504e-01
  -4.13876933e-02  -5.85487214e-04]
Current x array =  [ -0.5849418   -1.400889    -0.30851286   0.62751481  -1.03180289
 -10.48894975   0.45679882  -5.7085448   -4.87556759  -0.32108448
  -5.62883919   0.4713721   -2.51605833  -7.64174531  -9.28999981
  -3.47396909  -7.64174531  -2.30258509  -9.315318    -3.47896964
  -2.30258509  -7.64174531  -2.55502936  -9.31740818]
log likelihood =  -296.653519075
Edge derivatives =  [-0.24223251380447008, -0.01441077957991395, -0.011227853974647723, 0.490067021949121, -0.003447790589003496, -0.30266875164552964, -0.15268429649522955, -0.002248445986366974, -0.0015453018224730046, 0.14788626867866594, -0.002248445986366971, 2.2825245147544173e-17, -0.0015631854455583826, 0.1532159433836469, 2.2514872850965488e-17, -0.002248445986366972, 0.006731665922173474, -0.0015604030774005891]
other derivatives: [  4.55446525e-01   1.00425268e-01   1.72121872e-01   2.55363375e-01
   3.54816621e-02  -3.41060513e-04]
Current x array =  [ -0.58275987  -1.3967208   -0.30673023   0.63026596  -1.04104288
 -11.01781073   0.46809971  -5.98588918  -5.09172368  -0.32958254
  -5.87022371   0.47139287  -2.51205794  -7.95567919  -9.71843162
  -3.43335129  -7.95567919  -2.30258509  -9.74606369  -3.43845822
  -2.30258509  -7.95567919  -2.58611933  -9.748281  ]
log likelihood =  -296.612462989
Edge derivatives =  [-0.1596007142155167, -0.00815999356483963, -0.00702232843531148, 0.4014235192786204, -0.0017951405946801057, -0.1435883801190727, -0.14206914159098494, -0.0011934920527296553, -0.0006391699254969934, 0.07701581176462036, -0.0011934920527296557, -6.629021329725127e-17, -0.0006425681048261482, 0.08272216210956398, -6.645178753873272e-17, -0.001193492052729657, 0.11818681744106171, -0.000641273857875986]
other derivatives: [  5.49624701e-01   5.60589797e-02   2.89878699e-01  -2.45563569e-03
   1.75219839e-01  -1.19371180e-04]
Current x array =  [ -0.58391283  -1.39854505  -0.30590299   0.65211917  -1.05072083
 -12.10908342   0.46950656  -6.5559581   -5.53613782  -0.31502545
  -6.36762402   0.46787433  -2.51173642  -8.6040262  -10.60196752
  -3.3519482   -8.6040262   -2.30258509 -10.63435523  -3.35707549
  -2.30258509  -8.6040262   -2.64406898 -10.63683624]
log likelihood =  -296.644141051
Edge derivatives =  [-0.22961446331141788, -0.0035909601888898706, -0.005607101058726648, -0.3462745219851091, -0.0013784074212131031, 0.08762109478294888, 0.12363978674204326, -0.0002559168283576101, -0.00017221787552835615, 0.03164089220670929, -0.0002559168283576083, 4.5526690288573693e-26, -0.00017149059645079213, 0.036260551879580785, 2.4252350980999347e-26, -0.0002559168283576095, 0.21339106461658947, -0.00017107511398676282]
other derivatives: [ -2.21541541e+00  -9.00450914e-01  -2.20479137e+00   4.08232381e-01
  -2.48093102e-01  -2.27373675e-05]
Current x array =  [ -0.56771259  -1.36489885  -0.29697259   0.60837464  -1.02541783
 -13.74914233   0.46392016  -7.37536458  -6.17354834  -0.26011399
  -7.10020856   0.44797335  -2.64502547  -9.5873477  -11.91766583
  -3.30547415  -9.5873477   -2.30258509 -11.95685249  -3.30903733
  -2.30258509  -9.5873477   -2.69792078 -11.95974721]
log likelihood =  -296.597622286
Edge derivatives =  [-0.18479219416830683, -0.006071713545450942, -0.006600291199884433, 0.14043415491715172, -0.0016633044824017737, -0.060607635852526376, -0.04187961695206227, -0.0007133914274080244, -0.0003984833499463593, 0.06092285569180855, -0.0007133914274080223, -2.244092576572964e-17, -0.00039918514923324987, 0.06624787716628394, -2.2322695909086564e-17, -0.0007133914274080244, 0.15305588255214722, -0.00039832197282189545]
other derivatives: [ -4.26672386e-01  -2.84182988e-01  -5.96247673e-01   1.44132173e-01
   2.23963070e-02  -6.82121026e-05]
Current x array =  [ -0.57807458  -1.38641961  -0.30268465   0.63635449  -1.04160212
 -12.70012875   0.46749333  -6.85125626  -5.76584817  -0.29523643
  -6.63163324   0.4607024   -2.5597712   -8.95839614 -11.0761196
  -3.33519985  -8.95839614  -2.30258509 -11.11095752  -3.33976348
  -2.30258509  -8.95839614  -2.66347612 -11.11358762]
log likelihood =  -296.588679444
Edge derivatives =  [-0.07886540549003063, -0.004653597634870734, -0.005539461742404978, -0.03366372509245763, -0.0012879643851759293, -0.030656267700123196, -0.040249226663106125, -0.0005699788109840519, -0.0002625946335829708, 0.02829363593628531, -0.0005699788109840494, -1.110233372710502e-16, -0.00026232955544065663, 0.03374536294508439, -1.1102281993644997e-16, -0.0005699788109840514, 0.18882367506563702, -0.0002617330931868217]
other derivatives: [ -1.27135991e-01  -1.33854883e-01  -1.70359726e-01   3.29691829e-03
   2.56250132e-02  -3.97903932e-05]
Current x array =  [ -0.58005198  -1.39294674  -0.30401119   0.6503339   -1.04030402
 -13.21561521   0.46263891  -7.11925356  -5.97466108  -0.27996624
  -6.86626005   0.45984089  -2.55935374  -9.26508183 -11.49346267
  -3.30048818  -9.26508183  -2.30258509 -11.53053878  -3.30497434
  -2.30258509  -9.26508183  -2.68322004 -11.53329435]
log likelihood =  -296.586201631
Edge derivatives =  [-0.02005240670874442, -0.004223863782014407, -0.005161461031160835, -0.08749495387683703, -0.0011286944329754849, -0.013871184468462805, -0.028406481474690326, -0.0005155078952077373, -0.00022495780133823301, 0.020388637756612593, -0.0005155078952077344, -1.3277584887875533e-16, -0.00022450482605305128, 0.025701737839100097, -1.3300130069299735e-16, -0.000515507895207738, 0.18705546961378983, -0.0002239843874609922]
other derivatives: [ -5.79916559e-02  -3.01838554e-02  -2.32660113e-02  -1.60696345e-02
   7.09405867e-03  -2.84217094e-05]
Current x array =  [ -0.58037049  -1.39678999  -0.30467624   0.65233592  -1.03763322
 -13.4078299    0.45862434  -7.21707356  -6.05086789  -0.27574006
  -6.95295391   0.4582868   -2.56510301  -9.37991122 -11.64843325
  -3.29243255  -9.37991122  -2.30258509 -11.68632472  -3.29669314
  -2.30258509  -9.37991122  -2.68232507 -11.6891281 ]
log likelihood =  -296.582442104
Edge derivatives =  [0.08932577582270951, -0.003652233798212258, -0.004527917822503823, -0.11637468416841323, -0.0008830214847867537, 0.018787861294287223, -0.006679816775999409, -0.0004353061592074595, -0.00017836901488837748, 0.008883426581339005, -0.0004353061592074572, -1.1102077843889067e-16, -0.0001777376795261614, 0.013694516853233932, -1.1102154021769097e-16, -0.0004353061592074585, 0.16401660496190393, -0.00017731363083795987]
other derivatives: [  9.41668077e-02   1.03460707e-01  -2.93709945e-02  -1.96791916e-02
  -1.26362920e-02  -1.13686838e-05]
Current x array =  [ -0.58124682  -1.40159965  -0.30458963   0.6531905   -1.03345748
 -13.6964339    0.45118433  -7.3635704   -6.16506893  -0.27352483
  -7.08292843   0.45545891  -2.57584074  -9.55239336 -11.88092703
  -3.28083488  -9.55239336  -2.30258509 -11.92003767  -3.28446218
  -2.30258509  -9.55239336  -2.66967908 -11.92291305]
log likelihood =  -296.582983449
Edge derivatives =  [-0.014231536683227741, -0.002773541269410526, -0.0037728979555403165, -0.21984290715981036, -0.0005643736902912009, -0.044248929803990755, -0.014832922052709197, -0.0003219940678543192, -0.00011488277014432126, -0.013265104788552029, -0.0003219940678543175, -4.4408813428574755e-17, -0.00011416948452752368, -0.009486238915660472, -4.440886717532267e-17, -0.0003219940678543192, 0.08355607760737557, -0.00011388232740487882]
other derivatives: [ -2.95437985e-01   2.33887931e-01   1.20508048e+00   1.71382908e-02
  -2.48610377e-01  -1.70530257e-05]
Current x array =  [ -0.5779813   -1.40468989  -0.31206533   0.64678085  -1.01638576
 -14.24125383   0.45128144  -7.64290843  -6.38202525  -0.2681978
  -7.32964471   0.45391362  -2.57211778  -9.87809703 -12.32206056
  -3.25962918  -9.87809703  -2.30258509 -12.36350775  -3.26200792
  -2.30258509  -9.87809703  -2.62668339 -12.36651874]
log likelihood =  -296.580105491
Edge derivatives =  [0.04049643084084065, -0.003206356297862104, -0.00415273561088972, -0.16481035491166085, -0.000717755637433032, -0.010801004359790922, -0.010463868148198663, -0.00037738931341767495, -0.00014484822101066365, -0.0015259424086386808, -0.000377389313417673, -2.220547490928633e-17, -0.00014415234578897854, 0.0028028556587562786, -2.2204967293160204e-17, -0.00037738931341767495, 0.12639306631362995, -0.00014379960115282008]
other derivatives: [ -8.87723672e-02   1.65039182e-01   5.62766900e-01  -2.62048161e-03
  -1.24401822e-01  -1.70530257e-05]
Current x array =  [ -0.57970173  -1.4030618   -0.30812677   0.65015776  -1.02537997
 -13.95421636   0.45123028  -7.49573965  -6.26772217  -0.27100434
  -7.19966265   0.45472775  -2.57407921  -9.70650059 -12.0896501
  -3.27080137  -9.70650059  -2.30258509 -12.12986628  -3.27383791
  -2.30258509  -9.70650059  -2.6493356  -12.13280582]
log likelihood =  -296.57638621
Edge derivatives =  [0.09929169812629302, -0.0027992275647336076, -0.0035943460315962816, -0.11481138892425613, -0.0005726361337393284, -0.015910978084039185, -0.005220260279290123, -0.0003212242355068193, -0.00011688157979945673, -0.011904377057519344, -0.00032122423550681777, -9.696546244063853e-23, -0.00011616808999801347, -0.008220684566700887, -4.8465312264229384e-23, -0.000321224235506819, 0.08400565150933481, -0.00011587661721930347]
other derivatives: [  1.91448635e-02   2.23172947e-01   1.99906935e-01   2.99962721e-02
  -1.43580792e-01  -1.70530257e-05]
Current x array =  [ -0.58053761  -1.40491113  -0.30624889   0.64866229  -1.02288362
 -14.22025708   0.44716712  -7.63157894  -6.37355005  -0.27472529
  -7.31979795   0.45432919  -2.57651055  -9.86529188 -12.30440303
  -3.26049122  -9.86529188  -2.30258509 -12.345752    -3.26279788
  -2.30258509  -9.86529188  -2.62675032 -12.34875765]
log likelihood =  -296.572919753
Edge derivatives =  [0.12531676570726047, -0.0024102276199784037, -0.0030265986390660693, -0.0045411279639271385, -0.0004363239603133054, 0.012488391304749324, 0.0014422180165906129, -0.00025724349250942993, -9.232430278314222e-05, -0.02280549235880036, -0.0002572434925094291, -1.9984059959076884e-16, -9.162796197722968e-05, -0.020041068985098817, -1.9984037188290665e-16, -0.0002572434925094301, 0.030664714160014178, -9.139173659502802e-05]
other derivatives: [  9.35017397e-02   1.09440634e-01   8.24229573e-04   5.62522473e-02
  -1.03784714e-01  -1.13686838e-05]
Current x array =  [ -0.58114057  -1.40043283  -0.30538431   0.64467996  -1.02434344
 -14.51270157   0.44587907  -7.7809402   -6.48993608  -0.28276112
  -7.45178811   0.45335368  -2.57950441 -10.0397507  -12.54037028
  -3.24958535 -10.0397507   -2.30258509 -12.58296367  -3.25097545
  -2.30258509 -10.0397507   -2.59877308 -12.58604189]
log likelihood =  -296.571414368
Edge derivatives =  [0.05405797868651119, -0.0021950754980795623, -0.0028125240208138535, 0.029323671381253025, -0.00043502722188003165, 0.00905353284078958, -0.004588995117556005, -0.0002270323496917751, -7.987474515972172e-05, -0.03047509907110746, -0.00022703234969177416, 8.881749608967009e-17, -7.921102131963448e-05, -0.02827828905820093, 8.881766896721797e-17, -0.00022703234969177505, 0.003317286217274895, -7.900377234313373e-05]
other derivatives: [  7.82733878e-03   3.25940164e-02  -1.28528654e-01   3.98642896e-02
  -7.42716111e-02  -5.68434189e-06]
Current x array =  [ -0.58078222  -1.39801575  -0.30457069   0.64637732  -1.02859155
 -14.69130408   0.45155146  -7.87358927  -6.56211845  -0.28443587
  -7.53297369   0.45481998  -2.57611203 -10.1460962  -12.68504446
  -3.24183013 -10.1460962   -2.30258509 -12.72841116  -3.24267955
  -2.30258509 -10.1460962   -2.58461045 -12.73153316]
log likelihood =  -296.570868026
Edge derivatives =  [-0.0028360030187792873, -0.002064018099702313, -0.002751935687084056, 0.026177703978692568, -0.00047484017794616835, 0.03601162010969383, 0.010773232121888854, -0.00019941081009615974, -7.244654798065359e-05, -0.031040189490274317, -0.000199410810096159, -2.2197705729294602e-16, -7.180223664194031e-05, -0.02938301048855807, -2.220108305919927e-16, -0.00019941081009615955, -0.005065713680898559, -7.161222123801365e-05]
other derivatives: [  1.38948053e-01  -7.73297870e-02   7.00424607e-02   2.88764568e-02
  -8.44693204e-03  -5.68434189e-06]
Current x array =  [ -0.58158062  -1.39405434  -0.30545799   0.64589363  -1.0346743
 -14.81263538   0.45652207  -7.93472756  -6.60982241  -0.28333333
  -7.58733628   0.45518497  -2.58358948 -10.21873413 -12.78250777
  -3.24098302 -10.21873413  -2.30258509 -12.82638054  -3.24137824
  -2.30258509 -10.21873413  -2.58008462 -12.82953299]
log likelihood =  -296.57057065
Edge derivatives =  [-0.006580569785581414, -0.0020430431778772013, -0.002730602881683369, 0.02387502516576756, -0.00047750560634937287, 0.022021479682652223, 0.006629451992505558, -0.0002013788350905417, -7.141892299828792e-05, -0.03132556093685346, -0.00020137883509054088, -1.9977361227847837e-16, -7.0787678842462e-05, -0.029771066454789913, -1.9980687807071018e-16, -0.00020137883509054166, -0.00688733832558161, -7.060034975018154e-05]
other derivatives: [ -8.86643647e-02  -4.53042048e-02   2.14697593e-02  -5.30917532e-03
   1.23975497e-02  -5.68434189e-06]
Current x array =  [ -0.58014542  -1.39594952  -0.30509373   0.6492486   -1.03737166
 -14.82988799   0.45784416  -7.94416668  -6.61724891  -0.28255742
  -7.59537654   0.45649277  -2.58146384 -10.22891983 -12.79663287
  -3.24066025 -10.22891983  -2.30258509 -12.84058431  -3.24095009
  -2.30258509 -10.22891983  -2.5791396  -12.84374081]
log likelihood =  -296.570426517
Edge derivatives =  [-0.010541504960391412, -0.0020383600056581965, -0.002752458145069173, 0.0075735484625631955, -0.0004926157962715863, 0.015013025578077044, 0.009073990203558563, -0.00020110349696151318, -7.11338988335485e-05, -0.03012842054283793, -0.00020110349696151206, -2.2204459670537405e-17, -7.050415721894404e-05, -0.028609979604265312, -2.2204460082654806e-17, -0.000201103496961513, -0.005520014213625052, -7.031745020153131e-05]
other derivatives: [ -5.62408786e-02  -2.15266027e-02   1.56887836e-02  -1.26192390e-03
   6.70183908e-03  -5.68434189e-06]
Current x array =  [ -0.58034149  -1.39676465  -0.3050234    0.6494042   -1.03735459
 -14.83497139   0.45807017  -7.94646645  -6.61905325  -0.28128514
  -7.5975555    0.45683124  -2.58271496 -10.23205109 -12.80063115
  -3.24183682 -10.23205109  -2.30258509 -12.84460113  -3.2420882
  -2.30258509 -10.23205109  -2.5798431  -12.84775904]
log likelihood =  -296.570169046
Edge derivatives =  [-0.011261726955208218, -0.0019955234867714638, -0.0027582014131878312, -0.022157914382086474, -0.0005197583830526747, -0.0029466579341905774, 0.019175860337470457, -0.00019499802551629268, -6.869751454549623e-05, -0.025627593158282558, -0.0001949980255162921, 6.654975628868149e-17, -6.807878304454707e-05, -0.024414887496002027, 6.658156849184187e-17, -0.00019499802551629314, -0.0077751058048958765, -6.78976318853819e-05]
other derivatives: [  1.34718903e-02   2.56989097e-02   2.21746177e-02   5.88897819e-03
   7.95807864e-03  -5.68434189e-06]
Current x array =  [ -0.58073867  -1.39840885  -0.30496734   0.64956532  -1.03834351
 -14.87871135   0.45835827  -7.96760699  -6.63562302  -0.2788036
  -7.61680663   0.45794806  -2.58785433 -10.25851412 -12.83545451
  -3.24624001 -10.25851412  -2.30258509 -12.87959743  -3.24619402
  -2.30258509 -10.25851412  -2.5786974  -12.88276682]
log likelihood =  -296.570006307
Edge derivatives =  [-0.014696696730365888, -0.0019353798883355127, -0.0027210358787591662, -0.039379668636499776, -0.0005226265122869993, -0.011966035117313312, 0.025519752498774695, -0.00018645812423351044, -6.540055053860496e-05, -0.022684173590308054, -0.00018645812423350973, -2.220442388457113e-17, -6.47950861236687e-05, -0.02178174843420938, -2.2204442172872356e-17, -0.00018645812423351044, -0.011206032292153972, -6.462157913572161e-05]
other derivatives: [  1.12265752e-02   2.56989097e-02  -1.53136170e-02   1.14539489e-02
   2.05773176e-03  -5.68434189e-06]
Current x array =  [ -0.58074687  -1.3983884   -0.30477146   0.64935767  -1.0383957
 -14.94003806   0.45857988  -7.9981492   -6.65949809  -0.27742651
  -7.64416531   0.45843582  -2.59107682 -10.29539646 -12.88464008
  -3.2491382  -10.29539646  -2.30258509 -12.92903491  -3.24878902
  -2.30258509 -10.29539646  -2.57696667 -12.93221997]
log likelihood =  -296.569617757
Edge derivatives =  [0.004252990491454778, -0.0017470442339723399, -0.0024878907371760437, -0.03759310910744884, -0.000481264331509849, -0.05155890775592875, 0.030505818787610467, -0.00016615290258050047, -5.552565140357005e-05, -0.012006047479337534, -0.00016615290258049974, -1.5537593244461138e-16, -5.4970398930808374e-05, -0.012231836211417019, -1.5540357766350428e-16, -0.0001661529025805003, -0.02735834072467444, -5.4820155021237445e-05]
other derivatives: [ 0.14561579  0.07931362  0.00799787 -0.00895852  0.0076227   0.        ]
Current x array =  [ -0.58164777  -1.40038046  -0.30465923   0.65211811  -1.03922569
 -15.14335189   0.45804151  -8.10068646  -6.73978958  -0.27705148
  -7.73537981   0.46092223  -2.59345532 -10.41741377 -13.04815195
  -3.25961927 -10.41741377  -2.30258509 -13.09339296  -3.25815689
  -2.30258509 -10.41741377  -2.56879687 -13.0966295 ]
log likelihood =  -296.56912536
Edge derivatives =  [-0.004639612270558313, -0.0016392371036900125, -0.0023778920264943, -0.04721215376406662, -0.00044965738417410774, -0.04666275367034545, 0.03595365523368585, -0.00015103165424796455, -5.0123063323223016e-05, -0.002697468647970047, -0.00015103165424796422, -2.210347767164578e-17, -4.9598039236068653e-05, -0.0036169676070853807, -2.2153968728498016e-17, -0.00015103165424796506, -0.029683854952336053, -4.9460621821653255e-05]
other derivatives: [  3.55100838e-02   2.02476258e-02  -4.26894076e-02  -3.48450158e-03
  -1.10901510e-02  -5.68434189e-06]
Current x array =  [ -0.58100877  -1.39825743  -0.3045471    0.65101054  -1.03777132
 -15.27086718   0.45814025  -8.16446093  -6.78973033  -0.27650502
  -7.79235422   0.46035459  -2.59623986 -10.49416742 -13.15051775
  -3.26898491 -10.49416742  -2.30258509 -13.19628332  -3.26682633
  -2.30258509 -10.49416742  -2.56765907 -13.19955245]
log likelihood =  -296.568666583
Edge derivatives =  [-0.00798703621613761, -0.0015349984830111494, -0.0022140606434088283, -0.0197268980825398, -0.0003898881288218867, -0.02712175181187182, 0.027640587353688767, -0.00013987327776203803, -4.5157010479167096e-05, 0.004569683664450097, -0.00013987327776203743, -1.9984028295120276e-16, -4.466419462338832e-05, 0.003009987245084514, -1.998402135633322e-16, -0.0001398732777620379, -0.03402506787100068, -4.453882619660411e-05]
other derivatives: [ -3.59705155e-02  -2.46586751e-02  -4.32805791e-02  -1.36310518e-02
  -2.06568984e-02  -1.13686838e-05]
Current x array =  [ -0.58060445  -1.39672067  -0.30463141   0.6511145   -1.03613707
 -15.40012002   0.457984    -8.23041155  -6.84140365  -0.27873788
  -7.85063746   0.45904309  -2.59190146 -10.57169778 -13.25477914
  -3.27634314 -10.57169778  -2.30258509 -13.3010888   -3.27353196
  -2.30258509 -10.57169778  -2.56550502 -13.30439045]
log likelihood =  -296.568352328
Edge derivatives =  [-0.010811691448902705, -0.0014478857945365716, -0.0020751150956128256, 0.01252955627684349, -0.0003453702492529868, 0.005760580236263135, 0.013495113592829538, -0.00013245564684653794, -4.1198225632578364e-05, 0.009890321507575406, -0.00013245564684653696, -1.332707808781667e-16, -4.0734941603236496e-05, 0.007858197321938334, -1.3324877212331065e-16, -0.00013245564684653772, -0.03478442824509928, -4.0619369157233955e-05]
other derivatives: [-0.03946639 -0.03977334 -0.06616006 -0.02132197 -0.01080025  0.        ]
Current x array =  [ -0.58059546  -1.39629648  -0.30451159   0.651383    -1.03604859
 -15.51338548   0.4582071   -8.28884809  -6.88723702  -0.28110071
  -7.90196525   0.45734616  -2.58456044 -10.63953673 -13.34637165
  -3.2817276  -10.63953673  -2.30258509 -13.39316359  -3.27843139
  -2.30258509 -10.63953673  -2.56511828 -13.3964935 ]
log likelihood =  -296.570205385
Edge derivatives =  [-0.027244881396429, -0.0012628501695498623, -0.0018613680240718775, 0.0016137693535069886, -0.00025971369502810225, 0.008831868329378212, -0.008929283933600096, -0.00011760159427853135, -3.3106454845241926e-05, 0.019379892236990215, -0.00011760159427853104, 2.220419141022825e-17, -3.2705142219079855e-05, 0.016524195660625768, 2.2204325957875186e-17, -0.00011760159427853154, -0.0358713523307177, -3.26099989071343e-05]
other derivatives: [-0.21071287  0.01389822  0.80282803 -0.02268621 -0.0549619   0.        ]
Current x array =  [ -0.57885622  -1.39761657  -0.30954743   0.64760992  -1.03149772
 -15.78432795   0.45701005  -8.42743061  -6.99578227  -0.28127418
  -8.02431474   0.4555698   -2.5734637  -10.8020625  -13.5651506
  -3.29189284 -10.8020625   -2.30258509 -13.613087    -3.28771379
  -2.30258509 -10.8020625   -2.56473105 -13.61648503]
log likelihood =  -296.568283127
Edge derivatives =  [-0.013371289639236394, -0.0014167956435368221, -0.002039532844033635, 0.010850096257033481, -0.0003306625921053265, 0.006311262627624159, 0.009959755231206069, -0.00012999602804253174, -3.9792611828111186e-05, 0.011405073226945173, -0.0001299960280425311, 6.163215516001145e-36, -3.933954858617449e-05, 0.009241179173636219, 1.6626571255139896e-36, -0.00012999602804253138, -0.034951691341854496, -3.922748494081054e-05]
other derivatives: [-0.06651817 -0.0312582   0.07399308 -0.02158913 -0.01778062  0.        ]
Current x array =  [ -0.58031936  -1.39650604  -0.30531101   0.65078404  -1.03532615
 -15.55639684   0.45801707  -8.31084768  -6.90446828  -0.28112825
  -7.92138789   0.45706417  -2.58279886 -10.66533725 -13.3811022
  -3.28334131 -10.66533725  -2.30258509 -13.42807582  -3.27990495
  -2.30258509 -10.66533725  -2.56505681 -13.43141655]
log likelihood =  -296.568127316
Edge derivatives =  [-0.017593978837689095, -0.0013703017353844844, -0.0019796578450308527, 0.020923521562888014, -0.00031786003906276897, 0.02376371315686343, 0.0004149718060620089, -0.000126831252758127, -3.777717534498466e-05, 0.012873261954613469, -0.00012683125275812654, -2.2203641300582513e-17, -3.734014944337121e-05, 0.010539999869304997, -2.220405084132081e-17, -0.0001268312527581273, -0.033452946960779384, -3.723318619259437e-05]
other derivatives: [-0.04018261 -0.02119691  0.0514035  -0.02002025 -0.0095099   0.        ]
Current x array =  [ -0.58047205  -1.39689928  -0.30516454   0.65073722  -1.035804
 -15.62042867   0.45839631  -8.34412669  -6.93056086  -0.28177152
  -7.95050665   0.45623802  -2.57788809 -10.70363764 -13.43297797
  -3.28482696 -10.70363764  -2.30258509 -13.48022672  -3.28121498
  -2.30258509 -10.70363764  -2.56580096 -13.48358332]
log likelihood =  -296.567826205
Edge derivatives =  [-0.008463654516413843, -0.0012802745483172686, -0.0018855330989875413, 0.018895696702312614, -0.0003076805627460303, 0.028423780025337075, -0.013553200915546071, -0.00012075807915662253, -3.396985234812662e-05, 0.014604008215222786, -0.00012075807915662217, 6.275012810045894e-25, -3.356280651035396e-05, 0.012076998912169762, 3.1403523689329033e-25, -0.00012075807915662272, -0.02728328088612525, -3.346557916071592e-05]
other derivatives: [ -1.17665877e-02   2.38742359e-04   6.34372554e-03  -4.51905180e-03
   3.46744855e-04  -5.68434189e-06]
Current x array =  [ -0.58060747  -1.39758884  -0.30494505   0.6494737   -1.03670218
 -15.7515721    0.45796286  -8.41190507  -6.9836938   -0.28145808
  -8.00999158   0.45607499  -2.57075136 -10.78215882 -13.53908115
  -3.28661404 -10.78215882  -2.30258509 -13.58688987  -3.28279833
  -2.30258509 -10.78215882  -2.56889835 -13.59027911]
log likelihood =  -296.567597477
Edge derivatives =  [-0.002846306217825889, -0.0011491578205106848, -0.0017695501283371596, -0.0034885482764706044, -0.00030568719200106925, 0.035937373380259374, -0.02293968405075672, -0.00010820407915699451, -2.865081299011643e-05, 0.016027083867593217, -0.00010820407915699401, -1.3319412926158095e-16, -2.8283858169644603e-05, 0.01331206377064266, -1.3321044596297135e-16, -0.00010820407915699457, -0.014688679896534745, -2.8200397490016282e-05]
other derivatives: [ 0.19029471 -0.01842295  0.03969944  0.02437446  0.01863896  0.        ]
Current x array =  [ -0.58184571  -1.39645691  -0.30510965   0.64667107  -1.03823553
 -15.96230246   0.45776555  -8.52003176  -7.06841045  -0.27956722
  -8.10524937   0.45607369  -2.56584329 -10.9084596  -13.70926032
  -3.28800801 -10.9084596   -2.30258509 -13.75796175  -3.28401907
  -2.30258509 -10.9084596   -2.57516685 -13.76140373]
log likelihood =  -296.567343924
Edge derivatives =  [0.0128234281761328, -0.001077877047545245, -0.0016985701705671667, -0.018463784133896377, -0.00030108624056058653, 0.009285995992476703, -0.02729043576468726, -0.00010274843553555552, -2.591835210493776e-05, 0.016252076590882902, -0.00010274843553555497, 1.109924025303531e-16, -2.5575623362727124e-05, 0.013450255363937735, 1.1100735243281256e-16, -0.00010274843553555539, -0.010442068624659823, -2.549941437715564e-05]
other derivatives: [ 0.07149197  0.01587637 -0.02314096  0.03369109  0.02174829  0.        ]
Current x array =  [ -0.58104235  -1.39781567  -0.30483952   0.64602713  -1.0393759
 -16.08637851   0.4570649   -8.58364385  -7.11825481  -0.27822612
  -8.16132372   0.45751279  -2.56367599 -10.98279964 -13.80943892
  -3.28830353 -10.98279964  -2.30258509 -13.85866581  -3.28421416
  -2.30258509 -10.98279964  -2.57734822 -13.86213883]
log likelihood =  -296.567163327
Edge derivatives =  [0.01726305454802257, -0.001025766656134067, -0.0016505362072852105, -0.03525789596787732, -0.000299297170467815, -0.01208116938960968, -0.023153185552052646, -9.705287030474958e-05, -2.3968227316431027e-05, 0.01575378347281564, -9.70528703047493e-05, -4.4351254066397994e-17, -2.3641563334718902e-05, 0.012932407890014139, -4.438008741576268e-17, -9.705287030474963e-05, -0.007304119540901849, -2.3570564385475403e-05]
other derivatives: [ 0.0105274   0.01886065 -0.03059313  0.03614105  0.02282263  0.        ]
Current x array =  [ -0.58064451  -1.39797611  -0.30482318   0.64579681  -1.04016522
 -16.18349296   0.45699685  -8.63300251  -7.1569057   -0.27680489
  -8.20503633   0.458763    -2.56573721 -11.04104374 -13.88767527
  -3.28780489 -11.04104374  -2.30258509 -13.93730964  -3.28369738
  -2.30258509 -11.04104374  -2.57893463 -13.9408071 ]
log likelihood =  -296.566845247
Edge derivatives =  [0.016567721868569363, -0.0009150680657770036, -0.0015254688785595945, -0.05320595287136798, -0.0002833611047572759, -0.041825204294040796, -0.015747910871806686, -8.44708506283635e-05, -2.001543215907783e-05, 0.014064092412442775, -8.447085062836329e-05, -8.881791151100021e-17, -1.97233331839115e-05, 0.011227327964912923, -8.881787673564058e-17, -8.447085062836376e-05, -0.0005306497522908904, -1.9663029320769013e-05]
other derivatives: [ -5.12955012e-02   1.01010755e-02  -1.15790044e-02   2.87343482e-02
   2.94164693e-02  -5.68434189e-06]
Current x array =  [ -0.5802665   -1.39779325  -0.30489198   0.64637318  -1.04167833
 -16.40707914   0.45754873  -8.74696443  -7.24616362  -0.27509079
  -8.30580228   0.46073008  -2.56937931 -11.17507119 -14.06790847
  -3.28603581 -11.17507119  -2.30258509 -14.11848389  -3.28192642
  -2.30258509 -11.17507119  -2.58233121 -14.12203747]
log likelihood =  -296.566384068
Edge derivatives =  [-1.5612075068727194e-05, -0.0007546962946858835, -0.0013161860293950973, -0.060030067310169244, -0.00024280120334095555, -0.06315019666834554, -0.00898335143574161, -6.65955343450751e-05, -1.4767838446597322e-05, 0.011015431735076131, -6.659553434507488e-05, -4.4408764304223527e-17, -1.4528066588122856e-05, 0.008238750529900321, -4.4408842645536716e-17, -6.659553434507515e-05, 0.010965688188116579, -1.4482300426513119e-05]
other derivatives: [ -9.96692506e-02  -2.95017344e-03   1.40971679e-03   1.90482297e-02
   2.21234586e-02  -5.68434189e-06]
Current x array =  [ -0.58000849  -1.3974249   -0.30492302   0.6473332   -1.04195841
 -16.78409696   0.45877342  -8.93961358  -7.39708388  -0.27430819
  -8.47591116   0.4620314   -2.57269728 -11.40101732 -14.3720156
  -3.2828944  -11.40101732  -2.30258509 -14.42418195  -3.27885871
  -2.30258509 -11.40101732  -2.58816876 -14.42783002]
log likelihood =  -296.565910151
Edge derivatives =  [0.0041081814946268835, -0.000710857044551539, -0.0009910290144933566, -0.04500791518129854, -0.00016930130294791863, -0.08562990947808458, 0.007259630400630435, -4.391257525753154e-05, -8.708953223816361e-06, 0.00584471477416959, -4.3912575257531574e-05, 1.3322675756386452e-16, -8.542212234795158e-06, 0.0033207601423718563, 1.3322676025805372e-16, -4.39125752575316e-05, 0.023979641300521243, -8.513915188116217e-06]
other derivatives: [-0.05061906  0.03441869  0.04784511 -0.00737259 -0.0008697   0.        ]
Current x array =  [ -0.5803841   -1.39886363  -0.30502513   0.65031525  -1.03994991
 -17.43914724   0.45838886  -9.          -7.6591665   -0.27528236
  -8.771384     0.46295589  -2.58086388 -11.79362804 -14.90030592
  -3.27762759 -11.79362804  -2.30258509 -14.95523429  -3.27384589
  -2.30258509 -11.79362804  -2.59486816 -14.95904663]
log likelihood =  -296.566033692
Edge derivatives =  [-0.022421009283435156, -0.0007109996869788456, -0.0006701044333412669, -0.00022317919118020058, -9.271056308211027e-05, 0.033956834555608384, 0.0030834885476411777, -2.4633060887365116e-05, -4.213199870191628e-06, 0.002955558820732729, -2.4633060887365055e-05, -6.66132529111424e-17, -4.116489043572846e-06, 0.0006643389702708363, -6.661331719369423e-17, -2.4633060887365157e-05, 0.04752116573017523, -4.101925607312201e-06]
other derivatives: [-0.25773375 -0.11210659 -0.06822347 -0.03001333 -0.00738396  0.        ]
Current x array =  [ -0.57922764  -1.39408465  -0.30462682   0.65029942  -1.0368572
 -18.33891739   0.45937998  -9.          -8.02040157  -0.27890339
  -9.1778116    0.45617968  -2.57864966 -12.33282998 -15.62654155
  -3.27472066 -12.33282998  -2.30258509 -15.68527536  -3.27118781
  -2.30258509 -12.33282998  -2.60706536 -15.68931296]
log likelihood =  -296.565655716
Edge derivatives =  [-0.00775614938333713, -0.0007109234617734863, -0.0008312191765456587, -0.024735756655575702, -0.0001297500013783622, -0.031879182150019614, 0.005396850594797442, -3.387489348230898e-05, -6.284600668008076e-06, 0.004547641610010755, -3.387489348230879e-05, 4.440908596065878e-17, -6.153512198196499e-06, 0.0021281082157671993, 4.440900347273326e-17, -3.387489348230905e-05, 0.03459099643718852, -6.132505310385137e-06]
other derivatives: [-0.14352963 -0.03133209 -0.0042121  -0.01758735 -0.00376872  0.        ]
Current x array =  [ -0.5798645   -1.39671644  -0.30484617   0.65030813  -1.03856036
 -17.84341311   0.45883417  -9.          -7.82146907  -0.27690929
  -8.95399153   0.45991135  -2.57986903 -12.03589096 -15.2266029
  -3.27632151 -12.03589096  -2.30258509 -15.28324105  -3.27265162
  -2.30258509 -12.03589096  -2.60034835 -15.2871546 ]
log likelihood =  -296.56549562
Edge derivatives =  [-0.005389047593977514, -0.0007111516462094262, -0.0007533884098603991, -0.01248195469767599, -0.00011278773871035378, -0.021885227887194936, 0.004302651272048208, -2.9690378989708365e-05, -5.261965924113747e-06, 0.004310734025745, -2.9690378989708223e-05, -8.881796885965754e-17, -5.147311486713581e-06, 0.001947581981827498, -8.881790541383967e-17, -2.9690378989708355e-05, 0.03668742495205754, -5.1294534176290995e-06]
other derivatives: [-0.06511982 -0.00640625  0.01844569 -0.01470539 -0.01243166  0.        ]
Current x array =  [ -0.58033711  -1.39747449  -0.30494614   0.65025107  -1.03733244
 -18.06352413   0.45834577  -9.          -7.90977851  -0.27794464
  -9.05338968   0.45909515  -2.57931422 -12.1678091  -15.40424218
  -3.27611204 -12.1678091   -2.30258509 -15.46181059  -3.2724902
  -2.30258509 -12.1678091   -2.60146354 -15.46577928]
log likelihood =  -296.565374816
Edge derivatives =  [-0.002591377647148674, -0.0007113092846110887, -0.0006834498593363653, 0.0043394656209456706, -9.801589293948314e-05, -0.0062976729499226725, 0.0023475040091694155, -2.6138327041201672e-05, -4.43130001192216e-06, 0.004364978131174868, -2.6138327041201608e-05, 6.660485256842398e-17, -4.3308039245987984e-06, 0.002086931925212601, 6.660911701718483e-17, -2.613832704120168e-05, 0.03551506225227111, -4.31554533866257e-06]
other derivatives: [ 0.01892317  0.02015668 -0.01617195 -0.00841851 -0.01972467  0.        ]
Current x array =  [ -0.58086898  -1.39830942  -0.30474373   0.65009579  -1.03616509
 -18.27642474   0.45785788  -9.          -7.99524411  -0.27931246
  -9.14955075   0.45798735  -2.57831692 -12.29540069 -15.57608053
  -3.27619266 -12.29540069  -2.30258509 -15.63454906  -3.27264531
  -2.30258509 -12.29540069  -2.60089367 -15.63857109]
log likelihood =  -296.565302989
Edge derivatives =  [-0.0006705693489412745, -0.0007114207681727725, -0.0006518675192081996, 0.016566673786604147, -9.02047330179382e-05, 0.008085504953856293, 0.000315879204296321, -2.467633414413912e-05, -4.096927377291151e-06, 0.004527048075267159, -2.467633414413904e-05, -1.3321096067726834e-16, -4.002408503764633e-06, 0.0023314361137303508, -1.3321886180853041e-16, -2.4676334144139067e-05, 0.031588299774980594, -3.988208940808394e-06]
other derivatives: [ 0.04216645  0.03177547  0.03198579 -0.0096577  -0.01787726  0.        ]
Current x array =  [ -0.58096724  -1.3986958   -0.3050012    0.64997436  -1.03579517
 -18.37360408   0.45760359  -9.          -8.03432836  -0.28028904
  -9.19347293   0.45711438  -2.57729668 -12.35362943 -15.65454269
  -3.27637901 -12.35362943  -2.30258509 -15.71342264  -3.27291168
  -2.30258509 -12.35362943  -2.59887534 -15.71746899]
log likelihood =  -296.565176773
Edge derivatives =  [0.006398161693680793, -0.0007113581989206723, -0.000606622208764649, 0.034161812582084394, -8.136386851448007e-05, 0.027049857368312002, 0.0009881361565765023, -2.2418641224972647e-05, -3.624011984070841e-06, 0.004355831023006185, -2.2418641224972518e-05, 4.4408877057939447e-17, -3.5381167593373774e-06, 0.002397147528034327, 4.440889902165395e-17, -2.2418641224972653e-05, 0.02001909881055325, -3.52542979747311e-06]
other derivatives: [ 0.06997425  0.04102958 -0.05003926 -0.0069349  -0.01153353  0.        ]
Current x array =  [ -0.58116547  -1.3990699   -0.30455805   0.64993655  -1.03579436
 -18.52562975   0.45722234  -9.          -8.09531449  -0.28156596
  -9.26209878   0.45610016  -2.57761625 -12.44473891 -15.77719639
  -3.27619903 -12.44473891  -2.30258509 -15.83671807  -3.27296698
  -2.30258509 -12.44473891  -2.59293252 -15.84080255]
log likelihood =  -296.565045439
Edge derivatives =  [0.011196168076679225, -0.0007113492041065573, -0.0005787264980247522, 0.03790420124303684, -7.633797063672572e-05, 0.03696340393899533, 0.002663400186740633, -2.0846556409360037e-05, -3.3085498227333813e-06, 0.003848003291590074, -2.0846556409359942e-05, 9.172394686491087e-24, -3.2285667343597664e-06, 0.002121182288468415, 4.586464209904344e-24, -2.084655640936006e-05, 0.010005979261780706, -3.216899441738404e-06]
other derivatives: [ 0.05131255  0.02735305  0.00769091 -0.01175522  0.00056843  0.        ]
Current x array =  [ -0.5810068   -1.39862255  -0.30487968   0.64974065  -1.03644426
 -18.638552     0.45708698  -9.          -8.14057265  -0.28177681
  -9.31304614   0.45573163  -2.57845157 -12.51241585 -15.86826877
  -3.27567408 -12.51241585  -2.30258509 -15.92826653  -3.27268517
  -2.30258509 -12.51241585  -2.58778136 -15.93237934]
log likelihood =  -296.564891554
Edge derivatives =  [0.014627492144161591, -0.0007112481251187216, -0.0005262362296488359, 0.02919123011169833, -6.99910324884401e-05, 0.03363876361111795, 0.008285695267532478, -1.772409058688729e-05, -2.695355815299163e-06, 0.0022602879374328255, -1.7724090586887196e-05, -1.554254244703135e-16, -2.627260880699057e-06, 0.000905700357156411, -1.5542832395739622e-16, -1.7724090586887223e-05, -0.0003328705560348699, -2.6176011090096323e-06]
other derivatives: [ 0.01603553 -0.00015916  0.00886757 -0.01216449  0.00914042  0.        ]
Current x array =  [ -0.58079528  -1.39766827  -0.30491344   0.64936469  -1.03732338
 -18.89279859   0.45711974  -9.          -8.24231805  -0.28098204
  -9.4277009    0.45614146  -2.58127257 -12.6648127  -16.0732741
  -3.27404184 -12.6648127   -2.30258509 -16.13434285  -3.27144155
  -2.30258509 -12.6648127   -2.58248367 -16.13851946]
log likelihood =  -296.564759522
Edge derivatives =  [0.004500428785581434, -0.0007112578994017697, -0.0004289159704318001, 0.01742058445554928, -5.6092432766693186e-05, 0.015450966665810806, 0.012371120916855272, -1.2840224200910135e-05, -1.7592086335675128e-06, -0.0003396435530517161, -1.2840224200910054e-05, -1.5542705071180858e-16, -1.7108543276178212e-06, -0.001156802723678102, -1.5542913707820946e-16, -1.284022420091011e-05, -0.006864808939709255, -1.7043394328083894e-06]
other derivatives: [-0.06357368  0.00111413 -0.00213731 -0.00249543 -0.01095373  0.        ]
Current x array =  [ -0.58028673  -1.3976401   -0.30494513   0.64858606  -1.03646561
 -19.42185697   0.45740238  -9.          -8.4543196   -0.28018008
  -9.66644881   0.45680444  -2.58339854 -12.98190444 -16.50005018
  -3.27149364 -12.98190444  -2.30258509 -16.56335126  -3.26942825
  -2.30258509 -12.98190444  -2.57921568 -16.56766052]
log likelihood =  -296.56468002
Edge derivatives =  [-0.00986167518342973, -0.0007113526553795196, -0.0003657401571345389, -0.0008820001063396532, -4.851889137517296e-05, 0.0066042346323188506, 0.013077850729744822, -9.857676506626204e-06, -1.2404677991000759e-06, -0.002173649402944733, -9.85767650662617e-06, -6.324333261589023e-27, -1.2040968880313148e-06, -0.0025887642128550603, -3.1629166734212504e-27, -9.857676506626184e-06, -0.007836944814525515, -1.199380958519263e-06]
other derivatives: [-0.01279545 -0.02794991  0.01149942  0.00887326 -0.02109459  0.        ]
Current x array =  [ -0.5806433   -1.39635873  -0.30503765   0.6475992   -1.03618306
 -19.85495313   0.45809763  -9.          -8.62797917  -0.27883802
  -9.86194375   0.45728596  -2.58371124 -13.24147404 -16.84946875
  -3.26962936 -13.24147404  -2.30258509 -16.91459835  -3.26797847
  -2.30258509 -13.24147404  -2.5787041  -16.91901616]
log likelihood =  -296.564599975
Edge derivatives =  [-0.009285920543299797, -0.0007113888079048395, -0.0003105659063383224, -0.004985180823953161, -4.03518580258999e-05, 0.00020510400040085752, 0.010701060953581143, -7.760032310969476e-06, -8.900661102586587e-07, -0.003253448627372424, -7.760032310969447e-06, 2.482525204762142e-21, -8.624711018967471e-07, -0.003390823459593295, 1.2412632794055355e-21, -7.760032310969466e-06, -0.005180784119580062, -8.59004966518772e-07]
other derivatives: [-0.02521006 -0.01762146  0.00556497  0.01410854 -0.02962679  0.        ]
Current x array =  [ -0.58055551  -1.39667432  -0.30503428   0.64725013  -1.03568178
 -20.26634165   0.45788888  -9.          -8.79303691  -0.2785708
 -10.04769954   0.45745363  -2.58251584 -13.48802709 -17.18144262
  -3.2685811  -13.48802709  -2.30258509 -17.24831036  -3.267203
  -2.30258509 -13.48802709  -2.58007565 -17.25283125]
log likelihood =  -296.564401506
Edge derivatives =  [0.005680793378772142, -0.0007112930924765753, -0.00018365020884965945, -0.008694582678789864, -2.2707680052560303e-05, -0.004815373999181083, 0.0036915506570369683, -3.612290659456993e-06, -3.0911279816681766e-07, -0.006508921651564026, -3.6122906594569804e-06, 1.7763569265370067e-16, -2.978833309531009e-07, -0.005747200705549252, 1.776356882968038e-16, -3.6122906594569914e-06, 0.0016607495729985267, -2.965893217183993e-07]
other derivatives: [ 0.00169393 -0.00114824 -0.01264766  0.01141984 -0.0169905   0.        ]
Current x array =  [ -0.58072748  -1.39732872  -0.30487639   0.64763969  -1.03676527
 -21.5768807    0.45738101  -9.          -9.31885295  -0.27799866
 -10.63944036   0.45798008  -2.57888656 -14.27345558 -18.23897511
  -3.26527917 -14.27345558  -2.30258509 -18.31137969  -3.26480397
  -2.30258509 -14.27345558  -2.58352866 -18.31622894]
log likelihood =  -296.564329372
Edge derivatives =  [-0.008419166084006724, -0.000711176949627427, -0.00011716278991630599, 0.0043398752195082935, -1.3593384202533354e-05, 0.005546939193322609, -0.002451598843502878, -1.8695639933567463e-06, -1.265060348956773e-07, -0.00817723473219456, -1.8695639933567385e-06, 1.110217037295531e-16, -1.2134591903222852e-07, -0.006786136062030365, 1.110220030960198e-16, -1.8695639933567472e-06, 0.004220515288064636, -1.207854265452193e-07]
other derivatives: [-0.02561364 -0.00106866 -0.01393801  0.00281375 -0.00887894  0.        ]
Current x array =  [ -0.58055697  -1.39748535  -0.30482721   0.64840249  -1.03752202
 -22.68395511   0.45851472  -9.          -9.76306275  -0.27878741
 -11.13932115   0.4576377   -2.57573608 -14.93694241 -19.13233204
  -3.2635802  -14.93694241  -2.30258509 -19.20941397  -3.26373662
  -2.30258509 -14.93694241  -2.58481206 -19.2145406 ]
log likelihood =  -296.564346175
Edge derivatives =  [-0.0007491377352935036, -0.0007112124891678425, -8.038734346027024e-05, 0.008125011412896344, -9.084878620704773e-06, -0.008689237957819396, -0.002416747057751134, -1.0764966483970902e-06, -5.962444553807987e-08, -0.009478758417094557, -1.0764966483970845e-06, -1.9984014269797316e-16, -5.6967591080398405e-08, -0.007549903796299676, -1.9984014356524905e-16, -1.0764966483970885e-06, -0.0016846507149562984, -5.669125400574159e-08]
other derivatives: [ 0.07944436  0.03373088  0.07004246 -0.00543423  0.00630962  0.        ]
Current x array =  [ -0.58117982  -1.39869652  -0.30513263   0.64938842  -1.03884291
 -23.61620793   0.45849161  -9.         -10.13694217  -0.27880076
 -11.56016223   0.4587548   -2.57570109 -15.49567226 -19.8845053
  -3.26221569 -15.49567226  -2.30258509 -19.96552371  -3.26291438
  -2.30258509 -15.49567226  -2.58176405 -19.970884  ]
log likelihood =  -296.564310215
Edge derivatives =  [-0.005186333751190819, -0.0007111921358027937, -9.999179810999442e-05, 0.005949190212686251, -1.1473635497708258e-05, -0.0004410145205877569, -0.0024363746170257272, -1.4821954944659928e-06, -9.21925339078086e-08, -0.008724509437336936, -1.4821954944659854e-06, -2.2204507166450744e-16, -8.8285670367507e-08, -0.007107344730246906, -2.220448382947868e-16, -1.482195494465993e-06, 0.001738644474802764, -8.786927283756239e-08]
other derivatives: [ 0.01860485  0.01357421  0.02141292 -0.00066507 -0.00249543  0.        ]
Current x array =  [ -0.58081896  -1.39799481  -0.30495568   0.6488172   -1.03807763
 -23.07609201   0.458505    -9.          -9.92032901  -0.27879302
 -11.31634106   0.45810759  -2.57572136 -15.17196298 -19.44872141
  -3.26300624 -15.17196298  -2.30258509 -19.52745917  -3.26339076
  -2.30258509 -15.17196298  -2.58352996 -19.53268408]
log likelihood =  -296.564300329
Edge derivatives =  [-0.005985156996060725, -0.0007111369435129439, -8.903875266004887e-05, 0.005817175438521671, -1.0122414117305462e-05, 0.00033035241699108653, -0.002776306618940988, -1.2447921717944064e-06, -7.288841022832165e-08, -0.009202583174391155, -1.2447921717944002e-06, -4.4408920058075466e-17, -6.971385636852489e-08, -0.00740801930234164, -4.4408920521538144e-17, -1.2447921717944064e-06, 0.00044673592484414937, -6.9380007053719e-08]
other derivatives: [ 0.01256808  0.00757154  0.00692353 -0.00172804  0.00093223  0.        ]
Current x array =  [ -0.5807944   -1.39781371  -0.30487199   0.64890446  -1.03841629
 -23.36726642   0.45866962  -9.         -10.03711745  -0.27871983
 -11.44779088   0.45816408  -2.57553231 -15.34647231 -19.68365766
  -3.26251194 -15.34647231  -2.30258509 -19.76362506  -3.26307594
  -2.30258509 -15.34647231  -2.58286223 -19.76892294]
log likelihood =  -296.564288264
Edge derivatives =  [-0.004331463303695937, -0.0007110856822517659, -7.707622923252285e-05, 0.004132735341637828, -8.650094357064044e-06, -0.0004363529858070203, -0.0032583873159152954, -1.0031101626790974e-06, -5.4406639687490036e-08, -0.009388287617908886, -1.0031101626790926e-06, -4.440891969080256e-17, -5.195774938285611e-08, -0.007449945375396547, -4.44089203379072e-17, -1.0031101626790972e-06, -0.0008072040665683955, -5.170424417749085e-08]
other derivatives: [ 0.00117666  0.00093223 -0.00166551 -0.00370051  0.00475211  0.        ]
Current x array =  [ -0.5807337   -1.39761795  -0.30482191   0.64901681  -1.03877423
 -23.72968681   0.45869754  -9.         -10.18249137  -0.27852653
 -11.61140827   0.45830588  -2.5752728  -15.56368177 -19.97608352
  -3.26231079 -15.56368177  -2.30258509 -20.05758152  -3.26302138
  -2.30258509 -15.56368177  -2.58221349 -20.06297023]
log likelihood =  -296.564268595
Edge derivatives =  [-0.0007773459347208966, -0.0007110409499091734, -6.319289264108518e-05, 0.001572819113187407, -6.951961158334636e-06, -0.001809202897619766, -0.004240219760667713, -7.465916659371492e-07, -3.6408136134202545e-08, -0.008856343922017507, -7.465916659371462e-07, -6.661314625409591e-17, -3.46969005382284e-08, -0.006857430803787146, -6.66132638657988e-17, -7.465916659371492e-07, -0.0023265262090360894, -3.452330027390187e-08]
other derivatives: [-0.00772502 -0.00479758 -0.01649596 -0.00525233  0.00782165  0.        ]
Current x array =  [ -0.5806927   -1.39745061  -0.30473961   0.64912305  -1.03905036
 -24.22747875   0.45859449  -9.         -10.38219669  -0.27827435
 -11.83615384   0.45846048  -2.57476078 -15.86202231 -20.37775115
  -3.26282815 -15.86202231  -2.30258509 -20.46135171  -3.26360282
  -2.30258509 -15.86202231  -2.58143321 -20.46686517]
log likelihood =  -296.56423644
Edge derivatives =  [0.002944134451971392, -0.0007110498340455766, -4.355778026447566e-05, -0.003537292701799366, -4.56789704441524e-06, -0.002360522607422144, -0.006665464789608833, -4.294009438919403e-07, -1.715865365200795e-08, -0.006920866484020793, -4.2940094389194004e-07, -1.3322662916488585e-16, -1.628854103244571e-08, -0.004987844784684864, -1.332266960599516e-16, -4.2940094389194094e-07, -0.004211202458890506, -1.6203245859448136e-08]
other derivatives: [-0.03038849 -0.01503508  0.0081684  -0.00865725  0.0098396   0.        ]
Current x array =  [ -0.580544    -1.39711544  -0.30488275   0.64914443  -1.03916781
 -25.15972234   0.45841605  -9.         -10.75624475  -0.27786794
 -12.25707055   0.45853077  -2.57352951 -16.42073943 -21.13000175
  -3.26476199 -16.42073943  -2.30258509 -21.21754038  -3.26547807
  -2.30258509 -16.42073943  -2.58046843 -21.22328745]
log likelihood =  -296.56422158
Edge derivatives =  [0.009198068337628706, -0.0007110039595589528, -2.6197659930252677e-05, -0.005967515190471229, -2.6014168182768794e-06, -0.005506485193735977, -0.009507932237317357, -2.0249606258667596e-07, -6.170443212089696e-09, -0.0024322850893786496, -2.024960625866756e-07, -6.661344320678315e-17, -5.8266479362306466e-09, -0.0009167534477361322, -6.661341234214641e-17, -2.024960625866761e-07, -0.007400634029548381, -5.794284824709939e-09]
other derivatives: [ 0.0008697  -0.00680416 -0.09050609 -0.00310365  0.00541149  0.        ]
Current x array =  [ -0.58080036  -1.39739372  -0.30434499   0.64920475  -1.03887976
 -26.4270573    0.45802425  -9.         -11.26478068  -0.27766723
 -12.82929835   0.45864157  -2.5720758  -17.18028528 -22.15266158
  -3.26925695 -17.18028528  -2.30258509 -22.24555402  -3.26955652
  -2.30258509 -17.18028528  -2.57886789 -22.25161866]
log likelihood =  -296.564193229
Edge derivatives =  [0.004456250547852703, -0.0007111032405780559, -2.8543163723906016e-05, -0.005227831785513892, -2.831384783557095e-06, -0.0033022866643833693, -0.00937876570982063, -2.2985756864977958e-07, -7.337542309927224e-09, -0.002446912822831826, -2.2985756864977876e-07, -2.220446746154459e-16, -6.934969779298948e-09, -0.001009520541009598, -2.2204463977023865e-16, -2.2985756864977934e-07, -0.006046992399039164, -6.896821176808093e-09]
other derivatives: [-0.00999307 -0.00696332 -0.01970761 -0.00448495  0.00243858  0.        ]
Current x array =  [ -0.58068626  -1.39734965  -0.30474037   0.64901721  -1.03854962
 -26.21238442   0.45815496  -9.         -11.17867817  -0.27780776
 -12.73238722   0.45842593  -2.57216695 -17.05162459 -21.97945369
  -3.26926795 -17.05162459  -2.30258509 -22.07143962  -3.2694887
  -2.30258509 -17.05162459  -2.57955846 -22.07745045]
log likelihood =  -296.564185546
Edge derivatives =  [0.0016716917381744967, -0.0007111703749557766, -3.0421288017249135e-05, -0.003853101543727311, -3.018735107303374e-06, -0.0017951180022605095, -0.009152543320445211, -2.528076961634e-07, -8.35611066403557e-09, -0.0017075813625753167, -2.528076961633991e-07, 1.1102230286025533e-16, -7.903045379905876e-09, -0.0004658287131778932, 1.110223026613855e-16, -2.5280769616339954e-07, -0.005061360786009078, -7.859885627201901e-09]
other derivatives: [-0.0056616  -0.00268301  0.00427463 -0.00309797 -0.00171667  0.        ]
Current x array =  [ -0.58069336  -1.39745915  -0.30487986   0.64884725  -1.0381544
 -26.05128398   0.45817351  -9.         -11.1140818   -0.27798541
 -12.659668     0.45823389  -2.57229984 -16.95507147 -21.84947836
  -3.27003215 -16.95507147  -2.30258509 -21.94078413  -3.27005447
  -2.30258509 -16.95507147  -2.58006922 -21.94675459]
log likelihood =  -296.564181985
Edge derivatives =  [0.0007090438070436189, -0.0007111998857991287, -3.166820776765991e-05, -0.0027194716918197415, -3.1473665457608522e-06, -0.000745507445520488, -0.008674783041900863, -2.6834686466626357e-07, -9.071096812711265e-09, -0.0010170559165411097, -2.683468646662619e-07, 8.881775818259872e-17, -8.582970501298298e-09, 5.04895767963337e-05, 8.881780007630533e-17, -2.6834686466626335e-07, -0.004460337246035534, -8.536312357862635e-09]
other derivatives: [ 0.00019327  0.00055707  0.00708269 -0.00123919 -0.00410978  0.        ]
Current x array =  [ -0.5807227   -1.39754612  -0.30490247   0.64870395  -1.03792131
 -25.949532     0.4581438   -9.         -11.07328414  -0.27811328
 -12.61373807   0.4581096   -2.57255095 -16.8940883  -21.76738504
  -3.27073883 -16.8940883   -2.30258509 -21.8582612   -3.27058457
  -2.30258509 -16.8940883   -2.58038204 -21.86420616]
log likelihood =  -296.564175364
Edge derivatives =  [0.0005314848863531285, -0.0007111959374084449, -3.2009226832586e-05, -0.0005260926002714772, -3.1823117557608884e-06, 0.0007323456852926791, -0.007341148612157067, -2.7218486957157426e-07, -9.282931959050349e-09, -0.0002128828978561481, -2.721848695715726e-07, 8.881775745134049e-17, -8.784488686240527e-09, 0.0006429099366954266, 8.881779971067605e-17, -2.7218486957157426e-07, -0.003977321229077735, -8.736795323225634e-09]
other derivatives: [ 0.00347882  0.00254659  0.00476348  0.00055138 -0.00360956  0.        ]
Current x array =  [ -0.58073494  -1.39760405  -0.3048969    0.64853494  -1.03792405
 -25.92091949   0.45813167  -9.         -11.06182157  -0.27828936
 -12.60082493   0.45801539  -2.57322948 -16.87694044 -21.74430272
  -3.27155447 -16.87694044  -2.30258509 -21.8350581   -3.27118696
  -2.30258509 -16.87694044  -2.58063    -21.84099589]
log likelihood =  -296.564162228
Edge derivatives =  [-0.0029392597824982047, -0.0007111612471198853, -2.982740076306505e-05, 0.0015254351071929406, -2.961188017138518e-06, 0.0016175698093320312, -0.0034625545365426502, -2.424508098609897e-07, -8.039826507771402e-09, 0.0009019027938066415, -2.4245080986098895e-07, 1.776356829973952e-16, -7.602333853958176e-09, 0.00139952490818257, 1.776356834687105e-16, -2.424508098609897e-07, -0.002861559069238989, -7.560718042825026e-09]
other derivatives: [ 0.01468834 -0.00113687 -0.00033538  0.0034504  -0.00069917  0.        ]
Current x array =  [ -0.58080139  -1.39744697  -0.30487212   0.64825655  -1.03821845
 -26.09910154   0.45838583  -9.         -11.13331525  -0.27841898
 -12.68127058   0.45803536  -2.57518352 -16.98373156 -21.88807561
  -3.27266988 -16.98373156  -2.30258509 -21.97958354  -3.27194465
  -2.30258509 -16.98373156  -2.58118747 -21.98556598]
log likelihood =  -296.564187217
Edge derivatives =  [-0.003115631603044511, -0.00071101420405826, -2.8402832025824116e-05, 0.003124629744694296, -2.7897784273042154e-06, -0.0018572551830923212, 0.0011247734061330672, -2.2411491962864336e-07, -7.295212291693592e-09, 0.002225671957940878, -2.2411491962864283e-07, -1.3322654849930198e-16, -6.894845817358875e-09, 0.002235965035946641, -1.3322665572715927e-16, -2.2411491962864325e-07, -0.0006403991654807262, -6.856898848236456e-09]
other derivatives: [-0.08557777  0.00455316 -0.04115464  0.00455316 -0.00287628  0.        ]
Current x array =  [ -0.58015102  -1.39778758  -0.30471742   0.64810251  -1.03828196
 -26.21957154   0.4583888   -9.         -11.18167284  -0.27854346
 -12.73566672   0.45811851  -2.57756096 -17.0559339  -21.98528763
  -3.27405359 -17.0559339   -2.30258509 -22.07730445  -3.27282924
  -2.30258509 -17.0559339   -2.58234526 -22.08331709]
log likelihood =  -296.564159994
Edge derivatives =  [-0.00297813803957081, -0.0007111284998345095, -2.9504154316211764e-05, 0.0018817573943656907, -2.922147152669073e-06, 0.0008443278333135629, -0.002440234628731913, -2.3824367047414161e-07, -7.86771539507002e-09, 0.001196812350102272, -2.382436704741417e-07, 8.881784189297198e-17, -7.438773462352635e-09, 0.001585836444382746, 8.881784193149224e-17, -2.382436704741422e-07, -0.002366771828034908, -7.398003986741318e-09]
other derivatives: [-0.00761702  0.00012506 -0.00941895  0.00369482 -0.00117666  0.        ]
Current x array =  [ -0.58065658  -1.39752281  -0.30483767   0.64822225  -1.03823259
 -26.12592491   0.45838649  -9.         -11.14408236  -0.27844669
 -12.6933822    0.45805388  -2.57571287 -16.99980785 -21.90972045
  -3.27297797 -16.99980785  -2.30258509 -22.00134169  -3.27214161
  -2.30258509 -16.99980785  -2.58144526 -22.00733085]
log likelihood =  -296.564155591
Edge derivatives =  [-0.003410707943745317, -0.0007110973903621414, -2.598899929051154e-05, 0.0009676584755784479, -2.551216133988643e-06, -0.00027870701330523495, -0.0009599625863902228, -1.9618707324101543e-07, -6.079812773496803e-09, 0.001380457917831146, -1.9618707324101498e-07, 2.220439778834614e-17, -5.7405694716729816e-09, 0.0017215054242475797, 2.220442914042456e-17, -1.9618707324101556e-07, -0.0024417830277055907, -5.708650117032718e-09]
other derivatives: [-0.00365503 -0.00370619 -0.00771365  0.00306386  0.00230784  0.        ]
Current x array =  [ -0.58068379  -1.39739441  -0.30483708   0.6482471   -1.03857519
 -26.44541281   0.45851233  -9.         -11.27224442  -0.27832657
 -12.83761927   0.45820843  -2.57645011 -17.19128687 -22.16750687
  -3.27314806 -17.19128687  -2.30258509 -22.26047741  -3.27226656
  -2.30258509 -17.19128687  -2.58139485 -22.26654664]
log likelihood =  -296.564151402
Edge derivatives =  [0.002465493684337572, -0.0007110829221452528, -2.1730249186574936e-05, -0.0010965734374988045, -2.0925581045792356e-06, -0.002427679634871449, 0.0006074045743900969, -1.5019644799829843e-07, -4.2411956258829736e-09, 0.0013526084502614166, -1.501964479982978e-07, 2.2204465180975007e-16, -3.996986999507372e-09, 0.0016697921171777985, 2.2204462836739093e-16, -1.5019644799829806e-07, -0.0025864472774394243, -3.974318721972101e-09]
other derivatives: [ 0.00405862  0.0029047  -0.00335376  0.00023306  0.00619025  0.        ]
Current x array =  [ -0.58072875  -1.3976667   -0.30483616   0.64853421  -1.03885682
 -26.89173537   0.45827372  -9.         -11.4512819   -0.27810721
 -13.03911546   0.45839346  -2.57723934 -17.45878195 -22.52763054
  -3.27310864 -17.45878195  -2.30258509 -22.62248599  -3.2722034
  -2.30258509 -17.45878195  -2.58131503 -22.62866708]
log likelihood =  -296.564147365
Edge derivatives =  [0.0010724866820883694, -0.0007110939415222821, -1.967489224454914e-05, -0.0031614868714311406, -1.869564016672854e-06, -0.0011628714734854828, 0.0017171312067613687, -1.2894179557718446e-07, -3.46626442317843e-09, 0.00043561741810560495, -1.2894179557718375e-07, -1.1102230269706424e-16, -3.2631584961931966e-09, 0.0008386801312708358, -1.1102230257979e-16, -1.2894179557718415e-07, -0.0017922143978433558, -3.244449560758531e-09]
other derivatives: [-0.00045475 -0.00404157  0.00621867 -0.00230784  0.00641194  0.        ]
Current x array =  [ -0.58070709  -1.39743697  -0.30488266   0.6486832   -1.03886255
 -27.14182402   0.4583802   -9.         -11.55158818  -0.27794359
 -13.15201461   0.45835561  -2.57779719 -17.60866782 -22.729413
  -3.27217484 -17.60866782  -2.30258509 -22.82532454  -3.27135788
  -2.30258509 -17.60866782  -2.58171112 -22.83156831]
log likelihood =  -296.564143505
Edge derivatives =  [0.0007595013060333056, -0.0007111215220710622, -1.6726034133726413e-05, -0.004696371655526832, -1.55187919581276e-06, -0.0014204347246690174, 0.0013585949052843938, -1.012605576504474e-07, -2.5007504202422993e-09, 0.00029826004127131434, -1.0126055765044687e-07, 1.0510034383251724e-26, -2.3501900099252402e-09, 0.0007426707151229756, 5.2550181048915026e-27, -1.0126055765044714e-07, -0.0019062564908435553, -2.3364784106616803e-09]
other derivatives: [-0.0035925  -0.00500222  0.00662794 -0.00376303  0.00356408  0.        ]
Current x array =  [ -0.58069608  -1.39740925  -0.30488336   0.64883951  -1.0386227
 -27.54645379   0.45835584  -9.         -11.71391479  -0.27784838
 -13.3346965    0.45832709  -2.57761822 -17.85117364 -23.05590522
  -3.27203848 -17.85117364  -2.30258509 -23.15352579  -3.27126211
  -2.30258509 -17.85117364  -2.58165698 -23.15987095]
log likelihood =  -296.564135355
Edge derivatives =  [-0.0014585060856924237, -0.0007111462200934027, -1.0292232251413121e-05, -0.004187206195362725, -8.939065283368711e-07, -0.00041461142630883074, 0.0009648279239780067, -4.910388914447993e-08, -9.437684510252044e-10, -0.0007030302310157, -4.9103889144479755e-08, 1.998401128850552e-16, -8.824210257593999e-10, -0.00010831360042992677, 1.9984012865879164e-16, -4.910388914447989e-08, -0.0015850185705534314, -8.770074870194779e-10]
other derivatives: [-0.00159162 -0.00273417 -0.01302851 -0.00358114 -0.00164277  0.        ]
Current x array =  [ -0.5807274   -1.39748938  -0.30477669   0.64899454  -1.03820901
 -28.75416767   0.45840209  -9.         -12.19840148  -0.2779219
 -13.87994658   0.45818713  -2.57742366 -18.5749906  -24.03039063
  -3.2710352  -18.5749906   -2.30258509 -24.13311206  -3.27040633
  -2.30258509 -18.5749906   -2.58183134 -24.13975988]
log likelihood =  -296.564131505
Edge derivatives =  [-0.001863960082681082, -0.0007112188403938517, -6.395658147432038e-06, -0.0017165392231384136, -5.168292182387808e-07, 0.0005701524563128668, 0.0005885982832931624, -2.4221730607541727e-08, -3.6431804642424415e-10, -0.0006390224288678192, -2.4221730607541614e-08, 2.2204460462531807e-17, -3.389430443563292e-10, -8.821386912231943e-05, 2.220446047751747e-17, -2.422173060754171e-08, -0.0014432725537011915, -3.367640622462165e-10]
other derivatives: [-0.00587761  0.0023249   0.01298872 -0.00425757 -0.00575824  0.        ]
Current x array =  [ -0.58068167  -1.39765024  -0.30492627   0.64897894  -1.03776286
 -29.93384379   0.45828652  -9.         -12.67166422  -0.27817744
 -14.41254746   0.45801323  -2.57725425 -19.28200366 -24.98226259
  -3.27112175 -19.28200366  -2.30258509 -25.08996661  -3.27044547
  -2.30258509 -19.28200366  -2.58191633 -25.09691005]
log likelihood =  -296.564128742
Edge derivatives =  [-0.0018840408405831344, -0.0007111999109208837, -4.97644503200801e-06, -0.00026421285319999654, -3.9061640063663547e-07, 0.0005768080765419237, 0.0010471372471738405, -1.6638047531816212e-08, -2.2009102719000516e-10, -0.0006117090502957279, -1.663804753181616e-08, 2.2204465842815308e-17, -2.0422169524140813e-10, -8.642147002042855e-05, 2.2204463167659256e-17, -1.6638047531816212e-08, -0.0014423088149489727, -2.0287704528170178e-10]
other derivatives: [-0.00062528  0.00256364  0.00139266 -0.00285354 -0.00489422  0.        ]
Current x array =  [ -0.58071857  -1.39765097  -0.30486442   0.64889713  -1.03784571
 -30.55844913   0.45830525  -9.         -12.92223556  -0.27827616
 -14.69454078   0.45802969  -2.57748296 -19.6563477  -25.48624787
  -3.27114623 -19.6563477   -2.30258509 -25.59658994  -3.27044444
  -2.30258509 -19.6563477   -2.58191595 -25.60368992]
log likelihood =  -296.564126274
Edge derivatives =  [-0.0015427491313437791, -0.0007111768576155427, -3.169671314608082e-06, 0.001971937633587162, -2.357638339004294e-07, 0.0004206475472375848, 0.0015475351352532418, -8.47446096688386e-09, -8.892393449629822e-11, -0.00043555586040144867, -8.474460966883836e-09, 8.924273019330186e-28, -8.212178496694882e-11, 3.912737799482979e-05, 4.4621367043489345e-28, -8.474460966883874e-09, -0.0016165525721694995, -8.155811154079012e-11]
other derivatives: [ 0.00347313  0.00162004 -0.00495106 -0.00123919 -0.00285354  0.        ]
Current x array =  [ -0.58074294  -1.39760487  -0.30483409   0.64873827  -1.03801252
 -31.68159984   0.4583146   -9.         -13.37281024  -0.27842998
 -15.20161622   0.45807073  -2.57773227 -20.32948423 -26.39250427
  -3.27132047 -20.32948423  -2.30258509 -26.50759008  -3.27056883
  -2.30258509 -20.32948423  -2.58182425 -26.51497152]
log likelihood =  -296.564124626
Edge derivatives =  [-0.00010041776375002698, -0.000711163999722172, -2.0760542743417095e-06, 0.0025851992772301102, -1.4658866884580748e-07, 0.0005168502441429412, 0.001260844189787752, -4.5065013366893166e-09, -3.7970642886853546e-11, -0.00040682862185048574, -4.506501336689299e-09, -2.2204460491057027e-17, -3.491040340673875e-11, 5.844600411951395e-05, -2.2204460491780095e-17, -4.506501336689317e-09, -0.0018459710284813025, -3.466162200413613e-11]
other derivatives: [  1.70530257e-03  -2.84217094e-05  -4.77484718e-03  -5.40012479e-04
  -1.13686838e-03   0.00000000e+00]
Current x array =  [ -0.58072809  -1.39754188  -0.30484106   0.64861352  -1.03812907
 -32.73622368   0.45824776  -9.         -13.79589389  -0.27846888
 -15.67775415   0.45808635  -2.57758481 -20.96155032 -27.24346806
  -3.27134898 -20.96155032  -2.30258509 -27.3630082   -3.27058879
  -2.30258509 -20.96155032  -2.58170544 -27.37065393]
log likelihood =  -296.564122817
Edge derivatives =  [-0.0009023758067085996, -0.0007111502460534692, -1.0246399151120395e-06, 0.0007193182379308105, -6.660723863297523e-08, -0.00019445832461728596, 0.0012285165128834707, -1.5646146805953355e-09, -9.135196853059857e-12, -0.00028932329198050333, -1.5646146805953297e-09, 2.2204460499048517e-17, -8.336581979925884e-12, 5.489885271854622e-05, 2.2204460495775885e-17, -1.5646146805953353e-09, -0.0012233745976175936, -8.273511967789969e-12]
other derivatives: [ 0.00282512  0.00063096 -0.00050022  0.00254659 -0.00048317  0.        ]
Current x array =  [ -0.58072241  -1.39753611  -0.30487423   0.64831006  -1.03825761
 -34.50186708   0.4582877   -9.         -14.50422181  -0.27832977
 -16.47490197   0.45813033  -2.57757081 -22.01975066 -28.66814643
  -3.27147308 -22.01975066  -2.30258509 -28.79514399  -3.27059143
  -2.30258509 -22.01975066  -2.5820216  -28.8032322 ]
log likelihood =  -296.564122472
Edge derivatives =  [0.0016208174790506291, -0.0007111308468957687, -5.675142029991473e-07, -4.325841593799673e-05, -3.416766605075036e-08, 0.0004786635070843648, 0.0007033873461581019, -6.485984000253097e-10, -2.784522084301732e-12, -0.0001417161166469283, -6.485984000253075e-10, -1.110223026686987e-16, -2.525364498860727e-12, 8.142464372572211e-05, -1.1102230256560715e-16, -6.485984000253108e-10, -0.000577829910956118, -2.505334738775422e-12]
other derivatives: [ -1.50805590e-02   5.11590770e-05  -5.59907676e-03   1.55750968e-03
   1.30739863e-04   0.00000000e+00]
Current x array =  [ -0.58060813  -1.39755074  -0.3048563    0.64834158  -1.03827387
 -35.9742521    0.45814933  -9.         -15.09490721  -0.27826873
 -17.13965252   0.45808624  -2.57730997 -22.90219265 -29.8562002
  -3.27162725 -22.90219265  -2.30258509 -29.98941661  -3.27062278
  -2.30258509 -22.90219265  -2.58235277 -29.9978738 ]
  status: 0
 success: True
    nfev: 104
     fun: 296.5641224716858
       x: array([ -0.58060813,  -1.39755074,  -0.3048563 ,   0.64834158,
        -1.03827387, -35.9742521 ,   0.45814933,  -9.        ,
       -15.09490721,  -0.27826873, -17.13965252,   0.45808624,
        -2.57730997, -22.90219265, -29.8562002 ,  -3.27162725,
       -22.90219265,  -2.30258509, -29.98941661,  -3.27062278,
        -2.30258509, -22.90219265,  -2.58235277, -29.9978738 ])
 message: 'CONVERGENCE: REL_REDUCTION_OF_F_<=_FACTR*EPSMCH'
     jac: array([  1.50805590e-02,  -5.11590770e-05,   5.59907676e-03,
        -1.55750968e-03,  -1.30739863e-04,  -0.00000000e+00,
        -1.62081748e-03,   7.11130847e-04,   5.67514203e-07,
         4.32584159e-05,   3.41676661e-08,  -4.78663507e-04,
        -7.03387346e-04,   6.48598400e-10,   2.78452208e-12,
         1.41716117e-04,   6.48598400e-10,   1.11022303e-16,
         2.52536450e-12,  -8.14246437e-05,   1.11022303e-16,
         6.48598400e-10,   5.77829911e-04,   2.50533474e-12])
     nit: 94
