number of sites to be analyzed:  14
Successfully loaded parameter value from ./save/MG94_ENSG00000132604_ENSG00000147601_nonclock_save.txt
log likelihood =  -296.564122472
Edge derivatives =  [0.0016208174790506291, -0.0007111308468957687, -5.675142029991473e-07, -4.325841593799673e-05, -3.416766605075036e-08, 0.0004786635070843648, 0.0007033873461581019, -6.485984000253097e-10, -2.784522084301732e-12, -0.0001417161166469283, -6.485984000253075e-10, -1.110223026686987e-16, -2.525364498860727e-12, 8.142464372572211e-05, -1.1102230256560715e-16, -6.485984000253108e-10, -0.000577829910956118, -2.505334738775422e-12]
other derivatives: [ -1.50805590e-02   5.11590770e-05  -5.59907676e-03   1.55750968e-03
   1.30739863e-04   0.00000000e+00]
Current x array =  [ -0.58060813  -1.39755074  -0.3048563    0.64834158  -1.03827387
 -35.9742521    0.45814933  -9.         -15.09490721  -0.27826873
 -17.13965252   0.45808624  -2.57730997 -22.90219265 -29.8562002
  -3.27162725 -22.90219265  -2.30258509 -29.98941661  -3.27062278
  -2.30258509 -22.90219265  -2.58235277 -29.9978738 ]
log likelihood =  -296.585485153
Edge derivatives =  [-0.029507860837910682, -0.0007146583322806578, -5.700765332914973e-07, 0.0017238087852016193, -3.864140988806602e-08, 0.02669066066824477, 0.0009686758118618299, -6.300143596339655e-10, -2.7840492422333936e-12, 0.0008242736469801226, -6.300143596339628e-10, -8.881784176148836e-17, -2.5235608885910746e-12, 0.0006938108812856725, -8.881784186575042e-17, -6.300143596339663e-10, 0.0017197917387981876, -2.5035032446616015e-12]
other derivatives: [ 2.34172148  0.09576411  1.30254421  0.00485443  0.0510795   0.        ]
Current x array =  [ -0.59568869  -1.39749958  -0.31045538   0.64989909  -1.03814313
 -35.9742521    0.45977014  -9.         -15.09490778  -0.27831199
 -17.13965256   0.4585649   -2.57660658 -22.90219265 -29.8562002
  -3.27176897 -22.90219265  -2.30258509 -29.98941661  -3.27054135
  -2.30258509 -22.90219265  -2.5829306  -29.9978738 ]
log likelihood =  -296.564121674
Edge derivatives =  [0.001434435638401066, -0.0007111521597156367, -5.675321586482804e-07, -3.287049833189393e-05, -3.4196530694743286e-08, 0.0006377152511989337, 0.0007049980953961754, -6.484875262849185e-10, -2.7845193186271416e-12, -0.0001358897257505154, -6.484875262849182e-10, -4.440892098346466e-17, -2.5253536385976416e-12, 8.511450169548795e-05, -4.44089209842355e-17, -6.484875262849198e-10, -0.0005640649038686496, -2.505323706065769e-12]
other derivatives: [-0.00050591  0.00061959  0.00242153  0.00156888  0.00043769  0.        ]
Current x array =  [ -0.58069897  -1.39755043  -0.30489003   0.64835096  -1.03827308
 -35.9742521    0.45815909  -9.         -15.09490721  -0.27826899
 -17.13965252   0.45808912  -2.57730573 -22.90219265 -29.8562002
  -3.27162811 -22.90219265  -2.30258509 -29.98941661  -3.27062229
  -2.30258509 -22.90219265  -2.58235625 -29.9978738 ]
log likelihood =  -296.564121619
Edge derivatives =  [0.001315337958190721, -0.0007111507400688356, -5.67533269649473e-07, -1.5814606051600677e-05, -3.4206634312010594e-08, 0.000588436947451032, 0.0006983843874617812, -6.48465356255949e-10, -2.7845179612614044e-12, -0.00013419774481648883, -6.484653562559471e-10, -1.5543122344400788e-16, -2.5253518398387576e-12, 8.549461147097648e-05, -1.5543122344576492e-16, -6.484653562559493e-10, -0.0005571908209042187, -2.5053219034012483e-12]
other derivatives: [ 0.00030695  0.00052864  0.0002558   0.00162004  0.00035243  0.        ]
Current x array =  [ -0.58070597  -1.39754685  -0.30487761   0.64836042  -1.03827052
 -35.9742521    0.45816779  -9.         -15.09490721  -0.27826919
 -17.13965252   0.45809292  -2.57730148 -22.90219265 -29.8562002
  -3.27162893 -22.90219265  -2.30258509 -29.98941661  -3.27062178
  -2.30258509 -22.90219265  -2.58235966 -29.9978738 ]
  status: 0
 success: True
    nfev: 4
     fun: 296.5641216190322
       x: array([ -0.58070597,  -1.39754685,  -0.30487761,   0.64836042,
        -1.03827052, -35.9742521 ,   0.45816779,  -9.        ,
       -15.09490721,  -0.27826919, -17.13965252,   0.45809292,
        -2.57730148, -22.90219265, -29.8562002 ,  -3.27162893,
       -22.90219265,  -2.30258509, -29.98941661,  -3.27062178,
        -2.30258509, -22.90219265,  -2.58235966, -29.9978738 ])
 message: 'CONVERGENCE: REL_REDUCTION_OF_F_<=_FACTR*EPSMCH'
     jac: array([ -3.06954462e-04,  -5.28643795e-04,  -2.55795385e-04,
        -1.62003744e-03,  -3.52429197e-04,  -0.00000000e+00,
        -1.31533796e-03,   7.11150740e-04,   5.67533270e-07,
         1.58146061e-05,   3.42066343e-08,  -5.88436947e-04,
        -6.98384387e-04,   6.48465356e-10,   2.78451796e-12,
         1.34197745e-04,   6.48465356e-10,   1.55431223e-16,
         2.52535184e-12,  -8.54946115e-05,   1.55431223e-16,
         6.48465356e-10,   5.57190821e-04,   2.50532190e-12])
     nit: 2
