number of sites to be analyzed:  326
Successfully loaded parameter value from ./save/MG94_Force_ENSG00000145428_ENSG00000137522_nonclock_save.txt
log likelihood =  -3216.49301923
Edge derivatives =  [-0.0019455375343416792, -0.0018444406863665772, 0.009362556578805567, 0.03008620510115762, -0.006225963126164441, 0.0021370923512290113, -0.015454632566297179, -0.0009121412163504757, -0.02191361982421635, 0.0014446263349220528, 0.00756593715695533, -0.0017453369148837175, 0.002311475846902205, 0.024282718380929345]
other derivatives: [-0.03506102 -0.06962182 -0.01787157  0.01091394  0.0037744   0.        ]
Current x array =  [-0.69174215 -0.75108627 -0.74153811  0.54631446 -1.91210893  0.33647224
 -0.20613022 -8.99769407 -4.13605866 -4.63556338 -4.60434684 -3.20606116
 -3.76204391 -5.75698783 -4.19320011 -3.95186028 -6.27965901 -3.91028148
 -4.68141945 -5.58309712]
log likelihood =  -3219.04604331
Edge derivatives =  [2.787462503386357, -0.001047309455733235, -0.029859235508342907, -0.08013137951654234, 0.07029238988114657, 0.11417237677321586, 0.2926579651236689, 0.013436509918047833, 0.23745023282142763, 0.053557525173975155, 0.012117131943066075, 0.09708043353372256, 0.024368959738486736, -0.015350643650770563]
other derivatives: [ 50.07359505  42.45016498  13.2272362   -1.54182089   0.26266207   0.        ]
Current x array =  [-0.72680317 -0.82070809 -0.75940968  0.5572284  -1.90833453  0.33647224
 -0.20807575 -8.99953851 -4.1266961  -4.60547717 -4.6105728  -3.20392407
 -3.77749855 -5.75789998 -4.21511373 -3.95041566 -6.27209308 -3.91202682
 -4.67910797 -5.55881441]
log likelihood =  -3216.49301181
Edge derivatives =  [0.003503947605377644, -0.0018430704037190528, 0.009322888878650348, 0.02991965905779402, -0.006082377603730593, 0.0023835833637698423, -0.014900931848829256, -0.0008838454522002402, -0.021453043221288604, 0.0015617827935826695, 0.007575589166926744, -0.0015490160502284328, 0.002362568826858511, 0.024223169633777138]
other derivatives: [ 0.05320544  0.0079126   0.00441105  0.00836735  0.0039563   0.        ]
Current x array =  [-0.69180037 -0.75120188 -0.74156779  0.54633258 -1.91210266  0.33647224
 -0.20613345 -8.99769713 -4.13604311 -4.63551342 -4.60435717 -3.20605761
 -3.76206958 -5.75698935 -4.1932365  -3.95185788 -6.27964645 -3.91028438
 -4.68141561 -5.5830568 ]
log likelihood =  -3216.49300749
Edge derivatives =  [0.0019608222742895087, -0.001843400635813943, 0.009080504504945172, 0.029726780102225146, -0.006030712038038618, 0.0022299203666596296, -0.014567772146065333, -0.0008883503814417753, -0.02117500763491803, 0.0015377891779298977, 0.007562505597500308, -0.0015250508219159797, 0.0023191967379654864, 0.024139584823296808]
other derivatives: [ 0.00563887  0.03110472  0.00959517  0.0082764   0.00331966  0.        ]
Current x array =  [-0.69176703 -0.75123699 -0.74157433  0.54634805 -1.91209621  0.33647224
 -0.20613103 -8.99770019 -4.13602762 -4.63546369 -4.60436735 -3.20605381
 -3.76209464 -5.75699083 -4.19327237 -3.95185537 -6.27963389 -3.91028707
 -4.68141172 -5.58301659]
  status: 0
 success: True
    nfev: 4
     fun: 3216.4930074865647
       x: array([-0.69176703, -0.75123699, -0.74157433,  0.54634805, -1.91209621,
        0.33647224, -0.20613103, -8.99770019, -4.13602762, -4.63546369,
       -4.60436735, -3.20605381, -3.76209464, -5.75699083, -4.19327237,
       -3.95185537, -6.27963389, -3.91028707, -4.68141172, -5.58301659])
 message: 'CONVERGENCE: REL_REDUCTION_OF_F_<=_FACTR*EPSMCH'
     jac: array([-0.00563887, -0.03110472, -0.00959517, -0.0082764 , -0.00331966,
       -0.        , -0.00196082,  0.0018434 , -0.0090805 , -0.02972678,
        0.00603071, -0.00222992,  0.01456777,  0.00088835,  0.02117501,
       -0.00153779, -0.00756251,  0.00152505, -0.0023192 , -0.02413958])
     nit: 2
