number of sites to be analyzed:  621
Successfully loaded parameter value from ./save/HKY_ENSG00000101327_ENSG00000181195_nonclock_save.txt
log likelihood =  -2903.85606555
Edge derivatives =  [0.0022894702847315873, -0.032470144721100304, -0.0035297131763587578, -0.007339774051087655, -0.0010654179583607926, -0.0010918081873970836, -0.0004983732217120227, -0.0014144075935212837, 0.0023995540961345672, -0.004939102086132574, -0.0014144075935140204, 7.672087080164249e-15, -0.0008083375591402975, 0.007569351941376954, 7.666117213854181e-15, -0.0014144075935180016, 0.0018968668579780103, 0.0018845455273908008]
other derivatives: [-0.02019078  0.0007276  -0.00150067 -0.00568434 -0.00145519]
Current x array =  [ -0.58930585  -0.84685348  -0.58706268   1.01189997 -10.8805471
  -1.0506955   -9.          -4.63693745  -3.46665506  -3.00211096
  -3.18091975  -5.59913536  -4.94386764  -5.91926522  -4.67061197
  -4.94386764  -2.30258509  -5.69930205  -4.64448126  -2.30258509
  -4.94386764  -5.32922792  -5.32925058]
log likelihood =  -2904.13831082
Edge derivatives =  [-1.1221281481006509, -0.03281686528070128, 0.0584949696506172, 0.22801792440030277, 0.0387390759648812, 0.012373471093187802, 0.001387995226527809, 0.011370933239541423, -0.0016117084538620416, 0.04710366851206915, 0.01137093323953192, -6.507226646716935e-15, 0.001626462777273123, -0.08224538555534056, -6.563812299724849e-15, 0.011370933239538304, -0.009493540947619705, -0.010136750189406825]
other derivatives: [  2.68955318e+01   1.72803993e-02   1.29662112e+00   1.46837920e+00
  -1.00044417e-03]
Current x array =  [ -0.60949663  -0.84612589  -0.58856335   1.00621562 -10.88200229
  -1.04840603  -9.          -4.64046716  -3.47399483  -3.00317638
  -3.18201156  -5.59963373  -4.94528205  -5.91686566  -4.67555107
  -4.94528205  -2.30258509  -5.70011038  -4.63691191  -2.30258509
  -4.94528205  -5.32733106  -5.32736604]
log likelihood =  -2903.85606524
Edge derivatives =  [0.001048765300411758, -0.0324705373289442, -0.003464876949509983, -0.0070890944478511075, -0.0010250136831336035, -0.0010800211565104162, -0.0004968097024385431, -0.0014014366693832648, 0.0023949736975730747, -0.004884142267995939, -0.0014014366693820973, 6.432321762117037e-16, -0.0008060807631597236, 0.007472382775634334, 5.979868585799217e-16, -0.0014014366693884846, 0.0018841536338444608, 0.001871148183254243]
other derivatives: [ 0.00850378 -0.00118234  0.00190994 -0.00482032 -0.0005457 ]
Current x array =  [ -0.5893275   -0.8468527   -0.58706429   1.01189387 -10.88054866
  -1.05069305  -9.          -4.63694123  -3.46666293  -3.00211211
  -3.18092092  -5.5991359   -4.94386916  -5.91926264  -4.67061727
  -4.94386916  -2.30258509  -5.69930291  -4.64447315  -2.30258509
  -4.94386916  -5.32922589  -5.32924856]
  status: 0
 success: True
    nfev: 3
     fun: 2903.8560652377246
       x: array([ -0.5893275 ,  -0.8468527 ,  -0.58706429,   1.01189387,
       -10.88054866,  -1.05069305,  -9.        ,  -4.63694123,
        -3.46666293,  -3.00211211,  -3.18092092,  -5.5991359 ,
        -4.94386916,  -5.91926264,  -4.67061727,  -4.94386916,
        -2.30258509,  -5.69930291,  -4.64447315,  -2.30258509,
        -4.94386916,  -5.32922589,  -5.32924856])
 message: 'CONVERGENCE: REL_REDUCTION_OF_F_<=_FACTR*EPSMCH'
     jac: array([ -8.50377546e-03,   1.18234311e-03,  -1.90993887e-03,
         4.82032192e-03,   5.45696821e-04,  -1.04876530e-03,
         3.24705373e-02,   3.46487695e-03,   7.08909445e-03,
         1.02501368e-03,   1.08002116e-03,   4.96809702e-04,
         1.40143667e-03,  -2.39497370e-03,   4.88414227e-03,
         1.40143667e-03,  -6.43232176e-16,   8.06080763e-04,
        -7.47238278e-03,  -5.97986859e-16,   1.40143667e-03,
        -1.88415363e-03,  -1.87114818e-03])
     nit: 1
