number of sites to be analyzed:  295
Successfully loaded parameter value from ./save/MG94_Force_ENSG00000198768_ENSG00000154856_nonclock_save.txt
log likelihood =  -4150.85741263
Edge derivatives =  [0.005341262287253512, 0.0001238034918731115, 0.00873706455473388, 0.012192092018908647, 0.006858843422577997, 0.0016620214498445814, 0.010804434319618025, -0.002597406753360676, 0.003835974415615324, 0.003348473071242232, 0.0030882437668717623, 0.007112733917697095, 0.0007222638176861626, 0.0022317495555122394]
other derivatives: [ 0.05838956  0.03583409  0.00254659  0.00563887  0.00400178  0.        ]
Current x array =  [-0.75495287 -0.90993348 -0.39301992  0.60717075 -1.43653934  0.33647224
  0.15045729 -6.2957105  -3.28211941 -3.19967921 -4.38436207 -3.34163171
 -4.26804185 -1.83856699 -4.21613917 -3.20571309 -6.66914585 -1.69977715
 -4.4531922  -4.76622439]
log likelihood =  -4153.93076767
Edge derivatives =  [-4.403050764092441, -0.0018944541661540214, -0.3027937541408067, -0.3425118330649992, -0.0832378094922509, -0.14802779606376748, -0.10132856255646416, -0.25042087602253793, -0.0748327461513252, -0.2095307011155378, 0.009838736423654881, -1.1556453921912202, -0.05244955133945703, -0.018292288749829213]
other derivatives: [-92.95845302 -22.68243406 -13.03660611   0.39390216  -1.40098564   0.        ]
Current x array =  [-0.69656331 -0.87409939 -0.39047333  0.61280961 -1.43253756  0.33647224
  0.15579855 -6.2955867  -3.27338235 -3.18748712 -4.37750323 -3.33996969
 -4.25723741 -1.8411644  -4.21230319 -3.20236461 -6.6660576  -1.69266442
 -4.45246993 -4.76399264]
log likelihood =  -4150.85741026
Edge derivatives =  [0.0015164881021771937, 0.00012147581297994499, 0.008468345698120272, 0.011888743965317479, 0.006781374773621439, 0.0015351191280188643, 0.010706228706538744, -0.0028007502082574853, 0.0037685932739175837, 0.0031665727304481042, 0.003093706175772246, 0.0061127837828125475, 0.0006766470542762821, 0.0022149177825563013]
other derivatives: [-0.0174623   0.0165528  -0.00954969  0.00554792  0.00209184  0.        ]
Current x array =  [-0.75490151 -0.90990196 -0.39301768  0.60717571 -1.43653582  0.33647224
  0.15046199 -6.29571039 -3.28211173 -3.19966849 -4.38435604 -3.34163025
 -4.26803234 -1.83856928 -4.2161358  -3.20571014 -6.66914313 -1.69977089
 -4.45319156 -4.76622243]
  status: 0
 success: True
    nfev: 3
     fun: 4150.857410256208
       x: array([-0.75490151, -0.90990196, -0.39301768,  0.60717571, -1.43653582,
        0.33647224,  0.15046199, -6.29571039, -3.28211173, -3.19966849,
       -4.38435604, -3.34163025, -4.26803234, -1.83856928, -4.2161358 ,
       -3.20571014, -6.66914313, -1.69977089, -4.45319156, -4.76622243])
 message: 'CONVERGENCE: REL_REDUCTION_OF_F_<=_FACTR*EPSMCH'
     jac: array([ 0.0174623 , -0.0165528 ,  0.00954969, -0.00554792, -0.00209184,
       -0.        , -0.00151649, -0.00012148, -0.00846835, -0.01188874,
       -0.00678137, -0.00153512, -0.01070623,  0.00280075, -0.00376859,
       -0.00316657, -0.00309371, -0.00611278, -0.00067665, -0.00221492])
     nit: 1
