number of sites to be analyzed:  119
Successfully loaded parameter value from ./save/MG94_ENSG00000126733_ENSG00000276644_nonclock_save.txt
log likelihood =  -1323.29685776
Edge derivatives =  [-0.005364973012131513, -0.0031402555641738073, -0.002435659760407754, -0.0013111890787238512, -0.004300763515815754, -7.203560762467781e-05, 0.0018579797093107794, -0.0017258349522426743, -2.3105240242861053e-07, 0.0015538539542648833, -0.0017258349522420273, -1.4768981112426676e-16, -0.0020547849914249686, -0.001052815504061378, -1.1825290518247284e-16, -0.001725834952245025, -2.394843029941474e-07, -2.394843029941474e-07]
other derivatives: [ -1.15051080e-02  -7.54880602e-03   1.18461685e-02   7.95807864e-04
  -9.77706804e-04  -4.54747351e-05]
Current x array =  [ -0.58735606  -0.53594326  -0.80075056   0.69569919  -1.71529233
 -12.36515909  -0.09821077  -9.          -2.89485111  -2.80217016
  -4.14953562  -3.56804901  -3.74997709  -4.73282728 -20.76566943
  -4.11240988  -4.73282728  -2.30258509  -5.49541659  -3.70135235
  -2.30258509  -4.73282728 -20.74961545 -20.74961545]
log likelihood =  -1323.38030176
Edge derivatives =  [1.1488142992625447, -0.0030865054207243666, 0.08547927492220819, 0.0718979238039893, 0.032195843248892644, 0.020961845984839612, 0.021606331062972547, 0.010306116506520724, -2.2995216880134936e-07, 0.013653589756277618, 0.010306116506515226, -8.881513171435858e-17, 0.004537446880276394, 0.032565699323472266, -8.881473143133965e-17, 0.010306116506531574, -2.383910300193706e-07, -2.383910300193706e-07]
other derivatives: [  8.49320259e+00   3.79093308e+00  -2.79674168e+00  -1.58570401e-01
   2.99451131e-01  -4.54747351e-05]
Current x array =  [ -0.59886117  -0.54349206  -0.78890439   0.696495    -1.71627003
 -12.36520457  -0.10357574  -9.          -2.89728677  -2.80348135
  -4.15383638  -3.56812105  -3.74811911  -4.73455311 -20.76566966
  -4.11085603  -4.73455311  -2.30258509  -5.49747138  -3.70240517
  -2.30258509  -4.73455311 -20.74961569 -20.74961569]
log likelihood =  -1323.29685727
Edge derivatives =  [-0.0025636193226176995, -0.0031401270024282637, -0.0022218020558811783, -0.001132674087266583, -0.004212082482386602, -2.0449459013867355e-05, 0.0019064959035176438, -0.0016965182163136468, -2.3104971297244232e-07, 0.0015836502405146557, -0.0016965182163129582, -5.0512551098109665e-16, -0.002038725391741123, -0.0009708302432298518, -5.301276383317211e-16, -0.0016965182163160807, -2.3948162965723325e-07, -2.3948162965723325e-07]
other derivatives: [  9.25410859e-03   1.72803993e-03   5.18411980e-03   3.41060513e-04
  -3.41060513e-04  -4.54747351e-05]
Current x array =  [ -0.58738369  -0.53596138  -0.80072212   0.6957011   -1.71529468
 -12.3651592   -0.09822365  -9.          -2.89485696  -2.80217331
  -4.14954595  -3.56804918  -3.74997263  -4.73283142 -20.76566943
  -4.11240615  -4.73283142  -2.30258509  -5.49542153  -3.70135488
  -2.30258509  -4.73283142 -20.74961545 -20.74961545]
  status: 0
 success: True
    nfev: 3
     fun: 1323.2968572693335
       x: array([ -0.58738369,  -0.53596138,  -0.80072212,   0.6957011 ,
        -1.71529468, -12.3651592 ,  -0.09822365,  -9.        ,
        -2.89485696,  -2.80217331,  -4.14954595,  -3.56804918,
        -3.74997263,  -4.73283142, -20.76566943,  -4.11240615,
        -4.73283142,  -2.30258509,  -5.49542153,  -3.70135488,
        -2.30258509,  -4.73283142, -20.74961545, -20.74961545])
 message: 'CONVERGENCE: REL_REDUCTION_OF_F_<=_FACTR*EPSMCH'
     jac: array([ -9.25410859e-03,  -1.72803993e-03,  -5.18411980e-03,
        -3.41060513e-04,   3.41060513e-04,   4.54747351e-05,
         2.56361932e-03,   3.14012700e-03,   2.22180206e-03,
         1.13267409e-03,   4.21208248e-03,   2.04494590e-05,
        -1.90649590e-03,   1.69651822e-03,   2.31049713e-07,
        -1.58365024e-03,   1.69651822e-03,   5.05125511e-16,
         2.03872539e-03,   9.70830243e-04,   5.30127638e-16,
         1.69651822e-03,   2.39481630e-07,   2.39481630e-07])
     nit: 1
