number of sites to be analyzed:  119
Successfully loaded parameter value from ./save/MG94_ENSG00000125835_ENSG00000128739_nonclock_save.txt
log likelihood =  -1396.55617354
Edge derivatives =  [0.011530770336167562, 0.00015455350159106554, 0.007858614217709975, 0.002024596099643311, 0.0037139873836454784, 0.0010425140647540403, 0.006294597664099605, -0.0028164513351478793, -0.0012443868690800164, 0.006845550533286504, -0.002816451335147241, 2.7279318217614214e-16, 0.0012726959705052082, -0.003340440825986335, 2.633768124342893e-16, -0.002816451335147546, -0.0014793297211707912, -0.0042020900503094705]
other derivatives: [ 0.03606146 -0.00798082 -0.00807177 -0.00436557  0.00400178 -0.00015916]
Current x array =  [ -0.69664734  -0.70973341  -0.57236965   0.94906567  -2.14111743
 -11.66855478  -0.90931135  -2.84067821  -3.20727897  -1.66778313
  -4.47760421  -1.8509763   -5.40034246  -4.68890577  -4.56787562
  -3.25488186  -4.68890577  -2.30258509  -4.5840076   -4.70616845
  -2.30258509  -4.68890577  -4.49735888  -3.74049486]
log likelihood =  -1396.96621534
Edge derivatives =  [-1.163060790729303, -0.09295434297565623, -0.15268068047526398, -0.31195885043167815, -0.009661692070730532, -0.27645487518139583, -0.003609020292463923, -0.010303833787906697, -0.020180525281539352, -0.11455149641837559, -0.01030383378790481, 5.288233089778395e-16, -0.01834944619287755, -0.008472299313848825, 5.364993141013688e-16, -0.010303833787906419, -0.013616324139418629, -0.019968494302956108]
other derivatives: [ -2.15302407e+01   2.31577815e+00   2.69992597e+00   3.97312760e-01
  -2.90174285e-01  -1.13686838e-04]
Current x array =  [ -0.66058588  -0.71771423  -0.58044142   0.94470009  -2.13711566
 -11.66871394  -0.89778058  -2.84052366  -3.19942036  -1.66575854
  -4.47389023  -1.84993378  -5.39404787  -4.69172222  -4.56912001
  -3.24803631  -4.69172222  -2.30258509  -4.58273491  -4.70950889
  -2.30258509  -4.69172222  -4.49883821  -3.74469695]
log likelihood =  -1396.55617145
Edge derivatives =  [0.008879878444943534, -5.62748557003407e-05, 0.007494655020471697, 0.0013116491866415059, 0.0036815264486410593, 0.00041049213012275647, 0.006271849457831444, -0.0028343846248891635, -0.0012876666347038102, 0.006572479874044301, -0.0028343846248890803, -4.948068221556282e-16, 0.0012280628208015953, -0.0033533572091275776, -5.199436559160901e-16, -0.002834384624889108, -0.001508073491778117, -0.004238265275245068]
other derivatives: [ -9.84528015e-03  -2.61479727e-03  -1.93267624e-03  -3.50155460e-03
   3.36513040e-03  -4.54747351e-05]
Current x array =  [ -0.69656617  -0.70975138  -0.57238782   0.94905584  -2.14110843
 -11.66855514  -0.9092854   -2.84067787  -3.20726128  -1.66777858
  -4.47759585  -1.85097395  -5.40032829  -4.68891211  -4.56787842
  -3.25486645  -4.68891211  -2.30258509  -4.58400474  -4.70617597
  -2.30258509  -4.68891211  -4.49736221  -3.74050432]
  status: 0
 success: True
    nfev: 3
     fun: 1396.5561714543599
       x: array([ -0.69656617,  -0.70975138,  -0.57238782,   0.94905584,
        -2.14110843, -11.66855514,  -0.9092854 ,  -2.84067787,
        -3.20726128,  -1.66777858,  -4.47759585,  -1.85097395,
        -5.40032829,  -4.68891211,  -4.56787842,  -3.25486645,
        -4.68891211,  -2.30258509,  -4.58400474,  -4.70617597,
        -2.30258509,  -4.68891211,  -4.49736221,  -3.74050432])
 message: 'CONVERGENCE: REL_REDUCTION_OF_F_<=_FACTR*EPSMCH'
     jac: array([  9.84528015e-03,   2.61479727e-03,   1.93267624e-03,
         3.50155460e-03,  -3.36513040e-03,   4.54747351e-05,
        -8.87987844e-03,   5.62748557e-05,  -7.49465502e-03,
        -1.31164919e-03,  -3.68152645e-03,  -4.10492130e-04,
        -6.27184946e-03,   2.83438462e-03,   1.28766663e-03,
        -6.57247987e-03,   2.83438462e-03,   4.94806822e-16,
        -1.22806282e-03,   3.35335721e-03,   5.19943656e-16,
         2.83438462e-03,   1.50807349e-03,   4.23826528e-03])
     nit: 1
