number of sites to be analyzed:  48
Successfully loaded parameter value from ./save/MG94_ENSG00000141446_ENSG00000171320_nonclock_save.txt
log likelihood =  -568.840093315
Edge derivatives =  [0.0007699875865914141, -0.0024228202279194242, 0.001673590250664464, 0.004077010463833325, -0.00034593668374266126, -0.0007456736885352866, 0.0007870529610204124, 0.00044867271462856184, -1.536735037998749e-06, -0.00022408080925544194, 0.0004486727146287839, -3.1071382286308864e-16, -8.408737429690942e-07, 0.0007032299042814029, -3.1083859438754476e-16, 0.0004486727146289504, -0.0004970839163295354, -8.545210330947265e-07]
other derivatives: [ 0.01376748 -0.00186446 -0.00494538  0.00209184  0.00449063  0.        ]
Current x array =  [ -0.57519838  -0.48544584  -0.942821     0.23024965  -1.92336528
 -14.71971423  -0.17442467  -9.          -3.2550364   -1.84538595
  -3.92215652  -2.96778168  -3.21998049  -4.74404602 -17.28166834
  -3.12309776  -4.74404602  -2.30258509 -18.50661201  -3.83602437
  -2.30258509  -4.74404602  -4.53073027 -18.50997681]
log likelihood =  -568.873304485
Edge derivatives =  [-0.19468064420187858, -0.0024284931560222137, -0.011069394710020747, -0.10769323781007656, -0.0011972515599848604, -0.005586304271069764, -0.022013520742050666, 0.0002939193435892995, -1.547507510670158e-06, -0.011564273274187416, 0.0002939193435892995, -3.498489118434155e-16, -8.435770153002345e-07, -0.0066791493969117835, -3.6361069752852544e-16, 0.0002939193435894105, -0.0030888639929697002, -8.571159043935816e-07]
other derivatives: [-4.54539304  0.47982667  0.47563162 -0.01433591 -0.16391368  0.        ]
Current x array =  [ -0.5614309   -0.48731031  -0.94776638   0.23234148  -1.91887465
 -14.71971423  -0.17365468  -9.          -3.25336281  -1.84130894
  -3.92250246  -2.96852735  -3.21919344  -4.74359735 -17.28166988
  -3.12332184  -4.74359735  -2.30258509 -18.50661285  -3.83532114
  -2.30258509  -4.74359735  -4.53122735 -18.50997767]
log likelihood =  -568.840092784
Edge derivatives =  [-6.85326100269279e-06, -0.002422842975948662, 0.0016221128545483021, 0.0036345324217218755, -0.0003495793080192794, -0.0007651279120487464, 0.0006968117815185429, 0.0004479315601645384, -1.5367778934718516e-06, -0.00026920276586866326, 0.00044793156016481595, 2.7694596806173294e-21, -8.408844862558164e-07, 0.0006738641708953601, 2.363821819525202e-21, 0.00044793156016492697, -0.0005073941872631403, -8.545313549475479e-07]
other derivatives: [ -3.95630195e-03   5.68434189e-05  -3.02406988e-03   2.02362571e-03
   3.80850906e-03   0.00000000e+00]
Current x array =  [ -0.57514351  -0.48545327  -0.94284071   0.23025798  -1.92334738
 -14.71971423  -0.1744216   -9.          -3.25502973  -1.84536971
  -3.9221579   -2.96778465  -3.21997735  -4.74404423 -17.28166835
  -3.12309866  -4.74404423  -2.30258509 -18.50661202  -3.83602157
  -2.30258509  -4.74404423  -4.53073225 -18.50997681]
  status: 0
 success: True
    nfev: 3
     fun: 568.8400927841382
       x: array([ -0.57514351,  -0.48545327,  -0.94284071,   0.23025798,
        -1.92334738, -14.71971423,  -0.1744216 ,  -9.        ,
        -3.25502973,  -1.84536971,  -3.9221579 ,  -2.96778465,
        -3.21997735,  -4.74404423, -17.28166835,  -3.12309866,
        -4.74404423,  -2.30258509, -18.50661202,  -3.83602157,
        -2.30258509,  -4.74404423,  -4.53073225, -18.50997681])
 message: 'CONVERGENCE: REL_REDUCTION_OF_F_<=_FACTR*EPSMCH'
     jac: array([  3.95630195e-03,  -5.68434189e-05,   3.02406988e-03,
        -2.02362571e-03,  -3.80850906e-03,  -0.00000000e+00,
         6.85326100e-06,   2.42284298e-03,  -1.62211285e-03,
        -3.63453242e-03,   3.49579308e-04,   7.65127912e-04,
        -6.96811782e-04,  -4.47931560e-04,   1.53677789e-06,
         2.69202766e-04,  -4.47931560e-04,  -2.76945968e-21,
         8.40884486e-07,  -6.73864171e-04,  -2.36382182e-21,
        -4.47931560e-04,   5.07394187e-04,   8.54531355e-07])
     nit: 1
