number of sites to be analyzed:  61
Successfully loaded parameter value from ./save/MG94_ENSG00000145901_ENSG00000050730_nonclock_save.txt
log likelihood =  -1013.81607864
Edge derivatives =  [-0.007010197542413721, -0.0032430673501018213, -6.805889592305327e-05, -0.0006350096157849983, 0.0018251826168978538, 0.0005561542032801459, -0.0010071937230970093, 0.00012247718038257277, -0.00013976205052201873, 0.0004231454988404687, 0.0001224771803826838, 4.3007797886861904e-16, -0.003686240539494956, 0.001599291636828093, 4.486590961130795e-16, 0.0001224771803828295, -0.0009151942874725053, -0.0006412156222061552]
other derivatives: [  7.58291208e-03   3.44471118e-03   1.02318154e-04  -1.59161573e-04
  -4.22915036e-03  -3.41060513e-05]
Current x array =  [ -0.60044488  -0.72728093  -0.48755051   0.77339188  -1.44724206
 -13.30854474   0.46878742  -3.10418793 -11.26592788  -0.99495626
  -4.17001609  -1.50958471  -4.0104469   -4.03532302  -3.70403928
  -3.24736893  -4.03532302  -2.30258509  -3.1259996   -2.88978366
  -2.30258509  -4.03532302  -4.04766376  -4.03610679]
log likelihood =  -1013.83341163
Edge derivatives =  [0.4896000525814901, 0.009753227430759993, -6.811492686056153e-05, -0.007993580305774795, -0.003085638202059454, -0.03263706189468296, -0.002891423282172609, -0.003086264799491971, -0.0017132742152239505, -0.006961402098987726, -0.0030862647994920125, -3.982054595176842e-16, 0.008410639676823845, -0.013920346927746186, -3.549381097564722e-16, -0.003086264799491839, -0.0013616818773145925, -0.0014859547716173649]
other derivatives: [ -3.51432163e+00  -8.74524630e-01  -1.98849648e-01  -2.45120191e-01
   4.20823199e-01  -6.82121026e-05]
Current x array =  [ -0.59286197  -0.72383622  -0.48744819   0.77323271  -1.45147121
 -13.30857884   0.46177723  -3.107431   -11.26599594  -0.99559127
  -4.1681909   -1.50902856  -4.01145409  -4.03520055  -3.70417904
  -3.24694578  -4.03520055  -2.30258509  -3.12968584  -2.88818437
  -2.30258509  -4.03520055  -4.04857895  -4.036748  ]
log likelihood =  -1013.81607823
Edge derivatives =  [-0.004587930632747206, -0.0031803111029877554, -6.805922539212703e-05, -0.0006710097874998988, 0.0018010867640997283, 0.0003949065398938245, -0.0010163087611812782, 0.0001068889883326582, -0.00014741792329002468, 0.00038727436284693995, 0.00010688898833234595, 1.5015435266848615e-22, -0.003627349510527414, 0.001523910904406775, 1.6436780431849283e-22, 0.00010688898833282473, -0.000917371688196951, -0.0006453305108231749]
other derivatives: [ -9.31095201e-03  -7.38964445e-04  -8.52651283e-04  -1.35287337e-03
  -2.13731255e-03  -4.54747351e-05]
Current x array =  [ -0.600408    -0.72726418  -0.48755001   0.7733911   -1.44726263
 -13.3085449    0.46875333  -3.10420371 -11.26592821  -0.99495935
  -4.17000721  -1.50958201  -4.0104518   -4.03532243  -3.70403995
  -3.24736687  -4.03532243  -2.30258509  -3.12601752  -2.88977588
  -2.30258509  -4.03532243  -4.04766821  -4.0361099 ]
  status: 0
 success: True
    nfev: 3
     fun: 1013.8160782260524
       x: array([ -0.600408  ,  -0.72726418,  -0.48755001,   0.7733911 ,
        -1.44726263, -13.3085449 ,   0.46875333,  -3.10420371,
       -11.26592821,  -0.99495935,  -4.17000721,  -1.50958201,
        -4.0104518 ,  -4.03532243,  -3.70403995,  -3.24736687,
        -4.03532243,  -2.30258509,  -3.12601752,  -2.88977588,
        -2.30258509,  -4.03532243,  -4.04766821,  -4.0361099 ])
 message: 'CONVERGENCE: REL_REDUCTION_OF_F_<=_FACTR*EPSMCH'
     jac: array([  9.31095201e-03,   7.38964445e-04,   8.52651283e-04,
         1.35287337e-03,   2.13731255e-03,   4.54747351e-05,
         4.58793063e-03,   3.18031110e-03,   6.80592254e-05,
         6.71009787e-04,  -1.80108676e-03,  -3.94906540e-04,
         1.01630876e-03,  -1.06888988e-04,   1.47417923e-04,
        -3.87274363e-04,  -1.06888988e-04,  -1.50154353e-22,
         3.62734951e-03,  -1.52391090e-03,  -1.64367804e-22,
        -1.06888988e-04,   9.17371688e-04,   6.45330511e-04])
     nit: 1
