number of sites to be analyzed:  89
Successfully loaded parameter value from ./save/MG94_ENSG00000140650_ENSG00000100417_nonclock_save.txt
log likelihood =  -1180.56434109
Edge derivatives =  [-0.003652924424760562, -0.0002667982285383848, 0.0023979850212152987, 0.007887475371067043, -0.005498462023721764, -0.006756178943016611, -1.7727840774574618e-05, -0.003337362155045126, -1.0594852567761707e-05, -0.008632508704766562, -0.0033373621550438215, 8.75998806908977e-16, -1.346886144819635e-05, -0.0007375232102853485, 8.758872102419548e-16, -0.003337362155042073, 0.004891794967840604, -1.0751770751693714e-05]
other derivatives: [-0.03381047 -0.01271019 -0.01357421 -0.00798082 -0.00572982  0.        ]
Current x array =  [ -0.5864101   -0.72031347  -0.52358006   0.45072755  -1.93475728
 -14.6819347   -0.27123122  -3.29635771  -1.97601208  -1.58074836
  -5.52228641  -2.76521308 -15.73371644  -2.60539475 -16.57493149
  -3.72603104  -2.60539475  -2.30258509 -16.23744688  -3.50443043
  -2.30258509  -2.60539475  -4.01977425 -16.56050927]
log likelihood =  -1180.9655458
Edge derivatives =  [0.6844826350072388, 0.037891264010973605, 0.07688126761648939, -0.03635492031221868, -0.014175474614903264, 0.13904784874177656, -1.7904994235722556e-05, 0.09488695733136618, -1.0531930934469177e-05, 0.048963871277092376, 0.09488695733137772, 4.093385873347287e-16, -1.3445364379713354e-05, 0.032214376051252165, 3.59779871479743e-16, 0.09488695733139929, 0.008115860303514588, -1.0684854872753325e-05]
other derivatives: [ 19.53387709   4.26266524   4.8587026    0.3468358    0.40990926   0.        ]
Current x array =  [ -0.62022056  -0.73302366  -0.53715427   0.44274673  -1.94048709
 -14.6819347   -0.27488415  -3.29662451  -1.9736141   -1.57286089
  -5.52778487  -2.77196926 -15.73373416  -2.60873211 -16.57494209
  -3.73466355  -2.60873211  -2.30258509 -16.23746035  -3.50516796
  -2.30258509  -2.60873211  -4.01488246 -16.56052002]
log likelihood =  -1180.56433899
Edge derivatives =  [-0.002093280776180817, -0.00018133404001862904, 0.002569414832705841, 0.007785857538273128, -0.0055189863936045925, -0.006424298534202455, -1.7728271006157423e-05, -0.0031150733086505455, -1.0594709467004963e-05, -0.00850153615940643, -0.003115073308651378, 4.409573352567221e-17, -1.3468807727004014e-05, -0.000662575507204298, 4.411570675169551e-17, -0.0031150733086536264, 0.004899429254448119, -1.0751618395517796e-05]
other derivatives: [  1.29375621e-02  -2.79669621e-03  -2.41016096e-03  -7.23048288e-03
  -4.79758455e-03  -2.27373675e-05]
Current x array =  [ -0.58648616  -0.72034206  -0.5236106    0.45070959  -1.93477017
 -14.6819347   -0.27123944  -3.29635831  -1.97600669  -1.58073062
  -5.52229878  -2.76522828 -15.73371648  -2.60540225 -16.57493152
  -3.72605046  -2.60540225  -2.30258509 -16.23744691  -3.50443209
  -2.30258509  -2.60540225  -4.01976325 -16.5605093 ]
  status: 0
 success: True
    nfev: 3
     fun: 1180.5643389936681
       x: array([ -0.58648616,  -0.72034206,  -0.5236106 ,   0.45070959,
        -1.93477017, -14.6819347 ,  -0.27123944,  -3.29635831,
        -1.97600669,  -1.58073062,  -5.52229878,  -2.76522828,
       -15.73371648,  -2.60540225, -16.57493152,  -3.72605046,
        -2.60540225,  -2.30258509, -16.23744691,  -3.50443209,
        -2.30258509,  -2.60540225,  -4.01976325, -16.5605093 ])
 message: 'CONVERGENCE: REL_REDUCTION_OF_F_<=_FACTR*EPSMCH'
     jac: array([ -1.29375621e-02,   2.79669621e-03,   2.41016096e-03,
         7.23048288e-03,   4.79758455e-03,   2.27373675e-05,
         2.09328078e-03,   1.81334040e-04,  -2.56941483e-03,
        -7.78585754e-03,   5.51898639e-03,   6.42429853e-03,
         1.77282710e-05,   3.11507331e-03,   1.05947095e-05,
         8.50153616e-03,   3.11507331e-03,  -4.40957335e-17,
         1.34688077e-05,   6.62575507e-04,  -4.41157068e-17,
         3.11507331e-03,  -4.89942925e-03,   1.07516184e-05])
     nit: 1
