number of sites to be analyzed:  73
Successfully loaded parameter value from ./save/MG94_ENSG00000101236_ENSG00000133874_nonclock_save.txt
log likelihood =  -790.684828418
Edge derivatives =  [-0.0014996972000865388, -0.0019134143359911446, 0.0012631355475901385, 0.0010017529250997636, -0.0016180130557048294, 0.0026467244506117316, -0.0018362043943408648, -0.0020848779078268195, -0.0003125199455015718, 0.0012420386849606724, -0.0020848779078266114, -2.1135055582287523e-16, -0.0003067506537454317, -0.0003027018013588477, -2.1953320878200495e-16, -0.0020848779078266946, -0.0014154742867762415, 0.000494341153662009]
other derivatives: [ 0.00153477 -0.00168257  0.00238742  0.00289901  0.00061391  0.00031832]
Current x array =  [ -0.79318696  -0.76827413  -0.63636436   0.63798753  -2.58165251
  -6.5200799    0.37050198  -9.          -2.39794191  -8.13182611
  -5.15211715  -2.60351716  -4.85542101  -3.85377986 -12.92416336
  -3.24947175  -3.85377986  -2.30258509 -12.95348576 -12.98046979
  -2.30258509  -3.85377986  -3.76751978  -4.87456883]
log likelihood =  -790.686240625
Edge derivatives =  [0.10884448659590085, -0.0019091757481641857, -0.008477521307842767, 0.0009584603671931255, -0.0024667150287389656, -0.017229659334402347, 0.00019069185310525635, 0.003616821154135065, -0.0003123178449004543, -0.003880362052135336, 0.0036168211541356896, 1.7615663242432265e-16, -0.00030657883939097324, -0.0003025446226442817, 1.9069341797295502e-16, 0.0036168211541352593, 0.0034189865784123724, 0.00020499497607951757]
other derivatives: [ -3.92310540e-01   2.30318165e-01  -6.58064891e-01  -2.66481948e-02
   6.28688213e-03   2.27373675e-04]
Current x array =  [ -0.79165219  -0.7699567   -0.63397694   0.64088654  -2.5810386
  -6.51976157   0.36900228  -9.          -2.39667877  -8.13082436
  -5.15373517  -2.60087044  -4.85725721  -3.85586474 -12.92447588
  -3.24822971  -3.85586474  -2.30258509 -12.95379251 -12.98077249
  -2.30258509  -3.85586474  -3.76893526  -4.87407449]
log likelihood =  -790.684827908
Edge derivatives =  [0.0005624858184483938, -0.0019133352609090836, 0.0010819759743614377, 0.001000946070843299, -0.0016337774660113678, 0.0022766503641514224, -0.0017983019052310884, -0.001978219354550108, -0.0003125161593688181, 0.001146722689199145, -0.001978219354549955, 5.700658207477682e-17, -0.000306747431696753, -0.00030269885266669306, 5.0174953509373055e-17, -0.0019782193545494417, -0.0013250299950680958, 0.0004889892118359954]
other derivatives: [-0.0058435   0.00262617 -0.00989075  0.00235332  0.00068212  0.00031832]
Current x array =  [ -0.79315832  -0.76830554  -0.63631981   0.63804163  -2.58164105
  -6.52007395   0.37047399  -9.          -2.39791833  -8.13180742
  -5.15214735  -2.60346776  -4.85545528  -3.85381877 -12.92416919
  -3.24944857  -3.85381877  -2.30258509 -12.95349148 -12.98047544
  -2.30258509  -3.85381877  -3.7675462   -4.8745596 ]
  status: 0
 success: True
    nfev: 3
     fun: 790.6848279082532
       x: array([ -0.79315832,  -0.76830554,  -0.63631981,   0.63804163,
        -2.58164105,  -6.52007395,   0.37047399,  -9.        ,
        -2.39791833,  -8.13180742,  -5.15214735,  -2.60346776,
        -4.85545528,  -3.85381877, -12.92416919,  -3.24944857,
        -3.85381877,  -2.30258509, -12.95349148, -12.98047544,
        -2.30258509,  -3.85381877,  -3.7675462 ,  -4.8745596 ])
 message: 'CONVERGENCE: REL_REDUCTION_OF_F_<=_FACTR*EPSMCH'
     jac: array([  5.84350346e-03,  -2.62616595e-03,   9.89075488e-03,
        -2.35331754e-03,  -6.82121026e-04,  -3.18323146e-04,
        -5.62485818e-04,   1.91333526e-03,  -1.08197597e-03,
        -1.00094607e-03,   1.63377747e-03,  -2.27665036e-03,
         1.79830191e-03,   1.97821935e-03,   3.12516159e-04,
        -1.14672269e-03,   1.97821935e-03,  -5.70065821e-17,
         3.06747432e-04,   3.02698853e-04,  -5.01749535e-17,
         1.97821935e-03,   1.32503000e-03,  -4.88989212e-04])
     nit: 1
