number of sites to be analyzed:  47
Successfully loaded parameter value from ./save/MG94_ENSG00000204569_ENSG00000204576_nonclock_save.txt
log likelihood =  -641.443941178
Edge derivatives =  [-0.0011930973340721351, -0.001938629045363773, -0.001235504276211996, -0.0010556898678553625, -0.000417954311372537, 0.0019309047227601406, -0.000488547225252843, -0.0010347341954476301, -2.1989025153156168e-05, -0.00048739759325068174, -0.0010347341954478019, 1.110268598946203e-16, -2.2166234577537022e-05, -0.0005165025994634045, 1.110245408398678e-16, -0.0010347341954476232, 0.0014686865315573852, -0.0005292064247505793]
other derivatives: [  2.30784281e-03  -5.76392267e-03   1.04591891e-03   3.04680725e-03
   1.01181286e-03  -9.09494702e-05]
Current x array =  [ -0.58588889  -0.68268785  -0.51972889   0.69368097  -0.89261208
 -12.53537462   0.29540782  -9.          -3.50135011  -1.45724935
  -3.91573288  -2.79400287  -4.52159015  -5.61525835 -15.24403247
  -4.52358349  -5.61525835  -2.30258509 -15.23360948  -4.52314982
  -2.30258509  -5.61525835  -3.82639582  -4.52289477]
log likelihood =  -641.44780815
Edge derivatives =  [0.1163792069624976, -0.0019342264178751369, 0.0038414518942874176, 0.019605396231203477, 0.0015934232636766188, -0.007932610880388546, 0.0002691325836651909, -0.0006845110265748088, -2.1983805964737833e-05, 0.00018129474890792724, -0.0006845110265746969, 2.6633285194631116e-16, -2.2159983538091163e-05, 0.00015911688819080644, 2.6638973936567426e-16, -0.0006845110265745434, -0.0010696653166412592, 0.0001577523288413367]
other derivatives: [ -7.72013209e-01   9.31993327e-01  -1.76692083e-01  -8.02288014e-02
  -2.12821760e-02  -5.68434189e-05]
Current x array =  [ -0.58358105  -0.68845178  -0.51868298   0.69672777  -0.89160027
 -12.53546557   0.29421472  -9.          -3.50258561  -1.45830504
  -3.91615084  -2.79207197  -4.52207869  -5.61629309 -15.24405446
  -4.52407089  -5.61629309  -2.30258509 -15.23363164  -4.52366632
  -2.30258509  -5.61629309  -3.82492713  -4.52342397]
log likelihood =  -641.443940917
Edge derivatives =  [-0.00022680111661754765, -0.0019385927440251363, -0.0011938629155180402, -0.0008854667112810424, -0.00040140702793156624, 0.0018510274598135812, -0.00048228507316795677, -0.001031848648546706, -2.198898074152259e-05, -0.0004818600210027453, -0.0010318486485464372, -2.186977435998547e-23, -2.2166181772036568e-05, -0.0005109085063797446, -2.175592997478827e-23, -0.0010318486485461856, 0.0014481746453198635, -0.0005235198360852636]
other derivatives: [ -3.97903932e-03   2.01225703e-03  -3.18323146e-04   2.43289833e-03
   8.41282599e-04  -3.41060513e-05]
Current x array =  [ -0.58587008  -0.68273484  -0.51972037   0.69370581  -0.89260383
 -12.53537536   0.29539809  -9.          -3.50136018  -1.45725795
  -3.91573629  -2.79398713  -4.52159413  -5.61526679 -15.24403265
  -4.52358746  -5.61526679  -2.30258509 -15.23360966  -4.52315403
  -2.30258509  -5.61526679  -3.82638384  -4.52289908]
  status: 0
 success: True
    nfev: 3
     fun: 641.44394091735
       x: array([ -0.58587008,  -0.68273484,  -0.51972037,   0.69370581,
        -0.89260383, -12.53537536,   0.29539809,  -9.        ,
        -3.50136018,  -1.45725795,  -3.91573629,  -2.79398713,
        -4.52159413,  -5.61526679, -15.24403265,  -4.52358746,
        -5.61526679,  -2.30258509, -15.23360966,  -4.52315403,
        -2.30258509,  -5.61526679,  -3.82638384,  -4.52289908])
 message: 'CONVERGENCE: REL_REDUCTION_OF_F_<=_FACTR*EPSMCH'
     jac: array([  3.97903932e-03,  -2.01225703e-03,   3.18323146e-04,
        -2.43289833e-03,  -8.41282599e-04,   3.41060513e-05,
         2.26801117e-04,   1.93859274e-03,   1.19386292e-03,
         8.85466711e-04,   4.01407028e-04,  -1.85102746e-03,
         4.82285073e-04,   1.03184865e-03,   2.19889807e-05,
         4.81860021e-04,   1.03184865e-03,   2.18697744e-23,
         2.21661818e-05,   5.10908506e-04,   2.17559300e-23,
         1.03184865e-03,  -1.44817465e-03,   5.23519836e-04])
     nit: 1
