number of sites to be analyzed:  621
Successfully loaded parameter value from ./save/HKY_ENSG00000101327_ENSG00000181195_nonclock_save.txt
log likelihood =  -2903.85606213
Edge derivatives =  [-0.00020409777826391196, -0.03247060508348952, -0.002279663833083298, -0.0027611749591064383, -0.00044977433919272947, -0.0005723985392446021, -0.0003510337686975021, -0.0011170639661309684, 0.0022463061521842713, -0.00359694372274022, -0.0011170639661328991, 2.0351997487501726e-15, -0.0007397987199057295, 0.005415955263647559, 1.904869758221876e-15, -0.001117063966133161, 0.0016018158882211003, 0.0015893341812128325]
other derivatives: [  7.36690708e-03  -4.54747351e-04   1.13686838e-03   2.72848411e-04
  -4.54747351e-05]
Current x array =  [ -0.58932374  -0.84685046  -0.58706383   1.01185156 -10.88057073
  -1.05069223  -9.          -4.63701841  -3.46679256  -3.00213179
  -3.18094301  -5.59914727  -4.9439036   -5.91919934  -4.67073297
  -4.9439036   -2.30258509  -5.699324    -4.64429726  -2.30258509
  -4.9439036   -5.32917827  -5.32920129]
log likelihood =  -2903.8944759
Edge derivatives =  [0.20217071139035758, -0.03236209339990248, 0.025256764602400346, 0.09586958916594956, 0.007629568477616588, 0.019291414083652106, 0.005343133072731684, 0.00789938214219753, -0.0036843032026192485, 0.037445178870006424, 0.007899382142195833, -6.1205736623266996e-15, 0.001638931547731197, -0.0575586538620113, -6.232692942755659e-15, 0.007899382142190218, -0.00780790338217884, -0.007567080028961542]
other derivatives: [ -1.02173090e+01   9.55424184e-02  -8.69431460e-01  -3.25144356e-01
  -1.27329258e-03]
Current x array =  [ -0.58195684  -0.84730521  -0.58592696   1.01212441 -10.8806162
  -1.05089633  -9.          -4.63929808  -3.46955374  -3.00258156
  -3.18151541  -5.5994983   -4.94502066  -5.91695303  -4.67432991
  -4.94502066  -2.30258509  -5.7000638   -4.63888131  -2.30258509
  -4.94502066  -5.32757646  -5.32761196]
log likelihood =  -2903.85606203
Edge derivatives =  [0.00012095230214459463, -0.032470430909394825, -0.0022347427182346294, -0.002599484543814423, -0.00043696680278929034, -0.000540317847435072, -0.00034175841319223146, -0.0011024010886552665, 0.0022365187195747824, -0.003529609856066207, -0.001102401088655421, 3.4473508114493064e-15, -0.0007359603059731278, 0.0053125967192237215, 3.446863391868955e-15, -0.0011024010886556933, 0.0015862706417291653, 0.0015742028534880114]
other derivatives: [-0.01100489 -0.00118234 -0.00318323 -0.00081855 -0.00204636]
Current x array =  [ -0.58931165  -0.8468512   -0.58706196   1.01185201 -10.8805708
  -1.05069256  -9.          -4.63702216  -3.4667971   -3.00213253
  -3.18094395  -5.59914784  -4.94390544  -5.91919565  -4.67073888
  -4.94390544  -2.30258509  -5.69932522  -4.64428837  -2.30258509
  -4.94390544  -5.32917564  -5.32919868]
  status: 0
 success: True
    nfev: 3
     fun: 2903.8560620317007
       x: array([ -0.58931165,  -0.8468512 ,  -0.58706196,   1.01185201,
       -10.8805708 ,  -1.05069256,  -9.        ,  -4.63702216,
        -3.4667971 ,  -3.00213253,  -3.18094395,  -5.59914784,
        -4.94390544,  -5.91919565,  -4.67073888,  -4.94390544,
        -2.30258509,  -5.69932522,  -4.64428837,  -2.30258509,
        -4.94390544,  -5.32917564,  -5.32919868])
 message: 'CONVERGENCE: REL_REDUCTION_OF_F_<=_FACTR*EPSMCH'
     jac: array([  1.10048859e-02,   1.18234311e-03,   3.18323146e-03,
         8.18545232e-04,   2.04636308e-03,  -1.20952302e-04,
         3.24704309e-02,   2.23474272e-03,   2.59948454e-03,
         4.36966803e-04,   5.40317847e-04,   3.41758413e-04,
         1.10240109e-03,  -2.23651872e-03,   3.52960986e-03,
         1.10240109e-03,  -3.44735081e-15,   7.35960306e-04,
        -5.31259672e-03,  -3.44686339e-15,   1.10240109e-03,
        -1.58627064e-03,  -1.57420285e-03])
     nit: 1
