number of sites to be analyzed:  55
Successfully loaded parameter value from ./save/MG94_ENSG00000126768_ENSG00000134375_nonclock_save.txt
log likelihood =  -673.492556122
Edge derivatives =  [0.0006961553747439897, -7.098593682719346e-05, -0.0013211182885157838, 0.0017191518490189406, 0.0009111588313089752, -0.0003487637603540872, 0.000761181730863196, 0.002098428887502224, -4.12463086756452e-05, -4.025778254462583e-05, 0.0020984288875022135, 2.033445151675034e-30, -0.002818328007545813, -0.0019747754876554557, 2.133655665594828e-30, 0.0020984288875020504, -0.0004853717452057149, -0.0021509124604058155]
other derivatives: [ 0.00151203 -0.01816716  0.00887894  0.00101181  0.00089813 -0.00013642]
Current x array =  [ -0.77624986  -0.83962887  -0.55456485   1.00721654  -2.05914132
 -12.07823084   0.03123974  -9.          -3.09513267  -2.07910866
  -3.16229071  -2.4592843   -4.18352378  -4.94436472 -14.77878372
 -14.81236826  -4.94436472  -2.30258509  -3.98955791  -3.2956482
  -2.30258509  -4.94436472  -4.71789871  -3.29379232]
log likelihood =  -673.517712517
Edge derivatives =  [0.06655431712835794, -8.82772632669776e-05, -0.007889137172392084, -0.003979917772857111, 0.0012330637590306018, -0.012306427413708354, 0.003636571913167193, -0.0009201718856429626, -4.123823175100444e-05, -4.026691675957317e-05, -0.0009201718856430927, -8.239264619794848e-17, 0.0034079713630012567, 0.0065658547712420245, -9.668964883327496e-17, -0.0009201718856434813, -0.00038663761339200256, 0.0070629790462248265]
other derivatives: [ -3.43163720e-01   1.77668653e+00  -2.00938075e+00   5.90148375e-02
  -6.47673915e-02  -1.70530257e-04]
Current x array =  [ -0.77473782  -0.85779602  -0.54568591   1.00822835  -2.0582432
 -12.07836726   0.03193589  -9.          -3.09645379  -2.07738951
  -3.16137955  -2.45963306  -4.18276259  -4.94226629 -14.77882497
 -14.81240852  -4.94226629  -2.30258509  -3.99237623  -3.29762297
  -2.30258509  -4.94226629  -4.71838408  -3.29594323]
log likelihood =  -673.492554158
Edge derivatives =  [0.0013345983552888185, -7.113459842444033e-05, -0.0013747279705665291, 0.0016809114826997762, 0.0009180615834702213, -0.00044501998318846603, 0.0007876851183482442, 0.0020728059402913435, -4.124620116916598e-05, -4.0257829104888997e-05, 0.0020728059402911215, 4.692128307403399e-16, -0.0027620426478403085, -0.0018965440556178437, 4.788582684049383e-16, 0.0020728059402911683, -0.00048367236243679335, -0.0020666920901094843]
other derivatives: [-0.00145519 -0.00214868 -0.00846967  0.00154614  0.00032969 -0.00013642]
Current x array =  [ -0.77623665  -0.83978751  -0.55448731   1.00722538  -2.05913348
 -12.07823203   0.03124582  -9.          -3.09514421  -2.07909364
  -3.16228275  -2.45928735  -4.18351713  -4.94434639 -14.77878408
 -14.81236862  -4.94434639  -2.30258509  -3.98958252  -3.29566544
  -2.30258509  -4.94434639  -4.71790295  -3.2938111 ]
log likelihood =  -673.49255369
Edge derivatives =  [0.000991416038809978, -7.12325957345858e-05, -0.0013842562519541454, 0.0016052326786882842, 0.0009121394203380727, -0.0003776778852617735, 0.0007633230455152892, 0.0020665472992696613, -4.124606697688906e-05, -4.025766189155394e-05, 0.00206654729926971, -1.7100998370963416e-16, -0.0027083939942140686, -0.001821700220767275, -1.742932820419525e-16, 0.002066547299269481, -0.0004771776811443827, -0.001980529995294397]
other derivatives: [ 0.00095497  0.00288765  0.00151203  0.00120508  0.00028422 -0.00013642]
Current x array =  [ -0.77624398  -0.83983531  -0.55452983   1.00723791  -2.05912957
 -12.07823322   0.03125631  -9.          -3.09515611  -2.0790789
  -3.16227475  -2.45929106  -4.1835103   -4.94432825 -14.77878444
 -14.81236897  -4.94432825  -2.30258509  -3.98960674  -3.29568215
  -2.30258509  -4.94432825  -4.71790718  -3.2938293 ]
  status: 0
 success: True
    nfev: 4
     fun: 673.4925536898784
       x: array([ -0.77624398,  -0.83983531,  -0.55452983,   1.00723791,
        -2.05912957, -12.07823322,   0.03125631,  -9.        ,
        -3.09515611,  -2.0790789 ,  -3.16227475,  -2.45929106,
        -4.1835103 ,  -4.94432825, -14.77878444, -14.81236897,
        -4.94432825,  -2.30258509,  -3.98960674,  -3.29568215,
        -2.30258509,  -4.94432825,  -4.71790718,  -3.2938293 ])
 message: 'CONVERGENCE: REL_REDUCTION_OF_F_<=_FACTR*EPSMCH'
     jac: array([ -9.54969437e-04,  -2.88764568e-03,  -1.51203494e-03,
        -1.20508048e-03,  -2.84217094e-04,   1.36424205e-04,
        -9.91416039e-04,   7.12325957e-05,   1.38425625e-03,
        -1.60523268e-03,  -9.12139420e-04,   3.77677885e-04,
        -7.63323046e-04,  -2.06654730e-03,   4.12460670e-05,
         4.02576619e-05,  -2.06654730e-03,   1.71009984e-16,
         2.70839399e-03,   1.82170022e-03,   1.74293282e-16,
        -2.06654730e-03,   4.77177681e-04,   1.98053000e-03])
     nit: 2
