number of sites to be analyzed:  994
Successfully loaded parameter value from ./save/MG94_Force_ENSG00000162753_ENSG00000172139_nonclock_save.txt
log likelihood =  -13257.9103625
Edge derivatives =  [-0.14795780396763658, -0.017015215304874806, -0.010003574278428413, -0.02075711919794082, 0.010407534382068873, -0.0038732110260437658, -0.02403293868158525, -0.005181247418879355, -0.01602817429914145, 0.014662537551354715, -0.03418651830842275, -0.02528842381440749, -0.0037269335891835648, 0.0038999109604749282]
other derivatives: [ 0.52204996 -0.28667273  0.36143319 -0.07330527  0.1540684   0.        ]
Current x array =  [-0.66124268 -0.45168214 -1.03996783  0.95577153 -0.60440791  0.33647224
  0.36605603 -1.79125705 -3.29759169 -2.69658872 -4.03226248 -3.30171161
 -3.94919887 -4.25922199 -4.43377313 -3.38787001 -5.43522513 -3.95989295
 -4.38302189 -4.76554396]
log likelihood =  -15628.5971697
Edge derivatives =  [222.26344794654216, 59.4760563605055, 8.945875165720462, 9.128749236787423, 2.354647718915149, 6.162227412358206, 3.911562610752222, 2.1081795201979197, 1.8391740187383585, 5.393660596126142, 1.0256084707971729, 3.042654710461232, 2.4569737696239646, 0.7485778153284885]
other derivatives: [-15330.17803013    981.42445495   -634.56936914    -56.83468771
    -68.04311852      0.        ]
Current x array =  [-0.13919272 -0.73835487 -0.67853463  0.88246626 -0.4503395   0.33647224
  0.21809823 -1.80827226 -3.30759526 -2.71734584 -4.02185494 -3.30558482
 -3.97323181 -4.26440323 -4.44980131 -3.37320747 -5.46941165 -3.98518138
 -4.38674882 -4.76164405]
log likelihood =  -13277.3103426
Edge derivatives =  [23.79109687993175, 2.7958135606780687, 0.368779137346267, 0.6050150683790321, 0.046257921792513645, 0.3620477465122628, 0.2187061395497419, 0.12988693329999737, 0.06168582377841798, 0.28824924746380765, 0.03844959262272338, 0.16611046297865442, 0.14731449105369854, 0.006290752904405172]
other derivatives: [-434.88744268  202.22887542  -71.17760106   -3.09300958   -8.15289241
    0.        ]
Current x array =  [-0.59537693 -0.48785093 -0.9943667   0.94652278 -0.58496948  0.33647224
  0.34738856 -1.79340382 -3.29885382 -2.69920759 -4.03094939 -3.30220028
 -3.95223105 -4.25987569 -4.43579537 -3.38602007 -5.43953836 -3.96308353
 -4.38349211 -4.76505191]
log likelihood =  -13257.9103002
Edge derivatives =  [-0.10513373054018083, -0.012518632757295423, -0.00940170513468247, -0.019655985547187324, 0.01044823989637722, -0.0032492971615850907, -0.023620950651442818, -0.004943909400585238, -0.01590521653246161, 0.01512564793352622, -0.034062766153694385, -0.024953753016731084, -0.0034710319201082564, 0.0039007564892150626]
other derivatives: [-0.17571438  0.10404619  0.23519533 -0.0856744   0.14078978  0.        ]
Current x array =  [-0.66112454 -0.45174702 -1.03988603  0.95575494 -0.60437304  0.33647224
  0.36602255 -1.7912609  -3.29759395 -2.69659342 -4.03226012 -3.30171249
 -3.94920431 -4.25922316 -4.43377676 -3.38786669 -5.43523287 -3.95989868
 -4.38302273 -4.76554307]
log likelihood =  -13257.910278
Edge derivatives =  [-0.07579248907478553, -0.009306455467610109, -0.008921113791450878, -0.01878333388125482, 0.010493742292440933, -0.0028840472770894875, -0.023232566666554162, -0.004834830296590348, -0.015804367805558762, 0.01524933588830546, -0.03393090242156244, -0.0246267168321583, -0.0033590464313187247, 0.003948175490693484]
other derivatives: [-0.12787496  0.07421477  0.12696546 -0.08039933  0.13114914  0.        ]
Current x array =  [-0.66113132 -0.45174189 -1.03982439  0.95573538 -0.60433923  0.33647224
  0.36599567 -1.79126407 -3.2975962  -2.6965981  -4.03225766 -3.30171328
 -3.94920989 -4.25922434 -4.43378051 -3.38786315 -5.43524089 -3.95990457
 -4.38302356 -4.76554216]
  status: 0
 success: True
    nfev: 5
     fun: 13257.910278040032
       x: array([-0.66113132, -0.45174189, -1.03982439,  0.95573538, -0.60433923,
        0.33647224,  0.36599567, -1.79126407, -3.2975962 , -2.6965981 ,
       -4.03225766, -3.30171328, -3.94920989, -4.25922434, -4.43378051,
       -3.38786315, -5.43524089, -3.95990457, -4.38302356, -4.76554216])
 message: 'CONVERGENCE: REL_REDUCTION_OF_F_<=_FACTR*EPSMCH'
     jac: array([ 0.12787496, -0.07421477, -0.12696546,  0.08039933, -0.13114914,
       -0.        ,  0.07579249,  0.00930646,  0.00892111,  0.01878333,
       -0.01049374,  0.00288405,  0.02323257,  0.00483483,  0.01580437,
       -0.01524934,  0.0339309 ,  0.02462672,  0.00335905, -0.00394818])
     nit: 2
