number of sites to be analyzed:  169
Successfully loaded parameter value from ./save/MG94_ENSG00000156304_ENSG00000213079_nonclock_save.txt
log likelihood =  -1890.45975072
Edge derivatives =  [0.006015735937876909, -0.005414854983598573, -0.007471946892150028, -0.0017854723717409815, -0.005595131441938149, -0.005628503441792887, -0.012955904003567525, -0.009092771996403431, 0.0015649657824675749, 0.003266682569415886, -0.00909277199638256, -3.028081680454801e-16, -7.168585761979781e-06, 0.0031156649177710646, -3.131669808925823e-16, -0.009092771996350557, -6.660877889243607e-06, -0.0029446190917616077]
other derivatives: [  1.57797331e-02   4.50199877e-02  -2.27373675e-04   2.81943358e-03
  -2.17141860e-02  -4.54747351e-05]
Current x array =  [ -0.71556181  -0.48657235  -0.84236404   0.60706506  -1.7114529
 -11.74645245  -0.30604515  -9.          -2.25471034  -3.02284819
  -4.64734617  -3.77179052  -5.26419954  -3.21479999  -5.13547797
  -4.69378827  -3.21479999  -2.30258509 -17.57016778  -4.19453425
  -2.30258509  -3.21479999 -17.72936815  -5.11289777]
log likelihood =  -1891.28552808
Edge derivatives =  [-2.0358106453682825, -0.0058084572034359265, -0.130246568789917, -0.17546955748548354, -0.00343413827710555, -0.056923256466184714, -0.0007387609884157327, -0.050475032497122096, -0.06645279325079487, 0.0006247356089939503, -0.05047503249699256, -1.992065588602382e-15, -7.34394322168764e-06, -0.06999663233914008, -2.0328775946590694e-15, -0.05047503249685781, -6.738718548142658e-06, -0.020438954571473343]
other derivatives: [ -1.24966391e+01  -3.29761633e+01  -9.57243174e-02   3.63456820e-01
   9.65019353e-01   6.82121026e-05]
Current x array =  [ -0.69978208  -0.44155236  -0.84259142   0.6098845   -1.73316708
 -11.74649792  -0.30002942  -9.          -2.26218229  -3.02463367
  -4.6529413   -3.77741902  -5.27715544  -3.22389276  -5.13391301
  -4.69052159  -3.22389276  -2.30258509 -17.57017495  -4.19141859
  -2.30258509  -3.22389276 -17.72937481  -5.11584239]
log likelihood =  -1890.45974708
Edge derivatives =  [0.002221699348344097, -0.005415653596124806, -0.007637173367094852, -0.002106530069179491, -0.005584748719151267, -0.005709971848680273, -0.012928837070606096, -0.009142969080024765, 0.0014294835879239427, 0.003268459501733812, -0.009142969080007196, -1.0196793107133844e-15, -7.1689393894736444e-06, 0.0029769221964354928, -1.0222994661101679e-15, -0.00914296907998255, -6.661022113068653e-06, -0.002975673586115734]
other derivatives: [ -9.39053280e-03  -1.70757630e-02  -3.86535248e-04   3.54702934e-03
  -1.95768735e-02  -4.54747351e-05]
Current x array =  [ -0.71552867  -0.48647779  -0.84236452   0.60707098  -1.7114985
 -11.74645254  -0.30603252  -9.          -2.25472603  -3.02285194
  -4.64735792  -3.77180234  -5.26422675  -3.21481908  -5.13547468
  -4.69378141  -3.21481908  -2.30258509 -17.57016779  -4.19452771
  -2.30258509  -3.21481908 -17.72936816  -5.11290396]
  status: 0
 success: True
    nfev: 3
     fun: 1890.4597470767603
       x: array([ -0.71552867,  -0.48647779,  -0.84236452,   0.60707098,
        -1.7114985 , -11.74645254,  -0.30603252,  -9.        ,
        -2.25472603,  -3.02285194,  -4.64735792,  -3.77180234,
        -5.26422675,  -3.21481908,  -5.13547468,  -4.69378141,
        -3.21481908,  -2.30258509, -17.57016779,  -4.19452771,
        -2.30258509,  -3.21481908, -17.72936816,  -5.11290396])
 message: 'CONVERGENCE: REL_REDUCTION_OF_F_<=_FACTR*EPSMCH'
     jac: array([  9.39053280e-03,   1.70757630e-02,   3.86535248e-04,
        -3.54702934e-03,   1.95768735e-02,   4.54747351e-05,
        -2.22169935e-03,   5.41565360e-03,   7.63717337e-03,
         2.10653007e-03,   5.58474872e-03,   5.70997185e-03,
         1.29288371e-02,   9.14296908e-03,  -1.42948359e-03,
        -3.26845950e-03,   9.14296908e-03,   1.01967931e-15,
         7.16893939e-06,  -2.97692220e-03,   1.02229947e-15,
         9.14296908e-03,   6.66102211e-06,   2.97567359e-03])
     nit: 1
