number of sites to be analyzed:  621
Successfully loaded parameter value from ./save/HKY_ENSG00000101327_ENSG00000181195_nonclock_save.txt
log likelihood =  -2903.85606227
Edge derivatives =  [0.0001316270293647559, -0.03247043064495981, -0.0023181355160102127, -0.0028814444202888145, -0.00046614674352667834, -0.0005923251381138375, -0.0003514303689973481, -0.0011294116777196602, 0.0022543675673161578, -0.0036460263535115223, -0.001129411677722349, -2.6702227654677682e-15, -0.0007434166258231062, 0.005500568985578665, -2.662377406670184e-15, -0.0011294116777159878, 0.0016144414868683229, 0.0016025996871795092]
other derivatives: [-0.01068656  0.00291038  0.00454747 -0.00104592 -0.00140972]
Current x array =  [ -0.58931018  -0.84685415  -0.5870696    1.01185289 -10.88056894
  -1.0506924   -9.          -4.63701547  -3.46678891  -3.00213119
  -3.18094225  -5.59914682  -4.94390217  -5.9192022   -4.67072834
  -4.94390217  -2.30258509  -5.69932306  -4.64430425  -2.30258509
  -4.94390217  -5.32918032  -5.32920332]
log likelihood =  -2903.94122161
Edge derivatives =  [-0.26098143707209587, -0.032603758727486915, 0.028211357913973983, 0.09179899907232225, 0.012488039798036026, 0.015422846093457405, -2.2058103480140402e-05, 0.008638577578660232, -0.004095216644498559, 0.03500656621555709, 0.008638577578654405, -9.4341389661711e-15, 0.0021259178517382795, -0.06130171499914437, -9.457689822680036e-15, 0.008638577578663249, -0.008315509287467574, -0.008833113357370439]
other derivatives: [  1.42257250e+01  -1.26337909e+00  -2.73657861e+00   5.59657565e-01
  -1.31876732e-03]
Current x array =  [ -0.59999674  -0.84394377  -0.58252213   1.01080697 -10.88197865
  -1.05056077  -9.          -4.63933361  -3.46967035  -3.00259734
  -3.18153458  -5.59949825  -4.94503158  -5.91694783  -4.67437437
  -4.94503158  -2.30258509  -5.70006648  -4.63880368  -2.30258509
  -4.94503158  -5.32756588  -5.32760072]
log likelihood =  -2903.85606213
Edge derivatives =  [-0.00020409777826391196, -0.03247060508348952, -0.002279663833083298, -0.0027611749591064383, -0.00044977433919272947, -0.0005723985392446021, -0.0003510337686975021, -0.0011170639661309684, 0.0022463061521842713, -0.00359694372274022, -0.0011170639661328991, 2.0351997487501726e-15, -0.0007397987199057295, 0.005415955263647559, 1.904869758221876e-15, -0.001117063966133161, 0.0016018158882211003, 0.0015893341812128325]
other derivatives: [  7.36690708e-03  -4.54747351e-04   1.13686838e-03   2.72848411e-04
  -4.54747351e-05]
Current x array =  [ -0.58932374  -0.84685046  -0.58706383   1.01185156 -10.88057073
  -1.05069223  -9.          -4.63701841  -3.46679256  -3.00213179
  -3.18094301  -5.59914727  -4.9439036   -5.91919934  -4.67073297
  -4.9439036   -2.30258509  -5.699324    -4.64429726  -2.30258509
  -4.9439036   -5.32917827  -5.32920129]
  status: 0
 success: True
    nfev: 3
     fun: 2903.8560621288725
       x: array([ -0.58932374,  -0.84685046,  -0.58706383,   1.01185156,
       -10.88057073,  -1.05069223,  -9.        ,  -4.63701841,
        -3.46679256,  -3.00213179,  -3.18094301,  -5.59914727,
        -4.9439036 ,  -5.91919934,  -4.67073297,  -4.9439036 ,
        -2.30258509,  -5.699324  ,  -4.64429726,  -2.30258509,
        -4.9439036 ,  -5.32917827,  -5.32920129])
 message: 'CONVERGENCE: REL_REDUCTION_OF_F_<=_FACTR*EPSMCH'
     jac: array([ -7.36690708e-03,   4.54747351e-04,  -1.13686838e-03,
        -2.72848411e-04,   4.54747351e-05,   2.04097778e-04,
         3.24706051e-02,   2.27966383e-03,   2.76117496e-03,
         4.49774339e-04,   5.72398539e-04,   3.51033769e-04,
         1.11706397e-03,  -2.24630615e-03,   3.59694372e-03,
         1.11706397e-03,  -2.03519975e-15,   7.39798720e-04,
        -5.41595526e-03,  -1.90486976e-15,   1.11706397e-03,
        -1.60181589e-03,  -1.58933418e-03])
     nit: 1
