number of sites to be analyzed:  5
Successfully loaded parameter value from ./save/MG94_Force_ENSG00000197520_ENSG00000151327_nonclock_save.txt
log likelihood =  -62.3956870051
Edge derivatives =  [0.00021212522079361307, -0.0005426234126887017, -1.1732458068388093e-08, -1.1732937919754198e-08, -1.1061876586530137e-08, -1.1083361175258106e-08, -1.1083609238932471e-08, -1.1083609238932471e-08, -9.486348581413204e-09, -1.1052010968804761e-08, -9.485982265035639e-09, -8.62101769015175e-05, -1.1052259798219052e-08, -1.1052259798219052e-08]
other derivatives: [ -9.81970061e-04   1.50777169e-03   1.76925141e-04   2.42295073e-04
  -7.74491582e-05   0.00000000e+00]
Current x array =  [ -0.48211144  -0.5198208   -1.09872908  -0.37182177   0.30702145
   0.33647224  -1.15306962  -9.         -20.5909845  -20.5909436
 -20.64983904 -20.6478987  -20.64787632 -20.64787632 -20.80348992
 -20.6507313  -20.80352854   0.3890883  -20.65070878 -20.65070878]
log likelihood =  -62.3957428961
Edge derivatives =  [0.0005684095396413236, -0.0005424161850610456, -1.1728131527060163e-08, -1.1728611201467376e-08, -1.1057797340824714e-08, -1.1079274006525422e-08, -1.1079521978719542e-08, -1.1079521978719542e-08, -9.48285035205334e-09, -1.1047935361314225e-08, -9.482484170763752e-09, 0.004266490814874985, -1.1048184098965903e-08, -1.1048184098965903e-08]
other derivatives: [  5.30199884e-02  -4.15887769e-02  -1.56390456e-03  -5.89750471e-05
  -1.50066626e-03   0.00000000e+00]
Current x array =  [ -0.48309341  -0.51831303  -1.09855216  -0.37157947   0.306944
   0.33647224  -1.1528575   -9.         -20.59098451 -20.59094361
 -20.64983905 -20.64789872 -20.64787633 -20.64787633 -20.80348993
 -20.65073131 -20.80352855   0.38900209 -20.65070879 -20.65070879]
log likelihood =  -62.3956869567
Edge derivatives =  [0.00022242820895068682, -0.0005426174701403521, -1.1732333945146457e-08, -1.1732813791435819e-08, -1.10617595579002e-08, -1.1083243919326148e-08, -1.1083491980376057e-08, -1.1083491980376057e-08, -9.48624822143847e-09, -1.105189404455083e-08, -9.485881908936416e-09, 3.860384748187451e-05, -1.1052142871332562e-08, -1.1052142871332562e-08]
other derivatives: [ 0.00056204  0.00027924  0.00012648  0.00023306 -0.00011866  0.        ]
Current x array =  [ -0.48213949  -0.51977773  -1.09872403  -0.37181485   0.30701924
   0.33647224  -1.15306356  -9.         -20.5909845  -20.5909436
 -20.64983904 -20.6478987  -20.64787632 -20.64787632 -20.80348992
 -20.6507313  -20.80352854   0.38908584 -20.65070878 -20.65070878]
  status: 0
 success: True
    nfev: 3
     fun: 62.395686956739056
       x: array([ -0.48213949,  -0.51977773,  -1.09872403,  -0.37181485,
         0.30701924,   0.33647224,  -1.15306356,  -9.        ,
       -20.5909845 , -20.5909436 , -20.64983904, -20.6478987 ,
       -20.64787632, -20.64787632, -20.80348992, -20.6507313 ,
       -20.80352854,   0.38908584, -20.65070878, -20.65070878])
 message: 'CONVERGENCE: REL_REDUCTION_OF_F_<=_FACTR*EPSMCH'
     jac: array([ -5.62039304e-04,  -2.79243295e-04,  -1.26476607e-04,
        -2.33058017e-04,   1.18660637e-04,  -0.00000000e+00,
        -2.22428209e-04,   5.42617470e-04,   1.17323339e-08,
         1.17328138e-08,   1.10617596e-08,   1.10832439e-08,
         1.10834920e-08,   1.10834920e-08,   9.48624822e-09,
         1.10518940e-08,   9.48588191e-09,  -3.86038475e-05,
         1.10521429e-08,   1.10521429e-08])
     nit: 1
