number of sites to be analyzed:  156
Successfully loaded parameter value from ./save/MG94_ENSG00000169607_ENSG00000136108_nonclock_save.txt
log likelihood =  -2647.16123627
Edge derivatives =  [-0.05418654066001394, -0.003413133195742991, -0.011811839403438273, -0.027340481841245712, -0.0005489613342516339, -0.023319253631515324, 0.024138581895170264, 0.004038629787580392, -6.54912163665809e-05, 0.011571028849251562, 0.00403862978758001, 6.465175653847215e-16, -0.013912966290918549, -0.0070702794001734764, 6.851205913635428e-16, 0.0040386297875817725, -0.005469172221642539, 0.0011522052985876163]
other derivatives: [ 0.18126229  0.05024958 -0.01341505 -0.01850822  0.01418812  0.        ]
Current x array =  [ -0.55574698  -0.38562873  -0.76282116   0.92761466  -0.5128402
 -13.21635694   0.31306688  -9.          -2.49839183  -1.16505965
  -3.4022285   -1.8756215   -3.3018346   -3.69395526 -14.87045469
  -3.40712803  -3.69395526  -2.30258509  -4.58288232  -3.44819724
  -2.30258509  -3.69395526  -3.94008275  -3.65981877]
log likelihood =  -2676.96427097
Edge derivatives =  [5.905657265093925, -0.002747685693470057, 0.4592365636991523, -0.35321861685185385, -0.20430099339068514, -0.20908331395873248, -0.5966839223969698, -0.23144240820874434, -6.956402381009577e-05, -0.41792883493011423, -0.23144240820873854, 8.375523897788212e-16, -0.08952789241466139, -0.22548195805504737, -1.4810610447302636e-16, -0.23144240820877443, -0.15264649883405274, -0.2787434496597452]
other derivatives: [ -3.60370677e+02  -6.04979050e+01   8.81309461e+00   2.28610588e+00
  -1.73458830e+00  -3.18323146e-04]
Current x array =  [ -0.37448468  -0.33537914  -0.7762362    0.90910644  -0.49865208
 -13.21635694   0.25888034  -9.          -2.51020366  -1.19240013
  -3.40277746  -1.89894075  -3.27769602  -3.68991663 -14.87052018
  -3.395557    -3.68991663  -2.30258509  -4.59679529  -3.45526752
  -2.30258509  -3.68991663  -3.94555192  -3.65866657]
log likelihood =  -2647.16121758
Edge derivatives =  [-0.048931884366746004, -0.0034129214470939562, -0.011601555832708985, -0.02753686103351327, -0.0007449142675198181, -0.02345403283067682, 0.023622825425244298, 0.0038454361511606333, -6.549448570315183e-05, 0.011219109235035565, 0.0038454361511608415, 9.898156939620548e-16, -0.013972744867784676, -0.007248203885143793, 1.0489322922352224e-15, 0.0038454361511611676, -0.005589197379371108, 0.0009271529527834776]
other derivatives: [ -2.00088834e-02   6.86668500e-03  -6.59383659e-03  -1.80079951e-02
   1.27784006e-02  -9.09494702e-05]
Current x array =  [ -0.55559276  -0.38558597  -0.76283257   0.92759891  -0.51282813
 -13.21635694   0.31302078  -9.          -2.49840187  -1.16508291
  -3.40222897  -1.87564134  -3.30181406  -3.69395182 -14.87045474
  -3.40711818  -3.69395182  -2.30258509  -4.58289416  -3.44820326
  -2.30258509  -3.69395182  -3.9400874   -3.65981779]
log likelihood =  -2647.1612128
Edge derivatives =  [-0.040534991168515555, -0.003412433133636275, -0.011005755804809558, -0.026123195804144128, -0.0006781961952731369, -0.022734504925308263, 0.02336778564457731, 0.0037870210174943963, -6.549464900876891e-05, 0.01107222830710533, 0.0037870210174952706, -1.4661872372122766e-15, -0.013948818659651314, -0.007208376602301628, -1.469790407398348e-15, 0.003787021017495583, -0.0055772716549137985, 0.000890737331796905]
other derivatives: [-0.0261025  -0.00836735 -0.0041382  -0.01678018  0.01236913 -0.00022737]
Current x array =  [ -0.55558671  -0.38557397  -0.76283973   0.92758162  -0.51281572
 -13.21635702   0.31297331  -9.          -2.498413    -1.16510924
  -3.40222965  -1.87566376  -3.30179139  -3.69394812 -14.8704548
  -3.40710741  -3.69394812  -2.30258509  -4.58290752  -3.44821017
  -2.30258509  -3.69394812  -3.94009273  -3.65981688]
  status: 0
 success: True
    nfev: 4
     fun: 2647.16121279504
       x: array([ -0.55558671,  -0.38557397,  -0.76283973,   0.92758162,
        -0.51281572, -13.21635702,   0.31297331,  -9.        ,
        -2.498413  ,  -1.16510924,  -3.40222965,  -1.87566376,
        -3.30179139,  -3.69394812, -14.8704548 ,  -3.40710741,
        -3.69394812,  -2.30258509,  -4.58290752,  -3.44821017,
        -2.30258509,  -3.69394812,  -3.94009273,  -3.65981688])
 message: 'CONVERGENCE: REL_REDUCTION_OF_F_<=_FACTR*EPSMCH'
     jac: array([  2.61024979e-02,   8.36735126e-03,   4.13820089e-03,
         1.67801772e-02,  -1.23691279e-02,   2.27373675e-04,
         4.05349912e-02,   3.41243313e-03,   1.10057558e-02,
         2.61231958e-02,   6.78196195e-04,   2.27345049e-02,
        -2.33677856e-02,  -3.78702102e-03,   6.54946490e-05,
        -1.10722283e-02,  -3.78702102e-03,   1.46618724e-15,
         1.39488187e-02,   7.20837660e-03,   1.46979041e-15,
        -3.78702102e-03,   5.57727165e-03,  -8.90737332e-04])
     nit: 2
