number of sites to be analyzed:  92
Successfully loaded parameter value from ./save/MG94_ENSG00000170788_ENSG00000133665_nonclock_save.txt
log likelihood =  -1345.13604036
Edge derivatives =  [0.0003428130425224829, -0.0026221229838665305, -0.00039959944732306796, -0.007733864812549285, 0.001090899349490547, -0.006163929105572619, -0.0033269143431785587, 0.00093684700037025, -0.0011254786302615782, -0.0022436092236772925, 0.0009368470003705415, 1.4803837153966002e-16, 0.002150017370128326, -0.0013345938147788575, 1.6283309524622396e-16, 0.0009368470003707462, 0.00034291661528712547, -0.0010710312893127804]
other derivatives: [-0.03497007 -0.00593445  0.00547971 -0.00056843 -0.00106866  0.00125056]
Current x array =  [-0.50721626 -0.53496466 -0.88180262  0.8366115  -0.81038906 -3.68206283
 -0.01922443 -9.         -2.21828627 -1.53733308 -3.99424762 -2.0400495
 -3.90573396 -4.59196143 -5.18263561 -3.6045674  -4.59196143 -2.30258509
 -4.1157543  -3.42818824 -2.30258509 -4.59196143 -4.13784332 -5.16403328]
log likelihood =  -1345.60455869
Edge derivatives =  [0.10468696840144254, -0.002588566131263669, 0.10282287153174308, 0.34327075731588985, 0.03154173174222652, 0.22572699681002983, 0.010317062187874104, 0.014393145268367488, 0.00688809526661982, 0.0326888667146463, 0.014393145268367206, 6.676088123001988e-17, 0.01073566669760215, 0.03435151175038533, 6.674572101818734e-17, 0.014393145268367335, 0.013960230557550978, 0.005231757769929646]
other derivatives: [  2.54747420e+01   2.58203272e+00  -1.33807134e+00   1.04028004e+00
  -1.18666321e-01   4.00177669e-03]
Current x array =  [-0.54218633 -0.54089912 -0.87632292  0.83604307 -0.81145772 -3.68081228
 -0.01888161 -9.         -2.21868587 -1.54506695 -3.99315672 -2.04621343
 -3.90906087 -4.59102458 -5.18376109 -3.60681101 -4.59102458 -2.30258509
 -4.11360429 -3.42952283 -2.30258509 -4.59102458 -4.13750041 -5.16510432]
log likelihood =  -1345.13603934
Edge derivatives =  [0.0004234852209586415, -0.002622088613452817, -0.00026277841512697964, -0.007237617436502641, 0.0011328638824244855, -0.0058356965263280935, -0.003309400864322215, 0.0009558284887373723, -0.0011142805822488278, -0.002195021199233399, 0.0009558284887371364, -1.0306089793089957e-15, 0.002161204098022085, -0.0012853272606731386, -1.0203912625253206e-15, 0.0009558284887370393, 0.00036147573145968795, -0.0010623812050138577]
other derivatives: [ 0.00454747 -0.00209184  0.00354703  0.00095497 -0.00129603  0.00127329]
Current x array =  [-0.50726684 -0.53497325 -0.8817947   0.83661068 -0.81039061 -3.68206102
 -0.01922393 -9.         -2.21828684 -1.53734427 -3.99424604 -2.04005842
 -3.90573877 -4.59196008 -5.18263723 -3.60457064 -4.59196008 -2.30258509
 -4.11575119 -3.42819017 -2.30258509 -4.59196008 -4.13784283 -5.16403483]
  status: 0
 success: True
    nfev: 3
     fun: 1345.1360393409159
       x: array([-0.50726684, -0.53497325, -0.8817947 ,  0.83661068, -0.81039061,
       -3.68206102, -0.01922393, -9.        , -2.21828684, -1.53734427,
       -3.99424604, -2.04005842, -3.90573877, -4.59196008, -5.18263723,
       -3.60457064, -4.59196008, -2.30258509, -4.11575119, -3.42819017,
       -2.30258509, -4.59196008, -4.13784283, -5.16403483])
 message: 'CONVERGENCE: REL_REDUCTION_OF_F_<=_FACTR*EPSMCH'
     jac: array([ -4.54747351e-03,   2.09183781e-03,  -3.54702934e-03,
        -9.54969437e-04,   1.29602995e-03,  -1.27329258e-03,
        -4.23485221e-04,   2.62208861e-03,   2.62778415e-04,
         7.23761744e-03,  -1.13286388e-03,   5.83569653e-03,
         3.30940086e-03,  -9.55828489e-04,   1.11428058e-03,
         2.19502120e-03,  -9.55828489e-04,   1.03060898e-15,
        -2.16120410e-03,   1.28532726e-03,   1.02039126e-15,
        -9.55828489e-04,  -3.61475731e-04,   1.06238121e-03])
     nit: 1
