number of sites to be analyzed:  91
log likelihood =  -2678.45031023
Edge derivatives =  [97.84146184684074, 12.314157107747114, 11.137264233175744, 16.761880392651793, -12.896762822892416, 8.662655512895515, -13.041914643165082, -9.728213920776751, -14.358556956452894, 0.09234343700724573, -9.728213920776753, 2.413741809364235e-16, -7.463622315644905, 2.193331829864551, 2.8815556938905074e-16, -9.728213920776753, -1.8629824006199998, 143.58152418523025]
other derivatives: [ 27.00658115 -39.79466783  -5.99898158  33.48191058 -42.26858437   0.        ]
Current x array =  [-0.57557964 -0.57817781 -0.69068836  0.18232156 -0.10536052  0.33647224
 -2.30258509 -2.30258509 -2.30258509 -2.30258509 -2.30258509 -2.30258509
 -2.30258509 -2.30258509 -2.30258509 -2.30258509 -2.30258509 -2.30258509
 -2.30258509 -2.30258509 -2.30258509 -2.30258509 -2.30258509 -2.30258509]
log likelihood =  -2507.35202683
Edge derivatives =  [90.74036328657905, 10.259772755625724, 9.396645391825787, 14.05712923274678, -11.815830489333155, 8.03997183018112, -11.997877395707905, -8.889090560025432, -13.351009248821882, 0.21611678261082148, -8.889090560025432, -9.985016421368838e-16, -8.4838578797287, 2.0647129308835406, -9.612419959721199e-16, -8.889090560025432, -3.4994901369624554, 128.61182847367297]
other derivatives: [ 15.2298071   28.27609933   2.65536073  10.56564543 -19.22271622   0.        ]
Current x array =  [-0.57281872 -0.78722329 -0.72220163  0.35820547 -0.32740173  0.33647224
 -1.78861384 -2.23789756 -2.2440799  -2.21453321 -2.37033311 -2.25707927
 -2.37109561 -2.3536884  -2.37801207 -2.3021     -2.3536884  -2.30258509
 -2.34179227 -2.2910633  -2.30258509 -2.3536884  -2.31237153 -1.54833659]
log likelihood =  -4531.9950734
Edge derivatives =  [-193.00689987694065, -2.4237898557199595, -48.8959453201646, -61.78767006609333, -23.186210371025425, -54.80461792380675, -25.70925995682557, -23.648176661996096, -25.228321153450285, -35.792939530337875, -23.6481766619961, 1.9694822741698188e-16, -28.410584819985594, -38.08653847752328, 4.9928657581167427e-17, -23.648176661996096, -36.91098814514526, -3.560019001618628e-10]
other derivatives: [-11359.26195275 -18193.99140004     56.37548384    257.65648388
   -115.63415683      0.        ]
Current x array =  [-0.05       -0.05       -0.75271114  1.22183599 -1.57838985  0.33647224
  2.37016298 -1.74618124 -1.79615096 -1.54271173 -2.91455537 -1.88870612
 -2.92278301 -2.76355413 -2.98927024 -2.29461133 -2.76355413 -2.30258509
 -2.70169537 -2.19700028 -2.30258509 -2.76355413 -2.43994786  4.43039257]
log likelihood =  -2286.8123089
Edge derivatives =  [22.748343461629695, 0.4243011688914922, 6.7373827259823384, 7.250540960233475, -8.57804759212918, 3.4961284249142857, -8.695617720975616, -6.046638682176987, -10.583495940286152, -1.2548728661795718, -6.046638682176986, 7.31396050395695e-18, -7.836059777455394, 3.453644244151229, 2.1541505671507752e-17, -6.046638682176986, -6.535456063170874, -59.877056415858675]
other derivatives: [-259.4387297  -103.18635759   20.00092536   -4.71209205    2.61111381
    0.        ]
Current x array =  [-0.37443132 -0.50747851 -0.73377869  0.6859164  -0.80209834  0.33647224
 -0.2105355  -2.0513122  -2.07410998 -1.95960563 -2.57684224 -2.11729738
 -2.58043744 -2.50921496 -2.60995846 -2.29925837 -2.50921496 -2.30258509
 -2.47836014 -2.25537039 -2.30258509 -2.50921496 -2.3607813   0.720336  ]
log likelihood =  -2443.41826581
Edge derivatives =  [-25.881221834680346, -0.4300062520600705, 5.1455447023099685, 7.591991585865241, -6.658291899528531, 6.248696807338303, -5.588411077378888, -4.409672448115409, -7.853013450260265, 1.2242428663296423, -4.4096724481154075, 2.9594967578825008e-15, -4.545922873210451, 3.63949883405773, 2.9840124787752675e-15, -4.409672448115408, -4.10356871834002, -121.6883232017908]
other derivatives: [ 272.48870538   63.921334    -29.29928087   54.49978744  -18.16074473
    0.        ]
Current x array =  [-1.34645247 -0.83265939 -0.65861466  0.75536829 -0.92632252  0.33647224
  0.37340207 -1.99140282 -1.99668419 -1.85377979 -2.67318635 -2.06026475
 -2.67814623 -2.58027146 -2.72174117 -2.30273227 -2.58027146 -2.30258509
 -2.55127869 -2.23161152 -2.30258509 -2.58027146 -2.40115655  1.22429791]
log likelihood =  -2265.32006216
Edge derivatives =  [12.352743464133797, -0.1713110700747998, 6.51079764464207, 6.960429272523199, -8.10856421412212, 4.176372269738891, -7.589159154354172, -5.69306065424028, -9.935359137869991, -0.9576448665118799, -5.693060654240281, 4.450783015485558e-16, -7.127167598102759, 3.775571225093916, 5.443879856482308e-16, -5.693060654240279, -6.195428479161496, -73.45583880601747]
other derivatives: [ 33.57545211 -37.48909876  12.06667548  -6.58260433   1.24455255   0.        ]
Current x array =  [-0.6037207  -0.58418519 -0.7160483   0.70229936 -0.8314015   0.33647224
 -0.07279088 -2.03718022 -2.05584607 -1.93464245 -2.59956878 -2.103844
 -2.6034859  -2.52597642 -2.6363268  -2.30007783 -2.52597642 -2.30258509
 -2.49556084 -2.24976593 -2.30258509 -2.52597642 -2.37030539  0.83921522]
log likelihood =  -2252.28299245
Edge derivatives =  [38.59138125437368, 2.231388285219666, 6.940022935335581, 8.154533903719368, -8.755992509549122, 5.265764835131019, -8.33889812916022, -6.336027347582494, -10.455663260117273, -0.4245796452528092, -6.336027347582495, -4.477404055053384e-16, -7.534815778445225, 3.1631927933965684, -4.4390385478031784e-16, -6.336027347582492, -5.518172207886411, -3.504433625941399]
other derivatives: [ 24.12034519   2.6529051    5.20872163 -12.26703716   9.70808287   0.        ]
Current x array =  [-0.59115441 -0.65754591 -0.70640019  0.62128497 -0.72039932  0.33647224
 -0.4276374  -2.08014073 -2.09094707 -1.98896647 -2.55710793 -2.13323728
 -2.55999325 -2.49374883 -2.58913397 -2.30125161 -2.49374883 -2.30258509
 -2.46863992 -2.2556318  -2.30258509 -2.49374883 -2.36305678  0.27432449]
log likelihood =  -2238.69258813
Edge derivatives =  [7.864249143161161, -0.5078294049618753, 5.672004308914842, 6.266787243184276, -7.80615700143267, 3.850726742156745, -7.468461050563206, -5.468850268899501, -9.446949440451245, -0.7733244444547586, -5.468850268899501, -3.244997699769569e-15, -6.8604070349634085, 3.13095372055724, -3.2034594410906746e-15, -5.468850268899501, -5.16216976623334, -13.215441388951666]
other derivatives: [ -2.8159775   28.2471774  -11.76240403  -5.24983079   3.7171958    0.        ]
Current x array =  [-0.5606957  -0.71475123 -0.65198366  0.57407758 -0.70858309  0.33647224
 -0.04956171 -2.05109494 -2.02687279 -1.90978075 -2.63729548 -2.0853741
 -2.63770176 -2.55202978 -2.68405653 -2.30510726 -2.55202978 -2.30258509
 -2.53450529 -2.22904561 -2.30258509 -2.55202978 -2.40822833  0.34148424]
log likelihood =  -2233.1269379
Edge derivatives =  [-19.867229591153258, -2.237341009947984, 3.941732122245191, 3.8246605987367017, -6.692263630333604, 2.3996824215009522, -6.425434205712822, -4.515983756077986, -8.238397775937102, -0.6532598010860095, -4.515983756077987, 1.2655828863757644e-15, -5.9426474906555, 2.5491100460014167, 1.3209131316082478e-15, -4.515983756077986, -4.2236990112427515, -2.1065097299446154]
other derivatives: [  9.31631803 -17.37848834  12.63929335   3.27991074  -0.38535291   0.        ]
Current x array =  [-0.57133123 -0.62096736 -0.71949585  0.52605038 -0.69012766  0.33647224
  0.21614347 -2.03885499 -1.94591989 -1.81576219 -2.74281936 -2.02906828
 -2.7390701  -2.62710401 -2.81050084 -2.31362304 -2.62710401 -2.30258509
 -2.62300925 -2.18950188 -2.30258509 -2.62710401 -2.47224622  0.25196582]
log likelihood =  -2230.09758746
Edge derivatives =  [-13.489558117856339, -1.8884303656069648, 3.5865463843377134, 3.399467014547201, -6.418300833286718, 2.049748453652457, -6.09004790835036, -4.202436994354889, -7.832918419525401, -0.733702884568448, -4.202436994354889, -3.2589495605436777e-16, -5.655264987112506, 2.4530196356860148, -3.217772397612271e-16, -4.202436994354887, -3.94524242073442, 3.045920010458534]
other derivatives: [ 0.4120011  -4.38562893  1.44300429  2.669276   -0.72154762  0.        ]
Current x array =  [-0.56129043 -0.64498727 -0.68732435  0.51692437 -0.66996925  0.33647224
  0.15542242 -2.04878391 -1.92516731 -1.79546259 -2.77597804 -2.01590186
 -2.77072969 -2.64969597 -2.85130354 -2.31689875 -2.64969597 -2.30258509
 -2.653128   -2.1763035  -2.30258509 -2.64969597 -2.49464638  0.20997558]
log likelihood =  -2224.22723854
Edge derivatives =  [-2.4744061778789037, -1.16709115617367, 1.6227221985298481, 0.9299721636028584, -5.253535664705989, 0.38296738652485, -4.743704051619286, -2.922494139580307, -6.260040293315283, -0.8920877075970262, -2.922494139580304, 2.1414427033633983e-16, -4.484364219960154, 1.762664547982333, 2.933275694593211e-16, -2.9224941395803037, -2.810631011449198, 10.08700746835989]
other derivatives: [-13.10286279   7.40496944 -11.07550816   1.83613338  -1.73895387   0.        ]
Current x array =  [-0.5465386  -0.66967498 -0.65250488  0.5053266  -0.6340187   0.33647224
  0.04395818 -2.07646123 -1.82886387 -1.69632895 -2.92670808 -1.95463168
 -2.91458765 -2.75218978 -3.03485459 -2.33178522 -2.75218978 -2.30258509
 -2.78570154 -2.11831625 -2.30258509 -2.75218978 -2.59006049  0.15054983]
log likelihood =  -2218.98019215
Edge derivatives =  [4.210965971844189, -0.5949164392051681, -1.436691853005363, -2.9364006334125308, -3.7679901803948534, -1.940590579234153, -3.0429355531386, -1.1972159197677903, -4.33837415709557, -0.9485055350469638, -1.1972159197677916, -5.278618871928553e-17, -2.9917274583692612, 0.5219008832210974, -4.7267951118930657e-17, -1.1972159197677918, -1.2454270784923696, 8.16387776521019]
other derivatives: [-17.39094841  14.5303602   -7.71374289   0.48812581  -1.7930688    0.        ]
Current x array =  [-0.54236128 -0.68524021 -0.66045298  0.51189231 -0.62527323  0.33647224
 -0.02582823 -2.10980616 -1.69333885 -1.55999073 -3.16054045 -1.8725486
 -3.13559177 -2.90601765 -3.31762725 -2.3572078  -2.90601765 -2.30258509
 -2.98812316 -2.0325845  -2.30258509 -2.90601765 -2.73088588  0.16608702]
log likelihood =  -2218.76661955
Edge derivatives =  [1.6781883071904762, -0.6455657901877436, -2.613193240506266, -4.276235248849358, -2.169556562843779, -3.4582715958464787, -1.0375504190539855, 0.818321402501098, -2.3187850273373636, -1.3868369701888386, 0.8183214025010976, -5.039588911125401e-16, -1.3890554080092101, -0.2451468762687536, -6.042613476254135e-16, 0.8183214025010996, -0.2840854866680121, 1.4916843609230488]
other derivatives: [  6.22508196 -23.36505531 -54.80706022  -3.56267265   4.71877684   0.        ]
Current x array =  [-0.56261041 -0.60585978 -0.55123262  0.56337832 -0.70270259  0.33647224
  0.01376177 -2.15041432 -1.60293474 -1.50858904 -3.4988692  -1.84463097
 -3.44093229 -3.09225462 -3.72074873 -2.40602286 -3.09225462 -2.30258509
 -3.26862625 -1.93932708 -2.30258509 -3.09225462 -2.89917946  0.23433825]
log likelihood =  -2217.14464844
Edge derivatives =  [3.1065284992877173, -0.6110502039236013, -1.970214847869228, -3.5642906390004914, -2.859265042562886, -2.668222766894308, -1.9453221075446037, -0.1322136286119118, -3.210082737931827, -1.1362858233517736, -0.13221362861191097, 6.672588600480122e-16, -2.113675225341087, 0.19013531981631726, 6.875869956969471e-16, -0.132213628611911, -0.6962578603801779, 4.981001369253775]
other derivatives: [ -5.14842213  -3.25348992 -29.26117304  -1.55846465   1.56373972   0.        ]
Current x array =  [-0.55258989 -0.64514214 -0.60528163  0.53789985 -0.66438574  0.33647224
 -0.00582982 -2.13031888 -1.6476723  -1.53402578 -3.33144316 -1.85844635
 -3.28983087 -3.00009302 -3.52125923 -2.38186614 -3.00009302 -2.30258509
 -3.12981593 -1.98547663 -2.30258509 -3.00009302 -2.81589736  0.20056331]
log likelihood =  -2214.94730479
Edge derivatives =  [2.2686236282741485, -0.5672143500774764, -3.333375607725845, -5.077797958641198, -2.0621943331864134, -3.400393574326712, -1.1321169662349244, 0.8161584715378332, -2.273701088097466, -0.8538060667637781, 0.8161584715378334, -5.647984721737313e-17, -1.3415305126344885, -0.8789366559062892, -4.9912755523116627e-17, 0.8161584715378339, 0.3909267839411401, 0.5978866938569547]
other derivatives: [-2.67223186 -0.92509254 -5.74327714 -2.16659828  2.43003342  0.        ]
Current x array =  [-0.55600491 -0.64922502 -0.6645882   0.54828918 -0.67988409  0.33647224
  0.00596544 -2.15368798 -1.5861583  -1.48957862 -3.5159934  -1.8343853
 -3.45713603 -3.10412243 -3.74164942 -2.40839233 -3.10412243 -2.30258509
 -3.28435714 -1.93070172 -2.30258509 -3.10412243 -2.91229829  0.23765007]
log likelihood =  -2214.27730759
Edge derivatives =  [0.14476703144009162, -0.666991923703901, -2.8526127597001087, -4.356236796184259, -1.7116422146454173, -3.0246263766156063, -0.8457283814672237, 1.1078042784331201, -1.9241832902786853, -0.6974004887447297, 1.107804278433123, -8.158080647153191e-16, -1.0656530962055943, -1.0819372581072981, -7.990655708164985e-16, 1.1078042784331195, 0.7177444285308123, -1.0799595562041242]
other derivatives: [ 1.45805643 -2.69533302  0.05406946 -1.41039891  2.22735252  0.        ]
Current x array =  [-0.56008742 -0.64570734 -0.68095789  0.5450511  -0.68129151  0.33647224
  0.02845912 -2.16571703 -1.59196495 -1.51568629 -3.59766936 -1.85300148
 -3.52571616 -3.13562522 -3.83765694 -2.42417291 -3.13562522 -2.30258509
 -3.34948003 -1.91799832 -2.30258509 -3.13562522 -2.94324242  0.25057712]
log likelihood =  -2213.37625902
Edge derivatives =  [-1.968236106796571, -0.7400128217216346, -1.0251922303980843, -1.97786373982976, -1.1549055102999422, -1.7419551644823223, -0.4804328490904893, 1.4333297804389784, -1.428714841591332, -0.39218508527893425, 1.433329780438978, -3.1212823825340573e-16, -0.6999423702178353, -1.0915429495963402, -2.9603926578702504e-16, 1.4333297804389808, 1.1265649205295565, -2.4281356709309536]
other derivatives: [ 5.87938302 -3.86989996  5.44387149  0.19035724  1.06169864  0.        ]
Current x array =  [-0.56400257 -0.64367458 -0.6973916   0.53334106 -0.66925892  0.33647224
  0.04955484 -2.19136674 -1.63244244 -1.60231038 -3.73021917 -1.91339602
 -3.63057115 -3.16766214 -3.99257174 -2.45411439 -3.16766214 -2.30258509
 -3.45214999 -1.91127852 -2.30258509 -3.16766214 -2.97884656  0.2585673 ]
log likelihood =  -2213.16236169
Edge derivatives =  [-1.8427181732625573, -0.7273551828408689, 0.6859791062836009, 0.1462499344681224, -0.7009680776041778, -0.5701923212955338, -0.2975614608053438, 1.5902670423287155, -1.0541323865617143, -0.16095455594208466, 1.590267042328716, -1.475315126225527e-17, -0.4857967971926585, -0.8456251583250501, -1.3579617071440372e-17, 1.5902670423287164, 1.3345590055844476, -2.28528681515575]
other derivatives: [-20.88040674  -9.54482857   6.36496225  -0.09849828   0.23096618   0.        ]
Current x array =  [-0.53601228 -0.63095453 -0.70025719  0.53318393 -0.65838128  0.33647224
  0.04915942 -2.22081486 -1.67040804 -1.68766202 -3.84743778 -1.9785462
 -3.71841697 -3.17575436 -4.13083657 -2.48237912 -3.17575436 -2.30258509
 -3.54112778 -1.9167199  -2.30258509 -3.17575436 -2.99355919  0.25565247]
log likelihood =  -2212.72734382
Edge derivatives =  [-0.7454032439148708, -0.6088206704779556, 1.5938454944888136, 1.1680691173323055, -0.5922726078042533, 0.08322681494954298, -0.2362656287549943, 1.577194307490076, -0.9709128460303715, -0.05853299042604257, 1.5771943074900803, -8.566328831195957e-16, -0.43491726918859014, -0.579978482315056, -8.708255474595197e-16, 1.5771943074900778, 1.3602428100567945, -1.5146689424528337]
other derivatives: [-0.40499799 -1.77665243  3.68468136  0.67129804 -0.36584424  0.        ]
Current x array =  [-0.55639002 -0.64781481 -0.69299774  0.52605069 -0.64546433  0.33647224
  0.03806212 -2.23083757 -1.6933775  -1.72787379 -3.87486223 -2.00730374
 -3.73622648 -3.16932654 -4.16286382 -2.49089813 -3.16932654 -2.30258509
 -3.56086663 -1.92391851 -2.30258509 -3.16932654 -2.99093158  0.24852009]
log likelihood =  -2212.64688254
Edge derivatives =  [0.07665342079698156, -0.5531494719603139, 1.6655505673726045, 1.2653155371730862, -0.5957004859559478, 0.16388451880183919, -0.2595130835745788, 1.5232047449843709, -0.9729839387431006, -0.07039813079826115, 1.5232047449843698, -4.387108246771463e-16, -0.4565495364934695, -0.4339749355045788, -5.020228915195769e-16, 1.5232047449843698, 1.295474628223882, -0.46655172883781226]
other derivatives: [ 0.46525201 -0.18217179  0.77552613  0.47380126 -0.39754013  0.        ]
Current x array =  [-0.55727204 -0.6512899  -0.68435825  0.5264959  -0.64212545  0.33647224
  0.03003295 -2.23360604 -1.69410142 -1.73134343 -3.87350491 -2.01187121
 -3.73308266 -3.16005698 -4.16190058 -2.49132272 -3.16005698 -2.30258509
 -3.55916667 -1.92875827 -2.30258509 -3.16005698 -2.98330253  0.24039397]
log likelihood =  -2212.53292379
Edge derivatives =  [1.1000695154372842, -0.4762022487487142, 1.6968697760426483, 1.3550078593528418, -0.5568965430708815, 0.29826631452081415, -0.287793646405664, 1.4387395417625326, -0.9282996972677129, -0.07014890714237024, 1.4387395417625324, 5.973044435378612e-17, -0.47448287728126964, -0.1809946257065574, 4.498218961036072e-17, 1.4387395417625348, 1.2039472977494898, 0.9686096548232797]
other derivatives: [-0.69844646  1.12795533 -2.29269972 -0.01282388 -0.36161509  0.        ]
Current x array =  [-0.55601605 -0.65405927 -0.67535577  0.52919599 -0.63862933  0.33647224
  0.02047762 -2.24271009 -1.68925975 -1.73599441 -3.88741436 -2.02202317
 -3.74032594 -3.14309288 -4.18046323 -2.49504744 -3.14309288 -2.30258509
 -3.56911782 -1.93664751 -2.30258509 -3.14309288 -2.97003638  0.22940637]
log likelihood =  -2212.33034429
Edge derivatives =  [2.218354292402043, -0.37269262851090484, 1.5443909643697613, 1.3089813368668026, -0.46082301559578204, 0.46915381926534655, -0.32885483293090595, 1.2761818415279351, -0.8127911505498593, -0.06302618896927989, 1.27618184152793, 9.210763202803541e-16, -0.4951515542346232, 0.2572884883900073, 9.145165257624459e-16, 1.2761818415279322, 1.0334287648150884, 2.588338008972605]
other derivatives: [-1.98319867  2.00129762 -5.08935045 -0.69330781 -0.27976057  0.        ]
Current x array =  [-0.55463836 -0.65585475 -0.66716119  0.53394139 -0.63513265  0.33647224
  0.01072516 -2.26279943 -1.67080789 -1.73790989 -3.92511319 -2.03915244
 -3.76350132 -3.10965805 -4.23028996 -2.50368843 -3.10965805 -2.30258509
 -3.59750776 -1.94943843 -2.30258509 -3.10965805 -2.94412908  0.21722515]
log likelihood =  -2211.90387624
Edge derivatives =  [3.130978943360312, -0.23104022413361194, 0.9008301982353392, 0.9591759114830708, -0.22068427781715294, 0.7565506335364047, -0.3773190687794469, 0.878297171614736, -0.5255908292013692, -0.04413980524398936, 0.878297171614733, 2.9564202418930954e-17, -0.5168247606909844, 1.1295154070038296, 1.4520486562531722e-17, 0.878297171614734, 0.619379136539474, 4.002956079025253]
other derivatives: [-3.44043656  3.07672963 -7.62270247 -1.46374077 -0.27384885  0.        ]
Current x array =  [-0.55313731 -0.65799194 -0.65930731  0.54025862 -0.63120919  0.33647224
  0.00506614 -2.31329969 -1.61754728 -1.73520769 -4.03011765 -2.07550686
 -3.83297935 -3.03204962 -4.36843383 -2.52629832 -3.03204962 -2.30258509
 -3.67897533 -1.97212543 -2.30258509 -3.03204962 -2.88476847  0.20720584]
log likelihood =  -2211.42015172
Edge derivatives =  [2.3312394314617437, -0.16079305335666666, 0.09126516111678207, 0.5641335611929104, 0.0709170029108681, 1.0134842069417005, -0.35804172687148444, 0.25053426976648363, -0.1882147692227104, -0.021519730657269448, 0.25053426976648263, -5.850775474732962e-16, -0.5183470989489825, 1.7650025042016375, -6.614586070287604e-16, 0.2505342697664829, -0.008134430674831036, 3.467104887270237]
other derivatives: [-1.35942173  0.94987627 -6.24081622 -0.75842763 -0.35083758  0.        ]
Current x array =  [-0.55512269 -0.65348114 -0.66184717  0.5353438  -0.63336887  0.33647224
  0.01763697 -2.38478148 -1.55239539 -1.73583499 -4.18065818 -2.11706623
 -3.93956451 -2.92719686 -4.56809955 -2.55869433 -2.92719686 -2.30258509
 -3.80250377 -1.97876422 -2.30258509 -2.92719686 -2.80708864  0.21287566]
log likelihood =  -2213.06499565
Edge derivatives =  [-2.5381800057357973, -0.2742975842071629, -3.11024487998513, -1.6407921261688418, 0.36241573045931796, 0.24762592452327856, -0.06353697620976542, 0.15119229525669076, 0.21795332671287737, 0.12185124533808861, 0.15119229525669325, 6.684343984491871e-16, -0.3260140859325087, 0.29624809171036925, 7.156029388142817e-16, 0.1511922952566928, 0.15559114338207436, -3.7759305362751725]
other derivatives: [-27.71485015  33.95271051  -1.76323738  -3.09237294   1.47688297   0.        ]
Current x array =  [-0.53235132 -0.72626129 -0.67008138  0.55089831 -0.67228774  0.33647224
  0.07352061 -2.4807651  -1.42619202 -1.66824022 -4.46176205 -2.09910245
 -4.17813148 -2.88562576 -4.9351353  -2.60804155 -2.88562576 -2.30258509
 -4.05460605 -1.89568494 -2.30258509 -2.88562576 -2.79392304  0.27201745]
log likelihood =  -2211.35336509
Edge derivatives =  [1.579826355052881, -0.17741668641165306, -0.38032597238058863, 0.21937646568450542, 0.13236041006868793, 0.875371969413642, -0.3037821545681711, 0.24344216779589078, -0.10668932069264744, -0.0034267798746412392, 0.24344216779589206, 6.703191155280781e-17, -0.4808000798684148, 1.5512911437005072, 7.633378552521894e-17, 0.2434421677958924, 0.019603724927114985, 2.321152819313383]
other derivatives: [-5.47756827  6.67196218 -5.52472557 -1.15542207 -0.01837179  0.        ]
Current x array =  [-0.55138148 -0.66543853 -0.66320001  0.53789932 -0.63976303  0.33647224
  0.02681835 -2.40055107 -1.53166085 -1.72472953 -4.22684205 -2.11411488
 -3.97875979 -2.92036695 -4.62840157 -2.56680181 -2.92036695 -2.30258509
 -3.84392283 -1.96511474 -2.30258509 -2.92036695 -2.8049256   0.22259234]
log likelihood =  -2211.15782072
Edge derivatives =  [-0.0896774780890714, -0.21612445512956618, -0.6675074479354441, 0.05484081230820481, 0.25394949549582296, 0.8454558517046407, -0.2180221555124227, 0.04793306359911459, 0.03566253033292238, 0.009106413265651786, 0.0479330635991146, 4.083487644489013e-21, -0.43491283966902705, 1.373034773547333, 4.2101494848082596e-21, 0.04793306359911659, -0.18155454089541445, 0.329495885616538]
other derivatives: [-1.53045221  1.82267286 -1.85887075 -0.13906174  0.09995347  0.        ]
Current x array =  [-0.55525386 -0.65507357 -0.67263068  0.53207836 -0.64735772  0.33647224
  0.04576902 -2.43447294 -1.5063863  -1.72541544 -4.30996248 -2.12425679
 -4.04525978 -2.88612828 -4.73800734 -2.58376627 -2.88612828 -2.30258509
 -3.91736415 -1.94705898 -2.30258509 -2.88612828 -2.78311925  0.23949086]
log likelihood =  -2211.11732437
Edge derivatives =  [-0.6516517681699481, -0.23525591872153723, -0.6038604959616489, 0.019189834563123065, 0.26360377168745813, 0.6652371340110742, -0.16865563210562176, 0.11397007442622595, 0.05471206006552258, 0.007280859852217186, 0.11397007442622586, -1.5670793991226643e-16, -0.4024414647457698, 0.9696906726273574, -1.3229065280084407e-16, 0.11397007442622822, -0.10637198101645588, -0.5736246109331931]
other derivatives: [ 0.07125891  0.22000677  0.32350727  0.12182682  0.24924702  0.        ]
Current x array =  [-0.55688859 -0.65176404 -0.67869498  0.53099319 -0.65140435  0.33647224
  0.05168537 -2.43808282 -1.50803883 -1.72313584 -4.32231509 -2.11542401
 -4.06045371 -2.8922037  -4.75520398 -2.58579647 -2.8922037  -2.30258509
 -3.93328973 -1.92895652 -2.30258509 -2.8922037  -2.79069384  0.24690863]
log likelihood =  -2211.09895428
Edge derivatives =  [-0.6449794306548038, -0.22761971056566327, -0.5514438846252048, -0.02180360838424833, 0.25940387909344415, 0.4856892426500674, -0.13634796619683545, 0.15228688985813804, 0.06085725024841573, -0.0013903969635953028, 0.15228688985813937, -4.422194868724992e-16, -0.381788627510549, 0.6332347394628164, -4.845500619269331e-16, 0.15228688985813804, -0.053208476549335235, -0.7589441405438468]
other derivatives: [ 0.6261871  -0.27553142  1.0342319   0.13092176  0.31059244  0.        ]
Current x array =  [-0.55748962 -0.65075577 -0.6806422   0.53125962 -0.65245553  0.33647224
  0.05177625 -2.44042346 -1.51064685 -1.71978073 -4.32620538 -2.10612739
 -4.06844951 -2.89605258 -4.76229566 -2.58638613 -2.89605258 -2.30258509
 -3.94258545 -1.91448973 -2.30258509 -2.89605258 -2.79607174  0.24851907]
log likelihood =  -2211.07050753
Edge derivatives =  [-0.27717955392768445, -0.19003032122876923, -0.34349490920530085, 0.0041030070573451205, 0.26352211106741164, 0.1909420960370938, -0.07935765782412683, 0.1450480235862454, 0.08153509959932458, -0.008188620302671673, 0.14504802358624336, -7.912947385021795e-16, -0.3454394373027121, 0.04037199557300397, -7.764154760907566e-16, 0.14504802358624697, -0.005256736928042904, -0.5972885602425457]
other derivatives: [ 0.2534307  -0.6953087   1.34314178  0.19372237  0.09276846  0.        ]
Current x array =  [-0.55714443 -0.64994517 -0.68129534  0.53076565 -0.64935717  0.33647224
  0.04827317 -2.45067492 -1.51782359 -1.71776935 -4.33899534 -2.09236412
 -4.08824967 -2.89370657 -4.7847606  -2.58967466 -2.89370657 -2.30258509
 -3.96803715 -1.88875678 -2.30258509 -2.89370657 -2.79987977  0.2470531 ]
log likelihood =  -2211.14905288
Edge derivatives =  [0.15449431548886344, -0.11924077451430937, -0.05657211103710347, 0.02402702620387076, 0.25483407588290097, -0.12410949257682435, -0.003714047260889898, 0.11641586168572547, 0.11083047058830098, -0.014570544670251012, 0.11641586168572611, 4.882073072630592e-16, -0.2898385488659656, -0.4116446969688193, 5.030085327144795e-16, 0.11641586168572708, 0.04313980780585433, 0.19723993491365377]
other derivatives: [ 12.00546649   3.41897248  -1.08093445  -0.25866029   0.29467628   0.        ]
Current x array =  [-0.56988588 -0.65917253 -0.67423063  0.53634977 -0.64758051  0.33647224
  0.04573036 -2.46766378 -1.52623132 -1.71264631 -4.35300009 -2.07691948
 -4.11484122 -2.88646799 -4.8146475  -2.59463934 -2.88646799 -2.30258509
 -4.00711815 -1.86626997 -2.30258509 -2.88646799 -2.80259655  0.24190333]
log likelihood =  -2211.06711463
Edge derivatives =  [-0.2034439148641748, -0.17801539544047518, -0.2946338569093419, 0.00776602210437749, 0.26208365938814343, 0.13830701255506186, -0.06645411640458744, 0.14038365013018328, 0.08657999155791293, -0.00926896771592961, 0.14038365013018514, -9.525186904688672e-16, -0.3358465436576918, -0.0345193905057129, -8.617464123390266e-16, 0.14038365013018606, 0.002974032847810698, -0.46237397060736796]
other derivatives: [ 2.27246346  0.00854925  0.93873496  0.11655175  0.12714736  0.        ]
Current x array =  [-0.55928787 -0.65149745 -0.68010687  0.53170504 -0.64905829  0.33647224
  0.0478454  -2.45353288 -1.51923798 -1.71690752 -4.3413513  -2.08976594
 -4.09272305 -2.89248885 -4.78978835 -2.59050984 -2.89248885 -2.30258509
 -3.97461158 -1.88497391 -2.30258509 -2.89248885 -2.8003368   0.24618678]
log likelihood =  -2211.0567708
Edge derivatives =  [0.1473109525595942, -0.14884660465734517, -0.15756729986915463, 0.05267510737782344, 0.2689700948748762, 0.009875491218977128, -0.04234413546591051, 0.08730838295969574, 0.10144289151563145, -0.00782437698228794, 0.08730838295970018, -8.348858916323867e-16, -0.3200238592564534, -0.28648609653874885, -8.683084307901693e-16, 0.08730838295969749, -0.005328594351744154, -0.06864633621318927]
other derivatives: [ 0.87352419 -0.14224497  0.40049599  0.08662937 -0.08440111  0.        ]
Current x array =  [-0.55784344 -0.651177   -0.67839624  0.53168864 -0.64567172  0.33647224
  0.04454031 -2.46217614 -1.5233225  -1.71722482 -4.3500921  -2.08469126
 -4.10503156 -2.88541671 -4.80568845 -2.5932755  -2.88541671 -2.30258509
 -3.99202054 -1.87380237 -2.30258509 -2.88541671 -2.79829214  0.24290752]
log likelihood =  -2211.05277767
Edge derivatives =  [0.18883135188846395, -0.142434561955852, -0.08817991931983604, 0.08392621355187568, 0.2706618698603522, -0.0026166007886458398, -0.040269737988851, 0.04677151510517963, 0.1059581040587132, -0.0017112021730400495, 0.04677151510518168, 4.076070864589414e-16, -0.3156644905293959, -0.2725014796970001, 4.276728933569839e-16, 0.04677151510517874, -0.018295488477782756, 0.13803441701030872]
other derivatives: [ 0.24033397 -0.06625669 -0.16275408  0.01482476 -0.11414159  0.        ]
Current x array =  [-0.55717724 -0.65131884 -0.67674663  0.53222673 -0.64490875  0.33647224
  0.04439842 -2.46628517 -1.52550892 -1.7178402  -4.35095688 -2.0845768
 -4.1084057  -2.88058929 -4.80988711 -2.59433778 -2.88058929 -2.30258509
 -3.99904    -1.87402748 -2.30258509 -2.88058929 -2.79589553  0.24131979]
log likelihood =  -2211.04838708
Edge derivatives =  [0.16002035236579787, -0.13850315444496086, 0.02343851122563506, 0.13002005419202434, 0.26800051336995123, -0.0022877616788952726, -0.04267267031257231, -0.004904736791695535, 0.10685577474297943, 0.01345999906313472, -0.0049047367916941476, 1.6699650017173649e-15, -0.30941880206082806, -0.1937456862742572, 1.7058509904052167e-15, -0.004904736791696007, -0.020838294325061776, 0.3554611225101336]
other derivatives: [-0.32769094  0.1418357  -0.62623258 -0.098089   -0.09781616  0.        ]
Current x array =  [-0.55656781 -0.65173842 -0.67545603  0.53317761 -0.64466931  0.33647224
  0.04508765 -2.47105086 -1.5298822  -1.71855195 -4.34708677 -2.0846771
 -4.11007764 -2.87507773 -4.81015416 -2.59506785 -2.87507773 -2.30258509
 -4.0067622  -1.87732193 -2.30258509 -2.87507773 -2.79337168  0.23967631]
log likelihood =  -2211.04283659
Edge derivatives =  [0.06915931944528547, -0.13513007160373475, 0.1764368127036423, 0.17435516512173177, 0.25824499909492166, -0.018682056214420956, -0.044831702576605834, -0.05590217603589695, 0.10398835799074371, 0.03459314229169691, -0.05590217603589735, 1.1268933814216216e-24, -0.2972137540611008, -0.09392880172110302, 1.067331686571667e-24, -0.05590217603589599, 2.197698342754073e-09, 0.4461047082704288]
other derivatives: [-0.66243047  0.33742253 -0.78607627 -0.20199877 -0.0467935   0.        ]
Current x array =  [-0.55618425 -0.65215069 -0.67509473  0.53418518 -0.64507697  0.33647224
  0.04649625 -2.47684714 -1.53676287 -1.71841131 -4.33760714 -2.08349041
 -4.11088098 -2.87019622 -4.80629218 -2.59530567 -2.87019622 -2.30258509
 -4.01685622 -1.88197842 -2.30258509 -2.87019622 -2.79199219  0.23902395]
log likelihood =  -2211.03185974
Edge derivatives =  [-0.05778530512175767, -0.12264365829902271, 0.380225050295205, 0.16528001381971447, 0.22923537156353788, -0.09978625086389475, -0.04139055126057255, -0.11694384175351379, 0.09725822759757194, 0.057306790534057295, -0.1169438417535149, -2.7690441790546466e-16, -0.26518368343216125, 0.06384177952289555, -2.4221410628945734e-16, -0.11694384175351365, 0.06218514874271064, 0.2416184114086306]
other derivatives: [-0.82713996  0.38817234 -0.92422852 -0.23055691  0.02974048  0.        ]
Current x array =  [-0.55591724 -0.65230493 -0.67483786  0.53469845 -0.64635908  0.33647224
  0.04864882 -2.48917953 -1.54753719 -1.71426156 -4.31530619 -2.07905328
 -4.11374024 -2.86465756 -4.79684836 -2.5948762  -2.86465756 -2.30258509
 -4.04079891 -1.88942573 -2.30258509 -2.86465756 -2.79181699  0.2406772 ]
log likelihood =  -2211.03496574
Edge derivatives =  [0.4994221485547096, -0.05248164299257856, 0.5650373709220751, 0.004454091999380516, 0.13630206457365926, -0.18362590646179355, -0.0578431838088074, -0.2270253395298849, 0.05582868485892502, 0.12204380759869438, -0.22702533952988696, -5.654596756946715e-16, -0.1976783233660269, 0.3024165433723882, -5.635058848182912e-16, -0.2270253395298863, 0.24050495321218723, 1.6882613417875005]
other derivatives: [-0.85465217  1.24091457  1.96723704 -0.41509338  0.01650733  0.        ]
Current x array =  [-0.55573548 -0.65433966 -0.68401407  0.5355375  -0.64354557  0.33647224
  0.04419161 -2.51693392 -1.56434223 -1.70258057 -4.24722791 -2.07240071
 -4.11235657 -2.85786768 -4.75824458 -2.59016501 -2.85786768 -2.30258509
 -4.09312085 -1.90476317 -2.30258509 -2.85786768 -2.78958931  0.22857833]
log likelihood =  -2211.02426772
Edge derivatives =  [0.19704845994455178, -0.09023590920419847, 0.46564977189083806, 0.09269382165383477, 0.1881655258888024, -0.13802718105446166, -0.04886418187520263, -0.16709292352374736, 0.07864444679605988, 0.08684685017895002, -0.16709292352375238, -1.5183606623607134e-15, -0.23359534489627906, 0.17368272977528204, -1.5331405711578246e-15, -0.16709292352374822, 0.14378949493913384, 0.9040353452890031]
other derivatives: [-0.83864506  0.77957338  0.40940904 -0.31518539  0.02460183  0.        ]
Current x array =  [-0.55583421 -0.65323435 -0.67902934  0.53508171 -0.64507393  0.33647224
  0.04661286 -2.5018571  -1.55521335 -1.70892595 -4.2842096  -2.07601454
 -4.11310821 -2.8615561  -4.77921504 -2.59272424 -2.8615561  -2.30258509
 -4.06469837 -1.89643152 -2.30258509 -2.8615561  -2.79079944  0.23515072]
log likelihood =  -2211.00999222
Edge derivatives =  [0.0028924761411664446, -0.0783376460547989, 0.5354405213548388, -0.05358236201981115, 0.12912606727826637, -0.2589641957441738, -0.03843409752480302, -0.15904666494935588, 0.06049259290694893, 0.06696604472508697, -0.1590466649493589, 4.652770604333245e-16, -0.18932993282230007, 0.3190099359772745, 5.111937799384906e-16, -0.15904666494935693, 0.2312258471094147, 0.4215699713692742]
other derivatives: [-0.09463292 -0.17407729 -0.00068212 -0.1420176   0.09749783  0.        ]
Current x array =  [-0.55641709 -0.65135571 -0.67796411  0.53415782 -0.64706422  0.33647224
  0.04951771 -2.51698737 -1.56232191 -1.69958647 -4.24585216 -2.07036458
 -4.11484634 -2.86333916 -4.75830837 -2.58954053 -2.86333916 -2.30258509
 -4.09732198 -1.90329872 -2.30258509 -2.86333916 -2.79328304  0.23904134]
log likelihood =  -2211.00289452
Edge derivatives =  [-0.18602033353681435, -0.06937688127825707, 0.38308535061639487, -0.31485251944875137, 0.062659529122542, -0.38952717535411296, -0.026198158435767428, -0.07039485385981968, 0.03538558304222779, 0.0221101925512813, -0.07039485385982203, 7.060755720727822e-16, -0.15081402512610573, 0.26841585764252657, 6.623303491495706e-16, -0.0703948538598186, 0.34362631905314933, -0.4820602440024435]
other derivatives: [ -8.35098035e-01   1.48411345e+00   2.37650966e-01   4.54747351e-04
   1.32831701e-01   0.00000000e+00]
Current x array =  [-0.55567265 -0.65480203 -0.67864223  0.53277513 -0.64935013  0.33647224
  0.0521107  -2.52993055 -1.56136317 -1.68789315 -4.20629475 -2.06436216
 -4.11688527 -2.87373497 -4.73515706 -2.58476412 -2.87373497 -2.30258509
 -4.12930717 -1.90234121 -2.30258509 -2.87373497 -2.79812033  0.24598853]
log likelihood =  -2210.99317296
Edge derivatives =  [0.0381121379014312, -0.04645734150438943, 0.2881251231742471, -0.4308463450306258, 0.031862426169824744, -0.4521011289499063, -0.009390173111431172, -0.0419306819484261, 0.029689759874977503, -0.03149515391659391, -0.041930681948426474, 1.4087662428657683e-16, -0.13011239232869828, 0.11793837679618041, 1.2591248763383077e-16, -0.04193068194842757, 0.32870645365505996, -0.3476023947543707]
other derivatives: [ 0.64615051 -0.97111297  0.28421709  0.26138878 -0.05620677  0.        ]
Current x array =  [-0.55705042 -0.64983493 -0.67874518  0.53121616 -0.64690891  0.33647224
  0.05014746 -2.54150536 -1.55717296 -1.68427333 -4.18870712 -2.06377445
 -4.12309521 -2.87567632 -4.72966493 -2.58309595 -2.87567632 -2.30258509
 -4.15477765 -1.89519706 -2.30258509 -2.87567632 -2.79528487  0.24486856]
log likelihood =  -2210.98790019
Edge derivatives =  [0.13228742401711086, -0.04557314548487923, 0.19134987821858546, -0.42538901583498734, 0.03867517258182536, -0.3921997634037299, -0.01370277534870249, -0.028309414031853372, 0.029365138809435892, -0.045920908972228086, -0.028309414031854344, -7.12035740668148e-16, -0.1384180503318895, 0.06103709870608642, -6.456093963081237e-16, -0.028309414031853275, 0.2912396404949137, -0.10393926753320426]
other derivatives: [ 0.48844413 -0.78875928  0.27575879  0.22346285 -0.10327312  0.        ]
Current x array =  [-0.55692424 -0.65018414 -0.67868842  0.5313781  -0.64583327  0.33647224
  0.04908457 -2.54055199 -1.55184929 -1.68654842 -4.19132984 -2.06747055
 -4.12285175 -2.87657497 -4.73088415 -2.58297795 -2.87657497 -2.30258509
 -4.15273121 -1.89242559 -2.30258509 -2.87657497 -2.79244401  0.24294055]
log likelihood =  -2210.97190298
Edge derivatives =  [0.3466685397799509, -0.025306284625190287, -0.015910362426565516, -0.38716450912415945, 0.018489520039446698, -0.24141356408541315, -0.013645050855675953, -0.007408217134330056, 0.01913301723815894, -0.10493494957435909, -0.007408217134326933, -3.400990870309313e-16, -0.13773363926612714, -0.1752655493976309, -3.6738314343161134e-16, -0.007408217134328432, 0.17559562238847107, 0.43038151688168624]
other derivatives: [ 1.11826921  0.26093403 -0.16539161  0.0131422  -0.19235813  0.        ]
Current x array =  [-0.55766069 -0.6523296  -0.67734608  0.53336906 -0.6430795   0.33647224
  0.04803255 -2.55710105 -1.5384041  -1.69408274 -4.17168341 -2.07929663
 -4.13126297 -2.876137   -4.7264373  -2.58244432 -2.876137   -2.30258509
 -4.18745347 -1.88094394 -2.30258509 -2.876137   -2.77715716  0.23900434]
log likelihood =  -2210.98944664
Edge derivatives =  [0.33774626877656666, -0.025353070990080856, -0.34538794419552293, -0.2910030016992251, -0.01852733926353898, 0.026738995054966713, -0.026516372305469257, 0.016775247898928564, -0.004051443222939152, -0.16874456092410228, 0.016775247898929646, -5.665801755244675e-16, -0.13860548642835727, -0.5155157727430266, -5.86958775039244e-16, 0.016775247898931034, -0.0018104097850581702, 0.7163708663685382]
other derivatives: [-7.085373   -1.03327693  0.59112608 -0.31664058 -0.3556579   0.        ]
Current x array =  [-0.54927045 -0.64913201 -0.67936254  0.5360611  -0.64093375  0.33647224
  0.04987022 -2.58576425 -1.51879624 -1.70902377 -4.131283   -2.10036205
 -4.14340571 -2.87629246 -4.71275542 -2.58173911 -2.87629246 -2.30258509
 -4.24834271 -1.86665453 -2.30258509 -2.87629246 -2.75138153  0.23689136]
log likelihood =  -2210.96654705
Edge derivatives =  [0.34372840338380656, -0.02527253606087443, -0.12139090924618301, -0.35512282702487363, 0.0068332601528688225, -0.15358474160200516, -0.017888026835463082, 0.0006960381532612331, 0.011616527436827444, -0.1263039923118023, 0.0006960381532608861, 1.0807938699474934e-16, -0.13785017105921582, -0.2851257550501339, 8.420021216134458e-17, 0.0006960381532588322, 0.11881729584276003, 0.5237118008739001]
other derivatives: [-1.52749635 -0.1587523   0.0820819  -0.09517862 -0.24506335  0.        ]
Current x array =  [-0.55492337 -0.65128638 -0.67800395  0.53424734 -0.64237945  0.33647224
  0.04863209 -2.56645244 -1.53200702 -1.69895726 -4.15850275 -2.08616924
 -4.13522455 -2.87618772 -4.72197358 -2.58221424 -2.87618772 -2.30258509
 -4.20731863 -1.87628201 -2.30258509 -2.87618772 -2.76874784  0.23831498]
log likelihood =  -2210.95820837
Edge derivatives =  [0.2711183476728392, -0.012236554462383427, -0.11466789005210293, -0.30687592542309206, -0.033317920364038564, -0.09486774292731628, -0.013488764062511677, -0.017865914890033974, -0.00038352884792511657, -0.14998707381605608, -0.017865914890033738, -2.079464869717909e-17, -0.12238092669221491, -0.35311047585563293, -4.8814219986378637e-17, -0.017865914890035486, 0.06642919691335947, 0.5539814516814157]
other derivatives: [-0.87975423  0.29090188 -0.3184141  -0.22755557 -0.21532287  0.        ]
Current x array =  [-0.55556743 -0.65223001 -0.67687467  0.53596319 -0.6422233   0.33647224
  0.05083515 -2.58688818 -1.52974619 -1.7030427  -4.12952583 -2.09217381
 -4.14387552 -2.87276652 -4.71280696 -2.58199464 -2.87276652 -2.30258509
 -4.24971356 -1.87275742 -2.30258509 -2.87276652 -2.75740121  0.23841235]
log likelihood =  -2210.94955014
Edge derivatives =  [-0.07829439700994895, -0.010463255170417456, -0.05915279318651506, -0.14498112355328596, -0.07033740436546737, 0.039556899316965544, -0.012194069603960578, -0.051203788792792276, -0.011263694402679119, -0.1463956556995554, -0.051203788792786836, 4.037716506650574e-16, -0.11080432949763817, -0.3867818818291881, 3.314283062444104e-16, -0.051203788792790125, -0.023073520260701835, 0.13564928396946652]
other derivatives: [ 0.25524969  0.41773092  0.2149136  -0.25011104 -0.10554686  0.        ]
Current x array =  [-0.55667953 -0.65251522 -0.67846674  0.53711919 -0.64395163  0.33647224
  0.05614516 -2.61164158 -1.52693557 -1.71371999 -4.09834901 -2.10277603
 -4.15521927 -2.867438   -4.70459614 -2.58376853 -2.867438   -2.30258509
 -4.30156946 -1.87057962 -2.30258509 -2.867438   -2.74083794  0.24212953]
log likelihood =  -2210.94689459
Edge derivatives =  [-0.12872711906617362, 0.001030611257957434, 0.0923276064420892, -0.07442148986633712, -0.106802248374774, 0.029356862093007835, -0.008809281109858142, -0.08988075058177245, -0.018779082967155233, -0.12043102864717525, -0.08988075058177163, -3.9219294353918823e-17, -0.09422334599622195, -0.24039504043319193, -6.590287997273451e-17, -0.089880750581774, -0.018181803670568375, 0.01635157248036978]
other derivatives: [-0.00736691  0.09117684 -0.41600288 -0.15143087  0.00582077  0.        ]
Current x array =  [-0.55624633 -0.65190359 -0.67675955  0.5360609  -0.6456593   0.33647224
  0.05762475 -2.62643811 -1.53256018 -1.71564077 -4.07610954 -2.10320396
 -4.16037786 -2.86334299 -4.69638725 -2.58505577 -2.86334299 -2.30258509
 -4.33218527 -1.87668974 -2.30258509 -2.86334299 -2.73597462  0.24320093]
log likelihood =  -2210.9448019
Edge derivatives =  [-0.0955073682303878, 0.0017032672416667921, 0.06923152987983783, -0.02736579922907978, -0.09556196322668678, 0.05883373656718682, -0.010588277229379287, -0.07641763016477497, -0.015812929806484185, -0.08959865862611616, -0.07641763016477546, -4.0534013157281226e-16, -0.09611558881126928, -0.16479895018233381, -3.84439327408498e-16, -0.07641763016477557, -0.020926475210443468, -0.17419874468410268]
other derivatives: [ 0.07048584 -0.08253664  0.01064109  0.0120508   0.05270522  0.        ]
Current x array =  [-0.55628046 -0.65157763 -0.67802525  0.53425935 -0.64673723  0.33647224
  0.05711286 -2.62458182 -1.53067633 -1.71884563 -4.0809497  -2.10442942
 -4.16008465 -2.86490266 -4.69819598 -2.58702156 -2.86490266 -2.30258509
 -4.32989645 -1.87985858 -2.30258509 -2.86490266 -2.7356297   0.24459675]
log likelihood =  -2210.94333688
Edge derivatives =  [0.0011679506656655514, 0.005043918396757226, 0.02448811587075439, -0.0009701258056744599, -0.08730103043159683, 0.06902518745723643, -0.010787411514551079, -0.05586368926744295, -0.013339724398735861, -0.054046958494202824, -0.05586368926744223, -7.67090244447837e-17, -0.09538553410752496, -0.07302980800290809, -6.892907636606057e-17, -0.05586368926744244, -0.014229386714014802, -0.18187926118610487]
other derivatives: [ 0.02764864 -0.16539161  0.13055796  0.13187673  0.07312337  0.        ]
Current x array =  [-0.55619161 -0.65143973 -0.67842547  0.5327683  -0.64711632  0.33647224
  0.05595686 -2.62296027 -1.52837555 -1.72108593 -4.08534924 -2.10449445
 -4.15989523 -2.86732792 -4.69946634 -2.58923711 -2.86732792 -2.30258509
 -4.32890647 -1.88373992 -2.30258509 -2.86732792 -2.73596319  0.24453936]
log likelihood =  -2210.94140416
Edge derivatives =  [0.04067609769903546, 0.008696132096950235, -0.010002180996636745, 0.02429079807143275, -0.08994323682395464, 0.04254268059374719, -0.0047633212848435386, -0.035541897501991715, -0.011921032268938751, 0.010530218802573876, -0.03554189750199224, 5.753531343808002e-17, -0.08485064777650068, 0.03149405283011325, -6.454472251620665e-17, -0.03554189750199063, 0.010539680854848632, -0.01982359537101641]
other derivatives: [ 0.03810783 -0.15456862  0.35352059  0.10186341  0.02496563  0.        ]
Current x array =  [-0.55617628 -0.65149059 -0.6791958   0.533159   -0.64609061  0.33647224
  0.05574024 -2.62752479 -1.52669063 -1.72342669 -4.08436051 -2.10257039
 -4.16357145 -2.86995597 -4.69973835 -2.5930359  -2.86995597 -2.30258509
 -4.34373098 -1.88849785 -2.30258509 -2.86995597 -2.73487524  0.24316309]
log likelihood =  -2210.94009997
Edge derivatives =  [0.05798109121850564, 0.007953724208131722, -0.13182430846246884, 0.04511235779283884, -0.08036812624338746, -0.005836180500437077, 0.010135054940227813, 0.027419696871852917, -0.005091732703298497, 0.07086850101692468, 0.02741969687185701, 5.53042210142634e-17, -0.07492629309972365, 0.09293511421119827, 5.3800878202797896e-17, 0.027419696871855068, 0.013589613149228491, -0.16580855636504865]
other derivatives: [-0.0262844  -0.06252776 -0.23278517  0.10354597 -0.1326498   0.        ]
Current x array =  [-0.55611797 -0.65167943 -0.6775098   0.53360392 -0.64410824  0.33647224
  0.05569359 -2.63156502 -1.52034642 -1.72698356 -4.09136499 -2.10010246
 -4.16971944 -2.87632268 -4.70437599 -2.59827816 -2.87632268 -2.30258509
 -4.36283317 -1.89058914 -2.30258509 -2.87632268 -2.73291187  0.24419959]
log likelihood =  -2210.93903044
Edge derivatives =  [0.017083492367807707, 0.01206406746745442, -0.08050708173975618, 0.047515503545762505, -0.09206205219703087, -0.02943536942496161, 0.014597691892301812, 0.0162281652935162, -0.007376388418302271, 0.08885468353489945, 0.016228165293512883, -2.3465606269233158e-15, -0.0659807216287235, 0.07938153667175868, -2.344765576190954e-15, 0.01622816529351835, 0.035929484091531017, -0.012459881131922312]
other derivatives: [-0.10113581  0.28712748  0.00236469 -0.03715286 -0.04165486  0.        ]
Current x array =  [-0.55603969 -0.65240668 -0.67827179  0.53491541 -0.64481402  0.33647224
  0.05663078 -2.63816798 -1.52295747 -1.72634991 -4.08499793 -2.0985681
 -4.17331541 -2.87546868 -4.70275712 -2.59858454 -2.87546868 -2.30258509
 -4.37919475 -1.89058795 -2.30258509 -2.87546868 -2.73127616  0.24314444]
log likelihood =  -2210.93857111
Edge derivatives =  [-0.016211653589604025, 0.015817028790569537, -0.05134325160477715, 0.04113209956428643, -0.10250996384943317, -0.046279404742364805, 0.02247414228368541, 0.014033993507731421, -0.009005139393785593, 0.08421178071265392, 0.014033993507731282, 3.47851807117585e-17, -0.057222474251583305, 0.009261071857818493, -7.807393904276312e-17, 0.014033993507731268, 0.03410168261219085, 0.20226345796219647]
other derivatives: [ 0.35711309 -0.29722287  0.03988134 -0.15593287  0.01791705  0.        ]
Current x array =  [-0.55647565 -0.65121749 -0.67843299  0.53642697 -0.64500964  0.33647224
  0.05752839 -2.64552445 -1.52405347 -1.72578617 -4.0793645  -2.09802935
 -4.17773813 -2.87508073 -4.70173445 -2.59816734 -2.87508073 -2.30258509
 -4.39838786 -1.88778137 -2.30258509 -2.87508073 -2.7281845   0.24170765]
log likelihood =  -2210.93792756
Edge derivatives =  [-0.050838324003804, 0.015131019713460779, -0.041033584374545184, 0.041574403649419, -0.09898040353404652, -0.05375541462773367, 0.024703512989959403, 0.01717559381938194, -0.007709735879017396, 0.08409443347775031, 0.017175593819382343, -9.463062503339775e-16, -0.05603809508670434, -0.011944968679013068, -8.830144033796922e-16, 0.017175593819381732, 0.03862168047261286, 0.09957237396467344]
other derivatives: [ 0.16766535  0.02478373 -0.01182343 -0.15347723  0.03333298  0.        ]
Current x array =  [-0.55629208 -0.6518805  -0.67827073  0.53633383 -0.6454079   0.33647224
  0.05792352 -2.64611603 -1.52458287 -1.72551919 -4.08149987 -2.09745687
 -4.17880316 -2.87542467 -4.70301772 -2.59807967 -2.87542467 -2.30258509
 -4.40176892 -1.88696453 -2.30258509 -2.87542467 -2.72791215  0.24251519]
log likelihood =  -2210.93713489
Edge derivatives =  [-0.09435456991850061, 0.015072541152021425, -0.025852917340742354, 0.04181528385886635, -0.08995407784077927, -0.06705795621111574, 0.030759214240088203, 0.028116123244856017, -0.004414332306780041, 0.08398100273480055, 0.028116123244859126, -1.3297609762412888e-15, -0.05215817338308916, -0.058251111842362424, -1.2332206931079726e-15, 0.028116123244855615, 0.04562465359816745, -0.04475457529710991]
other derivatives: [-0.09458745  0.22259883 -0.06120899 -0.11855263  0.06189111  0.        ]
Current x array =  [-0.55601408 -0.6523026  -0.67812098  0.53592635 -0.64611919  0.33647224
  0.05844306 -2.64771846 -1.52534078 -1.72508758 -4.08690895 -2.09637603
 -4.18146373 -2.87662873 -4.70604139 -2.59788969 -2.87662873 -2.30258509
 -4.41100899 -1.88519817 -2.30258509 -2.87662873 -2.72687168  0.2436525 ]
log likelihood =  -2210.93635457
Edge derivatives =  [-0.09371448360347762, 0.0187472496328042, 0.0007391091440033248, 0.03956016355269243, -0.07835066402734882, -0.0801246837565438, 0.0385215300112697, 0.04076226411461076, -0.00018599990807393815, 0.08433521363380023, 0.04076226411461335, -7.118461587123799e-16, -0.04568105553489345, -0.09547435288626327, -6.808973109345975e-16, 0.04076226411461252, 0.05820430462613296, -0.14756455371404642]
other derivatives: [ 0.03574314  0.30267984 -0.0856744  -0.02305569  0.09044925  0.        ]
Current x array =  [-0.55611162 -0.65253545 -0.67808176  0.53491061 -0.64681169  0.33647224
  0.05848124 -2.64979989 -1.52677836 -1.72420148 -4.09414985 -2.09497338
 -4.18469047 -2.87816437 -4.70968988 -2.59737125 -2.87816437 -2.30258509
 -4.42367806 -1.88394514 -2.30258509 -2.87816437 -2.72553077  0.24441677]
log likelihood =  -2210.94247137
Edge derivatives =  [-0.03508165517867251, 0.026710031066989985, 0.04354397372316554, -0.009656372950907044, -0.04473258111545078, -0.10427230627159881, 0.0582970148625766, 0.06653590066405826, 0.010302430485105488, 0.06897283620904282, 0.06653590066405621, -9.995406396995145e-16, -0.025696682668806526, -0.2841918384333435, -1.0843107933359022e-15, 0.06653590066405425, 0.09216889228865485, -0.04575300436418983]
other derivatives: [-3.57563295 -0.59872036  0.19176696  0.04260983  0.04861249  0.        ]
Current x array =  [-0.55228933 -0.65066113 -0.67898258  0.53379624 -0.64691208  0.33647224
  0.05808558 -2.65961297 -1.53086344 -1.72012333 -4.11399999 -2.0917953
 -4.19618723 -2.88213114 -4.72008106 -2.59375755 -2.88213114 -2.30258509
 -4.4725511  -1.87810985 -2.30258509 -2.88213114 -2.71870224  0.2433589 ]
log likelihood =  -2210.93600275
Edge derivatives =  [-0.08257287999993307, 0.020265625535427573, 0.008902666590808017, 0.03030019376295834, -0.07191829728390647, -0.08468549476807599, 0.042301316409449036, 0.04565739747060708, 0.0018125619530770035, 0.08141085805213644, 0.045657397470607264, -1.3963490563825543e-15, -0.04170444579614513, -0.13104563781850687, -1.4387799982097035e-15, 0.04565739747060801, 0.0648010005729232, -0.12827766282599584]
other derivatives: [-0.64287633  0.1326498  -0.03315108 -0.01073204  0.08244569  0.        ]
Current x array =  [-0.55538874 -0.65218097 -0.67825213  0.53469986 -0.64683067  0.33647224
  0.05840641 -2.65165577 -1.52755094 -1.72343021 -4.09790396 -2.09437233
 -4.18686477 -2.87891457 -4.71165509 -2.59668782 -2.87891457 -2.30258509
 -4.43292107 -1.88284155 -2.30258509 -2.87891457 -2.72423934  0.2442167 ]
log likelihood =  -2210.93526856
Edge derivatives =  [-0.03290912314658179, 0.026359492881434396, 0.03330658328992886, 0.02627491208847421, -0.060510417744149864, -0.08720174872649308, 0.04875180289877884, 0.05568106462702606, 0.005698512061355066, 0.08234213932635034, 0.05568106462703064, 2.8283802740049317e-16, -0.03486887931904703, -0.14508292897141872, 2.605670328701792e-16, 0.0556810646270325, 0.07785102000063782, -0.13108802638185435]
other derivatives: [-0.2829438   0.02669367  0.02883098  0.10318217  0.09422365  0.        ]
Current x array =  [-0.55570454 -0.65205411 -0.67849926  0.53351491 -0.64713525  0.33647224
  0.05789646 -2.65365212 -1.52901474 -1.72249549 -4.10503862 -2.09337122
 -4.189712   -2.88031264 -4.7148963  -2.59590714 -2.88031264 -2.30258509
 -4.44570613 -1.88266549 -2.30258509 -2.88031264 -2.72268107  0.24415045]
log likelihood =  -2210.93452702
Edge derivatives =  [0.039106019038923745, 0.0325576000542911, 0.05637167940551324, 0.016109617471387394, -0.050002242083029294, -0.07431873407302783, 0.05208277050290909, 0.057652846127467516, 0.008655960378947471, 0.07543338881351919, 0.05765284612746843, -5.1107856429012203e-17, -0.0291559103138307, -0.14191522787974892, -4.488794901083196e-17, 0.057652846127467544, 0.08796466510006384, -0.039528720035849174]
other derivatives: [ 0.00550244 -0.08490133  0.05011316  0.17284947  0.08335519  0.        ]
Current x array =  [-0.55595497 -0.65190638 -0.6786458   0.53277121 -0.64694063  0.33647224
  0.05713382 -2.65511968 -1.5306331  -1.72121493 -4.11144866 -2.09311483
 -4.1916139  -2.88093547 -4.71740941 -2.59433523 -2.88093547 -2.30258509
 -4.45667027 -1.88327867 -2.30258509 -2.88093547 -2.72091066  0.24332935]
log likelihood =  -2210.93356225
Edge derivatives =  [0.11735851312850931, 0.03794710712677705, 0.07713384900394604, -0.003994105417336247, -0.035267564692214884, -0.04163021456866431, 0.05279161278023218, 0.053279202524018604, 0.012154649687983809, 0.05905324561100897, 0.05327920252402006, 6.032990940556101e-16, -0.02360820682762648, -0.11494097058744807, 6.285892150700425e-16, 0.05327920252401834, 0.09740067058890758, 0.09638078668474015]
other derivatives: [ 0.21927917 -0.15024852  0.04861249  0.19499566  0.03460627  0.        ]
Current x array =  [-0.55614113 -0.65185221 -0.67875746  0.53258773 -0.64613074  0.33647224
  0.0562545  -2.65593584 -1.5325538  -1.71930361 -4.12020728 -2.09348985
 -4.19298587 -2.88109162 -4.72040353 -2.59152316 -2.88109162 -2.30258509
 -4.46837469 -1.88509716 -2.30258509 -2.88109162 -2.71837473  0.2421154 ]
log likelihood =  -2210.93231413
Edge derivatives =  [0.12135783604984002, 0.03808347668188225, 0.08631787178109862, -0.036093588848697844, -0.01472740348286777, 0.006788670036605493, 0.05110819707456343, 0.04342875466316154, 0.016905254474439902, 0.03168035152027121, 0.043428754663162594, -1.1956642657890668e-15, -0.018663083453748838, -0.06895859258516407, -1.1950746051502025e-15, 0.04342875466316251, 0.10244043793129998, 0.1413499454373237]
other derivatives: [ 0.32123353 -0.16916601  0.0648015   0.1200533  -0.03801688  0.        ]
Current x array =  [-0.55624377 -0.6518673  -0.67894185  0.53367241 -0.6450375   0.33647224
  0.05615628 -2.65628019 -1.53433273 -1.71684693 -4.1324289  -2.09422399
 -4.19420614 -2.88084168 -4.72447763 -2.58732049 -2.88084168 -2.30258509
 -4.48280196 -1.88793569 -2.30258509 -2.88084168 -2.71434677  0.24164225]
log likelihood =  -2210.93110258
Edge derivatives =  [0.036921431629161894, 0.03572855379897511, 0.0756730875254279, -0.0589128693686336, 0.005165345944848066, 0.03927397868499341, 0.04863748609052164, 0.024225610612927773, 0.021556570566762086, -0.0021744337761032406, 0.024225610612931783, 3.9327066608484983e-17, -0.012640390372373154, -0.008121899599400517, 2.4292450002295692e-17, 0.024225610612931672, 0.08622076095205156, 0.1815918084267305]
other derivatives: [ 0.23314897 -0.12478267 -0.40181476 -0.03410605  0.04924914  0.        ]
Current x array =  [-0.55612334 -0.65202073 -0.67778599  0.53539825 -0.64596696  0.33647224
  0.05738862 -2.65967895 -1.53517858 -1.71508373 -4.14531402 -2.09369681
 -4.19695834 -2.87965892 -4.72880563 -2.58189609 -2.87965892 -2.30258509
 -4.51144606 -1.8916166  -2.30258509 -2.87965892 -2.70539317  0.24148372]
log likelihood =  -2210.93047786
Edge derivatives =  [-0.07251342404580868, 0.029470335230398874, 0.02874107768842643, -0.08095879779160153, 0.0198753440534895, 0.07618850890710355, 0.03830468180605785, -0.003988355071159591, 0.023194797732687636, -0.019200734538754483, -0.003988355071159522, -3.398319409062202e-16, -0.012737104859913473, 0.052044684380972206, -3.5487098669711513e-16, -0.003988355071162519, 0.07172666075084105, 0.05441204332415084]
other derivatives: [ 0.07480594  0.02705747  0.31104719 -0.13455974  0.04347385  0.        ]
Current x array =  [-0.55598937 -0.65236344 -0.68002439  0.53679245 -0.64608769  0.33647224
  0.05850754 -2.65992097 -1.53447307 -1.71452413 -4.15412491 -2.09363367
 -4.19666308 -2.87778088 -4.73099596 -2.57756629 -2.87778088 -2.30258509
 -4.52639643 -1.89557344 -2.30258509 -2.87778088 -2.69828106  0.24239255]
log likelihood =  -2210.92999714
Edge derivatives =  [-0.062071647592779, 0.029593317368061367, 0.02058065593983016, -0.06266487835631263, 0.011271819306700182, 0.0519416916851258, 0.038400777516771734, -0.0016990883641047616, 0.021053984116330516, -0.012212839300029366, -0.0016990883641059135, -1.375296664284231e-16, -0.014899399187067217, 0.04427543617947288, -1.1484270029860305e-16, -0.0016990883641053445, 0.06090199753731293, 0.01511032825013281]
other derivatives: [-0.02919478 -0.00472937  0.03587957 -0.08403731  0.05056791  0.        ]
Current x array =  [-0.55587322 -0.65228272 -0.67916855  0.53617286 -0.64630735  0.33647224
  0.05841871 -2.65989042 -1.53342494 -1.7158611  -4.14904529 -2.09316271
 -4.19595635 -2.87764582 -4.72909177 -2.57904317 -2.87764582 -2.30258509
 -4.52192042 -1.89478585 -2.30258509 -2.87764582 -2.69897145  0.24272987]
log likelihood =  -2210.9296939
Edge derivatives =  [-0.05125839283015832, 0.02995871874504176, 0.001810369501246023, -0.04361121194939399, 0.005322356607848952, 0.02912794597860166, 0.03650943957922787, -0.005550130900634581, 0.018936368099451845, -0.00735704933887954, -0.005550130900636538, -8.003392368542733e-16, -0.016921524291577564, 0.04105930341902414, -7.814025138274974e-16, -0.00555013090062971, 0.04389379598790158, -0.03959769010757652]
other derivatives: [-0.13533281  0.02337401 -0.09586074 -0.0264663   0.04911271  0.        ]
Current x array =  [-0.55575445 -0.65235004 -0.67877874  0.53551719 -0.64648676  0.33647224
  0.05831486 -2.66021472 -1.532148   -1.71740233 -4.1457638  -2.09229419
 -4.19529566 -2.87714442 -4.72758429 -2.57962618 -2.87714442 -2.30258509
 -4.52234703 -1.89456016 -2.30258509 -2.87714442 -2.69750937  0.24313284]
log likelihood =  -2210.92942438
Edge derivatives =  [-0.03456838245187088, 0.0304409891849838, -0.020764884146873497, -0.02462458696473424, 0.0015780748887075507, 0.008508390642481073, 0.033578030599692305, -0.01415757324280846, 0.01678852311754943, -0.007056670816188826, -0.014157573242811222, 1.1220434816042701e-16, -0.018467677586808392, 0.03166605412288892, 8.240262150115342e-17, -0.014157573242810306, 0.02008265916244173, -0.05313751635928621]
other derivatives: [-0.13465069 -0.07394192 -0.12610144  0.00813998  0.03333298  0.        ]
Current x array =  [-0.55574373 -0.65217615 -0.6787273   0.53522871 -0.64637402  0.33647224
  0.05816207 -2.66086534 -1.53087795 -1.71900037 -4.14398589 -2.09116326
 -4.19467307 -2.87636413 -4.72638988 -2.57930423 -2.87636413 -2.30258509
 -4.52729762 -1.8943706  -2.30258509 -2.87636413 -2.6941465   0.24319554]
log likelihood =  -2210.93004291
Edge derivatives =  [0.07872185995376219, 0.039402185081459026, -0.036011269389535916, 0.015845536171040897, 0.008240387117199911, -0.029029824010819327, 0.032433983253337795, -0.022117665669152645, 0.015365299598392335, -0.0009810587391419767, -0.022117665669158, -1.5352443691301626e-15, -0.015994008257025995, -0.029499461628070323, -1.522791518842689e-15, -0.02211766566915241, -0.01024776787565096, -0.03613352599133046]
other derivatives: [-0.33578544  0.83232408 -0.11723387  0.11841621 -0.00713953  0.        ]
Current x array =  [-0.55552394 -0.65420181 -0.6789321   0.53378022 -0.64604701  0.33647224
  0.05703631 -2.66440588 -1.53059133 -1.72130428 -4.14967831 -2.08746912
 -4.19647137 -2.87656843 -4.72780924 -2.57726695 -2.87656843 -2.30258509
 -4.55555555 -1.89320762 -2.30258509 -2.87656843 -2.68431043  0.24275722]
log likelihood =  -2210.92930371
Edge derivatives =  [-0.001939582478452051, 0.033023230600434786, -0.025112973730772037, -0.012963849144058126, 0.0035033108571011565, -0.002280936734196659, 0.03325579344406544, -0.016435206910539096, 0.01638358822795447, -0.005333235847162998, -0.016435206910538666, -1.0318412848516935e-15, -0.017706460450418186, 0.014114087243097095, -1.0955962756124668e-15, -0.016435206910536335, 0.011542229631344214, -0.04820129092026182]
other derivatives: [-0.19217623  0.18744686 -0.12360033  0.03974492  0.0217824   0.        ]
Current x array =  [-0.5556805  -0.65275886 -0.67878622  0.53481203 -0.64627995  0.33647224
  0.05783823 -2.66188382 -1.5307955  -1.71966312 -4.14562338 -2.0901006
 -4.19519037 -2.8764229  -4.72679817 -2.57871818 -2.8764229  -2.30258509
 -4.53542633 -1.89403606 -2.30258509 -2.8764229  -2.69131704  0.24306945]
log likelihood =  -2210.92913207
Edge derivatives =  [0.013412470668522358, 0.0337661293737189, -0.03395726594499182, -0.0023236992890219854, 0.0051055754406496325, -0.009746224160078476, 0.03151634504382193, -0.023403713200564114, 0.015686431803774353, -0.008550401355018805, -0.023403713200561754, -4.449804153596958e-16, -0.017433132500640866, 0.0034138088968101443, -4.1097015556118803e-16, -0.023403713200566695, -0.004974719409795325, -0.02333930563256037]
other derivatives: [-0.04270078  0.05675247 -0.0556156   0.04188223  0.00195541  0.        ]
Current x array =  [-0.55582399 -0.6525281  -0.67905216  0.53493596 -0.64599147  0.33647224
  0.057699   -2.6625841  -1.53047732 -1.72042687 -4.14704224 -2.08919208
 -4.19511739 -2.87601717 -4.72684068 -2.57765578 -2.87601717 -2.30258509
 -4.54356368 -1.89401892 -2.30258509 -2.87601717 -2.68772181  0.24282902]
log likelihood =  -2210.92906366
Edge derivatives =  [0.026010739249768267, 0.03449828460431473, -0.028419218838650617, 0.0008612443221086563, 0.00887427083879952, -0.00853808296506453, 0.03157746368821431, -0.02475707772806074, 0.016050356923077214, -0.01035315949696336, -0.02475707772806046, -2.3102247017704706e-16, -0.016124477098489597, -0.007109557136648681, -2.8480373408974763e-16, -0.024757077728061294, -0.008633791883760844, 0.01278078559300777]
other derivatives: [-0.06139089 -0.01914486  0.01823537  0.03124114 -0.01059561  0.        ]
Current x array =  [-0.55579645 -0.65239478 -0.67931906  0.53510786 -0.64577329  0.33647224
  0.05757443 -2.66305497 -1.53096093 -1.72043551 -4.14951587 -2.08872595
 -4.19545094 -2.87618872 -4.72753934 -2.57682125 -2.87618872 -2.30258509
 -4.55019712 -1.89396225 -2.30258509 -2.87618872 -2.68569523  0.24250809]
log likelihood =  -2210.92907705
Edge derivatives =  [0.014853507418432055, 0.03464216025975383, -0.013365951226254058, 0.007927940413676837, 0.012014464806689946, -0.007814633180175834, 0.03304397521925767, -0.021422931012330615, 0.01647480050068757, -0.009335160055993885, -0.021422931012328797, -1.1709253079342415e-16, -0.014403243298353706, -0.019898845421310207, -1.6070328507122386e-16, -0.021422931012329893, -0.010198322817287081, 0.025155734945625507]
other derivatives: [ 0.43073669 -0.00368345  0.04893081  0.00854925 -0.00400178  0.        ]
Current x array =  [-0.55630279 -0.65246617 -0.67946     0.53550216 -0.6457308   0.33647224
  0.05772939 -2.66332343 -1.53169822 -1.72047529 -4.15175119 -2.08823879
 -4.19571823 -2.87676633 -4.72818133 -2.57635331 -2.87676633 -2.30258509
 -4.55669356 -1.89366464 -2.30258509 -2.87676633 -2.68407549  0.24243254]
log likelihood =  -2210.92903163
Edge derivatives =  [0.020920379800827615, 0.034563952147604424, -0.02154452680369856, 0.004086414194097943, 0.010308821634780984, -0.008210577709990091, 0.03224698647460771, -0.023233999983503964, 0.01624430740974219, -0.009891837889366373, -0.023233999983503076, 7.333700838024082e-17, -0.015334828180377517, -0.012941875286923199, 5.865023327780304e-17, -0.023233999983503395, -0.009342372141270566, 0.01842993071410093]
other derivatives: [ 0.16329977 -0.01214175  0.03228706  0.02082743 -0.00754881  0.        ]
Current x array =  [-0.55602751 -0.65242736 -0.67938337  0.53528779 -0.6457539   0.33647224
  0.05764515 -2.66317748 -1.53129738 -1.72045366 -4.15053592 -2.08850364
 -4.19557292 -2.87645231 -4.7278323  -2.57660771 -2.87645231 -2.30258509
 -4.55316168 -1.89382644 -2.30258509 -2.87645231 -2.68495608  0.24247361]
log likelihood =  -2210.92899256
Edge derivatives =  [0.01964262718250792, 0.03446339503874388, -0.013819937476505673, 0.005652371999040895, 0.012026078250153033, -0.006791575010325651, 0.03286892554924431, -0.021216663982085868, 0.01651555669308557, -0.009007743704835786, -0.02121666398208817, -9.203507080395309e-16, -0.014565631141612103, -0.01902913818572649, -8.639512473706317e-16, -0.02121666398208595, -0.007737620941247553, 0.02826714224229976]
other derivatives: [ 0.1159151  -0.02164597  0.05052243  0.00923137 -0.00954969  0.        ]
Current x array =  [-0.55597701 -0.65241083 -0.67945187  0.53541947 -0.64570305  0.33647224
  0.05765946 -2.66322128 -1.53174039 -1.72035916 -4.15158915 -2.08837477
 -4.19570648 -2.87678621 -4.72816733 -2.57645378 -2.87678621 -2.30258509
 -4.55555502 -1.89370088 -2.30258509 -2.87678621 -2.68453867  0.24239056]
log likelihood =  -2210.92888409
Edge derivatives =  [0.0009768008017744245, 0.03300734023896531, 0.005356536538967949, 0.015010718124202072, 0.014259474448417537, -0.007291399161928891, 0.03410433183431553, -0.014137517927294535, 0.01647079859173819, -0.003261784236551546, -0.014137517927297755, -1.069031059467653e-17, -0.013147115649766474, -0.03451727380523023, -6.267781211450293e-17, -0.01413751792729566, -0.005803591446957357, 0.024689613677270295]
other derivatives: [ 0.0050477  -0.02978595  0.06079972 -0.02205525 -0.01082299  0.        ]
Current x array =  [-0.55586208 -0.65239582 -0.67951169  0.53578934 -0.64566057  0.33647224
  0.05784989 -2.6629323  -1.53271228 -1.72046696 -4.15294968 -2.08796314
 -4.19548423 -2.87779786 -4.72837608 -2.57649059 -2.87779786 -2.30258509
 -4.56080533 -1.89329519 -2.30258509 -2.87779786 -2.6835784   0.24242164]
log likelihood =  -2210.9287791
Edge derivatives =  [-0.02372019430791028, 0.03093640176245934, 0.0178926296790633, 0.025704165743394847, 0.014666922063240578, -0.009216020613430187, 0.03425096014722999, -0.007365821278443735, 0.01576924889773156, 0.0035980978240166273, -0.007365821278446025, -1.1771718125777606e-15, -0.012267158711582824, -0.041685450865562634, -1.2001517759284462e-15, -0.0073658212784467325, -0.007305264747463208, 0.004964896425528664]
other derivatives: [-0.06766641 -0.02669367  0.02946763 -0.04674803 -0.00563887  0.        ]
Current x array =  [-0.55578573 -0.6524037  -0.67944698  0.53609081 -0.64573049  0.33647224
  0.05809356 -2.66226778 -1.53334173 -1.72078071 -4.15323107 -2.08755707
 -4.19464872 -2.87875191 -4.72798237 -2.57668155 -2.87875191 -2.30258509
 -4.56555575 -1.8931779  -2.30258509 -2.87875191 -2.68245387  0.24259105]
log likelihood =  -2210.928611
Edge derivatives =  [-0.04422261047093068, 0.028487520246988342, 0.028195615201917934, 0.03760996147339968, 0.013222559438978366, -0.010727050161687651, 0.033270240142996996, 0.0029273941030347056, 0.014090690072789309, 0.014800865185381956, 0.0029273941030315415, -7.248062862500144e-16, -0.0112068358099646, -0.04062569033274771, -7.837329890886193e-16, 0.0029273941030325407, -0.00975185072913412, -0.018955218301228483]
other derivatives: [-0.11600605 -0.02587512 -0.0178261  -0.05566108  0.00363798  0.        ]
Current x array =  [-0.55572823 -0.65241582 -0.67934563  0.5362023  -0.64588627  0.33647224
  0.05824106 -2.66069499 -1.53395595 -1.72117035 -4.15241036 -2.08713474
 -4.19265265 -2.88017111 -4.72673532 -2.57714974 -2.88017111 -2.30258509
 -4.57131124 -1.8934189  -2.30258509 -2.88017111 -2.68108503  0.24278613]
log likelihood =  -2210.92830793
Edge derivatives =  [-0.05899413829031802, 0.024517181500572638, 0.026622316220553055, 0.044996601314467366, 0.008068440901216625, -0.006680772129117302, 0.028296829669790413, 0.017369610333919788, 0.010011505317598108, 0.03204233379344279, 0.017369610333919996, -1.6280923908811712e-15, -0.009887758996527819, -0.020960540665377503, -1.6339987930590006e-15, 0.017369610333921287, -0.013838656698686863, -0.03696763351231924]
other derivatives: [-0.14915713 -0.00100044  0.0176442  -0.06220944  0.01064109  0.        ]
Current x array =  [-0.5556858  -0.65248719 -0.67951517  0.53627269 -0.64602342  0.33647224
  0.05819877 -2.65686339 -1.53443738 -1.7214501  -4.14935372 -2.0867981
 -4.18777048 -2.88232859 -4.7235288  -2.57774493 -2.88232859 -2.30258509
 -4.57963748 -1.89459513 -2.30258509 -2.88232859 -2.67891086  0.24290957]
log likelihood =  -2210.93072347
Edge derivatives =  [0.10043911532278987, 0.023799187266935418, 0.01912212357690879, 0.05630066942138634, 0.0057867146219140915, -0.0022904523642301167, 0.013070402332630886, 0.03560789214945961, 0.00048065356919457444, 0.01748448476972042, 0.03560789214945975, -8.594671831785253e-18, -0.0026410599739192207, 0.025681253638277612, 1.4954227152781712e-17, 0.035607892149460085, -0.07346150698644693, 0.19420399607332417]
other derivatives: [  8.18545232e-04  -4.07135303e-01  -1.23018253e+00  -1.66892278e-02
  -5.42968337e-02   0.00000000e+00]
Current x array =  [-0.55573004 -0.65185754 -0.67624581  0.53585314 -0.64498447  0.33647224
  0.05605212 -2.64797438 -1.53637431 -1.72099232 -4.15090309 -2.08413566
 -4.17485702 -2.8864709  -4.71716918 -2.57328308 -2.8864709  -2.30258509
 -4.62934092 -1.89812642 -2.30258509 -2.8864709  -2.66379283  0.24094786]
log likelihood =  -2210.92821263
Edge derivatives =  [-0.03290053140121668, 0.02441215555189722, 0.025469223434273713, 0.046863318950504995, 0.0076966705608003325, -0.006012666631937669, 0.025841442432389783, 0.020378970277059857, 0.008469010078271076, 0.02962802578499496, 0.020378970277058997, -4.909303927384028e-17, -0.008603906121198737, -0.013267918701107995, -1.950119811457823e-17, 0.02037897027706373, -0.02324937882543282, 0.0007842839901233134]
other derivatives: [-0.1247372  -0.06734808 -0.18530955 -0.05488801  0.          0.        ]
Current x array =  [-0.55569301 -0.65238449 -0.67898195  0.53620426 -0.64585397  0.33647224
  0.05784866 -2.65541362 -1.53475329 -1.72137544 -4.14960641 -2.08636386
 -4.18566433 -2.88300419 -4.72249157 -2.57701721 -2.88300419 -2.30258509
 -4.58774396 -1.89517107 -2.30258509 -2.88300419 -2.67644516  0.24258962]
log likelihood =  -2210.92795472
Edge derivatives =  [-0.020867153738449162, 0.021954671118127926, 0.005324839572011353, 0.03606197600222982, 0.0010234151273874857, 0.004004447697823793, 0.018760303134366108, 0.027169948546289735, 0.004332728070793046, 0.03684755328767958, 0.027169948546293426, 1.5451708241839002e-16, -0.008046868493254075, 0.020924815572957223, 8.548934234944403e-17, 0.027169948546293496, -0.025258339529338647, 0.0001202043342953818]
other derivatives: [-0.06657501 -0.02605702 -0.09003998 -0.03415153 -0.00272848  0.        ]
Current x array =  [-0.55574847 -0.65249142 -0.67930271  0.53594783 -0.64588203  0.33647224
  0.0574786  -2.6512896  -1.53455733 -1.72098306 -4.14564684 -2.08659513
 -4.18050073 -2.88418743 -4.71903662 -2.57710765 -2.88418743 -2.30258509
 -4.59170194 -1.89680722 -2.30258509 -2.88418743 -2.67533524  0.2425503 ]
log likelihood =  -2210.92777465
Edge derivatives =  [0.008359548398658156, 0.021693513376794767, -0.015606242890018995, 0.020093677746882754, -0.0022616353670044213, 0.008260404914239045, 0.01209760730575141, 0.02319862089076588, 0.0013561066059048152, 0.02709704488998299, 0.023198620890760982, 8.525282045345031e-16, -0.007331160633359493, 0.03418438332414314, 8.525413172752469e-16, 0.023198620890765603, -0.03024734024779749, -0.0040564892357644045]
other derivatives: [-0.01537046  0.07139533 -0.0176442   0.00768523 -0.01627996  0.        ]
Current x array =  [-0.55579731 -0.65273182 -0.67955761  0.53546809 -0.64583036  0.33647224
  0.05696816 -2.64843603 -1.53436919 -1.72027409 -4.14410768 -2.08642109
 -4.17675552 -2.88417108 -4.71686089 -2.57577823 -2.88417108 -2.30258509
 -4.59781816 -1.89766802 -2.30258509 -2.88417108 -2.67347183  0.24250553]
log likelihood =  -2210.92769321
Edge derivatives =  [0.022480222442566755, 0.020631222253221858, -0.033404109110068636, -0.00506489334248994, -0.007033638149207405, 0.010220460346216126, 0.0064243338705254165, 0.017309520845681534, -0.000981272330920012, 0.01004743897555943, 0.01730952084568213, 6.723685689574085e-17, -0.006505873310973746, 0.04674396643657325, 4.7282877785981936e-17, 0.017309520845675774, -0.02847268060550054, -0.017558793006083873]
other derivatives: [ 0.10581971 -0.1720764   0.07426024  0.05998118 -0.00973159  0.        ]
Current x array =  [-0.55590713 -0.65224454 -0.67982244  0.53494264 -0.64607434  0.33647224
  0.05661838 -2.64529715 -1.53413582 -1.7190708  -4.14158867 -2.08661371
 -4.17314604 -2.8836347  -4.71466026 -2.57457141 -2.8836347  -2.30258509
 -4.59868143 -1.8981568  -2.30258509 -2.8836347  -2.67375156  0.24260791]
log likelihood =  -2210.92759727
Edge derivatives =  [0.031234193260324228, 0.021324319726273445, -0.03328003262575274, -0.010496663159994202, -0.005779879081749852, 0.008979642393120851, 0.005541005253445561, 0.012069122026410403, -0.0009901083232000292, -0.00018637873573548736, 0.012069122026409806, 3.430930227051378e-16, -0.0060222825677373575, 0.03587912887636646, 3.108388135213238e-16, 0.0120691220264139, -0.027545004598196143, -0.004452483300458665]
other derivatives: [ 0.07985363 -0.00818545  0.04474714  0.05443326 -0.0077307   0.        ]
Current x array =  [-0.55588806 -0.65259321 -0.6797425   0.53493515 -0.64609126  0.33647224
  0.05652148 -2.64517362 -1.53433635 -1.71866544 -4.14259872 -2.08638763
 -4.17304716 -2.88312883 -4.71490111 -2.57363005 -2.88312883 -2.30258509
 -4.60104191 -1.89780023 -2.30258509 -2.88312883 -2.67330844  0.24249635]
log likelihood =  -2210.92752109
Edge derivatives =  [0.02501703103976588, 0.02090955664462628, -0.0237630689321231, -0.014308830283598861, -0.004310678431196029, 0.00624556604575266, 0.005267028220096209, 0.008744080619746533, -0.0009629411503374284, -0.010530710979154478, 0.008744080619745062, -9.323069150231583e-16, -0.004899198037549738, 0.018360147522207326, -9.962632162525578e-16, 0.008744080619742078, -0.02366891946952107, 0.007729394752507668]
other derivatives: [ 0.06311893  0.05315997  0.02328306  0.03442437  0.00245564  0.        ]
Current x array =  [-0.55587643 -0.65272403 -0.67968486  0.5351205  -0.64619769  0.33647224
  0.05657754 -2.64466271 -1.53494298 -1.71817165 -4.14373856 -2.08607004
 -4.17271073 -2.8828409  -4.71510266 -2.57272827 -2.8828409  -2.30258509
 -4.6041757  -1.89715228 -2.30258509 -2.8828409  -2.67312732  0.24242468]
log likelihood =  -2210.92748227
Edge derivatives =  [0.006748212439291357, 0.018054766844954398, -0.018393510634206245, -0.025242407833820812, -0.006059689017990241, 0.0013871837757455097, 0.002210279455377405, 0.003200892504129166, -0.0022398461007555985, -0.025522101371563716, 0.003200892504131178, -4.945223592455338e-16, -0.003678565017881552, 0.007062324551670551, -4.704067169885698e-16, 0.003200892504128569, -0.01531945829587239, 0.002462295380899704]
other derivatives: [-0.27384885  0.05206857 -0.00613909  0.01155058  0.01400622  0.        ]
Current x array =  [-0.55553776 -0.6526978  -0.67957477  0.53527271 -0.64642084  0.33647224
  0.05665718 -2.64224612 -1.53550628 -1.71733798 -4.14286996 -2.08589891
 -4.17045024 -2.88227533 -4.71400258 -2.57180113 -2.88227533 -2.30258509
 -4.60594315 -1.89663563 -2.30258509 -2.88227533 -2.67394564  0.24250616]
log likelihood =  -2210.92742536
Edge derivatives =  [-0.011946739979535936, 0.01700462791819405, -0.00554569871491184, -0.022180607041020428, -0.005750474897315446, -0.0007173792791541067, 0.002831107062691029, 0.004847733851936653, -0.0023230247815408424, -0.027095745883715633, 0.0048477338519346685, -7.963097254807089e-25, -0.002750803450388705, -0.0028072843435221206, -4.152405004850886e-25, 0.004847733851939012, -0.012331802455696345, -0.001530148271261078]
other derivatives: [-0.03788045  0.03465175 -0.01227818 -0.00604814  0.02587512  0.        ]
Current x array =  [-0.55578349 -0.65266951 -0.67956263  0.53553178 -0.64652328  0.33647224
  0.05685049 -2.64167919 -1.53605554 -1.71723674 -4.14319392 -2.0856935
 -4.17003625 -2.882473   -4.71393137 -2.57168348 -2.882473   -2.30258509
 -4.6077799  -1.89620841 -2.30258509 -2.882473   -2.67401737  0.24258076]
log likelihood =  -2210.92741059
Edge derivatives =  [-0.02013123123477656, 0.016009692935684543, -0.0026261148723075722, -0.020468497970303368, -0.006848179197717175, -0.0010371379764917144, 0.002418955068435303, 0.00676347700069066, -0.002810848980159838, -0.024762401316529847, 0.006763477000692075, -3.081249990901613e-16, -0.002534220839819596, -0.0004812001619844408, -3.279424157421085e-16, 0.00676347700069331, -0.01099331563006506, -0.008516782038101578]
other derivatives: [-0.00127329  0.00331966 -0.00632099 -0.01014087  0.02723937  0.        ]
Current x array =  [-0.5558216  -0.65260211 -0.67957779  0.53559784 -0.64654229  0.33647224
  0.05690479 -2.64097735 -1.53617376 -1.71728194 -4.14250064 -2.08571063
 -4.16932952 -2.88268945 -4.71344448 -2.57193268 -2.88268945 -2.30258509
 -4.60782833 -1.89626483 -2.30258509 -2.88268945 -2.67424416  0.24264828]
log likelihood =  -2210.92738729
Edge derivatives =  [-0.027059346620158742, 0.014501268796510883, 0.0029019683466767754, -0.01839909966645137, -0.008793963568934093, -0.0026766441093785953, 0.0014410499454315558, 0.007864825829482919, -0.003625282451830282, -0.023129027119011075, 0.007864825829482086, 2.978487852847968e-16, -0.002096094515307796, 0.0020512778432262846, 3.267057838646766e-16, 0.007864825829483765, -0.007147647700880888, -0.014944086467434392]
other derivatives: [ 0.01055014 -0.02751221 -0.00195541 -0.01473381  0.02296474  0.        ]
Current x array =  [-0.55583769 -0.65253019 -0.67957759  0.53566454 -0.64649358  0.33647224
  0.05690514 -2.63957035 -1.53637922 -1.71730416 -4.14127635 -2.08576248
 -4.16804012 -2.88277842 -4.71260792 -2.57229849 -2.88277842 -2.30258509
 -4.60742464 -1.89625205 -2.30258509 -2.88277842 -2.67496584  0.24271244]
log likelihood =  -2210.92734229
Edge derivatives =  [-0.017249242022194355, 0.013395168027656737, 0.015381472865369394, -0.010400457304411304, -0.010741915899465188, -0.0069469922412221385, 0.0007171058556247611, 0.007566296866604844, -0.004351336162637866, -0.01962937430917583, 0.007566296866603997, 3.011625073562809e-16, -0.0013754398820491655, 0.00125746344729194, 3.3175817875222274e-16, 0.007566296866603858, -0.00046060920265433847, -0.007951496522969448]
other derivatives: [ 0.02028173 -0.0514774   0.00914042 -0.01432454  0.0035925   0.        ]
Current x array =  [-0.55585553 -0.65246853 -0.67957991  0.53566722 -0.64621864  0.33647224
  0.05669029 -2.63763793 -1.53669226 -1.71757317 -4.13996709 -2.08585122
 -4.16661233 -2.88261073 -4.71176842 -2.57310042 -2.88261073 -2.30258509
 -4.60629985 -1.89596552 -2.30258509 -2.88261073 -2.67637917  0.24265858]
log likelihood =  -2210.92729923
Edge derivatives =  [-0.003648294101228411, 0.011561002018589984, 0.022729249891262404, -0.004353781178334182, -0.013612718396568333, -0.012318329919301013, -0.0015292164843351379, 0.003967450467127515, -0.005420194167233173, -0.01905804401409328, 0.003967450467127265, 1.3338332090452649e-20, -0.000623657646151278, 0.006088467611772841, 1.3937434253031322e-20, 0.003967450467124198, 0.006110581058816816, -0.0103681575390413]
other derivatives: [ 0.02737579 -0.02150955 -0.06971277  0.00177351 -0.0084583   0.        ]
Current x array =  [-0.55587396 -0.65251285 -0.67928737  0.53543169 -0.64609311  0.33647224
  0.05636551 -2.6342415  -1.53663198 -1.71779834 -4.13813375 -2.08619211
 -4.16416609 -2.88187087 -4.71046038 -2.5742045  -2.88187087 -2.30258509
 -4.60463104 -1.8956267  -2.30258509 -2.88187087 -2.6784511   0.24270805]
log likelihood =  -2210.92726419
Edge derivatives =  [0.011958616922095433, 0.010869789346626343, 0.03075384872659348, 0.012368467256425153, -0.013231527193976578, -0.015048752439163676, -0.0012016658710065353, 0.0016608328357701069, -0.0050400078974089345, -0.0045448700710553624, 0.0016608328357684277, -1.2966057938716504e-15, -0.00060760538378659, 0.0030768503053056895, -1.3227554223587117e-15, 0.001660832835769968, 0.01227333473129788, 0.0012276106064028625]
other derivatives: [-0.01646185  0.04520189  0.06548362  0.00586624 -0.02223715  0.        ]
Current x array =  [-0.55584728 -0.65262304 -0.67961564  0.53531704 -0.64587657  0.33647224
  0.05609687 -2.6324469  -1.5362778  -1.71876731 -4.13779719 -2.0866917
 -4.16384062 -2.88120752 -4.71049549 -2.57632388 -2.88120752 -2.30258509
 -4.60152138 -1.89500742 -2.30258509 -2.88120752 -2.68054637  0.24263068]
log likelihood =  -2210.92723092
Edge derivatives =  [0.01454866560712037, 0.011508408609943142, 0.025000865607275435, 0.012115319874629105, -0.011530591659454172, -0.013976859150106241, -0.00036590102852095824, 0.0007279380001135732, -0.004255492753936652, -0.004780690913226471, 0.0007279380001151692, -1.1683409524755798e-16, -0.0010066343479069526, 0.002500191874463431, -5.4879120651510314e-17, 0.0007279380001164459, 0.007812027481055028, 0.008974501940393287]
other derivatives: [-0.02137313  0.03915375  0.00427463  0.00691216 -0.01323315  0.        ]
Current x array =  [-0.55583945 -0.65261113 -0.67943249  0.53528091 -0.64598209  0.33647224
  0.05611985 -2.63312937 -1.53590206 -1.71885813 -4.13882338 -2.08679952
 -4.16473686 -2.88100008 -4.71116682 -2.57639384 -2.88100008 -2.30258509
 -4.60162743 -1.89492072 -2.30258509 -2.88100008 -2.68019026  0.24258994]
log likelihood =  -2210.9271908
Edge derivatives =  [0.011700026391303797, 0.011400410726166148, 0.014419459142124391, 0.00924891495753355, -0.008395477872589409, -0.012827908982516095, 8.47208252133698e-05, -0.003922987195693395, -0.0030407093167062298, -0.0072495382632636884, -0.00392298719569123, 6.715629339684915e-16, -0.001279137870760439, -0.004063083696361713, 7.26208259673632e-16, -0.003922987195695102, 0.0027808984584280494, 0.01596115036703294]
other derivatives: [-0.0133241   0.03678906 -0.03597052  0.00723048  0.00713953  0.        ]
Current x array =  [-0.55585064 -0.65259922 -0.67928245  0.53522601 -0.6462459   0.33647224
  0.05616858 -2.63300677 -1.5351545  -1.71889398 -4.14067457 -2.08712901
 -4.16554363 -2.88019093 -4.71214101 -2.57669412 -2.88019093 -2.30258509
 -4.60225096 -1.89438037 -2.30258509 -2.88019093 -2.68014895  0.24259619]
log likelihood =  -2210.92716285
Edge derivatives =  [0.005921497477280102, 0.009907064358472072, 0.006754720661865943, 0.011803795406265749, -0.005537914247548816, -0.010537887577774907, 0.0009448323289748158, -0.00507599983549846, -0.0018144273819357959, -0.00080622261529123, -0.0050759998354981545, -5.254478079661858e-16, -0.0015442988539513501, -0.006675340497749149, -6.138478879219598e-16, -0.005075999835492867, -0.0013552522927889332, 0.0005477688900730193]
other derivatives: [-0.02319211 -0.04702088 -0.03997229  0.0093678  -0.00250111  0.        ]
Current x array =  [-0.55584929 -0.65240429 -0.67921295  0.53523387 -0.64614796  0.33647224
  0.05616913 -2.63189576 -1.53428802 -1.71927336 -4.14206865 -2.08779068
 -4.16594626 -2.87961925 -4.71289776 -2.57810878 -2.87961925 -2.30258509
 -4.60187966 -1.89379609 -2.30258509 -2.87961925 -2.68083738  0.24276532]
log likelihood =  -2210.92714531
Edge derivatives =  [-0.017395734373758187, 0.007526599688612252, -0.0012100839558150112, 0.007621920164266771, -0.004065803493763075, -0.00624735664581727, 0.0004338777944927312, -0.004694362587220335, -0.001560817235817285, 0.0017385581199613476, -0.0046943625872185035, 1.8448022775152894e-16, -0.001422885595111837, -0.009366063473571495, 9.827690061205619e-17, -0.004694362587223208, -0.002551646249395495, -0.018287112361962343]
other derivatives: [ 0.03801688  0.02155502 -0.03346941 -0.00813998  0.0079126   0.        ]
Current x array =  [-0.55592766 -0.65253277 -0.67919645  0.53541767 -0.64629234  0.33647224
  0.05635108 -2.63030254 -1.53377145 -1.71917215 -4.14282036 -2.08827695
 -4.16540276 -2.87941294 -4.71300718 -2.57884483 -2.87941294 -2.30258509
 -4.60303059 -1.8933896  -2.30258509 -2.87941294 -2.68116562  0.24297652]
log likelihood =  -2210.92713558
Edge derivatives =  [-0.017055461177153064, 0.006837419633363602, -0.0010153916593453882, 0.005748071898120655, -0.004694728896477762, -0.00531946035555847, -0.00024540044285560267, -0.004181193322341445, -0.0019227642917645643, 0.00209530495671717, -0.00418119332233978, -9.44846047312031e-16, -0.0011304049482199138, -0.008202182346464082, -8.915518283584474e-16, -0.0041811933223370595, -0.0005518529132087224, -0.01693077462255843]
other derivatives: [ 0.02310117  0.00109139 -0.00859472 -0.0093678   0.0046839   0.        ]
Current x array =  [-0.55591433 -0.65248662 -0.67926252  0.53543132 -0.646253    0.33647224
  0.05629765 -2.62944731 -1.53381878 -1.71905555 -4.14240131 -2.08838277
 -4.16472396 -2.87946148 -4.71263796 -2.57898027 -2.87946148 -2.30258509
 -4.60316045 -1.89339097 -2.30258509 -2.87946148 -2.68147659  0.24296831]
log likelihood =  -2210.92712492
Edge derivatives =  [-0.015339746577484048, 0.005757969924127367, -0.0034520907348752905, 0.00010535691958912796, -0.005254645895854615, -0.002141908534578546, -0.001490014405350331, -0.0031074745104944235, -0.002460364163492136, 0.0017059798903431567, -0.0031074745104945345, 2.609652413901473e-16, -0.0006241650953970994, -0.0064283775375615915, 2.9150809558344924e-16, -0.0031074745104926887, 0.001785529690819021, -0.01118242236563205]
other derivatives: [-0.01632543 -0.01132321  0.01641638 -0.01232365  0.00295586  0.        ]
Current x array =  [-0.55587629 -0.65245625 -0.67932734  0.53544318 -0.6462371   0.33647224
  0.05619779 -2.62798815 -1.53383904 -1.71873863 -4.14202975 -2.0885998
 -4.1636267  -2.87957862 -4.71212136 -2.57908314 -2.87957862 -2.30258509
 -4.6040575  -1.89340702 -2.30258509 -2.87957862 -2.68175222  0.24293034]
log likelihood =  -2210.92712098
Edge derivatives =  [-0.0043526497449982715, 0.005654627769585446, -0.005093300405828671, -0.004467229314347176, -0.0053577390296296705, 0.0014277145897137467, -0.002158008818544603, -0.001972011537938939, -0.0027172630578935417, 0.0013128631803505098, -0.001972011537936025, -1.7588563943598554e-16, -0.00013403599973654118, -0.004230633562561037, -1.4598046412907197e-16, -0.001972011537935983, 0.0030960199891654216, 0.0012894497853632725]
other derivatives: [ 0.05620677 -0.02992238  0.03483365 -0.00613909 -0.00163709  0.        ]
Current x array =  [-0.55595053 -0.65242383 -0.67938112  0.5353789  -0.64616455  0.33647224
  0.05601806 -2.62695704 -1.53386493 -1.71847077 -4.14197858 -2.08879067
 -4.16294166 -2.87970683 -4.7118545  -2.57911808 -2.87970683 -2.30258509
 -4.60492542 -1.89346208 -2.30258509 -2.87970683 -2.68185873  0.24282858]
  status: 0
 success: True
    nfev: 101
     fun: 2210.9271209770077
       x: array([-0.55595053, -0.65242383, -0.67938112,  0.5353789 , -0.64616455,
        0.33647224,  0.05601806, -2.62695704, -1.53386493, -1.71847077,
       -4.14197858, -2.08879067, -4.16294166, -2.87970683, -4.7118545 ,
       -2.57911808, -2.87970683, -2.30258509, -4.60492542, -1.89346208,
       -2.30258509, -2.87970683, -2.68185873,  0.24282858])
 message: 'CONVERGENCE: REL_REDUCTION_OF_F_<=_FACTR*EPSMCH'
     jac: array([ -5.62067726e-02,   2.99223757e-02,  -3.48336471e-02,
         6.13908924e-03,   1.63709046e-03,  -0.00000000e+00,
         4.35264974e-03,  -5.65462777e-03,   5.09330041e-03,
         4.46722931e-03,   5.35773903e-03,  -1.42771459e-03,
         2.15800882e-03,   1.97201154e-03,   2.71726306e-03,
        -1.31286318e-03,   1.97201154e-03,   1.75885639e-16,
         1.34036000e-04,   4.23063356e-03,   1.45980464e-16,
         1.97201154e-03,  -3.09601999e-03,  -1.28944979e-03])
     nit: 89
