number of sites to be analyzed:  621
Successfully loaded parameter value from ./save/HKY_ENSG00000101327_ENSG00000181195_nonclock_save.txt
log likelihood =  -2903.8560646
Edge derivatives =  [-0.0001512405339516576, -0.03247067154075835, -0.003250800615448822, -0.006269417775705, -0.0009326939845531734, -0.000983101476894642, -0.0004703347913747038, -0.001361812843017519, 0.0023753149933449427, -0.004689417436224974, -0.0013618128430143654, 0.0, -0.0007976113690444757, 0.007157997095532685, 0.0, -0.0013618128430220762, 0.0018435721838327007, 0.001830591699101958]
other derivatives: [ 0.00991349  0.00122782 -0.0003638   0.         -0.00095497]
Current x array =  [ -0.58932539  -0.84685206  -0.58706091   1.01187879 -10.88054994
  -1.05069001  -9.          -4.63695363  -3.46668797  -3.00211578
  -3.18092474  -5.59913767  -4.94387421  -5.91925398  -4.67063482
  -4.94387421  -2.30258509  -5.69930583  -4.6444463   -2.30258509
  -4.94387421  -5.32921909  -5.32924181]
log likelihood =  -2903.92558472
Edge derivatives =  [0.27240451061329407, -0.032314109053236756, 0.055208258640771224, 0.20498450745179064, 0.0330333281090075, 0.02398852876416, 0.010666198229613287, 0.009865608482537695, -0.0037753586036012275, 0.05080955541678378, 0.00986560848254006, -5.022806520966953e-16, 0.0025566323991678503, -0.07478392992913185, -3.8691030366775263e-16, 0.009865608482536033, -0.008069219955039406, -0.0077670548117335335]
other derivatives: [ -1.37893039e+01  -7.72934072e-01   4.05179890e-02  -4.28053681e-01
  -1.31876732e-03]
Current x array =  [ -0.5794119   -0.84562424  -0.58742471   1.01187879 -10.88150491
  -1.05084125  -9.          -4.64020443  -3.47295739  -3.00304847
  -3.18190784  -5.59960801  -4.94523602  -5.91687866  -4.67532423
  -4.94523602  -2.30258509  -5.70010344  -4.63728831  -2.30258509
  -4.94523602  -5.32737552  -5.32741122]
log likelihood =  -2903.85606442
Edge derivatives =  [0.0003146241552584028, -0.03247040350959202, -0.00314831412556469, -0.00589670744222226, -0.0008737424677883188, -0.0009401646760323623, -0.0004508337249171856, -0.0013423171908056551, 0.002364365500083364, -0.00459172432141286, -0.0013423171908038597, 6.545055796044278e-15, -0.0007918347996888004, 0.007013603974670685, 6.469213843090208e-15, -0.0013423171908057176, 0.001825900397269398, 0.0018134728584777993]
other derivatives: [-0.01632543 -0.00063665 -0.00154614 -0.00295586 -0.00131877]
Current x array =  [ -0.58930791  -0.84684989  -0.58706155   1.01187879 -10.88055162
  -1.05069027  -9.          -4.63695936  -3.46669903  -3.00211742
  -3.18092647  -5.5991385   -4.94387661  -5.91924979  -4.67064308
  -4.94387661  -2.30258509  -5.69930724  -4.64443368  -2.30258509
  -4.94387661  -5.32921584  -5.32923858]
  status: 0
 success: True
    nfev: 3
     fun: 2903.85606441622
       x: array([ -0.58930791,  -0.84684989,  -0.58706155,   1.01187879,
       -10.88055162,  -1.05069027,  -9.        ,  -4.63695936,
        -3.46669903,  -3.00211742,  -3.18092647,  -5.5991385 ,
        -4.94387661,  -5.91924979,  -4.67064308,  -4.94387661,
        -2.30258509,  -5.69930724,  -4.64443368,  -2.30258509,
        -4.94387661,  -5.32921584,  -5.32923858])
 message: 'CONVERGENCE: REL_REDUCTION_OF_F_<=_FACTR*EPSMCH'
     jac: array([  1.63254299e-02,   6.36646291e-04,   1.54614099e-03,
         2.95585778e-03,   1.31876732e-03,  -3.14624155e-04,
         3.24704035e-02,   3.14831413e-03,   5.89670744e-03,
         8.73742468e-04,   9.40164676e-04,   4.50833725e-04,
         1.34231719e-03,  -2.36436550e-03,   4.59172432e-03,
         1.34231719e-03,  -6.54505580e-15,   7.91834800e-04,
        -7.01360397e-03,  -6.46921384e-15,   1.34231719e-03,
        -1.82590040e-03,  -1.81347286e-03])
     nit: 1
