number of sites to be analyzed:  16
Successfully loaded parameter value from ./save/MG94_Force_ENSG00000178222_ENSG00000215277_nonclock_save.txt
log likelihood =  -388.996024705
Edge derivatives =  [-0.00032352278421488023, -1.0307116741558784e-05, -0.0022950826858292306, -7.465112353649363e-07, -8.069102067258925e-14, -0.0005011440245226428, 0.0001153658443259209, 0.0005464247503125796, -3.654125122622538e-14, -0.0008737590883316493, 0.0012211709901354256, 0.0003770872893627403, -0.0005495768626409547, -3.3839882552470594e-14]
other derivatives: [ 0.00579234 -0.00030127 -0.0150294   0.00270575 -0.00077875  0.        ]
Current x array =  [ -0.59080157  -0.66269496  -0.41660126   0.5124711   -0.4814911
   0.33647224   0.6492447   -9.          -1.61619147 -13.4858024
 -33.4531724   -3.43262178  -2.20129624   0.33579328 -34.33098076
  -1.17929716  -3.44603473  -3.43300615  -1.60902998 -34.39866825]
log likelihood =  -389.013434057
Edge derivatives =  [0.05562009281328617, 5.913273629582286e-07, 0.005348551928859635, -8.073105108913079e-07, -8.061215182600893e-14, 0.0004965799558830919, 0.007899455386378262, 4.066542698105691e-06, -3.655493884146968e-14, 0.012132392069900355, 0.0005078102469339013, 0.0005674761964347269, 0.005779529783199622, -3.383540083743686e-14]
other derivatives: [-1.00652642  0.08639063  1.89605771 -0.13171757 -0.00503064  0.        ]
Current x array =  [ -0.58500923  -0.66299623  -0.43163066   0.51517684  -0.48226985
   0.33647224   0.64892117  -9.          -1.61848656 -13.48580315
 -33.4531724   -3.43312293  -2.20118088   0.33633971 -34.33098076
  -1.18017092  -3.44481356  -3.43262907  -1.60957956 -34.39866825]
log likelihood =  -388.996023651
Edge derivatives =  [0.00013603274686557754, -1.0222610512927428e-05, -0.0022320870731914466, -7.469320364665645e-07, -8.069033145762535e-14, -0.0004926423263488383, 0.00017821843078080768, 0.000566180179486897, -3.654133360676958e-14, -0.0007664007507391934, 0.0012165789888186895, 0.00037941110949170354, -0.0004959898918838745, -3.383982897019658e-14]
other derivatives: [-0.00188152  0.00037517  0.00018758  0.0016712  -0.00080149  0.        ]
Current x array =  [ -0.59075722  -0.66269727  -0.41671634   0.51249182  -0.48149706
   0.33647224   0.64924222  -9.          -1.61620905 -13.48580241
 -33.4531724   -3.43262562  -2.20129536   0.33579747 -34.33098076
  -1.17930385  -3.44602538  -3.43300327  -1.60903419 -34.39866825]
log likelihood =  -388.996023557
Edge derivatives =  [0.00017437105189221924, -1.0217937481174857e-05, -0.002153241117472726, -7.464733027978901e-07, -8.069016511876877e-14, -0.00048808224377619447, 0.0001977433049432653, 0.0005183903698358083, -3.654127805222673e-14, -0.0007072897775048936, 0.0012084105282332697, 0.0003773723643581972, -0.00046839379321200747, -3.3839821246716846e-14]
other derivatives: [  1.25055521e-04   7.95807864e-05   8.69704309e-04   1.51203494e-03
  -6.93489710e-04   0.00000000e+00]
Current x array =  [ -0.59076853  -0.66269468  -0.41672095   0.51250498  -0.48150317
   0.33647224   0.64924308  -9.          -1.61622611 -13.48580241
 -33.4531724   -3.43262938  -2.20129402   0.33580178 -34.33098076
  -1.17930974  -3.44601609  -3.43300037  -1.60903799 -34.39866825]
  status: 0
 success: True
    nfev: 4
     fun: 388.9960235569316
       x: array([ -0.59076853,  -0.66269468,  -0.41672095,   0.51250498,
        -0.48150317,   0.33647224,   0.64924308,  -9.        ,
        -1.61622611, -13.48580241, -33.4531724 ,  -3.43262938,
        -2.20129402,   0.33580178, -34.33098076,  -1.17930974,
        -3.44601609,  -3.43300037,  -1.60903799, -34.39866825])
 message: 'CONVERGENCE: REL_REDUCTION_OF_F_<=_FACTR*EPSMCH'
     jac: array([ -1.25055521e-04,  -7.95807864e-05,  -8.69704309e-04,
        -1.51203494e-03,   6.93489710e-04,  -0.00000000e+00,
        -1.74371052e-04,   1.02179375e-05,   2.15324112e-03,
         7.46473303e-07,   8.06901651e-14,   4.88082244e-04,
        -1.97743305e-04,  -5.18390370e-04,   3.65412781e-14,
         7.07289778e-04,  -1.20841053e-03,  -3.77372364e-04,
         4.68393793e-04,   3.38398212e-14])
     nit: 2
