number of sites to be analyzed:  123
Successfully loaded parameter value from ./save/MG94_ENSG00000180817_ENSG00000138777_nonclock_save.txt
log likelihood =  -1547.89269202
Edge derivatives =  [-0.0010296970401661443, 0.004866281305525532, -0.0020229933985131954, -0.0036720163932235927, -0.002664677188754065, -0.005555083442406794, 0.00077066173146852, -0.0034798121413252003, -0.0004337404603080024, -0.0033782694786298473, -0.0034798121413253356, 2.6115471109532617e-16, 0.001872865301754293, -0.006457193260896318, 2.4625056365344895e-16, -0.003479812141324312, -0.000489998816691132, -0.00023540010490113832]
other derivatives: [-0.00484306 -0.00190994  0.00143245 -0.00582077 -0.00272848  0.00511591]
Current x array =  [ -0.59664724  -0.48996126  -0.96202991   1.03525273  -1.53604078
  -5.58546218  -0.6121108   -3.43590166  -2.33049999  -2.11539566
  -3.88401862  -1.62978939  -4.34242447  -4.46806644 -13.15369037
  -2.60268921  -4.46806644  -2.30258509  -4.34498155  -3.04947617
  -2.30258509  -4.46806644 -13.07514184  -5.46136583]
log likelihood =  -1547.90493775
Edge derivatives =  [0.16619196809774944, 0.004630349119467395, 0.06209133367156236, 0.09242332291418118, 0.024513205541874368, 0.23705732922171902, 0.005304901404996797, 0.007156354045805127, -0.0004331085865457984, 0.06788641673609652, 0.007156354045805446, 6.192558581914092e-16, -0.00037792241105538, 0.07294563970879804, 6.226289069942454e-16, 0.007156354045803694, -0.0004892600335133654, 0.0009722353382065185]
other derivatives: [ 3.70027919  0.9739324  -0.39924544  0.18694664  0.19524578  0.00577529]
Current x array =  [ -0.6014903   -0.4918712   -0.96059746   1.02943197  -1.53876927
  -5.58034628  -0.6131405   -3.43103538  -2.33252299  -2.11906767
  -3.8866833   -1.63534447  -4.34165381  -4.47154625 -13.15412411
  -2.60606748  -4.47154625  -2.30258509  -4.34310869  -3.05593336
  -2.30258509  -4.47154625 -13.07563184  -5.46160123]
log likelihood =  -1547.89269055
Edge derivatives =  [0.0007674229483968231, 0.004862877308904999, -0.0013328062318299916, -0.0026356314699252925, -0.002371977197321115, -0.0029356447549577225, 0.0008191798341655905, -0.0033650610999885304, -0.00043373369111531916, -0.0026097922371412507, -0.003365061099988305, 1.0353059374887619e-15, 0.0018483284893497341, -0.005599003588877369, 1.024657579438543e-15, -0.0033650610999876526, -0.0004899908840876453, -0.00022245257611352813]
other derivatives: [ 0.03526566  0.00848104 -0.00288765 -0.00397904 -0.00068212  0.00502496]
Current x array =  [ -0.59669945  -0.48998185  -0.96201447   1.03518998  -1.5360702
  -5.58540703  -0.6121219   -3.4358492   -2.3305218   -2.11543524
  -3.88404734  -1.62984927  -4.34241616  -4.46810395 -13.15369504
  -2.60272563  -4.46810395  -2.30258509  -4.34496136  -3.04954578
  -2.30258509  -4.46810395 -13.07514712  -5.46136836]
  status: 0
 success: True
    nfev: 3
     fun: 1547.8926905518395
       x: array([ -0.59669945,  -0.48998185,  -0.96201447,   1.03518998,
        -1.5360702 ,  -5.58540703,  -0.6121219 ,  -3.4358492 ,
        -2.3305218 ,  -2.11543524,  -3.88404734,  -1.62984927,
        -4.34241616,  -4.46810395, -13.15369504,  -2.60272563,
        -4.46810395,  -2.30258509,  -4.34496136,  -3.04954578,
        -2.30258509,  -4.46810395, -13.07514712,  -5.46136836])
 message: 'CONVERGENCE: REL_REDUCTION_OF_F_<=_FACTR*EPSMCH'
     jac: array([ -3.52656571e-02,  -8.48103809e-03,   2.88764568e-03,
         3.97903932e-03,   6.82121026e-04,  -5.02495823e-03,
        -7.67422948e-04,  -4.86287731e-03,   1.33280623e-03,
         2.63563147e-03,   2.37197720e-03,   2.93564475e-03,
        -8.19179834e-04,   3.36506110e-03,   4.33733691e-04,
         2.60979224e-03,   3.36506110e-03,  -1.03530594e-15,
        -1.84832849e-03,   5.59900359e-03,  -1.02465758e-15,
         3.36506110e-03,   4.89990884e-04,   2.22452576e-04])
     nit: 1
