number of sites to be analyzed:  621
Successfully loaded parameter value from ./save/HKY_ENSG00000101327_ENSG00000181195_nonclock_save.txt
log likelihood =  -2903.85606601
Edge derivatives =  [0.005419535762776095, -0.03246997128434571, -0.0036516289602412655, -0.007900295425503301, -0.0011064264315054917, -0.0011555049153626692, -0.0005249311166710714, -0.0014347999660234683, 0.0024103374045449117, -0.005061747825787832, -0.0014347999660162397, -1.0609169104006814e-15, -0.0008113554524887033, 0.007759140331630204, -1.0759140230113791e-15, -0.001434799966019376, 0.0019212888378779113, 0.0019079161262708002]
other derivatives: [ 0.01155058 -0.00281943 -0.00122782 -0.00795808 -0.0005457 ]
Current x array =  [ -0.58933041  -0.84684749  -0.58706007   1.01191689 -10.88054594
  -1.05070703  -9.          -4.63692968  -3.46663826  -3.00210861
  -3.18091729  -5.59913424  -4.94386459  -5.91927034  -4.6706012
  -4.94386459  -2.30258509  -5.69930032  -4.64449776  -2.30258509
  -4.94386459  -5.32923201  -5.32925464]
log likelihood =  -2903.95508666
Edge derivatives =  [-1.4611859103063058, -0.03254633584992816, 0.054081273208695796, 0.2548790926070883, 0.018606766560109816, 0.029415343845830805, 0.011967928507846434, 0.008290509510679143, -0.0026213106456500065, 0.05260024822919429, 0.008290509510670311, -1.150681344342598e-15, 0.0006723949185180808, -0.08168312107784738, -1.1020691039949144e-15, 0.00829050951067669, -0.009494290498070799, -0.009011254789189637]
other derivatives: [ -1.55807356e+01   1.34691618e+00   4.71527528e-01   5.29644240e-01
  -1.31876732e-03]
Current x array =  [ -0.57777983  -0.84966692  -0.58828789   1.00395881 -10.88109163
  -1.04528749  -9.          -4.64058131  -3.47453855  -3.00321504
  -3.1820728   -5.59965918  -4.94529939  -5.91686     -4.67566295
  -4.94529939  -2.30258509  -5.70011168  -4.63673862  -2.30258509
  -4.94529939  -5.32731072  -5.32734673]
log likelihood =  -2903.85606555
Edge derivatives =  [0.0022894702847315873, -0.032470144721100304, -0.0035297131763587578, -0.007339774051087655, -0.0010654179583607926, -0.0010918081873970836, -0.0004983732217120227, -0.0014144075935212837, 0.0023995540961345672, -0.004939102086132574, -0.0014144075935140204, 7.672087080164249e-15, -0.0008083375591402975, 0.007569351941376954, 7.666117213854181e-15, -0.0014144075935180016, 0.0018968668579780103, 0.0018845455273908008]
other derivatives: [-0.02019078  0.0007276  -0.00150067 -0.00568434 -0.00145519]
Current x array =  [ -0.58930585  -0.84685348  -0.58706268   1.01189997 -10.8805471
  -1.0506955   -9.          -4.63693745  -3.46665506  -3.00211096
  -3.18091975  -5.59913536  -4.94386764  -5.91926522  -4.67061197
  -4.94386764  -2.30258509  -5.69930205  -4.64448126  -2.30258509
  -4.94386764  -5.32922792  -5.32925058]
  status: 0
 success: True
    nfev: 3
     fun: 2903.8560655510323
       x: array([ -0.58930585,  -0.84685348,  -0.58706268,   1.01189997,
       -10.8805471 ,  -1.0506955 ,  -9.        ,  -4.63693745,
        -3.46665506,  -3.00211096,  -3.18091975,  -5.59913536,
        -4.94386764,  -5.91926522,  -4.67061197,  -4.94386764,
        -2.30258509,  -5.69930205,  -4.64448126,  -2.30258509,
        -4.94386764,  -5.32922792,  -5.32925058])
 message: 'CONVERGENCE: REL_REDUCTION_OF_F_<=_FACTR*EPSMCH'
     jac: array([  2.01907824e-02,  -7.27595761e-04,   1.50066626e-03,
         5.68434189e-03,   1.45519152e-03,  -2.28947028e-03,
         3.24701447e-02,   3.52971318e-03,   7.33977405e-03,
         1.06541796e-03,   1.09180819e-03,   4.98373222e-04,
         1.41440759e-03,  -2.39955410e-03,   4.93910209e-03,
         1.41440759e-03,  -7.67208708e-15,   8.08337559e-04,
        -7.56935194e-03,  -7.66611721e-15,   1.41440759e-03,
        -1.89686686e-03,  -1.88454553e-03])
     nit: 1
