number of sites to be analyzed:  41
Successfully loaded parameter value from ./save/MG94_ENSG00000182885_ENSG00000205336_nonclock_save.txt
log likelihood =  -892.644119769
Edge derivatives =  [0.003473803690993593, -0.0019102763492499354, 0.011873615632431958, 0.007110109336003978, -0.003399224786114402, -0.0076555460792165075, 8.561809834603529e-05, 0.0008213923487625507, -0.004955390456064801, 0.005852168162575722, 0.0008213923487623287, 1.2442383550776335e-16, 0.00043596363131565355, -0.0011071182535289572, 9.029153437583918e-17, 0.0008213923487630226, 0.000396214205251183, 6.834790311902386e-05]
other derivatives: [-0.07901235 -0.01607532 -0.00221689  0.00064801 -0.00538876 -0.00161435]
Current x array =  [ -0.70663622  -0.88031305  -0.49209136   0.76902282  -1.21497242
  -9.98904711   0.13155553  -9.          -2.34520949  -1.20229061
  -2.57272322  -2.12140443  -3.9884753   -3.46782716  -3.80569655
   0.98526253  -3.46782716  -2.30258509  -4.3418549  -11.15267334
  -2.30258509  -3.46782716  -4.34302813  -4.35295636]
log likelihood =  -893.600379025
Edge derivatives =  [0.16038833895447657, -0.0019116532007672272, -0.10756246927630542, 0.02893708445062526, 0.01493340341992866, 0.1012402590970994, 0.022570694080574452, 0.005104855596541669, -0.01647196776126246, 0.584236370238399, 0.005104855596541863, 6.051310022753595e-16, 0.0016584968313283176, -0.00110383949725736, 6.206180211680302e-16, 0.005104855596541558, 0.0015958714535120183, 0.0025301088804400053]
other derivatives: [  2.28475301e+01   2.59826720e+00   1.66011205e+00  -1.41017154e-01
   5.15967713e-01  -1.58024704e-03]
Current x array =  [ -0.78564858  -0.89638837  -0.49430825   0.76967083  -1.22036117
  -9.99066146   0.13502933  -9.          -2.33333587  -1.1951805
  -2.57612245  -2.12905997  -3.98838968  -3.46700577  -3.81065194
   0.9911147   -3.46700577  -2.30258509  -4.34141894 -11.15378045
  -2.30258509  -3.46700577  -4.34263192  -4.35288802]
log likelihood =  -892.644108371
Edge derivatives =  [0.0038950762272409456, -0.0019102951959450662, 0.011432020371329635, 0.0071635285176995245, -0.0033534597350692585, -0.007302478424246389, 0.00016097633979553216, 0.0008309853914069687, -0.005001951798527034, 0.007845790090477811, 0.0008309853914066079, -1.5872216844715159e-16, 0.00043789452189231526, -0.0011071096581954547, -2.0127194211310877e-16, 0.0008309853914064691, 0.000398051807850526, 7.451416044046769e-05]
other derivatives: [ 0.00644604 -0.00710543  0.00342197 -0.00019327 -0.0037403  -0.00161435]
Current x array =  [ -0.70689969  -0.88036666  -0.49209875   0.76902498  -1.21499039
  -9.98905249   0.13156711  -9.          -2.3451699   -1.2022669
  -2.57273456  -2.12142995  -3.98847501  -3.46782442  -3.80571308
   0.98528204  -3.46782442  -2.30258509  -4.34185345 -11.15267703
  -2.30258509  -3.46782442  -4.34302681  -4.35295614]
log likelihood =  -892.644106999
Edge derivatives =  [0.0035794914530704602, -0.0019102839266290279, 0.011270502272811483, 0.006758740482639802, -0.0032976927740070994, -0.007090411917709427, 0.0001729159270320163, 0.000832930069777027, -0.004999912850663424, 0.006815262404149536, 0.0008329300697764441, 2.3722240333274384e-17, 0.00043734409708946764, -0.001107104682616098, -5.162274280165704e-18, 0.0008329300697773045, 0.00039757573964061335, 7.469491690976007e-05]
other derivatives: [  5.29780664e-03  -4.01314537e-03   5.68434189e-05   3.41060513e-04
  -4.51336746e-03  -1.61435310e-03]
Current x array =  [ -0.70689635  -0.88039197  -0.49208865   0.76902452  -1.21500307
  -9.98905782   0.13157987  -9.          -2.3451321   -1.20224329
  -2.57274562  -2.12145411  -3.9884745   -3.46782168  -3.80572956
   0.9853075   -3.46782168  -2.30258509  -4.341852   -11.15268068
  -2.30258509  -3.46782168  -4.3430255   -4.35295589]
  status: 0
 success: True
    nfev: 4
     fun: 892.6441069990966
       x: array([ -0.70689635,  -0.88039197,  -0.49208865,   0.76902452,
        -1.21500307,  -9.98905782,   0.13157987,  -9.        ,
        -2.3451321 ,  -1.20224329,  -2.57274562,  -2.12145411,
        -3.9884745 ,  -3.46782168,  -3.80572956,   0.9853075 ,
        -3.46782168,  -2.30258509,  -4.341852  , -11.15268068,
        -2.30258509,  -3.46782168,  -4.3430255 ,  -4.35295589])
 message: 'CONVERGENCE: REL_REDUCTION_OF_F_<=_FACTR*EPSMCH'
     jac: array([ -5.29780664e-03,   4.01314537e-03,  -5.68434189e-05,
        -3.41060513e-04,   4.51336746e-03,   1.61435310e-03,
        -3.57949145e-03,   1.91028393e-03,  -1.12705023e-02,
        -6.75874048e-03,   3.29769277e-03,   7.09041192e-03,
        -1.72915927e-04,  -8.32930070e-04,   4.99991285e-03,
        -6.81526240e-03,  -8.32930070e-04,  -2.37222403e-17,
        -4.37344097e-04,   1.10710468e-03,   5.16227428e-18,
        -8.32930070e-04,  -3.97575740e-04,  -7.46949169e-05])
     nit: 2
