number of sites to be analyzed:  74
Successfully loaded parameter value from ./save/MG94_Force_ENSG00000182518_ENSG00000133193_nonclock_save.txt
log likelihood =  -1208.3224683
Edge derivatives =  [0.0037785760313893135, -0.005888523850855976, 0.002957417753001401, -0.001290298546888679, 0.005909720504655731, 0.005611243422394569, -8.467568177151358e-05, -0.0007405665174743874, 0.002775828082285315, -0.0003558020792393535, 0.0021536726213363666, -0.0003218774299086404, 0.0026366587064607927, -0.00025784462897337763]
other derivatives: [ 0.01077751  0.00802629  0.00759428  0.00345608 -0.00059117  0.        ]
Current x array =  [ -0.71322179  -0.65922254  -0.49720691   0.70193129  -0.65235056
   0.33647224  -0.56443075  -1.43895265  -0.54309936  -3.65015126
  -4.94010091  -4.32079805  -4.97030897 -11.62073358  -4.7742892
  -0.59500425  -4.97490947 -12.80180839  -4.97538624 -13.23337011]
log likelihood =  -1208.37040947
Edge derivatives =  [-0.21647785228271477, 0.0273673930093514, -0.24009305943733295, -0.01619178177423581, -0.003769264964353529, -0.004414799538707107, -0.0011338659496777648, -0.0007443234136455218, -0.0029792508176107874, -0.04045746308451448, -0.0011559225385333674, -0.00032439815225698224, -0.001153481396146249, -0.0002580690235492806]
other derivatives: [-4.98869213 -2.07044195 -3.20676463 -0.11473276 -0.10286385  0.        ]
Current x array =  [ -0.70244428  -0.65119625  -0.48961263   0.70538737  -0.65294173
   0.33647224  -0.56065217  -1.44484117  -0.54014194  -3.65144156
  -4.93419119  -4.31518681  -4.97039365 -11.62147415  -4.77151337
  -0.59536005  -4.9727558  -12.80213027  -4.97274958 -13.23362796]
log likelihood =  -1208.32246748
Edge derivatives =  [0.0028814402512146176, -0.005748685669042103, 0.0019653493847189285, -0.0013521991198947644, 0.005870124211386413, 0.005570165286087732, -8.888603346651758e-05, -0.0007405819486790736, 0.0027522244100475803, -0.0005138308694336846, 0.002140149036556859, -0.0003218878881768591, 0.0026211597597393353, -0.0002578455284354804]
other derivatives: [-0.00950422 -0.00045475 -0.00545697  0.00291038 -0.00102318  0.        ]
Current x array =  [ -0.71317736  -0.65918945  -0.4971756    0.70194554  -0.652353
   0.33647224  -0.56441517  -1.43897692  -0.54308717  -3.65015658
  -4.94007655  -4.32077492  -4.97030932 -11.62073664  -4.77427775
  -0.59500571  -4.97490059 -12.80180972  -4.97537537 -13.23337118]
  status: 0
 success: True
    nfev: 3
     fun: 1208.3224674787987
       x: array([ -0.71317736,  -0.65918945,  -0.4971756 ,   0.70194554,
        -0.652353  ,   0.33647224,  -0.56441517,  -1.43897692,
        -0.54308717,  -3.65015658,  -4.94007655,  -4.32077492,
        -4.97030932, -11.62073664,  -4.77427775,  -0.59500571,
        -4.97490059, -12.80180972,  -4.97537537, -13.23337118])
 message: 'CONVERGENCE: REL_REDUCTION_OF_F_<=_FACTR*EPSMCH'
     jac: array([  9.50421963e-03,   4.54747351e-04,   5.45696821e-03,
        -2.91038305e-03,   1.02318154e-03,  -0.00000000e+00,
        -2.88144025e-03,   5.74868567e-03,  -1.96534938e-03,
         1.35219912e-03,  -5.87012421e-03,  -5.57016529e-03,
         8.88860335e-05,   7.40581949e-04,  -2.75222441e-03,
         5.13830869e-04,  -2.14014904e-03,   3.21887888e-04,
        -2.62115976e-03,   2.57845528e-04])
     nit: 1
