number of sites to be analyzed:  621
Successfully loaded parameter value from ./save/HKY_ENSG00000101327_ENSG00000181195_nonclock_save.txt
log likelihood =  -2903.85606255
Edge derivatives =  [0.0001686095360812212, -0.03247041284801053, -0.0024255759142286504, -0.0032844299933180165, -0.0005182537738775486, -0.0006361114982243593, -0.0003639468993597147, -0.001165051281200662, 0.002272517401392507, -0.0037970601117617298, -0.0011650512811967658, 0.0, -0.0007505845905239538, 0.005743286035227543, 0.0, -0.0011650512811989307, 0.0016509149811417233, 0.0016387402423031824]
other derivatives: [-0.01000444 -0.00013642  0.00291038  0.00172804 -0.00122782]
Current x array =  [ -0.58930978  -0.84684887  -0.58706361   1.01185333 -10.88056465
  -1.05069232  -9.          -4.63700669  -3.46677724  -3.00212932
  -3.18093998  -5.59914549  -4.94389794  -5.9192105   -4.67071457
  -4.94389794  -2.30258509  -5.69932032  -4.64432504  -2.30258509
  -4.94389794  -5.32918633  -5.32920928]
log likelihood =  -2903.92556868
Edge derivatives =  [-0.2158926077878981, -0.03259617619939035, 0.02565465688373347, 0.10633082396788163, 0.006682830499245805, 0.01728691688021842, -0.0012415136120706985, 0.00870106897645392, -0.0030350518748160048, 0.035144492451878784, 0.0087010689764503, 5.129094601186047e-15, 0.0010649855687797152, -0.06399360919768518, 5.176249700206399e-15, 0.008701068976451091, -0.009114033376127921, -0.009497131625971107]
other derivatives: [  1.32900823e+01   1.98133421e-01  -1.66910468e+00   2.47564458e-01
  -1.68256520e-03]
Current x array =  [ -0.59931422  -0.84698529  -0.58415323   1.01358137 -10.88179247
  -1.05052371  -9.          -4.63943226  -3.47006167  -3.00264757
  -3.18157609  -5.59950943  -4.94506299  -5.91693798  -4.67451163
  -4.94506299  -2.30258509  -5.7000709   -4.63858175  -2.30258509
  -4.94506299  -5.32753541  -5.32757054]
log likelihood =  -2903.8560624
Edge derivatives =  [-0.000135831075483428, -0.032470590812202174, -0.0023874537724890427, -0.0031344311274608128, -0.0005088596625136207, -0.0006122282351788202, -0.0003652375627101103, -0.0011516773454050694, 0.002265193591838895, -0.0037437665455728464, -0.0011516773454034249, 0.0, -0.0007481677811208695, 0.005647760097943027, 0.0, -0.0011516773454031595, 0.0016360650871299846, 0.0016233840361387832]
other derivatives: [ 0.00582077 -0.00222826 -0.00436557 -0.00122782 -0.00113687]
Current x array =  [ -0.58932349  -0.84684906  -0.58705962   1.0118557  -10.88056634
  -1.05069209  -9.          -4.63701001  -3.46678174  -3.00213003
  -3.18094085  -5.59914598  -4.94389953  -5.91920738  -4.67071978
  -4.94389953  -2.30258509  -5.69932135  -4.64431716  -2.30258509
  -4.94389953  -5.32918406  -5.32920704]
  status: 0
 success: True
    nfev: 3
     fun: 2903.8560623986814
       x: array([ -0.58932349,  -0.84684906,  -0.58705962,   1.0118557 ,
       -10.88056634,  -1.05069209,  -9.        ,  -4.63701001,
        -3.46678174,  -3.00213003,  -3.18094085,  -5.59914598,
        -4.94389953,  -5.91920738,  -4.67071978,  -4.94389953,
        -2.30258509,  -5.69932135,  -4.64431716,  -2.30258509,
        -4.94389953,  -5.32918406,  -5.32920704])
 message: 'CONVERGENCE: REL_REDUCTION_OF_F_<=_FACTR*EPSMCH'
     jac: array([-0.00582077,  0.00222826,  0.00436557,  0.00122782,  0.00113687,
        0.00013583,  0.03247059,  0.00238745,  0.00313443,  0.00050886,
        0.00061223,  0.00036524,  0.00115168, -0.00226519,  0.00374377,
        0.00115168, -0.        ,  0.00074817, -0.00564776, -0.        ,
        0.00115168, -0.00163607, -0.00162338])
     nit: 1
