number of sites to be analyzed:  154
log likelihood =  -2693.476677
Edge derivatives =  [110.10570967673306, 1.1073236906922983, -30.87812929896685, -21.60032741579718, -48.0263136307577, -42.46700619383347, -53.74427885230763, -51.55016489807849, -57.40049834534531, -43.428259939967454, -51.55016489807848, 3.378995780547163e-17, -56.36866623419222, -52.99832304857614, 3.7424511029366445e-18, -51.550164898078464, -57.71429015312811, -57.03415424530205]
other derivatives: [  -6.64526851    0.90763024   -6.89587978   45.37178029 -265.46608751
 -398.00952436]
Current x array =  [-0.71581104 -0.75243771 -0.63344599  0.18232156 -0.10536052  0.33647224
 -2.30258509 -2.30258509 -2.30258509 -2.30258509 -2.30258509 -2.30258509
 -2.30258509 -2.30258509 -2.30258509 -2.30258509 -2.30258509 -2.30258509
 -2.30258509 -2.30258509 -2.30258509 -2.30258509 -2.30258509 -2.30258509]
log likelihood =  -2331.86644676
Edge derivatives =  [112.22464379410302, 2.3284841854116425, -13.290556164863332, -5.41692798383409, -27.452185411814895, -22.55181902681052, -32.38197003135397, -31.78689511976662, -35.78437354005298, -23.127684517043964, -31.786895119766612, 2.3485893075386233e-15, -34.48417543721575, -31.69416184332091, 2.287008027691137e-15, -31.786895119766612, -35.625633883066854, -34.83288496472316]
other derivatives: [ -5.13409759e-02  -7.93797881e+00   1.08443146e+01   3.65375854e+01
  -1.44172282e+02  -1.40788825e+02]
Current x array =  [-0.72843039 -0.75110378 -0.64654126  0.26848247 -0.60948005 -0.419347
 -2.09349458 -2.30048229 -2.36122259 -2.34360407 -2.39378696 -2.38322985
 -2.40464536 -2.40047875 -2.41158852 -2.38505527 -2.40047875 -2.30258509
 -2.40962907 -2.4032288  -2.30258509 -2.40047875 -2.41218441 -2.41089283]
log likelihood =  -2098.69927884
Edge derivatives =  [97.22174171533786, 1.9963224030141833, -7.2245905544722975, -1.4448405154495887, -18.6973355827382, -12.92788428415991, -22.279335887759263, -22.1274693242618, -25.25479980174528, -14.229040340180457, -22.127469324261806, -1.0971243696755245e-15, -23.94828281127921, -21.752339677645804, -1.1165562547170644e-15, -22.127469324261806, -25.02400243032411, -24.253694583758772]
other derivatives: [ -3.97453732  -1.79365998  -8.37853804  19.43212737 -82.37220754
 -63.89159353]
Current x array =  [-0.72300577 -0.80021658 -0.57510793  0.44995714 -1.25096343 -0.92601929
 -1.51085353 -2.28737753 -2.41482967 -2.35767337 -2.51810948 -2.48275943
 -2.55380154 -2.54793506 -2.57813461 -2.48723264 -2.54793506 -2.30258509
 -2.56921447 -2.54887544 -2.30258509 -2.54793506 -2.57750118 -2.57200959]
log likelihood =  -1909.03073881
Edge derivatives =  [-25.733722589162547, -3.5818050338598226, -3.114465498759438, -1.1498955475845436, -10.986222495229987, -4.807430408755092, -12.865451743447595, -12.551452460233314, -15.022610120426434, -6.598540517977826, -12.551452460233316, -2.6380078091592974e-17, -13.815967946440152, -12.145389153037792, -2.995838379724841e-18, -12.551452460233316, -14.604853910279093, -13.978237875082037]
other derivatives: [  54.96544873  -31.36378837  183.64457901   -1.36978997  -23.8985649
  -23.41632808]
Current x array =  [-0.81908984 -0.79769392 -0.84446295  0.70037869 -2.36296752 -1.57975993
  0.18570424 -2.25247114 -2.50709125 -2.35676917 -2.80431322 -2.65758366
 -2.89745113 -2.89181924 -2.97384679 -2.69039463 -2.89181924 -2.30258509
 -2.94080113 -2.88383165 -2.30258509 -2.89181924 -2.96843543 -2.94888947]
log likelihood =  -2092.37498676
Edge derivatives =  [-42.0253152253622, -1.0232859942157546, -0.5102654888649955, 1.2601770589750358, -6.64565977017843, 0.5950232639760136, -8.048434509896227, -8.48971856053863, -10.092404379765993, -1.9022925656298888, -8.48971856053863, -3.6526039803308067e-16, -8.106221074504578, -8.241385463430381, -3.13866083907975e-16, -8.489718560538629, -9.71842430673628, -9.000296779207112]
other derivatives: [ -136.17914192     7.8011908  -3244.19647768     4.57030183   -45.42744136
    -4.65615813]
Current x array =  [-0.53959674 -0.98327703 -0.05        0.82074119 -3.10806562 -2.03448076
  1.02690261 -2.25430823 -2.57520258 -2.35918608 -3.0349666  -2.78144864
 -3.17269895 -3.16573214 -3.29335552 -2.84347003 -3.16573214 -2.30258509
 -3.23826422 -3.14956021 -2.30258509 -3.16573214 -3.28239577 -3.2505147 ]
log likelihood =  -1847.31216056
Edge derivatives =  [-24.922583069983666, -1.6570723831162173, -0.5789598227636477, 1.2540988520158245, -8.085220389082377, -1.5353161459803164, -9.86250801361374, -9.768393779876877, -11.964463834427313, -3.6871041455844473, -9.768393779876872, -1.1497477859908708e-15, -10.613009254492667, -9.25169610112355, -1.1622239143333128e-15, -9.768393779876874, -11.55302229799671, -10.889935461552074]
other derivatives: [-32.96840987 -15.21786999  27.04693998   6.16753368 -27.87967333
 -16.57942903]
Current x array =  [-0.69844552 -0.87780162 -0.50152982  0.75233365 -2.68459211 -1.77604201
  0.5488109  -2.25326413 -2.53649178 -2.35781244 -2.90387568 -2.71105048
 -3.01626296 -3.01005485 -3.11176402 -2.75647024 -3.01005485 -2.30258509
 -3.06920227 -2.99853445 -2.30258509 -3.01005485 -3.10395768 -3.07908721]
log likelihood =  -1836.10918062
Edge derivatives =  [-21.987801895187165, -0.7110040606401637, 0.4703210511535037, 2.374812294856363, -6.319393234840481, 0.31747287979043426, -7.9669349675248675, -8.005356906432443, -9.956418372616323, -1.979798149378039, -8.00535690643244, 5.28328586328395e-17, -8.505118563699249, -7.48265703103754, 3.751739190392594e-17, -8.005356906432441, -9.569920825346449, -8.89589189559452]
other derivatives: [  12.17390491    2.71504632 -137.79269921    3.32443051  -24.69619176
  -11.28762506]
Current x array =  [-0.76034255 -0.95046262 -0.34884782  0.82600737 -3.03788772 -1.97787142
  0.85686107 -2.2530213  -2.56146595 -2.35381212 -3.00331383 -2.75957587
 -3.1360304  -3.12945009 -3.25186685 -2.81954813 -3.12945009 -2.30258509
 -3.19858067 -3.11383635 -2.30258509 -3.12945009 -3.24132645 -3.21063585]
log likelihood =  -1822.35857251
Edge derivatives =  [-18.348113837051734, -0.35094427696624936, 1.149634900131626, 3.118140295636299, -5.272008496260681, 1.1729412437530353, -6.869962119017269, -6.857335593162903, -8.833575145332961, -0.9844293158014963, -6.857335593162903, -2.998898478175216e-16, -7.404702714096067, -6.255847925750703, -3.314471057931433e-16, -6.857335593162902, -8.388379661496637, -7.722821877692186]
other derivatives: [ 26.37466423   9.63616458 -36.06280643   1.58709099 -17.21064109
  -8.8876277 ]
Current x array =  [-0.78590011 -0.9774243  -0.41822135  0.87721384 -3.27637626 -2.12129081
  1.05475372 -2.25141191 -2.57720643 -2.35079125 -3.06573791 -2.79017349
 -3.21143883 -3.20466881 -3.340017   -2.85928872 -3.20466881 -2.30258509
 -3.27987968 -3.18653896 -2.30258509 -3.20466881 -3.32780686 -3.29344409]
log likelihood =  -1809.98694126
Edge derivatives =  [-11.871486962898064, 0.11657466433231227, 1.9630220728936405, 4.1935831378726585, -3.442115865117332, 2.730770203615394, -4.889478581522687, -4.899286208346134, -6.836376774317177, 0.7745246186648462, -4.899286208346134, -2.1917193772423237e-16, -5.363919116544178, -4.17405396648189, -2.0739882513645444e-16, -4.899286208346134, -6.302409628090357, -5.638842317526507]
other derivatives: [ 30.47523478  21.32467216   1.38741143  -2.68041731  -6.88664841
  -4.70636223]
Current x array =  [-0.78963539 -1.0300109  -0.4470294   0.98915384 -3.82100949 -2.44652006
  1.51392252 -2.24801474 -2.61234226 -2.34115152 -3.21310825 -2.85933477
 -3.3898116  -3.38254863 -3.54928881 -2.95103336 -3.38254863 -2.30258509
 -3.47236231 -3.35807455 -2.30258509 -3.38254863 -3.53283508 -3.48951076]
log likelihood =  -1802.43829828
Edge derivatives =  [-5.043148145499526, 0.2676712672943097, 1.905813334200901, 4.262553850876891, -2.059799795660996, 3.5188081960944255, -3.2011729387914207, -3.335853905859178, -5.1970157501744705, 1.949273993637841, -3.3358539058591803, 6.090091268507205e-16, -3.6804817083893546, -2.4898835716543983, 6.047850421844608e-16, -3.3358539058591785, -4.578682436595257, -3.927140559462664]
other derivatives: [-40.73367563  -6.20755145   5.70162229  -4.83621534   2.98578016
  -1.98685939]
Current x array =  [-0.68945866 -0.93391974 -0.44745159  1.07628515 -4.37685326 -2.77043989
  1.94043716 -2.24233615 -2.63353623 -2.30343836 -3.37516965 -2.90817349
 -3.59094937 -3.58355569 -3.79276643 -3.03314552 -3.58355569 -2.30258509
 -3.69031781 -3.54804249 -2.30258509 -3.58355569 -3.76870088 -3.71253226]
log likelihood =  -1800.08317721
Edge derivatives =  [-1.7390585936435363, 0.3441492617630318, 1.9302301492638358, 4.434693237017464, -1.460088375733247, 3.986960913684264, -2.502484116010477, -2.6480098549304008, -4.486132721501965, 2.501420740819592, -2.6480098549304016, -3.9031598632624546e-16, -2.9618123772579894, -1.7635241090951768, -3.794314696238539e-16, -2.6480098549304025, -3.8528463865036673, -3.2001380821607768]
other derivatives: [ 4.63380729 -4.76641162  4.40377335 -6.60147634  7.10438144 -1.32220066]
Current x array =  [-0.74604244 -0.93598693 -0.44519653  1.10445447 -4.60997957 -2.91942359
  2.12731851 -2.23960725 -2.64111603 -2.2815597  -3.44916459 -2.92496663
 -3.68351279 -3.67633673 -3.90688694 -3.06641549 -3.67633673 -2.30258509
 -3.79100238 -3.63470685 -2.30258509 -3.67633673 -3.87853071 -3.81579173]
log likelihood =  -1799.35363929
Edge derivatives =  [-1.3923366298152287, 0.3522257087478851, 1.8010559473264738, 4.290723449018688, -1.260106737945048, 4.053490020595981, -2.229295899297345, -2.383395080073724, -4.204679913925748, 2.629028064012876, -2.3833950800737247, -1.6817518671091336e-16, -2.677054649100268, -1.4942764333786434, -1.1942590301946584e-16, -2.383395080073725, -3.563716632857394, -2.9153969308435475]
other derivatives: [ 6.39579412 -3.9317456   0.26197995 -6.34804564  7.70396582 -1.08464064]
Current x array =  [-0.74816008 -0.93887186 -0.44063712  1.10009036 -4.68034072 -2.97361339
  2.18822071 -2.23803819 -2.63936391 -2.26366735 -3.47972606 -2.92217953
 -3.72322221 -3.71643227 -3.95886479 -3.07316417 -3.71643227 -2.30258509
 -3.83469587 -3.67063668 -2.30258509 -3.71643227 -3.92756175 -3.86096521]
log likelihood =  -1795.61156788
Edge derivatives =  [-3.19180982244467, 0.34850868263338364, 0.7067501214540745, 2.6979226054726135, -0.6998500150342459, 3.6481376519759734, -1.2356635150624917, -1.4045293180681906, -3.13666913934052, 2.620110509143261, -1.4045293180681906, -4.480473390296213e-21, -1.6214879618623277, -0.5504073584245903, 2.7022277782969118e-21, -1.404529318068191, -2.4745649386680366, -1.8605233237722614]
other derivatives: [  7.11270332  -1.04105311 -14.48750027  -2.27489636   6.38619895
  -0.44719854]
Current x array =  [-0.75021873 -0.94891936 -0.42618914  1.0084963  -4.80578898 -3.1544522
  2.32487666 -2.22877126 -2.60821862 -2.14546306 -3.59620114 -2.85314008
 -3.88279391 -3.87944076 -4.18704756 -3.05596055 -3.87944076 -2.30258509
 -4.01352299 -3.80722525 -2.30258509 -3.87944076 -4.13671366 -4.04813505]
log likelihood =  -1791.95588587
Edge derivatives =  [-5.0164116640691665, 0.35258890223381395, -0.8223888273963071, -0.07614406916330785, -0.5853636320742632, 2.1539015889825572, -0.5632288449952229, -0.716020202118062, -2.3502862571456196, 1.7752532059496853, -0.7160202021180624, 3.459720527465519e-16, -0.8735225689859479, 0.029926730429577022, 3.1615903218556583e-16, -0.716020202118062, -1.6836291672595958, -1.1158869194098484]
other derivatives: [  4.77641606  -1.88092599 -19.25275228   3.19018909   4.14920578
  -0.25797817]
Current x array =  [-0.74989311 -0.94637195 -0.42214983  0.87053903 -4.69550469 -3.24422056
  2.22790768 -2.21612404 -2.55726819 -1.99454925 -3.68044396 -2.71179241
 -4.00830854 -4.01072855 -4.39990948 -2.97481264 -4.01072855 -2.30258509
 -4.15970994 -3.90161928 -2.30258509 -4.01072855 -4.32200846 -4.2050823 ]
log likelihood =  -1788.09840169
Edge derivatives =  [-2.335947198583151, 0.3928542758260093, -2.279025255464667, -3.577664933796365, -0.8826249490635609, -1.4824312959861625, -0.13181726727937562, -0.17203860040108568, -1.6589014889763836, -0.6458570783524795, -0.17203860040108496, -2.390214515007127e-17, -0.2418307155601175, 0.2524085952334578, 3.810768754743767e-17, -0.17203860040108457, -0.9871776090049527, -0.5067314335569918]
other derivatives: [ -8.89274361  19.91795671 -25.27142442   5.15487955   4.37300969
  -0.44244644]
Current x array =  [-0.7306814  -1.03468319 -0.41487873  0.81430964 -4.22328762 -3.2406835
  1.70093283 -2.18873924 -2.51750616 -1.84472528 -3.75382119 -2.4601045
 -4.11581551 -4.12964458 -4.66348855 -2.79495125 -4.12964458 -2.30258509
 -4.29725776 -3.95349448 -2.30258509 -4.12964458 -4.53036863 -4.36272312]
log likelihood =  -1785.18616004
Edge derivatives =  [-2.001313244932536, 0.22624137878314568, -3.2725812298533636, -6.364312460920089, -1.1956147179416343, -5.535334330882518, 0.0711716425831268, 0.07015851315419369, -1.270984593827074, -3.1861474557042397, 0.07015851315419393, -1.0747626037257448e-15, 0.054476833448381196, 0.26493461445740796, -1.0581198699216842e-15, 0.07015851315419347, -0.6130664282376311, -0.19763137237962702]
other derivatives: [ 1.83599695 -3.75077889 -9.86035502  6.16037141  2.89894615 -0.7116796 ]
Current x array =  [-0.74615225 -0.93794406 -0.43169051  0.79342373 -3.73978654 -3.20531304
  1.20571578 -2.16462353 -2.50001355 -1.76134795 -3.79896423 -2.27175261
 -4.17679465 -4.19953947 -4.85356928 -2.65125412 -4.19953947 -2.30258509
 -4.38036179 -3.9691074  -2.30258509 -4.19953947 -4.67269376 -4.46304257]
log likelihood =  -1783.24115842
Edge derivatives =  [-2.1712228621967253, -0.03185896766358527, -2.719820547210777, -4.968560175992836, -1.2656345664448687, -6.147314320090291, -0.20269493761062704, -0.16238871849497466, -1.3613821233033325, -3.9376808356294974, -0.16238871849497505, 1.7977646667258954e-16, -0.17721156390287104, -0.1065649831149842, 2.113411317054359e-16, -0.16238871849497485, -0.7406662294375012, -0.3846338793780481]
other derivatives: [ 3.39862254 -0.87836725 -0.78368885  3.03462002  1.94006589 -1.01442765]
Current x array =  [-0.74274447 -0.94025002 -0.44410707  0.88369294 -3.46565865 -3.11497595
  0.93276843 -2.15678993 -2.53327297 -1.83220779 -3.77181425 -2.26634496
 -4.12649435 -4.15124396 -4.83315612 -2.62323843 -4.15124396 -2.30258509
 -4.33027315 -3.90964428 -2.30258509 -4.15124396 -4.63715424 -4.41778742]
log likelihood =  -1783.4501054
Edge derivatives =  [8.343687987017523, -0.680836599172715, -1.415937970779508, -1.7391623939024987, -1.1355677365193588, -6.385153349347591, -0.6574300475955045, -0.5999049375166763, -1.4462819800068485, -4.843866139606359, -0.5999049375166765, -6.735770222115269e-16, -0.6015560074647819, -0.8325868081640869, -7.204175178692594e-16, -0.5999049375166765, -0.9196129621541586, -0.6983607209001212]
other derivatives: [ 5.06377091  1.49277639 -8.32822025 -8.5566171  -1.08125278 -1.47219907]
Current x array =  [-0.72649176 -0.91991281 -0.45243082  1.07121975 -2.90995162 -2.96658661
  0.35211668 -2.1419757  -2.62215149 -1.99810797 -3.74453779 -2.30848466
 -4.04840778 -4.07723744 -4.83810719 -2.60638487 -4.07723744 -2.30258509
 -4.25495889 -3.80881414 -2.30258509 -4.07723744 -4.60153769 -4.35548041]
log likelihood =  -1782.01827435
Edge derivatives =  [0.6242423447345693, -0.39707397920738596, -2.047946529681569, -3.2857392352949804, -1.2105194175266831, -6.23387954119591, -0.42918632166970355, -0.3775048925387216, -1.4041635632733276, -4.382622244790225, -0.3775048925387215, -2.0150175201884494e-16, -0.38377946445132977, -0.46470880116351904, -2.0049024399884954e-16, -0.377504892538721, -0.829642830235785, -0.5395913114912683]
other derivatives: [ 3.71546776 -0.21791493 -3.04733021 -1.7440243   0.98505097 -1.25253337]
Current x array =  [-0.73450477 -0.92993958 -0.448327    0.97876415 -3.18392964 -3.03974642
  0.6383931  -2.1492795  -2.57833207 -1.91631486 -3.75798579 -2.28770869
 -4.08690649 -4.11372458 -4.83566618 -2.61469411 -4.11372458 -2.30258509
 -4.29209078 -3.85852602 -2.30258509 -4.11372458 -4.61909758 -4.38619939]
log likelihood =  -1818.65021978
Edge derivatives =  [-1.596153276602033, -0.5248506693758919, 1.348718510131923, 3.258638132089462, 0.6800464721742757, 0.9304204979336886, 0.25128254089223895, 0.3650962311331504, -0.7990769600865801, 0.10447819028810046, 0.3650962311331504, 7.059435941656366e-16, -0.08592922711205339, 0.4944973625005633, 7.229976033521288e-16, 0.3650962311331501, -0.1903830299956394, 0.09253098439465511]
other derivatives: [  16.97171683   22.8308636   171.49109226  -15.27746463    9.11422831
    0.19454092]
Current x array =  [-0.72443045 -1.01493758 -0.79264896  1.22958809 -3.31569477 -3.35482917
  0.72330897 -2.14609504 -2.82045908 -2.23453408 -4.00542935 -2.7447987
 -4.28800451 -4.31657651 -5.22436475 -2.94894962 -4.31657651 -2.30258509
 -4.51513439 -4.02592829 -2.30258509 -4.31657651 -4.92746323 -4.6367412 ]
log likelihood =  -1781.7360206
Edge derivatives =  [0.6547210952006313, -0.4033724402562116, -1.7086659438844796, -2.600064860644791, -1.0285086687404252, -5.508856456869077, -0.3547530818968171, -0.29896063114600396, -1.3431056764113507, -3.9349957583563127, -0.29896063114600296, 9.939011553216719e-16, -0.3523396509725762, -0.35807932324526937, 1.0124554619841056e-15, -0.29896063114600346, -0.7654638244409331, -0.4746944327221244]
other derivatives: [  4.77045887   1.8060291   19.63055638  -2.8024715    1.90555056
  -1.13350325]
Current x array =  [-0.73375441 -0.93627047 -0.47397304  0.99744621 -3.19374387 -3.06321465
  0.64471787 -2.14904231 -2.59636636 -1.94001671 -3.77641607 -2.32175401
 -4.10188482 -4.12883355 -4.86461752 -2.63959038 -4.12883355 -2.30258509
 -4.30870369 -3.8709946  -2.30258509 -4.12883355 -4.6420655  -4.40486043]
log likelihood =  -1781.15481025
Edge derivatives =  [0.5782990083287352, -0.3420893162957428, -0.9175143647757387, -0.8511918003342647, -0.8593654413406295, -3.712289568418635, -0.4394478222991521, -0.4153607996401511, -1.409645470878053, -2.94259069216109, -0.41536079964015105, 3.2633679764083436e-19, -0.46586977805580854, -0.44845404010997464, 2.678656608267699e-19, -0.4153607996401509, -0.8612679666708511, -0.5782626030522897]
other derivatives: [ -1.55823727  -2.12091891  11.61602086  -4.09861514   2.60506567
  -0.99812496]
Current x array =  [-0.72443881 -0.92468414 -0.46296857  1.04583389 -3.2364349  -3.06613408
  0.6891541  -2.15320689 -2.62958804 -2.010222   -3.77203003 -2.40934897
 -4.08133005 -4.10636645 -4.8314606  -2.69704232 -4.10636645 -2.30258509
 -4.2833029  -3.85772365 -2.30258509 -4.10636645 -4.61116519 -4.37827796]
log likelihood =  -1780.34596841
Edge derivatives =  [0.412127989479101, -0.422305209387505, -0.36268109076357785, 0.23056033956651373, -0.5177528846462203, -2.390595376255245, -0.2533196852676624, -0.2623495303356127, -1.240148905513669, -2.1153741037491627, -0.26234953033561204, -6.232979619907841e-16, -0.3159221507224577, -0.29228237874436025, -5.86370417011313e-16, -0.26234953033561237, -0.6924208929231915, -0.4137995899476927]
other derivatives: [-1.75821242  0.30227056  4.07255811 -4.20041033  1.26506166 -0.7450808 ]
Current x array =  [-0.722671   -0.93006226 -0.45624978  1.05201045 -3.17443295 -3.10953388
  0.64508561 -2.15193107 -2.66636702 -2.05112656 -3.81547816 -2.47539786
 -4.11691058 -4.14300174 -4.91312059 -2.74528293 -4.14300174 -2.30258509
 -4.3243424  -3.88369597 -2.30258509 -4.14300174 -4.67302811 -4.42577171]
log likelihood =  -1779.52389387
Edge derivatives =  [-1.851748052003026, -0.5574394638602574, 0.11220027370742203, 0.9957353921092883, 0.12180221590189555, -0.5166180635757627, 0.2944307158126067, 0.21434080790718374, -0.8318275358178276, -0.7093191945081174, 0.21434080790718335, 2.473993670322074e-17, 0.14022087340397849, 0.24299340886856224, 3.2904603270373314e-17, 0.21434080790718313, -0.24780044282140906, 0.05499929479773167]
other derivatives: [-7.89789283  0.13196768 -2.3113671  -1.0114718  -1.15103376 -0.21252617]
Current x array =  [-0.71500372 -0.92578455 -0.45242883  0.99410459 -3.11471686 -3.24263275
  0.61884414 -2.15084268 -2.71482882 -2.06734471 -3.92779794 -2.56851433
 -4.23022847 -4.25965991 -5.13437015 -2.82815016 -4.25965991 -2.30258509
 -4.45418939 -3.97359522 -2.30258509 -4.25965991 -4.85059964 -4.5697857 ]
log likelihood =  -1780.53212005
Edge derivatives =  [1.581944017665718, -0.3821036039423034, 0.5264503104068335, 1.8232906946382674, 0.4407878628128492, 0.9240993231273597, 0.48968617685643556, 0.3870778220916531, -0.6586378659641866, 0.324947158402201, 0.38707782209165265, -1.5418499078345657e-30, 0.30126502288445334, 0.45383442298443394, -1.7124919022605467e-30, 0.38707782209165265, -0.08340814448421441, 0.2267290619716301]
other derivatives: [ 35.8483021    4.73173714  -6.80531684  -1.23316113   1.10242127
  -0.05250058]
Current x array =  [-0.77965588 -0.93579354 -0.44468675  0.97311877 -3.13019264 -3.30154439
  0.59789103 -2.15971387 -2.74273754 -2.08172812 -3.97119627 -2.64044921
 -4.2675541  -4.29894264 -5.22739209 -2.88850933 -4.29894264 -2.30258509
 -4.49920901 -4.00401516 -2.30258509 -4.29894264 -4.9186946  -4.6213232 ]
log likelihood =  -1779.4573183
Edge derivatives =  [-1.1598192958452374, -0.5221310936343826, 0.19308770391640573, 1.1564087869490431, 0.18417824851967374, -0.22685674480080806, 0.33277369217754876, 0.2484786772382715, -0.7967433939197575, -0.502972031411042, 0.24847867723827138, -2.909425190149766e-16, 0.17218456097123147, 0.28439899237112604, -3.3667935591684653e-16, 0.24847867723827083, -0.21483742673907977, 0.08916828992569593]
other derivatives: [ 1.26253781  1.03564162 -3.20221716 -1.08227596 -0.70813257 -0.18121682]
Current x array =  [-0.72764208 -0.92774114 -0.45091539  0.99000223 -3.11774211 -3.25414894
  0.61474817 -2.15257684 -2.72028449 -2.07015642 -3.93628156 -2.58257633
 -4.23752498 -4.26733899 -5.15255431 -2.83994932 -4.26733899 -2.30258509
 -4.46298994 -3.97954179 -2.30258509 -4.26733899 -4.86391101 -4.57986038]
log likelihood =  -1779.41475703
Edge derivatives =  [-0.6818478916815036, -0.5902221781450802, 0.11049063690236582, 0.9513154953323255, 0.24383675397540874, -0.3316253055882059, 0.41518739292501133, 0.3253905579551278, -0.7303460688481233, -0.5295209415928446, 0.3253905579551282, 7.501912656003472e-17, 0.24256953593091274, 0.3574747564931228, 6.377446375473767e-17, 0.325390557955128, -0.13964013139612982, 0.16573413023426437]
other derivatives: [ 1.10790097  0.51168172 -1.0103804  -0.89526111 -0.9419864  -0.14595116]
Current x array =  [-0.72661065 -0.92325295 -0.45527655  0.97723695 -3.07959865 -3.26922057
  0.57307413 -2.15172861 -2.7230188  -2.06034578 -3.95366026 -2.57746596
 -4.25682987 -4.2879553  -5.197226   -2.83870455 -4.2879553  -2.30258509
 -4.48652365 -3.99249498 -2.30258509 -4.2879553  -4.89856116 -4.60657233]
log likelihood =  -1779.35816212
Edge derivatives =  [-0.021545276357912257, -0.5601100292761271, -0.00883066387482305, 0.6615285839993613, 0.25599073575517406, -0.22438045656272856, 0.42742911490159774, 0.3332146697476555, -0.7013862418449014, -0.37968622074885605, 0.3332146697476551, 2.299494227131489e-16, 0.2473966933242431, 0.37067530044301467, 2.3711263227632267e-16, 0.33321466974765496, -0.11814991510094058, 0.18044747122415206]
other derivatives: [ 0.31693617  0.07476046 -0.47280082 -0.30997853 -0.01009539 -0.12898909]
Current x array =  [-0.72557828 -0.92152017 -0.45621935  0.95973934 -3.09403004 -3.27728798
  0.56765115 -2.15954429 -2.7212794  -2.04488094 -3.95469314 -2.5829725
 -4.25651112 -4.28892118 -5.2150164  -2.84766496 -4.28892118 -2.30258509
 -4.4891201  -3.99225117 -2.30258509 -4.28892118 -4.90748286 -4.61053675]
log likelihood =  -1779.28169109
Edge derivatives =  [0.5878286235370198, -0.5384445562073298, -0.20833251085159904, 0.1719104860411435, 0.24111633797944756, 0.006187694589358472, 0.3617428698103185, 0.26617508441111126, -0.6735118599101462, -0.08634524953811251, 0.26617508441111115, -1.006756963842033e-16, 0.1790934187875198, 0.2960648300782403, -9.475717851692112e-17, 0.26617508441111065, -0.12378940602019266, 0.14338003053908283]
other derivatives: [-0.19792878 -0.36156962  0.23710527  0.36852725  0.61220362 -0.14003945]
Current x array =  [-0.72481516 -0.91885954 -0.45817269  0.93729107 -3.09345971 -3.27532069
  0.55047399 -2.18166582 -2.72134221 -2.02099248 -3.94094553 -2.59923353
 -4.2341497  -4.26985429 -5.23321224 -2.86736888 -4.26985429 -2.30258509
 -4.47259683 -3.97304679 -2.30258509 -4.26985429 -4.90395965 -4.59639303]
log likelihood =  -1779.20735441
Edge derivatives =  [0.4609939854736351, -0.5133242469094954, -0.38142588151715273, -0.31003781226266325, 0.20517412769531074, 0.27441149727818753, 0.2479185340287442, 0.1622398893492747, -0.6287564032898411, 0.26641237755758307, 0.16223988934927427, -1.519971409520674e-15, 0.08251765310253131, 0.17029973057868486, -1.5081897190537144e-15, 0.16223988934927436, -0.12894269494077087, 0.08654486512438013]
other derivatives: [-0.28801423 -0.04349658  1.09359917  0.84226031  0.41118255 -0.15088517]
Current x array =  [-0.72469531 -0.91904307 -0.4601942   0.92344665 -3.08232682 -3.27570442
  0.54075009 -2.2197173  -2.72922067 -1.99598831 -3.91947504 -2.61933236
 -4.19996537 -4.24152344 -5.26785416 -2.89191055 -4.24152344 -2.30258509
 -4.44896735 -3.94445316 -2.30258509 -4.24152344 -4.90133709 -4.57594456]
log likelihood =  -1779.13266352
Edge derivatives =  [0.5333762444086587, -0.4526702398449787, -0.3933818115549428, -0.5084294428248597, 0.13991253872544301, 0.5138961994882295, 0.07235890084839633, 0.011386421165063079, -0.5387325258362612, 0.6225962092540374, 0.011386421165063144, -4.3298580328530396e-16, -0.034581271982330374, -0.02383157465665527, -4.135107644404414e-16, 0.01138642116506259, -0.11445387969808436, 0.014328540220271867]
other derivatives: [ 0.1352646  -3.42536168  1.05044364  0.39501629  0.50081326 -0.13494628]
Current x array =  [-0.72519239 -0.90610976 -0.46090333  0.92928307 -3.07157158 -3.28847802
  0.53112249 -2.29005825 -2.75786837 -1.9784573  -3.8888676  -2.64113235
 -4.15137735 -4.20378308 -5.34637768 -2.91819442 -4.20378308 -2.30258509
 -4.42066868 -3.90580671 -2.30258509 -4.20378308 -4.90989854 -4.55194543]
log likelihood =  -1779.04774525
Edge derivatives =  [0.9239639501990395, -0.34834692954635155, -0.3919528303776791, -0.8005998977910918, 0.06685254242641897, 0.6814654255278653, -0.10999834327443195, -0.11375001104491084, -0.40849314121554564, 0.9668275034381516, -0.11375001104490995, 5.006465731119309e-16, -0.11354360427581241, -0.2174584056096331, 4.650645721887966e-16, -0.11375001104490966, -0.04282816053624687, -0.019022886313234802]
other derivatives: [-0.72661805  1.44539172  0.16882495  0.10913936  0.19424533 -0.09272298]
Current x array =  [-0.72276181 -0.92271688 -0.46075411  0.93565309 -3.05254129 -3.32019094
  0.51636475 -2.3862996  -2.79880492 -1.95159601 -3.85898083 -2.65496897
 -4.10245849 -4.17040504 -5.48194456 -2.94127924 -4.17040504 -2.30258509
 -4.40199593 -3.86750633 -2.30258509 -4.17040504 -4.94529598 -4.53970221]
log likelihood =  -1778.97341841
Edge derivatives =  [0.3577847610354188, -0.321697163510323, -0.29623934569942023, -0.6505940074877529, 0.03468143963991754, 0.43686209278475674, -0.10907425060527867, -0.0929403510150942, -0.3529097421236702, 0.8076053447966567, -0.09294035101509387, -3.9947003128636117e-16, -0.06618874163508119, -0.2161444686299716, -3.682445304109161e-16, -0.09294035101509368, 0.015219814527062258, 0.018264595766087004]
other derivatives: [-0.32141543  0.64892447 -2.00291197 -0.10945769 -0.39406132 -0.04908998]
Current x array =  [-0.72368304 -0.92026452 -0.45782937  0.94530809 -3.04712723 -3.34369093
  0.52525711 -2.41989754 -2.81819656 -1.9514988  -3.85813308 -2.63862266
 -4.10195552 -4.17543817 -5.54905825 -2.92862307 -4.17543817 -2.30258509
 -4.41317801 -3.86940816 -2.30258509 -4.17543817 -4.97497705 -4.55215866]
log likelihood =  -1778.93862971
Edge derivatives =  [-1.415235952878541, -0.22981602982438493, 0.18349574336864385, 0.3629021658870589, -0.009978036750240636, -0.051387361924803115, -0.12431438892289264, -0.034480222223159926, -0.2197676746240731, 0.43503367137912496, -0.034480222223159836, -7.152089409069733e-17, 0.042565816605199355, -0.19454155210567164, -8.909693217297509e-17, -0.03448022222315984, 0.17043538201969932, 0.11255829872076781]
other derivatives: [ 1.76100912  0.12205419  7.50824256 -1.45935246 -1.06913376  0.08371899]
Current x array =  [-0.72617246 -0.92046083 -0.46686443  0.98531095 -3.06008436 -3.41945825
  0.5721203  -2.5281588  -2.88752882 -1.97127323 -3.85409888 -2.60705915
 -4.09652755 -4.18650417 -5.75011822 -2.89883191 -4.18650417 -2.30258509
 -4.44229554 -3.8746938  -2.30258509 -4.18650417 -5.05858193 -4.58403149]
log likelihood =  -1778.86786518
Edge derivatives =  [-0.4528850446703845, -0.2099769069572184, 0.07932783557516233, 0.014096519350573239, -0.016187756982925582, -0.20276052972223918, -0.0859006504681926, -0.0008686084250825767, -0.18897673093671954, 0.36447701946167355, -0.0008686084250828473, 1.6291154340944935e-16, 0.09586999619721803, -0.1742347184453481, 1.9241386904156277e-16, -0.0008686084250833399, 0.2160086491392319, 0.15579747166678262]
other derivatives: [ 0.10616077 -0.24519977 -2.04393018 -0.81975031 -0.82993665  0.10891199]
Current x array =  [-0.7242596  -0.9183881  -0.45665238  0.96965979 -3.05096678 -3.43334579
  0.54866859 -2.5431457  -2.89076988 -1.95484885 -3.85893325 -2.59599965
 -4.10256217 -4.1952913  -5.79631983 -2.89233208 -4.1952913  -2.30258509
 -4.45468039 -3.87929284 -2.30258509 -4.1952913  -5.08362955 -4.59839181]
log likelihood =  -1778.85543672
Edge derivatives =  [-0.16263312243511585, -0.19386240690310977, 0.04592576284771922, -0.10191895239501539, -0.019090857267973497, -0.1402754408924673, -0.09964016902463296, -0.012313016511451804, -0.18258139296684023, 0.4277844427557371, -0.012313016511451943, -1.802985201978344e-16, 0.0847355191308122, -0.18482299053776646, -1.8936160139107275e-16, -0.012313016511451516, 0.21845157530160003, 0.15087128754359558]
other derivatives: [-0.0606633  -0.077398   -1.18534444 -0.62443632 -0.38064627  0.11036718]
Current x array =  [-0.72397765 -0.91901894 -0.45768919  0.96333319 -3.05907905 -3.43568188
  0.54802733 -2.55093705 -2.89167589 -1.94893872 -3.85605785 -2.59970713
 -4.09808333 -4.19173691 -5.80492759 -2.89627157 -4.19173691 -2.30258509
 -4.45194617 -3.87608649 -2.30258509 -4.19173691 -5.08451639 -4.59607286]
log likelihood =  -1778.8430547
Edge derivatives =  [0.05372698004339904, -0.156982246469354, 0.058833512901812324, -0.1456726267224698, -0.020641167693095083, -0.12301295550859936, -0.10409466034304864, -0.007250536604530403, -0.1518616062539571, 0.4131984631747696, -0.00725053660453006, 3.3675540070618084e-17, 0.09864782464152798, -0.17842730676237958, 5.0045339880440225e-17, -0.007250536604530053, 0.2518118819121344, 0.16696836278191643]
other derivatives: [ 0.30074716  0.0155751  -0.13139925 -0.25327154  0.13535555  0.1373337 ]
Current x array =  [-0.72456241 -0.91944675 -0.45887332  0.95332494 -3.07085447 -3.45325287
  0.5508359  -2.58191003 -2.90393091 -1.9419325  -3.85352187 -2.5996838
 -4.09404089 -4.19129508 -5.85839262 -2.89348238 -4.19129508 -2.30258509
 -4.45538757 -3.87556128 -2.30258509 -4.19129508 -5.10270477 -4.60045251]
log likelihood =  -1778.84162836
Edge derivatives =  [-0.14743027960083221, -0.149863356806336, 0.0736379648195951, -0.15013990557910864, -0.02397095359373028, -0.128788283502505, -0.11170086912691242, -0.011989537921909356, -0.13667934924462105, 0.32339716816068376, -0.011989537921908641, 1.8811256019175803e-15, 0.09843902822617105, -0.1775635589449872, 1.889669888607609e-15, -0.011989537921908676, 0.26477929607628314, 0.1664742968151761]
other derivatives: [-2.71220415 -0.2617071   0.60961156  0.05438778  0.1373337   0.15195383]
Current x array =  [-0.72038862 -0.91870056 -0.46014897  0.94738446 -3.0715092  -3.46103562
  0.55098203 -2.60298129 -2.91157266 -1.94014185 -3.85093865 -2.59985315
 -4.09099527 -4.18966651 -5.89209342 -2.88680326 -4.18966651 -2.30258509
 -4.45515125 -3.87547669 -2.30258509 -4.18966651 -5.11028591 -4.600127  ]
log likelihood =  -1778.83570244
Edge derivatives =  [-0.07938907567667952, -0.14177462977290903, 0.08282156567056029, -0.1354234493542487, -0.022619304499365, -0.12527362707153933, -0.10966374051441982, -0.008796201977954051, -0.1301258237300901, 0.30317758850768906, -0.008796201977952979, 7.955406138173943e-16, 0.10368311754461539, -0.17311673911531877, 7.351158899089287e-16, -0.008796201977952858, 0.27165716414079377, 0.17057060607779456]
other derivatives: [-0.86888576 -0.13592398  0.43976343  0.07999006  0.14886155  0.15561454]
Current x array =  [-0.72300294 -0.91887405 -0.45986775  0.94575306 -3.07106042 -3.4642192
  0.55051506 -2.60921752 -2.91411743 -1.93951007 -3.85083324 -2.59953733
 -4.09086216 -4.19005509 -5.90368577 -2.88488936 -4.19005509 -2.30258509
 -4.45612179 -3.87600779 -2.30258509 -4.19005509 -5.11397873 -4.60117938]
log likelihood =  -1778.83083144
Edge derivatives =  [-0.10594711667264889, -0.1381661665945392, 0.10000331360546998, -0.09641036327611069, -0.019743578799776163, -0.10756478270329253, -0.11037294895058344, -0.010836401457600477, -0.12374274981824342, 0.23648271255539188, -0.010836401457600463, -2.153548465170291e-16, 0.10277861571457902, -0.16890941981036367, -2.297218273932569e-16, -0.010836401457600436, 0.2739513963520785, 0.16749290981552054]
other derivatives: [ 0.23510438 -0.08558345  0.30559022  0.14101715  0.03710738  0.15756996]
Current x array =  [-0.72457032 -0.91869269 -0.4598313   0.94354608 -3.06695026 -3.46558739
  0.54824067 -2.61788716 -2.91693273 -1.94045934 -3.85000164 -2.60053449
 -4.09020053 -4.1893134  -5.91733155 -2.87996806 -4.1893134  -2.30258509
 -4.45521203 -3.87675015 -2.30258509 -4.1893134  -5.11517003 -4.59987524]
log likelihood =  -1778.82396314
Edge derivatives =  [-0.19769421367071338, -0.13682483967908549, 0.13038341909368872, -0.018493330864521318, -0.01256499567737654, -0.0471358791414017, -0.11467264320815784, -0.02163595348786778, -0.11587677698325755, 0.08682358651421351, -0.02163595348786678, 5.179589418497165e-16, 0.0910647801902722, -0.16186812787797836, 5.253817446439195e-16, -0.021635953487867066, 0.2684983667359376, 0.15138250321818802]
other derivatives: [ 1.03475486 -0.05989023  0.21261712  0.28535396 -0.20058906  0.15618298]
Current x array =  [-0.7256835  -0.91815798 -0.46012772  0.93900784 -3.05794753 -3.46413431
  0.54267534 -2.63256427 -2.92026617 -1.94365433 -3.84778054 -2.60458457
 -4.08860328 -4.18646623 -5.93700281 -2.86948567 -4.18646623 -2.30258509
 -4.4507383  -3.87820232 -2.30258509 -4.18646623 -5.11189262 -4.59405625]
log likelihood =  -1778.81634459
Edge derivatives =  [-0.16238738057554336, -0.1293980995734427, 0.18006226200563916, 0.12483580671341865, -0.004781460178488708, 0.046079325762880444, -0.11915463351025846, -0.03651722479104028, -0.11057411466168801, -0.08978936718969499, -0.03651722479104027, 4.444456366111679e-16, 0.07222665396641369, -0.14889704472053872, 4.76145793781468e-16, -0.03651722479104064, 0.2534391543711746, 0.12477846801233916]
other derivatives: [ 0.99933004  0.01225544  0.11200427  0.31106993 -0.23655957  0.15245405]
Current x array =  [-0.72550875 -0.9181119  -0.4602648   0.93755601 -3.05386126 -3.46027879
  0.53892708 -2.64889787 -2.92289498 -1.94990254 -3.84491103 -2.61057111
 -4.08736205 -4.18273852 -5.95505448 -2.85735114 -4.18273852 -2.30258509
 -4.44384924 -3.88113849 -2.30258509 -4.18273852 -5.10325031 -4.58481173]
log likelihood =  -1778.80575634
Edge derivatives =  [0.3598056698109997, -0.11803764339932171, 0.06249378446549224, -0.17519006927351946, -0.012250233792520812, 0.1257115859394496, -0.09186200259011165, -0.05818257006305907, -0.09478910804661676, -0.36420473980555834, -0.0581825700630592, 2.95918186025846e-17, 0.014000654869223857, -0.07077912742087772, 5.911393373798675e-17, -0.05818257006305864, 0.19032900302894287, 0.046392741253045156]
other derivatives: [ 1.24302915 -1.45878403  1.13716396  0.10700205  0.00300133  0.10752501]
Current x array =  [-0.72543269 -0.91165674 -0.46234957  0.93540244 -3.04172866 -3.43823268
  0.52021471 -2.68280448 -2.90920749 -1.94430335 -3.84047925 -2.61740188
 -4.09390126 -4.17836258 -5.98986233 -2.839864   -4.17836258 -2.30258509
 -4.42552231 -3.89631927 -2.30258509 -4.17836258 -5.06796812 -4.55882205]
log likelihood =  -1778.78987961
Edge derivatives =  [0.3768124866156428, -0.07769419365180653, 0.10025477127862424, -0.06362783489572496, -0.036622731371154876, 0.20324301952704021, -0.097195748448178, -0.07811465308479446, -0.08017372245957288, -0.49039393867600256, -0.07811465308479394, 1.9877469517517904e-15, -0.022273147508718772, -0.03023318627102382, 2.1148210857239504e-15, -0.07811465308479407, 0.15594493614139157, -0.010677099201238304]
other derivatives: [ 0.54210432  0.59767444  0.47280082 -0.26466296  0.01552962  0.09731593]
Current x array =  [-0.72405705 -0.91992151 -0.46092018  0.94732775 -3.04786899 -3.43387598
  0.5291368  -2.72876865 -2.912404   -1.94821224 -3.83299385 -2.62080115
 -4.09328849 -4.17267785 -6.04325185 -2.83027331 -4.17267785 -2.30258509
 -4.41222048 -3.9052099  -2.30258509 -4.17267785 -5.04946692 -4.53985263]
log likelihood =  -1778.78220174
Edge derivatives =  [0.21247125057100158, -0.0676258922288207, 0.06632970044635046, -0.15154846241071093, -0.05518153900872033, 0.1782365020509833, -0.09692893336380051, -0.08052100680495107, -0.07512649656423474, -0.3597894221018145, -0.08052100680495161, 2.237575037180127e-16, -0.030069114700471366, -0.02231650379156727, 2.3879816408782583e-16, -0.08052100680495133, 0.14668748882989874, -0.021032106777841238]
other derivatives: [-0.05027232  0.25258942  0.15604655 -0.29269813  0.09129053  0.09574705]
Current x array =  [-0.72345047 -0.91939421 -0.46008848  0.95038459 -3.05662467 -3.43328926
  0.5385377  -2.73805708 -2.91029723 -1.944536   -3.83122107 -2.61883745
 -4.0935161  -4.17207701 -6.05247695 -2.83856355 -4.17207701 -2.30258509
 -4.40986394 -3.9066526  -2.30258509 -4.17207701 -5.04450493 -4.53648711]
log likelihood =  -1778.77497337
Edge derivatives =  [-0.08148777061083923, -0.05643173218516622, 0.0010899180337877595, -0.30210586810399315, -0.08001280845061921, 0.11536707231442761, -0.08004490064056223, -0.07913612336922976, -0.0649989294316958, -0.1989294752777242, -0.07913612336922993, 5.180930445830247e-17, -0.05251733949415563, 0.0173082710323558, 5.925073779269669e-17, -0.07913612336922957, 0.11292318110730636, -0.0534861583080527]
other derivatives: [-0.36513939 -0.10211352  0.83175564 -0.34865479  0.04672529  0.07980816]
Current x array =  [-0.72317855 -0.91872132 -0.46045373  0.95377415 -3.06273474 -3.4248188
  0.54815276 -2.75780561 -2.90219477 -1.94061894 -3.82929559 -2.61472449
 -4.09831967 -4.1723367  -6.07220654 -2.84893845 -4.1723367  -2.30258509
 -4.40311773 -3.91407444 -2.30258509 -4.1723367  -5.02638753 -4.52611754]
log likelihood =  -1778.79894318
Edge derivatives =  [0.13404199153279972, -0.01370546035100873, -0.11417189718182388, -0.6017692945510225, -0.11631989078736346, 0.0681980600376931, -0.03500216851940774, -0.07718736808897764, -0.03185400841420463, -0.07197254449588408, -0.0771873680889775, -5.818080257300345e-17, -0.08173104265296399, 0.1021618554587839, -4.982500772131062e-17, -0.07718736808897747, 0.05927653804994769, -0.11676972948286128]
other derivatives: [-1.25482984 -1.11883764 -6.5688937   0.21823325  0.16066224  0.06666596]
Current x array =  [-0.72274511 -0.91541005 -0.45198373  0.94405031 -3.06840463 -3.41371754
  0.54908682 -2.82036999 -2.89239174 -1.93120909 -3.82532939 -2.60976404
 -4.10779075 -4.17291691 -6.15273383 -2.85518527 -4.17291691 -2.30258509
 -4.38999154 -3.93141818 -2.30258509 -4.17291691 -4.99773591 -4.50537371]
log likelihood =  -1778.77269675
Edge derivatives =  [-0.032131347967844004, -0.046279406915001146, -0.024960388517139984, -0.36987510648413435, -0.08820915206036306, 0.10473885852259048, -0.06971870332082336, -0.07865854789933194, -0.057094074400770516, -0.16992037121796755, -0.07865854789933202, 6.168427473335928e-16, -0.05912651859530821, 0.03683131271789274, 6.663938925278002e-16, -0.07865854789933231, 0.10085703898242813, -0.06775812254908967]
other derivatives: [-0.56688805 -0.33239758 -0.82864062 -0.21977939  0.0734417   0.07671588]
Current x array =  [-0.72307989 -0.91796763 -0.45852582  0.95156086 -3.0640253  -3.42229198
  0.54836536 -2.77204624 -2.89996345 -1.93847711 -3.82839282 -2.61359542
 -4.10047543 -4.17246876 -6.0905358  -2.85036032 -4.17246876 -2.30258509
 -4.40013    -3.91802215 -2.30258509 -4.17246876 -5.01986598 -4.52139593]
log likelihood =  -1778.76955598
Edge derivatives =  [-0.15967808727799415, -0.04075408806061441, -0.04087564009751646, -0.4001307559590349, -0.09454109015609147, 0.06936429803566282, -0.05701875303614545, -0.07423226164842144, -0.0501557055117537, -0.11595684535854467, -0.07423226164842148, 1.154166251446123e-16, -0.0680226419562948, 0.06110730354348292, 1.0303221659589644e-16, -0.07423226164842166, 0.08474064014026872, -0.08294470612441066]
other derivatives: [-0.27444003 -0.29431249 -0.41593466 -0.15361366  0.00197815  0.06998562]
Current x array =  [-0.72353905 -0.91811065 -0.45896431  0.95033509 -3.06402968 -3.41814212
  0.55033549 -2.7850722  -2.89682172 -1.93830463 -3.82800325 -2.61121857
 -4.10368367 -4.17325216 -6.10637007 -2.8535912  -4.17325216 -2.30258509
 -4.39714299 -3.92249419 -2.30258509 -4.17325216 -5.01118757 -4.51645026]
log likelihood =  -1778.76435378
Edge derivatives =  [-0.2702034822770667, -0.030632175090891778, -0.02765818196625819, -0.3398920339327639, -0.09432039132115133, 0.008660540523433014, -0.03129998626675497, -0.061781551452758265, -0.03739055148010455, -0.05489611661581906, -0.06178155145275774, 1.1008575109833161e-16, -0.07803598454567136, 0.10242945624946861, 1.1559134942314923e-16, -0.06178155145275857, 0.05928059180463024, -0.10471838148691098]
other derivatives: [ 0.35604444 -0.08251391  0.13628778  0.05397851 -0.08119514  0.06323262]
Current x array =  [-0.72443173 -0.91857896 -0.45975165  0.94514274 -3.06175452 -3.41148089
  0.54975135 -2.809639   -2.89327049 -1.94239577 -3.82848909 -2.60708567
 -4.10992182 -4.17556371 -6.13850754 -2.85681028 -4.17556371 -2.30258509
 -4.39317836 -3.9301631  -2.30258509 -4.17556371 -4.9974177  -4.50926348]
log likelihood =  -1778.76085922
Edge derivatives =  [-0.26984061381039837, -0.025804820039053412, 0.012372003860787947, -0.21243930137608047, -0.08511971436434819, -0.04311542553697596, -0.010255052098567537, -0.04814341026960173, -0.029275649535533157, -0.03359760075995033, -0.048143410269602296, 2.015315312547429e-16, -0.0785439101132889, 0.12679199155512222, 1.5304475500430555e-16, -0.04814341026960181, 0.04438511352208039, -0.11310469798536558]
other derivatives: [ 0.29510829  0.04145022  0.35636276  0.21102551 -0.11789325  0.06248229]
Current x array =  [-0.72425554 -0.91866939 -0.46030143  0.94085367 -3.0579894  -3.40720551
  0.54603912 -2.82579115 -2.89189936 -1.94889858 -3.83033457 -2.6037976
 -4.11504936 -4.17845242 -6.16149396 -2.85769877 -4.17845242 -2.30258509
 -4.39227775 -3.93489912 -2.30258509 -4.17845242 -4.98944427 -4.50656303]
log likelihood =  -1778.76364756
Edge derivatives =  [0.22103868505268798, -0.00918190960037558, 0.11790128400614885, 0.13245440500959954, -0.0632958792985887, -0.1145383293468819, 0.02215211596640756, -0.01952658781768758, -0.021328282103747126, 0.08981629644743605, -0.019526587817688238, 5.1790293467543985e-17, -0.06730178454786619, 0.13966262906925017, 6.871246993269997e-17, -0.019526587817687853, 0.018243198332817664, -0.11080700643139207]
other derivatives: [ 3.07934442  0.13060344 -0.0602995  -0.10261374  0.21914275  0.05798029]
Current x array =  [-0.72784649 -0.91847612 -0.45957291  0.94539864 -3.05923179 -3.39855146
  0.54220749 -2.83987534 -2.88749754 -1.96497086 -3.8363135  -2.59852997
 -4.12376636 -4.18512872 -6.17987165 -2.86539846 -4.18512872 -2.30258509
 -4.39457626 -3.93798613 -2.30258509 -4.18512872 -4.9757809  -4.50753266]
log likelihood =  -1778.75929688
Edge derivatives =  [-0.0860936955781133, -0.019550000632310105, 0.05173064156261534, -0.08236141014363935, -0.07693513621927799, -0.0697753181191404, 0.0019112326269121252, -0.037413791716203466, -0.026278195487816854, 0.012689902813954879, -0.03741379171620379, -1.387152289239848e-17, -0.07433422640206738, 0.13161491119823032, 2.274008138926503e-17, -0.03741379171620338, 0.03464595500152616, -0.11224469808811174]
other derivatives: [ 1.3404815   0.07487415  0.19958861  0.09356427  0.0084583   0.06064056]
Current x array =  [-0.72559935 -0.91859706 -0.4600288   0.94255449 -3.05845432 -3.40396699
  0.54460525 -2.83106174 -2.89025211 -1.95491315 -3.83257201 -2.60182635
 -4.11831144 -4.18095083 -6.16837126 -2.86058015 -4.18095083 -2.30258509
 -4.3931379  -3.93605434 -2.30258509 -4.18095083 -4.98433116 -4.50692589]
log likelihood =  -1778.7565505
Edge derivatives =  [0.021992596717168134, -0.020385994719609897, 0.09326017303744545, 0.05144127738199125, -0.062490190724496616, -0.11732955985514062, 0.0203704585874023, -0.02251962698616105, -0.023386867033071974, 0.03308492932150786, -0.0225196269861603, 4.883552737094868e-16, -0.06869159467825428, 0.13979870437209438, 3.9319875118181864e-16, -0.02251962698616004, 0.023217442394402037, -0.11021533493215885]
other derivatives: [ 0.34001459 -0.00636646  0.22794211  0.10475105  0.04602043  0.06027676]
Current x array =  [-0.72398859 -0.91805014 -0.46039557  0.94165701 -3.05468641 -3.39941988
  0.53923887 -2.83667542 -2.8878696  -1.962303   -3.83606941 -2.59919869
 -4.12317099 -4.18467644 -6.17723966 -2.8620142  -4.18467644 -2.30258509
 -4.39473078 -3.93802314 -2.30258509 -4.18467644 -4.97856122 -4.50794411]
log likelihood =  -1778.7558028
Edge derivatives =  [0.07726233892644485, -0.023488012614321842, 0.10399268091025063, 0.08730031440578781, -0.055605982366006806, -0.11754293549083611, 0.021656549145973036, -0.018393888607501307, -0.025566096795043465, 0.039078194548231915, -0.018393888607501453, 2.748945987047348e-16, -0.062142237298100214, 0.129002470345851, 2.4174737595828063e-16, -0.018393888607501487, 0.025149600595008502, -0.10110897800904536]
other derivatives: [-0.00366072 -0.05484253  0.04938556  0.03931291  0.06330083  0.06116352]
Current x array =  [-0.7234389  -0.91786279 -0.46022884  0.94314827 -3.05392063 -3.39892932
  0.53792177 -2.83126851 -2.88713439 -1.96419985 -3.83784372 -2.59930068
 -4.12362324 -4.18592416 -6.17057167 -2.86270054 -4.18592416 -2.30258509
 -4.39699129 -3.93612622 -2.30258509 -4.18592416 -4.97966881 -4.51106986]
log likelihood =  -1778.7551472
Edge derivatives =  [0.09976535434394807, -0.02703339206075489, 0.10506817502809788, 0.09868189933681146, -0.04856305041531288, -0.1085958341020912, 0.022222591533807772, -0.014238073636614338, -0.028016933292118296, 0.05057189936013673, -0.014238073636614074, 2.6661509598053796e-16, -0.05475783069432412, 0.11436496374708927, 2.4442366097673165e-16, -0.014238073636615008, 0.027452887440811324, -0.0899612441220409]
other derivatives: [-0.20522748 -0.077398   -0.14688339 -0.02899014  0.05416041  0.06098162]
Current x array =  [-0.72311968 -0.91780156 -0.45999342  0.94490718 -3.05338049 -3.39829742
  0.53746898 -2.82482272 -2.88573419 -1.96513318 -3.83982486 -2.59988402
 -4.12382329 -4.18720134 -6.16233338 -2.86380265 -4.18720134 -2.30258509
 -4.39963722 -3.93342919 -2.30258509 -4.18720134 -4.98094656 -4.51485797]
log likelihood =  -1778.75413298
Edge derivatives =  [0.10053620526993967, -0.030123406134830187, 0.09681313554643084, 0.0908070261313228, -0.03777682465707842, -0.08917859666134537, 0.02599676001530555, -0.006902080132838332, -0.029237382370664478, 0.06783720308798169, -0.006902080132837628, 2.2112390553182739e-16, -0.04523493025187826, 0.09594055781817018, 2.4230674219898895e-16, -0.006902080132838238, 0.027533220964430775, -0.07567476341801724]
other derivatives: [-0.32418939 -0.0749651  -0.31232048 -0.08046754  0.02432898  0.05943548]
Current x array =  [-0.72292485 -0.91780591 -0.45979925  0.94633834 -3.05257182 -3.39646925
  0.53715994 -2.82005755 -2.88274342 -1.96573016 -3.84280447 -2.60099601
 -4.12460452 -4.18924871 -6.15650843 -2.86531516 -4.18924871 -2.30258509
 -4.40308701 -3.92992719 -2.30258509 -4.18924871 -4.98102654 -4.519706  ]
log likelihood =  -1778.75192447
Edge derivatives =  [0.12448836187641721, -0.03204221446181137, 0.06380311839469677, 0.035872755892811, -0.011648077581071763, -0.03364733235348201, 0.039892689467430326, 0.011335826972135622, -0.02702506253931441, 0.08622842588830926, 0.011335826972135577, -3.982085772334329e-16, -0.026375690258999936, 0.06106795262508145, -4.198406508751563e-16, 0.011335826972134925, 0.022179104209723424, -0.04778751594006589]
other derivatives: [-0.35104222 -0.13171757 -0.37939571 -0.10841177  0.00354703  0.05204583]
Current x array =  [-0.72283238 -0.91746038 -0.45980615  0.94681621 -3.05081729 -3.39084455
  0.53554887 -2.81921264 -2.87470828 -1.96597486 -3.84955844 -2.60409892
 -4.12713916 -4.19405058 -6.15702765 -2.86709312 -4.19405058 -2.30258509
 -4.40997511 -3.92309172 -2.30258509 -4.19405058 -4.97818553 -4.52918308]
log likelihood =  -1778.7650966
Edge derivatives =  [-0.3041789479352133, -0.010537960224177722, 0.006934185939925772, -0.009411292854939107, 0.011183537969071594, 0.04595804923615686, 0.0660545098609921, 0.04194564220622334, -0.014570748491125022, 0.1752860046169451, 0.04194564220622364, 1.7761968139175564e-16, -0.01158604153190277, 0.026542992234023295, 1.7761722207091336e-16, 0.04194564220622367, -0.028395516511647297, -0.031418387646114244]
other derivatives: [-0.39028691  2.58110049 -1.13386704 -0.07244125 -0.39378847  0.02064553]
Current x array =  [-0.72272301 -0.92812552 -0.45828913  0.95173287 -3.05470375 -3.37052324
  0.54902519 -2.85434618 -2.85440492 -1.97010061 -3.85830882 -2.60603551
 -4.13293449 -4.20066132 -6.1994799  -2.87231692 -4.20066132 -2.30258509
 -4.41472619 -3.91668061 -2.30258509 -4.20066132 -4.9521762  -4.53499364]
log likelihood =  -1778.75131511
Edge derivatives =  [0.05064598730025338, -0.028151033715470175, 0.05418217988886388, 0.028351971962668976, -0.007623096331938719, -0.019756323875553497, 0.044457422964736495, 0.01667296675284866, -0.02479000785657811, 0.1017674536738673, 0.01667296675284875, 3.7537080760959874e-16, -0.023790248943989616, 0.05512005239165309, 3.9713305230952953e-16, 0.016672966752849166, 0.013515718055856744, -0.04493006546992108]
other derivatives: [-0.35690846  0.34299319 -0.50899871 -0.10215899 -0.06473329  0.04665708]
Current x array =  [-0.72281342 -0.91930953 -0.45954312  0.94766867 -3.05149113 -3.3873212
  0.53788542 -2.82530416 -2.87118805 -1.96669019 -3.8510756  -2.60443469
 -4.12814396 -4.19519676 -6.16438811 -2.86799883 -4.19519676 -2.30258509
 -4.41079886 -3.92198015 -2.30258509 -4.19519676 -4.97367598 -4.53019052]
log likelihood =  -1778.7497021
Edge derivatives =  [0.0010303369806270446, -0.026332682695724637, 0.021628625847583002, -0.02535196298322198, 0.013652745194379, 0.030673534229176916, 0.05690278999547983, 0.03140631887263484, -0.01944893191741926, 0.09645319946973707, 0.03140631887263436, 2.0694071711536625e-16, -0.011379015465861522, 0.029513898652480823, 1.8453774415668038e-16, 0.03140631887263469, 0.003473588960835286, -0.025780670359257504]
other derivatives: [-0.09999894  0.19342679  0.2258048  -0.09222276 -0.06934897  0.03694822]
Current x array =  [-0.72313497 -0.91863943 -0.46045264  0.94693543 -3.05091956 -3.38109097
  0.53786124 -2.83300674 -2.86354241 -1.96693973 -3.85636313 -2.607262
 -4.13018408 -4.19885964 -6.17565215 -2.86793301 -4.19885964 -2.30258509
 -4.41561577 -3.91677106 -2.30258509 -4.19885964 -4.96838872 -4.53676112]
log likelihood =  -1778.74907675
Edge derivatives =  [-0.06836105185232189, -0.019579847559914054, -0.009756480443201931, -0.08812478712239377, 0.02055804136549297, 0.060523193311163584, 0.06720416672744332, 0.03766474468413536, -0.011805540789714035, 0.0815337761918613, 0.03766474468413511, -1.4355376405131523e-16, -0.008772712052458734, 0.025964506685691127, -1.4720930312058419e-16, 0.03766474468413559, -0.009146569513862553, -0.02414899972454042]
other derivatives: [ 0.17003003 -0.04495178 -0.34742698  0.06473329 -0.11211796  0.02989964]
Current x array =  [-0.72367782 -0.91771084 -0.45982624  0.94359839 -3.05092449 -3.37620617
  0.53856993 -2.8480446  -2.85850158 -1.96591752 -3.85827745 -2.60859346
 -4.13174089 -4.20032057 -6.19593601 -2.86665158 -4.20032057 -2.30258509
 -4.41618871 -3.91600008 -2.30258509 -4.20032057 -4.96176435 -4.53729483]
log likelihood =  -1778.74864454
Edge derivatives =  [-0.0712998985325326, -0.016753623528432612, -0.0030228493680933, -0.07155724269897787, 0.016210447430434566, 0.04715561749002496, 0.06536431617257728, 0.03503147237255104, -0.010697182458637412, 0.07041387785108277, 0.035031472372551664, 1.5064353527597953e-16, -0.013419821386778285, 0.0336630893500394, 1.416206130508228e-16, 0.03503147237255211, -0.012491261524433675, -0.030616145674721436]
other derivatives: [ 0.19272193  0.01757599  0.18280844  0.06041319 -0.06693881  0.02826255]
Current x array =  [-0.72366821 -0.91797843 -0.46041479  0.94345374 -3.05210866 -3.37574881
  0.53931639 -2.85287401 -2.85896406 -1.96654253 -3.857121   -2.60780418
 -4.13138447 -4.19945075 -6.20168519 -2.86573075 -4.19945075 -2.30258509
 -4.41464344 -3.9174005  -2.30258509 -4.19945075 -4.96005777 -4.53511203]
log likelihood =  -1778.74842
Edge derivatives =  [-0.058031788252315586, -0.01424280201502517, 0.002997871099672214, -0.05696523552454505, 0.011770511755120415, 0.0359520716571525, 0.06294893442963718, 0.032070565701925215, -0.010119029104937645, 0.06000219410381891, 0.03207056570192504, 1.5456693786148082e-16, -0.016843978765454452, 0.03906581828932887, 1.32674644747144e-16, 0.03207056570192492, -0.014671904891701221, -0.03579726457235284]
other derivatives: [ 0.14126726  0.04833964  0.27789611  0.06027676 -0.02830802  0.02758043]
Current x array =  [-0.72358578 -0.91814787 -0.4604936   0.94343729 -3.05319819 -3.37552778
  0.53987915 -2.85633259 -2.85949206 -1.96703003 -3.85605795 -2.60710143
 -4.13087928 -4.1985976  -6.2057015  -2.86487591 -4.1985976  -2.30258509
 -4.41337806 -3.91847377 -2.30258509 -4.1985976  -4.95896249 -4.53336896]
log likelihood =  -1778.74794645
Edge derivatives =  [-0.007184148067390872, -0.009401167922487057, 0.008180556944318546, -0.037596862827910554, 0.006940049311713797, 0.024959320948662572, 0.057104921360394176, 0.027846037956459225, -0.00926172789756811, 0.03375347734676515, 0.027846037956459138, -1.018982830353215e-15, -0.01867467757911329, 0.03760689057433512, -9.333986511011713e-16, 0.027846037956459305, -0.018829354934067923, -0.03838265152685517]
other derivatives: [ 0.05179572  0.06125447  0.24085693  0.03051355  0.05595666  0.02416982]
Current x array =  [-0.72344079 -0.91832028 -0.46036834  0.94412588 -3.05542512 -3.37393923
  0.54088532 -2.86220029 -2.85885998 -1.96808931 -3.8551834  -2.60632432
 -4.12943529 -4.19744297 -6.21252762 -2.86294806 -4.19744297 -2.30258509
 -4.41261822 -3.91835773 -2.30258509 -4.19744297 -4.95689432 -4.5325495 ]
log likelihood =  -1778.74737214
Edge derivatives =  [-0.011024796240968637, -0.005245242851182922, 0.012320428272091594, -0.009627454125196944, 0.004535651846882718, 0.010842745984121424, 0.047735001903520646, 0.02367881998260015, -0.008003126256018268, -0.008454239842405675, 0.023678819982600595, -5.909095290968175e-16, -0.016253822883950508, 0.025138323017866962, -4.962977399367061e-16, 0.023678819982601084, -0.024532705350952425, -0.03419631196145048]
other derivatives: [-0.08565166 -0.00204636  0.14222223  0.00463842  0.08403731  0.01784883]
Current x array =  [-0.72325089 -0.91821478 -0.4601887   0.94494194 -3.05675414 -3.37034092
  0.54211748 -2.8699869  -2.856357   -1.97028335 -3.85524507 -2.6053758
 -4.12697971 -4.19636889 -6.2219736  -2.86004507 -4.19636889 -2.30258509
 -4.41335151 -3.91624876 -2.30258509 -4.19636889 -4.95407108 -4.53408393]
log likelihood =  -1778.74729174
Edge derivatives =  [0.0827932591552365, -0.0012903955675485027, 0.025474702377877287, 0.04427932690854264, 0.0036395829299111226, -0.007908896815275804, 0.03191322744493382, 0.01793453162763543, -0.008356681730234232, -0.05674309990324522, 0.017934531627635614, -4.392529740018067e-17, -0.009428009466658508, 0.003930630713040992, -2.339300028567461e-17, 0.017934531627635985, -0.025583827913853534, -0.02268628915406349]
other derivatives: [ 0.60758794  0.03972218 -0.03637979 -0.08787993  0.1349008   0.01055014]
Current x array =  [-0.7241738  -0.91831631 -0.45989258  0.94645988 -3.05707085 -3.36679918
  0.54178788 -2.87387732 -2.85390144 -1.97345905 -3.85565087 -2.60413058
 -4.12297665 -4.19490322 -6.22657527 -2.85679376 -4.19490322 -2.30258509
 -4.41552125 -3.91247467 -2.30258509 -4.19490322 -4.95352351 -4.53800037]
log likelihood =  -1778.74684213
Edge derivatives =  [0.006349535518603844, -0.0034687567462363157, 0.013973078153059995, 0.023903393823061087, 0.009421453959324672, 0.0012937816521388507, 0.033211895947487205, 0.020960686767804382, -0.007550555604823072, -0.061911408371286836, 0.020960686767803705, -2.99496580629172e-17, -0.004650617101113211, -0.006819561914134822, -1.5091595683226278e-17, 0.020960686767803643, -0.02724684669576946, -0.015143195892792727]
other derivatives: [-0.02846718 -0.07059953 -0.1086164  -0.04281446  0.06816663  0.00850378]
Current x array =  [-0.72330387 -0.91794158 -0.45991056  0.94590919 -3.05581687 -3.36495646
  0.54154149 -2.87522401 -2.8515838  -1.97358062 -3.85726932 -2.60477932
 -4.12301601 -4.19579764 -6.22889119 -2.85664211 -4.19579764 -2.30258509
 -4.41737057 -3.91047711 -2.30258509 -4.19579764 -4.95273719 -4.54067433]
log likelihood =  -1778.74675182
Edge derivatives =  [-0.015315420695439563, -0.005061718739763514, 0.012463039846497243, 0.01817835595708181, 0.010372457333289307, 0.0020651991521275226, 0.03348051117101285, 0.02131256588577128, -0.007778379450410317, -0.05639271254637723, 0.021312565885771916, -6.556034454032731e-16, -0.004067829480844207, -0.00667858185561929, -6.525520221596444e-16, 0.021312565885771306, -0.02558966473561437, -0.014024187056210804]
other derivatives: [-0.03337846 -0.07144081 -0.09922587 -0.02405613  0.03328751  0.00941327]
Current x array =  [-0.72330471 -0.91788958 -0.45996521  0.94546769 -3.05486161 -3.36535912
  0.54106256 -2.87375628 -2.8517749  -1.97329914 -3.85740539 -2.60489258
 -4.12306845 -4.1959085  -6.22726949 -2.85705436 -4.1959085  -2.30258509
 -4.41762323 -3.91044691 -2.30258509 -4.1959085  -4.95355671 -4.54103418]
log likelihood =  -1778.74645504
Edge derivatives =  [-0.016754946010533178, -0.00594454844742413, 0.006742079092289258, 0.009531689965395912, 0.010543342562830037, -0.009140786579075424, 0.020677892145279438, 0.015606336603102684, -0.007383432221936862, -0.06902885395011316, 0.015606336603102362, -4.067228305752738e-16, 0.00014892623481520262, -0.016812496211283466, -3.7156080667157153e-16, 0.01560633660310249, -0.022173656637262916, -0.004571860206337064]
other derivatives: [ 0.00588898 -0.01821263 -0.06807568  0.03019522 -0.01784883  0.00588898]
Current x array =  [-0.72334098 -0.91790385 -0.46015902  0.94374058 -3.05229894 -3.36353638
  0.5388589  -2.87581407 -2.85017063 -1.97368602 -3.8574637  -2.60444501
 -4.11963673 -4.19444751 -6.23056944 -2.85625684 -4.19444751 -2.30258509
 -4.41931453 -3.90836635 -2.30258509 -4.19444751 -4.95520076 -4.54419971]
log likelihood =  -1778.74634099
Edge derivatives =  [-0.04459377663709807, -0.008215242249439213, 0.006215892157024144, -0.006861849153499272, -0.001658190390642439, -0.032909304143778226, 0.006148176799462533, 0.0023469472512648616, -0.007555139264580282, -0.029454399941003517, 0.002346947251265538, 5.3358418580964833e-17, -0.007191068261746387, -9.568175731676509e-05, 9.151424415636095e-17, 0.002346947251264723, -0.014445914514870121, -0.011114960160159821]
other derivatives: [ 0.01537046 -0.2338993   0.16036665  0.04879439 -0.04683898  0.00829914]
Current x array =  [-0.72337314 -0.91703333 -0.46051917  0.9429048  -3.05086301 -3.36555457
  0.53780163 -2.87505635 -2.85278625 -1.97226791 -3.85421711 -2.60360145
 -4.11632195 -4.19118876 -6.22944543 -2.85889244 -4.19118876 -2.30258509
 -4.41725048 -3.91123696 -2.30258509 -4.19118876 -4.95917518 -4.54193858]
log likelihood =  -1778.74616499
Edge derivatives =  [-0.0023706897638464675, -0.0062315426458911735, 0.007358543923455807, -0.001722076207764045, -0.0034254816818106784, -0.03264828099759788, 0.0008345715332490726, -0.0004942898042120288, -0.007816628123531939, -0.026697798664439443, -0.0004942898042116402, -3.0243459011780916e-16, -0.006745394609840024, -0.0016050032122539096, -3.2613091340356564e-16, -0.0004942898042116436, -0.01393336389355549, -0.009850040984316811]
other derivatives: [-0.06396021  0.04936282 -0.09690666  0.04226877 -0.03553851  0.0071168 ]
Current x array =  [-0.72322441 -0.91809017 -0.46020074  0.94325083 -3.05112971 -3.36492807
  0.5376797  -2.87636533 -2.85244271 -1.9725686  -3.85382549 -2.60349953
 -4.11504405 -4.19040597 -6.23095443 -2.85897839 -4.19040597 -2.30258509
 -4.41734754 -3.91097249 -2.30258509 -4.19040597 -4.95942665 -4.54234366]
log likelihood =  -1778.74610798
Edge derivatives =  [0.00932110446813672, -0.005144276373790635, 0.006637092067533074, 0.001283489917936087, -0.0030653966662920334, -0.03136956926538982, -0.00076776350383485, -0.0008620522628917104, -0.007487492729308768, -0.03296957022157221, -0.0008620522628912629, 2.351080391415072e-17, -0.005820358408115341, -0.005403122288696403, 1.0062800027308751e-16, -0.0008620522628908431, -0.01529080978802556, -0.008120309217427447]
other derivatives: [-0.06377832  0.01152785 -0.03535661  0.01821263 -0.01045919  0.00532054]
Current x array =  [-0.72321189 -0.9179862  -0.46024359  0.94375994 -3.05173916 -3.363987
  0.5380186  -2.87791054 -2.85162232 -1.97298136 -3.85404286 -2.60356265
 -4.11459801 -4.19032319 -6.23279511 -2.85858119 -4.19032319 -2.30258509
 -4.41772146 -3.91028953 -2.30258509 -4.19032319 -4.95876184 -4.54297358]
log likelihood =  -1778.74604579
Edge derivatives =  [0.019088811582390175, -0.0037101544711385815, 0.0023526812807858066, -0.005014698375497451, -0.0028889646159442617, -0.024177413486720423, -0.0030395611823810335, -0.002024288733142747, -0.006696283215927618, -0.028667479765181136, -0.0020242887331425943, 8.59177350348156e-16, -0.005330826748133462, -0.0073575381903694045, 8.959205460078409e-16, -0.0020242887331422717, -0.01621111808793705, -0.00650709939549096]
other derivatives: [-0.04656613 -0.01218723  0.02223715  0.0007276   0.01386979  0.00334239]
Current x array =  [-0.72322541 -0.91792818 -0.46028363  0.944134   -3.05237679 -3.36292686
  0.53840028 -2.88012112 -2.85063621 -1.97302768 -3.85410649 -2.60399177
 -4.11393309 -4.19003394 -6.23553551 -2.85887818 -4.19003394 -2.30258509
 -4.41802328 -3.90987659 -2.30258509 -4.19003394 -4.95831209 -4.54355246]
log likelihood =  -1778.74599261
Edge derivatives =  [0.021220747962394704, -0.002151663353231475, -0.004832439165444569, -0.017374658852881336, -0.0022972885064805673, -0.010116981617777757, -0.006175654116404857, -0.0038663885575284385, -0.005410967543485896, -0.015127308723904331, -0.0038663885575288028, -6.059912746521671e-16, -0.004359706924681225, -0.009024891634381926, -6.31540996669838e-16, -0.0038663885575291393, -0.016479182493193443, -0.0038857116696723384]
other derivatives: [-0.00320597 -0.05625225 -0.05679794 -0.00663931  0.02414708  0.00115961]
Current x array =  [-0.7232932  -0.91778434 -0.46017058  0.94436386 -3.05278572 -3.36156888
  0.53876849 -2.88296311 -2.84932019 -1.97292043 -3.85418536 -2.60483763
 -4.1129765  -4.18960395 -6.23920701 -2.85979369 -4.18960395 -2.30258509
 -4.41851806 -3.90948035 -2.30258509 -4.18960395 -4.95819127 -4.54447044]
log likelihood =  -1778.74603133
Edge derivatives =  [-0.007599787685265369, -0.0008692271953157481, -0.012390537041801652, -0.029879958182124522, 0.00021717395321854682, 0.009450062690166211, -0.008377012356372088, -0.004424271629534883, -0.003923870681734691, 0.002797382467188081, -0.004424271629535157, 3.538320346747543e-15, -0.0033453863212988856, -0.009779435381097611, 3.565425368357647e-15, -0.004424271629535275, -0.016816756826894534, -0.0005881091787682605]
other derivatives: [ 0.0048658   0.08881216  0.27641818 -0.00725322  0.01566605 -0.00129603]
Current x array =  [-0.72326494 -0.91831306 -0.46055285  0.94443561 -3.05292684 -3.35992662
  0.5393271  -2.8864311  -2.84772414 -1.97292466 -3.85448419 -2.60601387
 -4.11223169 -4.18937063 -6.24381357 -2.86099714 -4.18937063 -2.30258509
 -4.41919774 -3.90911081 -2.30258509 -4.18937063 -4.95800228 -4.54560007]
log likelihood =  -1778.74597214
Edge derivatives =  [0.010554236992859067, -0.0016757499345894777, -0.007627018933093088, -0.022001765583206406, -0.001366144769889048, -0.0028700795562162235, -0.006990043231392077, -0.004072637845486938, -0.00485914896755024, -0.008489075377918986, -0.004072637845487049, 7.997841264576002e-16, -0.003984185826888323, -0.009303619197675948, 7.697325799134463e-16, -0.004072637845486279, -0.01660404568597336, -0.002664439761019809]
other derivatives: [-0.0001819  -0.0026148   0.06657501 -0.00684395  0.02100933  0.00031832]
Current x array =  [-0.72328273 -0.91798007 -0.46031209  0.94439042 -3.05283796 -3.36096094
  0.53897528 -2.88424691 -2.84872936 -1.97292199 -3.85429599 -2.60527306
 -4.11270078 -4.18951757 -6.24091229 -2.86023919 -4.18951757 -2.30258509
 -4.41876967 -3.90934355 -2.30258509 -4.18951757 -4.95812131 -4.54488861]
log likelihood =  -1778.74595924
Edge derivatives =  [0.0008814085581261288, -0.0019022767350202544, -0.008313257096747462, -0.02346643466865697, -0.0009709495068410401, 0.00037053564353255186, -0.007154776172433219, -0.004203137368279611, -0.004700467878773237, -0.003167978984969011, -0.004203137368279576, 2.26293500619025e-16, -0.0037237908933192877, -0.008849992275723976, 2.5327055984180264e-16, -0.0042031373682786255, -0.016017213090628913, -0.0021693960741190066]
other derivatives: [ 0.0015234   0.00111413  0.02332854 -0.00015916  0.00745786  0.00052296]
Current x array =  [-0.72329144 -0.91798331 -0.46026955  0.94429765 -3.05258726 -3.36091409
  0.53894688 -2.88427954 -2.84866571 -1.97288792 -3.8543191  -2.60547778
 -4.11263592 -4.18949528 -6.2410439  -2.86060007 -4.18949528 -2.30258509
 -4.41887701 -3.90940487 -2.30258509 -4.18949528 -4.95841729 -4.54505292]
log likelihood =  -1778.74594857
Edge derivatives =  [-0.010461690886972352, -0.0023338600242026296, -0.007418502146518319, -0.021199410673553215, -0.0002675019473958526, 0.0034091291479497604, -0.006689594807524398, -0.003913553568361483, -0.004633002882637042, 0.0020185854562262406, -0.003913553568361497, -8.996297502509377e-16, -0.0033732044088297525, -0.008029268960740552, -1.0078902687085322e-15, -0.003913553568360744, -0.015187602096029847, -0.0017589519854008858]
other derivatives: [ 0.00216005  0.00829914 -0.0125965   0.00661657 -0.00879936  0.00093223]
Current x array =  [-0.72329697 -0.91799576 -0.46023802  0.94420209 -3.05226522 -3.36098562
  0.53888785 -2.88400712 -2.84874228 -1.97297496 -3.85438086 -2.60567052
 -4.11274313 -4.18957651 -6.24081091 -2.86095351 -4.18957651 -2.30258509
 -4.41899445 -3.90954226 -2.30258509 -4.18957651 -4.95883636 -4.54518624]
log likelihood =  -1778.74593859
Edge derivatives =  [-0.015446610339117761, -0.002553258813199507, -0.005571175787574045, -0.015863796884373838, 0.0004766003541643374, 0.005445315349272908, -0.006344967554743505, -0.0035905159687620175, -0.004550459587024809, 0.005114123116455538, -0.0035905159687623645, 5.858810661701404e-17, -0.002862272728956866, -0.007576155070016171, 9.46307605442512e-17, -0.003590515968762302, -0.014467374566944906, -0.0011629420375954963]
other derivatives: [-0.00720775  0.01018634 -0.02717115  0.00957243 -0.01625722  0.00125056]
Current x array =  [-0.72328293 -0.91799208 -0.46022957  0.94416517 -3.05206453 -3.36093067
  0.53881183 -2.88397484 -2.848756   -1.97322549 -3.85446411 -2.60580406
 -4.11282291 -4.18966217 -6.24086845 -2.86116654 -4.18966217 -2.30258509
 -4.41916193 -3.90962099 -2.30258509 -4.18966217 -4.95920389 -4.54538858]
log likelihood =  -1778.74592808
Edge derivatives =  [-0.007064806449030847, -0.002561196918097197, 0.0015467802520393176, 0.00396546034029413, 0.002177616385754727, 0.008442019618448315, -0.00525692080992363, -0.002575042291934858, -0.004347426615120332, 0.011109430496510253, -0.0025750422919347433, 3.626405419945389e-16, -0.0014562177656102203, -0.005743512165280993, 3.1176098080883563e-16, -0.0025750422919349446, -0.01231221592615551, 0.00021862125917826783]
other derivatives: [ 0.12121291  0.0298769  -0.03208243  0.00582077 -0.0188038   0.00184173]
Current x array =  [-0.72344899 -0.91801681 -0.46023183  0.94415473 -3.05170933 -3.3607985
  0.53850354 -2.8839424  -2.84890489 -1.97406681 -3.85462152 -2.60598484
 -4.11309834 -4.18989913 -6.24106457 -2.86155552 -4.18989913 -2.30258509
 -4.41956884 -3.90994767 -2.30258509 -4.18989913 -4.96028794 -4.54583801]
log likelihood =  -1778.74591005
Edge derivatives =  [-0.009160289596613858, -0.0025446653723036478, 0.003778967489227514, 0.011614651387501396, 0.0029173066160354255, 0.010377835535180985, -0.005397203179035446, -0.002501659273295334, -0.004104810007064488, 0.013773761343216062, -0.0025016592732957227, 4.927083460231056e-16, -0.0006958273850391945, -0.005514144059181027, 4.667468360377289e-16, -0.0025016592732956255, -0.011551842736180647, 0.001260147134996066]
other derivatives: [-0.01427907  0.00386535 -0.02316938  0.00497948 -0.01489298  0.00193268]
Current x array =  [-0.72324978 -0.91793287 -0.46025569  0.94423461 -3.05171997 -3.3604174
  0.53845974 -2.88460782 -2.84870495 -1.97453427 -3.85471035 -2.60614471
 -4.11305117 -4.18993621 -6.24200996 -2.8617549  -4.18993621 -2.30258509
 -4.41985588 -3.90999797 -2.30258509 -4.18993621 -4.96070177 -4.54621948]
log likelihood =  -1778.7459048
Edge derivatives =  [-0.001783845036112286, -0.002270370396442201, 0.0036971557958827977, 0.011574554577919699, 0.0026034407559469563, 0.0088509272078241, -0.005496170163339503, -0.002562917477395628, -0.004096795847227217, 0.01142979829306201, -0.002562917477395364, 8.721879193954313e-16, -0.0007729585867689431, -0.0056268941163705975, 9.25902230883517e-16, -0.0025629174773953087, -0.01176625117844957, 0.001121151575765044]
other derivatives: [-0.01211902 -0.00193268 -0.00025011  0.00040927 -0.00482032  0.00172804]
Current x array =  [-0.72324868 -0.9179174  -0.46027727  0.94429394 -3.05189892 -3.36034617
  0.53847569 -2.88482643 -2.84866025 -1.974544   -3.85467871 -2.60604929
 -4.11303106 -4.18991516 -6.24224897 -2.8615935  -4.18991516 -2.30258509
 -4.41982475 -3.90998466 -2.30258509 -4.18991516 -4.96059504 -4.54617536]
log likelihood =  -1778.74589867
Edge derivatives =  [0.009713072522592459, -0.0017955560911435027, 0.004158649881735199, 0.013522837634633411, 0.002361057702316767, 0.007311586593443359, -0.005419265992925058, -0.002451845150807864, -0.0039983283247673855, 0.009010457709393904, -0.002451845150809217, -4.019919881292553e-16, -0.0005194590454390101, -0.005371093243442482, -3.669115847042064e-16, -0.0024518451508087867, -0.011571355660978366, 0.001284007011827383]
other derivatives: [-0.0017053  -0.00231921  0.01896296 -0.00595719  0.00879936  0.00106866]
Current x array =  [-0.72325551 -0.91792084 -0.46029288  0.94438382 -3.05211518 -3.36014205
  0.53847259 -2.88529425 -2.84854434 -1.97466869 -3.85465926 -2.60594615
 -4.1130518  -4.18993185 -6.24284415 -2.86142086 -4.18993185 -2.30258509
 -4.41988585 -3.91004283 -2.30258509 -4.18993185 -4.96069753 -4.54623289]
log likelihood =  -1778.74589041
Edge derivatives =  [0.015060452542333014, -0.0014427939793618914, 0.003938187856525055, 0.013753780954836842, 0.002023611768723302, 0.005417379537836567, -0.005075158729394423, -0.002194159637277898, -0.0038495480513062925, 0.006496514137761755, -0.0021941596372783596, 1.2171521025878904e-15, -9.507522522999787e-05, -0.004690943735695438, 1.2101287068217193e-15, -0.0021941596372783735, -0.010964567361219958, 0.001573933701371679]
other derivatives: [ 0.00777618 -0.00723048  0.0359023  -0.00941327  0.01625722  0.00061391]
Current x array =  [-0.72326496 -0.91790658 -0.46030739  0.94443332 -3.05224796 -3.35991146
  0.53849625 -2.88578843 -2.84839343 -1.97473528 -3.85463651 -2.60582362
 -4.11313575 -4.18998731 -6.24351713 -2.86124312 -4.18998731 -2.30258509
 -4.41999452 -3.91017932 -2.30258509 -4.18998731 -4.96101009 -4.54633196]
log likelihood =  -1778.74586704
Edge derivatives =  [0.024581559790248786, -0.0003609866217308185, 0.0024340353113660035, 0.01277555620825424, 0.0010351717415030895, 0.00018558087971773385, -0.0034816625695831445, -0.001019463111302854, -0.003303413912769745, -0.0009032169724483285, -0.001019463111302965, 1.0260399909618069e-17, 0.0016809113872552975, -0.002021397317590188, 6.368181784218172e-17, -0.0010194631113027916, -0.008405765985178526, 0.0028383837026687807]
other derivatives: [ 0.01386979  0.00632099  0.03708465 -0.01396074  0.02883098 -0.00063665]
Current x array =  [-0.72326557 -0.91796953 -0.46029525  0.94453503 -3.05253825 -3.35908365
  0.53861348 -2.88748854 -2.84781894 -1.97490764 -3.85459703 -2.60545947
 -4.11351812 -4.1902488  -6.24590447 -2.86070863 -4.1902488  -2.30258509
 -4.42044891 -3.91071283 -2.30258509 -4.1902488  -4.96232375 -4.54675795]
log likelihood =  -1778.74602693
Edge derivatives =  [-0.02593055577164094, -0.0010763118000638016, -0.005546219704515673, -0.004567858094042698, -0.0008762354144740761, -0.010667876423064535, 0.0004722974800577748, 0.001091294554097979, -0.0017779747660146635, -0.005486420902386602, 0.0010912945540984056, -8.063108979876876e-18, 0.004809692464230471, 0.006293052530149029, -7.05207890994235e-17, 0.0010912945540985305, -0.00026354769113327153, 0.005584283467699347]
other derivatives: [ 0.12710188 -0.23831035  0.33032848 -0.01007265  0.00341061 -0.00272848]
Current x array =  [-0.72344765 -0.91704132 -0.46066023  0.94425837 -3.05191259 -3.35788909
  0.53869888 -2.88964389 -2.8469466  -1.97458469 -3.85443033 -2.60496317
 -4.11443855 -4.19080689 -6.24946587 -2.86045549 -4.19080689 -2.30258509
 -4.42144224 -3.91221752 -2.30258509 -4.19080689 -4.96652435 -4.54769893]
log likelihood =  -1778.74586162
Edge derivatives =  [0.016835767820369885, -0.0004707438837652008, 0.001210540682699407, 0.01011547098382129, 0.0007421067237150109, -0.0014789799939488452, -0.0028745907716161596, -0.0006953496652890925, -0.0030689029109773917, -0.0016059604417972828, -0.0006953496652888289, 6.510988825799815e-16, 0.0021613063507285937, -0.0007445514503182718, 6.315579999065087e-16, -0.0006953496652879927, -0.007154036939344773, 0.003260009769553894]
other derivatives: [ 0.03137757 -0.03112746  0.08215011 -0.01336957  0.02498837 -0.00100044]
Current x array =  [-0.72329351 -0.91782709 -0.46035126  0.94449257 -3.05244224 -3.35890033
  0.53862658 -2.88781929 -2.84768507 -1.97485808 -3.85457145 -2.60538331
 -4.11365936 -4.19033444 -6.24645099 -2.86066978 -4.19033444 -2.30258509
 -4.42060135 -3.91094374 -2.30258509 -4.19033444 -4.96296836 -4.54690235]
log likelihood =  -1778.74584688
Edge derivatives =  [0.012832043680579108, -0.00010264723675721885, -0.0005520934941800476, 0.007124015341581524, 0.00020252558226759726, -0.003938642301821893, -0.0015041684875982918, 0.00021422581853885667, -0.002708099372499686, -0.004597881825684658, 0.0002142258185389989, 2.868753930337686e-16, 0.0034478312667989043, 0.0013622565490429075, 2.948754389464631e-16, 0.00021422581853929035, -0.004981538101648451, 0.004183348814751752]
other derivatives: [ 0.02114575 -0.0188038   0.03665264 -0.00929958  0.01930403 -0.00168257]
Current x array =  [-0.72328244 -0.91787673 -0.46029581  0.94446853 -3.05240647 -3.35843548
  0.53869435 -2.88869957 -2.84734343 -1.97486144 -3.85456107 -2.60520384
 -4.11398591 -4.19055093 -6.24778805 -2.86044757 -4.19055093 -2.30258509
 -4.42093053 -3.91135911 -2.30258509 -4.19055093 -4.96408316 -4.54720966]
log likelihood =  -1778.7458399
Edge derivatives =  [-0.002129442993517916, -0.0002648297354912732, -0.002569075089514164, 0.0023814513245431213, 0.00013240745302661033, -0.003990840385041924, -0.0002547195289957539, 0.001016567956402363, -0.0024663938544191443, -0.0037786178629022338, 0.0010165679564027516, -8.775067464229856e-17, 0.004272775204970828, 0.0032792858151043033, -6.754376086929547e-17, 0.001016567956403279, -0.0030011516924781014, 0.004855183790930497]
other derivatives: [ 0.0018872   0.01318767  0.03583409 -0.00065938  0.00163709 -0.00190994]
Current x array =  [-0.72325785 -0.91798834 -0.46030213  0.94435772 -3.05213726 -3.3582233
  0.53872828 -2.88902872 -2.8471637  -1.97473355 -3.85457221 -2.60519018
 -4.11428375 -4.19073828 -6.24843184 -2.86049459 -4.19073828 -2.30258509
 -4.42116722 -3.9117053  -2.30258509 -4.19073828 -4.96509485 -4.54742691]
log likelihood =  -1778.7458438
Edge derivatives =  [-0.005254494100213503, -0.00038411967917375243, -0.004575873022461874, -0.003238870152024842, -0.0003139265007219075, -0.0037336926034058776, -3.971202813937008e-05, 0.0008383817458206058, -0.0023795110673974474, -0.0028287001700697534, 0.0008383817458200056, 2.1353848285267761e-16, 0.004199595858737571, 0.0034577020977049136, 2.394891303695137e-16, 0.0008383817458202728, -0.0025132267781702664, 0.004611908646933047]
other derivatives: [-0.01116405 -0.02714842 -0.09106316  0.00493401 -0.00595719 -0.00186446]
Current x array =  [-0.72325795 -0.91784497 -0.46015628  0.94430039 -3.05203436 -3.35828104
  0.5387119  -2.88895802 -2.84717679 -1.97448153 -3.85452385 -2.60520494
 -4.11432302 -4.19072815 -6.24840737 -2.860561   -4.19072815 -2.30258509
 -4.42110876 -3.91176319 -2.30258509 -4.19072815 -4.96535366 -4.54734578]
log likelihood =  -1778.7458382
Edge derivatives =  [-0.003240019871223687, -0.00030722981014182776, -0.003282505418552295, 0.0003836671981531925, -2.624448614281516e-05, -0.0038993524993207046, -0.00017825864977238579, 0.0009532363685372421, -0.0024355013716559158, -0.003440836887324439, 0.0009532363685375751, -2.3626989629036077e-17, 0.004246765946877645, 0.0033427477153846683, -7.835148991509702e-19, 0.0009532363685375751, -0.002827659471728588, 0.004768707413729856]
other derivatives: [-0.00277396 -0.0013415  -0.00934506  0.00143245 -0.00115961 -0.00175078]
Current x array =  [-0.72325789 -0.91793737 -0.46025028  0.94433734 -3.05210068 -3.35824383
  0.53872246 -2.88900358 -2.84716835 -1.97464395 -3.85455502 -2.60519543
 -4.11429771 -4.19073468 -6.24842314 -2.8605182  -4.19073468 -2.30258509
 -4.42114644 -3.91172588 -2.30258509 -4.19073468 -4.96518687 -4.54739806]
  status: 0
 success: True
    nfev: 92
     fun: 1778.7458381969084
       x: array([-0.72325789, -0.91793737, -0.46025028,  0.94433734, -3.05210068,
       -3.35824383,  0.53872246, -2.88900358, -2.84716835, -1.97464395,
       -3.85455502, -2.60519543, -4.11429771, -4.19073468, -6.24842314,
       -2.8605182 , -4.19073468, -2.30258509, -4.42114644, -3.91172588,
       -2.30258509, -4.19073468, -4.96518687, -4.54739806])
 message: 'CONVERGENCE: REL_REDUCTION_OF_F_<=_FACTR*EPSMCH'
     jac: array([  2.77395884e-03,   1.34150469e-03,   9.34505806e-03,
        -1.43245416e-03,   1.15960574e-03,   1.75077730e-03,
         3.24001987e-03,   3.07229810e-04,   3.28250542e-03,
        -3.83667198e-04,   2.62444861e-05,   3.89935250e-03,
         1.78258650e-04,  -9.53236369e-04,   2.43550137e-03,
         3.44083689e-03,  -9.53236369e-04,   2.36269896e-17,
        -4.24676595e-03,  -3.34274772e-03,   7.83514899e-19,
        -9.53236369e-04,   2.82765947e-03,  -4.76870741e-03])
     nit: 81
