number of sites to be analyzed:  621
Successfully loaded parameter value from ./save/HKY_ENSG00000101327_ENSG00000181195_nonclock_save.txt
log likelihood =  -2903.85606392
Edge derivatives =  [4.940758694449432e-05, -0.032470430399227417, -0.002956033977912227, -0.005194959043263392, -0.000783417387381441, -0.0008612127625908655, -0.00042754864472938255, -0.0013019495993154724, 0.0023448512411476065, -0.0044038435083245675, -0.0013019495993190737, 0.0, -0.0007829489299235187, 0.0067127690738893395, 0.0, -0.0013019495993201891, 0.0017860309304012605, 0.0017737383776951134]
other derivatives: [-0.01582521  0.00281943  0.00122782 -0.00109139 -0.00122782]
Current x array =  [ -0.58930651  -0.84685012  -0.58706267   1.01186534 -10.88055758
  -1.05069054  -9.          -4.63697089  -3.46672035  -3.00212058
  -3.18092992  -5.59914017  -4.94388156  -5.91924103  -4.67065998
  -4.94388156  -2.30258509  -5.69931017  -4.64440791  -2.30258509
  -4.94388156  -5.3292091   -5.32923189]
log likelihood =  -2904.02666508
Edge derivatives =  [-0.3101833278455438, -0.03265831443568601, 0.046956129398100774, 0.1628182162730636, 0.03252271900882244, 0.012339881076412582, 0.0009010880128194889, 0.010706969403374077, -0.0030956401907455567, 0.04279358833182212, 0.010706969403367256, 9.661432050846057e-16, 0.002359299065265316, -0.07346636289776834, 8.362410096038821e-16, 0.010706969403366311, -0.008760154800701095, -0.009374992538863886]
other derivatives: [  2.09854079e+01  -1.14819159e+00  -4.91218088e-01   7.45967554e-01
  -1.27329258e-03]
Current x array =  [ -0.60513171  -0.84403069  -0.58583486   1.01077395 -10.8817854
  -1.05064113  -9.          -4.63992693  -3.47191531  -3.002904
  -3.18179114  -5.59956772  -4.94518351  -5.91689618  -4.67506382
  -4.94518351  -2.30258509  -5.70009312  -4.63769514  -2.30258509
  -4.94518351  -5.32742307  -5.32745815]
log likelihood =  -2903.8560637
Edge derivatives =  [-0.0003095753299310333, -0.03247064794314185, -0.0029021753636642167, -0.005011341619294174, -0.0007479779694387415, -0.0008481160893182224, -0.00042629664786038735, -0.0012891292084518755, 0.002338759179841386, -0.004352421654072791, -0.0012891292084572566, -4.086543626852959e-15, -0.0007796704625685673, 0.006624607492696891, -4.0634870968650224e-15, -0.0012891292084601744, 0.0017742272671102677, 0.0017612706885374637]
other derivatives: [ 0.00663931 -0.00127329 -0.00209184 -0.00168257 -0.00045475]
Current x array =  [ -0.58932387  -0.84684703  -0.58706133   1.01186415 -10.88055892
  -1.05069048  -9.          -4.63697414  -3.46672605  -3.00212144
  -3.18093087  -5.59914064  -4.94388298  -5.91923846  -4.67066481
  -4.94388298  -2.30258509  -5.69931103  -4.64440055  -2.30258509
  -4.94388298  -5.32920714  -5.32922995]
  status: 0
 success: True
    nfev: 3
     fun: 2903.856063700455
       x: array([ -0.58932387,  -0.84684703,  -0.58706133,   1.01186415,
       -10.88055892,  -1.05069048,  -9.        ,  -4.63697414,
        -3.46672605,  -3.00212144,  -3.18093087,  -5.59914064,
        -4.94388298,  -5.91923846,  -4.67066481,  -4.94388298,
        -2.30258509,  -5.69931103,  -4.64440055,  -2.30258509,
        -4.94388298,  -5.32920714,  -5.32922995])
 message: 'CONVERGENCE: REL_REDUCTION_OF_F_<=_FACTR*EPSMCH'
     jac: array([ -6.63931132e-03,   1.27329258e-03,   2.09183781e-03,
         1.68256520e-03,   4.54747351e-04,   3.09575330e-04,
         3.24706479e-02,   2.90217536e-03,   5.01134162e-03,
         7.47977969e-04,   8.48116089e-04,   4.26296648e-04,
         1.28912921e-03,  -2.33875918e-03,   4.35242165e-03,
         1.28912921e-03,   4.08654363e-15,   7.79670463e-04,
        -6.62460749e-03,   4.06348710e-15,   1.28912921e-03,
        -1.77422727e-03,  -1.76127069e-03])
     nit: 1
