number of sites to be analyzed:  621
Successfully loaded parameter value from ./save/HKY_ENSG00000101327_ENSG00000181195_nonclock_save.txt
log likelihood =  -2903.85606442
Edge derivatives =  [0.0003146241552584028, -0.03247040350959202, -0.00314831412556469, -0.00589670744222226, -0.0008737424677883188, -0.0009401646760323623, -0.0004508337249171856, -0.0013423171908056551, 0.002364365500083364, -0.00459172432141286, -0.0013423171908038597, 6.545055796044278e-15, -0.0007918347996888004, 0.007013603974670685, 6.469213843090208e-15, -0.0013423171908057176, 0.001825900397269398, 0.0018134728584777993]
other derivatives: [-0.01632543 -0.00063665 -0.00154614 -0.00295586 -0.00131877]
Current x array =  [ -0.58930791  -0.84684989  -0.58706155   1.01187879 -10.88055162
  -1.05069027  -9.          -4.63695936  -3.46669903  -3.00211742
  -3.18092647  -5.5991385   -4.94387661  -5.91924979  -4.67064308
  -4.94387661  -2.30258509  -5.69930724  -4.64443368  -2.30258509
  -4.94387661  -5.32921584  -5.32923858]
log likelihood =  -2904.03938945
Edge derivatives =  [-0.4724824742997956, -0.03269982353040939, 0.04772411848008488, 0.18419808786753278, 0.028022361247544002, 0.01269172299547229, -8.170631817673493e-05, 0.010809336163088741, -0.0015533859014005237, 0.04310465209406633, 0.010809336163084425, 1.8478641340365496e-15, 0.0011855736688091006, -0.07649735239069011, 1.7383784575935409e-15, 0.010809336163081594, -0.00951652310727441, -0.009997362517804398]
other derivatives: [  2.18201421e+01   5.78029358e-01   1.28484317e+00   9.81481207e-01
   4.54747351e-04]
Current x array =  [ -0.60563334  -0.84748654  -0.58860769   1.00892293 -10.88187039
  -1.05037565  -9.          -4.64010767  -3.47259573  -3.00299116
  -3.18186664  -5.59958933  -4.94521893  -5.91688542  -4.67523481
  -4.94521893  -2.30258509  -5.70009907  -4.63742008  -2.30258509
  -4.94521893  -5.32738994  -5.32742511]
log likelihood =  -2903.8560642
Edge derivatives =  [-0.0002354746746026093, -0.0324706715508685, -0.0030930388190392316, -0.005687172290791409, -0.0008433479714382505, -0.0009269279331974092, -0.0004507472774612836, -0.0013293657943934944, 0.0023598236573738017, -0.0045394019065513325, -0.001329365794390724, 4.407855809341446e-15, -0.0007898938293646046, 0.006920603497605295, 4.357877220824476e-15, -0.0013293657943904639, 0.0018129719105102974, 0.001800020807762941]
other derivatives: [ 0.00750333  0.0001819   0.00022737 -0.00391083 -0.00172804]
Current x array =  [ -0.58932602  -0.8468506   -0.58706327   1.01187551 -10.88055308
  -1.05068992  -9.          -4.63696285  -3.46670557  -3.00211839
  -3.18092751  -5.599139    -4.9438781   -5.91924717  -4.67064818
  -4.9438781   -2.30258509  -5.69930811  -4.64442591  -2.30258509
  -4.9438781   -5.32921382  -5.32923657]
  status: 0
 success: True
    nfev: 3
     fun: 2903.856064197212
       x: array([ -0.58932602,  -0.8468506 ,  -0.58706327,   1.01187551,
       -10.88055308,  -1.05068992,  -9.        ,  -4.63696285,
        -3.46670557,  -3.00211839,  -3.18092751,  -5.599139  ,
        -4.9438781 ,  -5.91924717,  -4.67064818,  -4.9438781 ,
        -2.30258509,  -5.69930811,  -4.64442591,  -2.30258509,
        -4.9438781 ,  -5.32921382,  -5.32923657])
 message: 'CONVERGENCE: REL_REDUCTION_OF_F_<=_FACTR*EPSMCH'
     jac: array([ -7.50333129e-03,  -1.81898940e-04,  -2.27373675e-04,
         3.91082722e-03,   1.72803993e-03,   2.35474675e-04,
         3.24706716e-02,   3.09303882e-03,   5.68717229e-03,
         8.43347971e-04,   9.26927933e-04,   4.50747277e-04,
         1.32936579e-03,  -2.35982366e-03,   4.53940191e-03,
         1.32936579e-03,  -4.40785581e-15,   7.89893829e-04,
        -6.92060350e-03,  -4.35787722e-15,   1.32936579e-03,
        -1.81297191e-03,  -1.80002081e-03])
     nit: 1
