number of sites to be analyzed:  152
Successfully loaded parameter value from ./save/MG94_ENSG00000145721_ENSG00000271601_nonclock_save.txt
log likelihood =  -1625.67922832
Edge derivatives =  [-0.0052934887782508655, -0.008901634119726099, 0.0009862106514154367, 0.00556104337252375, 0.006069655985027879, 0.008926913298877848, -0.005977562403124235, -0.002509140322592137, 0.006304041753593166, 0.0005748312289409752, -0.002509140322592692, -3.0743615334449096e-16, -0.00027166080348075427, -0.005952202274165654, -3.4246486871308073e-16, -0.002509140322594597, 0.0025594728422468765, 0.006827408798709972]
other derivatives: [ 0.01741682  0.00552518  0.01236913 -0.00345608 -0.00857199 -0.00013642]
Current x array =  [ -0.61784605  -0.71417628  -0.61697055   0.81266407  -1.85310195
 -13.16698737  -0.09118102  -9.          -3.26414228  -2.39008589
  -3.51383901  -3.14922395  -5.71902958  -5.3924369   -5.69743865
  -4.59615076  -5.3924369   -2.30258509 -13.90325276  -4.99911556
  -2.30258509  -5.3924369   -4.3066277   -5.70243176]
log likelihood =  -1625.85267441
Edge derivatives =  [0.6621175974982595, -0.008881002496792368, -0.07731212808994793, -0.11118920976792185, -0.06483075449831999, -0.12285358861501916, -0.0013336734477126817, -0.0015918214807082998, -0.0014225086639165687, -0.006678351194542076, -0.0015918214807081454, 3.659935614535668e-27, -0.0002720969196484148, 0.0024647302060945217, 1.8008401270341287e-27, -0.0015918214807095175, -0.01479493961834992, -0.0016622627351839808]
other derivatives: [ -1.49244215e+01  -2.32421371e+00  -5.51758603e+00   1.89697857e-01
   4.10204848e-01   2.27373675e-05]
Current x array =  [ -0.60042922  -0.7086511   -0.60460142   0.80920799  -1.86167394
 -13.16712379  -0.09647451  -9.          -3.26315607  -2.38452484
  -3.50776936  -3.14029704  -5.72500714  -5.39494604  -5.69113461
  -4.59557593  -5.39494604  -2.30258509 -13.90352442  -5.00506776
  -2.30258509  -5.39494604  -4.30406823  -5.69560435]
log likelihood =  -1625.67922705
Edge derivatives =  [-0.0035077618301003755, -0.008901580493961284, 0.0007744955561018868, 0.005245538880717715, 0.005878528454547949, 0.008572744313451564, -0.005965176144220345, -0.002506717238242216, 0.006283221272718126, 0.0005551389213350744, -0.0025067172382422214, 8.338166870259127e-16, -0.00027166199605037957, -0.00592958082667399, 8.054675684451445e-16, -0.002506717238244258, 0.002512523781753973, 0.0068045475732182075]
other derivatives: [ -2.15322871e-02  -6.13908924e-04  -2.20552465e-03  -2.88764568e-03
  -7.29869498e-03  -6.82121026e-05]
Current x array =  [ -0.61779907  -0.71416138  -0.61693719   0.81265475  -1.85312507
 -13.16698773  -0.09119529  -9.          -3.26413962  -2.39007089
  -3.51382264  -3.14919987  -5.7190457   -5.39244366  -5.69742165
  -4.59614921  -5.39244366  -2.30258509 -13.90325349  -4.99913161
  -2.30258509  -5.39244366  -4.3066208   -5.70241335]
  status: 0
 success: True
    nfev: 3
     fun: 1625.6792270534604
       x: array([ -0.61779907,  -0.71416138,  -0.61693719,   0.81265475,
        -1.85312507, -13.16698773,  -0.09119529,  -9.        ,
        -3.26413962,  -2.39007089,  -3.51382264,  -3.14919987,
        -5.7190457 ,  -5.39244366,  -5.69742165,  -4.59614921,
        -5.39244366,  -2.30258509, -13.90325349,  -4.99913161,
        -2.30258509,  -5.39244366,  -4.3066208 ,  -5.70241335])
 message: 'CONVERGENCE: REL_REDUCTION_OF_F_<=_FACTR*EPSMCH'
     jac: array([  2.15322871e-02,   6.13908924e-04,   2.20552465e-03,
         2.88764568e-03,   7.29869498e-03,   6.82121026e-05,
         3.50776183e-03,   8.90158049e-03,  -7.74495556e-04,
        -5.24553888e-03,  -5.87852845e-03,  -8.57274431e-03,
         5.96517614e-03,   2.50671724e-03,  -6.28322127e-03,
        -5.55138921e-04,   2.50671724e-03,  -8.33816687e-16,
         2.71661996e-04,   5.92958083e-03,  -8.05467568e-16,
         2.50671724e-03,  -2.51252378e-03,  -6.80454757e-03])
     nit: 1
