number of sites to be analyzed:  111
Successfully loaded parameter value from ./save/MG94_ENSG00000185432_ENSG00000170439_nonclock_save.txt
log likelihood =  -1492.30495755
Edge derivatives =  [0.002007014490115533, -0.0005247953975490716, -0.00045180687671717663, -0.0033895554013845253, -0.003966123666244076, -0.004236226339351196, 0.0005481938990804479, -0.0007510997657995226, -0.0010575526009099752, -0.003249833012907183, -0.0007510997657991896, 1.2799515015606208e-15, -0.00901207350112649, -0.005255789141587225, 1.2839339419877634e-15, -0.0007510997658000083, -0.003774591478756917, 0.003094852116925617]
other derivatives: [-0.1087983   0.00636646  0.03526566  0.01232365  0.00611635  0.0001819 ]
Current x array =  [ -0.57345358  -0.97595914  -0.50163094   1.13631108  -1.24580541
  -1.16751203  -0.79546337  -1.4317383   -9.26254989  -1.40341855
  -3.70057067  -2.2644206   -4.44457715  -4.51601389 -10.38025452
  -3.52460193  -4.51601389  -2.30258509  -5.27912338  -2.87764901
  -2.30258509  -4.51601389  -3.44147229  -2.82695682]
log likelihood =  -1496.0590414
Edge derivatives =  [0.1987694241877257, -0.005264539305620375, -0.00018330869808514457, 0.5273745651382837, -0.02620825297254354, 0.26529424169424687, 0.00907718061082224, 0.006349796534842075, -0.0008925860066226182, 0.025682106770542, 0.006349796534842196, -3.8415016900361657e-16, 0.015340316278566836, 0.13691846441762057, -4.2522666759618174e-16, 0.006349796534841426, 0.06403747710225234, -0.016099465766858084]
other derivatives: [  6.19575758e+01   9.43236955e-01  -1.10061592e+01   2.90924618e-01
   1.83285920e-01   6.75299816e-03]
Current x array =  [ -0.68225188  -0.96959268  -0.46636528   1.14863473  -1.23968905
  -1.16733013  -0.79345636  -1.4322631   -9.2630017   -1.40680811
  -3.70453679  -2.26865683  -4.44402895  -4.51676499 -10.38131207
  -3.52785176  -4.51676499  -2.30258509  -5.28813546  -2.8829048
  -2.30258509  -4.51676499  -3.44524688  -2.82386197]
log likelihood =  -1492.30494677
Edge derivatives =  [0.0020276222924816567, -0.0006366189900127162, -0.0004516055624338291, -0.0027146152917820743, -0.004040896535249271, -0.0038677283121013317, 0.0005535636702887307, -0.0007477540528339176, -0.0010573391482992902, -0.0032237560814414173, -0.0007477540528338204, 8.4702925523695835e-16, -0.008975788594648074, -0.0050675347693446005, 8.899528575267265e-16, -0.0007477540528331855, -0.0036904347797796916, 0.003020184979344809]
other derivatives: [ 0.0122327   0.00818545  0.01932676  0.01282388  0.006753    0.00029559]
Current x array =  [ -0.57362993  -0.97594882  -0.50157377   1.13633106  -1.24579549
  -1.16751174  -0.79546012  -1.43173915  -9.26255062  -1.40342405
  -3.7005771   -2.26442747  -4.44457626  -4.51601511 -10.38025623
  -3.5246072   -4.51601511  -2.30258509  -5.27913799  -2.87765753
  -2.30258509  -4.51601511  -3.44147841  -2.8269518 ]
log likelihood =  -1492.3049456
Edge derivatives =  [0.0018585381863259753, -0.0006390791390830097, -0.00045169664550016506, -0.0024634796224478617, -0.003985667387370571, -0.00373394840469754, 0.0005535634759170731, -0.0007437846228064982, -0.0010572816619513368, -0.0031956647097302893, -0.0007437846228065259, 4.4398719438647745e-17, -0.008969156377923587, -0.0049627897819241595, 4.43997552850693e-17, -0.0007437846228074523, -0.003643855154978906, 0.0029570910804107287]
other derivatives: [ 0.00593445  0.00532054  0.00663931  0.01207354  0.00591172  0.00022737]
Current x array =  [ -0.57362321  -0.97593614  -0.50154175   1.13635116  -1.24578494
  -1.16751128  -0.79545693  -1.43174014  -9.26255133  -1.40342838
  -3.70058344  -2.26443359  -4.44457539  -4.51601629 -10.3802579
  -3.52461227  -4.51601629  -2.30258509  -5.2791521   -2.87766552
  -2.30258509  -4.51601629  -3.44148422  -2.82694705]
  status: 0
 success: True
    nfev: 4
     fun: 1492.30494560118
       x: array([ -0.57362321,  -0.97593614,  -0.50154175,   1.13635116,
        -1.24578494,  -1.16751128,  -0.79545693,  -1.43174014,
        -9.26255133,  -1.40342838,  -3.70058344,  -2.26443359,
        -4.44457539,  -4.51601629, -10.3802579 ,  -3.52461227,
        -4.51601629,  -2.30258509,  -5.2791521 ,  -2.87766552,
        -2.30258509,  -4.51601629,  -3.44148422,  -2.82694705])
 message: 'CONVERGENCE: REL_REDUCTION_OF_F_<=_FACTR*EPSMCH'
     jac: array([ -5.93445293e-03,  -5.32054401e-03,  -6.63931132e-03,
        -1.20735422e-02,  -5.91171556e-03,  -2.27373675e-04,
        -1.85853819e-03,   6.39079139e-04,   4.51696646e-04,
         2.46347962e-03,   3.98566739e-03,   3.73394840e-03,
        -5.53563476e-04,   7.43784623e-04,   1.05728166e-03,
         3.19566471e-03,   7.43784623e-04,  -4.43987194e-17,
         8.96915638e-03,   4.96278978e-03,  -4.43997553e-17,
         7.43784623e-04,   3.64385515e-03,  -2.95709108e-03])
     nit: 2
