number of sites to be analyzed:  64
Successfully loaded parameter value from ./save/MG94_ENSG00000163584_ENSG00000116251_nonclock_save.txt
log likelihood =  -760.335358986
Edge derivatives =  [-0.0034415127316141936, -0.00454624870669634, -0.0027756509072307534, -0.0018426234465562033, -0.0011877587413592489, 0.004170257625579543, 0.0024023838131489606, 4.430807571667583e-05, 0.0017952750856455382, -1.0856318982492478e-05, 4.430807571611378e-05, 5.261006270292286e-17, 0.0007259945854634839, 0.0006000769955407104, 5.982758489315502e-17, 4.4308075716155415e-05, -1.0821271398445647e-05, -0.00021813657405389542]
other derivatives: [ -2.56932253e-02  -2.74440026e-02   1.11413101e-03   6.59383659e-04
   1.90993887e-03  -6.82121026e-05]
Current x array =  [ -0.53490747  -0.54419013  -0.96614519   1.06714456  -1.49160533
 -12.64213686  -0.27807274  -9.          -3.09366879  -2.54218707
  -5.18190588  -2.72747892  -4.89434359  -4.15661438  -4.17725232
 -16.29612559  -4.15661438  -2.30258509  -4.87018795  -4.88204095
  -2.30258509  -4.15661438 -16.29760134  -2.11275666]
log likelihood =  -760.579256443
Edge derivatives =  [0.5561489407574353, -0.00450795260848257, 0.05750630488573105, 0.10023148149709851, -0.0018704034263608421, 0.046002513872839934, 0.0071114545338716445, 0.015838748479948206, 0.013741860556187598, -1.0778913139976082e-05, 0.015838748479941073, 5.9332454008128e-16, 0.007806224023033111, 0.0075737368178274075, 6.52023625874788e-16, 0.01583874847994813, -1.07317563233735e-05, 0.11500883766382797]
other derivatives: [  1.08928930e+01   7.22317282e+00  -3.67913344e-01  -3.24007488e-02
  -3.12525117e-02  -4.54747351e-05]
Current x array =  [ -0.56060069  -0.57163413  -0.96503106   1.06780395  -1.48969539
 -12.64220507  -0.28151425  -9.          -3.09644444  -2.54402969
  -5.18309364  -2.72330866  -4.89194121  -4.15657007  -4.17545705
 -16.29613645  -4.15657007  -2.30258509  -4.86946196  -4.88144088
  -2.30258509  -4.15657007 -16.29761216  -2.1129748 ]
log likelihood =  -760.335356858
Edge derivatives =  [-0.0017458599779036632, -0.004546131637538962, -0.0025934412670809426, -0.0015331472826617329, -0.0011891555121195246, 0.004302558895284303, 0.002417197917162406, 9.268237689802339e-05, 0.0018324181122696334, -1.085608141994667e-05, 9.268237689767644e-05, 2.1436339168883805e-16, 0.0007478128315374921, 0.0006215239007719905, 2.0684581937856823e-16, 9.268237689750991e-05, -1.0820997716286424e-05, 0.00013462902734046045]
other derivatives: [  7.48059392e-03  -5.16138243e-03  -2.27373675e-05   5.57065505e-04
   1.85309545e-03  -5.68434189e-05]
Current x array =  [ -0.53498184  -0.54426957  -0.96614197   1.06714647  -1.4915998
 -12.64213706  -0.2780827   -9.          -3.09367683  -2.5421924
  -5.18190932  -2.72746685  -4.89433664  -4.15661425  -4.17724712
 -16.29612562  -4.15661425  -2.30258509  -4.87018585  -4.88203922
  -2.30258509  -4.15661425 -16.29760137  -2.11275729]
log likelihood =  -760.33535662
Edge derivatives =  [-0.0013324838858539412, -0.004546141043741785, -0.0025361659403714265, -0.0014607987645918752, -0.0011812842164183462, 0.004229043388566334, 0.002411450150539377, 9.909615613946932e-05, 0.0018283658120250845, -1.0856049314267702e-05, 9.909615613929584e-05, -5.1685542906856075e-17, 0.0007491962676601654, 0.0006225144641472218, -5.91520654265793e-17, 9.90961561391085e-05, -1.082096533077701e-05, 0.00017561021563144985]
other derivatives: [  1.28466127e-03   5.57065505e-04   1.70530257e-04   4.32009983e-04
   1.63709046e-03  -5.68434189e-05]
Current x array =  [ -0.53496792  -0.54428966  -0.96614177   1.06714811  -1.49159443
 -12.64213722  -0.27808814  -9.          -3.09368437  -2.5421969
  -5.18191276  -2.72745444  -4.89432966  -4.15661399  -4.17724184
 -16.29612565  -4.15661399  -2.30258509  -4.87018369  -4.88203743
  -2.30258509  -4.15661399 -16.2976014   -2.11275698]
  status: 0
 success: True
    nfev: 4
     fun: 760.3353566200705
       x: array([ -0.53496792,  -0.54428966,  -0.96614177,   1.06714811,
        -1.49159443, -12.64213722,  -0.27808814,  -9.        ,
        -3.09368437,  -2.5421969 ,  -5.18191276,  -2.72745444,
        -4.89432966,  -4.15661399,  -4.17724184, -16.29612565,
        -4.15661399,  -2.30258509,  -4.87018369,  -4.88203743,
        -2.30258509,  -4.15661399, -16.2976014 ,  -2.11275698])
 message: 'CONVERGENCE: REL_REDUCTION_OF_F_<=_FACTR*EPSMCH'
     jac: array([ -1.28466127e-03,  -5.57065505e-04,  -1.70530257e-04,
        -4.32009983e-04,  -1.63709046e-03,   5.68434189e-05,
         1.33248389e-03,   4.54614104e-03,   2.53616594e-03,
         1.46079876e-03,   1.18128422e-03,  -4.22904339e-03,
        -2.41145015e-03,  -9.90961561e-05,  -1.82836581e-03,
         1.08560493e-05,  -9.90961561e-05,   5.16855429e-17,
        -7.49196268e-04,  -6.22514464e-04,   5.91520654e-17,
        -9.90961561e-05,   1.08209653e-05,  -1.75610216e-04])
     nit: 2
